# JRE version: Java(TM) SE Runtime Environment (8.0_65-b17) (build 1.8.0_65-b17)
# Java VM: Java HotSpot(TM) 64-Bit Server VM (25.65-b01 mixed mode windows-amd64 compressed oops)
Heap:
 PSYoungGen      total 104448K, used 4236K [0x000000076b800000, 0x000000077a800000, 0x00000007c0000000)
  eden space 103936K, 3% used [0x000000076b800000,0x000000076bc0b320,0x0000000771d80000)
  from space 512K, 18% used [0x000000077a700000,0x000000077a718000,0x000000077a780000)
  to   space 512K, 0% used [0x000000077a780000,0x000000077a780000,0x000000077a800000)
 ParOldGen       total 173568K, used 1268K [0x00000006c2800000, 0x00000006cd180000, 0x000000076b800000)
  object space 173568K, 0% used [0x00000006c2800000,0x00000006c293d060,0x00000006cd180000)
 Metaspace       used 7985K, capacity 8550K, committed 8704K, reserved 1056768K
  class space    used 642K, capacity 658K, committed 768K, reserved 1048576K
GC Heap History (10 events):
Event: 18.282 GC heap before
{Heap before GC invocations=344 (full 0):
 PSYoungGen      total 124928K, used 124480K [0x000000076b800000, 0x000000077a800000, 0x00000007c0000000)
  eden space 124416K, 100% used [0x000000076b800000,0x0000000773180000,0x0000000773180000)
  from space 512K, 12% used [0x000000077a700000,0x000000077a710000,0x000000077a780000)
  to   space 512K, 0% used [0x000000077a780000,0x000000077a780000,0x000000077a800000)
 ParOldGen       total 173568K, used 1260K [0x00000006c2800000, 0x00000006cd180000, 0x000000076b800000)
  object space 173568K, 0% used [0x00000006c2800000,0x00000006c293b060,0x00000006cd180000)
 Metaspace       used 7985K, capacity 8550K, committed 8704K, reserved 1056768K
  class space    used 642K, capacity 658K, committed 768K, reserved 1048576K
Event: 18.283 GC heap after
Heap after GC invocations=344 (full 0):
 PSYoungGen      total 121344K, used 64K [0x000000076b800000, 0x000000077a800000, 0x00000007c0000000)
  eden space 120832K, 0% used [0x000000076b800000,0x000000076b800000,0x0000000772e00000)
  from space 512K, 12% used [0x000000077a780000,0x000000077a790000,0x000000077a800000)
  to   space 512K, 0% used [0x000000077a700000,0x000000077a700000,0x000000077a780000)
 ParOldGen       total 173568K, used 1260K [0x00000006c2800000, 0x00000006cd180000, 0x000000076b800000)
  object space 173568K, 0% used [0x00000006c2800000,0x00000006c293b060,0x00000006cd180000)
 Metaspace       used 7985K, capacity 8550K, committed 8704K, reserved 1056768K
  class space    used 642K, capacity 658K, committed 768K, reserved 1048576K
}
Event: 18.335 GC heap before
{Heap before GC invocations=345 (full 0):
 PSYoungGen      total 121344K, used 120896K [0x000000076b800000, 0x000000077a800000, 0x00000007c0000000)
  eden space 120832K, 100% used [0x000000076b800000,0x0000000772e00000,0x0000000772e00000)
  from space 512K, 12% used [0x000000077a780000,0x000000077a790000,0x000000077a800000)
  to   space 512K, 0% used [0x000000077a700000,0x000000077a700000,0x000000077a780000)
 ParOldGen       total 173568K, used 1260K [0x00000006c2800000, 0x00000006cd180000, 0x000000076b800000)
  object space 173568K, 0% used [0x00000006c2800000,0x00000006c293b060,0x00000006cd180000)
 Metaspace       used 7985K, capacity 8550K, committed 8704K, reserved 1056768K
  class space    used 642K, capacity 658K, committed 768K, reserved 1048576K
Event: 18.335 GC heap after
Heap after GC invocations=345 (full 0):
 PSYoungGen      total 117760K, used 64K [0x000000076b800000, 0x000000077a800000, 0x00000007c0000000)
  eden space 117248K, 0% used [0x000000076b800000,0x000000076b800000,0x0000000772a80000)
  from space 512K, 12% used [0x000000077a700000,0x000000077a710000,0x000000077a780000)
  to   space 512K, 0% used [0x000000077a780000,0x000000077a780000,0x000000077a800000)
 ParOldGen       total 173568K, used 1260K [0x00000006c2800000, 0x00000006cd180000, 0x000000076b800000)
  object space 173568K, 0% used [0x00000006c2800000,0x00000006c293b060,0x00000006cd180000)
 Metaspace       used 7985K, capacity 8550K, committed 8704K, reserved 1056768K
  class space    used 642K, capacity 658K, committed 768K, reserved 1048576K
}
Event: 18.384 GC heap before
{Heap before GC invocations=346 (full 0):
 PSYoungGen      total 117760K, used 117312K [0x000000076b800000, 0x000000077a800000, 0x00000007c0000000)
  eden space 117248K, 100% used [0x000000076b800000,0x0000000772a80000,0x0000000772a80000)
  from space 512K, 12% used [0x000000077a700000,0x000000077a710000,0x000000077a780000)
  to   space 512K, 0% used [0x000000077a780000,0x000000077a780000,0x000000077a800000)
 ParOldGen       total 173568K, used 1260K [0x00000006c2800000, 0x00000006cd180000, 0x000000076b800000)
  object space 173568K, 0% used [0x00000006c2800000,0x00000006c293b060,0x00000006cd180000)
 Metaspace       used 7985K, capacity 8550K, committed 8704K, reserved 1056768K
  class space    used 642K, capacity 658K, committed 768K, reserved 1048576K
Event: 18.384 GC heap after
Heap after GC invocations=346 (full 0):
 PSYoungGen      total 114176K, used 32K [0x000000076b800000, 0x000000077a800000, 0x00000007c0000000)
  eden space 113664K, 0% used [0x000000076b800000,0x000000076b800000,0x0000000772700000)
  from space 512K, 6% used [0x000000077a780000,0x000000077a788000,0x000000077a800000)
  to   space 512K, 0% used [0x000000077a700000,0x000000077a700000,0x000000077a780000)
 ParOldGen       total 173568K, used 1260K [0x00000006c2800000, 0x00000006cd180000, 0x000000076b800000)
  object space 173568K, 0% used [0x00000006c2800000,0x00000006c293b060,0x00000006cd180000)
 Metaspace       used 7985K, capacity 8550K, committed 8704K, reserved 1056768K
  class space    used 642K, capacity 658K, committed 768K, reserved 1048576K
}
Event: 18.433 GC heap before
{Heap before GC invocations=347 (full 0):
 PSYoungGen      total 114176K, used 113696K [0x000000076b800000, 0x000000077a800000, 0x00000007c0000000)
  eden space 113664K, 100% used [0x000000076b800000,0x0000000772700000,0x0000000772700000)
  from space 512K, 6% used [0x000000077a780000,0x000000077a788000,0x000000077a800000)
  to   space 512K, 0% used [0x000000077a700000,0x000000077a700000,0x000000077a780000)
 ParOldGen       total 173568K, used 1260K [0x00000006c2800000, 0x00000006cd180000, 0x000000076b800000)
  object space 173568K, 0% used [0x00000006c2800000,0x00000006c293b060,0x00000006cd180000)
 Metaspace       used 7985K, capacity 8550K, committed 8704K, reserved 1056768K
  class space    used 642K, capacity 658K, committed 768K, reserved 1048576K
Event: 18.434 GC heap after
Heap after GC invocations=347 (full 0):
 PSYoungGen      total 110592K, used 64K [0x000000076b800000, 0x000000077a800000, 0x00000007c0000000)
  eden space 110080K, 0% used [0x000000076b800000,0x000000076b800000,0x0000000772380000)
  from space 512K, 12% used [0x000000077a700000,0x000000077a710000,0x000000077a780000)
  to   space 512K, 0% used [0x000000077a780000,0x000000077a780000,0x000000077a800000)
 ParOldGen       total 173568K, used 1260K [0x00000006c2800000, 0x00000006cd180000, 0x000000076b800000)
  object space 173568K, 0% used [0x00000006c2800000,0x00000006c293b060,0x00000006cd180000)
 Metaspace       used 7985K, capacity 8550K, committed 8704K, reserved 1056768K
  class space    used 642K, capacity 658K, committed 768K, reserved 1048576K
}
Event: 18.482 GC heap before
{Heap before GC invocations=348 (full 0):
 PSYoungGen      total 110592K, used 110144K [0x000000076b800000, 0x000000077a800000, 0x00000007c0000000)
  eden space 110080K, 100% used [0x000000076b800000,0x0000000772380000,0x0000000772380000)
  from space 512K, 12% used [0x000000077a700000,0x000000077a710000,0x000000077a780000)
  to   space 512K, 0% used [0x000000077a780000,0x000000077a780000,0x000000077a800000)
 ParOldGen       total 173568K, used 1260K [0x00000006c2800000, 0x00000006cd180000, 0x000000076b800000)
  object space 173568K, 0% used [0x00000006c2800000,0x00000006c293b060,0x00000006cd180000)
 Metaspace       used 7985K, capacity 8550K, committed 8704K, reserved 1056768K
  class space    used 642K, capacity 658K, committed 768K, reserved 1048576K
Event: 18.482 GC heap after
Heap after GC invocations=348 (full 0):
 PSYoungGen      total 107520K, used 32K [0x000000076b800000, 0x000000077a800000, 0x00000007c0000000)
  eden space 107008K, 0% used [0x000000076b800000,0x000000076b800000,0x0000000772080000)
  from space 512K, 6% used [0x000000077a780000,0x000000077a788000,0x000000077a800000)
  to   space 512K, 0% used [0x000000077a700000,0x000000077a700000,0x000000077a780000)
 ParOldGen       total 173568K, used 1268K [0x00000006c2800000, 0x00000006cd180000, 0x000000076b800000)
  object space 173568K, 0% used [0x00000006c2800000,0x00000006c293d060,0x00000006cd180000)
 Metaspace       used 7985K, capacity 8550K, committed 8704K, reserved 1056768K
  class space    used 642K, capacity 658K, committed 768K, reserved 1048576K
}

