# JRE version: Java(TM) SE Runtime Environment (8.0_65-b17) (build 1.8.0_65-b17)
# Java VM: Java HotSpot(TM) 64-Bit Server VM (25.65-b01 mixed mode windows-amd64 compressed oops)
Heap:
 PSYoungGen      total 201216K, used 146205K [0x000000076b800000, 0x000000078a680000, 0x00000007c0000000)
  eden space 200192K, 72% used [0x000000076b800000,0x00000007746af4c0,0x0000000777b80000)
  from space 1024K, 9% used [0x000000078a480000,0x000000078a498000,0x000000078a580000)
  to   space 1024K, 0% used [0x000000078a580000,0x000000078a580000,0x000000078a680000)
 ParOldGen       total 173568K, used 2474K [0x00000006c2800000, 0x00000006cd180000, 0x000000076b800000)
  object space 173568K, 1% used [0x00000006c2800000,0x00000006c2a6aa48,0x00000006cd180000)
 Metaspace       used 7952K, capacity 8550K, committed 8704K, reserved 1056768K
  class space    used 641K, capacity 658K, committed 768K, reserved 1048576K
GC Heap History (10 events):
Event: 7.340 GC heap before
{Heap before GC invocations=27 (full 0):
 PSYoungGen      total 243200K, used 242752K [0x000000076b800000, 0x000000078a800000, 0x00000007c0000000)
  eden space 242688K, 100% used [0x000000076b800000,0x000000077a500000,0x000000077a500000)
  from space 512K, 12% used [0x000000078a780000,0x000000078a790000,0x000000078a800000)
  to   space 1536K, 0% used [0x000000078a500000,0x000000078a500000,0x000000078a680000)
 ParOldGen       total 173568K, used 2474K [0x00000006c2800000, 0x00000006cd180000, 0x000000076b800000)
  object space 173568K, 1% used [0x00000006c2800000,0x00000006c2a6aa48,0x00000006cd180000)
 Metaspace       used 7948K, capacity 8550K, committed 8704K, reserved 1056768K
  class space    used 641K, capacity 658K, committed 768K, reserved 1048576K
Event: 7.340 GC heap after
Heap after GC invocations=27 (full 0):
 PSYoungGen      total 235008K, used 64K [0x000000076b800000, 0x000000078a800000, 0x00000007c0000000)
  eden space 233472K, 0% used [0x000000076b800000,0x000000076b800000,0x0000000779c00000)
  from space 1536K, 4% used [0x000000078a500000,0x000000078a510000,0x000000078a680000)
  to   space 1536K, 0% used [0x000000078a680000,0x000000078a680000,0x000000078a800000)
 ParOldGen       total 173568K, used 2474K [0x00000006c2800000, 0x00000006cd180000, 0x000000076b800000)
  object space 173568K, 1% used [0x00000006c2800000,0x00000006c2a6aa48,0x00000006cd180000)
 Metaspace       used 7948K, capacity 8550K, committed 8704K, reserved 1056768K
  class space    used 641K, capacity 658K, committed 768K, reserved 1048576K
}
Event: 7.522 GC heap before
{Heap before GC invocations=28 (full 0):
 PSYoungGen      total 235008K, used 233536K [0x000000076b800000, 0x000000078a800000, 0x00000007c0000000)
  eden space 233472K, 100% used [0x000000076b800000,0x0000000779c00000,0x0000000779c00000)
  from space 1536K, 4% used [0x000000078a500000,0x000000078a510000,0x000000078a680000)
  to   space 1536K, 0% used [0x000000078a680000,0x000000078a680000,0x000000078a800000)
 ParOldGen       total 173568K, used 2474K [0x00000006c2800000, 0x00000006cd180000, 0x000000076b800000)
  object space 173568K, 1% used [0x00000006c2800000,0x00000006c2a6aa48,0x00000006cd180000)
 Metaspace       used 7948K, capacity 8550K, committed 8704K, reserved 1056768K
  class space    used 641K, capacity 658K, committed 768K, reserved 1048576K
Event: 7.523 GC heap after
Heap after GC invocations=28 (full 0):
 PSYoungGen      total 225280K, used 64K [0x000000076b800000, 0x000000078a700000, 0x00000007c0000000)
  eden space 224768K, 0% used [0x000000076b800000,0x000000076b800000,0x0000000779380000)
  from space 512K, 12% used [0x000000078a680000,0x000000078a690000,0x000000078a700000)
  to   space 1536K, 0% used [0x000000078a400000,0x000000078a400000,0x000000078a580000)
 ParOldGen       total 173568K, used 2474K [0x00000006c2800000, 0x00000006cd180000, 0x000000076b800000)
  object space 173568K, 1% used [0x00000006c2800000,0x00000006c2a6aa48,0x00000006cd180000)
 Metaspace       used 7948K, capacity 8550K, committed 8704K, reserved 1056768K
  class space    used 641K, capacity 658K, committed 768K, reserved 1048576K
}
Event: 7.694 GC heap before
{Heap before GC invocations=29 (full 0):
 PSYoungGen      total 225280K, used 224832K [0x000000076b800000, 0x000000078a700000, 0x00000007c0000000)
  eden space 224768K, 100% used [0x000000076b800000,0x0000000779380000,0x0000000779380000)
  from space 512K, 12% used [0x000000078a680000,0x000000078a690000,0x000000078a700000)
  to   space 1536K, 0% used [0x000000078a400000,0x000000078a400000,0x000000078a580000)
 ParOldGen       total 173568K, used 2474K [0x00000006c2800000, 0x00000006cd180000, 0x000000076b800000)
  object space 173568K, 1% used [0x00000006c2800000,0x00000006c2a6aa48,0x00000006cd180000)
 Metaspace       used 7948K, capacity 8550K, committed 8704K, reserved 1056768K
  class space    used 641K, capacity 658K, committed 768K, reserved 1048576K
Event: 7.694 GC heap after
Heap after GC invocations=29 (full 0):
 PSYoungGen      total 217600K, used 64K [0x000000076b800000, 0x000000078a700000, 0x00000007c0000000)
  eden space 216064K, 0% used [0x000000076b800000,0x000000076b800000,0x0000000778b00000)
  from space 1536K, 4% used [0x000000078a400000,0x000000078a410000,0x000000078a580000)
  to   space 1024K, 0% used [0x000000078a600000,0x000000078a600000,0x000000078a700000)
 ParOldGen       total 173568K, used 2474K [0x00000006c2800000, 0x00000006cd180000, 0x000000076b800000)
  object space 173568K, 1% used [0x00000006c2800000,0x00000006c2a6aa48,0x00000006cd180000)
 Metaspace       used 7948K, capacity 8550K, committed 8704K, reserved 1056768K
  class space    used 641K, capacity 658K, committed 768K, reserved 1048576K
}
Event: 7.928 GC heap before
{Heap before GC invocations=30 (full 0):
 PSYoungGen      total 217600K, used 216128K [0x000000076b800000, 0x000000078a700000, 0x00000007c0000000)
  eden space 216064K, 100% used [0x000000076b800000,0x0000000778b00000,0x0000000778b00000)
  from space 1536K, 4% used [0x000000078a400000,0x000000078a410000,0x000000078a580000)
  to   space 1024K, 0% used [0x000000078a600000,0x000000078a600000,0x000000078a700000)
 ParOldGen       total 173568K, used 2474K [0x00000006c2800000, 0x00000006cd180000, 0x000000076b800000)
  object space 173568K, 1% used [0x00000006c2800000,0x00000006c2a6aa48,0x00000006cd180000)
 Metaspace       used 7948K, capacity 8550K, committed 8704K, reserved 1056768K
  class space    used 641K, capacity 658K, committed 768K, reserved 1048576K
Event: 7.928 GC heap after
Heap after GC invocations=30 (full 0):
 PSYoungGen      total 208384K, used 96K [0x000000076b800000, 0x000000078a680000, 0x00000007c0000000)
  eden space 207872K, 0% used [0x000000076b800000,0x000000076b800000,0x0000000778300000)
  from space 512K, 18% used [0x000000078a600000,0x000000078a618000,0x000000078a680000)
  to   space 1024K, 0% used [0x000000078a480000,0x000000078a480000,0x000000078a580000)
 ParOldGen       total 173568K, used 2474K [0x00000006c2800000, 0x00000006cd180000, 0x000000076b800000)
  object space 173568K, 1% used [0x00000006c2800000,0x00000006c2a6aa48,0x00000006cd180000)
 Metaspace       used 7948K, capacity 8550K, committed 8704K, reserved 1056768K
  class space    used 641K, capacity 658K, committed 768K, reserved 1048576K
}
Event: 8.089 GC heap before
{Heap before GC invocations=31 (full 0):
 PSYoungGen      total 208384K, used 207968K [0x000000076b800000, 0x000000078a680000, 0x00000007c0000000)
  eden space 207872K, 100% used [0x000000076b800000,0x0000000778300000,0x0000000778300000)
  from space 512K, 18% used [0x000000078a600000,0x000000078a618000,0x000000078a680000)
  to   space 1024K, 0% used [0x000000078a480000,0x000000078a480000,0x000000078a580000)
 ParOldGen       total 173568K, used 2474K [0x00000006c2800000, 0x00000006cd180000, 0x000000076b800000)
  object space 173568K, 1% used [0x00000006c2800000,0x00000006c2a6aa48,0x00000006cd180000)
 Metaspace       used 7952K, capacity 8550K, committed 8704K, reserved 1056768K
  class space    used 641K, capacity 658K, committed 768K, reserved 1048576K
Event: 8.089 GC heap after
Heap after GC invocations=31 (full 0):
 PSYoungGen      total 201216K, used 96K [0x000000076b800000, 0x000000078a680000, 0x00000007c0000000)
  eden space 200192K, 0% used [0x000000076b800000,0x000000076b800000,0x0000000777b80000)
  from space 1024K, 9% used [0x000000078a480000,0x000000078a498000,0x000000078a580000)
  to   space 1024K, 0% used [0x000000078a580000,0x000000078a580000,0x000000078a680000)
 ParOldGen       total 173568K, used 2474K [0x00000006c2800000, 0x00000006cd180000, 0x000000076b800000)
  object space 173568K, 1% used [0x00000006c2800000,0x00000006c2a6aa48,0x00000006cd180000)
 Metaspace       used 7952K, capacity 8550K, committed 8704K, reserved 1056768K
  class space    used 641K, capacity 658K, committed 768K, reserved 1048576K
}

