# JRE version: Java(TM) SE Runtime Environment (8.0_65-b17) (build 1.8.0_65-b17)
# Java VM: Java HotSpot(TM) 64-Bit Server VM (25.65-b01 mixed mode windows-amd64 compressed oops)
Heap:
 PSYoungGen      total 692736K, used 436591K [0x000000076b800000, 0x00000007bc180000, 0x00000007c0000000)
  eden space 683520K, 63% used [0x000000076b800000,0x0000000786223ea0,0x0000000795380000)
  from space 9216K, 2% used [0x00000007baf80000,0x00000007bafb8000,0x00000007bb880000)
  to   space 8704K, 0% used [0x00000007bb900000,0x00000007bb900000,0x00000007bc180000)
 ParOldGen       total 173568K, used 13881K [0x00000006c2800000, 0x00000006cd180000, 0x000000076b800000)
  object space 173568K, 7% used [0x00000006c2800000,0x00000006c358e478,0x00000006cd180000)
 Metaspace       used 8375K, capacity 8774K, committed 8960K, reserved 1056768K
  class space    used 661K, capacity 690K, committed 768K, reserved 1048576K
GC Heap History (10 events):
Event: 2.112 GC heap before
{Heap before GC invocations=11 (full 0):
 PSYoungGen      total 834560K, used 824576K [0x000000076b800000, 0x000000079f100000, 0x00000007c0000000)
  eden space 824320K, 100% used [0x000000076b800000,0x000000079dd00000,0x000000079dd00000)
  from space 10240K, 2% used [0x000000079e700000,0x000000079e740000,0x000000079f100000)
  to   space 10240K, 0% used [0x000000079dd00000,0x000000079dd00000,0x000000079e700000)
 ParOldGen       total 173568K, used 13785K [0x00000006c2800000, 0x00000006cd180000, 0x000000076b800000)
  object space 173568K, 7% used [0x00000006c2800000,0x00000006c3576478,0x00000006cd180000)
 Metaspace       used 8349K, capacity 8710K, committed 8960K, reserved 1056768K
  class space    used 661K, capacity 690K, committed 768K, reserved 1048576K
Event: 2.113 GC heap after
Heap after GC invocations=11 (full 0):
 PSYoungGen      total 834560K, used 224K [0x000000076b800000, 0x00000007bd300000, 0x00000007c0000000)
  eden space 824320K, 0% used [0x000000076b800000,0x000000076b800000,0x000000079dd00000)
  from space 10240K, 2% used [0x000000079dd00000,0x000000079dd38000,0x000000079e700000)
  to   space 9728K, 0% used [0x00000007bc980000,0x00000007bc980000,0x00000007bd300000)
 ParOldGen       total 173568K, used 13849K [0x00000006c2800000, 0x00000006cd180000, 0x000000076b800000)
  object space 173568K, 7% used [0x00000006c2800000,0x00000006c3586478,0x00000006cd180000)
 Metaspace       used 8349K, capacity 8710K, committed 8960K, reserved 1056768K
  class space    used 661K, capacity 690K, committed 768K, reserved 1048576K
}
Event: 2.734 GC heap before
{Heap before GC invocations=12 (full 0):
 PSYoungGen      total 834560K, used 824544K [0x000000076b800000, 0x00000007bd300000, 0x00000007c0000000)
  eden space 824320K, 100% used [0x000000076b800000,0x000000079dd00000,0x000000079dd00000)
  from space 10240K, 2% used [0x000000079dd00000,0x000000079dd38000,0x000000079e700000)
  to   space 9728K, 0% used [0x00000007bc980000,0x00000007bc980000,0x00000007bd300000)
 ParOldGen       total 173568K, used 13849K [0x00000006c2800000, 0x00000006cd180000, 0x000000076b800000)
  object space 173568K, 7% used [0x00000006c2800000,0x00000006c3586478,0x00000006cd180000)
 Metaspace       used 8359K, capacity 8774K, committed 8960K, reserved 1056768K
  class space    used 661K, capacity 690K, committed 768K, reserved 1048576K
Event: 2.734 GC heap after
Heap after GC invocations=12 (full 0):
 PSYoungGen      total 786944K, used 256K [0x000000076b800000, 0x00000007bca00000, 0x00000007c0000000)
  eden space 786432K, 0% used [0x000000076b800000,0x000000076b800000,0x000000079b800000)
  from space 512K, 50% used [0x00000007bc980000,0x00000007bc9c0000,0x00000007bca00000)
  to   space 9728K, 0% used [0x00000007bb700000,0x00000007bb700000,0x00000007bc080000)
 ParOldGen       total 173568K, used 13865K [0x00000006c2800000, 0x00000006cd180000, 0x000000076b800000)
  object space 173568K, 7% used [0x00000006c2800000,0x00000006c358a478,0x00000006cd180000)
 Metaspace       used 8359K, capacity 8774K, committed 8960K, reserved 1056768K
  class space    used 661K, capacity 690K, committed 768K, reserved 1048576K
}
Event: 3.317 GC heap before
{Heap before GC invocations=13 (full 0):
 PSYoungGen      total 786944K, used 786688K [0x000000076b800000, 0x00000007bca00000, 0x00000007c0000000)
  eden space 786432K, 100% used [0x000000076b800000,0x000000079b800000,0x000000079b800000)
  from space 512K, 50% used [0x00000007bc980000,0x00000007bc9c0000,0x00000007bca00000)
  to   space 9728K, 0% used [0x00000007bb700000,0x00000007bb700000,0x00000007bc080000)
 ParOldGen       total 173568K, used 13865K [0x00000006c2800000, 0x00000006cd180000, 0x000000076b800000)
  object space 173568K, 7% used [0x00000006c2800000,0x00000006c358a478,0x00000006cd180000)
 Metaspace       used 8363K, capacity 8774K, committed 8960K, reserved 1056768K
  class space    used 661K, capacity 690K, committed 768K, reserved 1048576K
Event: 3.318 GC heap after
Heap after GC invocations=13 (full 0):
 PSYoungGen      total 760320K, used 224K [0x000000076b800000, 0x00000007bca00000, 0x00000007c0000000)
  eden space 750592K, 0% used [0x000000076b800000,0x000000076b800000,0x0000000799500000)
  from space 9728K, 2% used [0x00000007bb700000,0x00000007bb738000,0x00000007bc080000)
  to   space 9216K, 0% used [0x00000007bc100000,0x00000007bc100000,0x00000007bca00000)
 ParOldGen       total 173568K, used 13865K [0x00000006c2800000, 0x00000006cd180000, 0x000000076b800000)
  object space 173568K, 7% used [0x00000006c2800000,0x00000006c358a478,0x00000006cd180000)
 Metaspace       used 8363K, capacity 8774K, committed 8960K, reserved 1056768K
  class space    used 661K, capacity 690K, committed 768K, reserved 1048576K
}
Event: 3.891 GC heap before
{Heap before GC invocations=14 (full 0):
 PSYoungGen      total 760320K, used 750816K [0x000000076b800000, 0x00000007bca00000, 0x00000007c0000000)
  eden space 750592K, 100% used [0x000000076b800000,0x0000000799500000,0x0000000799500000)
  from space 9728K, 2% used [0x00000007bb700000,0x00000007bb738000,0x00000007bc080000)
  to   space 9216K, 0% used [0x00000007bc100000,0x00000007bc100000,0x00000007bca00000)
 ParOldGen       total 173568K, used 13865K [0x00000006c2800000, 0x00000006cd180000, 0x000000076b800000)
  object space 173568K, 7% used [0x00000006c2800000,0x00000006c358a478,0x00000006cd180000)
 Metaspace       used 8372K, capacity 8774K, committed 8960K, reserved 1056768K
  class space    used 661K, capacity 690K, committed 768K, reserved 1048576K
Event: 3.892 GC heap after
Heap after GC invocations=14 (full 0):
 PSYoungGen      total 716800K, used 192K [0x000000076b800000, 0x00000007bc180000, 0x00000007c0000000)
  eden space 716288K, 0% used [0x000000076b800000,0x000000076b800000,0x0000000797380000)
  from space 512K, 37% used [0x00000007bc100000,0x00000007bc130000,0x00000007bc180000)
  to   space 9216K, 0% used [0x00000007baf80000,0x00000007baf80000,0x00000007bb880000)
 ParOldGen       total 173568K, used 13873K [0x00000006c2800000, 0x00000006cd180000, 0x000000076b800000)
  object space 173568K, 7% used [0x00000006c2800000,0x00000006c358c478,0x00000006cd180000)
 Metaspace       used 8372K, capacity 8774K, committed 8960K, reserved 1056768K
  class space    used 661K, capacity 690K, committed 768K, reserved 1048576K
}
Event: 4.454 GC heap before
{Heap before GC invocations=15 (full 0):
 PSYoungGen      total 716800K, used 716480K [0x000000076b800000, 0x00000007bc180000, 0x00000007c0000000)
  eden space 716288K, 100% used [0x000000076b800000,0x0000000797380000,0x0000000797380000)
  from space 512K, 37% used [0x00000007bc100000,0x00000007bc130000,0x00000007bc180000)
  to   space 9216K, 0% used [0x00000007baf80000,0x00000007baf80000,0x00000007bb880000)
 ParOldGen       total 173568K, used 13873K [0x00000006c2800000, 0x00000006cd180000, 0x000000076b800000)
  object space 173568K, 7% used [0x00000006c2800000,0x00000006c358c478,0x00000006cd180000)
 Metaspace       used 8372K, capacity 8774K, committed 8960K, reserved 1056768K
  class space    used 661K, capacity 690K, committed 768K, reserved 1048576K
Event: 4.455 GC heap after
Heap after GC invocations=15 (full 0):
 PSYoungGen      total 692736K, used 224K [0x000000076b800000, 0x00000007bc180000, 0x00000007c0000000)
  eden space 683520K, 0% used [0x000000076b800000,0x000000076b800000,0x0000000795380000)
  from space 9216K, 2% used [0x00000007baf80000,0x00000007bafb8000,0x00000007bb880000)
  to   space 8704K, 0% used [0x00000007bb900000,0x00000007bb900000,0x00000007bc180000)
 ParOldGen       total 173568K, used 13881K [0x00000006c2800000, 0x00000006cd180000, 0x000000076b800000)
  object space 173568K, 7% used [0x00000006c2800000,0x00000006c358e478,0x00000006cd180000)
 Metaspace       used 8372K, capacity 8774K, committed 8960K, reserved 1056768K
  class space    used 661K, capacity 690K, committed 768K, reserved 1048576K
}

