# JRE version: Java(TM) SE Runtime Environment (8.0_65-b17) (build 1.8.0_65-b17)
# Java VM: Java HotSpot(TM) 64-Bit Server VM (25.65-b01 mixed mode windows-amd64 compressed oops)
Heap:
 PSYoungGen      total 230912K, used 190443K [0x000000076b800000, 0x0000000784f00000, 0x00000007c0000000)
  eden space 230400K, 82% used [0x000000076b800000,0x00000007771e2fb0,0x0000000779900000)
  from space 512K, 18% used [0x0000000784e80000,0x0000000784e98000,0x0000000784f00000)
  to   space 2048K, 0% used [0x0000000784b00000,0x0000000784b00000,0x0000000784d00000)
 ParOldGen       total 173568K, used 1252K [0x00000006c2800000, 0x00000006cd180000, 0x000000076b800000)
  object space 173568K, 0% used [0x00000006c2800000,0x00000006c2939060,0x00000006cd180000)
 Metaspace       used 7966K, capacity 8486K, committed 8704K, reserved 1056768K
  class space    used 642K, capacity 658K, committed 768K, reserved 1048576K
GC Heap History (10 events):
Event: 0.694 GC heap before
{Heap before GC invocations=8 (full 0):
 PSYoungGen      total 131584K, used 131368K [0x000000076b800000, 0x000000077b900000, 0x00000007c0000000)
  eden space 130048K, 100% used [0x000000076b800000,0x0000000773700000,0x0000000773700000)
  from space 1536K, 85% used [0x0000000773700000,0x000000077384a2b0,0x0000000773880000)
  to   space 1536K, 0% used [0x000000077b780000,0x000000077b780000,0x000000077b900000)
 ParOldGen       total 173568K, used 684K [0x00000006c2800000, 0x00000006cd180000, 0x000000076b800000)
  object space 173568K, 0% used [0x00000006c2800000,0x00000006c28ab060,0x00000006cd180000)
 Metaspace       used 7577K, capacity 8134K, committed 8320K, reserved 1056768K
  class space    used 609K, capacity 626K, committed 640K, reserved 1048576K
Event: 0.696 GC heap after
Heap after GC invocations=8 (full 0):
 PSYoungGen      total 261120K, used 1305K [0x000000076b800000, 0x000000077ba00000, 0x00000007c0000000)
  eden space 259584K, 0% used [0x000000076b800000,0x000000076b800000,0x000000077b580000)
  from space 1536K, 84% used [0x000000077b780000,0x000000077b8c64b8,0x000000077b900000)
  to   space 2048K, 0% used [0x000000077b580000,0x000000077b580000,0x000000077b780000)
 ParOldGen       total 173568K, used 692K [0x00000006c2800000, 0x00000006cd180000, 0x000000076b800000)
  object space 173568K, 0% used [0x00000006c2800000,0x00000006c28ad060,0x00000006cd180000)
 Metaspace       used 7577K, capacity 8134K, committed 8320K, reserved 1056768K
  class space    used 609K, capacity 626K, committed 640K, reserved 1048576K
}
Event: 0.983 GC heap before
{Heap before GC invocations=9 (full 0):
 PSYoungGen      total 261120K, used 260889K [0x000000076b800000, 0x000000077ba00000, 0x00000007c0000000)
  eden space 259584K, 100% used [0x000000076b800000,0x000000077b580000,0x000000077b580000)
  from space 1536K, 84% used [0x000000077b780000,0x000000077b8c64b8,0x000000077b900000)
  to   space 2048K, 0% used [0x000000077b580000,0x000000077b580000,0x000000077b780000)
 ParOldGen       total 173568K, used 692K [0x00000006c2800000, 0x00000006cd180000, 0x000000076b800000)
  object space 173568K, 0% used [0x00000006c2800000,0x00000006c28ad060,0x00000006cd180000)
 Metaspace       used 7965K, capacity 8486K, committed 8704K, reserved 1056768K
  class space    used 642K, capacity 658K, committed 768K, reserved 1048576K
Event: 0.984 GC heap after
Heap after GC invocations=9 (full 0):
 PSYoungGen      total 261632K, used 686K [0x000000076b800000, 0x0000000785200000, 0x00000007c0000000)
  eden space 259584K, 0% used [0x000000076b800000,0x000000076b800000,0x000000077b580000)
  from space 2048K, 33% used [0x000000077b580000,0x000000077b62ba88,0x000000077b780000)
  to   space 2048K, 0% used [0x0000000785000000,0x0000000785000000,0x0000000785200000)
 ParOldGen       total 173568K, used 908K [0x00000006c2800000, 0x00000006cd180000, 0x000000076b800000)
  object space 173568K, 0% used [0x00000006c2800000,0x00000006c28e3060,0x00000006cd180000)
 Metaspace       used 7965K, capacity 8486K, committed 8704K, reserved 1056768K
  class space    used 642K, capacity 658K, committed 768K, reserved 1048576K
}
Event: 1.111 GC heap before
{Heap before GC invocations=10 (full 0):
 PSYoungGen      total 261632K, used 260270K [0x000000076b800000, 0x0000000785200000, 0x00000007c0000000)
  eden space 259584K, 100% used [0x000000076b800000,0x000000077b580000,0x000000077b580000)
  from space 2048K, 33% used [0x000000077b580000,0x000000077b62ba88,0x000000077b780000)
  to   space 2048K, 0% used [0x0000000785000000,0x0000000785000000,0x0000000785200000)
 ParOldGen       total 173568K, used 908K [0x00000006c2800000, 0x00000006cd180000, 0x000000076b800000)
  object space 173568K, 0% used [0x00000006c2800000,0x00000006c28e3060,0x00000006cd180000)
 Metaspace       used 7966K, capacity 8486K, committed 8704K, reserved 1056768K
  class space    used 642K, capacity 658K, committed 768K, reserved 1048576K
Event: 1.111 GC heap after
Heap after GC invocations=10 (full 0):
 PSYoungGen      total 249856K, used 256K [0x000000076b800000, 0x0000000785080000, 0x00000007c0000000)
  eden space 249344K, 0% used [0x000000076b800000,0x000000076b800000,0x000000077ab80000)
  from space 512K, 50% used [0x0000000785000000,0x0000000785040000,0x0000000785080000)
  to   space 2048K, 0% used [0x0000000784c80000,0x0000000784c80000,0x0000000784e80000)
 ParOldGen       total 173568K, used 1148K [0x00000006c2800000, 0x00000006cd180000, 0x000000076b800000)
  object space 173568K, 0% used [0x00000006c2800000,0x00000006c291f060,0x00000006cd180000)
 Metaspace       used 7966K, capacity 8486K, committed 8704K, reserved 1056768K
  class space    used 642K, capacity 658K, committed 768K, reserved 1048576K
}
Event: 1.332 GC heap before
{Heap before GC invocations=11 (full 0):
 PSYoungGen      total 249856K, used 249600K [0x000000076b800000, 0x0000000785080000, 0x00000007c0000000)
  eden space 249344K, 100% used [0x000000076b800000,0x000000077ab80000,0x000000077ab80000)
  from space 512K, 50% used [0x0000000785000000,0x0000000785040000,0x0000000785080000)
  to   space 2048K, 0% used [0x0000000784c80000,0x0000000784c80000,0x0000000784e80000)
 ParOldGen       total 173568K, used 1148K [0x00000006c2800000, 0x00000006cd180000, 0x000000076b800000)
  object space 173568K, 0% used [0x00000006c2800000,0x00000006c291f060,0x00000006cd180000)
 Metaspace       used 7966K, capacity 8486K, committed 8704K, reserved 1056768K
  class space    used 642K, capacity 658K, committed 768K, reserved 1048576K
Event: 1.333 GC heap after
Heap after GC invocations=11 (full 0):
 PSYoungGen      total 241664K, used 96K [0x000000076b800000, 0x0000000785080000, 0x00000007c0000000)
  eden space 239616K, 0% used [0x000000076b800000,0x000000076b800000,0x000000077a200000)
  from space 2048K, 4% used [0x0000000784c80000,0x0000000784c98000,0x0000000784e80000)
  to   space 2048K, 0% used [0x0000000784e80000,0x0000000784e80000,0x0000000785080000)
 ParOldGen       total 173568K, used 1252K [0x00000006c2800000, 0x00000006cd180000, 0x000000076b800000)
  object space 173568K, 0% used [0x00000006c2800000,0x00000006c2939060,0x00000006cd180000)
 Metaspace       used 7966K, capacity 8486K, committed 8704K, reserved 1056768K
  class space    used 642K, capacity 658K, committed 768K, reserved 1048576K
}
Event: 1.534 GC heap before
{Heap before GC invocations=12 (full 0):
 PSYoungGen      total 241664K, used 239712K [0x000000076b800000, 0x0000000785080000, 0x00000007c0000000)
  eden space 239616K, 100% used [0x000000076b800000,0x000000077a200000,0x000000077a200000)
  from space 2048K, 4% used [0x0000000784c80000,0x0000000784c98000,0x0000000784e80000)
  to   space 2048K, 0% used [0x0000000784e80000,0x0000000784e80000,0x0000000785080000)
 ParOldGen       total 173568K, used 1252K [0x00000006c2800000, 0x00000006cd180000, 0x000000076b800000)
  object space 173568K, 0% used [0x00000006c2800000,0x00000006c2939060,0x00000006cd180000)
 Metaspace       used 7966K, capacity 8486K, committed 8704K, reserved 1056768K
  class space    used 642K, capacity 658K, committed 768K, reserved 1048576K
Event: 1.534 GC heap after
Heap after GC invocations=12 (full 0):
 PSYoungGen      total 230912K, used 96K [0x000000076b800000, 0x0000000784f00000, 0x00000007c0000000)
  eden space 230400K, 0% used [0x000000076b800000,0x000000076b800000,0x0000000779900000)
  from space 512K, 18% used [0x0000000784e80000,0x0000000784e98000,0x0000000784f00000)
  to   space 2048K, 0% used [0x0000000784b00000,0x0000000784b00000,0x0000000784d00000)
 ParOldGen       total 173568K, used 1252K [0x00000006c2800000, 0x00000006cd180000, 0x000000076b800000)
  object space 173568K, 0% used [0x00000006c2800000,0x00000006c2939060,0x00000006cd180000)
 Metaspace       used 7966K, capacity 8486K, committed 8704K, reserved 1056768K
  class space    used 642K, capacity 658K, committed 768K, reserved 1048576K
}

