# JRE version: Java(TM) SE Runtime Environment (8.0_65-b17) (build 1.8.0_65-b17)
# Java VM: Java HotSpot(TM) 64-Bit Server VM (25.65-b01 mixed mode windows-amd64 compressed oops)
Heap:
 PSYoungGen      total 1139712K, used 323998K [0x000000076b800000, 0x00000007bf180000, 0x00000007c0000000)
  eden space 1139200K, 28% used [0x000000076b800000,0x000000077f43fae8,0x00000007b1080000)
  from space 512K, 31% used [0x00000007bf100000,0x00000007bf128000,0x00000007bf180000)
  to   space 7680K, 0% used [0x00000007be280000,0x00000007be280000,0x00000007bea00000)
 ParOldGen       total 173568K, used 27835K [0x00000006c2800000, 0x00000006cd180000, 0x000000076b800000)
  object space 173568K, 16% used [0x00000006c2800000,0x00000006c432eea0,0x00000006cd180000)
 Metaspace       used 8318K, capacity 8710K, committed 8960K, reserved 1056768K
  class space    used 655K, capacity 690K, committed 768K, reserved 1048576K
GC Heap History (10 events):
Event: 3.626 GC heap before
{Heap before GC invocations=14 (full 0):
 PSYoungGen      total 830976K, used 829024K [0x000000076b800000, 0x00000007bce80000, 0x00000007c0000000)
  eden space 823296K, 100% used [0x000000076b800000,0x000000079dc00000,0x000000079dc00000)
  from space 7680K, 74% used [0x000000079dc00000,0x000000079e198000,0x000000079e380000)
  to   space 8192K, 0% used [0x00000007bc680000,0x00000007bc680000,0x00000007bce80000)
 ParOldGen       total 173568K, used 22187K [0x00000006c2800000, 0x00000006cd180000, 0x000000076b800000)
  object space 173568K, 12% used [0x00000006c2800000,0x00000006c3daaea0,0x00000006cd180000)
 Metaspace       used 8277K, capacity 8646K, committed 8960K, reserved 1056768K
  class space    used 655K, capacity 690K, committed 768K, reserved 1048576K
Event: 3.630 GC heap after
Heap after GC invocations=14 (full 0):
 PSYoungGen      total 1325568K, used 160K [0x000000076b800000, 0x00000007bce80000, 0x00000007c0000000)
  eden space 1317376K, 0% used [0x000000076b800000,0x000000076b800000,0x00000007bbe80000)
  from space 8192K, 1% used [0x00000007bc680000,0x00000007bc6a8000,0x00000007bce80000)
  to   space 8192K, 0% used [0x00000007bbe80000,0x00000007bbe80000,0x00000007bc680000)
 ParOldGen       total 173568K, used 27795K [0x00000006c2800000, 0x00000006cd180000, 0x000000076b800000)
  object space 173568K, 16% used [0x00000006c2800000,0x00000006c4324ea0,0x00000006cd180000)
 Metaspace       used 8277K, capacity 8646K, committed 8960K, reserved 1056768K
  class space    used 655K, capacity 690K, committed 768K, reserved 1048576K
}
Event: 4.626 GC heap before
{Heap before GC invocations=15 (full 0):
 PSYoungGen      total 1325568K, used 1317536K [0x000000076b800000, 0x00000007bce80000, 0x00000007c0000000)
  eden space 1317376K, 100% used [0x000000076b800000,0x00000007bbe80000,0x00000007bbe80000)
  from space 8192K, 1% used [0x00000007bc680000,0x00000007bc6a8000,0x00000007bce80000)
  to   space 8192K, 0% used [0x00000007bbe80000,0x00000007bbe80000,0x00000007bc680000)
 ParOldGen       total 173568K, used 27795K [0x00000006c2800000, 0x00000006cd180000, 0x000000076b800000)
  object space 173568K, 16% used [0x00000006c2800000,0x00000006c4324ea0,0x00000006cd180000)
 Metaspace       used 8288K, capacity 8646K, committed 8960K, reserved 1056768K
  class space    used 655K, capacity 690K, committed 768K, reserved 1048576K
Event: 4.627 GC heap after
Heap after GC invocations=15 (full 0):
 PSYoungGen      total 1325568K, used 224K [0x000000076b800000, 0x00000007c0000000, 0x00000007c0000000)
  eden space 1317376K, 0% used [0x000000076b800000,0x000000076b800000,0x00000007bbe80000)
  from space 8192K, 2% used [0x00000007bbe80000,0x00000007bbeb8000,0x00000007bc680000)
  to   space 8192K, 0% used [0x00000007bf800000,0x00000007bf800000,0x00000007c0000000)
 ParOldGen       total 173568K, used 27803K [0x00000006c2800000, 0x00000006cd180000, 0x000000076b800000)
  object space 173568K, 16% used [0x00000006c2800000,0x00000006c4326ea0,0x00000006cd180000)
 Metaspace       used 8288K, capacity 8646K, committed 8960K, reserved 1056768K
  class space    used 655K, capacity 690K, committed 768K, reserved 1048576K
}
Event: 5.586 GC heap before
{Heap before GC invocations=16 (full 0):
 PSYoungGen      total 1325568K, used 1317600K [0x000000076b800000, 0x00000007c0000000, 0x00000007c0000000)
  eden space 1317376K, 100% used [0x000000076b800000,0x00000007bbe80000,0x00000007bbe80000)
  from space 8192K, 2% used [0x00000007bbe80000,0x00000007bbeb8000,0x00000007bc680000)
  to   space 8192K, 0% used [0x00000007bf800000,0x00000007bf800000,0x00000007c0000000)
 ParOldGen       total 173568K, used 27803K [0x00000006c2800000, 0x00000006cd180000, 0x000000076b800000)
  object space 173568K, 16% used [0x00000006c2800000,0x00000006c4326ea0,0x00000006cd180000)
 Metaspace       used 8310K, capacity 8710K, committed 8960K, reserved 1056768K
  class space    used 655K, capacity 690K, committed 768K, reserved 1048576K
Event: 5.586 GC heap after
Heap after GC invocations=16 (full 0):
 PSYoungGen      total 1255424K, used 192K [0x000000076b800000, 0x00000007bf880000, 0x00000007c0000000)
  eden space 1254912K, 0% used [0x000000076b800000,0x000000076b800000,0x00000007b8180000)
  from space 512K, 37% used [0x00000007bf800000,0x00000007bf830000,0x00000007bf880000)
  to   space 8192K, 0% used [0x00000007be880000,0x00000007be880000,0x00000007bf080000)
 ParOldGen       total 173568K, used 27811K [0x00000006c2800000, 0x00000006cd180000, 0x000000076b800000)
  object space 173568K, 16% used [0x00000006c2800000,0x00000006c4328ea0,0x00000006cd180000)
 Metaspace       used 8310K, capacity 8710K, committed 8960K, reserved 1056768K
  class space    used 655K, capacity 690K, committed 768K, reserved 1048576K
}
Event: 6.479 GC heap before
{Heap before GC invocations=17 (full 0):
 PSYoungGen      total 1255424K, used 1255104K [0x000000076b800000, 0x00000007bf880000, 0x00000007c0000000)
  eden space 1254912K, 100% used [0x000000076b800000,0x00000007b8180000,0x00000007b8180000)
  from space 512K, 37% used [0x00000007bf800000,0x00000007bf830000,0x00000007bf880000)
  to   space 8192K, 0% used [0x00000007be880000,0x00000007be880000,0x00000007bf080000)
 ParOldGen       total 173568K, used 27811K [0x00000006c2800000, 0x00000006cd180000, 0x000000076b800000)
  object space 173568K, 16% used [0x00000006c2800000,0x00000006c4328ea0,0x00000006cd180000)
 Metaspace       used 8311K, capacity 8710K, committed 8960K, reserved 1056768K
  class space    used 655K, capacity 690K, committed 768K, reserved 1048576K
Event: 6.479 GC heap after
Heap after GC invocations=17 (full 0):
 PSYoungGen      total 1203712K, used 160K [0x000000076b800000, 0x00000007bf880000, 0x00000007c0000000)
  eden space 1195520K, 0% used [0x000000076b800000,0x000000076b800000,0x00000007b4780000)
  from space 8192K, 1% used [0x00000007be880000,0x00000007be8a8000,0x00000007bf080000)
  to   space 7680K, 0% used [0x00000007bf100000,0x00000007bf100000,0x00000007bf880000)
 ParOldGen       total 173568K, used 27835K [0x00000006c2800000, 0x00000006cd180000, 0x000000076b800000)
  object space 173568K, 16% used [0x00000006c2800000,0x00000006c432eea0,0x00000006cd180000)
 Metaspace       used 8311K, capacity 8710K, committed 8960K, reserved 1056768K
  class space    used 655K, capacity 690K, committed 768K, reserved 1048576K
}
Event: 7.388 GC heap before
{Heap before GC invocations=18 (full 0):
 PSYoungGen      total 1203712K, used 1195680K [0x000000076b800000, 0x00000007bf880000, 0x00000007c0000000)
  eden space 1195520K, 100% used [0x000000076b800000,0x00000007b4780000,0x00000007b4780000)
  from space 8192K, 1% used [0x00000007be880000,0x00000007be8a8000,0x00000007bf080000)
  to   space 7680K, 0% used [0x00000007bf100000,0x00000007bf100000,0x00000007bf880000)
 ParOldGen       total 173568K, used 27835K [0x00000006c2800000, 0x00000006cd180000, 0x000000076b800000)
  object space 173568K, 16% used [0x00000006c2800000,0x00000006c432eea0,0x00000006cd180000)
 Metaspace       used 8312K, capacity 8710K, committed 8960K, reserved 1056768K
  class space    used 655K, capacity 690K, committed 768K, reserved 1048576K
Event: 7.388 GC heap after
Heap after GC invocations=18 (full 0):
 PSYoungGen      total 1139712K, used 160K [0x000000076b800000, 0x00000007bf180000, 0x00000007c0000000)
  eden space 1139200K, 0% used [0x000000076b800000,0x000000076b800000,0x00000007b1080000)
  from space 512K, 31% used [0x00000007bf100000,0x00000007bf128000,0x00000007bf180000)
  to   space 7680K, 0% used [0x00000007be280000,0x00000007be280000,0x00000007bea00000)
 ParOldGen       total 173568K, used 27835K [0x00000006c2800000, 0x00000006cd180000, 0x000000076b800000)
  object space 173568K, 16% used [0x00000006c2800000,0x00000006c432eea0,0x00000006cd180000)
 Metaspace       used 8312K, capacity 8710K, committed 8960K, reserved 1056768K
  class space    used 655K, capacity 690K, committed 768K, reserved 1048576K
}

