# JRE version: Java(TM) SE Runtime Environment (8.0_65-b17) (build 1.8.0_65-b17)
# Java VM: Java HotSpot(TM) 64-Bit Server VM (25.65-b01 mixed mode windows-amd64 compressed oops)
Heap:
 PSYoungGen      total 453632K, used 306474K [0x000000076b800000, 0x00000007b9680000, 0x00000007c0000000)
  eden space 451072K, 67% used [0x000000076b800000,0x000000077e322ab8,0x0000000787080000)
  from space 2560K, 6% used [0x00000007b9180000,0x00000007b91a8000,0x00000007b9400000)
  to   space 2560K, 0% used [0x00000007b9400000,0x00000007b9400000,0x00000007b9680000)
 ParOldGen       total 173568K, used 27513K [0x00000006c2800000, 0x00000006cd180000, 0x000000076b800000)
  object space 173568K, 15% used [0x00000006c2800000,0x00000006c42de7a0,0x00000006cd180000)
 Metaspace       used 8403K, capacity 8774K, committed 8960K, reserved 1056768K
  class space    used 662K, capacity 690K, committed 768K, reserved 1048576K
GC Heap History (10 events):
Event: 17.452 GC heap before
{Heap before GC invocations=37 (full 0):
 PSYoungGen      total 564736K, used 564448K [0x000000076b800000, 0x00000007b9b00000, 0x00000007c0000000)
  eden space 564224K, 100% used [0x000000076b800000,0x000000078df00000,0x000000078df00000)
  from space 512K, 43% used [0x00000007b9a80000,0x00000007b9ab8000,0x00000007b9b00000)
  to   space 3072K, 0% used [0x00000007b9500000,0x00000007b9500000,0x00000007b9800000)
 ParOldGen       total 173568K, used 27473K [0x00000006c2800000, 0x00000006cd180000, 0x000000076b800000)
  object space 173568K, 15% used [0x00000006c2800000,0x00000006c42d47a0,0x00000006cd180000)
 Metaspace       used 8402K, capacity 8774K, committed 8960K, reserved 1056768K
  class space    used 662K, capacity 690K, committed 768K, reserved 1048576K
Event: 17.453 GC heap after
Heap after GC invocations=37 (full 0):
 PSYoungGen      total 542208K, used 192K [0x000000076b800000, 0x00000007b9b00000, 0x00000007c0000000)
  eden space 539136K, 0% used [0x000000076b800000,0x000000076b800000,0x000000078c680000)
  from space 3072K, 6% used [0x00000007b9500000,0x00000007b9530000,0x00000007b9800000)
  to   space 3072K, 0% used [0x00000007b9800000,0x00000007b9800000,0x00000007b9b00000)
 ParOldGen       total 173568K, used 27497K [0x00000006c2800000, 0x00000006cd180000, 0x000000076b800000)
  object space 173568K, 15% used [0x00000006c2800000,0x00000006c42da7a0,0x00000006cd180000)
 Metaspace       used 8402K, capacity 8774K, committed 8960K, reserved 1056768K
  class space    used 662K, capacity 690K, committed 768K, reserved 1048576K
}
Event: 17.854 GC heap before
{Heap before GC invocations=38 (full 0):
 PSYoungGen      total 542208K, used 539328K [0x000000076b800000, 0x00000007b9b00000, 0x00000007c0000000)
  eden space 539136K, 100% used [0x000000076b800000,0x000000078c680000,0x000000078c680000)
  from space 3072K, 6% used [0x00000007b9500000,0x00000007b9530000,0x00000007b9800000)
  to   space 3072K, 0% used [0x00000007b9800000,0x00000007b9800000,0x00000007b9b00000)
 ParOldGen       total 173568K, used 27497K [0x00000006c2800000, 0x00000006cd180000, 0x000000076b800000)
  object space 173568K, 15% used [0x00000006c2800000,0x00000006c42da7a0,0x00000006cd180000)
 Metaspace       used 8402K, capacity 8774K, committed 8960K, reserved 1056768K
  class space    used 662K, capacity 690K, committed 768K, reserved 1048576K
Event: 17.855 GC heap after
Heap after GC invocations=38 (full 0):
 PSYoungGen      total 516096K, used 160K [0x000000076b800000, 0x00000007b9880000, 0x00000007c0000000)
  eden space 515584K, 0% used [0x000000076b800000,0x000000076b800000,0x000000078af80000)
  from space 512K, 31% used [0x00000007b9800000,0x00000007b9828000,0x00000007b9880000)
  to   space 3072K, 0% used [0x00000007b9280000,0x00000007b9280000,0x00000007b9580000)
 ParOldGen       total 173568K, used 27513K [0x00000006c2800000, 0x00000006cd180000, 0x000000076b800000)
  object space 173568K, 15% used [0x00000006c2800000,0x00000006c42de7a0,0x00000006cd180000)
 Metaspace       used 8402K, capacity 8774K, committed 8960K, reserved 1056768K
  class space    used 662K, capacity 690K, committed 768K, reserved 1048576K
}
Event: 18.265 GC heap before
{Heap before GC invocations=39 (full 0):
 PSYoungGen      total 516096K, used 515744K [0x000000076b800000, 0x00000007b9880000, 0x00000007c0000000)
  eden space 515584K, 100% used [0x000000076b800000,0x000000078af80000,0x000000078af80000)
  from space 512K, 31% used [0x00000007b9800000,0x00000007b9828000,0x00000007b9880000)
  to   space 3072K, 0% used [0x00000007b9280000,0x00000007b9280000,0x00000007b9580000)
 ParOldGen       total 173568K, used 27513K [0x00000006c2800000, 0x00000006cd180000, 0x000000076b800000)
  object space 173568K, 15% used [0x00000006c2800000,0x00000006c42de7a0,0x00000006cd180000)
 Metaspace       used 8402K, capacity 8774K, committed 8960K, reserved 1056768K
  class space    used 662K, capacity 690K, committed 768K, reserved 1048576K
Event: 18.265 GC heap after
Heap after GC invocations=39 (full 0):
 PSYoungGen      total 496128K, used 192K [0x000000076b800000, 0x00000007b9880000, 0x00000007c0000000)
  eden space 493056K, 0% used [0x000000076b800000,0x000000076b800000,0x0000000789980000)
  from space 3072K, 6% used [0x00000007b9280000,0x00000007b92b0000,0x00000007b9580000)
  to   space 2560K, 0% used [0x00000007b9600000,0x00000007b9600000,0x00000007b9880000)
 ParOldGen       total 173568K, used 27513K [0x00000006c2800000, 0x00000006cd180000, 0x000000076b800000)
  object space 173568K, 15% used [0x00000006c2800000,0x00000006c42de7a0,0x00000006cd180000)
 Metaspace       used 8402K, capacity 8774K, committed 8960K, reserved 1056768K
  class space    used 662K, capacity 690K, committed 768K, reserved 1048576K
}
Event: 18.733 GC heap before
{Heap before GC invocations=40 (full 0):
 PSYoungGen      total 496128K, used 493248K [0x000000076b800000, 0x00000007b9880000, 0x00000007c0000000)
  eden space 493056K, 100% used [0x000000076b800000,0x0000000789980000,0x0000000789980000)
  from space 3072K, 6% used [0x00000007b9280000,0x00000007b92b0000,0x00000007b9580000)
  to   space 2560K, 0% used [0x00000007b9600000,0x00000007b9600000,0x00000007b9880000)
 ParOldGen       total 173568K, used 27513K [0x00000006c2800000, 0x00000006cd180000, 0x000000076b800000)
  object space 173568K, 15% used [0x00000006c2800000,0x00000006c42de7a0,0x00000006cd180000)
 Metaspace       used 8402K, capacity 8774K, committed 8960K, reserved 1056768K
  class space    used 662K, capacity 690K, committed 768K, reserved 1048576K
Event: 18.734 GC heap after
Heap after GC invocations=40 (full 0):
 PSYoungGen      total 472064K, used 192K [0x000000076b800000, 0x00000007b9680000, 0x00000007c0000000)
  eden space 471552K, 0% used [0x000000076b800000,0x000000076b800000,0x0000000788480000)
  from space 512K, 37% used [0x00000007b9600000,0x00000007b9630000,0x00000007b9680000)
  to   space 2560K, 0% used [0x00000007b9180000,0x00000007b9180000,0x00000007b9400000)
 ParOldGen       total 173568K, used 27513K [0x00000006c2800000, 0x00000006cd180000, 0x000000076b800000)
  object space 173568K, 15% used [0x00000006c2800000,0x00000006c42de7a0,0x00000006cd180000)
 Metaspace       used 8402K, capacity 8774K, committed 8960K, reserved 1056768K
  class space    used 662K, capacity 690K, committed 768K, reserved 1048576K
}
Event: 19.093 GC heap before
{Heap before GC invocations=41 (full 0):
 PSYoungGen      total 472064K, used 471744K [0x000000076b800000, 0x00000007b9680000, 0x00000007c0000000)
  eden space 471552K, 100% used [0x000000076b800000,0x0000000788480000,0x0000000788480000)
  from space 512K, 37% used [0x00000007b9600000,0x00000007b9630000,0x00000007b9680000)
  to   space 2560K, 0% used [0x00000007b9180000,0x00000007b9180000,0x00000007b9400000)
 ParOldGen       total 173568K, used 27513K [0x00000006c2800000, 0x00000006cd180000, 0x000000076b800000)
  object space 173568K, 15% used [0x00000006c2800000,0x00000006c42de7a0,0x00000006cd180000)
 Metaspace       used 8402K, capacity 8774K, committed 8960K, reserved 1056768K
  class space    used 662K, capacity 690K, committed 768K, reserved 1048576K
Event: 19.093 GC heap after
Heap after GC invocations=41 (full 0):
 PSYoungGen      total 453632K, used 160K [0x000000076b800000, 0x00000007b9680000, 0x00000007c0000000)
  eden space 451072K, 0% used [0x000000076b800000,0x000000076b800000,0x0000000787080000)
  from space 2560K, 6% used [0x00000007b9180000,0x00000007b91a8000,0x00000007b9400000)
  to   space 2560K, 0% used [0x00000007b9400000,0x00000007b9400000,0x00000007b9680000)
 ParOldGen       total 173568K, used 27513K [0x00000006c2800000, 0x00000006cd180000, 0x000000076b800000)
  object space 173568K, 15% used [0x00000006c2800000,0x00000006c42de7a0,0x00000006cd180000)
 Metaspace       used 8402K, capacity 8774K, committed 8960K, reserved 1056768K
  class space    used 662K, capacity 690K, committed 768K, reserved 1048576K
}

