# JRE version: Java(TM) SE Runtime Environment (8.0_65-b17) (build 1.8.0_65-b17)
# Java VM: Java HotSpot(TM) 64-Bit Server VM (25.65-b01 mixed mode windows-amd64 compressed oops)
Heap:
 PSYoungGen      total 63488K, used 36734K [0x000000076b800000, 0x00000007b8a00000, 0x00000007c0000000)
  eden space 62976K, 57% used [0x000000076b800000,0x000000076dba7960,0x000000076f580000)
  from space 512K, 43% used [0x00000007b8900000,0x00000007b8938000,0x00000007b8980000)
  to   space 512K, 0% used [0x00000007b8980000,0x00000007b8980000,0x00000007b8a00000)
 ParOldGen       total 173568K, used 13785K [0x00000006c2800000, 0x00000006cd180000, 0x000000076b800000)
  object space 173568K, 7% used [0x00000006c2800000,0x00000006c3576470,0x00000006cd180000)
 Metaspace       used 8388K, capacity 8774K, committed 8960K, reserved 1056768K
  class space    used 662K, capacity 690K, committed 768K, reserved 1048576K
GC Heap History (10 events):
Event: 35.852 GC heap before
{Heap before GC invocations=393 (full 0):
 PSYoungGen      total 57344K, used 57056K [0x000000076b800000, 0x00000007b8a00000, 0x00000007c0000000)
  eden space 56832K, 100% used [0x000000076b800000,0x000000076ef80000,0x000000076ef80000)
  from space 512K, 43% used [0x00000007b8980000,0x00000007b89b8000,0x00000007b8a00000)
  to   space 512K, 0% used [0x00000007b8900000,0x00000007b8900000,0x00000007b8980000)
 ParOldGen       total 173568K, used 13785K [0x00000006c2800000, 0x00000006cd180000, 0x000000076b800000)
  object space 173568K, 7% used [0x00000006c2800000,0x00000006c3576470,0x00000006cd180000)
 Metaspace       used 8388K, capacity 8774K, committed 8960K, reserved 1056768K
  class space    used 662K, capacity 690K, committed 768K, reserved 1048576K
Event: 35.853 GC heap after
Heap after GC invocations=393 (full 0):
 PSYoungGen      total 56320K, used 224K [0x000000076b800000, 0x00000007b8a00000, 0x00000007c0000000)
  eden space 55808K, 0% used [0x000000076b800000,0x000000076b800000,0x000000076ee80000)
  from space 512K, 43% used [0x00000007b8900000,0x00000007b8938000,0x00000007b8980000)
  to   space 512K, 0% used [0x00000007b8980000,0x00000007b8980000,0x00000007b8a00000)
 ParOldGen       total 173568K, used 13785K [0x00000006c2800000, 0x00000006cd180000, 0x000000076b800000)
  object space 173568K, 7% used [0x00000006c2800000,0x00000006c3576470,0x00000006cd180000)
 Metaspace       used 8388K, capacity 8774K, committed 8960K, reserved 1056768K
  class space    used 662K, capacity 690K, committed 768K, reserved 1048576K
}
Event: 35.905 GC heap before
{Heap before GC invocations=394 (full 0):
 PSYoungGen      total 56320K, used 56032K [0x000000076b800000, 0x00000007b8a00000, 0x00000007c0000000)
  eden space 55808K, 100% used [0x000000076b800000,0x000000076ee80000,0x000000076ee80000)
  from space 512K, 43% used [0x00000007b8900000,0x00000007b8938000,0x00000007b8980000)
  to   space 512K, 0% used [0x00000007b8980000,0x00000007b8980000,0x00000007b8a00000)
 ParOldGen       total 173568K, used 13785K [0x00000006c2800000, 0x00000006cd180000, 0x000000076b800000)
  object space 173568K, 7% used [0x00000006c2800000,0x00000006c3576470,0x00000006cd180000)
 Metaspace       used 8388K, capacity 8774K, committed 8960K, reserved 1056768K
  class space    used 662K, capacity 690K, committed 768K, reserved 1048576K
Event: 35.905 GC heap after
Heap after GC invocations=394 (full 0):
 PSYoungGen      total 55296K, used 192K [0x000000076b800000, 0x00000007b8a00000, 0x00000007c0000000)
  eden space 54784K, 0% used [0x000000076b800000,0x000000076b800000,0x000000076ed80000)
  from space 512K, 37% used [0x00000007b8980000,0x00000007b89b0000,0x00000007b8a00000)
  to   space 512K, 0% used [0x00000007b8900000,0x00000007b8900000,0x00000007b8980000)
 ParOldGen       total 173568K, used 13785K [0x00000006c2800000, 0x00000006cd180000, 0x000000076b800000)
  object space 173568K, 7% used [0x00000006c2800000,0x00000006c3576470,0x00000006cd180000)
 Metaspace       used 8388K, capacity 8774K, committed 8960K, reserved 1056768K
  class space    used 662K, capacity 690K, committed 768K, reserved 1048576K
}
Event: 35.956 GC heap before
{Heap before GC invocations=395 (full 0):
 PSYoungGen      total 55296K, used 54976K [0x000000076b800000, 0x00000007b8a00000, 0x00000007c0000000)
  eden space 54784K, 100% used [0x000000076b800000,0x000000076ed80000,0x000000076ed80000)
  from space 512K, 37% used [0x00000007b8980000,0x00000007b89b0000,0x00000007b8a00000)
  to   space 512K, 0% used [0x00000007b8900000,0x00000007b8900000,0x00000007b8980000)
 ParOldGen       total 173568K, used 13785K [0x00000006c2800000, 0x00000006cd180000, 0x000000076b800000)
  object space 173568K, 7% used [0x00000006c2800000,0x00000006c3576470,0x00000006cd180000)
 Metaspace       used 8388K, capacity 8774K, committed 8960K, reserved 1056768K
  class space    used 662K, capacity 690K, committed 768K, reserved 1048576K
Event: 35.956 GC heap after
Heap after GC invocations=395 (full 0):
 PSYoungGen      total 54272K, used 224K [0x000000076b800000, 0x00000007b8a00000, 0x00000007c0000000)
  eden space 53760K, 0% used [0x000000076b800000,0x000000076b800000,0x000000076ec80000)
  from space 512K, 43% used [0x00000007b8900000,0x00000007b8938000,0x00000007b8980000)
  to   space 512K, 0% used [0x00000007b8980000,0x00000007b8980000,0x00000007b8a00000)
 ParOldGen       total 173568K, used 13785K [0x00000006c2800000, 0x00000006cd180000, 0x000000076b800000)
  object space 173568K, 7% used [0x00000006c2800000,0x00000006c3576470,0x00000006cd180000)
 Metaspace       used 8388K, capacity 8774K, committed 8960K, reserved 1056768K
  class space    used 662K, capacity 690K, committed 768K, reserved 1048576K
}
Event: 35.999 GC heap before
{Heap before GC invocations=396 (full 0):
 PSYoungGen      total 54272K, used 53984K [0x000000076b800000, 0x00000007b8a00000, 0x00000007c0000000)
  eden space 53760K, 100% used [0x000000076b800000,0x000000076ec80000,0x000000076ec80000)
  from space 512K, 43% used [0x00000007b8900000,0x00000007b8938000,0x00000007b8980000)
  to   space 512K, 0% used [0x00000007b8980000,0x00000007b8980000,0x00000007b8a00000)
 ParOldGen       total 173568K, used 13785K [0x00000006c2800000, 0x00000006cd180000, 0x000000076b800000)
  object space 173568K, 7% used [0x00000006c2800000,0x00000006c3576470,0x00000006cd180000)
 Metaspace       used 8388K, capacity 8774K, committed 8960K, reserved 1056768K
  class space    used 662K, capacity 690K, committed 768K, reserved 1048576K
Event: 36.000 GC heap after
Heap after GC invocations=396 (full 0):
 PSYoungGen      total 65024K, used 224K [0x000000076b800000, 0x00000007b8a00000, 0x00000007c0000000)
  eden space 64512K, 0% used [0x000000076b800000,0x000000076b800000,0x000000076f700000)
  from space 512K, 43% used [0x00000007b8980000,0x00000007b89b8000,0x00000007b8a00000)
  to   space 512K, 0% used [0x00000007b8900000,0x00000007b8900000,0x00000007b8980000)
 ParOldGen       total 173568K, used 13785K [0x00000006c2800000, 0x00000006cd180000, 0x000000076b800000)
  object space 173568K, 7% used [0x00000006c2800000,0x00000006c3576470,0x00000006cd180000)
 Metaspace       used 8388K, capacity 8774K, committed 8960K, reserved 1056768K
  class space    used 662K, capacity 690K, committed 768K, reserved 1048576K
}
Event: 36.074 GC heap before
{Heap before GC invocations=397 (full 0):
 PSYoungGen      total 65024K, used 64736K [0x000000076b800000, 0x00000007b8a00000, 0x00000007c0000000)
  eden space 64512K, 100% used [0x000000076b800000,0x000000076f700000,0x000000076f700000)
  from space 512K, 43% used [0x00000007b8980000,0x00000007b89b8000,0x00000007b8a00000)
  to   space 512K, 0% used [0x00000007b8900000,0x00000007b8900000,0x00000007b8980000)
 ParOldGen       total 173568K, used 13785K [0x00000006c2800000, 0x00000006cd180000, 0x000000076b800000)
  object space 173568K, 7% used [0x00000006c2800000,0x00000006c3576470,0x00000006cd180000)
 Metaspace       used 8388K, capacity 8774K, committed 8960K, reserved 1056768K
  class space    used 662K, capacity 690K, committed 768K, reserved 1048576K
Event: 36.074 GC heap after
Heap after GC invocations=397 (full 0):
 PSYoungGen      total 63488K, used 224K [0x000000076b800000, 0x00000007b8a00000, 0x00000007c0000000)
  eden space 62976K, 0% used [0x000000076b800000,0x000000076b800000,0x000000076f580000)
  from space 512K, 43% used [0x00000007b8900000,0x00000007b8938000,0x00000007b8980000)
  to   space 512K, 0% used [0x00000007b8980000,0x00000007b8980000,0x00000007b8a00000)
 ParOldGen       total 173568K, used 13785K [0x00000006c2800000, 0x00000006cd180000, 0x000000076b800000)
  object space 173568K, 7% used [0x00000006c2800000,0x00000006c3576470,0x00000006cd180000)
 Metaspace       used 8388K, capacity 8774K, committed 8960K, reserved 1056768K
  class space    used 662K, capacity 690K, committed 768K, reserved 1048576K
}

