# JRE version: Java(TM) SE Runtime Environment (8.0_65-b17) (build 1.8.0_65-b17)
# Java VM: Java HotSpot(TM) 64-Bit Server VM (25.65-b01 mixed mode windows-amd64 compressed oops)
Heap:
 PSYoungGen      total 1001984K, used 994734K [0x000000076b800000, 0x00000007ac180000, 0x00000007c0000000)
  eden space 1001472K, 99% used [0x000000076b800000,0x00000007a832ba98,0x00000007a8a00000)
  from space 512K, 50% used [0x00000007aba00000,0x00000007aba40000,0x00000007aba80000)
  to   space 6656K, 0% used [0x00000007abb00000,0x00000007abb00000,0x00000007ac180000)
 ParOldGen       total 173568K, used 15919K [0x00000006c2800000, 0x00000006cd180000, 0x000000076b800000)
  object space 173568K, 9% used [0x00000006c2800000,0x00000006c378be90,0x00000006cd180000)
 Metaspace       used 8367K, capacity 8710K, committed 8960K, reserved 1056768K
  class space    used 658K, capacity 690K, committed 768K, reserved 1048576K
GC Heap History (10 events):
Event: 1.539 GC heap before
{Heap before GC invocations=11 (full 0):
 PSYoungGen      total 413184K, used 413178K [0x000000076b800000, 0x0000000785c00000, 0x00000007c0000000)
  eden space 410112K, 100% used [0x000000076b800000,0x0000000784880000,0x0000000784880000)
  from space 3072K, 99% used [0x0000000785000000,0x00000007852feb60,0x0000000785300000)
  to   space 7680K, 0% used [0x0000000784880000,0x0000000784880000,0x0000000785000000)
 ParOldGen       total 173568K, used 14667K [0x00000006c2800000, 0x00000006cd180000, 0x000000076b800000)
  object space 173568K, 8% used [0x00000006c2800000,0x00000006c3652e80,0x00000006cd180000)
 Metaspace       used 8287K, capacity 8710K, committed 8960K, reserved 1056768K
  class space    used 658K, capacity 690K, committed 768K, reserved 1048576K
Event: 1.541 GC heap after
Heap after GC invocations=11 (full 0):
 PSYoungGen      total 417792K, used 288K [0x000000076b800000, 0x0000000794800000, 0x00000007c0000000)
  eden space 410112K, 0% used [0x000000076b800000,0x000000076b800000,0x0000000784880000)
  from space 7680K, 3% used [0x0000000784880000,0x00000007848c8000,0x0000000785000000)
  to   space 7680K, 0% used [0x0000000794080000,0x0000000794080000,0x0000000794800000)
 ParOldGen       total 173568K, used 15703K [0x00000006c2800000, 0x00000006cd180000, 0x000000076b800000)
  object space 173568K, 9% used [0x00000006c2800000,0x00000006c3755e90,0x00000006cd180000)
 Metaspace       used 8287K, capacity 8710K, committed 8960K, reserved 1056768K
  class space    used 658K, capacity 690K, committed 768K, reserved 1048576K
}
Event: 1.841 GC heap before
{Heap before GC invocations=12 (full 0):
 PSYoungGen      total 417792K, used 410400K [0x000000076b800000, 0x0000000794800000, 0x00000007c0000000)
  eden space 410112K, 100% used [0x000000076b800000,0x0000000784880000,0x0000000784880000)
  from space 7680K, 3% used [0x0000000784880000,0x00000007848c8000,0x0000000785000000)
  to   space 7680K, 0% used [0x0000000794080000,0x0000000794080000,0x0000000794800000)
 ParOldGen       total 173568K, used 15703K [0x00000006c2800000, 0x00000006cd180000, 0x000000076b800000)
  object space 173568K, 9% used [0x00000006c2800000,0x00000006c3755e90,0x00000006cd180000)
 Metaspace       used 8294K, capacity 8710K, committed 8960K, reserved 1056768K
  class space    used 658K, capacity 690K, committed 768K, reserved 1048576K
Event: 1.842 GC heap after
Heap after GC invocations=12 (full 0):
 PSYoungGen      total 663040K, used 128K [0x000000076b800000, 0x0000000794700000, 0x00000007c0000000)
  eden space 656384K, 0% used [0x000000076b800000,0x000000076b800000,0x0000000793900000)
  from space 6656K, 1% used [0x0000000794080000,0x00000007940a0000,0x0000000794700000)
  to   space 7168K, 0% used [0x0000000793900000,0x0000000793900000,0x0000000794000000)
 ParOldGen       total 173568K, used 15879K [0x00000006c2800000, 0x00000006cd180000, 0x000000076b800000)
  object space 173568K, 9% used [0x00000006c2800000,0x00000006c3781e90,0x00000006cd180000)
 Metaspace       used 8294K, capacity 8710K, committed 8960K, reserved 1056768K
  class space    used 658K, capacity 690K, committed 768K, reserved 1048576K
}
Event: 2.330 GC heap before
{Heap before GC invocations=13 (full 0):
 PSYoungGen      total 663040K, used 656512K [0x000000076b800000, 0x0000000794700000, 0x00000007c0000000)
  eden space 656384K, 100% used [0x000000076b800000,0x0000000793900000,0x0000000793900000)
  from space 6656K, 1% used [0x0000000794080000,0x00000007940a0000,0x0000000794700000)
  to   space 7168K, 0% used [0x0000000793900000,0x0000000793900000,0x0000000794000000)
 ParOldGen       total 173568K, used 15879K [0x00000006c2800000, 0x00000006cd180000, 0x000000076b800000)
  object space 173568K, 9% used [0x00000006c2800000,0x00000006c3781e90,0x00000006cd180000)
 Metaspace       used 8329K, capacity 8710K, committed 8960K, reserved 1056768K
  class space    used 658K, capacity 690K, committed 768K, reserved 1048576K
Event: 2.331 GC heap after
Heap after GC invocations=13 (full 0):
 PSYoungGen      total 663552K, used 224K [0x000000076b800000, 0x00000007ac800000, 0x00000007c0000000)
  eden space 656384K, 0% used [0x000000076b800000,0x000000076b800000,0x0000000793900000)
  from space 7168K, 3% used [0x0000000793900000,0x0000000793938000,0x0000000794000000)
  to   space 7168K, 0% used [0x00000007ac100000,0x00000007ac100000,0x00000007ac800000)
 ParOldGen       total 173568K, used 15879K [0x00000006c2800000, 0x00000006cd180000, 0x000000076b800000)
  object space 173568K, 9% used [0x00000006c2800000,0x00000006c3781e90,0x00000006cd180000)
 Metaspace       used 8329K, capacity 8710K, committed 8960K, reserved 1056768K
  class space    used 658K, capacity 690K, committed 768K, reserved 1048576K
}
Event: 2.825 GC heap before
{Heap before GC invocations=14 (full 0):
 PSYoungGen      total 663552K, used 656608K [0x000000076b800000, 0x00000007ac800000, 0x00000007c0000000)
  eden space 656384K, 100% used [0x000000076b800000,0x0000000793900000,0x0000000793900000)
  from space 7168K, 3% used [0x0000000793900000,0x0000000793938000,0x0000000794000000)
  to   space 7168K, 0% used [0x00000007ac100000,0x00000007ac100000,0x00000007ac800000)
 ParOldGen       total 173568K, used 15879K [0x00000006c2800000, 0x00000006cd180000, 0x000000076b800000)
  object space 173568K, 9% used [0x00000006c2800000,0x00000006c3781e90,0x00000006cd180000)
 Metaspace       used 8343K, capacity 8710K, committed 8960K, reserved 1056768K
  class space    used 658K, capacity 690K, committed 768K, reserved 1048576K
Event: 2.826 GC heap after
Heap after GC invocations=14 (full 0):
 PSYoungGen      total 1057792K, used 224K [0x000000076b800000, 0x00000007ac800000, 0x00000007c0000000)
  eden space 1050624K, 0% used [0x000000076b800000,0x000000076b800000,0x00000007aba00000)
  from space 7168K, 3% used [0x00000007ac100000,0x00000007ac138000,0x00000007ac800000)
  to   space 7168K, 0% used [0x00000007aba00000,0x00000007aba00000,0x00000007ac100000)
 ParOldGen       total 173568K, used 15919K [0x00000006c2800000, 0x00000006cd180000, 0x000000076b800000)
  object space 173568K, 9% used [0x00000006c2800000,0x00000006c378be90,0x00000006cd180000)
 Metaspace       used 8343K, capacity 8710K, committed 8960K, reserved 1056768K
  class space    used 658K, capacity 690K, committed 768K, reserved 1048576K
}
Event: 3.638 GC heap before
{Heap before GC invocations=15 (full 0):
 PSYoungGen      total 1057792K, used 1050848K [0x000000076b800000, 0x00000007ac800000, 0x00000007c0000000)
  eden space 1050624K, 100% used [0x000000076b800000,0x00000007aba00000,0x00000007aba00000)
  from space 7168K, 3% used [0x00000007ac100000,0x00000007ac138000,0x00000007ac800000)
  to   space 7168K, 0% used [0x00000007aba00000,0x00000007aba00000,0x00000007ac100000)
 ParOldGen       total 173568K, used 15919K [0x00000006c2800000, 0x00000006cd180000, 0x000000076b800000)
  object space 173568K, 9% used [0x00000006c2800000,0x00000006c378be90,0x00000006cd180000)
 Metaspace       used 8360K, capacity 8710K, committed 8960K, reserved 1056768K
  class space    used 658K, capacity 690K, committed 768K, reserved 1048576K
Event: 3.639 GC heap after
Heap after GC invocations=15 (full 0):
 PSYoungGen      total 1001984K, used 256K [0x000000076b800000, 0x00000007ac180000, 0x00000007c0000000)
  eden space 1001472K, 0% used [0x000000076b800000,0x000000076b800000,0x00000007a8a00000)
  from space 512K, 50% used [0x00000007aba00000,0x00000007aba40000,0x00000007aba80000)
  to   space 6656K, 0% used [0x00000007abb00000,0x00000007abb00000,0x00000007ac180000)
 ParOldGen       total 173568K, used 15919K [0x00000006c2800000, 0x00000006cd180000, 0x000000076b800000)
  object space 173568K, 9% used [0x00000006c2800000,0x00000006c378be90,0x00000006cd180000)
 Metaspace       used 8360K, capacity 8710K, committed 8960K, reserved 1056768K
  class space    used 658K, capacity 690K, committed 768K, reserved 1048576K
}

