# JRE version: Java(TM) SE Runtime Environment (8.0_65-b17) (build 1.8.0_65-b17)
# Java VM: Java HotSpot(TM) 64-Bit Server VM (25.65-b01 mixed mode windows-amd64 compressed oops)
Heap:
 PSYoungGen      total 136192K, used 121964K [0x000000076b800000, 0x000000078a980000, 0x00000007c0000000)
  eden space 134656K, 90% used [0x000000076b800000,0x0000000772ee32a0,0x0000000773b80000)
  from space 1536K, 14% used [0x000000078a680000,0x000000078a6b8000,0x000000078a800000)
  to   space 1536K, 0% used [0x000000078a800000,0x000000078a800000,0x000000078a980000)
 ParOldGen       total 173568K, used 1276K [0x00000006c2800000, 0x00000006cd180000, 0x000000076b800000)
  object space 173568K, 0% used [0x00000006c2800000,0x00000006c293f060,0x00000006cd180000)
 Metaspace       used 8081K, capacity 8646K, committed 8960K, reserved 1056768K
  class space    used 646K, capacity 690K, committed 768K, reserved 1048576K
GC Heap History (10 events):
Event: 3.940 GC heap before
{Heap before GC invocations=21 (full 0):
 PSYoungGen      total 160256K, used 159904K [0x000000076b800000, 0x000000078ac00000, 0x00000007c0000000)
  eden space 159744K, 100% used [0x000000076b800000,0x0000000775400000,0x0000000775400000)
  from space 512K, 31% used [0x000000078ab80000,0x000000078aba8000,0x000000078ac00000)
  to   space 2048K, 0% used [0x000000078a800000,0x000000078a800000,0x000000078aa00000)
 ParOldGen       total 173568K, used 1260K [0x00000006c2800000, 0x00000006cd180000, 0x000000076b800000)
  object space 173568K, 0% used [0x00000006c2800000,0x00000006c293b060,0x00000006cd180000)
 Metaspace       used 8079K, capacity 8646K, committed 8960K, reserved 1056768K
  class space    used 646K, capacity 690K, committed 768K, reserved 1048576K
Event: 3.940 GC heap after
Heap after GC invocations=21 (full 0):
 PSYoungGen      total 156160K, used 160K [0x000000076b800000, 0x000000078ac00000, 0x00000007c0000000)
  eden space 154112K, 0% used [0x000000076b800000,0x000000076b800000,0x0000000774e80000)
  from space 2048K, 7% used [0x000000078a800000,0x000000078a828000,0x000000078aa00000)
  to   space 2048K, 0% used [0x000000078aa00000,0x000000078aa00000,0x000000078ac00000)
 ParOldGen       total 173568K, used 1276K [0x00000006c2800000, 0x00000006cd180000, 0x000000076b800000)
  object space 173568K, 0% used [0x00000006c2800000,0x00000006c293f060,0x00000006cd180000)
 Metaspace       used 8079K, capacity 8646K, committed 8960K, reserved 1056768K
  class space    used 646K, capacity 690K, committed 768K, reserved 1048576K
}
Event: 4.154 GC heap before
{Heap before GC invocations=22 (full 0):
 PSYoungGen      total 156160K, used 154272K [0x000000076b800000, 0x000000078ac00000, 0x00000007c0000000)
  eden space 154112K, 100% used [0x000000076b800000,0x0000000774e80000,0x0000000774e80000)
  from space 2048K, 7% used [0x000000078a800000,0x000000078a828000,0x000000078aa00000)
  to   space 2048K, 0% used [0x000000078aa00000,0x000000078aa00000,0x000000078ac00000)
 ParOldGen       total 173568K, used 1276K [0x00000006c2800000, 0x00000006cd180000, 0x000000076b800000)
  object space 173568K, 0% used [0x00000006c2800000,0x00000006c293f060,0x00000006cd180000)
 Metaspace       used 8080K, capacity 8646K, committed 8960K, reserved 1056768K
  class space    used 646K, capacity 690K, committed 768K, reserved 1048576K
Event: 4.155 GC heap after
Heap after GC invocations=22 (full 0):
 PSYoungGen      total 149504K, used 224K [0x000000076b800000, 0x000000078aa80000, 0x00000007c0000000)
  eden space 148992K, 0% used [0x000000076b800000,0x000000076b800000,0x0000000774980000)
  from space 512K, 43% used [0x000000078aa00000,0x000000078aa38000,0x000000078aa80000)
  to   space 1536K, 0% used [0x000000078a780000,0x000000078a780000,0x000000078a900000)
 ParOldGen       total 173568K, used 1276K [0x00000006c2800000, 0x00000006cd180000, 0x000000076b800000)
  object space 173568K, 0% used [0x00000006c2800000,0x00000006c293f060,0x00000006cd180000)
 Metaspace       used 8080K, capacity 8646K, committed 8960K, reserved 1056768K
  class space    used 646K, capacity 690K, committed 768K, reserved 1048576K
}
Event: 4.344 GC heap before
{Heap before GC invocations=23 (full 0):
 PSYoungGen      total 149504K, used 149216K [0x000000076b800000, 0x000000078aa80000, 0x00000007c0000000)
  eden space 148992K, 100% used [0x000000076b800000,0x0000000774980000,0x0000000774980000)
  from space 512K, 43% used [0x000000078aa00000,0x000000078aa38000,0x000000078aa80000)
  to   space 1536K, 0% used [0x000000078a780000,0x000000078a780000,0x000000078a900000)
 ParOldGen       total 173568K, used 1276K [0x00000006c2800000, 0x00000006cd180000, 0x000000076b800000)
  object space 173568K, 0% used [0x00000006c2800000,0x00000006c293f060,0x00000006cd180000)
 Metaspace       used 8080K, capacity 8646K, committed 8960K, reserved 1056768K
  class space    used 646K, capacity 690K, committed 768K, reserved 1048576K
Event: 4.345 GC heap after
Heap after GC invocations=23 (full 0):
 PSYoungGen      total 145408K, used 128K [0x000000076b800000, 0x000000078aa80000, 0x00000007c0000000)
  eden space 143872K, 0% used [0x000000076b800000,0x000000076b800000,0x0000000774480000)
  from space 1536K, 8% used [0x000000078a780000,0x000000078a7a0000,0x000000078a900000)
  to   space 1536K, 0% used [0x000000078a900000,0x000000078a900000,0x000000078aa80000)
 ParOldGen       total 173568K, used 1276K [0x00000006c2800000, 0x00000006cd180000, 0x000000076b800000)
  object space 173568K, 0% used [0x00000006c2800000,0x00000006c293f060,0x00000006cd180000)
 Metaspace       used 8080K, capacity 8646K, committed 8960K, reserved 1056768K
  class space    used 646K, capacity 690K, committed 768K, reserved 1048576K
}
Event: 4.568 GC heap before
{Heap before GC invocations=24 (full 0):
 PSYoungGen      total 145408K, used 144000K [0x000000076b800000, 0x000000078aa80000, 0x00000007c0000000)
  eden space 143872K, 100% used [0x000000076b800000,0x0000000774480000,0x0000000774480000)
  from space 1536K, 8% used [0x000000078a780000,0x000000078a7a0000,0x000000078a900000)
  to   space 1536K, 0% used [0x000000078a900000,0x000000078a900000,0x000000078aa80000)
 ParOldGen       total 173568K, used 1276K [0x00000006c2800000, 0x00000006cd180000, 0x000000076b800000)
  object space 173568K, 0% used [0x00000006c2800000,0x00000006c293f060,0x00000006cd180000)
 Metaspace       used 8080K, capacity 8646K, committed 8960K, reserved 1056768K
  class space    used 646K, capacity 690K, committed 768K, reserved 1048576K
Event: 4.568 GC heap after
Heap after GC invocations=24 (full 0):
 PSYoungGen      total 139776K, used 224K [0x000000076b800000, 0x000000078a980000, 0x00000007c0000000)
  eden space 139264K, 0% used [0x000000076b800000,0x000000076b800000,0x0000000774000000)
  from space 512K, 43% used [0x000000078a900000,0x000000078a938000,0x000000078a980000)
  to   space 1536K, 0% used [0x000000078a680000,0x000000078a680000,0x000000078a800000)
 ParOldGen       total 173568K, used 1276K [0x00000006c2800000, 0x00000006cd180000, 0x000000076b800000)
  object space 173568K, 0% used [0x00000006c2800000,0x00000006c293f060,0x00000006cd180000)
 Metaspace       used 8080K, capacity 8646K, committed 8960K, reserved 1056768K
  class space    used 646K, capacity 690K, committed 768K, reserved 1048576K
}
Event: 4.754 GC heap before
{Heap before GC invocations=25 (full 0):
 PSYoungGen      total 139776K, used 139488K [0x000000076b800000, 0x000000078a980000, 0x00000007c0000000)
  eden space 139264K, 100% used [0x000000076b800000,0x0000000774000000,0x0000000774000000)
  from space 512K, 43% used [0x000000078a900000,0x000000078a938000,0x000000078a980000)
  to   space 1536K, 0% used [0x000000078a680000,0x000000078a680000,0x000000078a800000)
 ParOldGen       total 173568K, used 1276K [0x00000006c2800000, 0x00000006cd180000, 0x000000076b800000)
  object space 173568K, 0% used [0x00000006c2800000,0x00000006c293f060,0x00000006cd180000)
 Metaspace       used 8081K, capacity 8646K, committed 8960K, reserved 1056768K
  class space    used 646K, capacity 690K, committed 768K, reserved 1048576K
Event: 4.755 GC heap after
Heap after GC invocations=25 (full 0):
 PSYoungGen      total 136192K, used 224K [0x000000076b800000, 0x000000078a980000, 0x00000007c0000000)
  eden space 134656K, 0% used [0x000000076b800000,0x000000076b800000,0x0000000773b80000)
  from space 1536K, 14% used [0x000000078a680000,0x000000078a6b8000,0x000000078a800000)
  to   space 1536K, 0% used [0x000000078a800000,0x000000078a800000,0x000000078a980000)
 ParOldGen       total 173568K, used 1276K [0x00000006c2800000, 0x00000006cd180000, 0x000000076b800000)
  object space 173568K, 0% used [0x00000006c2800000,0x00000006c293f060,0x00000006cd180000)
 Metaspace       used 8081K, capacity 8646K, committed 8960K, reserved 1056768K
  class space    used 646K, capacity 690K, committed 768K, reserved 1048576K
}

