# JRE version: Java(TM) SE Runtime Environment (8.0_65-b17) (build 1.8.0_65-b17)
# Java VM: Java HotSpot(TM) 64-Bit Server VM (25.65-b01 mixed mode windows-amd64 compressed oops)
Heap:
 PSYoungGen      total 665600K, used 320029K [0x000000076b800000, 0x00000007acb80000, 0x00000007c0000000)
  eden space 657408K, 48% used [0x000000076b800000,0x000000077f04f638,0x0000000793a00000)
  from space 8192K, 2% used [0x0000000793a00000,0x0000000793a38000,0x0000000794200000)
  to   space 8192K, 0% used [0x00000007ac380000,0x00000007ac380000,0x00000007acb80000)
 ParOldGen       total 173568K, used 17084K [0x00000006c2800000, 0x00000006cd180000, 0x000000076b800000)
  object space 173568K, 9% used [0x00000006c2800000,0x00000006c38af270,0x00000006cd180000)
 Metaspace       used 8376K, capacity 8774K, committed 8960K, reserved 1056768K
  class space    used 662K, capacity 690K, committed 768K, reserved 1048576K
GC Heap History (10 events):
Event: 1.085 GC heap before
{Heap before GC invocations=9 (full 0):
 PSYoungGen      total 260608K, used 260471K [0x000000076b800000, 0x000000077ba00000, 0x00000007c0000000)
  eden space 258560K, 100% used [0x000000076b800000,0x000000077b480000,0x000000077b480000)
  from space 2048K, 93% used [0x000000077b700000,0x000000077b8ddfb8,0x000000077b900000)
  to   space 2560K, 0% used [0x000000077b480000,0x000000077b480000,0x000000077b700000)
 ParOldGen       total 173568K, used 820K [0x00000006c2800000, 0x00000006cd180000, 0x000000076b800000)
  object space 173568K, 0% used [0x00000006c2800000,0x00000006c28cd060,0x00000006cd180000)
 Metaspace       used 8214K, capacity 8646K, committed 8960K, reserved 1056768K
  class space    used 655K, capacity 690K, committed 768K, reserved 1048576K
Event: 1.093 GC heap after
Heap after GC invocations=9 (full 0):
 PSYoungGen      total 261120K, used 2539K [0x000000076b800000, 0x0000000785600000, 0x00000007c0000000)
  eden space 258560K, 0% used [0x000000076b800000,0x000000076b800000,0x000000077b480000)
  from space 2560K, 99% used [0x000000077b480000,0x000000077b6faf60,0x000000077b700000)
  to   space 5120K, 0% used [0x0000000785100000,0x0000000785100000,0x0000000785600000)
 ParOldGen       total 173568K, used 7220K [0x00000006c2800000, 0x00000006cd180000, 0x000000076b800000)
  object space 173568K, 4% used [0x00000006c2800000,0x00000006c2f0d060,0x00000006cd180000)
 Metaspace       used 8214K, capacity 8646K, committed 8960K, reserved 1056768K
  class space    used 655K, capacity 690K, committed 768K, reserved 1048576K
}
Event: 1.255 GC heap before
{Heap before GC invocations=10 (full 0):
 PSYoungGen      total 261120K, used 261099K [0x000000076b800000, 0x0000000785600000, 0x00000007c0000000)
  eden space 258560K, 100% used [0x000000076b800000,0x000000077b480000,0x000000077b480000)
  from space 2560K, 99% used [0x000000077b480000,0x000000077b6faf60,0x000000077b700000)
  to   space 5120K, 0% used [0x0000000785100000,0x0000000785100000,0x0000000785600000)
 ParOldGen       total 173568K, used 7220K [0x00000006c2800000, 0x00000006cd180000, 0x000000076b800000)
  object space 173568K, 4% used [0x00000006c2800000,0x00000006c2f0d060,0x00000006cd180000)
 Metaspace       used 8241K, capacity 8646K, committed 8960K, reserved 1056768K
  class space    used 655K, capacity 690K, committed 768K, reserved 1048576K
Event: 1.264 GC heap after
Heap after GC invocations=10 (full 0):
 PSYoungGen      total 415744K, used 5096K [0x000000076b800000, 0x0000000785c00000, 0x00000007c0000000)
  eden space 410624K, 0% used [0x000000076b800000,0x000000076b800000,0x0000000784900000)
  from space 5120K, 99% used [0x0000000785100000,0x00000007855fa1f0,0x0000000785600000)
  to   space 8192K, 0% used [0x0000000784900000,0x0000000784900000,0x0000000785100000)
 ParOldGen       total 173568K, used 13109K [0x00000006c2800000, 0x00000006cd180000, 0x000000076b800000)
  object space 173568K, 7% used [0x00000006c2800000,0x00000006c34cd5b0,0x00000006cd180000)
 Metaspace       used 8241K, capacity 8646K, committed 8960K, reserved 1056768K
  class space    used 655K, capacity 690K, committed 768K, reserved 1048576K
}
Event: 1.549 GC heap before
{Heap before GC invocations=11 (full 0):
 PSYoungGen      total 415744K, used 415720K [0x000000076b800000, 0x0000000785c00000, 0x00000007c0000000)
  eden space 410624K, 100% used [0x000000076b800000,0x0000000784900000,0x0000000784900000)
  from space 5120K, 99% used [0x0000000785100000,0x00000007855fa1f0,0x0000000785600000)
  to   space 8192K, 0% used [0x0000000784900000,0x0000000784900000,0x0000000785100000)
 ParOldGen       total 173568K, used 13109K [0x00000006c2800000, 0x00000006cd180000, 0x000000076b800000)
  object space 173568K, 7% used [0x00000006c2800000,0x00000006c34cd5b0,0x00000006cd180000)
 Metaspace       used 8328K, capacity 8710K, committed 8960K, reserved 1056768K
  class space    used 662K, capacity 690K, committed 768K, reserved 1048576K
Event: 1.552 GC heap after
Heap after GC invocations=11 (full 0):
 PSYoungGen      total 418816K, used 288K [0x000000076b800000, 0x0000000794a00000, 0x00000007c0000000)
  eden space 410624K, 0% used [0x000000076b800000,0x000000076b800000,0x0000000784900000)
  from space 8192K, 3% used [0x0000000784900000,0x0000000784948000,0x0000000785100000)
  to   space 8192K, 0% used [0x0000000794200000,0x0000000794200000,0x0000000794a00000)
 ParOldGen       total 173568K, used 17004K [0x00000006c2800000, 0x00000006cd180000, 0x000000076b800000)
  object space 173568K, 9% used [0x00000006c2800000,0x00000006c389b270,0x00000006cd180000)
 Metaspace       used 8328K, capacity 8710K, committed 8960K, reserved 1056768K
  class space    used 662K, capacity 690K, committed 768K, reserved 1048576K
}
Event: 1.849 GC heap before
{Heap before GC invocations=12 (full 0):
 PSYoungGen      total 418816K, used 410912K [0x000000076b800000, 0x0000000794a00000, 0x00000007c0000000)
  eden space 410624K, 100% used [0x000000076b800000,0x0000000784900000,0x0000000784900000)
  from space 8192K, 3% used [0x0000000784900000,0x0000000784948000,0x0000000785100000)
  to   space 8192K, 0% used [0x0000000794200000,0x0000000794200000,0x0000000794a00000)
 ParOldGen       total 173568K, used 17004K [0x00000006c2800000, 0x00000006cd180000, 0x000000076b800000)
  object space 173568K, 9% used [0x00000006c2800000,0x00000006c389b270,0x00000006cd180000)
 Metaspace       used 8355K, capacity 8710K, committed 8960K, reserved 1056768K
  class space    used 662K, capacity 690K, committed 768K, reserved 1048576K
Event: 1.849 GC heap after
Heap after GC invocations=12 (full 0):
 PSYoungGen      total 665600K, used 224K [0x000000076b800000, 0x0000000794a00000, 0x00000007c0000000)
  eden space 657408K, 0% used [0x000000076b800000,0x000000076b800000,0x0000000793a00000)
  from space 8192K, 2% used [0x0000000794200000,0x0000000794238000,0x0000000794a00000)
  to   space 8192K, 0% used [0x0000000793a00000,0x0000000793a00000,0x0000000794200000)
 ParOldGen       total 173568K, used 17068K [0x00000006c2800000, 0x00000006cd180000, 0x000000076b800000)
  object space 173568K, 9% used [0x00000006c2800000,0x00000006c38ab270,0x00000006cd180000)
 Metaspace       used 8355K, capacity 8710K, committed 8960K, reserved 1056768K
  class space    used 662K, capacity 690K, committed 768K, reserved 1048576K
}
Event: 2.365 GC heap before
{Heap before GC invocations=13 (full 0):
 PSYoungGen      total 665600K, used 657632K [0x000000076b800000, 0x0000000794a00000, 0x00000007c0000000)
  eden space 657408K, 100% used [0x000000076b800000,0x0000000793a00000,0x0000000793a00000)
  from space 8192K, 2% used [0x0000000794200000,0x0000000794238000,0x0000000794a00000)
  to   space 8192K, 0% used [0x0000000793a00000,0x0000000793a00000,0x0000000794200000)
 ParOldGen       total 173568K, used 17068K [0x00000006c2800000, 0x00000006cd180000, 0x000000076b800000)
  object space 173568K, 9% used [0x00000006c2800000,0x00000006c38ab270,0x00000006cd180000)
 Metaspace       used 8368K, capacity 8710K, committed 8960K, reserved 1056768K
  class space    used 662K, capacity 690K, committed 768K, reserved 1048576K
Event: 2.366 GC heap after
Heap after GC invocations=13 (full 0):
 PSYoungGen      total 665600K, used 224K [0x000000076b800000, 0x00000007acb80000, 0x00000007c0000000)
  eden space 657408K, 0% used [0x000000076b800000,0x000000076b800000,0x0000000793a00000)
  from space 8192K, 2% used [0x0000000793a00000,0x0000000793a38000,0x0000000794200000)
  to   space 8192K, 0% used [0x00000007ac380000,0x00000007ac380000,0x00000007acb80000)
 ParOldGen       total 173568K, used 17084K [0x00000006c2800000, 0x00000006cd180000, 0x000000076b800000)
  object space 173568K, 9% used [0x00000006c2800000,0x00000006c38af270,0x00000006cd180000)
 Metaspace       used 8368K, capacity 8710K, committed 8960K, reserved 1056768K
  class space    used 662K, capacity 690K, committed 768K, reserved 1048576K
}

