# JRE version: Java(TM) SE Runtime Environment (8.0_65-b17) (build 1.8.0_65-b17)
# Java VM: Java HotSpot(TM) 64-Bit Server VM (25.65-b01 mixed mode windows-amd64 compressed oops)
Heap:
 PSYoungGen      total 994304K, used 584406K [0x000000076b800000, 0x00000007bf400000, 0x00000007c0000000)
  eden space 993792K, 58% used [0x000000076b800000,0x000000078f27da90,0x00000007a8280000)
  from space 512K, 43% used [0x00000007bf380000,0x00000007bf3b8000,0x00000007bf400000)
  to   space 11776K, 0% used [0x00000007bdd00000,0x00000007bdd00000,0x00000007be880000)
 ParOldGen       total 173568K, used 31928K [0x00000006c2800000, 0x00000006cd180000, 0x000000076b800000)
  object space 173568K, 18% used [0x00000006c2800000,0x00000006c472e320,0x00000006cd180000)
 Metaspace       used 8339K, capacity 8710K, committed 8960K, reserved 1056768K
  class space    used 659K, capacity 690K, committed 768K, reserved 1048576K
GC Heap History (10 events):
Event: 1.831 GC heap before
{Heap before GC invocations=12 (full 0):
 PSYoungGen      total 421376K, used 407296K [0x000000076b800000, 0x0000000794f00000, 0x00000007c0000000)
  eden space 407040K, 100% used [0x000000076b800000,0x0000000784580000,0x0000000784580000)
  from space 14336K, 1% used [0x0000000784580000,0x00000007845c0000,0x0000000785380000)
  to   space 13824K, 0% used [0x0000000794180000,0x0000000794180000,0x0000000794f00000)
 ParOldGen       total 173568K, used 31776K [0x00000006c2800000, 0x00000006cd180000, 0x000000076b800000)
  object space 173568K, 18% used [0x00000006c2800000,0x00000006c4708320,0x00000006cd180000)
 Metaspace       used 8288K, capacity 8710K, committed 8960K, reserved 1056768K
  class space    used 659K, capacity 690K, committed 768K, reserved 1048576K
Event: 1.832 GC heap after
Heap after GC invocations=12 (full 0):
 PSYoungGen      total 665088K, used 224K [0x000000076b800000, 0x0000000794f00000, 0x00000007c0000000)
  eden space 651264K, 0% used [0x000000076b800000,0x000000076b800000,0x0000000793400000)
  from space 13824K, 1% used [0x0000000794180000,0x00000007941b8000,0x0000000794f00000)
  to   space 13824K, 0% used [0x0000000793400000,0x0000000793400000,0x0000000794180000)
 ParOldGen       total 173568K, used 31840K [0x00000006c2800000, 0x00000006cd180000, 0x000000076b800000)
  object space 173568K, 18% used [0x00000006c2800000,0x00000006c4718320,0x00000006cd180000)
 Metaspace       used 8288K, capacity 8710K, committed 8960K, reserved 1056768K
  class space    used 659K, capacity 690K, committed 768K, reserved 1048576K
}
Event: 2.333 GC heap before
{Heap before GC invocations=13 (full 0):
 PSYoungGen      total 665088K, used 651488K [0x000000076b800000, 0x0000000794f00000, 0x00000007c0000000)
  eden space 651264K, 100% used [0x000000076b800000,0x0000000793400000,0x0000000793400000)
  from space 13824K, 1% used [0x0000000794180000,0x00000007941b8000,0x0000000794f00000)
  to   space 13824K, 0% used [0x0000000793400000,0x0000000793400000,0x0000000794180000)
 ParOldGen       total 173568K, used 31840K [0x00000006c2800000, 0x00000006cd180000, 0x000000076b800000)
  object space 173568K, 18% used [0x00000006c2800000,0x00000006c4718320,0x00000006cd180000)
 Metaspace       used 8311K, capacity 8710K, committed 8960K, reserved 1056768K
  class space    used 659K, capacity 690K, committed 768K, reserved 1048576K
Event: 2.333 GC heap after
Heap after GC invocations=13 (full 0):
 PSYoungGen      total 665088K, used 224K [0x000000076b800000, 0x00000007acc00000, 0x00000007c0000000)
  eden space 651264K, 0% used [0x000000076b800000,0x000000076b800000,0x0000000793400000)
  from space 13824K, 1% used [0x0000000793400000,0x0000000793438000,0x0000000794180000)
  to   space 13312K, 0% used [0x00000007abf00000,0x00000007abf00000,0x00000007acc00000)
 ParOldGen       total 173568K, used 31840K [0x00000006c2800000, 0x00000006cd180000, 0x000000076b800000)
  object space 173568K, 18% used [0x00000006c2800000,0x00000006c4718320,0x00000006cd180000)
 Metaspace       used 8311K, capacity 8710K, committed 8960K, reserved 1056768K
  class space    used 659K, capacity 690K, committed 768K, reserved 1048576K
}
Event: 2.809 GC heap before
{Heap before GC invocations=14 (full 0):
 PSYoungGen      total 665088K, used 651488K [0x000000076b800000, 0x00000007acc00000, 0x00000007c0000000)
  eden space 651264K, 100% used [0x000000076b800000,0x0000000793400000,0x0000000793400000)
  from space 13824K, 1% used [0x0000000793400000,0x0000000793438000,0x0000000794180000)
  to   space 13312K, 0% used [0x00000007abf00000,0x00000007abf00000,0x00000007acc00000)
 ParOldGen       total 173568K, used 31840K [0x00000006c2800000, 0x00000006cd180000, 0x000000076b800000)
  object space 173568K, 18% used [0x00000006c2800000,0x00000006c4718320,0x00000006cd180000)
 Metaspace       used 8320K, capacity 8710K, committed 8960K, reserved 1056768K
  class space    used 659K, capacity 690K, committed 768K, reserved 1048576K
Event: 2.809 GC heap after
Heap after GC invocations=14 (full 0):
 PSYoungGen      total 1054720K, used 224K [0x000000076b800000, 0x00000007acb00000, 0x00000007c0000000)
  eden space 1042432K, 0% used [0x000000076b800000,0x000000076b800000,0x00000007ab200000)
  from space 12288K, 1% used [0x00000007abf00000,0x00000007abf38000,0x00000007acb00000)
  to   space 12800K, 0% used [0x00000007ab200000,0x00000007ab200000,0x00000007abe80000)
 ParOldGen       total 173568K, used 31888K [0x00000006c2800000, 0x00000006cd180000, 0x000000076b800000)
  object space 173568K, 18% used [0x00000006c2800000,0x00000006c4724320,0x00000006cd180000)
 Metaspace       used 8320K, capacity 8710K, committed 8960K, reserved 1056768K
  class space    used 659K, capacity 690K, committed 768K, reserved 1048576K
}
Event: 3.582 GC heap before
{Heap before GC invocations=15 (full 0):
 PSYoungGen      total 1054720K, used 1042656K [0x000000076b800000, 0x00000007acb00000, 0x00000007c0000000)
  eden space 1042432K, 100% used [0x000000076b800000,0x00000007ab200000,0x00000007ab200000)
  from space 12288K, 1% used [0x00000007abf00000,0x00000007abf38000,0x00000007acb00000)
  to   space 12800K, 0% used [0x00000007ab200000,0x00000007ab200000,0x00000007abe80000)
 ParOldGen       total 173568K, used 31888K [0x00000006c2800000, 0x00000006cd180000, 0x000000076b800000)
  object space 173568K, 18% used [0x00000006c2800000,0x00000006c4724320,0x00000006cd180000)
 Metaspace       used 8331K, capacity 8710K, committed 8960K, reserved 1056768K
  class space    used 659K, capacity 690K, committed 768K, reserved 1048576K
Event: 3.583 GC heap after
Heap after GC invocations=15 (full 0):
 PSYoungGen      total 1055232K, used 224K [0x000000076b800000, 0x00000007bff80000, 0x00000007c0000000)
  eden space 1042432K, 0% used [0x000000076b800000,0x000000076b800000,0x00000007ab200000)
  from space 12800K, 1% used [0x00000007ab200000,0x00000007ab238000,0x00000007abe80000)
  to   space 12288K, 0% used [0x00000007bf380000,0x00000007bf380000,0x00000007bff80000)
 ParOldGen       total 173568K, used 31888K [0x00000006c2800000, 0x00000006cd180000, 0x000000076b800000)
  object space 173568K, 18% used [0x00000006c2800000,0x00000006c4724320,0x00000006cd180000)
 Metaspace       used 8331K, capacity 8710K, committed 8960K, reserved 1056768K
  class space    used 659K, capacity 690K, committed 768K, reserved 1048576K
}
Event: 4.414 GC heap before
{Heap before GC invocations=16 (full 0):
 PSYoungGen      total 1055232K, used 1042656K [0x000000076b800000, 0x00000007bff80000, 0x00000007c0000000)
  eden space 1042432K, 100% used [0x000000076b800000,0x00000007ab200000,0x00000007ab200000)
  from space 12800K, 1% used [0x00000007ab200000,0x00000007ab238000,0x00000007abe80000)
  to   space 12288K, 0% used [0x00000007bf380000,0x00000007bf380000,0x00000007bff80000)
 ParOldGen       total 173568K, used 31888K [0x00000006c2800000, 0x00000006cd180000, 0x000000076b800000)
  object space 173568K, 18% used [0x00000006c2800000,0x00000006c4724320,0x00000006cd180000)
 Metaspace       used 8331K, capacity 8710K, committed 8960K, reserved 1056768K
  class space    used 659K, capacity 690K, committed 768K, reserved 1048576K
Event: 4.415 GC heap after
Heap after GC invocations=16 (full 0):
 PSYoungGen      total 994304K, used 224K [0x000000076b800000, 0x00000007bf400000, 0x00000007c0000000)
  eden space 993792K, 0% used [0x000000076b800000,0x000000076b800000,0x00000007a8280000)
  from space 512K, 43% used [0x00000007bf380000,0x00000007bf3b8000,0x00000007bf400000)
  to   space 11776K, 0% used [0x00000007bdd00000,0x00000007bdd00000,0x00000007be880000)
 ParOldGen       total 173568K, used 31928K [0x00000006c2800000, 0x00000006cd180000, 0x000000076b800000)
  object space 173568K, 18% used [0x00000006c2800000,0x00000006c472e320,0x00000006cd180000)
 Metaspace       used 8331K, capacity 8710K, committed 8960K, reserved 1056768K
  class space    used 659K, capacity 690K, committed 768K, reserved 1048576K
}

