# JRE version: Java(TM) SE Runtime Environment (8.0_65-b17) (build 1.8.0_65-b17)
# Java VM: Java HotSpot(TM) 64-Bit Server VM (25.65-b01 mixed mode windows-amd64 compressed oops)
Heap:
 PSYoungGen      total 147456K, used 23621K [0x000000076b800000, 0x00000007b9800000, 0x00000007c0000000)
  eden space 146944K, 15% used [0x000000076b800000,0x000000076cee97e8,0x0000000774780000)
  from space 512K, 31% used [0x00000007b9780000,0x00000007b97a8000,0x00000007b9800000)
  to   space 512K, 0% used [0x00000007b9700000,0x00000007b9700000,0x00000007b9780000)
 ParOldGen       total 173568K, used 27975K [0x00000006c2800000, 0x00000006cd180000, 0x000000076b800000)
  object space 173568K, 16% used [0x00000006c2800000,0x00000006c4351e80,0x00000006cd180000)
 Metaspace       used 8329K, capacity 8710K, committed 8960K, reserved 1056768K
  class space    used 659K, capacity 690K, committed 768K, reserved 1048576K
GC Heap History (10 events):
Event: 26.227 GC heap before
{Heap before GC invocations=254 (full 0):
 PSYoungGen      total 175104K, used 174752K [0x000000076b800000, 0x00000007b9800000, 0x00000007c0000000)
  eden space 174592K, 100% used [0x000000076b800000,0x0000000776280000,0x0000000776280000)
  from space 512K, 31% used [0x00000007b9700000,0x00000007b9728000,0x00000007b9780000)
  to   space 512K, 0% used [0x00000007b9780000,0x00000007b9780000,0x00000007b9800000)
 ParOldGen       total 173568K, used 27975K [0x00000006c2800000, 0x00000006cd180000, 0x000000076b800000)
  object space 173568K, 16% used [0x00000006c2800000,0x00000006c4351e80,0x00000006cd180000)
 Metaspace       used 8329K, capacity 8710K, committed 8960K, reserved 1056768K
  class space    used 659K, capacity 690K, committed 768K, reserved 1048576K
Event: 26.227 GC heap after
Heap after GC invocations=254 (full 0):
 PSYoungGen      total 168960K, used 192K [0x000000076b800000, 0x00000007b9800000, 0x00000007c0000000)
  eden space 168448K, 0% used [0x000000076b800000,0x000000076b800000,0x0000000775c80000)
  from space 512K, 37% used [0x00000007b9780000,0x00000007b97b0000,0x00000007b9800000)
  to   space 512K, 0% used [0x00000007b9700000,0x00000007b9700000,0x00000007b9780000)
 ParOldGen       total 173568K, used 27975K [0x00000006c2800000, 0x00000006cd180000, 0x000000076b800000)
  object space 173568K, 16% used [0x00000006c2800000,0x00000006c4351e80,0x00000006cd180000)
 Metaspace       used 8329K, capacity 8710K, committed 8960K, reserved 1056768K
  class space    used 659K, capacity 690K, committed 768K, reserved 1048576K
}
Event: 26.297 GC heap before
{Heap before GC invocations=255 (full 0):
 PSYoungGen      total 168960K, used 168640K [0x000000076b800000, 0x00000007b9800000, 0x00000007c0000000)
  eden space 168448K, 100% used [0x000000076b800000,0x0000000775c80000,0x0000000775c80000)
  from space 512K, 37% used [0x00000007b9780000,0x00000007b97b0000,0x00000007b9800000)
  to   space 512K, 0% used [0x00000007b9700000,0x00000007b9700000,0x00000007b9780000)
 ParOldGen       total 173568K, used 27975K [0x00000006c2800000, 0x00000006cd180000, 0x000000076b800000)
  object space 173568K, 16% used [0x00000006c2800000,0x00000006c4351e80,0x00000006cd180000)
 Metaspace       used 8329K, capacity 8710K, committed 8960K, reserved 1056768K
  class space    used 659K, capacity 690K, committed 768K, reserved 1048576K
Event: 26.298 GC heap after
Heap after GC invocations=255 (full 0):
 PSYoungGen      total 163328K, used 224K [0x000000076b800000, 0x00000007b9800000, 0x00000007c0000000)
  eden space 162816K, 0% used [0x000000076b800000,0x000000076b800000,0x0000000775700000)
  from space 512K, 43% used [0x00000007b9700000,0x00000007b9738000,0x00000007b9780000)
  to   space 512K, 0% used [0x00000007b9780000,0x00000007b9780000,0x00000007b9800000)
 ParOldGen       total 173568K, used 27975K [0x00000006c2800000, 0x00000006cd180000, 0x000000076b800000)
  object space 173568K, 16% used [0x00000006c2800000,0x00000006c4351e80,0x00000006cd180000)
 Metaspace       used 8329K, capacity 8710K, committed 8960K, reserved 1056768K
  class space    used 659K, capacity 690K, committed 768K, reserved 1048576K
}
Event: 26.365 GC heap before
{Heap before GC invocations=256 (full 0):
 PSYoungGen      total 163328K, used 163040K [0x000000076b800000, 0x00000007b9800000, 0x00000007c0000000)
  eden space 162816K, 100% used [0x000000076b800000,0x0000000775700000,0x0000000775700000)
  from space 512K, 43% used [0x00000007b9700000,0x00000007b9738000,0x00000007b9780000)
  to   space 512K, 0% used [0x00000007b9780000,0x00000007b9780000,0x00000007b9800000)
 ParOldGen       total 173568K, used 27975K [0x00000006c2800000, 0x00000006cd180000, 0x000000076b800000)
  object space 173568K, 16% used [0x00000006c2800000,0x00000006c4351e80,0x00000006cd180000)
 Metaspace       used 8329K, capacity 8710K, committed 8960K, reserved 1056768K
  class space    used 659K, capacity 690K, committed 768K, reserved 1048576K
Event: 26.365 GC heap after
Heap after GC invocations=256 (full 0):
 PSYoungGen      total 157696K, used 224K [0x000000076b800000, 0x00000007b9800000, 0x00000007c0000000)
  eden space 157184K, 0% used [0x000000076b800000,0x000000076b800000,0x0000000775180000)
  from space 512K, 43% used [0x00000007b9780000,0x00000007b97b8000,0x00000007b9800000)
  to   space 512K, 0% used [0x00000007b9700000,0x00000007b9700000,0x00000007b9780000)
 ParOldGen       total 173568K, used 27975K [0x00000006c2800000, 0x00000006cd180000, 0x000000076b800000)
  object space 173568K, 16% used [0x00000006c2800000,0x00000006c4351e80,0x00000006cd180000)
 Metaspace       used 8329K, capacity 8710K, committed 8960K, reserved 1056768K
  class space    used 659K, capacity 690K, committed 768K, reserved 1048576K
}
Event: 26.430 GC heap before
{Heap before GC invocations=257 (full 0):
 PSYoungGen      total 157696K, used 157408K [0x000000076b800000, 0x00000007b9800000, 0x00000007c0000000)
  eden space 157184K, 100% used [0x000000076b800000,0x0000000775180000,0x0000000775180000)
  from space 512K, 43% used [0x00000007b9780000,0x00000007b97b8000,0x00000007b9800000)
  to   space 512K, 0% used [0x00000007b9700000,0x00000007b9700000,0x00000007b9780000)
 ParOldGen       total 173568K, used 27975K [0x00000006c2800000, 0x00000006cd180000, 0x000000076b800000)
  object space 173568K, 16% used [0x00000006c2800000,0x00000006c4351e80,0x00000006cd180000)
 Metaspace       used 8329K, capacity 8710K, committed 8960K, reserved 1056768K
  class space    used 659K, capacity 690K, committed 768K, reserved 1048576K
Event: 26.431 GC heap after
Heap after GC invocations=257 (full 0):
 PSYoungGen      total 152576K, used 192K [0x000000076b800000, 0x00000007b9800000, 0x00000007c0000000)
  eden space 152064K, 0% used [0x000000076b800000,0x000000076b800000,0x0000000774c80000)
  from space 512K, 37% used [0x00000007b9700000,0x00000007b9730000,0x00000007b9780000)
  to   space 512K, 0% used [0x00000007b9780000,0x00000007b9780000,0x00000007b9800000)
 ParOldGen       total 173568K, used 27975K [0x00000006c2800000, 0x00000006cd180000, 0x000000076b800000)
  object space 173568K, 16% used [0x00000006c2800000,0x00000006c4351e80,0x00000006cd180000)
 Metaspace       used 8329K, capacity 8710K, committed 8960K, reserved 1056768K
  class space    used 659K, capacity 690K, committed 768K, reserved 1048576K
}
Event: 26.496 GC heap before
{Heap before GC invocations=258 (full 0):
 PSYoungGen      total 152576K, used 152256K [0x000000076b800000, 0x00000007b9800000, 0x00000007c0000000)
  eden space 152064K, 100% used [0x000000076b800000,0x0000000774c80000,0x0000000774c80000)
  from space 512K, 37% used [0x00000007b9700000,0x00000007b9730000,0x00000007b9780000)
  to   space 512K, 0% used [0x00000007b9780000,0x00000007b9780000,0x00000007b9800000)
 ParOldGen       total 173568K, used 27975K [0x00000006c2800000, 0x00000006cd180000, 0x000000076b800000)
  object space 173568K, 16% used [0x00000006c2800000,0x00000006c4351e80,0x00000006cd180000)
 Metaspace       used 8329K, capacity 8710K, committed 8960K, reserved 1056768K
  class space    used 659K, capacity 690K, committed 768K, reserved 1048576K
Event: 26.496 GC heap after
Heap after GC invocations=258 (full 0):
 PSYoungGen      total 147456K, used 160K [0x000000076b800000, 0x00000007b9800000, 0x00000007c0000000)
  eden space 146944K, 0% used [0x000000076b800000,0x000000076b800000,0x0000000774780000)
  from space 512K, 31% used [0x00000007b9780000,0x00000007b97a8000,0x00000007b9800000)
  to   space 512K, 0% used [0x00000007b9700000,0x00000007b9700000,0x00000007b9780000)
 ParOldGen       total 173568K, used 27975K [0x00000006c2800000, 0x00000006cd180000, 0x000000076b800000)
  object space 173568K, 16% used [0x00000006c2800000,0x00000006c4351e80,0x00000006cd180000)
 Metaspace       used 8329K, capacity 8710K, committed 8960K, reserved 1056768K
  class space    used 659K, capacity 690K, committed 768K, reserved 1048576K
}

