# JRE version: Java(TM) SE Runtime Environment (8.0_65-b17) (build 1.8.0_65-b17)
# Java VM: Java HotSpot(TM) 64-Bit Server VM (25.65-b01 mixed mode windows-amd64 compressed oops)
Heap:
 PSYoungGen      total 103936K, used 7708K [0x000000076b800000, 0x000000079d900000, 0x00000007c0000000)
  eden space 103424K, 7% used [0x000000076b800000,0x000000076bf772d0,0x0000000771d00000)
  from space 512K, 12% used [0x000000079d880000,0x000000079d890000,0x000000079d900000)
  to   space 512K, 0% used [0x000000079d800000,0x000000079d800000,0x000000079d880000)
 ParOldGen       total 173568K, used 1452K [0x00000006c2800000, 0x00000006cd180000, 0x000000076b800000)
  object space 173568K, 0% used [0x00000006c2800000,0x00000006c296b220,0x00000006cd180000)
 Metaspace       used 7561K, capacity 8390K, committed 8576K, reserved 1056768K
  class space    used 585K, capacity 626K, committed 640K, reserved 1048576K
GC Heap History (10 events):
Event: 30.230 GC heap before
{Heap before GC invocations=533 (full 0):
 PSYoungGen      total 124416K, used 123936K [0x000000076b800000, 0x000000079d900000, 0x00000007c0000000)
  eden space 123904K, 100% used [0x000000076b800000,0x0000000773100000,0x0000000773100000)
  from space 512K, 6% used [0x000000079d880000,0x000000079d888000,0x000000079d900000)
  to   space 512K, 0% used [0x000000079d800000,0x000000079d800000,0x000000079d880000)
 ParOldGen       total 173568K, used 1452K [0x00000006c2800000, 0x00000006cd180000, 0x000000076b800000)
  object space 173568K, 0% used [0x00000006c2800000,0x00000006c296b220,0x00000006cd180000)
 Metaspace       used 7561K, capacity 8390K, committed 8576K, reserved 1056768K
  class space    used 585K, capacity 626K, committed 640K, reserved 1048576K
Event: 30.230 GC heap after
Heap after GC invocations=533 (full 0):
 PSYoungGen      total 120832K, used 32K [0x000000076b800000, 0x000000079d900000, 0x00000007c0000000)
  eden space 120320K, 0% used [0x000000076b800000,0x000000076b800000,0x0000000772d80000)
  from space 512K, 6% used [0x000000079d800000,0x000000079d808000,0x000000079d880000)
  to   space 512K, 0% used [0x000000079d880000,0x000000079d880000,0x000000079d900000)
 ParOldGen       total 173568K, used 1452K [0x00000006c2800000, 0x00000006cd180000, 0x000000076b800000)
  object space 173568K, 0% used [0x00000006c2800000,0x00000006c296b220,0x00000006cd180000)
 Metaspace       used 7561K, capacity 8390K, committed 8576K, reserved 1056768K
  class space    used 585K, capacity 626K, committed 640K, reserved 1048576K
}
Event: 30.283 GC heap before
{Heap before GC invocations=534 (full 0):
 PSYoungGen      total 120832K, used 120352K [0x000000076b800000, 0x000000079d900000, 0x00000007c0000000)
  eden space 120320K, 100% used [0x000000076b800000,0x0000000772d80000,0x0000000772d80000)
  from space 512K, 6% used [0x000000079d800000,0x000000079d808000,0x000000079d880000)
  to   space 512K, 0% used [0x000000079d880000,0x000000079d880000,0x000000079d900000)
 ParOldGen       total 173568K, used 1452K [0x00000006c2800000, 0x00000006cd180000, 0x000000076b800000)
  object space 173568K, 0% used [0x00000006c2800000,0x00000006c296b220,0x00000006cd180000)
 Metaspace       used 7561K, capacity 8390K, committed 8576K, reserved 1056768K
  class space    used 585K, capacity 626K, committed 640K, reserved 1048576K
Event: 30.283 GC heap after
Heap after GC invocations=534 (full 0):
 PSYoungGen      total 117248K, used 64K [0x000000076b800000, 0x000000079d900000, 0x00000007c0000000)
  eden space 116736K, 0% used [0x000000076b800000,0x000000076b800000,0x0000000772a00000)
  from space 512K, 12% used [0x000000079d880000,0x000000079d890000,0x000000079d900000)
  to   space 512K, 0% used [0x000000079d800000,0x000000079d800000,0x000000079d880000)
 ParOldGen       total 173568K, used 1452K [0x00000006c2800000, 0x00000006cd180000, 0x000000076b800000)
  object space 173568K, 0% used [0x00000006c2800000,0x00000006c296b220,0x00000006cd180000)
 Metaspace       used 7561K, capacity 8390K, committed 8576K, reserved 1056768K
  class space    used 585K, capacity 626K, committed 640K, reserved 1048576K
}
Event: 30.332 GC heap before
{Heap before GC invocations=535 (full 0):
 PSYoungGen      total 117248K, used 116800K [0x000000076b800000, 0x000000079d900000, 0x00000007c0000000)
  eden space 116736K, 100% used [0x000000076b800000,0x0000000772a00000,0x0000000772a00000)
  from space 512K, 12% used [0x000000079d880000,0x000000079d890000,0x000000079d900000)
  to   space 512K, 0% used [0x000000079d800000,0x000000079d800000,0x000000079d880000)
 ParOldGen       total 173568K, used 1452K [0x00000006c2800000, 0x00000006cd180000, 0x000000076b800000)
  object space 173568K, 0% used [0x00000006c2800000,0x00000006c296b220,0x00000006cd180000)
 Metaspace       used 7561K, capacity 8390K, committed 8576K, reserved 1056768K
  class space    used 585K, capacity 626K, committed 640K, reserved 1048576K
Event: 30.332 GC heap after
Heap after GC invocations=535 (full 0):
 PSYoungGen      total 113664K, used 32K [0x000000076b800000, 0x000000079d900000, 0x00000007c0000000)
  eden space 113152K, 0% used [0x000000076b800000,0x000000076b800000,0x0000000772680000)
  from space 512K, 6% used [0x000000079d800000,0x000000079d808000,0x000000079d880000)
  to   space 512K, 0% used [0x000000079d880000,0x000000079d880000,0x000000079d900000)
 ParOldGen       total 173568K, used 1452K [0x00000006c2800000, 0x00000006cd180000, 0x000000076b800000)
  object space 173568K, 0% used [0x00000006c2800000,0x00000006c296b220,0x00000006cd180000)
 Metaspace       used 7561K, capacity 8390K, committed 8576K, reserved 1056768K
  class space    used 585K, capacity 626K, committed 640K, reserved 1048576K
}
Event: 30.381 GC heap before
{Heap before GC invocations=536 (full 0):
 PSYoungGen      total 113664K, used 113184K [0x000000076b800000, 0x000000079d900000, 0x00000007c0000000)
  eden space 113152K, 100% used [0x000000076b800000,0x0000000772680000,0x0000000772680000)
  from space 512K, 6% used [0x000000079d800000,0x000000079d808000,0x000000079d880000)
  to   space 512K, 0% used [0x000000079d880000,0x000000079d880000,0x000000079d900000)
 ParOldGen       total 173568K, used 1452K [0x00000006c2800000, 0x00000006cd180000, 0x000000076b800000)
  object space 173568K, 0% used [0x00000006c2800000,0x00000006c296b220,0x00000006cd180000)
 Metaspace       used 7561K, capacity 8390K, committed 8576K, reserved 1056768K
  class space    used 585K, capacity 626K, committed 640K, reserved 1048576K
Event: 30.381 GC heap after
Heap after GC invocations=536 (full 0):
 PSYoungGen      total 110080K, used 64K [0x000000076b800000, 0x000000079d900000, 0x00000007c0000000)
  eden space 109568K, 0% used [0x000000076b800000,0x000000076b800000,0x0000000772300000)
  from space 512K, 12% used [0x000000079d880000,0x000000079d890000,0x000000079d900000)
  to   space 512K, 0% used [0x000000079d800000,0x000000079d800000,0x000000079d880000)
 ParOldGen       total 173568K, used 1452K [0x00000006c2800000, 0x00000006cd180000, 0x000000076b800000)
  object space 173568K, 0% used [0x00000006c2800000,0x00000006c296b220,0x00000006cd180000)
 Metaspace       used 7561K, capacity 8390K, committed 8576K, reserved 1056768K
  class space    used 585K, capacity 626K, committed 640K, reserved 1048576K
}
Event: 30.417 GC heap before
{Heap before GC invocations=537 (full 0):
 PSYoungGen      total 110080K, used 109632K [0x000000076b800000, 0x000000079d900000, 0x00000007c0000000)
  eden space 109568K, 100% used [0x000000076b800000,0x0000000772300000,0x0000000772300000)
  from space 512K, 12% used [0x000000079d880000,0x000000079d890000,0x000000079d900000)
  to   space 512K, 0% used [0x000000079d800000,0x000000079d800000,0x000000079d880000)
 ParOldGen       total 173568K, used 1452K [0x00000006c2800000, 0x00000006cd180000, 0x000000076b800000)
  object space 173568K, 0% used [0x00000006c2800000,0x00000006c296b220,0x00000006cd180000)
 Metaspace       used 7561K, capacity 8390K, committed 8576K, reserved 1056768K
  class space    used 585K, capacity 626K, committed 640K, reserved 1048576K
Event: 30.418 GC heap after
Heap after GC invocations=537 (full 0):
 PSYoungGen      total 107008K, used 64K [0x000000076b800000, 0x000000079d900000, 0x00000007c0000000)
  eden space 106496K, 0% used [0x000000076b800000,0x000000076b800000,0x0000000772000000)
  from space 512K, 12% used [0x000000079d800000,0x000000079d810000,0x000000079d880000)
  to   space 512K, 0% used [0x000000079d880000,0x000000079d880000,0x000000079d900000)
 ParOldGen       total 173568K, used 1452K [0x00000006c2800000, 0x00000006cd180000, 0x000000076b800000)
  object space 173568K, 0% used [0x00000006c2800000,0x00000006c296b220,0x00000006cd180000)
 Metaspace       used 7561K, capacity 8390K, committed 8576K, reserved 1056768K
  class space    used 585K, capacity 626K, committed 640K, reserved 1048576K
}

