# JRE version: Java(TM) SE Runtime Environment (8.0_65-b17) (build 1.8.0_65-b17)
# Java VM: Java HotSpot(TM) 64-Bit Server VM (25.65-b01 mixed mode windows-amd64 compressed oops)
Heap:
 PSYoungGen      total 322048K, used 13162K [0x000000076b800000, 0x0000000784c00000, 0x00000007c0000000)
  eden space 321536K, 4% used [0x000000076b800000,0x000000076c4b2a28,0x000000077f200000)
  from space 512K, 31% used [0x0000000784b80000,0x0000000784ba8000,0x0000000784c00000)
  to   space 2048K, 0% used [0x0000000784800000,0x0000000784800000,0x0000000784a00000)
 ParOldGen       total 173568K, used 1280K [0x00000006c2800000, 0x00000006cd180000, 0x000000076b800000)
  object space 173568K, 0% used [0x00000006c2800000,0x00000006c2940070,0x00000006cd180000)
 Metaspace       used 8159K, capacity 8646K, committed 8960K, reserved 1056768K
  class space    used 654K, capacity 690K, committed 768K, reserved 1048576K
GC Heap History (10 events):
Event: 1.335 GC heap before
{Heap before GC invocations=11 (full 0):
 PSYoungGen      total 417280K, used 416000K [0x000000076b800000, 0x0000000785280000, 0x00000007c0000000)
  eden space 415744K, 100% used [0x000000076b800000,0x0000000784e00000,0x0000000784e00000)
  from space 1536K, 16% used [0x0000000785000000,0x0000000785040000,0x0000000785180000)
  to   space 2048K, 0% used [0x0000000784e00000,0x0000000784e00000,0x0000000785000000)
 ParOldGen       total 173568K, used 1120K [0x00000006c2800000, 0x00000006cd180000, 0x000000076b800000)
  object space 173568K, 0% used [0x00000006c2800000,0x00000006c2918070,0x00000006cd180000)
 Metaspace       used 8127K, capacity 8646K, committed 8960K, reserved 1056768K
  class space    used 654K, capacity 690K, committed 768K, reserved 1048576K
Event: 1.336 GC heap after
Heap after GC invocations=11 (full 0):
 PSYoungGen      total 398336K, used 224K [0x000000076b800000, 0x0000000785080000, 0x00000007c0000000)
  eden space 397824K, 0% used [0x000000076b800000,0x000000076b800000,0x0000000783c80000)
  from space 512K, 43% used [0x0000000784e00000,0x0000000784e38000,0x0000000784e80000)
  to   space 2048K, 0% used [0x0000000784e80000,0x0000000784e80000,0x0000000785080000)
 ParOldGen       total 173568K, used 1256K [0x00000006c2800000, 0x00000006cd180000, 0x000000076b800000)
  object space 173568K, 0% used [0x00000006c2800000,0x00000006c293a070,0x00000006cd180000)
 Metaspace       used 8127K, capacity 8646K, committed 8960K, reserved 1056768K
  class space    used 654K, capacity 690K, committed 768K, reserved 1048576K
}
Event: 1.503 GC heap before
{Heap before GC invocations=12 (full 0):
 PSYoungGen      total 398336K, used 398048K [0x000000076b800000, 0x0000000785080000, 0x00000007c0000000)
  eden space 397824K, 100% used [0x000000076b800000,0x0000000783c80000,0x0000000783c80000)
  from space 512K, 43% used [0x0000000784e00000,0x0000000784e38000,0x0000000784e80000)
  to   space 2048K, 0% used [0x0000000784e80000,0x0000000784e80000,0x0000000785080000)
 ParOldGen       total 173568K, used 1256K [0x00000006c2800000, 0x00000006cd180000, 0x000000076b800000)
  object space 173568K, 0% used [0x00000006c2800000,0x00000006c293a070,0x00000006cd180000)
 Metaspace       used 8129K, capacity 8646K, committed 8960K, reserved 1056768K
  class space    used 654K, capacity 690K, committed 768K, reserved 1048576K
Event: 1.504 GC heap after
Heap after GC invocations=12 (full 0):
 PSYoungGen      total 381440K, used 160K [0x000000076b800000, 0x0000000784f00000, 0x00000007c0000000)
  eden space 380928K, 0% used [0x000000076b800000,0x000000076b800000,0x0000000782c00000)
  from space 512K, 31% used [0x0000000784e80000,0x0000000784ea8000,0x0000000784f00000)
  to   space 2048K, 0% used [0x0000000784b00000,0x0000000784b00000,0x0000000784d00000)
 ParOldGen       total 173568K, used 1256K [0x00000006c2800000, 0x00000006cd180000, 0x000000076b800000)
  object space 173568K, 0% used [0x00000006c2800000,0x00000006c293a070,0x00000006cd180000)
 Metaspace       used 8129K, capacity 8646K, committed 8960K, reserved 1056768K
  class space    used 654K, capacity 690K, committed 768K, reserved 1048576K
}
Event: 1.663 GC heap before
{Heap before GC invocations=13 (full 0):
 PSYoungGen      total 381440K, used 381088K [0x000000076b800000, 0x0000000784f00000, 0x00000007c0000000)
  eden space 380928K, 100% used [0x000000076b800000,0x0000000782c00000,0x0000000782c00000)
  from space 512K, 31% used [0x0000000784e80000,0x0000000784ea8000,0x0000000784f00000)
  to   space 2048K, 0% used [0x0000000784b00000,0x0000000784b00000,0x0000000784d00000)
 ParOldGen       total 173568K, used 1256K [0x00000006c2800000, 0x00000006cd180000, 0x000000076b800000)
  object space 173568K, 0% used [0x00000006c2800000,0x00000006c293a070,0x00000006cd180000)
 Metaspace       used 8139K, capacity 8646K, committed 8960K, reserved 1056768K
  class space    used 654K, capacity 690K, committed 768K, reserved 1048576K
Event: 1.664 GC heap after
Heap after GC invocations=13 (full 0):
 PSYoungGen      total 367104K, used 160K [0x000000076b800000, 0x0000000784f00000, 0x00000007c0000000)
  eden space 365056K, 0% used [0x000000076b800000,0x000000076b800000,0x0000000781c80000)
  from space 2048K, 7% used [0x0000000784b00000,0x0000000784b28000,0x0000000784d00000)
  to   space 2048K, 0% used [0x0000000784d00000,0x0000000784d00000,0x0000000784f00000)
 ParOldGen       total 173568K, used 1256K [0x00000006c2800000, 0x00000006cd180000, 0x000000076b800000)
  object space 173568K, 0% used [0x00000006c2800000,0x00000006c293a070,0x00000006cd180000)
 Metaspace       used 8139K, capacity 8646K, committed 8960K, reserved 1056768K
  class space    used 654K, capacity 690K, committed 768K, reserved 1048576K
}
Event: 1.817 GC heap before
{Heap before GC invocations=14 (full 0):
 PSYoungGen      total 367104K, used 365216K [0x000000076b800000, 0x0000000784f00000, 0x00000007c0000000)
  eden space 365056K, 100% used [0x000000076b800000,0x0000000781c80000,0x0000000781c80000)
  from space 2048K, 7% used [0x0000000784b00000,0x0000000784b28000,0x0000000784d00000)
  to   space 2048K, 0% used [0x0000000784d00000,0x0000000784d00000,0x0000000784f00000)
 ParOldGen       total 173568K, used 1256K [0x00000006c2800000, 0x00000006cd180000, 0x000000076b800000)
  object space 173568K, 0% used [0x00000006c2800000,0x00000006c293a070,0x00000006cd180000)
 Metaspace       used 8141K, capacity 8646K, committed 8960K, reserved 1056768K
  class space    used 654K, capacity 690K, committed 768K, reserved 1048576K
Event: 1.818 GC heap after
Heap after GC invocations=14 (full 0):
 PSYoungGen      total 350208K, used 160K [0x000000076b800000, 0x0000000784d80000, 0x00000007c0000000)
  eden space 349696K, 0% used [0x000000076b800000,0x000000076b800000,0x0000000780d80000)
  from space 512K, 31% used [0x0000000784d00000,0x0000000784d28000,0x0000000784d80000)
  to   space 2048K, 0% used [0x0000000784980000,0x0000000784980000,0x0000000784b80000)
 ParOldGen       total 173568K, used 1256K [0x00000006c2800000, 0x00000006cd180000, 0x000000076b800000)
  object space 173568K, 0% used [0x00000006c2800000,0x00000006c293a070,0x00000006cd180000)
 Metaspace       used 8141K, capacity 8646K, committed 8960K, reserved 1056768K
  class space    used 654K, capacity 690K, committed 768K, reserved 1048576K
}
Event: 1.969 GC heap before
{Heap before GC invocations=15 (full 0):
 PSYoungGen      total 350208K, used 349856K [0x000000076b800000, 0x0000000784d80000, 0x00000007c0000000)
  eden space 349696K, 100% used [0x000000076b800000,0x0000000780d80000,0x0000000780d80000)
  from space 512K, 31% used [0x0000000784d00000,0x0000000784d28000,0x0000000784d80000)
  to   space 2048K, 0% used [0x0000000784980000,0x0000000784980000,0x0000000784b80000)
 ParOldGen       total 173568K, used 1256K [0x00000006c2800000, 0x00000006cd180000, 0x000000076b800000)
  object space 173568K, 0% used [0x00000006c2800000,0x00000006c293a070,0x00000006cd180000)
 Metaspace       used 8158K, capacity 8646K, committed 8960K, reserved 1056768K
  class space    used 654K, capacity 690K, committed 768K, reserved 1048576K
Event: 1.969 GC heap after
Heap after GC invocations=15 (full 0):
 PSYoungGen      total 337408K, used 128K [0x000000076b800000, 0x0000000784d80000, 0x00000007c0000000)
  eden space 335360K, 0% used [0x000000076b800000,0x000000076b800000,0x000000077ff80000)
  from space 2048K, 6% used [0x0000000784980000,0x00000007849a0000,0x0000000784b80000)
  to   space 2048K, 0% used [0x0000000784b80000,0x0000000784b80000,0x0000000784d80000)
 ParOldGen       total 173568K, used 1264K [0x00000006c2800000, 0x00000006cd180000, 0x000000076b800000)
  object space 173568K, 0% used [0x00000006c2800000,0x00000006c293c070,0x00000006cd180000)
 Metaspace       used 8158K, capacity 8646K, committed 8960K, reserved 1056768K
  class space    used 654K, capacity 690K, committed 768K, reserved 1048576K
}

