# JRE version: Java(TM) SE Runtime Environment (8.0_65-b17) (build 1.8.0_65-b17)
# Java VM: Java HotSpot(TM) 64-Bit Server VM (25.65-b01 mixed mode windows-amd64 compressed oops)
Heap:
 PSYoungGen      total 141312K, used 26691K [0x000000076b800000, 0x00000007b9c00000, 0x00000007c0000000)
  eden space 140800K, 18% used [0x000000076b800000,0x000000076d1e8d80,0x0000000774180000)
  from space 512K, 31% used [0x00000007b9b00000,0x00000007b9b28000,0x00000007b9b80000)
  to   space 512K, 0% used [0x00000007b9b80000,0x00000007b9b80000,0x00000007b9c00000)
 ParOldGen       total 173568K, used 32463K [0x00000006c2800000, 0x00000006cd180000, 0x000000076b800000)
  object space 173568K, 18% used [0x00000006c2800000,0x00000006c47b3eb8,0x00000006cd180000)
 Metaspace       used 8373K, capacity 8774K, committed 8960K, reserved 1056768K
  class space    used 659K, capacity 690K, committed 768K, reserved 1048576K
GC Heap History (10 events):
Event: 17.359 GC heap before
{Heap before GC invocations=111 (full 0):
 PSYoungGen      total 133632K, used 133312K [0x000000076b800000, 0x00000007b9c00000, 0x00000007c0000000)
  eden space 133120K, 100% used [0x000000076b800000,0x0000000773a00000,0x0000000773a00000)
  from space 512K, 37% used [0x00000007b9b80000,0x00000007b9bb0000,0x00000007b9c00000)
  to   space 512K, 0% used [0x00000007b9b00000,0x00000007b9b00000,0x00000007b9b80000)
 ParOldGen       total 173568K, used 32463K [0x00000006c2800000, 0x00000006cd180000, 0x000000076b800000)
  object space 173568K, 18% used [0x00000006c2800000,0x00000006c47b3eb8,0x00000006cd180000)
 Metaspace       used 8373K, capacity 8774K, committed 8960K, reserved 1056768K
  class space    used 659K, capacity 690K, committed 768K, reserved 1048576K
Event: 17.359 GC heap after
Heap after GC invocations=111 (full 0):
 PSYoungGen      total 129536K, used 224K [0x000000076b800000, 0x00000007b9c00000, 0x00000007c0000000)
  eden space 129024K, 0% used [0x000000076b800000,0x000000076b800000,0x0000000773600000)
  from space 512K, 43% used [0x00000007b9b00000,0x00000007b9b38000,0x00000007b9b80000)
  to   space 512K, 0% used [0x00000007b9b80000,0x00000007b9b80000,0x00000007b9c00000)
 ParOldGen       total 173568K, used 32463K [0x00000006c2800000, 0x00000006cd180000, 0x000000076b800000)
  object space 173568K, 18% used [0x00000006c2800000,0x00000006c47b3eb8,0x00000006cd180000)
 Metaspace       used 8373K, capacity 8774K, committed 8960K, reserved 1056768K
  class space    used 659K, capacity 690K, committed 768K, reserved 1048576K
}
Event: 17.415 GC heap before
{Heap before GC invocations=112 (full 0):
 PSYoungGen      total 129536K, used 129248K [0x000000076b800000, 0x00000007b9c00000, 0x00000007c0000000)
  eden space 129024K, 100% used [0x000000076b800000,0x0000000773600000,0x0000000773600000)
  from space 512K, 43% used [0x00000007b9b00000,0x00000007b9b38000,0x00000007b9b80000)
  to   space 512K, 0% used [0x00000007b9b80000,0x00000007b9b80000,0x00000007b9c00000)
 ParOldGen       total 173568K, used 32463K [0x00000006c2800000, 0x00000006cd180000, 0x000000076b800000)
  object space 173568K, 18% used [0x00000006c2800000,0x00000006c47b3eb8,0x00000006cd180000)
 Metaspace       used 8373K, capacity 8774K, committed 8960K, reserved 1056768K
  class space    used 659K, capacity 690K, committed 768K, reserved 1048576K
Event: 17.415 GC heap after
Heap after GC invocations=112 (full 0):
 PSYoungGen      total 125440K, used 192K [0x000000076b800000, 0x00000007b9c00000, 0x00000007c0000000)
  eden space 124928K, 0% used [0x000000076b800000,0x000000076b800000,0x0000000773200000)
  from space 512K, 37% used [0x00000007b9b80000,0x00000007b9bb0000,0x00000007b9c00000)
  to   space 512K, 0% used [0x00000007b9b00000,0x00000007b9b00000,0x00000007b9b80000)
 ParOldGen       total 173568K, used 32463K [0x00000006c2800000, 0x00000006cd180000, 0x000000076b800000)
  object space 173568K, 18% used [0x00000006c2800000,0x00000006c47b3eb8,0x00000006cd180000)
 Metaspace       used 8373K, capacity 8774K, committed 8960K, reserved 1056768K
  class space    used 659K, capacity 690K, committed 768K, reserved 1048576K
}
Event: 17.467 GC heap before
{Heap before GC invocations=113 (full 0):
 PSYoungGen      total 125440K, used 125120K [0x000000076b800000, 0x00000007b9c00000, 0x00000007c0000000)
  eden space 124928K, 100% used [0x000000076b800000,0x0000000773200000,0x0000000773200000)
  from space 512K, 37% used [0x00000007b9b80000,0x00000007b9bb0000,0x00000007b9c00000)
  to   space 512K, 0% used [0x00000007b9b00000,0x00000007b9b00000,0x00000007b9b80000)
 ParOldGen       total 173568K, used 32463K [0x00000006c2800000, 0x00000006cd180000, 0x000000076b800000)
  object space 173568K, 18% used [0x00000006c2800000,0x00000006c47b3eb8,0x00000006cd180000)
 Metaspace       used 8373K, capacity 8774K, committed 8960K, reserved 1056768K
  class space    used 659K, capacity 690K, committed 768K, reserved 1048576K
Event: 17.468 GC heap after
Heap after GC invocations=113 (full 0):
 PSYoungGen      total 121344K, used 160K [0x000000076b800000, 0x00000007b9c00000, 0x00000007c0000000)
  eden space 120832K, 0% used [0x000000076b800000,0x000000076b800000,0x0000000772e00000)
  from space 512K, 31% used [0x00000007b9b00000,0x00000007b9b28000,0x00000007b9b80000)
  to   space 512K, 0% used [0x00000007b9b80000,0x00000007b9b80000,0x00000007b9c00000)
 ParOldGen       total 173568K, used 32463K [0x00000006c2800000, 0x00000006cd180000, 0x000000076b800000)
  object space 173568K, 18% used [0x00000006c2800000,0x00000006c47b3eb8,0x00000006cd180000)
 Metaspace       used 8373K, capacity 8774K, committed 8960K, reserved 1056768K
  class space    used 659K, capacity 690K, committed 768K, reserved 1048576K
}
Event: 17.520 GC heap before
{Heap before GC invocations=114 (full 0):
 PSYoungGen      total 121344K, used 120992K [0x000000076b800000, 0x00000007b9c00000, 0x00000007c0000000)
  eden space 120832K, 100% used [0x000000076b800000,0x0000000772e00000,0x0000000772e00000)
  from space 512K, 31% used [0x00000007b9b00000,0x00000007b9b28000,0x00000007b9b80000)
  to   space 512K, 0% used [0x00000007b9b80000,0x00000007b9b80000,0x00000007b9c00000)
 ParOldGen       total 173568K, used 32463K [0x00000006c2800000, 0x00000006cd180000, 0x000000076b800000)
  object space 173568K, 18% used [0x00000006c2800000,0x00000006c47b3eb8,0x00000006cd180000)
 Metaspace       used 8373K, capacity 8774K, committed 8960K, reserved 1056768K
  class space    used 659K, capacity 690K, committed 768K, reserved 1048576K
Event: 17.520 GC heap after
Heap after GC invocations=114 (full 0):
 PSYoungGen      total 117760K, used 224K [0x000000076b800000, 0x00000007b9c00000, 0x00000007c0000000)
  eden space 117248K, 0% used [0x000000076b800000,0x000000076b800000,0x0000000772a80000)
  from space 512K, 43% used [0x00000007b9b80000,0x00000007b9bb8000,0x00000007b9c00000)
  to   space 512K, 0% used [0x00000007b9b00000,0x00000007b9b00000,0x00000007b9b80000)
 ParOldGen       total 173568K, used 32463K [0x00000006c2800000, 0x00000006cd180000, 0x000000076b800000)
  object space 173568K, 18% used [0x00000006c2800000,0x00000006c47b3eb8,0x00000006cd180000)
 Metaspace       used 8373K, capacity 8774K, committed 8960K, reserved 1056768K
  class space    used 659K, capacity 690K, committed 768K, reserved 1048576K
}
Event: 17.572 GC heap before
{Heap before GC invocations=115 (full 0):
 PSYoungGen      total 117760K, used 117472K [0x000000076b800000, 0x00000007b9c00000, 0x00000007c0000000)
  eden space 117248K, 100% used [0x000000076b800000,0x0000000772a80000,0x0000000772a80000)
  from space 512K, 43% used [0x00000007b9b80000,0x00000007b9bb8000,0x00000007b9c00000)
  to   space 512K, 0% used [0x00000007b9b00000,0x00000007b9b00000,0x00000007b9b80000)
 ParOldGen       total 173568K, used 32463K [0x00000006c2800000, 0x00000006cd180000, 0x000000076b800000)
  object space 173568K, 18% used [0x00000006c2800000,0x00000006c47b3eb8,0x00000006cd180000)
 Metaspace       used 8373K, capacity 8774K, committed 8960K, reserved 1056768K
  class space    used 659K, capacity 690K, committed 768K, reserved 1048576K
Event: 17.573 GC heap after
Heap after GC invocations=115 (full 0):
 PSYoungGen      total 141312K, used 160K [0x000000076b800000, 0x00000007b9c00000, 0x00000007c0000000)
  eden space 140800K, 0% used [0x000000076b800000,0x000000076b800000,0x0000000774180000)
  from space 512K, 31% used [0x00000007b9b00000,0x00000007b9b28000,0x00000007b9b80000)
  to   space 512K, 0% used [0x00000007b9b80000,0x00000007b9b80000,0x00000007b9c00000)
 ParOldGen       total 173568K, used 32463K [0x00000006c2800000, 0x00000006cd180000, 0x000000076b800000)
  object space 173568K, 18% used [0x00000006c2800000,0x00000006c47b3eb8,0x00000006cd180000)
 Metaspace       used 8373K, capacity 8774K, committed 8960K, reserved 1056768K
  class space    used 659K, capacity 690K, committed 768K, reserved 1048576K
}

