# JRE version: Java(TM) SE Runtime Environment (8.0_65-b17) (build 1.8.0_65-b17)
# Java VM: Java HotSpot(TM) 64-Bit Server VM (25.65-b01 mixed mode windows-amd64 compressed oops)
Heap:
 PSYoungGen      total 799232K, used 31650K [0x000000076b800000, 0x00000007bdb00000, 0x00000007c0000000)
  eden space 787968K, 3% used [0x000000076b800000,0x000000076d6b0998,0x000000079b980000)
  from space 11264K, 1% used [0x00000007bc500000,0x00000007bc538000,0x00000007bd000000)
  to   space 10240K, 0% used [0x00000007bd100000,0x00000007bd100000,0x00000007bdb00000)
 ParOldGen       total 173568K, used 36553K [0x00000006c2800000, 0x00000006cd180000, 0x000000076b800000)
  object space 173568K, 21% used [0x00000006c2800000,0x00000006c4bb2728,0x00000006cd180000)
 Metaspace       used 8335K, capacity 8710K, committed 8960K, reserved 1056768K
  class space    used 659K, capacity 690K, committed 768K, reserved 1048576K
GC Heap History (10 events):
Event: 5.313 GC heap before
{Heap before GC invocations=17 (full 0):
 PSYoungGen      total 999424K, used 999136K [0x000000076b800000, 0x00000007bf200000, 0x00000007c0000000)
  eden space 998912K, 100% used [0x000000076b800000,0x00000007a8780000,0x00000007a8780000)
  from space 512K, 43% used [0x00000007bf180000,0x00000007bf1b8000,0x00000007bf200000)
  to   space 13312K, 0% used [0x00000007bd800000,0x00000007bd800000,0x00000007be500000)
 ParOldGen       total 173568K, used 36537K [0x00000006c2800000, 0x00000006cd180000, 0x000000076b800000)
  object space 173568K, 21% used [0x00000006c2800000,0x00000006c4bae728,0x00000006cd180000)
 Metaspace       used 8313K, capacity 8710K, committed 8960K, reserved 1056768K
  class space    used 659K, capacity 690K, committed 768K, reserved 1048576K
Event: 5.314 GC heap after
Heap after GC invocations=17 (full 0):
 PSYoungGen      total 965632K, used 224K [0x000000076b800000, 0x00000007bf200000, 0x00000007c0000000)
  eden space 952320K, 0% used [0x000000076b800000,0x000000076b800000,0x00000007a5a00000)
  from space 13312K, 1% used [0x00000007bd800000,0x00000007bd838000,0x00000007be500000)
  to   space 12800K, 0% used [0x00000007be580000,0x00000007be580000,0x00000007bf200000)
 ParOldGen       total 173568K, used 36537K [0x00000006c2800000, 0x00000006cd180000, 0x000000076b800000)
  object space 173568K, 21% used [0x00000006c2800000,0x00000006c4bae728,0x00000006cd180000)
 Metaspace       used 8313K, capacity 8710K, committed 8960K, reserved 1056768K
  class space    used 659K, capacity 690K, committed 768K, reserved 1048576K
}
Event: 6.126 GC heap before
{Heap before GC invocations=18 (full 0):
 PSYoungGen      total 965632K, used 952544K [0x000000076b800000, 0x00000007bf200000, 0x00000007c0000000)
  eden space 952320K, 100% used [0x000000076b800000,0x00000007a5a00000,0x00000007a5a00000)
  from space 13312K, 1% used [0x00000007bd800000,0x00000007bd838000,0x00000007be500000)
  to   space 12800K, 0% used [0x00000007be580000,0x00000007be580000,0x00000007bf200000)
 ParOldGen       total 173568K, used 36537K [0x00000006c2800000, 0x00000006cd180000, 0x000000076b800000)
  object space 173568K, 21% used [0x00000006c2800000,0x00000006c4bae728,0x00000006cd180000)
 Metaspace       used 8326K, capacity 8710K, committed 8960K, reserved 1056768K
  class space    used 659K, capacity 690K, committed 768K, reserved 1048576K
Event: 6.127 GC heap after
Heap after GC invocations=18 (full 0):
 PSYoungGen      total 908288K, used 224K [0x000000076b800000, 0x00000007be600000, 0x00000007c0000000)
  eden space 907776K, 0% used [0x000000076b800000,0x000000076b800000,0x00000007a2e80000)
  from space 512K, 43% used [0x00000007be580000,0x00000007be5b8000,0x00000007be600000)
  to   space 12288K, 0% used [0x00000007bce00000,0x00000007bce00000,0x00000007bda00000)
 ParOldGen       total 173568K, used 36537K [0x00000006c2800000, 0x00000006cd180000, 0x000000076b800000)
  object space 173568K, 21% used [0x00000006c2800000,0x00000006c4bae728,0x00000006cd180000)
 Metaspace       used 8326K, capacity 8710K, committed 8960K, reserved 1056768K
  class space    used 659K, capacity 690K, committed 768K, reserved 1048576K
}
Event: 6.994 GC heap before
{Heap before GC invocations=19 (full 0):
 PSYoungGen      total 908288K, used 908000K [0x000000076b800000, 0x00000007be600000, 0x00000007c0000000)
  eden space 907776K, 100% used [0x000000076b800000,0x00000007a2e80000,0x00000007a2e80000)
  from space 512K, 43% used [0x00000007be580000,0x00000007be5b8000,0x00000007be600000)
  to   space 12288K, 0% used [0x00000007bce00000,0x00000007bce00000,0x00000007bda00000)
 ParOldGen       total 173568K, used 36537K [0x00000006c2800000, 0x00000006cd180000, 0x000000076b800000)
  object space 173568K, 21% used [0x00000006c2800000,0x00000006c4bae728,0x00000006cd180000)
 Metaspace       used 8326K, capacity 8710K, committed 8960K, reserved 1056768K
  class space    used 659K, capacity 690K, committed 768K, reserved 1048576K
Event: 6.995 GC heap after
Heap after GC invocations=19 (full 0):
 PSYoungGen      total 878080K, used 224K [0x000000076b800000, 0x00000007be600000, 0x00000007c0000000)
  eden space 865792K, 0% used [0x000000076b800000,0x000000076b800000,0x00000007a0580000)
  from space 12288K, 1% used [0x00000007bce00000,0x00000007bce38000,0x00000007bda00000)
  to   space 11776K, 0% used [0x00000007bda80000,0x00000007bda80000,0x00000007be600000)
 ParOldGen       total 173568K, used 36553K [0x00000006c2800000, 0x00000006cd180000, 0x000000076b800000)
  object space 173568K, 21% used [0x00000006c2800000,0x00000006c4bb2728,0x00000006cd180000)
 Metaspace       used 8326K, capacity 8710K, committed 8960K, reserved 1056768K
  class space    used 659K, capacity 690K, committed 768K, reserved 1048576K
}
Event: 7.859 GC heap before
{Heap before GC invocations=20 (full 0):
 PSYoungGen      total 878080K, used 866016K [0x000000076b800000, 0x00000007be600000, 0x00000007c0000000)
  eden space 865792K, 100% used [0x000000076b800000,0x00000007a0580000,0x00000007a0580000)
  from space 12288K, 1% used [0x00000007bce00000,0x00000007bce38000,0x00000007bda00000)
  to   space 11776K, 0% used [0x00000007bda80000,0x00000007bda80000,0x00000007be600000)
 ParOldGen       total 173568K, used 36553K [0x00000006c2800000, 0x00000006cd180000, 0x000000076b800000)
  object space 173568K, 21% used [0x00000006c2800000,0x00000006c4bb2728,0x00000006cd180000)
 Metaspace       used 8335K, capacity 8710K, committed 8960K, reserved 1056768K
  class space    used 659K, capacity 690K, committed 768K, reserved 1048576K
Event: 7.859 GC heap after
Heap after GC invocations=20 (full 0):
 PSYoungGen      total 826368K, used 224K [0x000000076b800000, 0x00000007bdb00000, 0x00000007c0000000)
  eden space 825856K, 0% used [0x000000076b800000,0x000000076b800000,0x000000079de80000)
  from space 512K, 43% used [0x00000007bda80000,0x00000007bdab8000,0x00000007bdb00000)
  to   space 11264K, 0% used [0x00000007bc500000,0x00000007bc500000,0x00000007bd000000)
 ParOldGen       total 173568K, used 36553K [0x00000006c2800000, 0x00000006cd180000, 0x000000076b800000)
  object space 173568K, 21% used [0x00000006c2800000,0x00000006c4bb2728,0x00000006cd180000)
 Metaspace       used 8335K, capacity 8710K, committed 8960K, reserved 1056768K
  class space    used 659K, capacity 690K, committed 768K, reserved 1048576K
}
Event: 8.588 GC heap before
{Heap before GC invocations=21 (full 0):
 PSYoungGen      total 826368K, used 826080K [0x000000076b800000, 0x00000007bdb00000, 0x00000007c0000000)
  eden space 825856K, 100% used [0x000000076b800000,0x000000079de80000,0x000000079de80000)
  from space 512K, 43% used [0x00000007bda80000,0x00000007bdab8000,0x00000007bdb00000)
  to   space 11264K, 0% used [0x00000007bc500000,0x00000007bc500000,0x00000007bd000000)
 ParOldGen       total 173568K, used 36553K [0x00000006c2800000, 0x00000006cd180000, 0x000000076b800000)
  object space 173568K, 21% used [0x00000006c2800000,0x00000006c4bb2728,0x00000006cd180000)
 Metaspace       used 8335K, capacity 8710K, committed 8960K, reserved 1056768K
  class space    used 659K, capacity 690K, committed 768K, reserved 1048576K
Event: 8.589 GC heap after
Heap after GC invocations=21 (full 0):
 PSYoungGen      total 799232K, used 224K [0x000000076b800000, 0x00000007bdb00000, 0x00000007c0000000)
  eden space 787968K, 0% used [0x000000076b800000,0x000000076b800000,0x000000079b980000)
  from space 11264K, 1% used [0x00000007bc500000,0x00000007bc538000,0x00000007bd000000)
  to   space 10240K, 0% used [0x00000007bd100000,0x00000007bd100000,0x00000007bdb00000)
 ParOldGen       total 173568K, used 36553K [0x00000006c2800000, 0x00000006cd180000, 0x000000076b800000)
  object space 173568K, 21% used [0x00000006c2800000,0x00000006c4bb2728,0x00000006cd180000)
 Metaspace       used 8335K, capacity 8710K, committed 8960K, reserved 1056768K
  class space    used 659K, capacity 690K, committed 768K, reserved 1048576K
}

