# JRE version: Java(TM) SE Runtime Environment (8.0_65-b17) (build 1.8.0_65-b17)
# Java VM: Java HotSpot(TM) 64-Bit Server VM (25.65-b01 mixed mode windows-amd64 compressed oops)
Heap:
 PSYoungGen      total 213504K, used 159560K [0x000000076b800000, 0x000000078b080000, 0x00000007c0000000)
  eden space 212992K, 74% used [0x000000076b800000,0x00000007753b2188,0x0000000778800000)
  from space 512K, 25% used [0x000000078b000000,0x000000078b020000,0x000000078b080000)
  to   space 2560K, 0% used [0x000000078ab80000,0x000000078ab80000,0x000000078ae00000)
 ParOldGen       total 173568K, used 1970K [0x00000006c2800000, 0x00000006cd180000, 0x000000076b800000)
  object space 173568K, 1% used [0x00000006c2800000,0x00000006c29ec948,0x00000006cd180000)
 Metaspace       used 8186K, capacity 8646K, committed 8960K, reserved 1056768K
  class space    used 655K, capacity 690K, committed 768K, reserved 1048576K
GC Heap History (10 events):
Event: 1.127 GC heap before
{Heap before GC invocations=8 (full 0):
 PSYoungGen      total 261632K, used 260270K [0x000000076b800000, 0x000000078b600000, 0x00000007c0000000)
  eden space 259072K, 100% used [0x000000076b800000,0x000000077b500000,0x000000077b500000)
  from space 2560K, 46% used [0x000000077b500000,0x000000077b62ba88,0x000000077b780000)
  to   space 2048K, 0% used [0x000000078b400000,0x000000078b400000,0x000000078b600000)
 ParOldGen       total 173568K, used 1382K [0x00000006c2800000, 0x00000006cd180000, 0x000000076b800000)
  object space 173568K, 0% used [0x00000006c2800000,0x00000006c2959938,0x00000006cd180000)
 Metaspace       used 8181K, capacity 8646K, committed 8960K, reserved 1056768K
  class space    used 655K, capacity 690K, committed 768K, reserved 1048576K
Event: 1.128 GC heap after
Heap after GC invocations=8 (full 0):
 PSYoungGen      total 249856K, used 672K [0x000000076b800000, 0x000000078b500000, 0x00000007c0000000)
  eden space 248832K, 0% used [0x000000076b800000,0x000000076b800000,0x000000077ab00000)
  from space 1024K, 65% used [0x000000078b400000,0x000000078b4a8000,0x000000078b500000)
  to   space 2048K, 0% used [0x000000078b100000,0x000000078b100000,0x000000078b300000)
 ParOldGen       total 173568K, used 1390K [0x00000006c2800000, 0x00000006cd180000, 0x000000076b800000)
  object space 173568K, 0% used [0x00000006c2800000,0x00000006c295b938,0x00000006cd180000)
 Metaspace       used 8181K, capacity 8646K, committed 8960K, reserved 1056768K
  class space    used 655K, capacity 690K, committed 768K, reserved 1048576K
}
Event: 1.349 GC heap before
{Heap before GC invocations=9 (full 0):
 PSYoungGen      total 249856K, used 249504K [0x000000076b800000, 0x000000078b500000, 0x00000007c0000000)
  eden space 248832K, 100% used [0x000000076b800000,0x000000077ab00000,0x000000077ab00000)
  from space 1024K, 65% used [0x000000078b400000,0x000000078b4a8000,0x000000078b500000)
  to   space 2048K, 0% used [0x000000078b100000,0x000000078b100000,0x000000078b300000)
 ParOldGen       total 173568K, used 1390K [0x00000006c2800000, 0x00000006cd180000, 0x000000076b800000)
  object space 173568K, 0% used [0x00000006c2800000,0x00000006c295b938,0x00000006cd180000)
 Metaspace       used 8181K, capacity 8646K, committed 8960K, reserved 1056768K
  class space    used 655K, capacity 690K, committed 768K, reserved 1048576K
Event: 1.350 GC heap after
Heap after GC invocations=9 (full 0):
 PSYoungGen      total 239616K, used 288K [0x000000076b800000, 0x000000078b480000, 0x00000007c0000000)
  eden space 239104K, 0% used [0x000000076b800000,0x000000076b800000,0x000000077a180000)
  from space 512K, 56% used [0x000000078b100000,0x000000078b148000,0x000000078b180000)
  to   space 2560K, 0% used [0x000000078b200000,0x000000078b200000,0x000000078b480000)
 ParOldGen       total 173568K, used 1750K [0x00000006c2800000, 0x00000006cd180000, 0x000000076b800000)
  object space 173568K, 1% used [0x00000006c2800000,0x00000006c29b5938,0x00000006cd180000)
 Metaspace       used 8181K, capacity 8646K, committed 8960K, reserved 1056768K
  class space    used 655K, capacity 690K, committed 768K, reserved 1048576K
}
Event: 1.530 GC heap before
{Heap before GC invocations=10 (full 0):
 PSYoungGen      total 239616K, used 239392K [0x000000076b800000, 0x000000078b480000, 0x00000007c0000000)
  eden space 239104K, 100% used [0x000000076b800000,0x000000077a180000,0x000000077a180000)
  from space 512K, 56% used [0x000000078b100000,0x000000078b148000,0x000000078b180000)
  to   space 2560K, 0% used [0x000000078b200000,0x000000078b200000,0x000000078b480000)
 ParOldGen       total 173568K, used 1750K [0x00000006c2800000, 0x00000006cd180000, 0x000000076b800000)
  object space 173568K, 1% used [0x00000006c2800000,0x00000006c29b5938,0x00000006cd180000)
 Metaspace       used 8183K, capacity 8646K, committed 8960K, reserved 1056768K
  class space    used 655K, capacity 690K, committed 768K, reserved 1048576K
Event: 1.530 GC heap after
Heap after GC invocations=10 (full 0):
 PSYoungGen      total 230400K, used 160K [0x000000076b800000, 0x000000078b280000, 0x00000007c0000000)
  eden space 229888K, 0% used [0x000000076b800000,0x000000076b800000,0x0000000779880000)
  from space 512K, 31% used [0x000000078b200000,0x000000078b228000,0x000000078b280000)
  to   space 2560K, 0% used [0x000000078ad80000,0x000000078ad80000,0x000000078b000000)
 ParOldGen       total 173568K, used 1970K [0x00000006c2800000, 0x00000006cd180000, 0x000000076b800000)
  object space 173568K, 1% used [0x00000006c2800000,0x00000006c29ec948,0x00000006cd180000)
 Metaspace       used 8183K, capacity 8646K, committed 8960K, reserved 1056768K
  class space    used 655K, capacity 690K, committed 768K, reserved 1048576K
}
Event: 1.700 GC heap before
{Heap before GC invocations=11 (full 0):
 PSYoungGen      total 230400K, used 230048K [0x000000076b800000, 0x000000078b280000, 0x00000007c0000000)
  eden space 229888K, 100% used [0x000000076b800000,0x0000000779880000,0x0000000779880000)
  from space 512K, 31% used [0x000000078b200000,0x000000078b228000,0x000000078b280000)
  to   space 2560K, 0% used [0x000000078ad80000,0x000000078ad80000,0x000000078b000000)
 ParOldGen       total 173568K, used 1970K [0x00000006c2800000, 0x00000006cd180000, 0x000000076b800000)
  object space 173568K, 1% used [0x00000006c2800000,0x00000006c29ec948,0x00000006cd180000)
 Metaspace       used 8184K, capacity 8646K, committed 8960K, reserved 1056768K
  class space    used 655K, capacity 690K, committed 768K, reserved 1048576K
Event: 1.700 GC heap after
Heap after GC invocations=11 (full 0):
 PSYoungGen      total 223744K, used 224K [0x000000076b800000, 0x000000078b280000, 0x00000007c0000000)
  eden space 221184K, 0% used [0x000000076b800000,0x000000076b800000,0x0000000779000000)
  from space 2560K, 8% used [0x000000078ad80000,0x000000078adb8000,0x000000078b000000)
  to   space 2560K, 0% used [0x000000078b000000,0x000000078b000000,0x000000078b280000)
 ParOldGen       total 173568K, used 1970K [0x00000006c2800000, 0x00000006cd180000, 0x000000076b800000)
  object space 173568K, 1% used [0x00000006c2800000,0x00000006c29ec948,0x00000006cd180000)
 Metaspace       used 8184K, capacity 8646K, committed 8960K, reserved 1056768K
  class space    used 655K, capacity 690K, committed 768K, reserved 1048576K
}
Event: 1.867 GC heap before
{Heap before GC invocations=12 (full 0):
 PSYoungGen      total 223744K, used 221408K [0x000000076b800000, 0x000000078b280000, 0x00000007c0000000)
  eden space 221184K, 100% used [0x000000076b800000,0x0000000779000000,0x0000000779000000)
  from space 2560K, 8% used [0x000000078ad80000,0x000000078adb8000,0x000000078b000000)
  to   space 2560K, 0% used [0x000000078b000000,0x000000078b000000,0x000000078b280000)
 ParOldGen       total 173568K, used 1970K [0x00000006c2800000, 0x00000006cd180000, 0x000000076b800000)
  object space 173568K, 1% used [0x00000006c2800000,0x00000006c29ec948,0x00000006cd180000)
 Metaspace       used 8185K, capacity 8646K, committed 8960K, reserved 1056768K
  class space    used 655K, capacity 690K, committed 768K, reserved 1048576K
Event: 1.868 GC heap after
Heap after GC invocations=12 (full 0):
 PSYoungGen      total 213504K, used 128K [0x000000076b800000, 0x000000078b080000, 0x00000007c0000000)
  eden space 212992K, 0% used [0x000000076b800000,0x000000076b800000,0x0000000778800000)
  from space 512K, 25% used [0x000000078b000000,0x000000078b020000,0x000000078b080000)
  to   space 2560K, 0% used [0x000000078ab80000,0x000000078ab80000,0x000000078ae00000)
 ParOldGen       total 173568K, used 1970K [0x00000006c2800000, 0x00000006cd180000, 0x000000076b800000)
  object space 173568K, 1% used [0x00000006c2800000,0x00000006c29ec948,0x00000006cd180000)
 Metaspace       used 8185K, capacity 8646K, committed 8960K, reserved 1056768K
  class space    used 655K, capacity 690K, committed 768K, reserved 1048576K
}

