# JRE version: Java(TM) SE Runtime Environment (8.0_65-b17) (build 1.8.0_65-b17)
# Java VM: Java HotSpot(TM) 64-Bit Server VM (25.65-b01 mixed mode windows-amd64 compressed oops)
Heap:
 PSYoungGen      total 48128K, used 32056K [0x000000076b800000, 0x00000007a9700000, 0x00000007c0000000)
  eden space 47616K, 66% used [0x000000076b800000,0x000000076d716240,0x000000076e680000)
  from space 512K, 43% used [0x00000007a9680000,0x00000007a96b8000,0x00000007a9700000)
  to   space 512K, 0% used [0x00000007a9600000,0x00000007a9600000,0x00000007a9680000)
 ParOldGen       total 173568K, used 13632K [0x00000006c2800000, 0x00000006cd180000, 0x000000076b800000)
  object space 173568K, 7% used [0x00000006c2800000,0x00000006c3550010,0x00000006cd180000)
 Metaspace       used 8396K, capacity 8774K, committed 8960K, reserved 1056768K
  class space    used 664K, capacity 690K, committed 768K, reserved 1048576K
GC Heap History (10 events):
Event: 17.132 GC heap before
{Heap before GC invocations=92 (full 0):
 PSYoungGen      total 53248K, used 52960K [0x000000076b800000, 0x00000007a9700000, 0x00000007c0000000)
  eden space 52736K, 100% used [0x000000076b800000,0x000000076eb80000,0x000000076eb80000)
  from space 512K, 43% used [0x00000007a9600000,0x00000007a9638000,0x00000007a9680000)
  to   space 512K, 0% used [0x00000007a9680000,0x00000007a9680000,0x00000007a9700000)
 ParOldGen       total 173568K, used 13632K [0x00000006c2800000, 0x00000006cd180000, 0x000000076b800000)
  object space 173568K, 7% used [0x00000006c2800000,0x00000006c3550010,0x00000006cd180000)
 Metaspace       used 8396K, capacity 8774K, committed 8960K, reserved 1056768K
  class space    used 664K, capacity 690K, committed 768K, reserved 1048576K
Event: 17.132 GC heap after
Heap after GC invocations=92 (full 0):
 PSYoungGen      total 52224K, used 224K [0x000000076b800000, 0x00000007a9700000, 0x00000007c0000000)
  eden space 51712K, 0% used [0x000000076b800000,0x000000076b800000,0x000000076ea80000)
  from space 512K, 43% used [0x00000007a9680000,0x00000007a96b8000,0x00000007a9700000)
  to   space 512K, 0% used [0x00000007a9600000,0x00000007a9600000,0x00000007a9680000)
 ParOldGen       total 173568K, used 13632K [0x00000006c2800000, 0x00000006cd180000, 0x000000076b800000)
  object space 173568K, 7% used [0x00000006c2800000,0x00000006c3550010,0x00000006cd180000)
 Metaspace       used 8396K, capacity 8774K, committed 8960K, reserved 1056768K
  class space    used 664K, capacity 690K, committed 768K, reserved 1048576K
}
Event: 17.181 GC heap before
{Heap before GC invocations=93 (full 0):
 PSYoungGen      total 52224K, used 51936K [0x000000076b800000, 0x00000007a9700000, 0x00000007c0000000)
  eden space 51712K, 100% used [0x000000076b800000,0x000000076ea80000,0x000000076ea80000)
  from space 512K, 43% used [0x00000007a9680000,0x00000007a96b8000,0x00000007a9700000)
  to   space 512K, 0% used [0x00000007a9600000,0x00000007a9600000,0x00000007a9680000)
 ParOldGen       total 173568K, used 13632K [0x00000006c2800000, 0x00000006cd180000, 0x000000076b800000)
  object space 173568K, 7% used [0x00000006c2800000,0x00000006c3550010,0x00000006cd180000)
 Metaspace       used 8396K, capacity 8774K, committed 8960K, reserved 1056768K
  class space    used 664K, capacity 690K, committed 768K, reserved 1048576K
Event: 17.182 GC heap after
Heap after GC invocations=93 (full 0):
 PSYoungGen      total 51200K, used 224K [0x000000076b800000, 0x00000007a9700000, 0x00000007c0000000)
  eden space 50688K, 0% used [0x000000076b800000,0x000000076b800000,0x000000076e980000)
  from space 512K, 43% used [0x00000007a9600000,0x00000007a9638000,0x00000007a9680000)
  to   space 512K, 0% used [0x00000007a9680000,0x00000007a9680000,0x00000007a9700000)
 ParOldGen       total 173568K, used 13632K [0x00000006c2800000, 0x00000006cd180000, 0x000000076b800000)
  object space 173568K, 7% used [0x00000006c2800000,0x00000006c3550010,0x00000006cd180000)
 Metaspace       used 8396K, capacity 8774K, committed 8960K, reserved 1056768K
  class space    used 664K, capacity 690K, committed 768K, reserved 1048576K
}
Event: 17.224 GC heap before
{Heap before GC invocations=94 (full 0):
 PSYoungGen      total 51200K, used 50912K [0x000000076b800000, 0x00000007a9700000, 0x00000007c0000000)
  eden space 50688K, 100% used [0x000000076b800000,0x000000076e980000,0x000000076e980000)
  from space 512K, 43% used [0x00000007a9600000,0x00000007a9638000,0x00000007a9680000)
  to   space 512K, 0% used [0x00000007a9680000,0x00000007a9680000,0x00000007a9700000)
 ParOldGen       total 173568K, used 13632K [0x00000006c2800000, 0x00000006cd180000, 0x000000076b800000)
  object space 173568K, 7% used [0x00000006c2800000,0x00000006c3550010,0x00000006cd180000)
 Metaspace       used 8396K, capacity 8774K, committed 8960K, reserved 1056768K
  class space    used 664K, capacity 690K, committed 768K, reserved 1048576K
Event: 17.225 GC heap after
Heap after GC invocations=94 (full 0):
 PSYoungGen      total 50176K, used 192K [0x000000076b800000, 0x00000007a9700000, 0x00000007c0000000)
  eden space 49664K, 0% used [0x000000076b800000,0x000000076b800000,0x000000076e880000)
  from space 512K, 37% used [0x00000007a9680000,0x00000007a96b0000,0x00000007a9700000)
  to   space 512K, 0% used [0x00000007a9600000,0x00000007a9600000,0x00000007a9680000)
 ParOldGen       total 173568K, used 13632K [0x00000006c2800000, 0x00000006cd180000, 0x000000076b800000)
  object space 173568K, 7% used [0x00000006c2800000,0x00000006c3550010,0x00000006cd180000)
 Metaspace       used 8396K, capacity 8774K, committed 8960K, reserved 1056768K
  class space    used 664K, capacity 690K, committed 768K, reserved 1048576K
}
Event: 17.279 GC heap before
{Heap before GC invocations=95 (full 0):
 PSYoungGen      total 50176K, used 49856K [0x000000076b800000, 0x00000007a9700000, 0x00000007c0000000)
  eden space 49664K, 100% used [0x000000076b800000,0x000000076e880000,0x000000076e880000)
  from space 512K, 37% used [0x00000007a9680000,0x00000007a96b0000,0x00000007a9700000)
  to   space 512K, 0% used [0x00000007a9600000,0x00000007a9600000,0x00000007a9680000)
 ParOldGen       total 173568K, used 13632K [0x00000006c2800000, 0x00000006cd180000, 0x000000076b800000)
  object space 173568K, 7% used [0x00000006c2800000,0x00000006c3550010,0x00000006cd180000)
 Metaspace       used 8396K, capacity 8774K, committed 8960K, reserved 1056768K
  class space    used 664K, capacity 690K, committed 768K, reserved 1048576K
Event: 17.279 GC heap after
Heap after GC invocations=95 (full 0):
 PSYoungGen      total 49152K, used 224K [0x000000076b800000, 0x00000007a9700000, 0x00000007c0000000)
  eden space 48640K, 0% used [0x000000076b800000,0x000000076b800000,0x000000076e780000)
  from space 512K, 43% used [0x00000007a9600000,0x00000007a9638000,0x00000007a9680000)
  to   space 512K, 0% used [0x00000007a9680000,0x00000007a9680000,0x00000007a9700000)
 ParOldGen       total 173568K, used 13632K [0x00000006c2800000, 0x00000006cd180000, 0x000000076b800000)
  object space 173568K, 7% used [0x00000006c2800000,0x00000006c3550010,0x00000006cd180000)
 Metaspace       used 8396K, capacity 8774K, committed 8960K, reserved 1056768K
  class space    used 664K, capacity 690K, committed 768K, reserved 1048576K
}
Event: 17.338 GC heap before
{Heap before GC invocations=96 (full 0):
 PSYoungGen      total 49152K, used 48864K [0x000000076b800000, 0x00000007a9700000, 0x00000007c0000000)
  eden space 48640K, 100% used [0x000000076b800000,0x000000076e780000,0x000000076e780000)
  from space 512K, 43% used [0x00000007a9600000,0x00000007a9638000,0x00000007a9680000)
  to   space 512K, 0% used [0x00000007a9680000,0x00000007a9680000,0x00000007a9700000)
 ParOldGen       total 173568K, used 13632K [0x00000006c2800000, 0x00000006cd180000, 0x000000076b800000)
  object space 173568K, 7% used [0x00000006c2800000,0x00000006c3550010,0x00000006cd180000)
 Metaspace       used 8396K, capacity 8774K, committed 8960K, reserved 1056768K
  class space    used 664K, capacity 690K, committed 768K, reserved 1048576K
Event: 17.339 GC heap after
Heap after GC invocations=96 (full 0):
 PSYoungGen      total 48128K, used 224K [0x000000076b800000, 0x00000007a9700000, 0x00000007c0000000)
  eden space 47616K, 0% used [0x000000076b800000,0x000000076b800000,0x000000076e680000)
  from space 512K, 43% used [0x00000007a9680000,0x00000007a96b8000,0x00000007a9700000)
  to   space 512K, 0% used [0x00000007a9600000,0x00000007a9600000,0x00000007a9680000)
 ParOldGen       total 173568K, used 13632K [0x00000006c2800000, 0x00000006cd180000, 0x000000076b800000)
  object space 173568K, 7% used [0x00000006c2800000,0x00000006c3550010,0x00000006cd180000)
 Metaspace       used 8396K, capacity 8774K, committed 8960K, reserved 1056768K
  class space    used 664K, capacity 690K, committed 768K, reserved 1048576K
}

