# JRE version: Java(TM) SE Runtime Environment (8.0_65-b17) (build 1.8.0_65-b17)
# Java VM: Java HotSpot(TM) 64-Bit Server VM (25.65-b01 mixed mode windows-amd64 compressed oops)
Heap:
 PSYoungGen      total 157696K, used 105321K [0x000000076b800000, 0x00000007a9080000, 0x00000007c0000000)
  eden space 157184K, 66% used [0x000000076b800000,0x0000000771ea27c8,0x0000000775180000)
  from space 512K, 43% used [0x00000007a8f80000,0x00000007a8fb8000,0x00000007a9000000)
  to   space 512K, 0% used [0x00000007a9000000,0x00000007a9000000,0x00000007a9080000)
 ParOldGen       total 173568K, used 17680K [0x00000006c2800000, 0x00000006cd180000, 0x000000076b800000)
  object space 173568K, 10% used [0x00000006c2800000,0x00000006c39441d0,0x00000006cd180000)
 Metaspace       used 8390K, capacity 8774K, committed 8960K, reserved 1056768K
  class space    used 662K, capacity 690K, committed 768K, reserved 1048576K
GC Heap History (10 events):
Event: 15.063 GC heap before
{Heap before GC invocations=129 (full 0):
 PSYoungGen      total 151040K, used 150752K [0x000000076b800000, 0x00000007a9080000, 0x00000007c0000000)
  eden space 150528K, 100% used [0x000000076b800000,0x0000000774b00000,0x0000000774b00000)
  from space 512K, 43% used [0x00000007a9000000,0x00000007a9038000,0x00000007a9080000)
  to   space 512K, 0% used [0x00000007a8f80000,0x00000007a8f80000,0x00000007a9000000)
 ParOldGen       total 173568K, used 17680K [0x00000006c2800000, 0x00000006cd180000, 0x000000076b800000)
  object space 173568K, 10% used [0x00000006c2800000,0x00000006c39441d0,0x00000006cd180000)
 Metaspace       used 8390K, capacity 8774K, committed 8960K, reserved 1056768K
  class space    used 662K, capacity 690K, committed 768K, reserved 1048576K
Event: 15.063 GC heap after
Heap after GC invocations=129 (full 0):
 PSYoungGen      total 181248K, used 192K [0x000000076b800000, 0x00000007a9080000, 0x00000007c0000000)
  eden space 180736K, 0% used [0x000000076b800000,0x000000076b800000,0x0000000776880000)
  from space 512K, 37% used [0x00000007a8f80000,0x00000007a8fb0000,0x00000007a9000000)
  to   space 512K, 0% used [0x00000007a9000000,0x00000007a9000000,0x00000007a9080000)
 ParOldGen       total 173568K, used 17680K [0x00000006c2800000, 0x00000006cd180000, 0x000000076b800000)
  object space 173568K, 10% used [0x00000006c2800000,0x00000006c39441d0,0x00000006cd180000)
 Metaspace       used 8390K, capacity 8774K, committed 8960K, reserved 1056768K
  class space    used 662K, capacity 690K, committed 768K, reserved 1048576K
}
Event: 15.141 GC heap before
{Heap before GC invocations=130 (full 0):
 PSYoungGen      total 181248K, used 180928K [0x000000076b800000, 0x00000007a9080000, 0x00000007c0000000)
  eden space 180736K, 100% used [0x000000076b800000,0x0000000776880000,0x0000000776880000)
  from space 512K, 37% used [0x00000007a8f80000,0x00000007a8fb0000,0x00000007a9000000)
  to   space 512K, 0% used [0x00000007a9000000,0x00000007a9000000,0x00000007a9080000)
 ParOldGen       total 173568K, used 17680K [0x00000006c2800000, 0x00000006cd180000, 0x000000076b800000)
  object space 173568K, 10% used [0x00000006c2800000,0x00000006c39441d0,0x00000006cd180000)
 Metaspace       used 8390K, capacity 8774K, committed 8960K, reserved 1056768K
  class space    used 662K, capacity 690K, committed 768K, reserved 1048576K
Event: 15.141 GC heap after
Heap after GC invocations=130 (full 0):
 PSYoungGen      total 175104K, used 192K [0x000000076b800000, 0x00000007a9080000, 0x00000007c0000000)
  eden space 174592K, 0% used [0x000000076b800000,0x000000076b800000,0x0000000776280000)
  from space 512K, 37% used [0x00000007a9000000,0x00000007a9030000,0x00000007a9080000)
  to   space 512K, 0% used [0x00000007a8f80000,0x00000007a8f80000,0x00000007a9000000)
 ParOldGen       total 173568K, used 17680K [0x00000006c2800000, 0x00000006cd180000, 0x000000076b800000)
  object space 173568K, 10% used [0x00000006c2800000,0x00000006c39441d0,0x00000006cd180000)
 Metaspace       used 8390K, capacity 8774K, committed 8960K, reserved 1056768K
  class space    used 662K, capacity 690K, committed 768K, reserved 1048576K
}
Event: 15.214 GC heap before
{Heap before GC invocations=131 (full 0):
 PSYoungGen      total 175104K, used 174784K [0x000000076b800000, 0x00000007a9080000, 0x00000007c0000000)
  eden space 174592K, 100% used [0x000000076b800000,0x0000000776280000,0x0000000776280000)
  from space 512K, 37% used [0x00000007a9000000,0x00000007a9030000,0x00000007a9080000)
  to   space 512K, 0% used [0x00000007a8f80000,0x00000007a8f80000,0x00000007a9000000)
 ParOldGen       total 173568K, used 17680K [0x00000006c2800000, 0x00000006cd180000, 0x000000076b800000)
  object space 173568K, 10% used [0x00000006c2800000,0x00000006c39441d0,0x00000006cd180000)
 Metaspace       used 8390K, capacity 8774K, committed 8960K, reserved 1056768K
  class space    used 662K, capacity 690K, committed 768K, reserved 1048576K
Event: 15.215 GC heap after
Heap after GC invocations=131 (full 0):
 PSYoungGen      total 168960K, used 224K [0x000000076b800000, 0x00000007a9080000, 0x00000007c0000000)
  eden space 168448K, 0% used [0x000000076b800000,0x000000076b800000,0x0000000775c80000)
  from space 512K, 43% used [0x00000007a8f80000,0x00000007a8fb8000,0x00000007a9000000)
  to   space 512K, 0% used [0x00000007a9000000,0x00000007a9000000,0x00000007a9080000)
 ParOldGen       total 173568K, used 17680K [0x00000006c2800000, 0x00000006cd180000, 0x000000076b800000)
  object space 173568K, 10% used [0x00000006c2800000,0x00000006c39441d0,0x00000006cd180000)
 Metaspace       used 8390K, capacity 8774K, committed 8960K, reserved 1056768K
  class space    used 662K, capacity 690K, committed 768K, reserved 1048576K
}
Event: 15.286 GC heap before
{Heap before GC invocations=132 (full 0):
 PSYoungGen      total 168960K, used 168672K [0x000000076b800000, 0x00000007a9080000, 0x00000007c0000000)
  eden space 168448K, 100% used [0x000000076b800000,0x0000000775c80000,0x0000000775c80000)
  from space 512K, 43% used [0x00000007a8f80000,0x00000007a8fb8000,0x00000007a9000000)
  to   space 512K, 0% used [0x00000007a9000000,0x00000007a9000000,0x00000007a9080000)
 ParOldGen       total 173568K, used 17680K [0x00000006c2800000, 0x00000006cd180000, 0x000000076b800000)
  object space 173568K, 10% used [0x00000006c2800000,0x00000006c39441d0,0x00000006cd180000)
 Metaspace       used 8390K, capacity 8774K, committed 8960K, reserved 1056768K
  class space    used 662K, capacity 690K, committed 768K, reserved 1048576K
Event: 15.286 GC heap after
Heap after GC invocations=132 (full 0):
 PSYoungGen      total 163328K, used 224K [0x000000076b800000, 0x00000007a9080000, 0x00000007c0000000)
  eden space 162816K, 0% used [0x000000076b800000,0x000000076b800000,0x0000000775700000)
  from space 512K, 43% used [0x00000007a9000000,0x00000007a9038000,0x00000007a9080000)
  to   space 512K, 0% used [0x00000007a8f80000,0x00000007a8f80000,0x00000007a9000000)
 ParOldGen       total 173568K, used 17680K [0x00000006c2800000, 0x00000006cd180000, 0x000000076b800000)
  object space 173568K, 10% used [0x00000006c2800000,0x00000006c39441d0,0x00000006cd180000)
 Metaspace       used 8390K, capacity 8774K, committed 8960K, reserved 1056768K
  class space    used 662K, capacity 690K, committed 768K, reserved 1048576K
}
Event: 15.356 GC heap before
{Heap before GC invocations=133 (full 0):
 PSYoungGen      total 163328K, used 163040K [0x000000076b800000, 0x00000007a9080000, 0x00000007c0000000)
  eden space 162816K, 100% used [0x000000076b800000,0x0000000775700000,0x0000000775700000)
  from space 512K, 43% used [0x00000007a9000000,0x00000007a9038000,0x00000007a9080000)
  to   space 512K, 0% used [0x00000007a8f80000,0x00000007a8f80000,0x00000007a9000000)
 ParOldGen       total 173568K, used 17680K [0x00000006c2800000, 0x00000006cd180000, 0x000000076b800000)
  object space 173568K, 10% used [0x00000006c2800000,0x00000006c39441d0,0x00000006cd180000)
 Metaspace       used 8390K, capacity 8774K, committed 8960K, reserved 1056768K
  class space    used 662K, capacity 690K, committed 768K, reserved 1048576K
Event: 15.357 GC heap after
Heap after GC invocations=133 (full 0):
 PSYoungGen      total 157696K, used 224K [0x000000076b800000, 0x00000007a9080000, 0x00000007c0000000)
  eden space 157184K, 0% used [0x000000076b800000,0x000000076b800000,0x0000000775180000)
  from space 512K, 43% used [0x00000007a8f80000,0x00000007a8fb8000,0x00000007a9000000)
  to   space 512K, 0% used [0x00000007a9000000,0x00000007a9000000,0x00000007a9080000)
 ParOldGen       total 173568K, used 17680K [0x00000006c2800000, 0x00000006cd180000, 0x000000076b800000)
  object space 173568K, 10% used [0x00000006c2800000,0x00000006c39441d0,0x00000006cd180000)
 Metaspace       used 8390K, capacity 8774K, committed 8960K, reserved 1056768K
  class space    used 662K, capacity 690K, committed 768K, reserved 1048576K
}

