# JRE version: Java(TM) SE Runtime Environment (8.0_65-b17) (build 1.8.0_65-b17)
# Java VM: Java HotSpot(TM) 64-Bit Server VM (25.65-b01 mixed mode windows-amd64 compressed oops)
Heap:
 PSYoungGen      total 42496K, used 31721K [0x000000076b800000, 0x0000000784080000, 0x00000007c0000000)
  eden space 41984K, 75% used [0x000000076b800000,0x000000076d6c2640,0x000000076e100000)
  from space 512K, 43% used [0x0000000783f80000,0x0000000783fb8000,0x0000000784000000)
  to   space 512K, 0% used [0x0000000784000000,0x0000000784000000,0x0000000784080000)
 ParOldGen       total 173568K, used 1452K [0x00000006c2800000, 0x00000006cd180000, 0x000000076b800000)
  object space 173568K, 0% used [0x00000006c2800000,0x00000006c296b060,0x00000006cd180000)
 Metaspace       used 8266K, capacity 8710K, committed 8960K, reserved 1056768K
  class space    used 654K, capacity 690K, committed 768K, reserved 1048576K
GC Heap History (10 events):
Event: 7.806 GC heap before
{Heap before GC invocations=77 (full 0):
 PSYoungGen      total 45056K, used 44736K [0x000000076b800000, 0x0000000784080000, 0x00000007c0000000)
  eden space 44544K, 100% used [0x000000076b800000,0x000000076e380000,0x000000076e380000)
  from space 512K, 37% used [0x0000000784000000,0x0000000784030000,0x0000000784080000)
  to   space 512K, 0% used [0x0000000783f80000,0x0000000783f80000,0x0000000784000000)
 ParOldGen       total 173568K, used 1452K [0x00000006c2800000, 0x00000006cd180000, 0x000000076b800000)
  object space 173568K, 0% used [0x00000006c2800000,0x00000006c296b060,0x00000006cd180000)
 Metaspace       used 8266K, capacity 8710K, committed 8960K, reserved 1056768K
  class space    used 654K, capacity 690K, committed 768K, reserved 1048576K
Event: 7.806 GC heap after
Heap after GC invocations=77 (full 0):
 PSYoungGen      total 44544K, used 192K [0x000000076b800000, 0x0000000784080000, 0x00000007c0000000)
  eden space 44032K, 0% used [0x000000076b800000,0x000000076b800000,0x000000076e300000)
  from space 512K, 37% used [0x0000000783f80000,0x0000000783fb0000,0x0000000784000000)
  to   space 512K, 0% used [0x0000000784000000,0x0000000784000000,0x0000000784080000)
 ParOldGen       total 173568K, used 1452K [0x00000006c2800000, 0x00000006cd180000, 0x000000076b800000)
  object space 173568K, 0% used [0x00000006c2800000,0x00000006c296b060,0x00000006cd180000)
 Metaspace       used 8266K, capacity 8710K, committed 8960K, reserved 1056768K
  class space    used 654K, capacity 690K, committed 768K, reserved 1048576K
}
Event: 7.844 GC heap before
{Heap before GC invocations=78 (full 0):
 PSYoungGen      total 44544K, used 44224K [0x000000076b800000, 0x0000000784080000, 0x00000007c0000000)
  eden space 44032K, 100% used [0x000000076b800000,0x000000076e300000,0x000000076e300000)
  from space 512K, 37% used [0x0000000783f80000,0x0000000783fb0000,0x0000000784000000)
  to   space 512K, 0% used [0x0000000784000000,0x0000000784000000,0x0000000784080000)
 ParOldGen       total 173568K, used 1452K [0x00000006c2800000, 0x00000006cd180000, 0x000000076b800000)
  object space 173568K, 0% used [0x00000006c2800000,0x00000006c296b060,0x00000006cd180000)
 Metaspace       used 8266K, capacity 8710K, committed 8960K, reserved 1056768K
  class space    used 654K, capacity 690K, committed 768K, reserved 1048576K
Event: 7.845 GC heap after
Heap after GC invocations=78 (full 0):
 PSYoungGen      total 44032K, used 224K [0x000000076b800000, 0x0000000784080000, 0x00000007c0000000)
  eden space 43520K, 0% used [0x000000076b800000,0x000000076b800000,0x000000076e280000)
  from space 512K, 43% used [0x0000000784000000,0x0000000784038000,0x0000000784080000)
  to   space 512K, 0% used [0x0000000783f80000,0x0000000783f80000,0x0000000784000000)
 ParOldGen       total 173568K, used 1452K [0x00000006c2800000, 0x00000006cd180000, 0x000000076b800000)
  object space 173568K, 0% used [0x00000006c2800000,0x00000006c296b060,0x00000006cd180000)
 Metaspace       used 8266K, capacity 8710K, committed 8960K, reserved 1056768K
  class space    used 654K, capacity 690K, committed 768K, reserved 1048576K
}
Event: 7.893 GC heap before
{Heap before GC invocations=79 (full 0):
 PSYoungGen      total 44032K, used 43744K [0x000000076b800000, 0x0000000784080000, 0x00000007c0000000)
  eden space 43520K, 100% used [0x000000076b800000,0x000000076e280000,0x000000076e280000)
  from space 512K, 43% used [0x0000000784000000,0x0000000784038000,0x0000000784080000)
  to   space 512K, 0% used [0x0000000783f80000,0x0000000783f80000,0x0000000784000000)
 ParOldGen       total 173568K, used 1452K [0x00000006c2800000, 0x00000006cd180000, 0x000000076b800000)
  object space 173568K, 0% used [0x00000006c2800000,0x00000006c296b060,0x00000006cd180000)
 Metaspace       used 8266K, capacity 8710K, committed 8960K, reserved 1056768K
  class space    used 654K, capacity 690K, committed 768K, reserved 1048576K
Event: 7.893 GC heap after
Heap after GC invocations=79 (full 0):
 PSYoungGen      total 43520K, used 192K [0x000000076b800000, 0x0000000784080000, 0x00000007c0000000)
  eden space 43008K, 0% used [0x000000076b800000,0x000000076b800000,0x000000076e200000)
  from space 512K, 37% used [0x0000000783f80000,0x0000000783fb0000,0x0000000784000000)
  to   space 512K, 0% used [0x0000000784000000,0x0000000784000000,0x0000000784080000)
 ParOldGen       total 173568K, used 1452K [0x00000006c2800000, 0x00000006cd180000, 0x000000076b800000)
  object space 173568K, 0% used [0x00000006c2800000,0x00000006c296b060,0x00000006cd180000)
 Metaspace       used 8266K, capacity 8710K, committed 8960K, reserved 1056768K
  class space    used 654K, capacity 690K, committed 768K, reserved 1048576K
}
Event: 7.942 GC heap before
{Heap before GC invocations=80 (full 0):
 PSYoungGen      total 43520K, used 43200K [0x000000076b800000, 0x0000000784080000, 0x00000007c0000000)
  eden space 43008K, 100% used [0x000000076b800000,0x000000076e200000,0x000000076e200000)
  from space 512K, 37% used [0x0000000783f80000,0x0000000783fb0000,0x0000000784000000)
  to   space 512K, 0% used [0x0000000784000000,0x0000000784000000,0x0000000784080000)
 ParOldGen       total 173568K, used 1452K [0x00000006c2800000, 0x00000006cd180000, 0x000000076b800000)
  object space 173568K, 0% used [0x00000006c2800000,0x00000006c296b060,0x00000006cd180000)
 Metaspace       used 8266K, capacity 8710K, committed 8960K, reserved 1056768K
  class space    used 654K, capacity 690K, committed 768K, reserved 1048576K
Event: 7.943 GC heap after
Heap after GC invocations=80 (full 0):
 PSYoungGen      total 43008K, used 224K [0x000000076b800000, 0x0000000784080000, 0x00000007c0000000)
  eden space 42496K, 0% used [0x000000076b800000,0x000000076b800000,0x000000076e180000)
  from space 512K, 43% used [0x0000000784000000,0x0000000784038000,0x0000000784080000)
  to   space 512K, 0% used [0x0000000783f80000,0x0000000783f80000,0x0000000784000000)
 ParOldGen       total 173568K, used 1452K [0x00000006c2800000, 0x00000006cd180000, 0x000000076b800000)
  object space 173568K, 0% used [0x00000006c2800000,0x00000006c296b060,0x00000006cd180000)
 Metaspace       used 8266K, capacity 8710K, committed 8960K, reserved 1056768K
  class space    used 654K, capacity 690K, committed 768K, reserved 1048576K
}
Event: 7.991 GC heap before
{Heap before GC invocations=81 (full 0):
 PSYoungGen      total 43008K, used 42720K [0x000000076b800000, 0x0000000784080000, 0x00000007c0000000)
  eden space 42496K, 100% used [0x000000076b800000,0x000000076e180000,0x000000076e180000)
  from space 512K, 43% used [0x0000000784000000,0x0000000784038000,0x0000000784080000)
  to   space 512K, 0% used [0x0000000783f80000,0x0000000783f80000,0x0000000784000000)
 ParOldGen       total 173568K, used 1452K [0x00000006c2800000, 0x00000006cd180000, 0x000000076b800000)
  object space 173568K, 0% used [0x00000006c2800000,0x00000006c296b060,0x00000006cd180000)
 Metaspace       used 8266K, capacity 8710K, committed 8960K, reserved 1056768K
  class space    used 654K, capacity 690K, committed 768K, reserved 1048576K
Event: 7.991 GC heap after
Heap after GC invocations=81 (full 0):
 PSYoungGen      total 42496K, used 224K [0x000000076b800000, 0x0000000784080000, 0x00000007c0000000)
  eden space 41984K, 0% used [0x000000076b800000,0x000000076b800000,0x000000076e100000)
  from space 512K, 43% used [0x0000000783f80000,0x0000000783fb8000,0x0000000784000000)
  to   space 512K, 0% used [0x0000000784000000,0x0000000784000000,0x0000000784080000)
 ParOldGen       total 173568K, used 1452K [0x00000006c2800000, 0x00000006cd180000, 0x000000076b800000)
  object space 173568K, 0% used [0x00000006c2800000,0x00000006c296b060,0x00000006cd180000)
 Metaspace       used 8266K, capacity 8710K, committed 8960K, reserved 1056768K
  class space    used 654K, capacity 690K, committed 768K, reserved 1048576K
}

