# JRE version: Java(TM) SE Runtime Environment (8.0_65-b17) (build 1.8.0_65-b17)
# Java VM: Java HotSpot(TM) 64-Bit Server VM (25.65-b01 mixed mode windows-amd64 compressed oops)
Heap:
 PSYoungGen      total 922112K, used 340098K [0x000000076b800000, 0x00000007bca80000, 0x00000007c0000000)
  eden space 921600K, 36% used [0x000000076b800000,0x00000007803e8880,0x00000007a3c00000)
  from space 512K, 43% used [0x00000007bca00000,0x00000007bca38000,0x00000007bca80000)
  to   space 8704K, 0% used [0x00000007bb980000,0x00000007bb980000,0x00000007bc200000)
 ParOldGen       total 173568K, used 36321K [0x00000006c2800000, 0x00000006cd180000, 0x000000076b800000)
  object space 173568K, 20% used [0x00000006c2800000,0x00000006c4b784d0,0x00000006cd180000)
 Metaspace       used 8374K, capacity 8710K, committed 8960K, reserved 1056768K
  class space    used 659K, capacity 690K, committed 768K, reserved 1048576K
GC Heap History (10 events):
Event: 8.030 GC heap before
{Heap before GC invocations=20 (full 0):
 PSYoungGen      total 1183744K, used 1172192K [0x000000076b800000, 0x00000007be700000, 0x00000007c0000000)
  eden space 1171968K, 100% used [0x000000076b800000,0x00000007b3080000,0x00000007b3080000)
  from space 11776K, 1% used [0x00000007bd000000,0x00000007bd038000,0x00000007bdb80000)
  to   space 11264K, 0% used [0x00000007bdc00000,0x00000007bdc00000,0x00000007be700000)
 ParOldGen       total 173568K, used 36241K [0x00000006c2800000, 0x00000006cd180000, 0x000000076b800000)
  object space 173568K, 20% used [0x00000006c2800000,0x00000006c4b644d0,0x00000006cd180000)
 Metaspace       used 8349K, capacity 8710K, committed 8960K, reserved 1056768K
  class space    used 659K, capacity 690K, committed 768K, reserved 1048576K
Event: 8.031 GC heap after
Heap after GC invocations=20 (full 0):
 PSYoungGen      total 1117184K, used 224K [0x000000076b800000, 0x00000007bdc80000, 0x00000007c0000000)
  eden space 1116672K, 0% used [0x000000076b800000,0x000000076b800000,0x00000007afa80000)
  from space 512K, 43% used [0x00000007bdc00000,0x00000007bdc38000,0x00000007bdc80000)
  to   space 10752K, 0% used [0x00000007bc780000,0x00000007bc780000,0x00000007bd200000)
 ParOldGen       total 173568K, used 36241K [0x00000006c2800000, 0x00000006cd180000, 0x000000076b800000)
  object space 173568K, 20% used [0x00000006c2800000,0x00000006c4b644d0,0x00000006cd180000)
 Metaspace       used 8349K, capacity 8710K, committed 8960K, reserved 1056768K
  class space    used 659K, capacity 690K, committed 768K, reserved 1048576K
}
Event: 8.862 GC heap before
{Heap before GC invocations=21 (full 0):
 PSYoungGen      total 1117184K, used 1116896K [0x000000076b800000, 0x00000007bdc80000, 0x00000007c0000000)
  eden space 1116672K, 100% used [0x000000076b800000,0x00000007afa80000,0x00000007afa80000)
  from space 512K, 43% used [0x00000007bdc00000,0x00000007bdc38000,0x00000007bdc80000)
  to   space 10752K, 0% used [0x00000007bc780000,0x00000007bc780000,0x00000007bd200000)
 ParOldGen       total 173568K, used 36241K [0x00000006c2800000, 0x00000006cd180000, 0x000000076b800000)
  object space 173568K, 20% used [0x00000006c2800000,0x00000006c4b644d0,0x00000006cd180000)
 Metaspace       used 8349K, capacity 8710K, committed 8960K, reserved 1056768K
  class space    used 659K, capacity 690K, committed 768K, reserved 1048576K
Event: 8.863 GC heap after
Heap after GC invocations=21 (full 0):
 PSYoungGen      total 1074688K, used 224K [0x000000076b800000, 0x00000007bdc80000, 0x00000007c0000000)
  eden space 1063936K, 0% used [0x000000076b800000,0x000000076b800000,0x00000007ac700000)
  from space 10752K, 2% used [0x00000007bc780000,0x00000007bc7b8000,0x00000007bd200000)
  to   space 10240K, 0% used [0x00000007bd280000,0x00000007bd280000,0x00000007bdc80000)
 ParOldGen       total 173568K, used 36241K [0x00000006c2800000, 0x00000006cd180000, 0x000000076b800000)
  object space 173568K, 20% used [0x00000006c2800000,0x00000006c4b644d0,0x00000006cd180000)
 Metaspace       used 8349K, capacity 8710K, committed 8960K, reserved 1056768K
  class space    used 659K, capacity 690K, committed 768K, reserved 1048576K
}
Event: 9.668 GC heap before
{Heap before GC invocations=22 (full 0):
 PSYoungGen      total 1074688K, used 1064160K [0x000000076b800000, 0x00000007bdc80000, 0x00000007c0000000)
  eden space 1063936K, 100% used [0x000000076b800000,0x00000007ac700000,0x00000007ac700000)
  from space 10752K, 2% used [0x00000007bc780000,0x00000007bc7b8000,0x00000007bd200000)
  to   space 10240K, 0% used [0x00000007bd280000,0x00000007bd280000,0x00000007bdc80000)
 ParOldGen       total 173568K, used 36241K [0x00000006c2800000, 0x00000006cd180000, 0x000000076b800000)
  object space 173568K, 20% used [0x00000006c2800000,0x00000006c4b644d0,0x00000006cd180000)
 Metaspace       used 8360K, capacity 8710K, committed 8960K, reserved 1056768K
  class space    used 659K, capacity 690K, committed 768K, reserved 1048576K
Event: 9.670 GC heap after
Heap after GC invocations=22 (full 0):
 PSYoungGen      total 1014784K, used 224K [0x000000076b800000, 0x00000007bd300000, 0x00000007c0000000)
  eden space 1014272K, 0% used [0x000000076b800000,0x000000076b800000,0x00000007a9680000)
  from space 512K, 43% used [0x00000007bd280000,0x00000007bd2b8000,0x00000007bd300000)
  to   space 9728K, 0% used [0x00000007bc000000,0x00000007bc000000,0x00000007bc980000)
 ParOldGen       total 173568K, used 36241K [0x00000006c2800000, 0x00000006cd180000, 0x000000076b800000)
  object space 173568K, 20% used [0x00000006c2800000,0x00000006c4b644d0,0x00000006cd180000)
 Metaspace       used 8360K, capacity 8710K, committed 8960K, reserved 1056768K
  class space    used 659K, capacity 690K, committed 768K, reserved 1048576K
}
Event: 10.440 GC heap before
{Heap before GC invocations=23 (full 0):
 PSYoungGen      total 1014784K, used 1014496K [0x000000076b800000, 0x00000007bd300000, 0x00000007c0000000)
  eden space 1014272K, 100% used [0x000000076b800000,0x00000007a9680000,0x00000007a9680000)
  from space 512K, 43% used [0x00000007bd280000,0x00000007bd2b8000,0x00000007bd300000)
  to   space 9728K, 0% used [0x00000007bc000000,0x00000007bc000000,0x00000007bc980000)
 ParOldGen       total 173568K, used 36241K [0x00000006c2800000, 0x00000006cd180000, 0x000000076b800000)
  object space 173568K, 20% used [0x00000006c2800000,0x00000006c4b644d0,0x00000006cd180000)
 Metaspace       used 8373K, capacity 8710K, committed 8960K, reserved 1056768K
  class space    used 659K, capacity 690K, committed 768K, reserved 1048576K
Event: 10.440 GC heap after
Heap after GC invocations=23 (full 0):
 PSYoungGen      total 976384K, used 224K [0x000000076b800000, 0x00000007bd300000, 0x00000007c0000000)
  eden space 966656K, 0% used [0x000000076b800000,0x000000076b800000,0x00000007a6800000)
  from space 9728K, 2% used [0x00000007bc000000,0x00000007bc038000,0x00000007bc980000)
  to   space 9216K, 0% used [0x00000007bca00000,0x00000007bca00000,0x00000007bd300000)
 ParOldGen       total 173568K, used 36281K [0x00000006c2800000, 0x00000006cd180000, 0x000000076b800000)
  object space 173568K, 20% used [0x00000006c2800000,0x00000006c4b6e4d0,0x00000006cd180000)
 Metaspace       used 8373K, capacity 8710K, committed 8960K, reserved 1056768K
  class space    used 659K, capacity 690K, committed 768K, reserved 1048576K
}
Event: 11.173 GC heap before
{Heap before GC invocations=24 (full 0):
 PSYoungGen      total 976384K, used 966880K [0x000000076b800000, 0x00000007bd300000, 0x00000007c0000000)
  eden space 966656K, 100% used [0x000000076b800000,0x00000007a6800000,0x00000007a6800000)
  from space 9728K, 2% used [0x00000007bc000000,0x00000007bc038000,0x00000007bc980000)
  to   space 9216K, 0% used [0x00000007bca00000,0x00000007bca00000,0x00000007bd300000)
 ParOldGen       total 173568K, used 36281K [0x00000006c2800000, 0x00000006cd180000, 0x000000076b800000)
  object space 173568K, 20% used [0x00000006c2800000,0x00000006c4b6e4d0,0x00000006cd180000)
 Metaspace       used 8373K, capacity 8710K, committed 8960K, reserved 1056768K
  class space    used 659K, capacity 690K, committed 768K, reserved 1048576K
Event: 11.174 GC heap after
Heap after GC invocations=24 (full 0):
 PSYoungGen      total 922112K, used 224K [0x000000076b800000, 0x00000007bca80000, 0x00000007c0000000)
  eden space 921600K, 0% used [0x000000076b800000,0x000000076b800000,0x00000007a3c00000)
  from space 512K, 43% used [0x00000007bca00000,0x00000007bca38000,0x00000007bca80000)
  to   space 8704K, 0% used [0x00000007bb980000,0x00000007bb980000,0x00000007bc200000)
 ParOldGen       total 173568K, used 36321K [0x00000006c2800000, 0x00000006cd180000, 0x000000076b800000)
  object space 173568K, 20% used [0x00000006c2800000,0x00000006c4b784d0,0x00000006cd180000)
 Metaspace       used 8373K, capacity 8710K, committed 8960K, reserved 1056768K
  class space    used 659K, capacity 690K, committed 768K, reserved 1048576K
}

