# JRE version: Java(TM) SE Runtime Environment (8.0_65-b17) (build 1.8.0_65-b17)
# Java VM: Java HotSpot(TM) 64-Bit Server VM (25.65-b01 mixed mode windows-amd64 compressed oops)
Heap:
 PSYoungGen      total 538624K, used 428427K [0x000000076b800000, 0x00000007b8f00000, 0x00000007c0000000)
  eden space 535040K, 80% used [0x000000076b800000,0x0000000785a32c58,0x000000078c280000)
  from space 3584K, 5% used [0x00000007b8800000,0x00000007b8830000,0x00000007b8b80000)
  to   space 3072K, 0% used [0x00000007b8c00000,0x00000007b8c00000,0x00000007b8f00000)
 ParOldGen       total 173568K, used 18231K [0x00000006c2800000, 0x00000006cd180000, 0x000000076b800000)
  object space 173568K, 10% used [0x00000006c2800000,0x00000006c39cdf10,0x00000006cd180000)
 Metaspace       used 8296K, capacity 8710K, committed 8960K, reserved 1056768K
  class space    used 655K, capacity 690K, committed 768K, reserved 1048576K
GC Heap History (10 events):
Event: 14.534 GC heap before
{Heap before GC invocations=27 (full 0):
 PSYoungGen      total 673280K, used 672960K [0x000000076b800000, 0x00000007b9580000, 0x00000007c0000000)
  eden space 672768K, 100% used [0x000000076b800000,0x0000000794900000,0x0000000794900000)
  from space 512K, 37% used [0x00000007b9500000,0x00000007b9530000,0x00000007b9580000)
  to   space 4608K, 0% used [0x00000007b8c80000,0x00000007b8c80000,0x00000007b9100000)
 ParOldGen       total 173568K, used 18231K [0x00000006c2800000, 0x00000006cd180000, 0x000000076b800000)
  object space 173568K, 10% used [0x00000006c2800000,0x00000006c39cdf10,0x00000006cd180000)
 Metaspace       used 8296K, capacity 8710K, committed 8960K, reserved 1056768K
  class space    used 655K, capacity 690K, committed 768K, reserved 1048576K
Event: 14.534 GC heap after
Heap after GC invocations=27 (full 0):
 PSYoungGen      total 647168K, used 224K [0x000000076b800000, 0x00000007b9580000, 0x00000007c0000000)
  eden space 642560K, 0% used [0x000000076b800000,0x000000076b800000,0x0000000792b80000)
  from space 4608K, 4% used [0x00000007b8c80000,0x00000007b8cb8000,0x00000007b9100000)
  to   space 4096K, 0% used [0x00000007b9180000,0x00000007b9180000,0x00000007b9580000)
 ParOldGen       total 173568K, used 18231K [0x00000006c2800000, 0x00000006cd180000, 0x000000076b800000)
  object space 173568K, 10% used [0x00000006c2800000,0x00000006c39cdf10,0x00000006cd180000)
 Metaspace       used 8296K, capacity 8710K, committed 8960K, reserved 1056768K
  class space    used 655K, capacity 690K, committed 768K, reserved 1048576K
}
Event: 14.995 GC heap before
{Heap before GC invocations=28 (full 0):
 PSYoungGen      total 647168K, used 642784K [0x000000076b800000, 0x00000007b9580000, 0x00000007c0000000)
  eden space 642560K, 100% used [0x000000076b800000,0x0000000792b80000,0x0000000792b80000)
  from space 4608K, 4% used [0x00000007b8c80000,0x00000007b8cb8000,0x00000007b9100000)
  to   space 4096K, 0% used [0x00000007b9180000,0x00000007b9180000,0x00000007b9580000)
 ParOldGen       total 173568K, used 18231K [0x00000006c2800000, 0x00000006cd180000, 0x000000076b800000)
  object space 173568K, 10% used [0x00000006c2800000,0x00000006c39cdf10,0x00000006cd180000)
 Metaspace       used 8296K, capacity 8710K, committed 8960K, reserved 1056768K
  class space    used 655K, capacity 690K, committed 768K, reserved 1048576K
Event: 14.996 GC heap after
Heap after GC invocations=28 (full 0):
 PSYoungGen      total 614400K, used 224K [0x000000076b800000, 0x00000007b9200000, 0x00000007c0000000)
  eden space 613888K, 0% used [0x000000076b800000,0x000000076b800000,0x0000000790f80000)
  from space 512K, 43% used [0x00000007b9180000,0x00000007b91b8000,0x00000007b9200000)
  to   space 4096K, 0% used [0x00000007b8a00000,0x00000007b8a00000,0x00000007b8e00000)
 ParOldGen       total 173568K, used 18231K [0x00000006c2800000, 0x00000006cd180000, 0x000000076b800000)
  object space 173568K, 10% used [0x00000006c2800000,0x00000006c39cdf10,0x00000006cd180000)
 Metaspace       used 8296K, capacity 8710K, committed 8960K, reserved 1056768K
  class space    used 655K, capacity 690K, committed 768K, reserved 1048576K
}
Event: 15.497 GC heap before
{Heap before GC invocations=29 (full 0):
 PSYoungGen      total 614400K, used 614112K [0x000000076b800000, 0x00000007b9200000, 0x00000007c0000000)
  eden space 613888K, 100% used [0x000000076b800000,0x0000000790f80000,0x0000000790f80000)
  from space 512K, 43% used [0x00000007b9180000,0x00000007b91b8000,0x00000007b9200000)
  to   space 4096K, 0% used [0x00000007b8a00000,0x00000007b8a00000,0x00000007b8e00000)
 ParOldGen       total 173568K, used 18231K [0x00000006c2800000, 0x00000006cd180000, 0x000000076b800000)
  object space 173568K, 10% used [0x00000006c2800000,0x00000006c39cdf10,0x00000006cd180000)
 Metaspace       used 8296K, capacity 8710K, committed 8960K, reserved 1056768K
  class space    used 655K, capacity 690K, committed 768K, reserved 1048576K
Event: 15.498 GC heap after
Heap after GC invocations=29 (full 0):
 PSYoungGen      total 590336K, used 224K [0x000000076b800000, 0x00000007b9200000, 0x00000007c0000000)
  eden space 586240K, 0% used [0x000000076b800000,0x000000076b800000,0x000000078f480000)
  from space 4096K, 5% used [0x00000007b8a00000,0x00000007b8a38000,0x00000007b8e00000)
  to   space 3584K, 0% used [0x00000007b8e80000,0x00000007b8e80000,0x00000007b9200000)
 ParOldGen       total 173568K, used 18231K [0x00000006c2800000, 0x00000006cd180000, 0x000000076b800000)
  object space 173568K, 10% used [0x00000006c2800000,0x00000006c39cdf10,0x00000006cd180000)
 Metaspace       used 8296K, capacity 8710K, committed 8960K, reserved 1056768K
  class space    used 655K, capacity 690K, committed 768K, reserved 1048576K
}
Event: 15.964 GC heap before
{Heap before GC invocations=30 (full 0):
 PSYoungGen      total 590336K, used 586464K [0x000000076b800000, 0x00000007b9200000, 0x00000007c0000000)
  eden space 586240K, 100% used [0x000000076b800000,0x000000078f480000,0x000000078f480000)
  from space 4096K, 5% used [0x00000007b8a00000,0x00000007b8a38000,0x00000007b8e00000)
  to   space 3584K, 0% used [0x00000007b8e80000,0x00000007b8e80000,0x00000007b9200000)
 ParOldGen       total 173568K, used 18231K [0x00000006c2800000, 0x00000006cd180000, 0x000000076b800000)
  object space 173568K, 10% used [0x00000006c2800000,0x00000006c39cdf10,0x00000006cd180000)
 Metaspace       used 8296K, capacity 8710K, committed 8960K, reserved 1056768K
  class space    used 655K, capacity 690K, committed 768K, reserved 1048576K
Event: 15.965 GC heap after
Heap after GC invocations=30 (full 0):
 PSYoungGen      total 560640K, used 224K [0x000000076b800000, 0x00000007b8f00000, 0x00000007c0000000)
  eden space 560128K, 0% used [0x000000076b800000,0x000000076b800000,0x000000078db00000)
  from space 512K, 43% used [0x00000007b8e80000,0x00000007b8eb8000,0x00000007b8f00000)
  to   space 3584K, 0% used [0x00000007b8800000,0x00000007b8800000,0x00000007b8b80000)
 ParOldGen       total 173568K, used 18231K [0x00000006c2800000, 0x00000006cd180000, 0x000000076b800000)
  object space 173568K, 10% used [0x00000006c2800000,0x00000006c39cdf10,0x00000006cd180000)
 Metaspace       used 8296K, capacity 8710K, committed 8960K, reserved 1056768K
  class space    used 655K, capacity 690K, committed 768K, reserved 1048576K
}
Event: 16.461 GC heap before
{Heap before GC invocations=31 (full 0):
 PSYoungGen      total 560640K, used 560352K [0x000000076b800000, 0x00000007b8f00000, 0x00000007c0000000)
  eden space 560128K, 100% used [0x000000076b800000,0x000000078db00000,0x000000078db00000)
  from space 512K, 43% used [0x00000007b8e80000,0x00000007b8eb8000,0x00000007b8f00000)
  to   space 3584K, 0% used [0x00000007b8800000,0x00000007b8800000,0x00000007b8b80000)
 ParOldGen       total 173568K, used 18231K [0x00000006c2800000, 0x00000006cd180000, 0x000000076b800000)
  object space 173568K, 10% used [0x00000006c2800000,0x00000006c39cdf10,0x00000006cd180000)
 Metaspace       used 8296K, capacity 8710K, committed 8960K, reserved 1056768K
  class space    used 655K, capacity 690K, committed 768K, reserved 1048576K
Event: 16.461 GC heap after
Heap after GC invocations=31 (full 0):
 PSYoungGen      total 538624K, used 192K [0x000000076b800000, 0x00000007b8f00000, 0x00000007c0000000)
  eden space 535040K, 0% used [0x000000076b800000,0x000000076b800000,0x000000078c280000)
  from space 3584K, 5% used [0x00000007b8800000,0x00000007b8830000,0x00000007b8b80000)
  to   space 3072K, 0% used [0x00000007b8c00000,0x00000007b8c00000,0x00000007b8f00000)
 ParOldGen       total 173568K, used 18231K [0x00000006c2800000, 0x00000006cd180000, 0x000000076b800000)
  object space 173568K, 10% used [0x00000006c2800000,0x00000006c39cdf10,0x00000006cd180000)
 Metaspace       used 8296K, capacity 8710K, committed 8960K, reserved 1056768K
  class space    used 655K, capacity 690K, committed 768K, reserved 1048576K
}

