# JRE version: Java(TM) SE Runtime Environment (8.0_65-b17) (build 1.8.0_65-b17)
# Java VM: Java HotSpot(TM) 64-Bit Server VM (25.65-b01 mixed mode windows-amd64 compressed oops)
Heap:
 PSYoungGen      total 1325056K, used 508626K [0x000000076b800000, 0x00000007bd300000, 0x00000007c0000000)
  eden space 1312768K, 38% used [0x000000076b800000,0x000000078a87cb38,0x00000007bba00000)
  from space 12288K, 1% used [0x00000007bc700000,0x00000007bc738000,0x00000007bd300000)
  to   space 12800K, 0% used [0x00000007bba00000,0x00000007bba00000,0x00000007bc680000)
 ParOldGen       total 173568K, used 25220K [0x00000006c2800000, 0x00000006cd180000, 0x000000076b800000)
  object space 173568K, 14% used [0x00000006c2800000,0x00000006c40a1060,0x00000006cd180000)
 Metaspace       used 8385K, capacity 8774K, committed 8960K, reserved 1056768K
  class space    used 661K, capacity 690K, committed 768K, reserved 1048576K
GC Heap History (10 events):
Event: 1.235 GC heap before
{Heap before GC invocations=8 (full 0):
 PSYoungGen      total 262656K, used 262638K [0x000000076b800000, 0x000000078c100000, 0x00000007c0000000)
  eden space 260096K, 100% used [0x000000076b800000,0x000000077b600000,0x000000077b600000)
  from space 2560K, 99% used [0x000000077b600000,0x000000077b87b858,0x000000077b880000)
  to   space 6656K, 0% used [0x000000078ba80000,0x000000078ba80000,0x000000078c100000)
 ParOldGen       total 173568K, used 6756K [0x00000006c2800000, 0x00000006cd180000, 0x000000076b800000)
  object space 173568K, 3% used [0x00000006c2800000,0x00000006c2e99060,0x00000006cd180000)
 Metaspace       used 8232K, capacity 8646K, committed 8960K, reserved 1056768K
  class space    used 655K, capacity 690K, committed 768K, reserved 1048576K
Event: 1.253 GC heap after
Heap after GC invocations=8 (full 0):
 PSYoungGen      total 519168K, used 6649K [0x000000076b800000, 0x000000078d000000, 0x00000007c0000000)
  eden space 512512K, 0% used [0x000000076b800000,0x000000076b800000,0x000000078ac80000)
  from space 6656K, 99% used [0x000000078ba80000,0x000000078c0fe708,0x000000078c100000)
  to   space 14336K, 0% used [0x000000078ac80000,0x000000078ac80000,0x000000078ba80000)
 ParOldGen       total 173568K, used 21908K [0x00000006c2800000, 0x00000006cd180000, 0x000000076b800000)
  object space 173568K, 12% used [0x00000006c2800000,0x00000006c3d65060,0x00000006cd180000)
 Metaspace       used 8232K, capacity 8646K, committed 8960K, reserved 1056768K
  class space    used 655K, capacity 690K, committed 768K, reserved 1048576K
}
Event: 1.640 GC heap before
{Heap before GC invocations=9 (full 0):
 PSYoungGen      total 519168K, used 519161K [0x000000076b800000, 0x000000078d000000, 0x00000007c0000000)
  eden space 512512K, 100% used [0x000000076b800000,0x000000078ac80000,0x000000078ac80000)
  from space 6656K, 99% used [0x000000078ba80000,0x000000078c0fe708,0x000000078c100000)
  to   space 14336K, 0% used [0x000000078ac80000,0x000000078ac80000,0x000000078ba80000)
 ParOldGen       total 173568K, used 21908K [0x00000006c2800000, 0x00000006cd180000, 0x000000076b800000)
  object space 173568K, 12% used [0x00000006c2800000,0x00000006c3d65060,0x00000006cd180000)
 Metaspace       used 8339K, capacity 8710K, committed 8960K, reserved 1056768K
  class space    used 661K, capacity 690K, committed 768K, reserved 1048576K
Event: 1.646 GC heap after
Heap after GC invocations=9 (full 0):
 PSYoungGen      total 526848K, used 2944K [0x000000076b800000, 0x000000079f400000, 0x00000007c0000000)
  eden space 512512K, 0% used [0x000000076b800000,0x000000076b800000,0x000000078ac80000)
  from space 14336K, 20% used [0x000000078ac80000,0x000000078af60000,0x000000078ba80000)
  to   space 13824K, 0% used [0x000000079e680000,0x000000079e680000,0x000000079f400000)
 ParOldGen       total 173568K, used 22348K [0x00000006c2800000, 0x00000006cd180000, 0x000000076b800000)
  object space 173568K, 12% used [0x00000006c2800000,0x00000006c3dd3060,0x00000006cd180000)
 Metaspace       used 8339K, capacity 8710K, committed 8960K, reserved 1056768K
  class space    used 661K, capacity 690K, committed 768K, reserved 1048576K
}
Event: 1.850 GC heap before
{Heap before GC invocations=10 (full 0):
 PSYoungGen      total 526848K, used 515456K [0x000000076b800000, 0x000000079f400000, 0x00000007c0000000)
  eden space 512512K, 100% used [0x000000076b800000,0x000000078ac80000,0x000000078ac80000)
  from space 14336K, 20% used [0x000000078ac80000,0x000000078af60000,0x000000078ba80000)
  to   space 13824K, 0% used [0x000000079e680000,0x000000079e680000,0x000000079f400000)
 ParOldGen       total 173568K, used 22348K [0x00000006c2800000, 0x00000006cd180000, 0x000000076b800000)
  object space 173568K, 12% used [0x00000006c2800000,0x00000006c3dd3060,0x00000006cd180000)
 Metaspace       used 8347K, capacity 8774K, committed 8960K, reserved 1056768K
  class space    used 661K, capacity 690K, committed 768K, reserved 1048576K
Event: 1.853 GC heap after
Heap after GC invocations=10 (full 0):
 PSYoungGen      total 833024K, used 992K [0x000000076b800000, 0x000000079f300000, 0x00000007c0000000)
  eden space 820224K, 0% used [0x000000076b800000,0x000000076b800000,0x000000079d900000)
  from space 12800K, 7% used [0x000000079e680000,0x000000079e778000,0x000000079f300000)
  to   space 13312K, 0% used [0x000000079d900000,0x000000079d900000,0x000000079e600000)
 ParOldGen       total 173568K, used 24348K [0x00000006c2800000, 0x00000006cd180000, 0x000000076b800000)
  object space 173568K, 14% used [0x00000006c2800000,0x00000006c3fc7060,0x00000006cd180000)
 Metaspace       used 8347K, capacity 8774K, committed 8960K, reserved 1056768K
  class space    used 661K, capacity 690K, committed 768K, reserved 1048576K
}
Event: 2.494 GC heap before
{Heap before GC invocations=11 (full 0):
 PSYoungGen      total 833024K, used 821216K [0x000000076b800000, 0x000000079f300000, 0x00000007c0000000)
  eden space 820224K, 100% used [0x000000076b800000,0x000000079d900000,0x000000079d900000)
  from space 12800K, 7% used [0x000000079e680000,0x000000079e778000,0x000000079f300000)
  to   space 13312K, 0% used [0x000000079d900000,0x000000079d900000,0x000000079e600000)
 ParOldGen       total 173568K, used 24348K [0x00000006c2800000, 0x00000006cd180000, 0x000000076b800000)
  object space 173568K, 14% used [0x00000006c2800000,0x00000006c3fc7060,0x00000006cd180000)
 Metaspace       used 8370K, capacity 8774K, committed 8960K, reserved 1056768K
  class space    used 661K, capacity 690K, committed 768K, reserved 1048576K
Event: 2.497 GC heap after
Heap after GC invocations=11 (full 0):
 PSYoungGen      total 833536K, used 224K [0x000000076b800000, 0x00000007bd400000, 0x00000007c0000000)
  eden space 820224K, 0% used [0x000000076b800000,0x000000076b800000,0x000000079d900000)
  from space 13312K, 1% used [0x000000079d900000,0x000000079d938000,0x000000079e600000)
  to   space 13312K, 0% used [0x00000007bc700000,0x00000007bc700000,0x00000007bd400000)
 ParOldGen       total 173568K, used 25180K [0x00000006c2800000, 0x00000006cd180000, 0x000000076b800000)
  object space 173568K, 14% used [0x00000006c2800000,0x00000006c4097060,0x00000006cd180000)
 Metaspace       used 8370K, capacity 8774K, committed 8960K, reserved 1056768K
  class space    used 661K, capacity 690K, committed 768K, reserved 1048576K
}
Event: 3.101 GC heap before
{Heap before GC invocations=12 (full 0):
 PSYoungGen      total 833536K, used 820448K [0x000000076b800000, 0x00000007bd400000, 0x00000007c0000000)
  eden space 820224K, 100% used [0x000000076b800000,0x000000079d900000,0x000000079d900000)
  from space 13312K, 1% used [0x000000079d900000,0x000000079d938000,0x000000079e600000)
  to   space 13312K, 0% used [0x00000007bc700000,0x00000007bc700000,0x00000007bd400000)
 ParOldGen       total 173568K, used 25180K [0x00000006c2800000, 0x00000006cd180000, 0x000000076b800000)
  object space 173568K, 14% used [0x00000006c2800000,0x00000006c4097060,0x00000006cd180000)
 Metaspace       used 8375K, capacity 8774K, committed 8960K, reserved 1056768K
  class space    used 661K, capacity 690K, committed 768K, reserved 1048576K
Event: 3.102 GC heap after
Heap after GC invocations=12 (full 0):
 PSYoungGen      total 1325056K, used 224K [0x000000076b800000, 0x00000007bd300000, 0x00000007c0000000)
  eden space 1312768K, 0% used [0x000000076b800000,0x000000076b800000,0x00000007bba00000)
  from space 12288K, 1% used [0x00000007bc700000,0x00000007bc738000,0x00000007bd300000)
  to   space 12800K, 0% used [0x00000007bba00000,0x00000007bba00000,0x00000007bc680000)
 ParOldGen       total 173568K, used 25220K [0x00000006c2800000, 0x00000006cd180000, 0x000000076b800000)
  object space 173568K, 14% used [0x00000006c2800000,0x00000006c40a1060,0x00000006cd180000)
 Metaspace       used 8375K, capacity 8774K, committed 8960K, reserved 1056768K
  class space    used 661K, capacity 690K, committed 768K, reserved 1048576K
}

