# JRE version: Java(TM) SE Runtime Environment (8.0_65-b17) (build 1.8.0_65-b17)
# Java VM: Java HotSpot(TM) 64-Bit Server VM (25.65-b01 mixed mode windows-amd64 compressed oops)
Heap:
 PSYoungGen      total 57856K, used 8127K [0x000000076b800000, 0x00000007baa80000, 0x00000007c0000000)
  eden space 57344K, 13% used [0x000000076b800000,0x000000076bfcfcf0,0x000000076f000000)
  from space 512K, 25% used [0x00000007ba980000,0x00000007ba9a0000,0x00000007baa00000)
  to   space 512K, 0% used [0x00000007baa00000,0x00000007baa00000,0x00000007baa80000)
 ParOldGen       total 173568K, used 29757K [0x00000006c2800000, 0x00000006cd180000, 0x000000076b800000)
  object space 173568K, 17% used [0x00000006c2800000,0x00000006c450f6f8,0x00000006cd180000)
 Metaspace       used 8417K, capacity 8774K, committed 8960K, reserved 1056768K
  class space    used 662K, capacity 690K, committed 768K, reserved 1048576K
GC Heap History (10 events):
Event: 168.390 GC heap before
{Heap before GC invocations=2177 (full 0):
 PSYoungGen      total 62976K, used 62688K [0x000000076b800000, 0x00000007baa80000, 0x00000007c0000000)
  eden space 62464K, 100% used [0x000000076b800000,0x000000076f500000,0x000000076f500000)
  from space 512K, 43% used [0x00000007baa00000,0x00000007baa38000,0x00000007baa80000)
  to   space 512K, 0% used [0x00000007ba980000,0x00000007ba980000,0x00000007baa00000)
 ParOldGen       total 173568K, used 29757K [0x00000006c2800000, 0x00000006cd180000, 0x000000076b800000)
  object space 173568K, 17% used [0x00000006c2800000,0x00000006c450f6f8,0x00000006cd180000)
 Metaspace       used 8417K, capacity 8774K, committed 8960K, reserved 1056768K
  class space    used 662K, capacity 690K, committed 768K, reserved 1048576K
Event: 168.391 GC heap after
Heap after GC invocations=2177 (full 0):
 PSYoungGen      total 61952K, used 192K [0x000000076b800000, 0x00000007baa80000, 0x00000007c0000000)
  eden space 61440K, 0% used [0x000000076b800000,0x000000076b800000,0x000000076f400000)
  from space 512K, 37% used [0x00000007ba980000,0x00000007ba9b0000,0x00000007baa00000)
  to   space 512K, 0% used [0x00000007baa00000,0x00000007baa00000,0x00000007baa80000)
 ParOldGen       total 173568K, used 29757K [0x00000006c2800000, 0x00000006cd180000, 0x000000076b800000)
  object space 173568K, 17% used [0x00000006c2800000,0x00000006c450f6f8,0x00000006cd180000)
 Metaspace       used 8417K, capacity 8774K, committed 8960K, reserved 1056768K
  class space    used 662K, capacity 690K, committed 768K, reserved 1048576K
}
Event: 168.446 GC heap before
{Heap before GC invocations=2178 (full 0):
 PSYoungGen      total 61952K, used 61632K [0x000000076b800000, 0x00000007baa80000, 0x00000007c0000000)
  eden space 61440K, 100% used [0x000000076b800000,0x000000076f400000,0x000000076f400000)
  from space 512K, 37% used [0x00000007ba980000,0x00000007ba9b0000,0x00000007baa00000)
  to   space 512K, 0% used [0x00000007baa00000,0x00000007baa00000,0x00000007baa80000)
 ParOldGen       total 173568K, used 29757K [0x00000006c2800000, 0x00000006cd180000, 0x000000076b800000)
  object space 173568K, 17% used [0x00000006c2800000,0x00000006c450f6f8,0x00000006cd180000)
 Metaspace       used 8417K, capacity 8774K, committed 8960K, reserved 1056768K
  class space    used 662K, capacity 690K, committed 768K, reserved 1048576K
Event: 168.446 GC heap after
Heap after GC invocations=2178 (full 0):
 PSYoungGen      total 60928K, used 224K [0x000000076b800000, 0x00000007baa80000, 0x00000007c0000000)
  eden space 60416K, 0% used [0x000000076b800000,0x000000076b800000,0x000000076f300000)
  from space 512K, 43% used [0x00000007baa00000,0x00000007baa38000,0x00000007baa80000)
  to   space 512K, 0% used [0x00000007ba980000,0x00000007ba980000,0x00000007baa00000)
 ParOldGen       total 173568K, used 29757K [0x00000006c2800000, 0x00000006cd180000, 0x000000076b800000)
  object space 173568K, 17% used [0x00000006c2800000,0x00000006c450f6f8,0x00000006cd180000)
 Metaspace       used 8417K, capacity 8774K, committed 8960K, reserved 1056768K
  class space    used 662K, capacity 690K, committed 768K, reserved 1048576K
}
Event: 168.517 GC heap before
{Heap before GC invocations=2179 (full 0):
 PSYoungGen      total 60928K, used 60640K [0x000000076b800000, 0x00000007baa80000, 0x00000007c0000000)
  eden space 60416K, 100% used [0x000000076b800000,0x000000076f300000,0x000000076f300000)
  from space 512K, 43% used [0x00000007baa00000,0x00000007baa38000,0x00000007baa80000)
  to   space 512K, 0% used [0x00000007ba980000,0x00000007ba980000,0x00000007baa00000)
 ParOldGen       total 173568K, used 29757K [0x00000006c2800000, 0x00000006cd180000, 0x000000076b800000)
  object space 173568K, 17% used [0x00000006c2800000,0x00000006c450f6f8,0x00000006cd180000)
 Metaspace       used 8417K, capacity 8774K, committed 8960K, reserved 1056768K
  class space    used 662K, capacity 690K, committed 768K, reserved 1048576K
Event: 168.518 GC heap after
Heap after GC invocations=2179 (full 0):
 PSYoungGen      total 59904K, used 224K [0x000000076b800000, 0x00000007baa80000, 0x00000007c0000000)
  eden space 59392K, 0% used [0x000000076b800000,0x000000076b800000,0x000000076f200000)
  from space 512K, 43% used [0x00000007ba980000,0x00000007ba9b8000,0x00000007baa00000)
  to   space 512K, 0% used [0x00000007baa00000,0x00000007baa00000,0x00000007baa80000)
 ParOldGen       total 173568K, used 29757K [0x00000006c2800000, 0x00000006cd180000, 0x000000076b800000)
  object space 173568K, 17% used [0x00000006c2800000,0x00000006c450f6f8,0x00000006cd180000)
 Metaspace       used 8417K, capacity 8774K, committed 8960K, reserved 1056768K
  class space    used 662K, capacity 690K, committed 768K, reserved 1048576K
}
Event: 168.572 GC heap before
{Heap before GC invocations=2180 (full 0):
 PSYoungGen      total 59904K, used 59616K [0x000000076b800000, 0x00000007baa80000, 0x00000007c0000000)
  eden space 59392K, 100% used [0x000000076b800000,0x000000076f200000,0x000000076f200000)
  from space 512K, 43% used [0x00000007ba980000,0x00000007ba9b8000,0x00000007baa00000)
  to   space 512K, 0% used [0x00000007baa00000,0x00000007baa00000,0x00000007baa80000)
 ParOldGen       total 173568K, used 29757K [0x00000006c2800000, 0x00000006cd180000, 0x000000076b800000)
  object space 173568K, 17% used [0x00000006c2800000,0x00000006c450f6f8,0x00000006cd180000)
 Metaspace       used 8417K, capacity 8774K, committed 8960K, reserved 1056768K
  class space    used 662K, capacity 690K, committed 768K, reserved 1048576K
Event: 168.573 GC heap after
Heap after GC invocations=2180 (full 0):
 PSYoungGen      total 58880K, used 160K [0x000000076b800000, 0x00000007baa80000, 0x00000007c0000000)
  eden space 58368K, 0% used [0x000000076b800000,0x000000076b800000,0x000000076f100000)
  from space 512K, 31% used [0x00000007baa00000,0x00000007baa28000,0x00000007baa80000)
  to   space 512K, 0% used [0x00000007ba980000,0x00000007ba980000,0x00000007baa00000)
 ParOldGen       total 173568K, used 29757K [0x00000006c2800000, 0x00000006cd180000, 0x000000076b800000)
  object space 173568K, 17% used [0x00000006c2800000,0x00000006c450f6f8,0x00000006cd180000)
 Metaspace       used 8417K, capacity 8774K, committed 8960K, reserved 1056768K
  class space    used 662K, capacity 690K, committed 768K, reserved 1048576K
}
Event: 168.640 GC heap before
{Heap before GC invocations=2181 (full 0):
 PSYoungGen      total 58880K, used 58528K [0x000000076b800000, 0x00000007baa80000, 0x00000007c0000000)
  eden space 58368K, 100% used [0x000000076b800000,0x000000076f100000,0x000000076f100000)
  from space 512K, 31% used [0x00000007baa00000,0x00000007baa28000,0x00000007baa80000)
  to   space 512K, 0% used [0x00000007ba980000,0x00000007ba980000,0x00000007baa00000)
 ParOldGen       total 173568K, used 29757K [0x00000006c2800000, 0x00000006cd180000, 0x000000076b800000)
  object space 173568K, 17% used [0x00000006c2800000,0x00000006c450f6f8,0x00000006cd180000)
 Metaspace       used 8417K, capacity 8774K, committed 8960K, reserved 1056768K
  class space    used 662K, capacity 690K, committed 768K, reserved 1048576K
Event: 168.641 GC heap after
Heap after GC invocations=2181 (full 0):
 PSYoungGen      total 57856K, used 128K [0x000000076b800000, 0x00000007baa80000, 0x00000007c0000000)
  eden space 57344K, 0% used [0x000000076b800000,0x000000076b800000,0x000000076f000000)
  from space 512K, 25% used [0x00000007ba980000,0x00000007ba9a0000,0x00000007baa00000)
  to   space 512K, 0% used [0x00000007baa00000,0x00000007baa00000,0x00000007baa80000)
 ParOldGen       total 173568K, used 29757K [0x00000006c2800000, 0x00000006cd180000, 0x000000076b800000)
  object space 173568K, 17% used [0x00000006c2800000,0x00000006c450f6f8,0x00000006cd180000)
 Metaspace       used 8417K, capacity 8774K, committed 8960K, reserved 1056768K
  class space    used 662K, capacity 690K, committed 768K, reserved 1048576K
}

