# JRE version: Java(TM) SE Runtime Environment (8.0_65-b17) (build 1.8.0_65-b17)
# Java VM: Java HotSpot(TM) 64-Bit Server VM (25.65-b01 mixed mode windows-amd64 compressed oops)
Heap:
 PSYoungGen      total 56320K, used 16214K [0x000000076b800000, 0x0000000779c80000, 0x00000007c0000000)
  eden space 55808K, 28% used [0x000000076b800000,0x000000076c7c5b48,0x000000076ee80000)
  from space 512K, 12% used [0x0000000779b80000,0x0000000779b90000,0x0000000779c00000)
  to   space 512K, 0% used [0x0000000779c00000,0x0000000779c00000,0x0000000779c80000)
 ParOldGen       total 173568K, used 1931K [0x00000006c2800000, 0x00000006cd180000, 0x000000076b800000)
  object space 173568K, 1% used [0x00000006c2800000,0x00000006c29e2cd8,0x00000006cd180000)
 Metaspace       used 8094K, capacity 8646K, committed 8960K, reserved 1056768K
  class space    used 646K, capacity 690K, committed 768K, reserved 1048576K
GC Heap History (10 events):
Event: 19.388 GC heap before
{Heap before GC invocations=317 (full 0):
 PSYoungGen      total 49664K, used 49280K [0x000000076b800000, 0x0000000779c80000, 0x00000007c0000000)
  eden space 49152K, 100% used [0x000000076b800000,0x000000076e800000,0x000000076e800000)
  from space 512K, 25% used [0x0000000779c00000,0x0000000779c20000,0x0000000779c80000)
  to   space 512K, 0% used [0x0000000779b80000,0x0000000779b80000,0x0000000779c00000)
 ParOldGen       total 173568K, used 1907K [0x00000006c2800000, 0x00000006cd180000, 0x000000076b800000)
  object space 173568K, 1% used [0x00000006c2800000,0x00000006c29dccd8,0x00000006cd180000)
 Metaspace       used 8094K, capacity 8646K, committed 8960K, reserved 1056768K
  class space    used 646K, capacity 690K, committed 768K, reserved 1048576K
Event: 19.389 GC heap after
Heap after GC invocations=317 (full 0):
 PSYoungGen      total 48640K, used 96K [0x000000076b800000, 0x0000000779c80000, 0x00000007c0000000)
  eden space 48128K, 0% used [0x000000076b800000,0x000000076b800000,0x000000076e700000)
  from space 512K, 18% used [0x0000000779b80000,0x0000000779b98000,0x0000000779c00000)
  to   space 512K, 0% used [0x0000000779c00000,0x0000000779c00000,0x0000000779c80000)
 ParOldGen       total 173568K, used 1907K [0x00000006c2800000, 0x00000006cd180000, 0x000000076b800000)
  object space 173568K, 1% used [0x00000006c2800000,0x00000006c29dccd8,0x00000006cd180000)
 Metaspace       used 8094K, capacity 8646K, committed 8960K, reserved 1056768K
  class space    used 646K, capacity 690K, committed 768K, reserved 1048576K
}
Event: 19.437 GC heap before
{Heap before GC invocations=318 (full 0):
 PSYoungGen      total 48640K, used 48224K [0x000000076b800000, 0x0000000779c80000, 0x00000007c0000000)
  eden space 48128K, 100% used [0x000000076b800000,0x000000076e700000,0x000000076e700000)
  from space 512K, 18% used [0x0000000779b80000,0x0000000779b98000,0x0000000779c00000)
  to   space 512K, 0% used [0x0000000779c00000,0x0000000779c00000,0x0000000779c80000)
 ParOldGen       total 173568K, used 1907K [0x00000006c2800000, 0x00000006cd180000, 0x000000076b800000)
  object space 173568K, 1% used [0x00000006c2800000,0x00000006c29dccd8,0x00000006cd180000)
 Metaspace       used 8094K, capacity 8646K, committed 8960K, reserved 1056768K
  class space    used 646K, capacity 690K, committed 768K, reserved 1048576K
Event: 19.437 GC heap after
Heap after GC invocations=318 (full 0):
 PSYoungGen      total 48128K, used 96K [0x000000076b800000, 0x0000000779c80000, 0x00000007c0000000)
  eden space 47616K, 0% used [0x000000076b800000,0x000000076b800000,0x000000076e680000)
  from space 512K, 18% used [0x0000000779c00000,0x0000000779c18000,0x0000000779c80000)
  to   space 512K, 0% used [0x0000000779b80000,0x0000000779b80000,0x0000000779c00000)
 ParOldGen       total 173568K, used 1907K [0x00000006c2800000, 0x00000006cd180000, 0x000000076b800000)
  object space 173568K, 1% used [0x00000006c2800000,0x00000006c29dccd8,0x00000006cd180000)
 Metaspace       used 8094K, capacity 8646K, committed 8960K, reserved 1056768K
  class space    used 646K, capacity 690K, committed 768K, reserved 1048576K
}
Event: 19.487 GC heap before
{Heap before GC invocations=319 (full 0):
 PSYoungGen      total 48128K, used 47712K [0x000000076b800000, 0x0000000779c80000, 0x00000007c0000000)
  eden space 47616K, 100% used [0x000000076b800000,0x000000076e680000,0x000000076e680000)
  from space 512K, 18% used [0x0000000779c00000,0x0000000779c18000,0x0000000779c80000)
  to   space 512K, 0% used [0x0000000779b80000,0x0000000779b80000,0x0000000779c00000)
 ParOldGen       total 173568K, used 1907K [0x00000006c2800000, 0x00000006cd180000, 0x000000076b800000)
  object space 173568K, 1% used [0x00000006c2800000,0x00000006c29dccd8,0x00000006cd180000)
 Metaspace       used 8094K, capacity 8646K, committed 8960K, reserved 1056768K
  class space    used 646K, capacity 690K, committed 768K, reserved 1048576K
Event: 19.487 GC heap after
Heap after GC invocations=319 (full 0):
 PSYoungGen      total 47616K, used 160K [0x000000076b800000, 0x0000000779c80000, 0x00000007c0000000)
  eden space 47104K, 0% used [0x000000076b800000,0x000000076b800000,0x000000076e600000)
  from space 512K, 31% used [0x0000000779b80000,0x0000000779ba8000,0x0000000779c00000)
  to   space 512K, 0% used [0x0000000779c00000,0x0000000779c00000,0x0000000779c80000)
 ParOldGen       total 173568K, used 1907K [0x00000006c2800000, 0x00000006cd180000, 0x000000076b800000)
  object space 173568K, 1% used [0x00000006c2800000,0x00000006c29dccd8,0x00000006cd180000)
 Metaspace       used 8094K, capacity 8646K, committed 8960K, reserved 1056768K
  class space    used 646K, capacity 690K, committed 768K, reserved 1048576K
}
Event: 19.528 GC heap before
{Heap before GC invocations=320 (full 0):
 PSYoungGen      total 47616K, used 47264K [0x000000076b800000, 0x0000000779c80000, 0x00000007c0000000)
  eden space 47104K, 100% used [0x000000076b800000,0x000000076e600000,0x000000076e600000)
  from space 512K, 31% used [0x0000000779b80000,0x0000000779ba8000,0x0000000779c00000)
  to   space 512K, 0% used [0x0000000779c00000,0x0000000779c00000,0x0000000779c80000)
 ParOldGen       total 173568K, used 1907K [0x00000006c2800000, 0x00000006cd180000, 0x000000076b800000)
  object space 173568K, 1% used [0x00000006c2800000,0x00000006c29dccd8,0x00000006cd180000)
 Metaspace       used 8094K, capacity 8646K, committed 8960K, reserved 1056768K
  class space    used 646K, capacity 690K, committed 768K, reserved 1048576K
Event: 19.528 GC heap after
Heap after GC invocations=320 (full 0):
 PSYoungGen      total 57344K, used 64K [0x000000076b800000, 0x0000000779c80000, 0x00000007c0000000)
  eden space 56832K, 0% used [0x000000076b800000,0x000000076b800000,0x000000076ef80000)
  from space 512K, 12% used [0x0000000779c00000,0x0000000779c10000,0x0000000779c80000)
  to   space 512K, 0% used [0x0000000779b80000,0x0000000779b80000,0x0000000779c00000)
 ParOldGen       total 173568K, used 1931K [0x00000006c2800000, 0x00000006cd180000, 0x000000076b800000)
  object space 173568K, 1% used [0x00000006c2800000,0x00000006c29e2cd8,0x00000006cd180000)
 Metaspace       used 8094K, capacity 8646K, committed 8960K, reserved 1056768K
  class space    used 646K, capacity 690K, committed 768K, reserved 1048576K
}
Event: 19.592 GC heap before
{Heap before GC invocations=321 (full 0):
 PSYoungGen      total 57344K, used 56896K [0x000000076b800000, 0x0000000779c80000, 0x00000007c0000000)
  eden space 56832K, 100% used [0x000000076b800000,0x000000076ef80000,0x000000076ef80000)
  from space 512K, 12% used [0x0000000779c00000,0x0000000779c10000,0x0000000779c80000)
  to   space 512K, 0% used [0x0000000779b80000,0x0000000779b80000,0x0000000779c00000)
 ParOldGen       total 173568K, used 1931K [0x00000006c2800000, 0x00000006cd180000, 0x000000076b800000)
  object space 173568K, 1% used [0x00000006c2800000,0x00000006c29e2cd8,0x00000006cd180000)
 Metaspace       used 8094K, capacity 8646K, committed 8960K, reserved 1056768K
  class space    used 646K, capacity 690K, committed 768K, reserved 1048576K
Event: 19.592 GC heap after
Heap after GC invocations=321 (full 0):
 PSYoungGen      total 56320K, used 64K [0x000000076b800000, 0x0000000779c80000, 0x00000007c0000000)
  eden space 55808K, 0% used [0x000000076b800000,0x000000076b800000,0x000000076ee80000)
  from space 512K, 12% used [0x0000000779b80000,0x0000000779b90000,0x0000000779c00000)
  to   space 512K, 0% used [0x0000000779c00000,0x0000000779c00000,0x0000000779c80000)
 ParOldGen       total 173568K, used 1931K [0x00000006c2800000, 0x00000006cd180000, 0x000000076b800000)
  object space 173568K, 1% used [0x00000006c2800000,0x00000006c29e2cd8,0x00000006cd180000)
 Metaspace       used 8094K, capacity 8646K, committed 8960K, reserved 1056768K
  class space    used 646K, capacity 690K, committed 768K, reserved 1048576K
}

