# JRE version: Java(TM) SE Runtime Environment (8.0_65-b17) (build 1.8.0_65-b17)
# Java VM: Java HotSpot(TM) 64-Bit Server VM (25.65-b01 mixed mode windows-amd64 compressed oops)
Heap:
 PSYoungGen      total 123392K, used 118091K [0x000000076b800000, 0x000000077aa00000, 0x00000007c0000000)
  eden space 121856K, 96% used [0x000000076b800000,0x0000000772b4ac10,0x0000000772f00000)
  from space 1536K, 2% used [0x000000077a700000,0x000000077a708000,0x000000077a880000)
  to   space 1024K, 0% used [0x000000077a900000,0x000000077a900000,0x000000077aa00000)
 ParOldGen       total 173568K, used 1682K [0x00000006c2800000, 0x00000006cd180000, 0x000000076b800000)
  object space 173568K, 0% used [0x00000006c2800000,0x00000006c29a4908,0x00000006cd180000)
 Metaspace       used 7973K, capacity 8550K, committed 8704K, reserved 1056768K
  class space    used 642K, capacity 658K, committed 768K, reserved 1048576K
GC Heap History (10 events):
Event: 2.300 GC heap before
{Heap before GC invocations=25 (full 0):
 PSYoungGen      total 143872K, used 143424K [0x000000076b800000, 0x000000077ac00000, 0x00000007c0000000)
  eden space 143360K, 100% used [0x000000076b800000,0x0000000774400000,0x0000000774400000)
  from space 512K, 12% used [0x000000077ab80000,0x000000077ab90000,0x000000077ac00000)
  to   space 1536K, 0% used [0x000000077a900000,0x000000077a900000,0x000000077aa80000)
 ParOldGen       total 173568K, used 1674K [0x00000006c2800000, 0x00000006cd180000, 0x000000076b800000)
  object space 173568K, 0% used [0x00000006c2800000,0x00000006c29a2908,0x00000006cd180000)
 Metaspace       used 7973K, capacity 8550K, committed 8704K, reserved 1056768K
  class space    used 642K, capacity 658K, committed 768K, reserved 1048576K
Event: 2.301 GC heap after
Heap after GC invocations=25 (full 0):
 PSYoungGen      total 140288K, used 64K [0x000000076b800000, 0x000000077ac00000, 0x00000007c0000000)
  eden space 138752K, 0% used [0x000000076b800000,0x000000076b800000,0x0000000773f80000)
  from space 1536K, 4% used [0x000000077a900000,0x000000077a910000,0x000000077aa80000)
  to   space 1536K, 0% used [0x000000077aa80000,0x000000077aa80000,0x000000077ac00000)
 ParOldGen       total 173568K, used 1674K [0x00000006c2800000, 0x00000006cd180000, 0x000000076b800000)
  object space 173568K, 0% used [0x00000006c2800000,0x00000006c29a2908,0x00000006cd180000)
 Metaspace       used 7973K, capacity 8550K, committed 8704K, reserved 1056768K
  class space    used 642K, capacity 658K, committed 768K, reserved 1048576K
}
Event: 2.358 GC heap before
{Heap before GC invocations=26 (full 0):
 PSYoungGen      total 140288K, used 138816K [0x000000076b800000, 0x000000077ac00000, 0x00000007c0000000)
  eden space 138752K, 100% used [0x000000076b800000,0x0000000773f80000,0x0000000773f80000)
  from space 1536K, 4% used [0x000000077a900000,0x000000077a910000,0x000000077aa80000)
  to   space 1536K, 0% used [0x000000077aa80000,0x000000077aa80000,0x000000077ac00000)
 ParOldGen       total 173568K, used 1674K [0x00000006c2800000, 0x00000006cd180000, 0x000000076b800000)
  object space 173568K, 0% used [0x00000006c2800000,0x00000006c29a2908,0x00000006cd180000)
 Metaspace       used 7973K, capacity 8550K, committed 8704K, reserved 1056768K
  class space    used 642K, capacity 658K, committed 768K, reserved 1048576K
Event: 2.359 GC heap after
Heap after GC invocations=26 (full 0):
 PSYoungGen      total 134656K, used 96K [0x000000076b800000, 0x000000077ab00000, 0x00000007c0000000)
  eden space 134144K, 0% used [0x000000076b800000,0x000000076b800000,0x0000000773b00000)
  from space 512K, 18% used [0x000000077aa80000,0x000000077aa98000,0x000000077ab00000)
  to   space 1536K, 0% used [0x000000077a800000,0x000000077a800000,0x000000077a980000)
 ParOldGen       total 173568K, used 1674K [0x00000006c2800000, 0x00000006cd180000, 0x000000076b800000)
  object space 173568K, 0% used [0x00000006c2800000,0x00000006c29a2908,0x00000006cd180000)
 Metaspace       used 7973K, capacity 8550K, committed 8704K, reserved 1056768K
  class space    used 642K, capacity 658K, committed 768K, reserved 1048576K
}
Event: 2.417 GC heap before
{Heap before GC invocations=27 (full 0):
 PSYoungGen      total 134656K, used 134240K [0x000000076b800000, 0x000000077ab00000, 0x00000007c0000000)
  eden space 134144K, 100% used [0x000000076b800000,0x0000000773b00000,0x0000000773b00000)
  from space 512K, 18% used [0x000000077aa80000,0x000000077aa98000,0x000000077ab00000)
  to   space 1536K, 0% used [0x000000077a800000,0x000000077a800000,0x000000077a980000)
 ParOldGen       total 173568K, used 1674K [0x00000006c2800000, 0x00000006cd180000, 0x000000076b800000)
  object space 173568K, 0% used [0x00000006c2800000,0x00000006c29a2908,0x00000006cd180000)
 Metaspace       used 7973K, capacity 8550K, committed 8704K, reserved 1056768K
  class space    used 642K, capacity 658K, committed 768K, reserved 1048576K
Event: 2.418 GC heap after
Heap after GC invocations=27 (full 0):
 PSYoungGen      total 131584K, used 64K [0x000000076b800000, 0x000000077ab00000, 0x00000007c0000000)
  eden space 130048K, 0% used [0x000000076b800000,0x000000076b800000,0x0000000773700000)
  from space 1536K, 4% used [0x000000077a800000,0x000000077a810000,0x000000077a980000)
  to   space 1536K, 0% used [0x000000077a980000,0x000000077a980000,0x000000077ab00000)
 ParOldGen       total 173568K, used 1674K [0x00000006c2800000, 0x00000006cd180000, 0x000000076b800000)
  object space 173568K, 0% used [0x00000006c2800000,0x00000006c29a2908,0x00000006cd180000)
 Metaspace       used 7973K, capacity 8550K, committed 8704K, reserved 1056768K
  class space    used 642K, capacity 658K, committed 768K, reserved 1048576K
}
Event: 2.478 GC heap before
{Heap before GC invocations=28 (full 0):
 PSYoungGen      total 131584K, used 130112K [0x000000076b800000, 0x000000077ab00000, 0x00000007c0000000)
  eden space 130048K, 100% used [0x000000076b800000,0x0000000773700000,0x0000000773700000)
  from space 1536K, 4% used [0x000000077a800000,0x000000077a810000,0x000000077a980000)
  to   space 1536K, 0% used [0x000000077a980000,0x000000077a980000,0x000000077ab00000)
 ParOldGen       total 173568K, used 1674K [0x00000006c2800000, 0x00000006cd180000, 0x000000076b800000)
  object space 173568K, 0% used [0x00000006c2800000,0x00000006c29a2908,0x00000006cd180000)
 Metaspace       used 7973K, capacity 8550K, committed 8704K, reserved 1056768K
  class space    used 642K, capacity 658K, committed 768K, reserved 1048576K
Event: 2.479 GC heap after
Heap after GC invocations=28 (full 0):
 PSYoungGen      total 126464K, used 64K [0x000000076b800000, 0x000000077aa00000, 0x00000007c0000000)
  eden space 125952K, 0% used [0x000000076b800000,0x000000076b800000,0x0000000773300000)
  from space 512K, 12% used [0x000000077a980000,0x000000077a990000,0x000000077aa00000)
  to   space 1536K, 0% used [0x000000077a700000,0x000000077a700000,0x000000077a880000)
 ParOldGen       total 173568K, used 1674K [0x00000006c2800000, 0x00000006cd180000, 0x000000076b800000)
  object space 173568K, 0% used [0x00000006c2800000,0x00000006c29a2908,0x00000006cd180000)
 Metaspace       used 7973K, capacity 8550K, committed 8704K, reserved 1056768K
  class space    used 642K, capacity 658K, committed 768K, reserved 1048576K
}
Event: 2.531 GC heap before
{Heap before GC invocations=29 (full 0):
 PSYoungGen      total 126464K, used 126016K [0x000000076b800000, 0x000000077aa00000, 0x00000007c0000000)
  eden space 125952K, 100% used [0x000000076b800000,0x0000000773300000,0x0000000773300000)
  from space 512K, 12% used [0x000000077a980000,0x000000077a990000,0x000000077aa00000)
  to   space 1536K, 0% used [0x000000077a700000,0x000000077a700000,0x000000077a880000)
 ParOldGen       total 173568K, used 1674K [0x00000006c2800000, 0x00000006cd180000, 0x000000076b800000)
  object space 173568K, 0% used [0x00000006c2800000,0x00000006c29a2908,0x00000006cd180000)
 Metaspace       used 7973K, capacity 8550K, committed 8704K, reserved 1056768K
  class space    used 642K, capacity 658K, committed 768K, reserved 1048576K
Event: 2.532 GC heap after
Heap after GC invocations=29 (full 0):
 PSYoungGen      total 123392K, used 32K [0x000000076b800000, 0x000000077aa00000, 0x00000007c0000000)
  eden space 121856K, 0% used [0x000000076b800000,0x000000076b800000,0x0000000772f00000)
  from space 1536K, 2% used [0x000000077a700000,0x000000077a708000,0x000000077a880000)
  to   space 1024K, 0% used [0x000000077a900000,0x000000077a900000,0x000000077aa00000)
 ParOldGen       total 173568K, used 1682K [0x00000006c2800000, 0x00000006cd180000, 0x000000076b800000)
  object space 173568K, 0% used [0x00000006c2800000,0x00000006c29a4908,0x00000006cd180000)
 Metaspace       used 7973K, capacity 8550K, committed 8704K, reserved 1056768K
  class space    used 642K, capacity 658K, committed 768K, reserved 1048576K
}

