# JRE version: Java(TM) SE Runtime Environment (8.0_65-b17) (build 1.8.0_65-b17)
# Java VM: Java HotSpot(TM) 64-Bit Server VM (25.65-b01 mixed mode windows-amd64 compressed oops)
Heap:
 PSYoungGen      total 225792K, used 85550K [0x000000076b800000, 0x000000078a780000, 0x00000007c0000000)
  eden space 225280K, 37% used [0x000000076b800000,0x0000000770b5bb90,0x0000000779400000)
  from space 512K, 37% used [0x000000078a700000,0x000000078a730000,0x000000078a780000)
  to   space 1536K, 0% used [0x000000078a480000,0x000000078a480000,0x000000078a600000)
 ParOldGen       total 173568K, used 1738K [0x00000006c2800000, 0x00000006cd180000, 0x000000076b800000)
  object space 173568K, 1% used [0x00000006c2800000,0x00000006c29b2b30,0x00000006cd180000)
 Metaspace       used 8091K, capacity 8646K, committed 8960K, reserved 1056768K
  class space    used 646K, capacity 690K, committed 768K, reserved 1048576K
GC Heap History (10 events):
Event: 5.965 GC heap before
{Heap before GC invocations=24 (full 0):
 PSYoungGen      total 275968K, used 274080K [0x000000076b800000, 0x000000078aa80000, 0x00000007c0000000)
  eden space 273920K, 100% used [0x000000076b800000,0x000000077c380000,0x000000077c380000)
  from space 2048K, 7% used [0x000000078a680000,0x000000078a6a8000,0x000000078a880000)
  to   space 1536K, 0% used [0x000000078a900000,0x000000078a900000,0x000000078aa80000)
 ParOldGen       total 173568K, used 1738K [0x00000006c2800000, 0x00000006cd180000, 0x000000076b800000)
  object space 173568K, 1% used [0x00000006c2800000,0x00000006c29b2b30,0x00000006cd180000)
 Metaspace       used 8091K, capacity 8646K, committed 8960K, reserved 1056768K
  class space    used 646K, capacity 690K, committed 768K, reserved 1048576K
Event: 5.965 GC heap after
Heap after GC invocations=24 (full 0):
 PSYoungGen      total 263680K, used 224K [0x000000076b800000, 0x000000078a980000, 0x00000007c0000000)
  eden space 263168K, 0% used [0x000000076b800000,0x000000076b800000,0x000000077b900000)
  from space 512K, 43% used [0x000000078a900000,0x000000078a938000,0x000000078a980000)
  to   space 1536K, 0% used [0x000000078a680000,0x000000078a680000,0x000000078a800000)
 ParOldGen       total 173568K, used 1738K [0x00000006c2800000, 0x00000006cd180000, 0x000000076b800000)
  object space 173568K, 1% used [0x00000006c2800000,0x00000006c29b2b30,0x00000006cd180000)
 Metaspace       used 8091K, capacity 8646K, committed 8960K, reserved 1056768K
  class space    used 646K, capacity 690K, committed 768K, reserved 1048576K
}
Event: 6.202 GC heap before
{Heap before GC invocations=25 (full 0):
 PSYoungGen      total 263680K, used 263392K [0x000000076b800000, 0x000000078a980000, 0x00000007c0000000)
  eden space 263168K, 100% used [0x000000076b800000,0x000000077b900000,0x000000077b900000)
  from space 512K, 43% used [0x000000078a900000,0x000000078a938000,0x000000078a980000)
  to   space 1536K, 0% used [0x000000078a680000,0x000000078a680000,0x000000078a800000)
 ParOldGen       total 173568K, used 1738K [0x00000006c2800000, 0x00000006cd180000, 0x000000076b800000)
  object space 173568K, 1% used [0x00000006c2800000,0x00000006c29b2b30,0x00000006cd180000)
 Metaspace       used 8091K, capacity 8646K, committed 8960K, reserved 1056768K
  class space    used 646K, capacity 690K, committed 768K, reserved 1048576K
Event: 6.202 GC heap after
Heap after GC invocations=25 (full 0):
 PSYoungGen      total 254464K, used 224K [0x000000076b800000, 0x000000078a980000, 0x00000007c0000000)
  eden space 252928K, 0% used [0x000000076b800000,0x000000076b800000,0x000000077af00000)
  from space 1536K, 14% used [0x000000078a680000,0x000000078a6b8000,0x000000078a800000)
  to   space 1536K, 0% used [0x000000078a800000,0x000000078a800000,0x000000078a980000)
 ParOldGen       total 173568K, used 1738K [0x00000006c2800000, 0x00000006cd180000, 0x000000076b800000)
  object space 173568K, 1% used [0x00000006c2800000,0x00000006c29b2b30,0x00000006cd180000)
 Metaspace       used 8091K, capacity 8646K, committed 8960K, reserved 1056768K
  class space    used 646K, capacity 690K, committed 768K, reserved 1048576K
}
Event: 6.403 GC heap before
{Heap before GC invocations=26 (full 0):
 PSYoungGen      total 254464K, used 253152K [0x000000076b800000, 0x000000078a980000, 0x00000007c0000000)
  eden space 252928K, 100% used [0x000000076b800000,0x000000077af00000,0x000000077af00000)
  from space 1536K, 14% used [0x000000078a680000,0x000000078a6b8000,0x000000078a800000)
  to   space 1536K, 0% used [0x000000078a800000,0x000000078a800000,0x000000078a980000)
 ParOldGen       total 173568K, used 1738K [0x00000006c2800000, 0x00000006cd180000, 0x000000076b800000)
  object space 173568K, 1% used [0x00000006c2800000,0x00000006c29b2b30,0x00000006cd180000)
 Metaspace       used 8091K, capacity 8646K, committed 8960K, reserved 1056768K
  class space    used 646K, capacity 690K, committed 768K, reserved 1048576K
Event: 6.403 GC heap after
Heap after GC invocations=26 (full 0):
 PSYoungGen      total 243712K, used 224K [0x000000076b800000, 0x000000078a880000, 0x00000007c0000000)
  eden space 243200K, 0% used [0x000000076b800000,0x000000076b800000,0x000000077a580000)
  from space 512K, 43% used [0x000000078a800000,0x000000078a838000,0x000000078a880000)
  to   space 1536K, 0% used [0x000000078a580000,0x000000078a580000,0x000000078a700000)
 ParOldGen       total 173568K, used 1738K [0x00000006c2800000, 0x00000006cd180000, 0x000000076b800000)
  object space 173568K, 1% used [0x00000006c2800000,0x00000006c29b2b30,0x00000006cd180000)
 Metaspace       used 8091K, capacity 8646K, committed 8960K, reserved 1056768K
  class space    used 646K, capacity 690K, committed 768K, reserved 1048576K
}
Event: 6.613 GC heap before
{Heap before GC invocations=27 (full 0):
 PSYoungGen      total 243712K, used 243424K [0x000000076b800000, 0x000000078a880000, 0x00000007c0000000)
  eden space 243200K, 100% used [0x000000076b800000,0x000000077a580000,0x000000077a580000)
  from space 512K, 43% used [0x000000078a800000,0x000000078a838000,0x000000078a880000)
  to   space 1536K, 0% used [0x000000078a580000,0x000000078a580000,0x000000078a700000)
 ParOldGen       total 173568K, used 1738K [0x00000006c2800000, 0x00000006cd180000, 0x000000076b800000)
  object space 173568K, 1% used [0x00000006c2800000,0x00000006c29b2b30,0x00000006cd180000)
 Metaspace       used 8091K, capacity 8646K, committed 8960K, reserved 1056768K
  class space    used 646K, capacity 690K, committed 768K, reserved 1048576K
Event: 6.614 GC heap after
Heap after GC invocations=27 (full 0):
 PSYoungGen      total 235520K, used 224K [0x000000076b800000, 0x000000078a880000, 0x00000007c0000000)
  eden space 233984K, 0% used [0x000000076b800000,0x000000076b800000,0x0000000779c80000)
  from space 1536K, 14% used [0x000000078a580000,0x000000078a5b8000,0x000000078a700000)
  to   space 1536K, 0% used [0x000000078a700000,0x000000078a700000,0x000000078a880000)
 ParOldGen       total 173568K, used 1738K [0x00000006c2800000, 0x00000006cd180000, 0x000000076b800000)
  object space 173568K, 1% used [0x00000006c2800000,0x00000006c29b2b30,0x00000006cd180000)
 Metaspace       used 8091K, capacity 8646K, committed 8960K, reserved 1056768K
  class space    used 646K, capacity 690K, committed 768K, reserved 1048576K
}
Event: 6.785 GC heap before
{Heap before GC invocations=28 (full 0):
 PSYoungGen      total 235520K, used 234208K [0x000000076b800000, 0x000000078a880000, 0x00000007c0000000)
  eden space 233984K, 100% used [0x000000076b800000,0x0000000779c80000,0x0000000779c80000)
  from space 1536K, 14% used [0x000000078a580000,0x000000078a5b8000,0x000000078a700000)
  to   space 1536K, 0% used [0x000000078a700000,0x000000078a700000,0x000000078a880000)
 ParOldGen       total 173568K, used 1738K [0x00000006c2800000, 0x00000006cd180000, 0x000000076b800000)
  object space 173568K, 1% used [0x00000006c2800000,0x00000006c29b2b30,0x00000006cd180000)
 Metaspace       used 8091K, capacity 8646K, committed 8960K, reserved 1056768K
  class space    used 646K, capacity 690K, committed 768K, reserved 1048576K
Event: 6.785 GC heap after
Heap after GC invocations=28 (full 0):
 PSYoungGen      total 225792K, used 192K [0x000000076b800000, 0x000000078a780000, 0x00000007c0000000)
  eden space 225280K, 0% used [0x000000076b800000,0x000000076b800000,0x0000000779400000)
  from space 512K, 37% used [0x000000078a700000,0x000000078a730000,0x000000078a780000)
  to   space 1536K, 0% used [0x000000078a480000,0x000000078a480000,0x000000078a600000)
 ParOldGen       total 173568K, used 1738K [0x00000006c2800000, 0x00000006cd180000, 0x000000076b800000)
  object space 173568K, 1% used [0x00000006c2800000,0x00000006c29b2b30,0x00000006cd180000)
 Metaspace       used 8091K, capacity 8646K, committed 8960K, reserved 1056768K
  class space    used 646K, capacity 690K, committed 768K, reserved 1048576K
}

