# JRE version: Java(TM) SE Runtime Environment (8.0_65-b17) (build 1.8.0_65-b17)
# Java VM: Java HotSpot(TM) 64-Bit Server VM (25.65-b01 mixed mode windows-amd64 compressed oops)
Heap:
 PSYoungGen      total 184320K, used 49714K [0x000000076b800000, 0x0000000784880000, 0x00000007c0000000)
  eden space 183808K, 26% used [0x000000076b800000,0x000000076e8748a0,0x0000000776b80000)
  from space 512K, 18% used [0x0000000784800000,0x0000000784818000,0x0000000784880000)
  to   space 2048K, 0% used [0x0000000784480000,0x0000000784480000,0x0000000784680000)
 ParOldGen       total 173568K, used 1703K [0x00000006c2800000, 0x00000006cd180000, 0x000000076b800000)
  object space 173568K, 0% used [0x00000006c2800000,0x00000006c29a9d38,0x00000006cd180000)
 Metaspace       used 7968K, capacity 8486K, committed 8704K, reserved 1056768K
  class space    used 642K, capacity 658K, committed 768K, reserved 1048576K
GC Heap History (10 events):
Event: 1.887 GC heap before
{Heap before GC invocations=13 (full 0):
 PSYoungGen      total 230400K, used 229952K [0x000000076b800000, 0x0000000784d80000, 0x00000007c0000000)
  eden space 229888K, 100% used [0x000000076b800000,0x0000000779880000,0x0000000779880000)
  from space 512K, 12% used [0x0000000784d00000,0x0000000784d10000,0x0000000784d80000)
  to   space 2560K, 0% used [0x0000000784880000,0x0000000784880000,0x0000000784b00000)
 ParOldGen       total 173568K, used 1695K [0x00000006c2800000, 0x00000006cd180000, 0x000000076b800000)
  object space 173568K, 0% used [0x00000006c2800000,0x00000006c29a7d38,0x00000006cd180000)
 Metaspace       used 7966K, capacity 8486K, committed 8704K, reserved 1056768K
  class space    used 642K, capacity 658K, committed 768K, reserved 1048576K
Event: 1.887 GC heap after
Heap after GC invocations=13 (full 0):
 PSYoungGen      total 223744K, used 96K [0x000000076b800000, 0x0000000784d80000, 0x00000007c0000000)
  eden space 221184K, 0% used [0x000000076b800000,0x000000076b800000,0x0000000779000000)
  from space 2560K, 3% used [0x0000000784880000,0x0000000784898000,0x0000000784b00000)
  to   space 2560K, 0% used [0x0000000784b00000,0x0000000784b00000,0x0000000784d80000)
 ParOldGen       total 173568K, used 1695K [0x00000006c2800000, 0x00000006cd180000, 0x000000076b800000)
  object space 173568K, 0% used [0x00000006c2800000,0x00000006c29a7d38,0x00000006cd180000)
 Metaspace       used 7966K, capacity 8486K, committed 8704K, reserved 1056768K
  class space    used 642K, capacity 658K, committed 768K, reserved 1048576K
}
Event: 2.073 GC heap before
{Heap before GC invocations=14 (full 0):
 PSYoungGen      total 223744K, used 221280K [0x000000076b800000, 0x0000000784d80000, 0x00000007c0000000)
  eden space 221184K, 100% used [0x000000076b800000,0x0000000779000000,0x0000000779000000)
  from space 2560K, 3% used [0x0000000784880000,0x0000000784898000,0x0000000784b00000)
  to   space 2560K, 0% used [0x0000000784b00000,0x0000000784b00000,0x0000000784d80000)
 ParOldGen       total 173568K, used 1695K [0x00000006c2800000, 0x00000006cd180000, 0x000000076b800000)
  object space 173568K, 0% used [0x00000006c2800000,0x00000006c29a7d38,0x00000006cd180000)
 Metaspace       used 7966K, capacity 8486K, committed 8704K, reserved 1056768K
  class space    used 642K, capacity 658K, committed 768K, reserved 1048576K
Event: 2.073 GC heap after
Heap after GC invocations=14 (full 0):
 PSYoungGen      total 213504K, used 64K [0x000000076b800000, 0x0000000784b80000, 0x00000007c0000000)
  eden space 212992K, 0% used [0x000000076b800000,0x000000076b800000,0x0000000778800000)
  from space 512K, 12% used [0x0000000784b00000,0x0000000784b10000,0x0000000784b80000)
  to   space 2560K, 0% used [0x0000000784680000,0x0000000784680000,0x0000000784900000)
 ParOldGen       total 173568K, used 1695K [0x00000006c2800000, 0x00000006cd180000, 0x000000076b800000)
  object space 173568K, 0% used [0x00000006c2800000,0x00000006c29a7d38,0x00000006cd180000)
 Metaspace       used 7966K, capacity 8486K, committed 8704K, reserved 1056768K
  class space    used 642K, capacity 658K, committed 768K, reserved 1048576K
}
Event: 2.234 GC heap before
{Heap before GC invocations=15 (full 0):
 PSYoungGen      total 213504K, used 213056K [0x000000076b800000, 0x0000000784b80000, 0x00000007c0000000)
  eden space 212992K, 100% used [0x000000076b800000,0x0000000778800000,0x0000000778800000)
  from space 512K, 12% used [0x0000000784b00000,0x0000000784b10000,0x0000000784b80000)
  to   space 2560K, 0% used [0x0000000784680000,0x0000000784680000,0x0000000784900000)
 ParOldGen       total 173568K, used 1695K [0x00000006c2800000, 0x00000006cd180000, 0x000000076b800000)
  object space 173568K, 0% used [0x00000006c2800000,0x00000006c29a7d38,0x00000006cd180000)
 Metaspace       used 7967K, capacity 8486K, committed 8704K, reserved 1056768K
  class space    used 642K, capacity 658K, committed 768K, reserved 1048576K
Event: 2.234 GC heap after
Heap after GC invocations=15 (full 0):
 PSYoungGen      total 207872K, used 64K [0x000000076b800000, 0x0000000784b80000, 0x00000007c0000000)
  eden space 205312K, 0% used [0x000000076b800000,0x000000076b800000,0x0000000778080000)
  from space 2560K, 2% used [0x0000000784680000,0x0000000784690000,0x0000000784900000)
  to   space 2048K, 0% used [0x0000000784980000,0x0000000784980000,0x0000000784b80000)
 ParOldGen       total 173568K, used 1695K [0x00000006c2800000, 0x00000006cd180000, 0x000000076b800000)
  object space 173568K, 0% used [0x00000006c2800000,0x00000006c29a7d38,0x00000006cd180000)
 Metaspace       used 7967K, capacity 8486K, committed 8704K, reserved 1056768K
  class space    used 642K, capacity 658K, committed 768K, reserved 1048576K
}
Event: 2.394 GC heap before
{Heap before GC invocations=16 (full 0):
 PSYoungGen      total 207872K, used 205376K [0x000000076b800000, 0x0000000784b80000, 0x00000007c0000000)
  eden space 205312K, 100% used [0x000000076b800000,0x0000000778080000,0x0000000778080000)
  from space 2560K, 2% used [0x0000000784680000,0x0000000784690000,0x0000000784900000)
  to   space 2048K, 0% used [0x0000000784980000,0x0000000784980000,0x0000000784b80000)
 ParOldGen       total 173568K, used 1695K [0x00000006c2800000, 0x00000006cd180000, 0x000000076b800000)
  object space 173568K, 0% used [0x00000006c2800000,0x00000006c29a7d38,0x00000006cd180000)
 Metaspace       used 7967K, capacity 8486K, committed 8704K, reserved 1056768K
  class space    used 642K, capacity 658K, committed 768K, reserved 1048576K
Event: 2.395 GC heap after
Heap after GC invocations=16 (full 0):
 PSYoungGen      total 198144K, used 64K [0x000000076b800000, 0x0000000784a00000, 0x00000007c0000000)
  eden space 197632K, 0% used [0x000000076b800000,0x000000076b800000,0x0000000777900000)
  from space 512K, 12% used [0x0000000784980000,0x0000000784990000,0x0000000784a00000)
  to   space 2048K, 0% used [0x0000000784600000,0x0000000784600000,0x0000000784800000)
 ParOldGen       total 173568K, used 1695K [0x00000006c2800000, 0x00000006cd180000, 0x000000076b800000)
  object space 173568K, 0% used [0x00000006c2800000,0x00000006c29a7d38,0x00000006cd180000)
 Metaspace       used 7967K, capacity 8486K, committed 8704K, reserved 1056768K
  class space    used 642K, capacity 658K, committed 768K, reserved 1048576K
}
Event: 2.600 GC heap before
{Heap before GC invocations=17 (full 0):
 PSYoungGen      total 198144K, used 197696K [0x000000076b800000, 0x0000000784a00000, 0x00000007c0000000)
  eden space 197632K, 100% used [0x000000076b800000,0x0000000777900000,0x0000000777900000)
  from space 512K, 12% used [0x0000000784980000,0x0000000784990000,0x0000000784a00000)
  to   space 2048K, 0% used [0x0000000784600000,0x0000000784600000,0x0000000784800000)
 ParOldGen       total 173568K, used 1695K [0x00000006c2800000, 0x00000006cd180000, 0x000000076b800000)
  object space 173568K, 0% used [0x00000006c2800000,0x00000006c29a7d38,0x00000006cd180000)
 Metaspace       used 7967K, capacity 8486K, committed 8704K, reserved 1056768K
  class space    used 642K, capacity 658K, committed 768K, reserved 1048576K
Event: 2.600 GC heap after
Heap after GC invocations=17 (full 0):
 PSYoungGen      total 192512K, used 64K [0x000000076b800000, 0x0000000784a00000, 0x00000007c0000000)
  eden space 190464K, 0% used [0x000000076b800000,0x000000076b800000,0x0000000777200000)
  from space 2048K, 3% used [0x0000000784600000,0x0000000784610000,0x0000000784800000)
  to   space 2048K, 0% used [0x0000000784800000,0x0000000784800000,0x0000000784a00000)
 ParOldGen       total 173568K, used 1695K [0x00000006c2800000, 0x00000006cd180000, 0x000000076b800000)
  object space 173568K, 0% used [0x00000006c2800000,0x00000006c29a7d38,0x00000006cd180000)
 Metaspace       used 7967K, capacity 8486K, committed 8704K, reserved 1056768K
  class space    used 642K, capacity 658K, committed 768K, reserved 1048576K
}

