# JRE version: Java(TM) SE Runtime Environment (8.0_65-b17) (build 1.8.0_65-b17)
# Java VM: Java HotSpot(TM) 64-Bit Server VM (25.65-b01 mixed mode windows-amd64 compressed oops)
Heap:
 PSYoungGen      total 211456K, used 139380K [0x000000076b800000, 0x000000077c300000, 0x00000007c0000000)
  eden space 209408K, 66% used [0x000000076b800000,0x0000000773fed1a8,0x0000000778480000)
  from space 2048K, 9% used [0x000000077bf00000,0x000000077bf30000,0x000000077c100000)
  to   space 2048K, 0% used [0x000000077c100000,0x000000077c100000,0x000000077c300000)
 ParOldGen       total 173568K, used 1872K [0x00000006c2800000, 0x00000006cd180000, 0x000000076b800000)
  object space 173568K, 1% used [0x00000006c2800000,0x00000006c29d41e0,0x00000006cd180000)
 Metaspace       used 8036K, capacity 8582K, committed 8704K, reserved 1056768K
  class space    used 646K, capacity 690K, committed 768K, reserved 1048576K
GC Heap History (10 events):
Event: 1.423 GC heap before
{Heap before GC invocations=11 (full 0):
 PSYoungGen      total 254976K, used 254688K [0x000000076b800000, 0x000000077c600000, 0x00000007c0000000)
  eden space 254464K, 100% used [0x000000076b800000,0x000000077b080000,0x000000077b080000)
  from space 512K, 43% used [0x000000077c580000,0x000000077c5b8000,0x000000077c600000)
  to   space 2048K, 0% used [0x000000077c200000,0x000000077c200000,0x000000077c400000)
 ParOldGen       total 173568K, used 1792K [0x00000006c2800000, 0x00000006cd180000, 0x000000076b800000)
  object space 173568K, 1% used [0x00000006c2800000,0x00000006c29c01e0,0x00000006cd180000)
 Metaspace       used 8030K, capacity 8582K, committed 8704K, reserved 1056768K
  class space    used 646K, capacity 690K, committed 768K, reserved 1048576K
Event: 1.423 GC heap after
Heap after GC invocations=11 (full 0):
 PSYoungGen      total 246784K, used 192K [0x000000076b800000, 0x000000077c600000, 0x00000007c0000000)
  eden space 244736K, 0% used [0x000000076b800000,0x000000076b800000,0x000000077a700000)
  from space 2048K, 9% used [0x000000077c200000,0x000000077c230000,0x000000077c400000)
  to   space 2048K, 0% used [0x000000077c400000,0x000000077c400000,0x000000077c600000)
 ParOldGen       total 173568K, used 1872K [0x00000006c2800000, 0x00000006cd180000, 0x000000076b800000)
  object space 173568K, 1% used [0x00000006c2800000,0x00000006c29d41e0,0x00000006cd180000)
 Metaspace       used 8030K, capacity 8582K, committed 8704K, reserved 1056768K
  class space    used 646K, capacity 690K, committed 768K, reserved 1048576K
}
Event: 1.614 GC heap before
{Heap before GC invocations=12 (full 0):
 PSYoungGen      total 246784K, used 244928K [0x000000076b800000, 0x000000077c600000, 0x00000007c0000000)
  eden space 244736K, 100% used [0x000000076b800000,0x000000077a700000,0x000000077a700000)
  from space 2048K, 9% used [0x000000077c200000,0x000000077c230000,0x000000077c400000)
  to   space 2048K, 0% used [0x000000077c400000,0x000000077c400000,0x000000077c600000)
 ParOldGen       total 173568K, used 1872K [0x00000006c2800000, 0x00000006cd180000, 0x000000076b800000)
  object space 173568K, 1% used [0x00000006c2800000,0x00000006c29d41e0,0x00000006cd180000)
 Metaspace       used 8030K, capacity 8582K, committed 8704K, reserved 1056768K
  class space    used 646K, capacity 690K, committed 768K, reserved 1048576K
Event: 1.614 GC heap after
Heap after GC invocations=12 (full 0):
 PSYoungGen      total 236032K, used 224K [0x000000076b800000, 0x000000077c480000, 0x00000007c0000000)
  eden space 235520K, 0% used [0x000000076b800000,0x000000076b800000,0x0000000779e00000)
  from space 512K, 43% used [0x000000077c400000,0x000000077c438000,0x000000077c480000)
  to   space 2048K, 0% used [0x000000077c080000,0x000000077c080000,0x000000077c280000)
 ParOldGen       total 173568K, used 1872K [0x00000006c2800000, 0x00000006cd180000, 0x000000076b800000)
  object space 173568K, 1% used [0x00000006c2800000,0x00000006c29d41e0,0x00000006cd180000)
 Metaspace       used 8030K, capacity 8582K, committed 8704K, reserved 1056768K
  class space    used 646K, capacity 690K, committed 768K, reserved 1048576K
}
Event: 1.812 GC heap before
{Heap before GC invocations=13 (full 0):
 PSYoungGen      total 236032K, used 235744K [0x000000076b800000, 0x000000077c480000, 0x00000007c0000000)
  eden space 235520K, 100% used [0x000000076b800000,0x0000000779e00000,0x0000000779e00000)
  from space 512K, 43% used [0x000000077c400000,0x000000077c438000,0x000000077c480000)
  to   space 2048K, 0% used [0x000000077c080000,0x000000077c080000,0x000000077c280000)
 ParOldGen       total 173568K, used 1872K [0x00000006c2800000, 0x00000006cd180000, 0x000000076b800000)
  object space 173568K, 1% used [0x00000006c2800000,0x00000006c29d41e0,0x00000006cd180000)
 Metaspace       used 8033K, capacity 8582K, committed 8704K, reserved 1056768K
  class space    used 646K, capacity 690K, committed 768K, reserved 1048576K
Event: 1.813 GC heap after
Heap after GC invocations=13 (full 0):
 PSYoungGen      total 228352K, used 192K [0x000000076b800000, 0x000000077c480000, 0x00000007c0000000)
  eden space 226304K, 0% used [0x000000076b800000,0x000000076b800000,0x0000000779500000)
  from space 2048K, 9% used [0x000000077c080000,0x000000077c0b0000,0x000000077c280000)
  to   space 2048K, 0% used [0x000000077c280000,0x000000077c280000,0x000000077c480000)
 ParOldGen       total 173568K, used 1872K [0x00000006c2800000, 0x00000006cd180000, 0x000000076b800000)
  object space 173568K, 1% used [0x00000006c2800000,0x00000006c29d41e0,0x00000006cd180000)
 Metaspace       used 8033K, capacity 8582K, committed 8704K, reserved 1056768K
  class space    used 646K, capacity 690K, committed 768K, reserved 1048576K
}
Event: 1.983 GC heap before
{Heap before GC invocations=14 (full 0):
 PSYoungGen      total 228352K, used 226496K [0x000000076b800000, 0x000000077c480000, 0x00000007c0000000)
  eden space 226304K, 100% used [0x000000076b800000,0x0000000779500000,0x0000000779500000)
  from space 2048K, 9% used [0x000000077c080000,0x000000077c0b0000,0x000000077c280000)
  to   space 2048K, 0% used [0x000000077c280000,0x000000077c280000,0x000000077c480000)
 ParOldGen       total 173568K, used 1872K [0x00000006c2800000, 0x00000006cd180000, 0x000000076b800000)
  object space 173568K, 1% used [0x00000006c2800000,0x00000006c29d41e0,0x00000006cd180000)
 Metaspace       used 8035K, capacity 8582K, committed 8704K, reserved 1056768K
  class space    used 646K, capacity 690K, committed 768K, reserved 1048576K
Event: 1.983 GC heap after
Heap after GC invocations=14 (full 0):
 PSYoungGen      total 218112K, used 160K [0x000000076b800000, 0x000000077c300000, 0x00000007c0000000)
  eden space 217600K, 0% used [0x000000076b800000,0x000000076b800000,0x0000000778c80000)
  from space 512K, 31% used [0x000000077c280000,0x000000077c2a8000,0x000000077c300000)
  to   space 2048K, 0% used [0x000000077bf00000,0x000000077bf00000,0x000000077c100000)
 ParOldGen       total 173568K, used 1872K [0x00000006c2800000, 0x00000006cd180000, 0x000000076b800000)
  object space 173568K, 1% used [0x00000006c2800000,0x00000006c29d41e0,0x00000006cd180000)
 Metaspace       used 8035K, capacity 8582K, committed 8704K, reserved 1056768K
  class space    used 646K, capacity 690K, committed 768K, reserved 1048576K
}
Event: 2.152 GC heap before
{Heap before GC invocations=15 (full 0):
 PSYoungGen      total 218112K, used 217760K [0x000000076b800000, 0x000000077c300000, 0x00000007c0000000)
  eden space 217600K, 100% used [0x000000076b800000,0x0000000778c80000,0x0000000778c80000)
  from space 512K, 31% used [0x000000077c280000,0x000000077c2a8000,0x000000077c300000)
  to   space 2048K, 0% used [0x000000077bf00000,0x000000077bf00000,0x000000077c100000)
 ParOldGen       total 173568K, used 1872K [0x00000006c2800000, 0x00000006cd180000, 0x000000076b800000)
  object space 173568K, 1% used [0x00000006c2800000,0x00000006c29d41e0,0x00000006cd180000)
 Metaspace       used 8035K, capacity 8582K, committed 8704K, reserved 1056768K
  class space    used 646K, capacity 690K, committed 768K, reserved 1048576K
Event: 2.153 GC heap after
Heap after GC invocations=15 (full 0):
 PSYoungGen      total 211456K, used 192K [0x000000076b800000, 0x000000077c300000, 0x00000007c0000000)
  eden space 209408K, 0% used [0x000000076b800000,0x000000076b800000,0x0000000778480000)
  from space 2048K, 9% used [0x000000077bf00000,0x000000077bf30000,0x000000077c100000)
  to   space 2048K, 0% used [0x000000077c100000,0x000000077c100000,0x000000077c300000)
 ParOldGen       total 173568K, used 1872K [0x00000006c2800000, 0x00000006cd180000, 0x000000076b800000)
  object space 173568K, 1% used [0x00000006c2800000,0x00000006c29d41e0,0x00000006cd180000)
 Metaspace       used 8035K, capacity 8582K, committed 8704K, reserved 1056768K
  class space    used 646K, capacity 690K, committed 768K, reserved 1048576K
}

