# JRE version: Java(TM) SE Runtime Environment (8.0_65-b17) (build 1.8.0_65-b17)
# Java VM: Java HotSpot(TM) 64-Bit Server VM (25.65-b01 mixed mode windows-amd64 compressed oops)
Heap:
 PSYoungGen      total 167424K, used 79450K [0x000000076b800000, 0x000000078ac80000, 0x00000007c0000000)
  eden space 165376K, 48% used [0x000000076b800000,0x00000007705868f8,0x0000000775980000)
  from space 2048K, 3% used [0x000000078a880000,0x000000078a890000,0x000000078aa80000)
  to   space 2048K, 0% used [0x000000078aa80000,0x000000078aa80000,0x000000078ac80000)
 ParOldGen       total 173568K, used 1208K [0x00000006c2800000, 0x00000006cd180000, 0x000000076b800000)
  object space 173568K, 0% used [0x00000006c2800000,0x00000006c292e050,0x00000006cd180000)
 Metaspace       used 7980K, capacity 8550K, committed 8704K, reserved 1056768K
  class space    used 642K, capacity 658K, committed 768K, reserved 1048576K
GC Heap History (10 events):
Event: 2.020 GC heap before
{Heap before GC invocations=15 (full 0):
 PSYoungGen      total 198656K, used 198208K [0x000000076b800000, 0x000000078af80000, 0x00000007c0000000)
  eden space 198144K, 100% used [0x000000076b800000,0x0000000777980000,0x0000000777980000)
  from space 512K, 12% used [0x000000078af00000,0x000000078af10000,0x000000078af80000)
  to   space 2560K, 0% used [0x000000078aa80000,0x000000078aa80000,0x000000078ad00000)
 ParOldGen       total 173568K, used 1208K [0x00000006c2800000, 0x00000006cd180000, 0x000000076b800000)
  object space 173568K, 0% used [0x00000006c2800000,0x00000006c292e050,0x00000006cd180000)
 Metaspace       used 7977K, capacity 8486K, committed 8704K, reserved 1056768K
  class space    used 642K, capacity 658K, committed 768K, reserved 1048576K
Event: 2.021 GC heap after
Heap after GC invocations=15 (full 0):
 PSYoungGen      total 193536K, used 64K [0x000000076b800000, 0x000000078af80000, 0x00000007c0000000)
  eden space 190976K, 0% used [0x000000076b800000,0x000000076b800000,0x0000000777280000)
  from space 2560K, 2% used [0x000000078aa80000,0x000000078aa90000,0x000000078ad00000)
  to   space 2048K, 0% used [0x000000078ad80000,0x000000078ad80000,0x000000078af80000)
 ParOldGen       total 173568K, used 1208K [0x00000006c2800000, 0x00000006cd180000, 0x000000076b800000)
  object space 173568K, 0% used [0x00000006c2800000,0x00000006c292e050,0x00000006cd180000)
 Metaspace       used 7977K, capacity 8486K, committed 8704K, reserved 1056768K
  class space    used 642K, capacity 658K, committed 768K, reserved 1048576K
}
Event: 2.197 GC heap before
{Heap before GC invocations=16 (full 0):
 PSYoungGen      total 193536K, used 191040K [0x000000076b800000, 0x000000078af80000, 0x00000007c0000000)
  eden space 190976K, 100% used [0x000000076b800000,0x0000000777280000,0x0000000777280000)
  from space 2560K, 2% used [0x000000078aa80000,0x000000078aa90000,0x000000078ad00000)
  to   space 2048K, 0% used [0x000000078ad80000,0x000000078ad80000,0x000000078af80000)
 ParOldGen       total 173568K, used 1208K [0x00000006c2800000, 0x00000006cd180000, 0x000000076b800000)
  object space 173568K, 0% used [0x00000006c2800000,0x00000006c292e050,0x00000006cd180000)
 Metaspace       used 7979K, capacity 8550K, committed 8704K, reserved 1056768K
  class space    used 642K, capacity 658K, committed 768K, reserved 1048576K
Event: 2.197 GC heap after
Heap after GC invocations=16 (full 0):
 PSYoungGen      total 184832K, used 64K [0x000000076b800000, 0x000000078ae00000, 0x00000007c0000000)
  eden space 184320K, 0% used [0x000000076b800000,0x000000076b800000,0x0000000776c00000)
  from space 512K, 12% used [0x000000078ad80000,0x000000078ad90000,0x000000078ae00000)
  to   space 2048K, 0% used [0x000000078aa00000,0x000000078aa00000,0x000000078ac00000)
 ParOldGen       total 173568K, used 1208K [0x00000006c2800000, 0x00000006cd180000, 0x000000076b800000)
  object space 173568K, 0% used [0x00000006c2800000,0x00000006c292e050,0x00000006cd180000)
 Metaspace       used 7979K, capacity 8550K, committed 8704K, reserved 1056768K
  class space    used 642K, capacity 658K, committed 768K, reserved 1048576K
}
Event: 2.367 GC heap before
{Heap before GC invocations=17 (full 0):
 PSYoungGen      total 184832K, used 184384K [0x000000076b800000, 0x000000078ae00000, 0x00000007c0000000)
  eden space 184320K, 100% used [0x000000076b800000,0x0000000776c00000,0x0000000776c00000)
  from space 512K, 12% used [0x000000078ad80000,0x000000078ad90000,0x000000078ae00000)
  to   space 2048K, 0% used [0x000000078aa00000,0x000000078aa00000,0x000000078ac00000)
 ParOldGen       total 173568K, used 1208K [0x00000006c2800000, 0x00000006cd180000, 0x000000076b800000)
  object space 173568K, 0% used [0x00000006c2800000,0x00000006c292e050,0x00000006cd180000)
 Metaspace       used 7979K, capacity 8550K, committed 8704K, reserved 1056768K
  class space    used 642K, capacity 658K, committed 768K, reserved 1048576K
Event: 2.367 GC heap after
Heap after GC invocations=17 (full 0):
 PSYoungGen      total 179712K, used 64K [0x000000076b800000, 0x000000078ae00000, 0x00000007c0000000)
  eden space 177664K, 0% used [0x000000076b800000,0x000000076b800000,0x0000000776580000)
  from space 2048K, 3% used [0x000000078aa00000,0x000000078aa10000,0x000000078ac00000)
  to   space 2048K, 0% used [0x000000078ac00000,0x000000078ac00000,0x000000078ae00000)
 ParOldGen       total 173568K, used 1208K [0x00000006c2800000, 0x00000006cd180000, 0x000000076b800000)
  object space 173568K, 0% used [0x00000006c2800000,0x00000006c292e050,0x00000006cd180000)
 Metaspace       used 7979K, capacity 8550K, committed 8704K, reserved 1056768K
  class space    used 642K, capacity 658K, committed 768K, reserved 1048576K
}
Event: 2.548 GC heap before
{Heap before GC invocations=18 (full 0):
 PSYoungGen      total 179712K, used 177728K [0x000000076b800000, 0x000000078ae00000, 0x00000007c0000000)
  eden space 177664K, 100% used [0x000000076b800000,0x0000000776580000,0x0000000776580000)
  from space 2048K, 3% used [0x000000078aa00000,0x000000078aa10000,0x000000078ac00000)
  to   space 2048K, 0% used [0x000000078ac00000,0x000000078ac00000,0x000000078ae00000)
 ParOldGen       total 173568K, used 1208K [0x00000006c2800000, 0x00000006cd180000, 0x000000076b800000)
  object space 173568K, 0% used [0x00000006c2800000,0x00000006c292e050,0x00000006cd180000)
 Metaspace       used 7979K, capacity 8550K, committed 8704K, reserved 1056768K
  class space    used 642K, capacity 658K, committed 768K, reserved 1048576K
Event: 2.548 GC heap after
Heap after GC invocations=18 (full 0):
 PSYoungGen      total 172032K, used 64K [0x000000076b800000, 0x000000078ac80000, 0x00000007c0000000)
  eden space 171520K, 0% used [0x000000076b800000,0x000000076b800000,0x0000000775f80000)
  from space 512K, 12% used [0x000000078ac00000,0x000000078ac10000,0x000000078ac80000)
  to   space 2048K, 0% used [0x000000078a880000,0x000000078a880000,0x000000078aa80000)
 ParOldGen       total 173568K, used 1208K [0x00000006c2800000, 0x00000006cd180000, 0x000000076b800000)
  object space 173568K, 0% used [0x00000006c2800000,0x00000006c292e050,0x00000006cd180000)
 Metaspace       used 7979K, capacity 8550K, committed 8704K, reserved 1056768K
  class space    used 642K, capacity 658K, committed 768K, reserved 1048576K
}
Event: 2.702 GC heap before
{Heap before GC invocations=19 (full 0):
 PSYoungGen      total 172032K, used 171584K [0x000000076b800000, 0x000000078ac80000, 0x00000007c0000000)
  eden space 171520K, 100% used [0x000000076b800000,0x0000000775f80000,0x0000000775f80000)
  from space 512K, 12% used [0x000000078ac00000,0x000000078ac10000,0x000000078ac80000)
  to   space 2048K, 0% used [0x000000078a880000,0x000000078a880000,0x000000078aa80000)
 ParOldGen       total 173568K, used 1208K [0x00000006c2800000, 0x00000006cd180000, 0x000000076b800000)
  object space 173568K, 0% used [0x00000006c2800000,0x00000006c292e050,0x00000006cd180000)
 Metaspace       used 7980K, capacity 8550K, committed 8704K, reserved 1056768K
  class space    used 642K, capacity 658K, committed 768K, reserved 1048576K
Event: 2.702 GC heap after
Heap after GC invocations=19 (full 0):
 PSYoungGen      total 167424K, used 64K [0x000000076b800000, 0x000000078ac80000, 0x00000007c0000000)
  eden space 165376K, 0% used [0x000000076b800000,0x000000076b800000,0x0000000775980000)
  from space 2048K, 3% used [0x000000078a880000,0x000000078a890000,0x000000078aa80000)
  to   space 2048K, 0% used [0x000000078aa80000,0x000000078aa80000,0x000000078ac80000)
 ParOldGen       total 173568K, used 1208K [0x00000006c2800000, 0x00000006cd180000, 0x000000076b800000)
  object space 173568K, 0% used [0x00000006c2800000,0x00000006c292e050,0x00000006cd180000)
 Metaspace       used 7980K, capacity 8550K, committed 8704K, reserved 1056768K
  class space    used 642K, capacity 658K, committed 768K, reserved 1048576K
}

