# JRE version: Java(TM) SE Runtime Environment (8.0_65-b17) (build 1.8.0_65-b17)
# Java VM: Java HotSpot(TM) 64-Bit Server VM (25.65-b01 mixed mode windows-amd64 compressed oops)
Heap:
 PSYoungGen      total 337920K, used 153488K [0x000000076b800000, 0x0000000784e00000, 0x00000007c0000000)
  eden space 335872K, 45% used [0x000000076b800000,0x0000000774dd41b0,0x0000000780000000)
  from space 2048K, 3% used [0x0000000784a00000,0x0000000784a10000,0x0000000784c00000)
  to   space 2048K, 0% used [0x0000000784c00000,0x0000000784c00000,0x0000000784e00000)
 ParOldGen       total 173568K, used 1268K [0x00000006c2800000, 0x00000006cd180000, 0x000000076b800000)
  object space 173568K, 0% used [0x00000006c2800000,0x00000006c293d060,0x00000006cd180000)
 Metaspace       used 7979K, capacity 8486K, committed 8704K, reserved 1056768K
  class space    used 642K, capacity 658K, committed 768K, reserved 1048576K
GC Heap History (10 events):
Event: 1.348 GC heap before
{Heap before GC invocations=11 (full 0):
 PSYoungGen      total 417792K, used 416448K [0x000000076b800000, 0x0000000785180000, 0x00000007c0000000)
  eden space 416256K, 100% used [0x000000076b800000,0x0000000784e80000,0x0000000784e80000)
  from space 1536K, 12% used [0x0000000785000000,0x0000000785030000,0x0000000785180000)
  to   space 1536K, 0% used [0x0000000784e80000,0x0000000784e80000,0x0000000785000000)
 ParOldGen       total 173568K, used 1084K [0x00000006c2800000, 0x00000006cd180000, 0x000000076b800000)
  object space 173568K, 0% used [0x00000006c2800000,0x00000006c290f060,0x00000006cd180000)
 Metaspace       used 7978K, capacity 8486K, committed 8704K, reserved 1056768K
  class space    used 642K, capacity 658K, committed 768K, reserved 1048576K
Event: 1.349 GC heap after
Heap after GC invocations=11 (full 0):
 PSYoungGen      total 398848K, used 96K [0x000000076b800000, 0x0000000785080000, 0x00000007c0000000)
  eden space 398336K, 0% used [0x000000076b800000,0x000000076b800000,0x0000000783d00000)
  from space 512K, 18% used [0x0000000784e80000,0x0000000784e98000,0x0000000784f00000)
  to   space 1536K, 0% used [0x0000000784f00000,0x0000000784f00000,0x0000000785080000)
 ParOldGen       total 173568K, used 1260K [0x00000006c2800000, 0x00000006cd180000, 0x000000076b800000)
  object space 173568K, 0% used [0x00000006c2800000,0x00000006c293b060,0x00000006cd180000)
 Metaspace       used 7978K, capacity 8486K, committed 8704K, reserved 1056768K
  class space    used 642K, capacity 658K, committed 768K, reserved 1048576K
}
Event: 1.533 GC heap before
{Heap before GC invocations=12 (full 0):
 PSYoungGen      total 398848K, used 398432K [0x000000076b800000, 0x0000000785080000, 0x00000007c0000000)
  eden space 398336K, 100% used [0x000000076b800000,0x0000000783d00000,0x0000000783d00000)
  from space 512K, 18% used [0x0000000784e80000,0x0000000784e98000,0x0000000784f00000)
  to   space 1536K, 0% used [0x0000000784f00000,0x0000000784f00000,0x0000000785080000)
 ParOldGen       total 173568K, used 1260K [0x00000006c2800000, 0x00000006cd180000, 0x000000076b800000)
  object space 173568K, 0% used [0x00000006c2800000,0x00000006c293b060,0x00000006cd180000)
 Metaspace       used 7978K, capacity 8486K, committed 8704K, reserved 1056768K
  class space    used 642K, capacity 658K, committed 768K, reserved 1048576K
Event: 1.534 GC heap after
Heap after GC invocations=12 (full 0):
 PSYoungGen      total 381952K, used 64K [0x000000076b800000, 0x0000000784f80000, 0x00000007c0000000)
  eden space 381440K, 0% used [0x000000076b800000,0x000000076b800000,0x0000000782c80000)
  from space 512K, 12% used [0x0000000784f00000,0x0000000784f10000,0x0000000784f80000)
  to   space 2048K, 0% used [0x0000000784b80000,0x0000000784b80000,0x0000000784d80000)
 ParOldGen       total 173568K, used 1268K [0x00000006c2800000, 0x00000006cd180000, 0x000000076b800000)
  object space 173568K, 0% used [0x00000006c2800000,0x00000006c293d060,0x00000006cd180000)
 Metaspace       used 7978K, capacity 8486K, committed 8704K, reserved 1056768K
  class space    used 642K, capacity 658K, committed 768K, reserved 1048576K
}
Event: 1.743 GC heap before
{Heap before GC invocations=13 (full 0):
 PSYoungGen      total 381952K, used 381504K [0x000000076b800000, 0x0000000784f80000, 0x00000007c0000000)
  eden space 381440K, 100% used [0x000000076b800000,0x0000000782c80000,0x0000000782c80000)
  from space 512K, 12% used [0x0000000784f00000,0x0000000784f10000,0x0000000784f80000)
  to   space 2048K, 0% used [0x0000000784b80000,0x0000000784b80000,0x0000000784d80000)
 ParOldGen       total 173568K, used 1268K [0x00000006c2800000, 0x00000006cd180000, 0x000000076b800000)
  object space 173568K, 0% used [0x00000006c2800000,0x00000006c293d060,0x00000006cd180000)
 Metaspace       used 7978K, capacity 8486K, committed 8704K, reserved 1056768K
  class space    used 642K, capacity 658K, committed 768K, reserved 1048576K
Event: 1.743 GC heap after
Heap after GC invocations=13 (full 0):
 PSYoungGen      total 367616K, used 64K [0x000000076b800000, 0x0000000784f80000, 0x00000007c0000000)
  eden space 365568K, 0% used [0x000000076b800000,0x000000076b800000,0x0000000781d00000)
  from space 2048K, 3% used [0x0000000784b80000,0x0000000784b90000,0x0000000784d80000)
  to   space 2048K, 0% used [0x0000000784d80000,0x0000000784d80000,0x0000000784f80000)
 ParOldGen       total 173568K, used 1268K [0x00000006c2800000, 0x00000006cd180000, 0x000000076b800000)
  object space 173568K, 0% used [0x00000006c2800000,0x00000006c293d060,0x00000006cd180000)
 Metaspace       used 7978K, capacity 8486K, committed 8704K, reserved 1056768K
  class space    used 642K, capacity 658K, committed 768K, reserved 1048576K
}
Event: 1.927 GC heap before
{Heap before GC invocations=14 (full 0):
 PSYoungGen      total 367616K, used 365632K [0x000000076b800000, 0x0000000784f80000, 0x00000007c0000000)
  eden space 365568K, 100% used [0x000000076b800000,0x0000000781d00000,0x0000000781d00000)
  from space 2048K, 3% used [0x0000000784b80000,0x0000000784b90000,0x0000000784d80000)
  to   space 2048K, 0% used [0x0000000784d80000,0x0000000784d80000,0x0000000784f80000)
 ParOldGen       total 173568K, used 1268K [0x00000006c2800000, 0x00000006cd180000, 0x000000076b800000)
  object space 173568K, 0% used [0x00000006c2800000,0x00000006c293d060,0x00000006cd180000)
 Metaspace       used 7978K, capacity 8486K, committed 8704K, reserved 1056768K
  class space    used 642K, capacity 658K, committed 768K, reserved 1048576K
Event: 1.928 GC heap after
Heap after GC invocations=14 (full 0):
 PSYoungGen      total 350720K, used 64K [0x000000076b800000, 0x0000000784e00000, 0x00000007c0000000)
  eden space 350208K, 0% used [0x000000076b800000,0x000000076b800000,0x0000000780e00000)
  from space 512K, 12% used [0x0000000784d80000,0x0000000784d90000,0x0000000784e00000)
  to   space 2048K, 0% used [0x0000000784a00000,0x0000000784a00000,0x0000000784c00000)
 ParOldGen       total 173568K, used 1268K [0x00000006c2800000, 0x00000006cd180000, 0x000000076b800000)
  object space 173568K, 0% used [0x00000006c2800000,0x00000006c293d060,0x00000006cd180000)
 Metaspace       used 7978K, capacity 8486K, committed 8704K, reserved 1056768K
  class space    used 642K, capacity 658K, committed 768K, reserved 1048576K
}
Event: 2.122 GC heap before
{Heap before GC invocations=15 (full 0):
 PSYoungGen      total 350720K, used 350272K [0x000000076b800000, 0x0000000784e00000, 0x00000007c0000000)
  eden space 350208K, 100% used [0x000000076b800000,0x0000000780e00000,0x0000000780e00000)
  from space 512K, 12% used [0x0000000784d80000,0x0000000784d90000,0x0000000784e00000)
  to   space 2048K, 0% used [0x0000000784a00000,0x0000000784a00000,0x0000000784c00000)
 ParOldGen       total 173568K, used 1268K [0x00000006c2800000, 0x00000006cd180000, 0x000000076b800000)
  object space 173568K, 0% used [0x00000006c2800000,0x00000006c293d060,0x00000006cd180000)
 Metaspace       used 7978K, capacity 8486K, committed 8704K, reserved 1056768K
  class space    used 642K, capacity 658K, committed 768K, reserved 1048576K
Event: 2.123 GC heap after
Heap after GC invocations=15 (full 0):
 PSYoungGen      total 337920K, used 64K [0x000000076b800000, 0x0000000784e00000, 0x00000007c0000000)
  eden space 335872K, 0% used [0x000000076b800000,0x000000076b800000,0x0000000780000000)
  from space 2048K, 3% used [0x0000000784a00000,0x0000000784a10000,0x0000000784c00000)
  to   space 2048K, 0% used [0x0000000784c00000,0x0000000784c00000,0x0000000784e00000)
 ParOldGen       total 173568K, used 1268K [0x00000006c2800000, 0x00000006cd180000, 0x000000076b800000)
  object space 173568K, 0% used [0x00000006c2800000,0x00000006c293d060,0x00000006cd180000)
 Metaspace       used 7978K, capacity 8486K, committed 8704K, reserved 1056768K
  class space    used 642K, capacity 658K, committed 768K, reserved 1048576K
}

