# JRE version: Java(TM) SE Runtime Environment (8.0_65-b17) (build 1.8.0_65-b17)
# Java VM: Java HotSpot(TM) 64-Bit Server VM (25.65-b01 mixed mode windows-amd64 compressed oops)
Heap:
 PSYoungGen      total 292352K, used 214650K [0x000000076b800000, 0x00000007b7e00000, 0x00000007c0000000)
  eden space 291840K, 73% used [0x000000076b800000,0x0000000778966960,0x000000077d500000)
  from space 512K, 43% used [0x00000007b7d80000,0x00000007b7db8000,0x00000007b7e00000)
  to   space 2048K, 0% used [0x00000007b7a00000,0x00000007b7a00000,0x00000007b7c00000)
 ParOldGen       total 173568K, used 30940K [0x00000006c2800000, 0x00000006cd180000, 0x000000076b800000)
  object space 173568K, 17% used [0x00000006c2800000,0x00000006c4637060,0x00000006cd180000)
 Metaspace       used 8365K, capacity 8710K, committed 8960K, reserved 1056768K
  class space    used 659K, capacity 690K, committed 768K, reserved 1048576K
GC Heap History (10 events):
Event: 21.685 GC heap before
{Heap before GC invocations=42 (full 0):
 PSYoungGen      total 363008K, used 359648K [0x000000076b800000, 0x00000007b8480000, 0x00000007c0000000)
  eden space 359424K, 100% used [0x000000076b800000,0x0000000781700000,0x0000000781700000)
  from space 3584K, 6% used [0x00000007b7d80000,0x00000007b7db8000,0x00000007b8100000)
  to   space 3072K, 0% used [0x00000007b8180000,0x00000007b8180000,0x00000007b8480000)
 ParOldGen       total 173568K, used 30940K [0x00000006c2800000, 0x00000006cd180000, 0x000000076b800000)
  object space 173568K, 17% used [0x00000006c2800000,0x00000006c4637060,0x00000006cd180000)
 Metaspace       used 8364K, capacity 8710K, committed 8960K, reserved 1056768K
  class space    used 659K, capacity 690K, committed 768K, reserved 1048576K
Event: 21.686 GC heap after
Heap after GC invocations=42 (full 0):
 PSYoungGen      total 345088K, used 224K [0x000000076b800000, 0x00000007b8200000, 0x00000007c0000000)
  eden space 344576K, 0% used [0x000000076b800000,0x000000076b800000,0x0000000780880000)
  from space 512K, 43% used [0x00000007b8180000,0x00000007b81b8000,0x00000007b8200000)
  to   space 3072K, 0% used [0x00000007b7c00000,0x00000007b7c00000,0x00000007b7f00000)
 ParOldGen       total 173568K, used 30940K [0x00000006c2800000, 0x00000006cd180000, 0x000000076b800000)
  object space 173568K, 17% used [0x00000006c2800000,0x00000006c4637060,0x00000006cd180000)
 Metaspace       used 8364K, capacity 8710K, committed 8960K, reserved 1056768K
  class space    used 659K, capacity 690K, committed 768K, reserved 1048576K
}
Event: 22.055 GC heap before
{Heap before GC invocations=43 (full 0):
 PSYoungGen      total 345088K, used 344800K [0x000000076b800000, 0x00000007b8200000, 0x00000007c0000000)
  eden space 344576K, 100% used [0x000000076b800000,0x0000000780880000,0x0000000780880000)
  from space 512K, 43% used [0x00000007b8180000,0x00000007b81b8000,0x00000007b8200000)
  to   space 3072K, 0% used [0x00000007b7c00000,0x00000007b7c00000,0x00000007b7f00000)
 ParOldGen       total 173568K, used 30940K [0x00000006c2800000, 0x00000006cd180000, 0x000000076b800000)
  object space 173568K, 17% used [0x00000006c2800000,0x00000006c4637060,0x00000006cd180000)
 Metaspace       used 8364K, capacity 8710K, committed 8960K, reserved 1056768K
  class space    used 659K, capacity 690K, committed 768K, reserved 1048576K
Event: 22.056 GC heap after
Heap after GC invocations=43 (full 0):
 PSYoungGen      total 333312K, used 224K [0x000000076b800000, 0x00000007b8200000, 0x00000007c0000000)
  eden space 330240K, 0% used [0x000000076b800000,0x000000076b800000,0x000000077fa80000)
  from space 3072K, 7% used [0x00000007b7c00000,0x00000007b7c38000,0x00000007b7f00000)
  to   space 2560K, 0% used [0x00000007b7f80000,0x00000007b7f80000,0x00000007b8200000)
 ParOldGen       total 173568K, used 30940K [0x00000006c2800000, 0x00000006cd180000, 0x000000076b800000)
  object space 173568K, 17% used [0x00000006c2800000,0x00000006c4637060,0x00000006cd180000)
 Metaspace       used 8364K, capacity 8710K, committed 8960K, reserved 1056768K
  class space    used 659K, capacity 690K, committed 768K, reserved 1048576K
}
Event: 22.302 GC heap before
{Heap before GC invocations=44 (full 0):
 PSYoungGen      total 333312K, used 330464K [0x000000076b800000, 0x00000007b8200000, 0x00000007c0000000)
  eden space 330240K, 100% used [0x000000076b800000,0x000000077fa80000,0x000000077fa80000)
  from space 3072K, 7% used [0x00000007b7c00000,0x00000007b7c38000,0x00000007b7f00000)
  to   space 2560K, 0% used [0x00000007b7f80000,0x00000007b7f80000,0x00000007b8200000)
 ParOldGen       total 173568K, used 30940K [0x00000006c2800000, 0x00000006cd180000, 0x000000076b800000)
  object space 173568K, 17% used [0x00000006c2800000,0x00000006c4637060,0x00000006cd180000)
 Metaspace       used 8364K, capacity 8710K, committed 8960K, reserved 1056768K
  class space    used 659K, capacity 690K, committed 768K, reserved 1048576K
Event: 22.303 GC heap after
Heap after GC invocations=44 (full 0):
 PSYoungGen      total 317440K, used 224K [0x000000076b800000, 0x00000007b8000000, 0x00000007c0000000)
  eden space 316928K, 0% used [0x000000076b800000,0x000000076b800000,0x000000077ed80000)
  from space 512K, 43% used [0x00000007b7f80000,0x00000007b7fb8000,0x00000007b8000000)
  to   space 2560K, 0% used [0x00000007b7b00000,0x00000007b7b00000,0x00000007b7d80000)
 ParOldGen       total 173568K, used 30940K [0x00000006c2800000, 0x00000006cd180000, 0x000000076b800000)
  object space 173568K, 17% used [0x00000006c2800000,0x00000006c4637060,0x00000006cd180000)
 Metaspace       used 8364K, capacity 8710K, committed 8960K, reserved 1056768K
  class space    used 659K, capacity 690K, committed 768K, reserved 1048576K
}
Event: 22.589 GC heap before
{Heap before GC invocations=45 (full 0):
 PSYoungGen      total 317440K, used 317152K [0x000000076b800000, 0x00000007b8000000, 0x00000007c0000000)
  eden space 316928K, 100% used [0x000000076b800000,0x000000077ed80000,0x000000077ed80000)
  from space 512K, 43% used [0x00000007b7f80000,0x00000007b7fb8000,0x00000007b8000000)
  to   space 2560K, 0% used [0x00000007b7b00000,0x00000007b7b00000,0x00000007b7d80000)
 ParOldGen       total 173568K, used 30940K [0x00000006c2800000, 0x00000006cd180000, 0x000000076b800000)
  object space 173568K, 17% used [0x00000006c2800000,0x00000006c4637060,0x00000006cd180000)
 Metaspace       used 8364K, capacity 8710K, committed 8960K, reserved 1056768K
  class space    used 659K, capacity 690K, committed 768K, reserved 1048576K
Event: 22.589 GC heap after
Heap after GC invocations=45 (full 0):
 PSYoungGen      total 306688K, used 224K [0x000000076b800000, 0x00000007b8000000, 0x00000007c0000000)
  eden space 304128K, 0% used [0x000000076b800000,0x000000076b800000,0x000000077e100000)
  from space 2560K, 8% used [0x00000007b7b00000,0x00000007b7b38000,0x00000007b7d80000)
  to   space 2560K, 0% used [0x00000007b7d80000,0x00000007b7d80000,0x00000007b8000000)
 ParOldGen       total 173568K, used 30940K [0x00000006c2800000, 0x00000006cd180000, 0x000000076b800000)
  object space 173568K, 17% used [0x00000006c2800000,0x00000006c4637060,0x00000006cd180000)
 Metaspace       used 8364K, capacity 8710K, committed 8960K, reserved 1056768K
  class space    used 659K, capacity 690K, committed 768K, reserved 1048576K
}
Event: 22.865 GC heap before
{Heap before GC invocations=46 (full 0):
 PSYoungGen      total 306688K, used 304352K [0x000000076b800000, 0x00000007b8000000, 0x00000007c0000000)
  eden space 304128K, 100% used [0x000000076b800000,0x000000077e100000,0x000000077e100000)
  from space 2560K, 8% used [0x00000007b7b00000,0x00000007b7b38000,0x00000007b7d80000)
  to   space 2560K, 0% used [0x00000007b7d80000,0x00000007b7d80000,0x00000007b8000000)
 ParOldGen       total 173568K, used 30940K [0x00000006c2800000, 0x00000006cd180000, 0x000000076b800000)
  object space 173568K, 17% used [0x00000006c2800000,0x00000006c4637060,0x00000006cd180000)
 Metaspace       used 8364K, capacity 8710K, committed 8960K, reserved 1056768K
  class space    used 659K, capacity 690K, committed 768K, reserved 1048576K
Event: 22.866 GC heap after
Heap after GC invocations=46 (full 0):
 PSYoungGen      total 292352K, used 224K [0x000000076b800000, 0x00000007b7e00000, 0x00000007c0000000)
  eden space 291840K, 0% used [0x000000076b800000,0x000000076b800000,0x000000077d500000)
  from space 512K, 43% used [0x00000007b7d80000,0x00000007b7db8000,0x00000007b7e00000)
  to   space 2048K, 0% used [0x00000007b7a00000,0x00000007b7a00000,0x00000007b7c00000)
 ParOldGen       total 173568K, used 30940K [0x00000006c2800000, 0x00000006cd180000, 0x000000076b800000)
  object space 173568K, 17% used [0x00000006c2800000,0x00000006c4637060,0x00000006cd180000)
 Metaspace       used 8364K, capacity 8710K, committed 8960K, reserved 1056768K
  class space    used 659K, capacity 690K, committed 768K, reserved 1048576K
}

