# JRE version: Java(TM) SE Runtime Environment (8.0_65-b17) (build 1.8.0_65-b17)
# Java VM: Java HotSpot(TM) 64-Bit Server VM (25.65-b01 mixed mode windows-amd64 compressed oops)
Heap:
 PSYoungGen      total 164352K, used 148683K [0x000000076b800000, 0x00000007b8400000, 0x00000007c0000000)
  eden space 163840K, 90% used [0x000000076b800000,0x0000000774902c38,0x0000000775800000)
  from space 512K, 37% used [0x00000007b8380000,0x00000007b83b0000,0x00000007b8400000)
  to   space 512K, 0% used [0x00000007b8300000,0x00000007b8300000,0x00000007b8380000)
 ParOldGen       total 173568K, used 17033K [0x00000006c2800000, 0x00000006cd180000, 0x000000076b800000)
  object space 173568K, 9% used [0x00000006c2800000,0x00000006c38a2628,0x00000006cd180000)
 Metaspace       used 8385K, capacity 8710K, committed 8960K, reserved 1056768K
  class space    used 659K, capacity 690K, committed 768K, reserved 1048576K
GC Heap History (10 events):
Event: 13.056 GC heap before
{Heap before GC invocations=56 (full 0):
 PSYoungGen      total 197632K, used 196832K [0x000000076b800000, 0x00000007b8500000, 0x00000007c0000000)
  eden space 196608K, 100% used [0x000000076b800000,0x0000000777800000,0x0000000777800000)
  from space 1024K, 21% used [0x00000007b8300000,0x00000007b8338000,0x00000007b8400000)
  to   space 1024K, 0% used [0x00000007b8400000,0x00000007b8400000,0x00000007b8500000)
 ParOldGen       total 173568K, used 17009K [0x00000006c2800000, 0x00000006cd180000, 0x000000076b800000)
  object space 173568K, 9% used [0x00000006c2800000,0x00000006c389c628,0x00000006cd180000)
 Metaspace       used 8385K, capacity 8710K, committed 8960K, reserved 1056768K
  class space    used 659K, capacity 690K, committed 768K, reserved 1048576K
Event: 13.056 GC heap after
Heap after GC invocations=56 (full 0):
 PSYoungGen      total 189952K, used 224K [0x000000076b800000, 0x00000007b8480000, 0x00000007c0000000)
  eden space 189440K, 0% used [0x000000076b800000,0x000000076b800000,0x0000000777100000)
  from space 512K, 43% used [0x00000007b8400000,0x00000007b8438000,0x00000007b8480000)
  to   space 1024K, 0% used [0x00000007b8280000,0x00000007b8280000,0x00000007b8380000)
 ParOldGen       total 173568K, used 17009K [0x00000006c2800000, 0x00000006cd180000, 0x000000076b800000)
  object space 173568K, 9% used [0x00000006c2800000,0x00000006c389c628,0x00000006cd180000)
 Metaspace       used 8385K, capacity 8710K, committed 8960K, reserved 1056768K
  class space    used 659K, capacity 690K, committed 768K, reserved 1048576K
}
Event: 13.136 GC heap before
{Heap before GC invocations=57 (full 0):
 PSYoungGen      total 189952K, used 189664K [0x000000076b800000, 0x00000007b8480000, 0x00000007c0000000)
  eden space 189440K, 100% used [0x000000076b800000,0x0000000777100000,0x0000000777100000)
  from space 512K, 43% used [0x00000007b8400000,0x00000007b8438000,0x00000007b8480000)
  to   space 1024K, 0% used [0x00000007b8280000,0x00000007b8280000,0x00000007b8380000)
 ParOldGen       total 173568K, used 17009K [0x00000006c2800000, 0x00000006cd180000, 0x000000076b800000)
  object space 173568K, 9% used [0x00000006c2800000,0x00000006c389c628,0x00000006cd180000)
 Metaspace       used 8385K, capacity 8710K, committed 8960K, reserved 1056768K
  class space    used 659K, capacity 690K, committed 768K, reserved 1048576K
Event: 13.136 GC heap after
Heap after GC invocations=57 (full 0):
 PSYoungGen      total 183808K, used 224K [0x000000076b800000, 0x00000007b8480000, 0x00000007c0000000)
  eden space 182784K, 0% used [0x000000076b800000,0x000000076b800000,0x0000000776a80000)
  from space 1024K, 21% used [0x00000007b8280000,0x00000007b82b8000,0x00000007b8380000)
  to   space 1024K, 0% used [0x00000007b8380000,0x00000007b8380000,0x00000007b8480000)
 ParOldGen       total 173568K, used 17009K [0x00000006c2800000, 0x00000006cd180000, 0x000000076b800000)
  object space 173568K, 9% used [0x00000006c2800000,0x00000006c389c628,0x00000006cd180000)
 Metaspace       used 8385K, capacity 8710K, committed 8960K, reserved 1056768K
  class space    used 659K, capacity 690K, committed 768K, reserved 1048576K
}
Event: 13.217 GC heap before
{Heap before GC invocations=58 (full 0):
 PSYoungGen      total 183808K, used 183008K [0x000000076b800000, 0x00000007b8480000, 0x00000007c0000000)
  eden space 182784K, 100% used [0x000000076b800000,0x0000000776a80000,0x0000000776a80000)
  from space 1024K, 21% used [0x00000007b8280000,0x00000007b82b8000,0x00000007b8380000)
  to   space 1024K, 0% used [0x00000007b8380000,0x00000007b8380000,0x00000007b8480000)
 ParOldGen       total 173568K, used 17009K [0x00000006c2800000, 0x00000006cd180000, 0x000000076b800000)
  object space 173568K, 9% used [0x00000006c2800000,0x00000006c389c628,0x00000006cd180000)
 Metaspace       used 8385K, capacity 8710K, committed 8960K, reserved 1056768K
  class space    used 659K, capacity 690K, committed 768K, reserved 1048576K
Event: 13.218 GC heap after
Heap after GC invocations=58 (full 0):
 PSYoungGen      total 176640K, used 224K [0x000000076b800000, 0x00000007b8400000, 0x00000007c0000000)
  eden space 176128K, 0% used [0x000000076b800000,0x000000076b800000,0x0000000776400000)
  from space 512K, 43% used [0x00000007b8380000,0x00000007b83b8000,0x00000007b8400000)
  to   space 512K, 0% used [0x00000007b8300000,0x00000007b8300000,0x00000007b8380000)
 ParOldGen       total 173568K, used 17009K [0x00000006c2800000, 0x00000006cd180000, 0x000000076b800000)
  object space 173568K, 9% used [0x00000006c2800000,0x00000006c389c628,0x00000006cd180000)
 Metaspace       used 8385K, capacity 8710K, committed 8960K, reserved 1056768K
  class space    used 659K, capacity 690K, committed 768K, reserved 1048576K
}
Event: 13.296 GC heap before
{Heap before GC invocations=59 (full 0):
 PSYoungGen      total 176640K, used 176352K [0x000000076b800000, 0x00000007b8400000, 0x00000007c0000000)
  eden space 176128K, 100% used [0x000000076b800000,0x0000000776400000,0x0000000776400000)
  from space 512K, 43% used [0x00000007b8380000,0x00000007b83b8000,0x00000007b8400000)
  to   space 512K, 0% used [0x00000007b8300000,0x00000007b8300000,0x00000007b8380000)
 ParOldGen       total 173568K, used 17009K [0x00000006c2800000, 0x00000006cd180000, 0x000000076b800000)
  object space 173568K, 9% used [0x00000006c2800000,0x00000006c389c628,0x00000006cd180000)
 Metaspace       used 8385K, capacity 8710K, committed 8960K, reserved 1056768K
  class space    used 659K, capacity 690K, committed 768K, reserved 1048576K
Event: 13.296 GC heap after
Heap after GC invocations=59 (full 0):
 PSYoungGen      total 170496K, used 224K [0x000000076b800000, 0x00000007b8400000, 0x00000007c0000000)
  eden space 169984K, 0% used [0x000000076b800000,0x000000076b800000,0x0000000775e00000)
  from space 512K, 43% used [0x00000007b8300000,0x00000007b8338000,0x00000007b8380000)
  to   space 512K, 0% used [0x00000007b8380000,0x00000007b8380000,0x00000007b8400000)
 ParOldGen       total 173568K, used 17009K [0x00000006c2800000, 0x00000006cd180000, 0x000000076b800000)
  object space 173568K, 9% used [0x00000006c2800000,0x00000006c389c628,0x00000006cd180000)
 Metaspace       used 8385K, capacity 8710K, committed 8960K, reserved 1056768K
  class space    used 659K, capacity 690K, committed 768K, reserved 1048576K
}
Event: 13.366 GC heap before
{Heap before GC invocations=60 (full 0):
 PSYoungGen      total 170496K, used 170208K [0x000000076b800000, 0x00000007b8400000, 0x00000007c0000000)
  eden space 169984K, 100% used [0x000000076b800000,0x0000000775e00000,0x0000000775e00000)
  from space 512K, 43% used [0x00000007b8300000,0x00000007b8338000,0x00000007b8380000)
  to   space 512K, 0% used [0x00000007b8380000,0x00000007b8380000,0x00000007b8400000)
 ParOldGen       total 173568K, used 17009K [0x00000006c2800000, 0x00000006cd180000, 0x000000076b800000)
  object space 173568K, 9% used [0x00000006c2800000,0x00000006c389c628,0x00000006cd180000)
 Metaspace       used 8385K, capacity 8710K, committed 8960K, reserved 1056768K
  class space    used 659K, capacity 690K, committed 768K, reserved 1048576K
Event: 13.367 GC heap after
Heap after GC invocations=60 (full 0):
 PSYoungGen      total 164352K, used 192K [0x000000076b800000, 0x00000007b8400000, 0x00000007c0000000)
  eden space 163840K, 0% used [0x000000076b800000,0x000000076b800000,0x0000000775800000)
  from space 512K, 37% used [0x00000007b8380000,0x00000007b83b0000,0x00000007b8400000)
  to   space 512K, 0% used [0x00000007b8300000,0x00000007b8300000,0x00000007b8380000)
 ParOldGen       total 173568K, used 17033K [0x00000006c2800000, 0x00000006cd180000, 0x000000076b800000)
  object space 173568K, 9% used [0x00000006c2800000,0x00000006c38a2628,0x00000006cd180000)
 Metaspace       used 8385K, capacity 8710K, committed 8960K, reserved 1056768K
  class space    used 659K, capacity 690K, committed 768K, reserved 1048576K
}

