# JRE version: Java(TM) SE Runtime Environment (8.0_65-b17) (build 1.8.0_65-b17)
# Java VM: Java HotSpot(TM) 64-Bit Server VM (25.65-b01 mixed mode windows-amd64 compressed oops)
Heap:
 PSYoungGen      total 530944K, used 284661K [0x000000076b800000, 0x0000000793b00000, 0x00000007c0000000)
  eden space 526336K, 54% used [0x000000076b800000,0x000000077cdcd770,0x000000078ba00000)
  from space 4608K, 4% used [0x0000000793200000,0x0000000793230000,0x0000000793680000)
  to   space 4608K, 0% used [0x0000000793680000,0x0000000793680000,0x0000000793b00000)
 ParOldGen       total 173568K, used 10037K [0x00000006c2800000, 0x00000006cd180000, 0x000000076b800000)
  object space 173568K, 5% used [0x00000006c2800000,0x00000006c31cd498,0x00000006cd180000)
 Metaspace       used 8275K, capacity 8646K, committed 8960K, reserved 1056768K
  class space    used 655K, capacity 690K, committed 768K, reserved 1048576K
GC Heap History (10 events):
Event: 2.541 GC heap before
{Heap before GC invocations=13 (full 0):
 PSYoungGen      total 666624K, used 661632K [0x000000076b800000, 0x0000000794800000, 0x00000007c0000000)
  eden space 661504K, 100% used [0x000000076b800000,0x0000000793e00000,0x0000000793e00000)
  from space 5120K, 2% used [0x0000000794300000,0x0000000794320000,0x0000000794800000)
  to   space 5120K, 0% used [0x0000000793e00000,0x0000000793e00000,0x0000000794300000)
 ParOldGen       total 173568K, used 9957K [0x00000006c2800000, 0x00000006cd180000, 0x000000076b800000)
  object space 173568K, 5% used [0x00000006c2800000,0x00000006c31b9498,0x00000006cd180000)
 Metaspace       used 8245K, capacity 8646K, committed 8960K, reserved 1056768K
  class space    used 655K, capacity 690K, committed 768K, reserved 1048576K
Event: 2.541 GC heap after
Heap after GC invocations=13 (full 0):
 PSYoungGen      total 632320K, used 224K [0x000000076b800000, 0x0000000794380000, 0x00000007c0000000)
  eden space 631808K, 0% used [0x000000076b800000,0x000000076b800000,0x0000000792100000)
  from space 512K, 43% used [0x0000000793e00000,0x0000000793e38000,0x0000000793e80000)
  to   space 5120K, 0% used [0x0000000793e80000,0x0000000793e80000,0x0000000794380000)
 ParOldGen       total 173568K, used 9989K [0x00000006c2800000, 0x00000006cd180000, 0x000000076b800000)
  object space 173568K, 5% used [0x00000006c2800000,0x00000006c31c1498,0x00000006cd180000)
 Metaspace       used 8245K, capacity 8646K, committed 8960K, reserved 1056768K
  class space    used 655K, capacity 690K, committed 768K, reserved 1048576K
}
Event: 2.987 GC heap before
{Heap before GC invocations=14 (full 0):
 PSYoungGen      total 632320K, used 632032K [0x000000076b800000, 0x0000000794380000, 0x00000007c0000000)
  eden space 631808K, 100% used [0x000000076b800000,0x0000000792100000,0x0000000792100000)
  from space 512K, 43% used [0x0000000793e00000,0x0000000793e38000,0x0000000793e80000)
  to   space 5120K, 0% used [0x0000000793e80000,0x0000000793e80000,0x0000000794380000)
 ParOldGen       total 173568K, used 9989K [0x00000006c2800000, 0x00000006cd180000, 0x000000076b800000)
  object space 173568K, 5% used [0x00000006c2800000,0x00000006c31c1498,0x00000006cd180000)
 Metaspace       used 8247K, capacity 8646K, committed 8960K, reserved 1056768K
  class space    used 655K, capacity 690K, committed 768K, reserved 1048576K
Event: 2.988 GC heap after
Heap after GC invocations=14 (full 0):
 PSYoungGen      total 604160K, used 160K [0x000000076b800000, 0x0000000793f00000, 0x00000007c0000000)
  eden space 603648K, 0% used [0x000000076b800000,0x000000076b800000,0x0000000790580000)
  from space 512K, 31% used [0x0000000793e80000,0x0000000793ea8000,0x0000000793f00000)
  to   space 5120K, 0% used [0x0000000793500000,0x0000000793500000,0x0000000793a00000)
 ParOldGen       total 173568K, used 9997K [0x00000006c2800000, 0x00000006cd180000, 0x000000076b800000)
  object space 173568K, 5% used [0x00000006c2800000,0x00000006c31c3498,0x00000006cd180000)
 Metaspace       used 8247K, capacity 8646K, committed 8960K, reserved 1056768K
  class space    used 655K, capacity 690K, committed 768K, reserved 1048576K
}
Event: 3.435 GC heap before
{Heap before GC invocations=15 (full 0):
 PSYoungGen      total 604160K, used 603808K [0x000000076b800000, 0x0000000793f00000, 0x00000007c0000000)
  eden space 603648K, 100% used [0x000000076b800000,0x0000000790580000,0x0000000790580000)
  from space 512K, 31% used [0x0000000793e80000,0x0000000793ea8000,0x0000000793f00000)
  to   space 5120K, 0% used [0x0000000793500000,0x0000000793500000,0x0000000793a00000)
 ParOldGen       total 173568K, used 9997K [0x00000006c2800000, 0x00000006cd180000, 0x000000076b800000)
  object space 173568K, 5% used [0x00000006c2800000,0x00000006c31c3498,0x00000006cd180000)
 Metaspace       used 8265K, capacity 8646K, committed 8960K, reserved 1056768K
  class space    used 655K, capacity 690K, committed 768K, reserved 1048576K
Event: 3.436 GC heap after
Heap after GC invocations=15 (full 0):
 PSYoungGen      total 581632K, used 160K [0x000000076b800000, 0x0000000793f00000, 0x00000007c0000000)
  eden space 576512K, 0% used [0x000000076b800000,0x000000076b800000,0x000000078eb00000)
  from space 5120K, 3% used [0x0000000793500000,0x0000000793528000,0x0000000793a00000)
  to   space 4608K, 0% used [0x0000000793a80000,0x0000000793a80000,0x0000000793f00000)
 ParOldGen       total 173568K, used 9997K [0x00000006c2800000, 0x00000006cd180000, 0x000000076b800000)
  object space 173568K, 5% used [0x00000006c2800000,0x00000006c31c3498,0x00000006cd180000)
 Metaspace       used 8265K, capacity 8646K, committed 8960K, reserved 1056768K
  class space    used 655K, capacity 690K, committed 768K, reserved 1048576K
}
Event: 3.956 GC heap before
{Heap before GC invocations=16 (full 0):
 PSYoungGen      total 581632K, used 576672K [0x000000076b800000, 0x0000000793f00000, 0x00000007c0000000)
  eden space 576512K, 100% used [0x000000076b800000,0x000000078eb00000,0x000000078eb00000)
  from space 5120K, 3% used [0x0000000793500000,0x0000000793528000,0x0000000793a00000)
  to   space 4608K, 0% used [0x0000000793a80000,0x0000000793a80000,0x0000000793f00000)
 ParOldGen       total 173568K, used 9997K [0x00000006c2800000, 0x00000006cd180000, 0x000000076b800000)
  object space 173568K, 5% used [0x00000006c2800000,0x00000006c31c3498,0x00000006cd180000)
 Metaspace       used 8275K, capacity 8646K, committed 8960K, reserved 1056768K
  class space    used 655K, capacity 690K, committed 768K, reserved 1048576K
Event: 3.957 GC heap after
Heap after GC invocations=16 (full 0):
 PSYoungGen      total 551424K, used 128K [0x000000076b800000, 0x0000000793b00000, 0x00000007c0000000)
  eden space 550912K, 0% used [0x000000076b800000,0x000000076b800000,0x000000078d200000)
  from space 512K, 25% used [0x0000000793a80000,0x0000000793aa0000,0x0000000793b00000)
  to   space 4608K, 0% used [0x0000000793200000,0x0000000793200000,0x0000000793680000)
 ParOldGen       total 173568K, used 10029K [0x00000006c2800000, 0x00000006cd180000, 0x000000076b800000)
  object space 173568K, 5% used [0x00000006c2800000,0x00000006c31cb498,0x00000006cd180000)
 Metaspace       used 8275K, capacity 8646K, committed 8960K, reserved 1056768K
  class space    used 655K, capacity 690K, committed 768K, reserved 1048576K
}
Event: 4.381 GC heap before
{Heap before GC invocations=17 (full 0):
 PSYoungGen      total 551424K, used 551040K [0x000000076b800000, 0x0000000793b00000, 0x00000007c0000000)
  eden space 550912K, 100% used [0x000000076b800000,0x000000078d200000,0x000000078d200000)
  from space 512K, 25% used [0x0000000793a80000,0x0000000793aa0000,0x0000000793b00000)
  to   space 4608K, 0% used [0x0000000793200000,0x0000000793200000,0x0000000793680000)
 ParOldGen       total 173568K, used 10029K [0x00000006c2800000, 0x00000006cd180000, 0x000000076b800000)
  object space 173568K, 5% used [0x00000006c2800000,0x00000006c31cb498,0x00000006cd180000)
 Metaspace       used 8275K, capacity 8646K, committed 8960K, reserved 1056768K
  class space    used 655K, capacity 690K, committed 768K, reserved 1048576K
Event: 4.381 GC heap after
Heap after GC invocations=17 (full 0):
 PSYoungGen      total 530944K, used 192K [0x000000076b800000, 0x0000000793b00000, 0x00000007c0000000)
  eden space 526336K, 0% used [0x000000076b800000,0x000000076b800000,0x000000078ba00000)
  from space 4608K, 4% used [0x0000000793200000,0x0000000793230000,0x0000000793680000)
  to   space 4608K, 0% used [0x0000000793680000,0x0000000793680000,0x0000000793b00000)
 ParOldGen       total 173568K, used 10037K [0x00000006c2800000, 0x00000006cd180000, 0x000000076b800000)
  object space 173568K, 5% used [0x00000006c2800000,0x00000006c31cd498,0x00000006cd180000)
 Metaspace       used 8275K, capacity 8646K, committed 8960K, reserved 1056768K
  class space    used 655K, capacity 690K, committed 768K, reserved 1048576K
}

