# JRE version: Java(TM) SE Runtime Environment (8.0_65-b17) (build 1.8.0_65-b17)
# Java VM: Java HotSpot(TM) 64-Bit Server VM (25.65-b01 mixed mode windows-amd64 compressed oops)
Heap:
 PSYoungGen      total 108032K, used 86766K [0x000000076b800000, 0x0000000783f00000, 0x00000007c0000000)
  eden space 107520K, 80% used [0x000000076b800000,0x0000000770cb3a28,0x0000000772100000)
  from space 512K, 6% used [0x0000000783e80000,0x0000000783e88000,0x0000000783f00000)
  to   space 1024K, 0% used [0x0000000783d00000,0x0000000783d00000,0x0000000783e00000)
 ParOldGen       total 173568K, used 2025K [0x00000006c2800000, 0x00000006cd180000, 0x000000076b800000)
  object space 173568K, 1% used [0x00000006c2800000,0x00000006c29fa668,0x00000006cd180000)
 Metaspace       used 8230K, capacity 8710K, committed 8960K, reserved 1056768K
  class space    used 657K, capacity 690K, committed 768K, reserved 1048576K
GC Heap History (10 events):
Event: 2.562 GC heap before
{Heap before GC invocations=27 (full 0):
 PSYoungGen      total 138752K, used 138400K [0x000000076b800000, 0x0000000784180000, 0x00000007c0000000)
  eden space 138240K, 100% used [0x000000076b800000,0x0000000773f00000,0x0000000773f00000)
  from space 512K, 31% used [0x0000000784100000,0x0000000784128000,0x0000000784180000)
  to   space 1536K, 0% used [0x0000000783e80000,0x0000000783e80000,0x0000000784000000)
 ParOldGen       total 173568K, used 2001K [0x00000006c2800000, 0x00000006cd180000, 0x000000076b800000)
  object space 173568K, 1% used [0x00000006c2800000,0x00000006c29f4668,0x00000006cd180000)
 Metaspace       used 8229K, capacity 8710K, committed 8960K, reserved 1056768K
  class space    used 657K, capacity 690K, committed 768K, reserved 1048576K
Event: 2.563 GC heap after
Heap after GC invocations=27 (full 0):
 PSYoungGen      total 135168K, used 224K [0x000000076b800000, 0x0000000784180000, 0x00000007c0000000)
  eden space 133632K, 0% used [0x000000076b800000,0x000000076b800000,0x0000000773a80000)
  from space 1536K, 14% used [0x0000000783e80000,0x0000000783eb8000,0x0000000784000000)
  to   space 1536K, 0% used [0x0000000784000000,0x0000000784000000,0x0000000784180000)
 ParOldGen       total 173568K, used 2001K [0x00000006c2800000, 0x00000006cd180000, 0x000000076b800000)
  object space 173568K, 1% used [0x00000006c2800000,0x00000006c29f4668,0x00000006cd180000)
 Metaspace       used 8229K, capacity 8710K, committed 8960K, reserved 1056768K
  class space    used 657K, capacity 690K, committed 768K, reserved 1048576K
}
Event: 2.619 GC heap before
{Heap before GC invocations=28 (full 0):
 PSYoungGen      total 135168K, used 133856K [0x000000076b800000, 0x0000000784180000, 0x00000007c0000000)
  eden space 133632K, 100% used [0x000000076b800000,0x0000000773a80000,0x0000000773a80000)
  from space 1536K, 14% used [0x0000000783e80000,0x0000000783eb8000,0x0000000784000000)
  to   space 1536K, 0% used [0x0000000784000000,0x0000000784000000,0x0000000784180000)
 ParOldGen       total 173568K, used 2001K [0x00000006c2800000, 0x00000006cd180000, 0x000000076b800000)
  object space 173568K, 1% used [0x00000006c2800000,0x00000006c29f4668,0x00000006cd180000)
 Metaspace       used 8229K, capacity 8710K, committed 8960K, reserved 1056768K
  class space    used 657K, capacity 690K, committed 768K, reserved 1048576K
Event: 2.619 GC heap after
Heap after GC invocations=28 (full 0):
 PSYoungGen      total 130048K, used 224K [0x000000076b800000, 0x0000000784080000, 0x00000007c0000000)
  eden space 129536K, 0% used [0x000000076b800000,0x000000076b800000,0x0000000773680000)
  from space 512K, 43% used [0x0000000784000000,0x0000000784038000,0x0000000784080000)
  to   space 1536K, 0% used [0x0000000783d80000,0x0000000783d80000,0x0000000783f00000)
 ParOldGen       total 173568K, used 2001K [0x00000006c2800000, 0x00000006cd180000, 0x000000076b800000)
  object space 173568K, 1% used [0x00000006c2800000,0x00000006c29f4668,0x00000006cd180000)
 Metaspace       used 8229K, capacity 8710K, committed 8960K, reserved 1056768K
  class space    used 657K, capacity 690K, committed 768K, reserved 1048576K
}
Event: 2.672 GC heap before
{Heap before GC invocations=29 (full 0):
 PSYoungGen      total 130048K, used 129760K [0x000000076b800000, 0x0000000784080000, 0x00000007c0000000)
  eden space 129536K, 100% used [0x000000076b800000,0x0000000773680000,0x0000000773680000)
  from space 512K, 43% used [0x0000000784000000,0x0000000784038000,0x0000000784080000)
  to   space 1536K, 0% used [0x0000000783d80000,0x0000000783d80000,0x0000000783f00000)
 ParOldGen       total 173568K, used 2001K [0x00000006c2800000, 0x00000006cd180000, 0x000000076b800000)
  object space 173568K, 1% used [0x00000006c2800000,0x00000006c29f4668,0x00000006cd180000)
 Metaspace       used 8229K, capacity 8710K, committed 8960K, reserved 1056768K
  class space    used 657K, capacity 690K, committed 768K, reserved 1048576K
Event: 2.673 GC heap after
Heap after GC invocations=29 (full 0):
 PSYoungGen      total 126976K, used 160K [0x000000076b800000, 0x0000000784080000, 0x00000007c0000000)
  eden space 125440K, 0% used [0x000000076b800000,0x000000076b800000,0x0000000773280000)
  from space 1536K, 10% used [0x0000000783d80000,0x0000000783da8000,0x0000000783f00000)
  to   space 1024K, 0% used [0x0000000783f80000,0x0000000783f80000,0x0000000784080000)
 ParOldGen       total 173568K, used 2001K [0x00000006c2800000, 0x00000006cd180000, 0x000000076b800000)
  object space 173568K, 1% used [0x00000006c2800000,0x00000006c29f4668,0x00000006cd180000)
 Metaspace       used 8229K, capacity 8710K, committed 8960K, reserved 1056768K
  class space    used 657K, capacity 690K, committed 768K, reserved 1048576K
}
Event: 2.727 GC heap before
{Heap before GC invocations=30 (full 0):
 PSYoungGen      total 126976K, used 125600K [0x000000076b800000, 0x0000000784080000, 0x00000007c0000000)
  eden space 125440K, 100% used [0x000000076b800000,0x0000000773280000,0x0000000773280000)
  from space 1536K, 10% used [0x0000000783d80000,0x0000000783da8000,0x0000000783f00000)
  to   space 1024K, 0% used [0x0000000783f80000,0x0000000783f80000,0x0000000784080000)
 ParOldGen       total 173568K, used 2001K [0x00000006c2800000, 0x00000006cd180000, 0x000000076b800000)
  object space 173568K, 1% used [0x00000006c2800000,0x00000006c29f4668,0x00000006cd180000)
 Metaspace       used 8229K, capacity 8710K, committed 8960K, reserved 1056768K
  class space    used 657K, capacity 690K, committed 768K, reserved 1048576K
Event: 2.727 GC heap after
Heap after GC invocations=30 (full 0):
 PSYoungGen      total 121856K, used 160K [0x000000076b800000, 0x0000000784000000, 0x00000007c0000000)
  eden space 121344K, 0% used [0x000000076b800000,0x000000076b800000,0x0000000772e80000)
  from space 512K, 31% used [0x0000000783f80000,0x0000000783fa8000,0x0000000784000000)
  to   space 1024K, 0% used [0x0000000783e00000,0x0000000783e00000,0x0000000783f00000)
 ParOldGen       total 173568K, used 2001K [0x00000006c2800000, 0x00000006cd180000, 0x000000076b800000)
  object space 173568K, 1% used [0x00000006c2800000,0x00000006c29f4668,0x00000006cd180000)
 Metaspace       used 8229K, capacity 8710K, committed 8960K, reserved 1056768K
  class space    used 657K, capacity 690K, committed 768K, reserved 1048576K
}
Event: 2.782 GC heap before
{Heap before GC invocations=31 (full 0):
 PSYoungGen      total 121856K, used 121504K [0x000000076b800000, 0x0000000784000000, 0x00000007c0000000)
  eden space 121344K, 100% used [0x000000076b800000,0x0000000772e80000,0x0000000772e80000)
  from space 512K, 31% used [0x0000000783f80000,0x0000000783fa8000,0x0000000784000000)
  to   space 1024K, 0% used [0x0000000783e00000,0x0000000783e00000,0x0000000783f00000)
 ParOldGen       total 173568K, used 2001K [0x00000006c2800000, 0x00000006cd180000, 0x000000076b800000)
  object space 173568K, 1% used [0x00000006c2800000,0x00000006c29f4668,0x00000006cd180000)
 Metaspace       used 8229K, capacity 8710K, committed 8960K, reserved 1056768K
  class space    used 657K, capacity 690K, committed 768K, reserved 1048576K
Event: 2.782 GC heap after
Heap after GC invocations=31 (full 0):
 PSYoungGen      total 118784K, used 224K [0x000000076b800000, 0x0000000784000000, 0x00000007c0000000)
  eden space 117760K, 0% used [0x000000076b800000,0x000000076b800000,0x0000000772b00000)
  from space 1024K, 21% used [0x0000000783e00000,0x0000000783e38000,0x0000000783f00000)
  to   space 1024K, 0% used [0x0000000783f00000,0x0000000783f00000,0x0000000784000000)
 ParOldGen       total 173568K, used 2001K [0x00000006c2800000, 0x00000006cd180000, 0x000000076b800000)
  object space 173568K, 1% used [0x00000006c2800000,0x00000006c29f4668,0x00000006cd180000)
 Metaspace       used 8229K, capacity 8710K, committed 8960K, reserved 1056768K
  class space    used 657K, capacity 690K, committed 768K, reserved 1048576K
}

