# JRE version: Java(TM) SE Runtime Environment (8.0_65-b17) (build 1.8.0_65-b17)
# Java VM: Java HotSpot(TM) 64-Bit Server VM (25.65-b01 mixed mode windows-amd64 compressed oops)
Heap:
 PSYoungGen      total 227840K, used 40893K [0x000000076b800000, 0x00000007a9c00000, 0x00000007c0000000)
  eden space 226816K, 17% used [0x000000076b800000,0x000000076dfaf698,0x0000000779580000)
  from space 1024K, 25% used [0x00000007a9a00000,0x00000007a9a40000,0x00000007a9b00000)
  to   space 1024K, 0% used [0x00000007a9b00000,0x00000007a9b00000,0x00000007a9c00000)
 ParOldGen       total 173568K, used 12117K [0x00000006c2800000, 0x00000006cd180000, 0x000000076b800000)
  object space 173568K, 6% used [0x00000006c2800000,0x00000006c33d5698,0x00000006cd180000)
 Metaspace       used 8387K, capacity 8774K, committed 8960K, reserved 1056768K
  class space    used 662K, capacity 690K, committed 768K, reserved 1048576K
GC Heap History (10 events):
Event: 9.961 GC heap before
{Heap before GC invocations=45 (full 0):
 PSYoungGen      total 276480K, used 276192K [0x000000076b800000, 0x00000007a9d00000, 0x00000007c0000000)
  eden space 275968K, 100% used [0x000000076b800000,0x000000077c580000,0x000000077c580000)
  from space 512K, 43% used [0x00000007a9c80000,0x00000007a9cb8000,0x00000007a9d00000)
  to   space 1536K, 0% used [0x00000007a9a00000,0x00000007a9a00000,0x00000007a9b80000)
 ParOldGen       total 173568K, used 12101K [0x00000006c2800000, 0x00000006cd180000, 0x000000076b800000)
  object space 173568K, 6% used [0x00000006c2800000,0x00000006c33d1698,0x00000006cd180000)
 Metaspace       used 8386K, capacity 8774K, committed 8960K, reserved 1056768K
  class space    used 662K, capacity 690K, committed 768K, reserved 1048576K
Event: 9.962 GC heap after
Heap after GC invocations=45 (full 0):
 PSYoungGen      total 266752K, used 224K [0x000000076b800000, 0x00000007a9d00000, 0x00000007c0000000)
  eden space 265216K, 0% used [0x000000076b800000,0x000000076b800000,0x000000077bb00000)
  from space 1536K, 14% used [0x00000007a9a00000,0x00000007a9a38000,0x00000007a9b80000)
  to   space 1024K, 0% used [0x00000007a9c00000,0x00000007a9c00000,0x00000007a9d00000)
 ParOldGen       total 173568K, used 12117K [0x00000006c2800000, 0x00000006cd180000, 0x000000076b800000)
  object space 173568K, 6% used [0x00000006c2800000,0x00000006c33d5698,0x00000006cd180000)
 Metaspace       used 8386K, capacity 8774K, committed 8960K, reserved 1056768K
  class space    used 662K, capacity 690K, committed 768K, reserved 1048576K
}
Event: 10.076 GC heap before
{Heap before GC invocations=46 (full 0):
 PSYoungGen      total 266752K, used 265440K [0x000000076b800000, 0x00000007a9d00000, 0x00000007c0000000)
  eden space 265216K, 100% used [0x000000076b800000,0x000000077bb00000,0x000000077bb00000)
  from space 1536K, 14% used [0x00000007a9a00000,0x00000007a9a38000,0x00000007a9b80000)
  to   space 1024K, 0% used [0x00000007a9c00000,0x00000007a9c00000,0x00000007a9d00000)
 ParOldGen       total 173568K, used 12117K [0x00000006c2800000, 0x00000006cd180000, 0x000000076b800000)
  object space 173568K, 6% used [0x00000006c2800000,0x00000006c33d5698,0x00000006cd180000)
 Metaspace       used 8386K, capacity 8774K, committed 8960K, reserved 1056768K
  class space    used 662K, capacity 690K, committed 768K, reserved 1048576K
Event: 10.076 GC heap after
Heap after GC invocations=46 (full 0):
 PSYoungGen      total 255488K, used 224K [0x000000076b800000, 0x00000007a9c80000, 0x00000007c0000000)
  eden space 254976K, 0% used [0x000000076b800000,0x000000076b800000,0x000000077b100000)
  from space 512K, 43% used [0x00000007a9c00000,0x00000007a9c38000,0x00000007a9c80000)
  to   space 1024K, 0% used [0x00000007a9a80000,0x00000007a9a80000,0x00000007a9b80000)
 ParOldGen       total 173568K, used 12117K [0x00000006c2800000, 0x00000006cd180000, 0x000000076b800000)
  object space 173568K, 6% used [0x00000006c2800000,0x00000006c33d5698,0x00000006cd180000)
 Metaspace       used 8386K, capacity 8774K, committed 8960K, reserved 1056768K
  class space    used 662K, capacity 690K, committed 768K, reserved 1048576K
}
Event: 10.185 GC heap before
{Heap before GC invocations=47 (full 0):
 PSYoungGen      total 255488K, used 255200K [0x000000076b800000, 0x00000007a9c80000, 0x00000007c0000000)
  eden space 254976K, 100% used [0x000000076b800000,0x000000077b100000,0x000000077b100000)
  from space 512K, 43% used [0x00000007a9c00000,0x00000007a9c38000,0x00000007a9c80000)
  to   space 1024K, 0% used [0x00000007a9a80000,0x00000007a9a80000,0x00000007a9b80000)
 ParOldGen       total 173568K, used 12117K [0x00000006c2800000, 0x00000006cd180000, 0x000000076b800000)
  object space 173568K, 6% used [0x00000006c2800000,0x00000006c33d5698,0x00000006cd180000)
 Metaspace       used 8386K, capacity 8774K, committed 8960K, reserved 1056768K
  class space    used 662K, capacity 690K, committed 768K, reserved 1048576K
Event: 10.186 GC heap after
Heap after GC invocations=47 (full 0):
 PSYoungGen      total 246272K, used 224K [0x000000076b800000, 0x00000007a9c80000, 0x00000007c0000000)
  eden space 245248K, 0% used [0x000000076b800000,0x000000076b800000,0x000000077a780000)
  from space 1024K, 21% used [0x00000007a9a80000,0x00000007a9ab8000,0x00000007a9b80000)
  to   space 1024K, 0% used [0x00000007a9b80000,0x00000007a9b80000,0x00000007a9c80000)
 ParOldGen       total 173568K, used 12117K [0x00000006c2800000, 0x00000006cd180000, 0x000000076b800000)
  object space 173568K, 6% used [0x00000006c2800000,0x00000006c33d5698,0x00000006cd180000)
 Metaspace       used 8386K, capacity 8774K, committed 8960K, reserved 1056768K
  class space    used 662K, capacity 690K, committed 768K, reserved 1048576K
}
Event: 10.290 GC heap before
{Heap before GC invocations=48 (full 0):
 PSYoungGen      total 246272K, used 245472K [0x000000076b800000, 0x00000007a9c80000, 0x00000007c0000000)
  eden space 245248K, 100% used [0x000000076b800000,0x000000077a780000,0x000000077a780000)
  from space 1024K, 21% used [0x00000007a9a80000,0x00000007a9ab8000,0x00000007a9b80000)
  to   space 1024K, 0% used [0x00000007a9b80000,0x00000007a9b80000,0x00000007a9c80000)
 ParOldGen       total 173568K, used 12117K [0x00000006c2800000, 0x00000006cd180000, 0x000000076b800000)
  object space 173568K, 6% used [0x00000006c2800000,0x00000006c33d5698,0x00000006cd180000)
 Metaspace       used 8386K, capacity 8774K, committed 8960K, reserved 1056768K
  class space    used 662K, capacity 690K, committed 768K, reserved 1048576K
Event: 10.291 GC heap after
Heap after GC invocations=48 (full 0):
 PSYoungGen      total 236544K, used 224K [0x000000076b800000, 0x00000007a9c00000, 0x00000007c0000000)
  eden space 236032K, 0% used [0x000000076b800000,0x000000076b800000,0x0000000779e80000)
  from space 512K, 43% used [0x00000007a9b80000,0x00000007a9bb8000,0x00000007a9c00000)
  to   space 1024K, 0% used [0x00000007a9a00000,0x00000007a9a00000,0x00000007a9b00000)
 ParOldGen       total 173568K, used 12117K [0x00000006c2800000, 0x00000006cd180000, 0x000000076b800000)
  object space 173568K, 6% used [0x00000006c2800000,0x00000006c33d5698,0x00000006cd180000)
 Metaspace       used 8386K, capacity 8774K, committed 8960K, reserved 1056768K
  class space    used 662K, capacity 690K, committed 768K, reserved 1048576K
}
Event: 10.387 GC heap before
{Heap before GC invocations=49 (full 0):
 PSYoungGen      total 236544K, used 236256K [0x000000076b800000, 0x00000007a9c00000, 0x00000007c0000000)
  eden space 236032K, 100% used [0x000000076b800000,0x0000000779e80000,0x0000000779e80000)
  from space 512K, 43% used [0x00000007a9b80000,0x00000007a9bb8000,0x00000007a9c00000)
  to   space 1024K, 0% used [0x00000007a9a00000,0x00000007a9a00000,0x00000007a9b00000)
 ParOldGen       total 173568K, used 12117K [0x00000006c2800000, 0x00000006cd180000, 0x000000076b800000)
  object space 173568K, 6% used [0x00000006c2800000,0x00000006c33d5698,0x00000006cd180000)
 Metaspace       used 8386K, capacity 8774K, committed 8960K, reserved 1056768K
  class space    used 662K, capacity 690K, committed 768K, reserved 1048576K
Event: 10.388 GC heap after
Heap after GC invocations=49 (full 0):
 PSYoungGen      total 227840K, used 256K [0x000000076b800000, 0x00000007a9c00000, 0x00000007c0000000)
  eden space 226816K, 0% used [0x000000076b800000,0x000000076b800000,0x0000000779580000)
  from space 1024K, 25% used [0x00000007a9a00000,0x00000007a9a40000,0x00000007a9b00000)
  to   space 1024K, 0% used [0x00000007a9b00000,0x00000007a9b00000,0x00000007a9c00000)
 ParOldGen       total 173568K, used 12117K [0x00000006c2800000, 0x00000006cd180000, 0x000000076b800000)
  object space 173568K, 6% used [0x00000006c2800000,0x00000006c33d5698,0x00000006cd180000)
 Metaspace       used 8386K, capacity 8774K, committed 8960K, reserved 1056768K
  class space    used 662K, capacity 690K, committed 768K, reserved 1048576K
}

