# JRE version: Java(TM) SE Runtime Environment (8.0_65-b17) (build 1.8.0_65-b17)
# Java VM: Java HotSpot(TM) 64-Bit Server VM (25.65-b01 mixed mode windows-amd64 compressed oops)
Heap:
 PSYoungGen      total 200192K, used 141554K [0x000000076b800000, 0x000000077b580000, 0x00000007c0000000)
  eden space 198144K, 71% used [0x000000076b800000,0x000000077420c9a8,0x0000000777980000)
  from space 2048K, 9% used [0x000000077b180000,0x000000077b1b0000,0x000000077b380000)
  to   space 2048K, 0% used [0x000000077b380000,0x000000077b380000,0x000000077b580000)
 ParOldGen       total 173568K, used 1244K [0x00000006c2800000, 0x00000006cd180000, 0x000000076b800000)
  object space 173568K, 0% used [0x00000006c2800000,0x00000006c2937060,0x00000006cd180000)
 Metaspace       used 8130K, capacity 8710K, committed 8960K, reserved 1056768K
  class space    used 651K, capacity 690K, committed 768K, reserved 1048576K
GC Heap History (10 events):
Event: 1.335 GC heap before
{Heap before GC invocations=11 (full 0):
 PSYoungGen      total 240640K, used 240416K [0x000000076b800000, 0x000000077b800000, 0x00000007c0000000)
  eden space 240128K, 100% used [0x000000076b800000,0x000000077a280000,0x000000077a280000)
  from space 512K, 56% used [0x000000077b780000,0x000000077b7c8000,0x000000077b800000)
  to   space 1536K, 0% used [0x000000077b500000,0x000000077b500000,0x000000077b680000)
 ParOldGen       total 173568K, used 1036K [0x00000006c2800000, 0x00000006cd180000, 0x000000076b800000)
  object space 173568K, 0% used [0x00000006c2800000,0x00000006c2903060,0x00000006cd180000)
 Metaspace       used 8095K, capacity 8646K, committed 8960K, reserved 1056768K
  class space    used 651K, capacity 690K, committed 768K, reserved 1048576K
Event: 1.336 GC heap after
Heap after GC invocations=11 (full 0):
 PSYoungGen      total 232448K, used 128K [0x000000076b800000, 0x000000077b800000, 0x00000007c0000000)
  eden space 230912K, 0% used [0x000000076b800000,0x000000076b800000,0x0000000779980000)
  from space 1536K, 8% used [0x000000077b500000,0x000000077b520000,0x000000077b680000)
  to   space 1536K, 0% used [0x000000077b680000,0x000000077b680000,0x000000077b800000)
 ParOldGen       total 173568K, used 1244K [0x00000006c2800000, 0x00000006cd180000, 0x000000076b800000)
  object space 173568K, 0% used [0x00000006c2800000,0x00000006c2937060,0x00000006cd180000)
 Metaspace       used 8095K, capacity 8646K, committed 8960K, reserved 1056768K
  class space    used 651K, capacity 690K, committed 768K, reserved 1048576K
}
Event: 1.514 GC heap before
{Heap before GC invocations=12 (full 0):
 PSYoungGen      total 232448K, used 231040K [0x000000076b800000, 0x000000077b800000, 0x00000007c0000000)
  eden space 230912K, 100% used [0x000000076b800000,0x0000000779980000,0x0000000779980000)
  from space 1536K, 8% used [0x000000077b500000,0x000000077b520000,0x000000077b680000)
  to   space 1536K, 0% used [0x000000077b680000,0x000000077b680000,0x000000077b800000)
 ParOldGen       total 173568K, used 1244K [0x00000006c2800000, 0x00000006cd180000, 0x000000076b800000)
  object space 173568K, 0% used [0x00000006c2800000,0x00000006c2937060,0x00000006cd180000)
 Metaspace       used 8098K, capacity 8646K, committed 8960K, reserved 1056768K
  class space    used 651K, capacity 690K, committed 768K, reserved 1048576K
Event: 1.514 GC heap after
Heap after GC invocations=12 (full 0):
 PSYoungGen      total 222720K, used 192K [0x000000076b800000, 0x000000077b700000, 0x00000007c0000000)
  eden space 222208K, 0% used [0x000000076b800000,0x000000076b800000,0x0000000779100000)
  from space 512K, 37% used [0x000000077b680000,0x000000077b6b0000,0x000000077b700000)
  to   space 2048K, 0% used [0x000000077b300000,0x000000077b300000,0x000000077b500000)
 ParOldGen       total 173568K, used 1244K [0x00000006c2800000, 0x00000006cd180000, 0x000000076b800000)
  object space 173568K, 0% used [0x00000006c2800000,0x00000006c2937060,0x00000006cd180000)
 Metaspace       used 8098K, capacity 8646K, committed 8960K, reserved 1056768K
  class space    used 651K, capacity 690K, committed 768K, reserved 1048576K
}
Event: 1.682 GC heap before
{Heap before GC invocations=13 (full 0):
 PSYoungGen      total 222720K, used 222400K [0x000000076b800000, 0x000000077b700000, 0x00000007c0000000)
  eden space 222208K, 100% used [0x000000076b800000,0x0000000779100000,0x0000000779100000)
  from space 512K, 37% used [0x000000077b680000,0x000000077b6b0000,0x000000077b700000)
  to   space 2048K, 0% used [0x000000077b300000,0x000000077b300000,0x000000077b500000)
 ParOldGen       total 173568K, used 1244K [0x00000006c2800000, 0x00000006cd180000, 0x000000076b800000)
  object space 173568K, 0% used [0x00000006c2800000,0x00000006c2937060,0x00000006cd180000)
 Metaspace       used 8108K, capacity 8646K, committed 8960K, reserved 1056768K
  class space    used 651K, capacity 690K, committed 768K, reserved 1048576K
Event: 1.683 GC heap after
Heap after GC invocations=13 (full 0):
 PSYoungGen      total 216064K, used 160K [0x000000076b800000, 0x000000077b700000, 0x00000007c0000000)
  eden space 214016K, 0% used [0x000000076b800000,0x000000076b800000,0x0000000778900000)
  from space 2048K, 7% used [0x000000077b300000,0x000000077b328000,0x000000077b500000)
  to   space 2048K, 0% used [0x000000077b500000,0x000000077b500000,0x000000077b700000)
 ParOldGen       total 173568K, used 1244K [0x00000006c2800000, 0x00000006cd180000, 0x000000076b800000)
  object space 173568K, 0% used [0x00000006c2800000,0x00000006c2937060,0x00000006cd180000)
 Metaspace       used 8108K, capacity 8646K, committed 8960K, reserved 1056768K
  class space    used 651K, capacity 690K, committed 768K, reserved 1048576K
}
Event: 1.845 GC heap before
{Heap before GC invocations=14 (full 0):
 PSYoungGen      total 216064K, used 214176K [0x000000076b800000, 0x000000077b700000, 0x00000007c0000000)
  eden space 214016K, 100% used [0x000000076b800000,0x0000000778900000,0x0000000778900000)
  from space 2048K, 7% used [0x000000077b300000,0x000000077b328000,0x000000077b500000)
  to   space 2048K, 0% used [0x000000077b500000,0x000000077b500000,0x000000077b700000)
 ParOldGen       total 173568K, used 1244K [0x00000006c2800000, 0x00000006cd180000, 0x000000076b800000)
  object space 173568K, 0% used [0x00000006c2800000,0x00000006c2937060,0x00000006cd180000)
 Metaspace       used 8111K, capacity 8646K, committed 8960K, reserved 1056768K
  class space    used 651K, capacity 690K, committed 768K, reserved 1048576K
Event: 1.846 GC heap after
Heap after GC invocations=14 (full 0):
 PSYoungGen      total 206336K, used 160K [0x000000076b800000, 0x000000077b580000, 0x00000007c0000000)
  eden space 205824K, 0% used [0x000000076b800000,0x000000076b800000,0x0000000778100000)
  from space 512K, 31% used [0x000000077b500000,0x000000077b528000,0x000000077b580000)
  to   space 2048K, 0% used [0x000000077b180000,0x000000077b180000,0x000000077b380000)
 ParOldGen       total 173568K, used 1244K [0x00000006c2800000, 0x00000006cd180000, 0x000000076b800000)
  object space 173568K, 0% used [0x00000006c2800000,0x00000006c2937060,0x00000006cd180000)
 Metaspace       used 8111K, capacity 8646K, committed 8960K, reserved 1056768K
  class space    used 651K, capacity 690K, committed 768K, reserved 1048576K
}
Event: 1.998 GC heap before
{Heap before GC invocations=15 (full 0):
 PSYoungGen      total 206336K, used 205984K [0x000000076b800000, 0x000000077b580000, 0x00000007c0000000)
  eden space 205824K, 100% used [0x000000076b800000,0x0000000778100000,0x0000000778100000)
  from space 512K, 31% used [0x000000077b500000,0x000000077b528000,0x000000077b580000)
  to   space 2048K, 0% used [0x000000077b180000,0x000000077b180000,0x000000077b380000)
 ParOldGen       total 173568K, used 1244K [0x00000006c2800000, 0x00000006cd180000, 0x000000076b800000)
  object space 173568K, 0% used [0x00000006c2800000,0x00000006c2937060,0x00000006cd180000)
 Metaspace       used 8127K, capacity 8710K, committed 8960K, reserved 1056768K
  class space    used 651K, capacity 690K, committed 768K, reserved 1048576K
Event: 1.998 GC heap after
Heap after GC invocations=15 (full 0):
 PSYoungGen      total 200192K, used 192K [0x000000076b800000, 0x000000077b580000, 0x00000007c0000000)
  eden space 198144K, 0% used [0x000000076b800000,0x000000076b800000,0x0000000777980000)
  from space 2048K, 9% used [0x000000077b180000,0x000000077b1b0000,0x000000077b380000)
  to   space 2048K, 0% used [0x000000077b380000,0x000000077b380000,0x000000077b580000)
 ParOldGen       total 173568K, used 1244K [0x00000006c2800000, 0x00000006cd180000, 0x000000076b800000)
  object space 173568K, 0% used [0x00000006c2800000,0x00000006c2937060,0x00000006cd180000)
 Metaspace       used 8127K, capacity 8710K, committed 8960K, reserved 1056768K
  class space    used 651K, capacity 690K, committed 768K, reserved 1048576K
}

