# JRE version: Java(TM) SE Runtime Environment (8.0_65-b17) (build 1.8.0_65-b17)
# Java VM: Java HotSpot(TM) 64-Bit Server VM (25.65-b01 mixed mode windows-amd64 compressed oops)
Heap:
 PSYoungGen      total 90624K, used 5484K [0x000000076b800000, 0x0000000784280000, 0x00000007c0000000)
  eden space 90112K, 5% used [0x000000076b800000,0x000000076bd43020,0x0000000771000000)
  from space 512K, 18% used [0x0000000784180000,0x0000000784198000,0x0000000784200000)
  to   space 512K, 0% used [0x0000000784200000,0x0000000784200000,0x0000000784280000)
 ParOldGen       total 173568K, used 1464K [0x00000006c2800000, 0x00000006cd180000, 0x000000076b800000)
  object space 173568K, 0% used [0x00000006c2800000,0x00000006c296e050,0x00000006cd180000)
 Metaspace       used 8093K, capacity 8646K, committed 8960K, reserved 1056768K
  class space    used 646K, capacity 690K, committed 768K, reserved 1048576K
GC Heap History (10 events):
Event: 8.829 GC heap before
{Heap before GC invocations=49 (full 0):
 PSYoungGen      total 103936K, used 103584K [0x000000076b800000, 0x0000000784280000, 0x00000007c0000000)
  eden space 103424K, 100% used [0x000000076b800000,0x0000000771d00000,0x0000000771d00000)
  from space 512K, 31% used [0x0000000784200000,0x0000000784228000,0x0000000784280000)
  to   space 512K, 0% used [0x0000000784180000,0x0000000784180000,0x0000000784200000)
 ParOldGen       total 173568K, used 1440K [0x00000006c2800000, 0x00000006cd180000, 0x000000076b800000)
  object space 173568K, 0% used [0x00000006c2800000,0x00000006c2968050,0x00000006cd180000)
 Metaspace       used 8092K, capacity 8646K, committed 8960K, reserved 1056768K
  class space    used 646K, capacity 690K, committed 768K, reserved 1048576K
Event: 8.830 GC heap after
Heap after GC invocations=49 (full 0):
 PSYoungGen      total 100864K, used 160K [0x000000076b800000, 0x0000000784280000, 0x00000007c0000000)
  eden space 100352K, 0% used [0x000000076b800000,0x000000076b800000,0x0000000771a00000)
  from space 512K, 31% used [0x0000000784180000,0x00000007841a8000,0x0000000784200000)
  to   space 512K, 0% used [0x0000000784200000,0x0000000784200000,0x0000000784280000)
 ParOldGen       total 173568K, used 1440K [0x00000006c2800000, 0x00000006cd180000, 0x000000076b800000)
  object space 173568K, 0% used [0x00000006c2800000,0x00000006c2968050,0x00000006cd180000)
 Metaspace       used 8092K, capacity 8646K, committed 8960K, reserved 1056768K
  class space    used 646K, capacity 690K, committed 768K, reserved 1048576K
}
Event: 8.938 GC heap before
{Heap before GC invocations=50 (full 0):
 PSYoungGen      total 100864K, used 100512K [0x000000076b800000, 0x0000000784280000, 0x00000007c0000000)
  eden space 100352K, 100% used [0x000000076b800000,0x0000000771a00000,0x0000000771a00000)
  from space 512K, 31% used [0x0000000784180000,0x00000007841a8000,0x0000000784200000)
  to   space 512K, 0% used [0x0000000784200000,0x0000000784200000,0x0000000784280000)
 ParOldGen       total 173568K, used 1440K [0x00000006c2800000, 0x00000006cd180000, 0x000000076b800000)
  object space 173568K, 0% used [0x00000006c2800000,0x00000006c2968050,0x00000006cd180000)
 Metaspace       used 8092K, capacity 8646K, committed 8960K, reserved 1056768K
  class space    used 646K, capacity 690K, committed 768K, reserved 1048576K
Event: 8.939 GC heap after
Heap after GC invocations=50 (full 0):
 PSYoungGen      total 98304K, used 160K [0x000000076b800000, 0x0000000784280000, 0x00000007c0000000)
  eden space 97792K, 0% used [0x000000076b800000,0x000000076b800000,0x0000000771780000)
  from space 512K, 31% used [0x0000000784200000,0x0000000784228000,0x0000000784280000)
  to   space 512K, 0% used [0x0000000784180000,0x0000000784180000,0x0000000784200000)
 ParOldGen       total 173568K, used 1440K [0x00000006c2800000, 0x00000006cd180000, 0x000000076b800000)
  object space 173568K, 0% used [0x00000006c2800000,0x00000006c2968050,0x00000006cd180000)
 Metaspace       used 8092K, capacity 8646K, committed 8960K, reserved 1056768K
  class space    used 646K, capacity 690K, committed 768K, reserved 1048576K
}
Event: 9.046 GC heap before
{Heap before GC invocations=51 (full 0):
 PSYoungGen      total 98304K, used 97952K [0x000000076b800000, 0x0000000784280000, 0x00000007c0000000)
  eden space 97792K, 100% used [0x000000076b800000,0x0000000771780000,0x0000000771780000)
  from space 512K, 31% used [0x0000000784200000,0x0000000784228000,0x0000000784280000)
  to   space 512K, 0% used [0x0000000784180000,0x0000000784180000,0x0000000784200000)
 ParOldGen       total 173568K, used 1440K [0x00000006c2800000, 0x00000006cd180000, 0x000000076b800000)
  object space 173568K, 0% used [0x00000006c2800000,0x00000006c2968050,0x00000006cd180000)
 Metaspace       used 8092K, capacity 8646K, committed 8960K, reserved 1056768K
  class space    used 646K, capacity 690K, committed 768K, reserved 1048576K
Event: 9.046 GC heap after
Heap after GC invocations=51 (full 0):
 PSYoungGen      total 95744K, used 160K [0x000000076b800000, 0x0000000784280000, 0x00000007c0000000)
  eden space 95232K, 0% used [0x000000076b800000,0x000000076b800000,0x0000000771500000)
  from space 512K, 31% used [0x0000000784180000,0x00000007841a8000,0x0000000784200000)
  to   space 512K, 0% used [0x0000000784200000,0x0000000784200000,0x0000000784280000)
 ParOldGen       total 173568K, used 1440K [0x00000006c2800000, 0x00000006cd180000, 0x000000076b800000)
  object space 173568K, 0% used [0x00000006c2800000,0x00000006c2968050,0x00000006cd180000)
 Metaspace       used 8092K, capacity 8646K, committed 8960K, reserved 1056768K
  class space    used 646K, capacity 690K, committed 768K, reserved 1048576K
}
Event: 9.136 GC heap before
{Heap before GC invocations=52 (full 0):
 PSYoungGen      total 95744K, used 95392K [0x000000076b800000, 0x0000000784280000, 0x00000007c0000000)
  eden space 95232K, 100% used [0x000000076b800000,0x0000000771500000,0x0000000771500000)
  from space 512K, 31% used [0x0000000784180000,0x00000007841a8000,0x0000000784200000)
  to   space 512K, 0% used [0x0000000784200000,0x0000000784200000,0x0000000784280000)
 ParOldGen       total 173568K, used 1440K [0x00000006c2800000, 0x00000006cd180000, 0x000000076b800000)
  object space 173568K, 0% used [0x00000006c2800000,0x00000006c2968050,0x00000006cd180000)
 Metaspace       used 8092K, capacity 8646K, committed 8960K, reserved 1056768K
  class space    used 646K, capacity 690K, committed 768K, reserved 1048576K
Event: 9.137 GC heap after
Heap after GC invocations=52 (full 0):
 PSYoungGen      total 93184K, used 128K [0x000000076b800000, 0x0000000784280000, 0x00000007c0000000)
  eden space 92672K, 0% used [0x000000076b800000,0x000000076b800000,0x0000000771280000)
  from space 512K, 25% used [0x0000000784200000,0x0000000784220000,0x0000000784280000)
  to   space 512K, 0% used [0x0000000784180000,0x0000000784180000,0x0000000784200000)
 ParOldGen       total 173568K, used 1440K [0x00000006c2800000, 0x00000006cd180000, 0x000000076b800000)
  object space 173568K, 0% used [0x00000006c2800000,0x00000006c2968050,0x00000006cd180000)
 Metaspace       used 8092K, capacity 8646K, committed 8960K, reserved 1056768K
  class space    used 646K, capacity 690K, committed 768K, reserved 1048576K
}
Event: 9.222 GC heap before
{Heap before GC invocations=53 (full 0):
 PSYoungGen      total 93184K, used 92800K [0x000000076b800000, 0x0000000784280000, 0x00000007c0000000)
  eden space 92672K, 100% used [0x000000076b800000,0x0000000771280000,0x0000000771280000)
  from space 512K, 25% used [0x0000000784200000,0x0000000784220000,0x0000000784280000)
  to   space 512K, 0% used [0x0000000784180000,0x0000000784180000,0x0000000784200000)
 ParOldGen       total 173568K, used 1440K [0x00000006c2800000, 0x00000006cd180000, 0x000000076b800000)
  object space 173568K, 0% used [0x00000006c2800000,0x00000006c2968050,0x00000006cd180000)
 Metaspace       used 8093K, capacity 8646K, committed 8960K, reserved 1056768K
  class space    used 646K, capacity 690K, committed 768K, reserved 1048576K
Event: 9.223 GC heap after
Heap after GC invocations=53 (full 0):
 PSYoungGen      total 90624K, used 96K [0x000000076b800000, 0x0000000784280000, 0x00000007c0000000)
  eden space 90112K, 0% used [0x000000076b800000,0x000000076b800000,0x0000000771000000)
  from space 512K, 18% used [0x0000000784180000,0x0000000784198000,0x0000000784200000)
  to   space 512K, 0% used [0x0000000784200000,0x0000000784200000,0x0000000784280000)
 ParOldGen       total 173568K, used 1464K [0x00000006c2800000, 0x00000006cd180000, 0x000000076b800000)
  object space 173568K, 0% used [0x00000006c2800000,0x00000006c296e050,0x00000006cd180000)
 Metaspace       used 8093K, capacity 8646K, committed 8960K, reserved 1056768K
  class space    used 646K, capacity 690K, committed 768K, reserved 1048576K
}

