# JRE version: Java(TM) SE Runtime Environment (8.0_65-b17) (build 1.8.0_65-b17)
# Java VM: Java HotSpot(TM) 64-Bit Server VM (25.65-b01 mixed mode windows-amd64 compressed oops)
Heap:
 PSYoungGen      total 53760K, used 45292K [0x000000076b800000, 0x000000078a580000, 0x00000007c0000000)
  eden space 53248K, 85% used [0x000000076b800000,0x000000076e4333a8,0x000000076ec00000)
  from space 512K, 6% used [0x000000078a500000,0x000000078a508000,0x000000078a580000)
  to   space 512K, 0% used [0x000000078a480000,0x000000078a480000,0x000000078a500000)
 ParOldGen       total 173568K, used 1727K [0x00000006c2800000, 0x00000006cd180000, 0x000000076b800000)
  object space 173568K, 0% used [0x00000006c2800000,0x00000006c29afcf0,0x00000006cd180000)
 Metaspace       used 8080K, capacity 8614K, committed 8960K, reserved 1056768K
  class space    used 644K, capacity 658K, committed 768K, reserved 1048576K
GC Heap History (10 events):
Event: 14.948 GC heap before
{Heap before GC invocations=122 (full 0):
 PSYoungGen      total 58880K, used 58432K [0x000000076b800000, 0x000000078a580000, 0x00000007c0000000)
  eden space 58368K, 100% used [0x000000076b800000,0x000000076f100000,0x000000076f100000)
  from space 512K, 12% used [0x000000078a480000,0x000000078a490000,0x000000078a500000)
  to   space 512K, 0% used [0x000000078a500000,0x000000078a500000,0x000000078a580000)
 ParOldGen       total 173568K, used 1719K [0x00000006c2800000, 0x00000006cd180000, 0x000000076b800000)
  object space 173568K, 0% used [0x00000006c2800000,0x00000006c29adcf0,0x00000006cd180000)
 Metaspace       used 8080K, capacity 8614K, committed 8960K, reserved 1056768K
  class space    used 644K, capacity 658K, committed 768K, reserved 1048576K
Event: 14.949 GC heap after
Heap after GC invocations=122 (full 0):
 PSYoungGen      total 57856K, used 160K [0x000000076b800000, 0x000000078a580000, 0x00000007c0000000)
  eden space 57344K, 0% used [0x000000076b800000,0x000000076b800000,0x000000076f000000)
  from space 512K, 31% used [0x000000078a500000,0x000000078a528000,0x000000078a580000)
  to   space 512K, 0% used [0x000000078a480000,0x000000078a480000,0x000000078a500000)
 ParOldGen       total 173568K, used 1719K [0x00000006c2800000, 0x00000006cd180000, 0x000000076b800000)
  object space 173568K, 0% used [0x00000006c2800000,0x00000006c29adcf0,0x00000006cd180000)
 Metaspace       used 8080K, capacity 8614K, committed 8960K, reserved 1056768K
  class space    used 644K, capacity 658K, committed 768K, reserved 1048576K
}
Event: 15.012 GC heap before
{Heap before GC invocations=123 (full 0):
 PSYoungGen      total 57856K, used 57504K [0x000000076b800000, 0x000000078a580000, 0x00000007c0000000)
  eden space 57344K, 100% used [0x000000076b800000,0x000000076f000000,0x000000076f000000)
  from space 512K, 31% used [0x000000078a500000,0x000000078a528000,0x000000078a580000)
  to   space 512K, 0% used [0x000000078a480000,0x000000078a480000,0x000000078a500000)
 ParOldGen       total 173568K, used 1719K [0x00000006c2800000, 0x00000006cd180000, 0x000000076b800000)
  object space 173568K, 0% used [0x00000006c2800000,0x00000006c29adcf0,0x00000006cd180000)
 Metaspace       used 8080K, capacity 8614K, committed 8960K, reserved 1056768K
  class space    used 644K, capacity 658K, committed 768K, reserved 1048576K
Event: 15.013 GC heap after
Heap after GC invocations=123 (full 0):
 PSYoungGen      total 56832K, used 160K [0x000000076b800000, 0x000000078a580000, 0x00000007c0000000)
  eden space 56320K, 0% used [0x000000076b800000,0x000000076b800000,0x000000076ef00000)
  from space 512K, 31% used [0x000000078a480000,0x000000078a4a8000,0x000000078a500000)
  to   space 512K, 0% used [0x000000078a500000,0x000000078a500000,0x000000078a580000)
 ParOldGen       total 173568K, used 1719K [0x00000006c2800000, 0x00000006cd180000, 0x000000076b800000)
  object space 173568K, 0% used [0x00000006c2800000,0x00000006c29adcf0,0x00000006cd180000)
 Metaspace       used 8080K, capacity 8614K, committed 8960K, reserved 1056768K
  class space    used 644K, capacity 658K, committed 768K, reserved 1048576K
}
Event: 15.069 GC heap before
{Heap before GC invocations=124 (full 0):
 PSYoungGen      total 56832K, used 56480K [0x000000076b800000, 0x000000078a580000, 0x00000007c0000000)
  eden space 56320K, 100% used [0x000000076b800000,0x000000076ef00000,0x000000076ef00000)
  from space 512K, 31% used [0x000000078a480000,0x000000078a4a8000,0x000000078a500000)
  to   space 512K, 0% used [0x000000078a500000,0x000000078a500000,0x000000078a580000)
 ParOldGen       total 173568K, used 1719K [0x00000006c2800000, 0x00000006cd180000, 0x000000076b800000)
  object space 173568K, 0% used [0x00000006c2800000,0x00000006c29adcf0,0x00000006cd180000)
 Metaspace       used 8080K, capacity 8614K, committed 8960K, reserved 1056768K
  class space    used 644K, capacity 658K, committed 768K, reserved 1048576K
Event: 15.069 GC heap after
Heap after GC invocations=124 (full 0):
 PSYoungGen      total 55808K, used 96K [0x000000076b800000, 0x000000078a580000, 0x00000007c0000000)
  eden space 55296K, 0% used [0x000000076b800000,0x000000076b800000,0x000000076ee00000)
  from space 512K, 18% used [0x000000078a500000,0x000000078a518000,0x000000078a580000)
  to   space 512K, 0% used [0x000000078a480000,0x000000078a480000,0x000000078a500000)
 ParOldGen       total 173568K, used 1719K [0x00000006c2800000, 0x00000006cd180000, 0x000000076b800000)
  object space 173568K, 0% used [0x00000006c2800000,0x00000006c29adcf0,0x00000006cd180000)
 Metaspace       used 8080K, capacity 8614K, committed 8960K, reserved 1056768K
  class space    used 644K, capacity 658K, committed 768K, reserved 1048576K
}
Event: 15.128 GC heap before
{Heap before GC invocations=125 (full 0):
 PSYoungGen      total 55808K, used 55392K [0x000000076b800000, 0x000000078a580000, 0x00000007c0000000)
  eden space 55296K, 100% used [0x000000076b800000,0x000000076ee00000,0x000000076ee00000)
  from space 512K, 18% used [0x000000078a500000,0x000000078a518000,0x000000078a580000)
  to   space 512K, 0% used [0x000000078a480000,0x000000078a480000,0x000000078a500000)
 ParOldGen       total 173568K, used 1719K [0x00000006c2800000, 0x00000006cd180000, 0x000000076b800000)
  object space 173568K, 0% used [0x00000006c2800000,0x00000006c29adcf0,0x00000006cd180000)
 Metaspace       used 8080K, capacity 8614K, committed 8960K, reserved 1056768K
  class space    used 644K, capacity 658K, committed 768K, reserved 1048576K
Event: 15.129 GC heap after
Heap after GC invocations=125 (full 0):
 PSYoungGen      total 54784K, used 96K [0x000000076b800000, 0x000000078a580000, 0x00000007c0000000)
  eden space 54272K, 0% used [0x000000076b800000,0x000000076b800000,0x000000076ed00000)
  from space 512K, 18% used [0x000000078a480000,0x000000078a498000,0x000000078a500000)
  to   space 512K, 0% used [0x000000078a500000,0x000000078a500000,0x000000078a580000)
 ParOldGen       total 173568K, used 1719K [0x00000006c2800000, 0x00000006cd180000, 0x000000076b800000)
  object space 173568K, 0% used [0x00000006c2800000,0x00000006c29adcf0,0x00000006cd180000)
 Metaspace       used 8080K, capacity 8614K, committed 8960K, reserved 1056768K
  class space    used 644K, capacity 658K, committed 768K, reserved 1048576K
}
Event: 15.186 GC heap before
{Heap before GC invocations=126 (full 0):
 PSYoungGen      total 54784K, used 54368K [0x000000076b800000, 0x000000078a580000, 0x00000007c0000000)
  eden space 54272K, 100% used [0x000000076b800000,0x000000076ed00000,0x000000076ed00000)
  from space 512K, 18% used [0x000000078a480000,0x000000078a498000,0x000000078a500000)
  to   space 512K, 0% used [0x000000078a500000,0x000000078a500000,0x000000078a580000)
 ParOldGen       total 173568K, used 1719K [0x00000006c2800000, 0x00000006cd180000, 0x000000076b800000)
  object space 173568K, 0% used [0x00000006c2800000,0x00000006c29adcf0,0x00000006cd180000)
 Metaspace       used 8080K, capacity 8614K, committed 8960K, reserved 1056768K
  class space    used 644K, capacity 658K, committed 768K, reserved 1048576K
Event: 15.187 GC heap after
Heap after GC invocations=126 (full 0):
 PSYoungGen      total 53760K, used 32K [0x000000076b800000, 0x000000078a580000, 0x00000007c0000000)
  eden space 53248K, 0% used [0x000000076b800000,0x000000076b800000,0x000000076ec00000)
  from space 512K, 6% used [0x000000078a500000,0x000000078a508000,0x000000078a580000)
  to   space 512K, 0% used [0x000000078a480000,0x000000078a480000,0x000000078a500000)
 ParOldGen       total 173568K, used 1727K [0x00000006c2800000, 0x00000006cd180000, 0x000000076b800000)
  object space 173568K, 0% used [0x00000006c2800000,0x00000006c29afcf0,0x00000006cd180000)
 Metaspace       used 8080K, capacity 8614K, committed 8960K, reserved 1056768K
  class space    used 644K, capacity 658K, committed 768K, reserved 1048576K
}

