# JRE version: Java(TM) SE Runtime Environment (8.0_65-b17) (build 1.8.0_65-b17)
# Java VM: Java HotSpot(TM) 64-Bit Server VM (25.65-b01 mixed mode windows-amd64 compressed oops)
Heap:
 PSYoungGen      total 1058304K, used 941969K [0x000000076b800000, 0x00000007ace00000, 0x00000007c0000000)
  eden space 1046528K, 89% used [0x000000076b800000,0x00000007a4fac7a0,0x00000007ab600000)
  from space 11776K, 1% used [0x00000007ac280000,0x00000007ac2b8000,0x00000007ace00000)
  to   space 12288K, 0% used [0x00000007ab600000,0x00000007ab600000,0x00000007ac200000)
 ParOldGen       total 173568K, used 30864K [0x00000006c2800000, 0x00000006cd180000, 0x000000076b800000)
  object space 173568K, 17% used [0x00000006c2800000,0x00000006c4624250,0x00000006cd180000)
 Metaspace       used 8380K, capacity 8774K, committed 8960K, reserved 1056768K
  class space    used 661K, capacity 690K, committed 768K, reserved 1048576K
GC Heap History (10 events):
Event: 1.311 GC heap before
{Heap before GC invocations=10 (full 0):
 PSYoungGen      total 262144K, used 262123K [0x000000076b800000, 0x0000000785a80000, 0x00000007c0000000)
  eden space 260096K, 100% used [0x000000076b800000,0x000000077b600000,0x000000077b600000)
  from space 2048K, 99% used [0x000000077b600000,0x000000077b7faf60,0x000000077b800000)
  to   space 6144K, 0% used [0x0000000785480000,0x0000000785480000,0x0000000785a80000)
 ParOldGen       total 173568K, used 10588K [0x00000006c2800000, 0x00000006cd180000, 0x000000076b800000)
  object space 173568K, 6% used [0x00000006c2800000,0x00000006c3257060,0x00000006cd180000)
 Metaspace       used 8229K, capacity 8646K, committed 8960K, reserved 1056768K
  class space    used 655K, capacity 690K, committed 768K, reserved 1048576K
Event: 1.329 GC heap after
Heap after GC invocations=10 (full 0):
 PSYoungGen      total 414720K, used 6130K [0x000000076b800000, 0x0000000786980000, 0x00000007c0000000)
  eden space 408576K, 0% used [0x000000076b800000,0x000000076b800000,0x0000000784700000)
  from space 6144K, 99% used [0x0000000785480000,0x0000000785a7c988,0x0000000785a80000)
  to   space 13824K, 0% used [0x0000000784700000,0x0000000784700000,0x0000000785480000)
 ParOldGen       total 173568K, used 27712K [0x00000006c2800000, 0x00000006cd180000, 0x000000076b800000)
  object space 173568K, 15% used [0x00000006c2800000,0x00000006c4310070,0x00000006cd180000)
 Metaspace       used 8229K, capacity 8646K, committed 8960K, reserved 1056768K
  class space    used 655K, capacity 690K, committed 768K, reserved 1048576K
}
Event: 1.635 GC heap before
{Heap before GC invocations=11 (full 0):
 PSYoungGen      total 414720K, used 414706K [0x000000076b800000, 0x0000000786980000, 0x00000007c0000000)
  eden space 408576K, 100% used [0x000000076b800000,0x0000000784700000,0x0000000784700000)
  from space 6144K, 99% used [0x0000000785480000,0x0000000785a7c988,0x0000000785a80000)
  to   space 13824K, 0% used [0x0000000784700000,0x0000000784700000,0x0000000785480000)
 ParOldGen       total 173568K, used 27712K [0x00000006c2800000, 0x00000006cd180000, 0x000000076b800000)
  object space 173568K, 15% used [0x00000006c2800000,0x00000006c4310070,0x00000006cd180000)
 Metaspace       used 8320K, capacity 8710K, committed 8960K, reserved 1056768K
  class space    used 661K, capacity 690K, committed 768K, reserved 1048576K
Event: 1.641 GC heap after
Heap after GC invocations=11 (full 0):
 PSYoungGen      total 422400K, used 224K [0x000000076b800000, 0x0000000795080000, 0x00000007c0000000)
  eden space 408576K, 0% used [0x000000076b800000,0x000000076b800000,0x0000000784700000)
  from space 13824K, 1% used [0x0000000784700000,0x0000000784738000,0x0000000785480000)
  to   space 13312K, 0% used [0x0000000794380000,0x0000000794380000,0x0000000795080000)
 ParOldGen       total 173568K, used 30792K [0x00000006c2800000, 0x00000006cd180000, 0x000000076b800000)
  object space 173568K, 17% used [0x00000006c2800000,0x00000006c4612250,0x00000006cd180000)
 Metaspace       used 8320K, capacity 8710K, committed 8960K, reserved 1056768K
  class space    used 661K, capacity 690K, committed 768K, reserved 1048576K
}
Event: 1.982 GC heap before
{Heap before GC invocations=12 (full 0):
 PSYoungGen      total 422400K, used 408800K [0x000000076b800000, 0x0000000795080000, 0x00000007c0000000)
  eden space 408576K, 100% used [0x000000076b800000,0x0000000784700000,0x0000000784700000)
  from space 13824K, 1% used [0x0000000784700000,0x0000000784738000,0x0000000785480000)
  to   space 13312K, 0% used [0x0000000794380000,0x0000000794380000,0x0000000795080000)
 ParOldGen       total 173568K, used 30792K [0x00000006c2800000, 0x00000006cd180000, 0x000000076b800000)
  object space 173568K, 17% used [0x00000006c2800000,0x00000006c4612250,0x00000006cd180000)
 Metaspace       used 8348K, capacity 8774K, committed 8960K, reserved 1056768K
  class space    used 661K, capacity 690K, committed 768K, reserved 1048576K
Event: 1.983 GC heap after
Heap after GC invocations=12 (full 0):
 PSYoungGen      total 667136K, used 192K [0x000000076b800000, 0x0000000795080000, 0x00000007c0000000)
  eden space 653824K, 0% used [0x000000076b800000,0x000000076b800000,0x0000000793680000)
  from space 13312K, 1% used [0x0000000794380000,0x00000007943b0000,0x0000000795080000)
  to   space 13312K, 0% used [0x0000000793680000,0x0000000793680000,0x0000000794380000)
 ParOldGen       total 173568K, used 30832K [0x00000006c2800000, 0x00000006cd180000, 0x000000076b800000)
  object space 173568K, 17% used [0x00000006c2800000,0x00000006c461c250,0x00000006cd180000)
 Metaspace       used 8348K, capacity 8774K, committed 8960K, reserved 1056768K
  class space    used 661K, capacity 690K, committed 768K, reserved 1048576K
}
Event: 2.493 GC heap before
{Heap before GC invocations=13 (full 0):
 PSYoungGen      total 667136K, used 654016K [0x000000076b800000, 0x0000000795080000, 0x00000007c0000000)
  eden space 653824K, 100% used [0x000000076b800000,0x0000000793680000,0x0000000793680000)
  from space 13312K, 1% used [0x0000000794380000,0x00000007943b0000,0x0000000795080000)
  to   space 13312K, 0% used [0x0000000793680000,0x0000000793680000,0x0000000794380000)
 ParOldGen       total 173568K, used 30832K [0x00000006c2800000, 0x00000006cd180000, 0x000000076b800000)
  object space 173568K, 17% used [0x00000006c2800000,0x00000006c461c250,0x00000006cd180000)
 Metaspace       used 8362K, capacity 8774K, committed 8960K, reserved 1056768K
  class space    used 661K, capacity 690K, committed 768K, reserved 1048576K
Event: 2.494 GC heap after
Heap after GC invocations=13 (full 0):
 PSYoungGen      total 667136K, used 160K [0x000000076b800000, 0x00000007acf00000, 0x00000007c0000000)
  eden space 653824K, 0% used [0x000000076b800000,0x000000076b800000,0x0000000793680000)
  from space 13312K, 1% used [0x0000000793680000,0x00000007936a8000,0x0000000794380000)
  to   space 12800K, 0% used [0x00000007ac280000,0x00000007ac280000,0x00000007acf00000)
 ParOldGen       total 173568K, used 30840K [0x00000006c2800000, 0x00000006cd180000, 0x000000076b800000)
  object space 173568K, 17% used [0x00000006c2800000,0x00000006c461e250,0x00000006cd180000)
 Metaspace       used 8362K, capacity 8774K, committed 8960K, reserved 1056768K
  class space    used 661K, capacity 690K, committed 768K, reserved 1048576K
}
Event: 3.036 GC heap before
{Heap before GC invocations=14 (full 0):
 PSYoungGen      total 667136K, used 653984K [0x000000076b800000, 0x00000007acf00000, 0x00000007c0000000)
  eden space 653824K, 100% used [0x000000076b800000,0x0000000793680000,0x0000000793680000)
  from space 13312K, 1% used [0x0000000793680000,0x00000007936a8000,0x0000000794380000)
  to   space 12800K, 0% used [0x00000007ac280000,0x00000007ac280000,0x00000007acf00000)
 ParOldGen       total 173568K, used 30840K [0x00000006c2800000, 0x00000006cd180000, 0x000000076b800000)
  object space 173568K, 17% used [0x00000006c2800000,0x00000006c461e250,0x00000006cd180000)
 Metaspace       used 8368K, capacity 8774K, committed 8960K, reserved 1056768K
  class space    used 661K, capacity 690K, committed 768K, reserved 1048576K
Event: 3.037 GC heap after
Heap after GC invocations=14 (full 0):
 PSYoungGen      total 1058304K, used 224K [0x000000076b800000, 0x00000007ace00000, 0x00000007c0000000)
  eden space 1046528K, 0% used [0x000000076b800000,0x000000076b800000,0x00000007ab600000)
  from space 11776K, 1% used [0x00000007ac280000,0x00000007ac2b8000,0x00000007ace00000)
  to   space 12288K, 0% used [0x00000007ab600000,0x00000007ab600000,0x00000007ac200000)
 ParOldGen       total 173568K, used 30864K [0x00000006c2800000, 0x00000006cd180000, 0x000000076b800000)
  object space 173568K, 17% used [0x00000006c2800000,0x00000006c4624250,0x00000006cd180000)
 Metaspace       used 8368K, capacity 8774K, committed 8960K, reserved 1056768K
  class space    used 661K, capacity 690K, committed 768K, reserved 1048576K
}

