# JRE version: Java(TM) SE Runtime Environment (8.0_65-b17) (build 1.8.0_65-b17)
# Java VM: Java HotSpot(TM) 64-Bit Server VM (25.65-b01 mixed mode windows-amd64 compressed oops)
Heap:
 PSYoungGen      total 156672K, used 92455K [0x000000076b800000, 0x000000079c280000, 0x00000007c0000000)
  eden space 156160K, 59% used [0x000000076b800000,0x0000000771211ed8,0x0000000775080000)
  from space 512K, 43% used [0x000000079c200000,0x000000079c238000,0x000000079c280000)
  to   space 512K, 0% used [0x000000079c180000,0x000000079c180000,0x000000079c200000)
 ParOldGen       total 173568K, used 5925K [0x00000006c2800000, 0x00000006cd180000, 0x000000076b800000)
  object space 173568K, 3% used [0x00000006c2800000,0x00000006c2dc9410,0x00000006cd180000)
 Metaspace       used 8365K, capacity 8774K, committed 8960K, reserved 1056768K
  class space    used 660K, capacity 690K, committed 768K, reserved 1048576K
GC Heap History (10 events):
Event: 14.155 GC heap before
{Heap before GC invocations=46 (full 0):
 PSYoungGen      total 187392K, used 186560K [0x000000076b800000, 0x000000079c400000, 0x00000007c0000000)
  eden space 186368K, 100% used [0x000000076b800000,0x0000000776e00000,0x0000000776e00000)
  from space 1024K, 18% used [0x000000079c200000,0x000000079c230000,0x000000079c300000)
  to   space 1024K, 0% used [0x000000079c300000,0x000000079c300000,0x000000079c400000)
 ParOldGen       total 173568K, used 5925K [0x00000006c2800000, 0x00000006cd180000, 0x000000076b800000)
  object space 173568K, 3% used [0x00000006c2800000,0x00000006c2dc9410,0x00000006cd180000)
 Metaspace       used 8365K, capacity 8774K, committed 8960K, reserved 1056768K
  class space    used 660K, capacity 690K, committed 768K, reserved 1048576K
Event: 14.156 GC heap after
Heap after GC invocations=46 (full 0):
 PSYoungGen      total 180224K, used 224K [0x000000076b800000, 0x000000079c380000, 0x00000007c0000000)
  eden space 179712K, 0% used [0x000000076b800000,0x000000076b800000,0x0000000776780000)
  from space 512K, 43% used [0x000000079c300000,0x000000079c338000,0x000000079c380000)
  to   space 1024K, 0% used [0x000000079c180000,0x000000079c180000,0x000000079c280000)
 ParOldGen       total 173568K, used 5925K [0x00000006c2800000, 0x00000006cd180000, 0x000000076b800000)
  object space 173568K, 3% used [0x00000006c2800000,0x00000006c2dc9410,0x00000006cd180000)
 Metaspace       used 8365K, capacity 8774K, committed 8960K, reserved 1056768K
  class space    used 660K, capacity 690K, committed 768K, reserved 1048576K
}
Event: 14.366 GC heap before
{Heap before GC invocations=47 (full 0):
 PSYoungGen      total 180224K, used 179936K [0x000000076b800000, 0x000000079c380000, 0x00000007c0000000)
  eden space 179712K, 100% used [0x000000076b800000,0x0000000776780000,0x0000000776780000)
  from space 512K, 43% used [0x000000079c300000,0x000000079c338000,0x000000079c380000)
  to   space 1024K, 0% used [0x000000079c180000,0x000000079c180000,0x000000079c280000)
 ParOldGen       total 173568K, used 5925K [0x00000006c2800000, 0x00000006cd180000, 0x000000076b800000)
  object space 173568K, 3% used [0x00000006c2800000,0x00000006c2dc9410,0x00000006cd180000)
 Metaspace       used 8365K, capacity 8774K, committed 8960K, reserved 1056768K
  class space    used 660K, capacity 690K, committed 768K, reserved 1048576K
Event: 14.367 GC heap after
Heap after GC invocations=47 (full 0):
 PSYoungGen      total 174592K, used 224K [0x000000076b800000, 0x000000079c380000, 0x00000007c0000000)
  eden space 173568K, 0% used [0x000000076b800000,0x000000076b800000,0x0000000776180000)
  from space 1024K, 21% used [0x000000079c180000,0x000000079c1b8000,0x000000079c280000)
  to   space 1024K, 0% used [0x000000079c280000,0x000000079c280000,0x000000079c380000)
 ParOldGen       total 173568K, used 5925K [0x00000006c2800000, 0x00000006cd180000, 0x000000076b800000)
  object space 173568K, 3% used [0x00000006c2800000,0x00000006c2dc9410,0x00000006cd180000)
 Metaspace       used 8365K, capacity 8774K, committed 8960K, reserved 1056768K
  class space    used 660K, capacity 690K, committed 768K, reserved 1048576K
}
Event: 14.496 GC heap before
{Heap before GC invocations=48 (full 0):
 PSYoungGen      total 174592K, used 173792K [0x000000076b800000, 0x000000079c380000, 0x00000007c0000000)
  eden space 173568K, 100% used [0x000000076b800000,0x0000000776180000,0x0000000776180000)
  from space 1024K, 21% used [0x000000079c180000,0x000000079c1b8000,0x000000079c280000)
  to   space 1024K, 0% used [0x000000079c280000,0x000000079c280000,0x000000079c380000)
 ParOldGen       total 173568K, used 5925K [0x00000006c2800000, 0x00000006cd180000, 0x000000076b800000)
  object space 173568K, 3% used [0x00000006c2800000,0x00000006c2dc9410,0x00000006cd180000)
 Metaspace       used 8365K, capacity 8774K, committed 8960K, reserved 1056768K
  class space    used 660K, capacity 690K, committed 768K, reserved 1048576K
Event: 14.496 GC heap after
Heap after GC invocations=48 (full 0):
 PSYoungGen      total 167936K, used 160K [0x000000076b800000, 0x000000079c300000, 0x00000007c0000000)
  eden space 167424K, 0% used [0x000000076b800000,0x000000076b800000,0x0000000775b80000)
  from space 512K, 31% used [0x000000079c280000,0x000000079c2a8000,0x000000079c300000)
  to   space 1024K, 0% used [0x000000079c100000,0x000000079c100000,0x000000079c200000)
 ParOldGen       total 173568K, used 5925K [0x00000006c2800000, 0x00000006cd180000, 0x000000076b800000)
  object space 173568K, 3% used [0x00000006c2800000,0x00000006c2dc9410,0x00000006cd180000)
 Metaspace       used 8365K, capacity 8774K, committed 8960K, reserved 1056768K
  class space    used 660K, capacity 690K, committed 768K, reserved 1048576K
}
Event: 14.701 GC heap before
{Heap before GC invocations=49 (full 0):
 PSYoungGen      total 167936K, used 167584K [0x000000076b800000, 0x000000079c300000, 0x00000007c0000000)
  eden space 167424K, 100% used [0x000000076b800000,0x0000000775b80000,0x0000000775b80000)
  from space 512K, 31% used [0x000000079c280000,0x000000079c2a8000,0x000000079c300000)
  to   space 1024K, 0% used [0x000000079c100000,0x000000079c100000,0x000000079c200000)
 ParOldGen       total 173568K, used 5925K [0x00000006c2800000, 0x00000006cd180000, 0x000000076b800000)
  object space 173568K, 3% used [0x00000006c2800000,0x00000006c2dc9410,0x00000006cd180000)
 Metaspace       used 8365K, capacity 8774K, committed 8960K, reserved 1056768K
  class space    used 660K, capacity 690K, committed 768K, reserved 1048576K
Event: 14.701 GC heap after
Heap after GC invocations=49 (full 0):
 PSYoungGen      total 162816K, used 224K [0x000000076b800000, 0x000000079c300000, 0x00000007c0000000)
  eden space 161792K, 0% used [0x000000076b800000,0x000000076b800000,0x0000000775600000)
  from space 1024K, 21% used [0x000000079c100000,0x000000079c138000,0x000000079c200000)
  to   space 1024K, 0% used [0x000000079c200000,0x000000079c200000,0x000000079c300000)
 ParOldGen       total 173568K, used 5925K [0x00000006c2800000, 0x00000006cd180000, 0x000000076b800000)
  object space 173568K, 3% used [0x00000006c2800000,0x00000006c2dc9410,0x00000006cd180000)
 Metaspace       used 8365K, capacity 8774K, committed 8960K, reserved 1056768K
  class space    used 660K, capacity 690K, committed 768K, reserved 1048576K
}
Event: 14.844 GC heap before
{Heap before GC invocations=50 (full 0):
 PSYoungGen      total 162816K, used 162016K [0x000000076b800000, 0x000000079c300000, 0x00000007c0000000)
  eden space 161792K, 100% used [0x000000076b800000,0x0000000775600000,0x0000000775600000)
  from space 1024K, 21% used [0x000000079c100000,0x000000079c138000,0x000000079c200000)
  to   space 1024K, 0% used [0x000000079c200000,0x000000079c200000,0x000000079c300000)
 ParOldGen       total 173568K, used 5925K [0x00000006c2800000, 0x00000006cd180000, 0x000000076b800000)
  object space 173568K, 3% used [0x00000006c2800000,0x00000006c2dc9410,0x00000006cd180000)
 Metaspace       used 8365K, capacity 8774K, committed 8960K, reserved 1056768K
  class space    used 660K, capacity 690K, committed 768K, reserved 1048576K
Event: 14.845 GC heap after
Heap after GC invocations=50 (full 0):
 PSYoungGen      total 156672K, used 224K [0x000000076b800000, 0x000000079c280000, 0x00000007c0000000)
  eden space 156160K, 0% used [0x000000076b800000,0x000000076b800000,0x0000000775080000)
  from space 512K, 43% used [0x000000079c200000,0x000000079c238000,0x000000079c280000)
  to   space 512K, 0% used [0x000000079c180000,0x000000079c180000,0x000000079c200000)
 ParOldGen       total 173568K, used 5925K [0x00000006c2800000, 0x00000006cd180000, 0x000000076b800000)
  object space 173568K, 3% used [0x00000006c2800000,0x00000006c2dc9410,0x00000006cd180000)
 Metaspace       used 8365K, capacity 8774K, committed 8960K, reserved 1056768K
  class space    used 660K, capacity 690K, committed 768K, reserved 1048576K
}

