# JRE version: Java(TM) SE Runtime Environment (8.0_65-b17) (build 1.8.0_65-b17)
# Java VM: Java HotSpot(TM) 64-Bit Server VM (25.65-b01 mixed mode windows-amd64 compressed oops)
Heap:
 PSYoungGen      total 405504K, used 165893K [0x000000076b800000, 0x00000007ba800000, 0x00000007c0000000)
  eden space 404992K, 40% used [0x000000076b800000,0x00000007759c95d8,0x0000000784380000)
  from space 512K, 43% used [0x00000007ba780000,0x00000007ba7b8000,0x00000007ba800000)
  to   space 2560K, 0% used [0x00000007ba300000,0x00000007ba300000,0x00000007ba580000)
 ParOldGen       total 173568K, used 31202K [0x00000006c2800000, 0x00000006cd180000, 0x000000076b800000)
  object space 173568K, 17% used [0x00000006c2800000,0x00000006c4678ab0,0x00000006cd180000)
 Metaspace       used 8368K, capacity 8774K, committed 8960K, reserved 1056768K
  class space    used 660K, capacity 690K, committed 768K, reserved 1048576K
GC Heap History (10 events):
Event: 16.604 GC heap before
{Heap before GC invocations=38 (full 0):
 PSYoungGen      total 508416K, used 505024K [0x000000076b800000, 0x00000007baf80000, 0x00000007c0000000)
  eden space 504832K, 100% used [0x000000076b800000,0x000000078a500000,0x000000078a500000)
  from space 3584K, 5% used [0x00000007ba880000,0x00000007ba8b0000,0x00000007bac00000)
  to   space 3584K, 0% used [0x00000007bac00000,0x00000007bac00000,0x00000007baf80000)
 ParOldGen       total 173568K, used 31202K [0x00000006c2800000, 0x00000006cd180000, 0x000000076b800000)
  object space 173568K, 17% used [0x00000006c2800000,0x00000006c4678ab0,0x00000006cd180000)
 Metaspace       used 8368K, capacity 8774K, committed 8960K, reserved 1056768K
  class space    used 660K, capacity 690K, committed 768K, reserved 1048576K
Event: 16.605 GC heap after
Heap after GC invocations=38 (full 0):
 PSYoungGen      total 483328K, used 224K [0x000000076b800000, 0x00000007bac80000, 0x00000007c0000000)
  eden space 482816K, 0% used [0x000000076b800000,0x000000076b800000,0x0000000788f80000)
  from space 512K, 43% used [0x00000007bac00000,0x00000007bac38000,0x00000007bac80000)
  to   space 3072K, 0% used [0x00000007ba680000,0x00000007ba680000,0x00000007ba980000)
 ParOldGen       total 173568K, used 31202K [0x00000006c2800000, 0x00000006cd180000, 0x000000076b800000)
  object space 173568K, 17% used [0x00000006c2800000,0x00000006c4678ab0,0x00000006cd180000)
 Metaspace       used 8368K, capacity 8774K, committed 8960K, reserved 1056768K
  class space    used 660K, capacity 690K, committed 768K, reserved 1048576K
}
Event: 16.937 GC heap before
{Heap before GC invocations=39 (full 0):
 PSYoungGen      total 483328K, used 483040K [0x000000076b800000, 0x00000007bac80000, 0x00000007c0000000)
  eden space 482816K, 100% used [0x000000076b800000,0x0000000788f80000,0x0000000788f80000)
  from space 512K, 43% used [0x00000007bac00000,0x00000007bac38000,0x00000007bac80000)
  to   space 3072K, 0% used [0x00000007ba680000,0x00000007ba680000,0x00000007ba980000)
 ParOldGen       total 173568K, used 31202K [0x00000006c2800000, 0x00000006cd180000, 0x000000076b800000)
  object space 173568K, 17% used [0x00000006c2800000,0x00000006c4678ab0,0x00000006cd180000)
 Metaspace       used 8368K, capacity 8774K, committed 8960K, reserved 1056768K
  class space    used 660K, capacity 690K, committed 768K, reserved 1048576K
Event: 16.937 GC heap after
Heap after GC invocations=39 (full 0):
 PSYoungGen      total 464896K, used 224K [0x000000076b800000, 0x00000007bac80000, 0x00000007c0000000)
  eden space 461824K, 0% used [0x000000076b800000,0x000000076b800000,0x0000000787b00000)
  from space 3072K, 7% used [0x00000007ba680000,0x00000007ba6b8000,0x00000007ba980000)
  to   space 3072K, 0% used [0x00000007ba980000,0x00000007ba980000,0x00000007bac80000)
 ParOldGen       total 173568K, used 31202K [0x00000006c2800000, 0x00000006cd180000, 0x000000076b800000)
  object space 173568K, 17% used [0x00000006c2800000,0x00000006c4678ab0,0x00000006cd180000)
 Metaspace       used 8368K, capacity 8774K, committed 8960K, reserved 1056768K
  class space    used 660K, capacity 690K, committed 768K, reserved 1048576K
}
Event: 17.370 GC heap before
{Heap before GC invocations=40 (full 0):
 PSYoungGen      total 464896K, used 462048K [0x000000076b800000, 0x00000007bac80000, 0x00000007c0000000)
  eden space 461824K, 100% used [0x000000076b800000,0x0000000787b00000,0x0000000787b00000)
  from space 3072K, 7% used [0x00000007ba680000,0x00000007ba6b8000,0x00000007ba980000)
  to   space 3072K, 0% used [0x00000007ba980000,0x00000007ba980000,0x00000007bac80000)
 ParOldGen       total 173568K, used 31202K [0x00000006c2800000, 0x00000006cd180000, 0x000000076b800000)
  object space 173568K, 17% used [0x00000006c2800000,0x00000006c4678ab0,0x00000006cd180000)
 Metaspace       used 8368K, capacity 8774K, committed 8960K, reserved 1056768K
  class space    used 660K, capacity 690K, committed 768K, reserved 1048576K
Event: 17.370 GC heap after
Heap after GC invocations=40 (full 0):
 PSYoungGen      total 442368K, used 224K [0x000000076b800000, 0x00000007baa00000, 0x00000007c0000000)
  eden space 441856K, 0% used [0x000000076b800000,0x000000076b800000,0x0000000786780000)
  from space 512K, 43% used [0x00000007ba980000,0x00000007ba9b8000,0x00000007baa00000)
  to   space 3072K, 0% used [0x00000007ba400000,0x00000007ba400000,0x00000007ba700000)
 ParOldGen       total 173568K, used 31202K [0x00000006c2800000, 0x00000006cd180000, 0x000000076b800000)
  object space 173568K, 17% used [0x00000006c2800000,0x00000006c4678ab0,0x00000006cd180000)
 Metaspace       used 8368K, capacity 8774K, committed 8960K, reserved 1056768K
  class space    used 660K, capacity 690K, committed 768K, reserved 1048576K
}
Event: 17.698 GC heap before
{Heap before GC invocations=41 (full 0):
 PSYoungGen      total 442368K, used 442080K [0x000000076b800000, 0x00000007baa00000, 0x00000007c0000000)
  eden space 441856K, 100% used [0x000000076b800000,0x0000000786780000,0x0000000786780000)
  from space 512K, 43% used [0x00000007ba980000,0x00000007ba9b8000,0x00000007baa00000)
  to   space 3072K, 0% used [0x00000007ba400000,0x00000007ba400000,0x00000007ba700000)
 ParOldGen       total 173568K, used 31202K [0x00000006c2800000, 0x00000006cd180000, 0x000000076b800000)
  object space 173568K, 17% used [0x00000006c2800000,0x00000006c4678ab0,0x00000006cd180000)
 Metaspace       used 8368K, capacity 8774K, committed 8960K, reserved 1056768K
  class space    used 660K, capacity 690K, committed 768K, reserved 1048576K
Event: 17.698 GC heap after
Heap after GC invocations=41 (full 0):
 PSYoungGen      total 425984K, used 224K [0x000000076b800000, 0x00000007baa00000, 0x00000007c0000000)
  eden space 422912K, 0% used [0x000000076b800000,0x000000076b800000,0x0000000785500000)
  from space 3072K, 7% used [0x00000007ba400000,0x00000007ba438000,0x00000007ba700000)
  to   space 2560K, 0% used [0x00000007ba780000,0x00000007ba780000,0x00000007baa00000)
 ParOldGen       total 173568K, used 31202K [0x00000006c2800000, 0x00000006cd180000, 0x000000076b800000)
  object space 173568K, 17% used [0x00000006c2800000,0x00000006c4678ab0,0x00000006cd180000)
 Metaspace       used 8368K, capacity 8774K, committed 8960K, reserved 1056768K
  class space    used 660K, capacity 690K, committed 768K, reserved 1048576K
}
Event: 18.045 GC heap before
{Heap before GC invocations=42 (full 0):
 PSYoungGen      total 425984K, used 423136K [0x000000076b800000, 0x00000007baa00000, 0x00000007c0000000)
  eden space 422912K, 100% used [0x000000076b800000,0x0000000785500000,0x0000000785500000)
  from space 3072K, 7% used [0x00000007ba400000,0x00000007ba438000,0x00000007ba700000)
  to   space 2560K, 0% used [0x00000007ba780000,0x00000007ba780000,0x00000007baa00000)
 ParOldGen       total 173568K, used 31202K [0x00000006c2800000, 0x00000006cd180000, 0x000000076b800000)
  object space 173568K, 17% used [0x00000006c2800000,0x00000006c4678ab0,0x00000006cd180000)
 Metaspace       used 8368K, capacity 8774K, committed 8960K, reserved 1056768K
  class space    used 660K, capacity 690K, committed 768K, reserved 1048576K
Event: 18.046 GC heap after
Heap after GC invocations=42 (full 0):
 PSYoungGen      total 405504K, used 224K [0x000000076b800000, 0x00000007ba800000, 0x00000007c0000000)
  eden space 404992K, 0% used [0x000000076b800000,0x000000076b800000,0x0000000784380000)
  from space 512K, 43% used [0x00000007ba780000,0x00000007ba7b8000,0x00000007ba800000)
  to   space 2560K, 0% used [0x00000007ba300000,0x00000007ba300000,0x00000007ba580000)
 ParOldGen       total 173568K, used 31202K [0x00000006c2800000, 0x00000006cd180000, 0x000000076b800000)
  object space 173568K, 17% used [0x00000006c2800000,0x00000006c4678ab0,0x00000006cd180000)
 Metaspace       used 8368K, capacity 8774K, committed 8960K, reserved 1056768K
  class space    used 660K, capacity 690K, committed 768K, reserved 1048576K
}

