# JRE version: Java(TM) SE Runtime Environment (8.0_65-b17) (build 1.8.0_65-b17)
# Java VM: Java HotSpot(TM) 64-Bit Server VM (25.65-b01 mixed mode windows-amd64 compressed oops)
Heap:
 PSYoungGen      total 1058816K, used 1050848K [0x000000076b800000, 0x00000007aca00000, 0x00000007c0000000)
  eden space 1050624K, 100% used [0x000000076b800000,0x00000007aba00000,0x00000007aba00000)
  from space 8192K, 2% used [0x00000007ac200000,0x00000007ac238000,0x00000007aca00000)
  to   space 8192K, 0% used [0x00000007aba00000,0x00000007aba00000,0x00000007ac200000)
 ParOldGen       total 173568K, used 17785K [0x00000006c2800000, 0x00000006cd180000, 0x000000076b800000)
  object space 173568K, 10% used [0x00000006c2800000,0x00000006c395e568,0x00000006cd180000)
 Metaspace       used 8350K, capacity 8710K, committed 8960K, reserved 1056768K
  class space    used 660K, capacity 690K, committed 768K, reserved 1048576K
GC Heap History (10 events):
Event: 1.424 GC heap before
{Heap before GC invocations=10 (full 0):
 PSYoungGen      total 262144K, used 262120K [0x000000076b800000, 0x0000000785380000, 0x00000007c0000000)
  eden space 260096K, 100% used [0x000000076b800000,0x000000077b600000,0x000000077b600000)
  from space 2048K, 98% used [0x000000077b600000,0x000000077b7fa110,0x000000077b800000)
  to   space 2560K, 0% used [0x0000000785100000,0x0000000785100000,0x0000000785380000)
 ParOldGen       total 173568K, used 1725K [0x00000006c2800000, 0x00000006cd180000, 0x000000076b800000)
  object space 173568K, 0% used [0x00000006c2800000,0x00000006c29af558,0x00000006cd180000)
 Metaspace       used 8242K, capacity 8646K, committed 8960K, reserved 1056768K
  class space    used 655K, capacity 690K, committed 768K, reserved 1048576K
Event: 1.437 GC heap after
Heap after GC invocations=10 (full 0):
 PSYoungGen      total 412672K, used 2533K [0x000000076b800000, 0x0000000785f80000, 0x00000007c0000000)
  eden space 410112K, 0% used [0x000000076b800000,0x000000076b800000,0x0000000784880000)
  from space 2560K, 98% used [0x0000000785100000,0x0000000785379460,0x0000000785380000)
  to   space 8704K, 0% used [0x0000000784880000,0x0000000784880000,0x0000000785100000)
 ParOldGen       total 173568K, used 17137K [0x00000006c2800000, 0x00000006cd180000, 0x000000076b800000)
  object space 173568K, 9% used [0x00000006c2800000,0x00000006c38bc568,0x00000006cd180000)
 Metaspace       used 8242K, capacity 8646K, committed 8960K, reserved 1056768K
  class space    used 655K, capacity 690K, committed 768K, reserved 1048576K
}
Event: 1.811 GC heap before
{Heap before GC invocations=11 (full 0):
 PSYoungGen      total 412672K, used 412645K [0x000000076b800000, 0x0000000785f80000, 0x00000007c0000000)
  eden space 410112K, 100% used [0x000000076b800000,0x0000000784880000,0x0000000784880000)
  from space 2560K, 98% used [0x0000000785100000,0x0000000785379460,0x0000000785380000)
  to   space 8704K, 0% used [0x0000000784880000,0x0000000784880000,0x0000000785100000)
 ParOldGen       total 173568K, used 17137K [0x00000006c2800000, 0x00000006cd180000, 0x000000076b800000)
  object space 173568K, 9% used [0x00000006c2800000,0x00000006c38bc568,0x00000006cd180000)
 Metaspace       used 8296K, capacity 8710K, committed 8960K, reserved 1056768K
  class space    used 660K, capacity 690K, committed 768K, reserved 1048576K
Event: 1.814 GC heap after
Heap after GC invocations=11 (full 0):
 PSYoungGen      total 418816K, used 224K [0x000000076b800000, 0x0000000794a00000, 0x00000007c0000000)
  eden space 410112K, 0% used [0x000000076b800000,0x000000076b800000,0x0000000784880000)
  from space 8704K, 2% used [0x0000000784880000,0x00000007848b8000,0x0000000785100000)
  to   space 8704K, 0% used [0x0000000794180000,0x0000000794180000,0x0000000794a00000)
 ParOldGen       total 173568K, used 17705K [0x00000006c2800000, 0x00000006cd180000, 0x000000076b800000)
  object space 173568K, 10% used [0x00000006c2800000,0x00000006c394a568,0x00000006cd180000)
 Metaspace       used 8296K, capacity 8710K, committed 8960K, reserved 1056768K
  class space    used 660K, capacity 690K, committed 768K, reserved 1048576K
}
Event: 2.148 GC heap before
{Heap before GC invocations=12 (full 0):
 PSYoungGen      total 418816K, used 410336K [0x000000076b800000, 0x0000000794a00000, 0x00000007c0000000)
  eden space 410112K, 100% used [0x000000076b800000,0x0000000784880000,0x0000000784880000)
  from space 8704K, 2% used [0x0000000784880000,0x00000007848b8000,0x0000000785100000)
  to   space 8704K, 0% used [0x0000000794180000,0x0000000794180000,0x0000000794a00000)
 ParOldGen       total 173568K, used 17705K [0x00000006c2800000, 0x00000006cd180000, 0x000000076b800000)
  object space 173568K, 10% used [0x00000006c2800000,0x00000006c394a568,0x00000006cd180000)
 Metaspace       used 8305K, capacity 8710K, committed 8960K, reserved 1056768K
  class space    used 660K, capacity 690K, committed 768K, reserved 1048576K
Event: 2.149 GC heap after
Heap after GC invocations=12 (full 0):
 PSYoungGen      total 665088K, used 128K [0x000000076b800000, 0x0000000794a00000, 0x00000007c0000000)
  eden space 656384K, 0% used [0x000000076b800000,0x000000076b800000,0x0000000793900000)
  from space 8704K, 1% used [0x0000000794180000,0x00000007941a0000,0x0000000794a00000)
  to   space 8704K, 0% used [0x0000000793900000,0x0000000793900000,0x0000000794180000)
 ParOldGen       total 173568K, used 17745K [0x00000006c2800000, 0x00000006cd180000, 0x000000076b800000)
  object space 173568K, 10% used [0x00000006c2800000,0x00000006c3954568,0x00000006cd180000)
 Metaspace       used 8305K, capacity 8710K, committed 8960K, reserved 1056768K
  class space    used 660K, capacity 690K, committed 768K, reserved 1048576K
}
Event: 2.721 GC heap before
{Heap before GC invocations=13 (full 0):
 PSYoungGen      total 665088K, used 656512K [0x000000076b800000, 0x0000000794a00000, 0x00000007c0000000)
  eden space 656384K, 100% used [0x000000076b800000,0x0000000793900000,0x0000000793900000)
  from space 8704K, 1% used [0x0000000794180000,0x00000007941a0000,0x0000000794a00000)
  to   space 8704K, 0% used [0x0000000793900000,0x0000000793900000,0x0000000794180000)
 ParOldGen       total 173568K, used 17745K [0x00000006c2800000, 0x00000006cd180000, 0x000000076b800000)
  object space 173568K, 10% used [0x00000006c2800000,0x00000006c3954568,0x00000006cd180000)
 Metaspace       used 8331K, capacity 8710K, committed 8960K, reserved 1056768K
  class space    used 660K, capacity 690K, committed 768K, reserved 1048576K
Event: 2.722 GC heap after
Heap after GC invocations=13 (full 0):
 PSYoungGen      total 665088K, used 160K [0x000000076b800000, 0x00000007aca00000, 0x00000007c0000000)
  eden space 656384K, 0% used [0x000000076b800000,0x000000076b800000,0x0000000793900000)
  from space 8704K, 1% used [0x0000000793900000,0x0000000793928000,0x0000000794180000)
  to   space 8192K, 0% used [0x00000007ac200000,0x00000007ac200000,0x00000007aca00000)
 ParOldGen       total 173568K, used 17753K [0x00000006c2800000, 0x00000006cd180000, 0x000000076b800000)
  object space 173568K, 10% used [0x00000006c2800000,0x00000006c3956568,0x00000006cd180000)
 Metaspace       used 8331K, capacity 8710K, committed 8960K, reserved 1056768K
  class space    used 660K, capacity 690K, committed 768K, reserved 1048576K
}
Event: 3.219 GC heap before
{Heap before GC invocations=14 (full 0):
 PSYoungGen      total 665088K, used 656544K [0x000000076b800000, 0x00000007aca00000, 0x00000007c0000000)
  eden space 656384K, 100% used [0x000000076b800000,0x0000000793900000,0x0000000793900000)
  from space 8704K, 1% used [0x0000000793900000,0x0000000793928000,0x0000000794180000)
  to   space 8192K, 0% used [0x00000007ac200000,0x00000007ac200000,0x00000007aca00000)
 ParOldGen       total 173568K, used 17753K [0x00000006c2800000, 0x00000006cd180000, 0x000000076b800000)
  object space 173568K, 10% used [0x00000006c2800000,0x00000006c3956568,0x00000006cd180000)
 Metaspace       used 8337K, capacity 8710K, committed 8960K, reserved 1056768K
  class space    used 660K, capacity 690K, committed 768K, reserved 1048576K
Event: 3.219 GC heap after
Heap after GC invocations=14 (full 0):
 PSYoungGen      total 1058816K, used 224K [0x000000076b800000, 0x00000007aca00000, 0x00000007c0000000)
  eden space 1050624K, 0% used [0x000000076b800000,0x000000076b800000,0x00000007aba00000)
  from space 8192K, 2% used [0x00000007ac200000,0x00000007ac238000,0x00000007aca00000)
  to   space 8192K, 0% used [0x00000007aba00000,0x00000007aba00000,0x00000007ac200000)
 ParOldGen       total 173568K, used 17785K [0x00000006c2800000, 0x00000006cd180000, 0x000000076b800000)
  object space 173568K, 10% used [0x00000006c2800000,0x00000006c395e568,0x00000006cd180000)
 Metaspace       used 8337K, capacity 8710K, committed 8960K, reserved 1056768K
  class space    used 660K, capacity 690K, committed 768K, reserved 1048576K
}

