# JRE version: Java(TM) SE Runtime Environment (8.0_65-b17) (build 1.8.0_65-b17)
# Java VM: Java HotSpot(TM) 64-Bit Server VM (25.65-b01 mixed mode windows-amd64 compressed oops)
Heap:
 PSYoungGen      total 170496K, used 106957K [0x000000076b800000, 0x0000000799800000, 0x00000007c0000000)
  eden space 167424K, 63% used [0x000000076b800000,0x000000077203b638,0x0000000775b80000)
  from space 3072K, 7% used [0x0000000799200000,0x0000000799238000,0x0000000799500000)
  to   space 3072K, 0% used [0x0000000799500000,0x0000000799500000,0x0000000799800000)
 ParOldGen       total 173568K, used 5798K [0x00000006c2800000, 0x00000006cd180000, 0x000000076b800000)
  object space 173568K, 3% used [0x00000006c2800000,0x00000006c2da98d8,0x00000006cd180000)
 Metaspace       used 9803K, capacity 9902K, committed 10112K, reserved 1058816K
  class space    used 782K, capacity 826K, committed 896K, reserved 1048576K
GC Heap History (10 events):
Event: 15.482 GC heap before
{Heap before GC invocations=33 (full 0):
 PSYoungGen      total 201216K, used 200896K [0x000000076b800000, 0x0000000799d80000, 0x00000007c0000000)
  eden space 200704K, 100% used [0x000000076b800000,0x0000000777c00000,0x0000000777c00000)
  from space 512K, 37% used [0x0000000799d00000,0x0000000799d30000,0x0000000799d80000)
  to   space 4096K, 0% used [0x0000000799580000,0x0000000799580000,0x0000000799980000)
 ParOldGen       total 173568K, used 5798K [0x00000006c2800000, 0x00000006cd180000, 0x000000076b800000)
  object space 173568K, 3% used [0x00000006c2800000,0x00000006c2da98d8,0x00000006cd180000)
 Metaspace       used 9803K, capacity 9902K, committed 10112K, reserved 1058816K
  class space    used 782K, capacity 826K, committed 896K, reserved 1048576K
Event: 15.482 GC heap after
Heap after GC invocations=33 (full 0):
 PSYoungGen      total 197632K, used 224K [0x000000076b800000, 0x0000000799d80000, 0x00000007c0000000)
  eden space 193536K, 0% used [0x000000076b800000,0x000000076b800000,0x0000000777500000)
  from space 4096K, 5% used [0x0000000799580000,0x00000007995b8000,0x0000000799980000)
  to   space 3584K, 0% used [0x0000000799a00000,0x0000000799a00000,0x0000000799d80000)
 ParOldGen       total 173568K, used 5798K [0x00000006c2800000, 0x00000006cd180000, 0x000000076b800000)
  object space 173568K, 3% used [0x00000006c2800000,0x00000006c2da98d8,0x00000006cd180000)
 Metaspace       used 9803K, capacity 9902K, committed 10112K, reserved 1058816K
  class space    used 782K, capacity 826K, committed 896K, reserved 1048576K
}
Event: 15.774 GC heap before
{Heap before GC invocations=34 (full 0):
 PSYoungGen      total 197632K, used 193760K [0x000000076b800000, 0x0000000799d80000, 0x00000007c0000000)
  eden space 193536K, 100% used [0x000000076b800000,0x0000000777500000,0x0000000777500000)
  from space 4096K, 5% used [0x0000000799580000,0x00000007995b8000,0x0000000799980000)
  to   space 3584K, 0% used [0x0000000799a00000,0x0000000799a00000,0x0000000799d80000)
 ParOldGen       total 173568K, used 5798K [0x00000006c2800000, 0x00000006cd180000, 0x000000076b800000)
  object space 173568K, 3% used [0x00000006c2800000,0x00000006c2da98d8,0x00000006cd180000)
 Metaspace       used 9803K, capacity 9902K, committed 10112K, reserved 1058816K
  class space    used 782K, capacity 826K, committed 896K, reserved 1048576K
Event: 15.775 GC heap after
Heap after GC invocations=34 (full 0):
 PSYoungGen      total 186880K, used 224K [0x000000076b800000, 0x0000000799a80000, 0x00000007c0000000)
  eden space 186368K, 0% used [0x000000076b800000,0x000000076b800000,0x0000000776e00000)
  from space 512K, 43% used [0x0000000799a00000,0x0000000799a38000,0x0000000799a80000)
  to   space 3584K, 0% used [0x0000000799380000,0x0000000799380000,0x0000000799700000)
 ParOldGen       total 173568K, used 5798K [0x00000006c2800000, 0x00000006cd180000, 0x000000076b800000)
  object space 173568K, 3% used [0x00000006c2800000,0x00000006c2da98d8,0x00000006cd180000)
 Metaspace       used 9803K, capacity 9902K, committed 10112K, reserved 1058816K
  class space    used 782K, capacity 826K, committed 896K, reserved 1048576K
}
Event: 16.053 GC heap before
{Heap before GC invocations=35 (full 0):
 PSYoungGen      total 186880K, used 186592K [0x000000076b800000, 0x0000000799a80000, 0x00000007c0000000)
  eden space 186368K, 100% used [0x000000076b800000,0x0000000776e00000,0x0000000776e00000)
  from space 512K, 43% used [0x0000000799a00000,0x0000000799a38000,0x0000000799a80000)
  to   space 3584K, 0% used [0x0000000799380000,0x0000000799380000,0x0000000799700000)
 ParOldGen       total 173568K, used 5798K [0x00000006c2800000, 0x00000006cd180000, 0x000000076b800000)
  object space 173568K, 3% used [0x00000006c2800000,0x00000006c2da98d8,0x00000006cd180000)
 Metaspace       used 9803K, capacity 9902K, committed 10112K, reserved 1058816K
  class space    used 782K, capacity 826K, committed 896K, reserved 1048576K
Event: 16.054 GC heap after
Heap after GC invocations=35 (full 0):
 PSYoungGen      total 183296K, used 224K [0x000000076b800000, 0x0000000799a80000, 0x00000007c0000000)
  eden space 179712K, 0% used [0x000000076b800000,0x000000076b800000,0x0000000776780000)
  from space 3584K, 6% used [0x0000000799380000,0x00000007993b8000,0x0000000799700000)
  to   space 3072K, 0% used [0x0000000799780000,0x0000000799780000,0x0000000799a80000)
 ParOldGen       total 173568K, used 5798K [0x00000006c2800000, 0x00000006cd180000, 0x000000076b800000)
  object space 173568K, 3% used [0x00000006c2800000,0x00000006c2da98d8,0x00000006cd180000)
 Metaspace       used 9803K, capacity 9902K, committed 10112K, reserved 1058816K
  class space    used 782K, capacity 826K, committed 896K, reserved 1048576K
}
Event: 16.312 GC heap before
{Heap before GC invocations=36 (full 0):
 PSYoungGen      total 183296K, used 179936K [0x000000076b800000, 0x0000000799a80000, 0x00000007c0000000)
  eden space 179712K, 100% used [0x000000076b800000,0x0000000776780000,0x0000000776780000)
  from space 3584K, 6% used [0x0000000799380000,0x00000007993b8000,0x0000000799700000)
  to   space 3072K, 0% used [0x0000000799780000,0x0000000799780000,0x0000000799a80000)
 ParOldGen       total 173568K, used 5798K [0x00000006c2800000, 0x00000006cd180000, 0x000000076b800000)
  object space 173568K, 3% used [0x00000006c2800000,0x00000006c2da98d8,0x00000006cd180000)
 Metaspace       used 9803K, capacity 9902K, committed 10112K, reserved 1058816K
  class space    used 782K, capacity 826K, committed 896K, reserved 1048576K
Event: 16.313 GC heap after
Heap after GC invocations=36 (full 0):
 PSYoungGen      total 174080K, used 224K [0x000000076b800000, 0x0000000799800000, 0x00000007c0000000)
  eden space 173568K, 0% used [0x000000076b800000,0x000000076b800000,0x0000000776180000)
  from space 512K, 43% used [0x0000000799780000,0x00000007997b8000,0x0000000799800000)
  to   space 3072K, 0% used [0x0000000799200000,0x0000000799200000,0x0000000799500000)
 ParOldGen       total 173568K, used 5798K [0x00000006c2800000, 0x00000006cd180000, 0x000000076b800000)
  object space 173568K, 3% used [0x00000006c2800000,0x00000006c2da98d8,0x00000006cd180000)
 Metaspace       used 9803K, capacity 9902K, committed 10112K, reserved 1058816K
  class space    used 782K, capacity 826K, committed 896K, reserved 1048576K
}
Event: 16.587 GC heap before
{Heap before GC invocations=37 (full 0):
 PSYoungGen      total 174080K, used 173792K [0x000000076b800000, 0x0000000799800000, 0x00000007c0000000)
  eden space 173568K, 100% used [0x000000076b800000,0x0000000776180000,0x0000000776180000)
  from space 512K, 43% used [0x0000000799780000,0x00000007997b8000,0x0000000799800000)
  to   space 3072K, 0% used [0x0000000799200000,0x0000000799200000,0x0000000799500000)
 ParOldGen       total 173568K, used 5798K [0x00000006c2800000, 0x00000006cd180000, 0x000000076b800000)
  object space 173568K, 3% used [0x00000006c2800000,0x00000006c2da98d8,0x00000006cd180000)
 Metaspace       used 9803K, capacity 9902K, committed 10112K, reserved 1058816K
  class space    used 782K, capacity 826K, committed 896K, reserved 1048576K
Event: 16.588 GC heap after
Heap after GC invocations=37 (full 0):
 PSYoungGen      total 170496K, used 224K [0x000000076b800000, 0x0000000799800000, 0x00000007c0000000)
  eden space 167424K, 0% used [0x000000076b800000,0x000000076b800000,0x0000000775b80000)
  from space 3072K, 7% used [0x0000000799200000,0x0000000799238000,0x0000000799500000)
  to   space 3072K, 0% used [0x0000000799500000,0x0000000799500000,0x0000000799800000)
 ParOldGen       total 173568K, used 5798K [0x00000006c2800000, 0x00000006cd180000, 0x000000076b800000)
  object space 173568K, 3% used [0x00000006c2800000,0x00000006c2da98d8,0x00000006cd180000)
 Metaspace       used 9803K, capacity 9902K, committed 10112K, reserved 1058816K
  class space    used 782K, capacity 826K, committed 896K, reserved 1048576K
}

