# JRE version: Java(TM) SE Runtime Environment (8.0_65-b17) (build 1.8.0_65-b17)
# Java VM: Java HotSpot(TM) 64-Bit Server VM (25.65-b01 mixed mode windows-amd64 compressed oops)
Heap:
 PSYoungGen      total 564224K, used 366128K [0x000000076b800000, 0x00000007b9480000, 0x00000007c0000000)
  eden space 563712K, 64% used [0x000000076b800000,0x0000000781d542e8,0x000000078de80000)
  from space 512K, 43% used [0x00000007b9400000,0x00000007b9438000,0x00000007b9480000)
  to   space 3584K, 0% used [0x00000007b8d80000,0x00000007b8d80000,0x00000007b9100000)
 ParOldGen       total 173568K, used 13038K [0x00000006c2800000, 0x00000006cd180000, 0x000000076b800000)
  object space 173568K, 7% used [0x00000006c2800000,0x00000006c34bb980,0x00000006cd180000)
 Metaspace       used 8360K, capacity 8774K, committed 8960K, reserved 1056768K
  class space    used 660K, capacity 690K, committed 768K, reserved 1048576K
GC Heap History (10 events):
Event: 13.569 GC heap before
{Heap before GC invocations=26 (full 0):
 PSYoungGen      total 715264K, used 709856K [0x000000076b800000, 0x00000007ba080000, 0x00000007c0000000)
  eden space 709632K, 100% used [0x000000076b800000,0x0000000796d00000,0x0000000796d00000)
  from space 5632K, 3% used [0x00000007b9580000,0x00000007b95b8000,0x00000007b9b00000)
  to   space 5120K, 0% used [0x00000007b9b80000,0x00000007b9b80000,0x00000007ba080000)
 ParOldGen       total 173568K, used 13030K [0x00000006c2800000, 0x00000006cd180000, 0x000000076b800000)
  object space 173568K, 7% used [0x00000006c2800000,0x00000006c34b9980,0x00000006cd180000)
 Metaspace       used 8359K, capacity 8774K, committed 8960K, reserved 1056768K
  class space    used 660K, capacity 690K, committed 768K, reserved 1048576K
Event: 13.570 GC heap after
Heap after GC invocations=26 (full 0):
 PSYoungGen      total 677888K, used 224K [0x000000076b800000, 0x00000007b9c00000, 0x00000007c0000000)
  eden space 677376K, 0% used [0x000000076b800000,0x000000076b800000,0x0000000794d80000)
  from space 512K, 43% used [0x00000007b9b80000,0x00000007b9bb8000,0x00000007b9c00000)
  to   space 5120K, 0% used [0x00000007b9200000,0x00000007b9200000,0x00000007b9700000)
 ParOldGen       total 173568K, used 13038K [0x00000006c2800000, 0x00000006cd180000, 0x000000076b800000)
  object space 173568K, 7% used [0x00000006c2800000,0x00000006c34bb980,0x00000006cd180000)
 Metaspace       used 8359K, capacity 8774K, committed 8960K, reserved 1056768K
  class space    used 660K, capacity 690K, committed 768K, reserved 1048576K
}
Event: 14.147 GC heap before
{Heap before GC invocations=27 (full 0):
 PSYoungGen      total 677888K, used 677600K [0x000000076b800000, 0x00000007b9c00000, 0x00000007c0000000)
  eden space 677376K, 100% used [0x000000076b800000,0x0000000794d80000,0x0000000794d80000)
  from space 512K, 43% used [0x00000007b9b80000,0x00000007b9bb8000,0x00000007b9c00000)
  to   space 5120K, 0% used [0x00000007b9200000,0x00000007b9200000,0x00000007b9700000)
 ParOldGen       total 173568K, used 13038K [0x00000006c2800000, 0x00000006cd180000, 0x000000076b800000)
  object space 173568K, 7% used [0x00000006c2800000,0x00000006c34bb980,0x00000006cd180000)
 Metaspace       used 8359K, capacity 8774K, committed 8960K, reserved 1056768K
  class space    used 660K, capacity 690K, committed 768K, reserved 1048576K
Event: 14.147 GC heap after
Heap after GC invocations=27 (full 0):
 PSYoungGen      total 651776K, used 224K [0x000000076b800000, 0x00000007b9c00000, 0x00000007c0000000)
  eden space 646656K, 0% used [0x000000076b800000,0x000000076b800000,0x0000000792f80000)
  from space 5120K, 4% used [0x00000007b9200000,0x00000007b9238000,0x00000007b9700000)
  to   space 4608K, 0% used [0x00000007b9780000,0x00000007b9780000,0x00000007b9c00000)
 ParOldGen       total 173568K, used 13038K [0x00000006c2800000, 0x00000006cd180000, 0x000000076b800000)
  object space 173568K, 7% used [0x00000006c2800000,0x00000006c34bb980,0x00000006cd180000)
 Metaspace       used 8359K, capacity 8774K, committed 8960K, reserved 1056768K
  class space    used 660K, capacity 690K, committed 768K, reserved 1048576K
}
Event: 14.600 GC heap before
{Heap before GC invocations=28 (full 0):
 PSYoungGen      total 651776K, used 646880K [0x000000076b800000, 0x00000007b9c00000, 0x00000007c0000000)
  eden space 646656K, 100% used [0x000000076b800000,0x0000000792f80000,0x0000000792f80000)
  from space 5120K, 4% used [0x00000007b9200000,0x00000007b9238000,0x00000007b9700000)
  to   space 4608K, 0% used [0x00000007b9780000,0x00000007b9780000,0x00000007b9c00000)
 ParOldGen       total 173568K, used 13038K [0x00000006c2800000, 0x00000006cd180000, 0x000000076b800000)
  object space 173568K, 7% used [0x00000006c2800000,0x00000006c34bb980,0x00000006cd180000)
 Metaspace       used 8359K, capacity 8774K, committed 8960K, reserved 1056768K
  class space    used 660K, capacity 690K, committed 768K, reserved 1048576K
Event: 14.601 GC heap after
Heap after GC invocations=28 (full 0):
 PSYoungGen      total 617984K, used 224K [0x000000076b800000, 0x00000007b9800000, 0x00000007c0000000)
  eden space 617472K, 0% used [0x000000076b800000,0x000000076b800000,0x0000000791300000)
  from space 512K, 43% used [0x00000007b9780000,0x00000007b97b8000,0x00000007b9800000)
  to   space 4096K, 0% used [0x00000007b9000000,0x00000007b9000000,0x00000007b9400000)
 ParOldGen       total 173568K, used 13038K [0x00000006c2800000, 0x00000006cd180000, 0x000000076b800000)
  object space 173568K, 7% used [0x00000006c2800000,0x00000006c34bb980,0x00000006cd180000)
 Metaspace       used 8359K, capacity 8774K, committed 8960K, reserved 1056768K
  class space    used 660K, capacity 690K, committed 768K, reserved 1048576K
}
Event: 15.076 GC heap before
{Heap before GC invocations=29 (full 0):
 PSYoungGen      total 617984K, used 617696K [0x000000076b800000, 0x00000007b9800000, 0x00000007c0000000)
  eden space 617472K, 100% used [0x000000076b800000,0x0000000791300000,0x0000000791300000)
  from space 512K, 43% used [0x00000007b9780000,0x00000007b97b8000,0x00000007b9800000)
  to   space 4096K, 0% used [0x00000007b9000000,0x00000007b9000000,0x00000007b9400000)
 ParOldGen       total 173568K, used 13038K [0x00000006c2800000, 0x00000006cd180000, 0x000000076b800000)
  object space 173568K, 7% used [0x00000006c2800000,0x00000006c34bb980,0x00000006cd180000)
 Metaspace       used 8359K, capacity 8774K, committed 8960K, reserved 1056768K
  class space    used 660K, capacity 690K, committed 768K, reserved 1048576K
Event: 15.077 GC heap after
Heap after GC invocations=29 (full 0):
 PSYoungGen      total 593920K, used 224K [0x000000076b800000, 0x00000007b9800000, 0x00000007c0000000)
  eden space 589824K, 0% used [0x000000076b800000,0x000000076b800000,0x000000078f800000)
  from space 4096K, 5% used [0x00000007b9000000,0x00000007b9038000,0x00000007b9400000)
  to   space 4096K, 0% used [0x00000007b9400000,0x00000007b9400000,0x00000007b9800000)
 ParOldGen       total 173568K, used 13038K [0x00000006c2800000, 0x00000006cd180000, 0x000000076b800000)
  object space 173568K, 7% used [0x00000006c2800000,0x00000006c34bb980,0x00000006cd180000)
 Metaspace       used 8359K, capacity 8774K, committed 8960K, reserved 1056768K
  class space    used 660K, capacity 690K, committed 768K, reserved 1048576K
}
Event: 15.565 GC heap before
{Heap before GC invocations=30 (full 0):
 PSYoungGen      total 593920K, used 590048K [0x000000076b800000, 0x00000007b9800000, 0x00000007c0000000)
  eden space 589824K, 100% used [0x000000076b800000,0x000000078f800000,0x000000078f800000)
  from space 4096K, 5% used [0x00000007b9000000,0x00000007b9038000,0x00000007b9400000)
  to   space 4096K, 0% used [0x00000007b9400000,0x00000007b9400000,0x00000007b9800000)
 ParOldGen       total 173568K, used 13038K [0x00000006c2800000, 0x00000006cd180000, 0x000000076b800000)
  object space 173568K, 7% used [0x00000006c2800000,0x00000006c34bb980,0x00000006cd180000)
 Metaspace       used 8359K, capacity 8774K, committed 8960K, reserved 1056768K
  class space    used 660K, capacity 690K, committed 768K, reserved 1048576K
Event: 15.566 GC heap after
Heap after GC invocations=30 (full 0):
 PSYoungGen      total 564224K, used 224K [0x000000076b800000, 0x00000007b9480000, 0x00000007c0000000)
  eden space 563712K, 0% used [0x000000076b800000,0x000000076b800000,0x000000078de80000)
  from space 512K, 43% used [0x00000007b9400000,0x00000007b9438000,0x00000007b9480000)
  to   space 3584K, 0% used [0x00000007b8d80000,0x00000007b8d80000,0x00000007b9100000)
 ParOldGen       total 173568K, used 13038K [0x00000006c2800000, 0x00000006cd180000, 0x000000076b800000)
  object space 173568K, 7% used [0x00000006c2800000,0x00000006c34bb980,0x00000006cd180000)
 Metaspace       used 8359K, capacity 8774K, committed 8960K, reserved 1056768K
  class space    used 660K, capacity 690K, committed 768K, reserved 1048576K
}

