# JRE version: Java(TM) SE Runtime Environment (8.0_65-b17) (build 1.8.0_65-b17)
# Java VM: Java HotSpot(TM) 64-Bit Server VM (25.65-b01 mixed mode windows-amd64 compressed oops)
Heap:
 PSYoungGen      total 999424K, used 623945K [0x000000076b800000, 0x00000007bf700000, 0x00000007c0000000)
  eden space 998912K, 62% used [0x000000076b800000,0x000000079191a448,0x00000007a8780000)
  from space 512K, 43% used [0x00000007bf680000,0x00000007bf6b8000,0x00000007bf700000)
  to   space 9216K, 0% used [0x00000007be500000,0x00000007be500000,0x00000007bee00000)
 ParOldGen       total 173568K, used 25422K [0x00000006c2800000, 0x00000006cd180000, 0x000000076b800000)
  object space 173568K, 14% used [0x00000006c2800000,0x00000006c40d3b88,0x00000006cd180000)
 Metaspace       used 8329K, capacity 8710K, committed 8960K, reserved 1056768K
  class space    used 660K, capacity 690K, committed 768K, reserved 1048576K
GC Heap History (10 events):
Event: 1.659 GC heap before
{Heap before GC invocations=12 (full 0):
 PSYoungGen      total 419840K, used 409984K [0x000000076b800000, 0x0000000794c80000, 0x00000007c0000000)
  eden space 409088K, 100% used [0x000000076b800000,0x0000000784780000,0x0000000784780000)
  from space 10752K, 8% used [0x0000000784780000,0x0000000784860000,0x0000000785200000)
  to   space 10752K, 0% used [0x0000000794200000,0x0000000794200000,0x0000000794c80000)
 ParOldGen       total 173568K, used 24662K [0x00000006c2800000, 0x00000006cd180000, 0x000000076b800000)
  object space 173568K, 14% used [0x00000006c2800000,0x00000006c4015b88,0x00000006cd180000)
 Metaspace       used 8286K, capacity 8710K, committed 8960K, reserved 1056768K
  class space    used 660K, capacity 690K, committed 768K, reserved 1048576K
Event: 1.660 GC heap after
Heap after GC invocations=12 (full 0):
 PSYoungGen      total 665600K, used 64K [0x000000076b800000, 0x0000000794c80000, 0x00000007c0000000)
  eden space 654848K, 0% used [0x000000076b800000,0x000000076b800000,0x0000000793780000)
  from space 10752K, 0% used [0x0000000794200000,0x0000000794210000,0x0000000794c80000)
  to   space 10752K, 0% used [0x0000000793780000,0x0000000793780000,0x0000000794200000)
 ParOldGen       total 173568K, used 25382K [0x00000006c2800000, 0x00000006cd180000, 0x000000076b800000)
  object space 173568K, 14% used [0x00000006c2800000,0x00000006c40c9b88,0x00000006cd180000)
 Metaspace       used 8286K, capacity 8710K, committed 8960K, reserved 1056768K
  class space    used 660K, capacity 690K, committed 768K, reserved 1048576K
}
Event: 1.957 GC heap before
{Heap before GC invocations=13 (full 0):
 PSYoungGen      total 665600K, used 654912K [0x000000076b800000, 0x0000000794c80000, 0x00000007c0000000)
  eden space 654848K, 100% used [0x000000076b800000,0x0000000793780000,0x0000000793780000)
  from space 10752K, 0% used [0x0000000794200000,0x0000000794210000,0x0000000794c80000)
  to   space 10752K, 0% used [0x0000000793780000,0x0000000793780000,0x0000000794200000)
 ParOldGen       total 173568K, used 25382K [0x00000006c2800000, 0x00000006cd180000, 0x000000076b800000)
  object space 173568K, 14% used [0x00000006c2800000,0x00000006c40c9b88,0x00000006cd180000)
 Metaspace       used 8295K, capacity 8710K, committed 8960K, reserved 1056768K
  class space    used 660K, capacity 690K, committed 768K, reserved 1048576K
Event: 1.958 GC heap after
Heap after GC invocations=13 (full 0):
 PSYoungGen      total 665600K, used 224K [0x000000076b800000, 0x00000007acb80000, 0x00000007c0000000)
  eden space 654848K, 0% used [0x000000076b800000,0x000000076b800000,0x0000000793780000)
  from space 10752K, 2% used [0x0000000793780000,0x00000007937b8000,0x0000000794200000)
  to   space 10240K, 0% used [0x00000007ac180000,0x00000007ac180000,0x00000007acb80000)
 ParOldGen       total 173568K, used 25382K [0x00000006c2800000, 0x00000006cd180000, 0x000000076b800000)
  object space 173568K, 14% used [0x00000006c2800000,0x00000006c40c9b88,0x00000006cd180000)
 Metaspace       used 8295K, capacity 8710K, committed 8960K, reserved 1056768K
  class space    used 660K, capacity 690K, committed 768K, reserved 1048576K
}
Event: 2.233 GC heap before
{Heap before GC invocations=14 (full 0):
 PSYoungGen      total 665600K, used 655072K [0x000000076b800000, 0x00000007acb80000, 0x00000007c0000000)
  eden space 654848K, 100% used [0x000000076b800000,0x0000000793780000,0x0000000793780000)
  from space 10752K, 2% used [0x0000000793780000,0x00000007937b8000,0x0000000794200000)
  to   space 10240K, 0% used [0x00000007ac180000,0x00000007ac180000,0x00000007acb80000)
 ParOldGen       total 173568K, used 25382K [0x00000006c2800000, 0x00000006cd180000, 0x000000076b800000)
  object space 173568K, 14% used [0x00000006c2800000,0x00000006c40c9b88,0x00000006cd180000)
 Metaspace       used 8318K, capacity 8710K, committed 8960K, reserved 1056768K
  class space    used 660K, capacity 690K, committed 768K, reserved 1048576K
Event: 2.234 GC heap after
Heap after GC invocations=14 (full 0):
 PSYoungGen      total 1057280K, used 224K [0x000000076b800000, 0x00000007aca80000, 0x00000007c0000000)
  eden space 1048064K, 0% used [0x000000076b800000,0x000000076b800000,0x00000007ab780000)
  from space 9216K, 2% used [0x00000007ac180000,0x00000007ac1b8000,0x00000007aca80000)
  to   space 9728K, 0% used [0x00000007ab780000,0x00000007ab780000,0x00000007ac100000)
 ParOldGen       total 173568K, used 25390K [0x00000006c2800000, 0x00000006cd180000, 0x000000076b800000)
  object space 173568K, 14% used [0x00000006c2800000,0x00000006c40cbb88,0x00000006cd180000)
 Metaspace       used 8318K, capacity 8710K, committed 8960K, reserved 1056768K
  class space    used 660K, capacity 690K, committed 768K, reserved 1048576K
}
Event: 2.717 GC heap before
{Heap before GC invocations=15 (full 0):
 PSYoungGen      total 1057280K, used 1048288K [0x000000076b800000, 0x00000007aca80000, 0x00000007c0000000)
  eden space 1048064K, 100% used [0x000000076b800000,0x00000007ab780000,0x00000007ab780000)
  from space 9216K, 2% used [0x00000007ac180000,0x00000007ac1b8000,0x00000007aca80000)
  to   space 9728K, 0% used [0x00000007ab780000,0x00000007ab780000,0x00000007ac100000)
 ParOldGen       total 173568K, used 25390K [0x00000006c2800000, 0x00000006cd180000, 0x000000076b800000)
  object space 173568K, 14% used [0x00000006c2800000,0x00000006c40cbb88,0x00000006cd180000)
 Metaspace       used 8321K, capacity 8710K, committed 8960K, reserved 1056768K
  class space    used 660K, capacity 690K, committed 768K, reserved 1048576K
Event: 2.718 GC heap after
Heap after GC invocations=15 (full 0):
 PSYoungGen      total 1057792K, used 224K [0x000000076b800000, 0x00000007c0000000, 0x00000007c0000000)
  eden space 1048064K, 0% used [0x000000076b800000,0x000000076b800000,0x00000007ab780000)
  from space 9728K, 2% used [0x00000007ab780000,0x00000007ab7b8000,0x00000007ac100000)
  to   space 9728K, 0% used [0x00000007bf680000,0x00000007bf680000,0x00000007c0000000)
 ParOldGen       total 173568K, used 25422K [0x00000006c2800000, 0x00000006cd180000, 0x000000076b800000)
  object space 173568K, 14% used [0x00000006c2800000,0x00000006c40d3b88,0x00000006cd180000)
 Metaspace       used 8321K, capacity 8710K, committed 8960K, reserved 1056768K
  class space    used 660K, capacity 690K, committed 768K, reserved 1048576K
}
Event: 3.156 GC heap before
{Heap before GC invocations=16 (full 0):
 PSYoungGen      total 1057792K, used 1048288K [0x000000076b800000, 0x00000007c0000000, 0x00000007c0000000)
  eden space 1048064K, 100% used [0x000000076b800000,0x00000007ab780000,0x00000007ab780000)
  from space 9728K, 2% used [0x00000007ab780000,0x00000007ab7b8000,0x00000007ac100000)
  to   space 9728K, 0% used [0x00000007bf680000,0x00000007bf680000,0x00000007c0000000)
 ParOldGen       total 173568K, used 25422K [0x00000006c2800000, 0x00000006cd180000, 0x000000076b800000)
  object space 173568K, 14% used [0x00000006c2800000,0x00000006c40d3b88,0x00000006cd180000)
 Metaspace       used 8329K, capacity 8710K, committed 8960K, reserved 1056768K
  class space    used 660K, capacity 690K, committed 768K, reserved 1048576K
Event: 3.157 GC heap after
Heap after GC invocations=16 (full 0):
 PSYoungGen      total 999424K, used 224K [0x000000076b800000, 0x00000007bf700000, 0x00000007c0000000)
  eden space 998912K, 0% used [0x000000076b800000,0x000000076b800000,0x00000007a8780000)
  from space 512K, 43% used [0x00000007bf680000,0x00000007bf6b8000,0x00000007bf700000)
  to   space 9216K, 0% used [0x00000007be500000,0x00000007be500000,0x00000007bee00000)
 ParOldGen       total 173568K, used 25422K [0x00000006c2800000, 0x00000006cd180000, 0x000000076b800000)
  object space 173568K, 14% used [0x00000006c2800000,0x00000006c40d3b88,0x00000006cd180000)
 Metaspace       used 8329K, capacity 8710K, committed 8960K, reserved 1056768K
  class space    used 660K, capacity 690K, committed 768K, reserved 1048576K
}

