# JRE version: Java(TM) SE Runtime Environment (8.0_65-b17) (build 1.8.0_65-b17)
# Java VM: Java HotSpot(TM) 64-Bit Server VM (25.65-b01 mixed mode windows-amd64 compressed oops)
Heap:
 PSYoungGen      total 1056256K, used 105870K [0x000000076b800000, 0x00000007ac880000, 0x00000007c0000000)
  eden space 1048064K, 10% used [0x000000076b800000,0x0000000771f2ba78,0x00000007ab780000)
  from space 8192K, 2% used [0x00000007ac080000,0x00000007ac0b8000,0x00000007ac880000)
  to   space 8704K, 0% used [0x00000007ab780000,0x00000007ab780000,0x00000007ac000000)
 ParOldGen       total 173568K, used 22123K [0x00000006c2800000, 0x00000006cd180000, 0x000000076b800000)
  object space 173568K, 12% used [0x00000006c2800000,0x00000006c3d9ac58,0x00000006cd180000)
 Metaspace       used 8375K, capacity 8774K, committed 8960K, reserved 1056768K
  class space    used 661K, capacity 690K, committed 768K, reserved 1048576K
GC Heap History (10 events):
Event: 1.377 GC heap before
{Heap before GC invocations=10 (full 0):
 PSYoungGen      total 261632K, used 261618K [0x000000076b800000, 0x0000000785380000, 0x00000007c0000000)
  eden space 260096K, 100% used [0x000000076b800000,0x000000077b600000,0x000000077b600000)
  from space 1536K, 99% used [0x000000077b600000,0x000000077b77ca40,0x000000077b780000)
  to   space 2560K, 0% used [0x0000000785100000,0x0000000785100000,0x0000000785380000)
 ParOldGen       total 173568K, used 2799K [0x00000006c2800000, 0x00000006cd180000, 0x000000076b800000)
  object space 173568K, 1% used [0x00000006c2800000,0x00000006c2abbc48,0x00000006cd180000)
 Metaspace       used 8214K, capacity 8646K, committed 8960K, reserved 1056768K
  class space    used 655K, capacity 690K, committed 768K, reserved 1048576K
Event: 1.392 GC heap after
Heap after GC invocations=10 (full 0):
 PSYoungGen      total 411648K, used 2532K [0x000000076b800000, 0x0000000786180000, 0x00000007c0000000)
  eden space 409088K, 0% used [0x000000076b800000,0x000000076b800000,0x0000000784780000)
  from space 2560K, 98% used [0x0000000785100000,0x0000000785379008,0x0000000785380000)
  to   space 9728K, 0% used [0x0000000784780000,0x0000000784780000,0x0000000785100000)
 ParOldGen       total 173568K, used 20559K [0x00000006c2800000, 0x00000006cd180000, 0x000000076b800000)
  object space 173568K, 11% used [0x00000006c2800000,0x00000006c3c13c48,0x00000006cd180000)
 Metaspace       used 8214K, capacity 8646K, committed 8960K, reserved 1056768K
  class space    used 655K, capacity 690K, committed 768K, reserved 1048576K
}
Event: 1.790 GC heap before
{Heap before GC invocations=11 (full 0):
 PSYoungGen      total 411648K, used 411620K [0x000000076b800000, 0x0000000786180000, 0x00000007c0000000)
  eden space 409088K, 100% used [0x000000076b800000,0x0000000784780000,0x0000000784780000)
  from space 2560K, 98% used [0x0000000785100000,0x0000000785379008,0x0000000785380000)
  to   space 9728K, 0% used [0x0000000784780000,0x0000000784780000,0x0000000785100000)
 ParOldGen       total 173568K, used 20559K [0x00000006c2800000, 0x00000006cd180000, 0x000000076b800000)
  object space 173568K, 11% used [0x00000006c2800000,0x00000006c3c13c48,0x00000006cd180000)
 Metaspace       used 8326K, capacity 8710K, committed 8960K, reserved 1056768K
  class space    used 661K, capacity 690K, committed 768K, reserved 1048576K
Event: 1.794 GC heap after
Heap after GC invocations=11 (full 0):
 PSYoungGen      total 418816K, used 544K [0x000000076b800000, 0x0000000794980000, 0x00000007c0000000)
  eden space 409088K, 0% used [0x000000076b800000,0x000000076b800000,0x0000000784780000)
  from space 9728K, 5% used [0x0000000784780000,0x0000000784808000,0x0000000785100000)
  to   space 9216K, 0% used [0x0000000794080000,0x0000000794080000,0x0000000794980000)
 ParOldGen       total 173568K, used 21715K [0x00000006c2800000, 0x00000006cd180000, 0x000000076b800000)
  object space 173568K, 12% used [0x00000006c2800000,0x00000006c3d34c58,0x00000006cd180000)
 Metaspace       used 8326K, capacity 8710K, committed 8960K, reserved 1056768K
  class space    used 661K, capacity 690K, committed 768K, reserved 1048576K
}
Event: 2.102 GC heap before
{Heap before GC invocations=12 (full 0):
 PSYoungGen      total 418816K, used 409632K [0x000000076b800000, 0x0000000794980000, 0x00000007c0000000)
  eden space 409088K, 100% used [0x000000076b800000,0x0000000784780000,0x0000000784780000)
  from space 9728K, 5% used [0x0000000784780000,0x0000000784808000,0x0000000785100000)
  to   space 9216K, 0% used [0x0000000794080000,0x0000000794080000,0x0000000794980000)
 ParOldGen       total 173568K, used 21715K [0x00000006c2800000, 0x00000006cd180000, 0x000000076b800000)
  object space 173568K, 12% used [0x00000006c2800000,0x00000006c3d34c58,0x00000006cd180000)
 Metaspace       used 8355K, capacity 8710K, committed 8960K, reserved 1056768K
  class space    used 661K, capacity 690K, committed 768K, reserved 1048576K
Event: 2.103 GC heap after
Heap after GC invocations=12 (full 0):
 PSYoungGen      total 664064K, used 224K [0x000000076b800000, 0x0000000794980000, 0x00000007c0000000)
  eden space 654848K, 0% used [0x000000076b800000,0x000000076b800000,0x0000000793780000)
  from space 9216K, 2% used [0x0000000794080000,0x00000007940b8000,0x0000000794980000)
  to   space 9216K, 0% used [0x0000000793780000,0x0000000793780000,0x0000000794080000)
 ParOldGen       total 173568K, used 22091K [0x00000006c2800000, 0x00000006cd180000, 0x000000076b800000)
  object space 173568K, 12% used [0x00000006c2800000,0x00000006c3d92c58,0x00000006cd180000)
 Metaspace       used 8355K, capacity 8710K, committed 8960K, reserved 1056768K
  class space    used 661K, capacity 690K, committed 768K, reserved 1048576K
}
Event: 2.600 GC heap before
{Heap before GC invocations=13 (full 0):
 PSYoungGen      total 664064K, used 655072K [0x000000076b800000, 0x0000000794980000, 0x00000007c0000000)
  eden space 654848K, 100% used [0x000000076b800000,0x0000000793780000,0x0000000793780000)
  from space 9216K, 2% used [0x0000000794080000,0x00000007940b8000,0x0000000794980000)
  to   space 9216K, 0% used [0x0000000793780000,0x0000000793780000,0x0000000794080000)
 ParOldGen       total 173568K, used 22091K [0x00000006c2800000, 0x00000006cd180000, 0x000000076b800000)
  object space 173568K, 12% used [0x00000006c2800000,0x00000006c3d92c58,0x00000006cd180000)
 Metaspace       used 8367K, capacity 8774K, committed 8960K, reserved 1056768K
  class space    used 661K, capacity 690K, committed 768K, reserved 1048576K
Event: 2.601 GC heap after
Heap after GC invocations=13 (full 0):
 PSYoungGen      total 664064K, used 256K [0x000000076b800000, 0x00000007ac980000, 0x00000007c0000000)
  eden space 654848K, 0% used [0x000000076b800000,0x000000076b800000,0x0000000793780000)
  from space 9216K, 2% used [0x0000000793780000,0x00000007937c0000,0x0000000794080000)
  to   space 9216K, 0% used [0x00000007ac080000,0x00000007ac080000,0x00000007ac980000)
 ParOldGen       total 173568K, used 22123K [0x00000006c2800000, 0x00000006cd180000, 0x000000076b800000)
  object space 173568K, 12% used [0x00000006c2800000,0x00000006c3d9ac58,0x00000006cd180000)
 Metaspace       used 8367K, capacity 8774K, committed 8960K, reserved 1056768K
  class space    used 661K, capacity 690K, committed 768K, reserved 1048576K
}
Event: 3.097 GC heap before
{Heap before GC invocations=14 (full 0):
 PSYoungGen      total 664064K, used 655104K [0x000000076b800000, 0x00000007ac980000, 0x00000007c0000000)
  eden space 654848K, 100% used [0x000000076b800000,0x0000000793780000,0x0000000793780000)
  from space 9216K, 2% used [0x0000000793780000,0x00000007937c0000,0x0000000794080000)
  to   space 9216K, 0% used [0x00000007ac080000,0x00000007ac080000,0x00000007ac980000)
 ParOldGen       total 173568K, used 22123K [0x00000006c2800000, 0x00000006cd180000, 0x000000076b800000)
  object space 173568K, 12% used [0x00000006c2800000,0x00000006c3d9ac58,0x00000006cd180000)
 Metaspace       used 8375K, capacity 8774K, committed 8960K, reserved 1056768K
  class space    used 661K, capacity 690K, committed 768K, reserved 1048576K
Event: 3.098 GC heap after
Heap after GC invocations=14 (full 0):
 PSYoungGen      total 1056256K, used 224K [0x000000076b800000, 0x00000007ac880000, 0x00000007c0000000)
  eden space 1048064K, 0% used [0x000000076b800000,0x000000076b800000,0x00000007ab780000)
  from space 8192K, 2% used [0x00000007ac080000,0x00000007ac0b8000,0x00000007ac880000)
  to   space 8704K, 0% used [0x00000007ab780000,0x00000007ab780000,0x00000007ac000000)
 ParOldGen       total 173568K, used 22123K [0x00000006c2800000, 0x00000006cd180000, 0x000000076b800000)
  object space 173568K, 12% used [0x00000006c2800000,0x00000006c3d9ac58,0x00000006cd180000)
 Metaspace       used 8375K, capacity 8774K, committed 8960K, reserved 1056768K
  class space    used 661K, capacity 690K, committed 768K, reserved 1048576K
}

