# JRE version: Java(TM) SE Runtime Environment (8.0_65-b17) (build 1.8.0_65-b17)
# Java VM: Java HotSpot(TM) 64-Bit Server VM (25.65-b01 mixed mode windows-amd64 compressed oops)
Heap:
 PSYoungGen      total 65024K, used 58055K [0x000000076b800000, 0x000000078a780000, 0x00000007c0000000)
  eden space 64512K, 89% used [0x000000076b800000,0x000000076f0b1e68,0x000000076f700000)
  from space 512K, 0% used [0x000000078a700000,0x000000078a700000,0x000000078a780000)
  to   space 512K, 0% used [0x000000078a680000,0x000000078a680000,0x000000078a700000)
 ParOldGen       total 173568K, used 1515K [0x00000006c2800000, 0x00000006cd180000, 0x000000076b800000)
  object space 173568K, 0% used [0x00000006c2800000,0x00000006c297ac80,0x00000006cd180000)
 Metaspace       used 7639K, capacity 8390K, committed 8576K, reserved 1056768K
  class space    used 592K, capacity 626K, committed 640K, reserved 1048576K
GC Heap History (10 events):
Event: 10.154 GC heap before
{Heap before GC invocations=92 (full 0):
 PSYoungGen      total 72704K, used 72256K [0x000000076b800000, 0x000000078a780000, 0x00000007c0000000)
  eden space 72192K, 100% used [0x000000076b800000,0x000000076fe80000,0x000000076fe80000)
  from space 512K, 12% used [0x000000078a680000,0x000000078a690000,0x000000078a700000)
  to   space 512K, 0% used [0x000000078a700000,0x000000078a700000,0x000000078a780000)
 ParOldGen       total 173568K, used 1499K [0x00000006c2800000, 0x00000006cd180000, 0x000000076b800000)
  object space 173568K, 0% used [0x00000006c2800000,0x00000006c2976c80,0x00000006cd180000)
 Metaspace       used 7638K, capacity 8390K, committed 8576K, reserved 1056768K
  class space    used 592K, capacity 626K, committed 640K, reserved 1048576K
Event: 10.155 GC heap after
Heap after GC invocations=92 (full 0):
 PSYoungGen      total 71168K, used 64K [0x000000076b800000, 0x000000078a780000, 0x00000007c0000000)
  eden space 70656K, 0% used [0x000000076b800000,0x000000076b800000,0x000000076fd00000)
  from space 512K, 12% used [0x000000078a700000,0x000000078a710000,0x000000078a780000)
  to   space 512K, 0% used [0x000000078a680000,0x000000078a680000,0x000000078a700000)
 ParOldGen       total 173568K, used 1499K [0x00000006c2800000, 0x00000006cd180000, 0x000000076b800000)
  object space 173568K, 0% used [0x00000006c2800000,0x00000006c2976c80,0x00000006cd180000)
 Metaspace       used 7638K, capacity 8390K, committed 8576K, reserved 1056768K
  class space    used 592K, capacity 626K, committed 640K, reserved 1048576K
}
Event: 10.201 GC heap before
{Heap before GC invocations=93 (full 0):
 PSYoungGen      total 71168K, used 70720K [0x000000076b800000, 0x000000078a780000, 0x00000007c0000000)
  eden space 70656K, 100% used [0x000000076b800000,0x000000076fd00000,0x000000076fd00000)
  from space 512K, 12% used [0x000000078a700000,0x000000078a710000,0x000000078a780000)
  to   space 512K, 0% used [0x000000078a680000,0x000000078a680000,0x000000078a700000)
 ParOldGen       total 173568K, used 1499K [0x00000006c2800000, 0x00000006cd180000, 0x000000076b800000)
  object space 173568K, 0% used [0x00000006c2800000,0x00000006c2976c80,0x00000006cd180000)
 Metaspace       used 7638K, capacity 8390K, committed 8576K, reserved 1056768K
  class space    used 592K, capacity 626K, committed 640K, reserved 1048576K
Event: 10.202 GC heap after
Heap after GC invocations=93 (full 0):
 PSYoungGen      total 69632K, used 64K [0x000000076b800000, 0x000000078a780000, 0x00000007c0000000)
  eden space 69120K, 0% used [0x000000076b800000,0x000000076b800000,0x000000076fb80000)
  from space 512K, 12% used [0x000000078a680000,0x000000078a690000,0x000000078a700000)
  to   space 512K, 0% used [0x000000078a700000,0x000000078a700000,0x000000078a780000)
 ParOldGen       total 173568K, used 1499K [0x00000006c2800000, 0x00000006cd180000, 0x000000076b800000)
  object space 173568K, 0% used [0x00000006c2800000,0x00000006c2976c80,0x00000006cd180000)
 Metaspace       used 7638K, capacity 8390K, committed 8576K, reserved 1056768K
  class space    used 592K, capacity 626K, committed 640K, reserved 1048576K
}
Event: 10.249 GC heap before
{Heap before GC invocations=94 (full 0):
 PSYoungGen      total 69632K, used 69184K [0x000000076b800000, 0x000000078a780000, 0x00000007c0000000)
  eden space 69120K, 100% used [0x000000076b800000,0x000000076fb80000,0x000000076fb80000)
  from space 512K, 12% used [0x000000078a680000,0x000000078a690000,0x000000078a700000)
  to   space 512K, 0% used [0x000000078a700000,0x000000078a700000,0x000000078a780000)
 ParOldGen       total 173568K, used 1499K [0x00000006c2800000, 0x00000006cd180000, 0x000000076b800000)
  object space 173568K, 0% used [0x00000006c2800000,0x00000006c2976c80,0x00000006cd180000)
 Metaspace       used 7638K, capacity 8390K, committed 8576K, reserved 1056768K
  class space    used 592K, capacity 626K, committed 640K, reserved 1048576K
Event: 10.249 GC heap after
Heap after GC invocations=94 (full 0):
 PSYoungGen      total 68096K, used 64K [0x000000076b800000, 0x000000078a780000, 0x00000007c0000000)
  eden space 67584K, 0% used [0x000000076b800000,0x000000076b800000,0x000000076fa00000)
  from space 512K, 12% used [0x000000078a700000,0x000000078a710000,0x000000078a780000)
  to   space 512K, 0% used [0x000000078a680000,0x000000078a680000,0x000000078a700000)
 ParOldGen       total 173568K, used 1499K [0x00000006c2800000, 0x00000006cd180000, 0x000000076b800000)
  object space 173568K, 0% used [0x00000006c2800000,0x00000006c2976c80,0x00000006cd180000)
 Metaspace       used 7638K, capacity 8390K, committed 8576K, reserved 1056768K
  class space    used 592K, capacity 626K, committed 640K, reserved 1048576K
}
Event: 10.295 GC heap before
{Heap before GC invocations=95 (full 0):
 PSYoungGen      total 68096K, used 67648K [0x000000076b800000, 0x000000078a780000, 0x00000007c0000000)
  eden space 67584K, 100% used [0x000000076b800000,0x000000076fa00000,0x000000076fa00000)
  from space 512K, 12% used [0x000000078a700000,0x000000078a710000,0x000000078a780000)
  to   space 512K, 0% used [0x000000078a680000,0x000000078a680000,0x000000078a700000)
 ParOldGen       total 173568K, used 1499K [0x00000006c2800000, 0x00000006cd180000, 0x000000076b800000)
  object space 173568K, 0% used [0x00000006c2800000,0x00000006c2976c80,0x00000006cd180000)
 Metaspace       used 7638K, capacity 8390K, committed 8576K, reserved 1056768K
  class space    used 592K, capacity 626K, committed 640K, reserved 1048576K
Event: 10.295 GC heap after
Heap after GC invocations=95 (full 0):
 PSYoungGen      total 66560K, used 64K [0x000000076b800000, 0x000000078a780000, 0x00000007c0000000)
  eden space 66048K, 0% used [0x000000076b800000,0x000000076b800000,0x000000076f880000)
  from space 512K, 12% used [0x000000078a680000,0x000000078a690000,0x000000078a700000)
  to   space 512K, 0% used [0x000000078a700000,0x000000078a700000,0x000000078a780000)
 ParOldGen       total 173568K, used 1499K [0x00000006c2800000, 0x00000006cd180000, 0x000000076b800000)
  object space 173568K, 0% used [0x00000006c2800000,0x00000006c2976c80,0x00000006cd180000)
 Metaspace       used 7638K, capacity 8390K, committed 8576K, reserved 1056768K
  class space    used 592K, capacity 626K, committed 640K, reserved 1048576K
}
Event: 10.339 GC heap before
{Heap before GC invocations=96 (full 0):
 PSYoungGen      total 66560K, used 66112K [0x000000076b800000, 0x000000078a780000, 0x00000007c0000000)
  eden space 66048K, 100% used [0x000000076b800000,0x000000076f880000,0x000000076f880000)
  from space 512K, 12% used [0x000000078a680000,0x000000078a690000,0x000000078a700000)
  to   space 512K, 0% used [0x000000078a700000,0x000000078a700000,0x000000078a780000)
 ParOldGen       total 173568K, used 1499K [0x00000006c2800000, 0x00000006cd180000, 0x000000076b800000)
  object space 173568K, 0% used [0x00000006c2800000,0x00000006c2976c80,0x00000006cd180000)
 Metaspace       used 7638K, capacity 8390K, committed 8576K, reserved 1056768K
  class space    used 592K, capacity 626K, committed 640K, reserved 1048576K
Event: 10.339 GC heap after
Heap after GC invocations=96 (full 0):
 PSYoungGen      total 65024K, used 0K [0x000000076b800000, 0x000000078a780000, 0x00000007c0000000)
  eden space 64512K, 0% used [0x000000076b800000,0x000000076b800000,0x000000076f700000)
  from space 512K, 0% used [0x000000078a700000,0x000000078a700000,0x000000078a780000)
  to   space 512K, 0% used [0x000000078a680000,0x000000078a680000,0x000000078a700000)
 ParOldGen       total 173568K, used 1515K [0x00000006c2800000, 0x00000006cd180000, 0x000000076b800000)
  object space 173568K, 0% used [0x00000006c2800000,0x00000006c297ac80,0x00000006cd180000)
 Metaspace       used 7638K, capacity 8390K, committed 8576K, reserved 1056768K
  class space    used 592K, capacity 626K, committed 640K, reserved 1048576K
}

