# JRE version: Java(TM) SE Runtime Environment (8.0_65-b17) (build 1.8.0_65-b17)
# Java VM: Java HotSpot(TM) 64-Bit Server VM (25.65-b01 mixed mode windows-amd64 compressed oops)
Heap:
 PSYoungGen      total 152576K, used 47983K [0x000000076b800000, 0x00000007bab80000, 0x00000007c0000000)
  eden space 152064K, 31% used [0x000000076b800000,0x000000076e6a3f78,0x0000000774c80000)
  from space 512K, 43% used [0x00000007baa80000,0x00000007baab8000,0x00000007bab00000)
  to   space 512K, 0% used [0x00000007bab00000,0x00000007bab00000,0x00000007bab80000)
 ParOldGen       total 173568K, used 30559K [0x00000006c2800000, 0x00000006cd180000, 0x000000076b800000)
  object space 173568K, 17% used [0x00000006c2800000,0x00000006c45d7ea0,0x00000006cd180000)
 Metaspace       used 8404K, capacity 8774K, committed 8960K, reserved 1056768K
  class space    used 662K, capacity 690K, committed 768K, reserved 1048576K
GC Heap History (10 events):
Event: 23.083 GC heap before
{Heap before GC invocations=205 (full 0):
 PSYoungGen      total 181248K, used 180960K [0x000000076b800000, 0x00000007bab80000, 0x00000007c0000000)
  eden space 180736K, 100% used [0x000000076b800000,0x0000000776880000,0x0000000776880000)
  from space 512K, 43% used [0x00000007bab00000,0x00000007bab38000,0x00000007bab80000)
  to   space 512K, 0% used [0x00000007baa80000,0x00000007baa80000,0x00000007bab00000)
 ParOldGen       total 173568K, used 30559K [0x00000006c2800000, 0x00000006cd180000, 0x000000076b800000)
  object space 173568K, 17% used [0x00000006c2800000,0x00000006c45d7ea0,0x00000006cd180000)
 Metaspace       used 8404K, capacity 8774K, committed 8960K, reserved 1056768K
  class space    used 662K, capacity 690K, committed 768K, reserved 1048576K
Event: 23.084 GC heap after
Heap after GC invocations=205 (full 0):
 PSYoungGen      total 175104K, used 224K [0x000000076b800000, 0x00000007bab80000, 0x00000007c0000000)
  eden space 174592K, 0% used [0x000000076b800000,0x000000076b800000,0x0000000776280000)
  from space 512K, 43% used [0x00000007baa80000,0x00000007baab8000,0x00000007bab00000)
  to   space 512K, 0% used [0x00000007bab00000,0x00000007bab00000,0x00000007bab80000)
 ParOldGen       total 173568K, used 30559K [0x00000006c2800000, 0x00000006cd180000, 0x000000076b800000)
  object space 173568K, 17% used [0x00000006c2800000,0x00000006c45d7ea0,0x00000006cd180000)
 Metaspace       used 8404K, capacity 8774K, committed 8960K, reserved 1056768K
  class space    used 662K, capacity 690K, committed 768K, reserved 1048576K
}
Event: 23.186 GC heap before
{Heap before GC invocations=206 (full 0):
 PSYoungGen      total 175104K, used 174816K [0x000000076b800000, 0x00000007bab80000, 0x00000007c0000000)
  eden space 174592K, 100% used [0x000000076b800000,0x0000000776280000,0x0000000776280000)
  from space 512K, 43% used [0x00000007baa80000,0x00000007baab8000,0x00000007bab00000)
  to   space 512K, 0% used [0x00000007bab00000,0x00000007bab00000,0x00000007bab80000)
 ParOldGen       total 173568K, used 30559K [0x00000006c2800000, 0x00000006cd180000, 0x000000076b800000)
  object space 173568K, 17% used [0x00000006c2800000,0x00000006c45d7ea0,0x00000006cd180000)
 Metaspace       used 8404K, capacity 8774K, committed 8960K, reserved 1056768K
  class space    used 662K, capacity 690K, committed 768K, reserved 1048576K
Event: 23.186 GC heap after
Heap after GC invocations=206 (full 0):
 PSYoungGen      total 168960K, used 224K [0x000000076b800000, 0x00000007bab80000, 0x00000007c0000000)
  eden space 168448K, 0% used [0x000000076b800000,0x000000076b800000,0x0000000775c80000)
  from space 512K, 43% used [0x00000007bab00000,0x00000007bab38000,0x00000007bab80000)
  to   space 512K, 0% used [0x00000007baa80000,0x00000007baa80000,0x00000007bab00000)
 ParOldGen       total 173568K, used 30559K [0x00000006c2800000, 0x00000006cd180000, 0x000000076b800000)
  object space 173568K, 17% used [0x00000006c2800000,0x00000006c45d7ea0,0x00000006cd180000)
 Metaspace       used 8404K, capacity 8774K, committed 8960K, reserved 1056768K
  class space    used 662K, capacity 690K, committed 768K, reserved 1048576K
}
Event: 23.286 GC heap before
{Heap before GC invocations=207 (full 0):
 PSYoungGen      total 168960K, used 168672K [0x000000076b800000, 0x00000007bab80000, 0x00000007c0000000)
  eden space 168448K, 100% used [0x000000076b800000,0x0000000775c80000,0x0000000775c80000)
  from space 512K, 43% used [0x00000007bab00000,0x00000007bab38000,0x00000007bab80000)
  to   space 512K, 0% used [0x00000007baa80000,0x00000007baa80000,0x00000007bab00000)
 ParOldGen       total 173568K, used 30559K [0x00000006c2800000, 0x00000006cd180000, 0x000000076b800000)
  object space 173568K, 17% used [0x00000006c2800000,0x00000006c45d7ea0,0x00000006cd180000)
 Metaspace       used 8404K, capacity 8774K, committed 8960K, reserved 1056768K
  class space    used 662K, capacity 690K, committed 768K, reserved 1048576K
Event: 23.287 GC heap after
Heap after GC invocations=207 (full 0):
 PSYoungGen      total 163328K, used 192K [0x000000076b800000, 0x00000007bab80000, 0x00000007c0000000)
  eden space 162816K, 0% used [0x000000076b800000,0x000000076b800000,0x0000000775700000)
  from space 512K, 37% used [0x00000007baa80000,0x00000007baab0000,0x00000007bab00000)
  to   space 512K, 0% used [0x00000007bab00000,0x00000007bab00000,0x00000007bab80000)
 ParOldGen       total 173568K, used 30559K [0x00000006c2800000, 0x00000006cd180000, 0x000000076b800000)
  object space 173568K, 17% used [0x00000006c2800000,0x00000006c45d7ea0,0x00000006cd180000)
 Metaspace       used 8404K, capacity 8774K, committed 8960K, reserved 1056768K
  class space    used 662K, capacity 690K, committed 768K, reserved 1048576K
}
Event: 23.363 GC heap before
{Heap before GC invocations=208 (full 0):
 PSYoungGen      total 163328K, used 163008K [0x000000076b800000, 0x00000007bab80000, 0x00000007c0000000)
  eden space 162816K, 100% used [0x000000076b800000,0x0000000775700000,0x0000000775700000)
  from space 512K, 37% used [0x00000007baa80000,0x00000007baab0000,0x00000007bab00000)
  to   space 512K, 0% used [0x00000007bab00000,0x00000007bab00000,0x00000007bab80000)
 ParOldGen       total 173568K, used 30559K [0x00000006c2800000, 0x00000006cd180000, 0x000000076b800000)
  object space 173568K, 17% used [0x00000006c2800000,0x00000006c45d7ea0,0x00000006cd180000)
 Metaspace       used 8404K, capacity 8774K, committed 8960K, reserved 1056768K
  class space    used 662K, capacity 690K, committed 768K, reserved 1048576K
Event: 23.364 GC heap after
Heap after GC invocations=208 (full 0):
 PSYoungGen      total 157696K, used 224K [0x000000076b800000, 0x00000007bab80000, 0x00000007c0000000)
  eden space 157184K, 0% used [0x000000076b800000,0x000000076b800000,0x0000000775180000)
  from space 512K, 43% used [0x00000007bab00000,0x00000007bab38000,0x00000007bab80000)
  to   space 512K, 0% used [0x00000007baa80000,0x00000007baa80000,0x00000007bab00000)
 ParOldGen       total 173568K, used 30559K [0x00000006c2800000, 0x00000006cd180000, 0x000000076b800000)
  object space 173568K, 17% used [0x00000006c2800000,0x00000006c45d7ea0,0x00000006cd180000)
 Metaspace       used 8404K, capacity 8774K, committed 8960K, reserved 1056768K
  class space    used 662K, capacity 690K, committed 768K, reserved 1048576K
}
Event: 23.441 GC heap before
{Heap before GC invocations=209 (full 0):
 PSYoungGen      total 157696K, used 157408K [0x000000076b800000, 0x00000007bab80000, 0x00000007c0000000)
  eden space 157184K, 100% used [0x000000076b800000,0x0000000775180000,0x0000000775180000)
  from space 512K, 43% used [0x00000007bab00000,0x00000007bab38000,0x00000007bab80000)
  to   space 512K, 0% used [0x00000007baa80000,0x00000007baa80000,0x00000007bab00000)
 ParOldGen       total 173568K, used 30559K [0x00000006c2800000, 0x00000006cd180000, 0x000000076b800000)
  object space 173568K, 17% used [0x00000006c2800000,0x00000006c45d7ea0,0x00000006cd180000)
 Metaspace       used 8404K, capacity 8774K, committed 8960K, reserved 1056768K
  class space    used 662K, capacity 690K, committed 768K, reserved 1048576K
Event: 23.442 GC heap after
Heap after GC invocations=209 (full 0):
 PSYoungGen      total 152576K, used 224K [0x000000076b800000, 0x00000007bab80000, 0x00000007c0000000)
  eden space 152064K, 0% used [0x000000076b800000,0x000000076b800000,0x0000000774c80000)
  from space 512K, 43% used [0x00000007baa80000,0x00000007baab8000,0x00000007bab00000)
  to   space 512K, 0% used [0x00000007bab00000,0x00000007bab00000,0x00000007bab80000)
 ParOldGen       total 173568K, used 30559K [0x00000006c2800000, 0x00000006cd180000, 0x000000076b800000)
  object space 173568K, 17% used [0x00000006c2800000,0x00000006c45d7ea0,0x00000006cd180000)
 Metaspace       used 8404K, capacity 8774K, committed 8960K, reserved 1056768K
  class space    used 662K, capacity 690K, committed 768K, reserved 1048576K
}

