# JRE version: Java(TM) SE Runtime Environment (8.0_65-b17) (build 1.8.0_65-b17)
# Java VM: Java HotSpot(TM) 64-Bit Server VM (25.65-b01 mixed mode windows-amd64 compressed oops)
Heap:
 PSYoungGen      total 114176K, used 6932K [0x000000076b800000, 0x00000007b9a80000, 0x00000007c0000000)
  eden space 113664K, 5% used [0x000000076b800000,0x000000076bea5028,0x0000000772700000)
  from space 512K, 25% used [0x00000007b9980000,0x00000007b99a0000,0x00000007b9a00000)
  to   space 512K, 0% used [0x00000007b9a00000,0x00000007b9a00000,0x00000007b9a80000)
 ParOldGen       total 173568K, used 35565K [0x00000006c2800000, 0x00000006cd180000, 0x000000076b800000)
  object space 173568K, 20% used [0x00000006c2800000,0x00000006c4abb4e0,0x00000006cd180000)
 Metaspace       used 8346K, capacity 8710K, committed 8960K, reserved 1056768K
  class space    used 659K, capacity 690K, committed 768K, reserved 1048576K
GC Heap History (10 events):
Event: 24.586 GC heap before
{Heap before GC invocations=236 (full 0):
 PSYoungGen      total 137728K, used 137440K [0x000000076b800000, 0x00000007b9a80000, 0x00000007c0000000)
  eden space 137216K, 100% used [0x000000076b800000,0x0000000773e00000,0x0000000773e00000)
  from space 512K, 43% used [0x00000007b9980000,0x00000007b99b8000,0x00000007b9a00000)
  to   space 512K, 0% used [0x00000007b9a00000,0x00000007b9a00000,0x00000007b9a80000)
 ParOldGen       total 173568K, used 35557K [0x00000006c2800000, 0x00000006cd180000, 0x000000076b800000)
  object space 173568K, 20% used [0x00000006c2800000,0x00000006c4ab94e0,0x00000006cd180000)
 Metaspace       used 8345K, capacity 8710K, committed 8960K, reserved 1056768K
  class space    used 659K, capacity 690K, committed 768K, reserved 1048576K
Event: 24.586 GC heap after
Heap after GC invocations=236 (full 0):
 PSYoungGen      total 133120K, used 224K [0x000000076b800000, 0x00000007b9a80000, 0x00000007c0000000)
  eden space 132608K, 0% used [0x000000076b800000,0x000000076b800000,0x0000000773980000)
  from space 512K, 43% used [0x00000007b9a00000,0x00000007b9a38000,0x00000007b9a80000)
  to   space 512K, 0% used [0x00000007b9980000,0x00000007b9980000,0x00000007b9a00000)
 ParOldGen       total 173568K, used 35557K [0x00000006c2800000, 0x00000006cd180000, 0x000000076b800000)
  object space 173568K, 20% used [0x00000006c2800000,0x00000006c4ab94e0,0x00000006cd180000)
 Metaspace       used 8345K, capacity 8710K, committed 8960K, reserved 1056768K
  class space    used 659K, capacity 690K, committed 768K, reserved 1048576K
}
Event: 24.643 GC heap before
{Heap before GC invocations=237 (full 0):
 PSYoungGen      total 133120K, used 132832K [0x000000076b800000, 0x00000007b9a80000, 0x00000007c0000000)
  eden space 132608K, 100% used [0x000000076b800000,0x0000000773980000,0x0000000773980000)
  from space 512K, 43% used [0x00000007b9a00000,0x00000007b9a38000,0x00000007b9a80000)
  to   space 512K, 0% used [0x00000007b9980000,0x00000007b9980000,0x00000007b9a00000)
 ParOldGen       total 173568K, used 35557K [0x00000006c2800000, 0x00000006cd180000, 0x000000076b800000)
  object space 173568K, 20% used [0x00000006c2800000,0x00000006c4ab94e0,0x00000006cd180000)
 Metaspace       used 8345K, capacity 8710K, committed 8960K, reserved 1056768K
  class space    used 659K, capacity 690K, committed 768K, reserved 1048576K
Event: 24.644 GC heap after
Heap after GC invocations=237 (full 0):
 PSYoungGen      total 129024K, used 160K [0x000000076b800000, 0x00000007b9a80000, 0x00000007c0000000)
  eden space 128512K, 0% used [0x000000076b800000,0x000000076b800000,0x0000000773580000)
  from space 512K, 31% used [0x00000007b9980000,0x00000007b99a8000,0x00000007b9a00000)
  to   space 512K, 0% used [0x00000007b9a00000,0x00000007b9a00000,0x00000007b9a80000)
 ParOldGen       total 173568K, used 35557K [0x00000006c2800000, 0x00000006cd180000, 0x000000076b800000)
  object space 173568K, 20% used [0x00000006c2800000,0x00000006c4ab94e0,0x00000006cd180000)
 Metaspace       used 8345K, capacity 8710K, committed 8960K, reserved 1056768K
  class space    used 659K, capacity 690K, committed 768K, reserved 1048576K
}
Event: 24.700 GC heap before
{Heap before GC invocations=238 (full 0):
 PSYoungGen      total 129024K, used 128672K [0x000000076b800000, 0x00000007b9a80000, 0x00000007c0000000)
  eden space 128512K, 100% used [0x000000076b800000,0x0000000773580000,0x0000000773580000)
  from space 512K, 31% used [0x00000007b9980000,0x00000007b99a8000,0x00000007b9a00000)
  to   space 512K, 0% used [0x00000007b9a00000,0x00000007b9a00000,0x00000007b9a80000)
 ParOldGen       total 173568K, used 35557K [0x00000006c2800000, 0x00000006cd180000, 0x000000076b800000)
  object space 173568K, 20% used [0x00000006c2800000,0x00000006c4ab94e0,0x00000006cd180000)
 Metaspace       used 8345K, capacity 8710K, committed 8960K, reserved 1056768K
  class space    used 659K, capacity 690K, committed 768K, reserved 1048576K
Event: 24.701 GC heap after
Heap after GC invocations=238 (full 0):
 PSYoungGen      total 124928K, used 96K [0x000000076b800000, 0x00000007b9a80000, 0x00000007c0000000)
  eden space 124416K, 0% used [0x000000076b800000,0x000000076b800000,0x0000000773180000)
  from space 512K, 18% used [0x00000007b9a00000,0x00000007b9a18000,0x00000007b9a80000)
  to   space 512K, 0% used [0x00000007b9980000,0x00000007b9980000,0x00000007b9a00000)
 ParOldGen       total 173568K, used 35557K [0x00000006c2800000, 0x00000006cd180000, 0x000000076b800000)
  object space 173568K, 20% used [0x00000006c2800000,0x00000006c4ab94e0,0x00000006cd180000)
 Metaspace       used 8345K, capacity 8710K, committed 8960K, reserved 1056768K
  class space    used 659K, capacity 690K, committed 768K, reserved 1048576K
}
Event: 24.754 GC heap before
{Heap before GC invocations=239 (full 0):
 PSYoungGen      total 124928K, used 124512K [0x000000076b800000, 0x00000007b9a80000, 0x00000007c0000000)
  eden space 124416K, 100% used [0x000000076b800000,0x0000000773180000,0x0000000773180000)
  from space 512K, 18% used [0x00000007b9a00000,0x00000007b9a18000,0x00000007b9a80000)
  to   space 512K, 0% used [0x00000007b9980000,0x00000007b9980000,0x00000007b9a00000)
 ParOldGen       total 173568K, used 35557K [0x00000006c2800000, 0x00000006cd180000, 0x000000076b800000)
  object space 173568K, 20% used [0x00000006c2800000,0x00000006c4ab94e0,0x00000006cd180000)
 Metaspace       used 8345K, capacity 8710K, committed 8960K, reserved 1056768K
  class space    used 659K, capacity 690K, committed 768K, reserved 1048576K
Event: 24.754 GC heap after
Heap after GC invocations=239 (full 0):
 PSYoungGen      total 121344K, used 128K [0x000000076b800000, 0x00000007b9a80000, 0x00000007c0000000)
  eden space 120832K, 0% used [0x000000076b800000,0x000000076b800000,0x0000000772e00000)
  from space 512K, 25% used [0x00000007b9980000,0x00000007b99a0000,0x00000007b9a00000)
  to   space 512K, 0% used [0x00000007b9a00000,0x00000007b9a00000,0x00000007b9a80000)
 ParOldGen       total 173568K, used 35557K [0x00000006c2800000, 0x00000006cd180000, 0x000000076b800000)
  object space 173568K, 20% used [0x00000006c2800000,0x00000006c4ab94e0,0x00000006cd180000)
 Metaspace       used 8345K, capacity 8710K, committed 8960K, reserved 1056768K
  class space    used 659K, capacity 690K, committed 768K, reserved 1048576K
}
Event: 24.807 GC heap before
{Heap before GC invocations=240 (full 0):
 PSYoungGen      total 121344K, used 120960K [0x000000076b800000, 0x00000007b9a80000, 0x00000007c0000000)
  eden space 120832K, 100% used [0x000000076b800000,0x0000000772e00000,0x0000000772e00000)
  from space 512K, 25% used [0x00000007b9980000,0x00000007b99a0000,0x00000007b9a00000)
  to   space 512K, 0% used [0x00000007b9a00000,0x00000007b9a00000,0x00000007b9a80000)
 ParOldGen       total 173568K, used 35557K [0x00000006c2800000, 0x00000006cd180000, 0x000000076b800000)
  object space 173568K, 20% used [0x00000006c2800000,0x00000006c4ab94e0,0x00000006cd180000)
 Metaspace       used 8345K, capacity 8710K, committed 8960K, reserved 1056768K
  class space    used 659K, capacity 690K, committed 768K, reserved 1048576K
Event: 24.808 GC heap after
Heap after GC invocations=240 (full 0):
 PSYoungGen      total 117760K, used 160K [0x000000076b800000, 0x00000007b9a80000, 0x00000007c0000000)
  eden space 117248K, 0% used [0x000000076b800000,0x000000076b800000,0x0000000772a80000)
  from space 512K, 31% used [0x00000007b9a00000,0x00000007b9a28000,0x00000007b9a80000)
  to   space 512K, 0% used [0x00000007b9980000,0x00000007b9980000,0x00000007b9a00000)
 ParOldGen       total 173568K, used 35557K [0x00000006c2800000, 0x00000006cd180000, 0x000000076b800000)
  object space 173568K, 20% used [0x00000006c2800000,0x00000006c4ab94e0,0x00000006cd180000)
 Metaspace       used 8345K, capacity 8710K, committed 8960K, reserved 1056768K
  class space    used 659K, capacity 690K, committed 768K, reserved 1048576K
}

