# JRE version: Java(TM) SE Runtime Environment (8.0_65-b17) (build 1.8.0_65-b17)
# Java VM: Java HotSpot(TM) 64-Bit Server VM (25.65-b01 mixed mode windows-amd64 compressed oops)
Heap:
 PSYoungGen      total 97280K, used 96896K [0x000000076b800000, 0x000000078a480000, 0x00000007c0000000)
  eden space 96768K, 100% used [0x000000076b800000,0x0000000771680000,0x0000000771680000)
  from space 512K, 25% used [0x000000078a400000,0x000000078a420000,0x000000078a480000)
  to   space 1024K, 6% used [0x000000078a280000,0x000000078a290000,0x000000078a380000)
 ParOldGen       total 173568K, used 1280K [0x00000006c2800000, 0x00000006cd180000, 0x000000076b800000)
  object space 173568K, 0% used [0x00000006c2800000,0x00000006c2940070,0x00000006cd180000)
 Metaspace       used 8072K, capacity 8614K, committed 8960K, reserved 1056768K
  class space    used 644K, capacity 658K, committed 768K, reserved 1048576K
GC Heap History (10 events):
Event: 4.787 GC heap before
{Heap before GC invocations=32 (full 0):
 PSYoungGen      total 112640K, used 111744K [0x000000076b800000, 0x000000078a600000, 0x00000007c0000000)
  eden space 111616K, 100% used [0x000000076b800000,0x0000000772500000,0x0000000772500000)
  from space 1024K, 12% used [0x000000078a400000,0x000000078a420000,0x000000078a500000)
  to   space 1024K, 0% used [0x000000078a500000,0x000000078a500000,0x000000078a600000)
 ParOldGen       total 173568K, used 1272K [0x00000006c2800000, 0x00000006cd180000, 0x000000076b800000)
  object space 173568K, 0% used [0x00000006c2800000,0x00000006c293e070,0x00000006cd180000)
 Metaspace       used 8063K, capacity 8614K, committed 8960K, reserved 1056768K
  class space    used 644K, capacity 658K, committed 768K, reserved 1048576K
Event: 4.788 GC heap after
Heap after GC invocations=32 (full 0):
 PSYoungGen      total 109056K, used 160K [0x000000076b800000, 0x000000078a580000, 0x00000007c0000000)
  eden space 108544K, 0% used [0x000000076b800000,0x000000076b800000,0x0000000772200000)
  from space 512K, 31% used [0x000000078a500000,0x000000078a528000,0x000000078a580000)
  to   space 1024K, 0% used [0x000000078a380000,0x000000078a380000,0x000000078a480000)
 ParOldGen       total 173568K, used 1272K [0x00000006c2800000, 0x00000006cd180000, 0x000000076b800000)
  object space 173568K, 0% used [0x00000006c2800000,0x00000006c293e070,0x00000006cd180000)
 Metaspace       used 8063K, capacity 8614K, committed 8960K, reserved 1056768K
  class space    used 644K, capacity 658K, committed 768K, reserved 1048576K
}
Event: 4.905 GC heap before
{Heap before GC invocations=33 (full 0):
 PSYoungGen      total 109056K, used 108704K [0x000000076b800000, 0x000000078a580000, 0x00000007c0000000)
  eden space 108544K, 100% used [0x000000076b800000,0x0000000772200000,0x0000000772200000)
  from space 512K, 31% used [0x000000078a500000,0x000000078a528000,0x000000078a580000)
  to   space 1024K, 0% used [0x000000078a380000,0x000000078a380000,0x000000078a480000)
 ParOldGen       total 173568K, used 1272K [0x00000006c2800000, 0x00000006cd180000, 0x000000076b800000)
  object space 173568K, 0% used [0x00000006c2800000,0x00000006c293e070,0x00000006cd180000)
 Metaspace       used 8064K, capacity 8614K, committed 8960K, reserved 1056768K
  class space    used 644K, capacity 658K, committed 768K, reserved 1048576K
Event: 4.905 GC heap after
Heap after GC invocations=33 (full 0):
 PSYoungGen      total 106496K, used 160K [0x000000076b800000, 0x000000078a580000, 0x00000007c0000000)
  eden space 105472K, 0% used [0x000000076b800000,0x000000076b800000,0x0000000771f00000)
  from space 1024K, 15% used [0x000000078a380000,0x000000078a3a8000,0x000000078a480000)
  to   space 1024K, 0% used [0x000000078a480000,0x000000078a480000,0x000000078a580000)
 ParOldGen       total 173568K, used 1272K [0x00000006c2800000, 0x00000006cd180000, 0x000000076b800000)
  object space 173568K, 0% used [0x00000006c2800000,0x00000006c293e070,0x00000006cd180000)
 Metaspace       used 8064K, capacity 8614K, committed 8960K, reserved 1056768K
  class space    used 644K, capacity 658K, committed 768K, reserved 1048576K
}
Event: 5.008 GC heap before
{Heap before GC invocations=34 (full 0):
 PSYoungGen      total 106496K, used 105632K [0x000000076b800000, 0x000000078a580000, 0x00000007c0000000)
  eden space 105472K, 100% used [0x000000076b800000,0x0000000771f00000,0x0000000771f00000)
  from space 1024K, 15% used [0x000000078a380000,0x000000078a3a8000,0x000000078a480000)
  to   space 1024K, 0% used [0x000000078a480000,0x000000078a480000,0x000000078a580000)
 ParOldGen       total 173568K, used 1272K [0x00000006c2800000, 0x00000006cd180000, 0x000000076b800000)
  object space 173568K, 0% used [0x00000006c2800000,0x00000006c293e070,0x00000006cd180000)
 Metaspace       used 8064K, capacity 8614K, committed 8960K, reserved 1056768K
  class space    used 644K, capacity 658K, committed 768K, reserved 1048576K
Event: 5.009 GC heap after
Heap after GC invocations=34 (full 0):
 PSYoungGen      total 102912K, used 128K [0x000000076b800000, 0x000000078a500000, 0x00000007c0000000)
  eden space 102400K, 0% used [0x000000076b800000,0x000000076b800000,0x0000000771c00000)
  from space 512K, 25% used [0x000000078a480000,0x000000078a4a0000,0x000000078a500000)
  to   space 1024K, 0% used [0x000000078a300000,0x000000078a300000,0x000000078a400000)
 ParOldGen       total 173568K, used 1272K [0x00000006c2800000, 0x00000006cd180000, 0x000000076b800000)
  object space 173568K, 0% used [0x00000006c2800000,0x00000006c293e070,0x00000006cd180000)
 Metaspace       used 8064K, capacity 8614K, committed 8960K, reserved 1056768K
  class space    used 644K, capacity 658K, committed 768K, reserved 1048576K
}
Event: 5.123 GC heap before
{Heap before GC invocations=35 (full 0):
 PSYoungGen      total 102912K, used 102528K [0x000000076b800000, 0x000000078a500000, 0x00000007c0000000)
  eden space 102400K, 100% used [0x000000076b800000,0x0000000771c00000,0x0000000771c00000)
  from space 512K, 25% used [0x000000078a480000,0x000000078a4a0000,0x000000078a500000)
  to   space 1024K, 0% used [0x000000078a300000,0x000000078a300000,0x000000078a400000)
 ParOldGen       total 173568K, used 1272K [0x00000006c2800000, 0x00000006cd180000, 0x000000076b800000)
  object space 173568K, 0% used [0x00000006c2800000,0x00000006c293e070,0x00000006cd180000)
 Metaspace       used 8072K, capacity 8614K, committed 8960K, reserved 1056768K
  class space    used 644K, capacity 658K, committed 768K, reserved 1048576K
Event: 5.123 GC heap after
Heap after GC invocations=35 (full 0):
 PSYoungGen      total 100352K, used 160K [0x000000076b800000, 0x000000078a500000, 0x00000007c0000000)
  eden space 99328K, 0% used [0x000000076b800000,0x000000076b800000,0x0000000771900000)
  from space 1024K, 15% used [0x000000078a300000,0x000000078a328000,0x000000078a400000)
  to   space 1024K, 0% used [0x000000078a400000,0x000000078a400000,0x000000078a500000)
 ParOldGen       total 173568K, used 1272K [0x00000006c2800000, 0x00000006cd180000, 0x000000076b800000)
  object space 173568K, 0% used [0x00000006c2800000,0x00000006c293e070,0x00000006cd180000)
 Metaspace       used 8072K, capacity 8614K, committed 8960K, reserved 1056768K
  class space    used 644K, capacity 658K, committed 768K, reserved 1048576K
}
Event: 5.232 GC heap before
{Heap before GC invocations=36 (full 0):
 PSYoungGen      total 100352K, used 99488K [0x000000076b800000, 0x000000078a500000, 0x00000007c0000000)
  eden space 99328K, 100% used [0x000000076b800000,0x0000000771900000,0x0000000771900000)
  from space 1024K, 15% used [0x000000078a300000,0x000000078a328000,0x000000078a400000)
  to   space 1024K, 0% used [0x000000078a400000,0x000000078a400000,0x000000078a500000)
 ParOldGen       total 173568K, used 1272K [0x00000006c2800000, 0x00000006cd180000, 0x000000076b800000)
  object space 173568K, 0% used [0x00000006c2800000,0x00000006c293e070,0x00000006cd180000)
 Metaspace       used 8072K, capacity 8614K, committed 8960K, reserved 1056768K
  class space    used 644K, capacity 658K, committed 768K, reserved 1048576K
Event: 5.232 GC heap after
Heap after GC invocations=36 (full 0):
 PSYoungGen      total 97280K, used 128K [0x000000076b800000, 0x000000078a480000, 0x00000007c0000000)
  eden space 96768K, 0% used [0x000000076b800000,0x000000076b800000,0x0000000771680000)
  from space 512K, 25% used [0x000000078a400000,0x000000078a420000,0x000000078a480000)
  to   space 1024K, 0% used [0x000000078a280000,0x000000078a280000,0x000000078a380000)
 ParOldGen       total 173568K, used 1272K [0x00000006c2800000, 0x00000006cd180000, 0x000000076b800000)
  object space 173568K, 0% used [0x00000006c2800000,0x00000006c293e070,0x00000006cd180000)
 Metaspace       used 8072K, capacity 8614K, committed 8960K, reserved 1056768K
  class space    used 644K, capacity 658K, committed 768K, reserved 1048576K
}

