# JRE version: Java(TM) SE Runtime Environment (8.0_65-b17) (build 1.8.0_65-b17)
# Java VM: Java HotSpot(TM) 64-Bit Server VM (25.65-b01 mixed mode windows-amd64 compressed oops)
Heap:
 PSYoungGen      total 65024K, used 58853K [0x000000076b800000, 0x0000000792500000, 0x00000007c0000000)
  eden space 64512K, 90% used [0x000000076b800000,0x000000076f141600,0x000000076f700000)
  from space 512K, 43% used [0x0000000792400000,0x0000000792438000,0x0000000792480000)
  to   space 512K, 0% used [0x0000000792480000,0x0000000792480000,0x0000000792500000)
 ParOldGen       total 173568K, used 7953K [0x00000006c2800000, 0x00000006cd180000, 0x000000076b800000)
  object space 173568K, 4% used [0x00000006c2800000,0x00000006c2fc4580,0x00000006cd180000)
 Metaspace       used 8373K, capacity 8774K, committed 8960K, reserved 1056768K
  class space    used 659K, capacity 690K, committed 768K, reserved 1048576K
GC Heap History (10 events):
Event: 37.926 GC heap before
{Heap before GC invocations=545 (full 0):
 PSYoungGen      total 47104K, used 46816K [0x000000076b800000, 0x0000000792500000, 0x00000007c0000000)
  eden space 46592K, 100% used [0x000000076b800000,0x000000076e580000,0x000000076e580000)
  from space 512K, 43% used [0x0000000792480000,0x00000007924b8000,0x0000000792500000)
  to   space 512K, 0% used [0x0000000792400000,0x0000000792400000,0x0000000792480000)
 ParOldGen       total 173568K, used 7953K [0x00000006c2800000, 0x00000006cd180000, 0x000000076b800000)
  object space 173568K, 4% used [0x00000006c2800000,0x00000006c2fc4580,0x00000006cd180000)
 Metaspace       used 8373K, capacity 8774K, committed 8960K, reserved 1056768K
  class space    used 659K, capacity 690K, committed 768K, reserved 1048576K
Event: 37.927 GC heap after
Heap after GC invocations=545 (full 0):
 PSYoungGen      total 46592K, used 192K [0x000000076b800000, 0x0000000792500000, 0x00000007c0000000)
  eden space 46080K, 0% used [0x000000076b800000,0x000000076b800000,0x000000076e500000)
  from space 512K, 37% used [0x0000000792400000,0x0000000792430000,0x0000000792480000)
  to   space 512K, 0% used [0x0000000792480000,0x0000000792480000,0x0000000792500000)
 ParOldGen       total 173568K, used 7953K [0x00000006c2800000, 0x00000006cd180000, 0x000000076b800000)
  object space 173568K, 4% used [0x00000006c2800000,0x00000006c2fc4580,0x00000006cd180000)
 Metaspace       used 8373K, capacity 8774K, committed 8960K, reserved 1056768K
  class space    used 659K, capacity 690K, committed 768K, reserved 1048576K
}
Event: 37.980 GC heap before
{Heap before GC invocations=546 (full 0):
 PSYoungGen      total 46592K, used 46272K [0x000000076b800000, 0x0000000792500000, 0x00000007c0000000)
  eden space 46080K, 100% used [0x000000076b800000,0x000000076e500000,0x000000076e500000)
  from space 512K, 37% used [0x0000000792400000,0x0000000792430000,0x0000000792480000)
  to   space 512K, 0% used [0x0000000792480000,0x0000000792480000,0x0000000792500000)
 ParOldGen       total 173568K, used 7953K [0x00000006c2800000, 0x00000006cd180000, 0x000000076b800000)
  object space 173568K, 4% used [0x00000006c2800000,0x00000006c2fc4580,0x00000006cd180000)
 Metaspace       used 8373K, capacity 8774K, committed 8960K, reserved 1056768K
  class space    used 659K, capacity 690K, committed 768K, reserved 1048576K
Event: 37.980 GC heap after
Heap after GC invocations=546 (full 0):
 PSYoungGen      total 46080K, used 192K [0x000000076b800000, 0x0000000792500000, 0x00000007c0000000)
  eden space 45568K, 0% used [0x000000076b800000,0x000000076b800000,0x000000076e480000)
  from space 512K, 37% used [0x0000000792480000,0x00000007924b0000,0x0000000792500000)
  to   space 512K, 0% used [0x0000000792400000,0x0000000792400000,0x0000000792480000)
 ParOldGen       total 173568K, used 7953K [0x00000006c2800000, 0x00000006cd180000, 0x000000076b800000)
  object space 173568K, 4% used [0x00000006c2800000,0x00000006c2fc4580,0x00000006cd180000)
 Metaspace       used 8373K, capacity 8774K, committed 8960K, reserved 1056768K
  class space    used 659K, capacity 690K, committed 768K, reserved 1048576K
}
Event: 38.031 GC heap before
{Heap before GC invocations=547 (full 0):
 PSYoungGen      total 46080K, used 45760K [0x000000076b800000, 0x0000000792500000, 0x00000007c0000000)
  eden space 45568K, 100% used [0x000000076b800000,0x000000076e480000,0x000000076e480000)
  from space 512K, 37% used [0x0000000792480000,0x00000007924b0000,0x0000000792500000)
  to   space 512K, 0% used [0x0000000792400000,0x0000000792400000,0x0000000792480000)
 ParOldGen       total 173568K, used 7953K [0x00000006c2800000, 0x00000006cd180000, 0x000000076b800000)
  object space 173568K, 4% used [0x00000006c2800000,0x00000006c2fc4580,0x00000006cd180000)
 Metaspace       used 8373K, capacity 8774K, committed 8960K, reserved 1056768K
  class space    used 659K, capacity 690K, committed 768K, reserved 1048576K
Event: 38.032 GC heap after
Heap after GC invocations=547 (full 0):
 PSYoungGen      total 55296K, used 192K [0x000000076b800000, 0x0000000792500000, 0x00000007c0000000)
  eden space 54784K, 0% used [0x000000076b800000,0x000000076b800000,0x000000076ed80000)
  from space 512K, 37% used [0x0000000792400000,0x0000000792430000,0x0000000792480000)
  to   space 512K, 0% used [0x0000000792480000,0x0000000792480000,0x0000000792500000)
 ParOldGen       total 173568K, used 7953K [0x00000006c2800000, 0x00000006cd180000, 0x000000076b800000)
  object space 173568K, 4% used [0x00000006c2800000,0x00000006c2fc4580,0x00000006cd180000)
 Metaspace       used 8373K, capacity 8774K, committed 8960K, reserved 1056768K
  class space    used 659K, capacity 690K, committed 768K, reserved 1048576K
}
Event: 38.100 GC heap before
{Heap before GC invocations=548 (full 0):
 PSYoungGen      total 55296K, used 54976K [0x000000076b800000, 0x0000000792500000, 0x00000007c0000000)
  eden space 54784K, 100% used [0x000000076b800000,0x000000076ed80000,0x000000076ed80000)
  from space 512K, 37% used [0x0000000792400000,0x0000000792430000,0x0000000792480000)
  to   space 512K, 0% used [0x0000000792480000,0x0000000792480000,0x0000000792500000)
 ParOldGen       total 173568K, used 7953K [0x00000006c2800000, 0x00000006cd180000, 0x000000076b800000)
  object space 173568K, 4% used [0x00000006c2800000,0x00000006c2fc4580,0x00000006cd180000)
 Metaspace       used 8373K, capacity 8774K, committed 8960K, reserved 1056768K
  class space    used 659K, capacity 690K, committed 768K, reserved 1048576K
Event: 38.101 GC heap after
Heap after GC invocations=548 (full 0):
 PSYoungGen      total 54272K, used 192K [0x000000076b800000, 0x0000000792500000, 0x00000007c0000000)
  eden space 53760K, 0% used [0x000000076b800000,0x000000076b800000,0x000000076ec80000)
  from space 512K, 37% used [0x0000000792480000,0x00000007924b0000,0x0000000792500000)
  to   space 512K, 0% used [0x0000000792400000,0x0000000792400000,0x0000000792480000)
 ParOldGen       total 173568K, used 7953K [0x00000006c2800000, 0x00000006cd180000, 0x000000076b800000)
  object space 173568K, 4% used [0x00000006c2800000,0x00000006c2fc4580,0x00000006cd180000)
 Metaspace       used 8373K, capacity 8774K, committed 8960K, reserved 1056768K
  class space    used 659K, capacity 690K, committed 768K, reserved 1048576K
}
Event: 38.153 GC heap before
{Heap before GC invocations=549 (full 0):
 PSYoungGen      total 54272K, used 53952K [0x000000076b800000, 0x0000000792500000, 0x00000007c0000000)
  eden space 53760K, 100% used [0x000000076b800000,0x000000076ec80000,0x000000076ec80000)
  from space 512K, 37% used [0x0000000792480000,0x00000007924b0000,0x0000000792500000)
  to   space 512K, 0% used [0x0000000792400000,0x0000000792400000,0x0000000792480000)
 ParOldGen       total 173568K, used 7953K [0x00000006c2800000, 0x00000006cd180000, 0x000000076b800000)
  object space 173568K, 4% used [0x00000006c2800000,0x00000006c2fc4580,0x00000006cd180000)
 Metaspace       used 8373K, capacity 8774K, committed 8960K, reserved 1056768K
  class space    used 659K, capacity 690K, committed 768K, reserved 1048576K
Event: 38.154 GC heap after
Heap after GC invocations=549 (full 0):
 PSYoungGen      total 65024K, used 224K [0x000000076b800000, 0x0000000792500000, 0x00000007c0000000)
  eden space 64512K, 0% used [0x000000076b800000,0x000000076b800000,0x000000076f700000)
  from space 512K, 43% used [0x0000000792400000,0x0000000792438000,0x0000000792480000)
  to   space 512K, 0% used [0x0000000792480000,0x0000000792480000,0x0000000792500000)
 ParOldGen       total 173568K, used 7953K [0x00000006c2800000, 0x00000006cd180000, 0x000000076b800000)
  object space 173568K, 4% used [0x00000006c2800000,0x00000006c2fc4580,0x00000006cd180000)
 Metaspace       used 8373K, capacity 8774K, committed 8960K, reserved 1056768K
  class space    used 659K, capacity 690K, committed 768K, reserved 1048576K
}

