# JRE version: Java(TM) SE Runtime Environment (8.0_65-b17) (build 1.8.0_65-b17)
# Java VM: Java HotSpot(TM) 64-Bit Server VM (25.65-b01 mixed mode windows-amd64 compressed oops)
Heap:
 PSYoungGen      total 224768K, used 92761K [0x000000076b800000, 0x0000000784f80000, 0x00000007c0000000)
  eden space 222208K, 41% used [0x000000076b800000,0x0000000771266650,0x0000000779100000)
  from space 2560K, 7% used [0x0000000784a80000,0x0000000784ab0000,0x0000000784d00000)
  to   space 2560K, 0% used [0x0000000784d00000,0x0000000784d00000,0x0000000784f80000)
 ParOldGen       total 173568K, used 1759K [0x00000006c2800000, 0x00000006cd180000, 0x000000076b800000)
  object space 173568K, 1% used [0x00000006c2800000,0x00000006c29b7ee8,0x00000006cd180000)
 Metaspace       used 8088K, capacity 8646K, committed 8960K, reserved 1056768K
  class space    used 649K, capacity 690K, committed 768K, reserved 1048576K
GC Heap History (10 events):
Event: 1.081 GC heap before
{Heap before GC invocations=9 (full 0):
 PSYoungGen      total 262656K, used 260832K [0x000000076b800000, 0x000000077bb00000, 0x00000007c0000000)
  eden space 260096K, 100% used [0x000000076b800000,0x000000077b600000,0x000000077b600000)
  from space 2560K, 28% used [0x000000077b880000,0x000000077b938000,0x000000077bb00000)
  to   space 2560K, 0% used [0x000000077b600000,0x000000077b600000,0x000000077b880000)
 ParOldGen       total 173568K, used 1191K [0x00000006c2800000, 0x00000006cd180000, 0x000000076b800000)
  object space 173568K, 0% used [0x00000006c2800000,0x00000006c2929ee8,0x00000006cd180000)
 Metaspace       used 8074K, capacity 8646K, committed 8960K, reserved 1056768K
  class space    used 649K, capacity 690K, committed 768K, reserved 1048576K
Event: 1.082 GC heap after
Heap after GC invocations=9 (full 0):
 PSYoungGen      total 262656K, used 384K [0x000000076b800000, 0x0000000785380000, 0x00000007c0000000)
  eden space 260096K, 0% used [0x000000076b800000,0x000000076b800000,0x000000077b600000)
  from space 2560K, 15% used [0x000000077b600000,0x000000077b660000,0x000000077b880000)
  to   space 2560K, 0% used [0x0000000785100000,0x0000000785100000,0x0000000785380000)
 ParOldGen       total 173568K, used 1447K [0x00000006c2800000, 0x00000006cd180000, 0x000000076b800000)
  object space 173568K, 0% used [0x00000006c2800000,0x00000006c2969ee8,0x00000006cd180000)
 Metaspace       used 8074K, capacity 8646K, committed 8960K, reserved 1056768K
  class space    used 649K, capacity 690K, committed 768K, reserved 1048576K
}
Event: 1.209 GC heap before
{Heap before GC invocations=10 (full 0):
 PSYoungGen      total 262656K, used 260480K [0x000000076b800000, 0x0000000785380000, 0x00000007c0000000)
  eden space 260096K, 100% used [0x000000076b800000,0x000000077b600000,0x000000077b600000)
  from space 2560K, 15% used [0x000000077b600000,0x000000077b660000,0x000000077b880000)
  to   space 2560K, 0% used [0x0000000785100000,0x0000000785100000,0x0000000785380000)
 ParOldGen       total 173568K, used 1447K [0x00000006c2800000, 0x00000006cd180000, 0x000000076b800000)
  object space 173568K, 0% used [0x00000006c2800000,0x00000006c2969ee8,0x00000006cd180000)
 Metaspace       used 8075K, capacity 8646K, committed 8960K, reserved 1056768K
  class space    used 649K, capacity 690K, committed 768K, reserved 1048576K
Event: 1.209 GC heap after
Heap after GC invocations=10 (full 0):
 PSYoungGen      total 250368K, used 128K [0x000000076b800000, 0x0000000785180000, 0x00000007c0000000)
  eden space 249856K, 0% used [0x000000076b800000,0x000000076b800000,0x000000077ac00000)
  from space 512K, 25% used [0x0000000785100000,0x0000000785120000,0x0000000785180000)
  to   space 2560K, 0% used [0x0000000784c80000,0x0000000784c80000,0x0000000784f00000)
 ParOldGen       total 173568K, used 1759K [0x00000006c2800000, 0x00000006cd180000, 0x000000076b800000)
  object space 173568K, 1% used [0x00000006c2800000,0x00000006c29b7ee8,0x00000006cd180000)
 Metaspace       used 8075K, capacity 8646K, committed 8960K, reserved 1056768K
  class space    used 649K, capacity 690K, committed 768K, reserved 1048576K
}
Event: 1.306 GC heap before
{Heap before GC invocations=11 (full 0):
 PSYoungGen      total 250368K, used 249984K [0x000000076b800000, 0x0000000785180000, 0x00000007c0000000)
  eden space 249856K, 100% used [0x000000076b800000,0x000000077ac00000,0x000000077ac00000)
  from space 512K, 25% used [0x0000000785100000,0x0000000785120000,0x0000000785180000)
  to   space 2560K, 0% used [0x0000000784c80000,0x0000000784c80000,0x0000000784f00000)
 ParOldGen       total 173568K, used 1759K [0x00000006c2800000, 0x00000006cd180000, 0x000000076b800000)
  object space 173568K, 1% used [0x00000006c2800000,0x00000006c29b7ee8,0x00000006cd180000)
 Metaspace       used 8076K, capacity 8646K, committed 8960K, reserved 1056768K
  class space    used 649K, capacity 690K, committed 768K, reserved 1048576K
Event: 1.306 GC heap after
Heap after GC invocations=11 (full 0):
 PSYoungGen      total 242688K, used 192K [0x000000076b800000, 0x0000000785180000, 0x00000007c0000000)
  eden space 240128K, 0% used [0x000000076b800000,0x000000076b800000,0x000000077a280000)
  from space 2560K, 7% used [0x0000000784c80000,0x0000000784cb0000,0x0000000784f00000)
  to   space 2560K, 0% used [0x0000000784f00000,0x0000000784f00000,0x0000000785180000)
 ParOldGen       total 173568K, used 1759K [0x00000006c2800000, 0x00000006cd180000, 0x000000076b800000)
  object space 173568K, 1% used [0x00000006c2800000,0x00000006c29b7ee8,0x00000006cd180000)
 Metaspace       used 8076K, capacity 8646K, committed 8960K, reserved 1056768K
  class space    used 649K, capacity 690K, committed 768K, reserved 1048576K
}
Event: 1.398 GC heap before
{Heap before GC invocations=12 (full 0):
 PSYoungGen      total 242688K, used 240320K [0x000000076b800000, 0x0000000785180000, 0x00000007c0000000)
  eden space 240128K, 100% used [0x000000076b800000,0x000000077a280000,0x000000077a280000)
  from space 2560K, 7% used [0x0000000784c80000,0x0000000784cb0000,0x0000000784f00000)
  to   space 2560K, 0% used [0x0000000784f00000,0x0000000784f00000,0x0000000785180000)
 ParOldGen       total 173568K, used 1759K [0x00000006c2800000, 0x00000006cd180000, 0x000000076b800000)
  object space 173568K, 1% used [0x00000006c2800000,0x00000006c29b7ee8,0x00000006cd180000)
 Metaspace       used 8078K, capacity 8646K, committed 8960K, reserved 1056768K
  class space    used 649K, capacity 690K, committed 768K, reserved 1048576K
Event: 1.398 GC heap after
Heap after GC invocations=12 (full 0):
 PSYoungGen      total 231424K, used 192K [0x000000076b800000, 0x0000000784f80000, 0x00000007c0000000)
  eden space 230912K, 0% used [0x000000076b800000,0x000000076b800000,0x0000000779980000)
  from space 512K, 37% used [0x0000000784f00000,0x0000000784f30000,0x0000000784f80000)
  to   space 2560K, 0% used [0x0000000784a80000,0x0000000784a80000,0x0000000784d00000)
 ParOldGen       total 173568K, used 1759K [0x00000006c2800000, 0x00000006cd180000, 0x000000076b800000)
  object space 173568K, 1% used [0x00000006c2800000,0x00000006c29b7ee8,0x00000006cd180000)
 Metaspace       used 8078K, capacity 8646K, committed 8960K, reserved 1056768K
  class space    used 649K, capacity 690K, committed 768K, reserved 1048576K
}
Event: 1.493 GC heap before
{Heap before GC invocations=13 (full 0):
 PSYoungGen      total 231424K, used 231104K [0x000000076b800000, 0x0000000784f80000, 0x00000007c0000000)
  eden space 230912K, 100% used [0x000000076b800000,0x0000000779980000,0x0000000779980000)
  from space 512K, 37% used [0x0000000784f00000,0x0000000784f30000,0x0000000784f80000)
  to   space 2560K, 0% used [0x0000000784a80000,0x0000000784a80000,0x0000000784d00000)
 ParOldGen       total 173568K, used 1759K [0x00000006c2800000, 0x00000006cd180000, 0x000000076b800000)
  object space 173568K, 1% used [0x00000006c2800000,0x00000006c29b7ee8,0x00000006cd180000)
 Metaspace       used 8085K, capacity 8646K, committed 8960K, reserved 1056768K
  class space    used 649K, capacity 690K, committed 768K, reserved 1048576K
Event: 1.493 GC heap after
Heap after GC invocations=13 (full 0):
 PSYoungGen      total 224768K, used 192K [0x000000076b800000, 0x0000000784f80000, 0x00000007c0000000)
  eden space 222208K, 0% used [0x000000076b800000,0x000000076b800000,0x0000000779100000)
  from space 2560K, 7% used [0x0000000784a80000,0x0000000784ab0000,0x0000000784d00000)
  to   space 2560K, 0% used [0x0000000784d00000,0x0000000784d00000,0x0000000784f80000)
 ParOldGen       total 173568K, used 1759K [0x00000006c2800000, 0x00000006cd180000, 0x000000076b800000)
  object space 173568K, 1% used [0x00000006c2800000,0x00000006c29b7ee8,0x00000006cd180000)
 Metaspace       used 8085K, capacity 8646K, committed 8960K, reserved 1056768K
  class space    used 649K, capacity 690K, committed 768K, reserved 1048576K
}

