# JRE version: Java(TM) SE Runtime Environment (8.0_65-b17) (build 1.8.0_65-b17)
# Java VM: Java HotSpot(TM) 64-Bit Server VM (25.65-b01 mixed mode windows-amd64 compressed oops)
Heap:
 PSYoungGen      total 59904K, used 15008K [0x000000076b800000, 0x00000007b8680000, 0x00000007c0000000)
  eden space 59392K, 24% used [0x000000076b800000,0x000000076c678240,0x000000076f200000)
  from space 512K, 37% used [0x00000007b8580000,0x00000007b85b0000,0x00000007b8600000)
  to   space 512K, 0% used [0x00000007b8600000,0x00000007b8600000,0x00000007b8680000)
 ParOldGen       total 173568K, used 15260K [0x00000006c2800000, 0x00000006cd180000, 0x000000076b800000)
  object space 173568K, 8% used [0x00000006c2800000,0x00000006c36e7338,0x00000006cd180000)
 Metaspace       used 8339K, capacity 8710K, committed 8960K, reserved 1056768K
  class space    used 659K, capacity 690K, committed 768K, reserved 1048576K
GC Heap History (10 events):
Event: 43.275 GC heap before
{Heap before GC invocations=361 (full 0):
 PSYoungGen      total 53760K, used 53472K [0x000000076b800000, 0x00000007b8680000, 0x00000007c0000000)
  eden space 53248K, 100% used [0x000000076b800000,0x000000076ec00000,0x000000076ec00000)
  from space 512K, 43% used [0x00000007b8600000,0x00000007b8638000,0x00000007b8680000)
  to   space 512K, 0% used [0x00000007b8580000,0x00000007b8580000,0x00000007b8600000)
 ParOldGen       total 173568K, used 15260K [0x00000006c2800000, 0x00000006cd180000, 0x000000076b800000)
  object space 173568K, 8% used [0x00000006c2800000,0x00000006c36e7338,0x00000006cd180000)
 Metaspace       used 8339K, capacity 8710K, committed 8960K, reserved 1056768K
  class space    used 659K, capacity 690K, committed 768K, reserved 1048576K
Event: 43.276 GC heap after
Heap after GC invocations=361 (full 0):
 PSYoungGen      total 52736K, used 224K [0x000000076b800000, 0x00000007b8680000, 0x00000007c0000000)
  eden space 52224K, 0% used [0x000000076b800000,0x000000076b800000,0x000000076eb00000)
  from space 512K, 43% used [0x00000007b8580000,0x00000007b85b8000,0x00000007b8600000)
  to   space 512K, 0% used [0x00000007b8600000,0x00000007b8600000,0x00000007b8680000)
 ParOldGen       total 173568K, used 15260K [0x00000006c2800000, 0x00000006cd180000, 0x000000076b800000)
  object space 173568K, 8% used [0x00000006c2800000,0x00000006c36e7338,0x00000006cd180000)
 Metaspace       used 8339K, capacity 8710K, committed 8960K, reserved 1056768K
  class space    used 659K, capacity 690K, committed 768K, reserved 1048576K
}
Event: 43.316 GC heap before
{Heap before GC invocations=362 (full 0):
 PSYoungGen      total 52736K, used 52448K [0x000000076b800000, 0x00000007b8680000, 0x00000007c0000000)
  eden space 52224K, 100% used [0x000000076b800000,0x000000076eb00000,0x000000076eb00000)
  from space 512K, 43% used [0x00000007b8580000,0x00000007b85b8000,0x00000007b8600000)
  to   space 512K, 0% used [0x00000007b8600000,0x00000007b8600000,0x00000007b8680000)
 ParOldGen       total 173568K, used 15260K [0x00000006c2800000, 0x00000006cd180000, 0x000000076b800000)
  object space 173568K, 8% used [0x00000006c2800000,0x00000006c36e7338,0x00000006cd180000)
 Metaspace       used 8339K, capacity 8710K, committed 8960K, reserved 1056768K
  class space    used 659K, capacity 690K, committed 768K, reserved 1048576K
Event: 43.317 GC heap after
Heap after GC invocations=362 (full 0):
 PSYoungGen      total 63488K, used 192K [0x000000076b800000, 0x00000007b8680000, 0x00000007c0000000)
  eden space 62976K, 0% used [0x000000076b800000,0x000000076b800000,0x000000076f580000)
  from space 512K, 37% used [0x00000007b8600000,0x00000007b8630000,0x00000007b8680000)
  to   space 512K, 0% used [0x00000007b8580000,0x00000007b8580000,0x00000007b8600000)
 ParOldGen       total 173568K, used 15260K [0x00000006c2800000, 0x00000006cd180000, 0x000000076b800000)
  object space 173568K, 8% used [0x00000006c2800000,0x00000006c36e7338,0x00000006cd180000)
 Metaspace       used 8339K, capacity 8710K, committed 8960K, reserved 1056768K
  class space    used 659K, capacity 690K, committed 768K, reserved 1048576K
}
Event: 43.380 GC heap before
{Heap before GC invocations=363 (full 0):
 PSYoungGen      total 63488K, used 63168K [0x000000076b800000, 0x00000007b8680000, 0x00000007c0000000)
  eden space 62976K, 100% used [0x000000076b800000,0x000000076f580000,0x000000076f580000)
  from space 512K, 37% used [0x00000007b8600000,0x00000007b8630000,0x00000007b8680000)
  to   space 512K, 0% used [0x00000007b8580000,0x00000007b8580000,0x00000007b8600000)
 ParOldGen       total 173568K, used 15260K [0x00000006c2800000, 0x00000006cd180000, 0x000000076b800000)
  object space 173568K, 8% used [0x00000006c2800000,0x00000006c36e7338,0x00000006cd180000)
 Metaspace       used 8339K, capacity 8710K, committed 8960K, reserved 1056768K
  class space    used 659K, capacity 690K, committed 768K, reserved 1048576K
Event: 43.380 GC heap after
Heap after GC invocations=363 (full 0):
 PSYoungGen      total 61952K, used 224K [0x000000076b800000, 0x00000007b8680000, 0x00000007c0000000)
  eden space 61440K, 0% used [0x000000076b800000,0x000000076b800000,0x000000076f400000)
  from space 512K, 43% used [0x00000007b8580000,0x00000007b85b8000,0x00000007b8600000)
  to   space 512K, 0% used [0x00000007b8600000,0x00000007b8600000,0x00000007b8680000)
 ParOldGen       total 173568K, used 15260K [0x00000006c2800000, 0x00000006cd180000, 0x000000076b800000)
  object space 173568K, 8% used [0x00000006c2800000,0x00000006c36e7338,0x00000006cd180000)
 Metaspace       used 8339K, capacity 8710K, committed 8960K, reserved 1056768K
  class space    used 659K, capacity 690K, committed 768K, reserved 1048576K
}
Event: 43.452 GC heap before
{Heap before GC invocations=364 (full 0):
 PSYoungGen      total 61952K, used 61664K [0x000000076b800000, 0x00000007b8680000, 0x00000007c0000000)
  eden space 61440K, 100% used [0x000000076b800000,0x000000076f400000,0x000000076f400000)
  from space 512K, 43% used [0x00000007b8580000,0x00000007b85b8000,0x00000007b8600000)
  to   space 512K, 0% used [0x00000007b8600000,0x00000007b8600000,0x00000007b8680000)
 ParOldGen       total 173568K, used 15260K [0x00000006c2800000, 0x00000006cd180000, 0x000000076b800000)
  object space 173568K, 8% used [0x00000006c2800000,0x00000006c36e7338,0x00000006cd180000)
 Metaspace       used 8339K, capacity 8710K, committed 8960K, reserved 1056768K
  class space    used 659K, capacity 690K, committed 768K, reserved 1048576K
Event: 43.452 GC heap after
Heap after GC invocations=364 (full 0):
 PSYoungGen      total 60928K, used 224K [0x000000076b800000, 0x00000007b8680000, 0x00000007c0000000)
  eden space 60416K, 0% used [0x000000076b800000,0x000000076b800000,0x000000076f300000)
  from space 512K, 43% used [0x00000007b8600000,0x00000007b8638000,0x00000007b8680000)
  to   space 512K, 0% used [0x00000007b8580000,0x00000007b8580000,0x00000007b8600000)
 ParOldGen       total 173568K, used 15260K [0x00000006c2800000, 0x00000006cd180000, 0x000000076b800000)
  object space 173568K, 8% used [0x00000006c2800000,0x00000006c36e7338,0x00000006cd180000)
 Metaspace       used 8339K, capacity 8710K, committed 8960K, reserved 1056768K
  class space    used 659K, capacity 690K, committed 768K, reserved 1048576K
}
Event: 43.519 GC heap before
{Heap before GC invocations=365 (full 0):
 PSYoungGen      total 60928K, used 60640K [0x000000076b800000, 0x00000007b8680000, 0x00000007c0000000)
  eden space 60416K, 100% used [0x000000076b800000,0x000000076f300000,0x000000076f300000)
  from space 512K, 43% used [0x00000007b8600000,0x00000007b8638000,0x00000007b8680000)
  to   space 512K, 0% used [0x00000007b8580000,0x00000007b8580000,0x00000007b8600000)
 ParOldGen       total 173568K, used 15260K [0x00000006c2800000, 0x00000006cd180000, 0x000000076b800000)
  object space 173568K, 8% used [0x00000006c2800000,0x00000006c36e7338,0x00000006cd180000)
 Metaspace       used 8339K, capacity 8710K, committed 8960K, reserved 1056768K
  class space    used 659K, capacity 690K, committed 768K, reserved 1048576K
Event: 43.520 GC heap after
Heap after GC invocations=365 (full 0):
 PSYoungGen      total 59904K, used 192K [0x000000076b800000, 0x00000007b8680000, 0x00000007c0000000)
  eden space 59392K, 0% used [0x000000076b800000,0x000000076b800000,0x000000076f200000)
  from space 512K, 37% used [0x00000007b8580000,0x00000007b85b0000,0x00000007b8600000)
  to   space 512K, 0% used [0x00000007b8600000,0x00000007b8600000,0x00000007b8680000)
 ParOldGen       total 173568K, used 15260K [0x00000006c2800000, 0x00000006cd180000, 0x000000076b800000)
  object space 173568K, 8% used [0x00000006c2800000,0x00000006c36e7338,0x00000006cd180000)
 Metaspace       used 8339K, capacity 8710K, committed 8960K, reserved 1056768K
  class space    used 659K, capacity 690K, committed 768K, reserved 1048576K
}

