# JRE version: Java(TM) SE Runtime Environment (8.0_65-b17) (build 1.8.0_65-b17)
# Java VM: Java HotSpot(TM) 64-Bit Server VM (25.65-b01 mixed mode windows-amd64 compressed oops)
Heap:
 PSYoungGen      total 1062912K, used 762752K [0x000000076b800000, 0x00000007ad180000, 0x00000007c0000000)
  eden space 1052160K, 72% used [0x000000076b800000,0x000000079a0a8030,0x00000007abb80000)
  from space 10752K, 2% used [0x00000007ac700000,0x00000007ac738000,0x00000007ad180000)
  to   space 11264K, 0% used [0x00000007abb80000,0x00000007abb80000,0x00000007ac680000)
 ParOldGen       total 173568K, used 22889K [0x00000006c2800000, 0x00000006cd180000, 0x000000076b800000)
  object space 173568K, 13% used [0x00000006c2800000,0x00000006c3e5a498,0x00000006cd180000)
 Metaspace       used 8307K, capacity 8710K, committed 8960K, reserved 1056768K
  class space    used 660K, capacity 690K, committed 768K, reserved 1048576K
GC Heap History (10 events):
Event: 1.258 GC heap before
{Heap before GC invocations=10 (full 0):
 PSYoungGen      total 261120K, used 261093K [0x000000076b800000, 0x0000000786200000, 0x00000007c0000000)
  eden space 256512K, 100% used [0x000000076b800000,0x000000077b280000,0x000000077b280000)
  from space 4608K, 99% used [0x000000077b280000,0x000000077b6f9460,0x000000077b700000)
  to   space 12800K, 0% used [0x0000000785580000,0x0000000785580000,0x0000000786200000)
 ParOldGen       total 173568K, used 21869K [0x00000006c2800000, 0x00000006cd180000, 0x000000076b800000)
  object space 173568K, 12% used [0x00000006c2800000,0x00000006c3d5b488,0x00000006cd180000)
 Metaspace       used 8225K, capacity 8646K, committed 8960K, reserved 1056768K
  class space    used 657K, capacity 690K, committed 768K, reserved 1048576K
Event: 1.262 GC heap after
Heap after GC invocations=10 (full 0):
 PSYoungGen      total 423424K, used 192K [0x000000076b800000, 0x0000000786200000, 0x00000007c0000000)
  eden space 410624K, 0% used [0x000000076b800000,0x000000076b800000,0x0000000784900000)
  from space 12800K, 1% used [0x0000000785580000,0x00000007855b0000,0x0000000786200000)
  to   space 12800K, 0% used [0x0000000784900000,0x0000000784900000,0x0000000785580000)
 ParOldGen       total 173568K, used 22761K [0x00000006c2800000, 0x00000006cd180000, 0x000000076b800000)
  object space 173568K, 13% used [0x00000006c2800000,0x00000006c3e3a498,0x00000006cd180000)
 Metaspace       used 8225K, capacity 8646K, committed 8960K, reserved 1056768K
  class space    used 657K, capacity 690K, committed 768K, reserved 1048576K
}
Event: 1.606 GC heap before
{Heap before GC invocations=11 (full 0):
 PSYoungGen      total 423424K, used 410816K [0x000000076b800000, 0x0000000786200000, 0x00000007c0000000)
  eden space 410624K, 100% used [0x000000076b800000,0x0000000784900000,0x0000000784900000)
  from space 12800K, 1% used [0x0000000785580000,0x00000007855b0000,0x0000000786200000)
  to   space 12800K, 0% used [0x0000000784900000,0x0000000784900000,0x0000000785580000)
 ParOldGen       total 173568K, used 22761K [0x00000006c2800000, 0x00000006cd180000, 0x000000076b800000)
  object space 173568K, 13% used [0x00000006c2800000,0x00000006c3e3a498,0x00000006cd180000)
 Metaspace       used 8259K, capacity 8646K, committed 8960K, reserved 1056768K
  class space    used 660K, capacity 690K, committed 768K, reserved 1048576K
Event: 1.607 GC heap after
Heap after GC invocations=11 (full 0):
 PSYoungGen      total 423424K, used 256K [0x000000076b800000, 0x0000000795200000, 0x00000007c0000000)
  eden space 410624K, 0% used [0x000000076b800000,0x000000076b800000,0x0000000784900000)
  from space 12800K, 2% used [0x0000000784900000,0x0000000784940000,0x0000000785580000)
  to   space 12288K, 0% used [0x0000000794600000,0x0000000794600000,0x0000000795200000)
 ParOldGen       total 173568K, used 22817K [0x00000006c2800000, 0x00000006cd180000, 0x000000076b800000)
  object space 173568K, 13% used [0x00000006c2800000,0x00000006c3e48498,0x00000006cd180000)
 Metaspace       used 8259K, capacity 8646K, committed 8960K, reserved 1056768K
  class space    used 660K, capacity 690K, committed 768K, reserved 1048576K
}
Event: 1.929 GC heap before
{Heap before GC invocations=12 (full 0):
 PSYoungGen      total 423424K, used 410880K [0x000000076b800000, 0x0000000795200000, 0x00000007c0000000)
  eden space 410624K, 100% used [0x000000076b800000,0x0000000784900000,0x0000000784900000)
  from space 12800K, 2% used [0x0000000784900000,0x0000000784940000,0x0000000785580000)
  to   space 12288K, 0% used [0x0000000794600000,0x0000000794600000,0x0000000795200000)
 ParOldGen       total 173568K, used 22817K [0x00000006c2800000, 0x00000006cd180000, 0x000000076b800000)
  object space 173568K, 13% used [0x00000006c2800000,0x00000006c3e48498,0x00000006cd180000)
 Metaspace       used 8260K, capacity 8646K, committed 8960K, reserved 1056768K
  class space    used 660K, capacity 690K, committed 768K, reserved 1048576K
Event: 1.930 GC heap after
Heap after GC invocations=12 (full 0):
 PSYoungGen      total 669696K, used 224K [0x000000076b800000, 0x0000000795200000, 0x00000007c0000000)
  eden space 657408K, 0% used [0x000000076b800000,0x000000076b800000,0x0000000793a00000)
  from space 12288K, 1% used [0x0000000794600000,0x0000000794638000,0x0000000795200000)
  to   space 12288K, 0% used [0x0000000793a00000,0x0000000793a00000,0x0000000794600000)
 ParOldGen       total 173568K, used 22881K [0x00000006c2800000, 0x00000006cd180000, 0x000000076b800000)
  object space 173568K, 13% used [0x00000006c2800000,0x00000006c3e58498,0x00000006cd180000)
 Metaspace       used 8260K, capacity 8646K, committed 8960K, reserved 1056768K
  class space    used 660K, capacity 690K, committed 768K, reserved 1048576K
}
Event: 2.604 GC heap before
{Heap before GC invocations=13 (full 0):
 PSYoungGen      total 669696K, used 657632K [0x000000076b800000, 0x0000000795200000, 0x00000007c0000000)
  eden space 657408K, 100% used [0x000000076b800000,0x0000000793a00000,0x0000000793a00000)
  from space 12288K, 1% used [0x0000000794600000,0x0000000794638000,0x0000000795200000)
  to   space 12288K, 0% used [0x0000000793a00000,0x0000000793a00000,0x0000000794600000)
 ParOldGen       total 173568K, used 22881K [0x00000006c2800000, 0x00000006cd180000, 0x000000076b800000)
  object space 173568K, 13% used [0x00000006c2800000,0x00000006c3e58498,0x00000006cd180000)
 Metaspace       used 8267K, capacity 8646K, committed 8960K, reserved 1056768K
  class space    used 660K, capacity 690K, committed 768K, reserved 1048576K
Event: 2.605 GC heap after
Heap after GC invocations=13 (full 0):
 PSYoungGen      total 669696K, used 224K [0x000000076b800000, 0x00000007ad280000, 0x00000007c0000000)
  eden space 657408K, 0% used [0x000000076b800000,0x000000076b800000,0x0000000793a00000)
  from space 12288K, 1% used [0x0000000793a00000,0x0000000793a38000,0x0000000794600000)
  to   space 11776K, 0% used [0x00000007ac700000,0x00000007ac700000,0x00000007ad280000)
 ParOldGen       total 173568K, used 22881K [0x00000006c2800000, 0x00000006cd180000, 0x000000076b800000)
  object space 173568K, 13% used [0x00000006c2800000,0x00000006c3e58498,0x00000006cd180000)
 Metaspace       used 8267K, capacity 8646K, committed 8960K, reserved 1056768K
  class space    used 660K, capacity 690K, committed 768K, reserved 1048576K
}
Event: 3.400 GC heap before
{Heap before GC invocations=14 (full 0):
 PSYoungGen      total 669696K, used 657632K [0x000000076b800000, 0x00000007ad280000, 0x00000007c0000000)
  eden space 657408K, 100% used [0x000000076b800000,0x0000000793a00000,0x0000000793a00000)
  from space 12288K, 1% used [0x0000000793a00000,0x0000000793a38000,0x0000000794600000)
  to   space 11776K, 0% used [0x00000007ac700000,0x00000007ac700000,0x00000007ad280000)
 ParOldGen       total 173568K, used 22881K [0x00000006c2800000, 0x00000006cd180000, 0x000000076b800000)
  object space 173568K, 13% used [0x00000006c2800000,0x00000006c3e58498,0x00000006cd180000)
 Metaspace       used 8299K, capacity 8710K, committed 8960K, reserved 1056768K
  class space    used 660K, capacity 690K, committed 768K, reserved 1048576K
Event: 3.401 GC heap after
Heap after GC invocations=14 (full 0):
 PSYoungGen      total 1062912K, used 224K [0x000000076b800000, 0x00000007ad180000, 0x00000007c0000000)
  eden space 1052160K, 0% used [0x000000076b800000,0x000000076b800000,0x00000007abb80000)
  from space 10752K, 2% used [0x00000007ac700000,0x00000007ac738000,0x00000007ad180000)
  to   space 11264K, 0% used [0x00000007abb80000,0x00000007abb80000,0x00000007ac680000)
 ParOldGen       total 173568K, used 22889K [0x00000006c2800000, 0x00000006cd180000, 0x000000076b800000)
  object space 173568K, 13% used [0x00000006c2800000,0x00000006c3e5a498,0x00000006cd180000)
 Metaspace       used 8299K, capacity 8710K, committed 8960K, reserved 1056768K
  class space    used 660K, capacity 690K, committed 768K, reserved 1048576K
}

