# JRE version: Java(TM) SE Runtime Environment (8.0_65-b17) (build 1.8.0_65-b17)
# Java VM: Java HotSpot(TM) 64-Bit Server VM (25.65-b01 mixed mode windows-amd64 compressed oops)
Heap:
 PSYoungGen      total 1183744K, used 770825K [0x000000076b800000, 0x00000007be680000, 0x00000007c0000000)
  eden space 1171968K, 65% used [0x000000076b800000,0x000000079a8b2640,0x00000007b3080000)
  from space 11776K, 0% used [0x00000007bcf80000,0x00000007bcf90000,0x00000007bdb00000)
  to   space 11264K, 0% used [0x00000007bdb80000,0x00000007bdb80000,0x00000007be680000)
 ParOldGen       total 173568K, used 37588K [0x00000006c2800000, 0x00000006cd180000, 0x000000076b800000)
  object space 173568K, 21% used [0x00000006c2800000,0x00000006c4cb5208,0x00000006cd180000)
 Metaspace       used 8278K, capacity 8710K, committed 8960K, reserved 1056768K
  class space    used 655K, capacity 690K, committed 768K, reserved 1048576K
GC Heap History (10 events):
Event: 3.894 GC heap before
{Heap before GC invocations=15 (full 0):
 PSYoungGen      total 976384K, used 962720K [0x000000076b800000, 0x00000007a8000000, 0x00000007c0000000)
  eden space 962560K, 100% used [0x000000076b800000,0x00000007a6400000,0x00000007a6400000)
  from space 13824K, 1% used [0x00000007a7280000,0x00000007a72a8000,0x00000007a8000000)
  to   space 14336K, 0% used [0x00000007a6400000,0x00000007a6400000,0x00000007a7200000)
 ParOldGen       total 173568K, used 37532K [0x00000006c2800000, 0x00000006cd180000, 0x000000076b800000)
  object space 173568K, 21% used [0x00000006c2800000,0x00000006c4ca7208,0x00000006cd180000)
 Metaspace       used 8268K, capacity 8646K, committed 8960K, reserved 1056768K
  class space    used 655K, capacity 690K, committed 768K, reserved 1048576K
Event: 3.895 GC heap after
Heap after GC invocations=15 (full 0):
 PSYoungGen      total 976896K, used 96K [0x000000076b800000, 0x00000007bff80000, 0x00000007c0000000)
  eden space 962560K, 0% used [0x000000076b800000,0x000000076b800000,0x00000007a6400000)
  from space 14336K, 0% used [0x00000007a6400000,0x00000007a6418000,0x00000007a7200000)
  to   space 13824K, 0% used [0x00000007bf200000,0x00000007bf200000,0x00000007bff80000)
 ParOldGen       total 173568K, used 37540K [0x00000006c2800000, 0x00000006cd180000, 0x000000076b800000)
  object space 173568K, 21% used [0x00000006c2800000,0x00000006c4ca9208,0x00000006cd180000)
 Metaspace       used 8268K, capacity 8646K, committed 8960K, reserved 1056768K
  class space    used 655K, capacity 690K, committed 768K, reserved 1048576K
}
Event: 4.652 GC heap before
{Heap before GC invocations=16 (full 0):
 PSYoungGen      total 976896K, used 962656K [0x000000076b800000, 0x00000007bff80000, 0x00000007c0000000)
  eden space 962560K, 100% used [0x000000076b800000,0x00000007a6400000,0x00000007a6400000)
  from space 14336K, 0% used [0x00000007a6400000,0x00000007a6418000,0x00000007a7200000)
  to   space 13824K, 0% used [0x00000007bf200000,0x00000007bf200000,0x00000007bff80000)
 ParOldGen       total 173568K, used 37540K [0x00000006c2800000, 0x00000006cd180000, 0x000000076b800000)
  object space 173568K, 21% used [0x00000006c2800000,0x00000006c4ca9208,0x00000006cd180000)
 Metaspace       used 8270K, capacity 8646K, committed 8960K, reserved 1056768K
  class space    used 655K, capacity 690K, committed 768K, reserved 1048576K
Event: 4.653 GC heap after
Heap after GC invocations=16 (full 0):
 PSYoungGen      total 1369088K, used 128K [0x000000076b800000, 0x00000007bfe80000, 0x00000007c0000000)
  eden space 1356288K, 0% used [0x000000076b800000,0x000000076b800000,0x00000007be480000)
  from space 12800K, 1% used [0x00000007bf200000,0x00000007bf220000,0x00000007bfe80000)
  to   space 13312K, 0% used [0x00000007be480000,0x00000007be480000,0x00000007bf180000)
 ParOldGen       total 173568K, used 37572K [0x00000006c2800000, 0x00000006cd180000, 0x000000076b800000)
  object space 173568K, 21% used [0x00000006c2800000,0x00000006c4cb1208,0x00000006cd180000)
 Metaspace       used 8270K, capacity 8646K, committed 8960K, reserved 1056768K
  class space    used 655K, capacity 690K, committed 768K, reserved 1048576K
}
Event: 5.708 GC heap before
{Heap before GC invocations=17 (full 0):
 PSYoungGen      total 1369088K, used 1356416K [0x000000076b800000, 0x00000007bfe80000, 0x00000007c0000000)
  eden space 1356288K, 100% used [0x000000076b800000,0x00000007be480000,0x00000007be480000)
  from space 12800K, 1% used [0x00000007bf200000,0x00000007bf220000,0x00000007bfe80000)
  to   space 13312K, 0% used [0x00000007be480000,0x00000007be480000,0x00000007bf180000)
 ParOldGen       total 173568K, used 37572K [0x00000006c2800000, 0x00000006cd180000, 0x000000076b800000)
  object space 173568K, 21% used [0x00000006c2800000,0x00000006c4cb1208,0x00000006cd180000)
 Metaspace       used 8271K, capacity 8646K, committed 8960K, reserved 1056768K
  class space    used 655K, capacity 690K, committed 768K, reserved 1048576K
Event: 5.708 GC heap after
Heap after GC invocations=17 (full 0):
 PSYoungGen      total 1292288K, used 160K [0x000000076b800000, 0x00000007bf280000, 0x00000007c0000000)
  eden space 1291776K, 0% used [0x000000076b800000,0x000000076b800000,0x00000007ba580000)
  from space 512K, 31% used [0x00000007be480000,0x00000007be4a8000,0x00000007be500000)
  to   space 12800K, 0% used [0x00000007be600000,0x00000007be600000,0x00000007bf280000)
 ParOldGen       total 173568K, used 37572K [0x00000006c2800000, 0x00000006cd180000, 0x000000076b800000)
  object space 173568K, 21% used [0x00000006c2800000,0x00000006c4cb1208,0x00000006cd180000)
 Metaspace       used 8271K, capacity 8646K, committed 8960K, reserved 1056768K
  class space    used 655K, capacity 690K, committed 768K, reserved 1048576K
}
Event: 6.722 GC heap before
{Heap before GC invocations=18 (full 0):
 PSYoungGen      total 1292288K, used 1291936K [0x000000076b800000, 0x00000007bf280000, 0x00000007c0000000)
  eden space 1291776K, 100% used [0x000000076b800000,0x00000007ba580000,0x00000007ba580000)
  from space 512K, 31% used [0x00000007be480000,0x00000007be4a8000,0x00000007be500000)
  to   space 12800K, 0% used [0x00000007be600000,0x00000007be600000,0x00000007bf280000)
 ParOldGen       total 173568K, used 37572K [0x00000006c2800000, 0x00000006cd180000, 0x000000076b800000)
  object space 173568K, 21% used [0x00000006c2800000,0x00000006c4cb1208,0x00000006cd180000)
 Metaspace       used 8277K, capacity 8710K, committed 8960K, reserved 1056768K
  class space    used 655K, capacity 690K, committed 768K, reserved 1048576K
Event: 6.723 GC heap after
Heap after GC invocations=18 (full 0):
 PSYoungGen      total 1230848K, used 160K [0x000000076b800000, 0x00000007be680000, 0x00000007c0000000)
  eden space 1230336K, 0% used [0x000000076b800000,0x000000076b800000,0x00000007b6980000)
  from space 512K, 31% used [0x00000007be600000,0x00000007be628000,0x00000007be680000)
  to   space 11776K, 0% used [0x00000007bcf80000,0x00000007bcf80000,0x00000007bdb00000)
 ParOldGen       total 173568K, used 37572K [0x00000006c2800000, 0x00000006cd180000, 0x000000076b800000)
  object space 173568K, 21% used [0x00000006c2800000,0x00000006c4cb1208,0x00000006cd180000)
 Metaspace       used 8277K, capacity 8710K, committed 8960K, reserved 1056768K
  class space    used 655K, capacity 690K, committed 768K, reserved 1048576K
}
Event: 7.637 GC heap before
{Heap before GC invocations=19 (full 0):
 PSYoungGen      total 1230848K, used 1230496K [0x000000076b800000, 0x00000007be680000, 0x00000007c0000000)
  eden space 1230336K, 100% used [0x000000076b800000,0x00000007b6980000,0x00000007b6980000)
  from space 512K, 31% used [0x00000007be600000,0x00000007be628000,0x00000007be680000)
  to   space 11776K, 0% used [0x00000007bcf80000,0x00000007bcf80000,0x00000007bdb00000)
 ParOldGen       total 173568K, used 37572K [0x00000006c2800000, 0x00000006cd180000, 0x000000076b800000)
  object space 173568K, 21% used [0x00000006c2800000,0x00000006c4cb1208,0x00000006cd180000)
 Metaspace       used 8277K, capacity 8710K, committed 8960K, reserved 1056768K
  class space    used 655K, capacity 690K, committed 768K, reserved 1048576K
Event: 7.638 GC heap after
Heap after GC invocations=19 (full 0):
 PSYoungGen      total 1183744K, used 64K [0x000000076b800000, 0x00000007be680000, 0x00000007c0000000)
  eden space 1171968K, 0% used [0x000000076b800000,0x000000076b800000,0x00000007b3080000)
  from space 11776K, 0% used [0x00000007bcf80000,0x00000007bcf90000,0x00000007bdb00000)
  to   space 11264K, 0% used [0x00000007bdb80000,0x00000007bdb80000,0x00000007be680000)
 ParOldGen       total 173568K, used 37588K [0x00000006c2800000, 0x00000006cd180000, 0x000000076b800000)
  object space 173568K, 21% used [0x00000006c2800000,0x00000006c4cb5208,0x00000006cd180000)
 Metaspace       used 8277K, capacity 8710K, committed 8960K, reserved 1056768K
  class space    used 655K, capacity 690K, committed 768K, reserved 1048576K
}

