# JRE version: Java(TM) SE Runtime Environment (8.0_65-b17) (build 1.8.0_65-b17)
# Java VM: Java HotSpot(TM) 64-Bit Server VM (25.65-b01 mixed mode windows-amd64 compressed oops)
Heap:
 PSYoungGen      total 227840K, used 227023K [0x000000076b800000, 0x00000007ab600000, 0x00000007c0000000)
  eden space 227328K, 99% used [0x000000076b800000,0x0000000779583ff0,0x0000000779600000)
  from space 512K, 37% used [0x00000007ab580000,0x00000007ab5b0000,0x00000007ab600000)
  to   space 1536K, 0% used [0x00000007ab300000,0x00000007ab300000,0x00000007ab480000)
 ParOldGen       total 173568K, used 35836K [0x00000006c2800000, 0x00000006cd180000, 0x000000076b800000)
  object space 173568K, 20% used [0x00000006c2800000,0x00000006c4aff3b0,0x00000006cd180000)
 Metaspace       used 8337K, capacity 8710K, committed 8960K, reserved 1056768K
  class space    used 660K, capacity 690K, committed 768K, reserved 1048576K
GC Heap History (10 events):
Event: 19.895 GC heap before
{Heap before GC invocations=48 (full 0):
 PSYoungGen      total 279040K, used 277152K [0x000000076b800000, 0x00000007ab980000, 0x00000007c0000000)
  eden space 276992K, 100% used [0x000000076b800000,0x000000077c680000,0x000000077c680000)
  from space 2048K, 7% used [0x00000007ab580000,0x00000007ab5a8000,0x00000007ab780000)
  to   space 2048K, 0% used [0x00000007ab780000,0x00000007ab780000,0x00000007ab980000)
 ParOldGen       total 173568K, used 35796K [0x00000006c2800000, 0x00000006cd180000, 0x000000076b800000)
  object space 173568K, 20% used [0x00000006c2800000,0x00000006c4af53b0,0x00000006cd180000)
 Metaspace       used 8337K, capacity 8710K, committed 8960K, reserved 1056768K
  class space    used 660K, capacity 690K, committed 768K, reserved 1048576K
Event: 19.896 GC heap after
Heap after GC invocations=48 (full 0):
 PSYoungGen      total 266752K, used 192K [0x000000076b800000, 0x00000007ab800000, 0x00000007c0000000)
  eden space 266240K, 0% used [0x000000076b800000,0x000000076b800000,0x000000077bc00000)
  from space 512K, 37% used [0x00000007ab780000,0x00000007ab7b0000,0x00000007ab800000)
  to   space 1536K, 0% used [0x00000007ab500000,0x00000007ab500000,0x00000007ab680000)
 ParOldGen       total 173568K, used 35828K [0x00000006c2800000, 0x00000006cd180000, 0x000000076b800000)
  object space 173568K, 20% used [0x00000006c2800000,0x00000006c4afd3b0,0x00000006cd180000)
 Metaspace       used 8337K, capacity 8710K, committed 8960K, reserved 1056768K
  class space    used 660K, capacity 690K, committed 768K, reserved 1048576K
}
Event: 20.113 GC heap before
{Heap before GC invocations=49 (full 0):
 PSYoungGen      total 266752K, used 266432K [0x000000076b800000, 0x00000007ab800000, 0x00000007c0000000)
  eden space 266240K, 100% used [0x000000076b800000,0x000000077bc00000,0x000000077bc00000)
  from space 512K, 37% used [0x00000007ab780000,0x00000007ab7b0000,0x00000007ab800000)
  to   space 1536K, 0% used [0x00000007ab500000,0x00000007ab500000,0x00000007ab680000)
 ParOldGen       total 173568K, used 35828K [0x00000006c2800000, 0x00000006cd180000, 0x000000076b800000)
  object space 173568K, 20% used [0x00000006c2800000,0x00000006c4afd3b0,0x00000006cd180000)
 Metaspace       used 8337K, capacity 8710K, committed 8960K, reserved 1056768K
  class space    used 660K, capacity 690K, committed 768K, reserved 1048576K
Event: 20.113 GC heap after
Heap after GC invocations=49 (full 0):
 PSYoungGen      total 257536K, used 160K [0x000000076b800000, 0x00000007ab800000, 0x00000007c0000000)
  eden space 256000K, 0% used [0x000000076b800000,0x000000076b800000,0x000000077b200000)
  from space 1536K, 10% used [0x00000007ab500000,0x00000007ab528000,0x00000007ab680000)
  to   space 1536K, 0% used [0x00000007ab680000,0x00000007ab680000,0x00000007ab800000)
 ParOldGen       total 173568K, used 35828K [0x00000006c2800000, 0x00000006cd180000, 0x000000076b800000)
  object space 173568K, 20% used [0x00000006c2800000,0x00000006c4afd3b0,0x00000006cd180000)
 Metaspace       used 8337K, capacity 8710K, committed 8960K, reserved 1056768K
  class space    used 660K, capacity 690K, committed 768K, reserved 1048576K
}
Event: 20.377 GC heap before
{Heap before GC invocations=50 (full 0):
 PSYoungGen      total 257536K, used 256160K [0x000000076b800000, 0x00000007ab800000, 0x00000007c0000000)
  eden space 256000K, 100% used [0x000000076b800000,0x000000077b200000,0x000000077b200000)
  from space 1536K, 10% used [0x00000007ab500000,0x00000007ab528000,0x00000007ab680000)
  to   space 1536K, 0% used [0x00000007ab680000,0x00000007ab680000,0x00000007ab800000)
 ParOldGen       total 173568K, used 35828K [0x00000006c2800000, 0x00000006cd180000, 0x000000076b800000)
  object space 173568K, 20% used [0x00000006c2800000,0x00000006c4afd3b0,0x00000006cd180000)
 Metaspace       used 8337K, capacity 8710K, committed 8960K, reserved 1056768K
  class space    used 660K, capacity 690K, committed 768K, reserved 1048576K
Event: 20.378 GC heap after
Heap after GC invocations=50 (full 0):
 PSYoungGen      total 246784K, used 192K [0x000000076b800000, 0x00000007ab700000, 0x00000007c0000000)
  eden space 246272K, 0% used [0x000000076b800000,0x000000076b800000,0x000000077a880000)
  from space 512K, 37% used [0x00000007ab680000,0x00000007ab6b0000,0x00000007ab700000)
  to   space 1536K, 0% used [0x00000007ab400000,0x00000007ab400000,0x00000007ab580000)
 ParOldGen       total 173568K, used 35828K [0x00000006c2800000, 0x00000006cd180000, 0x000000076b800000)
  object space 173568K, 20% used [0x00000006c2800000,0x00000006c4afd3b0,0x00000006cd180000)
 Metaspace       used 8337K, capacity 8710K, committed 8960K, reserved 1056768K
  class space    used 660K, capacity 690K, committed 768K, reserved 1048576K
}
Event: 20.650 GC heap before
{Heap before GC invocations=51 (full 0):
 PSYoungGen      total 246784K, used 246464K [0x000000076b800000, 0x00000007ab700000, 0x00000007c0000000)
  eden space 246272K, 100% used [0x000000076b800000,0x000000077a880000,0x000000077a880000)
  from space 512K, 37% used [0x00000007ab680000,0x00000007ab6b0000,0x00000007ab700000)
  to   space 1536K, 0% used [0x00000007ab400000,0x00000007ab400000,0x00000007ab580000)
 ParOldGen       total 173568K, used 35828K [0x00000006c2800000, 0x00000006cd180000, 0x000000076b800000)
  object space 173568K, 20% used [0x00000006c2800000,0x00000006c4afd3b0,0x00000006cd180000)
 Metaspace       used 8337K, capacity 8710K, committed 8960K, reserved 1056768K
  class space    used 660K, capacity 690K, committed 768K, reserved 1048576K
Event: 20.651 GC heap after
Heap after GC invocations=51 (full 0):
 PSYoungGen      total 238080K, used 224K [0x000000076b800000, 0x00000007ab700000, 0x00000007c0000000)
  eden space 236544K, 0% used [0x000000076b800000,0x000000076b800000,0x0000000779f00000)
  from space 1536K, 14% used [0x00000007ab400000,0x00000007ab438000,0x00000007ab580000)
  to   space 1536K, 0% used [0x00000007ab580000,0x00000007ab580000,0x00000007ab700000)
 ParOldGen       total 173568K, used 35836K [0x00000006c2800000, 0x00000006cd180000, 0x000000076b800000)
  object space 173568K, 20% used [0x00000006c2800000,0x00000006c4aff3b0,0x00000006cd180000)
 Metaspace       used 8337K, capacity 8710K, committed 8960K, reserved 1056768K
  class space    used 660K, capacity 690K, committed 768K, reserved 1048576K
}
Event: 20.853 GC heap before
{Heap before GC invocations=52 (full 0):
 PSYoungGen      total 238080K, used 236768K [0x000000076b800000, 0x00000007ab700000, 0x00000007c0000000)
  eden space 236544K, 100% used [0x000000076b800000,0x0000000779f00000,0x0000000779f00000)
  from space 1536K, 14% used [0x00000007ab400000,0x00000007ab438000,0x00000007ab580000)
  to   space 1536K, 0% used [0x00000007ab580000,0x00000007ab580000,0x00000007ab700000)
 ParOldGen       total 173568K, used 35836K [0x00000006c2800000, 0x00000006cd180000, 0x000000076b800000)
  object space 173568K, 20% used [0x00000006c2800000,0x00000006c4aff3b0,0x00000006cd180000)
 Metaspace       used 8337K, capacity 8710K, committed 8960K, reserved 1056768K
  class space    used 660K, capacity 690K, committed 768K, reserved 1048576K
Event: 20.854 GC heap after
Heap after GC invocations=52 (full 0):
 PSYoungGen      total 227840K, used 192K [0x000000076b800000, 0x00000007ab600000, 0x00000007c0000000)
  eden space 227328K, 0% used [0x000000076b800000,0x000000076b800000,0x0000000779600000)
  from space 512K, 37% used [0x00000007ab580000,0x00000007ab5b0000,0x00000007ab600000)
  to   space 1536K, 0% used [0x00000007ab300000,0x00000007ab300000,0x00000007ab480000)
 ParOldGen       total 173568K, used 35836K [0x00000006c2800000, 0x00000006cd180000, 0x000000076b800000)
  object space 173568K, 20% used [0x00000006c2800000,0x00000006c4aff3b0,0x00000006cd180000)
 Metaspace       used 8337K, capacity 8710K, committed 8960K, reserved 1056768K
  class space    used 660K, capacity 690K, committed 768K, reserved 1048576K
}

