# JRE version: Java(TM) SE Runtime Environment (8.0_65-b17) (build 1.8.0_65-b17)
# Java VM: Java HotSpot(TM) 64-Bit Server VM (25.65-b01 mixed mode windows-amd64 compressed oops)
Heap:
 PSYoungGen      total 1081856K, used 1001070K [0x000000076b800000, 0x00000007bb500000, 0x00000007c0000000)
  eden space 1081344K, 92% used [0x000000076b800000,0x00000007a896b978,0x00000007ad800000)
  from space 512K, 37% used [0x00000007bb480000,0x00000007bb4b0000,0x00000007bb500000)
  to   space 6656K, 0% used [0x00000007ba800000,0x00000007ba800000,0x00000007bae80000)
 ParOldGen       total 173568K, used 13768K [0x00000006c2800000, 0x00000006cd180000, 0x000000076b800000)
  object space 173568K, 7% used [0x00000006c2800000,0x00000006c3572178,0x00000006cd180000)
 Metaspace       used 8390K, capacity 8774K, committed 8960K, reserved 1056768K
  class space    used 662K, capacity 690K, committed 768K, reserved 1048576K
GC Heap History (10 events):
Event: 2.590 GC heap before
{Heap before GC invocations=12 (full 0):
 PSYoungGen      total 828416K, used 820448K [0x000000076b800000, 0x00000007bca00000, 0x00000007c0000000)
  eden space 820224K, 100% used [0x000000076b800000,0x000000079d900000,0x000000079d900000)
  from space 8192K, 2% used [0x000000079d900000,0x000000079d938000,0x000000079e100000)
  to   space 8192K, 0% used [0x00000007bc200000,0x00000007bc200000,0x00000007bca00000)
 ParOldGen       total 173568K, used 13696K [0x00000006c2800000, 0x00000006cd180000, 0x000000076b800000)
  object space 173568K, 7% used [0x00000006c2800000,0x00000006c3560178,0x00000006cd180000)
 Metaspace       used 8369K, capacity 8774K, committed 8960K, reserved 1056768K
  class space    used 662K, capacity 690K, committed 768K, reserved 1048576K
Event: 2.590 GC heap after
Heap after GC invocations=12 (full 0):
 PSYoungGen      total 1319936K, used 192K [0x000000076b800000, 0x00000007bc900000, 0x00000007c0000000)
  eden space 1312768K, 0% used [0x000000076b800000,0x000000076b800000,0x00000007bba00000)
  from space 7168K, 2% used [0x00000007bc200000,0x00000007bc230000,0x00000007bc900000)
  to   space 7680K, 0% used [0x00000007bba00000,0x00000007bba00000,0x00000007bc180000)
 ParOldGen       total 173568K, used 13712K [0x00000006c2800000, 0x00000006cd180000, 0x000000076b800000)
  object space 173568K, 7% used [0x00000006c2800000,0x00000006c3564178,0x00000006cd180000)
 Metaspace       used 8369K, capacity 8774K, committed 8960K, reserved 1056768K
  class space    used 662K, capacity 690K, committed 768K, reserved 1048576K
}
Event: 3.254 GC heap before
{Heap before GC invocations=13 (full 0):
 PSYoungGen      total 1319936K, used 1312960K [0x000000076b800000, 0x00000007bc900000, 0x00000007c0000000)
  eden space 1312768K, 100% used [0x000000076b800000,0x00000007bba00000,0x00000007bba00000)
  from space 7168K, 2% used [0x00000007bc200000,0x00000007bc230000,0x00000007bc900000)
  to   space 7680K, 0% used [0x00000007bba00000,0x00000007bba00000,0x00000007bc180000)
 ParOldGen       total 173568K, used 13712K [0x00000006c2800000, 0x00000006cd180000, 0x000000076b800000)
  object space 173568K, 7% used [0x00000006c2800000,0x00000006c3564178,0x00000006cd180000)
 Metaspace       used 8372K, capacity 8774K, committed 8960K, reserved 1056768K
  class space    used 662K, capacity 690K, committed 768K, reserved 1048576K
Event: 3.254 GC heap after
Heap after GC invocations=13 (full 0):
 PSYoungGen      total 1250816K, used 224K [0x000000076b800000, 0x00000007bc280000, 0x00000007c0000000)
  eden space 1250304K, 0% used [0x000000076b800000,0x000000076b800000,0x00000007b7d00000)
  from space 512K, 43% used [0x00000007bba00000,0x00000007bba38000,0x00000007bba80000)
  to   space 7680K, 0% used [0x00000007bbb00000,0x00000007bbb00000,0x00000007bc280000)
 ParOldGen       total 173568K, used 13712K [0x00000006c2800000, 0x00000006cd180000, 0x000000076b800000)
  object space 173568K, 7% used [0x00000006c2800000,0x00000006c3564178,0x00000006cd180000)
 Metaspace       used 8372K, capacity 8774K, committed 8960K, reserved 1056768K
  class space    used 662K, capacity 690K, committed 768K, reserved 1048576K
}
Event: 3.860 GC heap before
{Heap before GC invocations=14 (full 0):
 PSYoungGen      total 1250816K, used 1250528K [0x000000076b800000, 0x00000007bc280000, 0x00000007c0000000)
  eden space 1250304K, 100% used [0x000000076b800000,0x00000007b7d00000,0x00000007b7d00000)
  from space 512K, 43% used [0x00000007bba00000,0x00000007bba38000,0x00000007bba80000)
  to   space 7680K, 0% used [0x00000007bbb00000,0x00000007bbb00000,0x00000007bc280000)
 ParOldGen       total 173568K, used 13712K [0x00000006c2800000, 0x00000006cd180000, 0x000000076b800000)
  object space 173568K, 7% used [0x00000006c2800000,0x00000006c3564178,0x00000006cd180000)
 Metaspace       used 8377K, capacity 8774K, committed 8960K, reserved 1056768K
  class space    used 662K, capacity 690K, committed 768K, reserved 1048576K
Event: 3.860 GC heap after
Heap after GC invocations=14 (full 0):
 PSYoungGen      total 1191424K, used 192K [0x000000076b800000, 0x00000007bbb80000, 0x00000007c0000000)
  eden space 1190912K, 0% used [0x000000076b800000,0x000000076b800000,0x00000007b4300000)
  from space 512K, 37% used [0x00000007bbb00000,0x00000007bbb30000,0x00000007bbb80000)
  to   space 7168K, 0% used [0x00000007bad80000,0x00000007bad80000,0x00000007bb480000)
 ParOldGen       total 173568K, used 13712K [0x00000006c2800000, 0x00000006cd180000, 0x000000076b800000)
  object space 173568K, 7% used [0x00000006c2800000,0x00000006c3564178,0x00000006cd180000)
 Metaspace       used 8377K, capacity 8774K, committed 8960K, reserved 1056768K
  class space    used 662K, capacity 690K, committed 768K, reserved 1048576K
}
Event: 4.404 GC heap before
{Heap before GC invocations=15 (full 0):
 PSYoungGen      total 1191424K, used 1191104K [0x000000076b800000, 0x00000007bbb80000, 0x00000007c0000000)
  eden space 1190912K, 100% used [0x000000076b800000,0x00000007b4300000,0x00000007b4300000)
  from space 512K, 37% used [0x00000007bbb00000,0x00000007bbb30000,0x00000007bbb80000)
  to   space 7168K, 0% used [0x00000007bad80000,0x00000007bad80000,0x00000007bb480000)
 ParOldGen       total 173568K, used 13712K [0x00000006c2800000, 0x00000006cd180000, 0x000000076b800000)
  object space 173568K, 7% used [0x00000006c2800000,0x00000006c3564178,0x00000006cd180000)
 Metaspace       used 8386K, capacity 8774K, committed 8960K, reserved 1056768K
  class space    used 662K, capacity 690K, committed 768K, reserved 1048576K
Event: 4.405 GC heap after
Heap after GC invocations=15 (full 0):
 PSYoungGen      total 1141760K, used 224K [0x000000076b800000, 0x00000007bbb80000, 0x00000007c0000000)
  eden space 1134592K, 0% used [0x000000076b800000,0x000000076b800000,0x00000007b0c00000)
  from space 7168K, 3% used [0x00000007bad80000,0x00000007badb8000,0x00000007bb480000)
  to   space 7168K, 0% used [0x00000007bb480000,0x00000007bb480000,0x00000007bbb80000)
 ParOldGen       total 173568K, used 13752K [0x00000006c2800000, 0x00000006cd180000, 0x000000076b800000)
  object space 173568K, 7% used [0x00000006c2800000,0x00000006c356e178,0x00000006cd180000)
 Metaspace       used 8386K, capacity 8774K, committed 8960K, reserved 1056768K
  class space    used 662K, capacity 690K, committed 768K, reserved 1048576K
}
Event: 4.914 GC heap before
{Heap before GC invocations=16 (full 0):
 PSYoungGen      total 1141760K, used 1134816K [0x000000076b800000, 0x00000007bbb80000, 0x00000007c0000000)
  eden space 1134592K, 100% used [0x000000076b800000,0x00000007b0c00000,0x00000007b0c00000)
  from space 7168K, 3% used [0x00000007bad80000,0x00000007badb8000,0x00000007bb480000)
  to   space 7168K, 0% used [0x00000007bb480000,0x00000007bb480000,0x00000007bbb80000)
 ParOldGen       total 173568K, used 13752K [0x00000006c2800000, 0x00000006cd180000, 0x000000076b800000)
  object space 173568K, 7% used [0x00000006c2800000,0x00000006c356e178,0x00000006cd180000)
 Metaspace       used 8389K, capacity 8774K, committed 8960K, reserved 1056768K
  class space    used 662K, capacity 690K, committed 768K, reserved 1048576K
Event: 4.915 GC heap after
Heap after GC invocations=16 (full 0):
 PSYoungGen      total 1081856K, used 192K [0x000000076b800000, 0x00000007bb500000, 0x00000007c0000000)
  eden space 1081344K, 0% used [0x000000076b800000,0x000000076b800000,0x00000007ad800000)
  from space 512K, 37% used [0x00000007bb480000,0x00000007bb4b0000,0x00000007bb500000)
  to   space 6656K, 0% used [0x00000007ba800000,0x00000007ba800000,0x00000007bae80000)
 ParOldGen       total 173568K, used 13768K [0x00000006c2800000, 0x00000006cd180000, 0x000000076b800000)
  object space 173568K, 7% used [0x00000006c2800000,0x00000006c3572178,0x00000006cd180000)
 Metaspace       used 8389K, capacity 8774K, committed 8960K, reserved 1056768K
  class space    used 662K, capacity 690K, committed 768K, reserved 1048576K
}

