# JRE version: Java(TM) SE Runtime Environment (8.0_65-b17) (build 1.8.0_65-b17)
# Java VM: Java HotSpot(TM) 64-Bit Server VM (25.65-b01 mixed mode windows-amd64 compressed oops)
Heap:
 PSYoungGen      total 908288K, used 36385K [0x000000076b800000, 0x00000007bed00000, 0x00000007c0000000)
  eden space 907776K, 3% used [0x000000076b800000,0x000000076db584e0,0x00000007a2e80000)
  from space 512K, 37% used [0x00000007bec80000,0x00000007becb0000,0x00000007bed00000)
  to   space 9216K, 0% used [0x00000007bdb00000,0x00000007bdb00000,0x00000007be400000)
 ParOldGen       total 173568K, used 28171K [0x00000006c2800000, 0x00000006cd180000, 0x000000076b800000)
  object space 173568K, 16% used [0x00000006c2800000,0x00000006c4382cb0,0x00000006cd180000)
 Metaspace       used 8386K, capacity 8774K, committed 8960K, reserved 1056768K
  class space    used 661K, capacity 690K, committed 768K, reserved 1048576K
GC Heap History (10 events):
Event: 2.445 GC heap before
{Heap before GC invocations=14 (full 0):
 PSYoungGen      total 666112K, used 655040K [0x000000076b800000, 0x00000007acd80000, 0x00000007c0000000)
  eden space 654848K, 100% used [0x000000076b800000,0x0000000793780000,0x0000000793780000)
  from space 11264K, 1% used [0x0000000793780000,0x00000007937b0000,0x0000000794280000)
  to   space 11264K, 0% used [0x00000007ac280000,0x00000007ac280000,0x00000007acd80000)
 ParOldGen       total 173568K, used 28147K [0x00000006c2800000, 0x00000006cd180000, 0x000000076b800000)
  object space 173568K, 16% used [0x00000006c2800000,0x00000006c437ccb0,0x00000006cd180000)
 Metaspace       used 8367K, capacity 8774K, committed 8960K, reserved 1056768K
  class space    used 661K, capacity 690K, committed 768K, reserved 1048576K
Event: 2.446 GC heap after
Heap after GC invocations=14 (full 0):
 PSYoungGen      total 1058304K, used 256K [0x000000076b800000, 0x00000007acc80000, 0x00000007c0000000)
  eden space 1048064K, 0% used [0x000000076b800000,0x000000076b800000,0x00000007ab780000)
  from space 10240K, 2% used [0x00000007ac280000,0x00000007ac2c0000,0x00000007acc80000)
  to   space 10752K, 0% used [0x00000007ab780000,0x00000007ab780000,0x00000007ac200000)
 ParOldGen       total 173568K, used 28155K [0x00000006c2800000, 0x00000006cd180000, 0x000000076b800000)
  object space 173568K, 16% used [0x00000006c2800000,0x00000006c437ecb0,0x00000006cd180000)
 Metaspace       used 8367K, capacity 8774K, committed 8960K, reserved 1056768K
  class space    used 661K, capacity 690K, committed 768K, reserved 1048576K
}
Event: 3.228 GC heap before
{Heap before GC invocations=15 (full 0):
 PSYoungGen      total 1058304K, used 1048320K [0x000000076b800000, 0x00000007acc80000, 0x00000007c0000000)
  eden space 1048064K, 100% used [0x000000076b800000,0x00000007ab780000,0x00000007ab780000)
  from space 10240K, 2% used [0x00000007ac280000,0x00000007ac2c0000,0x00000007acc80000)
  to   space 10752K, 0% used [0x00000007ab780000,0x00000007ab780000,0x00000007ac200000)
 ParOldGen       total 173568K, used 28155K [0x00000006c2800000, 0x00000006cd180000, 0x000000076b800000)
  object space 173568K, 16% used [0x00000006c2800000,0x00000006c437ecb0,0x00000006cd180000)
 Metaspace       used 8371K, capacity 8774K, committed 8960K, reserved 1056768K
  class space    used 661K, capacity 690K, committed 768K, reserved 1048576K
Event: 3.229 GC heap after
Heap after GC invocations=15 (full 0):
 PSYoungGen      total 1058816K, used 224K [0x000000076b800000, 0x00000007bff80000, 0x00000007c0000000)
  eden space 1048064K, 0% used [0x000000076b800000,0x000000076b800000,0x00000007ab780000)
  from space 10752K, 2% used [0x00000007ab780000,0x00000007ab7b8000,0x00000007ac200000)
  to   space 10240K, 0% used [0x00000007bf580000,0x00000007bf580000,0x00000007bff80000)
 ParOldGen       total 173568K, used 28171K [0x00000006c2800000, 0x00000006cd180000, 0x000000076b800000)
  object space 173568K, 16% used [0x00000006c2800000,0x00000006c4382cb0,0x00000006cd180000)
 Metaspace       used 8371K, capacity 8774K, committed 8960K, reserved 1056768K
  class space    used 661K, capacity 690K, committed 768K, reserved 1048576K
}
Event: 3.996 GC heap before
{Heap before GC invocations=16 (full 0):
 PSYoungGen      total 1058816K, used 1048288K [0x000000076b800000, 0x00000007bff80000, 0x00000007c0000000)
  eden space 1048064K, 100% used [0x000000076b800000,0x00000007ab780000,0x00000007ab780000)
  from space 10752K, 2% used [0x00000007ab780000,0x00000007ab7b8000,0x00000007ac200000)
  to   space 10240K, 0% used [0x00000007bf580000,0x00000007bf580000,0x00000007bff80000)
 ParOldGen       total 173568K, used 28171K [0x00000006c2800000, 0x00000006cd180000, 0x000000076b800000)
  object space 173568K, 16% used [0x00000006c2800000,0x00000006c4382cb0,0x00000006cd180000)
 Metaspace       used 8376K, capacity 8774K, committed 8960K, reserved 1056768K
  class space    used 661K, capacity 690K, committed 768K, reserved 1048576K
Event: 3.997 GC heap after
Heap after GC invocations=16 (full 0):
 PSYoungGen      total 999424K, used 224K [0x000000076b800000, 0x00000007bf600000, 0x00000007c0000000)
  eden space 998912K, 0% used [0x000000076b800000,0x000000076b800000,0x00000007a8780000)
  from space 512K, 43% used [0x00000007bf580000,0x00000007bf5b8000,0x00000007bf600000)
  to   space 10240K, 0% used [0x00000007be200000,0x00000007be200000,0x00000007bec00000)
 ParOldGen       total 173568K, used 28171K [0x00000006c2800000, 0x00000006cd180000, 0x000000076b800000)
  object space 173568K, 16% used [0x00000006c2800000,0x00000006c4382cb0,0x00000006cd180000)
 Metaspace       used 8376K, capacity 8774K, committed 8960K, reserved 1056768K
  class space    used 661K, capacity 690K, committed 768K, reserved 1048576K
}
Event: 4.759 GC heap before
{Heap before GC invocations=17 (full 0):
 PSYoungGen      total 999424K, used 999136K [0x000000076b800000, 0x00000007bf600000, 0x00000007c0000000)
  eden space 998912K, 100% used [0x000000076b800000,0x00000007a8780000,0x00000007a8780000)
  from space 512K, 43% used [0x00000007bf580000,0x00000007bf5b8000,0x00000007bf600000)
  to   space 10240K, 0% used [0x00000007be200000,0x00000007be200000,0x00000007bec00000)
 ParOldGen       total 173568K, used 28171K [0x00000006c2800000, 0x00000006cd180000, 0x000000076b800000)
  object space 173568K, 16% used [0x00000006c2800000,0x00000006c4382cb0,0x00000006cd180000)
 Metaspace       used 8386K, capacity 8774K, committed 8960K, reserved 1056768K
  class space    used 661K, capacity 690K, committed 768K, reserved 1048576K
Event: 4.760 GC heap after
Heap after GC invocations=17 (full 0):
 PSYoungGen      total 962560K, used 192K [0x000000076b800000, 0x00000007bf600000, 0x00000007c0000000)
  eden space 952320K, 0% used [0x000000076b800000,0x000000076b800000,0x00000007a5a00000)
  from space 10240K, 1% used [0x00000007be200000,0x00000007be230000,0x00000007bec00000)
  to   space 9728K, 0% used [0x00000007bec80000,0x00000007bec80000,0x00000007bf600000)
 ParOldGen       total 173568K, used 28171K [0x00000006c2800000, 0x00000006cd180000, 0x000000076b800000)
  object space 173568K, 16% used [0x00000006c2800000,0x00000006c4382cb0,0x00000006cd180000)
 Metaspace       used 8386K, capacity 8774K, committed 8960K, reserved 1056768K
  class space    used 661K, capacity 690K, committed 768K, reserved 1048576K
}
Event: 5.532 GC heap before
{Heap before GC invocations=18 (full 0):
 PSYoungGen      total 962560K, used 952512K [0x000000076b800000, 0x00000007bf600000, 0x00000007c0000000)
  eden space 952320K, 100% used [0x000000076b800000,0x00000007a5a00000,0x00000007a5a00000)
  from space 10240K, 1% used [0x00000007be200000,0x00000007be230000,0x00000007bec00000)
  to   space 9728K, 0% used [0x00000007bec80000,0x00000007bec80000,0x00000007bf600000)
 ParOldGen       total 173568K, used 28171K [0x00000006c2800000, 0x00000006cd180000, 0x000000076b800000)
  object space 173568K, 16% used [0x00000006c2800000,0x00000006c4382cb0,0x00000006cd180000)
 Metaspace       used 8386K, capacity 8774K, committed 8960K, reserved 1056768K
  class space    used 661K, capacity 690K, committed 768K, reserved 1048576K
Event: 5.533 GC heap after
Heap after GC invocations=18 (full 0):
 PSYoungGen      total 908288K, used 192K [0x000000076b800000, 0x00000007bed00000, 0x00000007c0000000)
  eden space 907776K, 0% used [0x000000076b800000,0x000000076b800000,0x00000007a2e80000)
  from space 512K, 37% used [0x00000007bec80000,0x00000007becb0000,0x00000007bed00000)
  to   space 9216K, 0% used [0x00000007bdb00000,0x00000007bdb00000,0x00000007be400000)
 ParOldGen       total 173568K, used 28171K [0x00000006c2800000, 0x00000006cd180000, 0x000000076b800000)
  object space 173568K, 16% used [0x00000006c2800000,0x00000006c4382cb0,0x00000006cd180000)
 Metaspace       used 8386K, capacity 8774K, committed 8960K, reserved 1056768K
  class space    used 661K, capacity 690K, committed 768K, reserved 1048576K
}

