# JRE version: Java(TM) SE Runtime Environment (8.0_65-b17) (build 1.8.0_65-b17)
# Java VM: Java HotSpot(TM) 64-Bit Server VM (25.65-b01 mixed mode windows-amd64 compressed oops)
Heap:
 PSYoungGen      total 196096K, used 27605K [0x000000076b800000, 0x0000000779b80000, 0x00000007c0000000)
  eden space 193536K, 14% used [0x000000076b800000,0x000000076d2ed7c8,0x0000000777500000)
  from space 2560K, 1% used [0x0000000779680000,0x0000000779688000,0x0000000779900000)
  to   space 2560K, 0% used [0x0000000779900000,0x0000000779900000,0x0000000779b80000)
 ParOldGen       total 173568K, used 1421K [0x00000006c2800000, 0x00000006cd180000, 0x000000076b800000)
  object space 173568K, 0% used [0x00000006c2800000,0x00000006c2963798,0x00000006cd180000)
 Metaspace       used 7980K, capacity 8550K, committed 8704K, reserved 1056768K
  class space    used 642K, capacity 658K, committed 768K, reserved 1048576K
GC Heap History (10 events):
Event: 1.102 GC heap before
{Heap before GC invocations=11 (full 0):
 PSYoungGen      total 236032K, used 234176K [0x000000076b800000, 0x000000077a200000, 0x00000007c0000000)
  eden space 233984K, 100% used [0x000000076b800000,0x0000000779c80000,0x0000000779c80000)
  from space 2048K, 9% used [0x0000000779f00000,0x0000000779f30000,0x000000077a100000)
  to   space 2560K, 0% used [0x0000000779c80000,0x0000000779c80000,0x0000000779f00000)
 ParOldGen       total 173568K, used 1357K [0x00000006c2800000, 0x00000006cd180000, 0x000000076b800000)
  object space 173568K, 0% used [0x00000006c2800000,0x00000006c2953798,0x00000006cd180000)
 Metaspace       used 7980K, capacity 8550K, committed 8704K, reserved 1056768K
  class space    used 642K, capacity 658K, committed 768K, reserved 1048576K
Event: 1.102 GC heap after
Heap after GC invocations=11 (full 0):
 PSYoungGen      total 225792K, used 128K [0x000000076b800000, 0x0000000779f80000, 0x00000007c0000000)
  eden space 225280K, 0% used [0x000000076b800000,0x000000076b800000,0x0000000779400000)
  from space 512K, 25% used [0x0000000779c80000,0x0000000779ca0000,0x0000000779d00000)
  to   space 2560K, 0% used [0x0000000779d00000,0x0000000779d00000,0x0000000779f80000)
 ParOldGen       total 173568K, used 1413K [0x00000006c2800000, 0x00000006cd180000, 0x000000076b800000)
  object space 173568K, 0% used [0x00000006c2800000,0x00000006c2961798,0x00000006cd180000)
 Metaspace       used 7980K, capacity 8550K, committed 8704K, reserved 1056768K
  class space    used 642K, capacity 658K, committed 768K, reserved 1048576K
}
Event: 1.286 GC heap before
{Heap before GC invocations=12 (full 0):
 PSYoungGen      total 225792K, used 225408K [0x000000076b800000, 0x0000000779f80000, 0x00000007c0000000)
  eden space 225280K, 100% used [0x000000076b800000,0x0000000779400000,0x0000000779400000)
  from space 512K, 25% used [0x0000000779c80000,0x0000000779ca0000,0x0000000779d00000)
  to   space 2560K, 0% used [0x0000000779d00000,0x0000000779d00000,0x0000000779f80000)
 ParOldGen       total 173568K, used 1413K [0x00000006c2800000, 0x00000006cd180000, 0x000000076b800000)
  object space 173568K, 0% used [0x00000006c2800000,0x00000006c2961798,0x00000006cd180000)
 Metaspace       used 7980K, capacity 8550K, committed 8704K, reserved 1056768K
  class space    used 642K, capacity 658K, committed 768K, reserved 1048576K
Event: 1.287 GC heap after
Heap after GC invocations=12 (full 0):
 PSYoungGen      total 217088K, used 64K [0x000000076b800000, 0x0000000779d80000, 0x00000007c0000000)
  eden space 216576K, 0% used [0x000000076b800000,0x000000076b800000,0x0000000778b80000)
  from space 512K, 12% used [0x0000000779d00000,0x0000000779d10000,0x0000000779d80000)
  to   space 2560K, 0% used [0x0000000779880000,0x0000000779880000,0x0000000779b00000)
 ParOldGen       total 173568K, used 1421K [0x00000006c2800000, 0x00000006cd180000, 0x000000076b800000)
  object space 173568K, 0% used [0x00000006c2800000,0x00000006c2963798,0x00000006cd180000)
 Metaspace       used 7980K, capacity 8550K, committed 8704K, reserved 1056768K
  class space    used 642K, capacity 658K, committed 768K, reserved 1048576K
}
Event: 1.456 GC heap before
{Heap before GC invocations=13 (full 0):
 PSYoungGen      total 217088K, used 216640K [0x000000076b800000, 0x0000000779d80000, 0x00000007c0000000)
  eden space 216576K, 100% used [0x000000076b800000,0x0000000778b80000,0x0000000778b80000)
  from space 512K, 12% used [0x0000000779d00000,0x0000000779d10000,0x0000000779d80000)
  to   space 2560K, 0% used [0x0000000779880000,0x0000000779880000,0x0000000779b00000)
 ParOldGen       total 173568K, used 1421K [0x00000006c2800000, 0x00000006cd180000, 0x000000076b800000)
  object space 173568K, 0% used [0x00000006c2800000,0x00000006c2963798,0x00000006cd180000)
 Metaspace       used 7980K, capacity 8550K, committed 8704K, reserved 1056768K
  class space    used 642K, capacity 658K, committed 768K, reserved 1048576K
Event: 1.456 GC heap after
Heap after GC invocations=13 (full 0):
 PSYoungGen      total 210944K, used 64K [0x000000076b800000, 0x0000000779d80000, 0x00000007c0000000)
  eden space 208384K, 0% used [0x000000076b800000,0x000000076b800000,0x0000000778380000)
  from space 2560K, 2% used [0x0000000779880000,0x0000000779890000,0x0000000779b00000)
  to   space 2560K, 0% used [0x0000000779b00000,0x0000000779b00000,0x0000000779d80000)
 ParOldGen       total 173568K, used 1421K [0x00000006c2800000, 0x00000006cd180000, 0x000000076b800000)
  object space 173568K, 0% used [0x00000006c2800000,0x00000006c2963798,0x00000006cd180000)
 Metaspace       used 7980K, capacity 8550K, committed 8704K, reserved 1056768K
  class space    used 642K, capacity 658K, committed 768K, reserved 1048576K
}
Event: 1.604 GC heap before
{Heap before GC invocations=14 (full 0):
 PSYoungGen      total 210944K, used 208448K [0x000000076b800000, 0x0000000779d80000, 0x00000007c0000000)
  eden space 208384K, 100% used [0x000000076b800000,0x0000000778380000,0x0000000778380000)
  from space 2560K, 2% used [0x0000000779880000,0x0000000779890000,0x0000000779b00000)
  to   space 2560K, 0% used [0x0000000779b00000,0x0000000779b00000,0x0000000779d80000)
 ParOldGen       total 173568K, used 1421K [0x00000006c2800000, 0x00000006cd180000, 0x000000076b800000)
  object space 173568K, 0% used [0x00000006c2800000,0x00000006c2963798,0x00000006cd180000)
 Metaspace       used 7980K, capacity 8550K, committed 8704K, reserved 1056768K
  class space    used 642K, capacity 658K, committed 768K, reserved 1048576K
Event: 1.605 GC heap after
Heap after GC invocations=14 (full 0):
 PSYoungGen      total 201216K, used 64K [0x000000076b800000, 0x0000000779b80000, 0x00000007c0000000)
  eden space 200704K, 0% used [0x000000076b800000,0x000000076b800000,0x0000000777c00000)
  from space 512K, 12% used [0x0000000779b00000,0x0000000779b10000,0x0000000779b80000)
  to   space 2560K, 0% used [0x0000000779680000,0x0000000779680000,0x0000000779900000)
 ParOldGen       total 173568K, used 1421K [0x00000006c2800000, 0x00000006cd180000, 0x000000076b800000)
  object space 173568K, 0% used [0x00000006c2800000,0x00000006c2963798,0x00000006cd180000)
 Metaspace       used 7980K, capacity 8550K, committed 8704K, reserved 1056768K
  class space    used 642K, capacity 658K, committed 768K, reserved 1048576K
}
Event: 1.763 GC heap before
{Heap before GC invocations=15 (full 0):
 PSYoungGen      total 201216K, used 200768K [0x000000076b800000, 0x0000000779b80000, 0x00000007c0000000)
  eden space 200704K, 100% used [0x000000076b800000,0x0000000777c00000,0x0000000777c00000)
  from space 512K, 12% used [0x0000000779b00000,0x0000000779b10000,0x0000000779b80000)
  to   space 2560K, 0% used [0x0000000779680000,0x0000000779680000,0x0000000779900000)
 ParOldGen       total 173568K, used 1421K [0x00000006c2800000, 0x00000006cd180000, 0x000000076b800000)
  object space 173568K, 0% used [0x00000006c2800000,0x00000006c2963798,0x00000006cd180000)
 Metaspace       used 7980K, capacity 8550K, committed 8704K, reserved 1056768K
  class space    used 642K, capacity 658K, committed 768K, reserved 1048576K
Event: 1.764 GC heap after
Heap after GC invocations=15 (full 0):
 PSYoungGen      total 196096K, used 32K [0x000000076b800000, 0x0000000779b80000, 0x00000007c0000000)
  eden space 193536K, 0% used [0x000000076b800000,0x000000076b800000,0x0000000777500000)
  from space 2560K, 1% used [0x0000000779680000,0x0000000779688000,0x0000000779900000)
  to   space 2560K, 0% used [0x0000000779900000,0x0000000779900000,0x0000000779b80000)
 ParOldGen       total 173568K, used 1421K [0x00000006c2800000, 0x00000006cd180000, 0x000000076b800000)
  object space 173568K, 0% used [0x00000006c2800000,0x00000006c2963798,0x00000006cd180000)
 Metaspace       used 7980K, capacity 8550K, committed 8704K, reserved 1056768K
  class space    used 642K, capacity 658K, committed 768K, reserved 1048576K
}

