# JRE version: Java(TM) SE Runtime Environment (8.0_65-b17) (build 1.8.0_65-b17)
# Java VM: Java HotSpot(TM) 64-Bit Server VM (25.65-b01 mixed mode windows-amd64 compressed oops)
Heap:
 PSYoungGen      total 892928K, used 107123K [0x000000076b800000, 0x00000007ba380000, 0x00000007c0000000)
  eden space 892416K, 11% used [0x000000076b800000,0x0000000772064f60,0x00000007a1f80000)
  from space 512K, 43% used [0x00000007ba300000,0x00000007ba338000,0x00000007ba380000)
  to   space 6656K, 0% used [0x00000007b9680000,0x00000007b9680000,0x00000007b9d00000)
 ParOldGen       total 173568K, used 17694K [0x00000006c2800000, 0x00000006cd180000, 0x000000076b800000)
  object space 173568K, 10% used [0x00000006c2800000,0x00000006c39479c0,0x00000006cd180000)
 Metaspace       used 8337K, capacity 8710K, committed 8960K, reserved 1056768K
  class space    used 659K, capacity 690K, committed 768K, reserved 1048576K
GC Heap History (10 events):
Event: 7.077 GC heap before
{Heap before GC invocations=16 (full 0):
 PSYoungGen      total 1142784K, used 1133760K [0x000000076b800000, 0x00000007bb980000, 0x00000007c0000000)
  eden space 1133568K, 100% used [0x000000076b800000,0x00000007b0b00000,0x00000007b0b00000)
  from space 9216K, 2% used [0x00000007ba780000,0x00000007ba7b0000,0x00000007bb080000)
  to   space 8704K, 0% used [0x00000007bb100000,0x00000007bb100000,0x00000007bb980000)
 ParOldGen       total 173568K, used 17630K [0x00000006c2800000, 0x00000006cd180000, 0x000000076b800000)
  object space 173568K, 10% used [0x00000006c2800000,0x00000006c39379c0,0x00000006cd180000)
 Metaspace       used 8314K, capacity 8710K, committed 8960K, reserved 1056768K
  class space    used 659K, capacity 690K, committed 768K, reserved 1048576K
Event: 7.078 GC heap after
Heap after GC invocations=16 (full 0):
 PSYoungGen      total 1080832K, used 224K [0x000000076b800000, 0x00000007bb180000, 0x00000007c0000000)
  eden space 1080320K, 0% used [0x000000076b800000,0x000000076b800000,0x00000007ad700000)
  from space 512K, 43% used [0x00000007bb100000,0x00000007bb138000,0x00000007bb180000)
  to   space 8192K, 0% used [0x00000007ba180000,0x00000007ba180000,0x00000007ba980000)
 ParOldGen       total 173568K, used 17630K [0x00000006c2800000, 0x00000006cd180000, 0x000000076b800000)
  object space 173568K, 10% used [0x00000006c2800000,0x00000006c39379c0,0x00000006cd180000)
 Metaspace       used 8314K, capacity 8710K, committed 8960K, reserved 1056768K
  class space    used 659K, capacity 690K, committed 768K, reserved 1048576K
}
Event: 7.974 GC heap before
{Heap before GC invocations=17 (full 0):
 PSYoungGen      total 1080832K, used 1080544K [0x000000076b800000, 0x00000007bb180000, 0x00000007c0000000)
  eden space 1080320K, 100% used [0x000000076b800000,0x00000007ad700000,0x00000007ad700000)
  from space 512K, 43% used [0x00000007bb100000,0x00000007bb138000,0x00000007bb180000)
  to   space 8192K, 0% used [0x00000007ba180000,0x00000007ba180000,0x00000007ba980000)
 ParOldGen       total 173568K, used 17630K [0x00000006c2800000, 0x00000006cd180000, 0x000000076b800000)
  object space 173568K, 10% used [0x00000006c2800000,0x00000006c39379c0,0x00000006cd180000)
 Metaspace       used 8323K, capacity 8710K, committed 8960K, reserved 1056768K
  class space    used 659K, capacity 690K, committed 768K, reserved 1048576K
Event: 7.975 GC heap after
Heap after GC invocations=17 (full 0):
 PSYoungGen      total 1037824K, used 160K [0x000000076b800000, 0x00000007bb180000, 0x00000007c0000000)
  eden space 1029632K, 0% used [0x000000076b800000,0x000000076b800000,0x00000007aa580000)
  from space 8192K, 1% used [0x00000007ba180000,0x00000007ba1a8000,0x00000007ba980000)
  to   space 8192K, 0% used [0x00000007ba980000,0x00000007ba980000,0x00000007bb180000)
 ParOldGen       total 173568K, used 17654K [0x00000006c2800000, 0x00000006cd180000, 0x000000076b800000)
  object space 173568K, 10% used [0x00000006c2800000,0x00000006c393d9c0,0x00000006cd180000)
 Metaspace       used 8323K, capacity 8710K, committed 8960K, reserved 1056768K
  class space    used 659K, capacity 690K, committed 768K, reserved 1048576K
}
Event: 8.762 GC heap before
{Heap before GC invocations=18 (full 0):
 PSYoungGen      total 1037824K, used 1029792K [0x000000076b800000, 0x00000007bb180000, 0x00000007c0000000)
  eden space 1029632K, 100% used [0x000000076b800000,0x00000007aa580000,0x00000007aa580000)
  from space 8192K, 1% used [0x00000007ba180000,0x00000007ba1a8000,0x00000007ba980000)
  to   space 8192K, 0% used [0x00000007ba980000,0x00000007ba980000,0x00000007bb180000)
 ParOldGen       total 173568K, used 17654K [0x00000006c2800000, 0x00000006cd180000, 0x000000076b800000)
  object space 173568K, 10% used [0x00000006c2800000,0x00000006c393d9c0,0x00000006cd180000)
 Metaspace       used 8323K, capacity 8710K, committed 8960K, reserved 1056768K
  class space    used 659K, capacity 690K, committed 768K, reserved 1048576K
Event: 8.763 GC heap after
Heap after GC invocations=18 (full 0):
 PSYoungGen      total 982016K, used 256K [0x000000076b800000, 0x00000007baa00000, 0x00000007c0000000)
  eden space 981504K, 0% used [0x000000076b800000,0x000000076b800000,0x00000007a7680000)
  from space 512K, 50% used [0x00000007ba980000,0x00000007ba9c0000,0x00000007baa00000)
  to   space 7680K, 0% used [0x00000007b9b00000,0x00000007b9b00000,0x00000007ba280000)
 ParOldGen       total 173568K, used 17654K [0x00000006c2800000, 0x00000006cd180000, 0x000000076b800000)
  object space 173568K, 10% used [0x00000006c2800000,0x00000006c393d9c0,0x00000006cd180000)
 Metaspace       used 8323K, capacity 8710K, committed 8960K, reserved 1056768K
  class space    used 659K, capacity 690K, committed 768K, reserved 1048576K
}
Event: 9.541 GC heap before
{Heap before GC invocations=19 (full 0):
 PSYoungGen      total 982016K, used 981760K [0x000000076b800000, 0x00000007baa00000, 0x00000007c0000000)
  eden space 981504K, 100% used [0x000000076b800000,0x00000007a7680000,0x00000007a7680000)
  from space 512K, 50% used [0x00000007ba980000,0x00000007ba9c0000,0x00000007baa00000)
  to   space 7680K, 0% used [0x00000007b9b00000,0x00000007b9b00000,0x00000007ba280000)
 ParOldGen       total 173568K, used 17654K [0x00000006c2800000, 0x00000006cd180000, 0x000000076b800000)
  object space 173568K, 10% used [0x00000006c2800000,0x00000006c393d9c0,0x00000006cd180000)
 Metaspace       used 8323K, capacity 8710K, committed 8960K, reserved 1056768K
  class space    used 659K, capacity 690K, committed 768K, reserved 1048576K
Event: 9.542 GC heap after
Heap after GC invocations=19 (full 0):
 PSYoungGen      total 943616K, used 224K [0x000000076b800000, 0x00000007baa00000, 0x00000007c0000000)
  eden space 935936K, 0% used [0x000000076b800000,0x000000076b800000,0x00000007a4a00000)
  from space 7680K, 2% used [0x00000007b9b00000,0x00000007b9b38000,0x00000007ba280000)
  to   space 7168K, 0% used [0x00000007ba300000,0x00000007ba300000,0x00000007baa00000)
 ParOldGen       total 173568K, used 17662K [0x00000006c2800000, 0x00000006cd180000, 0x000000076b800000)
  object space 173568K, 10% used [0x00000006c2800000,0x00000006c393f9c0,0x00000006cd180000)
 Metaspace       used 8323K, capacity 8710K, committed 8960K, reserved 1056768K
  class space    used 659K, capacity 690K, committed 768K, reserved 1048576K
}
Event: 10.293 GC heap before
{Heap before GC invocations=20 (full 0):
 PSYoungGen      total 943616K, used 936160K [0x000000076b800000, 0x00000007baa00000, 0x00000007c0000000)
  eden space 935936K, 100% used [0x000000076b800000,0x00000007a4a00000,0x00000007a4a00000)
  from space 7680K, 2% used [0x00000007b9b00000,0x00000007b9b38000,0x00000007ba280000)
  to   space 7168K, 0% used [0x00000007ba300000,0x00000007ba300000,0x00000007baa00000)
 ParOldGen       total 173568K, used 17662K [0x00000006c2800000, 0x00000006cd180000, 0x000000076b800000)
  object space 173568K, 10% used [0x00000006c2800000,0x00000006c393f9c0,0x00000006cd180000)
 Metaspace       used 8337K, capacity 8710K, committed 8960K, reserved 1056768K
  class space    used 659K, capacity 690K, committed 768K, reserved 1048576K
Event: 10.294 GC heap after
Heap after GC invocations=20 (full 0):
 PSYoungGen      total 892928K, used 224K [0x000000076b800000, 0x00000007ba380000, 0x00000007c0000000)
  eden space 892416K, 0% used [0x000000076b800000,0x000000076b800000,0x00000007a1f80000)
  from space 512K, 43% used [0x00000007ba300000,0x00000007ba338000,0x00000007ba380000)
  to   space 6656K, 0% used [0x00000007b9680000,0x00000007b9680000,0x00000007b9d00000)
 ParOldGen       total 173568K, used 17694K [0x00000006c2800000, 0x00000006cd180000, 0x000000076b800000)
  object space 173568K, 10% used [0x00000006c2800000,0x00000006c39479c0,0x00000006cd180000)
 Metaspace       used 8337K, capacity 8710K, committed 8960K, reserved 1056768K
  class space    used 659K, capacity 690K, committed 768K, reserved 1048576K
}

