# JRE version: Java(TM) SE Runtime Environment (8.0_65-b17) (build 1.8.0_65-b17)
# Java VM: Java HotSpot(TM) 64-Bit Server VM (25.65-b01 mixed mode windows-amd64 compressed oops)
Heap:
 PSYoungGen      total 53760K, used 15693K [0x000000076b800000, 0x000000077aa80000, 0x00000007c0000000)
  eden space 53248K, 29% used [0x000000076b800000,0x000000076c73b488,0x000000076ec00000)
  from space 512K, 18% used [0x000000077aa00000,0x000000077aa18000,0x000000077aa80000)
  to   space 512K, 0% used [0x000000077a980000,0x000000077a980000,0x000000077aa00000)
 ParOldGen       total 173568K, used 1808K [0x00000006c2800000, 0x00000006cd180000, 0x000000076b800000)
  object space 173568K, 1% used [0x00000006c2800000,0x00000006c29c4070,0x00000006cd180000)
 Metaspace       used 8105K, capacity 8646K, committed 8960K, reserved 1056768K
  class space    used 646K, capacity 690K, committed 768K, reserved 1048576K
GC Heap History (10 events):
Event: 76.882 GC heap before
{Heap before GC invocations=1406 (full 0):
 PSYoungGen      total 47616K, used 47296K [0x000000076b800000, 0x000000077aa80000, 0x00000007c0000000)
  eden space 47104K, 100% used [0x000000076b800000,0x000000076e600000,0x000000076e600000)
  from space 512K, 37% used [0x000000077a980000,0x000000077a9b0000,0x000000077aa00000)
  to   space 512K, 0% used [0x000000077aa00000,0x000000077aa00000,0x000000077aa80000)
 ParOldGen       total 173568K, used 1784K [0x00000006c2800000, 0x00000006cd180000, 0x000000076b800000)
  object space 173568K, 1% used [0x00000006c2800000,0x00000006c29be070,0x00000006cd180000)
 Metaspace       used 8104K, capacity 8646K, committed 8960K, reserved 1056768K
  class space    used 646K, capacity 690K, committed 768K, reserved 1048576K
Event: 76.882 GC heap after
Heap after GC invocations=1406 (full 0):
 PSYoungGen      total 47104K, used 128K [0x000000076b800000, 0x000000077aa80000, 0x00000007c0000000)
  eden space 46592K, 0% used [0x000000076b800000,0x000000076b800000,0x000000076e580000)
  from space 512K, 25% used [0x000000077aa00000,0x000000077aa20000,0x000000077aa80000)
  to   space 512K, 0% used [0x000000077a980000,0x000000077a980000,0x000000077aa00000)
 ParOldGen       total 173568K, used 1784K [0x00000006c2800000, 0x00000006cd180000, 0x000000076b800000)
  object space 173568K, 1% used [0x00000006c2800000,0x00000006c29be070,0x00000006cd180000)
 Metaspace       used 8104K, capacity 8646K, committed 8960K, reserved 1056768K
  class space    used 646K, capacity 690K, committed 768K, reserved 1048576K
}
Event: 76.935 GC heap before
{Heap before GC invocations=1407 (full 0):
 PSYoungGen      total 47104K, used 46720K [0x000000076b800000, 0x000000077aa80000, 0x00000007c0000000)
  eden space 46592K, 100% used [0x000000076b800000,0x000000076e580000,0x000000076e580000)
  from space 512K, 25% used [0x000000077aa00000,0x000000077aa20000,0x000000077aa80000)
  to   space 512K, 0% used [0x000000077a980000,0x000000077a980000,0x000000077aa00000)
 ParOldGen       total 173568K, used 1784K [0x00000006c2800000, 0x00000006cd180000, 0x000000076b800000)
  object space 173568K, 1% used [0x00000006c2800000,0x00000006c29be070,0x00000006cd180000)
 Metaspace       used 8104K, capacity 8646K, committed 8960K, reserved 1056768K
  class space    used 646K, capacity 690K, committed 768K, reserved 1048576K
Event: 76.935 GC heap after
Heap after GC invocations=1407 (full 0):
 PSYoungGen      total 46592K, used 128K [0x000000076b800000, 0x000000077aa80000, 0x00000007c0000000)
  eden space 46080K, 0% used [0x000000076b800000,0x000000076b800000,0x000000076e500000)
  from space 512K, 25% used [0x000000077a980000,0x000000077a9a0000,0x000000077aa00000)
  to   space 512K, 0% used [0x000000077aa00000,0x000000077aa00000,0x000000077aa80000)
 ParOldGen       total 173568K, used 1784K [0x00000006c2800000, 0x00000006cd180000, 0x000000076b800000)
  object space 173568K, 1% used [0x00000006c2800000,0x00000006c29be070,0x00000006cd180000)
 Metaspace       used 8104K, capacity 8646K, committed 8960K, reserved 1056768K
  class space    used 646K, capacity 690K, committed 768K, reserved 1048576K
}
Event: 76.967 GC heap before
{Heap before GC invocations=1408 (full 0):
 PSYoungGen      total 46592K, used 46208K [0x000000076b800000, 0x000000077aa80000, 0x00000007c0000000)
  eden space 46080K, 100% used [0x000000076b800000,0x000000076e500000,0x000000076e500000)
  from space 512K, 25% used [0x000000077a980000,0x000000077a9a0000,0x000000077aa00000)
  to   space 512K, 0% used [0x000000077aa00000,0x000000077aa00000,0x000000077aa80000)
 ParOldGen       total 173568K, used 1784K [0x00000006c2800000, 0x00000006cd180000, 0x000000076b800000)
  object space 173568K, 1% used [0x00000006c2800000,0x00000006c29be070,0x00000006cd180000)
 Metaspace       used 8104K, capacity 8646K, committed 8960K, reserved 1056768K
  class space    used 646K, capacity 690K, committed 768K, reserved 1048576K
Event: 76.968 GC heap after
Heap after GC invocations=1408 (full 0):
 PSYoungGen      total 55808K, used 160K [0x000000076b800000, 0x000000077aa80000, 0x00000007c0000000)
  eden space 55296K, 0% used [0x000000076b800000,0x000000076b800000,0x000000076ee00000)
  from space 512K, 31% used [0x000000077aa00000,0x000000077aa28000,0x000000077aa80000)
  to   space 512K, 0% used [0x000000077a980000,0x000000077a980000,0x000000077aa00000)
 ParOldGen       total 173568K, used 1784K [0x00000006c2800000, 0x00000006cd180000, 0x000000076b800000)
  object space 173568K, 1% used [0x00000006c2800000,0x00000006c29be070,0x00000006cd180000)
 Metaspace       used 8104K, capacity 8646K, committed 8960K, reserved 1056768K
  class space    used 646K, capacity 690K, committed 768K, reserved 1048576K
}
Event: 77.031 GC heap before
{Heap before GC invocations=1409 (full 0):
 PSYoungGen      total 55808K, used 55456K [0x000000076b800000, 0x000000077aa80000, 0x00000007c0000000)
  eden space 55296K, 100% used [0x000000076b800000,0x000000076ee00000,0x000000076ee00000)
  from space 512K, 31% used [0x000000077aa00000,0x000000077aa28000,0x000000077aa80000)
  to   space 512K, 0% used [0x000000077a980000,0x000000077a980000,0x000000077aa00000)
 ParOldGen       total 173568K, used 1784K [0x00000006c2800000, 0x00000006cd180000, 0x000000076b800000)
  object space 173568K, 1% used [0x00000006c2800000,0x00000006c29be070,0x00000006cd180000)
 Metaspace       used 8104K, capacity 8646K, committed 8960K, reserved 1056768K
  class space    used 646K, capacity 690K, committed 768K, reserved 1048576K
Event: 77.031 GC heap after
Heap after GC invocations=1409 (full 0):
 PSYoungGen      total 54784K, used 128K [0x000000076b800000, 0x000000077aa80000, 0x00000007c0000000)
  eden space 54272K, 0% used [0x000000076b800000,0x000000076b800000,0x000000076ed00000)
  from space 512K, 25% used [0x000000077a980000,0x000000077a9a0000,0x000000077aa00000)
  to   space 512K, 0% used [0x000000077aa00000,0x000000077aa00000,0x000000077aa80000)
 ParOldGen       total 173568K, used 1784K [0x00000006c2800000, 0x00000006cd180000, 0x000000076b800000)
  object space 173568K, 1% used [0x00000006c2800000,0x00000006c29be070,0x00000006cd180000)
 Metaspace       used 8104K, capacity 8646K, committed 8960K, reserved 1056768K
  class space    used 646K, capacity 690K, committed 768K, reserved 1048576K
}
Event: 77.094 GC heap before
{Heap before GC invocations=1410 (full 0):
 PSYoungGen      total 54784K, used 54400K [0x000000076b800000, 0x000000077aa80000, 0x00000007c0000000)
  eden space 54272K, 100% used [0x000000076b800000,0x000000076ed00000,0x000000076ed00000)
  from space 512K, 25% used [0x000000077a980000,0x000000077a9a0000,0x000000077aa00000)
  to   space 512K, 0% used [0x000000077aa00000,0x000000077aa00000,0x000000077aa80000)
 ParOldGen       total 173568K, used 1784K [0x00000006c2800000, 0x00000006cd180000, 0x000000076b800000)
  object space 173568K, 1% used [0x00000006c2800000,0x00000006c29be070,0x00000006cd180000)
 Metaspace       used 8105K, capacity 8646K, committed 8960K, reserved 1056768K
  class space    used 646K, capacity 690K, committed 768K, reserved 1048576K
Event: 77.094 GC heap after
Heap after GC invocations=1410 (full 0):
 PSYoungGen      total 53760K, used 96K [0x000000076b800000, 0x000000077aa80000, 0x00000007c0000000)
  eden space 53248K, 0% used [0x000000076b800000,0x000000076b800000,0x000000076ec00000)
  from space 512K, 18% used [0x000000077aa00000,0x000000077aa18000,0x000000077aa80000)
  to   space 512K, 0% used [0x000000077a980000,0x000000077a980000,0x000000077aa00000)
 ParOldGen       total 173568K, used 1808K [0x00000006c2800000, 0x00000006cd180000, 0x000000076b800000)
  object space 173568K, 1% used [0x00000006c2800000,0x00000006c29c4070,0x00000006cd180000)
 Metaspace       used 8105K, capacity 8646K, committed 8960K, reserved 1056768K
  class space    used 646K, capacity 690K, committed 768K, reserved 1048576K
}

