# JRE version: Java(TM) SE Runtime Environment (8.0_65-b17) (build 1.8.0_65-b17)
# Java VM: Java HotSpot(TM) 64-Bit Server VM (25.65-b01 mixed mode windows-amd64 compressed oops)
Heap:
 PSYoungGen      total 949760K, used 873917K [0x000000076b800000, 0x00000007bd000000, 0x00000007c0000000)
  eden space 939008K, 94% used [0x000000076b800000,0x00000007a1681c90,0x00000007a4d00000)
  from space 10752K, 2% used [0x00000007a4d00000,0x00000007a4d38000,0x00000007a5780000)
  to   space 10240K, 0% used [0x00000007bc600000,0x00000007bc600000,0x00000007bd000000)
 ParOldGen       total 173568K, used 30421K [0x00000006c2800000, 0x00000006cd180000, 0x000000076b800000)
  object space 173568K, 17% used [0x00000006c2800000,0x00000006c45b55e8,0x00000006cd180000)
 Metaspace       used 8307K, capacity 8710K, committed 8960K, reserved 1056768K
  class space    used 659K, capacity 690K, committed 768K, reserved 1048576K
GC Heap History (10 events):
Event: 1.593 GC heap before
{Heap before GC invocations=13 (full 0):
 PSYoungGen      total 370176K, used 370155K [0x000000076b800000, 0x0000000783e80000, 0x00000007c0000000)
  eden space 366592K, 100% used [0x000000076b800000,0x0000000781e00000,0x0000000781e00000)
  from space 3584K, 99% used [0x0000000782a00000,0x0000000782d7af50,0x0000000782d80000)
  to   space 12288K, 0% used [0x0000000781e00000,0x0000000781e00000,0x0000000782a00000)
 ParOldGen       total 173568K, used 27031K [0x00000006c2800000, 0x00000006cd180000, 0x000000076b800000)
  object space 173568K, 15% used [0x00000006c2800000,0x00000006c4265e48,0x00000006cd180000)
 Metaspace       used 8261K, capacity 8646K, committed 8960K, reserved 1056768K
  class space    used 659K, capacity 690K, committed 768K, reserved 1048576K
Event: 1.596 GC heap after
Heap after GC invocations=13 (full 0):
 PSYoungGen      total 378880K, used 800K [0x000000076b800000, 0x0000000790c00000, 0x00000007c0000000)
  eden space 366592K, 0% used [0x000000076b800000,0x000000076b800000,0x0000000781e00000)
  from space 12288K, 6% used [0x0000000781e00000,0x0000000781ec8000,0x0000000782a00000)
  to   space 11776K, 0% used [0x0000000790080000,0x0000000790080000,0x0000000790c00000)
 ParOldGen       total 173568K, used 29637K [0x00000006c2800000, 0x00000006cd180000, 0x000000076b800000)
  object space 173568K, 17% used [0x00000006c2800000,0x00000006c44f15e8,0x00000006cd180000)
 Metaspace       used 8261K, capacity 8646K, committed 8960K, reserved 1056768K
  class space    used 659K, capacity 690K, committed 768K, reserved 1048576K
}
Event: 1.880 GC heap before
{Heap before GC invocations=14 (full 0):
 PSYoungGen      total 378880K, used 367392K [0x000000076b800000, 0x0000000790c00000, 0x00000007c0000000)
  eden space 366592K, 100% used [0x000000076b800000,0x0000000781e00000,0x0000000781e00000)
  from space 12288K, 6% used [0x0000000781e00000,0x0000000781ec8000,0x0000000782a00000)
  to   space 11776K, 0% used [0x0000000790080000,0x0000000790080000,0x0000000790c00000)
 ParOldGen       total 173568K, used 29637K [0x00000006c2800000, 0x00000006cd180000, 0x000000076b800000)
  object space 173568K, 17% used [0x00000006c2800000,0x00000006c44f15e8,0x00000006cd180000)
 Metaspace       used 8264K, capacity 8646K, committed 8960K, reserved 1056768K
  class space    used 659K, capacity 690K, committed 768K, reserved 1048576K
Event: 1.882 GC heap after
Heap after GC invocations=14 (full 0):
 PSYoungGen      total 598528K, used 160K [0x000000076b800000, 0x0000000790c00000, 0x00000007c0000000)
  eden space 586752K, 0% used [0x000000076b800000,0x000000076b800000,0x000000078f500000)
  from space 11776K, 1% used [0x0000000790080000,0x00000007900a8000,0x0000000790c00000)
  to   space 11776K, 0% used [0x000000078f500000,0x000000078f500000,0x0000000790080000)
 ParOldGen       total 173568K, used 30365K [0x00000006c2800000, 0x00000006cd180000, 0x000000076b800000)
  object space 173568K, 17% used [0x00000006c2800000,0x00000006c45a75e8,0x00000006cd180000)
 Metaspace       used 8264K, capacity 8646K, committed 8960K, reserved 1056768K
  class space    used 659K, capacity 690K, committed 768K, reserved 1048576K
}
Event: 2.317 GC heap before
{Heap before GC invocations=15 (full 0):
 PSYoungGen      total 598528K, used 586912K [0x000000076b800000, 0x0000000790c00000, 0x00000007c0000000)
  eden space 586752K, 100% used [0x000000076b800000,0x000000078f500000,0x000000078f500000)
  from space 11776K, 1% used [0x0000000790080000,0x00000007900a8000,0x0000000790c00000)
  to   space 11776K, 0% used [0x000000078f500000,0x000000078f500000,0x0000000790080000)
 ParOldGen       total 173568K, used 30365K [0x00000006c2800000, 0x00000006cd180000, 0x000000076b800000)
  object space 173568K, 17% used [0x00000006c2800000,0x00000006c45a75e8,0x00000006cd180000)
 Metaspace       used 8272K, capacity 8646K, committed 8960K, reserved 1056768K
  class space    used 659K, capacity 690K, committed 768K, reserved 1048576K
Event: 2.318 GC heap after
Heap after GC invocations=15 (full 0):
 PSYoungGen      total 598528K, used 224K [0x000000076b800000, 0x00000007a6300000, 0x00000007c0000000)
  eden space 586752K, 0% used [0x000000076b800000,0x000000076b800000,0x000000078f500000)
  from space 11776K, 1% used [0x000000078f500000,0x000000078f538000,0x0000000790080000)
  to   space 11264K, 0% used [0x00000007a5800000,0x00000007a5800000,0x00000007a6300000)
 ParOldGen       total 173568K, used 30373K [0x00000006c2800000, 0x00000006cd180000, 0x000000076b800000)
  object space 173568K, 17% used [0x00000006c2800000,0x00000006c45a95e8,0x00000006cd180000)
 Metaspace       used 8272K, capacity 8646K, committed 8960K, reserved 1056768K
  class space    used 659K, capacity 690K, committed 768K, reserved 1048576K
}
Event: 2.753 GC heap before
{Heap before GC invocations=16 (full 0):
 PSYoungGen      total 598528K, used 586976K [0x000000076b800000, 0x00000007a6300000, 0x00000007c0000000)
  eden space 586752K, 100% used [0x000000076b800000,0x000000078f500000,0x000000078f500000)
  from space 11776K, 1% used [0x000000078f500000,0x000000078f538000,0x0000000790080000)
  to   space 11264K, 0% used [0x00000007a5800000,0x00000007a5800000,0x00000007a6300000)
 ParOldGen       total 173568K, used 30373K [0x00000006c2800000, 0x00000006cd180000, 0x000000076b800000)
  object space 173568K, 17% used [0x00000006c2800000,0x00000006c45a95e8,0x00000006cd180000)
 Metaspace       used 8294K, capacity 8710K, committed 8960K, reserved 1056768K
  class space    used 659K, capacity 690K, committed 768K, reserved 1048576K
Event: 2.754 GC heap after
Heap after GC invocations=16 (full 0):
 PSYoungGen      total 949248K, used 224K [0x000000076b800000, 0x00000007a6200000, 0x00000007c0000000)
  eden space 939008K, 0% used [0x000000076b800000,0x000000076b800000,0x00000007a4d00000)
  from space 10240K, 2% used [0x00000007a5800000,0x00000007a5838000,0x00000007a6200000)
  to   space 10752K, 0% used [0x00000007a4d00000,0x00000007a4d00000,0x00000007a5780000)
 ParOldGen       total 173568K, used 30381K [0x00000006c2800000, 0x00000006cd180000, 0x000000076b800000)
  object space 173568K, 17% used [0x00000006c2800000,0x00000006c45ab5e8,0x00000006cd180000)
 Metaspace       used 8294K, capacity 8710K, committed 8960K, reserved 1056768K
  class space    used 659K, capacity 690K, committed 768K, reserved 1048576K
}
Event: 3.475 GC heap before
{Heap before GC invocations=17 (full 0):
 PSYoungGen      total 949248K, used 939232K [0x000000076b800000, 0x00000007a6200000, 0x00000007c0000000)
  eden space 939008K, 100% used [0x000000076b800000,0x00000007a4d00000,0x00000007a4d00000)
  from space 10240K, 2% used [0x00000007a5800000,0x00000007a5838000,0x00000007a6200000)
  to   space 10752K, 0% used [0x00000007a4d00000,0x00000007a4d00000,0x00000007a5780000)
 ParOldGen       total 173568K, used 30381K [0x00000006c2800000, 0x00000006cd180000, 0x000000076b800000)
  object space 173568K, 17% used [0x00000006c2800000,0x00000006c45ab5e8,0x00000006cd180000)
 Metaspace       used 8303K, capacity 8710K, committed 8960K, reserved 1056768K
  class space    used 659K, capacity 690K, committed 768K, reserved 1048576K
Event: 3.476 GC heap after
Heap after GC invocations=17 (full 0):
 PSYoungGen      total 949760K, used 224K [0x000000076b800000, 0x00000007bd000000, 0x00000007c0000000)
  eden space 939008K, 0% used [0x000000076b800000,0x000000076b800000,0x00000007a4d00000)
  from space 10752K, 2% used [0x00000007a4d00000,0x00000007a4d38000,0x00000007a5780000)
  to   space 10240K, 0% used [0x00000007bc600000,0x00000007bc600000,0x00000007bd000000)
 ParOldGen       total 173568K, used 30421K [0x00000006c2800000, 0x00000006cd180000, 0x000000076b800000)
  object space 173568K, 17% used [0x00000006c2800000,0x00000006c45b55e8,0x00000006cd180000)
 Metaspace       used 8303K, capacity 8710K, committed 8960K, reserved 1056768K
  class space    used 659K, capacity 690K, committed 768K, reserved 1048576K
}

