# JRE version: Java(TM) SE Runtime Environment (8.0_65-b17) (build 1.8.0_65-b17)
# Java VM: Java HotSpot(TM) 64-Bit Server VM (25.65-b01 mixed mode windows-amd64 compressed oops)
Heap:
 PSYoungGen      total 1321984K, used 1089376K [0x000000076b800000, 0x00000007bcb00000, 0x00000007c0000000)
  eden space 1314816K, 82% used [0x000000076b800000,0x00000007adfa0210,0x00000007bbc00000)
  from space 7168K, 3% used [0x00000007bc400000,0x00000007bc438000,0x00000007bcb00000)
  to   space 7680K, 0% used [0x00000007bbc00000,0x00000007bbc00000,0x00000007bc380000)
 ParOldGen       total 173568K, used 13860K [0x00000006c2800000, 0x00000006cd180000, 0x000000076b800000)
  object space 173568K, 7% used [0x00000006c2800000,0x00000006c35891f8,0x00000006cd180000)
 Metaspace       used 8342K, capacity 8710K, committed 8960K, reserved 1056768K
  class space    used 660K, capacity 690K, committed 768K, reserved 1048576K
GC Heap History (10 events):
Event: 1.229 GC heap before
{Heap before GC invocations=8 (full 0):
 PSYoungGen      total 261632K, used 261611K [0x000000076b800000, 0x000000078b900000, 0x00000007c0000000)
  eden space 259584K, 100% used [0x000000076b800000,0x000000077b580000,0x000000077b580000)
  from space 2048K, 99% used [0x000000077b580000,0x000000077b77af90,0x000000077b780000)
  to   space 3072K, 0% used [0x000000078b600000,0x000000078b600000,0x000000078b900000)
 ParOldGen       total 173568K, used 1676K [0x00000006c2800000, 0x00000006cd180000, 0x000000076b800000)
  object space 173568K, 0% used [0x00000006c2800000,0x00000006c29a31f8,0x00000006cd180000)
 Metaspace       used 8234K, capacity 8646K, committed 8960K, reserved 1056768K
  class space    used 655K, capacity 690K, committed 768K, reserved 1048576K
Event: 1.238 GC heap after
Heap after GC invocations=8 (full 0):
 PSYoungGen      total 516608K, used 3048K [0x000000076b800000, 0x000000078c400000, 0x00000007c0000000)
  eden space 513536K, 0% used [0x000000076b800000,0x000000076b800000,0x000000078ad80000)
  from space 3072K, 99% used [0x000000078b600000,0x000000078b8fa1e0,0x000000078b900000)
  to   space 8704K, 0% used [0x000000078ad80000,0x000000078ad80000,0x000000078b600000)
 ParOldGen       total 173568K, used 12716K [0x00000006c2800000, 0x00000006cd180000, 0x000000076b800000)
  object space 173568K, 7% used [0x00000006c2800000,0x00000006c346b1f8,0x00000006cd180000)
 Metaspace       used 8234K, capacity 8646K, committed 8960K, reserved 1056768K
  class space    used 655K, capacity 690K, committed 768K, reserved 1048576K
}
Event: 1.602 GC heap before
{Heap before GC invocations=9 (full 0):
 PSYoungGen      total 516608K, used 516584K [0x000000076b800000, 0x000000078c400000, 0x00000007c0000000)
  eden space 513536K, 100% used [0x000000076b800000,0x000000078ad80000,0x000000078ad80000)
  from space 3072K, 99% used [0x000000078b600000,0x000000078b8fa1e0,0x000000078b900000)
  to   space 8704K, 0% used [0x000000078ad80000,0x000000078ad80000,0x000000078b600000)
 ParOldGen       total 173568K, used 12716K [0x00000006c2800000, 0x00000006cd180000, 0x000000076b800000)
  object space 173568K, 7% used [0x00000006c2800000,0x00000006c346b1f8,0x00000006cd180000)
 Metaspace       used 8289K, capacity 8710K, committed 8960K, reserved 1056768K
  class space    used 660K, capacity 690K, committed 768K, reserved 1048576K
Event: 1.604 GC heap after
Heap after GC invocations=9 (full 0):
 PSYoungGen      total 522240K, used 896K [0x000000076b800000, 0x000000079ea80000, 0x00000007c0000000)
  eden space 513536K, 0% used [0x000000076b800000,0x000000076b800000,0x000000078ad80000)
  from space 8704K, 10% used [0x000000078ad80000,0x000000078ae60000,0x000000078b600000)
  to   space 8192K, 0% used [0x000000079e280000,0x000000079e280000,0x000000079ea80000)
 ParOldGen       total 173568K, used 13012K [0x00000006c2800000, 0x00000006cd180000, 0x000000076b800000)
  object space 173568K, 7% used [0x00000006c2800000,0x00000006c34b51f8,0x00000006cd180000)
 Metaspace       used 8289K, capacity 8710K, committed 8960K, reserved 1056768K
  class space    used 660K, capacity 690K, committed 768K, reserved 1048576K
}
Event: 1.984 GC heap before
{Heap before GC invocations=10 (full 0):
 PSYoungGen      total 522240K, used 514432K [0x000000076b800000, 0x000000079ea80000, 0x00000007c0000000)
  eden space 513536K, 100% used [0x000000076b800000,0x000000078ad80000,0x000000078ad80000)
  from space 8704K, 10% used [0x000000078ad80000,0x000000078ae60000,0x000000078b600000)
  to   space 8192K, 0% used [0x000000079e280000,0x000000079e280000,0x000000079ea80000)
 ParOldGen       total 173568K, used 13012K [0x00000006c2800000, 0x00000006cd180000, 0x000000076b800000)
  object space 173568K, 7% used [0x00000006c2800000,0x00000006c34b51f8,0x00000006cd180000)
 Metaspace       used 8298K, capacity 8710K, committed 8960K, reserved 1056768K
  class space    used 660K, capacity 690K, committed 768K, reserved 1048576K
Event: 1.986 GC heap after
Heap after GC invocations=10 (full 0):
 PSYoungGen      total 829952K, used 256K [0x000000076b800000, 0x000000079ea80000, 0x00000007c0000000)
  eden space 821760K, 0% used [0x000000076b800000,0x000000076b800000,0x000000079da80000)
  from space 8192K, 3% used [0x000000079e280000,0x000000079e2c0000,0x000000079ea80000)
  to   space 8192K, 0% used [0x000000079da80000,0x000000079da80000,0x000000079e280000)
 ParOldGen       total 173568K, used 13772K [0x00000006c2800000, 0x00000006cd180000, 0x000000076b800000)
  object space 173568K, 7% used [0x00000006c2800000,0x00000006c35731f8,0x00000006cd180000)
 Metaspace       used 8298K, capacity 8710K, committed 8960K, reserved 1056768K
  class space    used 660K, capacity 690K, committed 768K, reserved 1048576K
}
Event: 2.598 GC heap before
{Heap before GC invocations=11 (full 0):
 PSYoungGen      total 829952K, used 822016K [0x000000076b800000, 0x000000079ea80000, 0x00000007c0000000)
  eden space 821760K, 100% used [0x000000076b800000,0x000000079da80000,0x000000079da80000)
  from space 8192K, 3% used [0x000000079e280000,0x000000079e2c0000,0x000000079ea80000)
  to   space 8192K, 0% used [0x000000079da80000,0x000000079da80000,0x000000079e280000)
 ParOldGen       total 173568K, used 13772K [0x00000006c2800000, 0x00000006cd180000, 0x000000076b800000)
  object space 173568K, 7% used [0x00000006c2800000,0x00000006c35731f8,0x00000006cd180000)
 Metaspace       used 8325K, capacity 8710K, committed 8960K, reserved 1056768K
  class space    used 660K, capacity 690K, committed 768K, reserved 1048576K
Event: 2.599 GC heap after
Heap after GC invocations=11 (full 0):
 PSYoungGen      total 829952K, used 160K [0x000000076b800000, 0x00000007bcc00000, 0x00000007c0000000)
  eden space 821760K, 0% used [0x000000076b800000,0x000000076b800000,0x000000079da80000)
  from space 8192K, 1% used [0x000000079da80000,0x000000079daa8000,0x000000079e280000)
  to   space 8192K, 0% used [0x00000007bc400000,0x00000007bc400000,0x00000007bcc00000)
 ParOldGen       total 173568K, used 13820K [0x00000006c2800000, 0x00000006cd180000, 0x000000076b800000)
  object space 173568K, 7% used [0x00000006c2800000,0x00000006c357f1f8,0x00000006cd180000)
 Metaspace       used 8325K, capacity 8710K, committed 8960K, reserved 1056768K
  class space    used 660K, capacity 690K, committed 768K, reserved 1048576K
}
Event: 3.217 GC heap before
{Heap before GC invocations=12 (full 0):
 PSYoungGen      total 829952K, used 821920K [0x000000076b800000, 0x00000007bcc00000, 0x00000007c0000000)
  eden space 821760K, 100% used [0x000000076b800000,0x000000079da80000,0x000000079da80000)
  from space 8192K, 1% used [0x000000079da80000,0x000000079daa8000,0x000000079e280000)
  to   space 8192K, 0% used [0x00000007bc400000,0x00000007bc400000,0x00000007bcc00000)
 ParOldGen       total 173568K, used 13820K [0x00000006c2800000, 0x00000006cd180000, 0x000000076b800000)
  object space 173568K, 7% used [0x00000006c2800000,0x00000006c357f1f8,0x00000006cd180000)
 Metaspace       used 8333K, capacity 8710K, committed 8960K, reserved 1056768K
  class space    used 660K, capacity 690K, committed 768K, reserved 1048576K
Event: 3.218 GC heap after
Heap after GC invocations=12 (full 0):
 PSYoungGen      total 1321984K, used 224K [0x000000076b800000, 0x00000007bcb00000, 0x00000007c0000000)
  eden space 1314816K, 0% used [0x000000076b800000,0x000000076b800000,0x00000007bbc00000)
  from space 7168K, 3% used [0x00000007bc400000,0x00000007bc438000,0x00000007bcb00000)
  to   space 7680K, 0% used [0x00000007bbc00000,0x00000007bbc00000,0x00000007bc380000)
 ParOldGen       total 173568K, used 13860K [0x00000006c2800000, 0x00000006cd180000, 0x000000076b800000)
  object space 173568K, 7% used [0x00000006c2800000,0x00000006c35891f8,0x00000006cd180000)
 Metaspace       used 8333K, capacity 8710K, committed 8960K, reserved 1056768K
  class space    used 660K, capacity 690K, committed 768K, reserved 1048576K
}

