# JRE version: Java(TM) SE Runtime Environment (8.0_65-b17) (build 1.8.0_65-b17)
# Java VM: Java HotSpot(TM) 64-Bit Server VM (25.65-b01 mixed mode windows-amd64 compressed oops)
Heap:
 PSYoungGen      total 38912K, used 31021K [0x000000076b800000, 0x00000007b8400000, 0x00000007c0000000)
  eden space 38400K, 80% used [0x000000076b800000,0x000000076d613550,0x000000076dd80000)
  from space 512K, 43% used [0x00000007b8380000,0x00000007b83b8000,0x00000007b8400000)
  to   space 512K, 0% used [0x00000007b8300000,0x00000007b8300000,0x00000007b8380000)
 ParOldGen       total 173568K, used 7004K [0x00000006c2800000, 0x00000006cd180000, 0x000000076b800000)
  object space 173568K, 4% used [0x00000006c2800000,0x00000006c2ed7060,0x00000006cd180000)
 Metaspace       used 8529K, capacity 8806K, committed 8960K, reserved 1056768K
  class space    used 688K, capacity 722K, committed 768K, reserved 1048576K
GC Heap History (10 events):
Event: 57.192 GC heap before
{Heap before GC invocations=430 (full 0):
 PSYoungGen      total 41472K, used 41184K [0x000000076b800000, 0x00000007b8400000, 0x00000007c0000000)
  eden space 40960K, 100% used [0x000000076b800000,0x000000076e000000,0x000000076e000000)
  from space 512K, 43% used [0x00000007b8300000,0x00000007b8338000,0x00000007b8380000)
  to   space 512K, 0% used [0x00000007b8380000,0x00000007b8380000,0x00000007b8400000)
 ParOldGen       total 173568K, used 7004K [0x00000006c2800000, 0x00000006cd180000, 0x000000076b800000)
  object space 173568K, 4% used [0x00000006c2800000,0x00000006c2ed7060,0x00000006cd180000)
 Metaspace       used 8529K, capacity 8806K, committed 8960K, reserved 1056768K
  class space    used 688K, capacity 722K, committed 768K, reserved 1048576K
Event: 57.193 GC heap after
Heap after GC invocations=430 (full 0):
 PSYoungGen      total 40960K, used 160K [0x000000076b800000, 0x00000007b8400000, 0x00000007c0000000)
  eden space 40448K, 0% used [0x000000076b800000,0x000000076b800000,0x000000076df80000)
  from space 512K, 31% used [0x00000007b8380000,0x00000007b83a8000,0x00000007b8400000)
  to   space 512K, 0% used [0x00000007b8300000,0x00000007b8300000,0x00000007b8380000)
 ParOldGen       total 173568K, used 7004K [0x00000006c2800000, 0x00000006cd180000, 0x000000076b800000)
  object space 173568K, 4% used [0x00000006c2800000,0x00000006c2ed7060,0x00000006cd180000)
 Metaspace       used 8529K, capacity 8806K, committed 8960K, reserved 1056768K
  class space    used 688K, capacity 722K, committed 768K, reserved 1048576K
}
Event: 57.241 GC heap before
{Heap before GC invocations=431 (full 0):
 PSYoungGen      total 40960K, used 40608K [0x000000076b800000, 0x00000007b8400000, 0x00000007c0000000)
  eden space 40448K, 100% used [0x000000076b800000,0x000000076df80000,0x000000076df80000)
  from space 512K, 31% used [0x00000007b8380000,0x00000007b83a8000,0x00000007b8400000)
  to   space 512K, 0% used [0x00000007b8300000,0x00000007b8300000,0x00000007b8380000)
 ParOldGen       total 173568K, used 7004K [0x00000006c2800000, 0x00000006cd180000, 0x000000076b800000)
  object space 173568K, 4% used [0x00000006c2800000,0x00000006c2ed7060,0x00000006cd180000)
 Metaspace       used 8529K, capacity 8806K, committed 8960K, reserved 1056768K
  class space    used 688K, capacity 722K, committed 768K, reserved 1048576K
Event: 57.241 GC heap after
Heap after GC invocations=431 (full 0):
 PSYoungGen      total 40448K, used 192K [0x000000076b800000, 0x00000007b8400000, 0x00000007c0000000)
  eden space 39936K, 0% used [0x000000076b800000,0x000000076b800000,0x000000076df00000)
  from space 512K, 37% used [0x00000007b8300000,0x00000007b8330000,0x00000007b8380000)
  to   space 512K, 0% used [0x00000007b8380000,0x00000007b8380000,0x00000007b8400000)
 ParOldGen       total 173568K, used 7004K [0x00000006c2800000, 0x00000006cd180000, 0x000000076b800000)
  object space 173568K, 4% used [0x00000006c2800000,0x00000006c2ed7060,0x00000006cd180000)
 Metaspace       used 8529K, capacity 8806K, committed 8960K, reserved 1056768K
  class space    used 688K, capacity 722K, committed 768K, reserved 1048576K
}
Event: 57.293 GC heap before
{Heap before GC invocations=432 (full 0):
 PSYoungGen      total 40448K, used 40128K [0x000000076b800000, 0x00000007b8400000, 0x00000007c0000000)
  eden space 39936K, 100% used [0x000000076b800000,0x000000076df00000,0x000000076df00000)
  from space 512K, 37% used [0x00000007b8300000,0x00000007b8330000,0x00000007b8380000)
  to   space 512K, 0% used [0x00000007b8380000,0x00000007b8380000,0x00000007b8400000)
 ParOldGen       total 173568K, used 7004K [0x00000006c2800000, 0x00000006cd180000, 0x000000076b800000)
  object space 173568K, 4% used [0x00000006c2800000,0x00000006c2ed7060,0x00000006cd180000)
 Metaspace       used 8529K, capacity 8806K, committed 8960K, reserved 1056768K
  class space    used 688K, capacity 722K, committed 768K, reserved 1048576K
Event: 57.294 GC heap after
Heap after GC invocations=432 (full 0):
 PSYoungGen      total 39936K, used 224K [0x000000076b800000, 0x00000007b8400000, 0x00000007c0000000)
  eden space 39424K, 0% used [0x000000076b800000,0x000000076b800000,0x000000076de80000)
  from space 512K, 43% used [0x00000007b8380000,0x00000007b83b8000,0x00000007b8400000)
  to   space 512K, 0% used [0x00000007b8300000,0x00000007b8300000,0x00000007b8380000)
 ParOldGen       total 173568K, used 7004K [0x00000006c2800000, 0x00000006cd180000, 0x000000076b800000)
  object space 173568K, 4% used [0x00000006c2800000,0x00000006c2ed7060,0x00000006cd180000)
 Metaspace       used 8529K, capacity 8806K, committed 8960K, reserved 1056768K
  class space    used 688K, capacity 722K, committed 768K, reserved 1048576K
}
Event: 57.339 GC heap before
{Heap before GC invocations=433 (full 0):
 PSYoungGen      total 39936K, used 39648K [0x000000076b800000, 0x00000007b8400000, 0x00000007c0000000)
  eden space 39424K, 100% used [0x000000076b800000,0x000000076de80000,0x000000076de80000)
  from space 512K, 43% used [0x00000007b8380000,0x00000007b83b8000,0x00000007b8400000)
  to   space 512K, 0% used [0x00000007b8300000,0x00000007b8300000,0x00000007b8380000)
 ParOldGen       total 173568K, used 7004K [0x00000006c2800000, 0x00000006cd180000, 0x000000076b800000)
  object space 173568K, 4% used [0x00000006c2800000,0x00000006c2ed7060,0x00000006cd180000)
 Metaspace       used 8529K, capacity 8806K, committed 8960K, reserved 1056768K
  class space    used 688K, capacity 722K, committed 768K, reserved 1048576K
Event: 57.339 GC heap after
Heap after GC invocations=433 (full 0):
 PSYoungGen      total 39424K, used 224K [0x000000076b800000, 0x00000007b8400000, 0x00000007c0000000)
  eden space 38912K, 0% used [0x000000076b800000,0x000000076b800000,0x000000076de00000)
  from space 512K, 43% used [0x00000007b8300000,0x00000007b8338000,0x00000007b8380000)
  to   space 512K, 0% used [0x00000007b8380000,0x00000007b8380000,0x00000007b8400000)
 ParOldGen       total 173568K, used 7004K [0x00000006c2800000, 0x00000006cd180000, 0x000000076b800000)
  object space 173568K, 4% used [0x00000006c2800000,0x00000006c2ed7060,0x00000006cd180000)
 Metaspace       used 8529K, capacity 8806K, committed 8960K, reserved 1056768K
  class space    used 688K, capacity 722K, committed 768K, reserved 1048576K
}
Event: 57.395 GC heap before
{Heap before GC invocations=434 (full 0):
 PSYoungGen      total 39424K, used 39136K [0x000000076b800000, 0x00000007b8400000, 0x00000007c0000000)
  eden space 38912K, 100% used [0x000000076b800000,0x000000076de00000,0x000000076de00000)
  from space 512K, 43% used [0x00000007b8300000,0x00000007b8338000,0x00000007b8380000)
  to   space 512K, 0% used [0x00000007b8380000,0x00000007b8380000,0x00000007b8400000)
 ParOldGen       total 173568K, used 7004K [0x00000006c2800000, 0x00000006cd180000, 0x000000076b800000)
  object space 173568K, 4% used [0x00000006c2800000,0x00000006c2ed7060,0x00000006cd180000)
 Metaspace       used 8529K, capacity 8806K, committed 8960K, reserved 1056768K
  class space    used 688K, capacity 722K, committed 768K, reserved 1048576K
Event: 57.396 GC heap after
Heap after GC invocations=434 (full 0):
 PSYoungGen      total 38912K, used 224K [0x000000076b800000, 0x00000007b8400000, 0x00000007c0000000)
  eden space 38400K, 0% used [0x000000076b800000,0x000000076b800000,0x000000076dd80000)
  from space 512K, 43% used [0x00000007b8380000,0x00000007b83b8000,0x00000007b8400000)
  to   space 512K, 0% used [0x00000007b8300000,0x00000007b8300000,0x00000007b8380000)
 ParOldGen       total 173568K, used 7004K [0x00000006c2800000, 0x00000006cd180000, 0x000000076b800000)
  object space 173568K, 4% used [0x00000006c2800000,0x00000006c2ed7060,0x00000006cd180000)
 Metaspace       used 8529K, capacity 8806K, committed 8960K, reserved 1056768K
  class space    used 688K, capacity 722K, committed 768K, reserved 1048576K
}

