# JRE version: Java(TM) SE Runtime Environment (8.0_65-b17) (build 1.8.0_65-b17)
# Java VM: Java HotSpot(TM) 64-Bit Server VM (25.65-b01 mixed mode windows-amd64 compressed oops)
Heap:
 PSYoungGen      total 695808K, used 638863K [0x000000076b800000, 0x00000007bbc80000, 0x00000007c0000000)
  eden space 695296K, 91% used [0x000000076b800000,0x00000007927abd60,0x0000000795f00000)
  from space 512K, 43% used [0x00000007bbc00000,0x00000007bbc38000,0x00000007bbc80000)
  to   space 5120K, 0% used [0x00000007bb280000,0x00000007bb280000,0x00000007bb780000)
 ParOldGen       total 173568K, used 31805K [0x00000006c2800000, 0x00000006cd180000, 0x000000076b800000)
  object space 173568K, 18% used [0x00000006c2800000,0x00000006c470f4e0,0x00000006cd180000)
 Metaspace       used 8361K, capacity 8774K, committed 8960K, reserved 1056768K
  class space    used 659K, capacity 690K, committed 768K, reserved 1048576K
GC Heap History (10 events):
Event: 7.909 GC heap before
{Heap before GC invocations=26 (full 0):
 PSYoungGen      total 887808K, used 880288K [0x000000076b800000, 0x00000007bce80000, 0x00000007c0000000)
  eden space 880128K, 100% used [0x000000076b800000,0x00000007a1380000,0x00000007a1380000)
  from space 7680K, 2% used [0x00000007bbf80000,0x00000007bbfa8000,0x00000007bc700000)
  to   space 7680K, 0% used [0x00000007bc700000,0x00000007bc700000,0x00000007bce80000)
 ParOldGen       total 173568K, used 31805K [0x00000006c2800000, 0x00000006cd180000, 0x000000076b800000)
  object space 173568K, 18% used [0x00000006c2800000,0x00000006c470f4e0,0x00000006cd180000)
 Metaspace       used 8353K, capacity 8774K, committed 8960K, reserved 1056768K
  class space    used 659K, capacity 690K, committed 768K, reserved 1048576K
Event: 7.910 GC heap after
Heap after GC invocations=26 (full 0):
 PSYoungGen      total 839680K, used 256K [0x000000076b800000, 0x00000007bc780000, 0x00000007c0000000)
  eden space 839168K, 0% used [0x000000076b800000,0x000000076b800000,0x000000079eb80000)
  from space 512K, 50% used [0x00000007bc700000,0x00000007bc740000,0x00000007bc780000)
  to   space 7168K, 0% used [0x00000007bb980000,0x00000007bb980000,0x00000007bc080000)
 ParOldGen       total 173568K, used 31805K [0x00000006c2800000, 0x00000006cd180000, 0x000000076b800000)
  object space 173568K, 18% used [0x00000006c2800000,0x00000006c470f4e0,0x00000006cd180000)
 Metaspace       used 8353K, capacity 8774K, committed 8960K, reserved 1056768K
  class space    used 659K, capacity 690K, committed 768K, reserved 1048576K
}
Event: 8.261 GC heap before
{Heap before GC invocations=27 (full 0):
 PSYoungGen      total 839680K, used 839424K [0x000000076b800000, 0x00000007bc780000, 0x00000007c0000000)
  eden space 839168K, 100% used [0x000000076b800000,0x000000079eb80000,0x000000079eb80000)
  from space 512K, 50% used [0x00000007bc700000,0x00000007bc740000,0x00000007bc780000)
  to   space 7168K, 0% used [0x00000007bb980000,0x00000007bb980000,0x00000007bc080000)
 ParOldGen       total 173568K, used 31805K [0x00000006c2800000, 0x00000006cd180000, 0x000000076b800000)
  object space 173568K, 18% used [0x00000006c2800000,0x00000006c470f4e0,0x00000006cd180000)
 Metaspace       used 8360K, capacity 8774K, committed 8960K, reserved 1056768K
  class space    used 659K, capacity 690K, committed 768K, reserved 1048576K
Event: 8.261 GC heap after
Heap after GC invocations=27 (full 0):
 PSYoungGen      total 807424K, used 160K [0x000000076b800000, 0x00000007bc780000, 0x00000007c0000000)
  eden space 800256K, 0% used [0x000000076b800000,0x000000076b800000,0x000000079c580000)
  from space 7168K, 2% used [0x00000007bb980000,0x00000007bb9a8000,0x00000007bc080000)
  to   space 6656K, 0% used [0x00000007bc100000,0x00000007bc100000,0x00000007bc780000)
 ParOldGen       total 173568K, used 31805K [0x00000006c2800000, 0x00000006cd180000, 0x000000076b800000)
  object space 173568K, 18% used [0x00000006c2800000,0x00000006c470f4e0,0x00000006cd180000)
 Metaspace       used 8360K, capacity 8774K, committed 8960K, reserved 1056768K
  class space    used 659K, capacity 690K, committed 768K, reserved 1048576K
}
Event: 8.603 GC heap before
{Heap before GC invocations=28 (full 0):
 PSYoungGen      total 807424K, used 800416K [0x000000076b800000, 0x00000007bc780000, 0x00000007c0000000)
  eden space 800256K, 100% used [0x000000076b800000,0x000000079c580000,0x000000079c580000)
  from space 7168K, 2% used [0x00000007bb980000,0x00000007bb9a8000,0x00000007bc080000)
  to   space 6656K, 0% used [0x00000007bc100000,0x00000007bc100000,0x00000007bc780000)
 ParOldGen       total 173568K, used 31805K [0x00000006c2800000, 0x00000006cd180000, 0x000000076b800000)
  object space 173568K, 18% used [0x00000006c2800000,0x00000006c470f4e0,0x00000006cd180000)
 Metaspace       used 8360K, capacity 8774K, committed 8960K, reserved 1056768K
  class space    used 659K, capacity 690K, committed 768K, reserved 1048576K
Event: 8.604 GC heap after
Heap after GC invocations=28 (full 0):
 PSYoungGen      total 763904K, used 192K [0x000000076b800000, 0x00000007bc180000, 0x00000007c0000000)
  eden space 763392K, 0% used [0x000000076b800000,0x000000076b800000,0x000000079a180000)
  from space 512K, 37% used [0x00000007bc100000,0x00000007bc130000,0x00000007bc180000)
  to   space 6144K, 0% used [0x00000007bb580000,0x00000007bb580000,0x00000007bbb80000)
 ParOldGen       total 173568K, used 31805K [0x00000006c2800000, 0x00000006cd180000, 0x000000076b800000)
  object space 173568K, 18% used [0x00000006c2800000,0x00000006c470f4e0,0x00000006cd180000)
 Metaspace       used 8360K, capacity 8774K, committed 8960K, reserved 1056768K
  class space    used 659K, capacity 690K, committed 768K, reserved 1048576K
}
Event: 8.924 GC heap before
{Heap before GC invocations=29 (full 0):
 PSYoungGen      total 763904K, used 763584K [0x000000076b800000, 0x00000007bc180000, 0x00000007c0000000)
  eden space 763392K, 100% used [0x000000076b800000,0x000000079a180000,0x000000079a180000)
  from space 512K, 37% used [0x00000007bc100000,0x00000007bc130000,0x00000007bc180000)
  to   space 6144K, 0% used [0x00000007bb580000,0x00000007bb580000,0x00000007bbb80000)
 ParOldGen       total 173568K, used 31805K [0x00000006c2800000, 0x00000006cd180000, 0x000000076b800000)
  object space 173568K, 18% used [0x00000006c2800000,0x00000006c470f4e0,0x00000006cd180000)
 Metaspace       used 8360K, capacity 8774K, committed 8960K, reserved 1056768K
  class space    used 659K, capacity 690K, committed 768K, reserved 1048576K
Event: 8.925 GC heap after
Heap after GC invocations=29 (full 0):
 PSYoungGen      total 734720K, used 224K [0x000000076b800000, 0x00000007bc180000, 0x00000007c0000000)
  eden space 728576K, 0% used [0x000000076b800000,0x000000076b800000,0x0000000797f80000)
  from space 6144K, 3% used [0x00000007bb580000,0x00000007bb5b8000,0x00000007bbb80000)
  to   space 5632K, 0% used [0x00000007bbc00000,0x00000007bbc00000,0x00000007bc180000)
 ParOldGen       total 173568K, used 31805K [0x00000006c2800000, 0x00000006cd180000, 0x000000076b800000)
  object space 173568K, 18% used [0x00000006c2800000,0x00000006c470f4e0,0x00000006cd180000)
 Metaspace       used 8360K, capacity 8774K, committed 8960K, reserved 1056768K
  class space    used 659K, capacity 690K, committed 768K, reserved 1048576K
}
Event: 9.229 GC heap before
{Heap before GC invocations=30 (full 0):
 PSYoungGen      total 734720K, used 728800K [0x000000076b800000, 0x00000007bc180000, 0x00000007c0000000)
  eden space 728576K, 100% used [0x000000076b800000,0x0000000797f80000,0x0000000797f80000)
  from space 6144K, 3% used [0x00000007bb580000,0x00000007bb5b8000,0x00000007bbb80000)
  to   space 5632K, 0% used [0x00000007bbc00000,0x00000007bbc00000,0x00000007bc180000)
 ParOldGen       total 173568K, used 31805K [0x00000006c2800000, 0x00000006cd180000, 0x000000076b800000)
  object space 173568K, 18% used [0x00000006c2800000,0x00000006c470f4e0,0x00000006cd180000)
 Metaspace       used 8360K, capacity 8774K, committed 8960K, reserved 1056768K
  class space    used 659K, capacity 690K, committed 768K, reserved 1048576K
Event: 9.230 GC heap after
Heap after GC invocations=30 (full 0):
 PSYoungGen      total 695808K, used 224K [0x000000076b800000, 0x00000007bbc80000, 0x00000007c0000000)
  eden space 695296K, 0% used [0x000000076b800000,0x000000076b800000,0x0000000795f00000)
  from space 512K, 43% used [0x00000007bbc00000,0x00000007bbc38000,0x00000007bbc80000)
  to   space 5120K, 0% used [0x00000007bb280000,0x00000007bb280000,0x00000007bb780000)
 ParOldGen       total 173568K, used 31805K [0x00000006c2800000, 0x00000006cd180000, 0x000000076b800000)
  object space 173568K, 18% used [0x00000006c2800000,0x00000006c470f4e0,0x00000006cd180000)
 Metaspace       used 8360K, capacity 8774K, committed 8960K, reserved 1056768K
  class space    used 659K, capacity 690K, committed 768K, reserved 1048576K
}

