# JRE version: Java(TM) SE Runtime Environment (8.0_65-b17) (build 1.8.0_65-b17)
# Java VM: Java HotSpot(TM) 64-Bit Server VM (25.65-b01 mixed mode windows-amd64 compressed oops)
Heap:
 PSYoungGen      total 366080K, used 84195K [0x000000076b800000, 0x000000078ae00000, 0x00000007c0000000)
  eden space 365568K, 22% used [0x000000076b800000,0x0000000770a10d98,0x0000000781d00000)
  from space 512K, 31% used [0x000000078ad80000,0x000000078ada8000,0x000000078ae00000)
  to   space 2560K, 0% used [0x000000078a900000,0x000000078a900000,0x000000078ab80000)
 ParOldGen       total 173568K, used 1526K [0x00000006c2800000, 0x00000006cd180000, 0x000000076b800000)
  object space 173568K, 0% used [0x00000006c2800000,0x00000006c297dba0,0x00000006cd180000)
 Metaspace       used 8066K, capacity 8646K, committed 8960K, reserved 1056768K
  class space    used 646K, capacity 690K, committed 768K, reserved 1048576K
GC Heap History (10 events):
Event: 2.712 GC heap before
{Heap before GC invocations=12 (full 0):
 PSYoungGen      total 456704K, used 454272K [0x000000076b800000, 0x000000078b400000, 0x00000007c0000000)
  eden space 454144K, 100% used [0x000000076b800000,0x0000000787380000,0x0000000787380000)
  from space 2560K, 5% used [0x000000078af00000,0x000000078af20000,0x000000078b180000)
  to   space 2560K, 0% used [0x000000078b180000,0x000000078b180000,0x000000078b400000)
 ParOldGen       total 173568K, used 1470K [0x00000006c2800000, 0x00000006cd180000, 0x000000076b800000)
  object space 173568K, 0% used [0x00000006c2800000,0x00000006c296fba0,0x00000006cd180000)
 Metaspace       used 8047K, capacity 8646K, committed 8960K, reserved 1056768K
  class space    used 646K, capacity 690K, committed 768K, reserved 1048576K
Event: 2.712 GC heap after
Heap after GC invocations=12 (full 0):
 PSYoungGen      total 435200K, used 224K [0x000000076b800000, 0x000000078b200000, 0x00000007c0000000)
  eden space 434688K, 0% used [0x000000076b800000,0x000000076b800000,0x0000000786080000)
  from space 512K, 43% used [0x000000078b180000,0x000000078b1b8000,0x000000078b200000)
  to   space 2560K, 0% used [0x000000078ad00000,0x000000078ad00000,0x000000078af80000)
 ParOldGen       total 173568K, used 1470K [0x00000006c2800000, 0x00000006cd180000, 0x000000076b800000)
  object space 173568K, 0% used [0x00000006c2800000,0x00000006c296fba0,0x00000006cd180000)
 Metaspace       used 8047K, capacity 8646K, committed 8960K, reserved 1056768K
  class space    used 646K, capacity 690K, committed 768K, reserved 1048576K
}
Event: 3.103 GC heap before
{Heap before GC invocations=13 (full 0):
 PSYoungGen      total 435200K, used 434912K [0x000000076b800000, 0x000000078b200000, 0x00000007c0000000)
  eden space 434688K, 100% used [0x000000076b800000,0x0000000786080000,0x0000000786080000)
  from space 512K, 43% used [0x000000078b180000,0x000000078b1b8000,0x000000078b200000)
  to   space 2560K, 0% used [0x000000078ad00000,0x000000078ad00000,0x000000078af80000)
 ParOldGen       total 173568K, used 1470K [0x00000006c2800000, 0x00000006cd180000, 0x000000076b800000)
  object space 173568K, 0% used [0x00000006c2800000,0x00000006c296fba0,0x00000006cd180000)
 Metaspace       used 8053K, capacity 8646K, committed 8960K, reserved 1056768K
  class space    used 646K, capacity 690K, committed 768K, reserved 1048576K
Event: 3.103 GC heap after
Heap after GC invocations=13 (full 0):
 PSYoungGen      total 418816K, used 224K [0x000000076b800000, 0x000000078b200000, 0x00000007c0000000)
  eden space 416256K, 0% used [0x000000076b800000,0x000000076b800000,0x0000000784e80000)
  from space 2560K, 8% used [0x000000078ad00000,0x000000078ad38000,0x000000078af80000)
  to   space 2560K, 0% used [0x000000078af80000,0x000000078af80000,0x000000078b200000)
 ParOldGen       total 173568K, used 1470K [0x00000006c2800000, 0x00000006cd180000, 0x000000076b800000)
  object space 173568K, 0% used [0x00000006c2800000,0x00000006c296fba0,0x00000006cd180000)
 Metaspace       used 8053K, capacity 8646K, committed 8960K, reserved 1056768K
  class space    used 646K, capacity 690K, committed 768K, reserved 1048576K
}
Event: 3.417 GC heap before
{Heap before GC invocations=14 (full 0):
 PSYoungGen      total 418816K, used 416480K [0x000000076b800000, 0x000000078b200000, 0x00000007c0000000)
  eden space 416256K, 100% used [0x000000076b800000,0x0000000784e80000,0x0000000784e80000)
  from space 2560K, 8% used [0x000000078ad00000,0x000000078ad38000,0x000000078af80000)
  to   space 2560K, 0% used [0x000000078af80000,0x000000078af80000,0x000000078b200000)
 ParOldGen       total 173568K, used 1470K [0x00000006c2800000, 0x00000006cd180000, 0x000000076b800000)
  object space 173568K, 0% used [0x00000006c2800000,0x00000006c296fba0,0x00000006cd180000)
 Metaspace       used 8054K, capacity 8646K, committed 8960K, reserved 1056768K
  class space    used 646K, capacity 690K, committed 768K, reserved 1048576K
Event: 3.417 GC heap after
Heap after GC invocations=14 (full 0):
 PSYoungGen      total 398848K, used 224K [0x000000076b800000, 0x000000078b000000, 0x00000007c0000000)
  eden space 398336K, 0% used [0x000000076b800000,0x000000076b800000,0x0000000783d00000)
  from space 512K, 43% used [0x000000078af80000,0x000000078afb8000,0x000000078b000000)
  to   space 2560K, 0% used [0x000000078ab00000,0x000000078ab00000,0x000000078ad80000)
 ParOldGen       total 173568K, used 1486K [0x00000006c2800000, 0x00000006cd180000, 0x000000076b800000)
  object space 173568K, 0% used [0x00000006c2800000,0x00000006c2973ba0,0x00000006cd180000)
 Metaspace       used 8054K, capacity 8646K, committed 8960K, reserved 1056768K
  class space    used 646K, capacity 690K, committed 768K, reserved 1048576K
}
Event: 3.748 GC heap before
{Heap before GC invocations=15 (full 0):
 PSYoungGen      total 398848K, used 398560K [0x000000076b800000, 0x000000078b000000, 0x00000007c0000000)
  eden space 398336K, 100% used [0x000000076b800000,0x0000000783d00000,0x0000000783d00000)
  from space 512K, 43% used [0x000000078af80000,0x000000078afb8000,0x000000078b000000)
  to   space 2560K, 0% used [0x000000078ab00000,0x000000078ab00000,0x000000078ad80000)
 ParOldGen       total 173568K, used 1486K [0x00000006c2800000, 0x00000006cd180000, 0x000000076b800000)
  object space 173568K, 0% used [0x00000006c2800000,0x00000006c2973ba0,0x00000006cd180000)
 Metaspace       used 8065K, capacity 8646K, committed 8960K, reserved 1056768K
  class space    used 646K, capacity 690K, committed 768K, reserved 1048576K
Event: 3.749 GC heap after
Heap after GC invocations=15 (full 0):
 PSYoungGen      total 384000K, used 160K [0x000000076b800000, 0x000000078b000000, 0x00000007c0000000)
  eden space 381440K, 0% used [0x000000076b800000,0x000000076b800000,0x0000000782c80000)
  from space 2560K, 6% used [0x000000078ab00000,0x000000078ab28000,0x000000078ad80000)
  to   space 2560K, 0% used [0x000000078ad80000,0x000000078ad80000,0x000000078b000000)
 ParOldGen       total 173568K, used 1494K [0x00000006c2800000, 0x00000006cd180000, 0x000000076b800000)
  object space 173568K, 0% used [0x00000006c2800000,0x00000006c2975ba0,0x00000006cd180000)
 Metaspace       used 8065K, capacity 8646K, committed 8960K, reserved 1056768K
  class space    used 646K, capacity 690K, committed 768K, reserved 1048576K
}
Event: 4.036 GC heap before
{Heap before GC invocations=16 (full 0):
 PSYoungGen      total 384000K, used 381600K [0x000000076b800000, 0x000000078b000000, 0x00000007c0000000)
  eden space 381440K, 100% used [0x000000076b800000,0x0000000782c80000,0x0000000782c80000)
  from space 2560K, 6% used [0x000000078ab00000,0x000000078ab28000,0x000000078ad80000)
  to   space 2560K, 0% used [0x000000078ad80000,0x000000078ad80000,0x000000078b000000)
 ParOldGen       total 173568K, used 1494K [0x00000006c2800000, 0x00000006cd180000, 0x000000076b800000)
  object space 173568K, 0% used [0x00000006c2800000,0x00000006c2975ba0,0x00000006cd180000)
 Metaspace       used 8066K, capacity 8646K, committed 8960K, reserved 1056768K
  class space    used 646K, capacity 690K, committed 768K, reserved 1048576K
Event: 4.036 GC heap after
Heap after GC invocations=16 (full 0):
 PSYoungGen      total 366080K, used 160K [0x000000076b800000, 0x000000078ae00000, 0x00000007c0000000)
  eden space 365568K, 0% used [0x000000076b800000,0x000000076b800000,0x0000000781d00000)
  from space 512K, 31% used [0x000000078ad80000,0x000000078ada8000,0x000000078ae00000)
  to   space 2560K, 0% used [0x000000078a900000,0x000000078a900000,0x000000078ab80000)
 ParOldGen       total 173568K, used 1526K [0x00000006c2800000, 0x00000006cd180000, 0x000000076b800000)
  object space 173568K, 0% used [0x00000006c2800000,0x00000006c297dba0,0x00000006cd180000)
 Metaspace       used 8066K, capacity 8646K, committed 8960K, reserved 1056768K
  class space    used 646K, capacity 690K, committed 768K, reserved 1048576K
}

