# JRE version: Java(TM) SE Runtime Environment (8.0_65-b17) (build 1.8.0_65-b17)
# Java VM: Java HotSpot(TM) 64-Bit Server VM (25.65-b01 mixed mode windows-amd64 compressed oops)
Heap:
 PSYoungGen      total 147968K, used 6009K [0x000000076b800000, 0x0000000779900000, 0x00000007c0000000)
  eden space 146432K, 3% used [0x000000076b800000,0x000000076bdb6608,0x0000000774700000)
  from space 1536K, 10% used [0x0000000779600000,0x0000000779628000,0x0000000779780000)
  to   space 1536K, 0% used [0x0000000779780000,0x0000000779780000,0x0000000779900000)
 ParOldGen       total 173568K, used 1400K [0x00000006c2800000, 0x00000006cd180000, 0x000000076b800000)
  object space 173568K, 0% used [0x00000006c2800000,0x00000006c295e070,0x00000006cd180000)
 Metaspace       used 8079K, capacity 8646K, committed 8960K, reserved 1056768K
  class space    used 646K, capacity 690K, committed 768K, reserved 1048576K
GC Heap History (10 events):
Event: 2.647 GC heap before
{Heap before GC invocations=19 (full 0):
 PSYoungGen      total 174592K, used 174272K [0x000000076b800000, 0x0000000779b00000, 0x00000007c0000000)
  eden space 174080K, 100% used [0x000000076b800000,0x0000000776200000,0x0000000776200000)
  from space 512K, 37% used [0x0000000779a80000,0x0000000779ab0000,0x0000000779b00000)
  to   space 1536K, 0% used [0x0000000779800000,0x0000000779800000,0x0000000779980000)
 ParOldGen       total 173568K, used 1360K [0x00000006c2800000, 0x00000006cd180000, 0x000000076b800000)
  object space 173568K, 0% used [0x00000006c2800000,0x00000006c2954070,0x00000006cd180000)
 Metaspace       used 8064K, capacity 8646K, committed 8960K, reserved 1056768K
  class space    used 646K, capacity 690K, committed 768K, reserved 1048576K
Event: 2.648 GC heap after
Heap after GC invocations=19 (full 0):
 PSYoungGen      total 169472K, used 128K [0x000000076b800000, 0x0000000779b00000, 0x00000007c0000000)
  eden space 167936K, 0% used [0x000000076b800000,0x000000076b800000,0x0000000775c00000)
  from space 1536K, 8% used [0x0000000779800000,0x0000000779820000,0x0000000779980000)
  to   space 1536K, 0% used [0x0000000779980000,0x0000000779980000,0x0000000779b00000)
 ParOldGen       total 173568K, used 1360K [0x00000006c2800000, 0x00000006cd180000, 0x000000076b800000)
  object space 173568K, 0% used [0x00000006c2800000,0x00000006c2954070,0x00000006cd180000)
 Metaspace       used 8064K, capacity 8646K, committed 8960K, reserved 1056768K
  class space    used 646K, capacity 690K, committed 768K, reserved 1048576K
}
Event: 2.830 GC heap before
{Heap before GC invocations=20 (full 0):
 PSYoungGen      total 169472K, used 168064K [0x000000076b800000, 0x0000000779b00000, 0x00000007c0000000)
  eden space 167936K, 100% used [0x000000076b800000,0x0000000775c00000,0x0000000775c00000)
  from space 1536K, 8% used [0x0000000779800000,0x0000000779820000,0x0000000779980000)
  to   space 1536K, 0% used [0x0000000779980000,0x0000000779980000,0x0000000779b00000)
 ParOldGen       total 173568K, used 1360K [0x00000006c2800000, 0x00000006cd180000, 0x000000076b800000)
  object space 173568K, 0% used [0x00000006c2800000,0x00000006c2954070,0x00000006cd180000)
 Metaspace       used 8077K, capacity 8646K, committed 8960K, reserved 1056768K
  class space    used 646K, capacity 690K, committed 768K, reserved 1048576K
Event: 2.830 GC heap after
Heap after GC invocations=20 (full 0):
 PSYoungGen      total 162816K, used 192K [0x000000076b800000, 0x0000000779a00000, 0x00000007c0000000)
  eden space 162304K, 0% used [0x000000076b800000,0x000000076b800000,0x0000000775680000)
  from space 512K, 37% used [0x0000000779980000,0x00000007799b0000,0x0000000779a00000)
  to   space 1536K, 0% used [0x0000000779700000,0x0000000779700000,0x0000000779880000)
 ParOldGen       total 173568K, used 1368K [0x00000006c2800000, 0x00000006cd180000, 0x000000076b800000)
  object space 173568K, 0% used [0x00000006c2800000,0x00000006c2956070,0x00000006cd180000)
 Metaspace       used 8077K, capacity 8646K, committed 8960K, reserved 1056768K
  class space    used 646K, capacity 690K, committed 768K, reserved 1048576K
}
Event: 2.957 GC heap before
{Heap before GC invocations=21 (full 0):
 PSYoungGen      total 162816K, used 162496K [0x000000076b800000, 0x0000000779a00000, 0x00000007c0000000)
  eden space 162304K, 100% used [0x000000076b800000,0x0000000775680000,0x0000000775680000)
  from space 512K, 37% used [0x0000000779980000,0x00000007799b0000,0x0000000779a00000)
  to   space 1536K, 0% used [0x0000000779700000,0x0000000779700000,0x0000000779880000)
 ParOldGen       total 173568K, used 1368K [0x00000006c2800000, 0x00000006cd180000, 0x000000076b800000)
  object space 173568K, 0% used [0x00000006c2800000,0x00000006c2956070,0x00000006cd180000)
 Metaspace       used 8078K, capacity 8646K, committed 8960K, reserved 1056768K
  class space    used 646K, capacity 690K, committed 768K, reserved 1048576K
Event: 2.958 GC heap after
Heap after GC invocations=21 (full 0):
 PSYoungGen      total 158208K, used 128K [0x000000076b800000, 0x0000000779a00000, 0x00000007c0000000)
  eden space 156672K, 0% used [0x000000076b800000,0x000000076b800000,0x0000000775100000)
  from space 1536K, 8% used [0x0000000779700000,0x0000000779720000,0x0000000779880000)
  to   space 1536K, 0% used [0x0000000779880000,0x0000000779880000,0x0000000779a00000)
 ParOldGen       total 173568K, used 1400K [0x00000006c2800000, 0x00000006cd180000, 0x000000076b800000)
  object space 173568K, 0% used [0x00000006c2800000,0x00000006c295e070,0x00000006cd180000)
 Metaspace       used 8078K, capacity 8646K, committed 8960K, reserved 1056768K
  class space    used 646K, capacity 690K, committed 768K, reserved 1048576K
}
Event: 3.103 GC heap before
{Heap before GC invocations=22 (full 0):
 PSYoungGen      total 158208K, used 156800K [0x000000076b800000, 0x0000000779a00000, 0x00000007c0000000)
  eden space 156672K, 100% used [0x000000076b800000,0x0000000775100000,0x0000000775100000)
  from space 1536K, 8% used [0x0000000779700000,0x0000000779720000,0x0000000779880000)
  to   space 1536K, 0% used [0x0000000779880000,0x0000000779880000,0x0000000779a00000)
 ParOldGen       total 173568K, used 1400K [0x00000006c2800000, 0x00000006cd180000, 0x000000076b800000)
  object space 173568K, 0% used [0x00000006c2800000,0x00000006c295e070,0x00000006cd180000)
 Metaspace       used 8078K, capacity 8646K, committed 8960K, reserved 1056768K
  class space    used 646K, capacity 690K, committed 768K, reserved 1048576K
Event: 3.104 GC heap after
Heap after GC invocations=22 (full 0):
 PSYoungGen      total 152064K, used 160K [0x000000076b800000, 0x0000000779900000, 0x00000007c0000000)
  eden space 151552K, 0% used [0x000000076b800000,0x000000076b800000,0x0000000774c00000)
  from space 512K, 31% used [0x0000000779880000,0x00000007798a8000,0x0000000779900000)
  to   space 1536K, 0% used [0x0000000779600000,0x0000000779600000,0x0000000779780000)
 ParOldGen       total 173568K, used 1400K [0x00000006c2800000, 0x00000006cd180000, 0x000000076b800000)
  object space 173568K, 0% used [0x00000006c2800000,0x00000006c295e070,0x00000006cd180000)
 Metaspace       used 8078K, capacity 8646K, committed 8960K, reserved 1056768K
  class space    used 646K, capacity 690K, committed 768K, reserved 1048576K
}
Event: 3.238 GC heap before
{Heap before GC invocations=23 (full 0):
 PSYoungGen      total 152064K, used 151712K [0x000000076b800000, 0x0000000779900000, 0x00000007c0000000)
  eden space 151552K, 100% used [0x000000076b800000,0x0000000774c00000,0x0000000774c00000)
  from space 512K, 31% used [0x0000000779880000,0x00000007798a8000,0x0000000779900000)
  to   space 1536K, 0% used [0x0000000779600000,0x0000000779600000,0x0000000779780000)
 ParOldGen       total 173568K, used 1400K [0x00000006c2800000, 0x00000006cd180000, 0x000000076b800000)
  object space 173568K, 0% used [0x00000006c2800000,0x00000006c295e070,0x00000006cd180000)
 Metaspace       used 8079K, capacity 8646K, committed 8960K, reserved 1056768K
  class space    used 646K, capacity 690K, committed 768K, reserved 1048576K
Event: 3.239 GC heap after
Heap after GC invocations=23 (full 0):
 PSYoungGen      total 147968K, used 160K [0x000000076b800000, 0x0000000779900000, 0x00000007c0000000)
  eden space 146432K, 0% used [0x000000076b800000,0x000000076b800000,0x0000000774700000)
  from space 1536K, 10% used [0x0000000779600000,0x0000000779628000,0x0000000779780000)
  to   space 1536K, 0% used [0x0000000779780000,0x0000000779780000,0x0000000779900000)
 ParOldGen       total 173568K, used 1400K [0x00000006c2800000, 0x00000006cd180000, 0x000000076b800000)
  object space 173568K, 0% used [0x00000006c2800000,0x00000006c295e070,0x00000006cd180000)
 Metaspace       used 8079K, capacity 8646K, committed 8960K, reserved 1056768K
  class space    used 646K, capacity 690K, committed 768K, reserved 1048576K
}

