# JRE version: Java(TM) SE Runtime Environment (8.0_65-b17) (build 1.8.0_65-b17)
# Java VM: Java HotSpot(TM) 64-Bit Server VM (25.65-b01 mixed mode windows-amd64 compressed oops)
Heap:
 PSYoungGen      total 92672K, used 84463K [0x000000076b800000, 0x00000007baa80000, 0x00000007c0000000)
  eden space 92160K, 91% used [0x000000076b800000,0x0000000770a6bc70,0x0000000771200000)
  from space 512K, 12% used [0x00000007ba980000,0x00000007ba990000,0x00000007baa00000)
  to   space 512K, 0% used [0x00000007baa00000,0x00000007baa00000,0x00000007baa80000)
 ParOldGen       total 173568K, used 21337K [0x00000006c2800000, 0x00000006cd180000, 0x000000076b800000)
  object space 173568K, 12% used [0x00000006c2800000,0x00000006c3cd65d8,0x00000006cd180000)
 Metaspace       used 8389K, capacity 8774K, committed 8960K, reserved 1056768K
  class space    used 662K, capacity 690K, committed 768K, reserved 1048576K
GC Heap History (10 events):
Event: 34.032 GC heap before
{Heap before GC invocations=181 (full 0):
 PSYoungGen      total 69120K, used 68768K [0x000000076b800000, 0x00000007baa80000, 0x00000007c0000000)
  eden space 68608K, 100% used [0x000000076b800000,0x000000076fb00000,0x000000076fb00000)
  from space 512K, 31% used [0x00000007baa00000,0x00000007baa28000,0x00000007baa80000)
  to   space 512K, 0% used [0x00000007ba980000,0x00000007ba980000,0x00000007baa00000)
 ParOldGen       total 173568K, used 21305K [0x00000006c2800000, 0x00000006cd180000, 0x000000076b800000)
  object space 173568K, 12% used [0x00000006c2800000,0x00000006c3cce5d8,0x00000006cd180000)
 Metaspace       used 8389K, capacity 8774K, committed 8960K, reserved 1056768K
  class space    used 662K, capacity 690K, committed 768K, reserved 1048576K
Event: 34.033 GC heap after
Heap after GC invocations=181 (full 0):
 PSYoungGen      total 67584K, used 192K [0x000000076b800000, 0x00000007baa80000, 0x00000007c0000000)
  eden space 67072K, 0% used [0x000000076b800000,0x000000076b800000,0x000000076f980000)
  from space 512K, 37% used [0x00000007ba980000,0x00000007ba9b0000,0x00000007baa00000)
  to   space 512K, 0% used [0x00000007baa00000,0x00000007baa00000,0x00000007baa80000)
 ParOldGen       total 173568K, used 21305K [0x00000006c2800000, 0x00000006cd180000, 0x000000076b800000)
  object space 173568K, 12% used [0x00000006c2800000,0x00000006c3cce5d8,0x00000006cd180000)
 Metaspace       used 8389K, capacity 8774K, committed 8960K, reserved 1056768K
  class space    used 662K, capacity 690K, committed 768K, reserved 1048576K
}
Event: 34.085 GC heap before
{Heap before GC invocations=182 (full 0):
 PSYoungGen      total 67584K, used 67264K [0x000000076b800000, 0x00000007baa80000, 0x00000007c0000000)
  eden space 67072K, 100% used [0x000000076b800000,0x000000076f980000,0x000000076f980000)
  from space 512K, 37% used [0x00000007ba980000,0x00000007ba9b0000,0x00000007baa00000)
  to   space 512K, 0% used [0x00000007baa00000,0x00000007baa00000,0x00000007baa80000)
 ParOldGen       total 173568K, used 21305K [0x00000006c2800000, 0x00000006cd180000, 0x000000076b800000)
  object space 173568K, 12% used [0x00000006c2800000,0x00000006c3cce5d8,0x00000006cd180000)
 Metaspace       used 8389K, capacity 8774K, committed 8960K, reserved 1056768K
  class space    used 662K, capacity 690K, committed 768K, reserved 1048576K
Event: 34.086 GC heap after
Heap after GC invocations=182 (full 0):
 PSYoungGen      total 66048K, used 160K [0x000000076b800000, 0x00000007baa80000, 0x00000007c0000000)
  eden space 65536K, 0% used [0x000000076b800000,0x000000076b800000,0x000000076f800000)
  from space 512K, 31% used [0x00000007baa00000,0x00000007baa28000,0x00000007baa80000)
  to   space 512K, 0% used [0x00000007ba980000,0x00000007ba980000,0x00000007baa00000)
 ParOldGen       total 173568K, used 21305K [0x00000006c2800000, 0x00000006cd180000, 0x000000076b800000)
  object space 173568K, 12% used [0x00000006c2800000,0x00000006c3cce5d8,0x00000006cd180000)
 Metaspace       used 8389K, capacity 8774K, committed 8960K, reserved 1056768K
  class space    used 662K, capacity 690K, committed 768K, reserved 1048576K
}
Event: 34.153 GC heap before
{Heap before GC invocations=183 (full 0):
 PSYoungGen      total 66048K, used 65696K [0x000000076b800000, 0x00000007baa80000, 0x00000007c0000000)
  eden space 65536K, 100% used [0x000000076b800000,0x000000076f800000,0x000000076f800000)
  from space 512K, 31% used [0x00000007baa00000,0x00000007baa28000,0x00000007baa80000)
  to   space 512K, 0% used [0x00000007ba980000,0x00000007ba980000,0x00000007baa00000)
 ParOldGen       total 173568K, used 21305K [0x00000006c2800000, 0x00000006cd180000, 0x000000076b800000)
  object space 173568K, 12% used [0x00000006c2800000,0x00000006c3cce5d8,0x00000006cd180000)
 Metaspace       used 8389K, capacity 8774K, committed 8960K, reserved 1056768K
  class space    used 662K, capacity 690K, committed 768K, reserved 1048576K
Event: 34.154 GC heap after
Heap after GC invocations=183 (full 0):
 PSYoungGen      total 64512K, used 224K [0x000000076b800000, 0x00000007baa80000, 0x00000007c0000000)
  eden space 64000K, 0% used [0x000000076b800000,0x000000076b800000,0x000000076f680000)
  from space 512K, 43% used [0x00000007ba980000,0x00000007ba9b8000,0x00000007baa00000)
  to   space 512K, 0% used [0x00000007baa00000,0x00000007baa00000,0x00000007baa80000)
 ParOldGen       total 173568K, used 21305K [0x00000006c2800000, 0x00000006cd180000, 0x000000076b800000)
  object space 173568K, 12% used [0x00000006c2800000,0x00000006c3cce5d8,0x00000006cd180000)
 Metaspace       used 8389K, capacity 8774K, committed 8960K, reserved 1056768K
  class space    used 662K, capacity 690K, committed 768K, reserved 1048576K
}
Event: 34.205 GC heap before
{Heap before GC invocations=184 (full 0):
 PSYoungGen      total 64512K, used 64224K [0x000000076b800000, 0x00000007baa80000, 0x00000007c0000000)
  eden space 64000K, 100% used [0x000000076b800000,0x000000076f680000,0x000000076f680000)
  from space 512K, 43% used [0x00000007ba980000,0x00000007ba9b8000,0x00000007baa00000)
  to   space 512K, 0% used [0x00000007baa00000,0x00000007baa00000,0x00000007baa80000)
 ParOldGen       total 173568K, used 21305K [0x00000006c2800000, 0x00000006cd180000, 0x000000076b800000)
  object space 173568K, 12% used [0x00000006c2800000,0x00000006c3cce5d8,0x00000006cd180000)
 Metaspace       used 8389K, capacity 8774K, committed 8960K, reserved 1056768K
  class space    used 662K, capacity 690K, committed 768K, reserved 1048576K
Event: 34.206 GC heap after
Heap after GC invocations=184 (full 0):
 PSYoungGen      total 77312K, used 160K [0x000000076b800000, 0x00000007baa80000, 0x00000007c0000000)
  eden space 76800K, 0% used [0x000000076b800000,0x000000076b800000,0x0000000770300000)
  from space 512K, 31% used [0x00000007baa00000,0x00000007baa28000,0x00000007baa80000)
  to   space 512K, 0% used [0x00000007ba980000,0x00000007ba980000,0x00000007baa00000)
 ParOldGen       total 173568K, used 21305K [0x00000006c2800000, 0x00000006cd180000, 0x000000076b800000)
  object space 173568K, 12% used [0x00000006c2800000,0x00000006c3cce5d8,0x00000006cd180000)
 Metaspace       used 8389K, capacity 8774K, committed 8960K, reserved 1056768K
  class space    used 662K, capacity 690K, committed 768K, reserved 1048576K
}
Event: 34.266 GC heap before
{Heap before GC invocations=185 (full 0):
 PSYoungGen      total 77312K, used 76960K [0x000000076b800000, 0x00000007baa80000, 0x00000007c0000000)
  eden space 76800K, 100% used [0x000000076b800000,0x0000000770300000,0x0000000770300000)
  from space 512K, 31% used [0x00000007baa00000,0x00000007baa28000,0x00000007baa80000)
  to   space 512K, 0% used [0x00000007ba980000,0x00000007ba980000,0x00000007baa00000)
 ParOldGen       total 173568K, used 21305K [0x00000006c2800000, 0x00000006cd180000, 0x000000076b800000)
  object space 173568K, 12% used [0x00000006c2800000,0x00000006c3cce5d8,0x00000006cd180000)
 Metaspace       used 8389K, capacity 8774K, committed 8960K, reserved 1056768K
  class space    used 662K, capacity 690K, committed 768K, reserved 1048576K
Event: 34.267 GC heap after
Heap after GC invocations=185 (full 0):
 PSYoungGen      total 92672K, used 64K [0x000000076b800000, 0x00000007baa80000, 0x00000007c0000000)
  eden space 92160K, 0% used [0x000000076b800000,0x000000076b800000,0x0000000771200000)
  from space 512K, 12% used [0x00000007ba980000,0x00000007ba990000,0x00000007baa00000)
  to   space 512K, 0% used [0x00000007baa00000,0x00000007baa00000,0x00000007baa80000)
 ParOldGen       total 173568K, used 21337K [0x00000006c2800000, 0x00000006cd180000, 0x000000076b800000)
  object space 173568K, 12% used [0x00000006c2800000,0x00000006c3cd65d8,0x00000006cd180000)
 Metaspace       used 8389K, capacity 8774K, committed 8960K, reserved 1056768K
  class space    used 662K, capacity 690K, committed 768K, reserved 1048576K
}

