# JRE version: Java(TM) SE Runtime Environment (8.0_65-b17) (build 1.8.0_65-b17)
# Java VM: Java HotSpot(TM) 64-Bit Server VM (25.65-b01 mixed mode windows-amd64 compressed oops)
Heap:
 PSYoungGen      total 241664K, used 118381K [0x000000076b800000, 0x0000000785000000, 0x00000007c0000000)
  eden space 239104K, 49% used [0x000000076b800000,0x0000000772b637f0,0x000000077a180000)
  from space 2560K, 8% used [0x0000000784b00000,0x0000000784b38000,0x0000000784d80000)
  to   space 2560K, 0% used [0x0000000784d80000,0x0000000784d80000,0x0000000785000000)
 ParOldGen       total 173568K, used 1677K [0x00000006c2800000, 0x00000006cd180000, 0x000000076b800000)
  object space 173568K, 0% used [0x00000006c2800000,0x00000006c29a3780,0x00000006cd180000)
 Metaspace       used 8093K, capacity 8646K, committed 8960K, reserved 1056768K
  class space    used 649K, capacity 690K, committed 768K, reserved 1048576K
GC Heap History (10 events):
Event: 0.701 GC heap before
{Heap before GC invocations=7 (full 0):
 PSYoungGen      total 131072K, used 131070K [0x000000076b800000, 0x0000000773b00000, 0x00000007c0000000)
  eden space 129536K, 100% used [0x000000076b800000,0x0000000773680000,0x0000000773680000)
  from space 1536K, 99% used [0x0000000773880000,0x00000007739ff828,0x0000000773a00000)
  to   space 2048K, 0% used [0x0000000773680000,0x0000000773680000,0x0000000773880000)
 ParOldGen       total 173568K, used 473K [0x00000006c2800000, 0x00000006cd180000, 0x000000076b800000)
  object space 173568K, 0% used [0x00000006c2800000,0x00000006c2876720,0x00000006cd180000)
 Metaspace       used 7948K, capacity 8486K, committed 8704K, reserved 1056768K
  class space    used 639K, capacity 658K, committed 768K, reserved 1048576K
Event: 0.705 GC heap after
Heap after GC invocations=7 (full 0):
 PSYoungGen      total 131584K, used 1425K [0x000000076b800000, 0x000000077b900000, 0x00000007c0000000)
  eden space 129536K, 0% used [0x000000076b800000,0x000000076b800000,0x0000000773680000)
  from space 2048K, 69% used [0x0000000773680000,0x00000007737e4738,0x0000000773880000)
  to   space 2048K, 0% used [0x000000077b700000,0x000000077b700000,0x000000077b900000)
 ParOldGen       total 173568K, used 1085K [0x00000006c2800000, 0x00000006cd180000, 0x000000076b800000)
  object space 173568K, 0% used [0x00000006c2800000,0x00000006c290f780,0x00000006cd180000)
 Metaspace       used 7948K, capacity 8486K, committed 8704K, reserved 1056768K
  class space    used 639K, capacity 658K, committed 768K, reserved 1048576K
}
Event: 0.914 GC heap before
{Heap before GC invocations=8 (full 0):
 PSYoungGen      total 131584K, used 130961K [0x000000076b800000, 0x000000077b900000, 0x00000007c0000000)
  eden space 129536K, 100% used [0x000000076b800000,0x0000000773680000,0x0000000773680000)
  from space 2048K, 69% used [0x0000000773680000,0x00000007737e4738,0x0000000773880000)
  to   space 2048K, 0% used [0x000000077b700000,0x000000077b700000,0x000000077b900000)
 ParOldGen       total 173568K, used 1085K [0x00000006c2800000, 0x00000006cd180000, 0x000000076b800000)
  object space 173568K, 0% used [0x00000006c2800000,0x00000006c290f780,0x00000006cd180000)
 Metaspace       used 8075K, capacity 8646K, committed 8960K, reserved 1056768K
  class space    used 649K, capacity 690K, committed 768K, reserved 1048576K
Event: 0.915 GC heap after
Heap after GC invocations=8 (full 0):
 PSYoungGen      total 261120K, used 480K [0x000000076b800000, 0x000000077b900000, 0x00000007c0000000)
  eden space 259072K, 0% used [0x000000076b800000,0x000000076b800000,0x000000077b500000)
  from space 2048K, 23% used [0x000000077b700000,0x000000077b778000,0x000000077b900000)
  to   space 2048K, 0% used [0x000000077b500000,0x000000077b500000,0x000000077b700000)
 ParOldGen       total 173568K, used 1229K [0x00000006c2800000, 0x00000006cd180000, 0x000000076b800000)
  object space 173568K, 0% used [0x00000006c2800000,0x00000006c2933780,0x00000006cd180000)
 Metaspace       used 8075K, capacity 8646K, committed 8960K, reserved 1056768K
  class space    used 649K, capacity 690K, committed 768K, reserved 1048576K
}
Event: 1.134 GC heap before
{Heap before GC invocations=9 (full 0):
 PSYoungGen      total 261120K, used 259552K [0x000000076b800000, 0x000000077b900000, 0x00000007c0000000)
  eden space 259072K, 100% used [0x000000076b800000,0x000000077b500000,0x000000077b500000)
  from space 2048K, 23% used [0x000000077b700000,0x000000077b778000,0x000000077b900000)
  to   space 2048K, 0% used [0x000000077b500000,0x000000077b500000,0x000000077b700000)
 ParOldGen       total 173568K, used 1229K [0x00000006c2800000, 0x00000006cd180000, 0x000000076b800000)
  object space 173568K, 0% used [0x00000006c2800000,0x00000006c2933780,0x00000006cd180000)
 Metaspace       used 8078K, capacity 8646K, committed 8960K, reserved 1056768K
  class space    used 649K, capacity 690K, committed 768K, reserved 1048576K
Event: 1.135 GC heap after
Heap after GC invocations=9 (full 0):
 PSYoungGen      total 261120K, used 288K [0x000000076b800000, 0x0000000785200000, 0x00000007c0000000)
  eden space 259072K, 0% used [0x000000076b800000,0x000000076b800000,0x000000077b500000)
  from space 2048K, 14% used [0x000000077b500000,0x000000077b548000,0x000000077b700000)
  to   space 2560K, 0% used [0x0000000784f80000,0x0000000784f80000,0x0000000785200000)
 ParOldGen       total 173568K, used 1453K [0x00000006c2800000, 0x00000006cd180000, 0x000000076b800000)
  object space 173568K, 0% used [0x00000006c2800000,0x00000006c296b780,0x00000006cd180000)
 Metaspace       used 8078K, capacity 8646K, committed 8960K, reserved 1056768K
  class space    used 649K, capacity 690K, committed 768K, reserved 1048576K
}
Event: 1.326 GC heap before
{Heap before GC invocations=10 (full 0):
 PSYoungGen      total 261120K, used 259360K [0x000000076b800000, 0x0000000785200000, 0x00000007c0000000)
  eden space 259072K, 100% used [0x000000076b800000,0x000000077b500000,0x000000077b500000)
  from space 2048K, 14% used [0x000000077b500000,0x000000077b548000,0x000000077b700000)
  to   space 2560K, 0% used [0x0000000784f80000,0x0000000784f80000,0x0000000785200000)
 ParOldGen       total 173568K, used 1453K [0x00000006c2800000, 0x00000006cd180000, 0x000000076b800000)
  object space 173568K, 0% used [0x00000006c2800000,0x00000006c296b780,0x00000006cd180000)
 Metaspace       used 8081K, capacity 8646K, committed 8960K, reserved 1056768K
  class space    used 649K, capacity 690K, committed 768K, reserved 1048576K
Event: 1.327 GC heap after
Heap after GC invocations=10 (full 0):
 PSYoungGen      total 249344K, used 128K [0x000000076b800000, 0x0000000785000000, 0x00000007c0000000)
  eden space 248832K, 0% used [0x000000076b800000,0x000000076b800000,0x000000077ab00000)
  from space 512K, 25% used [0x0000000784f80000,0x0000000784fa0000,0x0000000785000000)
  to   space 2560K, 0% used [0x0000000784b00000,0x0000000784b00000,0x0000000784d80000)
 ParOldGen       total 173568K, used 1677K [0x00000006c2800000, 0x00000006cd180000, 0x000000076b800000)
  object space 173568K, 0% used [0x00000006c2800000,0x00000006c29a3780,0x00000006cd180000)
 Metaspace       used 8081K, capacity 8646K, committed 8960K, reserved 1056768K
  class space    used 649K, capacity 690K, committed 768K, reserved 1048576K
}
Event: 1.516 GC heap before
{Heap before GC invocations=11 (full 0):
 PSYoungGen      total 249344K, used 248960K [0x000000076b800000, 0x0000000785000000, 0x00000007c0000000)
  eden space 248832K, 100% used [0x000000076b800000,0x000000077ab00000,0x000000077ab00000)
  from space 512K, 25% used [0x0000000784f80000,0x0000000784fa0000,0x0000000785000000)
  to   space 2560K, 0% used [0x0000000784b00000,0x0000000784b00000,0x0000000784d80000)
 ParOldGen       total 173568K, used 1677K [0x00000006c2800000, 0x00000006cd180000, 0x000000076b800000)
  object space 173568K, 0% used [0x00000006c2800000,0x00000006c29a3780,0x00000006cd180000)
 Metaspace       used 8091K, capacity 8646K, committed 8960K, reserved 1056768K
  class space    used 649K, capacity 690K, committed 768K, reserved 1048576K
Event: 1.517 GC heap after
Heap after GC invocations=11 (full 0):
 PSYoungGen      total 241664K, used 224K [0x000000076b800000, 0x0000000785000000, 0x00000007c0000000)
  eden space 239104K, 0% used [0x000000076b800000,0x000000076b800000,0x000000077a180000)
  from space 2560K, 8% used [0x0000000784b00000,0x0000000784b38000,0x0000000784d80000)
  to   space 2560K, 0% used [0x0000000784d80000,0x0000000784d80000,0x0000000785000000)
 ParOldGen       total 173568K, used 1677K [0x00000006c2800000, 0x00000006cd180000, 0x000000076b800000)
  object space 173568K, 0% used [0x00000006c2800000,0x00000006c29a3780,0x00000006cd180000)
 Metaspace       used 8091K, capacity 8646K, committed 8960K, reserved 1056768K
  class space    used 649K, capacity 690K, committed 768K, reserved 1048576K
}

