# JRE version: Java(TM) SE Runtime Environment (8.0_65-b17) (build 1.8.0_65-b17)
# Java VM: Java HotSpot(TM) 64-Bit Server VM (25.65-b01 mixed mode windows-amd64 compressed oops)
Heap:
 PSYoungGen      total 1058816K, used 560001K [0x000000076b800000, 0x00000007bff80000, 0x00000007c0000000)
  eden space 1043968K, 53% used [0x000000076b800000,0x000000078daa8630,0x00000007ab380000)
  from space 14848K, 1% used [0x00000007ab380000,0x00000007ab3b8000,0x00000007ac200000)
  to   space 14336K, 0% used [0x00000007bf180000,0x00000007bf180000,0x00000007bff80000)
 ParOldGen       total 173568K, used 36908K [0x00000006c2800000, 0x00000006cd180000, 0x000000076b800000)
  object space 173568K, 21% used [0x00000006c2800000,0x00000006c4c0b2e8,0x00000006cd180000)
 Metaspace       used 8310K, capacity 8710K, committed 8960K, reserved 1056768K
  class space    used 658K, capacity 690K, committed 768K, reserved 1048576K
GC Heap History (10 events):
Event: 1.552 GC heap before
{Heap before GC invocations=11 (full 0):
 PSYoungGen      total 415232K, used 415215K [0x000000076b800000, 0x0000000786e80000, 0x00000007c0000000)
  eden space 407552K, 100% used [0x000000076b800000,0x0000000784600000,0x0000000784600000)
  from space 7680K, 99% used [0x0000000785600000,0x0000000785d7bc08,0x0000000785d80000)
  to   space 16384K, 0% used [0x0000000784600000,0x0000000784600000,0x0000000785600000)
 ParOldGen       total 173568K, used 32231K [0x00000006c2800000, 0x00000006cd180000, 0x000000076b800000)
  object space 173568K, 18% used [0x00000006c2800000,0x00000006c4779e88,0x00000006cd180000)
 Metaspace       used 8259K, capacity 8646K, committed 8960K, reserved 1056768K
  class space    used 658K, capacity 690K, committed 768K, reserved 1048576K
Event: 1.559 GC heap after
Heap after GC invocations=11 (full 0):
 PSYoungGen      total 423936K, used 160K [0x000000076b800000, 0x0000000795400000, 0x00000007c0000000)
  eden space 407552K, 0% used [0x000000076b800000,0x000000076b800000,0x0000000784600000)
  from space 16384K, 0% used [0x0000000784600000,0x0000000784628000,0x0000000785600000)
  to   space 15872K, 0% used [0x0000000794480000,0x0000000794480000,0x0000000795400000)
 ParOldGen       total 173568K, used 36812K [0x00000006c2800000, 0x00000006cd180000, 0x000000076b800000)
  object space 173568K, 21% used [0x00000006c2800000,0x00000006c4bf32e8,0x00000006cd180000)
 Metaspace       used 8259K, capacity 8646K, committed 8960K, reserved 1056768K
  class space    used 658K, capacity 690K, committed 768K, reserved 1048576K
}
Event: 1.864 GC heap before
{Heap before GC invocations=12 (full 0):
 PSYoungGen      total 423936K, used 407712K [0x000000076b800000, 0x0000000795400000, 0x00000007c0000000)
  eden space 407552K, 100% used [0x000000076b800000,0x0000000784600000,0x0000000784600000)
  from space 16384K, 0% used [0x0000000784600000,0x0000000784628000,0x0000000785600000)
  to   space 15872K, 0% used [0x0000000794480000,0x0000000794480000,0x0000000795400000)
 ParOldGen       total 173568K, used 36812K [0x00000006c2800000, 0x00000006cd180000, 0x000000076b800000)
  object space 173568K, 21% used [0x00000006c2800000,0x00000006c4bf32e8,0x00000006cd180000)
 Metaspace       used 8261K, capacity 8646K, committed 8960K, reserved 1056768K
  class space    used 658K, capacity 690K, committed 768K, reserved 1048576K
Event: 1.864 GC heap after
Heap after GC invocations=12 (full 0):
 PSYoungGen      total 668160K, used 128K [0x000000076b800000, 0x0000000795400000, 0x00000007c0000000)
  eden space 652288K, 0% used [0x000000076b800000,0x000000076b800000,0x0000000793500000)
  from space 15872K, 0% used [0x0000000794480000,0x00000007944a0000,0x0000000795400000)
  to   space 15872K, 0% used [0x0000000793500000,0x0000000793500000,0x0000000794480000)
 ParOldGen       total 173568K, used 36836K [0x00000006c2800000, 0x00000006cd180000, 0x000000076b800000)
  object space 173568K, 21% used [0x00000006c2800000,0x00000006c4bf92e8,0x00000006cd180000)
 Metaspace       used 8261K, capacity 8646K, committed 8960K, reserved 1056768K
  class space    used 658K, capacity 690K, committed 768K, reserved 1048576K
}
Event: 2.354 GC heap before
{Heap before GC invocations=13 (full 0):
 PSYoungGen      total 668160K, used 652416K [0x000000076b800000, 0x0000000795400000, 0x00000007c0000000)
  eden space 652288K, 100% used [0x000000076b800000,0x0000000793500000,0x0000000793500000)
  from space 15872K, 0% used [0x0000000794480000,0x00000007944a0000,0x0000000795400000)
  to   space 15872K, 0% used [0x0000000793500000,0x0000000793500000,0x0000000794480000)
 ParOldGen       total 173568K, used 36836K [0x00000006c2800000, 0x00000006cd180000, 0x000000076b800000)
  object space 173568K, 21% used [0x00000006c2800000,0x00000006c4bf92e8,0x00000006cd180000)
 Metaspace       used 8276K, capacity 8646K, committed 8960K, reserved 1056768K
  class space    used 658K, capacity 690K, committed 768K, reserved 1048576K
Event: 2.355 GC heap after
Heap after GC invocations=13 (full 0):
 PSYoungGen      total 668160K, used 224K [0x000000076b800000, 0x00000007ad180000, 0x00000007c0000000)
  eden space 652288K, 0% used [0x000000076b800000,0x000000076b800000,0x0000000793500000)
  from space 15872K, 1% used [0x0000000793500000,0x0000000793538000,0x0000000794480000)
  to   space 15360K, 0% used [0x00000007ac280000,0x00000007ac280000,0x00000007ad180000)
 ParOldGen       total 173568K, used 36852K [0x00000006c2800000, 0x00000006cd180000, 0x000000076b800000)
  object space 173568K, 21% used [0x00000006c2800000,0x00000006c4bfd2e8,0x00000006cd180000)
 Metaspace       used 8276K, capacity 8646K, committed 8960K, reserved 1056768K
  class space    used 658K, capacity 690K, committed 768K, reserved 1048576K
}
Event: 2.883 GC heap before
{Heap before GC invocations=14 (full 0):
 PSYoungGen      total 668160K, used 652512K [0x000000076b800000, 0x00000007ad180000, 0x00000007c0000000)
  eden space 652288K, 100% used [0x000000076b800000,0x0000000793500000,0x0000000793500000)
  from space 15872K, 1% used [0x0000000793500000,0x0000000793538000,0x0000000794480000)
  to   space 15360K, 0% used [0x00000007ac280000,0x00000007ac280000,0x00000007ad180000)
 ParOldGen       total 173568K, used 36852K [0x00000006c2800000, 0x00000006cd180000, 0x000000076b800000)
  object space 173568K, 21% used [0x00000006c2800000,0x00000006c4bfd2e8,0x00000006cd180000)
 Metaspace       used 8296K, capacity 8710K, committed 8960K, reserved 1056768K
  class space    used 658K, capacity 690K, committed 768K, reserved 1048576K
Event: 2.884 GC heap after
Heap after GC invocations=14 (full 0):
 PSYoungGen      total 1058304K, used 192K [0x000000076b800000, 0x00000007ad080000, 0x00000007c0000000)
  eden space 1043968K, 0% used [0x000000076b800000,0x000000076b800000,0x00000007ab380000)
  from space 14336K, 1% used [0x00000007ac280000,0x00000007ac2b0000,0x00000007ad080000)
  to   space 14848K, 0% used [0x00000007ab380000,0x00000007ab380000,0x00000007ac200000)
 ParOldGen       total 173568K, used 36868K [0x00000006c2800000, 0x00000006cd180000, 0x000000076b800000)
  object space 173568K, 21% used [0x00000006c2800000,0x00000006c4c012e8,0x00000006cd180000)
 Metaspace       used 8296K, capacity 8710K, committed 8960K, reserved 1056768K
  class space    used 658K, capacity 690K, committed 768K, reserved 1048576K
}
Event: 3.702 GC heap before
{Heap before GC invocations=15 (full 0):
 PSYoungGen      total 1058304K, used 1044160K [0x000000076b800000, 0x00000007ad080000, 0x00000007c0000000)
  eden space 1043968K, 100% used [0x000000076b800000,0x00000007ab380000,0x00000007ab380000)
  from space 14336K, 1% used [0x00000007ac280000,0x00000007ac2b0000,0x00000007ad080000)
  to   space 14848K, 0% used [0x00000007ab380000,0x00000007ab380000,0x00000007ac200000)
 ParOldGen       total 173568K, used 36868K [0x00000006c2800000, 0x00000006cd180000, 0x000000076b800000)
  object space 173568K, 21% used [0x00000006c2800000,0x00000006c4c012e8,0x00000006cd180000)
 Metaspace       used 8308K, capacity 8710K, committed 8960K, reserved 1056768K
  class space    used 658K, capacity 690K, committed 768K, reserved 1048576K
Event: 3.703 GC heap after
Heap after GC invocations=15 (full 0):
 PSYoungGen      total 1058816K, used 224K [0x000000076b800000, 0x00000007bff80000, 0x00000007c0000000)
  eden space 1043968K, 0% used [0x000000076b800000,0x000000076b800000,0x00000007ab380000)
  from space 14848K, 1% used [0x00000007ab380000,0x00000007ab3b8000,0x00000007ac200000)
  to   space 14336K, 0% used [0x00000007bf180000,0x00000007bf180000,0x00000007bff80000)
 ParOldGen       total 173568K, used 36908K [0x00000006c2800000, 0x00000006cd180000, 0x000000076b800000)
  object space 173568K, 21% used [0x00000006c2800000,0x00000006c4c0b2e8,0x00000006cd180000)
 Metaspace       used 8308K, capacity 8710K, committed 8960K, reserved 1056768K
  class space    used 658K, capacity 690K, committed 768K, reserved 1048576K
}

