# JRE version: Java(TM) SE Runtime Environment (8.0_65-b17) (build 1.8.0_65-b17)
# Java VM: Java HotSpot(TM) 64-Bit Server VM (25.65-b01 mixed mode windows-amd64 compressed oops)
Heap:
 PSYoungGen      total 934912K, used 841557K [0x000000076b800000, 0x00000007bd500000, 0x00000007c0000000)
  eden space 934400K, 90% used [0x000000076b800000,0x000000079ed95518,0x00000007a4880000)
  from space 512K, 50% used [0x00000007bd480000,0x00000007bd4c0000,0x00000007bd500000)
  to   space 9216K, 0% used [0x00000007bc300000,0x00000007bc300000,0x00000007bcc00000)
 ParOldGen       total 173568K, used 26185K [0x00000006c2800000, 0x00000006cd180000, 0x000000076b800000)
  object space 173568K, 15% used [0x00000006c2800000,0x00000006c41927a8,0x00000006cd180000)
 Metaspace       used 8401K, capacity 8774K, committed 8960K, reserved 1056768K
  class space    used 662K, capacity 690K, committed 768K, reserved 1048576K
GC Heap History (10 events):
Event: 7.191 GC heap before
{Heap before GC invocations=16 (full 0):
 PSYoungGen      total 1200128K, used 1188064K [0x000000076b800000, 0x00000007bf300000, 0x00000007c0000000)
  eden space 1187840K, 100% used [0x000000076b800000,0x00000007b4000000,0x00000007b4000000)
  from space 12288K, 1% used [0x00000007bdb00000,0x00000007bdb38000,0x00000007be700000)
  to   space 11776K, 0% used [0x00000007be780000,0x00000007be780000,0x00000007bf300000)
 ParOldGen       total 173568K, used 26137K [0x00000006c2800000, 0x00000006cd180000, 0x000000076b800000)
  object space 173568K, 15% used [0x00000006c2800000,0x00000006c41867a8,0x00000006cd180000)
 Metaspace       used 8392K, capacity 8774K, committed 8960K, reserved 1056768K
  class space    used 661K, capacity 690K, committed 768K, reserved 1048576K
Event: 7.192 GC heap after
Heap after GC invocations=16 (full 0):
 PSYoungGen      total 1132544K, used 192K [0x000000076b800000, 0x00000007be800000, 0x00000007c0000000)
  eden space 1132032K, 0% used [0x000000076b800000,0x000000076b800000,0x00000007b0980000)
  from space 512K, 37% used [0x00000007be780000,0x00000007be7b0000,0x00000007be800000)
  to   space 11264K, 0% used [0x00000007bd200000,0x00000007bd200000,0x00000007bdd00000)
 ParOldGen       total 173568K, used 26145K [0x00000006c2800000, 0x00000006cd180000, 0x000000076b800000)
  object space 173568K, 15% used [0x00000006c2800000,0x00000006c41887a8,0x00000006cd180000)
 Metaspace       used 8392K, capacity 8774K, committed 8960K, reserved 1056768K
  class space    used 661K, capacity 690K, committed 768K, reserved 1048576K
}
Event: 8.017 GC heap before
{Heap before GC invocations=17 (full 0):
 PSYoungGen      total 1132544K, used 1132224K [0x000000076b800000, 0x00000007be800000, 0x00000007c0000000)
  eden space 1132032K, 100% used [0x000000076b800000,0x00000007b0980000,0x00000007b0980000)
  from space 512K, 37% used [0x00000007be780000,0x00000007be7b0000,0x00000007be800000)
  to   space 11264K, 0% used [0x00000007bd200000,0x00000007bd200000,0x00000007bdd00000)
 ParOldGen       total 173568K, used 26145K [0x00000006c2800000, 0x00000006cd180000, 0x000000076b800000)
  object space 173568K, 15% used [0x00000006c2800000,0x00000006c41887a8,0x00000006cd180000)
 Metaspace       used 8399K, capacity 8774K, committed 8960K, reserved 1056768K
  class space    used 661K, capacity 690K, committed 768K, reserved 1048576K
Event: 8.018 GC heap after
Heap after GC invocations=17 (full 0):
 PSYoungGen      total 1090048K, used 224K [0x000000076b800000, 0x00000007be800000, 0x00000007c0000000)
  eden space 1078784K, 0% used [0x000000076b800000,0x000000076b800000,0x00000007ad580000)
  from space 11264K, 1% used [0x00000007bd200000,0x00000007bd238000,0x00000007bdd00000)
  to   space 10752K, 0% used [0x00000007bdd80000,0x00000007bdd80000,0x00000007be800000)
 ParOldGen       total 173568K, used 26145K [0x00000006c2800000, 0x00000006cd180000, 0x000000076b800000)
  object space 173568K, 15% used [0x00000006c2800000,0x00000006c41887a8,0x00000006cd180000)
 Metaspace       used 8399K, capacity 8774K, committed 8960K, reserved 1056768K
  class space    used 661K, capacity 690K, committed 768K, reserved 1048576K
}
Event: 8.823 GC heap before
{Heap before GC invocations=18 (full 0):
 PSYoungGen      total 1090048K, used 1079008K [0x000000076b800000, 0x00000007be800000, 0x00000007c0000000)
  eden space 1078784K, 100% used [0x000000076b800000,0x00000007ad580000,0x00000007ad580000)
  from space 11264K, 1% used [0x00000007bd200000,0x00000007bd238000,0x00000007bdd00000)
  to   space 10752K, 0% used [0x00000007bdd80000,0x00000007bdd80000,0x00000007be800000)
 ParOldGen       total 173568K, used 26145K [0x00000006c2800000, 0x00000006cd180000, 0x000000076b800000)
  object space 173568K, 15% used [0x00000006c2800000,0x00000006c41887a8,0x00000006cd180000)
 Metaspace       used 8399K, capacity 8774K, committed 8960K, reserved 1056768K
  class space    used 662K, capacity 690K, committed 768K, reserved 1048576K
Event: 8.824 GC heap after
Heap after GC invocations=18 (full 0):
 PSYoungGen      total 1028608K, used 128K [0x000000076b800000, 0x00000007bde00000, 0x00000007c0000000)
  eden space 1028096K, 0% used [0x000000076b800000,0x000000076b800000,0x00000007aa400000)
  from space 512K, 25% used [0x00000007bdd80000,0x00000007bdda0000,0x00000007bde00000)
  to   space 10240K, 0% used [0x00000007bca00000,0x00000007bca00000,0x00000007bd400000)
 ParOldGen       total 173568K, used 26145K [0x00000006c2800000, 0x00000006cd180000, 0x000000076b800000)
  object space 173568K, 15% used [0x00000006c2800000,0x00000006c41887a8,0x00000006cd180000)
 Metaspace       used 8399K, capacity 8774K, committed 8960K, reserved 1056768K
  class space    used 662K, capacity 690K, committed 768K, reserved 1048576K
}
Event: 9.572 GC heap before
{Heap before GC invocations=19 (full 0):
 PSYoungGen      total 1028608K, used 1028224K [0x000000076b800000, 0x00000007bde00000, 0x00000007c0000000)
  eden space 1028096K, 100% used [0x000000076b800000,0x00000007aa400000,0x00000007aa400000)
  from space 512K, 25% used [0x00000007bdd80000,0x00000007bdda0000,0x00000007bde00000)
  to   space 10240K, 0% used [0x00000007bca00000,0x00000007bca00000,0x00000007bd400000)
 ParOldGen       total 173568K, used 26145K [0x00000006c2800000, 0x00000006cd180000, 0x000000076b800000)
  object space 173568K, 15% used [0x00000006c2800000,0x00000006c41887a8,0x00000006cd180000)
 Metaspace       used 8399K, capacity 8774K, committed 8960K, reserved 1056768K
  class space    used 662K, capacity 690K, committed 768K, reserved 1048576K
Event: 9.572 GC heap after
Heap after GC invocations=19 (full 0):
 PSYoungGen      total 990208K, used 160K [0x000000076b800000, 0x00000007bde00000, 0x00000007c0000000)
  eden space 979968K, 0% used [0x000000076b800000,0x000000076b800000,0x00000007a7500000)
  from space 10240K, 1% used [0x00000007bca00000,0x00000007bca28000,0x00000007bd400000)
  to   space 9728K, 0% used [0x00000007bd480000,0x00000007bd480000,0x00000007bde00000)
 ParOldGen       total 173568K, used 26161K [0x00000006c2800000, 0x00000006cd180000, 0x000000076b800000)
  object space 173568K, 15% used [0x00000006c2800000,0x00000006c418c7a8,0x00000006cd180000)
 Metaspace       used 8399K, capacity 8774K, committed 8960K, reserved 1056768K
  class space    used 662K, capacity 690K, committed 768K, reserved 1048576K
}
Event: 10.282 GC heap before
{Heap before GC invocations=20 (full 0):
 PSYoungGen      total 990208K, used 980128K [0x000000076b800000, 0x00000007bde00000, 0x00000007c0000000)
  eden space 979968K, 100% used [0x000000076b800000,0x00000007a7500000,0x00000007a7500000)
  from space 10240K, 1% used [0x00000007bca00000,0x00000007bca28000,0x00000007bd400000)
  to   space 9728K, 0% used [0x00000007bd480000,0x00000007bd480000,0x00000007bde00000)
 ParOldGen       total 173568K, used 26161K [0x00000006c2800000, 0x00000006cd180000, 0x000000076b800000)
  object space 173568K, 15% used [0x00000006c2800000,0x00000006c418c7a8,0x00000006cd180000)
 Metaspace       used 8400K, capacity 8774K, committed 8960K, reserved 1056768K
  class space    used 662K, capacity 690K, committed 768K, reserved 1048576K
Event: 10.283 GC heap after
Heap after GC invocations=20 (full 0):
 PSYoungGen      total 934912K, used 256K [0x000000076b800000, 0x00000007bd500000, 0x00000007c0000000)
  eden space 934400K, 0% used [0x000000076b800000,0x000000076b800000,0x00000007a4880000)
  from space 512K, 50% used [0x00000007bd480000,0x00000007bd4c0000,0x00000007bd500000)
  to   space 9216K, 0% used [0x00000007bc300000,0x00000007bc300000,0x00000007bcc00000)
 ParOldGen       total 173568K, used 26185K [0x00000006c2800000, 0x00000006cd180000, 0x000000076b800000)
  object space 173568K, 15% used [0x00000006c2800000,0x00000006c41927a8,0x00000006cd180000)
 Metaspace       used 8400K, capacity 8774K, committed 8960K, reserved 1056768K
  class space    used 662K, capacity 690K, committed 768K, reserved 1048576K
}

