# JRE version: Java(TM) SE Runtime Environment (8.0_65-b17) (build 1.8.0_65-b17)
# Java VM: Java HotSpot(TM) 64-Bit Server VM (25.65-b01 mixed mode windows-amd64 compressed oops)
Heap:
 PSYoungGen      total 107520K, used 46156K [0x000000076b800000, 0x000000079c500000, 0x00000007c0000000)
  eden space 107008K, 43% used [0x000000076b800000,0x000000076e50b1d0,0x0000000772080000)
  from space 512K, 6% used [0x000000079c480000,0x000000079c488000,0x000000079c500000)
  to   space 512K, 0% used [0x000000079c400000,0x000000079c400000,0x000000079c480000)
 ParOldGen       total 173568K, used 5479K [0x00000006c2800000, 0x00000006cd180000, 0x000000076b800000)
  object space 173568K, 3% used [0x00000006c2800000,0x00000006c2d59f40,0x00000006cd180000)
 Metaspace       used 8302K, capacity 8710K, committed 8960K, reserved 1056768K
  class space    used 655K, capacity 690K, committed 768K, reserved 1048576K
GC Heap History (10 events):
Event: 19.698 GC heap before
{Heap before GC invocations=282 (full 0):
 PSYoungGen      total 99840K, used 99552K [0x000000076b800000, 0x000000079c500000, 0x00000007c0000000)
  eden space 99328K, 100% used [0x000000076b800000,0x0000000771900000,0x0000000771900000)
  from space 512K, 43% used [0x000000079c400000,0x000000079c438000,0x000000079c480000)
  to   space 512K, 0% used [0x000000079c480000,0x000000079c480000,0x000000079c500000)
 ParOldGen       total 173568K, used 5455K [0x00000006c2800000, 0x00000006cd180000, 0x000000076b800000)
  object space 173568K, 3% used [0x00000006c2800000,0x00000006c2d53f40,0x00000006cd180000)
 Metaspace       used 8302K, capacity 8710K, committed 8960K, reserved 1056768K
  class space    used 655K, capacity 690K, committed 768K, reserved 1048576K
Event: 19.698 GC heap after
Heap after GC invocations=282 (full 0):
 PSYoungGen      total 97280K, used 160K [0x000000076b800000, 0x000000079c500000, 0x00000007c0000000)
  eden space 96768K, 0% used [0x000000076b800000,0x000000076b800000,0x0000000771680000)
  from space 512K, 31% used [0x000000079c480000,0x000000079c4a8000,0x000000079c500000)
  to   space 512K, 0% used [0x000000079c400000,0x000000079c400000,0x000000079c480000)
 ParOldGen       total 173568K, used 5455K [0x00000006c2800000, 0x00000006cd180000, 0x000000076b800000)
  object space 173568K, 3% used [0x00000006c2800000,0x00000006c2d53f40,0x00000006cd180000)
 Metaspace       used 8302K, capacity 8710K, committed 8960K, reserved 1056768K
  class space    used 655K, capacity 690K, committed 768K, reserved 1048576K
}
Event: 19.754 GC heap before
{Heap before GC invocations=283 (full 0):
 PSYoungGen      total 97280K, used 96928K [0x000000076b800000, 0x000000079c500000, 0x00000007c0000000)
  eden space 96768K, 100% used [0x000000076b800000,0x0000000771680000,0x0000000771680000)
  from space 512K, 31% used [0x000000079c480000,0x000000079c4a8000,0x000000079c500000)
  to   space 512K, 0% used [0x000000079c400000,0x000000079c400000,0x000000079c480000)
 ParOldGen       total 173568K, used 5455K [0x00000006c2800000, 0x00000006cd180000, 0x000000076b800000)
  object space 173568K, 3% used [0x00000006c2800000,0x00000006c2d53f40,0x00000006cd180000)
 Metaspace       used 8302K, capacity 8710K, committed 8960K, reserved 1056768K
  class space    used 655K, capacity 690K, committed 768K, reserved 1048576K
Event: 19.754 GC heap after
Heap after GC invocations=283 (full 0):
 PSYoungGen      total 94720K, used 160K [0x000000076b800000, 0x000000079c500000, 0x00000007c0000000)
  eden space 94208K, 0% used [0x000000076b800000,0x000000076b800000,0x0000000771400000)
  from space 512K, 31% used [0x000000079c400000,0x000000079c428000,0x000000079c480000)
  to   space 512K, 0% used [0x000000079c480000,0x000000079c480000,0x000000079c500000)
 ParOldGen       total 173568K, used 5455K [0x00000006c2800000, 0x00000006cd180000, 0x000000076b800000)
  object space 173568K, 3% used [0x00000006c2800000,0x00000006c2d53f40,0x00000006cd180000)
 Metaspace       used 8302K, capacity 8710K, committed 8960K, reserved 1056768K
  class space    used 655K, capacity 690K, committed 768K, reserved 1048576K
}
Event: 19.795 GC heap before
{Heap before GC invocations=284 (full 0):
 PSYoungGen      total 94720K, used 94368K [0x000000076b800000, 0x000000079c500000, 0x00000007c0000000)
  eden space 94208K, 100% used [0x000000076b800000,0x0000000771400000,0x0000000771400000)
  from space 512K, 31% used [0x000000079c400000,0x000000079c428000,0x000000079c480000)
  to   space 512K, 0% used [0x000000079c480000,0x000000079c480000,0x000000079c500000)
 ParOldGen       total 173568K, used 5455K [0x00000006c2800000, 0x00000006cd180000, 0x000000076b800000)
  object space 173568K, 3% used [0x00000006c2800000,0x00000006c2d53f40,0x00000006cd180000)
 Metaspace       used 8302K, capacity 8710K, committed 8960K, reserved 1056768K
  class space    used 655K, capacity 690K, committed 768K, reserved 1048576K
Event: 19.795 GC heap after
Heap after GC invocations=284 (full 0):
 PSYoungGen      total 92160K, used 96K [0x000000076b800000, 0x000000079c500000, 0x00000007c0000000)
  eden space 91648K, 0% used [0x000000076b800000,0x000000076b800000,0x0000000771180000)
  from space 512K, 18% used [0x000000079c480000,0x000000079c498000,0x000000079c500000)
  to   space 512K, 0% used [0x000000079c400000,0x000000079c400000,0x000000079c480000)
 ParOldGen       total 173568K, used 5455K [0x00000006c2800000, 0x00000006cd180000, 0x000000076b800000)
  object space 173568K, 3% used [0x00000006c2800000,0x00000006c2d53f40,0x00000006cd180000)
 Metaspace       used 8302K, capacity 8710K, committed 8960K, reserved 1056768K
  class space    used 655K, capacity 690K, committed 768K, reserved 1048576K
}
Event: 19.840 GC heap before
{Heap before GC invocations=285 (full 0):
 PSYoungGen      total 92160K, used 91744K [0x000000076b800000, 0x000000079c500000, 0x00000007c0000000)
  eden space 91648K, 100% used [0x000000076b800000,0x0000000771180000,0x0000000771180000)
  from space 512K, 18% used [0x000000079c480000,0x000000079c498000,0x000000079c500000)
  to   space 512K, 0% used [0x000000079c400000,0x000000079c400000,0x000000079c480000)
 ParOldGen       total 173568K, used 5455K [0x00000006c2800000, 0x00000006cd180000, 0x000000076b800000)
  object space 173568K, 3% used [0x00000006c2800000,0x00000006c2d53f40,0x00000006cd180000)
 Metaspace       used 8302K, capacity 8710K, committed 8960K, reserved 1056768K
  class space    used 655K, capacity 690K, committed 768K, reserved 1048576K
Event: 19.841 GC heap after
Heap after GC invocations=285 (full 0):
 PSYoungGen      total 110592K, used 128K [0x000000076b800000, 0x000000079c500000, 0x00000007c0000000)
  eden space 110080K, 0% used [0x000000076b800000,0x000000076b800000,0x0000000772380000)
  from space 512K, 25% used [0x000000079c400000,0x000000079c420000,0x000000079c480000)
  to   space 512K, 0% used [0x000000079c480000,0x000000079c480000,0x000000079c500000)
 ParOldGen       total 173568K, used 5455K [0x00000006c2800000, 0x00000006cd180000, 0x000000076b800000)
  object space 173568K, 3% used [0x00000006c2800000,0x00000006c2d53f40,0x00000006cd180000)
 Metaspace       used 8302K, capacity 8710K, committed 8960K, reserved 1056768K
  class space    used 655K, capacity 690K, committed 768K, reserved 1048576K
}
Event: 19.906 GC heap before
{Heap before GC invocations=286 (full 0):
 PSYoungGen      total 110592K, used 110208K [0x000000076b800000, 0x000000079c500000, 0x00000007c0000000)
  eden space 110080K, 100% used [0x000000076b800000,0x0000000772380000,0x0000000772380000)
  from space 512K, 25% used [0x000000079c400000,0x000000079c420000,0x000000079c480000)
  to   space 512K, 0% used [0x000000079c480000,0x000000079c480000,0x000000079c500000)
 ParOldGen       total 173568K, used 5455K [0x00000006c2800000, 0x00000006cd180000, 0x000000076b800000)
  object space 173568K, 3% used [0x00000006c2800000,0x00000006c2d53f40,0x00000006cd180000)
 Metaspace       used 8302K, capacity 8710K, committed 8960K, reserved 1056768K
  class space    used 655K, capacity 690K, committed 768K, reserved 1048576K
Event: 19.907 GC heap after
Heap after GC invocations=286 (full 0):
 PSYoungGen      total 107520K, used 32K [0x000000076b800000, 0x000000079c500000, 0x00000007c0000000)
  eden space 107008K, 0% used [0x000000076b800000,0x000000076b800000,0x0000000772080000)
  from space 512K, 6% used [0x000000079c480000,0x000000079c488000,0x000000079c500000)
  to   space 512K, 0% used [0x000000079c400000,0x000000079c400000,0x000000079c480000)
 ParOldGen       total 173568K, used 5479K [0x00000006c2800000, 0x00000006cd180000, 0x000000076b800000)
  object space 173568K, 3% used [0x00000006c2800000,0x00000006c2d59f40,0x00000006cd180000)
 Metaspace       used 8302K, capacity 8710K, committed 8960K, reserved 1056768K
  class space    used 655K, capacity 690K, committed 768K, reserved 1048576K
}

