# JRE version: Java(TM) SE Runtime Environment (8.0_65-b17) (build 1.8.0_65-b17)
# Java VM: Java HotSpot(TM) 64-Bit Server VM (25.65-b01 mixed mode windows-amd64 compressed oops)
Heap:
 PSYoungGen      total 1290240K, used 961221K [0x000000076b800000, 0x00000007bf180000, 0x00000007c0000000)
  eden space 1289728K, 74% used [0x000000076b800000,0x00000007a6279530,0x00000007ba380000)
  from space 512K, 43% used [0x00000007be280000,0x00000007be2b8000,0x00000007be300000)
  to   space 13824K, 0% used [0x00000007be400000,0x00000007be400000,0x00000007bf180000)
 ParOldGen       total 173568K, used 30360K [0x00000006c2800000, 0x00000006cd180000, 0x000000076b800000)
  object space 173568K, 17% used [0x00000006c2800000,0x00000006c45a6070,0x00000006cd180000)
 Metaspace       used 8338K, capacity 8710K, committed 8960K, reserved 1056768K
  class space    used 658K, capacity 690K, committed 768K, reserved 1048576K
GC Heap History (10 events):
Event: 2.511 GC heap before
{Heap before GC invocations=11 (full 0):
 PSYoungGen      total 829952K, used 815584K [0x000000076b800000, 0x000000079f280000, 0x00000007c0000000)
  eden space 814592K, 100% used [0x000000076b800000,0x000000079d380000,0x000000079d380000)
  from space 15360K, 6% used [0x000000079e380000,0x000000079e478000,0x000000079f280000)
  to   space 15872K, 0% used [0x000000079d380000,0x000000079d380000,0x000000079e300000)
 ParOldGen       total 173568K, used 29456K [0x00000006c2800000, 0x00000006cd180000, 0x000000076b800000)
  object space 173568K, 16% used [0x00000006c2800000,0x00000006c44c4070,0x00000006cd180000)
 Metaspace       used 8269K, capacity 8646K, committed 8960K, reserved 1056768K
  class space    used 658K, capacity 690K, committed 768K, reserved 1048576K
Event: 2.513 GC heap after
Heap after GC invocations=11 (full 0):
 PSYoungGen      total 830464K, used 160K [0x000000076b800000, 0x00000007bd000000, 0x00000007c0000000)
  eden space 814592K, 0% used [0x000000076b800000,0x000000076b800000,0x000000079d380000)
  from space 15872K, 1% used [0x000000079d380000,0x000000079d3a8000,0x000000079e300000)
  to   space 15872K, 0% used [0x00000007bc080000,0x00000007bc080000,0x00000007bd000000)
 ParOldGen       total 173568K, used 30320K [0x00000006c2800000, 0x00000006cd180000, 0x000000076b800000)
  object space 173568K, 17% used [0x00000006c2800000,0x00000006c459c070,0x00000006cd180000)
 Metaspace       used 8269K, capacity 8646K, committed 8960K, reserved 1056768K
  class space    used 658K, capacity 690K, committed 768K, reserved 1048576K
}
Event: 3.142 GC heap before
{Heap before GC invocations=12 (full 0):
 PSYoungGen      total 830464K, used 814752K [0x000000076b800000, 0x00000007bd000000, 0x00000007c0000000)
  eden space 814592K, 100% used [0x000000076b800000,0x000000079d380000,0x000000079d380000)
  from space 15872K, 1% used [0x000000079d380000,0x000000079d3a8000,0x000000079e300000)
  to   space 15872K, 0% used [0x00000007bc080000,0x00000007bc080000,0x00000007bd000000)
 ParOldGen       total 173568K, used 30320K [0x00000006c2800000, 0x00000006cd180000, 0x000000076b800000)
  object space 173568K, 17% used [0x00000006c2800000,0x00000006c459c070,0x00000006cd180000)
 Metaspace       used 8290K, capacity 8710K, committed 8960K, reserved 1056768K
  class space    used 658K, capacity 690K, committed 768K, reserved 1048576K
Event: 3.142 GC heap after
Heap after GC invocations=12 (full 0):
 PSYoungGen      total 1318400K, used 96K [0x000000076b800000, 0x00000007bcf00000, 0x00000007c0000000)
  eden space 1303552K, 0% used [0x000000076b800000,0x000000076b800000,0x00000007bb100000)
  from space 14848K, 0% used [0x00000007bc080000,0x00000007bc098000,0x00000007bcf00000)
  to   space 15360K, 0% used [0x00000007bb100000,0x00000007bb100000,0x00000007bc000000)
 ParOldGen       total 173568K, used 30328K [0x00000006c2800000, 0x00000006cd180000, 0x000000076b800000)
  object space 173568K, 17% used [0x00000006c2800000,0x00000006c459e070,0x00000006cd180000)
 Metaspace       used 8290K, capacity 8710K, committed 8960K, reserved 1056768K
  class space    used 658K, capacity 690K, committed 768K, reserved 1048576K
}
Event: 4.175 GC heap before
{Heap before GC invocations=13 (full 0):
 PSYoungGen      total 1318400K, used 1303648K [0x000000076b800000, 0x00000007bcf00000, 0x00000007c0000000)
  eden space 1303552K, 100% used [0x000000076b800000,0x00000007bb100000,0x00000007bb100000)
  from space 14848K, 0% used [0x00000007bc080000,0x00000007bc098000,0x00000007bcf00000)
  to   space 15360K, 0% used [0x00000007bb100000,0x00000007bb100000,0x00000007bc000000)
 ParOldGen       total 173568K, used 30328K [0x00000006c2800000, 0x00000006cd180000, 0x000000076b800000)
  object space 173568K, 17% used [0x00000006c2800000,0x00000006c459e070,0x00000006cd180000)
 Metaspace       used 8301K, capacity 8710K, committed 8960K, reserved 1056768K
  class space    used 658K, capacity 690K, committed 768K, reserved 1048576K
Event: 4.175 GC heap after
Heap after GC invocations=13 (full 0):
 PSYoungGen      total 1318912K, used 192K [0x000000076b800000, 0x00000007bff80000, 0x00000007c0000000)
  eden space 1303552K, 0% used [0x000000076b800000,0x000000076b800000,0x00000007bb100000)
  from space 15360K, 1% used [0x00000007bb100000,0x00000007bb130000,0x00000007bc000000)
  to   space 14848K, 0% used [0x00000007bf100000,0x00000007bf100000,0x00000007bff80000)
 ParOldGen       total 173568K, used 30360K [0x00000006c2800000, 0x00000006cd180000, 0x000000076b800000)
  object space 173568K, 17% used [0x00000006c2800000,0x00000006c45a6070,0x00000006cd180000)
 Metaspace       used 8301K, capacity 8710K, committed 8960K, reserved 1056768K
  class space    used 658K, capacity 690K, committed 768K, reserved 1048576K
}
Event: 5.217 GC heap before
{Heap before GC invocations=14 (full 0):
 PSYoungGen      total 1318912K, used 1303744K [0x000000076b800000, 0x00000007bff80000, 0x00000007c0000000)
  eden space 1303552K, 100% used [0x000000076b800000,0x00000007bb100000,0x00000007bb100000)
  from space 15360K, 1% used [0x00000007bb100000,0x00000007bb130000,0x00000007bc000000)
  to   space 14848K, 0% used [0x00000007bf100000,0x00000007bf100000,0x00000007bff80000)
 ParOldGen       total 173568K, used 30360K [0x00000006c2800000, 0x00000006cd180000, 0x000000076b800000)
  object space 173568K, 17% used [0x00000006c2800000,0x00000006c45a6070,0x00000006cd180000)
 Metaspace       used 8310K, capacity 8710K, committed 8960K, reserved 1056768K
  class space    used 658K, capacity 690K, committed 768K, reserved 1048576K
Event: 5.218 GC heap after
Heap after GC invocations=14 (full 0):
 PSYoungGen      total 1368064K, used 224K [0x000000076b800000, 0x00000007bfe80000, 0x00000007c0000000)
  eden space 1354240K, 0% used [0x000000076b800000,0x000000076b800000,0x00000007be280000)
  from space 13824K, 1% used [0x00000007bf100000,0x00000007bf138000,0x00000007bfe80000)
  to   space 14336K, 0% used [0x00000007be280000,0x00000007be280000,0x00000007bf080000)
 ParOldGen       total 173568K, used 30360K [0x00000006c2800000, 0x00000006cd180000, 0x000000076b800000)
  object space 173568K, 17% used [0x00000006c2800000,0x00000006c45a6070,0x00000006cd180000)
 Metaspace       used 8310K, capacity 8710K, committed 8960K, reserved 1056768K
  class space    used 658K, capacity 690K, committed 768K, reserved 1048576K
}
Event: 6.272 GC heap before
{Heap before GC invocations=15 (full 0):
 PSYoungGen      total 1368064K, used 1354464K [0x000000076b800000, 0x00000007bfe80000, 0x00000007c0000000)
  eden space 1354240K, 100% used [0x000000076b800000,0x00000007be280000,0x00000007be280000)
  from space 13824K, 1% used [0x00000007bf100000,0x00000007bf138000,0x00000007bfe80000)
  to   space 14336K, 0% used [0x00000007be280000,0x00000007be280000,0x00000007bf080000)
 ParOldGen       total 173568K, used 30360K [0x00000006c2800000, 0x00000006cd180000, 0x000000076b800000)
  object space 173568K, 17% used [0x00000006c2800000,0x00000006c45a6070,0x00000006cd180000)
 Metaspace       used 8326K, capacity 8710K, committed 8960K, reserved 1056768K
  class space    used 658K, capacity 690K, committed 768K, reserved 1048576K
Event: 6.273 GC heap after
Heap after GC invocations=15 (full 0):
 PSYoungGen      total 1290240K, used 224K [0x000000076b800000, 0x00000007bf180000, 0x00000007c0000000)
  eden space 1289728K, 0% used [0x000000076b800000,0x000000076b800000,0x00000007ba380000)
  from space 512K, 43% used [0x00000007be280000,0x00000007be2b8000,0x00000007be300000)
  to   space 13824K, 0% used [0x00000007be400000,0x00000007be400000,0x00000007bf180000)
 ParOldGen       total 173568K, used 30360K [0x00000006c2800000, 0x00000006cd180000, 0x000000076b800000)
  object space 173568K, 17% used [0x00000006c2800000,0x00000006c45a6070,0x00000006cd180000)
 Metaspace       used 8326K, capacity 8710K, committed 8960K, reserved 1056768K
  class space    used 658K, capacity 690K, committed 768K, reserved 1048576K
}

