# JRE version: Java(TM) SE Runtime Environment (8.0_65-b17) (build 1.8.0_65-b17)
# Java VM: Java HotSpot(TM) 64-Bit Server VM (25.65-b01 mixed mode windows-amd64 compressed oops)
Heap:
 PSYoungGen      total 60928K, used 34736K [0x000000076b800000, 0x00000007a5600000, 0x00000007c0000000)
  eden space 60416K, 57% used [0x000000076b800000,0x000000076d9bc1a8,0x000000076f300000)
  from space 512K, 37% used [0x00000007a5500000,0x00000007a5530000,0x00000007a5580000)
  to   space 512K, 0% used [0x00000007a5580000,0x00000007a5580000,0x00000007a5600000)
 ParOldGen       total 173568K, used 32275K [0x00000006c2800000, 0x00000006cd180000, 0x000000076b800000)
  object space 173568K, 18% used [0x00000006c2800000,0x00000006c4784d48,0x00000006cd180000)
 Metaspace       used 8366K, capacity 8774K, committed 8960K, reserved 1056768K
  class space    used 661K, capacity 690K, committed 768K, reserved 1048576K
GC Heap History (10 events):
Event: 54.650 GC heap before
{Heap before GC invocations=607 (full 0):
 PSYoungGen      total 67584K, used 67232K [0x000000076b800000, 0x00000007a5600000, 0x00000007c0000000)
  eden space 67072K, 100% used [0x000000076b800000,0x000000076f980000,0x000000076f980000)
  from space 512K, 31% used [0x00000007a5580000,0x00000007a55a8000,0x00000007a5600000)
  to   space 512K, 0% used [0x00000007a5500000,0x00000007a5500000,0x00000007a5580000)
 ParOldGen       total 173568K, used 32275K [0x00000006c2800000, 0x00000006cd180000, 0x000000076b800000)
  object space 173568K, 18% used [0x00000006c2800000,0x00000006c4784d48,0x00000006cd180000)
 Metaspace       used 8366K, capacity 8774K, committed 8960K, reserved 1056768K
  class space    used 661K, capacity 690K, committed 768K, reserved 1048576K
Event: 54.650 GC heap after
Heap after GC invocations=607 (full 0):
 PSYoungGen      total 66048K, used 224K [0x000000076b800000, 0x00000007a5600000, 0x00000007c0000000)
  eden space 65536K, 0% used [0x000000076b800000,0x000000076b800000,0x000000076f800000)
  from space 512K, 43% used [0x00000007a5500000,0x00000007a5538000,0x00000007a5580000)
  to   space 512K, 0% used [0x00000007a5580000,0x00000007a5580000,0x00000007a5600000)
 ParOldGen       total 173568K, used 32275K [0x00000006c2800000, 0x00000006cd180000, 0x000000076b800000)
  object space 173568K, 18% used [0x00000006c2800000,0x00000006c4784d48,0x00000006cd180000)
 Metaspace       used 8366K, capacity 8774K, committed 8960K, reserved 1056768K
  class space    used 661K, capacity 690K, committed 768K, reserved 1048576K
}
Event: 54.718 GC heap before
{Heap before GC invocations=608 (full 0):
 PSYoungGen      total 66048K, used 65760K [0x000000076b800000, 0x00000007a5600000, 0x00000007c0000000)
  eden space 65536K, 100% used [0x000000076b800000,0x000000076f800000,0x000000076f800000)
  from space 512K, 43% used [0x00000007a5500000,0x00000007a5538000,0x00000007a5580000)
  to   space 512K, 0% used [0x00000007a5580000,0x00000007a5580000,0x00000007a5600000)
 ParOldGen       total 173568K, used 32275K [0x00000006c2800000, 0x00000006cd180000, 0x000000076b800000)
  object space 173568K, 18% used [0x00000006c2800000,0x00000006c4784d48,0x00000006cd180000)
 Metaspace       used 8366K, capacity 8774K, committed 8960K, reserved 1056768K
  class space    used 661K, capacity 690K, committed 768K, reserved 1048576K
Event: 54.719 GC heap after
Heap after GC invocations=608 (full 0):
 PSYoungGen      total 64512K, used 224K [0x000000076b800000, 0x00000007a5600000, 0x00000007c0000000)
  eden space 64000K, 0% used [0x000000076b800000,0x000000076b800000,0x000000076f680000)
  from space 512K, 43% used [0x00000007a5580000,0x00000007a55b8000,0x00000007a5600000)
  to   space 512K, 0% used [0x00000007a5500000,0x00000007a5500000,0x00000007a5580000)
 ParOldGen       total 173568K, used 32275K [0x00000006c2800000, 0x00000006cd180000, 0x000000076b800000)
  object space 173568K, 18% used [0x00000006c2800000,0x00000006c4784d48,0x00000006cd180000)
 Metaspace       used 8366K, capacity 8774K, committed 8960K, reserved 1056768K
  class space    used 661K, capacity 690K, committed 768K, reserved 1048576K
}
Event: 54.785 GC heap before
{Heap before GC invocations=609 (full 0):
 PSYoungGen      total 64512K, used 64224K [0x000000076b800000, 0x00000007a5600000, 0x00000007c0000000)
  eden space 64000K, 100% used [0x000000076b800000,0x000000076f680000,0x000000076f680000)
  from space 512K, 43% used [0x00000007a5580000,0x00000007a55b8000,0x00000007a5600000)
  to   space 512K, 0% used [0x00000007a5500000,0x00000007a5500000,0x00000007a5580000)
 ParOldGen       total 173568K, used 32275K [0x00000006c2800000, 0x00000006cd180000, 0x000000076b800000)
  object space 173568K, 18% used [0x00000006c2800000,0x00000006c4784d48,0x00000006cd180000)
 Metaspace       used 8366K, capacity 8774K, committed 8960K, reserved 1056768K
  class space    used 661K, capacity 690K, committed 768K, reserved 1048576K
Event: 54.786 GC heap after
Heap after GC invocations=609 (full 0):
 PSYoungGen      total 62976K, used 192K [0x000000076b800000, 0x00000007a5600000, 0x00000007c0000000)
  eden space 62464K, 0% used [0x000000076b800000,0x000000076b800000,0x000000076f500000)
  from space 512K, 37% used [0x00000007a5500000,0x00000007a5530000,0x00000007a5580000)
  to   space 512K, 0% used [0x00000007a5580000,0x00000007a5580000,0x00000007a5600000)
 ParOldGen       total 173568K, used 32275K [0x00000006c2800000, 0x00000006cd180000, 0x000000076b800000)
  object space 173568K, 18% used [0x00000006c2800000,0x00000006c4784d48,0x00000006cd180000)
 Metaspace       used 8366K, capacity 8774K, committed 8960K, reserved 1056768K
  class space    used 661K, capacity 690K, committed 768K, reserved 1048576K
}
Event: 54.836 GC heap before
{Heap before GC invocations=610 (full 0):
 PSYoungGen      total 62976K, used 62656K [0x000000076b800000, 0x00000007a5600000, 0x00000007c0000000)
  eden space 62464K, 100% used [0x000000076b800000,0x000000076f500000,0x000000076f500000)
  from space 512K, 37% used [0x00000007a5500000,0x00000007a5530000,0x00000007a5580000)
  to   space 512K, 0% used [0x00000007a5580000,0x00000007a5580000,0x00000007a5600000)
 ParOldGen       total 173568K, used 32275K [0x00000006c2800000, 0x00000006cd180000, 0x000000076b800000)
  object space 173568K, 18% used [0x00000006c2800000,0x00000006c4784d48,0x00000006cd180000)
 Metaspace       used 8366K, capacity 8774K, committed 8960K, reserved 1056768K
  class space    used 661K, capacity 690K, committed 768K, reserved 1048576K
Event: 54.836 GC heap after
Heap after GC invocations=610 (full 0):
 PSYoungGen      total 61952K, used 224K [0x000000076b800000, 0x00000007a5600000, 0x00000007c0000000)
  eden space 61440K, 0% used [0x000000076b800000,0x000000076b800000,0x000000076f400000)
  from space 512K, 43% used [0x00000007a5580000,0x00000007a55b8000,0x00000007a5600000)
  to   space 512K, 0% used [0x00000007a5500000,0x00000007a5500000,0x00000007a5580000)
 ParOldGen       total 173568K, used 32275K [0x00000006c2800000, 0x00000006cd180000, 0x000000076b800000)
  object space 173568K, 18% used [0x00000006c2800000,0x00000006c4784d48,0x00000006cd180000)
 Metaspace       used 8366K, capacity 8774K, committed 8960K, reserved 1056768K
  class space    used 661K, capacity 690K, committed 768K, reserved 1048576K
}
Event: 54.902 GC heap before
{Heap before GC invocations=611 (full 0):
 PSYoungGen      total 61952K, used 61664K [0x000000076b800000, 0x00000007a5600000, 0x00000007c0000000)
  eden space 61440K, 100% used [0x000000076b800000,0x000000076f400000,0x000000076f400000)
  from space 512K, 43% used [0x00000007a5580000,0x00000007a55b8000,0x00000007a5600000)
  to   space 512K, 0% used [0x00000007a5500000,0x00000007a5500000,0x00000007a5580000)
 ParOldGen       total 173568K, used 32275K [0x00000006c2800000, 0x00000006cd180000, 0x000000076b800000)
  object space 173568K, 18% used [0x00000006c2800000,0x00000006c4784d48,0x00000006cd180000)
 Metaspace       used 8366K, capacity 8774K, committed 8960K, reserved 1056768K
  class space    used 661K, capacity 690K, committed 768K, reserved 1048576K
Event: 54.902 GC heap after
Heap after GC invocations=611 (full 0):
 PSYoungGen      total 60928K, used 192K [0x000000076b800000, 0x00000007a5600000, 0x00000007c0000000)
  eden space 60416K, 0% used [0x000000076b800000,0x000000076b800000,0x000000076f300000)
  from space 512K, 37% used [0x00000007a5500000,0x00000007a5530000,0x00000007a5580000)
  to   space 512K, 0% used [0x00000007a5580000,0x00000007a5580000,0x00000007a5600000)
 ParOldGen       total 173568K, used 32275K [0x00000006c2800000, 0x00000006cd180000, 0x000000076b800000)
  object space 173568K, 18% used [0x00000006c2800000,0x00000006c4784d48,0x00000006cd180000)
 Metaspace       used 8366K, capacity 8774K, committed 8960K, reserved 1056768K
  class space    used 661K, capacity 690K, committed 768K, reserved 1048576K
}

