# JRE version: Java(TM) SE Runtime Environment (8.0_65-b17) (build 1.8.0_65-b17)
# Java VM: Java HotSpot(TM) 64-Bit Server VM (25.65-b01 mixed mode windows-amd64 compressed oops)
Heap:
 PSYoungGen      total 66048K, used 57401K [0x000000076b800000, 0x00000007a8500000, 0x00000007c0000000)
  eden space 65536K, 87% used [0x000000076b800000,0x000000076efde5f0,0x000000076f800000)
  from space 512K, 37% used [0x00000007a8400000,0x00000007a8430000,0x00000007a8480000)
  to   space 512K, 0% used [0x00000007a8480000,0x00000007a8480000,0x00000007a8500000)
 ParOldGen       total 173568K, used 20093K [0x00000006c2800000, 0x00000006cd180000, 0x000000076b800000)
  object space 173568K, 11% used [0x00000006c2800000,0x00000006c3b9f6e8,0x00000006cd180000)
 Metaspace       used 8365K, capacity 8774K, committed 8960K, reserved 1056768K
  class space    used 661K, capacity 690K, committed 768K, reserved 1048576K
GC Heap History (10 events):
Event: 34.286 GC heap before
{Heap before GC invocations=285 (full 0):
 PSYoungGen      total 73728K, used 73440K [0x000000076b800000, 0x00000007a8500000, 0x00000007c0000000)
  eden space 73216K, 100% used [0x000000076b800000,0x000000076ff80000,0x000000076ff80000)
  from space 512K, 43% used [0x00000007a8480000,0x00000007a84b8000,0x00000007a8500000)
  to   space 512K, 0% used [0x00000007a8400000,0x00000007a8400000,0x00000007a8480000)
 ParOldGen       total 173568K, used 20069K [0x00000006c2800000, 0x00000006cd180000, 0x000000076b800000)
  object space 173568K, 11% used [0x00000006c2800000,0x00000006c3b996e8,0x00000006cd180000)
 Metaspace       used 8364K, capacity 8774K, committed 8960K, reserved 1056768K
  class space    used 661K, capacity 690K, committed 768K, reserved 1048576K
Event: 34.287 GC heap after
Heap after GC invocations=285 (full 0):
 PSYoungGen      total 72192K, used 192K [0x000000076b800000, 0x00000007a8500000, 0x00000007c0000000)
  eden space 71680K, 0% used [0x000000076b800000,0x000000076b800000,0x000000076fe00000)
  from space 512K, 37% used [0x00000007a8400000,0x00000007a8430000,0x00000007a8480000)
  to   space 512K, 0% used [0x00000007a8480000,0x00000007a8480000,0x00000007a8500000)
 ParOldGen       total 173568K, used 20069K [0x00000006c2800000, 0x00000006cd180000, 0x000000076b800000)
  object space 173568K, 11% used [0x00000006c2800000,0x00000006c3b996e8,0x00000006cd180000)
 Metaspace       used 8364K, capacity 8774K, committed 8960K, reserved 1056768K
  class space    used 661K, capacity 690K, committed 768K, reserved 1048576K
}
Event: 34.373 GC heap before
{Heap before GC invocations=286 (full 0):
 PSYoungGen      total 72192K, used 71872K [0x000000076b800000, 0x00000007a8500000, 0x00000007c0000000)
  eden space 71680K, 100% used [0x000000076b800000,0x000000076fe00000,0x000000076fe00000)
  from space 512K, 37% used [0x00000007a8400000,0x00000007a8430000,0x00000007a8480000)
  to   space 512K, 0% used [0x00000007a8480000,0x00000007a8480000,0x00000007a8500000)
 ParOldGen       total 173568K, used 20069K [0x00000006c2800000, 0x00000006cd180000, 0x000000076b800000)
  object space 173568K, 11% used [0x00000006c2800000,0x00000006c3b996e8,0x00000006cd180000)
 Metaspace       used 8364K, capacity 8774K, committed 8960K, reserved 1056768K
  class space    used 661K, capacity 690K, committed 768K, reserved 1048576K
Event: 34.373 GC heap after
Heap after GC invocations=286 (full 0):
 PSYoungGen      total 70656K, used 224K [0x000000076b800000, 0x00000007a8500000, 0x00000007c0000000)
  eden space 70144K, 0% used [0x000000076b800000,0x000000076b800000,0x000000076fc80000)
  from space 512K, 43% used [0x00000007a8480000,0x00000007a84b8000,0x00000007a8500000)
  to   space 512K, 0% used [0x00000007a8400000,0x00000007a8400000,0x00000007a8480000)
 ParOldGen       total 173568K, used 20069K [0x00000006c2800000, 0x00000006cd180000, 0x000000076b800000)
  object space 173568K, 11% used [0x00000006c2800000,0x00000006c3b996e8,0x00000006cd180000)
 Metaspace       used 8364K, capacity 8774K, committed 8960K, reserved 1056768K
  class space    used 661K, capacity 690K, committed 768K, reserved 1048576K
}
Event: 34.442 GC heap before
{Heap before GC invocations=287 (full 0):
 PSYoungGen      total 70656K, used 70368K [0x000000076b800000, 0x00000007a8500000, 0x00000007c0000000)
  eden space 70144K, 100% used [0x000000076b800000,0x000000076fc80000,0x000000076fc80000)
  from space 512K, 43% used [0x00000007a8480000,0x00000007a84b8000,0x00000007a8500000)
  to   space 512K, 0% used [0x00000007a8400000,0x00000007a8400000,0x00000007a8480000)
 ParOldGen       total 173568K, used 20069K [0x00000006c2800000, 0x00000006cd180000, 0x000000076b800000)
  object space 173568K, 11% used [0x00000006c2800000,0x00000006c3b996e8,0x00000006cd180000)
 Metaspace       used 8364K, capacity 8774K, committed 8960K, reserved 1056768K
  class space    used 661K, capacity 690K, committed 768K, reserved 1048576K
Event: 34.443 GC heap after
Heap after GC invocations=287 (full 0):
 PSYoungGen      total 69120K, used 256K [0x000000076b800000, 0x00000007a8500000, 0x00000007c0000000)
  eden space 68608K, 0% used [0x000000076b800000,0x000000076b800000,0x000000076fb00000)
  from space 512K, 50% used [0x00000007a8400000,0x00000007a8440000,0x00000007a8480000)
  to   space 512K, 0% used [0x00000007a8480000,0x00000007a8480000,0x00000007a8500000)
 ParOldGen       total 173568K, used 20069K [0x00000006c2800000, 0x00000006cd180000, 0x000000076b800000)
  object space 173568K, 11% used [0x00000006c2800000,0x00000006c3b996e8,0x00000006cd180000)
 Metaspace       used 8364K, capacity 8774K, committed 8960K, reserved 1056768K
  class space    used 661K, capacity 690K, committed 768K, reserved 1048576K
}
Event: 34.498 GC heap before
{Heap before GC invocations=288 (full 0):
 PSYoungGen      total 69120K, used 68864K [0x000000076b800000, 0x00000007a8500000, 0x00000007c0000000)
  eden space 68608K, 100% used [0x000000076b800000,0x000000076fb00000,0x000000076fb00000)
  from space 512K, 50% used [0x00000007a8400000,0x00000007a8440000,0x00000007a8480000)
  to   space 512K, 0% used [0x00000007a8480000,0x00000007a8480000,0x00000007a8500000)
 ParOldGen       total 173568K, used 20069K [0x00000006c2800000, 0x00000006cd180000, 0x000000076b800000)
  object space 173568K, 11% used [0x00000006c2800000,0x00000006c3b996e8,0x00000006cd180000)
 Metaspace       used 8364K, capacity 8774K, committed 8960K, reserved 1056768K
  class space    used 661K, capacity 690K, committed 768K, reserved 1048576K
Event: 34.498 GC heap after
Heap after GC invocations=288 (full 0):
 PSYoungGen      total 67584K, used 160K [0x000000076b800000, 0x00000007a8500000, 0x00000007c0000000)
  eden space 67072K, 0% used [0x000000076b800000,0x000000076b800000,0x000000076f980000)
  from space 512K, 31% used [0x00000007a8480000,0x00000007a84a8000,0x00000007a8500000)
  to   space 512K, 0% used [0x00000007a8400000,0x00000007a8400000,0x00000007a8480000)
 ParOldGen       total 173568K, used 20069K [0x00000006c2800000, 0x00000006cd180000, 0x000000076b800000)
  object space 173568K, 11% used [0x00000006c2800000,0x00000006c3b996e8,0x00000006cd180000)
 Metaspace       used 8364K, capacity 8774K, committed 8960K, reserved 1056768K
  class space    used 661K, capacity 690K, committed 768K, reserved 1048576K
}
Event: 34.551 GC heap before
{Heap before GC invocations=289 (full 0):
 PSYoungGen      total 67584K, used 67232K [0x000000076b800000, 0x00000007a8500000, 0x00000007c0000000)
  eden space 67072K, 100% used [0x000000076b800000,0x000000076f980000,0x000000076f980000)
  from space 512K, 31% used [0x00000007a8480000,0x00000007a84a8000,0x00000007a8500000)
  to   space 512K, 0% used [0x00000007a8400000,0x00000007a8400000,0x00000007a8480000)
 ParOldGen       total 173568K, used 20069K [0x00000006c2800000, 0x00000006cd180000, 0x000000076b800000)
  object space 173568K, 11% used [0x00000006c2800000,0x00000006c3b996e8,0x00000006cd180000)
 Metaspace       used 8364K, capacity 8774K, committed 8960K, reserved 1056768K
  class space    used 661K, capacity 690K, committed 768K, reserved 1048576K
Event: 34.551 GC heap after
Heap after GC invocations=289 (full 0):
 PSYoungGen      total 66048K, used 192K [0x000000076b800000, 0x00000007a8500000, 0x00000007c0000000)
  eden space 65536K, 0% used [0x000000076b800000,0x000000076b800000,0x000000076f800000)
  from space 512K, 37% used [0x00000007a8400000,0x00000007a8430000,0x00000007a8480000)
  to   space 512K, 0% used [0x00000007a8480000,0x00000007a8480000,0x00000007a8500000)
 ParOldGen       total 173568K, used 20093K [0x00000006c2800000, 0x00000006cd180000, 0x000000076b800000)
  object space 173568K, 11% used [0x00000006c2800000,0x00000006c3b9f6e8,0x00000006cd180000)
 Metaspace       used 8364K, capacity 8774K, committed 8960K, reserved 1056768K
  class space    used 661K, capacity 690K, committed 768K, reserved 1048576K
}

