# JRE version: Java(TM) SE Runtime Environment (8.0_65-b17) (build 1.8.0_65-b17)
# Java VM: Java HotSpot(TM) 64-Bit Server VM (25.65-b01 mixed mode windows-amd64 compressed oops)
Heap:
 PSYoungGen      total 64512K, used 32879K [0x000000076b800000, 0x00000007b7880000, 0x00000007c0000000)
  eden space 64000K, 50% used [0x000000076b800000,0x000000076d7dbc70,0x000000076f680000)
  from space 512K, 50% used [0x00000007b7780000,0x00000007b77c0000,0x00000007b7800000)
  to   space 512K, 0% used [0x00000007b7800000,0x00000007b7800000,0x00000007b7880000)
 ParOldGen       total 173568K, used 35589K [0x00000006c2800000, 0x00000006cd180000, 0x000000076b800000)
  object space 173568K, 20% used [0x00000006c2800000,0x00000006c4ac14d0,0x00000006cd180000)
 Metaspace       used 8332K, capacity 8710K, committed 8960K, reserved 1056768K
  class space    used 659K, capacity 690K, committed 768K, reserved 1048576K
GC Heap History (10 events):
Event: 37.218 GC heap before
{Heap before GC invocations=217 (full 0):
 PSYoungGen      total 72192K, used 71904K [0x000000076b800000, 0x00000007b7880000, 0x00000007c0000000)
  eden space 71680K, 100% used [0x000000076b800000,0x000000076fe00000,0x000000076fe00000)
  from space 512K, 43% used [0x00000007b7800000,0x00000007b7838000,0x00000007b7880000)
  to   space 512K, 0% used [0x00000007b7780000,0x00000007b7780000,0x00000007b7800000)
 ParOldGen       total 173568K, used 35589K [0x00000006c2800000, 0x00000006cd180000, 0x000000076b800000)
  object space 173568K, 20% used [0x00000006c2800000,0x00000006c4ac14d0,0x00000006cd180000)
 Metaspace       used 8332K, capacity 8710K, committed 8960K, reserved 1056768K
  class space    used 659K, capacity 690K, committed 768K, reserved 1048576K
Event: 37.219 GC heap after
Heap after GC invocations=217 (full 0):
 PSYoungGen      total 70656K, used 192K [0x000000076b800000, 0x00000007b7880000, 0x00000007c0000000)
  eden space 70144K, 0% used [0x000000076b800000,0x000000076b800000,0x000000076fc80000)
  from space 512K, 37% used [0x00000007b7780000,0x00000007b77b0000,0x00000007b7800000)
  to   space 512K, 0% used [0x00000007b7800000,0x00000007b7800000,0x00000007b7880000)
 ParOldGen       total 173568K, used 35589K [0x00000006c2800000, 0x00000006cd180000, 0x000000076b800000)
  object space 173568K, 20% used [0x00000006c2800000,0x00000006c4ac14d0,0x00000006cd180000)
 Metaspace       used 8332K, capacity 8710K, committed 8960K, reserved 1056768K
  class space    used 659K, capacity 690K, committed 768K, reserved 1048576K
}
Event: 37.299 GC heap before
{Heap before GC invocations=218 (full 0):
 PSYoungGen      total 70656K, used 70336K [0x000000076b800000, 0x00000007b7880000, 0x00000007c0000000)
  eden space 70144K, 100% used [0x000000076b800000,0x000000076fc80000,0x000000076fc80000)
  from space 512K, 37% used [0x00000007b7780000,0x00000007b77b0000,0x00000007b7800000)
  to   space 512K, 0% used [0x00000007b7800000,0x00000007b7800000,0x00000007b7880000)
 ParOldGen       total 173568K, used 35589K [0x00000006c2800000, 0x00000006cd180000, 0x000000076b800000)
  object space 173568K, 20% used [0x00000006c2800000,0x00000006c4ac14d0,0x00000006cd180000)
 Metaspace       used 8332K, capacity 8710K, committed 8960K, reserved 1056768K
  class space    used 659K, capacity 690K, committed 768K, reserved 1048576K
Event: 37.299 GC heap after
Heap after GC invocations=218 (full 0):
 PSYoungGen      total 69120K, used 224K [0x000000076b800000, 0x00000007b7880000, 0x00000007c0000000)
  eden space 68608K, 0% used [0x000000076b800000,0x000000076b800000,0x000000076fb00000)
  from space 512K, 43% used [0x00000007b7800000,0x00000007b7838000,0x00000007b7880000)
  to   space 512K, 0% used [0x00000007b7780000,0x00000007b7780000,0x00000007b7800000)
 ParOldGen       total 173568K, used 35589K [0x00000006c2800000, 0x00000006cd180000, 0x000000076b800000)
  object space 173568K, 20% used [0x00000006c2800000,0x00000006c4ac14d0,0x00000006cd180000)
 Metaspace       used 8332K, capacity 8710K, committed 8960K, reserved 1056768K
  class space    used 659K, capacity 690K, committed 768K, reserved 1048576K
}
Event: 37.376 GC heap before
{Heap before GC invocations=219 (full 0):
 PSYoungGen      total 69120K, used 68832K [0x000000076b800000, 0x00000007b7880000, 0x00000007c0000000)
  eden space 68608K, 100% used [0x000000076b800000,0x000000076fb00000,0x000000076fb00000)
  from space 512K, 43% used [0x00000007b7800000,0x00000007b7838000,0x00000007b7880000)
  to   space 512K, 0% used [0x00000007b7780000,0x00000007b7780000,0x00000007b7800000)
 ParOldGen       total 173568K, used 35589K [0x00000006c2800000, 0x00000006cd180000, 0x000000076b800000)
  object space 173568K, 20% used [0x00000006c2800000,0x00000006c4ac14d0,0x00000006cd180000)
 Metaspace       used 8332K, capacity 8710K, committed 8960K, reserved 1056768K
  class space    used 659K, capacity 690K, committed 768K, reserved 1048576K
Event: 37.377 GC heap after
Heap after GC invocations=219 (full 0):
 PSYoungGen      total 67584K, used 256K [0x000000076b800000, 0x00000007b7880000, 0x00000007c0000000)
  eden space 67072K, 0% used [0x000000076b800000,0x000000076b800000,0x000000076f980000)
  from space 512K, 50% used [0x00000007b7780000,0x00000007b77c0000,0x00000007b7800000)
  to   space 512K, 0% used [0x00000007b7800000,0x00000007b7800000,0x00000007b7880000)
 ParOldGen       total 173568K, used 35589K [0x00000006c2800000, 0x00000006cd180000, 0x000000076b800000)
  object space 173568K, 20% used [0x00000006c2800000,0x00000006c4ac14d0,0x00000006cd180000)
 Metaspace       used 8332K, capacity 8710K, committed 8960K, reserved 1056768K
  class space    used 659K, capacity 690K, committed 768K, reserved 1048576K
}
Event: 37.452 GC heap before
{Heap before GC invocations=220 (full 0):
 PSYoungGen      total 67584K, used 67328K [0x000000076b800000, 0x00000007b7880000, 0x00000007c0000000)
  eden space 67072K, 100% used [0x000000076b800000,0x000000076f980000,0x000000076f980000)
  from space 512K, 50% used [0x00000007b7780000,0x00000007b77c0000,0x00000007b7800000)
  to   space 512K, 0% used [0x00000007b7800000,0x00000007b7800000,0x00000007b7880000)
 ParOldGen       total 173568K, used 35589K [0x00000006c2800000, 0x00000006cd180000, 0x000000076b800000)
  object space 173568K, 20% used [0x00000006c2800000,0x00000006c4ac14d0,0x00000006cd180000)
 Metaspace       used 8332K, capacity 8710K, committed 8960K, reserved 1056768K
  class space    used 659K, capacity 690K, committed 768K, reserved 1048576K
Event: 37.453 GC heap after
Heap after GC invocations=220 (full 0):
 PSYoungGen      total 66048K, used 224K [0x000000076b800000, 0x00000007b7880000, 0x00000007c0000000)
  eden space 65536K, 0% used [0x000000076b800000,0x000000076b800000,0x000000076f800000)
  from space 512K, 43% used [0x00000007b7800000,0x00000007b7838000,0x00000007b7880000)
  to   space 512K, 0% used [0x00000007b7780000,0x00000007b7780000,0x00000007b7800000)
 ParOldGen       total 173568K, used 35589K [0x00000006c2800000, 0x00000006cd180000, 0x000000076b800000)
  object space 173568K, 20% used [0x00000006c2800000,0x00000006c4ac14d0,0x00000006cd180000)
 Metaspace       used 8332K, capacity 8710K, committed 8960K, reserved 1056768K
  class space    used 659K, capacity 690K, committed 768K, reserved 1048576K
}
Event: 37.526 GC heap before
{Heap before GC invocations=221 (full 0):
 PSYoungGen      total 66048K, used 65760K [0x000000076b800000, 0x00000007b7880000, 0x00000007c0000000)
  eden space 65536K, 100% used [0x000000076b800000,0x000000076f800000,0x000000076f800000)
  from space 512K, 43% used [0x00000007b7800000,0x00000007b7838000,0x00000007b7880000)
  to   space 512K, 0% used [0x00000007b7780000,0x00000007b7780000,0x00000007b7800000)
 ParOldGen       total 173568K, used 35589K [0x00000006c2800000, 0x00000006cd180000, 0x000000076b800000)
  object space 173568K, 20% used [0x00000006c2800000,0x00000006c4ac14d0,0x00000006cd180000)
 Metaspace       used 8332K, capacity 8710K, committed 8960K, reserved 1056768K
  class space    used 659K, capacity 690K, committed 768K, reserved 1048576K
Event: 37.526 GC heap after
Heap after GC invocations=221 (full 0):
 PSYoungGen      total 64512K, used 256K [0x000000076b800000, 0x00000007b7880000, 0x00000007c0000000)
  eden space 64000K, 0% used [0x000000076b800000,0x000000076b800000,0x000000076f680000)
  from space 512K, 50% used [0x00000007b7780000,0x00000007b77c0000,0x00000007b7800000)
  to   space 512K, 0% used [0x00000007b7800000,0x00000007b7800000,0x00000007b7880000)
 ParOldGen       total 173568K, used 35589K [0x00000006c2800000, 0x00000006cd180000, 0x000000076b800000)
  object space 173568K, 20% used [0x00000006c2800000,0x00000006c4ac14d0,0x00000006cd180000)
 Metaspace       used 8332K, capacity 8710K, committed 8960K, reserved 1056768K
  class space    used 659K, capacity 690K, committed 768K, reserved 1048576K
}

