# JRE version: Java(TM) SE Runtime Environment (8.0_65-b17) (build 1.8.0_65-b17)
# Java VM: Java HotSpot(TM) 64-Bit Server VM (25.65-b01 mixed mode windows-amd64 compressed oops)
Heap:
 PSYoungGen      total 605696K, used 12029K [0x000000076b800000, 0x00000007ac200000, 0x00000007c0000000)
  eden space 599552K, 1% used [0x000000076b800000,0x000000076c3a77c8,0x0000000790180000)
  from space 6144K, 1% used [0x00000007ab600000,0x00000007ab618000,0x00000007abc00000)
  to   space 5632K, 0% used [0x00000007abc80000,0x00000007abc80000,0x00000007ac200000)
 ParOldGen       total 173568K, used 12063K [0x00000006c2800000, 0x00000006cd180000, 0x000000076b800000)
  object space 173568K, 6% used [0x00000006c2800000,0x00000006c33c7c68,0x00000006cd180000)
 Metaspace       used 8368K, capacity 8774K, committed 8960K, reserved 1056768K
  class space    used 661K, capacity 690K, committed 768K, reserved 1048576K
GC Heap History (10 events):
Event: 1.451 GC heap before
{Heap before GC invocations=10 (full 0):
 PSYoungGen      total 261120K, used 261108K [0x000000076b800000, 0x0000000785200000, 0x00000007c0000000)
  eden space 259072K, 100% used [0x000000076b800000,0x000000077b500000,0x000000077b500000)
  from space 2048K, 99% used [0x000000077b500000,0x000000077b6fd338,0x000000077b700000)
  to   space 2560K, 0% used [0x0000000784f80000,0x0000000784f80000,0x0000000785200000)
 ParOldGen       total 173568K, used 1463K [0x00000006c2800000, 0x00000006cd180000, 0x000000076b800000)
  object space 173568K, 0% used [0x00000006c2800000,0x00000006c296dc48,0x00000006cd180000)
 Metaspace       used 8208K, capacity 8646K, committed 8960K, reserved 1056768K
  class space    used 655K, capacity 690K, committed 768K, reserved 1048576K
Event: 1.459 GC heap after
Heap after GC invocations=10 (full 0):
 PSYoungGen      total 413184K, used 2536K [0x000000076b800000, 0x0000000785a00000, 0x00000007c0000000)
  eden space 410624K, 0% used [0x000000076b800000,0x000000076b800000,0x0000000784900000)
  from space 2560K, 99% used [0x0000000784f80000,0x00000007851fa1e0,0x0000000785200000)
  to   space 6656K, 0% used [0x0000000784900000,0x0000000784900000,0x0000000784f80000)
 ParOldGen       total 173568K, used 10983K [0x00000006c2800000, 0x00000006cd180000, 0x000000076b800000)
  object space 173568K, 6% used [0x00000006c2800000,0x00000006c32b9c48,0x00000006cd180000)
 Metaspace       used 8208K, capacity 8646K, committed 8960K, reserved 1056768K
  class space    used 655K, capacity 690K, committed 768K, reserved 1048576K
}
Event: 1.886 GC heap before
{Heap before GC invocations=11 (full 0):
 PSYoungGen      total 413184K, used 413160K [0x000000076b800000, 0x0000000785a00000, 0x00000007c0000000)
  eden space 410624K, 100% used [0x000000076b800000,0x0000000784900000,0x0000000784900000)
  from space 2560K, 99% used [0x0000000784f80000,0x00000007851fa1e0,0x0000000785200000)
  to   space 6656K, 0% used [0x0000000784900000,0x0000000784900000,0x0000000784f80000)
 ParOldGen       total 173568K, used 10983K [0x00000006c2800000, 0x00000006cd180000, 0x000000076b800000)
  object space 173568K, 6% used [0x00000006c2800000,0x00000006c32b9c48,0x00000006cd180000)
 Metaspace       used 8315K, capacity 8710K, committed 8960K, reserved 1056768K
  class space    used 661K, capacity 690K, committed 768K, reserved 1048576K
Event: 1.890 GC heap after
Heap after GC invocations=11 (full 0):
 PSYoungGen      total 417280K, used 224K [0x000000076b800000, 0x0000000794700000, 0x00000007c0000000)
  eden space 410624K, 0% used [0x000000076b800000,0x000000076b800000,0x0000000784900000)
  from space 6656K, 3% used [0x0000000784900000,0x0000000784938000,0x0000000784f80000)
  to   space 6656K, 0% used [0x0000000794080000,0x0000000794080000,0x0000000794700000)
 ParOldGen       total 173568K, used 11999K [0x00000006c2800000, 0x00000006cd180000, 0x000000076b800000)
  object space 173568K, 6% used [0x00000006c2800000,0x00000006c33b7c68,0x00000006cd180000)
 Metaspace       used 8315K, capacity 8710K, committed 8960K, reserved 1056768K
  class space    used 661K, capacity 690K, committed 768K, reserved 1048576K
}
Event: 2.181 GC heap before
{Heap before GC invocations=12 (full 0):
 PSYoungGen      total 417280K, used 410848K [0x000000076b800000, 0x0000000794700000, 0x00000007c0000000)
  eden space 410624K, 100% used [0x000000076b800000,0x0000000784900000,0x0000000784900000)
  from space 6656K, 3% used [0x0000000784900000,0x0000000784938000,0x0000000784f80000)
  to   space 6656K, 0% used [0x0000000794080000,0x0000000794080000,0x0000000794700000)
 ParOldGen       total 173568K, used 11999K [0x00000006c2800000, 0x00000006cd180000, 0x000000076b800000)
  object space 173568K, 6% used [0x00000006c2800000,0x00000006c33b7c68,0x00000006cd180000)
 Metaspace       used 8339K, capacity 8710K, committed 8960K, reserved 1056768K
  class space    used 661K, capacity 690K, committed 768K, reserved 1048576K
Event: 2.182 GC heap after
Heap after GC invocations=12 (full 0):
 PSYoungGen      total 663040K, used 128K [0x000000076b800000, 0x0000000794600000, 0x00000007c0000000)
  eden space 657408K, 0% used [0x000000076b800000,0x000000076b800000,0x0000000793a00000)
  from space 5632K, 2% used [0x0000000794080000,0x00000007940a0000,0x0000000794600000)
  to   space 6144K, 0% used [0x0000000793a00000,0x0000000793a00000,0x0000000794000000)
 ParOldGen       total 173568K, used 12039K [0x00000006c2800000, 0x00000006cd180000, 0x000000076b800000)
  object space 173568K, 6% used [0x00000006c2800000,0x00000006c33c1c68,0x00000006cd180000)
 Metaspace       used 8339K, capacity 8710K, committed 8960K, reserved 1056768K
  class space    used 661K, capacity 690K, committed 768K, reserved 1048576K
}
Event: 2.668 GC heap before
{Heap before GC invocations=13 (full 0):
 PSYoungGen      total 663040K, used 657536K [0x000000076b800000, 0x0000000794600000, 0x00000007c0000000)
  eden space 657408K, 100% used [0x000000076b800000,0x0000000793a00000,0x0000000793a00000)
  from space 5632K, 2% used [0x0000000794080000,0x00000007940a0000,0x0000000794600000)
  to   space 6144K, 0% used [0x0000000793a00000,0x0000000793a00000,0x0000000794000000)
 ParOldGen       total 173568K, used 12039K [0x00000006c2800000, 0x00000006cd180000, 0x000000076b800000)
  object space 173568K, 6% used [0x00000006c2800000,0x00000006c33c1c68,0x00000006cd180000)
 Metaspace       used 8357K, capacity 8774K, committed 8960K, reserved 1056768K
  class space    used 661K, capacity 690K, committed 768K, reserved 1048576K
Event: 2.669 GC heap after
Heap after GC invocations=13 (full 0):
 PSYoungGen      total 663552K, used 192K [0x000000076b800000, 0x00000007ac780000, 0x00000007c0000000)
  eden space 657408K, 0% used [0x000000076b800000,0x000000076b800000,0x0000000793a00000)
  from space 6144K, 3% used [0x0000000793a00000,0x0000000793a30000,0x0000000794000000)
  to   space 6144K, 0% used [0x00000007ac180000,0x00000007ac180000,0x00000007ac780000)
 ParOldGen       total 173568K, used 12047K [0x00000006c2800000, 0x00000006cd180000, 0x000000076b800000)
  object space 173568K, 6% used [0x00000006c2800000,0x00000006c33c3c68,0x00000006cd180000)
 Metaspace       used 8357K, capacity 8774K, committed 8960K, reserved 1056768K
  class space    used 661K, capacity 690K, committed 768K, reserved 1048576K
}
Event: 3.125 GC heap before
{Heap before GC invocations=14 (full 0):
 PSYoungGen      total 663552K, used 657600K [0x000000076b800000, 0x00000007ac780000, 0x00000007c0000000)
  eden space 657408K, 100% used [0x000000076b800000,0x0000000793a00000,0x0000000793a00000)
  from space 6144K, 3% used [0x0000000793a00000,0x0000000793a30000,0x0000000794000000)
  to   space 6144K, 0% used [0x00000007ac180000,0x00000007ac180000,0x00000007ac780000)
 ParOldGen       total 173568K, used 12047K [0x00000006c2800000, 0x00000006cd180000, 0x000000076b800000)
  object space 173568K, 6% used [0x00000006c2800000,0x00000006c33c3c68,0x00000006cd180000)
 Metaspace       used 8365K, capacity 8774K, committed 8960K, reserved 1056768K
  class space    used 661K, capacity 690K, committed 768K, reserved 1048576K
Event: 3.126 GC heap after
Heap after GC invocations=14 (full 0):
 PSYoungGen      total 628224K, used 160K [0x000000076b800000, 0x00000007ac200000, 0x00000007c0000000)
  eden space 627712K, 0% used [0x000000076b800000,0x000000076b800000,0x0000000791d00000)
  from space 512K, 31% used [0x00000007ac180000,0x00000007ac1a8000,0x00000007ac200000)
  to   space 6144K, 0% used [0x00000007ab600000,0x00000007ab600000,0x00000007abc00000)
 ParOldGen       total 173568K, used 12063K [0x00000006c2800000, 0x00000006cd180000, 0x000000076b800000)
  object space 173568K, 6% used [0x00000006c2800000,0x00000006c33c7c68,0x00000006cd180000)
 Metaspace       used 8365K, capacity 8774K, committed 8960K, reserved 1056768K
  class space    used 661K, capacity 690K, committed 768K, reserved 1048576K
}

