# JRE version: Java(TM) SE Runtime Environment (8.0_65-b17) (build 1.8.0_65-b17)
# Java VM: Java HotSpot(TM) 64-Bit Server VM (25.65-b01 mixed mode windows-amd64 compressed oops)
Heap:
 PSYoungGen      total 830976K, used 34642K [0x000000076b800000, 0x00000007bcd00000, 0x00000007c0000000)
  eden space 824320K, 4% used [0x000000076b800000,0x000000076d9acbb0,0x000000079dd00000)
  from space 6656K, 2% used [0x000000079dd00000,0x000000079dd28000,0x000000079e380000)
  to   space 6656K, 0% used [0x00000007bc680000,0x00000007bc680000,0x00000007bcd00000)
 ParOldGen       total 173568K, used 10205K [0x00000006c2800000, 0x00000006cd180000, 0x000000076b800000)
  object space 173568K, 5% used [0x00000006c2800000,0x00000006c31f7688,0x00000006cd180000)
 Metaspace       used 8251K, capacity 8646K, committed 8960K, reserved 1056768K
  class space    used 655K, capacity 690K, committed 768K, reserved 1048576K
GC Heap History (10 events):
Event: 1.257 GC heap before
{Heap before GC invocations=7 (full 0):
 PSYoungGen      total 261120K, used 261111K [0x000000076b800000, 0x000000077ba00000, 0x00000007c0000000)
  eden space 259584K, 100% used [0x000000076b800000,0x000000077b580000,0x000000077b580000)
  from space 1536K, 99% used [0x000000077b780000,0x000000077b8fdff0,0x000000077b900000)
  to   space 2048K, 0% used [0x000000077b580000,0x000000077b580000,0x000000077b780000)
 ParOldGen       total 173568K, used 275K [0x00000006c2800000, 0x00000006cd180000, 0x000000076b800000)
  object space 173568K, 0% used [0x00000006c2800000,0x00000006c2844c60,0x00000006cd180000)
 Metaspace       used 8151K, capacity 8550K, committed 8704K, reserved 1056768K
  class space    used 649K, capacity 658K, committed 768K, reserved 1048576K
Event: 1.260 GC heap after
Heap after GC invocations=7 (full 0):
 PSYoungGen      total 261632K, used 2016K [0x000000076b800000, 0x000000078b900000, 0x00000007c0000000)
  eden space 259584K, 0% used [0x000000076b800000,0x000000076b800000,0x000000077b580000)
  from space 2048K, 98% used [0x000000077b580000,0x000000077b778390,0x000000077b780000)
  to   space 3072K, 0% used [0x000000078b600000,0x000000078b600000,0x000000078b900000)
 ParOldGen       total 173568K, used 1357K [0x00000006c2800000, 0x00000006cd180000, 0x000000076b800000)
  object space 173568K, 0% used [0x00000006c2800000,0x00000006c2953688,0x00000006cd180000)
 Metaspace       used 8151K, capacity 8550K, committed 8704K, reserved 1056768K
  class space    used 649K, capacity 658K, committed 768K, reserved 1048576K
}
Event: 1.407 GC heap before
{Heap before GC invocations=8 (full 0):
 PSYoungGen      total 261632K, used 261600K [0x000000076b800000, 0x000000078b900000, 0x00000007c0000000)
  eden space 259584K, 100% used [0x000000076b800000,0x000000077b580000,0x000000077b580000)
  from space 2048K, 98% used [0x000000077b580000,0x000000077b778390,0x000000077b780000)
  to   space 3072K, 0% used [0x000000078b600000,0x000000078b600000,0x000000078b900000)
 ParOldGen       total 173568K, used 1357K [0x00000006c2800000, 0x00000006cd180000, 0x000000076b800000)
  object space 173568K, 0% used [0x00000006c2800000,0x00000006c2953688,0x00000006cd180000)
 Metaspace       used 8175K, capacity 8550K, committed 8704K, reserved 1056768K
  class space    used 651K, capacity 658K, committed 768K, reserved 1048576K
Event: 1.415 GC heap after
Heap after GC invocations=8 (full 0):
 PSYoungGen      total 518144K, used 3050K [0x000000076b800000, 0x000000078c100000, 0x00000007c0000000)
  eden space 515072K, 0% used [0x000000076b800000,0x000000076b800000,0x000000078af00000)
  from space 3072K, 99% used [0x000000078b600000,0x000000078b8faad8,0x000000078b900000)
  to   space 7168K, 0% used [0x000000078af00000,0x000000078af00000,0x000000078b600000)
 ParOldGen       total 173568K, used 9109K [0x00000006c2800000, 0x00000006cd180000, 0x000000076b800000)
  object space 173568K, 5% used [0x00000006c2800000,0x00000006c30e5688,0x00000006cd180000)
 Metaspace       used 8175K, capacity 8550K, committed 8704K, reserved 1056768K
  class space    used 651K, capacity 658K, committed 768K, reserved 1048576K
}
Event: 1.847 GC heap before
{Heap before GC invocations=9 (full 0):
 PSYoungGen      total 518144K, used 518122K [0x000000076b800000, 0x000000078c100000, 0x00000007c0000000)
  eden space 515072K, 100% used [0x000000076b800000,0x000000078af00000,0x000000078af00000)
  from space 3072K, 99% used [0x000000078b600000,0x000000078b8faad8,0x000000078b900000)
  to   space 7168K, 0% used [0x000000078af00000,0x000000078af00000,0x000000078b600000)
 ParOldGen       total 173568K, used 9109K [0x00000006c2800000, 0x00000006cd180000, 0x000000076b800000)
  object space 173568K, 5% used [0x00000006c2800000,0x00000006c30e5688,0x00000006cd180000)
 Metaspace       used 8246K, capacity 8646K, committed 8960K, reserved 1056768K
  class space    used 655K, capacity 690K, committed 768K, reserved 1048576K
Event: 1.850 GC heap after
Heap after GC invocations=9 (full 0):
 PSYoungGen      total 522240K, used 864K [0x000000076b800000, 0x000000079ea00000, 0x00000007c0000000)
  eden space 515072K, 0% used [0x000000076b800000,0x000000076b800000,0x000000078af00000)
  from space 7168K, 12% used [0x000000078af00000,0x000000078afd8000,0x000000078b600000)
  to   space 6656K, 0% used [0x000000079e380000,0x000000079e380000,0x000000079ea00000)
 ParOldGen       total 173568K, used 9429K [0x00000006c2800000, 0x00000006cd180000, 0x000000076b800000)
  object space 173568K, 5% used [0x00000006c2800000,0x00000006c3135688,0x00000006cd180000)
 Metaspace       used 8246K, capacity 8646K, committed 8960K, reserved 1056768K
  class space    used 655K, capacity 690K, committed 768K, reserved 1048576K
}
Event: 2.246 GC heap before
{Heap before GC invocations=10 (full 0):
 PSYoungGen      total 522240K, used 515936K [0x000000076b800000, 0x000000079ea00000, 0x00000007c0000000)
  eden space 515072K, 100% used [0x000000076b800000,0x000000078af00000,0x000000078af00000)
  from space 7168K, 12% used [0x000000078af00000,0x000000078afd8000,0x000000078b600000)
  to   space 6656K, 0% used [0x000000079e380000,0x000000079e380000,0x000000079ea00000)
 ParOldGen       total 173568K, used 9429K [0x00000006c2800000, 0x00000006cd180000, 0x000000076b800000)
  object space 173568K, 5% used [0x00000006c2800000,0x00000006c3135688,0x00000006cd180000)
 Metaspace       used 8248K, capacity 8646K, committed 8960K, reserved 1056768K
  class space    used 655K, capacity 690K, committed 768K, reserved 1048576K
Event: 2.248 GC heap after
Heap after GC invocations=10 (full 0):
 PSYoungGen      total 830976K, used 192K [0x000000076b800000, 0x000000079ea00000, 0x00000007c0000000)
  eden space 824320K, 0% used [0x000000076b800000,0x000000076b800000,0x000000079dd00000)
  from space 6656K, 2% used [0x000000079e380000,0x000000079e3b0000,0x000000079ea00000)
  to   space 6656K, 0% used [0x000000079dd00000,0x000000079dd00000,0x000000079e380000)
 ParOldGen       total 173568K, used 10149K [0x00000006c2800000, 0x00000006cd180000, 0x000000076b800000)
  object space 173568K, 5% used [0x00000006c2800000,0x00000006c31e9688,0x00000006cd180000)
 Metaspace       used 8248K, capacity 8646K, committed 8960K, reserved 1056768K
  class space    used 655K, capacity 690K, committed 768K, reserved 1048576K
}
Event: 2.861 GC heap before
{Heap before GC invocations=11 (full 0):
 PSYoungGen      total 830976K, used 824512K [0x000000076b800000, 0x000000079ea00000, 0x00000007c0000000)
  eden space 824320K, 100% used [0x000000076b800000,0x000000079dd00000,0x000000079dd00000)
  from space 6656K, 2% used [0x000000079e380000,0x000000079e3b0000,0x000000079ea00000)
  to   space 6656K, 0% used [0x000000079dd00000,0x000000079dd00000,0x000000079e380000)
 ParOldGen       total 173568K, used 10149K [0x00000006c2800000, 0x00000006cd180000, 0x000000076b800000)
  object space 173568K, 5% used [0x00000006c2800000,0x00000006c31e9688,0x00000006cd180000)
 Metaspace       used 8251K, capacity 8646K, committed 8960K, reserved 1056768K
  class space    used 655K, capacity 690K, committed 768K, reserved 1048576K
Event: 2.862 GC heap after
Heap after GC invocations=11 (full 0):
 PSYoungGen      total 830976K, used 160K [0x000000076b800000, 0x00000007bcd00000, 0x00000007c0000000)
  eden space 824320K, 0% used [0x000000076b800000,0x000000076b800000,0x000000079dd00000)
  from space 6656K, 2% used [0x000000079dd00000,0x000000079dd28000,0x000000079e380000)
  to   space 6656K, 0% used [0x00000007bc680000,0x00000007bc680000,0x00000007bcd00000)
 ParOldGen       total 173568K, used 10205K [0x00000006c2800000, 0x00000006cd180000, 0x000000076b800000)
  object space 173568K, 5% used [0x00000006c2800000,0x00000006c31f7688,0x00000006cd180000)
 Metaspace       used 8251K, capacity 8646K, committed 8960K, reserved 1056768K
  class space    used 655K, capacity 690K, committed 768K, reserved 1048576K
}

