# JRE version: Java(TM) SE Runtime Environment (8.0_65-b17) (build 1.8.0_65-b17)
# Java VM: Java HotSpot(TM) 64-Bit Server VM (25.65-b01 mixed mode windows-amd64 compressed oops)
Heap:
 PSYoungGen      total 366592K, used 314590K [0x000000076b800000, 0x0000000784c80000, 0x00000007c0000000)
  eden space 363008K, 86% used [0x000000076b800000,0x000000077eaffb80,0x0000000781a80000)
  from space 3584K, 6% used [0x0000000784580000,0x00000007845b8000,0x0000000784900000)
  to   space 3072K, 0% used [0x0000000784980000,0x0000000784980000,0x0000000784c80000)
 ParOldGen       total 173568K, used 4544K [0x00000006c2800000, 0x00000006cd180000, 0x000000076b800000)
  object space 173568K, 2% used [0x00000006c2800000,0x00000006c2c70248,0x00000006cd180000)
 Metaspace       used 8223K, capacity 8646K, committed 8960K, reserved 1056768K
  class space    used 655K, capacity 690K, committed 768K, reserved 1048576K
GC Heap History (10 events):
Event: 1.044 GC heap before
{Heap before GC invocations=9 (full 0):
 PSYoungGen      total 260608K, used 260586K [0x000000076b800000, 0x000000077bd00000, 0x00000007c0000000)
  eden space 258560K, 100% used [0x000000076b800000,0x000000077b480000,0x000000077b480000)
  from space 2048K, 98% used [0x000000077b800000,0x000000077b9fab28,0x000000077ba00000)
  to   space 3584K, 0% used [0x000000077b480000,0x000000077b480000,0x000000077b800000)
 ParOldGen       total 173568K, used 3012K [0x00000006c2800000, 0x00000006cd180000, 0x000000076b800000)
  object space 173568K, 1% used [0x00000006c2800000,0x00000006c2af1238,0x00000006cd180000)
 Metaspace       used 8203K, capacity 8646K, committed 8960K, reserved 1056768K
  class space    used 655K, capacity 690K, committed 768K, reserved 1048576K
Event: 1.046 GC heap after
Heap after GC invocations=9 (full 0):
 PSYoungGen      total 262144K, used 1440K [0x000000076b800000, 0x0000000785200000, 0x00000007c0000000)
  eden space 258560K, 0% used [0x000000076b800000,0x000000076b800000,0x000000077b480000)
  from space 3584K, 40% used [0x000000077b480000,0x000000077b5e8000,0x000000077b800000)
  to   space 3072K, 0% used [0x0000000784f00000,0x0000000784f00000,0x0000000785200000)
 ParOldGen       total 173568K, used 3196K [0x00000006c2800000, 0x00000006cd180000, 0x000000076b800000)
  object space 173568K, 1% used [0x00000006c2800000,0x00000006c2b1f238,0x00000006cd180000)
 Metaspace       used 8203K, capacity 8646K, committed 8960K, reserved 1056768K
  class space    used 655K, capacity 690K, committed 768K, reserved 1048576K
}
Event: 1.247 GC heap before
{Heap before GC invocations=10 (full 0):
 PSYoungGen      total 262144K, used 260000K [0x000000076b800000, 0x0000000785200000, 0x00000007c0000000)
  eden space 258560K, 100% used [0x000000076b800000,0x000000077b480000,0x000000077b480000)
  from space 3584K, 40% used [0x000000077b480000,0x000000077b5e8000,0x000000077b800000)
  to   space 3072K, 0% used [0x0000000784f00000,0x0000000784f00000,0x0000000785200000)
 ParOldGen       total 173568K, used 3196K [0x00000006c2800000, 0x00000006cd180000, 0x000000076b800000)
  object space 173568K, 1% used [0x00000006c2800000,0x00000006c2b1f238,0x00000006cd180000)
 Metaspace       used 8203K, capacity 8646K, committed 8960K, reserved 1056768K
  class space    used 655K, capacity 690K, committed 768K, reserved 1048576K
Event: 1.249 GC heap after
Heap after GC invocations=10 (full 0):
 PSYoungGen      total 416256K, used 224K [0x000000076b800000, 0x0000000785300000, 0x00000007c0000000)
  eden space 413184K, 0% used [0x000000076b800000,0x000000076b800000,0x0000000784b80000)
  from space 3072K, 7% used [0x0000000784f00000,0x0000000784f38000,0x0000000785200000)
  to   space 3584K, 0% used [0x0000000784b80000,0x0000000784b80000,0x0000000784f00000)
 ParOldGen       total 173568K, used 4488K [0x00000006c2800000, 0x00000006cd180000, 0x000000076b800000)
  object space 173568K, 2% used [0x00000006c2800000,0x00000006c2c62248,0x00000006cd180000)
 Metaspace       used 8203K, capacity 8646K, committed 8960K, reserved 1056768K
  class space    used 655K, capacity 690K, committed 768K, reserved 1048576K
}
Event: 1.571 GC heap before
{Heap before GC invocations=11 (full 0):
 PSYoungGen      total 416256K, used 413408K [0x000000076b800000, 0x0000000785300000, 0x00000007c0000000)
  eden space 413184K, 100% used [0x000000076b800000,0x0000000784b80000,0x0000000784b80000)
  from space 3072K, 7% used [0x0000000784f00000,0x0000000784f38000,0x0000000785200000)
  to   space 3584K, 0% used [0x0000000784b80000,0x0000000784b80000,0x0000000784f00000)
 ParOldGen       total 173568K, used 4488K [0x00000006c2800000, 0x00000006cd180000, 0x000000076b800000)
  object space 173568K, 2% used [0x00000006c2800000,0x00000006c2c62248,0x00000006cd180000)
 Metaspace       used 8207K, capacity 8646K, committed 8960K, reserved 1056768K
  class space    used 655K, capacity 690K, committed 768K, reserved 1048576K
Event: 1.572 GC heap after
Heap after GC invocations=11 (full 0):
 PSYoungGen      total 396288K, used 192K [0x000000076b800000, 0x0000000784f80000, 0x00000007c0000000)
  eden space 395776K, 0% used [0x000000076b800000,0x000000076b800000,0x0000000783a80000)
  from space 512K, 37% used [0x0000000784b80000,0x0000000784bb0000,0x0000000784c00000)
  to   space 3584K, 0% used [0x0000000784c00000,0x0000000784c00000,0x0000000784f80000)
 ParOldGen       total 173568K, used 4544K [0x00000006c2800000, 0x00000006cd180000, 0x000000076b800000)
  object space 173568K, 2% used [0x00000006c2800000,0x00000006c2c70248,0x00000006cd180000)
 Metaspace       used 8207K, capacity 8646K, committed 8960K, reserved 1056768K
  class space    used 655K, capacity 690K, committed 768K, reserved 1048576K
}
Event: 1.878 GC heap before
{Heap before GC invocations=12 (full 0):
 PSYoungGen      total 396288K, used 395968K [0x000000076b800000, 0x0000000784f80000, 0x00000007c0000000)
  eden space 395776K, 100% used [0x000000076b800000,0x0000000783a80000,0x0000000783a80000)
  from space 512K, 37% used [0x0000000784b80000,0x0000000784bb0000,0x0000000784c00000)
  to   space 3584K, 0% used [0x0000000784c00000,0x0000000784c00000,0x0000000784f80000)
 ParOldGen       total 173568K, used 4544K [0x00000006c2800000, 0x00000006cd180000, 0x000000076b800000)
  object space 173568K, 2% used [0x00000006c2800000,0x00000006c2c70248,0x00000006cd180000)
 Metaspace       used 8208K, capacity 8646K, committed 8960K, reserved 1056768K
  class space    used 655K, capacity 690K, committed 768K, reserved 1048576K
Event: 1.878 GC heap after
Heap after GC invocations=12 (full 0):
 PSYoungGen      total 379392K, used 192K [0x000000076b800000, 0x0000000784c80000, 0x00000007c0000000)
  eden space 378880K, 0% used [0x000000076b800000,0x000000076b800000,0x0000000782a00000)
  from space 512K, 37% used [0x0000000784c00000,0x0000000784c30000,0x0000000784c80000)
  to   space 3584K, 0% used [0x0000000784580000,0x0000000784580000,0x0000000784900000)
 ParOldGen       total 173568K, used 4544K [0x00000006c2800000, 0x00000006cd180000, 0x000000076b800000)
  object space 173568K, 2% used [0x00000006c2800000,0x00000006c2c70248,0x00000006cd180000)
 Metaspace       used 8208K, capacity 8646K, committed 8960K, reserved 1056768K
  class space    used 655K, capacity 690K, committed 768K, reserved 1048576K
}
Event: 2.182 GC heap before
{Heap before GC invocations=13 (full 0):
 PSYoungGen      total 379392K, used 379072K [0x000000076b800000, 0x0000000784c80000, 0x00000007c0000000)
  eden space 378880K, 100% used [0x000000076b800000,0x0000000782a00000,0x0000000782a00000)
  from space 512K, 37% used [0x0000000784c00000,0x0000000784c30000,0x0000000784c80000)
  to   space 3584K, 0% used [0x0000000784580000,0x0000000784580000,0x0000000784900000)
 ParOldGen       total 173568K, used 4544K [0x00000006c2800000, 0x00000006cd180000, 0x000000076b800000)
  object space 173568K, 2% used [0x00000006c2800000,0x00000006c2c70248,0x00000006cd180000)
 Metaspace       used 8211K, capacity 8646K, committed 8960K, reserved 1056768K
  class space    used 655K, capacity 690K, committed 768K, reserved 1048576K
Event: 2.183 GC heap after
Heap after GC invocations=13 (full 0):
 PSYoungGen      total 366592K, used 224K [0x000000076b800000, 0x0000000784c80000, 0x00000007c0000000)
  eden space 363008K, 0% used [0x000000076b800000,0x000000076b800000,0x0000000781a80000)
  from space 3584K, 6% used [0x0000000784580000,0x00000007845b8000,0x0000000784900000)
  to   space 3072K, 0% used [0x0000000784980000,0x0000000784980000,0x0000000784c80000)
 ParOldGen       total 173568K, used 4544K [0x00000006c2800000, 0x00000006cd180000, 0x000000076b800000)
  object space 173568K, 2% used [0x00000006c2800000,0x00000006c2c70248,0x00000006cd180000)
 Metaspace       used 8211K, capacity 8646K, committed 8960K, reserved 1056768K
  class space    used 655K, capacity 690K, committed 768K, reserved 1048576K
}

