# JRE version: Java(TM) SE Runtime Environment (8.0_65-b17) (build 1.8.0_65-b17)
# Java VM: Java HotSpot(TM) 64-Bit Server VM (25.65-b01 mixed mode windows-amd64 compressed oops)
Heap:
 PSYoungGen      total 55296K, used 39617K [0x000000076b800000, 0x00000007b7100000, 0x00000007c0000000)
  eden space 54784K, 72% used [0x000000076b800000,0x000000076dea85a8,0x000000076ed80000)
  from space 512K, 6% used [0x00000007b7080000,0x00000007b7088000,0x00000007b7100000)
  to   space 512K, 0% used [0x00000007b7000000,0x00000007b7000000,0x00000007b7080000)
 ParOldGen       total 173568K, used 22291K [0x00000006c2800000, 0x00000006cd180000, 0x000000076b800000)
  object space 173568K, 12% used [0x00000006c2800000,0x00000006c3dc4f80,0x00000006cd180000)
 Metaspace       used 8293K, capacity 8710K, committed 8960K, reserved 1056768K
  class space    used 656K, capacity 690K, committed 768K, reserved 1048576K
GC Heap History (10 events):
Event: 39.235 GC heap before
{Heap before GC invocations=344 (full 0):
 PSYoungGen      total 49664K, used 49312K [0x000000076b800000, 0x00000007b7100000, 0x00000007c0000000)
  eden space 49152K, 100% used [0x000000076b800000,0x000000076e800000,0x000000076e800000)
  from space 512K, 31% used [0x00000007b7000000,0x00000007b7028000,0x00000007b7080000)
  to   space 512K, 0% used [0x00000007b7080000,0x00000007b7080000,0x00000007b7100000)
 ParOldGen       total 173568K, used 22267K [0x00000006c2800000, 0x00000006cd180000, 0x000000076b800000)
  object space 173568K, 12% used [0x00000006c2800000,0x00000006c3dbef80,0x00000006cd180000)
 Metaspace       used 8293K, capacity 8710K, committed 8960K, reserved 1056768K
  class space    used 656K, capacity 690K, committed 768K, reserved 1048576K
Event: 39.236 GC heap after
Heap after GC invocations=344 (full 0):
 PSYoungGen      total 48640K, used 160K [0x000000076b800000, 0x00000007b7100000, 0x00000007c0000000)
  eden space 48128K, 0% used [0x000000076b800000,0x000000076b800000,0x000000076e700000)
  from space 512K, 31% used [0x00000007b7080000,0x00000007b70a8000,0x00000007b7100000)
  to   space 512K, 0% used [0x00000007b7000000,0x00000007b7000000,0x00000007b7080000)
 ParOldGen       total 173568K, used 22267K [0x00000006c2800000, 0x00000006cd180000, 0x000000076b800000)
  object space 173568K, 12% used [0x00000006c2800000,0x00000006c3dbef80,0x00000006cd180000)
 Metaspace       used 8293K, capacity 8710K, committed 8960K, reserved 1056768K
  class space    used 656K, capacity 690K, committed 768K, reserved 1048576K
}
Event: 39.274 GC heap before
{Heap before GC invocations=345 (full 0):
 PSYoungGen      total 48640K, used 48288K [0x000000076b800000, 0x00000007b7100000, 0x00000007c0000000)
  eden space 48128K, 100% used [0x000000076b800000,0x000000076e700000,0x000000076e700000)
  from space 512K, 31% used [0x00000007b7080000,0x00000007b70a8000,0x00000007b7100000)
  to   space 512K, 0% used [0x00000007b7000000,0x00000007b7000000,0x00000007b7080000)
 ParOldGen       total 173568K, used 22267K [0x00000006c2800000, 0x00000006cd180000, 0x000000076b800000)
  object space 173568K, 12% used [0x00000006c2800000,0x00000006c3dbef80,0x00000006cd180000)
 Metaspace       used 8293K, capacity 8710K, committed 8960K, reserved 1056768K
  class space    used 656K, capacity 690K, committed 768K, reserved 1048576K
Event: 39.274 GC heap after
Heap after GC invocations=345 (full 0):
 PSYoungGen      total 58368K, used 128K [0x000000076b800000, 0x00000007b7100000, 0x00000007c0000000)
  eden space 57856K, 0% used [0x000000076b800000,0x000000076b800000,0x000000076f080000)
  from space 512K, 25% used [0x00000007b7000000,0x00000007b7020000,0x00000007b7080000)
  to   space 512K, 0% used [0x00000007b7080000,0x00000007b7080000,0x00000007b7100000)
 ParOldGen       total 173568K, used 22267K [0x00000006c2800000, 0x00000006cd180000, 0x000000076b800000)
  object space 173568K, 12% used [0x00000006c2800000,0x00000006c3dbef80,0x00000006cd180000)
 Metaspace       used 8293K, capacity 8710K, committed 8960K, reserved 1056768K
  class space    used 656K, capacity 690K, committed 768K, reserved 1048576K
}
Event: 39.336 GC heap before
{Heap before GC invocations=346 (full 0):
 PSYoungGen      total 58368K, used 57984K [0x000000076b800000, 0x00000007b7100000, 0x00000007c0000000)
  eden space 57856K, 100% used [0x000000076b800000,0x000000076f080000,0x000000076f080000)
  from space 512K, 25% used [0x00000007b7000000,0x00000007b7020000,0x00000007b7080000)
  to   space 512K, 0% used [0x00000007b7080000,0x00000007b7080000,0x00000007b7100000)
 ParOldGen       total 173568K, used 22267K [0x00000006c2800000, 0x00000006cd180000, 0x000000076b800000)
  object space 173568K, 12% used [0x00000006c2800000,0x00000006c3dbef80,0x00000006cd180000)
 Metaspace       used 8293K, capacity 8710K, committed 8960K, reserved 1056768K
  class space    used 656K, capacity 690K, committed 768K, reserved 1048576K
Event: 39.337 GC heap after
Heap after GC invocations=346 (full 0):
 PSYoungGen      total 57344K, used 128K [0x000000076b800000, 0x00000007b7100000, 0x00000007c0000000)
  eden space 56832K, 0% used [0x000000076b800000,0x000000076b800000,0x000000076ef80000)
  from space 512K, 25% used [0x00000007b7080000,0x00000007b70a0000,0x00000007b7100000)
  to   space 512K, 0% used [0x00000007b7000000,0x00000007b7000000,0x00000007b7080000)
 ParOldGen       total 173568K, used 22267K [0x00000006c2800000, 0x00000006cd180000, 0x000000076b800000)
  object space 173568K, 12% used [0x00000006c2800000,0x00000006c3dbef80,0x00000006cd180000)
 Metaspace       used 8293K, capacity 8710K, committed 8960K, reserved 1056768K
  class space    used 656K, capacity 690K, committed 768K, reserved 1048576K
}
Event: 39.401 GC heap before
{Heap before GC invocations=347 (full 0):
 PSYoungGen      total 57344K, used 56960K [0x000000076b800000, 0x00000007b7100000, 0x00000007c0000000)
  eden space 56832K, 100% used [0x000000076b800000,0x000000076ef80000,0x000000076ef80000)
  from space 512K, 25% used [0x00000007b7080000,0x00000007b70a0000,0x00000007b7100000)
  to   space 512K, 0% used [0x00000007b7000000,0x00000007b7000000,0x00000007b7080000)
 ParOldGen       total 173568K, used 22267K [0x00000006c2800000, 0x00000006cd180000, 0x000000076b800000)
  object space 173568K, 12% used [0x00000006c2800000,0x00000006c3dbef80,0x00000006cd180000)
 Metaspace       used 8293K, capacity 8710K, committed 8960K, reserved 1056768K
  class space    used 656K, capacity 690K, committed 768K, reserved 1048576K
Event: 39.401 GC heap after
Heap after GC invocations=347 (full 0):
 PSYoungGen      total 56320K, used 128K [0x000000076b800000, 0x00000007b7100000, 0x00000007c0000000)
  eden space 55808K, 0% used [0x000000076b800000,0x000000076b800000,0x000000076ee80000)
  from space 512K, 25% used [0x00000007b7000000,0x00000007b7020000,0x00000007b7080000)
  to   space 512K, 0% used [0x00000007b7080000,0x00000007b7080000,0x00000007b7100000)
 ParOldGen       total 173568K, used 22267K [0x00000006c2800000, 0x00000006cd180000, 0x000000076b800000)
  object space 173568K, 12% used [0x00000006c2800000,0x00000006c3dbef80,0x00000006cd180000)
 Metaspace       used 8293K, capacity 8710K, committed 8960K, reserved 1056768K
  class space    used 656K, capacity 690K, committed 768K, reserved 1048576K
}
Event: 39.463 GC heap before
{Heap before GC invocations=348 (full 0):
 PSYoungGen      total 56320K, used 55936K [0x000000076b800000, 0x00000007b7100000, 0x00000007c0000000)
  eden space 55808K, 100% used [0x000000076b800000,0x000000076ee80000,0x000000076ee80000)
  from space 512K, 25% used [0x00000007b7000000,0x00000007b7020000,0x00000007b7080000)
  to   space 512K, 0% used [0x00000007b7080000,0x00000007b7080000,0x00000007b7100000)
 ParOldGen       total 173568K, used 22267K [0x00000006c2800000, 0x00000006cd180000, 0x000000076b800000)
  object space 173568K, 12% used [0x00000006c2800000,0x00000006c3dbef80,0x00000006cd180000)
 Metaspace       used 8293K, capacity 8710K, committed 8960K, reserved 1056768K
  class space    used 656K, capacity 690K, committed 768K, reserved 1048576K
Event: 39.463 GC heap after
Heap after GC invocations=348 (full 0):
 PSYoungGen      total 55296K, used 32K [0x000000076b800000, 0x00000007b7100000, 0x00000007c0000000)
  eden space 54784K, 0% used [0x000000076b800000,0x000000076b800000,0x000000076ed80000)
  from space 512K, 6% used [0x00000007b7080000,0x00000007b7088000,0x00000007b7100000)
  to   space 512K, 0% used [0x00000007b7000000,0x00000007b7000000,0x00000007b7080000)
 ParOldGen       total 173568K, used 22291K [0x00000006c2800000, 0x00000006cd180000, 0x000000076b800000)
  object space 173568K, 12% used [0x00000006c2800000,0x00000006c3dc4f80,0x00000006cd180000)
 Metaspace       used 8293K, capacity 8710K, committed 8960K, reserved 1056768K
  class space    used 656K, capacity 690K, committed 768K, reserved 1048576K
}

