# JRE version: Java(TM) SE Runtime Environment (8.0_65-b17) (build 1.8.0_65-b17)
# Java VM: Java HotSpot(TM) 64-Bit Server VM (25.65-b01 mixed mode windows-amd64 compressed oops)
Heap:
 PSYoungGen      total 45056K, used 19800K [0x000000076b800000, 0x000000078a480000, 0x00000007c0000000)
  eden space 44544K, 44% used [0x000000076b800000,0x000000076cb26278,0x000000076e380000)
  from space 512K, 37% used [0x000000078a400000,0x000000078a430000,0x000000078a480000)
  to   space 512K, 0% used [0x000000078a380000,0x000000078a380000,0x000000078a400000)
 ParOldGen       total 173568K, used 1898K [0x00000006c2800000, 0x00000006cd180000, 0x000000076b800000)
  object space 173568K, 1% used [0x00000006c2800000,0x00000006c29da830,0x00000006cd180000)
 Metaspace       used 8166K, capacity 8710K, committed 8960K, reserved 1056768K
  class space    used 650K, capacity 690K, committed 768K, reserved 1048576K
GC Heap History (10 events):
Event: 11.278 GC heap before
{Heap before GC invocations=152 (full 0):
 PSYoungGen      total 47616K, used 47200K [0x000000076b800000, 0x000000078a480000, 0x00000007c0000000)
  eden space 47104K, 100% used [0x000000076b800000,0x000000076e600000,0x000000076e600000)
  from space 512K, 18% used [0x000000078a380000,0x000000078a398000,0x000000078a400000)
  to   space 512K, 0% used [0x000000078a400000,0x000000078a400000,0x000000078a480000)
 ParOldGen       total 173568K, used 1898K [0x00000006c2800000, 0x00000006cd180000, 0x000000076b800000)
  object space 173568K, 1% used [0x00000006c2800000,0x00000006c29da830,0x00000006cd180000)
 Metaspace       used 8166K, capacity 8710K, committed 8960K, reserved 1056768K
  class space    used 650K, capacity 690K, committed 768K, reserved 1048576K
Event: 11.279 GC heap after
Heap after GC invocations=152 (full 0):
 PSYoungGen      total 47104K, used 160K [0x000000076b800000, 0x000000078a480000, 0x00000007c0000000)
  eden space 46592K, 0% used [0x000000076b800000,0x000000076b800000,0x000000076e580000)
  from space 512K, 31% used [0x000000078a400000,0x000000078a428000,0x000000078a480000)
  to   space 512K, 0% used [0x000000078a380000,0x000000078a380000,0x000000078a400000)
 ParOldGen       total 173568K, used 1898K [0x00000006c2800000, 0x00000006cd180000, 0x000000076b800000)
  object space 173568K, 1% used [0x00000006c2800000,0x00000006c29da830,0x00000006cd180000)
 Metaspace       used 8166K, capacity 8710K, committed 8960K, reserved 1056768K
  class space    used 650K, capacity 690K, committed 768K, reserved 1048576K
}
Event: 11.330 GC heap before
{Heap before GC invocations=153 (full 0):
 PSYoungGen      total 47104K, used 46752K [0x000000076b800000, 0x000000078a480000, 0x00000007c0000000)
  eden space 46592K, 100% used [0x000000076b800000,0x000000076e580000,0x000000076e580000)
  from space 512K, 31% used [0x000000078a400000,0x000000078a428000,0x000000078a480000)
  to   space 512K, 0% used [0x000000078a380000,0x000000078a380000,0x000000078a400000)
 ParOldGen       total 173568K, used 1898K [0x00000006c2800000, 0x00000006cd180000, 0x000000076b800000)
  object space 173568K, 1% used [0x00000006c2800000,0x00000006c29da830,0x00000006cd180000)
 Metaspace       used 8166K, capacity 8710K, committed 8960K, reserved 1056768K
  class space    used 650K, capacity 690K, committed 768K, reserved 1048576K
Event: 11.330 GC heap after
Heap after GC invocations=153 (full 0):
 PSYoungGen      total 46592K, used 128K [0x000000076b800000, 0x000000078a480000, 0x00000007c0000000)
  eden space 46080K, 0% used [0x000000076b800000,0x000000076b800000,0x000000076e500000)
  from space 512K, 25% used [0x000000078a380000,0x000000078a3a0000,0x000000078a400000)
  to   space 512K, 0% used [0x000000078a400000,0x000000078a400000,0x000000078a480000)
 ParOldGen       total 173568K, used 1898K [0x00000006c2800000, 0x00000006cd180000, 0x000000076b800000)
  object space 173568K, 1% used [0x00000006c2800000,0x00000006c29da830,0x00000006cd180000)
 Metaspace       used 8166K, capacity 8710K, committed 8960K, reserved 1056768K
  class space    used 650K, capacity 690K, committed 768K, reserved 1048576K
}
Event: 11.380 GC heap before
{Heap before GC invocations=154 (full 0):
 PSYoungGen      total 46592K, used 46208K [0x000000076b800000, 0x000000078a480000, 0x00000007c0000000)
  eden space 46080K, 100% used [0x000000076b800000,0x000000076e500000,0x000000076e500000)
  from space 512K, 25% used [0x000000078a380000,0x000000078a3a0000,0x000000078a400000)
  to   space 512K, 0% used [0x000000078a400000,0x000000078a400000,0x000000078a480000)
 ParOldGen       total 173568K, used 1898K [0x00000006c2800000, 0x00000006cd180000, 0x000000076b800000)
  object space 173568K, 1% used [0x00000006c2800000,0x00000006c29da830,0x00000006cd180000)
 Metaspace       used 8166K, capacity 8710K, committed 8960K, reserved 1056768K
  class space    used 650K, capacity 690K, committed 768K, reserved 1048576K
Event: 11.380 GC heap after
Heap after GC invocations=154 (full 0):
 PSYoungGen      total 46080K, used 192K [0x000000076b800000, 0x000000078a480000, 0x00000007c0000000)
  eden space 45568K, 0% used [0x000000076b800000,0x000000076b800000,0x000000076e480000)
  from space 512K, 37% used [0x000000078a400000,0x000000078a430000,0x000000078a480000)
  to   space 512K, 0% used [0x000000078a380000,0x000000078a380000,0x000000078a400000)
 ParOldGen       total 173568K, used 1898K [0x00000006c2800000, 0x00000006cd180000, 0x000000076b800000)
  object space 173568K, 1% used [0x00000006c2800000,0x00000006c29da830,0x00000006cd180000)
 Metaspace       used 8166K, capacity 8710K, committed 8960K, reserved 1056768K
  class space    used 650K, capacity 690K, committed 768K, reserved 1048576K
}
Event: 11.429 GC heap before
{Heap before GC invocations=155 (full 0):
 PSYoungGen      total 46080K, used 45760K [0x000000076b800000, 0x000000078a480000, 0x00000007c0000000)
  eden space 45568K, 100% used [0x000000076b800000,0x000000076e480000,0x000000076e480000)
  from space 512K, 37% used [0x000000078a400000,0x000000078a430000,0x000000078a480000)
  to   space 512K, 0% used [0x000000078a380000,0x000000078a380000,0x000000078a400000)
 ParOldGen       total 173568K, used 1898K [0x00000006c2800000, 0x00000006cd180000, 0x000000076b800000)
  object space 173568K, 1% used [0x00000006c2800000,0x00000006c29da830,0x00000006cd180000)
 Metaspace       used 8166K, capacity 8710K, committed 8960K, reserved 1056768K
  class space    used 650K, capacity 690K, committed 768K, reserved 1048576K
Event: 11.430 GC heap after
Heap after GC invocations=155 (full 0):
 PSYoungGen      total 45568K, used 160K [0x000000076b800000, 0x000000078a480000, 0x00000007c0000000)
  eden space 45056K, 0% used [0x000000076b800000,0x000000076b800000,0x000000076e400000)
  from space 512K, 31% used [0x000000078a380000,0x000000078a3a8000,0x000000078a400000)
  to   space 512K, 0% used [0x000000078a400000,0x000000078a400000,0x000000078a480000)
 ParOldGen       total 173568K, used 1898K [0x00000006c2800000, 0x00000006cd180000, 0x000000076b800000)
  object space 173568K, 1% used [0x00000006c2800000,0x00000006c29da830,0x00000006cd180000)
 Metaspace       used 8166K, capacity 8710K, committed 8960K, reserved 1056768K
  class space    used 650K, capacity 690K, committed 768K, reserved 1048576K
}
Event: 11.479 GC heap before
{Heap before GC invocations=156 (full 0):
 PSYoungGen      total 45568K, used 45216K [0x000000076b800000, 0x000000078a480000, 0x00000007c0000000)
  eden space 45056K, 100% used [0x000000076b800000,0x000000076e400000,0x000000076e400000)
  from space 512K, 31% used [0x000000078a380000,0x000000078a3a8000,0x000000078a400000)
  to   space 512K, 0% used [0x000000078a400000,0x000000078a400000,0x000000078a480000)
 ParOldGen       total 173568K, used 1898K [0x00000006c2800000, 0x00000006cd180000, 0x000000076b800000)
  object space 173568K, 1% used [0x00000006c2800000,0x00000006c29da830,0x00000006cd180000)
 Metaspace       used 8166K, capacity 8710K, committed 8960K, reserved 1056768K
  class space    used 650K, capacity 690K, committed 768K, reserved 1048576K
Event: 11.480 GC heap after
Heap after GC invocations=156 (full 0):
 PSYoungGen      total 45056K, used 192K [0x000000076b800000, 0x000000078a480000, 0x00000007c0000000)
  eden space 44544K, 0% used [0x000000076b800000,0x000000076b800000,0x000000076e380000)
  from space 512K, 37% used [0x000000078a400000,0x000000078a430000,0x000000078a480000)
  to   space 512K, 0% used [0x000000078a380000,0x000000078a380000,0x000000078a400000)
 ParOldGen       total 173568K, used 1898K [0x00000006c2800000, 0x00000006cd180000, 0x000000076b800000)
  object space 173568K, 1% used [0x00000006c2800000,0x00000006c29da830,0x00000006cd180000)
 Metaspace       used 8166K, capacity 8710K, committed 8960K, reserved 1056768K
  class space    used 650K, capacity 690K, committed 768K, reserved 1048576K
}

