# JRE version: Java(TM) SE Runtime Environment (8.0_65-b17) (build 1.8.0_65-b17)
# Java VM: Java HotSpot(TM) 64-Bit Server VM (25.65-b01 mixed mode windows-amd64 compressed oops)
Heap:
 PSYoungGen      total 849408K, used 671398K [0x000000076b800000, 0x00000007bee00000, 0x00000007c0000000)
  eden space 829952K, 80% used [0x000000076b800000,0x0000000794769ad0,0x000000079e280000)
  from space 19456K, 1% used [0x000000079e280000,0x000000079e2c0000,0x000000079f580000)
  to   space 18944K, 0% used [0x00000007bdb80000,0x00000007bdb80000,0x00000007bee00000)
 ParOldGen       total 173568K, used 10034K [0x00000006c2800000, 0x00000006cd180000, 0x000000076b800000)
  object space 173568K, 5% used [0x00000006c2800000,0x00000006c31cc8e8,0x00000006cd180000)
 Metaspace       used 9799K, capacity 9902K, committed 10112K, reserved 1058816K
  class space    used 782K, capacity 826K, committed 896K, reserved 1048576K
GC Heap History (10 events):
Event: 1.842 GC heap before
{Heap before GC invocations=7 (full 0):
 PSYoungGen      total 276992K, used 272318K [0x000000076b800000, 0x000000077d900000, 0x00000007c0000000)
  eden space 259584K, 100% used [0x000000076b800000,0x000000077b580000,0x000000077b580000)
  from space 17408K, 73% used [0x000000077c700000,0x000000077d36fa68,0x000000077d800000)
  to   space 17920K, 0% used [0x000000077b580000,0x000000077b580000,0x000000077c700000)
 ParOldGen       total 173568K, used 6224K [0x00000006c2800000, 0x00000006cd180000, 0x000000076b800000)
  object space 173568K, 3% used [0x00000006c2800000,0x00000006c2e14000,0x00000006cd180000)
 Metaspace       used 9719K, capacity 9838K, committed 10112K, reserved 1058816K
  class space    used 782K, capacity 826K, committed 896K, reserved 1048576K
Event: 1.846 GC heap after
Heap after GC invocations=7 (full 0):
 PSYoungGen      total 277504K, used 320K [0x000000076b800000, 0x000000078d800000, 0x00000007c0000000)
  eden space 259584K, 0% used [0x000000076b800000,0x000000076b800000,0x000000077b580000)
  from space 17920K, 1% used [0x000000077b580000,0x000000077b5d0000,0x000000077c700000)
  to   space 18944K, 0% used [0x000000078c580000,0x000000078c580000,0x000000078d800000)
 ParOldGen       total 173568K, used 9810K [0x00000006c2800000, 0x00000006cd180000, 0x000000076b800000)
  object space 173568K, 5% used [0x00000006c2800000,0x00000006c31948e8,0x00000006cd180000)
 Metaspace       used 9719K, capacity 9838K, committed 10112K, reserved 1058816K
  class space    used 782K, capacity 826K, committed 896K, reserved 1048576K
}
Event: 2.214 GC heap before
{Heap before GC invocations=8 (full 0):
 PSYoungGen      total 277504K, used 259904K [0x000000076b800000, 0x000000078d800000, 0x00000007c0000000)
  eden space 259584K, 100% used [0x000000076b800000,0x000000077b580000,0x000000077b580000)
  from space 17920K, 1% used [0x000000077b580000,0x000000077b5d0000,0x000000077c700000)
  to   space 18944K, 0% used [0x000000078c580000,0x000000078c580000,0x000000078d800000)
 ParOldGen       total 173568K, used 9810K [0x00000006c2800000, 0x00000006cd180000, 0x000000076b800000)
  object space 173568K, 5% used [0x00000006c2800000,0x00000006c31948e8,0x00000006cd180000)
 Metaspace       used 9753K, capacity 9838K, committed 10112K, reserved 1058816K
  class space    used 782K, capacity 826K, committed 896K, reserved 1048576K
Event: 2.214 GC heap after
Heap after GC invocations=8 (full 0):
 PSYoungGen      total 537600K, used 224K [0x000000076b800000, 0x000000078d900000, 0x00000007c0000000)
  eden space 518656K, 0% used [0x000000076b800000,0x000000076b800000,0x000000078b280000)
  from space 18944K, 1% used [0x000000078c580000,0x000000078c5b8000,0x000000078d800000)
  to   space 19456K, 0% used [0x000000078b280000,0x000000078b280000,0x000000078c580000)
 ParOldGen       total 173568K, used 9858K [0x00000006c2800000, 0x00000006cd180000, 0x000000076b800000)
  object space 173568K, 5% used [0x00000006c2800000,0x00000006c31a08e8,0x00000006cd180000)
 Metaspace       used 9753K, capacity 9838K, committed 10112K, reserved 1058816K
  class space    used 782K, capacity 826K, committed 896K, reserved 1048576K
}
Event: 3.003 GC heap before
{Heap before GC invocations=9 (full 0):
 PSYoungGen      total 537600K, used 518880K [0x000000076b800000, 0x000000078d900000, 0x00000007c0000000)
  eden space 518656K, 100% used [0x000000076b800000,0x000000078b280000,0x000000078b280000)
  from space 18944K, 1% used [0x000000078c580000,0x000000078c5b8000,0x000000078d800000)
  to   space 19456K, 0% used [0x000000078b280000,0x000000078b280000,0x000000078c580000)
 ParOldGen       total 173568K, used 9858K [0x00000006c2800000, 0x00000006cd180000, 0x000000076b800000)
  object space 173568K, 5% used [0x00000006c2800000,0x00000006c31a08e8,0x00000006cd180000)
 Metaspace       used 9774K, capacity 9902K, committed 10112K, reserved 1058816K
  class space    used 782K, capacity 826K, committed 896K, reserved 1048576K
Event: 3.004 GC heap after
Heap after GC invocations=9 (full 0):
 PSYoungGen      total 538112K, used 224K [0x000000076b800000, 0x00000007a0880000, 0x00000007c0000000)
  eden space 518656K, 0% used [0x000000076b800000,0x000000076b800000,0x000000078b280000)
  from space 19456K, 1% used [0x000000078b280000,0x000000078b2b8000,0x000000078c580000)
  to   space 19456K, 0% used [0x000000079f580000,0x000000079f580000,0x00000007a0880000)
 ParOldGen       total 173568K, used 9898K [0x00000006c2800000, 0x00000006cd180000, 0x000000076b800000)
  object space 173568K, 5% used [0x00000006c2800000,0x00000006c31aa8e8,0x00000006cd180000)
 Metaspace       used 9774K, capacity 9902K, committed 10112K, reserved 1058816K
  class space    used 782K, capacity 826K, committed 896K, reserved 1048576K
}
Event: 3.760 GC heap before
{Heap before GC invocations=10 (full 0):
 PSYoungGen      total 538112K, used 518880K [0x000000076b800000, 0x00000007a0880000, 0x00000007c0000000)
  eden space 518656K, 100% used [0x000000076b800000,0x000000078b280000,0x000000078b280000)
  from space 19456K, 1% used [0x000000078b280000,0x000000078b2b8000,0x000000078c580000)
  to   space 19456K, 0% used [0x000000079f580000,0x000000079f580000,0x00000007a0880000)
 ParOldGen       total 173568K, used 9898K [0x00000006c2800000, 0x00000006cd180000, 0x000000076b800000)
  object space 173568K, 5% used [0x00000006c2800000,0x00000006c31aa8e8,0x00000006cd180000)
 Metaspace       used 9779K, capacity 9902K, committed 10112K, reserved 1058816K
  class space    used 782K, capacity 826K, committed 896K, reserved 1048576K
Event: 3.760 GC heap after
Heap after GC invocations=10 (full 0):
 PSYoungGen      total 849408K, used 256K [0x000000076b800000, 0x00000007a0880000, 0x00000007c0000000)
  eden space 829952K, 0% used [0x000000076b800000,0x000000076b800000,0x000000079e280000)
  from space 19456K, 1% used [0x000000079f580000,0x000000079f5c0000,0x00000007a0880000)
  to   space 19456K, 0% used [0x000000079e280000,0x000000079e280000,0x000000079f580000)
 ParOldGen       total 173568K, used 9994K [0x00000006c2800000, 0x00000006cd180000, 0x000000076b800000)
  object space 173568K, 5% used [0x00000006c2800000,0x00000006c31c28e8,0x00000006cd180000)
 Metaspace       used 9779K, capacity 9902K, committed 10112K, reserved 1058816K
  class space    used 782K, capacity 826K, committed 896K, reserved 1048576K
}
Event: 4.990 GC heap before
{Heap before GC invocations=11 (full 0):
 PSYoungGen      total 849408K, used 830208K [0x000000076b800000, 0x00000007a0880000, 0x00000007c0000000)
  eden space 829952K, 100% used [0x000000076b800000,0x000000079e280000,0x000000079e280000)
  from space 19456K, 1% used [0x000000079f580000,0x000000079f5c0000,0x00000007a0880000)
  to   space 19456K, 0% used [0x000000079e280000,0x000000079e280000,0x000000079f580000)
 ParOldGen       total 173568K, used 9994K [0x00000006c2800000, 0x00000006cd180000, 0x000000076b800000)
  object space 173568K, 5% used [0x00000006c2800000,0x00000006c31c28e8,0x00000006cd180000)
 Metaspace       used 9790K, capacity 9902K, committed 10112K, reserved 1058816K
  class space    used 782K, capacity 826K, committed 896K, reserved 1048576K
Event: 4.991 GC heap after
Heap after GC invocations=11 (full 0):
 PSYoungGen      total 849408K, used 256K [0x000000076b800000, 0x00000007bee00000, 0x00000007c0000000)
  eden space 829952K, 0% used [0x000000076b800000,0x000000076b800000,0x000000079e280000)
  from space 19456K, 1% used [0x000000079e280000,0x000000079e2c0000,0x000000079f580000)
  to   space 18944K, 0% used [0x00000007bdb80000,0x00000007bdb80000,0x00000007bee00000)
 ParOldGen       total 173568K, used 10034K [0x00000006c2800000, 0x00000006cd180000, 0x000000076b800000)
  object space 173568K, 5% used [0x00000006c2800000,0x00000006c31cc8e8,0x00000006cd180000)
 Metaspace       used 9790K, capacity 9902K, committed 10112K, reserved 1058816K
  class space    used 782K, capacity 826K, committed 896K, reserved 1048576K
}

