# JRE version: Java(TM) SE Runtime Environment (8.0_65-b17) (build 1.8.0_65-b17)
# Java VM: Java HotSpot(TM) 64-Bit Server VM (25.65-b01 mixed mode windows-amd64 compressed oops)
Heap:
 PSYoungGen      total 1052672K, used 233775K [0x000000076b800000, 0x00000007aca80000, 0x00000007c0000000)
  eden space 1038848K, 22% used [0x000000076b800000,0x0000000779c13c10,0x00000007aae80000)
  from space 13824K, 1% used [0x00000007abd00000,0x00000007abd38000,0x00000007aca80000)
  to   space 14336K, 0% used [0x00000007aae80000,0x00000007aae80000,0x00000007abc80000)
 ParOldGen       total 173568K, used 36457K [0x00000006c2800000, 0x00000006cd180000, 0x000000076b800000)
  object space 173568K, 21% used [0x00000006c2800000,0x00000006c4b9a6e0,0x00000006cd180000)
 Metaspace       used 8298K, capacity 8710K, committed 8960K, reserved 1056768K
  class space    used 658K, capacity 690K, committed 768K, reserved 1048576K
GC Heap History (10 events):
Event: 1.258 GC heap before
{Heap before GC invocations=10 (full 0):
 PSYoungGen      total 261120K, used 260613K [0x000000076b800000, 0x0000000785b00000, 0x00000007c0000000)
  eden space 258560K, 99% used [0x000000076b800000,0x000000077b407220,0x000000077b480000)
  from space 2560K, 99% used [0x000000077b480000,0x000000077b6fa1e0,0x000000077b700000)
  to   space 7680K, 0% used [0x0000000785380000,0x0000000785380000,0x0000000785b00000)
 ParOldGen       total 173568K, used 13028K [0x00000006c2800000, 0x00000006cd180000, 0x000000076b800000)
  object space 173568K, 7% used [0x00000006c2800000,0x00000006c34b9250,0x00000006cd180000)
 Metaspace       used 8224K, capacity 8646K, committed 8960K, reserved 1056768K
  class space    used 655K, capacity 690K, committed 768K, reserved 1048576K
Event: 1.276 GC heap after
Heap after GC invocations=10 (full 0):
 PSYoungGen      total 413184K, used 7663K [0x000000076b800000, 0x0000000786b00000, 0x00000007c0000000)
  eden space 405504K, 0% used [0x000000076b800000,0x000000076b800000,0x0000000784400000)
  from space 7680K, 99% used [0x0000000785380000,0x0000000785afbc18,0x0000000785b00000)
  to   space 15872K, 0% used [0x0000000784400000,0x0000000784400000,0x0000000785380000)
 ParOldGen       total 173568K, used 31852K [0x00000006c2800000, 0x00000006cd180000, 0x000000076b800000)
  object space 173568K, 18% used [0x00000006c2800000,0x00000006c471b280,0x00000006cd180000)
 Metaspace       used 8224K, capacity 8646K, committed 8960K, reserved 1056768K
  class space    used 655K, capacity 690K, committed 768K, reserved 1048576K
}
Event: 1.553 GC heap before
{Heap before GC invocations=11 (full 0):
 PSYoungGen      total 413184K, used 413167K [0x000000076b800000, 0x0000000786b00000, 0x00000007c0000000)
  eden space 405504K, 100% used [0x000000076b800000,0x0000000784400000,0x0000000784400000)
  from space 7680K, 99% used [0x0000000785380000,0x0000000785afbc18,0x0000000785b00000)
  to   space 15872K, 0% used [0x0000000784400000,0x0000000784400000,0x0000000785380000)
 ParOldGen       total 173568K, used 31852K [0x00000006c2800000, 0x00000006cd180000, 0x000000076b800000)
  object space 173568K, 18% used [0x00000006c2800000,0x00000006c471b280,0x00000006cd180000)
 Metaspace       used 8259K, capacity 8646K, committed 8960K, reserved 1056768K
  class space    used 658K, capacity 690K, committed 768K, reserved 1048576K
Event: 1.559 GC heap after
Heap after GC invocations=11 (full 0):
 PSYoungGen      total 421376K, used 352K [0x000000076b800000, 0x0000000795100000, 0x00000007c0000000)
  eden space 405504K, 0% used [0x000000076b800000,0x000000076b800000,0x0000000784400000)
  from space 15872K, 2% used [0x0000000784400000,0x0000000784458000,0x0000000785380000)
  to   space 15872K, 0% used [0x0000000794180000,0x0000000794180000,0x0000000795100000)
 ParOldGen       total 173568K, used 36201K [0x00000006c2800000, 0x00000006cd180000, 0x000000076b800000)
  object space 173568K, 20% used [0x00000006c2800000,0x00000006c4b5a6e0,0x00000006cd180000)
 Metaspace       used 8259K, capacity 8646K, committed 8960K, reserved 1056768K
  class space    used 658K, capacity 690K, committed 768K, reserved 1048576K
}
Event: 1.712 GC heap before
{Heap before GC invocations=12 (full 0):
 PSYoungGen      total 421376K, used 405856K [0x000000076b800000, 0x0000000795100000, 0x00000007c0000000)
  eden space 405504K, 100% used [0x000000076b800000,0x0000000784400000,0x0000000784400000)
  from space 15872K, 2% used [0x0000000784400000,0x0000000784458000,0x0000000785380000)
  to   space 15872K, 0% used [0x0000000794180000,0x0000000794180000,0x0000000795100000)
 ParOldGen       total 173568K, used 36201K [0x00000006c2800000, 0x00000006cd180000, 0x000000076b800000)
  object space 173568K, 20% used [0x00000006c2800000,0x00000006c4b5a6e0,0x00000006cd180000)
 Metaspace       used 8261K, capacity 8646K, committed 8960K, reserved 1056768K
  class space    used 658K, capacity 690K, committed 768K, reserved 1048576K
Event: 1.713 GC heap after
Heap after GC invocations=12 (full 0):
 PSYoungGen      total 664064K, used 160K [0x000000076b800000, 0x0000000795000000, 0x00000007c0000000)
  eden space 649216K, 0% used [0x000000076b800000,0x000000076b800000,0x0000000793200000)
  from space 14848K, 1% used [0x0000000794180000,0x00000007941a8000,0x0000000795000000)
  to   space 15360K, 0% used [0x0000000793200000,0x0000000793200000,0x0000000794100000)
 ParOldGen       total 173568K, used 36425K [0x00000006c2800000, 0x00000006cd180000, 0x000000076b800000)
  object space 173568K, 20% used [0x00000006c2800000,0x00000006c4b926e0,0x00000006cd180000)
 Metaspace       used 8261K, capacity 8646K, committed 8960K, reserved 1056768K
  class space    used 658K, capacity 690K, committed 768K, reserved 1048576K
}
Event: 2.173 GC heap before
{Heap before GC invocations=13 (full 0):
 PSYoungGen      total 664064K, used 649376K [0x000000076b800000, 0x0000000795000000, 0x00000007c0000000)
  eden space 649216K, 100% used [0x000000076b800000,0x0000000793200000,0x0000000793200000)
  from space 14848K, 1% used [0x0000000794180000,0x00000007941a8000,0x0000000795000000)
  to   space 15360K, 0% used [0x0000000793200000,0x0000000793200000,0x0000000794100000)
 ParOldGen       total 173568K, used 36425K [0x00000006c2800000, 0x00000006cd180000, 0x000000076b800000)
  object space 173568K, 20% used [0x00000006c2800000,0x00000006c4b926e0,0x00000006cd180000)
 Metaspace       used 8271K, capacity 8646K, committed 8960K, reserved 1056768K
  class space    used 658K, capacity 690K, committed 768K, reserved 1048576K
Event: 2.174 GC heap after
Heap after GC invocations=13 (full 0):
 PSYoungGen      total 664576K, used 224K [0x000000076b800000, 0x00000007acb80000, 0x00000007c0000000)
  eden space 649216K, 0% used [0x000000076b800000,0x000000076b800000,0x0000000793200000)
  from space 15360K, 1% used [0x0000000793200000,0x0000000793238000,0x0000000794100000)
  to   space 14848K, 0% used [0x00000007abd00000,0x00000007abd00000,0x00000007acb80000)
 ParOldGen       total 173568K, used 36433K [0x00000006c2800000, 0x00000006cd180000, 0x000000076b800000)
  object space 173568K, 20% used [0x00000006c2800000,0x00000006c4b946e0,0x00000006cd180000)
 Metaspace       used 8271K, capacity 8646K, committed 8960K, reserved 1056768K
  class space    used 658K, capacity 690K, committed 768K, reserved 1048576K
}
Event: 2.610 GC heap before
{Heap before GC invocations=14 (full 0):
 PSYoungGen      total 664576K, used 649440K [0x000000076b800000, 0x00000007acb80000, 0x00000007c0000000)
  eden space 649216K, 100% used [0x000000076b800000,0x0000000793200000,0x0000000793200000)
  from space 15360K, 1% used [0x0000000793200000,0x0000000793238000,0x0000000794100000)
  to   space 14848K, 0% used [0x00000007abd00000,0x00000007abd00000,0x00000007acb80000)
 ParOldGen       total 173568K, used 36433K [0x00000006c2800000, 0x00000006cd180000, 0x000000076b800000)
  object space 173568K, 20% used [0x00000006c2800000,0x00000006c4b946e0,0x00000006cd180000)
 Metaspace       used 8298K, capacity 8710K, committed 8960K, reserved 1056768K
  class space    used 658K, capacity 690K, committed 768K, reserved 1048576K
Event: 2.611 GC heap after
Heap after GC invocations=14 (full 0):
 PSYoungGen      total 1052672K, used 224K [0x000000076b800000, 0x00000007aca80000, 0x00000007c0000000)
  eden space 1038848K, 0% used [0x000000076b800000,0x000000076b800000,0x00000007aae80000)
  from space 13824K, 1% used [0x00000007abd00000,0x00000007abd38000,0x00000007aca80000)
  to   space 14336K, 0% used [0x00000007aae80000,0x00000007aae80000,0x00000007abc80000)
 ParOldGen       total 173568K, used 36457K [0x00000006c2800000, 0x00000006cd180000, 0x000000076b800000)
  object space 173568K, 21% used [0x00000006c2800000,0x00000006c4b9a6e0,0x00000006cd180000)
 Metaspace       used 8298K, capacity 8710K, committed 8960K, reserved 1056768K
  class space    used 658K, capacity 690K, committed 768K, reserved 1048576K
}

