# JRE version: Java(TM) SE Runtime Environment (8.0_65-b17) (build 1.8.0_65-b17)
# Java VM: Java HotSpot(TM) 64-Bit Server VM (25.65-b01 mixed mode windows-amd64 compressed oops)
Heap:
 PSYoungGen      total 909824K, used 389996K [0x000000076b800000, 0x00000007a6280000, 0x00000007c0000000)
  eden space 909312K, 42% used [0x000000076b800000,0x00000007834a32a8,0x00000007a3000000)
  from space 512K, 43% used [0x00000007a5b80000,0x00000007a5bb8000,0x00000007a5c00000)
  to   space 6144K, 0% used [0x00000007a5c80000,0x00000007a5c80000,0x00000007a6280000)
 ParOldGen       total 173568K, used 16827K [0x00000006c2800000, 0x00000006cd180000, 0x000000076b800000)
  object space 173568K, 9% used [0x00000006c2800000,0x00000006c386ef08,0x00000006cd180000)
 Metaspace       used 8387K, capacity 8774K, committed 8960K, reserved 1056768K
  class space    used 661K, capacity 690K, committed 768K, reserved 1048576K
GC Heap History (10 events):
Event: 1.809 GC heap before
{Heap before GC invocations=13 (full 0):
 PSYoungGen      total 374272K, used 374258K [0x000000076b800000, 0x0000000783080000, 0x00000007c0000000)
  eden space 372224K, 100% used [0x000000076b800000,0x0000000782380000,0x0000000782380000)
  from space 2048K, 99% used [0x0000000782880000,0x0000000782a7ca40,0x0000000782a80000)
  to   space 5120K, 0% used [0x0000000782380000,0x0000000782380000,0x0000000782880000)
 ParOldGen       total 173568K, used 9911K [0x00000006c2800000, 0x00000006cd180000, 0x000000076b800000)
  object space 173568K, 5% used [0x00000006c2800000,0x00000006c31adfd0,0x00000006cd180000)
 Metaspace       used 8277K, capacity 8710K, committed 8960K, reserved 1056768K
  class space    used 657K, capacity 690K, committed 768K, reserved 1048576K
Event: 1.816 GC heap after
Heap after GC invocations=13 (full 0):
 PSYoungGen      total 377344K, used 5109K [0x000000076b800000, 0x0000000790b00000, 0x00000007c0000000)
  eden space 372224K, 0% used [0x000000076b800000,0x000000076b800000,0x0000000782380000)
  from space 5120K, 99% used [0x0000000782380000,0x000000078287d7a0,0x0000000782880000)
  to   space 6656K, 0% used [0x0000000790480000,0x0000000790480000,0x0000000790b00000)
 ParOldGen       total 173568K, used 11757K [0x00000006c2800000, 0x00000006cd180000, 0x000000076b800000)
  object space 173568K, 6% used [0x00000006c2800000,0x00000006c337b768,0x00000006cd180000)
 Metaspace       used 8277K, capacity 8710K, committed 8960K, reserved 1056768K
  class space    used 657K, capacity 690K, committed 768K, reserved 1048576K
}
Event: 2.248 GC heap before
{Heap before GC invocations=14 (full 0):
 PSYoungGen      total 377344K, used 377333K [0x000000076b800000, 0x0000000790b00000, 0x00000007c0000000)
  eden space 372224K, 100% used [0x000000076b800000,0x0000000782380000,0x0000000782380000)
  from space 5120K, 99% used [0x0000000782380000,0x000000078287d7a0,0x0000000782880000)
  to   space 6656K, 0% used [0x0000000790480000,0x0000000790480000,0x0000000790b00000)
 ParOldGen       total 173568K, used 11757K [0x00000006c2800000, 0x00000006cd180000, 0x000000076b800000)
  object space 173568K, 6% used [0x00000006c2800000,0x00000006c337b768,0x00000006cd180000)
 Metaspace       used 8346K, capacity 8710K, committed 8960K, reserved 1056768K
  class space    used 661K, capacity 690K, committed 768K, reserved 1048576K
Event: 2.250 GC heap after
Heap after GC invocations=14 (full 0):
 PSYoungGen      total 602624K, used 192K [0x000000076b800000, 0x0000000790b00000, 0x00000007c0000000)
  eden space 595968K, 0% used [0x000000076b800000,0x000000076b800000,0x000000078fe00000)
  from space 6656K, 2% used [0x0000000790480000,0x00000007904b0000,0x0000000790b00000)
  to   space 6656K, 0% used [0x000000078fe00000,0x000000078fe00000,0x0000000790480000)
 ParOldGen       total 173568K, used 16755K [0x00000006c2800000, 0x00000006cd180000, 0x000000076b800000)
  object space 173568K, 9% used [0x00000006c2800000,0x00000006c385cf08,0x00000006cd180000)
 Metaspace       used 8346K, capacity 8710K, committed 8960K, reserved 1056768K
  class space    used 661K, capacity 690K, committed 768K, reserved 1048576K
}
Event: 2.907 GC heap before
{Heap before GC invocations=15 (full 0):
 PSYoungGen      total 602624K, used 596160K [0x000000076b800000, 0x0000000790b00000, 0x00000007c0000000)
  eden space 595968K, 100% used [0x000000076b800000,0x000000078fe00000,0x000000078fe00000)
  from space 6656K, 2% used [0x0000000790480000,0x00000007904b0000,0x0000000790b00000)
  to   space 6656K, 0% used [0x000000078fe00000,0x000000078fe00000,0x0000000790480000)
 ParOldGen       total 173568K, used 16755K [0x00000006c2800000, 0x00000006cd180000, 0x000000076b800000)
  object space 173568K, 9% used [0x00000006c2800000,0x00000006c385cf08,0x00000006cd180000)
 Metaspace       used 8369K, capacity 8774K, committed 8960K, reserved 1056768K
  class space    used 661K, capacity 690K, committed 768K, reserved 1048576K
Event: 2.907 GC heap after
Heap after GC invocations=15 (full 0):
 PSYoungGen      total 602624K, used 224K [0x000000076b800000, 0x00000007a6880000, 0x00000007c0000000)
  eden space 595968K, 0% used [0x000000076b800000,0x000000076b800000,0x000000078fe00000)
  from space 6656K, 3% used [0x000000078fe00000,0x000000078fe38000,0x0000000790480000)
  to   space 6656K, 0% used [0x00000007a6200000,0x00000007a6200000,0x00000007a6880000)
 ParOldGen       total 173568K, used 16811K [0x00000006c2800000, 0x00000006cd180000, 0x000000076b800000)
  object space 173568K, 9% used [0x00000006c2800000,0x00000006c386af08,0x00000006cd180000)
 Metaspace       used 8369K, capacity 8774K, committed 8960K, reserved 1056768K
  class space    used 661K, capacity 690K, committed 768K, reserved 1048576K
}
Event: 3.506 GC heap before
{Heap before GC invocations=16 (full 0):
 PSYoungGen      total 602624K, used 596192K [0x000000076b800000, 0x00000007a6880000, 0x00000007c0000000)
  eden space 595968K, 100% used [0x000000076b800000,0x000000078fe00000,0x000000078fe00000)
  from space 6656K, 3% used [0x000000078fe00000,0x000000078fe38000,0x0000000790480000)
  to   space 6656K, 0% used [0x00000007a6200000,0x00000007a6200000,0x00000007a6880000)
 ParOldGen       total 173568K, used 16811K [0x00000006c2800000, 0x00000006cd180000, 0x000000076b800000)
  object space 173568K, 9% used [0x00000006c2800000,0x00000006c386af08,0x00000006cd180000)
 Metaspace       used 8375K, capacity 8774K, committed 8960K, reserved 1056768K
  class space    used 661K, capacity 690K, committed 768K, reserved 1048576K
Event: 3.506 GC heap after
Heap after GC invocations=16 (full 0):
 PSYoungGen      total 960512K, used 192K [0x000000076b800000, 0x00000007a6880000, 0x00000007c0000000)
  eden space 953856K, 0% used [0x000000076b800000,0x000000076b800000,0x00000007a5b80000)
  from space 6656K, 2% used [0x00000007a6200000,0x00000007a6230000,0x00000007a6880000)
  to   space 6656K, 0% used [0x00000007a5b80000,0x00000007a5b80000,0x00000007a6200000)
 ParOldGen       total 173568K, used 16819K [0x00000006c2800000, 0x00000006cd180000, 0x000000076b800000)
  object space 173568K, 9% used [0x00000006c2800000,0x00000006c386cf08,0x00000006cd180000)
 Metaspace       used 8375K, capacity 8774K, committed 8960K, reserved 1056768K
  class space    used 661K, capacity 690K, committed 768K, reserved 1048576K
}
Event: 4.769 GC heap before
{Heap before GC invocations=17 (full 0):
 PSYoungGen      total 960512K, used 954048K [0x000000076b800000, 0x00000007a6880000, 0x00000007c0000000)
  eden space 953856K, 100% used [0x000000076b800000,0x00000007a5b80000,0x00000007a5b80000)
  from space 6656K, 2% used [0x00000007a6200000,0x00000007a6230000,0x00000007a6880000)
  to   space 6656K, 0% used [0x00000007a5b80000,0x00000007a5b80000,0x00000007a6200000)
 ParOldGen       total 173568K, used 16819K [0x00000006c2800000, 0x00000006cd180000, 0x000000076b800000)
  object space 173568K, 9% used [0x00000006c2800000,0x00000006c386cf08,0x00000006cd180000)
 Metaspace       used 8385K, capacity 8774K, committed 8960K, reserved 1056768K
  class space    used 661K, capacity 690K, committed 768K, reserved 1048576K
Event: 4.770 GC heap after
Heap after GC invocations=17 (full 0):
 PSYoungGen      total 909824K, used 224K [0x000000076b800000, 0x00000007a6280000, 0x00000007c0000000)
  eden space 909312K, 0% used [0x000000076b800000,0x000000076b800000,0x00000007a3000000)
  from space 512K, 43% used [0x00000007a5b80000,0x00000007a5bb8000,0x00000007a5c00000)
  to   space 6144K, 0% used [0x00000007a5c80000,0x00000007a5c80000,0x00000007a6280000)
 ParOldGen       total 173568K, used 16827K [0x00000006c2800000, 0x00000006cd180000, 0x000000076b800000)
  object space 173568K, 9% used [0x00000006c2800000,0x00000006c386ef08,0x00000006cd180000)
 Metaspace       used 8385K, capacity 8774K, committed 8960K, reserved 1056768K
  class space    used 661K, capacity 690K, committed 768K, reserved 1048576K
}

