# JRE version: Java(TM) SE Runtime Environment (8.0_65-b17) (build 1.8.0_65-b17)
# Java VM: Java HotSpot(TM) 64-Bit Server VM (25.65-b01 mixed mode windows-amd64 compressed oops)
Heap:
 PSYoungGen      total 1229312K, used 282839K [0x000000076b800000, 0x00000007be500000, 0x00000007c0000000)
  eden space 1228800K, 22% used [0x000000076b800000,0x000000077cbfdf78,0x00000007b6800000)
  from space 512K, 43% used [0x00000007be480000,0x00000007be4b8000,0x00000007be500000)
  to   space 12800K, 0% used [0x00000007bcc00000,0x00000007bcc00000,0x00000007bd880000)
 ParOldGen       total 173568K, used 36787K [0x00000006c2800000, 0x00000006cd180000, 0x000000076b800000)
  object space 173568K, 21% used [0x00000006c2800000,0x00000006c4becc68,0x00000006cd180000)
 Metaspace       used 8344K, capacity 8710K, committed 8960K, reserved 1056768K
  class space    used 659K, capacity 690K, committed 768K, reserved 1048576K
GC Heap History (10 events):
Event: 2.727 GC heap before
{Heap before GC invocations=14 (full 0):
 PSYoungGen      total 663552K, used 647360K [0x000000076b800000, 0x00000007aca80000, 0x00000007c0000000)
  eden space 647168K, 100% used [0x000000076b800000,0x0000000793000000,0x0000000793000000)
  from space 16384K, 1% used [0x0000000793000000,0x0000000793030000,0x0000000794000000)
  to   space 15872K, 0% used [0x00000007abb00000,0x00000007abb00000,0x00000007aca80000)
 ParOldGen       total 173568K, used 36739K [0x00000006c2800000, 0x00000006cd180000, 0x000000076b800000)
  object space 173568K, 21% used [0x00000006c2800000,0x00000006c4be0c68,0x00000006cd180000)
 Metaspace       used 8296K, capacity 8710K, committed 8960K, reserved 1056768K
  class space    used 659K, capacity 690K, committed 768K, reserved 1048576K
Event: 2.727 GC heap after
Heap after GC invocations=14 (full 0):
 PSYoungGen      total 1050624K, used 224K [0x000000076b800000, 0x00000007ac980000, 0x00000007c0000000)
  eden space 1035776K, 0% used [0x000000076b800000,0x000000076b800000,0x00000007aab80000)
  from space 14848K, 1% used [0x00000007abb00000,0x00000007abb38000,0x00000007ac980000)
  to   space 15360K, 0% used [0x00000007aab80000,0x00000007aab80000,0x00000007aba80000)
 ParOldGen       total 173568K, used 36747K [0x00000006c2800000, 0x00000006cd180000, 0x000000076b800000)
  object space 173568K, 21% used [0x00000006c2800000,0x00000006c4be2c68,0x00000006cd180000)
 Metaspace       used 8296K, capacity 8710K, committed 8960K, reserved 1056768K
  class space    used 659K, capacity 690K, committed 768K, reserved 1048576K
}
Event: 3.528 GC heap before
{Heap before GC invocations=15 (full 0):
 PSYoungGen      total 1050624K, used 1036000K [0x000000076b800000, 0x00000007ac980000, 0x00000007c0000000)
  eden space 1035776K, 100% used [0x000000076b800000,0x00000007aab80000,0x00000007aab80000)
  from space 14848K, 1% used [0x00000007abb00000,0x00000007abb38000,0x00000007ac980000)
  to   space 15360K, 0% used [0x00000007aab80000,0x00000007aab80000,0x00000007aba80000)
 ParOldGen       total 173568K, used 36747K [0x00000006c2800000, 0x00000006cd180000, 0x000000076b800000)
  object space 173568K, 21% used [0x00000006c2800000,0x00000006c4be2c68,0x00000006cd180000)
 Metaspace       used 8312K, capacity 8710K, committed 8960K, reserved 1056768K
  class space    used 659K, capacity 690K, committed 768K, reserved 1048576K
Event: 3.529 GC heap after
Heap after GC invocations=15 (full 0):
 PSYoungGen      total 1051136K, used 224K [0x000000076b800000, 0x00000007bff80000, 0x00000007c0000000)
  eden space 1035776K, 0% used [0x000000076b800000,0x000000076b800000,0x00000007aab80000)
  from space 15360K, 1% used [0x00000007aab80000,0x00000007aabb8000,0x00000007aba80000)
  to   space 14848K, 0% used [0x00000007bf100000,0x00000007bf100000,0x00000007bff80000)
 ParOldGen       total 173568K, used 36771K [0x00000006c2800000, 0x00000006cd180000, 0x000000076b800000)
  object space 173568K, 21% used [0x00000006c2800000,0x00000006c4be8c68,0x00000006cd180000)
 Metaspace       used 8312K, capacity 8710K, committed 8960K, reserved 1056768K
  class space    used 659K, capacity 690K, committed 768K, reserved 1048576K
}
Event: 4.395 GC heap before
{Heap before GC invocations=16 (full 0):
 PSYoungGen      total 1051136K, used 1036000K [0x000000076b800000, 0x00000007bff80000, 0x00000007c0000000)
  eden space 1035776K, 100% used [0x000000076b800000,0x00000007aab80000,0x00000007aab80000)
  from space 15360K, 1% used [0x00000007aab80000,0x00000007aabb8000,0x00000007aba80000)
  to   space 14848K, 0% used [0x00000007bf100000,0x00000007bf100000,0x00000007bff80000)
 ParOldGen       total 173568K, used 36771K [0x00000006c2800000, 0x00000006cd180000, 0x000000076b800000)
  object space 173568K, 21% used [0x00000006c2800000,0x00000006c4be8c68,0x00000006cd180000)
 Metaspace       used 8320K, capacity 8710K, committed 8960K, reserved 1056768K
  class space    used 659K, capacity 690K, committed 768K, reserved 1048576K
Event: 4.395 GC heap after
Heap after GC invocations=16 (full 0):
 PSYoungGen      total 1367040K, used 224K [0x000000076b800000, 0x00000007bfd80000, 0x00000007c0000000)
  eden space 1354240K, 0% used [0x000000076b800000,0x000000076b800000,0x00000007be280000)
  from space 12800K, 1% used [0x00000007bf100000,0x00000007bf138000,0x00000007bfd80000)
  to   space 13824K, 0% used [0x00000007be280000,0x00000007be280000,0x00000007bf000000)
 ParOldGen       total 173568K, used 36771K [0x00000006c2800000, 0x00000006cd180000, 0x000000076b800000)
  object space 173568K, 21% used [0x00000006c2800000,0x00000006c4be8c68,0x00000006cd180000)
 Metaspace       used 8320K, capacity 8710K, committed 8960K, reserved 1056768K
  class space    used 659K, capacity 690K, committed 768K, reserved 1048576K
}
Event: 5.481 GC heap before
{Heap before GC invocations=17 (full 0):
 PSYoungGen      total 1367040K, used 1354464K [0x000000076b800000, 0x00000007bfd80000, 0x00000007c0000000)
  eden space 1354240K, 100% used [0x000000076b800000,0x00000007be280000,0x00000007be280000)
  from space 12800K, 1% used [0x00000007bf100000,0x00000007bf138000,0x00000007bfd80000)
  to   space 13824K, 0% used [0x00000007be280000,0x00000007be280000,0x00000007bf000000)
 ParOldGen       total 173568K, used 36771K [0x00000006c2800000, 0x00000006cd180000, 0x000000076b800000)
  object space 173568K, 21% used [0x00000006c2800000,0x00000006c4be8c68,0x00000006cd180000)
 Metaspace       used 8327K, capacity 8710K, committed 8960K, reserved 1056768K
  class space    used 659K, capacity 690K, committed 768K, reserved 1048576K
Event: 5.482 GC heap after
Heap after GC invocations=17 (full 0):
 PSYoungGen      total 1290240K, used 160K [0x000000076b800000, 0x00000007bf180000, 0x00000007c0000000)
  eden space 1289728K, 0% used [0x000000076b800000,0x000000076b800000,0x00000007ba380000)
  from space 512K, 31% used [0x00000007be280000,0x00000007be2a8000,0x00000007be300000)
  to   space 13312K, 0% used [0x00000007be480000,0x00000007be480000,0x00000007bf180000)
 ParOldGen       total 173568K, used 36771K [0x00000006c2800000, 0x00000006cd180000, 0x000000076b800000)
  object space 173568K, 21% used [0x00000006c2800000,0x00000006c4be8c68,0x00000006cd180000)
 Metaspace       used 8327K, capacity 8710K, committed 8960K, reserved 1056768K
  class space    used 659K, capacity 690K, committed 768K, reserved 1048576K
}
Event: 6.481 GC heap before
{Heap before GC invocations=18 (full 0):
 PSYoungGen      total 1290240K, used 1289888K [0x000000076b800000, 0x00000007bf180000, 0x00000007c0000000)
  eden space 1289728K, 100% used [0x000000076b800000,0x00000007ba380000,0x00000007ba380000)
  from space 512K, 31% used [0x00000007be280000,0x00000007be2a8000,0x00000007be300000)
  to   space 13312K, 0% used [0x00000007be480000,0x00000007be480000,0x00000007bf180000)
 ParOldGen       total 173568K, used 36771K [0x00000006c2800000, 0x00000006cd180000, 0x000000076b800000)
  object space 173568K, 21% used [0x00000006c2800000,0x00000006c4be8c68,0x00000006cd180000)
 Metaspace       used 8333K, capacity 8710K, committed 8960K, reserved 1056768K
  class space    used 659K, capacity 690K, committed 768K, reserved 1048576K
Event: 6.482 GC heap after
Heap after GC invocations=18 (full 0):
 PSYoungGen      total 1229312K, used 224K [0x000000076b800000, 0x00000007be500000, 0x00000007c0000000)
  eden space 1228800K, 0% used [0x000000076b800000,0x000000076b800000,0x00000007b6800000)
  from space 512K, 43% used [0x00000007be480000,0x00000007be4b8000,0x00000007be500000)
  to   space 12800K, 0% used [0x00000007bcc00000,0x00000007bcc00000,0x00000007bd880000)
 ParOldGen       total 173568K, used 36787K [0x00000006c2800000, 0x00000006cd180000, 0x000000076b800000)
  object space 173568K, 21% used [0x00000006c2800000,0x00000006c4becc68,0x00000006cd180000)
 Metaspace       used 8333K, capacity 8710K, committed 8960K, reserved 1056768K
  class space    used 659K, capacity 690K, committed 768K, reserved 1048576K
}

