# JRE version: Java(TM) SE Runtime Environment (8.0_65-b17) (build 1.8.0_65-b17)
# Java VM: Java HotSpot(TM) 64-Bit Server VM (25.65-b01 mixed mode windows-amd64 compressed oops)
Heap:
 PSYoungGen      total 139776K, used 87810K [0x000000076b800000, 0x000000078a900000, 0x00000007c0000000)
  eden space 139264K, 62% used [0x000000076b800000,0x0000000770d909f8,0x0000000774000000)
  from space 512K, 37% used [0x000000078a880000,0x000000078a8b0000,0x000000078a900000)
  to   space 1536K, 0% used [0x000000078a600000,0x000000078a600000,0x000000078a780000)
 ParOldGen       total 173568K, used 1748K [0x00000006c2800000, 0x00000006cd180000, 0x000000076b800000)
  object space 173568K, 1% used [0x00000006c2800000,0x00000006c29b52d0,0x00000006cd180000)
 Metaspace       used 8082K, capacity 8646K, committed 8960K, reserved 1056768K
  class space    used 646K, capacity 690K, committed 768K, reserved 1048576K
GC Heap History (10 events):
Event: 2.879 GC heap before
{Heap before GC invocations=20 (full 0):
 PSYoungGen      total 167424K, used 165536K [0x000000076b800000, 0x000000078ac80000, 0x00000007c0000000)
  eden space 165376K, 100% used [0x000000076b800000,0x0000000775980000,0x0000000775980000)
  from space 2048K, 7% used [0x000000078a880000,0x000000078a8a8000,0x000000078aa80000)
  to   space 2048K, 0% used [0x000000078aa80000,0x000000078aa80000,0x000000078ac80000)
 ParOldGen       total 173568K, used 1732K [0x00000006c2800000, 0x00000006cd180000, 0x000000076b800000)
  object space 173568K, 0% used [0x00000006c2800000,0x00000006c29b12d0,0x00000006cd180000)
 Metaspace       used 8076K, capacity 8646K, committed 8960K, reserved 1056768K
  class space    used 646K, capacity 690K, committed 768K, reserved 1048576K
Event: 2.880 GC heap after
Heap after GC invocations=20 (full 0):
 PSYoungGen      total 160256K, used 224K [0x000000076b800000, 0x000000078ab00000, 0x00000007c0000000)
  eden space 159744K, 0% used [0x000000076b800000,0x000000076b800000,0x0000000775400000)
  from space 512K, 43% used [0x000000078aa80000,0x000000078aab8000,0x000000078ab00000)
  to   space 2048K, 0% used [0x000000078a700000,0x000000078a700000,0x000000078a900000)
 ParOldGen       total 173568K, used 1732K [0x00000006c2800000, 0x00000006cd180000, 0x000000076b800000)
  object space 173568K, 0% used [0x00000006c2800000,0x00000006c29b12d0,0x00000006cd180000)
 Metaspace       used 8076K, capacity 8646K, committed 8960K, reserved 1056768K
  class space    used 646K, capacity 690K, committed 768K, reserved 1048576K
}
Event: 3.012 GC heap before
{Heap before GC invocations=21 (full 0):
 PSYoungGen      total 160256K, used 159968K [0x000000076b800000, 0x000000078ab00000, 0x00000007c0000000)
  eden space 159744K, 100% used [0x000000076b800000,0x0000000775400000,0x0000000775400000)
  from space 512K, 43% used [0x000000078aa80000,0x000000078aab8000,0x000000078ab00000)
  to   space 2048K, 0% used [0x000000078a700000,0x000000078a700000,0x000000078a900000)
 ParOldGen       total 173568K, used 1732K [0x00000006c2800000, 0x00000006cd180000, 0x000000076b800000)
  object space 173568K, 0% used [0x00000006c2800000,0x00000006c29b12d0,0x00000006cd180000)
 Metaspace       used 8082K, capacity 8646K, committed 8960K, reserved 1056768K
  class space    used 646K, capacity 690K, committed 768K, reserved 1048576K
Event: 3.012 GC heap after
Heap after GC invocations=21 (full 0):
 PSYoungGen      total 156160K, used 192K [0x000000076b800000, 0x000000078ab00000, 0x00000007c0000000)
  eden space 154112K, 0% used [0x000000076b800000,0x000000076b800000,0x0000000774e80000)
  from space 2048K, 9% used [0x000000078a700000,0x000000078a730000,0x000000078a900000)
  to   space 1536K, 0% used [0x000000078a980000,0x000000078a980000,0x000000078ab00000)
 ParOldGen       total 173568K, used 1740K [0x00000006c2800000, 0x00000006cd180000, 0x000000076b800000)
  object space 173568K, 1% used [0x00000006c2800000,0x00000006c29b32d0,0x00000006cd180000)
 Metaspace       used 8082K, capacity 8646K, committed 8960K, reserved 1056768K
  class space    used 646K, capacity 690K, committed 768K, reserved 1048576K
}
Event: 3.177 GC heap before
{Heap before GC invocations=22 (full 0):
 PSYoungGen      total 156160K, used 154304K [0x000000076b800000, 0x000000078ab00000, 0x00000007c0000000)
  eden space 154112K, 100% used [0x000000076b800000,0x0000000774e80000,0x0000000774e80000)
  from space 2048K, 9% used [0x000000078a700000,0x000000078a730000,0x000000078a900000)
  to   space 1536K, 0% used [0x000000078a980000,0x000000078a980000,0x000000078ab00000)
 ParOldGen       total 173568K, used 1740K [0x00000006c2800000, 0x00000006cd180000, 0x000000076b800000)
  object space 173568K, 1% used [0x00000006c2800000,0x00000006c29b32d0,0x00000006cd180000)
 Metaspace       used 8082K, capacity 8646K, committed 8960K, reserved 1056768K
  class space    used 646K, capacity 690K, committed 768K, reserved 1048576K
Event: 3.178 GC heap after
Heap after GC invocations=22 (full 0):
 PSYoungGen      total 149504K, used 128K [0x000000076b800000, 0x000000078aa00000, 0x00000007c0000000)
  eden space 148992K, 0% used [0x000000076b800000,0x000000076b800000,0x0000000774980000)
  from space 512K, 25% used [0x000000078a980000,0x000000078a9a0000,0x000000078aa00000)
  to   space 1536K, 0% used [0x000000078a700000,0x000000078a700000,0x000000078a880000)
 ParOldGen       total 173568K, used 1748K [0x00000006c2800000, 0x00000006cd180000, 0x000000076b800000)
  object space 173568K, 1% used [0x00000006c2800000,0x00000006c29b52d0,0x00000006cd180000)
 Metaspace       used 8082K, capacity 8646K, committed 8960K, reserved 1056768K
  class space    used 646K, capacity 690K, committed 768K, reserved 1048576K
}
Event: 3.297 GC heap before
{Heap before GC invocations=23 (full 0):
 PSYoungGen      total 149504K, used 149120K [0x000000076b800000, 0x000000078aa00000, 0x00000007c0000000)
  eden space 148992K, 100% used [0x000000076b800000,0x0000000774980000,0x0000000774980000)
  from space 512K, 25% used [0x000000078a980000,0x000000078a9a0000,0x000000078aa00000)
  to   space 1536K, 0% used [0x000000078a700000,0x000000078a700000,0x000000078a880000)
 ParOldGen       total 173568K, used 1748K [0x00000006c2800000, 0x00000006cd180000, 0x000000076b800000)
  object space 173568K, 1% used [0x00000006c2800000,0x00000006c29b52d0,0x00000006cd180000)
 Metaspace       used 8082K, capacity 8646K, committed 8960K, reserved 1056768K
  class space    used 646K, capacity 690K, committed 768K, reserved 1048576K
Event: 3.297 GC heap after
Heap after GC invocations=23 (full 0):
 PSYoungGen      total 145408K, used 160K [0x000000076b800000, 0x000000078aa00000, 0x00000007c0000000)
  eden space 143872K, 0% used [0x000000076b800000,0x000000076b800000,0x0000000774480000)
  from space 1536K, 10% used [0x000000078a700000,0x000000078a728000,0x000000078a880000)
  to   space 1536K, 0% used [0x000000078a880000,0x000000078a880000,0x000000078aa00000)
 ParOldGen       total 173568K, used 1748K [0x00000006c2800000, 0x00000006cd180000, 0x000000076b800000)
  object space 173568K, 1% used [0x00000006c2800000,0x00000006c29b52d0,0x00000006cd180000)
 Metaspace       used 8082K, capacity 8646K, committed 8960K, reserved 1056768K
  class space    used 646K, capacity 690K, committed 768K, reserved 1048576K
}
Event: 3.432 GC heap before
{Heap before GC invocations=24 (full 0):
 PSYoungGen      total 145408K, used 144032K [0x000000076b800000, 0x000000078aa00000, 0x00000007c0000000)
  eden space 143872K, 100% used [0x000000076b800000,0x0000000774480000,0x0000000774480000)
  from space 1536K, 10% used [0x000000078a700000,0x000000078a728000,0x000000078a880000)
  to   space 1536K, 0% used [0x000000078a880000,0x000000078a880000,0x000000078aa00000)
 ParOldGen       total 173568K, used 1748K [0x00000006c2800000, 0x00000006cd180000, 0x000000076b800000)
  object space 173568K, 1% used [0x00000006c2800000,0x00000006c29b52d0,0x00000006cd180000)
 Metaspace       used 8082K, capacity 8646K, committed 8960K, reserved 1056768K
  class space    used 646K, capacity 690K, committed 768K, reserved 1048576K
Event: 3.432 GC heap after
Heap after GC invocations=24 (full 0):
 PSYoungGen      total 139776K, used 192K [0x000000076b800000, 0x000000078a900000, 0x00000007c0000000)
  eden space 139264K, 0% used [0x000000076b800000,0x000000076b800000,0x0000000774000000)
  from space 512K, 37% used [0x000000078a880000,0x000000078a8b0000,0x000000078a900000)
  to   space 1536K, 0% used [0x000000078a600000,0x000000078a600000,0x000000078a780000)
 ParOldGen       total 173568K, used 1748K [0x00000006c2800000, 0x00000006cd180000, 0x000000076b800000)
  object space 173568K, 1% used [0x00000006c2800000,0x00000006c29b52d0,0x00000006cd180000)
 Metaspace       used 8082K, capacity 8646K, committed 8960K, reserved 1056768K
  class space    used 646K, capacity 690K, committed 768K, reserved 1048576K
}

