# JRE version: Java(TM) SE Runtime Environment (8.0_65-b17) (build 1.8.0_65-b17)
# Java VM: Java HotSpot(TM) 64-Bit Server VM (25.65-b01 mixed mode windows-amd64 compressed oops)
Heap:
 PSYoungGen      total 73216K, used 33477K [0x000000076b800000, 0x000000077a600000, 0x00000007c0000000)
  eden space 72704K, 46% used [0x000000076b800000,0x000000076d8a94a0,0x000000076ff00000)
  from space 512K, 6% used [0x000000077a580000,0x000000077a588000,0x000000077a600000)
  to   space 512K, 0% used [0x000000077a500000,0x000000077a500000,0x000000077a580000)
 ParOldGen       total 173568K, used 2351K [0x00000006c2800000, 0x00000006cd180000, 0x000000076b800000)
  object space 173568K, 1% used [0x00000006c2800000,0x00000006c2a4be38,0x00000006cd180000)
 Metaspace       used 8070K, capacity 8550K, committed 8704K, reserved 1056768K
  class space    used 644K, capacity 658K, committed 768K, reserved 1048576K
GC Heap History (10 events):
Event: 5.818 GC heap before
{Heap before GC invocations=42 (full 0):
 PSYoungGen      total 83456K, used 82592K [0x000000076b800000, 0x000000077a600000, 0x00000007c0000000)
  eden space 82432K, 100% used [0x000000076b800000,0x0000000770880000,0x0000000770880000)
  from space 1024K, 15% used [0x000000077a400000,0x000000077a428000,0x000000077a500000)
  to   space 512K, 0% used [0x000000077a580000,0x000000077a580000,0x000000077a600000)
 ParOldGen       total 173568K, used 2351K [0x00000006c2800000, 0x00000006cd180000, 0x000000076b800000)
  object space 173568K, 1% used [0x00000006c2800000,0x00000006c2a4be38,0x00000006cd180000)
 Metaspace       used 8070K, capacity 8550K, committed 8704K, reserved 1056768K
  class space    used 644K, capacity 658K, committed 768K, reserved 1048576K
Event: 5.819 GC heap after
Heap after GC invocations=42 (full 0):
 PSYoungGen      total 80896K, used 128K [0x000000076b800000, 0x000000077a600000, 0x00000007c0000000)
  eden space 80384K, 0% used [0x000000076b800000,0x000000076b800000,0x0000000770680000)
  from space 512K, 25% used [0x000000077a580000,0x000000077a5a0000,0x000000077a600000)
  to   space 512K, 0% used [0x000000077a500000,0x000000077a500000,0x000000077a580000)
 ParOldGen       total 173568K, used 2351K [0x00000006c2800000, 0x00000006cd180000, 0x000000076b800000)
  object space 173568K, 1% used [0x00000006c2800000,0x00000006c2a4be38,0x00000006cd180000)
 Metaspace       used 8070K, capacity 8550K, committed 8704K, reserved 1056768K
  class space    used 644K, capacity 658K, committed 768K, reserved 1048576K
}
Event: 5.896 GC heap before
{Heap before GC invocations=43 (full 0):
 PSYoungGen      total 80896K, used 80512K [0x000000076b800000, 0x000000077a600000, 0x00000007c0000000)
  eden space 80384K, 100% used [0x000000076b800000,0x0000000770680000,0x0000000770680000)
  from space 512K, 25% used [0x000000077a580000,0x000000077a5a0000,0x000000077a600000)
  to   space 512K, 0% used [0x000000077a500000,0x000000077a500000,0x000000077a580000)
 ParOldGen       total 173568K, used 2351K [0x00000006c2800000, 0x00000006cd180000, 0x000000076b800000)
  object space 173568K, 1% used [0x00000006c2800000,0x00000006c2a4be38,0x00000006cd180000)
 Metaspace       used 8070K, capacity 8550K, committed 8704K, reserved 1056768K
  class space    used 644K, capacity 658K, committed 768K, reserved 1048576K
Event: 5.897 GC heap after
Heap after GC invocations=43 (full 0):
 PSYoungGen      total 78848K, used 96K [0x000000076b800000, 0x000000077a600000, 0x00000007c0000000)
  eden space 78336K, 0% used [0x000000076b800000,0x000000076b800000,0x0000000770480000)
  from space 512K, 18% used [0x000000077a500000,0x000000077a518000,0x000000077a580000)
  to   space 512K, 0% used [0x000000077a580000,0x000000077a580000,0x000000077a600000)
 ParOldGen       total 173568K, used 2351K [0x00000006c2800000, 0x00000006cd180000, 0x000000076b800000)
  object space 173568K, 1% used [0x00000006c2800000,0x00000006c2a4be38,0x00000006cd180000)
 Metaspace       used 8070K, capacity 8550K, committed 8704K, reserved 1056768K
  class space    used 644K, capacity 658K, committed 768K, reserved 1048576K
}
Event: 5.973 GC heap before
{Heap before GC invocations=44 (full 0):
 PSYoungGen      total 78848K, used 78432K [0x000000076b800000, 0x000000077a600000, 0x00000007c0000000)
  eden space 78336K, 100% used [0x000000076b800000,0x0000000770480000,0x0000000770480000)
  from space 512K, 18% used [0x000000077a500000,0x000000077a518000,0x000000077a580000)
  to   space 512K, 0% used [0x000000077a580000,0x000000077a580000,0x000000077a600000)
 ParOldGen       total 173568K, used 2351K [0x00000006c2800000, 0x00000006cd180000, 0x000000076b800000)
  object space 173568K, 1% used [0x00000006c2800000,0x00000006c2a4be38,0x00000006cd180000)
 Metaspace       used 8070K, capacity 8550K, committed 8704K, reserved 1056768K
  class space    used 644K, capacity 658K, committed 768K, reserved 1048576K
Event: 5.973 GC heap after
Heap after GC invocations=44 (full 0):
 PSYoungGen      total 76800K, used 128K [0x000000076b800000, 0x000000077a600000, 0x00000007c0000000)
  eden space 76288K, 0% used [0x000000076b800000,0x000000076b800000,0x0000000770280000)
  from space 512K, 25% used [0x000000077a580000,0x000000077a5a0000,0x000000077a600000)
  to   space 512K, 0% used [0x000000077a500000,0x000000077a500000,0x000000077a580000)
 ParOldGen       total 173568K, used 2351K [0x00000006c2800000, 0x00000006cd180000, 0x000000076b800000)
  object space 173568K, 1% used [0x00000006c2800000,0x00000006c2a4be38,0x00000006cd180000)
 Metaspace       used 8070K, capacity 8550K, committed 8704K, reserved 1056768K
  class space    used 644K, capacity 658K, committed 768K, reserved 1048576K
}
Event: 6.047 GC heap before
{Heap before GC invocations=45 (full 0):
 PSYoungGen      total 76800K, used 76416K [0x000000076b800000, 0x000000077a600000, 0x00000007c0000000)
  eden space 76288K, 100% used [0x000000076b800000,0x0000000770280000,0x0000000770280000)
  from space 512K, 25% used [0x000000077a580000,0x000000077a5a0000,0x000000077a600000)
  to   space 512K, 0% used [0x000000077a500000,0x000000077a500000,0x000000077a580000)
 ParOldGen       total 173568K, used 2351K [0x00000006c2800000, 0x00000006cd180000, 0x000000076b800000)
  object space 173568K, 1% used [0x00000006c2800000,0x00000006c2a4be38,0x00000006cd180000)
 Metaspace       used 8070K, capacity 8550K, committed 8704K, reserved 1056768K
  class space    used 644K, capacity 658K, committed 768K, reserved 1048576K
Event: 6.048 GC heap after
Heap after GC invocations=45 (full 0):
 PSYoungGen      total 74752K, used 96K [0x000000076b800000, 0x000000077a600000, 0x00000007c0000000)
  eden space 74240K, 0% used [0x000000076b800000,0x000000076b800000,0x0000000770080000)
  from space 512K, 18% used [0x000000077a500000,0x000000077a518000,0x000000077a580000)
  to   space 512K, 0% used [0x000000077a580000,0x000000077a580000,0x000000077a600000)
 ParOldGen       total 173568K, used 2351K [0x00000006c2800000, 0x00000006cd180000, 0x000000076b800000)
  object space 173568K, 1% used [0x00000006c2800000,0x00000006c2a4be38,0x00000006cd180000)
 Metaspace       used 8070K, capacity 8550K, committed 8704K, reserved 1056768K
  class space    used 644K, capacity 658K, committed 768K, reserved 1048576K
}
Event: 6.118 GC heap before
{Heap before GC invocations=46 (full 0):
 PSYoungGen      total 74752K, used 74336K [0x000000076b800000, 0x000000077a600000, 0x00000007c0000000)
  eden space 74240K, 100% used [0x000000076b800000,0x0000000770080000,0x0000000770080000)
  from space 512K, 18% used [0x000000077a500000,0x000000077a518000,0x000000077a580000)
  to   space 512K, 0% used [0x000000077a580000,0x000000077a580000,0x000000077a600000)
 ParOldGen       total 173568K, used 2351K [0x00000006c2800000, 0x00000006cd180000, 0x000000076b800000)
  object space 173568K, 1% used [0x00000006c2800000,0x00000006c2a4be38,0x00000006cd180000)
 Metaspace       used 8070K, capacity 8550K, committed 8704K, reserved 1056768K
  class space    used 644K, capacity 658K, committed 768K, reserved 1048576K
Event: 6.119 GC heap after
Heap after GC invocations=46 (full 0):
 PSYoungGen      total 73216K, used 32K [0x000000076b800000, 0x000000077a600000, 0x00000007c0000000)
  eden space 72704K, 0% used [0x000000076b800000,0x000000076b800000,0x000000076ff00000)
  from space 512K, 6% used [0x000000077a580000,0x000000077a588000,0x000000077a600000)
  to   space 512K, 0% used [0x000000077a500000,0x000000077a500000,0x000000077a580000)
 ParOldGen       total 173568K, used 2351K [0x00000006c2800000, 0x00000006cd180000, 0x000000076b800000)
  object space 173568K, 1% used [0x00000006c2800000,0x00000006c2a4be38,0x00000006cd180000)
 Metaspace       used 8070K, capacity 8550K, committed 8704K, reserved 1056768K
  class space    used 644K, capacity 658K, committed 768K, reserved 1048576K
}

