# JRE version: Java(TM) SE Runtime Environment (8.0_65-b17) (build 1.8.0_65-b17)
# Java VM: Java HotSpot(TM) 64-Bit Server VM (25.65-b01 mixed mode windows-amd64 compressed oops)
Heap:
 PSYoungGen      total 706048K, used 507309K [0x000000076b800000, 0x00000007b0a00000, 0x00000007c0000000)
  eden space 696320K, 72% used [0x000000076b800000,0x000000078a73b7d8,0x0000000796000000)
  from space 9728K, 1% used [0x0000000796000000,0x0000000796030000,0x0000000796980000)
  to   space 9216K, 0% used [0x00000007b0100000,0x00000007b0100000,0x00000007b0a00000)
 ParOldGen       total 173568K, used 21874K [0x00000006c2800000, 0x00000006cd180000, 0x000000076b800000)
  object space 173568K, 12% used [0x00000006c2800000,0x00000006c3d5cac0,0x00000006cd180000)
 Metaspace       used 8246K, capacity 8646K, committed 8960K, reserved 1056768K
  class space    used 655K, capacity 690K, committed 768K, reserved 1048576K
GC Heap History (10 events):
Event: 1.299 GC heap before
{Heap before GC invocations=9 (full 0):
 PSYoungGen      total 278016K, used 277583K [0x000000076b800000, 0x000000077c900000, 0x00000007c0000000)
  eden space 276480K, 100% used [0x000000076b800000,0x000000077c600000,0x000000077c600000)
  from space 1536K, 71% used [0x000000077c780000,0x000000077c893ee8,0x000000077c900000)
  to   space 1536K, 0% used [0x000000077c600000,0x000000077c600000,0x000000077c780000)
 ParOldGen       total 173568K, used 676K [0x00000006c2800000, 0x00000006cd180000, 0x000000076b800000)
  object space 173568K, 0% used [0x00000006c2800000,0x00000006c28a9060,0x00000006cd180000)
 Metaspace       used 8145K, capacity 8550K, committed 8704K, reserved 1056768K
  class space    used 649K, capacity 658K, committed 768K, reserved 1048576K
Event: 1.302 GC heap after
Heap after GC invocations=9 (full 0):
 PSYoungGen      total 278016K, used 1512K [0x000000076b800000, 0x0000000786d00000, 0x00000007c0000000)
  eden space 276480K, 0% used [0x000000076b800000,0x000000076b800000,0x000000077c600000)
  from space 1536K, 98% used [0x000000077c600000,0x000000077c77a110,0x000000077c780000)
  to   space 2560K, 0% used [0x0000000786a80000,0x0000000786a80000,0x0000000786d00000)
 ParOldGen       total 173568K, used 2478K [0x00000006c2800000, 0x00000006cd180000, 0x000000076b800000)
  object space 173568K, 1% used [0x00000006c2800000,0x00000006c2a6bab0,0x00000006cd180000)
 Metaspace       used 8145K, capacity 8550K, committed 8704K, reserved 1056768K
  class space    used 649K, capacity 658K, committed 768K, reserved 1048576K
}
Event: 1.452 GC heap before
{Heap before GC invocations=10 (full 0):
 PSYoungGen      total 278016K, used 277992K [0x000000076b800000, 0x0000000786d00000, 0x00000007c0000000)
  eden space 276480K, 100% used [0x000000076b800000,0x000000077c600000,0x000000077c600000)
  from space 1536K, 98% used [0x000000077c600000,0x000000077c77a110,0x000000077c780000)
  to   space 2560K, 0% used [0x0000000786a80000,0x0000000786a80000,0x0000000786d00000)
 ParOldGen       total 173568K, used 2478K [0x00000006c2800000, 0x00000006cd180000, 0x000000076b800000)
  object space 173568K, 1% used [0x00000006c2800000,0x00000006c2a6bab0,0x00000006cd180000)
 Metaspace       used 8185K, capacity 8582K, committed 8704K, reserved 1056768K
  class space    used 652K, capacity 690K, committed 768K, reserved 1048576K
Event: 1.467 GC heap after
Heap after GC invocations=10 (full 0):
 PSYoungGen      total 437760K, used 2533K [0x000000076b800000, 0x0000000787b00000, 0x00000007c0000000)
  eden space 435200K, 0% used [0x000000076b800000,0x000000076b800000,0x0000000786100000)
  from space 2560K, 98% used [0x0000000786a80000,0x0000000786cf9460,0x0000000786d00000)
  to   space 9728K, 0% used [0x0000000786100000,0x0000000786100000,0x0000000786a80000)
 ParOldGen       total 173568K, used 21254K [0x00000006c2800000, 0x00000006cd180000, 0x000000076b800000)
  object space 173568K, 12% used [0x00000006c2800000,0x00000006c3cc1ab0,0x00000006cd180000)
 Metaspace       used 8185K, capacity 8582K, committed 8704K, reserved 1056768K
  class space    used 652K, capacity 690K, committed 768K, reserved 1048576K
}
Event: 1.847 GC heap before
{Heap before GC invocations=11 (full 0):
 PSYoungGen      total 437760K, used 437733K [0x000000076b800000, 0x0000000787b00000, 0x00000007c0000000)
  eden space 435200K, 100% used [0x000000076b800000,0x0000000786100000,0x0000000786100000)
  from space 2560K, 98% used [0x0000000786a80000,0x0000000786cf9460,0x0000000786d00000)
  to   space 9728K, 0% used [0x0000000786100000,0x0000000786100000,0x0000000786a80000)
 ParOldGen       total 173568K, used 21254K [0x00000006c2800000, 0x00000006cd180000, 0x000000076b800000)
  object space 173568K, 12% used [0x00000006c2800000,0x00000006c3cc1ab0,0x00000006cd180000)
 Metaspace       used 8239K, capacity 8646K, committed 8960K, reserved 1056768K
  class space    used 655K, capacity 690K, committed 768K, reserved 1048576K
Event: 1.850 GC heap after
Heap after GC invocations=11 (full 0):
 PSYoungGen      total 444928K, used 224K [0x000000076b800000, 0x0000000797300000, 0x00000007c0000000)
  eden space 435200K, 0% used [0x000000076b800000,0x000000076b800000,0x0000000786100000)
  from space 9728K, 2% used [0x0000000786100000,0x0000000786138000,0x0000000786a80000)
  to   space 9728K, 0% used [0x0000000796980000,0x0000000796980000,0x0000000797300000)
 ParOldGen       total 173568K, used 21802K [0x00000006c2800000, 0x00000006cd180000, 0x000000076b800000)
  object space 173568K, 12% used [0x00000006c2800000,0x00000006c3d4aac0,0x00000006cd180000)
 Metaspace       used 8239K, capacity 8646K, committed 8960K, reserved 1056768K
  class space    used 655K, capacity 690K, committed 768K, reserved 1048576K
}
Event: 2.098 GC heap before
{Heap before GC invocations=12 (full 0):
 PSYoungGen      total 444928K, used 435424K [0x000000076b800000, 0x0000000797300000, 0x00000007c0000000)
  eden space 435200K, 100% used [0x000000076b800000,0x0000000786100000,0x0000000786100000)
  from space 9728K, 2% used [0x0000000786100000,0x0000000786138000,0x0000000786a80000)
  to   space 9728K, 0% used [0x0000000796980000,0x0000000796980000,0x0000000797300000)
 ParOldGen       total 173568K, used 21802K [0x00000006c2800000, 0x00000006cd180000, 0x000000076b800000)
  object space 173568K, 12% used [0x00000006c2800000,0x00000006c3d4aac0,0x00000006cd180000)
 Metaspace       used 8240K, capacity 8646K, committed 8960K, reserved 1056768K
  class space    used 655K, capacity 690K, committed 768K, reserved 1048576K
Event: 2.098 GC heap after
Heap after GC invocations=12 (full 0):
 PSYoungGen      total 706048K, used 192K [0x000000076b800000, 0x0000000797300000, 0x00000007c0000000)
  eden space 696320K, 0% used [0x000000076b800000,0x000000076b800000,0x0000000796000000)
  from space 9728K, 1% used [0x0000000796980000,0x00000007969b0000,0x0000000797300000)
  to   space 9728K, 0% used [0x0000000796000000,0x0000000796000000,0x0000000796980000)
 ParOldGen       total 173568K, used 21866K [0x00000006c2800000, 0x00000006cd180000, 0x000000076b800000)
  object space 173568K, 12% used [0x00000006c2800000,0x00000006c3d5aac0,0x00000006cd180000)
 Metaspace       used 8240K, capacity 8646K, committed 8960K, reserved 1056768K
  class space    used 655K, capacity 690K, committed 768K, reserved 1048576K
}
Event: 2.657 GC heap before
{Heap before GC invocations=13 (full 0):
 PSYoungGen      total 706048K, used 696512K [0x000000076b800000, 0x0000000797300000, 0x00000007c0000000)
  eden space 696320K, 100% used [0x000000076b800000,0x0000000796000000,0x0000000796000000)
  from space 9728K, 1% used [0x0000000796980000,0x00000007969b0000,0x0000000797300000)
  to   space 9728K, 0% used [0x0000000796000000,0x0000000796000000,0x0000000796980000)
 ParOldGen       total 173568K, used 21866K [0x00000006c2800000, 0x00000006cd180000, 0x000000076b800000)
  object space 173568K, 12% used [0x00000006c2800000,0x00000006c3d5aac0,0x00000006cd180000)
 Metaspace       used 8244K, capacity 8646K, committed 8960K, reserved 1056768K
  class space    used 655K, capacity 690K, committed 768K, reserved 1048576K
Event: 2.658 GC heap after
Heap after GC invocations=13 (full 0):
 PSYoungGen      total 706048K, used 192K [0x000000076b800000, 0x00000007b0a00000, 0x00000007c0000000)
  eden space 696320K, 0% used [0x000000076b800000,0x000000076b800000,0x0000000796000000)
  from space 9728K, 1% used [0x0000000796000000,0x0000000796030000,0x0000000796980000)
  to   space 9216K, 0% used [0x00000007b0100000,0x00000007b0100000,0x00000007b0a00000)
 ParOldGen       total 173568K, used 21874K [0x00000006c2800000, 0x00000006cd180000, 0x000000076b800000)
  object space 173568K, 12% used [0x00000006c2800000,0x00000006c3d5cac0,0x00000006cd180000)
 Metaspace       used 8244K, capacity 8646K, committed 8960K, reserved 1056768K
  class space    used 655K, capacity 690K, committed 768K, reserved 1048576K
}

