# JRE version: Java(TM) SE Runtime Environment (8.0_65-b17) (build 1.8.0_65-b17)
# Java VM: Java HotSpot(TM) 64-Bit Server VM (25.65-b01 mixed mode windows-amd64 compressed oops)
Heap:
 PSYoungGen      total 849408K, used 276232K [0x000000076b800000, 0x00000007af600000, 0x00000007c0000000)
  eden space 848896K, 32% used [0x000000076b800000,0x000000077c58a088,0x000000079f500000)
  from space 512K, 43% used [0x00000007af580000,0x00000007af5b8000,0x00000007af600000)
  to   space 9728K, 0% used [0x00000007ae300000,0x00000007ae300000,0x00000007aec80000)
 ParOldGen       total 173568K, used 37681K [0x00000006c2800000, 0x00000006cd180000, 0x000000076b800000)
  object space 173568K, 21% used [0x00000006c2800000,0x00000006c4ccc790,0x00000006cd180000)
 Metaspace       used 8273K, capacity 8710K, committed 8960K, reserved 1056768K
  class space    used 655K, capacity 690K, committed 768K, reserved 1048576K
GC Heap History (10 events):
Event: 5.558 GC heap before
{Heap before GC invocations=20 (full 0):
 PSYoungGen      total 1078784K, used 1078400K [0x000000076b800000, 0x00000007b1700000, 0x00000007c0000000)
  eden space 1078272K, 100% used [0x000000076b800000,0x00000007ad500000,0x00000007ad500000)
  from space 512K, 25% used [0x00000007b0900000,0x00000007b0920000,0x00000007b0980000)
  to   space 12800K, 0% used [0x00000007b0a80000,0x00000007b0a80000,0x00000007b1700000)
 ParOldGen       total 173568K, used 37673K [0x00000006c2800000, 0x00000006cd180000, 0x000000076b800000)
  object space 173568K, 21% used [0x00000006c2800000,0x00000006c4cca790,0x00000006cd180000)
 Metaspace       used 8263K, capacity 8646K, committed 8960K, reserved 1056768K
  class space    used 655K, capacity 690K, committed 768K, reserved 1048576K
Event: 5.558 GC heap after
Heap after GC invocations=20 (full 0):
 PSYoungGen      total 1028096K, used 160K [0x000000076b800000, 0x00000007b0b00000, 0x00000007c0000000)
  eden space 1027584K, 0% used [0x000000076b800000,0x000000076b800000,0x00000007aa380000)
  from space 512K, 31% used [0x00000007b0a80000,0x00000007b0aa8000,0x00000007b0b00000)
  to   space 12288K, 0% used [0x00000007af300000,0x00000007af300000,0x00000007aff00000)
 ParOldGen       total 173568K, used 37673K [0x00000006c2800000, 0x00000006cd180000, 0x000000076b800000)
  object space 173568K, 21% used [0x00000006c2800000,0x00000006c4cca790,0x00000006cd180000)
 Metaspace       used 8263K, capacity 8646K, committed 8960K, reserved 1056768K
  class space    used 655K, capacity 690K, committed 768K, reserved 1048576K
}
Event: 6.363 GC heap before
{Heap before GC invocations=21 (full 0):
 PSYoungGen      total 1028096K, used 1027744K [0x000000076b800000, 0x00000007b0b00000, 0x00000007c0000000)
  eden space 1027584K, 100% used [0x000000076b800000,0x00000007aa380000,0x00000007aa380000)
  from space 512K, 31% used [0x00000007b0a80000,0x00000007b0aa8000,0x00000007b0b00000)
  to   space 12288K, 0% used [0x00000007af300000,0x00000007af300000,0x00000007aff00000)
 ParOldGen       total 173568K, used 37673K [0x00000006c2800000, 0x00000006cd180000, 0x000000076b800000)
  object space 173568K, 21% used [0x00000006c2800000,0x00000006c4cca790,0x00000006cd180000)
 Metaspace       used 8269K, capacity 8710K, committed 8960K, reserved 1056768K
  class space    used 655K, capacity 690K, committed 768K, reserved 1048576K
Event: 6.363 GC heap after
Heap after GC invocations=21 (full 0):
 PSYoungGen      total 991744K, used 128K [0x000000076b800000, 0x00000007b0b00000, 0x00000007c0000000)
  eden space 979456K, 0% used [0x000000076b800000,0x000000076b800000,0x00000007a7480000)
  from space 12288K, 1% used [0x00000007af300000,0x00000007af320000,0x00000007aff00000)
  to   space 11776K, 0% used [0x00000007aff80000,0x00000007aff80000,0x00000007b0b00000)
 ParOldGen       total 173568K, used 37673K [0x00000006c2800000, 0x00000006cd180000, 0x000000076b800000)
  object space 173568K, 21% used [0x00000006c2800000,0x00000006c4cca790,0x00000006cd180000)
 Metaspace       used 8269K, capacity 8710K, committed 8960K, reserved 1056768K
  class space    used 655K, capacity 690K, committed 768K, reserved 1048576K
}
Event: 7.066 GC heap before
{Heap before GC invocations=22 (full 0):
 PSYoungGen      total 991744K, used 979584K [0x000000076b800000, 0x00000007b0b00000, 0x00000007c0000000)
  eden space 979456K, 100% used [0x000000076b800000,0x00000007a7480000,0x00000007a7480000)
  from space 12288K, 1% used [0x00000007af300000,0x00000007af320000,0x00000007aff00000)
  to   space 11776K, 0% used [0x00000007aff80000,0x00000007aff80000,0x00000007b0b00000)
 ParOldGen       total 173568K, used 37673K [0x00000006c2800000, 0x00000006cd180000, 0x000000076b800000)
  object space 173568K, 21% used [0x00000006c2800000,0x00000006c4cca790,0x00000006cd180000)
 Metaspace       used 8269K, capacity 8710K, committed 8960K, reserved 1056768K
  class space    used 655K, capacity 690K, committed 768K, reserved 1048576K
Event: 7.067 GC heap after
Heap after GC invocations=22 (full 0):
 PSYoungGen      total 934400K, used 160K [0x000000076b800000, 0x00000007b0000000, 0x00000007c0000000)
  eden space 933888K, 0% used [0x000000076b800000,0x000000076b800000,0x00000007a4800000)
  from space 512K, 31% used [0x00000007aff80000,0x00000007affa8000,0x00000007b0000000)
  to   space 11264K, 0% used [0x00000007aea00000,0x00000007aea00000,0x00000007af500000)
 ParOldGen       total 173568K, used 37681K [0x00000006c2800000, 0x00000006cd180000, 0x000000076b800000)
  object space 173568K, 21% used [0x00000006c2800000,0x00000006c4ccc790,0x00000006cd180000)
 Metaspace       used 8269K, capacity 8710K, committed 8960K, reserved 1056768K
  class space    used 655K, capacity 690K, committed 768K, reserved 1048576K
}
Event: 7.785 GC heap before
{Heap before GC invocations=23 (full 0):
 PSYoungGen      total 934400K, used 934048K [0x000000076b800000, 0x00000007b0000000, 0x00000007c0000000)
  eden space 933888K, 100% used [0x000000076b800000,0x00000007a4800000,0x00000007a4800000)
  from space 512K, 31% used [0x00000007aff80000,0x00000007affa8000,0x00000007b0000000)
  to   space 11264K, 0% used [0x00000007aea00000,0x00000007aea00000,0x00000007af500000)
 ParOldGen       total 173568K, used 37681K [0x00000006c2800000, 0x00000006cd180000, 0x000000076b800000)
  object space 173568K, 21% used [0x00000006c2800000,0x00000006c4ccc790,0x00000006cd180000)
 Metaspace       used 8269K, capacity 8710K, committed 8960K, reserved 1056768K
  class space    used 655K, capacity 690K, committed 768K, reserved 1048576K
Event: 7.785 GC heap after
Heap after GC invocations=23 (full 0):
 PSYoungGen      total 901632K, used 160K [0x000000076b800000, 0x00000007b0000000, 0x00000007c0000000)
  eden space 890368K, 0% used [0x000000076b800000,0x000000076b800000,0x00000007a1d80000)
  from space 11264K, 1% used [0x00000007aea00000,0x00000007aea28000,0x00000007af500000)
  to   space 10752K, 0% used [0x00000007af580000,0x00000007af580000,0x00000007b0000000)
 ParOldGen       total 173568K, used 37681K [0x00000006c2800000, 0x00000006cd180000, 0x000000076b800000)
  object space 173568K, 21% used [0x00000006c2800000,0x00000006c4ccc790,0x00000006cd180000)
 Metaspace       used 8269K, capacity 8710K, committed 8960K, reserved 1056768K
  class space    used 655K, capacity 690K, committed 768K, reserved 1048576K
}
Event: 8.449 GC heap before
{Heap before GC invocations=24 (full 0):
 PSYoungGen      total 901632K, used 890528K [0x000000076b800000, 0x00000007b0000000, 0x00000007c0000000)
  eden space 890368K, 100% used [0x000000076b800000,0x00000007a1d80000,0x00000007a1d80000)
  from space 11264K, 1% used [0x00000007aea00000,0x00000007aea28000,0x00000007af500000)
  to   space 10752K, 0% used [0x00000007af580000,0x00000007af580000,0x00000007b0000000)
 ParOldGen       total 173568K, used 37681K [0x00000006c2800000, 0x00000006cd180000, 0x000000076b800000)
  object space 173568K, 21% used [0x00000006c2800000,0x00000006c4ccc790,0x00000006cd180000)
 Metaspace       used 8273K, capacity 8710K, committed 8960K, reserved 1056768K
  class space    used 655K, capacity 690K, committed 768K, reserved 1048576K
Event: 8.450 GC heap after
Heap after GC invocations=24 (full 0):
 PSYoungGen      total 849408K, used 224K [0x000000076b800000, 0x00000007af600000, 0x00000007c0000000)
  eden space 848896K, 0% used [0x000000076b800000,0x000000076b800000,0x000000079f500000)
  from space 512K, 43% used [0x00000007af580000,0x00000007af5b8000,0x00000007af600000)
  to   space 9728K, 0% used [0x00000007ae300000,0x00000007ae300000,0x00000007aec80000)
 ParOldGen       total 173568K, used 37681K [0x00000006c2800000, 0x00000006cd180000, 0x000000076b800000)
  object space 173568K, 21% used [0x00000006c2800000,0x00000006c4ccc790,0x00000006cd180000)
 Metaspace       used 8273K, capacity 8710K, committed 8960K, reserved 1056768K
  class space    used 655K, capacity 690K, committed 768K, reserved 1048576K
}

