# JRE version: Java(TM) SE Runtime Environment (8.0_65-b17) (build 1.8.0_65-b17)
# Java VM: Java HotSpot(TM) 64-Bit Server VM (25.65-b01 mixed mode windows-amd64 compressed oops)
Heap:
 PSYoungGen      total 793600K, used 415557K [0x000000076b800000, 0x00000007be380000, 0x00000007c0000000)
  eden space 784896K, 52% used [0x000000076b800000,0x0000000784da94d0,0x000000079b680000)
  from space 8704K, 1% used [0x00000007bd280000,0x00000007bd2a8000,0x00000007bdb00000)
  to   space 8192K, 0% used [0x00000007bdb80000,0x00000007bdb80000,0x00000007be380000)
 ParOldGen       total 173568K, used 29588K [0x00000006c2800000, 0x00000006cd180000, 0x000000076b800000)
  object space 173568K, 17% used [0x00000006c2800000,0x00000006c44e5280,0x00000006cd180000)
 Metaspace       used 8321K, capacity 8710K, committed 8960K, reserved 1056768K
  class space    used 658K, capacity 690K, committed 768K, reserved 1048576K
GC Heap History (10 events):
Event: 5.016 GC heap before
{Heap before GC invocations=17 (full 0):
 PSYoungGen      total 995840K, used 995552K [0x000000076b800000, 0x00000007bf580000, 0x00000007c0000000)
  eden space 995328K, 100% used [0x000000076b800000,0x00000007a8400000,0x00000007a8400000)
  from space 512K, 43% used [0x00000007bf500000,0x00000007bf538000,0x00000007bf580000)
  to   space 10752K, 0% used [0x00000007be080000,0x00000007be080000,0x00000007beb00000)
 ParOldGen       total 173568K, used 29572K [0x00000006c2800000, 0x00000006cd180000, 0x000000076b800000)
  object space 173568K, 17% used [0x00000006c2800000,0x00000006c44e1280,0x00000006cd180000)
 Metaspace       used 8303K, capacity 8710K, committed 8960K, reserved 1056768K
  class space    used 658K, capacity 690K, committed 768K, reserved 1048576K
Event: 5.017 GC heap after
Heap after GC invocations=17 (full 0):
 PSYoungGen      total 959488K, used 224K [0x000000076b800000, 0x00000007bf580000, 0x00000007c0000000)
  eden space 948736K, 0% used [0x000000076b800000,0x000000076b800000,0x00000007a5680000)
  from space 10752K, 2% used [0x00000007be080000,0x00000007be0b8000,0x00000007beb00000)
  to   space 10240K, 0% used [0x00000007beb80000,0x00000007beb80000,0x00000007bf580000)
 ParOldGen       total 173568K, used 29572K [0x00000006c2800000, 0x00000006cd180000, 0x000000076b800000)
  object space 173568K, 17% used [0x00000006c2800000,0x00000006c44e1280,0x00000006cd180000)
 Metaspace       used 8303K, capacity 8710K, committed 8960K, reserved 1056768K
  class space    used 658K, capacity 690K, committed 768K, reserved 1048576K
}
Event: 5.738 GC heap before
{Heap before GC invocations=18 (full 0):
 PSYoungGen      total 959488K, used 948960K [0x000000076b800000, 0x00000007bf580000, 0x00000007c0000000)
  eden space 948736K, 100% used [0x000000076b800000,0x00000007a5680000,0x00000007a5680000)
  from space 10752K, 2% used [0x00000007be080000,0x00000007be0b8000,0x00000007beb00000)
  to   space 10240K, 0% used [0x00000007beb80000,0x00000007beb80000,0x00000007bf580000)
 ParOldGen       total 173568K, used 29572K [0x00000006c2800000, 0x00000006cd180000, 0x000000076b800000)
  object space 173568K, 17% used [0x00000006c2800000,0x00000006c44e1280,0x00000006cd180000)
 Metaspace       used 8314K, capacity 8710K, committed 8960K, reserved 1056768K
  class space    used 658K, capacity 690K, committed 768K, reserved 1048576K
Event: 5.739 GC heap after
Heap after GC invocations=18 (full 0):
 PSYoungGen      total 905216K, used 224K [0x000000076b800000, 0x00000007bec00000, 0x00000007c0000000)
  eden space 904704K, 0% used [0x000000076b800000,0x000000076b800000,0x00000007a2b80000)
  from space 512K, 43% used [0x00000007beb80000,0x00000007bebb8000,0x00000007bec00000)
  to   space 9728K, 0% used [0x00000007bd900000,0x00000007bd900000,0x00000007be280000)
 ParOldGen       total 173568K, used 29572K [0x00000006c2800000, 0x00000006cd180000, 0x000000076b800000)
  object space 173568K, 17% used [0x00000006c2800000,0x00000006c44e1280,0x00000006cd180000)
 Metaspace       used 8314K, capacity 8710K, committed 8960K, reserved 1056768K
  class space    used 658K, capacity 690K, committed 768K, reserved 1048576K
}
Event: 6.401 GC heap before
{Heap before GC invocations=19 (full 0):
 PSYoungGen      total 905216K, used 904928K [0x000000076b800000, 0x00000007bec00000, 0x00000007c0000000)
  eden space 904704K, 100% used [0x000000076b800000,0x00000007a2b80000,0x00000007a2b80000)
  from space 512K, 43% used [0x00000007beb80000,0x00000007bebb8000,0x00000007bec00000)
  to   space 9728K, 0% used [0x00000007bd900000,0x00000007bd900000,0x00000007be280000)
 ParOldGen       total 173568K, used 29572K [0x00000006c2800000, 0x00000006cd180000, 0x000000076b800000)
  object space 173568K, 17% used [0x00000006c2800000,0x00000006c44e1280,0x00000006cd180000)
 Metaspace       used 8314K, capacity 8710K, committed 8960K, reserved 1056768K
  class space    used 658K, capacity 690K, committed 768K, reserved 1048576K
Event: 6.401 GC heap after
Heap after GC invocations=19 (full 0):
 PSYoungGen      total 872448K, used 224K [0x000000076b800000, 0x00000007bec00000, 0x00000007c0000000)
  eden space 862720K, 0% used [0x000000076b800000,0x000000076b800000,0x00000007a0280000)
  from space 9728K, 2% used [0x00000007bd900000,0x00000007bd938000,0x00000007be280000)
  to   space 9216K, 0% used [0x00000007be300000,0x00000007be300000,0x00000007bec00000)
 ParOldGen       total 173568K, used 29588K [0x00000006c2800000, 0x00000006cd180000, 0x000000076b800000)
  object space 173568K, 17% used [0x00000006c2800000,0x00000006c44e5280,0x00000006cd180000)
 Metaspace       used 8314K, capacity 8710K, committed 8960K, reserved 1056768K
  class space    used 658K, capacity 690K, committed 768K, reserved 1048576K
}
Event: 7.034 GC heap before
{Heap before GC invocations=20 (full 0):
 PSYoungGen      total 872448K, used 862944K [0x000000076b800000, 0x00000007bec00000, 0x00000007c0000000)
  eden space 862720K, 100% used [0x000000076b800000,0x00000007a0280000,0x00000007a0280000)
  from space 9728K, 2% used [0x00000007bd900000,0x00000007bd938000,0x00000007be280000)
  to   space 9216K, 0% used [0x00000007be300000,0x00000007be300000,0x00000007bec00000)
 ParOldGen       total 173568K, used 29588K [0x00000006c2800000, 0x00000006cd180000, 0x000000076b800000)
  object space 173568K, 17% used [0x00000006c2800000,0x00000006c44e5280,0x00000006cd180000)
 Metaspace       used 8314K, capacity 8710K, committed 8960K, reserved 1056768K
  class space    used 658K, capacity 690K, committed 768K, reserved 1048576K
Event: 7.034 GC heap after
Heap after GC invocations=20 (full 0):
 PSYoungGen      total 823296K, used 224K [0x000000076b800000, 0x00000007be380000, 0x00000007c0000000)
  eden space 822784K, 0% used [0x000000076b800000,0x000000076b800000,0x000000079db80000)
  from space 512K, 43% used [0x00000007be300000,0x00000007be338000,0x00000007be380000)
  to   space 8704K, 0% used [0x00000007bd280000,0x00000007bd280000,0x00000007bdb00000)
 ParOldGen       total 173568K, used 29588K [0x00000006c2800000, 0x00000006cd180000, 0x000000076b800000)
  object space 173568K, 17% used [0x00000006c2800000,0x00000006c44e5280,0x00000006cd180000)
 Metaspace       used 8314K, capacity 8710K, committed 8960K, reserved 1056768K
  class space    used 658K, capacity 690K, committed 768K, reserved 1048576K
}
Event: 7.646 GC heap before
{Heap before GC invocations=21 (full 0):
 PSYoungGen      total 823296K, used 823008K [0x000000076b800000, 0x00000007be380000, 0x00000007c0000000)
  eden space 822784K, 100% used [0x000000076b800000,0x000000079db80000,0x000000079db80000)
  from space 512K, 43% used [0x00000007be300000,0x00000007be338000,0x00000007be380000)
  to   space 8704K, 0% used [0x00000007bd280000,0x00000007bd280000,0x00000007bdb00000)
 ParOldGen       total 173568K, used 29588K [0x00000006c2800000, 0x00000006cd180000, 0x000000076b800000)
  object space 173568K, 17% used [0x00000006c2800000,0x00000006c44e5280,0x00000006cd180000)
 Metaspace       used 8314K, capacity 8710K, committed 8960K, reserved 1056768K
  class space    used 658K, capacity 690K, committed 768K, reserved 1048576K
Event: 7.647 GC heap after
Heap after GC invocations=21 (full 0):
 PSYoungGen      total 793600K, used 160K [0x000000076b800000, 0x00000007be380000, 0x00000007c0000000)
  eden space 784896K, 0% used [0x000000076b800000,0x000000076b800000,0x000000079b680000)
  from space 8704K, 1% used [0x00000007bd280000,0x00000007bd2a8000,0x00000007bdb00000)
  to   space 8192K, 0% used [0x00000007bdb80000,0x00000007bdb80000,0x00000007be380000)
 ParOldGen       total 173568K, used 29588K [0x00000006c2800000, 0x00000006cd180000, 0x000000076b800000)
  object space 173568K, 17% used [0x00000006c2800000,0x00000006c44e5280,0x00000006cd180000)
 Metaspace       used 8314K, capacity 8710K, committed 8960K, reserved 1056768K
  class space    used 658K, capacity 690K, committed 768K, reserved 1048576K
}

