# JRE version: Java(TM) SE Runtime Environment (8.0_65-b17) (build 1.8.0_65-b17)
# Java VM: Java HotSpot(TM) 64-Bit Server VM (25.65-b01 mixed mode windows-amd64 compressed oops)
Heap:
 PSYoungGen      total 1034752K, used 20778K [0x000000076b800000, 0x00000007be900000, 0x00000007c0000000)
  eden space 1034240K, 1% used [0x000000076b800000,0x000000076cc2aa58,0x00000007aaa00000)
  from space 512K, 25% used [0x00000007be880000,0x00000007be8a0000,0x00000007be900000)
  to   space 7168K, 0% used [0x00000007bdb00000,0x00000007bdb00000,0x00000007be200000)
 ParOldGen       total 173568K, used 15422K [0x00000006c2800000, 0x00000006cd180000, 0x000000076b800000)
  object space 173568K, 8% used [0x00000006c2800000,0x00000006c370fbe8,0x00000006cd180000)
 Metaspace       used 8372K, capacity 8774K, committed 8960K, reserved 1056768K
  class space    used 659K, capacity 690K, committed 768K, reserved 1048576K
GC Heap History (10 events):
Event: 4.451 GC heap before
{Heap before GC invocations=13 (full 0):
 PSYoungGen      total 1326080K, used 1317088K [0x000000076b800000, 0x00000007bd000000, 0x00000007c0000000)
  eden space 1316864K, 100% used [0x000000076b800000,0x00000007bbe00000,0x00000007bbe00000)
  from space 9216K, 2% used [0x00000007bc700000,0x00000007bc738000,0x00000007bd000000)
  to   space 9216K, 0% used [0x00000007bbe00000,0x00000007bbe00000,0x00000007bc700000)
 ParOldGen       total 173568K, used 15358K [0x00000006c2800000, 0x00000006cd180000, 0x000000076b800000)
  object space 173568K, 8% used [0x00000006c2800000,0x00000006c36ffbe8,0x00000006cd180000)
 Metaspace       used 8343K, capacity 8710K, committed 8960K, reserved 1056768K
  class space    used 659K, capacity 690K, committed 768K, reserved 1048576K
Event: 4.451 GC heap after
Heap after GC invocations=13 (full 0):
 PSYoungGen      total 1326080K, used 256K [0x000000076b800000, 0x00000007bff00000, 0x00000007c0000000)
  eden space 1316864K, 0% used [0x000000076b800000,0x000000076b800000,0x00000007bbe00000)
  from space 9216K, 2% used [0x00000007bbe00000,0x00000007bbe40000,0x00000007bc700000)
  to   space 8704K, 0% used [0x00000007bf680000,0x00000007bf680000,0x00000007bff00000)
 ParOldGen       total 173568K, used 15406K [0x00000006c2800000, 0x00000006cd180000, 0x000000076b800000)
  object space 173568K, 8% used [0x00000006c2800000,0x00000006c370bbe8,0x00000006cd180000)
 Metaspace       used 8343K, capacity 8710K, committed 8960K, reserved 1056768K
  class space    used 659K, capacity 690K, committed 768K, reserved 1048576K
}
Event: 5.421 GC heap before
{Heap before GC invocations=14 (full 0):
 PSYoungGen      total 1326080K, used 1317120K [0x000000076b800000, 0x00000007bff00000, 0x00000007c0000000)
  eden space 1316864K, 100% used [0x000000076b800000,0x00000007bbe00000,0x00000007bbe00000)
  from space 9216K, 2% used [0x00000007bbe00000,0x00000007bbe40000,0x00000007bc700000)
  to   space 8704K, 0% used [0x00000007bf680000,0x00000007bf680000,0x00000007bff00000)
 ParOldGen       total 173568K, used 15406K [0x00000006c2800000, 0x00000006cd180000, 0x000000076b800000)
  object space 173568K, 8% used [0x00000006c2800000,0x00000006c370bbe8,0x00000006cd180000)
 Metaspace       used 8352K, capacity 8710K, committed 8960K, reserved 1056768K
  class space    used 659K, capacity 690K, committed 768K, reserved 1048576K
Event: 5.421 GC heap after
Heap after GC invocations=14 (full 0):
 PSYoungGen      total 1254912K, used 224K [0x000000076b800000, 0x00000007bf700000, 0x00000007c0000000)
  eden space 1254400K, 0% used [0x000000076b800000,0x000000076b800000,0x00000007b8100000)
  from space 512K, 43% used [0x00000007bf680000,0x00000007bf6b8000,0x00000007bf700000)
  to   space 8192K, 0% used [0x00000007be700000,0x00000007be700000,0x00000007bef00000)
 ParOldGen       total 173568K, used 15406K [0x00000006c2800000, 0x00000006cd180000, 0x000000076b800000)
  object space 173568K, 8% used [0x00000006c2800000,0x00000006c370bbe8,0x00000006cd180000)
 Metaspace       used 8352K, capacity 8710K, committed 8960K, reserved 1056768K
  class space    used 659K, capacity 690K, committed 768K, reserved 1048576K
}
Event: 6.450 GC heap before
{Heap before GC invocations=15 (full 0):
 PSYoungGen      total 1254912K, used 1254624K [0x000000076b800000, 0x00000007bf700000, 0x00000007c0000000)
  eden space 1254400K, 100% used [0x000000076b800000,0x00000007b8100000,0x00000007b8100000)
  from space 512K, 43% used [0x00000007bf680000,0x00000007bf6b8000,0x00000007bf700000)
  to   space 8192K, 0% used [0x00000007be700000,0x00000007be700000,0x00000007bef00000)
 ParOldGen       total 173568K, used 15406K [0x00000006c2800000, 0x00000006cd180000, 0x000000076b800000)
  object space 173568K, 8% used [0x00000006c2800000,0x00000006c370bbe8,0x00000006cd180000)
 Metaspace       used 8358K, capacity 8710K, committed 8960K, reserved 1056768K
  class space    used 659K, capacity 690K, committed 768K, reserved 1048576K
Event: 6.450 GC heap after
Heap after GC invocations=15 (full 0):
 PSYoungGen      total 1203200K, used 224K [0x000000076b800000, 0x00000007bf700000, 0x00000007c0000000)
  eden space 1195008K, 0% used [0x000000076b800000,0x000000076b800000,0x00000007b4700000)
  from space 8192K, 2% used [0x00000007be700000,0x00000007be738000,0x00000007bef00000)
  to   space 8192K, 0% used [0x00000007bef00000,0x00000007bef00000,0x00000007bf700000)
 ParOldGen       total 173568K, used 15422K [0x00000006c2800000, 0x00000006cd180000, 0x000000076b800000)
  object space 173568K, 8% used [0x00000006c2800000,0x00000006c370fbe8,0x00000006cd180000)
 Metaspace       used 8358K, capacity 8710K, committed 8960K, reserved 1056768K
  class space    used 659K, capacity 690K, committed 768K, reserved 1048576K
}
Event: 7.754 GC heap before
{Heap before GC invocations=16 (full 0):
 PSYoungGen      total 1203200K, used 1195232K [0x000000076b800000, 0x00000007bf700000, 0x00000007c0000000)
  eden space 1195008K, 100% used [0x000000076b800000,0x00000007b4700000,0x00000007b4700000)
  from space 8192K, 2% used [0x00000007be700000,0x00000007be738000,0x00000007bef00000)
  to   space 8192K, 0% used [0x00000007bef00000,0x00000007bef00000,0x00000007bf700000)
 ParOldGen       total 173568K, used 15422K [0x00000006c2800000, 0x00000006cd180000, 0x000000076b800000)
  object space 173568K, 8% used [0x00000006c2800000,0x00000006c370fbe8,0x00000006cd180000)
 Metaspace       used 8358K, capacity 8710K, committed 8960K, reserved 1056768K
  class space    used 659K, capacity 690K, committed 768K, reserved 1048576K
Event: 7.755 GC heap after
Heap after GC invocations=16 (full 0):
 PSYoungGen      total 1139200K, used 256K [0x000000076b800000, 0x00000007bef80000, 0x00000007c0000000)
  eden space 1138688K, 0% used [0x000000076b800000,0x000000076b800000,0x00000007b1000000)
  from space 512K, 50% used [0x00000007bef00000,0x00000007bef40000,0x00000007bef80000)
  to   space 7680K, 0% used [0x00000007be080000,0x00000007be080000,0x00000007be800000)
 ParOldGen       total 173568K, used 15422K [0x00000006c2800000, 0x00000006cd180000, 0x000000076b800000)
  object space 173568K, 8% used [0x00000006c2800000,0x00000006c370fbe8,0x00000006cd180000)
 Metaspace       used 8358K, capacity 8710K, committed 8960K, reserved 1056768K
  class space    used 659K, capacity 690K, committed 768K, reserved 1048576K
}
Event: 8.621 GC heap before
{Heap before GC invocations=17 (full 0):
 PSYoungGen      total 1139200K, used 1138944K [0x000000076b800000, 0x00000007bef80000, 0x00000007c0000000)
  eden space 1138688K, 100% used [0x000000076b800000,0x00000007b1000000,0x00000007b1000000)
  from space 512K, 50% used [0x00000007bef00000,0x00000007bef40000,0x00000007bef80000)
  to   space 7680K, 0% used [0x00000007be080000,0x00000007be080000,0x00000007be800000)
 ParOldGen       total 173568K, used 15422K [0x00000006c2800000, 0x00000006cd180000, 0x000000076b800000)
  object space 173568K, 8% used [0x00000006c2800000,0x00000006c370fbe8,0x00000006cd180000)
 Metaspace       used 8371K, capacity 8774K, committed 8960K, reserved 1056768K
  class space    used 659K, capacity 690K, committed 768K, reserved 1048576K
Event: 8.622 GC heap after
Heap after GC invocations=17 (full 0):
 PSYoungGen      total 1092608K, used 192K [0x000000076b800000, 0x00000007bef80000, 0x00000007c0000000)
  eden space 1084928K, 0% used [0x000000076b800000,0x000000076b800000,0x00000007adb80000)
  from space 7680K, 2% used [0x00000007be080000,0x00000007be0b0000,0x00000007be800000)
  to   space 7168K, 0% used [0x00000007be880000,0x00000007be880000,0x00000007bef80000)
 ParOldGen       total 173568K, used 15422K [0x00000006c2800000, 0x00000006cd180000, 0x000000076b800000)
  object space 173568K, 8% used [0x00000006c2800000,0x00000006c370fbe8,0x00000006cd180000)
 Metaspace       used 8371K, capacity 8774K, committed 8960K, reserved 1056768K
  class space    used 659K, capacity 690K, committed 768K, reserved 1048576K
}

