# JRE version: Java(TM) SE Runtime Environment (8.0_65-b17) (build 1.8.0_65-b17)
# Java VM: Java HotSpot(TM) 64-Bit Server VM (25.65-b01 mixed mode windows-amd64 compressed oops)
Heap:
 PSYoungGen      total 1346048K, used 364414K [0x000000076b800000, 0x00000007be900000, 0x00000007c0000000)
  eden space 1332224K, 27% used [0x000000076b800000,0x0000000781bbfae8,0x00000007bcd00000)
  from space 13824K, 0% used [0x00000007bdb80000,0x00000007bdba0000,0x00000007be900000)
  to   space 14336K, 0% used [0x00000007bcd00000,0x00000007bcd00000,0x00000007bdb00000)
 ParOldGen       total 173568K, used 32412K [0x00000006c2800000, 0x00000006cd180000, 0x000000076b800000)
  object space 173568K, 18% used [0x00000006c2800000,0x00000006c47a7018,0x00000006cd180000)
 Metaspace       used 8387K, capacity 8774K, committed 8960K, reserved 1056768K
  class space    used 661K, capacity 690K, committed 768K, reserved 1048576K
GC Heap History (10 events):
Event: 1.600 GC heap before
{Heap before GC invocations=8 (full 0):
 PSYoungGen      total 261632K, used 261625K [0x000000076b800000, 0x000000078b900000, 0x00000007c0000000)
  eden space 260096K, 100% used [0x000000076b800000,0x000000077b600000,0x000000077b600000)
  from space 1536K, 99% used [0x000000077b600000,0x000000077b77e6e8,0x000000077b780000)
  to   space 2560K, 0% used [0x000000078b680000,0x000000078b680000,0x000000078b900000)
 ParOldGen       total 173568K, used 827K [0x00000006c2800000, 0x00000006cd180000, 0x000000076b800000)
  object space 173568K, 0% used [0x00000006c2800000,0x00000006c28cefe8,0x00000006cd180000)
 Metaspace       used 8165K, capacity 8582K, committed 8704K, reserved 1056768K
  class space    used 652K, capacity 690K, committed 768K, reserved 1048576K
Event: 1.603 GC heap after
Heap after GC invocations=8 (full 0):
 PSYoungGen      total 522752K, used 2346K [0x000000076b800000, 0x000000078b900000, 0x00000007c0000000)
  eden space 520192K, 0% used [0x000000076b800000,0x000000076b800000,0x000000078b400000)
  from space 2560K, 91% used [0x000000078b680000,0x000000078b8caa90,0x000000078b900000)
  to   space 2560K, 0% used [0x000000078b400000,0x000000078b400000,0x000000078b680000)
 ParOldGen       total 173568K, used 835K [0x00000006c2800000, 0x00000006cd180000, 0x000000076b800000)
  object space 173568K, 0% used [0x00000006c2800000,0x00000006c28d0fe8,0x00000006cd180000)
 Metaspace       used 8165K, capacity 8582K, committed 8704K, reserved 1056768K
  class space    used 652K, capacity 690K, committed 768K, reserved 1048576K
}
Event: 2.047 GC heap before
{Heap before GC invocations=9 (full 0):
 PSYoungGen      total 522752K, used 522538K [0x000000076b800000, 0x000000078b900000, 0x00000007c0000000)
  eden space 520192K, 100% used [0x000000076b800000,0x000000078b400000,0x000000078b400000)
  from space 2560K, 91% used [0x000000078b680000,0x000000078b8caa90,0x000000078b900000)
  to   space 2560K, 0% used [0x000000078b400000,0x000000078b400000,0x000000078b680000)
 ParOldGen       total 173568K, used 835K [0x00000006c2800000, 0x00000006cd180000, 0x000000076b800000)
  object space 173568K, 0% used [0x00000006c2800000,0x00000006c28d0fe8,0x00000006cd180000)
 Metaspace       used 8246K, capacity 8646K, committed 8960K, reserved 1056768K
  class space    used 655K, capacity 690K, committed 768K, reserved 1048576K
Event: 2.083 GC heap after
Heap after GC invocations=9 (full 0):
 PSYoungGen      total 522752K, used 2546K [0x000000076b800000, 0x00000007a0300000, 0x00000007c0000000)
  eden space 520192K, 0% used [0x000000076b800000,0x000000076b800000,0x000000078b400000)
  from space 2560K, 99% used [0x000000078b400000,0x000000078b67c978,0x000000078b680000)
  to   space 15360K, 0% used [0x000000079f400000,0x000000079f400000,0x00000007a0300000)
 ParOldGen       total 173568K, used 31403K [0x00000006c2800000, 0x00000006cd180000, 0x000000076b800000)
  object space 173568K, 18% used [0x00000006c2800000,0x00000006c46aaff8,0x00000006cd180000)
 Metaspace       used 8246K, capacity 8646K, committed 8960K, reserved 1056768K
  class space    used 655K, capacity 690K, committed 768K, reserved 1048576K
}
Event: 2.536 GC heap before
{Heap before GC invocations=10 (full 0):
 PSYoungGen      total 522752K, used 522738K [0x000000076b800000, 0x00000007a0300000, 0x00000007c0000000)
  eden space 520192K, 100% used [0x000000076b800000,0x000000078b400000,0x000000078b400000)
  from space 2560K, 99% used [0x000000078b400000,0x000000078b67c978,0x000000078b680000)
  to   space 15360K, 0% used [0x000000079f400000,0x000000079f400000,0x00000007a0300000)
 ParOldGen       total 173568K, used 31403K [0x00000006c2800000, 0x00000006cd180000, 0x000000076b800000)
  object space 173568K, 18% used [0x00000006c2800000,0x00000006c46aaff8,0x00000006cd180000)
 Metaspace       used 8353K, capacity 8710K, committed 8960K, reserved 1056768K
  class space    used 661K, capacity 690K, committed 768K, reserved 1048576K
Event: 2.542 GC heap after
Heap after GC invocations=10 (full 0):
 PSYoungGen      total 847872K, used 416K [0x000000076b800000, 0x00000007a0300000, 0x00000007c0000000)
  eden space 832512K, 0% used [0x000000076b800000,0x000000076b800000,0x000000079e500000)
  from space 15360K, 2% used [0x000000079f400000,0x000000079f468000,0x00000007a0300000)
  to   space 15360K, 0% used [0x000000079e500000,0x000000079e500000,0x000000079f400000)
 ParOldGen       total 173568K, used 32084K [0x00000006c2800000, 0x00000006cd180000, 0x000000076b800000)
  object space 173568K, 18% used [0x00000006c2800000,0x00000006c4755018,0x00000006cd180000)
 Metaspace       used 8353K, capacity 8710K, committed 8960K, reserved 1056768K
  class space    used 661K, capacity 690K, committed 768K, reserved 1048576K
}
Event: 3.196 GC heap before
{Heap before GC invocations=11 (full 0):
 PSYoungGen      total 847872K, used 832928K [0x000000076b800000, 0x00000007a0300000, 0x00000007c0000000)
  eden space 832512K, 100% used [0x000000076b800000,0x000000079e500000,0x000000079e500000)
  from space 15360K, 2% used [0x000000079f400000,0x000000079f468000,0x00000007a0300000)
  to   space 15360K, 0% used [0x000000079e500000,0x000000079e500000,0x000000079f400000)
 ParOldGen       total 173568K, used 32084K [0x00000006c2800000, 0x00000006cd180000, 0x000000076b800000)
  object space 173568K, 18% used [0x00000006c2800000,0x00000006c4755018,0x00000006cd180000)
 Metaspace       used 8377K, capacity 8774K, committed 8960K, reserved 1056768K
  class space    used 661K, capacity 690K, committed 768K, reserved 1048576K
Event: 3.200 GC heap after
Heap after GC invocations=11 (full 0):
 PSYoungGen      total 847872K, used 160K [0x000000076b800000, 0x00000007bea00000, 0x00000007c0000000)
  eden space 832512K, 0% used [0x000000076b800000,0x000000076b800000,0x000000079e500000)
  from space 15360K, 1% used [0x000000079e500000,0x000000079e528000,0x000000079f400000)
  to   space 14848K, 0% used [0x00000007bdb80000,0x00000007bdb80000,0x00000007bea00000)
 ParOldGen       total 173568K, used 32404K [0x00000006c2800000, 0x00000006cd180000, 0x000000076b800000)
  object space 173568K, 18% used [0x00000006c2800000,0x00000006c47a5018,0x00000006cd180000)
 Metaspace       used 8377K, capacity 8774K, committed 8960K, reserved 1056768K
  class space    used 661K, capacity 690K, committed 768K, reserved 1048576K
}
Event: 3.829 GC heap before
{Heap before GC invocations=12 (full 0):
 PSYoungGen      total 847872K, used 832672K [0x000000076b800000, 0x00000007bea00000, 0x00000007c0000000)
  eden space 832512K, 100% used [0x000000076b800000,0x000000079e500000,0x000000079e500000)
  from space 15360K, 1% used [0x000000079e500000,0x000000079e528000,0x000000079f400000)
  to   space 14848K, 0% used [0x00000007bdb80000,0x00000007bdb80000,0x00000007bea00000)
 ParOldGen       total 173568K, used 32404K [0x00000006c2800000, 0x00000006cd180000, 0x000000076b800000)
  object space 173568K, 18% used [0x00000006c2800000,0x00000006c47a5018,0x00000006cd180000)
 Metaspace       used 8386K, capacity 8774K, committed 8960K, reserved 1056768K
  class space    used 661K, capacity 690K, committed 768K, reserved 1048576K
Event: 3.830 GC heap after
Heap after GC invocations=12 (full 0):
 PSYoungGen      total 1346048K, used 128K [0x000000076b800000, 0x00000007be900000, 0x00000007c0000000)
  eden space 1332224K, 0% used [0x000000076b800000,0x000000076b800000,0x00000007bcd00000)
  from space 13824K, 0% used [0x00000007bdb80000,0x00000007bdba0000,0x00000007be900000)
  to   space 14336K, 0% used [0x00000007bcd00000,0x00000007bcd00000,0x00000007bdb00000)
 ParOldGen       total 173568K, used 32412K [0x00000006c2800000, 0x00000006cd180000, 0x000000076b800000)
  object space 173568K, 18% used [0x00000006c2800000,0x00000006c47a7018,0x00000006cd180000)
 Metaspace       used 8386K, capacity 8774K, committed 8960K, reserved 1056768K
  class space    used 661K, capacity 690K, committed 768K, reserved 1048576K
}

