# JRE version: Java(TM) SE Runtime Environment (8.0_65-b17) (build 1.8.0_65-b17)
# Java VM: Java HotSpot(TM) 64-Bit Server VM (25.65-b01 mixed mode windows-amd64 compressed oops)
Heap:
 PSYoungGen      total 179712K, used 21317K [0x000000076b800000, 0x0000000784b00000, 0x00000007c0000000)
  eden space 177664K, 11% used [0x000000076b800000,0x000000076ccc1640,0x0000000776580000)
  from space 2048K, 3% used [0x0000000784700000,0x0000000784710000,0x0000000784900000)
  to   space 2048K, 0% used [0x0000000784900000,0x0000000784900000,0x0000000784b00000)
 ParOldGen       total 173568K, used 1320K [0x00000006c2800000, 0x00000006cd180000, 0x000000076b800000)
  object space 173568K, 0% used [0x00000006c2800000,0x00000006c294a070,0x00000006cd180000)
 Metaspace       used 8207K, capacity 8646K, committed 8960K, reserved 1056768K
  class space    used 654K, capacity 690K, committed 768K, reserved 1048576K
GC Heap History (10 events):
Event: 2.169 GC heap before
{Heap before GC invocations=15 (full 0):
 PSYoungGen      total 214528K, used 214240K [0x000000076b800000, 0x0000000784e00000, 0x00000007c0000000)
  eden space 214016K, 100% used [0x000000076b800000,0x0000000778900000,0x0000000778900000)
  from space 512K, 43% used [0x0000000784d80000,0x0000000784db8000,0x0000000784e00000)
  to   space 2048K, 0% used [0x0000000784a00000,0x0000000784a00000,0x0000000784c00000)
 ParOldGen       total 173568K, used 1288K [0x00000006c2800000, 0x00000006cd180000, 0x000000076b800000)
  object space 173568K, 0% used [0x00000006c2800000,0x00000006c2942070,0x00000006cd180000)
 Metaspace       used 8180K, capacity 8646K, committed 8960K, reserved 1056768K
  class space    used 654K, capacity 690K, committed 768K, reserved 1048576K
Event: 2.169 GC heap after
Heap after GC invocations=15 (full 0):
 PSYoungGen      total 207872K, used 256K [0x000000076b800000, 0x0000000784e00000, 0x00000007c0000000)
  eden space 205824K, 0% used [0x000000076b800000,0x000000076b800000,0x0000000778100000)
  from space 2048K, 12% used [0x0000000784a00000,0x0000000784a40000,0x0000000784c00000)
  to   space 2048K, 0% used [0x0000000784c00000,0x0000000784c00000,0x0000000784e00000)
 ParOldGen       total 173568K, used 1288K [0x00000006c2800000, 0x00000006cd180000, 0x000000076b800000)
  object space 173568K, 0% used [0x00000006c2800000,0x00000006c2942070,0x00000006cd180000)
 Metaspace       used 8180K, capacity 8646K, committed 8960K, reserved 1056768K
  class space    used 654K, capacity 690K, committed 768K, reserved 1048576K
}
Event: 2.320 GC heap before
{Heap before GC invocations=16 (full 0):
 PSYoungGen      total 207872K, used 206080K [0x000000076b800000, 0x0000000784e00000, 0x00000007c0000000)
  eden space 205824K, 100% used [0x000000076b800000,0x0000000778100000,0x0000000778100000)
  from space 2048K, 12% used [0x0000000784a00000,0x0000000784a40000,0x0000000784c00000)
  to   space 2048K, 0% used [0x0000000784c00000,0x0000000784c00000,0x0000000784e00000)
 ParOldGen       total 173568K, used 1288K [0x00000006c2800000, 0x00000006cd180000, 0x000000076b800000)
  object space 173568K, 0% used [0x00000006c2800000,0x00000006c2942070,0x00000006cd180000)
 Metaspace       used 8183K, capacity 8646K, committed 8960K, reserved 1056768K
  class space    used 654K, capacity 690K, committed 768K, reserved 1048576K
Event: 2.321 GC heap after
Heap after GC invocations=16 (full 0):
 PSYoungGen      total 198656K, used 192K [0x000000076b800000, 0x0000000784c80000, 0x00000007c0000000)
  eden space 198144K, 0% used [0x000000076b800000,0x000000076b800000,0x0000000777980000)
  from space 512K, 37% used [0x0000000784c00000,0x0000000784c30000,0x0000000784c80000)
  to   space 2048K, 0% used [0x0000000784880000,0x0000000784880000,0x0000000784a80000)
 ParOldGen       total 173568K, used 1288K [0x00000006c2800000, 0x00000006cd180000, 0x000000076b800000)
  object space 173568K, 0% used [0x00000006c2800000,0x00000006c2942070,0x00000006cd180000)
 Metaspace       used 8183K, capacity 8646K, committed 8960K, reserved 1056768K
  class space    used 654K, capacity 690K, committed 768K, reserved 1048576K
}
Event: 2.475 GC heap before
{Heap before GC invocations=17 (full 0):
 PSYoungGen      total 198656K, used 198336K [0x000000076b800000, 0x0000000784c80000, 0x00000007c0000000)
  eden space 198144K, 100% used [0x000000076b800000,0x0000000777980000,0x0000000777980000)
  from space 512K, 37% used [0x0000000784c00000,0x0000000784c30000,0x0000000784c80000)
  to   space 2048K, 0% used [0x0000000784880000,0x0000000784880000,0x0000000784a80000)
 ParOldGen       total 173568K, used 1288K [0x00000006c2800000, 0x00000006cd180000, 0x000000076b800000)
  object space 173568K, 0% used [0x00000006c2800000,0x00000006c2942070,0x00000006cd180000)
 Metaspace       used 8197K, capacity 8646K, committed 8960K, reserved 1056768K
  class space    used 654K, capacity 690K, committed 768K, reserved 1048576K
Event: 2.475 GC heap after
Heap after GC invocations=17 (full 0):
 PSYoungGen      total 193024K, used 192K [0x000000076b800000, 0x0000000784c80000, 0x00000007c0000000)
  eden space 190976K, 0% used [0x000000076b800000,0x000000076b800000,0x0000000777280000)
  from space 2048K, 9% used [0x0000000784880000,0x00000007848b0000,0x0000000784a80000)
  to   space 2048K, 0% used [0x0000000784a80000,0x0000000784a80000,0x0000000784c80000)
 ParOldGen       total 173568K, used 1296K [0x00000006c2800000, 0x00000006cd180000, 0x000000076b800000)
  object space 173568K, 0% used [0x00000006c2800000,0x00000006c2944070,0x00000006cd180000)
 Metaspace       used 8197K, capacity 8646K, committed 8960K, reserved 1056768K
  class space    used 654K, capacity 690K, committed 768K, reserved 1048576K
}
Event: 2.692 GC heap before
{Heap before GC invocations=18 (full 0):
 PSYoungGen      total 193024K, used 191168K [0x000000076b800000, 0x0000000784c80000, 0x00000007c0000000)
  eden space 190976K, 100% used [0x000000076b800000,0x0000000777280000,0x0000000777280000)
  from space 2048K, 9% used [0x0000000784880000,0x00000007848b0000,0x0000000784a80000)
  to   space 2048K, 0% used [0x0000000784a80000,0x0000000784a80000,0x0000000784c80000)
 ParOldGen       total 173568K, used 1296K [0x00000006c2800000, 0x00000006cd180000, 0x000000076b800000)
  object space 173568K, 0% used [0x00000006c2800000,0x00000006c2944070,0x00000006cd180000)
 Metaspace       used 8200K, capacity 8646K, committed 8960K, reserved 1056768K
  class space    used 654K, capacity 690K, committed 768K, reserved 1048576K
Event: 2.693 GC heap after
Heap after GC invocations=18 (full 0):
 PSYoungGen      total 184832K, used 192K [0x000000076b800000, 0x0000000784b00000, 0x00000007c0000000)
  eden space 184320K, 0% used [0x000000076b800000,0x000000076b800000,0x0000000776c00000)
  from space 512K, 37% used [0x0000000784a80000,0x0000000784ab0000,0x0000000784b00000)
  to   space 2048K, 0% used [0x0000000784700000,0x0000000784700000,0x0000000784900000)
 ParOldGen       total 173568K, used 1320K [0x00000006c2800000, 0x00000006cd180000, 0x000000076b800000)
  object space 173568K, 0% used [0x00000006c2800000,0x00000006c294a070,0x00000006cd180000)
 Metaspace       used 8200K, capacity 8646K, committed 8960K, reserved 1056768K
  class space    used 654K, capacity 690K, committed 768K, reserved 1048576K
}
Event: 2.856 GC heap before
{Heap before GC invocations=19 (full 0):
 PSYoungGen      total 184832K, used 184512K [0x000000076b800000, 0x0000000784b00000, 0x00000007c0000000)
  eden space 184320K, 100% used [0x000000076b800000,0x0000000776c00000,0x0000000776c00000)
  from space 512K, 37% used [0x0000000784a80000,0x0000000784ab0000,0x0000000784b00000)
  to   space 2048K, 0% used [0x0000000784700000,0x0000000784700000,0x0000000784900000)
 ParOldGen       total 173568K, used 1320K [0x00000006c2800000, 0x00000006cd180000, 0x000000076b800000)
  object space 173568K, 0% used [0x00000006c2800000,0x00000006c294a070,0x00000006cd180000)
 Metaspace       used 8206K, capacity 8646K, committed 8960K, reserved 1056768K
  class space    used 654K, capacity 690K, committed 768K, reserved 1048576K
Event: 2.857 GC heap after
Heap after GC invocations=19 (full 0):
 PSYoungGen      total 179712K, used 64K [0x000000076b800000, 0x0000000784b00000, 0x00000007c0000000)
  eden space 177664K, 0% used [0x000000076b800000,0x000000076b800000,0x0000000776580000)
  from space 2048K, 3% used [0x0000000784700000,0x0000000784710000,0x0000000784900000)
  to   space 2048K, 0% used [0x0000000784900000,0x0000000784900000,0x0000000784b00000)
 ParOldGen       total 173568K, used 1320K [0x00000006c2800000, 0x00000006cd180000, 0x000000076b800000)
  object space 173568K, 0% used [0x00000006c2800000,0x00000006c294a070,0x00000006cd180000)
 Metaspace       used 8206K, capacity 8646K, committed 8960K, reserved 1056768K
  class space    used 654K, capacity 690K, committed 768K, reserved 1048576K
}

