# JRE version: Java(TM) SE Runtime Environment (8.0_65-b17) (build 1.8.0_65-b17)
# Java VM: Java HotSpot(TM) 64-Bit Server VM (25.65-b01 mixed mode windows-amd64 compressed oops)
Heap:
 PSYoungGen      total 617984K, used 12361K [0x000000076b800000, 0x00000007bcc80000, 0x00000007c0000000)
  eden space 613888K, 1% used [0x000000076b800000,0x000000076c3f27a8,0x0000000790f80000)
  from space 4096K, 3% used [0x00000007bc480000,0x00000007bc4a0000,0x00000007bc880000)
  to   space 4096K, 0% used [0x00000007bc880000,0x00000007bc880000,0x00000007bcc80000)
 ParOldGen       total 173568K, used 18251K [0x00000006c2800000, 0x00000006cd180000, 0x000000076b800000)
  object space 173568K, 10% used [0x00000006c2800000,0x00000006c39d2ce0,0x00000006cd180000)
 Metaspace       used 8367K, capacity 8774K, committed 8960K, reserved 1056768K
  class space    used 660K, capacity 690K, committed 768K, reserved 1048576K
GC Heap History (10 events):
Event: 13.733 GC heap before
{Heap before GC invocations=25 (full 0):
 PSYoungGen      total 774144K, used 773856K [0x000000076b800000, 0x00000007bd500000, 0x00000007c0000000)
  eden space 773632K, 100% used [0x000000076b800000,0x000000079ab80000,0x000000079ab80000)
  from space 512K, 43% used [0x00000007bd480000,0x00000007bd4b8000,0x00000007bd500000)
  to   space 5632K, 0% used [0x00000007bca00000,0x00000007bca00000,0x00000007bcf80000)
 ParOldGen       total 173568K, used 18243K [0x00000006c2800000, 0x00000006cd180000, 0x000000076b800000)
  object space 173568K, 10% used [0x00000006c2800000,0x00000006c39d0ce0,0x00000006cd180000)
 Metaspace       used 8367K, capacity 8774K, committed 8960K, reserved 1056768K
  class space    used 660K, capacity 690K, committed 768K, reserved 1048576K
Event: 13.734 GC heap after
Heap after GC invocations=25 (full 0):
 PSYoungGen      total 743936K, used 160K [0x000000076b800000, 0x00000007bd500000, 0x00000007c0000000)
  eden space 738304K, 0% used [0x000000076b800000,0x000000076b800000,0x0000000798900000)
  from space 5632K, 2% used [0x00000007bca00000,0x00000007bca28000,0x00000007bcf80000)
  to   space 5120K, 0% used [0x00000007bd000000,0x00000007bd000000,0x00000007bd500000)
 ParOldGen       total 173568K, used 18251K [0x00000006c2800000, 0x00000006cd180000, 0x000000076b800000)
  object space 173568K, 10% used [0x00000006c2800000,0x00000006c39d2ce0,0x00000006cd180000)
 Metaspace       used 8367K, capacity 8774K, committed 8960K, reserved 1056768K
  class space    used 660K, capacity 690K, committed 768K, reserved 1048576K
}
Event: 14.301 GC heap before
{Heap before GC invocations=26 (full 0):
 PSYoungGen      total 743936K, used 738464K [0x000000076b800000, 0x00000007bd500000, 0x00000007c0000000)
  eden space 738304K, 100% used [0x000000076b800000,0x0000000798900000,0x0000000798900000)
  from space 5632K, 2% used [0x00000007bca00000,0x00000007bca28000,0x00000007bcf80000)
  to   space 5120K, 0% used [0x00000007bd000000,0x00000007bd000000,0x00000007bd500000)
 ParOldGen       total 173568K, used 18251K [0x00000006c2800000, 0x00000006cd180000, 0x000000076b800000)
  object space 173568K, 10% used [0x00000006c2800000,0x00000006c39d2ce0,0x00000006cd180000)
 Metaspace       used 8367K, capacity 8774K, committed 8960K, reserved 1056768K
  class space    used 660K, capacity 690K, committed 768K, reserved 1048576K
Event: 14.302 GC heap after
Heap after GC invocations=26 (full 0):
 PSYoungGen      total 705024K, used 224K [0x000000076b800000, 0x00000007bd080000, 0x00000007c0000000)
  eden space 704512K, 0% used [0x000000076b800000,0x000000076b800000,0x0000000796800000)
  from space 512K, 43% used [0x00000007bd000000,0x00000007bd038000,0x00000007bd080000)
  to   space 4608K, 0% used [0x00000007bc780000,0x00000007bc780000,0x00000007bcc00000)
 ParOldGen       total 173568K, used 18251K [0x00000006c2800000, 0x00000006cd180000, 0x000000076b800000)
  object space 173568K, 10% used [0x00000006c2800000,0x00000006c39d2ce0,0x00000006cd180000)
 Metaspace       used 8367K, capacity 8774K, committed 8960K, reserved 1056768K
  class space    used 660K, capacity 690K, committed 768K, reserved 1048576K
}
Event: 14.874 GC heap before
{Heap before GC invocations=27 (full 0):
 PSYoungGen      total 705024K, used 704736K [0x000000076b800000, 0x00000007bd080000, 0x00000007c0000000)
  eden space 704512K, 100% used [0x000000076b800000,0x0000000796800000,0x0000000796800000)
  from space 512K, 43% used [0x00000007bd000000,0x00000007bd038000,0x00000007bd080000)
  to   space 4608K, 0% used [0x00000007bc780000,0x00000007bc780000,0x00000007bcc00000)
 ParOldGen       total 173568K, used 18251K [0x00000006c2800000, 0x00000006cd180000, 0x000000076b800000)
  object space 173568K, 10% used [0x00000006c2800000,0x00000006c39d2ce0,0x00000006cd180000)
 Metaspace       used 8367K, capacity 8774K, committed 8960K, reserved 1056768K
  class space    used 660K, capacity 690K, committed 768K, reserved 1048576K
Event: 14.875 GC heap after
Heap after GC invocations=27 (full 0):
 PSYoungGen      total 677376K, used 224K [0x000000076b800000, 0x00000007bd080000, 0x00000007c0000000)
  eden space 672768K, 0% used [0x000000076b800000,0x000000076b800000,0x0000000794900000)
  from space 4608K, 4% used [0x00000007bc780000,0x00000007bc7b8000,0x00000007bcc00000)
  to   space 4608K, 0% used [0x00000007bcc00000,0x00000007bcc00000,0x00000007bd080000)
 ParOldGen       total 173568K, used 18251K [0x00000006c2800000, 0x00000006cd180000, 0x000000076b800000)
  object space 173568K, 10% used [0x00000006c2800000,0x00000006c39d2ce0,0x00000006cd180000)
 Metaspace       used 8367K, capacity 8774K, committed 8960K, reserved 1056768K
  class space    used 660K, capacity 690K, committed 768K, reserved 1048576K
}
Event: 15.384 GC heap before
{Heap before GC invocations=28 (full 0):
 PSYoungGen      total 677376K, used 672992K [0x000000076b800000, 0x00000007bd080000, 0x00000007c0000000)
  eden space 672768K, 100% used [0x000000076b800000,0x0000000794900000,0x0000000794900000)
  from space 4608K, 4% used [0x00000007bc780000,0x00000007bc7b8000,0x00000007bcc00000)
  to   space 4608K, 0% used [0x00000007bcc00000,0x00000007bcc00000,0x00000007bd080000)
 ParOldGen       total 173568K, used 18251K [0x00000006c2800000, 0x00000006cd180000, 0x000000076b800000)
  object space 173568K, 10% used [0x00000006c2800000,0x00000006c39d2ce0,0x00000006cd180000)
 Metaspace       used 8367K, capacity 8774K, committed 8960K, reserved 1056768K
  class space    used 660K, capacity 690K, committed 768K, reserved 1048576K
Event: 15.384 GC heap after
Heap after GC invocations=28 (full 0):
 PSYoungGen      total 643072K, used 224K [0x000000076b800000, 0x00000007bcc80000, 0x00000007c0000000)
  eden space 642560K, 0% used [0x000000076b800000,0x000000076b800000,0x0000000792b80000)
  from space 512K, 43% used [0x00000007bcc00000,0x00000007bcc38000,0x00000007bcc80000)
  to   space 4096K, 0% used [0x00000007bc480000,0x00000007bc480000,0x00000007bc880000)
 ParOldGen       total 173568K, used 18251K [0x00000006c2800000, 0x00000006cd180000, 0x000000076b800000)
  object space 173568K, 10% used [0x00000006c2800000,0x00000006c39d2ce0,0x00000006cd180000)
 Metaspace       used 8367K, capacity 8774K, committed 8960K, reserved 1056768K
  class space    used 660K, capacity 690K, committed 768K, reserved 1048576K
}
Event: 16.079 GC heap before
{Heap before GC invocations=29 (full 0):
 PSYoungGen      total 643072K, used 642784K [0x000000076b800000, 0x00000007bcc80000, 0x00000007c0000000)
  eden space 642560K, 100% used [0x000000076b800000,0x0000000792b80000,0x0000000792b80000)
  from space 512K, 43% used [0x00000007bcc00000,0x00000007bcc38000,0x00000007bcc80000)
  to   space 4096K, 0% used [0x00000007bc480000,0x00000007bc480000,0x00000007bc880000)
 ParOldGen       total 173568K, used 18251K [0x00000006c2800000, 0x00000006cd180000, 0x000000076b800000)
  object space 173568K, 10% used [0x00000006c2800000,0x00000006c39d2ce0,0x00000006cd180000)
 Metaspace       used 8367K, capacity 8774K, committed 8960K, reserved 1056768K
  class space    used 660K, capacity 690K, committed 768K, reserved 1048576K
Event: 16.080 GC heap after
Heap after GC invocations=29 (full 0):
 PSYoungGen      total 617984K, used 128K [0x000000076b800000, 0x00000007bcc80000, 0x00000007c0000000)
  eden space 613888K, 0% used [0x000000076b800000,0x000000076b800000,0x0000000790f80000)
  from space 4096K, 3% used [0x00000007bc480000,0x00000007bc4a0000,0x00000007bc880000)
  to   space 4096K, 0% used [0x00000007bc880000,0x00000007bc880000,0x00000007bcc80000)
 ParOldGen       total 173568K, used 18251K [0x00000006c2800000, 0x00000006cd180000, 0x000000076b800000)
  object space 173568K, 10% used [0x00000006c2800000,0x00000006c39d2ce0,0x00000006cd180000)
 Metaspace       used 8367K, capacity 8774K, committed 8960K, reserved 1056768K
  class space    used 660K, capacity 690K, committed 768K, reserved 1048576K
}

