# JRE version: Java(TM) SE Runtime Environment (8.0_65-b17) (build 1.8.0_65-b17)
# Java VM: Java HotSpot(TM) 64-Bit Server VM (25.65-b01 mixed mode windows-amd64 compressed oops)
Heap:
 PSYoungGen      total 1074688K, used 477865K [0x000000076b800000, 0x00000007bda80000, 0x00000007c0000000)
  eden space 1063424K, 44% used [0x000000076b800000,0x0000000788a72538,0x00000007ac680000)
  from space 11264K, 1% used [0x00000007bc480000,0x00000007bc4b8000,0x00000007bcf80000)
  to   space 10752K, 0% used [0x00000007bd000000,0x00000007bd000000,0x00000007bda80000)
 ParOldGen       total 173568K, used 37297K [0x00000006c2800000, 0x00000006cd180000, 0x000000076b800000)
  object space 173568K, 21% used [0x00000006c2800000,0x00000006c4c6c7e0,0x00000006cd180000)
 Metaspace       used 8336K, capacity 8710K, committed 8960K, reserved 1056768K
  class space    used 659K, capacity 690K, committed 768K, reserved 1048576K
GC Heap History (10 events):
Event: 5.933 GC heap before
{Heap before GC invocations=17 (full 0):
 PSYoungGen      total 1368576K, used 1355488K [0x000000076b800000, 0x00000007bfe80000, 0x00000007c0000000)
  eden space 1355264K, 100% used [0x000000076b800000,0x00000007be380000,0x00000007be380000)
  from space 13312K, 1% used [0x00000007bf180000,0x00000007bf1b8000,0x00000007bfe80000)
  to   space 13824K, 0% used [0x00000007be380000,0x00000007be380000,0x00000007bf100000)
 ParOldGen       total 173568K, used 37281K [0x00000006c2800000, 0x00000006cd180000, 0x000000076b800000)
  object space 173568K, 21% used [0x00000006c2800000,0x00000006c4c687e0,0x00000006cd180000)
 Metaspace       used 8313K, capacity 8710K, committed 8960K, reserved 1056768K
  class space    used 659K, capacity 690K, committed 768K, reserved 1048576K
Event: 5.934 GC heap after
Heap after GC invocations=17 (full 0):
 PSYoungGen      total 1291264K, used 224K [0x000000076b800000, 0x00000007bf200000, 0x00000007c0000000)
  eden space 1290752K, 0% used [0x000000076b800000,0x000000076b800000,0x00000007ba480000)
  from space 512K, 43% used [0x00000007be380000,0x00000007be3b8000,0x00000007be400000)
  to   space 13312K, 0% used [0x00000007be500000,0x00000007be500000,0x00000007bf200000)
 ParOldGen       total 173568K, used 37281K [0x00000006c2800000, 0x00000006cd180000, 0x000000076b800000)
  object space 173568K, 21% used [0x00000006c2800000,0x00000006c4c687e0,0x00000006cd180000)
 Metaspace       used 8313K, capacity 8710K, committed 8960K, reserved 1056768K
  class space    used 659K, capacity 690K, committed 768K, reserved 1048576K
}
Event: 6.912 GC heap before
{Heap before GC invocations=18 (full 0):
 PSYoungGen      total 1291264K, used 1290976K [0x000000076b800000, 0x00000007bf200000, 0x00000007c0000000)
  eden space 1290752K, 100% used [0x000000076b800000,0x00000007ba480000,0x00000007ba480000)
  from space 512K, 43% used [0x00000007be380000,0x00000007be3b8000,0x00000007be400000)
  to   space 13312K, 0% used [0x00000007be500000,0x00000007be500000,0x00000007bf200000)
 ParOldGen       total 173568K, used 37281K [0x00000006c2800000, 0x00000006cd180000, 0x000000076b800000)
  object space 173568K, 21% used [0x00000006c2800000,0x00000006c4c687e0,0x00000006cd180000)
 Metaspace       used 8315K, capacity 8710K, committed 8960K, reserved 1056768K
  class space    used 659K, capacity 690K, committed 768K, reserved 1048576K
Event: 6.913 GC heap after
Heap after GC invocations=18 (full 0):
 PSYoungGen      total 1229824K, used 224K [0x000000076b800000, 0x00000007be580000, 0x00000007c0000000)
  eden space 1229312K, 0% used [0x000000076b800000,0x000000076b800000,0x00000007b6880000)
  from space 512K, 43% used [0x00000007be500000,0x00000007be538000,0x00000007be580000)
  to   space 12288K, 0% used [0x00000007bcd80000,0x00000007bcd80000,0x00000007bd980000)
 ParOldGen       total 173568K, used 37297K [0x00000006c2800000, 0x00000006cd180000, 0x000000076b800000)
  object space 173568K, 21% used [0x00000006c2800000,0x00000006c4c6c7e0,0x00000006cd180000)
 Metaspace       used 8315K, capacity 8710K, committed 8960K, reserved 1056768K
  class space    used 659K, capacity 690K, committed 768K, reserved 1048576K
}
Event: 8.117 GC heap before
{Heap before GC invocations=19 (full 0):
 PSYoungGen      total 1229824K, used 1229536K [0x000000076b800000, 0x00000007be580000, 0x00000007c0000000)
  eden space 1229312K, 100% used [0x000000076b800000,0x00000007b6880000,0x00000007b6880000)
  from space 512K, 43% used [0x00000007be500000,0x00000007be538000,0x00000007be580000)
  to   space 12288K, 0% used [0x00000007bcd80000,0x00000007bcd80000,0x00000007bd980000)
 ParOldGen       total 173568K, used 37297K [0x00000006c2800000, 0x00000006cd180000, 0x000000076b800000)
  object space 173568K, 21% used [0x00000006c2800000,0x00000006c4c6c7e0,0x00000006cd180000)
 Metaspace       used 8323K, capacity 8710K, committed 8960K, reserved 1056768K
  class space    used 659K, capacity 690K, committed 768K, reserved 1048576K
Event: 8.118 GC heap after
Heap after GC invocations=19 (full 0):
 PSYoungGen      total 1183232K, used 192K [0x000000076b800000, 0x00000007be580000, 0x00000007c0000000)
  eden space 1170944K, 0% used [0x000000076b800000,0x000000076b800000,0x00000007b2f80000)
  from space 12288K, 1% used [0x00000007bcd80000,0x00000007bcdb0000,0x00000007bd980000)
  to   space 11776K, 0% used [0x00000007bda00000,0x00000007bda00000,0x00000007be580000)
 ParOldGen       total 173568K, used 37297K [0x00000006c2800000, 0x00000006cd180000, 0x000000076b800000)
  object space 173568K, 21% used [0x00000006c2800000,0x00000006c4c6c7e0,0x00000006cd180000)
 Metaspace       used 8323K, capacity 8710K, committed 8960K, reserved 1056768K
  class space    used 659K, capacity 690K, committed 768K, reserved 1048576K
}
Event: 8.989 GC heap before
{Heap before GC invocations=20 (full 0):
 PSYoungGen      total 1183232K, used 1171136K [0x000000076b800000, 0x00000007be580000, 0x00000007c0000000)
  eden space 1170944K, 100% used [0x000000076b800000,0x00000007b2f80000,0x00000007b2f80000)
  from space 12288K, 1% used [0x00000007bcd80000,0x00000007bcdb0000,0x00000007bd980000)
  to   space 11776K, 0% used [0x00000007bda00000,0x00000007bda00000,0x00000007be580000)
 ParOldGen       total 173568K, used 37297K [0x00000006c2800000, 0x00000006cd180000, 0x000000076b800000)
  object space 173568K, 21% used [0x00000006c2800000,0x00000006c4c6c7e0,0x00000006cd180000)
 Metaspace       used 8323K, capacity 8710K, committed 8960K, reserved 1056768K
  class space    used 659K, capacity 690K, committed 768K, reserved 1048576K
Event: 8.990 GC heap after
Heap after GC invocations=20 (full 0):
 PSYoungGen      total 1116160K, used 224K [0x000000076b800000, 0x00000007bda80000, 0x00000007c0000000)
  eden space 1115648K, 0% used [0x000000076b800000,0x000000076b800000,0x00000007af980000)
  from space 512K, 43% used [0x00000007bda00000,0x00000007bda38000,0x00000007bda80000)
  to   space 11264K, 0% used [0x00000007bc480000,0x00000007bc480000,0x00000007bcf80000)
 ParOldGen       total 173568K, used 37297K [0x00000006c2800000, 0x00000006cd180000, 0x000000076b800000)
  object space 173568K, 21% used [0x00000006c2800000,0x00000006c4c6c7e0,0x00000006cd180000)
 Metaspace       used 8323K, capacity 8710K, committed 8960K, reserved 1056768K
  class space    used 659K, capacity 690K, committed 768K, reserved 1048576K
}
Event: 9.810 GC heap before
{Heap before GC invocations=21 (full 0):
 PSYoungGen      total 1116160K, used 1115872K [0x000000076b800000, 0x00000007bda80000, 0x00000007c0000000)
  eden space 1115648K, 100% used [0x000000076b800000,0x00000007af980000,0x00000007af980000)
  from space 512K, 43% used [0x00000007bda00000,0x00000007bda38000,0x00000007bda80000)
  to   space 11264K, 0% used [0x00000007bc480000,0x00000007bc480000,0x00000007bcf80000)
 ParOldGen       total 173568K, used 37297K [0x00000006c2800000, 0x00000006cd180000, 0x000000076b800000)
  object space 173568K, 21% used [0x00000006c2800000,0x00000006c4c6c7e0,0x00000006cd180000)
 Metaspace       used 8323K, capacity 8710K, committed 8960K, reserved 1056768K
  class space    used 659K, capacity 690K, committed 768K, reserved 1048576K
Event: 9.811 GC heap after
Heap after GC invocations=21 (full 0):
 PSYoungGen      total 1074688K, used 224K [0x000000076b800000, 0x00000007bda80000, 0x00000007c0000000)
  eden space 1063424K, 0% used [0x000000076b800000,0x000000076b800000,0x00000007ac680000)
  from space 11264K, 1% used [0x00000007bc480000,0x00000007bc4b8000,0x00000007bcf80000)
  to   space 10752K, 0% used [0x00000007bd000000,0x00000007bd000000,0x00000007bda80000)
 ParOldGen       total 173568K, used 37297K [0x00000006c2800000, 0x00000006cd180000, 0x000000076b800000)
  object space 173568K, 21% used [0x00000006c2800000,0x00000006c4c6c7e0,0x00000006cd180000)
 Metaspace       used 8323K, capacity 8710K, committed 8960K, reserved 1056768K
  class space    used 659K, capacity 690K, committed 768K, reserved 1048576K
}

