# JRE version: Java(TM) SE Runtime Environment (8.0_65-b17) (build 1.8.0_65-b17)
# Java VM: Java HotSpot(TM) 64-Bit Server VM (25.65-b01 mixed mode windows-amd64 compressed oops)
Heap:
 PSYoungGen      total 273920K, used 11020K [0x000000076b800000, 0x0000000784a80000, 0x00000007c0000000)
  eden space 273408K, 3% used [0x000000076b800000,0x000000076c2ab270,0x000000077c300000)
  from space 512K, 18% used [0x0000000784a00000,0x0000000784a18000,0x0000000784a80000)
  to   space 1536K, 0% used [0x0000000784780000,0x0000000784780000,0x0000000784900000)
 ParOldGen       total 173568K, used 1308K [0x00000006c2800000, 0x00000006cd180000, 0x000000076b800000)
  object space 173568K, 0% used [0x00000006c2800000,0x00000006c2947080,0x00000006cd180000)
 Metaspace       used 8079K, capacity 8646K, committed 8960K, reserved 1056768K
  class space    used 646K, capacity 690K, committed 768K, reserved 1048576K
GC Heap History (10 events):
Event: 3.070 GC heap before
{Heap before GC invocations=16 (full 0):
 PSYoungGen      total 337920K, used 336032K [0x000000076b800000, 0x0000000784e00000, 0x00000007c0000000)
  eden space 335872K, 100% used [0x000000076b800000,0x0000000780000000,0x0000000780000000)
  from space 2048K, 7% used [0x0000000784a00000,0x0000000784a28000,0x0000000784c00000)
  to   space 2048K, 0% used [0x0000000784c00000,0x0000000784c00000,0x0000000784e00000)
 ParOldGen       total 173568K, used 1292K [0x00000006c2800000, 0x00000006cd180000, 0x000000076b800000)
  object space 173568K, 0% used [0x00000006c2800000,0x00000006c2943080,0x00000006cd180000)
 Metaspace       used 8077K, capacity 8646K, committed 8960K, reserved 1056768K
  class space    used 646K, capacity 690K, committed 768K, reserved 1048576K
Event: 3.070 GC heap after
Heap after GC invocations=16 (full 0):
 PSYoungGen      total 322560K, used 160K [0x000000076b800000, 0x0000000784c80000, 0x00000007c0000000)
  eden space 322048K, 0% used [0x000000076b800000,0x000000076b800000,0x000000077f280000)
  from space 512K, 31% used [0x0000000784c00000,0x0000000784c28000,0x0000000784c80000)
  to   space 2048K, 0% used [0x0000000784880000,0x0000000784880000,0x0000000784a80000)
 ParOldGen       total 173568K, used 1300K [0x00000006c2800000, 0x00000006cd180000, 0x000000076b800000)
  object space 173568K, 0% used [0x00000006c2800000,0x00000006c2945080,0x00000006cd180000)
 Metaspace       used 8077K, capacity 8646K, committed 8960K, reserved 1056768K
  class space    used 646K, capacity 690K, committed 768K, reserved 1048576K
}
Event: 3.369 GC heap before
{Heap before GC invocations=17 (full 0):
 PSYoungGen      total 322560K, used 322208K [0x000000076b800000, 0x0000000784c80000, 0x00000007c0000000)
  eden space 322048K, 100% used [0x000000076b800000,0x000000077f280000,0x000000077f280000)
  from space 512K, 31% used [0x0000000784c00000,0x0000000784c28000,0x0000000784c80000)
  to   space 2048K, 0% used [0x0000000784880000,0x0000000784880000,0x0000000784a80000)
 ParOldGen       total 173568K, used 1300K [0x00000006c2800000, 0x00000006cd180000, 0x000000076b800000)
  object space 173568K, 0% used [0x00000006c2800000,0x00000006c2945080,0x00000006cd180000)
 Metaspace       used 8078K, capacity 8646K, committed 8960K, reserved 1056768K
  class space    used 646K, capacity 690K, committed 768K, reserved 1048576K
Event: 3.370 GC heap after
Heap after GC invocations=17 (full 0):
 PSYoungGen      total 310784K, used 160K [0x000000076b800000, 0x0000000784c80000, 0x00000007c0000000)
  eden space 308736K, 0% used [0x000000076b800000,0x000000076b800000,0x000000077e580000)
  from space 2048K, 7% used [0x0000000784880000,0x00000007848a8000,0x0000000784a80000)
  to   space 1536K, 0% used [0x0000000784b00000,0x0000000784b00000,0x0000000784c80000)
 ParOldGen       total 173568K, used 1308K [0x00000006c2800000, 0x00000006cd180000, 0x000000076b800000)
  object space 173568K, 0% used [0x00000006c2800000,0x00000006c2947080,0x00000006cd180000)
 Metaspace       used 8078K, capacity 8646K, committed 8960K, reserved 1056768K
  class space    used 646K, capacity 690K, committed 768K, reserved 1048576K
}
Event: 3.611 GC heap before
{Heap before GC invocations=18 (full 0):
 PSYoungGen      total 310784K, used 308896K [0x000000076b800000, 0x0000000784c80000, 0x00000007c0000000)
  eden space 308736K, 100% used [0x000000076b800000,0x000000077e580000,0x000000077e580000)
  from space 2048K, 7% used [0x0000000784880000,0x00000007848a8000,0x0000000784a80000)
  to   space 1536K, 0% used [0x0000000784b00000,0x0000000784b00000,0x0000000784c80000)
 ParOldGen       total 173568K, used 1308K [0x00000006c2800000, 0x00000006cd180000, 0x000000076b800000)
  object space 173568K, 0% used [0x00000006c2800000,0x00000006c2947080,0x00000006cd180000)
 Metaspace       used 8078K, capacity 8646K, committed 8960K, reserved 1056768K
  class space    used 646K, capacity 690K, committed 768K, reserved 1048576K
Event: 3.612 GC heap after
Heap after GC invocations=18 (full 0):
 PSYoungGen      total 296960K, used 224K [0x000000076b800000, 0x0000000784b80000, 0x00000007c0000000)
  eden space 296448K, 0% used [0x000000076b800000,0x000000076b800000,0x000000077d980000)
  from space 512K, 43% used [0x0000000784b00000,0x0000000784b38000,0x0000000784b80000)
  to   space 1536K, 0% used [0x0000000784880000,0x0000000784880000,0x0000000784a00000)
 ParOldGen       total 173568K, used 1308K [0x00000006c2800000, 0x00000006cd180000, 0x000000076b800000)
  object space 173568K, 0% used [0x00000006c2800000,0x00000006c2947080,0x00000006cd180000)
 Metaspace       used 8078K, capacity 8646K, committed 8960K, reserved 1056768K
  class space    used 646K, capacity 690K, committed 768K, reserved 1048576K
}
Event: 3.862 GC heap before
{Heap before GC invocations=19 (full 0):
 PSYoungGen      total 296960K, used 296672K [0x000000076b800000, 0x0000000784b80000, 0x00000007c0000000)
  eden space 296448K, 100% used [0x000000076b800000,0x000000077d980000,0x000000077d980000)
  from space 512K, 43% used [0x0000000784b00000,0x0000000784b38000,0x0000000784b80000)
  to   space 1536K, 0% used [0x0000000784880000,0x0000000784880000,0x0000000784a00000)
 ParOldGen       total 173568K, used 1308K [0x00000006c2800000, 0x00000006cd180000, 0x000000076b800000)
  object space 173568K, 0% used [0x00000006c2800000,0x00000006c2947080,0x00000006cd180000)
 Metaspace       used 8078K, capacity 8646K, committed 8960K, reserved 1056768K
  class space    used 646K, capacity 690K, committed 768K, reserved 1048576K
Event: 3.863 GC heap after
Heap after GC invocations=19 (full 0):
 PSYoungGen      total 286208K, used 192K [0x000000076b800000, 0x0000000784b80000, 0x00000007c0000000)
  eden space 284672K, 0% used [0x000000076b800000,0x000000076b800000,0x000000077ce00000)
  from space 1536K, 12% used [0x0000000784880000,0x00000007848b0000,0x0000000784a00000)
  to   space 1536K, 0% used [0x0000000784a00000,0x0000000784a00000,0x0000000784b80000)
 ParOldGen       total 173568K, used 1308K [0x00000006c2800000, 0x00000006cd180000, 0x000000076b800000)
  object space 173568K, 0% used [0x00000006c2800000,0x00000006c2947080,0x00000006cd180000)
 Metaspace       used 8078K, capacity 8646K, committed 8960K, reserved 1056768K
  class space    used 646K, capacity 690K, committed 768K, reserved 1048576K
}
Event: 4.155 GC heap before
{Heap before GC invocations=20 (full 0):
 PSYoungGen      total 286208K, used 284864K [0x000000076b800000, 0x0000000784b80000, 0x00000007c0000000)
  eden space 284672K, 100% used [0x000000076b800000,0x000000077ce00000,0x000000077ce00000)
  from space 1536K, 12% used [0x0000000784880000,0x00000007848b0000,0x0000000784a00000)
  to   space 1536K, 0% used [0x0000000784a00000,0x0000000784a00000,0x0000000784b80000)
 ParOldGen       total 173568K, used 1308K [0x00000006c2800000, 0x00000006cd180000, 0x000000076b800000)
  object space 173568K, 0% used [0x00000006c2800000,0x00000006c2947080,0x00000006cd180000)
 Metaspace       used 8079K, capacity 8646K, committed 8960K, reserved 1056768K
  class space    used 646K, capacity 690K, committed 768K, reserved 1048576K
Event: 4.155 GC heap after
Heap after GC invocations=20 (full 0):
 PSYoungGen      total 273920K, used 96K [0x000000076b800000, 0x0000000784a80000, 0x00000007c0000000)
  eden space 273408K, 0% used [0x000000076b800000,0x000000076b800000,0x000000077c300000)
  from space 512K, 18% used [0x0000000784a00000,0x0000000784a18000,0x0000000784a80000)
  to   space 1536K, 0% used [0x0000000784780000,0x0000000784780000,0x0000000784900000)
 ParOldGen       total 173568K, used 1308K [0x00000006c2800000, 0x00000006cd180000, 0x000000076b800000)
  object space 173568K, 0% used [0x00000006c2800000,0x00000006c2947080,0x00000006cd180000)
 Metaspace       used 8079K, capacity 8646K, committed 8960K, reserved 1056768K
  class space    used 646K, capacity 690K, committed 768K, reserved 1048576K
}

