# JRE version: Java(TM) SE Runtime Environment (8.0_65-b17) (build 1.8.0_65-b17)
# Java VM: Java HotSpot(TM) 64-Bit Server VM (25.65-b01 mixed mode windows-amd64 compressed oops)
Heap:
 PSYoungGen      total 1200128K, used 624854K [0x000000076b800000, 0x00000007bc400000, 0x00000007c0000000)
  eden space 1199616K, 52% used [0x000000076b800000,0x0000000791a0d8f0,0x00000007b4b80000)
  from space 512K, 31% used [0x00000007bc380000,0x00000007bc3a8000,0x00000007bc400000)
  to   space 4608K, 0% used [0x00000007bbb00000,0x00000007bbb00000,0x00000007bbf80000)
 ParOldGen       total 173568K, used 7599K [0x00000006c2800000, 0x00000006cd180000, 0x000000076b800000)
  object space 173568K, 4% used [0x00000006c2800000,0x00000006c2f6bf08,0x00000006cd180000)
 Metaspace       used 8384K, capacity 8774K, committed 8960K, reserved 1056768K
  class space    used 661K, capacity 690K, committed 768K, reserved 1048576K
GC Heap History (10 events):
Event: 2.487 GC heap before
{Heap before GC invocations=10 (full 0):
 PSYoungGen      total 521216K, used 516928K [0x000000076b800000, 0x000000079e880000, 0x00000007c0000000)
  eden space 516096K, 100% used [0x000000076b800000,0x000000078b000000,0x000000078b000000)
  from space 5120K, 16% used [0x000000078b000000,0x000000078b0d0000,0x000000078b500000)
  to   space 5120K, 0% used [0x000000079e380000,0x000000079e380000,0x000000079e880000)
 ParOldGen       total 173568K, used 6867K [0x00000006c2800000, 0x00000006cd180000, 0x000000076b800000)
  object space 173568K, 3% used [0x00000006c2800000,0x00000006c2eb4ef8,0x00000006cd180000)
 Metaspace       used 8351K, capacity 8774K, committed 8960K, reserved 1056768K
  class space    used 661K, capacity 690K, committed 768K, reserved 1048576K
Event: 2.489 GC heap after
Heap after GC invocations=10 (full 0):
 PSYoungGen      total 830976K, used 288K [0x000000076b800000, 0x000000079e880000, 0x00000007c0000000)
  eden space 825856K, 0% used [0x000000076b800000,0x000000076b800000,0x000000079de80000)
  from space 5120K, 5% used [0x000000079e380000,0x000000079e3c8000,0x000000079e880000)
  to   space 5120K, 0% used [0x000000079de80000,0x000000079de80000,0x000000079e380000)
 ParOldGen       total 173568K, used 7551K [0x00000006c2800000, 0x00000006cd180000, 0x000000076b800000)
  object space 173568K, 4% used [0x00000006c2800000,0x00000006c2f5ff08,0x00000006cd180000)
 Metaspace       used 8351K, capacity 8774K, committed 8960K, reserved 1056768K
  class space    used 661K, capacity 690K, committed 768K, reserved 1048576K
}
Event: 3.141 GC heap before
{Heap before GC invocations=11 (full 0):
 PSYoungGen      total 830976K, used 826144K [0x000000076b800000, 0x000000079e880000, 0x00000007c0000000)
  eden space 825856K, 100% used [0x000000076b800000,0x000000079de80000,0x000000079de80000)
  from space 5120K, 5% used [0x000000079e380000,0x000000079e3c8000,0x000000079e880000)
  to   space 5120K, 0% used [0x000000079de80000,0x000000079de80000,0x000000079e380000)
 ParOldGen       total 173568K, used 7551K [0x00000006c2800000, 0x00000006cd180000, 0x000000076b800000)
  object space 173568K, 4% used [0x00000006c2800000,0x00000006c2f5ff08,0x00000006cd180000)
 Metaspace       used 8368K, capacity 8774K, committed 8960K, reserved 1056768K
  class space    used 661K, capacity 690K, committed 768K, reserved 1048576K
Event: 3.142 GC heap after
Heap after GC invocations=11 (full 0):
 PSYoungGen      total 830976K, used 96K [0x000000076b800000, 0x00000007bcc80000, 0x00000007c0000000)
  eden space 825856K, 0% used [0x000000076b800000,0x000000076b800000,0x000000079de80000)
  from space 5120K, 1% used [0x000000079de80000,0x000000079de98000,0x000000079e380000)
  to   space 5120K, 0% used [0x00000007bc780000,0x00000007bc780000,0x00000007bcc80000)
 ParOldGen       total 173568K, used 7583K [0x00000006c2800000, 0x00000006cd180000, 0x000000076b800000)
  object space 173568K, 4% used [0x00000006c2800000,0x00000006c2f67f08,0x00000006cd180000)
 Metaspace       used 8368K, capacity 8774K, committed 8960K, reserved 1056768K
  class space    used 661K, capacity 690K, committed 768K, reserved 1048576K
}
Event: 3.729 GC heap before
{Heap before GC invocations=12 (full 0):
 PSYoungGen      total 830976K, used 825952K [0x000000076b800000, 0x00000007bcc80000, 0x00000007c0000000)
  eden space 825856K, 100% used [0x000000076b800000,0x000000079de80000,0x000000079de80000)
  from space 5120K, 1% used [0x000000079de80000,0x000000079de98000,0x000000079e380000)
  to   space 5120K, 0% used [0x00000007bc780000,0x00000007bc780000,0x00000007bcc80000)
 ParOldGen       total 173568K, used 7583K [0x00000006c2800000, 0x00000006cd180000, 0x000000076b800000)
  object space 173568K, 4% used [0x00000006c2800000,0x00000006c2f67f08,0x00000006cd180000)
 Metaspace       used 8374K, capacity 8774K, committed 8960K, reserved 1056768K
  class space    used 661K, capacity 690K, committed 768K, reserved 1048576K
Event: 3.730 GC heap after
Heap after GC invocations=12 (full 0):
 PSYoungGen      total 1325568K, used 128K [0x000000076b800000, 0x00000007bcb80000, 0x00000007c0000000)
  eden space 1321472K, 0% used [0x000000076b800000,0x000000076b800000,0x00000007bc280000)
  from space 4096K, 3% used [0x00000007bc780000,0x00000007bc7a0000,0x00000007bcb80000)
  to   space 4608K, 0% used [0x00000007bc280000,0x00000007bc280000,0x00000007bc700000)
 ParOldGen       total 173568K, used 7591K [0x00000006c2800000, 0x00000006cd180000, 0x000000076b800000)
  object space 173568K, 4% used [0x00000006c2800000,0x00000006c2f69f08,0x00000006cd180000)
 Metaspace       used 8374K, capacity 8774K, committed 8960K, reserved 1056768K
  class space    used 661K, capacity 690K, committed 768K, reserved 1048576K
}
Event: 4.911 GC heap before
{Heap before GC invocations=13 (full 0):
 PSYoungGen      total 1325568K, used 1321600K [0x000000076b800000, 0x00000007bcb80000, 0x00000007c0000000)
  eden space 1321472K, 100% used [0x000000076b800000,0x00000007bc280000,0x00000007bc280000)
  from space 4096K, 3% used [0x00000007bc780000,0x00000007bc7a0000,0x00000007bcb80000)
  to   space 4608K, 0% used [0x00000007bc280000,0x00000007bc280000,0x00000007bc700000)
 ParOldGen       total 173568K, used 7591K [0x00000006c2800000, 0x00000006cd180000, 0x000000076b800000)
  object space 173568K, 4% used [0x00000006c2800000,0x00000006c2f69f08,0x00000006cd180000)
 Metaspace       used 8384K, capacity 8774K, committed 8960K, reserved 1056768K
  class space    used 661K, capacity 690K, committed 768K, reserved 1048576K
Event: 4.911 GC heap after
Heap after GC invocations=13 (full 0):
 PSYoungGen      total 1259520K, used 224K [0x000000076b800000, 0x00000007bc800000, 0x00000007c0000000)
  eden space 1259008K, 0% used [0x000000076b800000,0x000000076b800000,0x00000007b8580000)
  from space 512K, 43% used [0x00000007bc280000,0x00000007bc2b8000,0x00000007bc300000)
  to   space 4608K, 0% used [0x00000007bc380000,0x00000007bc380000,0x00000007bc800000)
 ParOldGen       total 173568K, used 7591K [0x00000006c2800000, 0x00000006cd180000, 0x000000076b800000)
  object space 173568K, 4% used [0x00000006c2800000,0x00000006c2f69f08,0x00000006cd180000)
 Metaspace       used 8384K, capacity 8774K, committed 8960K, reserved 1056768K
  class space    used 661K, capacity 690K, committed 768K, reserved 1048576K
}
Event: 5.879 GC heap before
{Heap before GC invocations=14 (full 0):
 PSYoungGen      total 1259520K, used 1259232K [0x000000076b800000, 0x00000007bc800000, 0x00000007c0000000)
  eden space 1259008K, 100% used [0x000000076b800000,0x00000007b8580000,0x00000007b8580000)
  from space 512K, 43% used [0x00000007bc280000,0x00000007bc2b8000,0x00000007bc300000)
  to   space 4608K, 0% used [0x00000007bc380000,0x00000007bc380000,0x00000007bc800000)
 ParOldGen       total 173568K, used 7591K [0x00000006c2800000, 0x00000006cd180000, 0x000000076b800000)
  object space 173568K, 4% used [0x00000006c2800000,0x00000006c2f69f08,0x00000006cd180000)
 Metaspace       used 8384K, capacity 8774K, committed 8960K, reserved 1056768K
  class space    used 661K, capacity 690K, committed 768K, reserved 1048576K
Event: 5.880 GC heap after
Heap after GC invocations=14 (full 0):
 PSYoungGen      total 1200128K, used 160K [0x000000076b800000, 0x00000007bc400000, 0x00000007c0000000)
  eden space 1199616K, 0% used [0x000000076b800000,0x000000076b800000,0x00000007b4b80000)
  from space 512K, 31% used [0x00000007bc380000,0x00000007bc3a8000,0x00000007bc400000)
  to   space 4608K, 0% used [0x00000007bbb00000,0x00000007bbb00000,0x00000007bbf80000)
 ParOldGen       total 173568K, used 7599K [0x00000006c2800000, 0x00000006cd180000, 0x000000076b800000)
  object space 173568K, 4% used [0x00000006c2800000,0x00000006c2f6bf08,0x00000006cd180000)
 Metaspace       used 8384K, capacity 8774K, committed 8960K, reserved 1056768K
  class space    used 661K, capacity 690K, committed 768K, reserved 1048576K
}

