# JRE version: Java(TM) SE Runtime Environment (8.0_65-b17) (build 1.8.0_65-b17)
# Java VM: Java HotSpot(TM) 64-Bit Server VM (25.65-b01 mixed mode windows-amd64 compressed oops)
Heap:
 PSYoungGen      total 62976K, used 49384K [0x000000076b800000, 0x0000000779280000, 0x00000007c0000000)
  eden space 62464K, 78% used [0x000000076b800000,0x000000076e82a050,0x000000076f500000)
  from space 512K, 12% used [0x0000000779180000,0x0000000779190000,0x0000000779200000)
  to   space 512K, 0% used [0x0000000779200000,0x0000000779200000,0x0000000779280000)
 ParOldGen       total 173568K, used 1420K [0x00000006c2800000, 0x00000006cd180000, 0x000000076b800000)
  object space 173568K, 0% used [0x00000006c2800000,0x00000006c2963060,0x00000006cd180000)
 Metaspace       used 8089K, capacity 8646K, committed 8960K, reserved 1056768K
  class space    used 646K, capacity 690K, committed 768K, reserved 1048576K
GC Heap History (10 events):
Event: 6.926 GC heap before
{Heap before GC invocations=71 (full 0):
 PSYoungGen      total 70656K, used 70272K [0x000000076b800000, 0x0000000779280000, 0x00000007c0000000)
  eden space 70144K, 100% used [0x000000076b800000,0x000000076fc80000,0x000000076fc80000)
  from space 512K, 25% used [0x0000000779200000,0x0000000779220000,0x0000000779280000)
  to   space 512K, 0% used [0x0000000779180000,0x0000000779180000,0x0000000779200000)
 ParOldGen       total 173568K, used 1396K [0x00000006c2800000, 0x00000006cd180000, 0x000000076b800000)
  object space 173568K, 0% used [0x00000006c2800000,0x00000006c295d060,0x00000006cd180000)
 Metaspace       used 8089K, capacity 8646K, committed 8960K, reserved 1056768K
  class space    used 646K, capacity 690K, committed 768K, reserved 1048576K
Event: 6.927 GC heap after
Heap after GC invocations=71 (full 0):
 PSYoungGen      total 69120K, used 96K [0x000000076b800000, 0x0000000779280000, 0x00000007c0000000)
  eden space 68608K, 0% used [0x000000076b800000,0x000000076b800000,0x000000076fb00000)
  from space 512K, 18% used [0x0000000779180000,0x0000000779198000,0x0000000779200000)
  to   space 512K, 0% used [0x0000000779200000,0x0000000779200000,0x0000000779280000)
 ParOldGen       total 173568K, used 1396K [0x00000006c2800000, 0x00000006cd180000, 0x000000076b800000)
  object space 173568K, 0% used [0x00000006c2800000,0x00000006c295d060,0x00000006cd180000)
 Metaspace       used 8089K, capacity 8646K, committed 8960K, reserved 1056768K
  class space    used 646K, capacity 690K, committed 768K, reserved 1048576K
}
Event: 6.987 GC heap before
{Heap before GC invocations=72 (full 0):
 PSYoungGen      total 69120K, used 68704K [0x000000076b800000, 0x0000000779280000, 0x00000007c0000000)
  eden space 68608K, 100% used [0x000000076b800000,0x000000076fb00000,0x000000076fb00000)
  from space 512K, 18% used [0x0000000779180000,0x0000000779198000,0x0000000779200000)
  to   space 512K, 0% used [0x0000000779200000,0x0000000779200000,0x0000000779280000)
 ParOldGen       total 173568K, used 1396K [0x00000006c2800000, 0x00000006cd180000, 0x000000076b800000)
  object space 173568K, 0% used [0x00000006c2800000,0x00000006c295d060,0x00000006cd180000)
 Metaspace       used 8089K, capacity 8646K, committed 8960K, reserved 1056768K
  class space    used 646K, capacity 690K, committed 768K, reserved 1048576K
Event: 6.987 GC heap after
Heap after GC invocations=72 (full 0):
 PSYoungGen      total 67584K, used 128K [0x000000076b800000, 0x0000000779280000, 0x00000007c0000000)
  eden space 67072K, 0% used [0x000000076b800000,0x000000076b800000,0x000000076f980000)
  from space 512K, 25% used [0x0000000779200000,0x0000000779220000,0x0000000779280000)
  to   space 512K, 0% used [0x0000000779180000,0x0000000779180000,0x0000000779200000)
 ParOldGen       total 173568K, used 1396K [0x00000006c2800000, 0x00000006cd180000, 0x000000076b800000)
  object space 173568K, 0% used [0x00000006c2800000,0x00000006c295d060,0x00000006cd180000)
 Metaspace       used 8089K, capacity 8646K, committed 8960K, reserved 1056768K
  class space    used 646K, capacity 690K, committed 768K, reserved 1048576K
}
Event: 7.054 GC heap before
{Heap before GC invocations=73 (full 0):
 PSYoungGen      total 67584K, used 67200K [0x000000076b800000, 0x0000000779280000, 0x00000007c0000000)
  eden space 67072K, 100% used [0x000000076b800000,0x000000076f980000,0x000000076f980000)
  from space 512K, 25% used [0x0000000779200000,0x0000000779220000,0x0000000779280000)
  to   space 512K, 0% used [0x0000000779180000,0x0000000779180000,0x0000000779200000)
 ParOldGen       total 173568K, used 1396K [0x00000006c2800000, 0x00000006cd180000, 0x000000076b800000)
  object space 173568K, 0% used [0x00000006c2800000,0x00000006c295d060,0x00000006cd180000)
 Metaspace       used 8089K, capacity 8646K, committed 8960K, reserved 1056768K
  class space    used 646K, capacity 690K, committed 768K, reserved 1048576K
Event: 7.054 GC heap after
Heap after GC invocations=73 (full 0):
 PSYoungGen      total 66048K, used 192K [0x000000076b800000, 0x0000000779280000, 0x00000007c0000000)
  eden space 65536K, 0% used [0x000000076b800000,0x000000076b800000,0x000000076f800000)
  from space 512K, 37% used [0x0000000779180000,0x00000007791b0000,0x0000000779200000)
  to   space 512K, 0% used [0x0000000779200000,0x0000000779200000,0x0000000779280000)
 ParOldGen       total 173568K, used 1396K [0x00000006c2800000, 0x00000006cd180000, 0x000000076b800000)
  object space 173568K, 0% used [0x00000006c2800000,0x00000006c295d060,0x00000006cd180000)
 Metaspace       used 8089K, capacity 8646K, committed 8960K, reserved 1056768K
  class space    used 646K, capacity 690K, committed 768K, reserved 1048576K
}
Event: 7.124 GC heap before
{Heap before GC invocations=74 (full 0):
 PSYoungGen      total 66048K, used 65728K [0x000000076b800000, 0x0000000779280000, 0x00000007c0000000)
  eden space 65536K, 100% used [0x000000076b800000,0x000000076f800000,0x000000076f800000)
  from space 512K, 37% used [0x0000000779180000,0x00000007791b0000,0x0000000779200000)
  to   space 512K, 0% used [0x0000000779200000,0x0000000779200000,0x0000000779280000)
 ParOldGen       total 173568K, used 1396K [0x00000006c2800000, 0x00000006cd180000, 0x000000076b800000)
  object space 173568K, 0% used [0x00000006c2800000,0x00000006c295d060,0x00000006cd180000)
 Metaspace       used 8089K, capacity 8646K, committed 8960K, reserved 1056768K
  class space    used 646K, capacity 690K, committed 768K, reserved 1048576K
Event: 7.125 GC heap after
Heap after GC invocations=74 (full 0):
 PSYoungGen      total 64512K, used 128K [0x000000076b800000, 0x0000000779280000, 0x00000007c0000000)
  eden space 64000K, 0% used [0x000000076b800000,0x000000076b800000,0x000000076f680000)
  from space 512K, 25% used [0x0000000779200000,0x0000000779220000,0x0000000779280000)
  to   space 512K, 0% used [0x0000000779180000,0x0000000779180000,0x0000000779200000)
 ParOldGen       total 173568K, used 1396K [0x00000006c2800000, 0x00000006cd180000, 0x000000076b800000)
  object space 173568K, 0% used [0x00000006c2800000,0x00000006c295d060,0x00000006cd180000)
 Metaspace       used 8089K, capacity 8646K, committed 8960K, reserved 1056768K
  class space    used 646K, capacity 690K, committed 768K, reserved 1048576K
}
Event: 7.196 GC heap before
{Heap before GC invocations=75 (full 0):
 PSYoungGen      total 64512K, used 64128K [0x000000076b800000, 0x0000000779280000, 0x00000007c0000000)
  eden space 64000K, 100% used [0x000000076b800000,0x000000076f680000,0x000000076f680000)
  from space 512K, 25% used [0x0000000779200000,0x0000000779220000,0x0000000779280000)
  to   space 512K, 0% used [0x0000000779180000,0x0000000779180000,0x0000000779200000)
 ParOldGen       total 173568K, used 1396K [0x00000006c2800000, 0x00000006cd180000, 0x000000076b800000)
  object space 173568K, 0% used [0x00000006c2800000,0x00000006c295d060,0x00000006cd180000)
 Metaspace       used 8089K, capacity 8646K, committed 8960K, reserved 1056768K
  class space    used 646K, capacity 690K, committed 768K, reserved 1048576K
Event: 7.196 GC heap after
Heap after GC invocations=75 (full 0):
 PSYoungGen      total 62976K, used 64K [0x000000076b800000, 0x0000000779280000, 0x00000007c0000000)
  eden space 62464K, 0% used [0x000000076b800000,0x000000076b800000,0x000000076f500000)
  from space 512K, 12% used [0x0000000779180000,0x0000000779190000,0x0000000779200000)
  to   space 512K, 0% used [0x0000000779200000,0x0000000779200000,0x0000000779280000)
 ParOldGen       total 173568K, used 1420K [0x00000006c2800000, 0x00000006cd180000, 0x000000076b800000)
  object space 173568K, 0% used [0x00000006c2800000,0x00000006c2963060,0x00000006cd180000)
 Metaspace       used 8089K, capacity 8646K, committed 8960K, reserved 1056768K
  class space    used 646K, capacity 690K, committed 768K, reserved 1048576K
}

