# JRE version: Java(TM) SE Runtime Environment (8.0_65-b17) (build 1.8.0_65-b17)
# Java VM: Java HotSpot(TM) 64-Bit Server VM (25.65-b01 mixed mode windows-amd64 compressed oops)
Heap:
 PSYoungGen      total 52736K, used 30641K [0x000000076b800000, 0x00000007b9e00000, 0x00000007c0000000)
  eden space 52224K, 58% used [0x000000076b800000,0x000000076d5dc6c0,0x000000076eb00000)
  from space 512K, 12% used [0x00000007b9d80000,0x00000007b9d90000,0x00000007b9e00000)
  to   space 512K, 0% used [0x00000007b9d00000,0x00000007b9d00000,0x00000007b9d80000)
 ParOldGen       total 173568K, used 27281K [0x00000006c2800000, 0x00000006cd180000, 0x000000076b800000)
  object space 173568K, 15% used [0x00000006c2800000,0x00000006c42a4500,0x00000006cd180000)
 Metaspace       used 8336K, capacity 8710K, committed 8960K, reserved 1056768K
  class space    used 656K, capacity 690K, committed 768K, reserved 1048576K
GC Heap History (10 events):
Event: 35.580 GC heap before
{Heap before GC invocations=234 (full 0):
 PSYoungGen      total 46080K, used 45760K [0x000000076b800000, 0x00000007b9e00000, 0x00000007c0000000)
  eden space 45568K, 100% used [0x000000076b800000,0x000000076e480000,0x000000076e480000)
  from space 512K, 37% used [0x00000007b9d00000,0x00000007b9d30000,0x00000007b9d80000)
  to   space 512K, 0% used [0x00000007b9d80000,0x00000007b9d80000,0x00000007b9e00000)
 ParOldGen       total 173568K, used 27257K [0x00000006c2800000, 0x00000006cd180000, 0x000000076b800000)
  object space 173568K, 15% used [0x00000006c2800000,0x00000006c429e500,0x00000006cd180000)
 Metaspace       used 8336K, capacity 8710K, committed 8960K, reserved 1056768K
  class space    used 656K, capacity 690K, committed 768K, reserved 1048576K
Event: 35.581 GC heap after
Heap after GC invocations=234 (full 0):
 PSYoungGen      total 45568K, used 96K [0x000000076b800000, 0x00000007b9e00000, 0x00000007c0000000)
  eden space 45056K, 0% used [0x000000076b800000,0x000000076b800000,0x000000076e400000)
  from space 512K, 18% used [0x00000007b9d80000,0x00000007b9d98000,0x00000007b9e00000)
  to   space 512K, 0% used [0x00000007b9d00000,0x00000007b9d00000,0x00000007b9d80000)
 ParOldGen       total 173568K, used 27257K [0x00000006c2800000, 0x00000006cd180000, 0x000000076b800000)
  object space 173568K, 15% used [0x00000006c2800000,0x00000006c429e500,0x00000006cd180000)
 Metaspace       used 8336K, capacity 8710K, committed 8960K, reserved 1056768K
  class space    used 656K, capacity 690K, committed 768K, reserved 1048576K
}
Event: 35.623 GC heap before
{Heap before GC invocations=235 (full 0):
 PSYoungGen      total 45568K, used 45152K [0x000000076b800000, 0x00000007b9e00000, 0x00000007c0000000)
  eden space 45056K, 100% used [0x000000076b800000,0x000000076e400000,0x000000076e400000)
  from space 512K, 18% used [0x00000007b9d80000,0x00000007b9d98000,0x00000007b9e00000)
  to   space 512K, 0% used [0x00000007b9d00000,0x00000007b9d00000,0x00000007b9d80000)
 ParOldGen       total 173568K, used 27257K [0x00000006c2800000, 0x00000006cd180000, 0x000000076b800000)
  object space 173568K, 15% used [0x00000006c2800000,0x00000006c429e500,0x00000006cd180000)
 Metaspace       used 8336K, capacity 8710K, committed 8960K, reserved 1056768K
  class space    used 656K, capacity 690K, committed 768K, reserved 1048576K
Event: 35.623 GC heap after
Heap after GC invocations=235 (full 0):
 PSYoungGen      total 45056K, used 160K [0x000000076b800000, 0x00000007b9e00000, 0x00000007c0000000)
  eden space 44544K, 0% used [0x000000076b800000,0x000000076b800000,0x000000076e380000)
  from space 512K, 31% used [0x00000007b9d00000,0x00000007b9d28000,0x00000007b9d80000)
  to   space 512K, 0% used [0x00000007b9d80000,0x00000007b9d80000,0x00000007b9e00000)
 ParOldGen       total 173568K, used 27257K [0x00000006c2800000, 0x00000006cd180000, 0x000000076b800000)
  object space 173568K, 15% used [0x00000006c2800000,0x00000006c429e500,0x00000006cd180000)
 Metaspace       used 8336K, capacity 8710K, committed 8960K, reserved 1056768K
  class space    used 656K, capacity 690K, committed 768K, reserved 1048576K
}
Event: 35.667 GC heap before
{Heap before GC invocations=236 (full 0):
 PSYoungGen      total 45056K, used 44704K [0x000000076b800000, 0x00000007b9e00000, 0x00000007c0000000)
  eden space 44544K, 100% used [0x000000076b800000,0x000000076e380000,0x000000076e380000)
  from space 512K, 31% used [0x00000007b9d00000,0x00000007b9d28000,0x00000007b9d80000)
  to   space 512K, 0% used [0x00000007b9d80000,0x00000007b9d80000,0x00000007b9e00000)
 ParOldGen       total 173568K, used 27257K [0x00000006c2800000, 0x00000006cd180000, 0x000000076b800000)
  object space 173568K, 15% used [0x00000006c2800000,0x00000006c429e500,0x00000006cd180000)
 Metaspace       used 8336K, capacity 8710K, committed 8960K, reserved 1056768K
  class space    used 656K, capacity 690K, committed 768K, reserved 1048576K
Event: 35.667 GC heap after
Heap after GC invocations=236 (full 0):
 PSYoungGen      total 44544K, used 128K [0x000000076b800000, 0x00000007b9e00000, 0x00000007c0000000)
  eden space 44032K, 0% used [0x000000076b800000,0x000000076b800000,0x000000076e300000)
  from space 512K, 25% used [0x00000007b9d80000,0x00000007b9da0000,0x00000007b9e00000)
  to   space 512K, 0% used [0x00000007b9d00000,0x00000007b9d00000,0x00000007b9d80000)
 ParOldGen       total 173568K, used 27257K [0x00000006c2800000, 0x00000006cd180000, 0x000000076b800000)
  object space 173568K, 15% used [0x00000006c2800000,0x00000006c429e500,0x00000006cd180000)
 Metaspace       used 8336K, capacity 8710K, committed 8960K, reserved 1056768K
  class space    used 656K, capacity 690K, committed 768K, reserved 1048576K
}
Event: 35.712 GC heap before
{Heap before GC invocations=237 (full 0):
 PSYoungGen      total 44544K, used 44160K [0x000000076b800000, 0x00000007b9e00000, 0x00000007c0000000)
  eden space 44032K, 100% used [0x000000076b800000,0x000000076e300000,0x000000076e300000)
  from space 512K, 25% used [0x00000007b9d80000,0x00000007b9da0000,0x00000007b9e00000)
  to   space 512K, 0% used [0x00000007b9d00000,0x00000007b9d00000,0x00000007b9d80000)
 ParOldGen       total 173568K, used 27257K [0x00000006c2800000, 0x00000006cd180000, 0x000000076b800000)
  object space 173568K, 15% used [0x00000006c2800000,0x00000006c429e500,0x00000006cd180000)
 Metaspace       used 8336K, capacity 8710K, committed 8960K, reserved 1056768K
  class space    used 656K, capacity 690K, committed 768K, reserved 1048576K
Event: 35.713 GC heap after
Heap after GC invocations=237 (full 0):
 PSYoungGen      total 44032K, used 64K [0x000000076b800000, 0x00000007b9e00000, 0x00000007c0000000)
  eden space 43520K, 0% used [0x000000076b800000,0x000000076b800000,0x000000076e280000)
  from space 512K, 12% used [0x00000007b9d00000,0x00000007b9d10000,0x00000007b9d80000)
  to   space 512K, 0% used [0x00000007b9d80000,0x00000007b9d80000,0x00000007b9e00000)
 ParOldGen       total 173568K, used 27281K [0x00000006c2800000, 0x00000006cd180000, 0x000000076b800000)
  object space 173568K, 15% used [0x00000006c2800000,0x00000006c42a4500,0x00000006cd180000)
 Metaspace       used 8336K, capacity 8710K, committed 8960K, reserved 1056768K
  class space    used 656K, capacity 690K, committed 768K, reserved 1048576K
}
Event: 35.746 GC heap before
{Heap before GC invocations=238 (full 0):
 PSYoungGen      total 44032K, used 43584K [0x000000076b800000, 0x00000007b9e00000, 0x00000007c0000000)
  eden space 43520K, 100% used [0x000000076b800000,0x000000076e280000,0x000000076e280000)
  from space 512K, 12% used [0x00000007b9d00000,0x00000007b9d10000,0x00000007b9d80000)
  to   space 512K, 0% used [0x00000007b9d80000,0x00000007b9d80000,0x00000007b9e00000)
 ParOldGen       total 173568K, used 27281K [0x00000006c2800000, 0x00000006cd180000, 0x000000076b800000)
  object space 173568K, 15% used [0x00000006c2800000,0x00000006c42a4500,0x00000006cd180000)
 Metaspace       used 8336K, capacity 8710K, committed 8960K, reserved 1056768K
  class space    used 656K, capacity 690K, committed 768K, reserved 1048576K
Event: 35.746 GC heap after
Heap after GC invocations=238 (full 0):
 PSYoungGen      total 52736K, used 64K [0x000000076b800000, 0x00000007b9e00000, 0x00000007c0000000)
  eden space 52224K, 0% used [0x000000076b800000,0x000000076b800000,0x000000076eb00000)
  from space 512K, 12% used [0x00000007b9d80000,0x00000007b9d90000,0x00000007b9e00000)
  to   space 512K, 0% used [0x00000007b9d00000,0x00000007b9d00000,0x00000007b9d80000)
 ParOldGen       total 173568K, used 27281K [0x00000006c2800000, 0x00000006cd180000, 0x000000076b800000)
  object space 173568K, 15% used [0x00000006c2800000,0x00000006c42a4500,0x00000006cd180000)
 Metaspace       used 8336K, capacity 8710K, committed 8960K, reserved 1056768K
  class space    used 656K, capacity 690K, committed 768K, reserved 1048576K
}

