# JRE version: Java(TM) SE Runtime Environment (8.0_65-b17) (build 1.8.0_65-b17)
# Java VM: Java HotSpot(TM) 64-Bit Server VM (25.65-b01 mixed mode windows-amd64 compressed oops)
Heap:
 PSYoungGen      total 963072K, used 563122K [0x000000076b800000, 0x00000007ac480000, 0x00000007c0000000)
  eden space 962560K, 58% used [0x000000076b800000,0x000000078ddb4908,0x00000007a6400000)
  from space 512K, 43% used [0x00000007ac400000,0x00000007ac438000,0x00000007ac480000)
  to   space 9728K, 0% used [0x00000007ab180000,0x00000007ab180000,0x00000007abb00000)
 ParOldGen       total 173568K, used 22080K [0x00000006c2800000, 0x00000006cd180000, 0x000000076b800000)
  object space 173568K, 12% used [0x00000006c2800000,0x00000006c3d90070,0x00000006cd180000)
 Metaspace       used 8352K, capacity 8710K, committed 8960K, reserved 1056768K
  class space    used 660K, capacity 690K, committed 768K, reserved 1048576K
GC Heap History (10 events):
Event: 2.396 GC heap before
{Heap before GC invocations=12 (full 0):
 PSYoungGen      total 424960K, used 413888K [0x000000076b800000, 0x0000000795480000, 0x00000007c0000000)
  eden space 413696K, 100% used [0x000000076b800000,0x0000000784c00000,0x0000000784c00000)
  from space 11264K, 1% used [0x0000000784c00000,0x0000000784c30000,0x0000000785700000)
  to   space 11264K, 0% used [0x0000000794980000,0x0000000794980000,0x0000000795480000)
 ParOldGen       total 173568K, used 21976K [0x00000006c2800000, 0x00000006cd180000, 0x000000076b800000)
  object space 173568K, 12% used [0x00000006c2800000,0x00000006c3d76070,0x00000006cd180000)
 Metaspace       used 8324K, capacity 8710K, committed 8960K, reserved 1056768K
  class space    used 660K, capacity 690K, committed 768K, reserved 1048576K
Event: 2.397 GC heap after
Heap after GC invocations=12 (full 0):
 PSYoungGen      total 672256K, used 224K [0x000000076b800000, 0x0000000795380000, 0x00000007c0000000)
  eden space 662016K, 0% used [0x000000076b800000,0x000000076b800000,0x0000000793e80000)
  from space 10240K, 2% used [0x0000000794980000,0x00000007949b8000,0x0000000795380000)
  to   space 10752K, 0% used [0x0000000793e80000,0x0000000793e80000,0x0000000794900000)
 ParOldGen       total 173568K, used 21984K [0x00000006c2800000, 0x00000006cd180000, 0x000000076b800000)
  object space 173568K, 12% used [0x00000006c2800000,0x00000006c3d78070,0x00000006cd180000)
 Metaspace       used 8324K, capacity 8710K, committed 8960K, reserved 1056768K
  class space    used 660K, capacity 690K, committed 768K, reserved 1048576K
}
Event: 2.951 GC heap before
{Heap before GC invocations=13 (full 0):
 PSYoungGen      total 672256K, used 662240K [0x000000076b800000, 0x0000000795380000, 0x00000007c0000000)
  eden space 662016K, 100% used [0x000000076b800000,0x0000000793e80000,0x0000000793e80000)
  from space 10240K, 2% used [0x0000000794980000,0x00000007949b8000,0x0000000795380000)
  to   space 10752K, 0% used [0x0000000793e80000,0x0000000793e80000,0x0000000794900000)
 ParOldGen       total 173568K, used 21984K [0x00000006c2800000, 0x00000006cd180000, 0x000000076b800000)
  object space 173568K, 12% used [0x00000006c2800000,0x00000006c3d78070,0x00000006cd180000)
 Metaspace       used 8333K, capacity 8710K, committed 8960K, reserved 1056768K
  class space    used 660K, capacity 690K, committed 768K, reserved 1048576K
Event: 2.952 GC heap after
Heap after GC invocations=13 (full 0):
 PSYoungGen      total 672768K, used 256K [0x000000076b800000, 0x00000007ad780000, 0x00000007c0000000)
  eden space 662016K, 0% used [0x000000076b800000,0x000000076b800000,0x0000000793e80000)
  from space 10752K, 2% used [0x0000000793e80000,0x0000000793ec0000,0x0000000794900000)
  to   space 10752K, 0% used [0x00000007acd00000,0x00000007acd00000,0x00000007ad780000)
 ParOldGen       total 173568K, used 22032K [0x00000006c2800000, 0x00000006cd180000, 0x000000076b800000)
  object space 173568K, 12% used [0x00000006c2800000,0x00000006c3d84070,0x00000006cd180000)
 Metaspace       used 8333K, capacity 8710K, committed 8960K, reserved 1056768K
  class space    used 660K, capacity 690K, committed 768K, reserved 1048576K
}
Event: 3.477 GC heap before
{Heap before GC invocations=14 (full 0):
 PSYoungGen      total 672768K, used 662272K [0x000000076b800000, 0x00000007ad780000, 0x00000007c0000000)
  eden space 662016K, 100% used [0x000000076b800000,0x0000000793e80000,0x0000000793e80000)
  from space 10752K, 2% used [0x0000000793e80000,0x0000000793ec0000,0x0000000794900000)
  to   space 10752K, 0% used [0x00000007acd00000,0x00000007acd00000,0x00000007ad780000)
 ParOldGen       total 173568K, used 22032K [0x00000006c2800000, 0x00000006cd180000, 0x000000076b800000)
  object space 173568K, 12% used [0x00000006c2800000,0x00000006c3d84070,0x00000006cd180000)
 Metaspace       used 8341K, capacity 8710K, committed 8960K, reserved 1056768K
  class space    used 660K, capacity 690K, committed 768K, reserved 1048576K
Event: 3.477 GC heap after
Heap after GC invocations=14 (full 0):
 PSYoungGen      total 1069056K, used 224K [0x000000076b800000, 0x00000007ad680000, 0x00000007c0000000)
  eden space 1059328K, 0% used [0x000000076b800000,0x000000076b800000,0x00000007ac280000)
  from space 9728K, 2% used [0x00000007acd00000,0x00000007acd38000,0x00000007ad680000)
  to   space 10240K, 0% used [0x00000007ac280000,0x00000007ac280000,0x00000007acc80000)
 ParOldGen       total 173568K, used 22032K [0x00000006c2800000, 0x00000006cd180000, 0x000000076b800000)
  object space 173568K, 12% used [0x00000006c2800000,0x00000006c3d84070,0x00000006cd180000)
 Metaspace       used 8341K, capacity 8710K, committed 8960K, reserved 1056768K
  class space    used 660K, capacity 690K, committed 768K, reserved 1048576K
}
Event: 4.341 GC heap before
{Heap before GC invocations=15 (full 0):
 PSYoungGen      total 1069056K, used 1059552K [0x000000076b800000, 0x00000007ad680000, 0x00000007c0000000)
  eden space 1059328K, 100% used [0x000000076b800000,0x00000007ac280000,0x00000007ac280000)
  from space 9728K, 2% used [0x00000007acd00000,0x00000007acd38000,0x00000007ad680000)
  to   space 10240K, 0% used [0x00000007ac280000,0x00000007ac280000,0x00000007acc80000)
 ParOldGen       total 173568K, used 22032K [0x00000006c2800000, 0x00000006cd180000, 0x000000076b800000)
  object space 173568K, 12% used [0x00000006c2800000,0x00000006c3d84070,0x00000006cd180000)
 Metaspace       used 8351K, capacity 8710K, committed 8960K, reserved 1056768K
  class space    used 660K, capacity 690K, committed 768K, reserved 1048576K
Event: 4.341 GC heap after
Heap after GC invocations=15 (full 0):
 PSYoungGen      total 1010176K, used 224K [0x000000076b800000, 0x00000007acd80000, 0x00000007c0000000)
  eden space 1009664K, 0% used [0x000000076b800000,0x000000076b800000,0x00000007a9200000)
  from space 512K, 43% used [0x00000007ac280000,0x00000007ac2b8000,0x00000007ac300000)
  to   space 9728K, 0% used [0x00000007ac400000,0x00000007ac400000,0x00000007acd80000)
 ParOldGen       total 173568K, used 22032K [0x00000006c2800000, 0x00000006cd180000, 0x000000076b800000)
  object space 173568K, 12% used [0x00000006c2800000,0x00000006c3d84070,0x00000006cd180000)
 Metaspace       used 8351K, capacity 8710K, committed 8960K, reserved 1056768K
  class space    used 660K, capacity 690K, committed 768K, reserved 1048576K
}
Event: 5.179 GC heap before
{Heap before GC invocations=16 (full 0):
 PSYoungGen      total 1010176K, used 1009888K [0x000000076b800000, 0x00000007acd80000, 0x00000007c0000000)
  eden space 1009664K, 100% used [0x000000076b800000,0x00000007a9200000,0x00000007a9200000)
  from space 512K, 43% used [0x00000007ac280000,0x00000007ac2b8000,0x00000007ac300000)
  to   space 9728K, 0% used [0x00000007ac400000,0x00000007ac400000,0x00000007acd80000)
 ParOldGen       total 173568K, used 22032K [0x00000006c2800000, 0x00000006cd180000, 0x000000076b800000)
  object space 173568K, 12% used [0x00000006c2800000,0x00000006c3d84070,0x00000006cd180000)
 Metaspace       used 8351K, capacity 8710K, committed 8960K, reserved 1056768K
  class space    used 660K, capacity 690K, committed 768K, reserved 1048576K
Event: 5.180 GC heap after
Heap after GC invocations=16 (full 0):
 PSYoungGen      total 963072K, used 224K [0x000000076b800000, 0x00000007ac480000, 0x00000007c0000000)
  eden space 962560K, 0% used [0x000000076b800000,0x000000076b800000,0x00000007a6400000)
  from space 512K, 43% used [0x00000007ac400000,0x00000007ac438000,0x00000007ac480000)
  to   space 9728K, 0% used [0x00000007ab180000,0x00000007ab180000,0x00000007abb00000)
 ParOldGen       total 173568K, used 22080K [0x00000006c2800000, 0x00000006cd180000, 0x000000076b800000)
  object space 173568K, 12% used [0x00000006c2800000,0x00000006c3d90070,0x00000006cd180000)
 Metaspace       used 8351K, capacity 8710K, committed 8960K, reserved 1056768K
  class space    used 660K, capacity 690K, committed 768K, reserved 1048576K
}

