# JRE version: Java(TM) SE Runtime Environment (8.0_65-b17) (build 1.8.0_65-b17)
# Java VM: Java HotSpot(TM) 64-Bit Server VM (25.65-b01 mixed mode windows-amd64 compressed oops)
Heap:
 PSYoungGen      total 413696K, used 315701K [0x000000076b800000, 0x00000007b8e00000, 0x00000007c0000000)
  eden space 411136K, 76% used [0x000000076b800000,0x000000077ec15700,0x0000000784980000)
  from space 2560K, 8% used [0x00000007b8900000,0x00000007b8938000,0x00000007b8b80000)
  to   space 2560K, 0% used [0x00000007b8b80000,0x00000007b8b80000,0x00000007b8e00000)
 ParOldGen       total 173568K, used 15224K [0x00000006c2800000, 0x00000006cd180000, 0x000000076b800000)
  object space 173568K, 8% used [0x00000006c2800000,0x00000006c36de260,0x00000006cd180000)
 Metaspace       used 8373K, capacity 8774K, committed 8960K, reserved 1056768K
  class space    used 660K, capacity 690K, committed 768K, reserved 1048576K
GC Heap History (10 events):
Event: 17.683 GC heap before
{Heap before GC invocations=33 (full 0):
 PSYoungGen      total 514048K, used 513760K [0x000000076b800000, 0x00000007b9280000, 0x00000007c0000000)
  eden space 513536K, 100% used [0x000000076b800000,0x000000078ad80000,0x000000078ad80000)
  from space 512K, 43% used [0x00000007b9200000,0x00000007b9238000,0x00000007b9280000)
  to   space 3072K, 0% used [0x00000007b8c80000,0x00000007b8c80000,0x00000007b8f80000)
 ParOldGen       total 173568K, used 15216K [0x00000006c2800000, 0x00000006cd180000, 0x000000076b800000)
  object space 173568K, 8% used [0x00000006c2800000,0x00000006c36dc260,0x00000006cd180000)
 Metaspace       used 8373K, capacity 8774K, committed 8960K, reserved 1056768K
  class space    used 660K, capacity 690K, committed 768K, reserved 1048576K
Event: 17.684 GC heap after
Heap after GC invocations=33 (full 0):
 PSYoungGen      total 494080K, used 192K [0x000000076b800000, 0x00000007b9280000, 0x00000007c0000000)
  eden space 491008K, 0% used [0x000000076b800000,0x000000076b800000,0x0000000789780000)
  from space 3072K, 6% used [0x00000007b8c80000,0x00000007b8cb0000,0x00000007b8f80000)
  to   space 3072K, 0% used [0x00000007b8f80000,0x00000007b8f80000,0x00000007b9280000)
 ParOldGen       total 173568K, used 15216K [0x00000006c2800000, 0x00000006cd180000, 0x000000076b800000)
  object space 173568K, 8% used [0x00000006c2800000,0x00000006c36dc260,0x00000006cd180000)
 Metaspace       used 8373K, capacity 8774K, committed 8960K, reserved 1056768K
  class space    used 660K, capacity 690K, committed 768K, reserved 1048576K
}
Event: 18.071 GC heap before
{Heap before GC invocations=34 (full 0):
 PSYoungGen      total 494080K, used 491200K [0x000000076b800000, 0x00000007b9280000, 0x00000007c0000000)
  eden space 491008K, 100% used [0x000000076b800000,0x0000000789780000,0x0000000789780000)
  from space 3072K, 6% used [0x00000007b8c80000,0x00000007b8cb0000,0x00000007b8f80000)
  to   space 3072K, 0% used [0x00000007b8f80000,0x00000007b8f80000,0x00000007b9280000)
 ParOldGen       total 173568K, used 15216K [0x00000006c2800000, 0x00000006cd180000, 0x000000076b800000)
  object space 173568K, 8% used [0x00000006c2800000,0x00000006c36dc260,0x00000006cd180000)
 Metaspace       used 8373K, capacity 8774K, committed 8960K, reserved 1056768K
  class space    used 660K, capacity 690K, committed 768K, reserved 1048576K
Event: 18.071 GC heap after
Heap after GC invocations=34 (full 0):
 PSYoungGen      total 470016K, used 224K [0x000000076b800000, 0x00000007b9000000, 0x00000007c0000000)
  eden space 469504K, 0% used [0x000000076b800000,0x000000076b800000,0x0000000788280000)
  from space 512K, 43% used [0x00000007b8f80000,0x00000007b8fb8000,0x00000007b9000000)
  to   space 2560K, 0% used [0x00000007b8b00000,0x00000007b8b00000,0x00000007b8d80000)
 ParOldGen       total 173568K, used 15216K [0x00000006c2800000, 0x00000006cd180000, 0x000000076b800000)
  object space 173568K, 8% used [0x00000006c2800000,0x00000006c36dc260,0x00000006cd180000)
 Metaspace       used 8373K, capacity 8774K, committed 8960K, reserved 1056768K
  class space    used 660K, capacity 690K, committed 768K, reserved 1048576K
}
Event: 18.408 GC heap before
{Heap before GC invocations=35 (full 0):
 PSYoungGen      total 470016K, used 469728K [0x000000076b800000, 0x00000007b9000000, 0x00000007c0000000)
  eden space 469504K, 100% used [0x000000076b800000,0x0000000788280000,0x0000000788280000)
  from space 512K, 43% used [0x00000007b8f80000,0x00000007b8fb8000,0x00000007b9000000)
  to   space 2560K, 0% used [0x00000007b8b00000,0x00000007b8b00000,0x00000007b8d80000)
 ParOldGen       total 173568K, used 15216K [0x00000006c2800000, 0x00000006cd180000, 0x000000076b800000)
  object space 173568K, 8% used [0x00000006c2800000,0x00000006c36dc260,0x00000006cd180000)
 Metaspace       used 8373K, capacity 8774K, committed 8960K, reserved 1056768K
  class space    used 660K, capacity 690K, committed 768K, reserved 1048576K
Event: 18.409 GC heap after
Heap after GC invocations=35 (full 0):
 PSYoungGen      total 451584K, used 224K [0x000000076b800000, 0x00000007b9000000, 0x00000007c0000000)
  eden space 449024K, 0% used [0x000000076b800000,0x000000076b800000,0x0000000786e80000)
  from space 2560K, 8% used [0x00000007b8b00000,0x00000007b8b38000,0x00000007b8d80000)
  to   space 2560K, 0% used [0x00000007b8d80000,0x00000007b8d80000,0x00000007b9000000)
 ParOldGen       total 173568K, used 15216K [0x00000006c2800000, 0x00000006cd180000, 0x000000076b800000)
  object space 173568K, 8% used [0x00000006c2800000,0x00000006c36dc260,0x00000006cd180000)
 Metaspace       used 8373K, capacity 8774K, committed 8960K, reserved 1056768K
  class space    used 660K, capacity 690K, committed 768K, reserved 1048576K
}
Event: 18.747 GC heap before
{Heap before GC invocations=36 (full 0):
 PSYoungGen      total 451584K, used 449248K [0x000000076b800000, 0x00000007b9000000, 0x00000007c0000000)
  eden space 449024K, 100% used [0x000000076b800000,0x0000000786e80000,0x0000000786e80000)
  from space 2560K, 8% used [0x00000007b8b00000,0x00000007b8b38000,0x00000007b8d80000)
  to   space 2560K, 0% used [0x00000007b8d80000,0x00000007b8d80000,0x00000007b9000000)
 ParOldGen       total 173568K, used 15216K [0x00000006c2800000, 0x00000006cd180000, 0x000000076b800000)
  object space 173568K, 8% used [0x00000006c2800000,0x00000006c36dc260,0x00000006cd180000)
 Metaspace       used 8373K, capacity 8774K, committed 8960K, reserved 1056768K
  class space    used 660K, capacity 690K, committed 768K, reserved 1048576K
Event: 18.748 GC heap after
Heap after GC invocations=36 (full 0):
 PSYoungGen      total 430080K, used 160K [0x000000076b800000, 0x00000007b8e00000, 0x00000007c0000000)
  eden space 429568K, 0% used [0x000000076b800000,0x000000076b800000,0x0000000785b80000)
  from space 512K, 31% used [0x00000007b8d80000,0x00000007b8da8000,0x00000007b8e00000)
  to   space 2560K, 0% used [0x00000007b8900000,0x00000007b8900000,0x00000007b8b80000)
 ParOldGen       total 173568K, used 15216K [0x00000006c2800000, 0x00000006cd180000, 0x000000076b800000)
  object space 173568K, 8% used [0x00000006c2800000,0x00000006c36dc260,0x00000006cd180000)
 Metaspace       used 8373K, capacity 8774K, committed 8960K, reserved 1056768K
  class space    used 660K, capacity 690K, committed 768K, reserved 1048576K
}
Event: 19.102 GC heap before
{Heap before GC invocations=37 (full 0):
 PSYoungGen      total 430080K, used 429728K [0x000000076b800000, 0x00000007b8e00000, 0x00000007c0000000)
  eden space 429568K, 100% used [0x000000076b800000,0x0000000785b80000,0x0000000785b80000)
  from space 512K, 31% used [0x00000007b8d80000,0x00000007b8da8000,0x00000007b8e00000)
  to   space 2560K, 0% used [0x00000007b8900000,0x00000007b8900000,0x00000007b8b80000)
 ParOldGen       total 173568K, used 15216K [0x00000006c2800000, 0x00000006cd180000, 0x000000076b800000)
  object space 173568K, 8% used [0x00000006c2800000,0x00000006c36dc260,0x00000006cd180000)
 Metaspace       used 8373K, capacity 8774K, committed 8960K, reserved 1056768K
  class space    used 660K, capacity 690K, committed 768K, reserved 1048576K
Event: 19.102 GC heap after
Heap after GC invocations=37 (full 0):
 PSYoungGen      total 413696K, used 224K [0x000000076b800000, 0x00000007b8e00000, 0x00000007c0000000)
  eden space 411136K, 0% used [0x000000076b800000,0x000000076b800000,0x0000000784980000)
  from space 2560K, 8% used [0x00000007b8900000,0x00000007b8938000,0x00000007b8b80000)
  to   space 2560K, 0% used [0x00000007b8b80000,0x00000007b8b80000,0x00000007b8e00000)
 ParOldGen       total 173568K, used 15224K [0x00000006c2800000, 0x00000006cd180000, 0x000000076b800000)
  object space 173568K, 8% used [0x00000006c2800000,0x00000006c36de260,0x00000006cd180000)
 Metaspace       used 8373K, capacity 8774K, committed 8960K, reserved 1056768K
  class space    used 660K, capacity 690K, committed 768K, reserved 1048576K
}

