# JRE version: Java(TM) SE Runtime Environment (8.0_65-b17) (build 1.8.0_65-b17)
# Java VM: Java HotSpot(TM) 64-Bit Server VM (25.65-b01 mixed mode windows-amd64 compressed oops)
Heap:
 PSYoungGen      total 958976K, used 846660K [0x000000076b800000, 0x00000007ac000000, 0x00000007c0000000)
  eden space 958464K, 88% used [0x000000076b800000,0x000000079f291068,0x00000007a6000000)
  from space 512K, 50% used [0x00000007abf80000,0x00000007abfc0000,0x00000007ac000000)
  to   space 9216K, 0% used [0x00000007aae00000,0x00000007aae00000,0x00000007ab700000)
 ParOldGen       total 173568K, used 21588K [0x00000006c2800000, 0x00000006cd180000, 0x000000076b800000)
  object space 173568K, 12% used [0x00000006c2800000,0x00000006c3d15060,0x00000006cd180000)
 Metaspace       used 8386K, capacity 8774K, committed 8960K, reserved 1056768K
  class space    used 661K, capacity 690K, committed 768K, reserved 1048576K
GC Heap History (10 events):
Event: 2.080 GC heap before
{Heap before GC invocations=12 (full 0):
 PSYoungGen      total 422912K, used 412352K [0x000000076b800000, 0x0000000795100000, 0x00000007c0000000)
  eden space 412160K, 100% used [0x000000076b800000,0x0000000784a80000,0x0000000784a80000)
  from space 10752K, 1% used [0x0000000784a80000,0x0000000784ab0000,0x0000000785500000)
  to   space 10752K, 0% used [0x0000000794680000,0x0000000794680000,0x0000000795100000)
 ParOldGen       total 173568K, used 21508K [0x00000006c2800000, 0x00000006cd180000, 0x000000076b800000)
  object space 173568K, 12% used [0x00000006c2800000,0x00000006c3d01060,0x00000006cd180000)
 Metaspace       used 8355K, capacity 8774K, committed 8960K, reserved 1056768K
  class space    used 661K, capacity 690K, committed 768K, reserved 1048576K
Event: 2.080 GC heap after
Heap after GC invocations=12 (full 0):
 PSYoungGen      total 669184K, used 224K [0x000000076b800000, 0x0000000795000000, 0x00000007c0000000)
  eden space 659456K, 0% used [0x000000076b800000,0x000000076b800000,0x0000000793c00000)
  from space 9728K, 2% used [0x0000000794680000,0x00000007946b8000,0x0000000795000000)
  to   space 10240K, 0% used [0x0000000793c00000,0x0000000793c00000,0x0000000794600000)
 ParOldGen       total 173568K, used 21556K [0x00000006c2800000, 0x00000006cd180000, 0x000000076b800000)
  object space 173568K, 12% used [0x00000006c2800000,0x00000006c3d0d060,0x00000006cd180000)
 Metaspace       used 8355K, capacity 8774K, committed 8960K, reserved 1056768K
  class space    used 661K, capacity 690K, committed 768K, reserved 1048576K
}
Event: 2.644 GC heap before
{Heap before GC invocations=13 (full 0):
 PSYoungGen      total 669184K, used 659680K [0x000000076b800000, 0x0000000795000000, 0x00000007c0000000)
  eden space 659456K, 100% used [0x000000076b800000,0x0000000793c00000,0x0000000793c00000)
  from space 9728K, 2% used [0x0000000794680000,0x00000007946b8000,0x0000000795000000)
  to   space 10240K, 0% used [0x0000000793c00000,0x0000000793c00000,0x0000000794600000)
 ParOldGen       total 173568K, used 21556K [0x00000006c2800000, 0x00000006cd180000, 0x000000076b800000)
  object space 173568K, 12% used [0x00000006c2800000,0x00000006c3d0d060,0x00000006cd180000)
 Metaspace       used 8366K, capacity 8774K, committed 8960K, reserved 1056768K
  class space    used 661K, capacity 690K, committed 768K, reserved 1048576K
Event: 2.645 GC heap after
Heap after GC invocations=13 (full 0):
 PSYoungGen      total 669696K, used 224K [0x000000076b800000, 0x00000007ad280000, 0x00000007c0000000)
  eden space 659456K, 0% used [0x000000076b800000,0x000000076b800000,0x0000000793c00000)
  from space 10240K, 2% used [0x0000000793c00000,0x0000000793c38000,0x0000000794600000)
  to   space 10240K, 0% used [0x00000007ac880000,0x00000007ac880000,0x00000007ad280000)
 ParOldGen       total 173568K, used 21572K [0x00000006c2800000, 0x00000006cd180000, 0x000000076b800000)
  object space 173568K, 12% used [0x00000006c2800000,0x00000006c3d11060,0x00000006cd180000)
 Metaspace       used 8366K, capacity 8774K, committed 8960K, reserved 1056768K
  class space    used 661K, capacity 690K, committed 768K, reserved 1048576K
}
Event: 3.152 GC heap before
{Heap before GC invocations=14 (full 0):
 PSYoungGen      total 669696K, used 659680K [0x000000076b800000, 0x00000007ad280000, 0x00000007c0000000)
  eden space 659456K, 100% used [0x000000076b800000,0x0000000793c00000,0x0000000793c00000)
  from space 10240K, 2% used [0x0000000793c00000,0x0000000793c38000,0x0000000794600000)
  to   space 10240K, 0% used [0x00000007ac880000,0x00000007ac880000,0x00000007ad280000)
 ParOldGen       total 173568K, used 21572K [0x00000006c2800000, 0x00000006cd180000, 0x000000076b800000)
  object space 173568K, 12% used [0x00000006c2800000,0x00000006c3d11060,0x00000006cd180000)
 Metaspace       used 8371K, capacity 8774K, committed 8960K, reserved 1056768K
  class space    used 661K, capacity 690K, committed 768K, reserved 1048576K
Event: 3.153 GC heap after
Heap after GC invocations=14 (full 0):
 PSYoungGen      total 1064448K, used 256K [0x000000076b800000, 0x00000007ad180000, 0x00000007c0000000)
  eden space 1055232K, 0% used [0x000000076b800000,0x000000076b800000,0x00000007abe80000)
  from space 9216K, 2% used [0x00000007ac880000,0x00000007ac8c0000,0x00000007ad180000)
  to   space 9728K, 0% used [0x00000007abe80000,0x00000007abe80000,0x00000007ac800000)
 ParOldGen       total 173568K, used 21572K [0x00000006c2800000, 0x00000006cd180000, 0x000000076b800000)
  object space 173568K, 12% used [0x00000006c2800000,0x00000006c3d11060,0x00000006cd180000)
 Metaspace       used 8371K, capacity 8774K, committed 8960K, reserved 1056768K
  class space    used 661K, capacity 690K, committed 768K, reserved 1048576K
}
Event: 4.028 GC heap before
{Heap before GC invocations=15 (full 0):
 PSYoungGen      total 1064448K, used 1055488K [0x000000076b800000, 0x00000007ad180000, 0x00000007c0000000)
  eden space 1055232K, 100% used [0x000000076b800000,0x00000007abe80000,0x00000007abe80000)
  from space 9216K, 2% used [0x00000007ac880000,0x00000007ac8c0000,0x00000007ad180000)
  to   space 9728K, 0% used [0x00000007abe80000,0x00000007abe80000,0x00000007ac800000)
 ParOldGen       total 173568K, used 21572K [0x00000006c2800000, 0x00000006cd180000, 0x000000076b800000)
  object space 173568K, 12% used [0x00000006c2800000,0x00000006c3d11060,0x00000006cd180000)
 Metaspace       used 8381K, capacity 8774K, committed 8960K, reserved 1056768K
  class space    used 661K, capacity 690K, committed 768K, reserved 1048576K
Event: 4.029 GC heap after
Heap after GC invocations=15 (full 0):
 PSYoungGen      total 1006080K, used 224K [0x000000076b800000, 0x00000007ac900000, 0x00000007c0000000)
  eden space 1005568K, 0% used [0x000000076b800000,0x000000076b800000,0x00000007a8e00000)
  from space 512K, 43% used [0x00000007abe80000,0x00000007abeb8000,0x00000007abf00000)
  to   space 9728K, 0% used [0x00000007abf80000,0x00000007abf80000,0x00000007ac900000)
 ParOldGen       total 173568K, used 21580K [0x00000006c2800000, 0x00000006cd180000, 0x000000076b800000)
  object space 173568K, 12% used [0x00000006c2800000,0x00000006c3d13060,0x00000006cd180000)
 Metaspace       used 8381K, capacity 8774K, committed 8960K, reserved 1056768K
  class space    used 661K, capacity 690K, committed 768K, reserved 1048576K
}
Event: 5.050 GC heap before
{Heap before GC invocations=16 (full 0):
 PSYoungGen      total 1006080K, used 1005792K [0x000000076b800000, 0x00000007ac900000, 0x00000007c0000000)
  eden space 1005568K, 100% used [0x000000076b800000,0x00000007a8e00000,0x00000007a8e00000)
  from space 512K, 43% used [0x00000007abe80000,0x00000007abeb8000,0x00000007abf00000)
  to   space 9728K, 0% used [0x00000007abf80000,0x00000007abf80000,0x00000007ac900000)
 ParOldGen       total 173568K, used 21580K [0x00000006c2800000, 0x00000006cd180000, 0x000000076b800000)
  object space 173568K, 12% used [0x00000006c2800000,0x00000006c3d13060,0x00000006cd180000)
 Metaspace       used 8384K, capacity 8774K, committed 8960K, reserved 1056768K
  class space    used 661K, capacity 690K, committed 768K, reserved 1048576K
Event: 5.051 GC heap after
Heap after GC invocations=16 (full 0):
 PSYoungGen      total 958976K, used 256K [0x000000076b800000, 0x00000007ac000000, 0x00000007c0000000)
  eden space 958464K, 0% used [0x000000076b800000,0x000000076b800000,0x00000007a6000000)
  from space 512K, 50% used [0x00000007abf80000,0x00000007abfc0000,0x00000007ac000000)
  to   space 9216K, 0% used [0x00000007aae00000,0x00000007aae00000,0x00000007ab700000)
 ParOldGen       total 173568K, used 21588K [0x00000006c2800000, 0x00000006cd180000, 0x000000076b800000)
  object space 173568K, 12% used [0x00000006c2800000,0x00000006c3d15060,0x00000006cd180000)
 Metaspace       used 8384K, capacity 8774K, committed 8960K, reserved 1056768K
  class space    used 661K, capacity 690K, committed 768K, reserved 1048576K
}

