# JRE version: Java(TM) SE Runtime Environment (8.0_65-b17) (build 1.8.0_65-b17)
# Java VM: Java HotSpot(TM) 64-Bit Server VM (25.65-b01 mixed mode windows-amd64 compressed oops)
Heap:
 PSYoungGen      total 436224K, used 73379K [0x000000076b800000, 0x00000007bac80000, 0x00000007c0000000)
  eden space 435712K, 16% used [0x000000076b800000,0x000000076ff68f00,0x0000000786180000)
  from space 512K, 50% used [0x00000007bac00000,0x00000007bac40000,0x00000007bac80000)
  to   space 4608K, 0% used [0x00000007ba380000,0x00000007ba380000,0x00000007ba800000)
 ParOldGen       total 173568K, used 36822K [0x00000006c2800000, 0x00000006cd180000, 0x000000076b800000)
  object space 173568K, 21% used [0x00000006c2800000,0x00000006c4bf5af0,0x00000006cd180000)
 Metaspace       used 8376K, capacity 8710K, committed 8960K, reserved 1056768K
  class space    used 659K, capacity 690K, committed 768K, reserved 1048576K
GC Heap History (10 events):
Event: 12.919 GC heap before
{Heap before GC invocations=30 (full 0):
 PSYoungGen      total 550912K, used 544480K [0x000000076b800000, 0x00000007bbb80000, 0x00000007c0000000)
  eden space 544256K, 100% used [0x000000076b800000,0x000000078cb80000,0x000000078cb80000)
  from space 6656K, 3% used [0x00000007bae80000,0x00000007baeb8000,0x00000007bb500000)
  to   space 6144K, 0% used [0x00000007bb580000,0x00000007bb580000,0x00000007bbb80000)
 ParOldGen       total 173568K, used 36806K [0x00000006c2800000, 0x00000006cd180000, 0x000000076b800000)
  object space 173568K, 21% used [0x00000006c2800000,0x00000006c4bf1af0,0x00000006cd180000)
 Metaspace       used 8374K, capacity 8710K, committed 8960K, reserved 1056768K
  class space    used 659K, capacity 690K, committed 768K, reserved 1048576K
Event: 12.920 GC heap after
Heap after GC invocations=30 (full 0):
 PSYoungGen      total 520704K, used 224K [0x000000076b800000, 0x00000007bb600000, 0x00000007c0000000)
  eden space 520192K, 0% used [0x000000076b800000,0x000000076b800000,0x000000078b400000)
  from space 512K, 43% used [0x00000007bb580000,0x00000007bb5b8000,0x00000007bb600000)
  to   space 6144K, 0% used [0x00000007baa00000,0x00000007baa00000,0x00000007bb000000)
 ParOldGen       total 173568K, used 36806K [0x00000006c2800000, 0x00000006cd180000, 0x000000076b800000)
  object space 173568K, 21% used [0x00000006c2800000,0x00000006c4bf1af0,0x00000006cd180000)
 Metaspace       used 8374K, capacity 8710K, committed 8960K, reserved 1056768K
  class space    used 659K, capacity 690K, committed 768K, reserved 1048576K
}
Event: 13.348 GC heap before
{Heap before GC invocations=31 (full 0):
 PSYoungGen      total 520704K, used 520416K [0x000000076b800000, 0x00000007bb600000, 0x00000007c0000000)
  eden space 520192K, 100% used [0x000000076b800000,0x000000078b400000,0x000000078b400000)
  from space 512K, 43% used [0x00000007bb580000,0x00000007bb5b8000,0x00000007bb600000)
  to   space 6144K, 0% used [0x00000007baa00000,0x00000007baa00000,0x00000007bb000000)
 ParOldGen       total 173568K, used 36806K [0x00000006c2800000, 0x00000006cd180000, 0x000000076b800000)
  object space 173568K, 21% used [0x00000006c2800000,0x00000006c4bf1af0,0x00000006cd180000)
 Metaspace       used 8374K, capacity 8710K, committed 8960K, reserved 1056768K
  class space    used 659K, capacity 690K, committed 768K, reserved 1048576K
Event: 13.348 GC heap after
Heap after GC invocations=31 (full 0):
 PSYoungGen      total 503296K, used 256K [0x000000076b800000, 0x00000007bb600000, 0x00000007c0000000)
  eden space 497152K, 0% used [0x000000076b800000,0x000000076b800000,0x0000000789d80000)
  from space 6144K, 4% used [0x00000007baa00000,0x00000007baa40000,0x00000007bb000000)
  to   space 5632K, 0% used [0x00000007bb080000,0x00000007bb080000,0x00000007bb600000)
 ParOldGen       total 173568K, used 36814K [0x00000006c2800000, 0x00000006cd180000, 0x000000076b800000)
  object space 173568K, 21% used [0x00000006c2800000,0x00000006c4bf3af0,0x00000006cd180000)
 Metaspace       used 8374K, capacity 8710K, committed 8960K, reserved 1056768K
  class space    used 659K, capacity 690K, committed 768K, reserved 1048576K
}
Event: 13.729 GC heap before
{Heap before GC invocations=32 (full 0):
 PSYoungGen      total 503296K, used 497408K [0x000000076b800000, 0x00000007bb600000, 0x00000007c0000000)
  eden space 497152K, 100% used [0x000000076b800000,0x0000000789d80000,0x0000000789d80000)
  from space 6144K, 4% used [0x00000007baa00000,0x00000007baa40000,0x00000007bb000000)
  to   space 5632K, 0% used [0x00000007bb080000,0x00000007bb080000,0x00000007bb600000)
 ParOldGen       total 173568K, used 36814K [0x00000006c2800000, 0x00000006cd180000, 0x000000076b800000)
  object space 173568K, 21% used [0x00000006c2800000,0x00000006c4bf3af0,0x00000006cd180000)
 Metaspace       used 8374K, capacity 8710K, committed 8960K, reserved 1056768K
  class space    used 659K, capacity 690K, committed 768K, reserved 1048576K
Event: 13.730 GC heap after
Heap after GC invocations=32 (full 0):
 PSYoungGen      total 476160K, used 224K [0x000000076b800000, 0x00000007bb100000, 0x00000007c0000000)
  eden space 475648K, 0% used [0x000000076b800000,0x000000076b800000,0x0000000788880000)
  from space 512K, 43% used [0x00000007bb080000,0x00000007bb0b8000,0x00000007bb100000)
  to   space 5120K, 0% used [0x00000007ba700000,0x00000007ba700000,0x00000007bac00000)
 ParOldGen       total 173568K, used 36814K [0x00000006c2800000, 0x00000006cd180000, 0x000000076b800000)
  object space 173568K, 21% used [0x00000006c2800000,0x00000006c4bf3af0,0x00000006cd180000)
 Metaspace       used 8374K, capacity 8710K, committed 8960K, reserved 1056768K
  class space    used 659K, capacity 690K, committed 768K, reserved 1048576K
}
Event: 14.107 GC heap before
{Heap before GC invocations=33 (full 0):
 PSYoungGen      total 476160K, used 475872K [0x000000076b800000, 0x00000007bb100000, 0x00000007c0000000)
  eden space 475648K, 100% used [0x000000076b800000,0x0000000788880000,0x0000000788880000)
  from space 512K, 43% used [0x00000007bb080000,0x00000007bb0b8000,0x00000007bb100000)
  to   space 5120K, 0% used [0x00000007ba700000,0x00000007ba700000,0x00000007bac00000)
 ParOldGen       total 173568K, used 36814K [0x00000006c2800000, 0x00000006cd180000, 0x000000076b800000)
  object space 173568K, 21% used [0x00000006c2800000,0x00000006c4bf3af0,0x00000006cd180000)
 Metaspace       used 8374K, capacity 8710K, committed 8960K, reserved 1056768K
  class space    used 659K, capacity 690K, committed 768K, reserved 1048576K
Event: 14.108 GC heap after
Heap after GC invocations=33 (full 0):
 PSYoungGen      total 460288K, used 160K [0x000000076b800000, 0x00000007bb100000, 0x00000007c0000000)
  eden space 455168K, 0% used [0x000000076b800000,0x000000076b800000,0x0000000787480000)
  from space 5120K, 3% used [0x00000007ba700000,0x00000007ba728000,0x00000007bac00000)
  to   space 5120K, 0% used [0x00000007bac00000,0x00000007bac00000,0x00000007bb100000)
 ParOldGen       total 173568K, used 36814K [0x00000006c2800000, 0x00000006cd180000, 0x000000076b800000)
  object space 173568K, 21% used [0x00000006c2800000,0x00000006c4bf3af0,0x00000006cd180000)
 Metaspace       used 8374K, capacity 8710K, committed 8960K, reserved 1056768K
  class space    used 659K, capacity 690K, committed 768K, reserved 1048576K
}
Event: 14.524 GC heap before
{Heap before GC invocations=34 (full 0):
 PSYoungGen      total 460288K, used 455328K [0x000000076b800000, 0x00000007bb100000, 0x00000007c0000000)
  eden space 455168K, 100% used [0x000000076b800000,0x0000000787480000,0x0000000787480000)
  from space 5120K, 3% used [0x00000007ba700000,0x00000007ba728000,0x00000007bac00000)
  to   space 5120K, 0% used [0x00000007bac00000,0x00000007bac00000,0x00000007bb100000)
 ParOldGen       total 173568K, used 36814K [0x00000006c2800000, 0x00000006cd180000, 0x000000076b800000)
  object space 173568K, 21% used [0x00000006c2800000,0x00000006c4bf3af0,0x00000006cd180000)
 Metaspace       used 8376K, capacity 8710K, committed 8960K, reserved 1056768K
  class space    used 659K, capacity 690K, committed 768K, reserved 1048576K
Event: 14.525 GC heap after
Heap after GC invocations=34 (full 0):
 PSYoungGen      total 436224K, used 256K [0x000000076b800000, 0x00000007bac80000, 0x00000007c0000000)
  eden space 435712K, 0% used [0x000000076b800000,0x000000076b800000,0x0000000786180000)
  from space 512K, 50% used [0x00000007bac00000,0x00000007bac40000,0x00000007bac80000)
  to   space 4608K, 0% used [0x00000007ba380000,0x00000007ba380000,0x00000007ba800000)
 ParOldGen       total 173568K, used 36822K [0x00000006c2800000, 0x00000006cd180000, 0x000000076b800000)
  object space 173568K, 21% used [0x00000006c2800000,0x00000006c4bf5af0,0x00000006cd180000)
 Metaspace       used 8376K, capacity 8710K, committed 8960K, reserved 1056768K
  class space    used 659K, capacity 690K, committed 768K, reserved 1048576K
}

