# JRE version: Java(TM) SE Runtime Environment (8.0_65-b17) (build 1.8.0_65-b17)
# Java VM: Java HotSpot(TM) 64-Bit Server VM (25.65-b01 mixed mode windows-amd64 compressed oops)
Heap:
 PSYoungGen      total 167424K, used 115458K [0x000000076b800000, 0x0000000784900000, 0x00000007c0000000)
  eden space 165376K, 69% used [0x000000076b800000,0x0000000772888a20,0x0000000775980000)
  from space 2048K, 10% used [0x0000000784500000,0x0000000784538000,0x0000000784700000)
  to   space 2048K, 0% used [0x0000000784700000,0x0000000784700000,0x0000000784900000)
 ParOldGen       total 173568K, used 1300K [0x00000006c2800000, 0x00000006cd180000, 0x000000076b800000)
  object space 173568K, 0% used [0x00000006c2800000,0x00000006c2945060,0x00000006cd180000)
 Metaspace       used 8179K, capacity 8710K, committed 8960K, reserved 1056768K
  class space    used 654K, capacity 690K, committed 768K, reserved 1048576K
GC Heap History (10 events):
Event: 2.453 GC heap before
{Heap before GC invocations=17 (full 0):
 PSYoungGen      total 198656K, used 198336K [0x000000076b800000, 0x0000000784c00000, 0x00000007c0000000)
  eden space 198144K, 100% used [0x000000076b800000,0x0000000777980000,0x0000000777980000)
  from space 512K, 37% used [0x0000000784b80000,0x0000000784bb0000,0x0000000784c00000)
  to   space 2048K, 0% used [0x0000000784800000,0x0000000784800000,0x0000000784a00000)
 ParOldGen       total 173568K, used 1300K [0x00000006c2800000, 0x00000006cd180000, 0x000000076b800000)
  object space 173568K, 0% used [0x00000006c2800000,0x00000006c2945060,0x00000006cd180000)
 Metaspace       used 8172K, capacity 8646K, committed 8960K, reserved 1056768K
  class space    used 654K, capacity 690K, committed 768K, reserved 1048576K
Event: 2.453 GC heap after
Heap after GC invocations=17 (full 0):
 PSYoungGen      total 193024K, used 160K [0x000000076b800000, 0x0000000784c00000, 0x00000007c0000000)
  eden space 190976K, 0% used [0x000000076b800000,0x000000076b800000,0x0000000777280000)
  from space 2048K, 7% used [0x0000000784800000,0x0000000784828000,0x0000000784a00000)
  to   space 2048K, 0% used [0x0000000784a00000,0x0000000784a00000,0x0000000784c00000)
 ParOldGen       total 173568K, used 1300K [0x00000006c2800000, 0x00000006cd180000, 0x000000076b800000)
  object space 173568K, 0% used [0x00000006c2800000,0x00000006c2945060,0x00000006cd180000)
 Metaspace       used 8172K, capacity 8646K, committed 8960K, reserved 1056768K
  class space    used 654K, capacity 690K, committed 768K, reserved 1048576K
}
Event: 2.612 GC heap before
{Heap before GC invocations=18 (full 0):
 PSYoungGen      total 193024K, used 191136K [0x000000076b800000, 0x0000000784c00000, 0x00000007c0000000)
  eden space 190976K, 100% used [0x000000076b800000,0x0000000777280000,0x0000000777280000)
  from space 2048K, 7% used [0x0000000784800000,0x0000000784828000,0x0000000784a00000)
  to   space 2048K, 0% used [0x0000000784a00000,0x0000000784a00000,0x0000000784c00000)
 ParOldGen       total 173568K, used 1300K [0x00000006c2800000, 0x00000006cd180000, 0x000000076b800000)
  object space 173568K, 0% used [0x00000006c2800000,0x00000006c2945060,0x00000006cd180000)
 Metaspace       used 8172K, capacity 8646K, committed 8960K, reserved 1056768K
  class space    used 654K, capacity 690K, committed 768K, reserved 1048576K
Event: 2.612 GC heap after
Heap after GC invocations=18 (full 0):
 PSYoungGen      total 184832K, used 224K [0x000000076b800000, 0x0000000784a80000, 0x00000007c0000000)
  eden space 184320K, 0% used [0x000000076b800000,0x000000076b800000,0x0000000776c00000)
  from space 512K, 43% used [0x0000000784a00000,0x0000000784a38000,0x0000000784a80000)
  to   space 2048K, 0% used [0x0000000784680000,0x0000000784680000,0x0000000784880000)
 ParOldGen       total 173568K, used 1300K [0x00000006c2800000, 0x00000006cd180000, 0x000000076b800000)
  object space 173568K, 0% used [0x00000006c2800000,0x00000006c2945060,0x00000006cd180000)
 Metaspace       used 8172K, capacity 8646K, committed 8960K, reserved 1056768K
  class space    used 654K, capacity 690K, committed 768K, reserved 1048576K
}
Event: 2.831 GC heap before
{Heap before GC invocations=19 (full 0):
 PSYoungGen      total 184832K, used 184544K [0x000000076b800000, 0x0000000784a80000, 0x00000007c0000000)
  eden space 184320K, 100% used [0x000000076b800000,0x0000000776c00000,0x0000000776c00000)
  from space 512K, 43% used [0x0000000784a00000,0x0000000784a38000,0x0000000784a80000)
  to   space 2048K, 0% used [0x0000000784680000,0x0000000784680000,0x0000000784880000)
 ParOldGen       total 173568K, used 1300K [0x00000006c2800000, 0x00000006cd180000, 0x000000076b800000)
  object space 173568K, 0% used [0x00000006c2800000,0x00000006c2945060,0x00000006cd180000)
 Metaspace       used 8179K, capacity 8710K, committed 8960K, reserved 1056768K
  class space    used 654K, capacity 690K, committed 768K, reserved 1048576K
Event: 2.831 GC heap after
Heap after GC invocations=19 (full 0):
 PSYoungGen      total 179712K, used 160K [0x000000076b800000, 0x0000000784a80000, 0x00000007c0000000)
  eden space 177664K, 0% used [0x000000076b800000,0x000000076b800000,0x0000000776580000)
  from space 2048K, 7% used [0x0000000784680000,0x00000007846a8000,0x0000000784880000)
  to   space 2048K, 0% used [0x0000000784880000,0x0000000784880000,0x0000000784a80000)
 ParOldGen       total 173568K, used 1300K [0x00000006c2800000, 0x00000006cd180000, 0x000000076b800000)
  object space 173568K, 0% used [0x00000006c2800000,0x00000006c2945060,0x00000006cd180000)
 Metaspace       used 8179K, capacity 8710K, committed 8960K, reserved 1056768K
  class space    used 654K, capacity 690K, committed 768K, reserved 1048576K
}
Event: 3.023 GC heap before
{Heap before GC invocations=20 (full 0):
 PSYoungGen      total 179712K, used 177824K [0x000000076b800000, 0x0000000784a80000, 0x00000007c0000000)
  eden space 177664K, 100% used [0x000000076b800000,0x0000000776580000,0x0000000776580000)
  from space 2048K, 7% used [0x0000000784680000,0x00000007846a8000,0x0000000784880000)
  to   space 2048K, 0% used [0x0000000784880000,0x0000000784880000,0x0000000784a80000)
 ParOldGen       total 173568K, used 1300K [0x00000006c2800000, 0x00000006cd180000, 0x000000076b800000)
  object space 173568K, 0% used [0x00000006c2800000,0x00000006c2945060,0x00000006cd180000)
 Metaspace       used 8179K, capacity 8710K, committed 8960K, reserved 1056768K
  class space    used 654K, capacity 690K, committed 768K, reserved 1048576K
Event: 3.024 GC heap after
Heap after GC invocations=20 (full 0):
 PSYoungGen      total 172032K, used 192K [0x000000076b800000, 0x0000000784900000, 0x00000007c0000000)
  eden space 171520K, 0% used [0x000000076b800000,0x000000076b800000,0x0000000775f80000)
  from space 512K, 37% used [0x0000000784880000,0x00000007848b0000,0x0000000784900000)
  to   space 2048K, 0% used [0x0000000784500000,0x0000000784500000,0x0000000784700000)
 ParOldGen       total 173568K, used 1300K [0x00000006c2800000, 0x00000006cd180000, 0x000000076b800000)
  object space 173568K, 0% used [0x00000006c2800000,0x00000006c2945060,0x00000006cd180000)
 Metaspace       used 8179K, capacity 8710K, committed 8960K, reserved 1056768K
  class space    used 654K, capacity 690K, committed 768K, reserved 1048576K
}
Event: 3.210 GC heap before
{Heap before GC invocations=21 (full 0):
 PSYoungGen      total 172032K, used 171712K [0x000000076b800000, 0x0000000784900000, 0x00000007c0000000)
  eden space 171520K, 100% used [0x000000076b800000,0x0000000775f80000,0x0000000775f80000)
  from space 512K, 37% used [0x0000000784880000,0x00000007848b0000,0x0000000784900000)
  to   space 2048K, 0% used [0x0000000784500000,0x0000000784500000,0x0000000784700000)
 ParOldGen       total 173568K, used 1300K [0x00000006c2800000, 0x00000006cd180000, 0x000000076b800000)
  object space 173568K, 0% used [0x00000006c2800000,0x00000006c2945060,0x00000006cd180000)
 Metaspace       used 8179K, capacity 8710K, committed 8960K, reserved 1056768K
  class space    used 654K, capacity 690K, committed 768K, reserved 1048576K
Event: 3.210 GC heap after
Heap after GC invocations=21 (full 0):
 PSYoungGen      total 167424K, used 224K [0x000000076b800000, 0x0000000784900000, 0x00000007c0000000)
  eden space 165376K, 0% used [0x000000076b800000,0x000000076b800000,0x0000000775980000)
  from space 2048K, 10% used [0x0000000784500000,0x0000000784538000,0x0000000784700000)
  to   space 2048K, 0% used [0x0000000784700000,0x0000000784700000,0x0000000784900000)
 ParOldGen       total 173568K, used 1300K [0x00000006c2800000, 0x00000006cd180000, 0x000000076b800000)
  object space 173568K, 0% used [0x00000006c2800000,0x00000006c2945060,0x00000006cd180000)
 Metaspace       used 8179K, capacity 8710K, committed 8960K, reserved 1056768K
  class space    used 654K, capacity 690K, committed 768K, reserved 1048576K
}

