# JRE version: Java(TM) SE Runtime Environment (8.0_65-b17) (build 1.8.0_65-b17)
# Java VM: Java HotSpot(TM) 64-Bit Server VM (25.65-b01 mixed mode windows-amd64 compressed oops)
Heap:
 PSYoungGen      total 944640K, used 654253K [0x000000076b800000, 0x00000007baf80000, 0x00000007c0000000)
  eden space 937984K, 69% used [0x000000076b800000,0x00000007936b3548,0x00000007a4c00000)
  from space 6656K, 3% used [0x00000007ba280000,0x00000007ba2b8000,0x00000007ba900000)
  to   space 6656K, 0% used [0x00000007ba900000,0x00000007ba900000,0x00000007baf80000)
 ParOldGen       total 173568K, used 15165K [0x00000006c2800000, 0x00000006cd180000, 0x000000076b800000)
  object space 173568K, 8% used [0x00000006c2800000,0x00000006c36cf740,0x00000006cd180000)
 Metaspace       used 8312K, capacity 8710K, committed 8960K, reserved 1056768K
  class space    used 660K, capacity 690K, committed 768K, reserved 1048576K
GC Heap History (10 events):
Event: 3.984 GC heap before
{Heap before GC invocations=15 (full 0):
 PSYoungGen      total 1192960K, used 1192640K [0x000000076b800000, 0x00000007bbd00000, 0x00000007c0000000)
  eden space 1192448K, 100% used [0x000000076b800000,0x00000007b4480000,0x00000007b4480000)
  from space 512K, 37% used [0x00000007bbc80000,0x00000007bbcb0000,0x00000007bbd00000)
  to   space 8192K, 0% used [0x00000007bad00000,0x00000007bad00000,0x00000007bb500000)
 ParOldGen       total 173568K, used 15149K [0x00000006c2800000, 0x00000006cd180000, 0x000000076b800000)
  object space 173568K, 8% used [0x00000006c2800000,0x00000006c36cb740,0x00000006cd180000)
 Metaspace       used 8303K, capacity 8710K, committed 8960K, reserved 1056768K
  class space    used 660K, capacity 690K, committed 768K, reserved 1048576K
Event: 3.984 GC heap after
Heap after GC invocations=15 (full 0):
 PSYoungGen      total 1144320K, used 256K [0x000000076b800000, 0x00000007bbd00000, 0x00000007c0000000)
  eden space 1136128K, 0% used [0x000000076b800000,0x000000076b800000,0x00000007b0d80000)
  from space 8192K, 3% used [0x00000007bad00000,0x00000007bad40000,0x00000007bb500000)
  to   space 7680K, 0% used [0x00000007bb580000,0x00000007bb580000,0x00000007bbd00000)
 ParOldGen       total 173568K, used 15165K [0x00000006c2800000, 0x00000006cd180000, 0x000000076b800000)
  object space 173568K, 8% used [0x00000006c2800000,0x00000006c36cf740,0x00000006cd180000)
 Metaspace       used 8303K, capacity 8710K, committed 8960K, reserved 1056768K
  class space    used 660K, capacity 690K, committed 768K, reserved 1048576K
}
Event: 4.475 GC heap before
{Heap before GC invocations=16 (full 0):
 PSYoungGen      total 1144320K, used 1136384K [0x000000076b800000, 0x00000007bbd00000, 0x00000007c0000000)
  eden space 1136128K, 100% used [0x000000076b800000,0x00000007b0d80000,0x00000007b0d80000)
  from space 8192K, 3% used [0x00000007bad00000,0x00000007bad40000,0x00000007bb500000)
  to   space 7680K, 0% used [0x00000007bb580000,0x00000007bb580000,0x00000007bbd00000)
 ParOldGen       total 173568K, used 15165K [0x00000006c2800000, 0x00000006cd180000, 0x000000076b800000)
  object space 173568K, 8% used [0x00000006c2800000,0x00000006c36cf740,0x00000006cd180000)
 Metaspace       used 8303K, capacity 8710K, committed 8960K, reserved 1056768K
  class space    used 660K, capacity 690K, committed 768K, reserved 1048576K
Event: 4.476 GC heap after
Heap after GC invocations=16 (full 0):
 PSYoungGen      total 1083392K, used 256K [0x000000076b800000, 0x00000007bb600000, 0x00000007c0000000)
  eden space 1082880K, 0% used [0x000000076b800000,0x000000076b800000,0x00000007ad980000)
  from space 512K, 50% used [0x00000007bb580000,0x00000007bb5c0000,0x00000007bb600000)
  to   space 7680K, 0% used [0x00000007ba700000,0x00000007ba700000,0x00000007bae80000)
 ParOldGen       total 173568K, used 15165K [0x00000006c2800000, 0x00000006cd180000, 0x000000076b800000)
  object space 173568K, 8% used [0x00000006c2800000,0x00000006c36cf740,0x00000006cd180000)
 Metaspace       used 8303K, capacity 8710K, committed 8960K, reserved 1056768K
  class space    used 660K, capacity 690K, committed 768K, reserved 1048576K
}
Event: 4.930 GC heap before
{Heap before GC invocations=17 (full 0):
 PSYoungGen      total 1083392K, used 1083136K [0x000000076b800000, 0x00000007bb600000, 0x00000007c0000000)
  eden space 1082880K, 100% used [0x000000076b800000,0x00000007ad980000,0x00000007ad980000)
  from space 512K, 50% used [0x00000007bb580000,0x00000007bb5c0000,0x00000007bb600000)
  to   space 7680K, 0% used [0x00000007ba700000,0x00000007ba700000,0x00000007bae80000)
 ParOldGen       total 173568K, used 15165K [0x00000006c2800000, 0x00000006cd180000, 0x000000076b800000)
  object space 173568K, 8% used [0x00000006c2800000,0x00000006c36cf740,0x00000006cd180000)
 Metaspace       used 8305K, capacity 8710K, committed 8960K, reserved 1056768K
  class space    used 660K, capacity 690K, committed 768K, reserved 1048576K
Event: 4.931 GC heap after
Heap after GC invocations=17 (full 0):
 PSYoungGen      total 1039872K, used 160K [0x000000076b800000, 0x00000007bb600000, 0x00000007c0000000)
  eden space 1032192K, 0% used [0x000000076b800000,0x000000076b800000,0x00000007aa800000)
  from space 7680K, 2% used [0x00000007ba700000,0x00000007ba728000,0x00000007bae80000)
  to   space 7168K, 0% used [0x00000007baf00000,0x00000007baf00000,0x00000007bb600000)
 ParOldGen       total 173568K, used 15165K [0x00000006c2800000, 0x00000006cd180000, 0x000000076b800000)
  object space 173568K, 8% used [0x00000006c2800000,0x00000006c36cf740,0x00000006cd180000)
 Metaspace       used 8305K, capacity 8710K, committed 8960K, reserved 1056768K
  class space    used 660K, capacity 690K, committed 768K, reserved 1048576K
}
Event: 5.379 GC heap before
{Heap before GC invocations=18 (full 0):
 PSYoungGen      total 1039872K, used 1032352K [0x000000076b800000, 0x00000007bb600000, 0x00000007c0000000)
  eden space 1032192K, 100% used [0x000000076b800000,0x00000007aa800000,0x00000007aa800000)
  from space 7680K, 2% used [0x00000007ba700000,0x00000007ba728000,0x00000007bae80000)
  to   space 7168K, 0% used [0x00000007baf00000,0x00000007baf00000,0x00000007bb600000)
 ParOldGen       total 173568K, used 15165K [0x00000006c2800000, 0x00000006cd180000, 0x000000076b800000)
  object space 173568K, 8% used [0x00000006c2800000,0x00000006c36cf740,0x00000006cd180000)
 Metaspace       used 8306K, capacity 8710K, committed 8960K, reserved 1056768K
  class space    used 660K, capacity 690K, committed 768K, reserved 1048576K
Event: 5.380 GC heap after
Heap after GC invocations=18 (full 0):
 PSYoungGen      total 984576K, used 224K [0x000000076b800000, 0x00000007baf80000, 0x00000007c0000000)
  eden space 984064K, 0% used [0x000000076b800000,0x000000076b800000,0x00000007a7900000)
  from space 512K, 43% used [0x00000007baf00000,0x00000007baf38000,0x00000007baf80000)
  to   space 6656K, 0% used [0x00000007ba280000,0x00000007ba280000,0x00000007ba900000)
 ParOldGen       total 173568K, used 15165K [0x00000006c2800000, 0x00000006cd180000, 0x000000076b800000)
  object space 173568K, 8% used [0x00000006c2800000,0x00000006c36cf740,0x00000006cd180000)
 Metaspace       used 8306K, capacity 8710K, committed 8960K, reserved 1056768K
  class space    used 660K, capacity 690K, committed 768K, reserved 1048576K
}
Event: 5.802 GC heap before
{Heap before GC invocations=19 (full 0):
 PSYoungGen      total 984576K, used 984288K [0x000000076b800000, 0x00000007baf80000, 0x00000007c0000000)
  eden space 984064K, 100% used [0x000000076b800000,0x00000007a7900000,0x00000007a7900000)
  from space 512K, 43% used [0x00000007baf00000,0x00000007baf38000,0x00000007baf80000)
  to   space 6656K, 0% used [0x00000007ba280000,0x00000007ba280000,0x00000007ba900000)
 ParOldGen       total 173568K, used 15165K [0x00000006c2800000, 0x00000006cd180000, 0x000000076b800000)
  object space 173568K, 8% used [0x00000006c2800000,0x00000006c36cf740,0x00000006cd180000)
 Metaspace       used 8312K, capacity 8710K, committed 8960K, reserved 1056768K
  class space    used 660K, capacity 690K, committed 768K, reserved 1048576K
Event: 5.803 GC heap after
Heap after GC invocations=19 (full 0):
 PSYoungGen      total 944640K, used 224K [0x000000076b800000, 0x00000007baf80000, 0x00000007c0000000)
  eden space 937984K, 0% used [0x000000076b800000,0x000000076b800000,0x00000007a4c00000)
  from space 6656K, 3% used [0x00000007ba280000,0x00000007ba2b8000,0x00000007ba900000)
  to   space 6656K, 0% used [0x00000007ba900000,0x00000007ba900000,0x00000007baf80000)
 ParOldGen       total 173568K, used 15165K [0x00000006c2800000, 0x00000006cd180000, 0x000000076b800000)
  object space 173568K, 8% used [0x00000006c2800000,0x00000006c36cf740,0x00000006cd180000)
 Metaspace       used 8312K, capacity 8710K, committed 8960K, reserved 1056768K
  class space    used 660K, capacity 690K, committed 768K, reserved 1048576K
}

