# JRE version: Java(TM) SE Runtime Environment (8.0_65-b17) (build 1.8.0_65-b17)
# Java VM: Java HotSpot(TM) 64-Bit Server VM (25.65-b01 mixed mode windows-amd64 compressed oops)
Heap:
 PSYoungGen      total 659968K, used 149686K [0x000000076b800000, 0x00000007bcc80000, 0x00000007c0000000)
  eden space 651776K, 22% used [0x000000076b800000,0x00000007749fda88,0x0000000793480000)
  from space 8192K, 2% used [0x00000007bbc80000,0x00000007bbcb0000,0x00000007bc480000)
  to   space 7680K, 0% used [0x00000007bc500000,0x00000007bc500000,0x00000007bcc80000)
 ParOldGen       total 173568K, used 32063K [0x00000006c2800000, 0x00000006cd180000, 0x000000076b800000)
  object space 173568K, 18% used [0x00000006c2800000,0x00000006c474fc78,0x00000006cd180000)
 Metaspace       used 8363K, capacity 8774K, committed 8960K, reserved 1056768K
  class space    used 660K, capacity 690K, committed 768K, reserved 1048576K
GC Heap History (10 events):
Event: 8.350 GC heap before
{Heap before GC invocations=21 (full 0):
 PSYoungGen      total 823296K, used 823008K [0x000000076b800000, 0x00000007bdd80000, 0x00000007c0000000)
  eden space 822784K, 100% used [0x000000076b800000,0x000000079db80000,0x000000079db80000)
  from space 512K, 43% used [0x00000007bdd00000,0x00000007bdd38000,0x00000007bdd80000)
  to   space 10240K, 0% used [0x00000007bc980000,0x00000007bc980000,0x00000007bd380000)
 ParOldGen       total 173568K, used 32031K [0x00000006c2800000, 0x00000006cd180000, 0x000000076b800000)
  object space 173568K, 18% used [0x00000006c2800000,0x00000006c4747c78,0x00000006cd180000)
 Metaspace       used 8361K, capacity 8774K, committed 8960K, reserved 1056768K
  class space    used 660K, capacity 690K, committed 768K, reserved 1048576K
Event: 8.350 GC heap after
Heap after GC invocations=21 (full 0):
 PSYoungGen      total 795136K, used 224K [0x000000076b800000, 0x00000007bdd80000, 0x00000007c0000000)
  eden space 784896K, 0% used [0x000000076b800000,0x000000076b800000,0x000000079b680000)
  from space 10240K, 2% used [0x00000007bc980000,0x00000007bc9b8000,0x00000007bd380000)
  to   space 9728K, 0% used [0x00000007bd400000,0x00000007bd400000,0x00000007bdd80000)
 ParOldGen       total 173568K, used 32047K [0x00000006c2800000, 0x00000006cd180000, 0x000000076b800000)
  object space 173568K, 18% used [0x00000006c2800000,0x00000006c474bc78,0x00000006cd180000)
 Metaspace       used 8361K, capacity 8774K, committed 8960K, reserved 1056768K
  class space    used 660K, capacity 690K, committed 768K, reserved 1048576K
}
Event: 8.917 GC heap before
{Heap before GC invocations=22 (full 0):
 PSYoungGen      total 795136K, used 785120K [0x000000076b800000, 0x00000007bdd80000, 0x00000007c0000000)
  eden space 784896K, 100% used [0x000000076b800000,0x000000079b680000,0x000000079b680000)
  from space 10240K, 2% used [0x00000007bc980000,0x00000007bc9b8000,0x00000007bd380000)
  to   space 9728K, 0% used [0x00000007bd400000,0x00000007bd400000,0x00000007bdd80000)
 ParOldGen       total 173568K, used 32047K [0x00000006c2800000, 0x00000006cd180000, 0x000000076b800000)
  object space 173568K, 18% used [0x00000006c2800000,0x00000006c474bc78,0x00000006cd180000)
 Metaspace       used 8361K, capacity 8774K, committed 8960K, reserved 1056768K
  class space    used 660K, capacity 690K, committed 768K, reserved 1048576K
Event: 8.918 GC heap after
Heap after GC invocations=22 (full 0):
 PSYoungGen      total 749568K, used 224K [0x000000076b800000, 0x00000007bd480000, 0x00000007c0000000)
  eden space 749056K, 0% used [0x000000076b800000,0x000000076b800000,0x0000000799380000)
  from space 512K, 43% used [0x00000007bd400000,0x00000007bd438000,0x00000007bd480000)
  to   space 9216K, 0% used [0x00000007bc280000,0x00000007bc280000,0x00000007bcb80000)
 ParOldGen       total 173568K, used 32047K [0x00000006c2800000, 0x00000006cd180000, 0x000000076b800000)
  object space 173568K, 18% used [0x00000006c2800000,0x00000006c474bc78,0x00000006cd180000)
 Metaspace       used 8361K, capacity 8774K, committed 8960K, reserved 1056768K
  class space    used 660K, capacity 690K, committed 768K, reserved 1048576K
}
Event: 9.542 GC heap before
{Heap before GC invocations=23 (full 0):
 PSYoungGen      total 749568K, used 749280K [0x000000076b800000, 0x00000007bd480000, 0x00000007c0000000)
  eden space 749056K, 100% used [0x000000076b800000,0x0000000799380000,0x0000000799380000)
  from space 512K, 43% used [0x00000007bd400000,0x00000007bd438000,0x00000007bd480000)
  to   space 9216K, 0% used [0x00000007bc280000,0x00000007bc280000,0x00000007bcb80000)
 ParOldGen       total 173568K, used 32047K [0x00000006c2800000, 0x00000006cd180000, 0x000000076b800000)
  object space 173568K, 18% used [0x00000006c2800000,0x00000006c474bc78,0x00000006cd180000)
 Metaspace       used 8361K, capacity 8774K, committed 8960K, reserved 1056768K
  class space    used 660K, capacity 690K, committed 768K, reserved 1048576K
Event: 9.542 GC heap after
Heap after GC invocations=23 (full 0):
 PSYoungGen      total 723968K, used 224K [0x000000076b800000, 0x00000007bd480000, 0x00000007c0000000)
  eden space 714752K, 0% used [0x000000076b800000,0x000000076b800000,0x0000000797200000)
  from space 9216K, 2% used [0x00000007bc280000,0x00000007bc2b8000,0x00000007bcb80000)
  to   space 8704K, 0% used [0x00000007bcc00000,0x00000007bcc00000,0x00000007bd480000)
 ParOldGen       total 173568K, used 32047K [0x00000006c2800000, 0x00000006cd180000, 0x000000076b800000)
  object space 173568K, 18% used [0x00000006c2800000,0x00000006c474bc78,0x00000006cd180000)
 Metaspace       used 8361K, capacity 8774K, committed 8960K, reserved 1056768K
  class space    used 660K, capacity 690K, committed 768K, reserved 1048576K
}
Event: 10.088 GC heap before
{Heap before GC invocations=24 (full 0):
 PSYoungGen      total 723968K, used 714976K [0x000000076b800000, 0x00000007bd480000, 0x00000007c0000000)
  eden space 714752K, 100% used [0x000000076b800000,0x0000000797200000,0x0000000797200000)
  from space 9216K, 2% used [0x00000007bc280000,0x00000007bc2b8000,0x00000007bcb80000)
  to   space 8704K, 0% used [0x00000007bcc00000,0x00000007bcc00000,0x00000007bd480000)
 ParOldGen       total 173568K, used 32047K [0x00000006c2800000, 0x00000006cd180000, 0x000000076b800000)
  object space 173568K, 18% used [0x00000006c2800000,0x00000006c474bc78,0x00000006cd180000)
 Metaspace       used 8363K, capacity 8774K, committed 8960K, reserved 1056768K
  class space    used 660K, capacity 690K, committed 768K, reserved 1048576K
Event: 10.089 GC heap after
Heap after GC invocations=24 (full 0):
 PSYoungGen      total 683008K, used 224K [0x000000076b800000, 0x00000007bcc80000, 0x00000007c0000000)
  eden space 682496K, 0% used [0x000000076b800000,0x000000076b800000,0x0000000795280000)
  from space 512K, 43% used [0x00000007bcc00000,0x00000007bcc38000,0x00000007bcc80000)
  to   space 8192K, 0% used [0x00000007bbc80000,0x00000007bbc80000,0x00000007bc480000)
 ParOldGen       total 173568K, used 32047K [0x00000006c2800000, 0x00000006cd180000, 0x000000076b800000)
  object space 173568K, 18% used [0x00000006c2800000,0x00000006c474bc78,0x00000006cd180000)
 Metaspace       used 8363K, capacity 8774K, committed 8960K, reserved 1056768K
  class space    used 660K, capacity 690K, committed 768K, reserved 1048576K
}
Event: 10.578 GC heap before
{Heap before GC invocations=25 (full 0):
 PSYoungGen      total 683008K, used 682720K [0x000000076b800000, 0x00000007bcc80000, 0x00000007c0000000)
  eden space 682496K, 100% used [0x000000076b800000,0x0000000795280000,0x0000000795280000)
  from space 512K, 43% used [0x00000007bcc00000,0x00000007bcc38000,0x00000007bcc80000)
  to   space 8192K, 0% used [0x00000007bbc80000,0x00000007bbc80000,0x00000007bc480000)
 ParOldGen       total 173568K, used 32047K [0x00000006c2800000, 0x00000006cd180000, 0x000000076b800000)
  object space 173568K, 18% used [0x00000006c2800000,0x00000006c474bc78,0x00000006cd180000)
 Metaspace       used 8363K, capacity 8774K, committed 8960K, reserved 1056768K
  class space    used 660K, capacity 690K, committed 768K, reserved 1048576K
Event: 10.578 GC heap after
Heap after GC invocations=25 (full 0):
 PSYoungGen      total 659968K, used 192K [0x000000076b800000, 0x00000007bcc80000, 0x00000007c0000000)
  eden space 651776K, 0% used [0x000000076b800000,0x000000076b800000,0x0000000793480000)
  from space 8192K, 2% used [0x00000007bbc80000,0x00000007bbcb0000,0x00000007bc480000)
  to   space 7680K, 0% used [0x00000007bc500000,0x00000007bc500000,0x00000007bcc80000)
 ParOldGen       total 173568K, used 32063K [0x00000006c2800000, 0x00000006cd180000, 0x000000076b800000)
  object space 173568K, 18% used [0x00000006c2800000,0x00000006c474fc78,0x00000006cd180000)
 Metaspace       used 8363K, capacity 8774K, committed 8960K, reserved 1056768K
  class space    used 660K, capacity 690K, committed 768K, reserved 1048576K
}

