# JRE version: Java(TM) SE Runtime Environment (8.0_65-b17) (build 1.8.0_65-b17)
# Java VM: Java HotSpot(TM) 64-Bit Server VM (25.65-b01 mixed mode windows-amd64 compressed oops)
Heap:
 PSYoungGen      total 54784K, used 6671K [0x000000076b800000, 0x00000007a8c80000, 0x00000007c0000000)
  eden space 54272K, 12% used [0x000000076b800000,0x000000076be6be80,0x000000076ed00000)
  from space 512K, 18% used [0x00000007a8b80000,0x00000007a8b98000,0x00000007a8c00000)
  to   space 512K, 0% used [0x00000007a8c00000,0x00000007a8c00000,0x00000007a8c80000)
 ParOldGen       total 173568K, used 18370K [0x00000006c2800000, 0x00000006cd180000, 0x000000076b800000)
  object space 173568K, 10% used [0x00000006c2800000,0x00000006c39f09d8,0x00000006cd180000)
 Metaspace       used 8393K, capacity 8774K, committed 8960K, reserved 1056768K
  class space    used 662K, capacity 690K, committed 768K, reserved 1048576K
GC Heap History (10 events):
Event: 31.163 GC heap before
{Heap before GC invocations=363 (full 0):
 PSYoungGen      total 47616K, used 47328K [0x000000076b800000, 0x00000007a8c80000, 0x00000007c0000000)
  eden space 47104K, 100% used [0x000000076b800000,0x000000076e600000,0x000000076e600000)
  from space 512K, 43% used [0x00000007a8c00000,0x00000007a8c38000,0x00000007a8c80000)
  to   space 512K, 0% used [0x00000007a8b80000,0x00000007a8b80000,0x00000007a8c00000)
 ParOldGen       total 173568K, used 18370K [0x00000006c2800000, 0x00000006cd180000, 0x000000076b800000)
  object space 173568K, 10% used [0x00000006c2800000,0x00000006c39f09d8,0x00000006cd180000)
 Metaspace       used 8393K, capacity 8774K, committed 8960K, reserved 1056768K
  class space    used 662K, capacity 690K, committed 768K, reserved 1048576K
Event: 31.164 GC heap after
Heap after GC invocations=363 (full 0):
 PSYoungGen      total 47104K, used 192K [0x000000076b800000, 0x00000007a8c80000, 0x00000007c0000000)
  eden space 46592K, 0% used [0x000000076b800000,0x000000076b800000,0x000000076e580000)
  from space 512K, 37% used [0x00000007a8b80000,0x00000007a8bb0000,0x00000007a8c00000)
  to   space 512K, 0% used [0x00000007a8c00000,0x00000007a8c00000,0x00000007a8c80000)
 ParOldGen       total 173568K, used 18370K [0x00000006c2800000, 0x00000006cd180000, 0x000000076b800000)
  object space 173568K, 10% used [0x00000006c2800000,0x00000006c39f09d8,0x00000006cd180000)
 Metaspace       used 8393K, capacity 8774K, committed 8960K, reserved 1056768K
  class space    used 662K, capacity 690K, committed 768K, reserved 1048576K
}
Event: 31.201 GC heap before
{Heap before GC invocations=364 (full 0):
 PSYoungGen      total 47104K, used 46784K [0x000000076b800000, 0x00000007a8c80000, 0x00000007c0000000)
  eden space 46592K, 100% used [0x000000076b800000,0x000000076e580000,0x000000076e580000)
  from space 512K, 37% used [0x00000007a8b80000,0x00000007a8bb0000,0x00000007a8c00000)
  to   space 512K, 0% used [0x00000007a8c00000,0x00000007a8c00000,0x00000007a8c80000)
 ParOldGen       total 173568K, used 18370K [0x00000006c2800000, 0x00000006cd180000, 0x000000076b800000)
  object space 173568K, 10% used [0x00000006c2800000,0x00000006c39f09d8,0x00000006cd180000)
 Metaspace       used 8393K, capacity 8774K, committed 8960K, reserved 1056768K
  class space    used 662K, capacity 690K, committed 768K, reserved 1048576K
Event: 31.201 GC heap after
Heap after GC invocations=364 (full 0):
 PSYoungGen      total 46592K, used 224K [0x000000076b800000, 0x00000007a8c80000, 0x00000007c0000000)
  eden space 46080K, 0% used [0x000000076b800000,0x000000076b800000,0x000000076e500000)
  from space 512K, 43% used [0x00000007a8c00000,0x00000007a8c38000,0x00000007a8c80000)
  to   space 512K, 0% used [0x00000007a8b80000,0x00000007a8b80000,0x00000007a8c00000)
 ParOldGen       total 173568K, used 18370K [0x00000006c2800000, 0x00000006cd180000, 0x000000076b800000)
  object space 173568K, 10% used [0x00000006c2800000,0x00000006c39f09d8,0x00000006cd180000)
 Metaspace       used 8393K, capacity 8774K, committed 8960K, reserved 1056768K
  class space    used 662K, capacity 690K, committed 768K, reserved 1048576K
}
Event: 31.251 GC heap before
{Heap before GC invocations=365 (full 0):
 PSYoungGen      total 46592K, used 46304K [0x000000076b800000, 0x00000007a8c80000, 0x00000007c0000000)
  eden space 46080K, 100% used [0x000000076b800000,0x000000076e500000,0x000000076e500000)
  from space 512K, 43% used [0x00000007a8c00000,0x00000007a8c38000,0x00000007a8c80000)
  to   space 512K, 0% used [0x00000007a8b80000,0x00000007a8b80000,0x00000007a8c00000)
 ParOldGen       total 173568K, used 18370K [0x00000006c2800000, 0x00000006cd180000, 0x000000076b800000)
  object space 173568K, 10% used [0x00000006c2800000,0x00000006c39f09d8,0x00000006cd180000)
 Metaspace       used 8393K, capacity 8774K, committed 8960K, reserved 1056768K
  class space    used 662K, capacity 690K, committed 768K, reserved 1048576K
Event: 31.252 GC heap after
Heap after GC invocations=365 (full 0):
 PSYoungGen      total 46080K, used 224K [0x000000076b800000, 0x00000007a8c80000, 0x00000007c0000000)
  eden space 45568K, 0% used [0x000000076b800000,0x000000076b800000,0x000000076e480000)
  from space 512K, 43% used [0x00000007a8b80000,0x00000007a8bb8000,0x00000007a8c00000)
  to   space 512K, 0% used [0x00000007a8c00000,0x00000007a8c00000,0x00000007a8c80000)
 ParOldGen       total 173568K, used 18370K [0x00000006c2800000, 0x00000006cd180000, 0x000000076b800000)
  object space 173568K, 10% used [0x00000006c2800000,0x00000006c39f09d8,0x00000006cd180000)
 Metaspace       used 8393K, capacity 8774K, committed 8960K, reserved 1056768K
  class space    used 662K, capacity 690K, committed 768K, reserved 1048576K
}
Event: 31.301 GC heap before
{Heap before GC invocations=366 (full 0):
 PSYoungGen      total 46080K, used 45792K [0x000000076b800000, 0x00000007a8c80000, 0x00000007c0000000)
  eden space 45568K, 100% used [0x000000076b800000,0x000000076e480000,0x000000076e480000)
  from space 512K, 43% used [0x00000007a8b80000,0x00000007a8bb8000,0x00000007a8c00000)
  to   space 512K, 0% used [0x00000007a8c00000,0x00000007a8c00000,0x00000007a8c80000)
 ParOldGen       total 173568K, used 18370K [0x00000006c2800000, 0x00000006cd180000, 0x000000076b800000)
  object space 173568K, 10% used [0x00000006c2800000,0x00000006c39f09d8,0x00000006cd180000)
 Metaspace       used 8393K, capacity 8774K, committed 8960K, reserved 1056768K
  class space    used 662K, capacity 690K, committed 768K, reserved 1048576K
Event: 31.302 GC heap after
Heap after GC invocations=366 (full 0):
 PSYoungGen      total 45568K, used 224K [0x000000076b800000, 0x00000007a8c80000, 0x00000007c0000000)
  eden space 45056K, 0% used [0x000000076b800000,0x000000076b800000,0x000000076e400000)
  from space 512K, 43% used [0x00000007a8c00000,0x00000007a8c38000,0x00000007a8c80000)
  to   space 512K, 0% used [0x00000007a8b80000,0x00000007a8b80000,0x00000007a8c00000)
 ParOldGen       total 173568K, used 18370K [0x00000006c2800000, 0x00000006cd180000, 0x000000076b800000)
  object space 173568K, 10% used [0x00000006c2800000,0x00000006c39f09d8,0x00000006cd180000)
 Metaspace       used 8393K, capacity 8774K, committed 8960K, reserved 1056768K
  class space    used 662K, capacity 690K, committed 768K, reserved 1048576K
}
Event: 31.353 GC heap before
{Heap before GC invocations=367 (full 0):
 PSYoungGen      total 45568K, used 45280K [0x000000076b800000, 0x00000007a8c80000, 0x00000007c0000000)
  eden space 45056K, 100% used [0x000000076b800000,0x000000076e400000,0x000000076e400000)
  from space 512K, 43% used [0x00000007a8c00000,0x00000007a8c38000,0x00000007a8c80000)
  to   space 512K, 0% used [0x00000007a8b80000,0x00000007a8b80000,0x00000007a8c00000)
 ParOldGen       total 173568K, used 18370K [0x00000006c2800000, 0x00000006cd180000, 0x000000076b800000)
  object space 173568K, 10% used [0x00000006c2800000,0x00000006c39f09d8,0x00000006cd180000)
 Metaspace       used 8393K, capacity 8774K, committed 8960K, reserved 1056768K
  class space    used 662K, capacity 690K, committed 768K, reserved 1048576K
Event: 31.353 GC heap after
Heap after GC invocations=367 (full 0):
 PSYoungGen      total 54784K, used 96K [0x000000076b800000, 0x00000007a8c80000, 0x00000007c0000000)
  eden space 54272K, 0% used [0x000000076b800000,0x000000076b800000,0x000000076ed00000)
  from space 512K, 18% used [0x00000007a8b80000,0x00000007a8b98000,0x00000007a8c00000)
  to   space 512K, 0% used [0x00000007a8c00000,0x00000007a8c00000,0x00000007a8c80000)
 ParOldGen       total 173568K, used 18370K [0x00000006c2800000, 0x00000006cd180000, 0x000000076b800000)
  object space 173568K, 10% used [0x00000006c2800000,0x00000006c39f09d8,0x00000006cd180000)
 Metaspace       used 8393K, capacity 8774K, committed 8960K, reserved 1056768K
  class space    used 662K, capacity 690K, committed 768K, reserved 1048576K
}

