# JRE version: Java(TM) SE Runtime Environment (8.0_65-b17) (build 1.8.0_65-b17)
# Java VM: Java HotSpot(TM) 64-Bit Server VM (25.65-b01 mixed mode windows-amd64 compressed oops)
Heap:
 PSYoungGen      total 46592K, used 36057K [0x000000076b800000, 0x00000007bb700000, 0x00000007c0000000)
  eden space 46080K, 77% used [0x000000076b800000,0x000000076db16558,0x000000076e500000)
  from space 512K, 25% used [0x00000007bb600000,0x00000007bb620000,0x00000007bb680000)
  to   space 512K, 0% used [0x00000007bb680000,0x00000007bb680000,0x00000007bb700000)
 ParOldGen       total 173568K, used 25846K [0x00000006c2800000, 0x00000006cd180000, 0x000000076b800000)
  object space 173568K, 14% used [0x00000006c2800000,0x00000006c413d8f0,0x00000006cd180000)
 Metaspace       used 8404K, capacity 8774K, committed 8960K, reserved 1056768K
  class space    used 662K, capacity 690K, committed 768K, reserved 1048576K
GC Heap History (10 events):
Event: 37.604 GC heap before
{Heap before GC invocations=359 (full 0):
 PSYoungGen      total 49664K, used 49312K [0x000000076b800000, 0x00000007bb700000, 0x00000007c0000000)
  eden space 49152K, 100% used [0x000000076b800000,0x000000076e800000,0x000000076e800000)
  from space 512K, 31% used [0x00000007bb680000,0x00000007bb6a8000,0x00000007bb700000)
  to   space 512K, 0% used [0x00000007bb600000,0x00000007bb600000,0x00000007bb680000)
 ParOldGen       total 173568K, used 25846K [0x00000006c2800000, 0x00000006cd180000, 0x000000076b800000)
  object space 173568K, 14% used [0x00000006c2800000,0x00000006c413d8f0,0x00000006cd180000)
 Metaspace       used 8404K, capacity 8774K, committed 8960K, reserved 1056768K
  class space    used 662K, capacity 690K, committed 768K, reserved 1048576K
Event: 37.605 GC heap after
Heap after GC invocations=359 (full 0):
 PSYoungGen      total 48640K, used 96K [0x000000076b800000, 0x00000007bb700000, 0x00000007c0000000)
  eden space 48128K, 0% used [0x000000076b800000,0x000000076b800000,0x000000076e700000)
  from space 512K, 18% used [0x00000007bb600000,0x00000007bb618000,0x00000007bb680000)
  to   space 512K, 0% used [0x00000007bb680000,0x00000007bb680000,0x00000007bb700000)
 ParOldGen       total 173568K, used 25846K [0x00000006c2800000, 0x00000006cd180000, 0x000000076b800000)
  object space 173568K, 14% used [0x00000006c2800000,0x00000006c413d8f0,0x00000006cd180000)
 Metaspace       used 8404K, capacity 8774K, committed 8960K, reserved 1056768K
  class space    used 662K, capacity 690K, committed 768K, reserved 1048576K
}
Event: 37.642 GC heap before
{Heap before GC invocations=360 (full 0):
 PSYoungGen      total 48640K, used 48224K [0x000000076b800000, 0x00000007bb700000, 0x00000007c0000000)
  eden space 48128K, 100% used [0x000000076b800000,0x000000076e700000,0x000000076e700000)
  from space 512K, 18% used [0x00000007bb600000,0x00000007bb618000,0x00000007bb680000)
  to   space 512K, 0% used [0x00000007bb680000,0x00000007bb680000,0x00000007bb700000)
 ParOldGen       total 173568K, used 25846K [0x00000006c2800000, 0x00000006cd180000, 0x000000076b800000)
  object space 173568K, 14% used [0x00000006c2800000,0x00000006c413d8f0,0x00000006cd180000)
 Metaspace       used 8404K, capacity 8774K, committed 8960K, reserved 1056768K
  class space    used 662K, capacity 690K, committed 768K, reserved 1048576K
Event: 37.642 GC heap after
Heap after GC invocations=360 (full 0):
 PSYoungGen      total 48128K, used 160K [0x000000076b800000, 0x00000007bb700000, 0x00000007c0000000)
  eden space 47616K, 0% used [0x000000076b800000,0x000000076b800000,0x000000076e680000)
  from space 512K, 31% used [0x00000007bb680000,0x00000007bb6a8000,0x00000007bb700000)
  to   space 512K, 0% used [0x00000007bb600000,0x00000007bb600000,0x00000007bb680000)
 ParOldGen       total 173568K, used 25846K [0x00000006c2800000, 0x00000006cd180000, 0x000000076b800000)
  object space 173568K, 14% used [0x00000006c2800000,0x00000006c413d8f0,0x00000006cd180000)
 Metaspace       used 8404K, capacity 8774K, committed 8960K, reserved 1056768K
  class space    used 662K, capacity 690K, committed 768K, reserved 1048576K
}
Event: 37.696 GC heap before
{Heap before GC invocations=361 (full 0):
 PSYoungGen      total 48128K, used 47776K [0x000000076b800000, 0x00000007bb700000, 0x00000007c0000000)
  eden space 47616K, 100% used [0x000000076b800000,0x000000076e680000,0x000000076e680000)
  from space 512K, 31% used [0x00000007bb680000,0x00000007bb6a8000,0x00000007bb700000)
  to   space 512K, 0% used [0x00000007bb600000,0x00000007bb600000,0x00000007bb680000)
 ParOldGen       total 173568K, used 25846K [0x00000006c2800000, 0x00000006cd180000, 0x000000076b800000)
  object space 173568K, 14% used [0x00000006c2800000,0x00000006c413d8f0,0x00000006cd180000)
 Metaspace       used 8404K, capacity 8774K, committed 8960K, reserved 1056768K
  class space    used 662K, capacity 690K, committed 768K, reserved 1048576K
Event: 37.697 GC heap after
Heap after GC invocations=361 (full 0):
 PSYoungGen      total 47616K, used 96K [0x000000076b800000, 0x00000007bb700000, 0x00000007c0000000)
  eden space 47104K, 0% used [0x000000076b800000,0x000000076b800000,0x000000076e600000)
  from space 512K, 18% used [0x00000007bb600000,0x00000007bb618000,0x00000007bb680000)
  to   space 512K, 0% used [0x00000007bb680000,0x00000007bb680000,0x00000007bb700000)
 ParOldGen       total 173568K, used 25846K [0x00000006c2800000, 0x00000006cd180000, 0x000000076b800000)
  object space 173568K, 14% used [0x00000006c2800000,0x00000006c413d8f0,0x00000006cd180000)
 Metaspace       used 8404K, capacity 8774K, committed 8960K, reserved 1056768K
  class space    used 662K, capacity 690K, committed 768K, reserved 1048576K
}
Event: 37.755 GC heap before
{Heap before GC invocations=362 (full 0):
 PSYoungGen      total 47616K, used 47200K [0x000000076b800000, 0x00000007bb700000, 0x00000007c0000000)
  eden space 47104K, 100% used [0x000000076b800000,0x000000076e600000,0x000000076e600000)
  from space 512K, 18% used [0x00000007bb600000,0x00000007bb618000,0x00000007bb680000)
  to   space 512K, 0% used [0x00000007bb680000,0x00000007bb680000,0x00000007bb700000)
 ParOldGen       total 173568K, used 25846K [0x00000006c2800000, 0x00000006cd180000, 0x000000076b800000)
  object space 173568K, 14% used [0x00000006c2800000,0x00000006c413d8f0,0x00000006cd180000)
 Metaspace       used 8404K, capacity 8774K, committed 8960K, reserved 1056768K
  class space    used 662K, capacity 690K, committed 768K, reserved 1048576K
Event: 37.756 GC heap after
Heap after GC invocations=362 (full 0):
 PSYoungGen      total 47104K, used 128K [0x000000076b800000, 0x00000007bb700000, 0x00000007c0000000)
  eden space 46592K, 0% used [0x000000076b800000,0x000000076b800000,0x000000076e580000)
  from space 512K, 25% used [0x00000007bb680000,0x00000007bb6a0000,0x00000007bb700000)
  to   space 512K, 0% used [0x00000007bb600000,0x00000007bb600000,0x00000007bb680000)
 ParOldGen       total 173568K, used 25846K [0x00000006c2800000, 0x00000006cd180000, 0x000000076b800000)
  object space 173568K, 14% used [0x00000006c2800000,0x00000006c413d8f0,0x00000006cd180000)
 Metaspace       used 8404K, capacity 8774K, committed 8960K, reserved 1056768K
  class space    used 662K, capacity 690K, committed 768K, reserved 1048576K
}
Event: 37.791 GC heap before
{Heap before GC invocations=363 (full 0):
 PSYoungGen      total 47104K, used 46720K [0x000000076b800000, 0x00000007bb700000, 0x00000007c0000000)
  eden space 46592K, 100% used [0x000000076b800000,0x000000076e580000,0x000000076e580000)
  from space 512K, 25% used [0x00000007bb680000,0x00000007bb6a0000,0x00000007bb700000)
  to   space 512K, 0% used [0x00000007bb600000,0x00000007bb600000,0x00000007bb680000)
 ParOldGen       total 173568K, used 25846K [0x00000006c2800000, 0x00000006cd180000, 0x000000076b800000)
  object space 173568K, 14% used [0x00000006c2800000,0x00000006c413d8f0,0x00000006cd180000)
 Metaspace       used 8404K, capacity 8774K, committed 8960K, reserved 1056768K
  class space    used 662K, capacity 690K, committed 768K, reserved 1048576K
Event: 37.792 GC heap after
Heap after GC invocations=363 (full 0):
 PSYoungGen      total 46592K, used 128K [0x000000076b800000, 0x00000007bb700000, 0x00000007c0000000)
  eden space 46080K, 0% used [0x000000076b800000,0x000000076b800000,0x000000076e500000)
  from space 512K, 25% used [0x00000007bb600000,0x00000007bb620000,0x00000007bb680000)
  to   space 512K, 0% used [0x00000007bb680000,0x00000007bb680000,0x00000007bb700000)
 ParOldGen       total 173568K, used 25846K [0x00000006c2800000, 0x00000006cd180000, 0x000000076b800000)
  object space 173568K, 14% used [0x00000006c2800000,0x00000006c413d8f0,0x00000006cd180000)
 Metaspace       used 8404K, capacity 8774K, committed 8960K, reserved 1056768K
  class space    used 662K, capacity 690K, committed 768K, reserved 1048576K
}

