# JRE version: Java(TM) SE Runtime Environment (8.0_65-b17) (build 1.8.0_65-b17)
# Java VM: Java HotSpot(TM) 64-Bit Server VM (25.65-b01 mixed mode windows-amd64 compressed oops)
Heap:
 PSYoungGen      total 185856K, used 9267K [0x000000076b800000, 0x000000077b180000, 0x00000007c0000000)
  eden space 183808K, 4% used [0x000000076b800000,0x000000076c0f4ff8,0x0000000776b80000)
  from space 2048K, 4% used [0x000000077ad80000,0x000000077ad98000,0x000000077af80000)
  to   space 2048K, 0% used [0x000000077af80000,0x000000077af80000,0x000000077b180000)
 ParOldGen       total 173568K, used 1392K [0x00000006c2800000, 0x00000006cd180000, 0x000000076b800000)
  object space 173568K, 0% used [0x00000006c2800000,0x00000006c295c070,0x00000006cd180000)
 Metaspace       used 8176K, capacity 8646K, committed 8960K, reserved 1056768K
  class space    used 654K, capacity 690K, committed 768K, reserved 1048576K
GC Heap History (10 events):
Event: 1.587 GC heap before
{Heap before GC invocations=13 (full 0):
 PSYoungGen      total 221696K, used 221344K [0x000000076b800000, 0x000000077b480000, 0x00000007c0000000)
  eden space 221184K, 100% used [0x000000076b800000,0x0000000779000000,0x0000000779000000)
  from space 512K, 31% used [0x000000077b400000,0x000000077b428000,0x000000077b480000)
  to   space 2048K, 0% used [0x000000077b080000,0x000000077b080000,0x000000077b280000)
 ParOldGen       total 173568K, used 1360K [0x00000006c2800000, 0x00000006cd180000, 0x000000076b800000)
  object space 173568K, 0% used [0x00000006c2800000,0x00000006c2954070,0x00000006cd180000)
 Metaspace       used 8156K, capacity 8646K, committed 8960K, reserved 1056768K
  class space    used 654K, capacity 690K, committed 768K, reserved 1048576K
Event: 1.588 GC heap after
Heap after GC invocations=13 (full 0):
 PSYoungGen      total 215040K, used 192K [0x000000076b800000, 0x000000077b480000, 0x00000007c0000000)
  eden space 212992K, 0% used [0x000000076b800000,0x000000076b800000,0x0000000778800000)
  from space 2048K, 9% used [0x000000077b080000,0x000000077b0b0000,0x000000077b280000)
  to   space 2048K, 0% used [0x000000077b280000,0x000000077b280000,0x000000077b480000)
 ParOldGen       total 173568K, used 1360K [0x00000006c2800000, 0x00000006cd180000, 0x000000076b800000)
  object space 173568K, 0% used [0x00000006c2800000,0x00000006c2954070,0x00000006cd180000)
 Metaspace       used 8156K, capacity 8646K, committed 8960K, reserved 1056768K
  class space    used 654K, capacity 690K, committed 768K, reserved 1048576K
}
Event: 1.750 GC heap before
{Heap before GC invocations=14 (full 0):
 PSYoungGen      total 215040K, used 213184K [0x000000076b800000, 0x000000077b480000, 0x00000007c0000000)
  eden space 212992K, 100% used [0x000000076b800000,0x0000000778800000,0x0000000778800000)
  from space 2048K, 9% used [0x000000077b080000,0x000000077b0b0000,0x000000077b280000)
  to   space 2048K, 0% used [0x000000077b280000,0x000000077b280000,0x000000077b480000)
 ParOldGen       total 173568K, used 1360K [0x00000006c2800000, 0x00000006cd180000, 0x000000076b800000)
  object space 173568K, 0% used [0x00000006c2800000,0x00000006c2954070,0x00000006cd180000)
 Metaspace       used 8159K, capacity 8646K, committed 8960K, reserved 1056768K
  class space    used 654K, capacity 690K, committed 768K, reserved 1048576K
Event: 1.750 GC heap after
Heap after GC invocations=14 (full 0):
 PSYoungGen      total 205824K, used 160K [0x000000076b800000, 0x000000077b300000, 0x00000007c0000000)
  eden space 205312K, 0% used [0x000000076b800000,0x000000076b800000,0x0000000778080000)
  from space 512K, 31% used [0x000000077b280000,0x000000077b2a8000,0x000000077b300000)
  to   space 2048K, 0% used [0x000000077af00000,0x000000077af00000,0x000000077b100000)
 ParOldGen       total 173568K, used 1360K [0x00000006c2800000, 0x00000006cd180000, 0x000000076b800000)
  object space 173568K, 0% used [0x00000006c2800000,0x00000006c2954070,0x00000006cd180000)
 Metaspace       used 8159K, capacity 8646K, committed 8960K, reserved 1056768K
  class space    used 654K, capacity 690K, committed 768K, reserved 1048576K
}
Event: 1.899 GC heap before
{Heap before GC invocations=15 (full 0):
 PSYoungGen      total 205824K, used 205472K [0x000000076b800000, 0x000000077b300000, 0x00000007c0000000)
  eden space 205312K, 100% used [0x000000076b800000,0x0000000778080000,0x0000000778080000)
  from space 512K, 31% used [0x000000077b280000,0x000000077b2a8000,0x000000077b300000)
  to   space 2048K, 0% used [0x000000077af00000,0x000000077af00000,0x000000077b100000)
 ParOldGen       total 173568K, used 1360K [0x00000006c2800000, 0x00000006cd180000, 0x000000076b800000)
  object space 173568K, 0% used [0x00000006c2800000,0x00000006c2954070,0x00000006cd180000)
 Metaspace       used 8175K, capacity 8646K, committed 8960K, reserved 1056768K
  class space    used 654K, capacity 690K, committed 768K, reserved 1048576K
Event: 1.899 GC heap after
Heap after GC invocations=15 (full 0):
 PSYoungGen      total 199680K, used 192K [0x000000076b800000, 0x000000077b300000, 0x00000007c0000000)
  eden space 197632K, 0% used [0x000000076b800000,0x000000076b800000,0x0000000777900000)
  from space 2048K, 9% used [0x000000077af00000,0x000000077af30000,0x000000077b100000)
  to   space 2048K, 0% used [0x000000077b100000,0x000000077b100000,0x000000077b300000)
 ParOldGen       total 173568K, used 1360K [0x00000006c2800000, 0x00000006cd180000, 0x000000076b800000)
  object space 173568K, 0% used [0x00000006c2800000,0x00000006c2954070,0x00000006cd180000)
 Metaspace       used 8175K, capacity 8646K, committed 8960K, reserved 1056768K
  class space    used 654K, capacity 690K, committed 768K, reserved 1048576K
}
Event: 2.054 GC heap before
{Heap before GC invocations=16 (full 0):
 PSYoungGen      total 199680K, used 197824K [0x000000076b800000, 0x000000077b300000, 0x00000007c0000000)
  eden space 197632K, 100% used [0x000000076b800000,0x0000000777900000,0x0000000777900000)
  from space 2048K, 9% used [0x000000077af00000,0x000000077af30000,0x000000077b100000)
  to   space 2048K, 0% used [0x000000077b100000,0x000000077b100000,0x000000077b300000)
 ParOldGen       total 173568K, used 1360K [0x00000006c2800000, 0x00000006cd180000, 0x000000076b800000)
  object space 173568K, 0% used [0x00000006c2800000,0x00000006c2954070,0x00000006cd180000)
 Metaspace       used 8175K, capacity 8646K, committed 8960K, reserved 1056768K
  class space    used 654K, capacity 690K, committed 768K, reserved 1048576K
Event: 2.055 GC heap after
Heap after GC invocations=16 (full 0):
 PSYoungGen      total 190976K, used 128K [0x000000076b800000, 0x000000077b180000, 0x00000007c0000000)
  eden space 190464K, 0% used [0x000000076b800000,0x000000076b800000,0x0000000777200000)
  from space 512K, 25% used [0x000000077b100000,0x000000077b120000,0x000000077b180000)
  to   space 2048K, 0% used [0x000000077ad80000,0x000000077ad80000,0x000000077af80000)
 ParOldGen       total 173568K, used 1392K [0x00000006c2800000, 0x00000006cd180000, 0x000000076b800000)
  object space 173568K, 0% used [0x00000006c2800000,0x00000006c295c070,0x00000006cd180000)
 Metaspace       used 8175K, capacity 8646K, committed 8960K, reserved 1056768K
  class space    used 654K, capacity 690K, committed 768K, reserved 1048576K
}
Event: 2.193 GC heap before
{Heap before GC invocations=17 (full 0):
 PSYoungGen      total 190976K, used 190592K [0x000000076b800000, 0x000000077b180000, 0x00000007c0000000)
  eden space 190464K, 100% used [0x000000076b800000,0x0000000777200000,0x0000000777200000)
  from space 512K, 25% used [0x000000077b100000,0x000000077b120000,0x000000077b180000)
  to   space 2048K, 0% used [0x000000077ad80000,0x000000077ad80000,0x000000077af80000)
 ParOldGen       total 173568K, used 1392K [0x00000006c2800000, 0x00000006cd180000, 0x000000076b800000)
  object space 173568K, 0% used [0x00000006c2800000,0x00000006c295c070,0x00000006cd180000)
 Metaspace       used 8176K, capacity 8646K, committed 8960K, reserved 1056768K
  class space    used 654K, capacity 690K, committed 768K, reserved 1048576K
Event: 2.193 GC heap after
Heap after GC invocations=17 (full 0):
 PSYoungGen      total 185856K, used 96K [0x000000076b800000, 0x000000077b180000, 0x00000007c0000000)
  eden space 183808K, 0% used [0x000000076b800000,0x000000076b800000,0x0000000776b80000)
  from space 2048K, 4% used [0x000000077ad80000,0x000000077ad98000,0x000000077af80000)
  to   space 2048K, 0% used [0x000000077af80000,0x000000077af80000,0x000000077b180000)
 ParOldGen       total 173568K, used 1392K [0x00000006c2800000, 0x00000006cd180000, 0x000000076b800000)
  object space 173568K, 0% used [0x00000006c2800000,0x00000006c295c070,0x00000006cd180000)
 Metaspace       used 8176K, capacity 8646K, committed 8960K, reserved 1056768K
  class space    used 654K, capacity 690K, committed 768K, reserved 1048576K
}

