# JRE version: Java(TM) SE Runtime Environment (8.0_65-b17) (build 1.8.0_65-b17)
# Java VM: Java HotSpot(TM) 64-Bit Server VM (25.65-b01 mixed mode windows-amd64 compressed oops)
Heap:
 PSYoungGen      total 53248K, used 35854K [0x000000076b800000, 0x000000077aa80000, 0x00000007c0000000)
  eden space 52736K, 67% used [0x000000076b800000,0x000000076daf3850,0x000000076eb80000)
  from space 512K, 12% used [0x000000077aa00000,0x000000077aa10000,0x000000077aa80000)
  to   space 512K, 0% used [0x000000077a980000,0x000000077a980000,0x000000077aa00000)
 ParOldGen       total 173568K, used 1715K [0x00000006c2800000, 0x00000006cd180000, 0x000000076b800000)
  object space 173568K, 0% used [0x00000006c2800000,0x00000006c29acd88,0x00000006cd180000)
 Metaspace       used 8088K, capacity 8646K, committed 8960K, reserved 1056768K
  class space    used 646K, capacity 690K, committed 768K, reserved 1048576K
GC Heap History (10 events):
Event: 8.165 GC heap before
{Heap before GC invocations=88 (full 0):
 PSYoungGen      total 38912K, used 38624K [0x000000076b800000, 0x000000077aa80000, 0x00000007c0000000)
  eden space 38400K, 100% used [0x000000076b800000,0x000000076dd80000,0x000000076dd80000)
  from space 512K, 43% used [0x000000077a980000,0x000000077a9b8000,0x000000077aa00000)
  to   space 512K, 0% used [0x000000077aa00000,0x000000077aa00000,0x000000077aa80000)
 ParOldGen       total 173568K, used 1691K [0x00000006c2800000, 0x00000006cd180000, 0x000000076b800000)
  object space 173568K, 0% used [0x00000006c2800000,0x00000006c29a6d88,0x00000006cd180000)
 Metaspace       used 8087K, capacity 8646K, committed 8960K, reserved 1056768K
  class space    used 646K, capacity 690K, committed 768K, reserved 1048576K
Event: 8.166 GC heap after
Heap after GC invocations=88 (full 0):
 PSYoungGen      total 38400K, used 128K [0x000000076b800000, 0x000000077aa80000, 0x00000007c0000000)
  eden space 37888K, 0% used [0x000000076b800000,0x000000076b800000,0x000000076dd00000)
  from space 512K, 25% used [0x000000077aa00000,0x000000077aa20000,0x000000077aa80000)
  to   space 512K, 0% used [0x000000077a980000,0x000000077a980000,0x000000077aa00000)
 ParOldGen       total 173568K, used 1691K [0x00000006c2800000, 0x00000006cd180000, 0x000000076b800000)
  object space 173568K, 0% used [0x00000006c2800000,0x00000006c29a6d88,0x00000006cd180000)
 Metaspace       used 8087K, capacity 8646K, committed 8960K, reserved 1056768K
  class space    used 646K, capacity 690K, committed 768K, reserved 1048576K
}
Event: 8.209 GC heap before
{Heap before GC invocations=89 (full 0):
 PSYoungGen      total 38400K, used 38016K [0x000000076b800000, 0x000000077aa80000, 0x00000007c0000000)
  eden space 37888K, 100% used [0x000000076b800000,0x000000076dd00000,0x000000076dd00000)
  from space 512K, 25% used [0x000000077aa00000,0x000000077aa20000,0x000000077aa80000)
  to   space 512K, 0% used [0x000000077a980000,0x000000077a980000,0x000000077aa00000)
 ParOldGen       total 173568K, used 1691K [0x00000006c2800000, 0x00000006cd180000, 0x000000076b800000)
  object space 173568K, 0% used [0x00000006c2800000,0x00000006c29a6d88,0x00000006cd180000)
 Metaspace       used 8087K, capacity 8646K, committed 8960K, reserved 1056768K
  class space    used 646K, capacity 690K, committed 768K, reserved 1048576K
Event: 8.209 GC heap after
Heap after GC invocations=89 (full 0):
 PSYoungGen      total 46080K, used 128K [0x000000076b800000, 0x000000077aa80000, 0x00000007c0000000)
  eden space 45568K, 0% used [0x000000076b800000,0x000000076b800000,0x000000076e480000)
  from space 512K, 25% used [0x000000077a980000,0x000000077a9a0000,0x000000077aa00000)
  to   space 512K, 0% used [0x000000077aa00000,0x000000077aa00000,0x000000077aa80000)
 ParOldGen       total 173568K, used 1691K [0x00000006c2800000, 0x00000006cd180000, 0x000000076b800000)
  object space 173568K, 0% used [0x00000006c2800000,0x00000006c29a6d88,0x00000006cd180000)
 Metaspace       used 8087K, capacity 8646K, committed 8960K, reserved 1056768K
  class space    used 646K, capacity 690K, committed 768K, reserved 1048576K
}
Event: 8.247 GC heap before
{Heap before GC invocations=90 (full 0):
 PSYoungGen      total 46080K, used 45696K [0x000000076b800000, 0x000000077aa80000, 0x00000007c0000000)
  eden space 45568K, 100% used [0x000000076b800000,0x000000076e480000,0x000000076e480000)
  from space 512K, 25% used [0x000000077a980000,0x000000077a9a0000,0x000000077aa00000)
  to   space 512K, 0% used [0x000000077aa00000,0x000000077aa00000,0x000000077aa80000)
 ParOldGen       total 173568K, used 1691K [0x00000006c2800000, 0x00000006cd180000, 0x000000076b800000)
  object space 173568K, 0% used [0x00000006c2800000,0x00000006c29a6d88,0x00000006cd180000)
 Metaspace       used 8087K, capacity 8646K, committed 8960K, reserved 1056768K
  class space    used 646K, capacity 690K, committed 768K, reserved 1048576K
Event: 8.247 GC heap after
Heap after GC invocations=90 (full 0):
 PSYoungGen      total 55296K, used 192K [0x000000076b800000, 0x000000077aa80000, 0x00000007c0000000)
  eden space 54784K, 0% used [0x000000076b800000,0x000000076b800000,0x000000076ed80000)
  from space 512K, 37% used [0x000000077aa00000,0x000000077aa30000,0x000000077aa80000)
  to   space 512K, 0% used [0x000000077a980000,0x000000077a980000,0x000000077aa00000)
 ParOldGen       total 173568K, used 1691K [0x00000006c2800000, 0x00000006cd180000, 0x000000076b800000)
  object space 173568K, 0% used [0x00000006c2800000,0x00000006c29a6d88,0x00000006cd180000)
 Metaspace       used 8087K, capacity 8646K, committed 8960K, reserved 1056768K
  class space    used 646K, capacity 690K, committed 768K, reserved 1048576K
}
Event: 8.310 GC heap before
{Heap before GC invocations=91 (full 0):
 PSYoungGen      total 55296K, used 54976K [0x000000076b800000, 0x000000077aa80000, 0x00000007c0000000)
  eden space 54784K, 100% used [0x000000076b800000,0x000000076ed80000,0x000000076ed80000)
  from space 512K, 37% used [0x000000077aa00000,0x000000077aa30000,0x000000077aa80000)
  to   space 512K, 0% used [0x000000077a980000,0x000000077a980000,0x000000077aa00000)
 ParOldGen       total 173568K, used 1691K [0x00000006c2800000, 0x00000006cd180000, 0x000000076b800000)
  object space 173568K, 0% used [0x00000006c2800000,0x00000006c29a6d88,0x00000006cd180000)
 Metaspace       used 8087K, capacity 8646K, committed 8960K, reserved 1056768K
  class space    used 646K, capacity 690K, committed 768K, reserved 1048576K
Event: 8.311 GC heap after
Heap after GC invocations=91 (full 0):
 PSYoungGen      total 54272K, used 96K [0x000000076b800000, 0x000000077aa80000, 0x00000007c0000000)
  eden space 53760K, 0% used [0x000000076b800000,0x000000076b800000,0x000000076ec80000)
  from space 512K, 18% used [0x000000077a980000,0x000000077a998000,0x000000077aa00000)
  to   space 512K, 0% used [0x000000077aa00000,0x000000077aa00000,0x000000077aa80000)
 ParOldGen       total 173568K, used 1691K [0x00000006c2800000, 0x00000006cd180000, 0x000000076b800000)
  object space 173568K, 0% used [0x00000006c2800000,0x00000006c29a6d88,0x00000006cd180000)
 Metaspace       used 8087K, capacity 8646K, committed 8960K, reserved 1056768K
  class space    used 646K, capacity 690K, committed 768K, reserved 1048576K
}
Event: 8.379 GC heap before
{Heap before GC invocations=92 (full 0):
 PSYoungGen      total 54272K, used 53856K [0x000000076b800000, 0x000000077aa80000, 0x00000007c0000000)
  eden space 53760K, 100% used [0x000000076b800000,0x000000076ec80000,0x000000076ec80000)
  from space 512K, 18% used [0x000000077a980000,0x000000077a998000,0x000000077aa00000)
  to   space 512K, 0% used [0x000000077aa00000,0x000000077aa00000,0x000000077aa80000)
 ParOldGen       total 173568K, used 1691K [0x00000006c2800000, 0x00000006cd180000, 0x000000076b800000)
  object space 173568K, 0% used [0x00000006c2800000,0x00000006c29a6d88,0x00000006cd180000)
 Metaspace       used 8087K, capacity 8646K, committed 8960K, reserved 1056768K
  class space    used 646K, capacity 690K, committed 768K, reserved 1048576K
Event: 8.379 GC heap after
Heap after GC invocations=92 (full 0):
 PSYoungGen      total 53248K, used 64K [0x000000076b800000, 0x000000077aa80000, 0x00000007c0000000)
  eden space 52736K, 0% used [0x000000076b800000,0x000000076b800000,0x000000076eb80000)
  from space 512K, 12% used [0x000000077aa00000,0x000000077aa10000,0x000000077aa80000)
  to   space 512K, 0% used [0x000000077a980000,0x000000077a980000,0x000000077aa00000)
 ParOldGen       total 173568K, used 1715K [0x00000006c2800000, 0x00000006cd180000, 0x000000076b800000)
  object space 173568K, 0% used [0x00000006c2800000,0x00000006c29acd88,0x00000006cd180000)
 Metaspace       used 8087K, capacity 8646K, committed 8960K, reserved 1056768K
  class space    used 646K, capacity 690K, committed 768K, reserved 1048576K
}

