# JRE version: Java(TM) SE Runtime Environment (8.0_65-b17) (build 1.8.0_65-b17)
# Java VM: Java HotSpot(TM) 64-Bit Server VM (25.65-b01 mixed mode windows-amd64 compressed oops)
Heap:
 PSYoungGen      total 477184K, used 334221K [0x000000076b800000, 0x000000079e680000, 0x00000007c0000000)
  eden space 474624K, 70% used [0x000000076b800000,0x000000077fe4b458,0x0000000788780000)
  from space 2560K, 3% used [0x000000079e180000,0x000000079e198000,0x000000079e400000)
  to   space 2560K, 0% used [0x000000079e400000,0x000000079e400000,0x000000079e680000)
 ParOldGen       total 173568K, used 1505K [0x00000006c2800000, 0x00000006cd180000, 0x000000076b800000)
  object space 173568K, 0% used [0x00000006c2800000,0x00000006c2978680,0x00000006cd180000)
 Metaspace       used 7958K, capacity 8486K, committed 8704K, reserved 1056768K
  class space    used 642K, capacity 658K, committed 768K, reserved 1048576K
GC Heap History (10 events):
Event: 0.880 GC heap before
{Heap before GC invocations=7 (full 0):
 PSYoungGen      total 261120K, used 261119K [0x000000076b800000, 0x000000077ba00000, 0x00000007c0000000)
  eden space 259584K, 100% used [0x000000076b800000,0x000000077b580000,0x000000077b580000)
  from space 1536K, 99% used [0x000000077b780000,0x000000077b8fffb8,0x000000077b900000)
  to   space 2048K, 0% used [0x000000077b580000,0x000000077b580000,0x000000077b780000)
 ParOldGen       total 173568K, used 313K [0x00000006c2800000, 0x00000006cd180000, 0x000000076b800000)
  object space 173568K, 0% used [0x00000006c2800000,0x00000006c284e610,0x00000006cd180000)
 Metaspace       used 7951K, capacity 8486K, committed 8704K, reserved 1056768K
  class space    used 642K, capacity 658K, committed 768K, reserved 1048576K
Event: 0.882 GC heap after
Heap after GC invocations=7 (full 0):
 PSYoungGen      total 261632K, used 1673K [0x000000076b800000, 0x000000078b800000, 0x00000007c0000000)
  eden space 259584K, 0% used [0x000000076b800000,0x000000076b800000,0x000000077b580000)
  from space 2048K, 81% used [0x000000077b580000,0x000000077b722560,0x000000077b780000)
  to   space 2560K, 0% used [0x000000078b580000,0x000000078b580000,0x000000078b800000)
 ParOldGen       total 173568K, used 957K [0x00000006c2800000, 0x00000006cd180000, 0x000000076b800000)
  object space 173568K, 0% used [0x00000006c2800000,0x00000006c28ef670,0x00000006cd180000)
 Metaspace       used 7951K, capacity 8486K, committed 8704K, reserved 1056768K
  class space    used 642K, capacity 658K, committed 768K, reserved 1048576K
}
Event: 1.072 GC heap before
{Heap before GC invocations=8 (full 0):
 PSYoungGen      total 261632K, used 261257K [0x000000076b800000, 0x000000078b800000, 0x00000007c0000000)
  eden space 259584K, 100% used [0x000000076b800000,0x000000077b580000,0x000000077b580000)
  from space 2048K, 81% used [0x000000077b580000,0x000000077b722560,0x000000077b780000)
  to   space 2560K, 0% used [0x000000078b580000,0x000000078b580000,0x000000078b800000)
 ParOldGen       total 173568K, used 957K [0x00000006c2800000, 0x00000006cd180000, 0x000000076b800000)
  object space 173568K, 0% used [0x00000006c2800000,0x00000006c28ef670,0x00000006cd180000)
 Metaspace       used 7955K, capacity 8486K, committed 8704K, reserved 1056768K
  class space    used 642K, capacity 658K, committed 768K, reserved 1048576K
Event: 1.073 GC heap after
Heap after GC invocations=8 (full 0):
 PSYoungGen      total 521728K, used 608K [0x000000076b800000, 0x000000078b800000, 0x00000007c0000000)
  eden space 519168K, 0% used [0x000000076b800000,0x000000076b800000,0x000000078b300000)
  from space 2560K, 23% used [0x000000078b580000,0x000000078b618000,0x000000078b800000)
  to   space 2560K, 0% used [0x000000078b300000,0x000000078b300000,0x000000078b580000)
 ParOldGen       total 173568K, used 965K [0x00000006c2800000, 0x00000006cd180000, 0x000000076b800000)
  object space 173568K, 0% used [0x00000006c2800000,0x00000006c28f1670,0x00000006cd180000)
 Metaspace       used 7955K, capacity 8486K, committed 8704K, reserved 1056768K
  class space    used 642K, capacity 658K, committed 768K, reserved 1048576K
}
Event: 1.459 GC heap before
{Heap before GC invocations=9 (full 0):
 PSYoungGen      total 521728K, used 519776K [0x000000076b800000, 0x000000078b800000, 0x00000007c0000000)
  eden space 519168K, 100% used [0x000000076b800000,0x000000078b300000,0x000000078b300000)
  from space 2560K, 23% used [0x000000078b580000,0x000000078b618000,0x000000078b800000)
  to   space 2560K, 0% used [0x000000078b300000,0x000000078b300000,0x000000078b580000)
 ParOldGen       total 173568K, used 965K [0x00000006c2800000, 0x00000006cd180000, 0x000000076b800000)
  object space 173568K, 0% used [0x00000006c2800000,0x00000006c28f1670,0x00000006cd180000)
 Metaspace       used 7955K, capacity 8486K, committed 8704K, reserved 1056768K
  class space    used 642K, capacity 658K, committed 768K, reserved 1048576K
Event: 1.460 GC heap after
Heap after GC invocations=9 (full 0):
 PSYoungGen      total 521728K, used 352K [0x000000076b800000, 0x000000079e880000, 0x00000007c0000000)
  eden space 519168K, 0% used [0x000000076b800000,0x000000076b800000,0x000000078b300000)
  from space 2560K, 13% used [0x000000078b300000,0x000000078b358000,0x000000078b580000)
  to   space 2560K, 0% used [0x000000079e600000,0x000000079e600000,0x000000079e880000)
 ParOldGen       total 173568K, used 1261K [0x00000006c2800000, 0x00000006cd180000, 0x000000076b800000)
  object space 173568K, 0% used [0x00000006c2800000,0x00000006c293b670,0x00000006cd180000)
 Metaspace       used 7955K, capacity 8486K, committed 8704K, reserved 1056768K
  class space    used 642K, capacity 658K, committed 768K, reserved 1048576K
}
Event: 1.854 GC heap before
{Heap before GC invocations=10 (full 0):
 PSYoungGen      total 521728K, used 519520K [0x000000076b800000, 0x000000079e880000, 0x00000007c0000000)
  eden space 519168K, 100% used [0x000000076b800000,0x000000078b300000,0x000000078b300000)
  from space 2560K, 13% used [0x000000078b300000,0x000000078b358000,0x000000078b580000)
  to   space 2560K, 0% used [0x000000079e600000,0x000000079e600000,0x000000079e880000)
 ParOldGen       total 173568K, used 1261K [0x00000006c2800000, 0x00000006cd180000, 0x000000076b800000)
  object space 173568K, 0% used [0x00000006c2800000,0x00000006c293b670,0x00000006cd180000)
 Metaspace       used 7956K, capacity 8486K, committed 8704K, reserved 1056768K
  class space    used 642K, capacity 658K, committed 768K, reserved 1048576K
Event: 1.855 GC heap after
Heap after GC invocations=10 (full 0):
 PSYoungGen      total 496640K, used 96K [0x000000076b800000, 0x000000079e680000, 0x00000007c0000000)
  eden space 496128K, 0% used [0x000000076b800000,0x000000076b800000,0x0000000789c80000)
  from space 512K, 18% used [0x000000079e600000,0x000000079e618000,0x000000079e680000)
  to   space 2560K, 0% used [0x000000079e180000,0x000000079e180000,0x000000079e400000)
 ParOldGen       total 173568K, used 1505K [0x00000006c2800000, 0x00000006cd180000, 0x000000076b800000)
  object space 173568K, 0% used [0x00000006c2800000,0x00000006c2978680,0x00000006cd180000)
 Metaspace       used 7956K, capacity 8486K, committed 8704K, reserved 1056768K
  class space    used 642K, capacity 658K, committed 768K, reserved 1048576K
}
Event: 2.209 GC heap before
{Heap before GC invocations=11 (full 0):
 PSYoungGen      total 496640K, used 496224K [0x000000076b800000, 0x000000079e680000, 0x00000007c0000000)
  eden space 496128K, 100% used [0x000000076b800000,0x0000000789c80000,0x0000000789c80000)
  from space 512K, 18% used [0x000000079e600000,0x000000079e618000,0x000000079e680000)
  to   space 2560K, 0% used [0x000000079e180000,0x000000079e180000,0x000000079e400000)
 ParOldGen       total 173568K, used 1505K [0x00000006c2800000, 0x00000006cd180000, 0x000000076b800000)
  object space 173568K, 0% used [0x00000006c2800000,0x00000006c2978680,0x00000006cd180000)
 Metaspace       used 7957K, capacity 8486K, committed 8704K, reserved 1056768K
  class space    used 642K, capacity 658K, committed 768K, reserved 1048576K
Event: 2.209 GC heap after
Heap after GC invocations=11 (full 0):
 PSYoungGen      total 477184K, used 96K [0x000000076b800000, 0x000000079e680000, 0x00000007c0000000)
  eden space 474624K, 0% used [0x000000076b800000,0x000000076b800000,0x0000000788780000)
  from space 2560K, 3% used [0x000000079e180000,0x000000079e198000,0x000000079e400000)
  to   space 2560K, 0% used [0x000000079e400000,0x000000079e400000,0x000000079e680000)
 ParOldGen       total 173568K, used 1505K [0x00000006c2800000, 0x00000006cd180000, 0x000000076b800000)
  object space 173568K, 0% used [0x00000006c2800000,0x00000006c2978680,0x00000006cd180000)
 Metaspace       used 7957K, capacity 8486K, committed 8704K, reserved 1056768K
  class space    used 642K, capacity 658K, committed 768K, reserved 1048576K
}

