# JRE version: Java(TM) SE Runtime Environment (8.0_65-b17) (build 1.8.0_65-b17)
# Java VM: Java HotSpot(TM) 64-Bit Server VM (25.65-b01 mixed mode windows-amd64 compressed oops)
Heap:
 PSYoungGen      total 52224K, used 29899K [0x000000076b800000, 0x0000000784400000, 0x00000007c0000000)
  eden space 51712K, 57% used [0x000000076b800000,0x000000076d522e30,0x000000076ea80000)
  from space 512K, 12% used [0x0000000784380000,0x0000000784390000,0x0000000784400000)
  to   space 512K, 0% used [0x0000000784300000,0x0000000784300000,0x0000000784380000)
 ParOldGen       total 173568K, used 1448K [0x00000006c2800000, 0x00000006cd180000, 0x000000076b800000)
  object space 173568K, 0% used [0x00000006c2800000,0x00000006c296a050,0x00000006cd180000)
 Metaspace       used 8076K, capacity 8614K, committed 8960K, reserved 1056768K
  class space    used 644K, capacity 658K, committed 768K, reserved 1048576K
GC Heap History (10 events):
Event: 43.725 GC heap before
{Heap before GC invocations=760 (full 0):
 PSYoungGen      total 45568K, used 45152K [0x000000076b800000, 0x0000000784400000, 0x00000007c0000000)
  eden space 45056K, 100% used [0x000000076b800000,0x000000076e400000,0x000000076e400000)
  from space 512K, 18% used [0x0000000784300000,0x0000000784318000,0x0000000784380000)
  to   space 512K, 0% used [0x0000000784380000,0x0000000784380000,0x0000000784400000)
 ParOldGen       total 173568K, used 1440K [0x00000006c2800000, 0x00000006cd180000, 0x000000076b800000)
  object space 173568K, 0% used [0x00000006c2800000,0x00000006c2968050,0x00000006cd180000)
 Metaspace       used 8076K, capacity 8614K, committed 8960K, reserved 1056768K
  class space    used 644K, capacity 658K, committed 768K, reserved 1048576K
Event: 43.725 GC heap after
Heap after GC invocations=760 (full 0):
 PSYoungGen      total 45056K, used 128K [0x000000076b800000, 0x0000000784400000, 0x00000007c0000000)
  eden space 44544K, 0% used [0x000000076b800000,0x000000076b800000,0x000000076e380000)
  from space 512K, 25% used [0x0000000784380000,0x00000007843a0000,0x0000000784400000)
  to   space 512K, 0% used [0x0000000784300000,0x0000000784300000,0x0000000784380000)
 ParOldGen       total 173568K, used 1440K [0x00000006c2800000, 0x00000006cd180000, 0x000000076b800000)
  object space 173568K, 0% used [0x00000006c2800000,0x00000006c2968050,0x00000006cd180000)
 Metaspace       used 8076K, capacity 8614K, committed 8960K, reserved 1056768K
  class space    used 644K, capacity 658K, committed 768K, reserved 1048576K
}
Event: 43.778 GC heap before
{Heap before GC invocations=761 (full 0):
 PSYoungGen      total 45056K, used 44672K [0x000000076b800000, 0x0000000784400000, 0x00000007c0000000)
  eden space 44544K, 100% used [0x000000076b800000,0x000000076e380000,0x000000076e380000)
  from space 512K, 25% used [0x0000000784380000,0x00000007843a0000,0x0000000784400000)
  to   space 512K, 0% used [0x0000000784300000,0x0000000784300000,0x0000000784380000)
 ParOldGen       total 173568K, used 1440K [0x00000006c2800000, 0x00000006cd180000, 0x000000076b800000)
  object space 173568K, 0% used [0x00000006c2800000,0x00000006c2968050,0x00000006cd180000)
 Metaspace       used 8076K, capacity 8614K, committed 8960K, reserved 1056768K
  class space    used 644K, capacity 658K, committed 768K, reserved 1048576K
Event: 43.779 GC heap after
Heap after GC invocations=761 (full 0):
 PSYoungGen      total 44544K, used 160K [0x000000076b800000, 0x0000000784400000, 0x00000007c0000000)
  eden space 44032K, 0% used [0x000000076b800000,0x000000076b800000,0x000000076e300000)
  from space 512K, 31% used [0x0000000784300000,0x0000000784328000,0x0000000784380000)
  to   space 512K, 0% used [0x0000000784380000,0x0000000784380000,0x0000000784400000)
 ParOldGen       total 173568K, used 1440K [0x00000006c2800000, 0x00000006cd180000, 0x000000076b800000)
  object space 173568K, 0% used [0x00000006c2800000,0x00000006c2968050,0x00000006cd180000)
 Metaspace       used 8076K, capacity 8614K, committed 8960K, reserved 1056768K
  class space    used 644K, capacity 658K, committed 768K, reserved 1048576K
}
Event: 43.832 GC heap before
{Heap before GC invocations=762 (full 0):
 PSYoungGen      total 44544K, used 44192K [0x000000076b800000, 0x0000000784400000, 0x00000007c0000000)
  eden space 44032K, 100% used [0x000000076b800000,0x000000076e300000,0x000000076e300000)
  from space 512K, 31% used [0x0000000784300000,0x0000000784328000,0x0000000784380000)
  to   space 512K, 0% used [0x0000000784380000,0x0000000784380000,0x0000000784400000)
 ParOldGen       total 173568K, used 1440K [0x00000006c2800000, 0x00000006cd180000, 0x000000076b800000)
  object space 173568K, 0% used [0x00000006c2800000,0x00000006c2968050,0x00000006cd180000)
 Metaspace       used 8076K, capacity 8614K, committed 8960K, reserved 1056768K
  class space    used 644K, capacity 658K, committed 768K, reserved 1048576K
Event: 43.833 GC heap after
Heap after GC invocations=762 (full 0):
 PSYoungGen      total 44032K, used 128K [0x000000076b800000, 0x0000000784400000, 0x00000007c0000000)
  eden space 43520K, 0% used [0x000000076b800000,0x000000076b800000,0x000000076e280000)
  from space 512K, 25% used [0x0000000784380000,0x00000007843a0000,0x0000000784400000)
  to   space 512K, 0% used [0x0000000784300000,0x0000000784300000,0x0000000784380000)
 ParOldGen       total 173568K, used 1440K [0x00000006c2800000, 0x00000006cd180000, 0x000000076b800000)
  object space 173568K, 0% used [0x00000006c2800000,0x00000006c2968050,0x00000006cd180000)
 Metaspace       used 8076K, capacity 8614K, committed 8960K, reserved 1056768K
  class space    used 644K, capacity 658K, committed 768K, reserved 1048576K
}
Event: 43.886 GC heap before
{Heap before GC invocations=763 (full 0):
 PSYoungGen      total 44032K, used 43648K [0x000000076b800000, 0x0000000784400000, 0x00000007c0000000)
  eden space 43520K, 100% used [0x000000076b800000,0x000000076e280000,0x000000076e280000)
  from space 512K, 25% used [0x0000000784380000,0x00000007843a0000,0x0000000784400000)
  to   space 512K, 0% used [0x0000000784300000,0x0000000784300000,0x0000000784380000)
 ParOldGen       total 173568K, used 1440K [0x00000006c2800000, 0x00000006cd180000, 0x000000076b800000)
  object space 173568K, 0% used [0x00000006c2800000,0x00000006c2968050,0x00000006cd180000)
 Metaspace       used 8076K, capacity 8614K, committed 8960K, reserved 1056768K
  class space    used 644K, capacity 658K, committed 768K, reserved 1048576K
Event: 43.887 GC heap after
Heap after GC invocations=763 (full 0):
 PSYoungGen      total 43520K, used 128K [0x000000076b800000, 0x0000000784400000, 0x00000007c0000000)
  eden space 43008K, 0% used [0x000000076b800000,0x000000076b800000,0x000000076e200000)
  from space 512K, 25% used [0x0000000784300000,0x0000000784320000,0x0000000784380000)
  to   space 512K, 0% used [0x0000000784380000,0x0000000784380000,0x0000000784400000)
 ParOldGen       total 173568K, used 1440K [0x00000006c2800000, 0x00000006cd180000, 0x000000076b800000)
  object space 173568K, 0% used [0x00000006c2800000,0x00000006c2968050,0x00000006cd180000)
 Metaspace       used 8076K, capacity 8614K, committed 8960K, reserved 1056768K
  class space    used 644K, capacity 658K, committed 768K, reserved 1048576K
}
Event: 43.927 GC heap before
{Heap before GC invocations=764 (full 0):
 PSYoungGen      total 43520K, used 43136K [0x000000076b800000, 0x0000000784400000, 0x00000007c0000000)
  eden space 43008K, 100% used [0x000000076b800000,0x000000076e200000,0x000000076e200000)
  from space 512K, 25% used [0x0000000784300000,0x0000000784320000,0x0000000784380000)
  to   space 512K, 0% used [0x0000000784380000,0x0000000784380000,0x0000000784400000)
 ParOldGen       total 173568K, used 1440K [0x00000006c2800000, 0x00000006cd180000, 0x000000076b800000)
  object space 173568K, 0% used [0x00000006c2800000,0x00000006c2968050,0x00000006cd180000)
 Metaspace       used 8076K, capacity 8614K, committed 8960K, reserved 1056768K
  class space    used 644K, capacity 658K, committed 768K, reserved 1048576K
Event: 43.927 GC heap after
Heap after GC invocations=764 (full 0):
 PSYoungGen      total 52224K, used 64K [0x000000076b800000, 0x0000000784400000, 0x00000007c0000000)
  eden space 51712K, 0% used [0x000000076b800000,0x000000076b800000,0x000000076ea80000)
  from space 512K, 12% used [0x0000000784380000,0x0000000784390000,0x0000000784400000)
  to   space 512K, 0% used [0x0000000784300000,0x0000000784300000,0x0000000784380000)
 ParOldGen       total 173568K, used 1448K [0x00000006c2800000, 0x00000006cd180000, 0x000000076b800000)
  object space 173568K, 0% used [0x00000006c2800000,0x00000006c296a050,0x00000006cd180000)
 Metaspace       used 8076K, capacity 8614K, committed 8960K, reserved 1056768K
  class space    used 644K, capacity 658K, committed 768K, reserved 1048576K
}

