# JRE version: Java(TM) SE Runtime Environment (8.0_65-b17) (build 1.8.0_65-b17)
# Java VM: Java HotSpot(TM) 64-Bit Server VM (25.65-b01 mixed mode windows-amd64 compressed oops)
Heap:
 PSYoungGen      total 595968K, used 30205K [0x000000076b800000, 0x00000007bb500000, 0x00000007c0000000)
  eden space 595456K, 5% used [0x000000076b800000,0x000000076d54f5d0,0x000000078fd80000)
  from space 512K, 37% used [0x00000007bb480000,0x00000007bb4b0000,0x00000007bb500000)
  to   space 6656K, 0% used [0x00000007ba800000,0x00000007ba800000,0x00000007bae80000)
 ParOldGen       total 173568K, used 13144K [0x00000006c2800000, 0x00000006cd180000, 0x000000076b800000)
  object space 173568K, 7% used [0x00000006c2800000,0x00000006c34d6260,0x00000006cd180000)
 Metaspace       used 8347K, capacity 8710K, committed 8960K, reserved 1056768K
  class space    used 660K, capacity 690K, committed 768K, reserved 1048576K
GC Heap History (10 events):
Event: 4.321 GC heap before
{Heap before GC invocations=14 (full 0):
 PSYoungGen      total 758784K, used 750784K [0x000000076b800000, 0x00000007bc880000, 0x00000007c0000000)
  eden space 750592K, 100% used [0x000000076b800000,0x0000000799500000,0x0000000799500000)
  from space 8192K, 2% used [0x00000007bb880000,0x00000007bb8b0000,0x00000007bc080000)
  to   space 7680K, 0% used [0x00000007bc100000,0x00000007bc100000,0x00000007bc880000)
 ParOldGen       total 173568K, used 13088K [0x00000006c2800000, 0x00000006cd180000, 0x000000076b800000)
  object space 173568K, 7% used [0x00000006c2800000,0x00000006c34c8260,0x00000006cd180000)
 Metaspace       used 8335K, capacity 8710K, committed 8960K, reserved 1056768K
  class space    used 660K, capacity 690K, committed 768K, reserved 1048576K
Event: 4.321 GC heap after
Heap after GC invocations=14 (full 0):
 PSYoungGen      total 716800K, used 224K [0x000000076b800000, 0x00000007bc180000, 0x00000007c0000000)
  eden space 716288K, 0% used [0x000000076b800000,0x000000076b800000,0x0000000797380000)
  from space 512K, 43% used [0x00000007bc100000,0x00000007bc138000,0x00000007bc180000)
  to   space 7680K, 0% used [0x00000007bb280000,0x00000007bb280000,0x00000007bba00000)
 ParOldGen       total 173568K, used 13096K [0x00000006c2800000, 0x00000006cd180000, 0x000000076b800000)
  object space 173568K, 7% used [0x00000006c2800000,0x00000006c34ca260,0x00000006cd180000)
 Metaspace       used 8335K, capacity 8710K, committed 8960K, reserved 1056768K
  class space    used 660K, capacity 690K, committed 768K, reserved 1048576K
}
Event: 4.848 GC heap before
{Heap before GC invocations=15 (full 0):
 PSYoungGen      total 716800K, used 716512K [0x000000076b800000, 0x00000007bc180000, 0x00000007c0000000)
  eden space 716288K, 100% used [0x000000076b800000,0x0000000797380000,0x0000000797380000)
  from space 512K, 43% used [0x00000007bc100000,0x00000007bc138000,0x00000007bc180000)
  to   space 7680K, 0% used [0x00000007bb280000,0x00000007bb280000,0x00000007bba00000)
 ParOldGen       total 173568K, used 13096K [0x00000006c2800000, 0x00000006cd180000, 0x000000076b800000)
  object space 173568K, 7% used [0x00000006c2800000,0x00000006c34ca260,0x00000006cd180000)
 Metaspace       used 8339K, capacity 8710K, committed 8960K, reserved 1056768K
  class space    used 660K, capacity 690K, committed 768K, reserved 1048576K
Event: 4.849 GC heap after
Heap after GC invocations=15 (full 0):
 PSYoungGen      total 691200K, used 192K [0x000000076b800000, 0x00000007bc180000, 0x00000007c0000000)
  eden space 683520K, 0% used [0x000000076b800000,0x000000076b800000,0x0000000795380000)
  from space 7680K, 2% used [0x00000007bb280000,0x00000007bb2b0000,0x00000007bba00000)
  to   space 7168K, 0% used [0x00000007bba80000,0x00000007bba80000,0x00000007bc180000)
 ParOldGen       total 173568K, used 13104K [0x00000006c2800000, 0x00000006cd180000, 0x000000076b800000)
  object space 173568K, 7% used [0x00000006c2800000,0x00000006c34cc260,0x00000006cd180000)
 Metaspace       used 8339K, capacity 8710K, committed 8960K, reserved 1056768K
  class space    used 660K, capacity 690K, committed 768K, reserved 1048576K
}
Event: 5.345 GC heap before
{Heap before GC invocations=16 (full 0):
 PSYoungGen      total 691200K, used 683712K [0x000000076b800000, 0x00000007bc180000, 0x00000007c0000000)
  eden space 683520K, 100% used [0x000000076b800000,0x0000000795380000,0x0000000795380000)
  from space 7680K, 2% used [0x00000007bb280000,0x00000007bb2b0000,0x00000007bba00000)
  to   space 7168K, 0% used [0x00000007bba80000,0x00000007bba80000,0x00000007bc180000)
 ParOldGen       total 173568K, used 13104K [0x00000006c2800000, 0x00000006cd180000, 0x000000076b800000)
  object space 173568K, 7% used [0x00000006c2800000,0x00000006c34cc260,0x00000006cd180000)
 Metaspace       used 8341K, capacity 8710K, committed 8960K, reserved 1056768K
  class space    used 660K, capacity 690K, committed 768K, reserved 1048576K
Event: 5.345 GC heap after
Heap after GC invocations=16 (full 0):
 PSYoungGen      total 653312K, used 224K [0x000000076b800000, 0x00000007bbb00000, 0x00000007c0000000)
  eden space 652800K, 0% used [0x000000076b800000,0x000000076b800000,0x0000000793580000)
  from space 512K, 43% used [0x00000007bba80000,0x00000007bbab8000,0x00000007bbb00000)
  to   space 7168K, 0% used [0x00000007bad00000,0x00000007bad00000,0x00000007bb400000)
 ParOldGen       total 173568K, used 13144K [0x00000006c2800000, 0x00000006cd180000, 0x000000076b800000)
  object space 173568K, 7% used [0x00000006c2800000,0x00000006c34d6260,0x00000006cd180000)
 Metaspace       used 8341K, capacity 8710K, committed 8960K, reserved 1056768K
  class space    used 660K, capacity 690K, committed 768K, reserved 1048576K
}
Event: 5.849 GC heap before
{Heap before GC invocations=17 (full 0):
 PSYoungGen      total 653312K, used 653024K [0x000000076b800000, 0x00000007bbb00000, 0x00000007c0000000)
  eden space 652800K, 100% used [0x000000076b800000,0x0000000793580000,0x0000000793580000)
  from space 512K, 43% used [0x00000007bba80000,0x00000007bbab8000,0x00000007bbb00000)
  to   space 7168K, 0% used [0x00000007bad00000,0x00000007bad00000,0x00000007bb400000)
 ParOldGen       total 173568K, used 13144K [0x00000006c2800000, 0x00000006cd180000, 0x000000076b800000)
  object space 173568K, 7% used [0x00000006c2800000,0x00000006c34d6260,0x00000006cd180000)
 Metaspace       used 8347K, capacity 8710K, committed 8960K, reserved 1056768K
  class space    used 660K, capacity 690K, committed 768K, reserved 1048576K
Event: 5.850 GC heap after
Heap after GC invocations=17 (full 0):
 PSYoungGen      total 630784K, used 160K [0x000000076b800000, 0x00000007bbb00000, 0x00000007c0000000)
  eden space 623616K, 0% used [0x000000076b800000,0x000000076b800000,0x0000000791900000)
  from space 7168K, 2% used [0x00000007bad00000,0x00000007bad28000,0x00000007bb400000)
  to   space 6656K, 0% used [0x00000007bb480000,0x00000007bb480000,0x00000007bbb00000)
 ParOldGen       total 173568K, used 13144K [0x00000006c2800000, 0x00000006cd180000, 0x000000076b800000)
  object space 173568K, 7% used [0x00000006c2800000,0x00000006c34d6260,0x00000006cd180000)
 Metaspace       used 8347K, capacity 8710K, committed 8960K, reserved 1056768K
  class space    used 660K, capacity 690K, committed 768K, reserved 1048576K
}
Event: 6.301 GC heap before
{Heap before GC invocations=18 (full 0):
 PSYoungGen      total 630784K, used 623776K [0x000000076b800000, 0x00000007bbb00000, 0x00000007c0000000)
  eden space 623616K, 100% used [0x000000076b800000,0x0000000791900000,0x0000000791900000)
  from space 7168K, 2% used [0x00000007bad00000,0x00000007bad28000,0x00000007bb400000)
  to   space 6656K, 0% used [0x00000007bb480000,0x00000007bb480000,0x00000007bbb00000)
 ParOldGen       total 173568K, used 13144K [0x00000006c2800000, 0x00000006cd180000, 0x000000076b800000)
  object space 173568K, 7% used [0x00000006c2800000,0x00000006c34d6260,0x00000006cd180000)
 Metaspace       used 8347K, capacity 8710K, committed 8960K, reserved 1056768K
  class space    used 660K, capacity 690K, committed 768K, reserved 1048576K
Event: 6.301 GC heap after
Heap after GC invocations=18 (full 0):
 PSYoungGen      total 595968K, used 192K [0x000000076b800000, 0x00000007bb500000, 0x00000007c0000000)
  eden space 595456K, 0% used [0x000000076b800000,0x000000076b800000,0x000000078fd80000)
  from space 512K, 37% used [0x00000007bb480000,0x00000007bb4b0000,0x00000007bb500000)
  to   space 6656K, 0% used [0x00000007ba800000,0x00000007ba800000,0x00000007bae80000)
 ParOldGen       total 173568K, used 13144K [0x00000006c2800000, 0x00000006cd180000, 0x000000076b800000)
  object space 173568K, 7% used [0x00000006c2800000,0x00000006c34d6260,0x00000006cd180000)
 Metaspace       used 8347K, capacity 8710K, committed 8960K, reserved 1056768K
  class space    used 660K, capacity 690K, committed 768K, reserved 1048576K
}

