# JRE version: Java(TM) SE Runtime Environment (8.0_65-b17) (build 1.8.0_65-b17)
# Java VM: Java HotSpot(TM) 64-Bit Server VM (25.65-b01 mixed mode windows-amd64 compressed oops)
Heap:
 PSYoungGen      total 519680K, used 77835K [0x000000076b800000, 0x00000007baa80000, 0x00000007c0000000)
  eden space 519168K, 14% used [0x000000076b800000,0x00000007703d2cb8,0x000000078b300000)
  from space 512K, 37% used [0x00000007baa00000,0x00000007baa30000,0x00000007baa80000)
  to   space 5632K, 0% used [0x00000007b9f80000,0x00000007b9f80000,0x00000007ba500000)
 ParOldGen       total 173568K, used 32564K [0x00000006c2800000, 0x00000006cd180000, 0x000000076b800000)
  object space 173568K, 18% used [0x00000006c2800000,0x00000006c47cd0d0,0x00000006cd180000)
 Metaspace       used 8335K, capacity 8710K, committed 8960K, reserved 1056768K
  class space    used 659K, capacity 690K, committed 768K, reserved 1048576K
GC Heap History (10 events):
Event: 9.003 GC heap before
{Heap before GC invocations=26 (full 0):
 PSYoungGen      total 660480K, used 652512K [0x000000076b800000, 0x00000007bbc80000, 0x00000007c0000000)
  eden space 652288K, 100% used [0x000000076b800000,0x0000000793500000,0x0000000793500000)
  from space 8192K, 2% used [0x00000007bac80000,0x00000007bacb8000,0x00000007bb480000)
  to   space 7680K, 0% used [0x00000007bb500000,0x00000007bb500000,0x00000007bbc80000)
 ParOldGen       total 173568K, used 32540K [0x00000006c2800000, 0x00000006cd180000, 0x000000076b800000)
  object space 173568K, 18% used [0x00000006c2800000,0x00000006c47c70d0,0x00000006cd180000)
 Metaspace       used 8325K, capacity 8710K, committed 8960K, reserved 1056768K
  class space    used 659K, capacity 690K, committed 768K, reserved 1048576K
Event: 9.003 GC heap after
Heap after GC invocations=26 (full 0):
 PSYoungGen      total 623616K, used 256K [0x000000076b800000, 0x00000007bb580000, 0x00000007c0000000)
  eden space 623104K, 0% used [0x000000076b800000,0x000000076b800000,0x0000000791880000)
  from space 512K, 50% used [0x00000007bb500000,0x00000007bb540000,0x00000007bb580000)
  to   space 7168K, 0% used [0x00000007ba780000,0x00000007ba780000,0x00000007bae80000)
 ParOldGen       total 173568K, used 32540K [0x00000006c2800000, 0x00000006cd180000, 0x000000076b800000)
  object space 173568K, 18% used [0x00000006c2800000,0x00000006c47c70d0,0x00000006cd180000)
 Metaspace       used 8325K, capacity 8710K, committed 8960K, reserved 1056768K
  class space    used 659K, capacity 690K, committed 768K, reserved 1048576K
}
Event: 9.505 GC heap before
{Heap before GC invocations=27 (full 0):
 PSYoungGen      total 623616K, used 623360K [0x000000076b800000, 0x00000007bb580000, 0x00000007c0000000)
  eden space 623104K, 100% used [0x000000076b800000,0x0000000791880000,0x0000000791880000)
  from space 512K, 50% used [0x00000007bb500000,0x00000007bb540000,0x00000007bb580000)
  to   space 7168K, 0% used [0x00000007ba780000,0x00000007ba780000,0x00000007bae80000)
 ParOldGen       total 173568K, used 32540K [0x00000006c2800000, 0x00000006cd180000, 0x000000076b800000)
  object space 173568K, 18% used [0x00000006c2800000,0x00000006c47c70d0,0x00000006cd180000)
 Metaspace       used 8325K, capacity 8710K, committed 8960K, reserved 1056768K
  class space    used 659K, capacity 690K, committed 768K, reserved 1048576K
Event: 9.505 GC heap after
Heap after GC invocations=27 (full 0):
 PSYoungGen      total 602112K, used 224K [0x000000076b800000, 0x00000007bb580000, 0x00000007c0000000)
  eden space 594944K, 0% used [0x000000076b800000,0x000000076b800000,0x000000078fd00000)
  from space 7168K, 3% used [0x00000007ba780000,0x00000007ba7b8000,0x00000007bae80000)
  to   space 6656K, 0% used [0x00000007baf00000,0x00000007baf00000,0x00000007bb580000)
 ParOldGen       total 173568K, used 32540K [0x00000006c2800000, 0x00000006cd180000, 0x000000076b800000)
  object space 173568K, 18% used [0x00000006c2800000,0x00000006c47c70d0,0x00000006cd180000)
 Metaspace       used 8325K, capacity 8710K, committed 8960K, reserved 1056768K
  class space    used 659K, capacity 690K, committed 768K, reserved 1048576K
}
Event: 9.968 GC heap before
{Heap before GC invocations=28 (full 0):
 PSYoungGen      total 602112K, used 595168K [0x000000076b800000, 0x00000007bb580000, 0x00000007c0000000)
  eden space 594944K, 100% used [0x000000076b800000,0x000000078fd00000,0x000000078fd00000)
  from space 7168K, 3% used [0x00000007ba780000,0x00000007ba7b8000,0x00000007bae80000)
  to   space 6656K, 0% used [0x00000007baf00000,0x00000007baf00000,0x00000007bb580000)
 ParOldGen       total 173568K, used 32540K [0x00000006c2800000, 0x00000006cd180000, 0x000000076b800000)
  object space 173568K, 18% used [0x00000006c2800000,0x00000006c47c70d0,0x00000006cd180000)
 Metaspace       used 8334K, capacity 8710K, committed 8960K, reserved 1056768K
  class space    used 659K, capacity 690K, committed 768K, reserved 1048576K
Event: 9.969 GC heap after
Heap after GC invocations=28 (full 0):
 PSYoungGen      total 568832K, used 224K [0x000000076b800000, 0x00000007baf80000, 0x00000007c0000000)
  eden space 568320K, 0% used [0x000000076b800000,0x000000076b800000,0x000000078e300000)
  from space 512K, 43% used [0x00000007baf00000,0x00000007baf38000,0x00000007baf80000)
  to   space 6144K, 0% used [0x00000007ba380000,0x00000007ba380000,0x00000007ba980000)
 ParOldGen       total 173568K, used 32540K [0x00000006c2800000, 0x00000006cd180000, 0x000000076b800000)
  object space 173568K, 18% used [0x00000006c2800000,0x00000006c47c70d0,0x00000006cd180000)
 Metaspace       used 8334K, capacity 8710K, committed 8960K, reserved 1056768K
  class space    used 659K, capacity 690K, committed 768K, reserved 1048576K
}
Event: 10.428 GC heap before
{Heap before GC invocations=29 (full 0):
 PSYoungGen      total 568832K, used 568544K [0x000000076b800000, 0x00000007baf80000, 0x00000007c0000000)
  eden space 568320K, 100% used [0x000000076b800000,0x000000078e300000,0x000000078e300000)
  from space 512K, 43% used [0x00000007baf00000,0x00000007baf38000,0x00000007baf80000)
  to   space 6144K, 0% used [0x00000007ba380000,0x00000007ba380000,0x00000007ba980000)
 ParOldGen       total 173568K, used 32540K [0x00000006c2800000, 0x00000006cd180000, 0x000000076b800000)
  object space 173568K, 18% used [0x00000006c2800000,0x00000006c47c70d0,0x00000006cd180000)
 Metaspace       used 8335K, capacity 8710K, committed 8960K, reserved 1056768K
  class space    used 659K, capacity 690K, committed 768K, reserved 1048576K
Event: 10.428 GC heap after
Heap after GC invocations=29 (full 0):
 PSYoungGen      total 549376K, used 224K [0x000000076b800000, 0x00000007baf80000, 0x00000007c0000000)
  eden space 543232K, 0% used [0x000000076b800000,0x000000076b800000,0x000000078ca80000)
  from space 6144K, 3% used [0x00000007ba380000,0x00000007ba3b8000,0x00000007ba980000)
  to   space 5632K, 0% used [0x00000007baa00000,0x00000007baa00000,0x00000007baf80000)
 ParOldGen       total 173568K, used 32564K [0x00000006c2800000, 0x00000006cd180000, 0x000000076b800000)
  object space 173568K, 18% used [0x00000006c2800000,0x00000006c47cd0d0,0x00000006cd180000)
 Metaspace       used 8335K, capacity 8710K, committed 8960K, reserved 1056768K
  class space    used 659K, capacity 690K, committed 768K, reserved 1048576K
}
Event: 10.881 GC heap before
{Heap before GC invocations=30 (full 0):
 PSYoungGen      total 549376K, used 543456K [0x000000076b800000, 0x00000007baf80000, 0x00000007c0000000)
  eden space 543232K, 100% used [0x000000076b800000,0x000000078ca80000,0x000000078ca80000)
  from space 6144K, 3% used [0x00000007ba380000,0x00000007ba3b8000,0x00000007ba980000)
  to   space 5632K, 0% used [0x00000007baa00000,0x00000007baa00000,0x00000007baf80000)
 ParOldGen       total 173568K, used 32564K [0x00000006c2800000, 0x00000006cd180000, 0x000000076b800000)
  object space 173568K, 18% used [0x00000006c2800000,0x00000006c47cd0d0,0x00000006cd180000)
 Metaspace       used 8335K, capacity 8710K, committed 8960K, reserved 1056768K
  class space    used 659K, capacity 690K, committed 768K, reserved 1048576K
Event: 10.881 GC heap after
Heap after GC invocations=30 (full 0):
 PSYoungGen      total 519680K, used 192K [0x000000076b800000, 0x00000007baa80000, 0x00000007c0000000)
  eden space 519168K, 0% used [0x000000076b800000,0x000000076b800000,0x000000078b300000)
  from space 512K, 37% used [0x00000007baa00000,0x00000007baa30000,0x00000007baa80000)
  to   space 5632K, 0% used [0x00000007b9f80000,0x00000007b9f80000,0x00000007ba500000)
 ParOldGen       total 173568K, used 32564K [0x00000006c2800000, 0x00000006cd180000, 0x000000076b800000)
  object space 173568K, 18% used [0x00000006c2800000,0x00000006c47cd0d0,0x00000006cd180000)
 Metaspace       used 8335K, capacity 8710K, committed 8960K, reserved 1056768K
  class space    used 659K, capacity 690K, committed 768K, reserved 1048576K
}

