# JRE version: Java(TM) SE Runtime Environment (8.0_65-b17) (build 1.8.0_65-b17)
# Java VM: Java HotSpot(TM) 64-Bit Server VM (25.65-b01 mixed mode windows-amd64 compressed oops)
Heap:
 PSYoungGen      total 409088K, used 342475K [0x000000076b800000, 0x00000007ba680000, 0x00000007c0000000)
  eden space 408576K, 83% used [0x000000076b800000,0x0000000780632da0,0x0000000784700000)
  from space 512K, 50% used [0x00000007ba600000,0x00000007ba640000,0x00000007ba680000)
  to   space 3072K, 0% used [0x00000007ba080000,0x00000007ba080000,0x00000007ba380000)
 ParOldGen       total 173568K, used 27751K [0x00000006c2800000, 0x00000006cd180000, 0x000000076b800000)
  object space 173568K, 15% used [0x00000006c2800000,0x00000006c4319c50,0x00000006cd180000)
 Metaspace       used 8334K, capacity 8710K, committed 8960K, reserved 1056768K
  class space    used 659K, capacity 690K, committed 768K, reserved 1048576K
GC Heap History (10 events):
Event: 18.908 GC heap before
{Heap before GC invocations=34 (full 0):
 PSYoungGen      total 514560K, used 510208K [0x000000076b800000, 0x00000007baf80000, 0x00000007c0000000)
  eden space 509952K, 100% used [0x000000076b800000,0x000000078aa00000,0x000000078aa00000)
  from space 4608K, 5% used [0x00000007ba680000,0x00000007ba6c0000,0x00000007bab00000)
  to   space 4096K, 0% used [0x00000007bab80000,0x00000007bab80000,0x00000007baf80000)
 ParOldGen       total 173568K, used 27671K [0x00000006c2800000, 0x00000006cd180000, 0x000000076b800000)
  object space 173568K, 15% used [0x00000006c2800000,0x00000006c4305c50,0x00000006cd180000)
 Metaspace       used 8334K, capacity 8710K, committed 8960K, reserved 1056768K
  class space    used 659K, capacity 690K, committed 768K, reserved 1048576K
Event: 18.909 GC heap after
Heap after GC invocations=34 (full 0):
 PSYoungGen      total 487936K, used 224K [0x000000076b800000, 0x00000007bac00000, 0x00000007c0000000)
  eden space 487424K, 0% used [0x000000076b800000,0x000000076b800000,0x0000000789400000)
  from space 512K, 43% used [0x00000007bab80000,0x00000007babb8000,0x00000007bac00000)
  to   space 4096K, 0% used [0x00000007ba400000,0x00000007ba400000,0x00000007ba800000)
 ParOldGen       total 173568K, used 27671K [0x00000006c2800000, 0x00000006cd180000, 0x000000076b800000)
  object space 173568K, 15% used [0x00000006c2800000,0x00000006c4305c50,0x00000006cd180000)
 Metaspace       used 8334K, capacity 8710K, committed 8960K, reserved 1056768K
  class space    used 659K, capacity 690K, committed 768K, reserved 1048576K
}
Event: 19.456 GC heap before
{Heap before GC invocations=35 (full 0):
 PSYoungGen      total 487936K, used 487648K [0x000000076b800000, 0x00000007bac00000, 0x00000007c0000000)
  eden space 487424K, 100% used [0x000000076b800000,0x0000000789400000,0x0000000789400000)
  from space 512K, 43% used [0x00000007bab80000,0x00000007babb8000,0x00000007bac00000)
  to   space 4096K, 0% used [0x00000007ba400000,0x00000007ba400000,0x00000007ba800000)
 ParOldGen       total 173568K, used 27671K [0x00000006c2800000, 0x00000006cd180000, 0x000000076b800000)
  object space 173568K, 15% used [0x00000006c2800000,0x00000006c4305c50,0x00000006cd180000)
 Metaspace       used 8334K, capacity 8710K, committed 8960K, reserved 1056768K
  class space    used 659K, capacity 690K, committed 768K, reserved 1048576K
Event: 19.456 GC heap after
Heap after GC invocations=35 (full 0):
 PSYoungGen      total 470528K, used 224K [0x000000076b800000, 0x00000007bac00000, 0x00000007c0000000)
  eden space 466432K, 0% used [0x000000076b800000,0x000000076b800000,0x0000000787f80000)
  from space 4096K, 5% used [0x00000007ba400000,0x00000007ba438000,0x00000007ba800000)
  to   space 3584K, 0% used [0x00000007ba880000,0x00000007ba880000,0x00000007bac00000)
 ParOldGen       total 173568K, used 27711K [0x00000006c2800000, 0x00000006cd180000, 0x000000076b800000)
  object space 173568K, 15% used [0x00000006c2800000,0x00000006c430fc50,0x00000006cd180000)
 Metaspace       used 8334K, capacity 8710K, committed 8960K, reserved 1056768K
  class space    used 659K, capacity 690K, committed 768K, reserved 1048576K
}
Event: 19.806 GC heap before
{Heap before GC invocations=36 (full 0):
 PSYoungGen      total 470528K, used 466656K [0x000000076b800000, 0x00000007bac00000, 0x00000007c0000000)
  eden space 466432K, 100% used [0x000000076b800000,0x0000000787f80000,0x0000000787f80000)
  from space 4096K, 5% used [0x00000007ba400000,0x00000007ba438000,0x00000007ba800000)
  to   space 3584K, 0% used [0x00000007ba880000,0x00000007ba880000,0x00000007bac00000)
 ParOldGen       total 173568K, used 27711K [0x00000006c2800000, 0x00000006cd180000, 0x000000076b800000)
  object space 173568K, 15% used [0x00000006c2800000,0x00000006c430fc50,0x00000006cd180000)
 Metaspace       used 8334K, capacity 8710K, committed 8960K, reserved 1056768K
  class space    used 659K, capacity 690K, committed 768K, reserved 1048576K
Event: 19.807 GC heap after
Heap after GC invocations=36 (full 0):
 PSYoungGen      total 446976K, used 224K [0x000000076b800000, 0x00000007ba900000, 0x00000007c0000000)
  eden space 446464K, 0% used [0x000000076b800000,0x000000076b800000,0x0000000786c00000)
  from space 512K, 43% used [0x00000007ba880000,0x00000007ba8b8000,0x00000007ba900000)
  to   space 3584K, 0% used [0x00000007ba200000,0x00000007ba200000,0x00000007ba580000)
 ParOldGen       total 173568K, used 27751K [0x00000006c2800000, 0x00000006cd180000, 0x000000076b800000)
  object space 173568K, 15% used [0x00000006c2800000,0x00000006c4319c50,0x00000006cd180000)
 Metaspace       used 8334K, capacity 8710K, committed 8960K, reserved 1056768K
  class space    used 659K, capacity 690K, committed 768K, reserved 1048576K
}
Event: 20.145 GC heap before
{Heap before GC invocations=37 (full 0):
 PSYoungGen      total 446976K, used 446688K [0x000000076b800000, 0x00000007ba900000, 0x00000007c0000000)
  eden space 446464K, 100% used [0x000000076b800000,0x0000000786c00000,0x0000000786c00000)
  from space 512K, 43% used [0x00000007ba880000,0x00000007ba8b8000,0x00000007ba900000)
  to   space 3584K, 0% used [0x00000007ba200000,0x00000007ba200000,0x00000007ba580000)
 ParOldGen       total 173568K, used 27751K [0x00000006c2800000, 0x00000006cd180000, 0x000000076b800000)
  object space 173568K, 15% used [0x00000006c2800000,0x00000006c4319c50,0x00000006cd180000)
 Metaspace       used 8334K, capacity 8710K, committed 8960K, reserved 1056768K
  class space    used 659K, capacity 690K, committed 768K, reserved 1048576K
Event: 20.146 GC heap after
Heap after GC invocations=37 (full 0):
 PSYoungGen      total 430592K, used 224K [0x000000076b800000, 0x00000007ba900000, 0x00000007c0000000)
  eden space 427008K, 0% used [0x000000076b800000,0x000000076b800000,0x0000000785900000)
  from space 3584K, 6% used [0x00000007ba200000,0x00000007ba238000,0x00000007ba580000)
  to   space 3072K, 0% used [0x00000007ba600000,0x00000007ba600000,0x00000007ba900000)
 ParOldGen       total 173568K, used 27751K [0x00000006c2800000, 0x00000006cd180000, 0x000000076b800000)
  object space 173568K, 15% used [0x00000006c2800000,0x00000006c4319c50,0x00000006cd180000)
 Metaspace       used 8334K, capacity 8710K, committed 8960K, reserved 1056768K
  class space    used 659K, capacity 690K, committed 768K, reserved 1048576K
}
Event: 20.612 GC heap before
{Heap before GC invocations=38 (full 0):
 PSYoungGen      total 430592K, used 427232K [0x000000076b800000, 0x00000007ba900000, 0x00000007c0000000)
  eden space 427008K, 100% used [0x000000076b800000,0x0000000785900000,0x0000000785900000)
  from space 3584K, 6% used [0x00000007ba200000,0x00000007ba238000,0x00000007ba580000)
  to   space 3072K, 0% used [0x00000007ba600000,0x00000007ba600000,0x00000007ba900000)
 ParOldGen       total 173568K, used 27751K [0x00000006c2800000, 0x00000006cd180000, 0x000000076b800000)
  object space 173568K, 15% used [0x00000006c2800000,0x00000006c4319c50,0x00000006cd180000)
 Metaspace       used 8334K, capacity 8710K, committed 8960K, reserved 1056768K
  class space    used 659K, capacity 690K, committed 768K, reserved 1048576K
Event: 20.613 GC heap after
Heap after GC invocations=38 (full 0):
 PSYoungGen      total 409088K, used 256K [0x000000076b800000, 0x00000007ba680000, 0x00000007c0000000)
  eden space 408576K, 0% used [0x000000076b800000,0x000000076b800000,0x0000000784700000)
  from space 512K, 50% used [0x00000007ba600000,0x00000007ba640000,0x00000007ba680000)
  to   space 3072K, 0% used [0x00000007ba080000,0x00000007ba080000,0x00000007ba380000)
 ParOldGen       total 173568K, used 27751K [0x00000006c2800000, 0x00000006cd180000, 0x000000076b800000)
  object space 173568K, 15% used [0x00000006c2800000,0x00000006c4319c50,0x00000006cd180000)
 Metaspace       used 8334K, capacity 8710K, committed 8960K, reserved 1056768K
  class space    used 659K, capacity 690K, committed 768K, reserved 1048576K
}

