# JRE version: Java(TM) SE Runtime Environment (8.0_65-b17) (build 1.8.0_65-b17)
# Java VM: Java HotSpot(TM) 64-Bit Server VM (25.65-b01 mixed mode windows-amd64 compressed oops)
Heap:
 PSYoungGen      total 149504K, used 149055K [0x000000076b800000, 0x0000000784800000, 0x00000007c0000000)
  eden space 148992K, 99% used [0x000000076b800000,0x0000000774977cb0,0x0000000774980000)
  from space 512K, 18% used [0x0000000784780000,0x0000000784798000,0x0000000784800000)
  to   space 1536K, 0% used [0x0000000784500000,0x0000000784500000,0x0000000784680000)
 ParOldGen       total 173568K, used 1682K [0x00000006c2800000, 0x00000006cd180000, 0x000000076b800000)
  object space 173568K, 0% used [0x00000006c2800000,0x00000006c29a4968,0x00000006cd180000)
 Metaspace       used 7956K, capacity 8550K, committed 8704K, reserved 1056768K
  class space    used 642K, capacity 658K, committed 768K, reserved 1048576K
GC Heap History (10 events):
Event: 2.830 GC heap before
{Heap before GC invocations=20 (full 0):
 PSYoungGen      total 179200K, used 177728K [0x000000076b800000, 0x0000000784b00000, 0x00000007c0000000)
  eden space 177664K, 100% used [0x000000076b800000,0x0000000776580000,0x0000000776580000)
  from space 1536K, 4% used [0x0000000784800000,0x0000000784810000,0x0000000784980000)
  to   space 1536K, 0% used [0x0000000784980000,0x0000000784980000,0x0000000784b00000)
 ParOldGen       total 173568K, used 1682K [0x00000006c2800000, 0x00000006cd180000, 0x000000076b800000)
  object space 173568K, 0% used [0x00000006c2800000,0x00000006c29a4968,0x00000006cd180000)
 Metaspace       used 7951K, capacity 8486K, committed 8704K, reserved 1056768K
  class space    used 642K, capacity 658K, committed 768K, reserved 1048576K
Event: 2.830 GC heap after
Heap after GC invocations=20 (full 0):
 PSYoungGen      total 172032K, used 64K [0x000000076b800000, 0x0000000784a00000, 0x00000007c0000000)
  eden space 171520K, 0% used [0x000000076b800000,0x000000076b800000,0x0000000775f80000)
  from space 512K, 12% used [0x0000000784980000,0x0000000784990000,0x0000000784a00000)
  to   space 1536K, 0% used [0x0000000784700000,0x0000000784700000,0x0000000784880000)
 ParOldGen       total 173568K, used 1682K [0x00000006c2800000, 0x00000006cd180000, 0x000000076b800000)
  object space 173568K, 0% used [0x00000006c2800000,0x00000006c29a4968,0x00000006cd180000)
 Metaspace       used 7951K, capacity 8486K, committed 8704K, reserved 1056768K
  class space    used 642K, capacity 658K, committed 768K, reserved 1048576K
}
Event: 2.988 GC heap before
{Heap before GC invocations=21 (full 0):
 PSYoungGen      total 172032K, used 171584K [0x000000076b800000, 0x0000000784a00000, 0x00000007c0000000)
  eden space 171520K, 100% used [0x000000076b800000,0x0000000775f80000,0x0000000775f80000)
  from space 512K, 12% used [0x0000000784980000,0x0000000784990000,0x0000000784a00000)
  to   space 1536K, 0% used [0x0000000784700000,0x0000000784700000,0x0000000784880000)
 ParOldGen       total 173568K, used 1682K [0x00000006c2800000, 0x00000006cd180000, 0x000000076b800000)
  object space 173568K, 0% used [0x00000006c2800000,0x00000006c29a4968,0x00000006cd180000)
 Metaspace       used 7952K, capacity 8486K, committed 8704K, reserved 1056768K
  class space    used 642K, capacity 658K, committed 768K, reserved 1048576K
Event: 2.988 GC heap after
Heap after GC invocations=21 (full 0):
 PSYoungGen      total 166912K, used 64K [0x000000076b800000, 0x0000000784a00000, 0x00000007c0000000)
  eden space 165376K, 0% used [0x000000076b800000,0x000000076b800000,0x0000000775980000)
  from space 1536K, 4% used [0x0000000784700000,0x0000000784710000,0x0000000784880000)
  to   space 1536K, 0% used [0x0000000784880000,0x0000000784880000,0x0000000784a00000)
 ParOldGen       total 173568K, used 1682K [0x00000006c2800000, 0x00000006cd180000, 0x000000076b800000)
  object space 173568K, 0% used [0x00000006c2800000,0x00000006c29a4968,0x00000006cd180000)
 Metaspace       used 7952K, capacity 8486K, committed 8704K, reserved 1056768K
  class space    used 642K, capacity 658K, committed 768K, reserved 1048576K
}
Event: 3.163 GC heap before
{Heap before GC invocations=22 (full 0):
 PSYoungGen      total 166912K, used 165440K [0x000000076b800000, 0x0000000784a00000, 0x00000007c0000000)
  eden space 165376K, 100% used [0x000000076b800000,0x0000000775980000,0x0000000775980000)
  from space 1536K, 4% used [0x0000000784700000,0x0000000784710000,0x0000000784880000)
  to   space 1536K, 0% used [0x0000000784880000,0x0000000784880000,0x0000000784a00000)
 ParOldGen       total 173568K, used 1682K [0x00000006c2800000, 0x00000006cd180000, 0x000000076b800000)
  object space 173568K, 0% used [0x00000006c2800000,0x00000006c29a4968,0x00000006cd180000)
 Metaspace       used 7956K, capacity 8550K, committed 8704K, reserved 1056768K
  class space    used 642K, capacity 658K, committed 768K, reserved 1048576K
Event: 3.164 GC heap after
Heap after GC invocations=22 (full 0):
 PSYoungGen      total 160256K, used 96K [0x000000076b800000, 0x0000000784900000, 0x00000007c0000000)
  eden space 159744K, 0% used [0x000000076b800000,0x000000076b800000,0x0000000775400000)
  from space 512K, 18% used [0x0000000784880000,0x0000000784898000,0x0000000784900000)
  to   space 1536K, 0% used [0x0000000784600000,0x0000000784600000,0x0000000784780000)
 ParOldGen       total 173568K, used 1682K [0x00000006c2800000, 0x00000006cd180000, 0x000000076b800000)
  object space 173568K, 0% used [0x00000006c2800000,0x00000006c29a4968,0x00000006cd180000)
 Metaspace       used 7956K, capacity 8550K, committed 8704K, reserved 1056768K
  class space    used 642K, capacity 658K, committed 768K, reserved 1048576K
}
Event: 3.302 GC heap before
{Heap before GC invocations=23 (full 0):
 PSYoungGen      total 160256K, used 159840K [0x000000076b800000, 0x0000000784900000, 0x00000007c0000000)
  eden space 159744K, 100% used [0x000000076b800000,0x0000000775400000,0x0000000775400000)
  from space 512K, 18% used [0x0000000784880000,0x0000000784898000,0x0000000784900000)
  to   space 1536K, 0% used [0x0000000784600000,0x0000000784600000,0x0000000784780000)
 ParOldGen       total 173568K, used 1682K [0x00000006c2800000, 0x00000006cd180000, 0x000000076b800000)
  object space 173568K, 0% used [0x00000006c2800000,0x00000006c29a4968,0x00000006cd180000)
 Metaspace       used 7956K, capacity 8550K, committed 8704K, reserved 1056768K
  class space    used 642K, capacity 658K, committed 768K, reserved 1048576K
Event: 3.303 GC heap after
Heap after GC invocations=23 (full 0):
 PSYoungGen      total 155648K, used 64K [0x000000076b800000, 0x0000000784900000, 0x00000007c0000000)
  eden space 154112K, 0% used [0x000000076b800000,0x000000076b800000,0x0000000774e80000)
  from space 1536K, 4% used [0x0000000784600000,0x0000000784610000,0x0000000784780000)
  to   space 1536K, 0% used [0x0000000784780000,0x0000000784780000,0x0000000784900000)
 ParOldGen       total 173568K, used 1682K [0x00000006c2800000, 0x00000006cd180000, 0x000000076b800000)
  object space 173568K, 0% used [0x00000006c2800000,0x00000006c29a4968,0x00000006cd180000)
 Metaspace       used 7956K, capacity 8550K, committed 8704K, reserved 1056768K
  class space    used 642K, capacity 658K, committed 768K, reserved 1048576K
}
Event: 3.437 GC heap before
{Heap before GC invocations=24 (full 0):
 PSYoungGen      total 155648K, used 154176K [0x000000076b800000, 0x0000000784900000, 0x00000007c0000000)
  eden space 154112K, 100% used [0x000000076b800000,0x0000000774e80000,0x0000000774e80000)
  from space 1536K, 4% used [0x0000000784600000,0x0000000784610000,0x0000000784780000)
  to   space 1536K, 0% used [0x0000000784780000,0x0000000784780000,0x0000000784900000)
 ParOldGen       total 173568K, used 1682K [0x00000006c2800000, 0x00000006cd180000, 0x000000076b800000)
  object space 173568K, 0% used [0x00000006c2800000,0x00000006c29a4968,0x00000006cd180000)
 Metaspace       used 7956K, capacity 8550K, committed 8704K, reserved 1056768K
  class space    used 642K, capacity 658K, committed 768K, reserved 1048576K
Event: 3.437 GC heap after
Heap after GC invocations=24 (full 0):
 PSYoungGen      total 149504K, used 96K [0x000000076b800000, 0x0000000784800000, 0x00000007c0000000)
  eden space 148992K, 0% used [0x000000076b800000,0x000000076b800000,0x0000000774980000)
  from space 512K, 18% used [0x0000000784780000,0x0000000784798000,0x0000000784800000)
  to   space 1536K, 0% used [0x0000000784500000,0x0000000784500000,0x0000000784680000)
 ParOldGen       total 173568K, used 1682K [0x00000006c2800000, 0x00000006cd180000, 0x000000076b800000)
  object space 173568K, 0% used [0x00000006c2800000,0x00000006c29a4968,0x00000006cd180000)
 Metaspace       used 7956K, capacity 8550K, committed 8704K, reserved 1056768K
  class space    used 642K, capacity 658K, committed 768K, reserved 1048576K
}

