# JRE version: Java(TM) SE Runtime Environment (8.0_65-b17) (build 1.8.0_65-b17)
# Java VM: Java HotSpot(TM) 64-Bit Server VM (25.65-b01 mixed mode windows-amd64 compressed oops)
Heap:
 PSYoungGen      total 484352K, used 395834K [0x000000076b800000, 0x00000007bb500000, 0x00000007c0000000)
  eden space 483840K, 81% used [0x000000076b800000,0x0000000783a56928,0x0000000789080000)
  from space 512K, 43% used [0x00000007bb480000,0x00000007bb4b8000,0x00000007bb500000)
  to   space 3072K, 0% used [0x00000007baf00000,0x00000007baf00000,0x00000007bb200000)
 ParOldGen       total 173568K, used 31505K [0x00000006c2800000, 0x00000006cd180000, 0x000000076b800000)
  object space 173568K, 18% used [0x00000006c2800000,0x00000006c46c44d0,0x00000006cd180000)
 Metaspace       used 8376K, capacity 8774K, committed 8960K, reserved 1056768K
  class space    used 660K, capacity 690K, committed 768K, reserved 1048576K
GC Heap History (10 events):
Event: 17.532 GC heap before
{Heap before GC invocations=34 (full 0):
 PSYoungGen      total 611328K, used 606944K [0x000000076b800000, 0x00000007bbe00000, 0x00000007c0000000)
  eden space 606720K, 100% used [0x000000076b800000,0x0000000790880000,0x0000000790880000)
  from space 4608K, 4% used [0x00000007bb500000,0x00000007bb538000,0x00000007bb980000)
  to   space 4096K, 0% used [0x00000007bba00000,0x00000007bba00000,0x00000007bbe00000)
 ParOldGen       total 173568K, used 31481K [0x00000006c2800000, 0x00000006cd180000, 0x000000076b800000)
  object space 173568K, 18% used [0x00000006c2800000,0x00000006c46be4d0,0x00000006cd180000)
 Metaspace       used 8375K, capacity 8774K, committed 8960K, reserved 1056768K
  class space    used 660K, capacity 690K, committed 768K, reserved 1048576K
Event: 17.533 GC heap after
Heap after GC invocations=34 (full 0):
 PSYoungGen      total 580096K, used 224K [0x000000076b800000, 0x00000007bba80000, 0x00000007c0000000)
  eden space 579584K, 0% used [0x000000076b800000,0x000000076b800000,0x000000078ee00000)
  from space 512K, 43% used [0x00000007bba00000,0x00000007bba38000,0x00000007bba80000)
  to   space 4096K, 0% used [0x00000007bb280000,0x00000007bb280000,0x00000007bb680000)
 ParOldGen       total 173568K, used 31505K [0x00000006c2800000, 0x00000006cd180000, 0x000000076b800000)
  object space 173568K, 18% used [0x00000006c2800000,0x00000006c46c44d0,0x00000006cd180000)
 Metaspace       used 8375K, capacity 8774K, committed 8960K, reserved 1056768K
  class space    used 660K, capacity 690K, committed 768K, reserved 1048576K
}
Event: 17.965 GC heap before
{Heap before GC invocations=35 (full 0):
 PSYoungGen      total 580096K, used 579808K [0x000000076b800000, 0x00000007bba80000, 0x00000007c0000000)
  eden space 579584K, 100% used [0x000000076b800000,0x000000078ee00000,0x000000078ee00000)
  from space 512K, 43% used [0x00000007bba00000,0x00000007bba38000,0x00000007bba80000)
  to   space 4096K, 0% used [0x00000007bb280000,0x00000007bb280000,0x00000007bb680000)
 ParOldGen       total 173568K, used 31505K [0x00000006c2800000, 0x00000006cd180000, 0x000000076b800000)
  object space 173568K, 18% used [0x00000006c2800000,0x00000006c46c44d0,0x00000006cd180000)
 Metaspace       used 8375K, capacity 8774K, committed 8960K, reserved 1056768K
  class space    used 660K, capacity 690K, committed 768K, reserved 1048576K
Event: 17.965 GC heap after
Heap after GC invocations=35 (full 0):
 PSYoungGen      total 558080K, used 224K [0x000000076b800000, 0x00000007bba80000, 0x00000007c0000000)
  eden space 553984K, 0% used [0x000000076b800000,0x000000076b800000,0x000000078d500000)
  from space 4096K, 5% used [0x00000007bb280000,0x00000007bb2b8000,0x00000007bb680000)
  to   space 3584K, 0% used [0x00000007bb700000,0x00000007bb700000,0x00000007bba80000)
 ParOldGen       total 173568K, used 31505K [0x00000006c2800000, 0x00000006cd180000, 0x000000076b800000)
  object space 173568K, 18% used [0x00000006c2800000,0x00000006c46c44d0,0x00000006cd180000)
 Metaspace       used 8375K, capacity 8774K, committed 8960K, reserved 1056768K
  class space    used 660K, capacity 690K, committed 768K, reserved 1048576K
}
Event: 18.375 GC heap before
{Heap before GC invocations=36 (full 0):
 PSYoungGen      total 558080K, used 554208K [0x000000076b800000, 0x00000007bba80000, 0x00000007c0000000)
  eden space 553984K, 100% used [0x000000076b800000,0x000000078d500000,0x000000078d500000)
  from space 4096K, 5% used [0x00000007bb280000,0x00000007bb2b8000,0x00000007bb680000)
  to   space 3584K, 0% used [0x00000007bb700000,0x00000007bb700000,0x00000007bba80000)
 ParOldGen       total 173568K, used 31505K [0x00000006c2800000, 0x00000006cd180000, 0x000000076b800000)
  object space 173568K, 18% used [0x00000006c2800000,0x00000006c46c44d0,0x00000006cd180000)
 Metaspace       used 8375K, capacity 8774K, committed 8960K, reserved 1056768K
  class space    used 660K, capacity 690K, committed 768K, reserved 1048576K
Event: 18.376 GC heap after
Heap after GC invocations=36 (full 0):
 PSYoungGen      total 529920K, used 224K [0x000000076b800000, 0x00000007bb780000, 0x00000007c0000000)
  eden space 529408K, 0% used [0x000000076b800000,0x000000076b800000,0x000000078bd00000)
  from space 512K, 43% used [0x00000007bb700000,0x00000007bb738000,0x00000007bb780000)
  to   space 3584K, 0% used [0x00000007bb080000,0x00000007bb080000,0x00000007bb400000)
 ParOldGen       total 173568K, used 31505K [0x00000006c2800000, 0x00000006cd180000, 0x000000076b800000)
  object space 173568K, 18% used [0x00000006c2800000,0x00000006c46c44d0,0x00000006cd180000)
 Metaspace       used 8375K, capacity 8774K, committed 8960K, reserved 1056768K
  class space    used 660K, capacity 690K, committed 768K, reserved 1048576K
}
Event: 18.839 GC heap before
{Heap before GC invocations=37 (full 0):
 PSYoungGen      total 529920K, used 529632K [0x000000076b800000, 0x00000007bb780000, 0x00000007c0000000)
  eden space 529408K, 100% used [0x000000076b800000,0x000000078bd00000,0x000000078bd00000)
  from space 512K, 43% used [0x00000007bb700000,0x00000007bb738000,0x00000007bb780000)
  to   space 3584K, 0% used [0x00000007bb080000,0x00000007bb080000,0x00000007bb400000)
 ParOldGen       total 173568K, used 31505K [0x00000006c2800000, 0x00000006cd180000, 0x000000076b800000)
  object space 173568K, 18% used [0x00000006c2800000,0x00000006c46c44d0,0x00000006cd180000)
 Metaspace       used 8375K, capacity 8774K, committed 8960K, reserved 1056768K
  class space    used 660K, capacity 690K, committed 768K, reserved 1048576K
Event: 18.839 GC heap after
Heap after GC invocations=37 (full 0):
 PSYoungGen      total 509440K, used 224K [0x000000076b800000, 0x00000007bb780000, 0x00000007c0000000)
  eden space 505856K, 0% used [0x000000076b800000,0x000000076b800000,0x000000078a600000)
  from space 3584K, 6% used [0x00000007bb080000,0x00000007bb0b8000,0x00000007bb400000)
  to   space 3072K, 0% used [0x00000007bb480000,0x00000007bb480000,0x00000007bb780000)
 ParOldGen       total 173568K, used 31505K [0x00000006c2800000, 0x00000006cd180000, 0x000000076b800000)
  object space 173568K, 18% used [0x00000006c2800000,0x00000006c46c44d0,0x00000006cd180000)
 Metaspace       used 8375K, capacity 8774K, committed 8960K, reserved 1056768K
  class space    used 660K, capacity 690K, committed 768K, reserved 1048576K
}
Event: 19.223 GC heap before
{Heap before GC invocations=38 (full 0):
 PSYoungGen      total 509440K, used 506080K [0x000000076b800000, 0x00000007bb780000, 0x00000007c0000000)
  eden space 505856K, 100% used [0x000000076b800000,0x000000078a600000,0x000000078a600000)
  from space 3584K, 6% used [0x00000007bb080000,0x00000007bb0b8000,0x00000007bb400000)
  to   space 3072K, 0% used [0x00000007bb480000,0x00000007bb480000,0x00000007bb780000)
 ParOldGen       total 173568K, used 31505K [0x00000006c2800000, 0x00000006cd180000, 0x000000076b800000)
  object space 173568K, 18% used [0x00000006c2800000,0x00000006c46c44d0,0x00000006cd180000)
 Metaspace       used 8375K, capacity 8774K, committed 8960K, reserved 1056768K
  class space    used 660K, capacity 690K, committed 768K, reserved 1048576K
Event: 19.224 GC heap after
Heap after GC invocations=38 (full 0):
 PSYoungGen      total 484352K, used 224K [0x000000076b800000, 0x00000007bb500000, 0x00000007c0000000)
  eden space 483840K, 0% used [0x000000076b800000,0x000000076b800000,0x0000000789080000)
  from space 512K, 43% used [0x00000007bb480000,0x00000007bb4b8000,0x00000007bb500000)
  to   space 3072K, 0% used [0x00000007baf00000,0x00000007baf00000,0x00000007bb200000)
 ParOldGen       total 173568K, used 31505K [0x00000006c2800000, 0x00000006cd180000, 0x000000076b800000)
  object space 173568K, 18% used [0x00000006c2800000,0x00000006c46c44d0,0x00000006cd180000)
 Metaspace       used 8375K, capacity 8774K, committed 8960K, reserved 1056768K
  class space    used 660K, capacity 690K, committed 768K, reserved 1048576K
}

