# JRE version: Java(TM) SE Runtime Environment (8.0_65-b17) (build 1.8.0_65-b17)
# Java VM: Java HotSpot(TM) 64-Bit Server VM (25.65-b01 mixed mode windows-amd64 compressed oops)
Heap:
 PSYoungGen      total 1075200K, used 26885K [0x000000076b800000, 0x00000007bd900000, 0x00000007c0000000)
  eden space 1063424K, 2% used [0x000000076b800000,0x000000076d2117a0,0x00000007ac680000)
  from space 11776K, 1% used [0x00000007bc200000,0x00000007bc230000,0x00000007bcd80000)
  to   space 11264K, 0% used [0x00000007bce00000,0x00000007bce00000,0x00000007bd900000)
 ParOldGen       total 173568K, used 14744K [0x00000006c2800000, 0x00000006cd180000, 0x000000076b800000)
  object space 173568K, 8% used [0x00000006c2800000,0x00000006c3666050,0x00000006cd180000)
 Metaspace       used 8501K, capacity 8742K, committed 8960K, reserved 1056768K
  class space    used 684K, capacity 722K, committed 768K, reserved 1048576K
GC Heap History (10 events):
Event: 7.577 GC heap before
{Heap before GC invocations=15 (full 0):
 PSYoungGen      total 1368064K, used 1354496K [0x000000076b800000, 0x00000007bfe80000, 0x00000007c0000000)
  eden space 1354240K, 100% used [0x000000076b800000,0x00000007be280000,0x00000007be280000)
  from space 13824K, 1% used [0x00000007bf100000,0x00000007bf140000,0x00000007bfe80000)
  to   space 14336K, 0% used [0x00000007be280000,0x00000007be280000,0x00000007bf080000)
 ParOldGen       total 173568K, used 14680K [0x00000006c2800000, 0x00000006cd180000, 0x000000076b800000)
  object space 173568K, 8% used [0x00000006c2800000,0x00000006c3656050,0x00000006cd180000)
 Metaspace       used 8487K, capacity 8742K, committed 8960K, reserved 1056768K
  class space    used 684K, capacity 722K, committed 768K, reserved 1048576K
Event: 7.577 GC heap after
Heap after GC invocations=15 (full 0):
 PSYoungGen      total 1290240K, used 256K [0x000000076b800000, 0x00000007bf180000, 0x00000007c0000000)
  eden space 1289728K, 0% used [0x000000076b800000,0x000000076b800000,0x00000007ba380000)
  from space 512K, 50% used [0x00000007be280000,0x00000007be2c0000,0x00000007be300000)
  to   space 13824K, 0% used [0x00000007be400000,0x00000007be400000,0x00000007bf180000)
 ParOldGen       total 173568K, used 14696K [0x00000006c2800000, 0x00000006cd180000, 0x000000076b800000)
  object space 173568K, 8% used [0x00000006c2800000,0x00000006c365a050,0x00000006cd180000)
 Metaspace       used 8487K, capacity 8742K, committed 8960K, reserved 1056768K
  class space    used 684K, capacity 722K, committed 768K, reserved 1048576K
}
Event: 8.723 GC heap before
{Heap before GC invocations=16 (full 0):
 PSYoungGen      total 1290240K, used 1289984K [0x000000076b800000, 0x00000007bf180000, 0x00000007c0000000)
  eden space 1289728K, 100% used [0x000000076b800000,0x00000007ba380000,0x00000007ba380000)
  from space 512K, 50% used [0x00000007be280000,0x00000007be2c0000,0x00000007be300000)
  to   space 13824K, 0% used [0x00000007be400000,0x00000007be400000,0x00000007bf180000)
 ParOldGen       total 173568K, used 14696K [0x00000006c2800000, 0x00000006cd180000, 0x000000076b800000)
  object space 173568K, 8% used [0x00000006c2800000,0x00000006c365a050,0x00000006cd180000)
 Metaspace       used 8499K, capacity 8742K, committed 8960K, reserved 1056768K
  class space    used 684K, capacity 722K, committed 768K, reserved 1048576K
Event: 8.724 GC heap after
Heap after GC invocations=16 (full 0):
 PSYoungGen      total 1229312K, used 256K [0x000000076b800000, 0x00000007be480000, 0x00000007c0000000)
  eden space 1228800K, 0% used [0x000000076b800000,0x000000076b800000,0x00000007b6800000)
  from space 512K, 50% used [0x00000007be400000,0x00000007be440000,0x00000007be480000)
  to   space 12800K, 0% used [0x00000007bcb80000,0x00000007bcb80000,0x00000007bd800000)
 ParOldGen       total 173568K, used 14728K [0x00000006c2800000, 0x00000006cd180000, 0x000000076b800000)
  object space 173568K, 8% used [0x00000006c2800000,0x00000006c3662050,0x00000006cd180000)
 Metaspace       used 8499K, capacity 8742K, committed 8960K, reserved 1056768K
  class space    used 684K, capacity 722K, committed 768K, reserved 1048576K
}
Event: 9.829 GC heap before
{Heap before GC invocations=17 (full 0):
 PSYoungGen      total 1229312K, used 1229056K [0x000000076b800000, 0x00000007be480000, 0x00000007c0000000)
  eden space 1228800K, 100% used [0x000000076b800000,0x00000007b6800000,0x00000007b6800000)
  from space 512K, 50% used [0x00000007be400000,0x00000007be440000,0x00000007be480000)
  to   space 12800K, 0% used [0x00000007bcb80000,0x00000007bcb80000,0x00000007bd800000)
 ParOldGen       total 173568K, used 14728K [0x00000006c2800000, 0x00000006cd180000, 0x000000076b800000)
  object space 173568K, 8% used [0x00000006c2800000,0x00000006c3662050,0x00000006cd180000)
 Metaspace       used 8499K, capacity 8742K, committed 8960K, reserved 1056768K
  class space    used 684K, capacity 722K, committed 768K, reserved 1048576K
Event: 9.830 GC heap after
Heap after GC invocations=17 (full 0):
 PSYoungGen      total 1183744K, used 224K [0x000000076b800000, 0x00000007be480000, 0x00000007c0000000)
  eden space 1170944K, 0% used [0x000000076b800000,0x000000076b800000,0x00000007b2f80000)
  from space 12800K, 1% used [0x00000007bcb80000,0x00000007bcbb8000,0x00000007bd800000)
  to   space 12288K, 0% used [0x00000007bd880000,0x00000007bd880000,0x00000007be480000)
 ParOldGen       total 173568K, used 14744K [0x00000006c2800000, 0x00000006cd180000, 0x000000076b800000)
  object space 173568K, 8% used [0x00000006c2800000,0x00000006c3666050,0x00000006cd180000)
 Metaspace       used 8499K, capacity 8742K, committed 8960K, reserved 1056768K
  class space    used 684K, capacity 722K, committed 768K, reserved 1048576K
}
Event: 10.868 GC heap before
{Heap before GC invocations=18 (full 0):
 PSYoungGen      total 1183744K, used 1171168K [0x000000076b800000, 0x00000007be480000, 0x00000007c0000000)
  eden space 1170944K, 100% used [0x000000076b800000,0x00000007b2f80000,0x00000007b2f80000)
  from space 12800K, 1% used [0x00000007bcb80000,0x00000007bcbb8000,0x00000007bd800000)
  to   space 12288K, 0% used [0x00000007bd880000,0x00000007bd880000,0x00000007be480000)
 ParOldGen       total 173568K, used 14744K [0x00000006c2800000, 0x00000006cd180000, 0x000000076b800000)
  object space 173568K, 8% used [0x00000006c2800000,0x00000006c3666050,0x00000006cd180000)
 Metaspace       used 8500K, capacity 8742K, committed 8960K, reserved 1056768K
  class space    used 684K, capacity 722K, committed 768K, reserved 1048576K
Event: 10.869 GC heap after
Heap after GC invocations=18 (full 0):
 PSYoungGen      total 1116160K, used 256K [0x000000076b800000, 0x00000007bd900000, 0x00000007c0000000)
  eden space 1115648K, 0% used [0x000000076b800000,0x000000076b800000,0x00000007af980000)
  from space 512K, 50% used [0x00000007bd880000,0x00000007bd8c0000,0x00000007bd900000)
  to   space 11776K, 0% used [0x00000007bc200000,0x00000007bc200000,0x00000007bcd80000)
 ParOldGen       total 173568K, used 14744K [0x00000006c2800000, 0x00000006cd180000, 0x000000076b800000)
  object space 173568K, 8% used [0x00000006c2800000,0x00000006c3666050,0x00000006cd180000)
 Metaspace       used 8500K, capacity 8742K, committed 8960K, reserved 1056768K
  class space    used 684K, capacity 722K, committed 768K, reserved 1048576K
}
Event: 11.869 GC heap before
{Heap before GC invocations=19 (full 0):
 PSYoungGen      total 1116160K, used 1115904K [0x000000076b800000, 0x00000007bd900000, 0x00000007c0000000)
  eden space 1115648K, 100% used [0x000000076b800000,0x00000007af980000,0x00000007af980000)
  from space 512K, 50% used [0x00000007bd880000,0x00000007bd8c0000,0x00000007bd900000)
  to   space 11776K, 0% used [0x00000007bc200000,0x00000007bc200000,0x00000007bcd80000)
 ParOldGen       total 173568K, used 14744K [0x00000006c2800000, 0x00000006cd180000, 0x000000076b800000)
  object space 173568K, 8% used [0x00000006c2800000,0x00000006c3666050,0x00000006cd180000)
 Metaspace       used 8501K, capacity 8742K, committed 8960K, reserved 1056768K
  class space    used 684K, capacity 722K, committed 768K, reserved 1048576K
Event: 11.869 GC heap after
Heap after GC invocations=19 (full 0):
 PSYoungGen      total 1075200K, used 192K [0x000000076b800000, 0x00000007bd900000, 0x00000007c0000000)
  eden space 1063424K, 0% used [0x000000076b800000,0x000000076b800000,0x00000007ac680000)
  from space 11776K, 1% used [0x00000007bc200000,0x00000007bc230000,0x00000007bcd80000)
  to   space 11264K, 0% used [0x00000007bce00000,0x00000007bce00000,0x00000007bd900000)
 ParOldGen       total 173568K, used 14744K [0x00000006c2800000, 0x00000006cd180000, 0x000000076b800000)
  object space 173568K, 8% used [0x00000006c2800000,0x00000006c3666050,0x00000006cd180000)
 Metaspace       used 8501K, capacity 8742K, committed 8960K, reserved 1056768K
  class space    used 684K, capacity 722K, committed 768K, reserved 1048576K
}

