# JRE version: Java(TM) SE Runtime Environment (8.0_65-b17) (build 1.8.0_65-b17)
# Java VM: Java HotSpot(TM) 64-Bit Server VM (25.65-b01 mixed mode windows-amd64 compressed oops)
Heap:
 PSYoungGen      total 302080K, used 204263K [0x000000076b800000, 0x0000000792a00000, 0x00000007c0000000)
  eden space 301568K, 67% used [0x000000076b800000,0x0000000777f41d20,0x000000077de80000)
  from space 512K, 43% used [0x0000000792980000,0x00000007929b8000,0x0000000792a00000)
  to   space 2560K, 0% used [0x0000000792500000,0x0000000792500000,0x0000000792780000)
 ParOldGen       total 173568K, used 9156K [0x00000006c2800000, 0x00000006cd180000, 0x000000076b800000)
  object space 173568K, 5% used [0x00000006c2800000,0x00000006c30f1080,0x00000006cd180000)
 Metaspace       used 8346K, capacity 8710K, committed 8960K, reserved 1056768K
  class space    used 658K, capacity 690K, committed 768K, reserved 1048576K
GC Heap History (10 events):
Event: 7.606 GC heap before
{Heap before GC invocations=26 (full 0):
 PSYoungGen      total 375296K, used 372448K [0x000000076b800000, 0x0000000793100000, 0x00000007c0000000)
  eden space 372224K, 100% used [0x000000076b800000,0x0000000782380000,0x0000000782380000)
  from space 3072K, 7% used [0x0000000792b00000,0x0000000792b38000,0x0000000792e00000)
  to   space 3072K, 0% used [0x0000000792e00000,0x0000000792e00000,0x0000000793100000)
 ParOldGen       total 173568K, used 9076K [0x00000006c2800000, 0x00000006cd180000, 0x000000076b800000)
  object space 173568K, 5% used [0x00000006c2800000,0x00000006c30dd080,0x00000006cd180000)
 Metaspace       used 8338K, capacity 8710K, committed 8960K, reserved 1056768K
  class space    used 658K, capacity 690K, committed 768K, reserved 1048576K
Event: 7.606 GC heap after
Heap after GC invocations=26 (full 0):
 PSYoungGen      total 357376K, used 224K [0x000000076b800000, 0x0000000792e80000, 0x00000007c0000000)
  eden space 356864K, 0% used [0x000000076b800000,0x000000076b800000,0x0000000781480000)
  from space 512K, 43% used [0x0000000792e00000,0x0000000792e38000,0x0000000792e80000)
  to   space 3072K, 0% used [0x0000000792880000,0x0000000792880000,0x0000000792b80000)
 ParOldGen       total 173568K, used 9076K [0x00000006c2800000, 0x00000006cd180000, 0x000000076b800000)
  object space 173568K, 5% used [0x00000006c2800000,0x00000006c30dd080,0x00000006cd180000)
 Metaspace       used 8338K, capacity 8710K, committed 8960K, reserved 1056768K
  class space    used 658K, capacity 690K, committed 768K, reserved 1048576K
}
Event: 7.911 GC heap before
{Heap before GC invocations=27 (full 0):
 PSYoungGen      total 357376K, used 357088K [0x000000076b800000, 0x0000000792e80000, 0x00000007c0000000)
  eden space 356864K, 100% used [0x000000076b800000,0x0000000781480000,0x0000000781480000)
  from space 512K, 43% used [0x0000000792e00000,0x0000000792e38000,0x0000000792e80000)
  to   space 3072K, 0% used [0x0000000792880000,0x0000000792880000,0x0000000792b80000)
 ParOldGen       total 173568K, used 9076K [0x00000006c2800000, 0x00000006cd180000, 0x000000076b800000)
  object space 173568K, 5% used [0x00000006c2800000,0x00000006c30dd080,0x00000006cd180000)
 Metaspace       used 8346K, capacity 8710K, committed 8960K, reserved 1056768K
  class space    used 658K, capacity 690K, committed 768K, reserved 1048576K
Event: 7.912 GC heap after
Heap after GC invocations=27 (full 0):
 PSYoungGen      total 345088K, used 160K [0x000000076b800000, 0x0000000792e80000, 0x00000007c0000000)
  eden space 342016K, 0% used [0x000000076b800000,0x000000076b800000,0x0000000780600000)
  from space 3072K, 5% used [0x0000000792880000,0x00000007928a8000,0x0000000792b80000)
  to   space 3072K, 0% used [0x0000000792b80000,0x0000000792b80000,0x0000000792e80000)
 ParOldGen       total 173568K, used 9076K [0x00000006c2800000, 0x00000006cd180000, 0x000000076b800000)
  object space 173568K, 5% used [0x00000006c2800000,0x00000006c30dd080,0x00000006cd180000)
 Metaspace       used 8346K, capacity 8710K, committed 8960K, reserved 1056768K
  class space    used 658K, capacity 690K, committed 768K, reserved 1048576K
}
Event: 8.164 GC heap before
{Heap before GC invocations=28 (full 0):
 PSYoungGen      total 345088K, used 342176K [0x000000076b800000, 0x0000000792e80000, 0x00000007c0000000)
  eden space 342016K, 100% used [0x000000076b800000,0x0000000780600000,0x0000000780600000)
  from space 3072K, 5% used [0x0000000792880000,0x00000007928a8000,0x0000000792b80000)
  to   space 3072K, 0% used [0x0000000792b80000,0x0000000792b80000,0x0000000792e80000)
 ParOldGen       total 173568K, used 9076K [0x00000006c2800000, 0x00000006cd180000, 0x000000076b800000)
  object space 173568K, 5% used [0x00000006c2800000,0x00000006c30dd080,0x00000006cd180000)
 Metaspace       used 8346K, capacity 8710K, committed 8960K, reserved 1056768K
  class space    used 658K, capacity 690K, committed 768K, reserved 1048576K
Event: 8.164 GC heap after
Heap after GC invocations=28 (full 0):
 PSYoungGen      total 328192K, used 224K [0x000000076b800000, 0x0000000792c00000, 0x00000007c0000000)
  eden space 327680K, 0% used [0x000000076b800000,0x000000076b800000,0x000000077f800000)
  from space 512K, 43% used [0x0000000792b80000,0x0000000792bb8000,0x0000000792c00000)
  to   space 2560K, 0% used [0x0000000792700000,0x0000000792700000,0x0000000792980000)
 ParOldGen       total 173568K, used 9108K [0x00000006c2800000, 0x00000006cd180000, 0x000000076b800000)
  object space 173568K, 5% used [0x00000006c2800000,0x00000006c30e5080,0x00000006cd180000)
 Metaspace       used 8346K, capacity 8710K, committed 8960K, reserved 1056768K
  class space    used 658K, capacity 690K, committed 768K, reserved 1048576K
}
Event: 8.495 GC heap before
{Heap before GC invocations=29 (full 0):
 PSYoungGen      total 328192K, used 327904K [0x000000076b800000, 0x0000000792c00000, 0x00000007c0000000)
  eden space 327680K, 100% used [0x000000076b800000,0x000000077f800000,0x000000077f800000)
  from space 512K, 43% used [0x0000000792b80000,0x0000000792bb8000,0x0000000792c00000)
  to   space 2560K, 0% used [0x0000000792700000,0x0000000792700000,0x0000000792980000)
 ParOldGen       total 173568K, used 9108K [0x00000006c2800000, 0x00000006cd180000, 0x000000076b800000)
  object space 173568K, 5% used [0x00000006c2800000,0x00000006c30e5080,0x00000006cd180000)
 Metaspace       used 8346K, capacity 8710K, committed 8960K, reserved 1056768K
  class space    used 658K, capacity 690K, committed 768K, reserved 1048576K
Event: 8.495 GC heap after
Heap after GC invocations=29 (full 0):
 PSYoungGen      total 316928K, used 192K [0x000000076b800000, 0x0000000792c00000, 0x00000007c0000000)
  eden space 314368K, 0% used [0x000000076b800000,0x000000076b800000,0x000000077eb00000)
  from space 2560K, 7% used [0x0000000792700000,0x0000000792730000,0x0000000792980000)
  to   space 2560K, 0% used [0x0000000792980000,0x0000000792980000,0x0000000792c00000)
 ParOldGen       total 173568K, used 9108K [0x00000006c2800000, 0x00000006cd180000, 0x000000076b800000)
  object space 173568K, 5% used [0x00000006c2800000,0x00000006c30e5080,0x00000006cd180000)
 Metaspace       used 8346K, capacity 8710K, committed 8960K, reserved 1056768K
  class space    used 658K, capacity 690K, committed 768K, reserved 1048576K
}
Event: 8.817 GC heap before
{Heap before GC invocations=30 (full 0):
 PSYoungGen      total 316928K, used 314560K [0x000000076b800000, 0x0000000792c00000, 0x00000007c0000000)
  eden space 314368K, 100% used [0x000000076b800000,0x000000077eb00000,0x000000077eb00000)
  from space 2560K, 7% used [0x0000000792700000,0x0000000792730000,0x0000000792980000)
  to   space 2560K, 0% used [0x0000000792980000,0x0000000792980000,0x0000000792c00000)
 ParOldGen       total 173568K, used 9108K [0x00000006c2800000, 0x00000006cd180000, 0x000000076b800000)
  object space 173568K, 5% used [0x00000006c2800000,0x00000006c30e5080,0x00000006cd180000)
 Metaspace       used 8346K, capacity 8710K, committed 8960K, reserved 1056768K
  class space    used 658K, capacity 690K, committed 768K, reserved 1048576K
Event: 8.818 GC heap after
Heap after GC invocations=30 (full 0):
 PSYoungGen      total 302080K, used 224K [0x000000076b800000, 0x0000000792a00000, 0x00000007c0000000)
  eden space 301568K, 0% used [0x000000076b800000,0x000000076b800000,0x000000077de80000)
  from space 512K, 43% used [0x0000000792980000,0x00000007929b8000,0x0000000792a00000)
  to   space 2560K, 0% used [0x0000000792500000,0x0000000792500000,0x0000000792780000)
 ParOldGen       total 173568K, used 9156K [0x00000006c2800000, 0x00000006cd180000, 0x000000076b800000)
  object space 173568K, 5% used [0x00000006c2800000,0x00000006c30f1080,0x00000006cd180000)
 Metaspace       used 8346K, capacity 8710K, committed 8960K, reserved 1056768K
  class space    used 658K, capacity 690K, committed 768K, reserved 1048576K
}

