# JRE version: Java(TM) SE Runtime Environment (8.0_65-b17) (build 1.8.0_65-b17)
# Java VM: Java HotSpot(TM) 64-Bit Server VM (25.65-b01 mixed mode windows-amd64 compressed oops)
Heap:
 PSYoungGen      total 525312K, used 228240K [0x000000076b800000, 0x000000078be00000, 0x00000007c0000000)
  eden space 520192K, 43% used [0x000000076b800000,0x00000007796ac350,0x000000078b400000)
  from space 5120K, 4% used [0x000000078b900000,0x000000078b938000,0x000000078be00000)
  to   space 5120K, 0% used [0x000000078b400000,0x000000078b400000,0x000000078b900000)
 ParOldGen       total 173568K, used 2062K [0x00000006c2800000, 0x00000006cd180000, 0x000000076b800000)
  object space 173568K, 1% used [0x00000006c2800000,0x00000006c2a038b8,0x00000006cd180000)
 Metaspace       used 9561K, capacity 9710K, committed 9856K, reserved 1058816K
  class space    used 773K, capacity 826K, committed 896K, reserved 1048576K
GC Heap History (10 events):
Event: 1.044 GC heap before
{Heap before GC invocations=4 (full 0):
 PSYoungGen      total 75776K, used 67094K [0x000000076b800000, 0x0000000774c00000, 0x00000007c0000000)
  eden space 65024K, 100% used [0x000000076b800000,0x000000076f780000,0x000000076f780000)
  from space 10752K, 19% used [0x000000076f780000,0x000000076f985878,0x0000000770200000)
  to   space 10752K, 0% used [0x0000000774180000,0x0000000774180000,0x0000000774c00000)
 ParOldGen       total 173568K, used 24K [0x00000006c2800000, 0x00000006cd180000, 0x000000076b800000)
  object space 173568K, 0% used [0x00000006c2800000,0x00000006c2806000,0x00000006cd180000)
 Metaspace       used 9534K, capacity 9710K, committed 9856K, reserved 1058816K
  class space    used 773K, capacity 826K, committed 896K, reserved 1048576K
Event: 1.045 GC heap after
Heap after GC invocations=4 (full 0):
 PSYoungGen      total 140800K, used 2102K [0x000000076b800000, 0x0000000774c00000, 0x00000007c0000000)
  eden space 130048K, 0% used [0x000000076b800000,0x000000076b800000,0x0000000773700000)
  from space 10752K, 19% used [0x0000000774180000,0x000000077438d878,0x0000000774c00000)
  to   space 10752K, 0% used [0x0000000773700000,0x0000000773700000,0x0000000774180000)
 ParOldGen       total 173568K, used 32K [0x00000006c2800000, 0x00000006cd180000, 0x000000076b800000)
  object space 173568K, 0% used [0x00000006c2800000,0x00000006c2808000,0x00000006cd180000)
 Metaspace       used 9534K, capacity 9710K, committed 9856K, reserved 1058816K
  class space    used 773K, capacity 826K, committed 896K, reserved 1048576K
}
Event: 1.178 GC heap before
{Heap before GC invocations=5 (full 0):
 PSYoungGen      total 140800K, used 132150K [0x000000076b800000, 0x0000000774c00000, 0x00000007c0000000)
  eden space 130048K, 100% used [0x000000076b800000,0x0000000773700000,0x0000000773700000)
  from space 10752K, 19% used [0x0000000774180000,0x000000077438d878,0x0000000774c00000)
  to   space 10752K, 0% used [0x0000000773700000,0x0000000773700000,0x0000000774180000)
 ParOldGen       total 173568K, used 32K [0x00000006c2800000, 0x00000006cd180000, 0x000000076b800000)
  object space 173568K, 0% used [0x00000006c2800000,0x00000006c2808000,0x00000006cd180000)
 Metaspace       used 9538K, capacity 9710K, committed 9856K, reserved 1058816K
  class space    used 773K, capacity 826K, committed 896K, reserved 1048576K
Event: 1.179 GC heap after
Heap after GC invocations=5 (full 0):
 PSYoungGen      total 140800K, used 2102K [0x000000076b800000, 0x000000077c000000, 0x00000007c0000000)
  eden space 130048K, 0% used [0x000000076b800000,0x000000076b800000,0x0000000773700000)
  from space 10752K, 19% used [0x0000000773700000,0x000000077390d878,0x0000000774180000)
  to   space 5120K, 0% used [0x000000077bb00000,0x000000077bb00000,0x000000077c000000)
 ParOldGen       total 173568K, used 40K [0x00000006c2800000, 0x00000006cd180000, 0x000000076b800000)
  object space 173568K, 0% used [0x00000006c2800000,0x00000006c280a000,0x00000006cd180000)
 Metaspace       used 9538K, capacity 9710K, committed 9856K, reserved 1058816K
  class space    used 773K, capacity 826K, committed 896K, reserved 1048576K
}
Event: 1.251 GC heap before
{Heap before GC invocations=6 (full 0):
 PSYoungGen      total 140800K, used 132150K [0x000000076b800000, 0x000000077c000000, 0x00000007c0000000)
  eden space 130048K, 100% used [0x000000076b800000,0x0000000773700000,0x0000000773700000)
  from space 10752K, 19% used [0x0000000773700000,0x000000077390d878,0x0000000774180000)
  to   space 5120K, 0% used [0x000000077bb00000,0x000000077bb00000,0x000000077c000000)
 ParOldGen       total 173568K, used 40K [0x00000006c2800000, 0x00000006cd180000, 0x000000076b800000)
  object space 173568K, 0% used [0x00000006c2800000,0x00000006c280a000,0x00000006cd180000)
 Metaspace       used 9548K, capacity 9710K, committed 9856K, reserved 1058816K
  class space    used 773K, capacity 826K, committed 896K, reserved 1048576K
Event: 1.253 GC heap after
Heap after GC invocations=6 (full 0):
 PSYoungGen      total 265216K, used 2102K [0x000000076b800000, 0x000000077c000000, 0x00000007c0000000)
  eden space 260096K, 0% used [0x000000076b800000,0x000000076b800000,0x000000077b600000)
  from space 5120K, 41% used [0x000000077bb00000,0x000000077bd0d878,0x000000077c000000)
  to   space 5120K, 0% used [0x000000077b600000,0x000000077b600000,0x000000077bb00000)
 ParOldGen       total 173568K, used 48K [0x00000006c2800000, 0x00000006cd180000, 0x000000076b800000)
  object space 173568K, 0% used [0x00000006c2800000,0x00000006c280c000,0x00000006cd180000)
 Metaspace       used 9548K, capacity 9710K, committed 9856K, reserved 1058816K
  class space    used 773K, capacity 826K, committed 896K, reserved 1048576K
}
Event: 1.416 GC heap before
{Heap before GC invocations=7 (full 0):
 PSYoungGen      total 265216K, used 262198K [0x000000076b800000, 0x000000077c000000, 0x00000007c0000000)
  eden space 260096K, 100% used [0x000000076b800000,0x000000077b600000,0x000000077b600000)
  from space 5120K, 41% used [0x000000077bb00000,0x000000077bd0d878,0x000000077c000000)
  to   space 5120K, 0% used [0x000000077b600000,0x000000077b600000,0x000000077bb00000)
 ParOldGen       total 173568K, used 48K [0x00000006c2800000, 0x00000006cd180000, 0x000000076b800000)
  object space 173568K, 0% used [0x00000006c2800000,0x00000006c280c000,0x00000006cd180000)
 Metaspace       used 9556K, capacity 9710K, committed 9856K, reserved 1058816K
  class space    used 773K, capacity 826K, committed 896K, reserved 1048576K
Event: 1.418 GC heap after
Heap after GC invocations=7 (full 0):
 PSYoungGen      total 265216K, used 96K [0x000000076b800000, 0x000000078be00000, 0x00000007c0000000)
  eden space 260096K, 0% used [0x000000076b800000,0x000000076b800000,0x000000077b600000)
  from space 5120K, 1% used [0x000000077b600000,0x000000077b618000,0x000000077bb00000)
  to   space 5120K, 0% used [0x000000078b900000,0x000000078b900000,0x000000078be00000)
 ParOldGen       total 173568K, used 2062K [0x00000006c2800000, 0x00000006cd180000, 0x000000076b800000)
  object space 173568K, 1% used [0x00000006c2800000,0x00000006c2a038b8,0x00000006cd180000)
 Metaspace       used 9556K, capacity 9710K, committed 9856K, reserved 1058816K
  class space    used 773K, capacity 826K, committed 896K, reserved 1048576K
}
Event: 1.560 GC heap before
{Heap before GC invocations=8 (full 0):
 PSYoungGen      total 265216K, used 260192K [0x000000076b800000, 0x000000078be00000, 0x00000007c0000000)
  eden space 260096K, 100% used [0x000000076b800000,0x000000077b600000,0x000000077b600000)
  from space 5120K, 1% used [0x000000077b600000,0x000000077b618000,0x000000077bb00000)
  to   space 5120K, 0% used [0x000000078b900000,0x000000078b900000,0x000000078be00000)
 ParOldGen       total 173568K, used 2062K [0x00000006c2800000, 0x00000006cd180000, 0x000000076b800000)
  object space 173568K, 1% used [0x00000006c2800000,0x00000006c2a038b8,0x00000006cd180000)
 Metaspace       used 9557K, capacity 9710K, committed 9856K, reserved 1058816K
  class space    used 773K, capacity 826K, committed 896K, reserved 1048576K
Event: 1.560 GC heap after
Heap after GC invocations=8 (full 0):
 PSYoungGen      total 525312K, used 224K [0x000000076b800000, 0x000000078be00000, 0x00000007c0000000)
  eden space 520192K, 0% used [0x000000076b800000,0x000000076b800000,0x000000078b400000)
  from space 5120K, 4% used [0x000000078b900000,0x000000078b938000,0x000000078be00000)
  to   space 5120K, 0% used [0x000000078b400000,0x000000078b400000,0x000000078b900000)
 ParOldGen       total 173568K, used 2062K [0x00000006c2800000, 0x00000006cd180000, 0x000000076b800000)
  object space 173568K, 1% used [0x00000006c2800000,0x00000006c2a038b8,0x00000006cd180000)
 Metaspace       used 9557K, capacity 9710K, committed 9856K, reserved 1058816K
  class space    used 773K, capacity 826K, committed 896K, reserved 1048576K
}

