# JRE version: Java(TM) SE Runtime Environment (8.0_65-b17) (build 1.8.0_65-b17)
# Java VM: Java HotSpot(TM) 64-Bit Server VM (25.65-b01 mixed mode windows-amd64 compressed oops)
Heap:
 PSYoungGen      total 186880K, used 50349K [0x000000076b800000, 0x000000077b180000, 0x00000007c0000000)
  eden space 184320K, 27% used [0x000000076b800000,0x000000076e91b4b0,0x0000000776c00000)
  from space 2560K, 2% used [0x000000077ac80000,0x000000077ac90000,0x000000077af00000)
  to   space 2560K, 0% used [0x000000077af00000,0x000000077af00000,0x000000077b180000)
 ParOldGen       total 173568K, used 1200K [0x00000006c2800000, 0x00000006cd180000, 0x000000076b800000)
  object space 173568K, 0% used [0x00000006c2800000,0x00000006c292c050,0x00000006cd180000)
 Metaspace       used 7981K, capacity 8550K, committed 8704K, reserved 1056768K
  class space    used 642K, capacity 658K, committed 768K, reserved 1048576K
GC Heap History (10 events):
Event: 1.435 GC heap before
{Heap before GC invocations=11 (full 0):
 PSYoungGen      total 222208K, used 221760K [0x000000076b800000, 0x000000077b580000, 0x00000007c0000000)
  eden space 221696K, 100% used [0x000000076b800000,0x0000000779080000,0x0000000779080000)
  from space 512K, 12% used [0x000000077b500000,0x000000077b510000,0x000000077b580000)
  to   space 2560K, 0% used [0x000000077b080000,0x000000077b080000,0x000000077b300000)
 ParOldGen       total 173568K, used 1200K [0x00000006c2800000, 0x00000006cd180000, 0x000000076b800000)
  object space 173568K, 0% used [0x00000006c2800000,0x00000006c292c050,0x00000006cd180000)
 Metaspace       used 7979K, capacity 8486K, committed 8704K, reserved 1056768K
  class space    used 642K, capacity 658K, committed 768K, reserved 1048576K
Event: 1.436 GC heap after
Heap after GC invocations=11 (full 0):
 PSYoungGen      total 216064K, used 32K [0x000000076b800000, 0x000000077b580000, 0x00000007c0000000)
  eden space 213504K, 0% used [0x000000076b800000,0x000000076b800000,0x0000000778880000)
  from space 2560K, 1% used [0x000000077b080000,0x000000077b088000,0x000000077b300000)
  to   space 2560K, 0% used [0x000000077b300000,0x000000077b300000,0x000000077b580000)
 ParOldGen       total 173568K, used 1200K [0x00000006c2800000, 0x00000006cd180000, 0x000000076b800000)
  object space 173568K, 0% used [0x00000006c2800000,0x00000006c292c050,0x00000006cd180000)
 Metaspace       used 7979K, capacity 8486K, committed 8704K, reserved 1056768K
  class space    used 642K, capacity 658K, committed 768K, reserved 1048576K
}
Event: 1.525 GC heap before
{Heap before GC invocations=12 (full 0):
 PSYoungGen      total 216064K, used 213536K [0x000000076b800000, 0x000000077b580000, 0x00000007c0000000)
  eden space 213504K, 100% used [0x000000076b800000,0x0000000778880000,0x0000000778880000)
  from space 2560K, 1% used [0x000000077b080000,0x000000077b088000,0x000000077b300000)
  to   space 2560K, 0% used [0x000000077b300000,0x000000077b300000,0x000000077b580000)
 ParOldGen       total 173568K, used 1200K [0x00000006c2800000, 0x00000006cd180000, 0x000000076b800000)
  object space 173568K, 0% used [0x00000006c2800000,0x00000006c292c050,0x00000006cd180000)
 Metaspace       used 7979K, capacity 8486K, committed 8704K, reserved 1056768K
  class space    used 642K, capacity 658K, committed 768K, reserved 1048576K
Event: 1.526 GC heap after
Heap after GC invocations=12 (full 0):
 PSYoungGen      total 206336K, used 64K [0x000000076b800000, 0x000000077b380000, 0x00000007c0000000)
  eden space 205824K, 0% used [0x000000076b800000,0x000000076b800000,0x0000000778100000)
  from space 512K, 12% used [0x000000077b300000,0x000000077b310000,0x000000077b380000)
  to   space 2560K, 0% used [0x000000077ae80000,0x000000077ae80000,0x000000077b100000)
 ParOldGen       total 173568K, used 1200K [0x00000006c2800000, 0x00000006cd180000, 0x000000076b800000)
  object space 173568K, 0% used [0x00000006c2800000,0x00000006c292c050,0x00000006cd180000)
 Metaspace       used 7979K, capacity 8486K, committed 8704K, reserved 1056768K
  class space    used 642K, capacity 658K, committed 768K, reserved 1048576K
}
Event: 1.607 GC heap before
{Heap before GC invocations=13 (full 0):
 PSYoungGen      total 206336K, used 205888K [0x000000076b800000, 0x000000077b380000, 0x00000007c0000000)
  eden space 205824K, 100% used [0x000000076b800000,0x0000000778100000,0x0000000778100000)
  from space 512K, 12% used [0x000000077b300000,0x000000077b310000,0x000000077b380000)
  to   space 2560K, 0% used [0x000000077ae80000,0x000000077ae80000,0x000000077b100000)
 ParOldGen       total 173568K, used 1200K [0x00000006c2800000, 0x00000006cd180000, 0x000000076b800000)
  object space 173568K, 0% used [0x00000006c2800000,0x00000006c292c050,0x00000006cd180000)
 Metaspace       used 7979K, capacity 8486K, committed 8704K, reserved 1056768K
  class space    used 642K, capacity 658K, committed 768K, reserved 1048576K
Event: 1.608 GC heap after
Heap after GC invocations=13 (full 0):
 PSYoungGen      total 200704K, used 96K [0x000000076b800000, 0x000000077b380000, 0x00000007c0000000)
  eden space 198144K, 0% used [0x000000076b800000,0x000000076b800000,0x0000000777980000)
  from space 2560K, 3% used [0x000000077ae80000,0x000000077ae98000,0x000000077b100000)
  to   space 2560K, 0% used [0x000000077b100000,0x000000077b100000,0x000000077b380000)
 ParOldGen       total 173568K, used 1200K [0x00000006c2800000, 0x00000006cd180000, 0x000000076b800000)
  object space 173568K, 0% used [0x00000006c2800000,0x00000006c292c050,0x00000006cd180000)
 Metaspace       used 7979K, capacity 8486K, committed 8704K, reserved 1056768K
  class space    used 642K, capacity 658K, committed 768K, reserved 1048576K
}
Event: 1.791 GC heap before
{Heap before GC invocations=14 (full 0):
 PSYoungGen      total 200704K, used 198240K [0x000000076b800000, 0x000000077b380000, 0x00000007c0000000)
  eden space 198144K, 100% used [0x000000076b800000,0x0000000777980000,0x0000000777980000)
  from space 2560K, 3% used [0x000000077ae80000,0x000000077ae98000,0x000000077b100000)
  to   space 2560K, 0% used [0x000000077b100000,0x000000077b100000,0x000000077b380000)
 ParOldGen       total 173568K, used 1200K [0x00000006c2800000, 0x00000006cd180000, 0x000000076b800000)
  object space 173568K, 0% used [0x00000006c2800000,0x00000006c292c050,0x00000006cd180000)
 Metaspace       used 7980K, capacity 8486K, committed 8704K, reserved 1056768K
  class space    used 642K, capacity 658K, committed 768K, reserved 1048576K
Event: 1.792 GC heap after
Heap after GC invocations=14 (full 0):
 PSYoungGen      total 191488K, used 32K [0x000000076b800000, 0x000000077b180000, 0x00000007c0000000)
  eden space 190976K, 0% used [0x000000076b800000,0x000000076b800000,0x0000000777280000)
  from space 512K, 6% used [0x000000077b100000,0x000000077b108000,0x000000077b180000)
  to   space 2560K, 0% used [0x000000077ac80000,0x000000077ac80000,0x000000077af00000)
 ParOldGen       total 173568K, used 1200K [0x00000006c2800000, 0x00000006cd180000, 0x000000076b800000)
  object space 173568K, 0% used [0x00000006c2800000,0x00000006c292c050,0x00000006cd180000)
 Metaspace       used 7980K, capacity 8486K, committed 8704K, reserved 1056768K
  class space    used 642K, capacity 658K, committed 768K, reserved 1048576K
}
Event: 1.943 GC heap before
{Heap before GC invocations=15 (full 0):
 PSYoungGen      total 191488K, used 191008K [0x000000076b800000, 0x000000077b180000, 0x00000007c0000000)
  eden space 190976K, 100% used [0x000000076b800000,0x0000000777280000,0x0000000777280000)
  from space 512K, 6% used [0x000000077b100000,0x000000077b108000,0x000000077b180000)
  to   space 2560K, 0% used [0x000000077ac80000,0x000000077ac80000,0x000000077af00000)
 ParOldGen       total 173568K, used 1200K [0x00000006c2800000, 0x00000006cd180000, 0x000000076b800000)
  object space 173568K, 0% used [0x00000006c2800000,0x00000006c292c050,0x00000006cd180000)
 Metaspace       used 7981K, capacity 8550K, committed 8704K, reserved 1056768K
  class space    used 642K, capacity 658K, committed 768K, reserved 1048576K
Event: 1.944 GC heap after
Heap after GC invocations=15 (full 0):
 PSYoungGen      total 186880K, used 64K [0x000000076b800000, 0x000000077b180000, 0x00000007c0000000)
  eden space 184320K, 0% used [0x000000076b800000,0x000000076b800000,0x0000000776c00000)
  from space 2560K, 2% used [0x000000077ac80000,0x000000077ac90000,0x000000077af00000)
  to   space 2560K, 0% used [0x000000077af00000,0x000000077af00000,0x000000077b180000)
 ParOldGen       total 173568K, used 1200K [0x00000006c2800000, 0x00000006cd180000, 0x000000076b800000)
  object space 173568K, 0% used [0x00000006c2800000,0x00000006c292c050,0x00000006cd180000)
 Metaspace       used 7981K, capacity 8550K, committed 8704K, reserved 1056768K
  class space    used 642K, capacity 658K, committed 768K, reserved 1048576K
}

