# JRE version: Java(TM) SE Runtime Environment (8.0_65-b17) (build 1.8.0_65-b17)
# Java VM: Java HotSpot(TM) 64-Bit Server VM (25.65-b01 mixed mode windows-amd64 compressed oops)
Heap:
 PSYoungGen      total 94208K, used 19714K [0x000000076b800000, 0x000000077a600000, 0x00000007c0000000)
  eden space 93696K, 20% used [0x000000076b800000,0x000000076cb30828,0x0000000771380000)
  from space 512K, 12% used [0x000000077a580000,0x000000077a590000,0x000000077a600000)
  to   space 1024K, 0% used [0x000000077a400000,0x000000077a400000,0x000000077a500000)
 ParOldGen       total 173568K, used 2155K [0x00000006c2800000, 0x00000006cd180000, 0x000000076b800000)
  object space 173568K, 1% used [0x00000006c2800000,0x00000006c2a1ad48,0x00000006cd180000)
 Metaspace       used 7985K, capacity 8550K, committed 8704K, reserved 1056768K
  class space    used 642K, capacity 658K, committed 768K, reserved 1048576K
GC Heap History (10 events):
Event: 4.415 GC heap before
{Heap before GC invocations=32 (full 0):
 PSYoungGen      total 109056K, used 108096K [0x000000076b800000, 0x000000077a780000, 0x00000007c0000000)
  eden space 108032K, 100% used [0x000000076b800000,0x0000000772180000,0x0000000772180000)
  from space 1024K, 6% used [0x000000077a580000,0x000000077a590000,0x000000077a680000)
  to   space 1024K, 0% used [0x000000077a680000,0x000000077a680000,0x000000077a780000)
 ParOldGen       total 173568K, used 2155K [0x00000006c2800000, 0x00000006cd180000, 0x000000076b800000)
  object space 173568K, 1% used [0x00000006c2800000,0x00000006c2a1ad48,0x00000006cd180000)
 Metaspace       used 7985K, capacity 8550K, committed 8704K, reserved 1056768K
  class space    used 642K, capacity 658K, committed 768K, reserved 1048576K
Event: 4.415 GC heap after
Heap after GC invocations=32 (full 0):
 PSYoungGen      total 105472K, used 64K [0x000000076b800000, 0x000000077a700000, 0x00000007c0000000)
  eden space 104960K, 0% used [0x000000076b800000,0x000000076b800000,0x0000000771e80000)
  from space 512K, 12% used [0x000000077a680000,0x000000077a690000,0x000000077a700000)
  to   space 1024K, 0% used [0x000000077a500000,0x000000077a500000,0x000000077a600000)
 ParOldGen       total 173568K, used 2155K [0x00000006c2800000, 0x00000006cd180000, 0x000000076b800000)
  object space 173568K, 1% used [0x00000006c2800000,0x00000006c2a1ad48,0x00000006cd180000)
 Metaspace       used 7985K, capacity 8550K, committed 8704K, reserved 1056768K
  class space    used 642K, capacity 658K, committed 768K, reserved 1048576K
}
Event: 4.528 GC heap before
{Heap before GC invocations=33 (full 0):
 PSYoungGen      total 105472K, used 105024K [0x000000076b800000, 0x000000077a700000, 0x00000007c0000000)
  eden space 104960K, 100% used [0x000000076b800000,0x0000000771e80000,0x0000000771e80000)
  from space 512K, 12% used [0x000000077a680000,0x000000077a690000,0x000000077a700000)
  to   space 1024K, 0% used [0x000000077a500000,0x000000077a500000,0x000000077a600000)
 ParOldGen       total 173568K, used 2155K [0x00000006c2800000, 0x00000006cd180000, 0x000000076b800000)
  object space 173568K, 1% used [0x00000006c2800000,0x00000006c2a1ad48,0x00000006cd180000)
 Metaspace       used 7985K, capacity 8550K, committed 8704K, reserved 1056768K
  class space    used 642K, capacity 658K, committed 768K, reserved 1048576K
Event: 4.529 GC heap after
Heap after GC invocations=33 (full 0):
 PSYoungGen      total 102912K, used 96K [0x000000076b800000, 0x000000077a700000, 0x00000007c0000000)
  eden space 101888K, 0% used [0x000000076b800000,0x000000076b800000,0x0000000771b80000)
  from space 1024K, 9% used [0x000000077a500000,0x000000077a518000,0x000000077a600000)
  to   space 1024K, 0% used [0x000000077a600000,0x000000077a600000,0x000000077a700000)
 ParOldGen       total 173568K, used 2155K [0x00000006c2800000, 0x00000006cd180000, 0x000000076b800000)
  object space 173568K, 1% used [0x00000006c2800000,0x00000006c2a1ad48,0x00000006cd180000)
 Metaspace       used 7985K, capacity 8550K, committed 8704K, reserved 1056768K
  class space    used 642K, capacity 658K, committed 768K, reserved 1048576K
}
Event: 4.605 GC heap before
{Heap before GC invocations=34 (full 0):
 PSYoungGen      total 102912K, used 101984K [0x000000076b800000, 0x000000077a700000, 0x00000007c0000000)
  eden space 101888K, 100% used [0x000000076b800000,0x0000000771b80000,0x0000000771b80000)
  from space 1024K, 9% used [0x000000077a500000,0x000000077a518000,0x000000077a600000)
  to   space 1024K, 0% used [0x000000077a600000,0x000000077a600000,0x000000077a700000)
 ParOldGen       total 173568K, used 2155K [0x00000006c2800000, 0x00000006cd180000, 0x000000076b800000)
  object space 173568K, 1% used [0x00000006c2800000,0x00000006c2a1ad48,0x00000006cd180000)
 Metaspace       used 7985K, capacity 8550K, committed 8704K, reserved 1056768K
  class space    used 642K, capacity 658K, committed 768K, reserved 1048576K
Event: 4.606 GC heap after
Heap after GC invocations=34 (full 0):
 PSYoungGen      total 99328K, used 64K [0x000000076b800000, 0x000000077a680000, 0x00000007c0000000)
  eden space 98816K, 0% used [0x000000076b800000,0x000000076b800000,0x0000000771880000)
  from space 512K, 12% used [0x000000077a600000,0x000000077a610000,0x000000077a680000)
  to   space 1024K, 0% used [0x000000077a480000,0x000000077a480000,0x000000077a580000)
 ParOldGen       total 173568K, used 2155K [0x00000006c2800000, 0x00000006cd180000, 0x000000076b800000)
  object space 173568K, 1% used [0x00000006c2800000,0x00000006c2a1ad48,0x00000006cd180000)
 Metaspace       used 7985K, capacity 8550K, committed 8704K, reserved 1056768K
  class space    used 642K, capacity 658K, committed 768K, reserved 1048576K
}
Event: 4.711 GC heap before
{Heap before GC invocations=35 (full 0):
 PSYoungGen      total 99328K, used 98880K [0x000000076b800000, 0x000000077a680000, 0x00000007c0000000)
  eden space 98816K, 100% used [0x000000076b800000,0x0000000771880000,0x0000000771880000)
  from space 512K, 12% used [0x000000077a600000,0x000000077a610000,0x000000077a680000)
  to   space 1024K, 0% used [0x000000077a480000,0x000000077a480000,0x000000077a580000)
 ParOldGen       total 173568K, used 2155K [0x00000006c2800000, 0x00000006cd180000, 0x000000076b800000)
  object space 173568K, 1% used [0x00000006c2800000,0x00000006c2a1ad48,0x00000006cd180000)
 Metaspace       used 7985K, capacity 8550K, committed 8704K, reserved 1056768K
  class space    used 642K, capacity 658K, committed 768K, reserved 1048576K
Event: 4.712 GC heap after
Heap after GC invocations=35 (full 0):
 PSYoungGen      total 97280K, used 64K [0x000000076b800000, 0x000000077a680000, 0x00000007c0000000)
  eden space 96256K, 0% used [0x000000076b800000,0x000000076b800000,0x0000000771600000)
  from space 1024K, 6% used [0x000000077a480000,0x000000077a490000,0x000000077a580000)
  to   space 1024K, 0% used [0x000000077a580000,0x000000077a580000,0x000000077a680000)
 ParOldGen       total 173568K, used 2155K [0x00000006c2800000, 0x00000006cd180000, 0x000000076b800000)
  object space 173568K, 1% used [0x00000006c2800000,0x00000006c2a1ad48,0x00000006cd180000)
 Metaspace       used 7985K, capacity 8550K, committed 8704K, reserved 1056768K
  class space    used 642K, capacity 658K, committed 768K, reserved 1048576K
}
Event: 4.829 GC heap before
{Heap before GC invocations=36 (full 0):
 PSYoungGen      total 97280K, used 96320K [0x000000076b800000, 0x000000077a680000, 0x00000007c0000000)
  eden space 96256K, 100% used [0x000000076b800000,0x0000000771600000,0x0000000771600000)
  from space 1024K, 6% used [0x000000077a480000,0x000000077a490000,0x000000077a580000)
  to   space 1024K, 0% used [0x000000077a580000,0x000000077a580000,0x000000077a680000)
 ParOldGen       total 173568K, used 2155K [0x00000006c2800000, 0x00000006cd180000, 0x000000076b800000)
  object space 173568K, 1% used [0x00000006c2800000,0x00000006c2a1ad48,0x00000006cd180000)
 Metaspace       used 7985K, capacity 8550K, committed 8704K, reserved 1056768K
  class space    used 642K, capacity 658K, committed 768K, reserved 1048576K
Event: 4.829 GC heap after
Heap after GC invocations=36 (full 0):
 PSYoungGen      total 94208K, used 64K [0x000000076b800000, 0x000000077a600000, 0x00000007c0000000)
  eden space 93696K, 0% used [0x000000076b800000,0x000000076b800000,0x0000000771380000)
  from space 512K, 12% used [0x000000077a580000,0x000000077a590000,0x000000077a600000)
  to   space 1024K, 0% used [0x000000077a400000,0x000000077a400000,0x000000077a500000)
 ParOldGen       total 173568K, used 2155K [0x00000006c2800000, 0x00000006cd180000, 0x000000076b800000)
  object space 173568K, 1% used [0x00000006c2800000,0x00000006c2a1ad48,0x00000006cd180000)
 Metaspace       used 7985K, capacity 8550K, committed 8704K, reserved 1056768K
  class space    used 642K, capacity 658K, committed 768K, reserved 1048576K
}

