# JRE version: Java(TM) SE Runtime Environment (8.0_65-b17) (build 1.8.0_65-b17)
# Java VM: Java HotSpot(TM) 64-Bit Server VM (25.65-b01 mixed mode windows-amd64 compressed oops)
Heap:
 PSYoungGen      total 1059328K, used 189917K [0x000000076b800000, 0x00000007ad100000, 0x00000007c0000000)
  eden space 1045504K, 18% used [0x000000076b800000,0x000000077713f570,0x00000007ab500000)
  from space 13824K, 1% used [0x00000007ac380000,0x00000007ac3b8000,0x00000007ad100000)
  to   space 14336K, 0% used [0x00000007ab500000,0x00000007ab500000,0x00000007ac300000)
 ParOldGen       total 173568K, used 35306K [0x00000006c2800000, 0x00000006cd180000, 0x000000076b800000)
  object space 173568K, 20% used [0x00000006c2800000,0x00000006c4a7a960,0x00000006cd180000)
 Metaspace       used 8300K, capacity 8710K, committed 8960K, reserved 1056768K
  class space    used 659K, capacity 690K, committed 768K, reserved 1048576K
GC Heap History (10 events):
Event: 1.218 GC heap before
{Heap before GC invocations=10 (full 0):
 PSYoungGen      total 262144K, used 262120K [0x000000076b800000, 0x0000000785c80000, 0x00000007c0000000)
  eden space 260096K, 100% used [0x000000076b800000,0x000000077b600000,0x000000077b600000)
  from space 2048K, 98% used [0x000000077b600000,0x000000077b7fa1e0,0x000000077b800000)
  to   space 7168K, 0% used [0x0000000785580000,0x0000000785580000,0x0000000785c80000)
 ParOldGen       total 173568K, used 13130K [0x00000006c2800000, 0x00000006cd180000, 0x000000076b800000)
  object space 173568K, 7% used [0x00000006c2800000,0x00000006c34d2940,0x00000006cd180000)
 Metaspace       used 8222K, capacity 8646K, committed 8960K, reserved 1056768K
  class space    used 655K, capacity 690K, committed 768K, reserved 1048576K
Event: 1.237 GC heap after
Heap after GC invocations=10 (full 0):
 PSYoungGen      total 415232K, used 7151K [0x000000076b800000, 0x0000000786c80000, 0x00000007c0000000)
  eden space 408064K, 0% used [0x000000076b800000,0x000000076b800000,0x0000000784680000)
  from space 7168K, 99% used [0x0000000785580000,0x0000000785c7bc08,0x0000000785c80000)
  to   space 15360K, 0% used [0x0000000784680000,0x0000000784680000,0x0000000785580000)
 ParOldGen       total 173568K, used 32602K [0x00000006c2800000, 0x00000006cd180000, 0x000000076b800000)
  object space 173568K, 18% used [0x00000006c2800000,0x00000006c47d6960,0x00000006cd180000)
 Metaspace       used 8222K, capacity 8646K, committed 8960K, reserved 1056768K
  class space    used 655K, capacity 690K, committed 768K, reserved 1048576K
}
Event: 1.534 GC heap before
{Heap before GC invocations=11 (full 0):
 PSYoungGen      total 415232K, used 415215K [0x000000076b800000, 0x0000000786c80000, 0x00000007c0000000)
  eden space 408064K, 100% used [0x000000076b800000,0x0000000784680000,0x0000000784680000)
  from space 7168K, 99% used [0x0000000785580000,0x0000000785c7bc08,0x0000000785c80000)
  to   space 15360K, 0% used [0x0000000784680000,0x0000000784680000,0x0000000785580000)
 ParOldGen       total 173568K, used 32602K [0x00000006c2800000, 0x00000006cd180000, 0x000000076b800000)
  object space 173568K, 18% used [0x00000006c2800000,0x00000006c47d6960,0x00000006cd180000)
 Metaspace       used 8258K, capacity 8646K, committed 8960K, reserved 1056768K
  class space    used 659K, capacity 690K, committed 768K, reserved 1048576K
Event: 1.539 GC heap after
Heap after GC invocations=11 (full 0):
 PSYoungGen      total 423424K, used 224K [0x000000076b800000, 0x0000000795400000, 0x00000007c0000000)
  eden space 408064K, 0% used [0x000000076b800000,0x000000076b800000,0x0000000784680000)
  from space 15360K, 1% used [0x0000000784680000,0x00000007846b8000,0x0000000785580000)
  to   space 15360K, 0% used [0x0000000794500000,0x0000000794500000,0x0000000795400000)
 ParOldGen       total 173568K, used 35250K [0x00000006c2800000, 0x00000006cd180000, 0x000000076b800000)
  object space 173568K, 20% used [0x00000006c2800000,0x00000006c4a6c960,0x00000006cd180000)
 Metaspace       used 8258K, capacity 8646K, committed 8960K, reserved 1056768K
  class space    used 659K, capacity 690K, committed 768K, reserved 1048576K
}
Event: 1.840 GC heap before
{Heap before GC invocations=12 (full 0):
 PSYoungGen      total 423424K, used 408288K [0x000000076b800000, 0x0000000795400000, 0x00000007c0000000)
  eden space 408064K, 100% used [0x000000076b800000,0x0000000784680000,0x0000000784680000)
  from space 15360K, 1% used [0x0000000784680000,0x00000007846b8000,0x0000000785580000)
  to   space 15360K, 0% used [0x0000000794500000,0x0000000794500000,0x0000000795400000)
 ParOldGen       total 173568K, used 35250K [0x00000006c2800000, 0x00000006cd180000, 0x000000076b800000)
  object space 173568K, 20% used [0x00000006c2800000,0x00000006c4a6c960,0x00000006cd180000)
 Metaspace       used 8260K, capacity 8646K, committed 8960K, reserved 1056768K
  class space    used 659K, capacity 690K, committed 768K, reserved 1048576K
Event: 1.841 GC heap after
Heap after GC invocations=12 (full 0):
 PSYoungGen      total 667648K, used 96K [0x000000076b800000, 0x0000000795300000, 0x00000007c0000000)
  eden space 653312K, 0% used [0x000000076b800000,0x000000076b800000,0x0000000793600000)
  from space 14336K, 0% used [0x0000000794500000,0x0000000794518000,0x0000000795300000)
  to   space 14848K, 0% used [0x0000000793600000,0x0000000793600000,0x0000000794480000)
 ParOldGen       total 173568K, used 35282K [0x00000006c2800000, 0x00000006cd180000, 0x000000076b800000)
  object space 173568K, 20% used [0x00000006c2800000,0x00000006c4a74960,0x00000006cd180000)
 Metaspace       used 8260K, capacity 8646K, committed 8960K, reserved 1056768K
  class space    used 659K, capacity 690K, committed 768K, reserved 1048576K
}
Event: 2.344 GC heap before
{Heap before GC invocations=13 (full 0):
 PSYoungGen      total 667648K, used 653408K [0x000000076b800000, 0x0000000795300000, 0x00000007c0000000)
  eden space 653312K, 100% used [0x000000076b800000,0x0000000793600000,0x0000000793600000)
  from space 14336K, 0% used [0x0000000794500000,0x0000000794518000,0x0000000795300000)
  to   space 14848K, 0% used [0x0000000793600000,0x0000000793600000,0x0000000794480000)
 ParOldGen       total 173568K, used 35282K [0x00000006c2800000, 0x00000006cd180000, 0x000000076b800000)
  object space 173568K, 20% used [0x00000006c2800000,0x00000006c4a74960,0x00000006cd180000)
 Metaspace       used 8273K, capacity 8646K, committed 8960K, reserved 1056768K
  class space    used 659K, capacity 690K, committed 768K, reserved 1048576K
Event: 2.345 GC heap after
Heap after GC invocations=13 (full 0):
 PSYoungGen      total 668160K, used 224K [0x000000076b800000, 0x00000007ad200000, 0x00000007c0000000)
  eden space 653312K, 0% used [0x000000076b800000,0x000000076b800000,0x0000000793600000)
  from space 14848K, 1% used [0x0000000793600000,0x0000000793638000,0x0000000794480000)
  to   space 14848K, 0% used [0x00000007ac380000,0x00000007ac380000,0x00000007ad200000)
 ParOldGen       total 173568K, used 35298K [0x00000006c2800000, 0x00000006cd180000, 0x000000076b800000)
  object space 173568K, 20% used [0x00000006c2800000,0x00000006c4a78960,0x00000006cd180000)
 Metaspace       used 8273K, capacity 8646K, committed 8960K, reserved 1056768K
  class space    used 659K, capacity 690K, committed 768K, reserved 1048576K
}
Event: 2.816 GC heap before
{Heap before GC invocations=14 (full 0):
 PSYoungGen      total 668160K, used 653536K [0x000000076b800000, 0x00000007ad200000, 0x00000007c0000000)
  eden space 653312K, 100% used [0x000000076b800000,0x0000000793600000,0x0000000793600000)
  from space 14848K, 1% used [0x0000000793600000,0x0000000793638000,0x0000000794480000)
  to   space 14848K, 0% used [0x00000007ac380000,0x00000007ac380000,0x00000007ad200000)
 ParOldGen       total 173568K, used 35298K [0x00000006c2800000, 0x00000006cd180000, 0x000000076b800000)
  object space 173568K, 20% used [0x00000006c2800000,0x00000006c4a78960,0x00000006cd180000)
 Metaspace       used 8298K, capacity 8710K, committed 8960K, reserved 1056768K
  class space    used 659K, capacity 690K, committed 768K, reserved 1048576K
Event: 2.817 GC heap after
Heap after GC invocations=14 (full 0):
 PSYoungGen      total 1059328K, used 224K [0x000000076b800000, 0x00000007ad100000, 0x00000007c0000000)
  eden space 1045504K, 0% used [0x000000076b800000,0x000000076b800000,0x00000007ab500000)
  from space 13824K, 1% used [0x00000007ac380000,0x00000007ac3b8000,0x00000007ad100000)
  to   space 14336K, 0% used [0x00000007ab500000,0x00000007ab500000,0x00000007ac300000)
 ParOldGen       total 173568K, used 35306K [0x00000006c2800000, 0x00000006cd180000, 0x000000076b800000)
  object space 173568K, 20% used [0x00000006c2800000,0x00000006c4a7a960,0x00000006cd180000)
 Metaspace       used 8298K, capacity 8710K, committed 8960K, reserved 1056768K
  class space    used 659K, capacity 690K, committed 768K, reserved 1048576K
}

