# JRE version: Java(TM) SE Runtime Environment (8.0_65-b17) (build 1.8.0_65-b17)
# Java VM: Java HotSpot(TM) 64-Bit Server VM (25.65-b01 mixed mode windows-amd64 compressed oops)
Heap:
 PSYoungGen      total 68608K, used 40388K [0x000000076b800000, 0x0000000791700000, 0x00000007c0000000)
  eden space 68096K, 58% used [0x000000076b800000,0x000000076df39170,0x000000076fa80000)
  from space 512K, 43% used [0x0000000791600000,0x0000000791638000,0x0000000791680000)
  to   space 512K, 0% used [0x0000000791680000,0x0000000791680000,0x0000000791700000)
 ParOldGen       total 173568K, used 12535K [0x00000006c2800000, 0x00000006cd180000, 0x000000076b800000)
  object space 173568K, 7% used [0x00000006c2800000,0x00000006c343dec0,0x00000006cd180000)
 Metaspace       used 8393K, capacity 8774K, committed 8960K, reserved 1056768K
  class space    used 662K, capacity 690K, committed 768K, reserved 1048576K
GC Heap History (10 events):
Event: 39.171 GC heap before
{Heap before GC invocations=491 (full 0):
 PSYoungGen      total 50688K, used 50400K [0x000000076b800000, 0x0000000791700000, 0x00000007c0000000)
  eden space 50176K, 100% used [0x000000076b800000,0x000000076e900000,0x000000076e900000)
  from space 512K, 43% used [0x0000000791680000,0x00000007916b8000,0x0000000791700000)
  to   space 512K, 0% used [0x0000000791600000,0x0000000791600000,0x0000000791680000)
 ParOldGen       total 173568K, used 12535K [0x00000006c2800000, 0x00000006cd180000, 0x000000076b800000)
  object space 173568K, 7% used [0x00000006c2800000,0x00000006c343dec0,0x00000006cd180000)
 Metaspace       used 8392K, capacity 8774K, committed 8960K, reserved 1056768K
  class space    used 662K, capacity 690K, committed 768K, reserved 1048576K
Event: 39.171 GC heap after
Heap after GC invocations=491 (full 0):
 PSYoungGen      total 60928K, used 224K [0x000000076b800000, 0x0000000791700000, 0x00000007c0000000)
  eden space 60416K, 0% used [0x000000076b800000,0x000000076b800000,0x000000076f300000)
  from space 512K, 43% used [0x0000000791600000,0x0000000791638000,0x0000000791680000)
  to   space 512K, 0% used [0x0000000791680000,0x0000000791680000,0x0000000791700000)
 ParOldGen       total 173568K, used 12535K [0x00000006c2800000, 0x00000006cd180000, 0x000000076b800000)
  object space 173568K, 7% used [0x00000006c2800000,0x00000006c343dec0,0x00000006cd180000)
 Metaspace       used 8392K, capacity 8774K, committed 8960K, reserved 1056768K
  class space    used 662K, capacity 690K, committed 768K, reserved 1048576K
}
Event: 39.228 GC heap before
{Heap before GC invocations=492 (full 0):
 PSYoungGen      total 60928K, used 60640K [0x000000076b800000, 0x0000000791700000, 0x00000007c0000000)
  eden space 60416K, 100% used [0x000000076b800000,0x000000076f300000,0x000000076f300000)
  from space 512K, 43% used [0x0000000791600000,0x0000000791638000,0x0000000791680000)
  to   space 512K, 0% used [0x0000000791680000,0x0000000791680000,0x0000000791700000)
 ParOldGen       total 173568K, used 12535K [0x00000006c2800000, 0x00000006cd180000, 0x000000076b800000)
  object space 173568K, 7% used [0x00000006c2800000,0x00000006c343dec0,0x00000006cd180000)
 Metaspace       used 8392K, capacity 8774K, committed 8960K, reserved 1056768K
  class space    used 662K, capacity 690K, committed 768K, reserved 1048576K
Event: 39.228 GC heap after
Heap after GC invocations=492 (full 0):
 PSYoungGen      total 73216K, used 224K [0x000000076b800000, 0x0000000791700000, 0x00000007c0000000)
  eden space 72704K, 0% used [0x000000076b800000,0x000000076b800000,0x000000076ff00000)
  from space 512K, 43% used [0x0000000791680000,0x00000007916b8000,0x0000000791700000)
  to   space 512K, 0% used [0x0000000791600000,0x0000000791600000,0x0000000791680000)
 ParOldGen       total 173568K, used 12535K [0x00000006c2800000, 0x00000006cd180000, 0x000000076b800000)
  object space 173568K, 7% used [0x00000006c2800000,0x00000006c343dec0,0x00000006cd180000)
 Metaspace       used 8392K, capacity 8774K, committed 8960K, reserved 1056768K
  class space    used 662K, capacity 690K, committed 768K, reserved 1048576K
}
Event: 39.307 GC heap before
{Heap before GC invocations=493 (full 0):
 PSYoungGen      total 73216K, used 72928K [0x000000076b800000, 0x0000000791700000, 0x00000007c0000000)
  eden space 72704K, 100% used [0x000000076b800000,0x000000076ff00000,0x000000076ff00000)
  from space 512K, 43% used [0x0000000791680000,0x00000007916b8000,0x0000000791700000)
  to   space 512K, 0% used [0x0000000791600000,0x0000000791600000,0x0000000791680000)
 ParOldGen       total 173568K, used 12535K [0x00000006c2800000, 0x00000006cd180000, 0x000000076b800000)
  object space 173568K, 7% used [0x00000006c2800000,0x00000006c343dec0,0x00000006cd180000)
 Metaspace       used 8392K, capacity 8774K, committed 8960K, reserved 1056768K
  class space    used 662K, capacity 690K, committed 768K, reserved 1048576K
Event: 39.307 GC heap after
Heap after GC invocations=493 (full 0):
 PSYoungGen      total 71680K, used 192K [0x000000076b800000, 0x0000000791700000, 0x00000007c0000000)
  eden space 71168K, 0% used [0x000000076b800000,0x000000076b800000,0x000000076fd80000)
  from space 512K, 37% used [0x0000000791600000,0x0000000791630000,0x0000000791680000)
  to   space 512K, 0% used [0x0000000791680000,0x0000000791680000,0x0000000791700000)
 ParOldGen       total 173568K, used 12535K [0x00000006c2800000, 0x00000006cd180000, 0x000000076b800000)
  object space 173568K, 7% used [0x00000006c2800000,0x00000006c343dec0,0x00000006cd180000)
 Metaspace       used 8392K, capacity 8774K, committed 8960K, reserved 1056768K
  class space    used 662K, capacity 690K, committed 768K, reserved 1048576K
}
Event: 39.385 GC heap before
{Heap before GC invocations=494 (full 0):
 PSYoungGen      total 71680K, used 71360K [0x000000076b800000, 0x0000000791700000, 0x00000007c0000000)
  eden space 71168K, 100% used [0x000000076b800000,0x000000076fd80000,0x000000076fd80000)
  from space 512K, 37% used [0x0000000791600000,0x0000000791630000,0x0000000791680000)
  to   space 512K, 0% used [0x0000000791680000,0x0000000791680000,0x0000000791700000)
 ParOldGen       total 173568K, used 12535K [0x00000006c2800000, 0x00000006cd180000, 0x000000076b800000)
  object space 173568K, 7% used [0x00000006c2800000,0x00000006c343dec0,0x00000006cd180000)
 Metaspace       used 8392K, capacity 8774K, committed 8960K, reserved 1056768K
  class space    used 662K, capacity 690K, committed 768K, reserved 1048576K
Event: 39.386 GC heap after
Heap after GC invocations=494 (full 0):
 PSYoungGen      total 70144K, used 192K [0x000000076b800000, 0x0000000791700000, 0x00000007c0000000)
  eden space 69632K, 0% used [0x000000076b800000,0x000000076b800000,0x000000076fc00000)
  from space 512K, 37% used [0x0000000791680000,0x00000007916b0000,0x0000000791700000)
  to   space 512K, 0% used [0x0000000791600000,0x0000000791600000,0x0000000791680000)
 ParOldGen       total 173568K, used 12535K [0x00000006c2800000, 0x00000006cd180000, 0x000000076b800000)
  object space 173568K, 7% used [0x00000006c2800000,0x00000006c343dec0,0x00000006cd180000)
 Metaspace       used 8392K, capacity 8774K, committed 8960K, reserved 1056768K
  class space    used 662K, capacity 690K, committed 768K, reserved 1048576K
}
Event: 39.441 GC heap before
{Heap before GC invocations=495 (full 0):
 PSYoungGen      total 70144K, used 69824K [0x000000076b800000, 0x0000000791700000, 0x00000007c0000000)
  eden space 69632K, 100% used [0x000000076b800000,0x000000076fc00000,0x000000076fc00000)
  from space 512K, 37% used [0x0000000791680000,0x00000007916b0000,0x0000000791700000)
  to   space 512K, 0% used [0x0000000791600000,0x0000000791600000,0x0000000791680000)
 ParOldGen       total 173568K, used 12535K [0x00000006c2800000, 0x00000006cd180000, 0x000000076b800000)
  object space 173568K, 7% used [0x00000006c2800000,0x00000006c343dec0,0x00000006cd180000)
 Metaspace       used 8392K, capacity 8774K, committed 8960K, reserved 1056768K
  class space    used 662K, capacity 690K, committed 768K, reserved 1048576K
Event: 39.441 GC heap after
Heap after GC invocations=495 (full 0):
 PSYoungGen      total 68608K, used 224K [0x000000076b800000, 0x0000000791700000, 0x00000007c0000000)
  eden space 68096K, 0% used [0x000000076b800000,0x000000076b800000,0x000000076fa80000)
  from space 512K, 43% used [0x0000000791600000,0x0000000791638000,0x0000000791680000)
  to   space 512K, 0% used [0x0000000791680000,0x0000000791680000,0x0000000791700000)
 ParOldGen       total 173568K, used 12535K [0x00000006c2800000, 0x00000006cd180000, 0x000000076b800000)
  object space 173568K, 7% used [0x00000006c2800000,0x00000006c343dec0,0x00000006cd180000)
 Metaspace       used 8392K, capacity 8774K, committed 8960K, reserved 1056768K
  class space    used 662K, capacity 690K, committed 768K, reserved 1048576K
}

