# JRE version: Java(TM) SE Runtime Environment (8.0_65-b17) (build 1.8.0_65-b17)
# Java VM: Java HotSpot(TM) 64-Bit Server VM (25.65-b01 mixed mode windows-amd64 compressed oops)
Heap:
 PSYoungGen      total 74752K, used 25270K [0x000000076b800000, 0x00000007bab80000, 0x00000007c0000000)
  eden space 74240K, 33% used [0x000000076b800000,0x000000076d075a20,0x0000000770080000)
  from space 512K, 43% used [0x00000007bab00000,0x00000007bab38000,0x00000007bab80000)
  to   space 512K, 0% used [0x00000007baa80000,0x00000007baa80000,0x00000007bab00000)
 ParOldGen       total 173568K, used 30355K [0x00000006c2800000, 0x00000006cd180000, 0x000000076b800000)
  object space 173568K, 17% used [0x00000006c2800000,0x00000006c45a4d40,0x00000006cd180000)
 Metaspace       used 8376K, capacity 8710K, committed 8960K, reserved 1056768K
  class space    used 660K, capacity 690K, committed 768K, reserved 1048576K
GC Heap History (10 events):
Event: 148.310 GC heap before
{Heap before GC invocations=2120 (full 0):
 PSYoungGen      total 84480K, used 84192K [0x000000076b800000, 0x00000007bab80000, 0x00000007c0000000)
  eden space 83968K, 100% used [0x000000076b800000,0x0000000770a00000,0x0000000770a00000)
  from space 512K, 43% used [0x00000007baa80000,0x00000007baab8000,0x00000007bab00000)
  to   space 512K, 0% used [0x00000007bab00000,0x00000007bab00000,0x00000007bab80000)
 ParOldGen       total 173568K, used 30355K [0x00000006c2800000, 0x00000006cd180000, 0x000000076b800000)
  object space 173568K, 17% used [0x00000006c2800000,0x00000006c45a4d40,0x00000006cd180000)
 Metaspace       used 8376K, capacity 8710K, committed 8960K, reserved 1056768K
  class space    used 660K, capacity 690K, committed 768K, reserved 1048576K
Event: 148.310 GC heap after
Heap after GC invocations=2120 (full 0):
 PSYoungGen      total 82432K, used 160K [0x000000076b800000, 0x00000007bab80000, 0x00000007c0000000)
  eden space 81920K, 0% used [0x000000076b800000,0x000000076b800000,0x0000000770800000)
  from space 512K, 31% used [0x00000007bab00000,0x00000007bab28000,0x00000007bab80000)
  to   space 512K, 0% used [0x00000007baa80000,0x00000007baa80000,0x00000007bab00000)
 ParOldGen       total 173568K, used 30355K [0x00000006c2800000, 0x00000006cd180000, 0x000000076b800000)
  object space 173568K, 17% used [0x00000006c2800000,0x00000006c45a4d40,0x00000006cd180000)
 Metaspace       used 8376K, capacity 8710K, committed 8960K, reserved 1056768K
  class space    used 660K, capacity 690K, committed 768K, reserved 1048576K
}
Event: 148.382 GC heap before
{Heap before GC invocations=2121 (full 0):
 PSYoungGen      total 82432K, used 82080K [0x000000076b800000, 0x00000007bab80000, 0x00000007c0000000)
  eden space 81920K, 100% used [0x000000076b800000,0x0000000770800000,0x0000000770800000)
  from space 512K, 31% used [0x00000007bab00000,0x00000007bab28000,0x00000007bab80000)
  to   space 512K, 0% used [0x00000007baa80000,0x00000007baa80000,0x00000007bab00000)
 ParOldGen       total 173568K, used 30355K [0x00000006c2800000, 0x00000006cd180000, 0x000000076b800000)
  object space 173568K, 17% used [0x00000006c2800000,0x00000006c45a4d40,0x00000006cd180000)
 Metaspace       used 8376K, capacity 8710K, committed 8960K, reserved 1056768K
  class space    used 660K, capacity 690K, committed 768K, reserved 1048576K
Event: 148.382 GC heap after
Heap after GC invocations=2121 (full 0):
 PSYoungGen      total 80384K, used 192K [0x000000076b800000, 0x00000007bab80000, 0x00000007c0000000)
  eden space 79872K, 0% used [0x000000076b800000,0x000000076b800000,0x0000000770600000)
  from space 512K, 37% used [0x00000007baa80000,0x00000007baab0000,0x00000007bab00000)
  to   space 512K, 0% used [0x00000007bab00000,0x00000007bab00000,0x00000007bab80000)
 ParOldGen       total 173568K, used 30355K [0x00000006c2800000, 0x00000006cd180000, 0x000000076b800000)
  object space 173568K, 17% used [0x00000006c2800000,0x00000006c45a4d40,0x00000006cd180000)
 Metaspace       used 8376K, capacity 8710K, committed 8960K, reserved 1056768K
  class space    used 660K, capacity 690K, committed 768K, reserved 1048576K
}
Event: 148.444 GC heap before
{Heap before GC invocations=2122 (full 0):
 PSYoungGen      total 80384K, used 80064K [0x000000076b800000, 0x00000007bab80000, 0x00000007c0000000)
  eden space 79872K, 100% used [0x000000076b800000,0x0000000770600000,0x0000000770600000)
  from space 512K, 37% used [0x00000007baa80000,0x00000007baab0000,0x00000007bab00000)
  to   space 512K, 0% used [0x00000007bab00000,0x00000007bab00000,0x00000007bab80000)
 ParOldGen       total 173568K, used 30355K [0x00000006c2800000, 0x00000006cd180000, 0x000000076b800000)
  object space 173568K, 17% used [0x00000006c2800000,0x00000006c45a4d40,0x00000006cd180000)
 Metaspace       used 8376K, capacity 8710K, committed 8960K, reserved 1056768K
  class space    used 660K, capacity 690K, committed 768K, reserved 1048576K
Event: 148.444 GC heap after
Heap after GC invocations=2122 (full 0):
 PSYoungGen      total 78336K, used 160K [0x000000076b800000, 0x00000007bab80000, 0x00000007c0000000)
  eden space 77824K, 0% used [0x000000076b800000,0x000000076b800000,0x0000000770400000)
  from space 512K, 31% used [0x00000007bab00000,0x00000007bab28000,0x00000007bab80000)
  to   space 512K, 0% used [0x00000007baa80000,0x00000007baa80000,0x00000007bab00000)
 ParOldGen       total 173568K, used 30355K [0x00000006c2800000, 0x00000006cd180000, 0x000000076b800000)
  object space 173568K, 17% used [0x00000006c2800000,0x00000006c45a4d40,0x00000006cd180000)
 Metaspace       used 8376K, capacity 8710K, committed 8960K, reserved 1056768K
  class space    used 660K, capacity 690K, committed 768K, reserved 1048576K
}
Event: 148.538 GC heap before
{Heap before GC invocations=2123 (full 0):
 PSYoungGen      total 78336K, used 77984K [0x000000076b800000, 0x00000007bab80000, 0x00000007c0000000)
  eden space 77824K, 100% used [0x000000076b800000,0x0000000770400000,0x0000000770400000)
  from space 512K, 31% used [0x00000007bab00000,0x00000007bab28000,0x00000007bab80000)
  to   space 512K, 0% used [0x00000007baa80000,0x00000007baa80000,0x00000007bab00000)
 ParOldGen       total 173568K, used 30355K [0x00000006c2800000, 0x00000006cd180000, 0x000000076b800000)
  object space 173568K, 17% used [0x00000006c2800000,0x00000006c45a4d40,0x00000006cd180000)
 Metaspace       used 8376K, capacity 8710K, committed 8960K, reserved 1056768K
  class space    used 660K, capacity 690K, committed 768K, reserved 1048576K
Event: 148.539 GC heap after
Heap after GC invocations=2123 (full 0):
 PSYoungGen      total 76288K, used 224K [0x000000076b800000, 0x00000007bab80000, 0x00000007c0000000)
  eden space 75776K, 0% used [0x000000076b800000,0x000000076b800000,0x0000000770200000)
  from space 512K, 43% used [0x00000007baa80000,0x00000007baab8000,0x00000007bab00000)
  to   space 512K, 0% used [0x00000007bab00000,0x00000007bab00000,0x00000007bab80000)
 ParOldGen       total 173568K, used 30355K [0x00000006c2800000, 0x00000006cd180000, 0x000000076b800000)
  object space 173568K, 17% used [0x00000006c2800000,0x00000006c45a4d40,0x00000006cd180000)
 Metaspace       used 8376K, capacity 8710K, committed 8960K, reserved 1056768K
  class space    used 660K, capacity 690K, committed 768K, reserved 1048576K
}
Event: 148.631 GC heap before
{Heap before GC invocations=2124 (full 0):
 PSYoungGen      total 76288K, used 76000K [0x000000076b800000, 0x00000007bab80000, 0x00000007c0000000)
  eden space 75776K, 100% used [0x000000076b800000,0x0000000770200000,0x0000000770200000)
  from space 512K, 43% used [0x00000007baa80000,0x00000007baab8000,0x00000007bab00000)
  to   space 512K, 0% used [0x00000007bab00000,0x00000007bab00000,0x00000007bab80000)
 ParOldGen       total 173568K, used 30355K [0x00000006c2800000, 0x00000006cd180000, 0x000000076b800000)
  object space 173568K, 17% used [0x00000006c2800000,0x00000006c45a4d40,0x00000006cd180000)
 Metaspace       used 8376K, capacity 8710K, committed 8960K, reserved 1056768K
  class space    used 660K, capacity 690K, committed 768K, reserved 1048576K
Event: 148.632 GC heap after
Heap after GC invocations=2124 (full 0):
 PSYoungGen      total 74752K, used 224K [0x000000076b800000, 0x00000007bab80000, 0x00000007c0000000)
  eden space 74240K, 0% used [0x000000076b800000,0x000000076b800000,0x0000000770080000)
  from space 512K, 43% used [0x00000007bab00000,0x00000007bab38000,0x00000007bab80000)
  to   space 512K, 0% used [0x00000007baa80000,0x00000007baa80000,0x00000007bab00000)
 ParOldGen       total 173568K, used 30355K [0x00000006c2800000, 0x00000006cd180000, 0x000000076b800000)
  object space 173568K, 17% used [0x00000006c2800000,0x00000006c45a4d40,0x00000006cd180000)
 Metaspace       used 8376K, capacity 8710K, committed 8960K, reserved 1056768K
  class space    used 660K, capacity 690K, committed 768K, reserved 1048576K
}

