# JRE version: Java(TM) SE Runtime Environment (8.0_65-b17) (build 1.8.0_65-b17)
# Java VM: Java HotSpot(TM) 64-Bit Server VM (25.65-b01 mixed mode windows-amd64 compressed oops)
Heap:
 PSYoungGen      total 1125376K, used 811687K [0x000000076b800000, 0x00000007be480000, 0x00000007c0000000)
  eden space 1124864K, 72% used [0x000000076b800000,0x000000079d069f90,0x00000007b0280000)
  from space 512K, 50% used [0x00000007be400000,0x00000007be440000,0x00000007be480000)
  to   space 12800K, 0% used [0x00000007bcb80000,0x00000007bcb80000,0x00000007bd800000)
 ParOldGen       total 173568K, used 11636K [0x00000006c2800000, 0x00000006cd180000, 0x000000076b800000)
  object space 173568K, 6% used [0x00000006c2800000,0x00000006c335d060,0x00000006cd180000)
 Metaspace       used 8561K, capacity 8806K, committed 8960K, reserved 1056768K
  class space    used 690K, capacity 722K, committed 768K, reserved 1048576K
GC Heap History (10 events):
Event: 4.688 GC heap before
{Heap before GC invocations=12 (full 0):
 PSYoungGen      total 828928K, used 813312K [0x000000076b800000, 0x00000007bcc80000, 0x00000007c0000000)
  eden space 813056K, 100% used [0x000000076b800000,0x000000079d200000,0x000000079d200000)
  from space 15872K, 1% used [0x000000079d200000,0x000000079d240000,0x000000079e180000)
  to   space 15360K, 0% used [0x00000007bbd80000,0x00000007bbd80000,0x00000007bcc80000)
 ParOldGen       total 173568K, used 11524K [0x00000006c2800000, 0x00000006cd180000, 0x000000076b800000)
  object space 173568K, 6% used [0x00000006c2800000,0x00000006c3341060,0x00000006cd180000)
 Metaspace       used 8544K, capacity 8742K, committed 8960K, reserved 1056768K
  class space    used 689K, capacity 722K, committed 768K, reserved 1048576K
Event: 4.688 GC heap after
Heap after GC invocations=12 (full 0):
 PSYoungGen      total 1316352K, used 256K [0x000000076b800000, 0x00000007bcc80000, 0x00000007c0000000)
  eden space 1300992K, 0% used [0x000000076b800000,0x000000076b800000,0x00000007bae80000)
  from space 15360K, 1% used [0x00000007bbd80000,0x00000007bbdc0000,0x00000007bcc80000)
  to   space 15360K, 0% used [0x00000007bae80000,0x00000007bae80000,0x00000007bbd80000)
 ParOldGen       total 173568K, used 11564K [0x00000006c2800000, 0x00000006cd180000, 0x000000076b800000)
  object space 173568K, 6% used [0x00000006c2800000,0x00000006c334b060,0x00000006cd180000)
 Metaspace       used 8544K, capacity 8742K, committed 8960K, reserved 1056768K
  class space    used 689K, capacity 722K, committed 768K, reserved 1048576K
}
Event: 5.994 GC heap before
{Heap before GC invocations=13 (full 0):
 PSYoungGen      total 1316352K, used 1301248K [0x000000076b800000, 0x00000007bcc80000, 0x00000007c0000000)
  eden space 1300992K, 100% used [0x000000076b800000,0x00000007bae80000,0x00000007bae80000)
  from space 15360K, 1% used [0x00000007bbd80000,0x00000007bbdc0000,0x00000007bcc80000)
  to   space 15360K, 0% used [0x00000007bae80000,0x00000007bae80000,0x00000007bbd80000)
 ParOldGen       total 173568K, used 11564K [0x00000006c2800000, 0x00000006cd180000, 0x000000076b800000)
  object space 173568K, 6% used [0x00000006c2800000,0x00000006c334b060,0x00000006cd180000)
 Metaspace       used 8546K, capacity 8742K, committed 8960K, reserved 1056768K
  class space    used 689K, capacity 722K, committed 768K, reserved 1048576K
Event: 5.995 GC heap after
Heap after GC invocations=13 (full 0):
 PSYoungGen      total 1316352K, used 256K [0x000000076b800000, 0x00000007bff00000, 0x00000007c0000000)
  eden space 1300992K, 0% used [0x000000076b800000,0x000000076b800000,0x00000007bae80000)
  from space 15360K, 1% used [0x00000007bae80000,0x00000007baec0000,0x00000007bbd80000)
  to   space 14848K, 0% used [0x00000007bf080000,0x00000007bf080000,0x00000007bff00000)
 ParOldGen       total 173568K, used 11588K [0x00000006c2800000, 0x00000006cd180000, 0x000000076b800000)
  object space 173568K, 6% used [0x00000006c2800000,0x00000006c3351060,0x00000006cd180000)
 Metaspace       used 8546K, capacity 8742K, committed 8960K, reserved 1056768K
  class space    used 689K, capacity 722K, committed 768K, reserved 1048576K
}
Event: 7.257 GC heap before
{Heap before GC invocations=14 (full 0):
 PSYoungGen      total 1316352K, used 1301248K [0x000000076b800000, 0x00000007bff00000, 0x00000007c0000000)
  eden space 1300992K, 100% used [0x000000076b800000,0x00000007bae80000,0x00000007bae80000)
  from space 15360K, 1% used [0x00000007bae80000,0x00000007baec0000,0x00000007bbd80000)
  to   space 14848K, 0% used [0x00000007bf080000,0x00000007bf080000,0x00000007bff00000)
 ParOldGen       total 173568K, used 11588K [0x00000006c2800000, 0x00000006cd180000, 0x000000076b800000)
  object space 173568K, 6% used [0x00000006c2800000,0x00000006c3351060,0x00000006cd180000)
 Metaspace       used 8553K, capacity 8742K, committed 8960K, reserved 1056768K
  class space    used 689K, capacity 722K, committed 768K, reserved 1048576K
Event: 7.258 GC heap after
Heap after GC invocations=14 (full 0):
 PSYoungGen      total 1239552K, used 256K [0x000000076b800000, 0x00000007bf100000, 0x00000007c0000000)
  eden space 1239040K, 0% used [0x000000076b800000,0x000000076b800000,0x00000007b7200000)
  from space 512K, 50% used [0x00000007bf080000,0x00000007bf0c0000,0x00000007bf100000)
  to   space 13824K, 0% used [0x00000007bd600000,0x00000007bd600000,0x00000007be380000)
 ParOldGen       total 173568K, used 11588K [0x00000006c2800000, 0x00000006cd180000, 0x000000076b800000)
  object space 173568K, 6% used [0x00000006c2800000,0x00000006c3351060,0x00000006cd180000)
 Metaspace       used 8553K, capacity 8742K, committed 8960K, reserved 1056768K
  class space    used 689K, capacity 722K, committed 768K, reserved 1048576K
}
Event: 8.566 GC heap before
{Heap before GC invocations=15 (full 0):
 PSYoungGen      total 1239552K, used 1239296K [0x000000076b800000, 0x00000007bf100000, 0x00000007c0000000)
  eden space 1239040K, 100% used [0x000000076b800000,0x00000007b7200000,0x00000007b7200000)
  from space 512K, 50% used [0x00000007bf080000,0x00000007bf0c0000,0x00000007bf100000)
  to   space 13824K, 0% used [0x00000007bd600000,0x00000007bd600000,0x00000007be380000)
 ParOldGen       total 173568K, used 11588K [0x00000006c2800000, 0x00000006cd180000, 0x000000076b800000)
  object space 173568K, 6% used [0x00000006c2800000,0x00000006c3351060,0x00000006cd180000)
 Metaspace       used 8559K, capacity 8742K, committed 8960K, reserved 1056768K
  class space    used 690K, capacity 722K, committed 768K, reserved 1048576K
Event: 8.566 GC heap after
Heap after GC invocations=15 (full 0):
 PSYoungGen      total 1194496K, used 256K [0x000000076b800000, 0x00000007bf100000, 0x00000007c0000000)
  eden space 1180672K, 0% used [0x000000076b800000,0x000000076b800000,0x00000007b3900000)
  from space 13824K, 1% used [0x00000007bd600000,0x00000007bd640000,0x00000007be380000)
  to   space 13312K, 0% used [0x00000007be400000,0x00000007be400000,0x00000007bf100000)
 ParOldGen       total 173568K, used 11620K [0x00000006c2800000, 0x00000006cd180000, 0x000000076b800000)
  object space 173568K, 6% used [0x00000006c2800000,0x00000006c3359060,0x00000006cd180000)
 Metaspace       used 8559K, capacity 8742K, committed 8960K, reserved 1056768K
  class space    used 690K, capacity 722K, committed 768K, reserved 1048576K
}
Event: 9.871 GC heap before
{Heap before GC invocations=16 (full 0):
 PSYoungGen      total 1194496K, used 1180928K [0x000000076b800000, 0x00000007bf100000, 0x00000007c0000000)
  eden space 1180672K, 100% used [0x000000076b800000,0x00000007b3900000,0x00000007b3900000)
  from space 13824K, 1% used [0x00000007bd600000,0x00000007bd640000,0x00000007be380000)
  to   space 13312K, 0% used [0x00000007be400000,0x00000007be400000,0x00000007bf100000)
 ParOldGen       total 173568K, used 11620K [0x00000006c2800000, 0x00000006cd180000, 0x000000076b800000)
  object space 173568K, 6% used [0x00000006c2800000,0x00000006c3359060,0x00000006cd180000)
 Metaspace       used 8559K, capacity 8742K, committed 8960K, reserved 1056768K
  class space    used 690K, capacity 722K, committed 768K, reserved 1048576K
Event: 9.872 GC heap after
Heap after GC invocations=16 (full 0):
 PSYoungGen      total 1125376K, used 256K [0x000000076b800000, 0x00000007be480000, 0x00000007c0000000)
  eden space 1124864K, 0% used [0x000000076b800000,0x000000076b800000,0x00000007b0280000)
  from space 512K, 50% used [0x00000007be400000,0x00000007be440000,0x00000007be480000)
  to   space 12800K, 0% used [0x00000007bcb80000,0x00000007bcb80000,0x00000007bd800000)
 ParOldGen       total 173568K, used 11636K [0x00000006c2800000, 0x00000006cd180000, 0x000000076b800000)
  object space 173568K, 6% used [0x00000006c2800000,0x00000006c335d060,0x00000006cd180000)
 Metaspace       used 8559K, capacity 8742K, committed 8960K, reserved 1056768K
  class space    used 690K, capacity 722K, committed 768K, reserved 1048576K
}

