# JRE version: Java(TM) SE Runtime Environment (8.0_65-b17) (build 1.8.0_65-b17)
# Java VM: Java HotSpot(TM) 64-Bit Server VM (25.65-b01 mixed mode windows-amd64 compressed oops)
Heap:
 PSYoungGen      total 906752K, used 854323K [0x000000076b800000, 0x00000007bd780000, 0x00000007c0000000)
  eden space 906240K, 94% used [0x000000076b800000,0x000000079fa1cc28,0x00000007a2d00000)
  from space 512K, 37% used [0x00000007bd700000,0x00000007bd730000,0x00000007bd780000)
  to   space 11264K, 0% used [0x00000007bc180000,0x00000007bc180000,0x00000007bcc80000)
 ParOldGen       total 173568K, used 34710K [0x00000006c2800000, 0x00000006cd180000, 0x000000076b800000)
  object space 173568K, 19% used [0x00000006c2800000,0x00000006c49e5bf0,0x00000006cd180000)
 Metaspace       used 8305K, capacity 8710K, committed 8960K, reserved 1056768K
  class space    used 658K, capacity 690K, committed 768K, reserved 1048576K
GC Heap History (10 events):
Event: 2.023 GC heap before
{Heap before GC invocations=14 (full 0):
 PSYoungGen      total 385024K, used 371296K [0x000000076b800000, 0x0000000791600000, 0x00000007c0000000)
  eden space 371200K, 100% used [0x000000076b800000,0x0000000782280000,0x0000000782280000)
  from space 13824K, 0% used [0x0000000782280000,0x0000000782298000,0x0000000783000000)
  to   space 13312K, 0% used [0x0000000790900000,0x0000000790900000,0x0000000791600000)
 ParOldGen       total 173568K, used 34662K [0x00000006c2800000, 0x00000006cd180000, 0x000000076b800000)
  object space 173568K, 19% used [0x00000006c2800000,0x00000006c49d9bf0,0x00000006cd180000)
 Metaspace       used 8253K, capacity 8646K, committed 8960K, reserved 1056768K
  class space    used 658K, capacity 690K, committed 768K, reserved 1048576K
Event: 2.023 GC heap after
Heap after GC invocations=14 (full 0):
 PSYoungGen      total 607232K, used 160K [0x000000076b800000, 0x0000000791600000, 0x00000007c0000000)
  eden space 593920K, 0% used [0x000000076b800000,0x000000076b800000,0x000000078fc00000)
  from space 13312K, 1% used [0x0000000790900000,0x0000000790928000,0x0000000791600000)
  to   space 13312K, 0% used [0x000000078fc00000,0x000000078fc00000,0x0000000790900000)
 ParOldGen       total 173568K, used 34670K [0x00000006c2800000, 0x00000006cd180000, 0x000000076b800000)
  object space 173568K, 19% used [0x00000006c2800000,0x00000006c49dbbf0,0x00000006cd180000)
 Metaspace       used 8253K, capacity 8646K, committed 8960K, reserved 1056768K
  class space    used 658K, capacity 690K, committed 768K, reserved 1048576K
}
Event: 2.461 GC heap before
{Heap before GC invocations=15 (full 0):
 PSYoungGen      total 607232K, used 594080K [0x000000076b800000, 0x0000000791600000, 0x00000007c0000000)
  eden space 593920K, 100% used [0x000000076b800000,0x000000078fc00000,0x000000078fc00000)
  from space 13312K, 1% used [0x0000000790900000,0x0000000790928000,0x0000000791600000)
  to   space 13312K, 0% used [0x000000078fc00000,0x000000078fc00000,0x0000000790900000)
 ParOldGen       total 173568K, used 34670K [0x00000006c2800000, 0x00000006cd180000, 0x000000076b800000)
  object space 173568K, 19% used [0x00000006c2800000,0x00000006c49dbbf0,0x00000006cd180000)
 Metaspace       used 8260K, capacity 8646K, committed 8960K, reserved 1056768K
  class space    used 658K, capacity 690K, committed 768K, reserved 1048576K
Event: 2.462 GC heap after
Heap after GC invocations=15 (full 0):
 PSYoungGen      total 607232K, used 256K [0x000000076b800000, 0x00000007a7100000, 0x00000007c0000000)
  eden space 593920K, 0% used [0x000000076b800000,0x000000076b800000,0x000000078fc00000)
  from space 13312K, 1% used [0x000000078fc00000,0x000000078fc40000,0x0000000790900000)
  to   space 12800K, 0% used [0x00000007a6480000,0x00000007a6480000,0x00000007a7100000)
 ParOldGen       total 173568K, used 34670K [0x00000006c2800000, 0x00000006cd180000, 0x000000076b800000)
  object space 173568K, 19% used [0x00000006c2800000,0x00000006c49dbbf0,0x00000006cd180000)
 Metaspace       used 8260K, capacity 8646K, committed 8960K, reserved 1056768K
  class space    used 658K, capacity 690K, committed 768K, reserved 1048576K
}
Event: 2.910 GC heap before
{Heap before GC invocations=16 (full 0):
 PSYoungGen      total 607232K, used 594176K [0x000000076b800000, 0x00000007a7100000, 0x00000007c0000000)
  eden space 593920K, 100% used [0x000000076b800000,0x000000078fc00000,0x000000078fc00000)
  from space 13312K, 1% used [0x000000078fc00000,0x000000078fc40000,0x0000000790900000)
  to   space 12800K, 0% used [0x00000007a6480000,0x00000007a6480000,0x00000007a7100000)
 ParOldGen       total 173568K, used 34670K [0x00000006c2800000, 0x00000006cd180000, 0x000000076b800000)
  object space 173568K, 19% used [0x00000006c2800000,0x00000006c49dbbf0,0x00000006cd180000)
 Metaspace       used 8274K, capacity 8646K, committed 8960K, reserved 1056768K
  class space    used 658K, capacity 690K, committed 768K, reserved 1048576K
Event: 2.911 GC heap after
Heap after GC invocations=16 (full 0):
 PSYoungGen      total 962048K, used 224K [0x000000076b800000, 0x00000007a7000000, 0x00000007c0000000)
  eden space 950272K, 0% used [0x000000076b800000,0x000000076b800000,0x00000007a5800000)
  from space 11776K, 1% used [0x00000007a6480000,0x00000007a64b8000,0x00000007a7000000)
  to   space 12288K, 0% used [0x00000007a5800000,0x00000007a5800000,0x00000007a6400000)
 ParOldGen       total 173568K, used 34670K [0x00000006c2800000, 0x00000006cd180000, 0x000000076b800000)
  object space 173568K, 19% used [0x00000006c2800000,0x00000006c49dbbf0,0x00000006cd180000)
 Metaspace       used 8274K, capacity 8646K, committed 8960K, reserved 1056768K
  class space    used 658K, capacity 690K, committed 768K, reserved 1048576K
}
Event: 3.666 GC heap before
{Heap before GC invocations=17 (full 0):
 PSYoungGen      total 962048K, used 950496K [0x000000076b800000, 0x00000007a7000000, 0x00000007c0000000)
  eden space 950272K, 100% used [0x000000076b800000,0x00000007a5800000,0x00000007a5800000)
  from space 11776K, 1% used [0x00000007a6480000,0x00000007a64b8000,0x00000007a7000000)
  to   space 12288K, 0% used [0x00000007a5800000,0x00000007a5800000,0x00000007a6400000)
 ParOldGen       total 173568K, used 34670K [0x00000006c2800000, 0x00000006cd180000, 0x000000076b800000)
  object space 173568K, 19% used [0x00000006c2800000,0x00000006c49dbbf0,0x00000006cd180000)
 Metaspace       used 8294K, capacity 8710K, committed 8960K, reserved 1056768K
  class space    used 658K, capacity 690K, committed 768K, reserved 1048576K
Event: 3.667 GC heap after
Heap after GC invocations=17 (full 0):
 PSYoungGen      total 962560K, used 224K [0x000000076b800000, 0x00000007be280000, 0x00000007c0000000)
  eden space 950272K, 0% used [0x000000076b800000,0x000000076b800000,0x00000007a5800000)
  from space 12288K, 1% used [0x00000007a5800000,0x00000007a5838000,0x00000007a6400000)
  to   space 11776K, 0% used [0x00000007bd700000,0x00000007bd700000,0x00000007be280000)
 ParOldGen       total 173568K, used 34686K [0x00000006c2800000, 0x00000006cd180000, 0x000000076b800000)
  object space 173568K, 19% used [0x00000006c2800000,0x00000006c49dfbf0,0x00000006cd180000)
 Metaspace       used 8294K, capacity 8710K, committed 8960K, reserved 1056768K
  class space    used 658K, capacity 690K, committed 768K, reserved 1048576K
}
Event: 4.594 GC heap before
{Heap before GC invocations=18 (full 0):
 PSYoungGen      total 962560K, used 950496K [0x000000076b800000, 0x00000007be280000, 0x00000007c0000000)
  eden space 950272K, 100% used [0x000000076b800000,0x00000007a5800000,0x00000007a5800000)
  from space 12288K, 1% used [0x00000007a5800000,0x00000007a5838000,0x00000007a6400000)
  to   space 11776K, 0% used [0x00000007bd700000,0x00000007bd700000,0x00000007be280000)
 ParOldGen       total 173568K, used 34686K [0x00000006c2800000, 0x00000006cd180000, 0x000000076b800000)
  object space 173568K, 19% used [0x00000006c2800000,0x00000006c49dfbf0,0x00000006cd180000)
 Metaspace       used 8305K, capacity 8710K, committed 8960K, reserved 1056768K
  class space    used 658K, capacity 690K, committed 768K, reserved 1048576K
Event: 4.594 GC heap after
Heap after GC invocations=18 (full 0):
 PSYoungGen      total 906752K, used 192K [0x000000076b800000, 0x00000007bd780000, 0x00000007c0000000)
  eden space 906240K, 0% used [0x000000076b800000,0x000000076b800000,0x00000007a2d00000)
  from space 512K, 37% used [0x00000007bd700000,0x00000007bd730000,0x00000007bd780000)
  to   space 11264K, 0% used [0x00000007bc180000,0x00000007bc180000,0x00000007bcc80000)
 ParOldGen       total 173568K, used 34710K [0x00000006c2800000, 0x00000006cd180000, 0x000000076b800000)
  object space 173568K, 19% used [0x00000006c2800000,0x00000006c49e5bf0,0x00000006cd180000)
 Metaspace       used 8305K, capacity 8710K, committed 8960K, reserved 1056768K
  class space    used 658K, capacity 690K, committed 768K, reserved 1048576K
}

