# JRE version: Java(TM) SE Runtime Environment (8.0_65-b17) (build 1.8.0_65-b17)
# Java VM: Java HotSpot(TM) 64-Bit Server VM (25.65-b01 mixed mode windows-amd64 compressed oops)
Heap:
 PSYoungGen      total 357888K, used 200309K [0x000000076b800000, 0x00000007aa880000, 0x00000007c0000000)
  eden space 353792K, 56% used [0x000000076b800000,0x0000000777b5d620,0x0000000781180000)
  from space 4096K, 6% used [0x00000007aa080000,0x00000007aa0c0000,0x00000007aa480000)
  to   space 4096K, 0% used [0x00000007aa480000,0x00000007aa480000,0x00000007aa880000)
 ParOldGen       total 173568K, used 15189K [0x00000006c2800000, 0x00000006cd180000, 0x000000076b800000)
  object space 173568K, 8% used [0x00000006c2800000,0x00000006c36d54c8,0x00000006cd180000)
 Metaspace       used 8339K, capacity 8774K, committed 8960K, reserved 1056768K
  class space    used 658K, capacity 690K, committed 768K, reserved 1048576K
GC Heap History (10 events):
Event: 6.882 GC heap before
{Heap before GC invocations=23 (full 0):
 PSYoungGen      total 439808K, used 439520K [0x000000076b800000, 0x00000007ab100000, 0x00000007c0000000)
  eden space 439296K, 100% used [0x000000076b800000,0x0000000786500000,0x0000000786500000)
  from space 512K, 43% used [0x00000007ab080000,0x00000007ab0b8000,0x00000007ab100000)
  to   space 5120K, 0% used [0x00000007aa700000,0x00000007aa700000,0x00000007aac00000)
 ParOldGen       total 173568K, used 15173K [0x00000006c2800000, 0x00000006cd180000, 0x000000076b800000)
  object space 173568K, 8% used [0x00000006c2800000,0x00000006c36d14c8,0x00000006cd180000)
 Metaspace       used 8332K, capacity 8710K, committed 8960K, reserved 1056768K
  class space    used 658K, capacity 690K, committed 768K, reserved 1048576K
Event: 6.883 GC heap after
Heap after GC invocations=23 (full 0):
 PSYoungGen      total 425472K, used 224K [0x000000076b800000, 0x00000007ab100000, 0x00000007c0000000)
  eden space 420352K, 0% used [0x000000076b800000,0x000000076b800000,0x0000000785280000)
  from space 5120K, 4% used [0x00000007aa700000,0x00000007aa738000,0x00000007aac00000)
  to   space 5120K, 0% used [0x00000007aac00000,0x00000007aac00000,0x00000007ab100000)
 ParOldGen       total 173568K, used 15173K [0x00000006c2800000, 0x00000006cd180000, 0x000000076b800000)
  object space 173568K, 8% used [0x00000006c2800000,0x00000006c36d14c8,0x00000006cd180000)
 Metaspace       used 8332K, capacity 8710K, committed 8960K, reserved 1056768K
  class space    used 658K, capacity 690K, committed 768K, reserved 1048576K
}
Event: 7.259 GC heap before
{Heap before GC invocations=24 (full 0):
 PSYoungGen      total 425472K, used 420576K [0x000000076b800000, 0x00000007ab100000, 0x00000007c0000000)
  eden space 420352K, 100% used [0x000000076b800000,0x0000000785280000,0x0000000785280000)
  from space 5120K, 4% used [0x00000007aa700000,0x00000007aa738000,0x00000007aac00000)
  to   space 5120K, 0% used [0x00000007aac00000,0x00000007aac00000,0x00000007ab100000)
 ParOldGen       total 173568K, used 15173K [0x00000006c2800000, 0x00000006cd180000, 0x000000076b800000)
  object space 173568K, 8% used [0x00000006c2800000,0x00000006c36d14c8,0x00000006cd180000)
 Metaspace       used 8332K, capacity 8710K, committed 8960K, reserved 1056768K
  class space    used 658K, capacity 690K, committed 768K, reserved 1048576K
Event: 7.259 GC heap after
Heap after GC invocations=24 (full 0):
 PSYoungGen      total 402944K, used 192K [0x000000076b800000, 0x00000007aac80000, 0x00000007c0000000)
  eden space 402432K, 0% used [0x000000076b800000,0x000000076b800000,0x0000000784100000)
  from space 512K, 37% used [0x00000007aac00000,0x00000007aac30000,0x00000007aac80000)
  to   space 4608K, 0% used [0x00000007aa380000,0x00000007aa380000,0x00000007aa800000)
 ParOldGen       total 173568K, used 15173K [0x00000006c2800000, 0x00000006cd180000, 0x000000076b800000)
  object space 173568K, 8% used [0x00000006c2800000,0x00000006c36d14c8,0x00000006cd180000)
 Metaspace       used 8332K, capacity 8710K, committed 8960K, reserved 1056768K
  class space    used 658K, capacity 690K, committed 768K, reserved 1048576K
}
Event: 7.630 GC heap before
{Heap before GC invocations=25 (full 0):
 PSYoungGen      total 402944K, used 402624K [0x000000076b800000, 0x00000007aac80000, 0x00000007c0000000)
  eden space 402432K, 100% used [0x000000076b800000,0x0000000784100000,0x0000000784100000)
  from space 512K, 37% used [0x00000007aac00000,0x00000007aac30000,0x00000007aac80000)
  to   space 4608K, 0% used [0x00000007aa380000,0x00000007aa380000,0x00000007aa800000)
 ParOldGen       total 173568K, used 15173K [0x00000006c2800000, 0x00000006cd180000, 0x000000076b800000)
  object space 173568K, 8% used [0x00000006c2800000,0x00000006c36d14c8,0x00000006cd180000)
 Metaspace       used 8332K, capacity 8710K, committed 8960K, reserved 1056768K
  class space    used 658K, capacity 690K, committed 768K, reserved 1048576K
Event: 7.631 GC heap after
Heap after GC invocations=25 (full 0):
 PSYoungGen      total 390144K, used 224K [0x000000076b800000, 0x00000007aac80000, 0x00000007c0000000)
  eden space 385536K, 0% used [0x000000076b800000,0x000000076b800000,0x0000000783080000)
  from space 4608K, 4% used [0x00000007aa380000,0x00000007aa3b8000,0x00000007aa800000)
  to   space 4608K, 0% used [0x00000007aa800000,0x00000007aa800000,0x00000007aac80000)
 ParOldGen       total 173568K, used 15173K [0x00000006c2800000, 0x00000006cd180000, 0x000000076b800000)
  object space 173568K, 8% used [0x00000006c2800000,0x00000006c36d14c8,0x00000006cd180000)
 Metaspace       used 8332K, capacity 8710K, committed 8960K, reserved 1056768K
  class space    used 658K, capacity 690K, committed 768K, reserved 1048576K
}
Event: 7.922 GC heap before
{Heap before GC invocations=26 (full 0):
 PSYoungGen      total 390144K, used 385760K [0x000000076b800000, 0x00000007aac80000, 0x00000007c0000000)
  eden space 385536K, 100% used [0x000000076b800000,0x0000000783080000,0x0000000783080000)
  from space 4608K, 4% used [0x00000007aa380000,0x00000007aa3b8000,0x00000007aa800000)
  to   space 4608K, 0% used [0x00000007aa800000,0x00000007aa800000,0x00000007aac80000)
 ParOldGen       total 173568K, used 15173K [0x00000006c2800000, 0x00000006cd180000, 0x000000076b800000)
  object space 173568K, 8% used [0x00000006c2800000,0x00000006c36d14c8,0x00000006cd180000)
 Metaspace       used 8338K, capacity 8774K, committed 8960K, reserved 1056768K
  class space    used 658K, capacity 690K, committed 768K, reserved 1048576K
Event: 7.923 GC heap after
Heap after GC invocations=26 (full 0):
 PSYoungGen      total 369664K, used 160K [0x000000076b800000, 0x00000007aa880000, 0x00000007c0000000)
  eden space 369152K, 0% used [0x000000076b800000,0x000000076b800000,0x0000000782080000)
  from space 512K, 31% used [0x00000007aa800000,0x00000007aa828000,0x00000007aa880000)
  to   space 4096K, 0% used [0x00000007aa080000,0x00000007aa080000,0x00000007aa480000)
 ParOldGen       total 173568K, used 15189K [0x00000006c2800000, 0x00000006cd180000, 0x000000076b800000)
  object space 173568K, 8% used [0x00000006c2800000,0x00000006c36d54c8,0x00000006cd180000)
 Metaspace       used 8338K, capacity 8774K, committed 8960K, reserved 1056768K
  class space    used 658K, capacity 690K, committed 768K, reserved 1048576K
}
Event: 8.193 GC heap before
{Heap before GC invocations=27 (full 0):
 PSYoungGen      total 369664K, used 369312K [0x000000076b800000, 0x00000007aa880000, 0x00000007c0000000)
  eden space 369152K, 100% used [0x000000076b800000,0x0000000782080000,0x0000000782080000)
  from space 512K, 31% used [0x00000007aa800000,0x00000007aa828000,0x00000007aa880000)
  to   space 4096K, 0% used [0x00000007aa080000,0x00000007aa080000,0x00000007aa480000)
 ParOldGen       total 173568K, used 15189K [0x00000006c2800000, 0x00000006cd180000, 0x000000076b800000)
  object space 173568K, 8% used [0x00000006c2800000,0x00000006c36d54c8,0x00000006cd180000)
 Metaspace       used 8338K, capacity 8774K, committed 8960K, reserved 1056768K
  class space    used 658K, capacity 690K, committed 768K, reserved 1048576K
Event: 8.193 GC heap after
Heap after GC invocations=27 (full 0):
 PSYoungGen      total 357888K, used 256K [0x000000076b800000, 0x00000007aa880000, 0x00000007c0000000)
  eden space 353792K, 0% used [0x000000076b800000,0x000000076b800000,0x0000000781180000)
  from space 4096K, 6% used [0x00000007aa080000,0x00000007aa0c0000,0x00000007aa480000)
  to   space 4096K, 0% used [0x00000007aa480000,0x00000007aa480000,0x00000007aa880000)
 ParOldGen       total 173568K, used 15189K [0x00000006c2800000, 0x00000006cd180000, 0x000000076b800000)
  object space 173568K, 8% used [0x00000006c2800000,0x00000006c36d54c8,0x00000006cd180000)
 Metaspace       used 8338K, capacity 8774K, committed 8960K, reserved 1056768K
  class space    used 658K, capacity 690K, committed 768K, reserved 1048576K
}

