# JRE version: Java(TM) SE Runtime Environment (8.0_65-b17) (build 1.8.0_65-b17)
# Java VM: Java HotSpot(TM) 64-Bit Server VM (25.65-b01 mixed mode windows-amd64 compressed oops)
Heap:
 PSYoungGen      total 44032K, used 26480K [0x000000076b800000, 0x00000007b5b80000, 0x00000007c0000000)
  eden space 43520K, 60% used [0x000000076b800000,0x000000076d1ac030,0x000000076e280000)
  from space 512K, 37% used [0x00000007b5a80000,0x00000007b5ab0000,0x00000007b5b00000)
  to   space 512K, 0% used [0x00000007b5b00000,0x00000007b5b00000,0x00000007b5b80000)
 ParOldGen       total 173568K, used 21652K [0x00000006c2800000, 0x00000006cd180000, 0x000000076b800000)
  object space 173568K, 12% used [0x00000006c2800000,0x00000006c3d25080,0x00000006cd180000)
 Metaspace       used 8502K, capacity 8742K, committed 8960K, reserved 1056768K
  class space    used 685K, capacity 722K, committed 768K, reserved 1048576K
GC Heap History (10 events):
Event: 90.919 GC heap before
{Heap before GC invocations=991 (full 0):
 PSYoungGen      total 38400K, used 38016K [0x000000076b800000, 0x00000007b5b80000, 0x00000007c0000000)
  eden space 37888K, 100% used [0x000000076b800000,0x000000076dd00000,0x000000076dd00000)
  from space 512K, 25% used [0x00000007b5b00000,0x00000007b5b20000,0x00000007b5b80000)
  to   space 512K, 0% used [0x00000007b5a80000,0x00000007b5a80000,0x00000007b5b00000)
 ParOldGen       total 173568K, used 21628K [0x00000006c2800000, 0x00000006cd180000, 0x000000076b800000)
  object space 173568K, 12% used [0x00000006c2800000,0x00000006c3d1f080,0x00000006cd180000)
 Metaspace       used 8502K, capacity 8742K, committed 8960K, reserved 1056768K
  class space    used 685K, capacity 722K, committed 768K, reserved 1048576K
Event: 90.920 GC heap after
Heap after GC invocations=991 (full 0):
 PSYoungGen      total 37888K, used 224K [0x000000076b800000, 0x00000007b5b80000, 0x00000007c0000000)
  eden space 37376K, 0% used [0x000000076b800000,0x000000076b800000,0x000000076dc80000)
  from space 512K, 43% used [0x00000007b5a80000,0x00000007b5ab8000,0x00000007b5b00000)
  to   space 512K, 0% used [0x00000007b5b00000,0x00000007b5b00000,0x00000007b5b80000)
 ParOldGen       total 173568K, used 21628K [0x00000006c2800000, 0x00000006cd180000, 0x000000076b800000)
  object space 173568K, 12% used [0x00000006c2800000,0x00000006c3d1f080,0x00000006cd180000)
 Metaspace       used 8502K, capacity 8742K, committed 8960K, reserved 1056768K
  class space    used 685K, capacity 722K, committed 768K, reserved 1048576K
}
Event: 90.978 GC heap before
{Heap before GC invocations=992 (full 0):
 PSYoungGen      total 37888K, used 37600K [0x000000076b800000, 0x00000007b5b80000, 0x00000007c0000000)
  eden space 37376K, 100% used [0x000000076b800000,0x000000076dc80000,0x000000076dc80000)
  from space 512K, 43% used [0x00000007b5a80000,0x00000007b5ab8000,0x00000007b5b00000)
  to   space 512K, 0% used [0x00000007b5b00000,0x00000007b5b00000,0x00000007b5b80000)
 ParOldGen       total 173568K, used 21628K [0x00000006c2800000, 0x00000006cd180000, 0x000000076b800000)
  object space 173568K, 12% used [0x00000006c2800000,0x00000006c3d1f080,0x00000006cd180000)
 Metaspace       used 8502K, capacity 8742K, committed 8960K, reserved 1056768K
  class space    used 685K, capacity 722K, committed 768K, reserved 1048576K
Event: 90.978 GC heap after
Heap after GC invocations=992 (full 0):
 PSYoungGen      total 37376K, used 192K [0x000000076b800000, 0x00000007b5b80000, 0x00000007c0000000)
  eden space 36864K, 0% used [0x000000076b800000,0x000000076b800000,0x000000076dc00000)
  from space 512K, 37% used [0x00000007b5b00000,0x00000007b5b30000,0x00000007b5b80000)
  to   space 512K, 0% used [0x00000007b5a80000,0x00000007b5a80000,0x00000007b5b00000)
 ParOldGen       total 173568K, used 21628K [0x00000006c2800000, 0x00000006cd180000, 0x000000076b800000)
  object space 173568K, 12% used [0x00000006c2800000,0x00000006c3d1f080,0x00000006cd180000)
 Metaspace       used 8502K, capacity 8742K, committed 8960K, reserved 1056768K
  class space    used 685K, capacity 722K, committed 768K, reserved 1048576K
}
Event: 91.014 GC heap before
{Heap before GC invocations=993 (full 0):
 PSYoungGen      total 37376K, used 37056K [0x000000076b800000, 0x00000007b5b80000, 0x00000007c0000000)
  eden space 36864K, 100% used [0x000000076b800000,0x000000076dc00000,0x000000076dc00000)
  from space 512K, 37% used [0x00000007b5b00000,0x00000007b5b30000,0x00000007b5b80000)
  to   space 512K, 0% used [0x00000007b5a80000,0x00000007b5a80000,0x00000007b5b00000)
 ParOldGen       total 173568K, used 21628K [0x00000006c2800000, 0x00000006cd180000, 0x000000076b800000)
  object space 173568K, 12% used [0x00000006c2800000,0x00000006c3d1f080,0x00000006cd180000)
 Metaspace       used 8502K, capacity 8742K, committed 8960K, reserved 1056768K
  class space    used 685K, capacity 722K, committed 768K, reserved 1048576K
Event: 91.015 GC heap after
Heap after GC invocations=993 (full 0):
 PSYoungGen      total 45056K, used 224K [0x000000076b800000, 0x00000007b5b80000, 0x00000007c0000000)
  eden space 44544K, 0% used [0x000000076b800000,0x000000076b800000,0x000000076e380000)
  from space 512K, 43% used [0x00000007b5a80000,0x00000007b5ab8000,0x00000007b5b00000)
  to   space 512K, 0% used [0x00000007b5b00000,0x00000007b5b00000,0x00000007b5b80000)
 ParOldGen       total 173568K, used 21652K [0x00000006c2800000, 0x00000006cd180000, 0x000000076b800000)
  object space 173568K, 12% used [0x00000006c2800000,0x00000006c3d25080,0x00000006cd180000)
 Metaspace       used 8502K, capacity 8742K, committed 8960K, reserved 1056768K
  class space    used 685K, capacity 722K, committed 768K, reserved 1048576K
}
Event: 91.085 GC heap before
{Heap before GC invocations=994 (full 0):
 PSYoungGen      total 45056K, used 44768K [0x000000076b800000, 0x00000007b5b80000, 0x00000007c0000000)
  eden space 44544K, 100% used [0x000000076b800000,0x000000076e380000,0x000000076e380000)
  from space 512K, 43% used [0x00000007b5a80000,0x00000007b5ab8000,0x00000007b5b00000)
  to   space 512K, 0% used [0x00000007b5b00000,0x00000007b5b00000,0x00000007b5b80000)
 ParOldGen       total 173568K, used 21652K [0x00000006c2800000, 0x00000006cd180000, 0x000000076b800000)
  object space 173568K, 12% used [0x00000006c2800000,0x00000006c3d25080,0x00000006cd180000)
 Metaspace       used 8502K, capacity 8742K, committed 8960K, reserved 1056768K
  class space    used 685K, capacity 722K, committed 768K, reserved 1048576K
Event: 91.086 GC heap after
Heap after GC invocations=994 (full 0):
 PSYoungGen      total 44544K, used 224K [0x000000076b800000, 0x00000007b5b80000, 0x00000007c0000000)
  eden space 44032K, 0% used [0x000000076b800000,0x000000076b800000,0x000000076e300000)
  from space 512K, 43% used [0x00000007b5b00000,0x00000007b5b38000,0x00000007b5b80000)
  to   space 512K, 0% used [0x00000007b5a80000,0x00000007b5a80000,0x00000007b5b00000)
 ParOldGen       total 173568K, used 21652K [0x00000006c2800000, 0x00000006cd180000, 0x000000076b800000)
  object space 173568K, 12% used [0x00000006c2800000,0x00000006c3d25080,0x00000006cd180000)
 Metaspace       used 8502K, capacity 8742K, committed 8960K, reserved 1056768K
  class space    used 685K, capacity 722K, committed 768K, reserved 1048576K
}
Event: 91.156 GC heap before
{Heap before GC invocations=995 (full 0):
 PSYoungGen      total 44544K, used 44256K [0x000000076b800000, 0x00000007b5b80000, 0x00000007c0000000)
  eden space 44032K, 100% used [0x000000076b800000,0x000000076e300000,0x000000076e300000)
  from space 512K, 43% used [0x00000007b5b00000,0x00000007b5b38000,0x00000007b5b80000)
  to   space 512K, 0% used [0x00000007b5a80000,0x00000007b5a80000,0x00000007b5b00000)
 ParOldGen       total 173568K, used 21652K [0x00000006c2800000, 0x00000006cd180000, 0x000000076b800000)
  object space 173568K, 12% used [0x00000006c2800000,0x00000006c3d25080,0x00000006cd180000)
 Metaspace       used 8502K, capacity 8742K, committed 8960K, reserved 1056768K
  class space    used 685K, capacity 722K, committed 768K, reserved 1048576K
Event: 91.157 GC heap after
Heap after GC invocations=995 (full 0):
 PSYoungGen      total 44032K, used 192K [0x000000076b800000, 0x00000007b5b80000, 0x00000007c0000000)
  eden space 43520K, 0% used [0x000000076b800000,0x000000076b800000,0x000000076e280000)
  from space 512K, 37% used [0x00000007b5a80000,0x00000007b5ab0000,0x00000007b5b00000)
  to   space 512K, 0% used [0x00000007b5b00000,0x00000007b5b00000,0x00000007b5b80000)
 ParOldGen       total 173568K, used 21652K [0x00000006c2800000, 0x00000006cd180000, 0x000000076b800000)
  object space 173568K, 12% used [0x00000006c2800000,0x00000006c3d25080,0x00000006cd180000)
 Metaspace       used 8502K, capacity 8742K, committed 8960K, reserved 1056768K
  class space    used 685K, capacity 722K, committed 768K, reserved 1048576K
}

