# JRE version: Java(TM) SE Runtime Environment (8.0_65-b17) (build 1.8.0_65-b17)
# Java VM: Java HotSpot(TM) 64-Bit Server VM (25.65-b01 mixed mode windows-amd64 compressed oops)
Heap:
 PSYoungGen      total 1278464K, used 236124K [0x000000076b800000, 0x00000007bea80000, 0x00000007c0000000)
  eden space 1277952K, 18% used [0x000000076b800000,0x0000000779e5f348,0x00000007b9800000)
  from space 512K, 43% used [0x00000007bd600000,0x00000007bd638000,0x00000007bd680000)
  to   space 19456K, 0% used [0x00000007bd780000,0x00000007bd780000,0x00000007bea80000)
 ParOldGen       total 173568K, used 21840K [0x00000006c2800000, 0x00000006cd180000, 0x000000076b800000)
  object space 173568K, 12% used [0x00000006c2800000,0x00000006c3d54070,0x00000006cd180000)
 Metaspace       used 8430K, capacity 8678K, committed 8960K, reserved 1056768K
  class space    used 680K, capacity 722K, committed 768K, reserved 1048576K
GC Heap History (10 events):
Event: 3.479 GC heap before
{Heap before GC invocations=11 (full 0):
 PSYoungGen      total 829440K, used 806432K [0x000000076b800000, 0x000000079f880000, 0x00000007c0000000)
  eden space 806400K, 100% used [0x000000076b800000,0x000000079cb80000,0x000000079cb80000)
  from space 23040K, 0% used [0x000000079e200000,0x000000079e208000,0x000000079f880000)
  to   space 23040K, 0% used [0x000000079cb80000,0x000000079cb80000,0x000000079e200000)
 ParOldGen       total 173568K, used 21776K [0x00000006c2800000, 0x00000006cd180000, 0x000000076b800000)
  object space 173568K, 12% used [0x00000006c2800000,0x00000006c3d44070,0x00000006cd180000)
 Metaspace       used 8417K, capacity 8678K, committed 8960K, reserved 1056768K
  class space    used 680K, capacity 722K, committed 768K, reserved 1048576K
Event: 3.480 GC heap after
Heap after GC invocations=11 (full 0):
 PSYoungGen      total 829440K, used 224K [0x000000076b800000, 0x00000007bd000000, 0x00000007c0000000)
  eden space 806400K, 0% used [0x000000076b800000,0x000000076b800000,0x000000079cb80000)
  from space 23040K, 0% used [0x000000079cb80000,0x000000079cbb8000,0x000000079e200000)
  to   space 22528K, 0% used [0x00000007bba00000,0x00000007bba00000,0x00000007bd000000)
 ParOldGen       total 173568K, used 21784K [0x00000006c2800000, 0x00000006cd180000, 0x000000076b800000)
  object space 173568K, 12% used [0x00000006c2800000,0x00000006c3d46070,0x00000006cd180000)
 Metaspace       used 8417K, capacity 8678K, committed 8960K, reserved 1056768K
  class space    used 680K, capacity 722K, committed 768K, reserved 1048576K
}
Event: 4.300 GC heap before
{Heap before GC invocations=12 (full 0):
 PSYoungGen      total 829440K, used 806624K [0x000000076b800000, 0x00000007bd000000, 0x00000007c0000000)
  eden space 806400K, 100% used [0x000000076b800000,0x000000079cb80000,0x000000079cb80000)
  from space 23040K, 0% used [0x000000079cb80000,0x000000079cbb8000,0x000000079e200000)
  to   space 22528K, 0% used [0x00000007bba00000,0x00000007bba00000,0x00000007bd000000)
 ParOldGen       total 173568K, used 21784K [0x00000006c2800000, 0x00000006cd180000, 0x000000076b800000)
  object space 173568K, 12% used [0x00000006c2800000,0x00000006c3d46070,0x00000006cd180000)
 Metaspace       used 8418K, capacity 8678K, committed 8960K, reserved 1056768K
  class space    used 680K, capacity 722K, committed 768K, reserved 1048576K
Event: 4.301 GC heap after
Heap after GC invocations=12 (full 0):
 PSYoungGen      total 1311744K, used 224K [0x000000076b800000, 0x00000007bcf00000, 0x00000007c0000000)
  eden space 1290240K, 0% used [0x000000076b800000,0x000000076b800000,0x00000007ba400000)
  from space 21504K, 1% used [0x00000007bba00000,0x00000007bba38000,0x00000007bcf00000)
  to   space 22016K, 0% used [0x00000007ba400000,0x00000007ba400000,0x00000007bb980000)
 ParOldGen       total 173568K, used 21816K [0x00000006c2800000, 0x00000006cd180000, 0x000000076b800000)
  object space 173568K, 12% used [0x00000006c2800000,0x00000006c3d4e070,0x00000006cd180000)
 Metaspace       used 8418K, capacity 8678K, committed 8960K, reserved 1056768K
  class space    used 680K, capacity 722K, committed 768K, reserved 1048576K
}
Event: 5.558 GC heap before
{Heap before GC invocations=13 (full 0):
 PSYoungGen      total 1311744K, used 1290464K [0x000000076b800000, 0x00000007bcf00000, 0x00000007c0000000)
  eden space 1290240K, 100% used [0x000000076b800000,0x00000007ba400000,0x00000007ba400000)
  from space 21504K, 1% used [0x00000007bba00000,0x00000007bba38000,0x00000007bcf00000)
  to   space 22016K, 0% used [0x00000007ba400000,0x00000007ba400000,0x00000007bb980000)
 ParOldGen       total 173568K, used 21816K [0x00000006c2800000, 0x00000006cd180000, 0x000000076b800000)
  object space 173568K, 12% used [0x00000006c2800000,0x00000006c3d4e070,0x00000006cd180000)
 Metaspace       used 8426K, capacity 8678K, committed 8960K, reserved 1056768K
  class space    used 680K, capacity 722K, committed 768K, reserved 1048576K
Event: 5.559 GC heap after
Heap after GC invocations=13 (full 0):
 PSYoungGen      total 1312256K, used 224K [0x000000076b800000, 0x00000007bfe80000, 0x00000007c0000000)
  eden space 1290240K, 0% used [0x000000076b800000,0x000000076b800000,0x00000007ba400000)
  from space 22016K, 1% used [0x00000007ba400000,0x00000007ba438000,0x00000007bb980000)
  to   space 20992K, 0% used [0x00000007bea00000,0x00000007bea00000,0x00000007bfe80000)
 ParOldGen       total 173568K, used 21840K [0x00000006c2800000, 0x00000006cd180000, 0x000000076b800000)
  object space 173568K, 12% used [0x00000006c2800000,0x00000006c3d54070,0x00000006cd180000)
 Metaspace       used 8426K, capacity 8678K, committed 8960K, reserved 1056768K
  class space    used 680K, capacity 722K, committed 768K, reserved 1048576K
}
Event: 6.788 GC heap before
{Heap before GC invocations=14 (full 0):
 PSYoungGen      total 1312256K, used 1290464K [0x000000076b800000, 0x00000007bfe80000, 0x00000007c0000000)
  eden space 1290240K, 100% used [0x000000076b800000,0x00000007ba400000,0x00000007ba400000)
  from space 22016K, 1% used [0x00000007ba400000,0x00000007ba438000,0x00000007bb980000)
  to   space 20992K, 0% used [0x00000007bea00000,0x00000007bea00000,0x00000007bfe80000)
 ParOldGen       total 173568K, used 21840K [0x00000006c2800000, 0x00000006cd180000, 0x000000076b800000)
  object space 173568K, 12% used [0x00000006c2800000,0x00000006c3d54070,0x00000006cd180000)
 Metaspace       used 8426K, capacity 8678K, committed 8960K, reserved 1056768K
  class space    used 680K, capacity 722K, committed 768K, reserved 1048576K
Event: 6.788 GC heap after
Heap after GC invocations=14 (full 0):
 PSYoungGen      total 1361920K, used 160K [0x000000076b800000, 0x00000007bfe00000, 0x00000007c0000000)
  eden space 1341440K, 0% used [0x000000076b800000,0x000000076b800000,0x00000007bd600000)
  from space 20480K, 0% used [0x00000007bea00000,0x00000007bea28000,0x00000007bfe00000)
  to   space 20480K, 0% used [0x00000007bd600000,0x00000007bd600000,0x00000007bea00000)
 ParOldGen       total 173568K, used 21840K [0x00000006c2800000, 0x00000006cd180000, 0x000000076b800000)
  object space 173568K, 12% used [0x00000006c2800000,0x00000006c3d54070,0x00000006cd180000)
 Metaspace       used 8426K, capacity 8678K, committed 8960K, reserved 1056768K
  class space    used 680K, capacity 722K, committed 768K, reserved 1048576K
}
Event: 8.277 GC heap before
{Heap before GC invocations=15 (full 0):
 PSYoungGen      total 1361920K, used 1341600K [0x000000076b800000, 0x00000007bfe00000, 0x00000007c0000000)
  eden space 1341440K, 100% used [0x000000076b800000,0x00000007bd600000,0x00000007bd600000)
  from space 20480K, 0% used [0x00000007bea00000,0x00000007bea28000,0x00000007bfe00000)
  to   space 20480K, 0% used [0x00000007bd600000,0x00000007bd600000,0x00000007bea00000)
 ParOldGen       total 173568K, used 21840K [0x00000006c2800000, 0x00000006cd180000, 0x000000076b800000)
  object space 173568K, 12% used [0x00000006c2800000,0x00000006c3d54070,0x00000006cd180000)
 Metaspace       used 8430K, capacity 8678K, committed 8960K, reserved 1056768K
  class space    used 680K, capacity 722K, committed 768K, reserved 1048576K
Event: 8.277 GC heap after
Heap after GC invocations=15 (full 0):
 PSYoungGen      total 1278464K, used 224K [0x000000076b800000, 0x00000007bea80000, 0x00000007c0000000)
  eden space 1277952K, 0% used [0x000000076b800000,0x000000076b800000,0x00000007b9800000)
  from space 512K, 43% used [0x00000007bd600000,0x00000007bd638000,0x00000007bd680000)
  to   space 19456K, 0% used [0x00000007bd780000,0x00000007bd780000,0x00000007bea80000)
 ParOldGen       total 173568K, used 21840K [0x00000006c2800000, 0x00000006cd180000, 0x000000076b800000)
  object space 173568K, 12% used [0x00000006c2800000,0x00000006c3d54070,0x00000006cd180000)
 Metaspace       used 8430K, capacity 8678K, committed 8960K, reserved 1056768K
  class space    used 680K, capacity 722K, committed 768K, reserved 1048576K
}

