# JRE version: Java(TM) SE Runtime Environment (8.0_65-b17) (build 1.8.0_65-b17)
# Java VM: Java HotSpot(TM) 64-Bit Server VM (25.65-b01 mixed mode windows-amd64 compressed oops)
Heap:
 PSYoungGen      total 1337856K, used 571018K [0x000000076b800000, 0x00000007bfe80000, 0x00000007c0000000)
  eden space 1314304K, 43% used [0x000000076b800000,0x000000078e56a9b0,0x00000007bbb80000)
  from space 23552K, 0% used [0x00000007bbb80000,0x00000007bbbb8000,0x00000007bd280000)
  to   space 22528K, 0% used [0x00000007be880000,0x00000007be880000,0x00000007bfe80000)
 ParOldGen       total 173568K, used 14614K [0x00000006c2800000, 0x00000006cd180000, 0x000000076b800000)
  object space 173568K, 8% used [0x00000006c2800000,0x00000006c36458d8,0x00000006cd180000)
 Metaspace       used 9778K, capacity 9902K, committed 10112K, reserved 1058816K
  class space    used 781K, capacity 826K, committed 896K, reserved 1048576K
GC Heap History (10 events):
Event: 2.477 GC heap before
{Heap before GC invocations=9 (full 0):
 PSYoungGen      total 538112K, used 513248K [0x000000076b800000, 0x000000078de00000, 0x00000007c0000000)
  eden space 513024K, 100% used [0x000000076b800000,0x000000078ad00000,0x000000078ad00000)
  from space 25088K, 0% used [0x000000078c580000,0x000000078c5b8000,0x000000078de00000)
  to   space 25088K, 0% used [0x000000078ad00000,0x000000078ad00000,0x000000078c580000)
 ParOldGen       total 173568K, used 14462K [0x00000006c2800000, 0x00000006cd180000, 0x000000076b800000)
  object space 173568K, 8% used [0x00000006c2800000,0x00000006c361f8d8,0x00000006cd180000)
 Metaspace       used 9757K, capacity 9902K, committed 10112K, reserved 1058816K
  class space    used 781K, capacity 826K, committed 896K, reserved 1048576K
Event: 2.478 GC heap after
Heap after GC invocations=9 (full 0):
 PSYoungGen      total 538112K, used 224K [0x000000076b800000, 0x00000007a0b00000, 0x00000007c0000000)
  eden space 513024K, 0% used [0x000000076b800000,0x000000076b800000,0x000000078ad00000)
  from space 25088K, 0% used [0x000000078ad00000,0x000000078ad38000,0x000000078c580000)
  to   space 25088K, 0% used [0x000000079f280000,0x000000079f280000,0x00000007a0b00000)
 ParOldGen       total 173568K, used 14502K [0x00000006c2800000, 0x00000006cd180000, 0x000000076b800000)
  object space 173568K, 8% used [0x00000006c2800000,0x00000006c36298d8,0x00000006cd180000)
 Metaspace       used 9757K, capacity 9902K, committed 10112K, reserved 1058816K
  class space    used 781K, capacity 826K, committed 896K, reserved 1048576K
}
Event: 2.794 GC heap before
{Heap before GC invocations=10 (full 0):
 PSYoungGen      total 538112K, used 513248K [0x000000076b800000, 0x00000007a0b00000, 0x00000007c0000000)
  eden space 513024K, 100% used [0x000000076b800000,0x000000078ad00000,0x000000078ad00000)
  from space 25088K, 0% used [0x000000078ad00000,0x000000078ad38000,0x000000078c580000)
  to   space 25088K, 0% used [0x000000079f280000,0x000000079f280000,0x00000007a0b00000)
 ParOldGen       total 173568K, used 14502K [0x00000006c2800000, 0x00000006cd180000, 0x000000076b800000)
  object space 173568K, 8% used [0x00000006c2800000,0x00000006c36298d8,0x00000006cd180000)
 Metaspace       used 9763K, capacity 9902K, committed 10112K, reserved 1058816K
  class space    used 781K, capacity 826K, committed 896K, reserved 1048576K
Event: 2.795 GC heap after
Heap after GC invocations=10 (full 0):
 PSYoungGen      total 845312K, used 224K [0x000000076b800000, 0x00000007a0a00000, 0x00000007c0000000)
  eden space 821248K, 0% used [0x000000076b800000,0x000000076b800000,0x000000079da00000)
  from space 24064K, 0% used [0x000000079f280000,0x000000079f2b8000,0x00000007a0a00000)
  to   space 24576K, 0% used [0x000000079da00000,0x000000079da00000,0x000000079f200000)
 ParOldGen       total 173568K, used 14606K [0x00000006c2800000, 0x00000006cd180000, 0x000000076b800000)
  object space 173568K, 8% used [0x00000006c2800000,0x00000006c36438d8,0x00000006cd180000)
 Metaspace       used 9763K, capacity 9902K, committed 10112K, reserved 1058816K
  class space    used 781K, capacity 826K, committed 896K, reserved 1048576K
}
Event: 3.306 GC heap before
{Heap before GC invocations=11 (full 0):
 PSYoungGen      total 845312K, used 821472K [0x000000076b800000, 0x00000007a0a00000, 0x00000007c0000000)
  eden space 821248K, 100% used [0x000000076b800000,0x000000079da00000,0x000000079da00000)
  from space 24064K, 0% used [0x000000079f280000,0x000000079f2b8000,0x00000007a0a00000)
  to   space 24576K, 0% used [0x000000079da00000,0x000000079da00000,0x000000079f200000)
 ParOldGen       total 173568K, used 14606K [0x00000006c2800000, 0x00000006cd180000, 0x000000076b800000)
  object space 173568K, 8% used [0x00000006c2800000,0x00000006c36438d8,0x00000006cd180000)
 Metaspace       used 9770K, capacity 9902K, committed 10112K, reserved 1058816K
  class space    used 781K, capacity 826K, committed 896K, reserved 1048576K
Event: 3.308 GC heap after
Heap after GC invocations=11 (full 0):
 PSYoungGen      total 845824K, used 160K [0x000000076b800000, 0x00000007bea80000, 0x00000007c0000000)
  eden space 821248K, 0% used [0x000000076b800000,0x000000076b800000,0x000000079da00000)
  from space 24576K, 0% used [0x000000079da00000,0x000000079da28000,0x000000079f200000)
  to   space 24064K, 0% used [0x00000007bd300000,0x00000007bd300000,0x00000007bea80000)
 ParOldGen       total 173568K, used 14614K [0x00000006c2800000, 0x00000006cd180000, 0x000000076b800000)
  object space 173568K, 8% used [0x00000006c2800000,0x00000006c36458d8,0x00000006cd180000)
 Metaspace       used 9770K, capacity 9902K, committed 10112K, reserved 1058816K
  class space    used 781K, capacity 826K, committed 896K, reserved 1048576K
}
Event: 3.809 GC heap before
{Heap before GC invocations=12 (full 0):
 PSYoungGen      total 845824K, used 821408K [0x000000076b800000, 0x00000007bea80000, 0x00000007c0000000)
  eden space 821248K, 100% used [0x000000076b800000,0x000000079da00000,0x000000079da00000)
  from space 24576K, 0% used [0x000000079da00000,0x000000079da28000,0x000000079f200000)
  to   space 24064K, 0% used [0x00000007bd300000,0x00000007bd300000,0x00000007bea80000)
 ParOldGen       total 173568K, used 14614K [0x00000006c2800000, 0x00000006cd180000, 0x000000076b800000)
  object space 173568K, 8% used [0x00000006c2800000,0x00000006c36458d8,0x00000006cd180000)
 Metaspace       used 9773K, capacity 9902K, committed 10112K, reserved 1058816K
  class space    used 781K, capacity 826K, committed 896K, reserved 1048576K
Event: 3.810 GC heap after
Heap after GC invocations=12 (full 0):
 PSYoungGen      total 1337344K, used 224K [0x000000076b800000, 0x00000007be980000, 0x00000007c0000000)
  eden space 1314304K, 0% used [0x000000076b800000,0x000000076b800000,0x00000007bbb80000)
  from space 23040K, 0% used [0x00000007bd300000,0x00000007bd338000,0x00000007be980000)
  to   space 23552K, 0% used [0x00000007bbb80000,0x00000007bbb80000,0x00000007bd280000)
 ParOldGen       total 173568K, used 14614K [0x00000006c2800000, 0x00000006cd180000, 0x000000076b800000)
  object space 173568K, 8% used [0x00000006c2800000,0x00000006c36458d8,0x00000006cd180000)
 Metaspace       used 9773K, capacity 9902K, committed 10112K, reserved 1058816K
  class space    used 781K, capacity 826K, committed 896K, reserved 1048576K
}
Event: 4.794 GC heap before
{Heap before GC invocations=13 (full 0):
 PSYoungGen      total 1337344K, used 1314528K [0x000000076b800000, 0x00000007be980000, 0x00000007c0000000)
  eden space 1314304K, 100% used [0x000000076b800000,0x00000007bbb80000,0x00000007bbb80000)
  from space 23040K, 0% used [0x00000007bd300000,0x00000007bd338000,0x00000007be980000)
  to   space 23552K, 0% used [0x00000007bbb80000,0x00000007bbb80000,0x00000007bd280000)
 ParOldGen       total 173568K, used 14614K [0x00000006c2800000, 0x00000006cd180000, 0x000000076b800000)
  object space 173568K, 8% used [0x00000006c2800000,0x00000006c36458d8,0x00000006cd180000)
 Metaspace       used 9778K, capacity 9902K, committed 10112K, reserved 1058816K
  class space    used 781K, capacity 826K, committed 896K, reserved 1048576K
Event: 4.795 GC heap after
Heap after GC invocations=13 (full 0):
 PSYoungGen      total 1337856K, used 224K [0x000000076b800000, 0x00000007bfe80000, 0x00000007c0000000)
  eden space 1314304K, 0% used [0x000000076b800000,0x000000076b800000,0x00000007bbb80000)
  from space 23552K, 0% used [0x00000007bbb80000,0x00000007bbbb8000,0x00000007bd280000)
  to   space 22528K, 0% used [0x00000007be880000,0x00000007be880000,0x00000007bfe80000)
 ParOldGen       total 173568K, used 14614K [0x00000006c2800000, 0x00000006cd180000, 0x000000076b800000)
  object space 173568K, 8% used [0x00000006c2800000,0x00000006c36458d8,0x00000006cd180000)
 Metaspace       used 9778K, capacity 9902K, committed 10112K, reserved 1058816K
  class space    used 781K, capacity 826K, committed 896K, reserved 1048576K
}

