# JRE version: Java(TM) SE Runtime Environment (8.0_65-b17) (build 1.8.0_65-b17)
# Java VM: Java HotSpot(TM) 64-Bit Server VM (25.65-b01 mixed mode windows-amd64 compressed oops)
Heap:
 PSYoungGen      total 688128K, used 328835K [0x000000076b800000, 0x00000007bcd80000, 0x00000007c0000000)
  eden space 687616K, 47% used [0x000000076b800000,0x000000077f8e8ec0,0x0000000795780000)
  from space 512K, 43% used [0x00000007bcd00000,0x00000007bcd38000,0x00000007bcd80000)
  to   space 8192K, 0% used [0x00000007bbd80000,0x00000007bbd80000,0x00000007bc580000)
 ParOldGen       total 173568K, used 30285K [0x00000006c2800000, 0x00000006cd180000, 0x000000076b800000)
  object space 173568K, 17% used [0x00000006c2800000,0x00000006c45934e0,0x00000006cd180000)
 Metaspace       used 8363K, capacity 8774K, committed 8960K, reserved 1056768K
  class space    used 659K, capacity 690K, committed 768K, reserved 1048576K
GC Heap History (10 events):
Event: 7.739 GC heap before
{Heap before GC invocations=20 (full 0):
 PSYoungGen      total 880640K, used 869600K [0x000000076b800000, 0x00000007be880000, 0x00000007c0000000)
  eden space 869376K, 100% used [0x000000076b800000,0x00000007a0900000,0x00000007a0900000)
  from space 11264K, 1% used [0x00000007bd280000,0x00000007bd2b8000,0x00000007bdd80000)
  to   space 10752K, 0% used [0x00000007bde00000,0x00000007bde00000,0x00000007be880000)
 ParOldGen       total 173568K, used 30285K [0x00000006c2800000, 0x00000006cd180000, 0x000000076b800000)
  object space 173568K, 17% used [0x00000006c2800000,0x00000006c45934e0,0x00000006cd180000)
 Metaspace       used 8348K, capacity 8710K, committed 8960K, reserved 1056768K
  class space    used 659K, capacity 690K, committed 768K, reserved 1048576K
Event: 7.740 GC heap after
Heap after GC invocations=20 (full 0):
 PSYoungGen      total 829952K, used 192K [0x000000076b800000, 0x00000007bde80000, 0x00000007c0000000)
  eden space 829440K, 0% used [0x000000076b800000,0x000000076b800000,0x000000079e200000)
  from space 512K, 37% used [0x00000007bde00000,0x00000007bde30000,0x00000007bde80000)
  to   space 10240K, 0% used [0x00000007bca80000,0x00000007bca80000,0x00000007bd480000)
 ParOldGen       total 173568K, used 30285K [0x00000006c2800000, 0x00000006cd180000, 0x000000076b800000)
  object space 173568K, 17% used [0x00000006c2800000,0x00000006c45934e0,0x00000006cd180000)
 Metaspace       used 8348K, capacity 8710K, committed 8960K, reserved 1056768K
  class space    used 659K, capacity 690K, committed 768K, reserved 1048576K
}
Event: 8.371 GC heap before
{Heap before GC invocations=21 (full 0):
 PSYoungGen      total 829952K, used 829632K [0x000000076b800000, 0x00000007bde80000, 0x00000007c0000000)
  eden space 829440K, 100% used [0x000000076b800000,0x000000079e200000,0x000000079e200000)
  from space 512K, 37% used [0x00000007bde00000,0x00000007bde30000,0x00000007bde80000)
  to   space 10240K, 0% used [0x00000007bca80000,0x00000007bca80000,0x00000007bd480000)
 ParOldGen       total 173568K, used 30285K [0x00000006c2800000, 0x00000006cd180000, 0x000000076b800000)
  object space 173568K, 17% used [0x00000006c2800000,0x00000006c45934e0,0x00000006cd180000)
 Metaspace       used 8360K, capacity 8774K, committed 8960K, reserved 1056768K
  class space    used 659K, capacity 690K, committed 768K, reserved 1048576K
Event: 8.372 GC heap after
Heap after GC invocations=21 (full 0):
 PSYoungGen      total 801280K, used 224K [0x000000076b800000, 0x00000007bde80000, 0x00000007c0000000)
  eden space 791040K, 0% used [0x000000076b800000,0x000000076b800000,0x000000079bc80000)
  from space 10240K, 2% used [0x00000007bca80000,0x00000007bcab8000,0x00000007bd480000)
  to   space 9728K, 0% used [0x00000007bd500000,0x00000007bd500000,0x00000007bde80000)
 ParOldGen       total 173568K, used 30285K [0x00000006c2800000, 0x00000006cd180000, 0x000000076b800000)
  object space 173568K, 17% used [0x00000006c2800000,0x00000006c45934e0,0x00000006cd180000)
 Metaspace       used 8360K, capacity 8774K, committed 8960K, reserved 1056768K
  class space    used 659K, capacity 690K, committed 768K, reserved 1048576K
}
Event: 8.999 GC heap before
{Heap before GC invocations=22 (full 0):
 PSYoungGen      total 801280K, used 791264K [0x000000076b800000, 0x00000007bde80000, 0x00000007c0000000)
  eden space 791040K, 100% used [0x000000076b800000,0x000000079bc80000,0x000000079bc80000)
  from space 10240K, 2% used [0x00000007bca80000,0x00000007bcab8000,0x00000007bd480000)
  to   space 9728K, 0% used [0x00000007bd500000,0x00000007bd500000,0x00000007bde80000)
 ParOldGen       total 173568K, used 30285K [0x00000006c2800000, 0x00000006cd180000, 0x000000076b800000)
  object space 173568K, 17% used [0x00000006c2800000,0x00000006c45934e0,0x00000006cd180000)
 Metaspace       used 8360K, capacity 8774K, committed 8960K, reserved 1056768K
  class space    used 659K, capacity 690K, committed 768K, reserved 1048576K
Event: 9.000 GC heap after
Heap after GC invocations=22 (full 0):
 PSYoungGen      total 755200K, used 224K [0x000000076b800000, 0x00000007bd580000, 0x00000007c0000000)
  eden space 754688K, 0% used [0x000000076b800000,0x000000076b800000,0x0000000799900000)
  from space 512K, 43% used [0x00000007bd500000,0x00000007bd538000,0x00000007bd580000)
  to   space 9216K, 0% used [0x00000007bc380000,0x00000007bc380000,0x00000007bcc80000)
 ParOldGen       total 173568K, used 30285K [0x00000006c2800000, 0x00000006cd180000, 0x000000076b800000)
  object space 173568K, 17% used [0x00000006c2800000,0x00000006c45934e0,0x00000006cd180000)
 Metaspace       used 8360K, capacity 8774K, committed 8960K, reserved 1056768K
  class space    used 659K, capacity 690K, committed 768K, reserved 1048576K
}
Event: 9.580 GC heap before
{Heap before GC invocations=23 (full 0):
 PSYoungGen      total 755200K, used 754912K [0x000000076b800000, 0x00000007bd580000, 0x00000007c0000000)
  eden space 754688K, 100% used [0x000000076b800000,0x0000000799900000,0x0000000799900000)
  from space 512K, 43% used [0x00000007bd500000,0x00000007bd538000,0x00000007bd580000)
  to   space 9216K, 0% used [0x00000007bc380000,0x00000007bc380000,0x00000007bcc80000)
 ParOldGen       total 173568K, used 30285K [0x00000006c2800000, 0x00000006cd180000, 0x000000076b800000)
  object space 173568K, 17% used [0x00000006c2800000,0x00000006c45934e0,0x00000006cd180000)
 Metaspace       used 8360K, capacity 8774K, committed 8960K, reserved 1056768K
  class space    used 659K, capacity 690K, committed 768K, reserved 1048576K
Event: 9.581 GC heap after
Heap after GC invocations=23 (full 0):
 PSYoungGen      total 729600K, used 224K [0x000000076b800000, 0x00000007bd580000, 0x00000007c0000000)
  eden space 720384K, 0% used [0x000000076b800000,0x000000076b800000,0x0000000797780000)
  from space 9216K, 2% used [0x00000007bc380000,0x00000007bc3b8000,0x00000007bcc80000)
  to   space 8704K, 0% used [0x00000007bcd00000,0x00000007bcd00000,0x00000007bd580000)
 ParOldGen       total 173568K, used 30285K [0x00000006c2800000, 0x00000006cd180000, 0x000000076b800000)
  object space 173568K, 17% used [0x00000006c2800000,0x00000006c45934e0,0x00000006cd180000)
 Metaspace       used 8360K, capacity 8774K, committed 8960K, reserved 1056768K
  class space    used 659K, capacity 690K, committed 768K, reserved 1048576K
}
Event: 10.201 GC heap before
{Heap before GC invocations=24 (full 0):
 PSYoungGen      total 729600K, used 720608K [0x000000076b800000, 0x00000007bd580000, 0x00000007c0000000)
  eden space 720384K, 100% used [0x000000076b800000,0x0000000797780000,0x0000000797780000)
  from space 9216K, 2% used [0x00000007bc380000,0x00000007bc3b8000,0x00000007bcc80000)
  to   space 8704K, 0% used [0x00000007bcd00000,0x00000007bcd00000,0x00000007bd580000)
 ParOldGen       total 173568K, used 30285K [0x00000006c2800000, 0x00000006cd180000, 0x000000076b800000)
  object space 173568K, 17% used [0x00000006c2800000,0x00000006c45934e0,0x00000006cd180000)
 Metaspace       used 8363K, capacity 8774K, committed 8960K, reserved 1056768K
  class space    used 659K, capacity 690K, committed 768K, reserved 1048576K
Event: 10.202 GC heap after
Heap after GC invocations=24 (full 0):
 PSYoungGen      total 688128K, used 224K [0x000000076b800000, 0x00000007bcd80000, 0x00000007c0000000)
  eden space 687616K, 0% used [0x000000076b800000,0x000000076b800000,0x0000000795780000)
  from space 512K, 43% used [0x00000007bcd00000,0x00000007bcd38000,0x00000007bcd80000)
  to   space 8192K, 0% used [0x00000007bbd80000,0x00000007bbd80000,0x00000007bc580000)
 ParOldGen       total 173568K, used 30285K [0x00000006c2800000, 0x00000006cd180000, 0x000000076b800000)
  object space 173568K, 17% used [0x00000006c2800000,0x00000006c45934e0,0x00000006cd180000)
 Metaspace       used 8363K, capacity 8774K, committed 8960K, reserved 1056768K
  class space    used 659K, capacity 690K, committed 768K, reserved 1048576K
}

