# JRE version: Java(TM) SE Runtime Environment (8.0_65-b17) (build 1.8.0_65-b17)
# Java VM: Java HotSpot(TM) 64-Bit Server VM (25.65-b01 mixed mode windows-amd64 compressed oops)
Heap:
 PSYoungGen      total 393728K, used 35340K [0x000000076b800000, 0x00000007bb200000, 0x00000007c0000000)
  eden space 391168K, 8% used [0x000000076b800000,0x000000076da4b200,0x0000000783600000)
  from space 2560K, 8% used [0x00000007bad00000,0x00000007bad38000,0x00000007baf80000)
  to   space 2560K, 0% used [0x00000007baf80000,0x00000007baf80000,0x00000007bb200000)
 ParOldGen       total 173568K, used 23555K [0x00000006c2800000, 0x00000006cd180000, 0x000000076b800000)
  object space 173568K, 13% used [0x00000006c2800000,0x00000006c3f00c40,0x00000006cd180000)
 Metaspace       used 8383K, capacity 8774K, committed 8960K, reserved 1056768K
  class space    used 662K, capacity 690K, committed 768K, reserved 1048576K
GC Heap History (10 events):
Event: 18.537 GC heap before
{Heap before GC invocations=35 (full 0):
 PSYoungGen      total 488960K, used 488672K [0x000000076b800000, 0x00000007bb700000, 0x00000007c0000000)
  eden space 488448K, 100% used [0x000000076b800000,0x0000000789500000,0x0000000789500000)
  from space 512K, 43% used [0x00000007bb680000,0x00000007bb6b8000,0x00000007bb700000)
  to   space 3584K, 0% used [0x00000007bb000000,0x00000007bb000000,0x00000007bb380000)
 ParOldGen       total 173568K, used 23555K [0x00000006c2800000, 0x00000006cd180000, 0x000000076b800000)
  object space 173568K, 13% used [0x00000006c2800000,0x00000006c3f00c40,0x00000006cd180000)
 Metaspace       used 8383K, capacity 8774K, committed 8960K, reserved 1056768K
  class space    used 662K, capacity 690K, committed 768K, reserved 1048576K
Event: 18.538 GC heap after
Heap after GC invocations=35 (full 0):
 PSYoungGen      total 470528K, used 224K [0x000000076b800000, 0x00000007bb700000, 0x00000007c0000000)
  eden space 466944K, 0% used [0x000000076b800000,0x000000076b800000,0x0000000788000000)
  from space 3584K, 6% used [0x00000007bb000000,0x00000007bb038000,0x00000007bb380000)
  to   space 3072K, 0% used [0x00000007bb400000,0x00000007bb400000,0x00000007bb700000)
 ParOldGen       total 173568K, used 23555K [0x00000006c2800000, 0x00000006cd180000, 0x000000076b800000)
  object space 173568K, 13% used [0x00000006c2800000,0x00000006c3f00c40,0x00000006cd180000)
 Metaspace       used 8383K, capacity 8774K, committed 8960K, reserved 1056768K
  class space    used 662K, capacity 690K, committed 768K, reserved 1048576K
}
Event: 18.902 GC heap before
{Heap before GC invocations=36 (full 0):
 PSYoungGen      total 470528K, used 467168K [0x000000076b800000, 0x00000007bb700000, 0x00000007c0000000)
  eden space 466944K, 100% used [0x000000076b800000,0x0000000788000000,0x0000000788000000)
  from space 3584K, 6% used [0x00000007bb000000,0x00000007bb038000,0x00000007bb380000)
  to   space 3072K, 0% used [0x00000007bb400000,0x00000007bb400000,0x00000007bb700000)
 ParOldGen       total 173568K, used 23555K [0x00000006c2800000, 0x00000006cd180000, 0x000000076b800000)
  object space 173568K, 13% used [0x00000006c2800000,0x00000006c3f00c40,0x00000006cd180000)
 Metaspace       used 8383K, capacity 8774K, committed 8960K, reserved 1056768K
  class space    used 662K, capacity 690K, committed 768K, reserved 1048576K
Event: 18.903 GC heap after
Heap after GC invocations=36 (full 0):
 PSYoungGen      total 446976K, used 224K [0x000000076b800000, 0x00000007bb480000, 0x00000007c0000000)
  eden space 446464K, 0% used [0x000000076b800000,0x000000076b800000,0x0000000786c00000)
  from space 512K, 43% used [0x00000007bb400000,0x00000007bb438000,0x00000007bb480000)
  to   space 3072K, 0% used [0x00000007bae80000,0x00000007bae80000,0x00000007bb180000)
 ParOldGen       total 173568K, used 23555K [0x00000006c2800000, 0x00000006cd180000, 0x000000076b800000)
  object space 173568K, 13% used [0x00000006c2800000,0x00000006c3f00c40,0x00000006cd180000)
 Metaspace       used 8383K, capacity 8774K, committed 8960K, reserved 1056768K
  class space    used 662K, capacity 690K, committed 768K, reserved 1048576K
}
Event: 19.408 GC heap before
{Heap before GC invocations=37 (full 0):
 PSYoungGen      total 446976K, used 446688K [0x000000076b800000, 0x00000007bb480000, 0x00000007c0000000)
  eden space 446464K, 100% used [0x000000076b800000,0x0000000786c00000,0x0000000786c00000)
  from space 512K, 43% used [0x00000007bb400000,0x00000007bb438000,0x00000007bb480000)
  to   space 3072K, 0% used [0x00000007bae80000,0x00000007bae80000,0x00000007bb180000)
 ParOldGen       total 173568K, used 23555K [0x00000006c2800000, 0x00000006cd180000, 0x000000076b800000)
  object space 173568K, 13% used [0x00000006c2800000,0x00000006c3f00c40,0x00000006cd180000)
 Metaspace       used 8383K, capacity 8774K, committed 8960K, reserved 1056768K
  class space    used 662K, capacity 690K, committed 768K, reserved 1048576K
Event: 19.408 GC heap after
Heap after GC invocations=37 (full 0):
 PSYoungGen      total 430080K, used 224K [0x000000076b800000, 0x00000007bb480000, 0x00000007c0000000)
  eden space 427008K, 0% used [0x000000076b800000,0x000000076b800000,0x0000000785900000)
  from space 3072K, 7% used [0x00000007bae80000,0x00000007baeb8000,0x00000007bb180000)
  to   space 3072K, 0% used [0x00000007bb180000,0x00000007bb180000,0x00000007bb480000)
 ParOldGen       total 173568K, used 23555K [0x00000006c2800000, 0x00000006cd180000, 0x000000076b800000)
  object space 173568K, 13% used [0x00000006c2800000,0x00000006c3f00c40,0x00000006cd180000)
 Metaspace       used 8383K, capacity 8774K, committed 8960K, reserved 1056768K
  class space    used 662K, capacity 690K, committed 768K, reserved 1048576K
}
Event: 19.799 GC heap before
{Heap before GC invocations=38 (full 0):
 PSYoungGen      total 430080K, used 427232K [0x000000076b800000, 0x00000007bb480000, 0x00000007c0000000)
  eden space 427008K, 100% used [0x000000076b800000,0x0000000785900000,0x0000000785900000)
  from space 3072K, 7% used [0x00000007bae80000,0x00000007baeb8000,0x00000007bb180000)
  to   space 3072K, 0% used [0x00000007bb180000,0x00000007bb180000,0x00000007bb480000)
 ParOldGen       total 173568K, used 23555K [0x00000006c2800000, 0x00000006cd180000, 0x000000076b800000)
  object space 173568K, 13% used [0x00000006c2800000,0x00000006c3f00c40,0x00000006cd180000)
 Metaspace       used 8383K, capacity 8774K, committed 8960K, reserved 1056768K
  class space    used 662K, capacity 690K, committed 768K, reserved 1048576K
Event: 19.800 GC heap after
Heap after GC invocations=38 (full 0):
 PSYoungGen      total 409088K, used 256K [0x000000076b800000, 0x00000007bb200000, 0x00000007c0000000)
  eden space 408576K, 0% used [0x000000076b800000,0x000000076b800000,0x0000000784700000)
  from space 512K, 50% used [0x00000007bb180000,0x00000007bb1c0000,0x00000007bb200000)
  to   space 2560K, 0% used [0x00000007bad00000,0x00000007bad00000,0x00000007baf80000)
 ParOldGen       total 173568K, used 23555K [0x00000006c2800000, 0x00000006cd180000, 0x000000076b800000)
  object space 173568K, 13% used [0x00000006c2800000,0x00000006c3f00c40,0x00000006cd180000)
 Metaspace       used 8383K, capacity 8774K, committed 8960K, reserved 1056768K
  class space    used 662K, capacity 690K, committed 768K, reserved 1048576K
}
Event: 20.107 GC heap before
{Heap before GC invocations=39 (full 0):
 PSYoungGen      total 409088K, used 408832K [0x000000076b800000, 0x00000007bb200000, 0x00000007c0000000)
  eden space 408576K, 100% used [0x000000076b800000,0x0000000784700000,0x0000000784700000)
  from space 512K, 50% used [0x00000007bb180000,0x00000007bb1c0000,0x00000007bb200000)
  to   space 2560K, 0% used [0x00000007bad00000,0x00000007bad00000,0x00000007baf80000)
 ParOldGen       total 173568K, used 23555K [0x00000006c2800000, 0x00000006cd180000, 0x000000076b800000)
  object space 173568K, 13% used [0x00000006c2800000,0x00000006c3f00c40,0x00000006cd180000)
 Metaspace       used 8383K, capacity 8774K, committed 8960K, reserved 1056768K
  class space    used 662K, capacity 690K, committed 768K, reserved 1048576K
Event: 20.108 GC heap after
Heap after GC invocations=39 (full 0):
 PSYoungGen      total 393728K, used 224K [0x000000076b800000, 0x00000007bb200000, 0x00000007c0000000)
  eden space 391168K, 0% used [0x000000076b800000,0x000000076b800000,0x0000000783600000)
  from space 2560K, 8% used [0x00000007bad00000,0x00000007bad38000,0x00000007baf80000)
  to   space 2560K, 0% used [0x00000007baf80000,0x00000007baf80000,0x00000007bb200000)
 ParOldGen       total 173568K, used 23555K [0x00000006c2800000, 0x00000006cd180000, 0x000000076b800000)
  object space 173568K, 13% used [0x00000006c2800000,0x00000006c3f00c40,0x00000006cd180000)
 Metaspace       used 8383K, capacity 8774K, committed 8960K, reserved 1056768K
  class space    used 662K, capacity 690K, committed 768K, reserved 1048576K
}

