# JRE version: Java(TM) SE Runtime Environment (8.0_65-b17) (build 1.8.0_65-b17)
# Java VM: Java HotSpot(TM) 64-Bit Server VM (25.65-b01 mixed mode windows-amd64 compressed oops)
Heap:
 PSYoungGen      total 130048K, used 129597K [0x000000076b800000, 0x0000000785f80000, 0x00000007c0000000)
  eden space 129536K, 99% used [0x000000076b800000,0x000000077367f558,0x0000000773680000)
  from space 512K, 12% used [0x0000000785f00000,0x0000000785f10000,0x0000000785f80000)
  to   space 1024K, 0% used [0x0000000785d80000,0x0000000785d80000,0x0000000785e80000)
 ParOldGen       total 173568K, used 1252K [0x00000006c2800000, 0x00000006cd180000, 0x000000076b800000)
  object space 173568K, 0% used [0x00000006c2800000,0x00000006c2939060,0x00000006cd180000)
 Metaspace       used 7626K, capacity 8390K, committed 8576K, reserved 1056768K
  class space    used 592K, capacity 626K, committed 640K, reserved 1048576K
GC Heap History (10 events):
Event: 3.218 GC heap before
{Heap before GC invocations=26 (full 0):
 PSYoungGen      total 154112K, used 152640K [0x000000076b800000, 0x0000000786180000, 0x00000007c0000000)
  eden space 152576K, 100% used [0x000000076b800000,0x0000000774d00000,0x0000000774d00000)
  from space 1536K, 4% used [0x0000000785e80000,0x0000000785e90000,0x0000000786000000)
  to   space 1536K, 0% used [0x0000000786000000,0x0000000786000000,0x0000000786180000)
 ParOldGen       total 173568K, used 1236K [0x00000006c2800000, 0x00000006cd180000, 0x000000076b800000)
  object space 173568K, 0% used [0x00000006c2800000,0x00000006c2935060,0x00000006cd180000)
 Metaspace       used 7626K, capacity 8390K, committed 8576K, reserved 1056768K
  class space    used 592K, capacity 626K, committed 640K, reserved 1048576K
Event: 3.219 GC heap after
Heap after GC invocations=26 (full 0):
 PSYoungGen      total 147968K, used 0K [0x000000076b800000, 0x0000000786080000, 0x00000007c0000000)
  eden space 147456K, 0% used [0x000000076b800000,0x000000076b800000,0x0000000774800000)
  from space 512K, 0% used [0x0000000786000000,0x0000000786000000,0x0000000786080000)
  to   space 1536K, 0% used [0x0000000785d80000,0x0000000785d80000,0x0000000785f00000)
 ParOldGen       total 173568K, used 1252K [0x00000006c2800000, 0x00000006cd180000, 0x000000076b800000)
  object space 173568K, 0% used [0x00000006c2800000,0x00000006c2939060,0x00000006cd180000)
 Metaspace       used 7626K, capacity 8390K, committed 8576K, reserved 1056768K
  class space    used 592K, capacity 626K, committed 640K, reserved 1048576K
}
Event: 3.300 GC heap before
{Heap before GC invocations=27 (full 0):
 PSYoungGen      total 147968K, used 147456K [0x000000076b800000, 0x0000000786080000, 0x00000007c0000000)
  eden space 147456K, 100% used [0x000000076b800000,0x0000000774800000,0x0000000774800000)
  from space 512K, 0% used [0x0000000786000000,0x0000000786000000,0x0000000786080000)
  to   space 1536K, 0% used [0x0000000785d80000,0x0000000785d80000,0x0000000785f00000)
 ParOldGen       total 173568K, used 1252K [0x00000006c2800000, 0x00000006cd180000, 0x000000076b800000)
  object space 173568K, 0% used [0x00000006c2800000,0x00000006c2939060,0x00000006cd180000)
 Metaspace       used 7626K, capacity 8390K, committed 8576K, reserved 1056768K
  class space    used 592K, capacity 626K, committed 640K, reserved 1048576K
Event: 3.301 GC heap after
Heap after GC invocations=27 (full 0):
 PSYoungGen      total 144384K, used 64K [0x000000076b800000, 0x0000000786080000, 0x00000007c0000000)
  eden space 142848K, 0% used [0x000000076b800000,0x000000076b800000,0x0000000774380000)
  from space 1536K, 4% used [0x0000000785d80000,0x0000000785d90000,0x0000000785f00000)
  to   space 1024K, 0% used [0x0000000785f80000,0x0000000785f80000,0x0000000786080000)
 ParOldGen       total 173568K, used 1252K [0x00000006c2800000, 0x00000006cd180000, 0x000000076b800000)
  object space 173568K, 0% used [0x00000006c2800000,0x00000006c2939060,0x00000006cd180000)
 Metaspace       used 7626K, capacity 8390K, committed 8576K, reserved 1056768K
  class space    used 592K, capacity 626K, committed 640K, reserved 1048576K
}
Event: 3.379 GC heap before
{Heap before GC invocations=28 (full 0):
 PSYoungGen      total 144384K, used 142912K [0x000000076b800000, 0x0000000786080000, 0x00000007c0000000)
  eden space 142848K, 100% used [0x000000076b800000,0x0000000774380000,0x0000000774380000)
  from space 1536K, 4% used [0x0000000785d80000,0x0000000785d90000,0x0000000785f00000)
  to   space 1024K, 0% used [0x0000000785f80000,0x0000000785f80000,0x0000000786080000)
 ParOldGen       total 173568K, used 1252K [0x00000006c2800000, 0x00000006cd180000, 0x000000076b800000)
  object space 173568K, 0% used [0x00000006c2800000,0x00000006c2939060,0x00000006cd180000)
 Metaspace       used 7626K, capacity 8390K, committed 8576K, reserved 1056768K
  class space    used 592K, capacity 626K, committed 640K, reserved 1048576K
Event: 3.380 GC heap after
Heap after GC invocations=28 (full 0):
 PSYoungGen      total 138752K, used 64K [0x000000076b800000, 0x0000000786000000, 0x00000007c0000000)
  eden space 138240K, 0% used [0x000000076b800000,0x000000076b800000,0x0000000773f00000)
  from space 512K, 12% used [0x0000000785f80000,0x0000000785f90000,0x0000000786000000)
  to   space 1024K, 0% used [0x0000000785e00000,0x0000000785e00000,0x0000000785f00000)
 ParOldGen       total 173568K, used 1252K [0x00000006c2800000, 0x00000006cd180000, 0x000000076b800000)
  object space 173568K, 0% used [0x00000006c2800000,0x00000006c2939060,0x00000006cd180000)
 Metaspace       used 7626K, capacity 8390K, committed 8576K, reserved 1056768K
  class space    used 592K, capacity 626K, committed 640K, reserved 1048576K
}
Event: 3.456 GC heap before
{Heap before GC invocations=29 (full 0):
 PSYoungGen      total 138752K, used 138304K [0x000000076b800000, 0x0000000786000000, 0x00000007c0000000)
  eden space 138240K, 100% used [0x000000076b800000,0x0000000773f00000,0x0000000773f00000)
  from space 512K, 12% used [0x0000000785f80000,0x0000000785f90000,0x0000000786000000)
  to   space 1024K, 0% used [0x0000000785e00000,0x0000000785e00000,0x0000000785f00000)
 ParOldGen       total 173568K, used 1252K [0x00000006c2800000, 0x00000006cd180000, 0x000000076b800000)
  object space 173568K, 0% used [0x00000006c2800000,0x00000006c2939060,0x00000006cd180000)
 Metaspace       used 7626K, capacity 8390K, committed 8576K, reserved 1056768K
  class space    used 592K, capacity 626K, committed 640K, reserved 1048576K
Event: 3.456 GC heap after
Heap after GC invocations=29 (full 0):
 PSYoungGen      total 134656K, used 64K [0x000000076b800000, 0x0000000786000000, 0x00000007c0000000)
  eden space 133632K, 0% used [0x000000076b800000,0x000000076b800000,0x0000000773a80000)
  from space 1024K, 6% used [0x0000000785e00000,0x0000000785e10000,0x0000000785f00000)
  to   space 1024K, 0% used [0x0000000785f00000,0x0000000785f00000,0x0000000786000000)
 ParOldGen       total 173568K, used 1252K [0x00000006c2800000, 0x00000006cd180000, 0x000000076b800000)
  object space 173568K, 0% used [0x00000006c2800000,0x00000006c2939060,0x00000006cd180000)
 Metaspace       used 7626K, capacity 8390K, committed 8576K, reserved 1056768K
  class space    used 592K, capacity 626K, committed 640K, reserved 1048576K
}
Event: 3.533 GC heap before
{Heap before GC invocations=30 (full 0):
 PSYoungGen      total 134656K, used 133696K [0x000000076b800000, 0x0000000786000000, 0x00000007c0000000)
  eden space 133632K, 100% used [0x000000076b800000,0x0000000773a80000,0x0000000773a80000)
  from space 1024K, 6% used [0x0000000785e00000,0x0000000785e10000,0x0000000785f00000)
  to   space 1024K, 0% used [0x0000000785f00000,0x0000000785f00000,0x0000000786000000)
 ParOldGen       total 173568K, used 1252K [0x00000006c2800000, 0x00000006cd180000, 0x000000076b800000)
  object space 173568K, 0% used [0x00000006c2800000,0x00000006c2939060,0x00000006cd180000)
 Metaspace       used 7626K, capacity 8390K, committed 8576K, reserved 1056768K
  class space    used 592K, capacity 626K, committed 640K, reserved 1048576K
Event: 3.534 GC heap after
Heap after GC invocations=30 (full 0):
 PSYoungGen      total 130048K, used 64K [0x000000076b800000, 0x0000000785f80000, 0x00000007c0000000)
  eden space 129536K, 0% used [0x000000076b800000,0x000000076b800000,0x0000000773680000)
  from space 512K, 12% used [0x0000000785f00000,0x0000000785f10000,0x0000000785f80000)
  to   space 1024K, 0% used [0x0000000785d80000,0x0000000785d80000,0x0000000785e80000)
 ParOldGen       total 173568K, used 1252K [0x00000006c2800000, 0x00000006cd180000, 0x000000076b800000)
  object space 173568K, 0% used [0x00000006c2800000,0x00000006c2939060,0x00000006cd180000)
 Metaspace       used 7626K, capacity 8390K, committed 8576K, reserved 1056768K
  class space    used 592K, capacity 626K, committed 640K, reserved 1048576K
}

