# JRE version: Java(TM) SE Runtime Environment (8.0_65-b17) (build 1.8.0_65-b17)
# Java VM: Java HotSpot(TM) 64-Bit Server VM (25.65-b01 mixed mode windows-amd64 compressed oops)
Heap:
 PSYoungGen      total 530944K, used 396116K [0x000000076b800000, 0x000000079fd00000, 0x00000007c0000000)
  eden space 513024K, 77% used [0x000000076b800000,0x0000000783a95250,0x000000078ad00000)
  from space 17920K, 1% used [0x000000078ad00000,0x000000078ad40000,0x000000078be80000)
  to   space 17920K, 0% used [0x000000079eb80000,0x000000079eb80000,0x000000079fd00000)
 ParOldGen       total 173568K, used 6848K [0x00000006c2800000, 0x00000006cd180000, 0x000000076b800000)
  object space 173568K, 3% used [0x00000006c2800000,0x00000006c2eb0070,0x00000006cd180000)
 Metaspace       used 8499K, capacity 8742K, committed 8960K, reserved 1056768K
  class space    used 687K, capacity 722K, committed 768K, reserved 1048576K
GC Heap History (10 events):
Event: 1.151 GC heap before
{Heap before GC invocations=5 (full 0):
 PSYoungGen      total 140800K, used 138110K [0x000000076b800000, 0x0000000774c00000, 0x00000007c0000000)
  eden space 130048K, 100% used [0x000000076b800000,0x0000000773700000,0x0000000773700000)
  from space 10752K, 74% used [0x0000000774180000,0x000000077495f868,0x0000000774c00000)
  to   space 10752K, 0% used [0x0000000773700000,0x0000000773700000,0x0000000774180000)
 ParOldGen       total 173568K, used 32K [0x00000006c2800000, 0x00000006cd180000, 0x000000076b800000)
  object space 173568K, 0% used [0x00000006c2800000,0x00000006c2808000,0x00000006cd180000)
 Metaspace       used 8342K, capacity 8614K, committed 8704K, reserved 1056768K
  class space    used 681K, capacity 722K, committed 768K, reserved 1048576K
Event: 1.159 GC heap after
Heap after GC invocations=5 (full 0):
 PSYoungGen      total 140800K, used 10744K [0x000000076b800000, 0x000000077d100000, 0x00000007c0000000)
  eden space 130048K, 0% used [0x000000076b800000,0x000000076b800000,0x0000000773700000)
  from space 10752K, 99% used [0x0000000773700000,0x000000077417e1f0,0x0000000774180000)
  to   space 13824K, 0% used [0x000000077c380000,0x000000077c380000,0x000000077d100000)
 ParOldGen       total 173568K, used 2864K [0x00000006c2800000, 0x00000006cd180000, 0x000000076b800000)
  object space 173568K, 1% used [0x00000006c2800000,0x00000006c2acc000,0x00000006cd180000)
 Metaspace       used 8342K, capacity 8614K, committed 8704K, reserved 1056768K
  class space    used 681K, capacity 722K, committed 768K, reserved 1048576K
}
Event: 1.235 GC heap before
{Heap before GC invocations=6 (full 0):
 PSYoungGen      total 140800K, used 140792K [0x000000076b800000, 0x000000077d100000, 0x00000007c0000000)
  eden space 130048K, 100% used [0x000000076b800000,0x0000000773700000,0x0000000773700000)
  from space 10752K, 99% used [0x0000000773700000,0x000000077417e1f0,0x0000000774180000)
  to   space 13824K, 0% used [0x000000077c380000,0x000000077c380000,0x000000077d100000)
 ParOldGen       total 173568K, used 2864K [0x00000006c2800000, 0x00000006cd180000, 0x000000076b800000)
  object space 173568K, 1% used [0x00000006c2800000,0x00000006c2acc000,0x00000006cd180000)
 Metaspace       used 8366K, capacity 8614K, committed 8704K, reserved 1056768K
  class space    used 681K, capacity 722K, committed 768K, reserved 1048576K
Event: 1.244 GC heap after
Heap after GC invocations=6 (full 0):
 PSYoungGen      total 270336K, used 13823K [0x000000076b800000, 0x000000077d800000, 0x00000007c0000000)
  eden space 256512K, 0% used [0x000000076b800000,0x000000076b800000,0x000000077b280000)
  from space 13824K, 99% used [0x000000077c380000,0x000000077d0ffce0,0x000000077d100000)
  to   space 17408K, 0% used [0x000000077b280000,0x000000077b280000,0x000000077c380000)
 ParOldGen       total 173568K, used 3968K [0x00000006c2800000, 0x00000006cd180000, 0x000000076b800000)
  object space 173568K, 2% used [0x00000006c2800000,0x00000006c2be0000,0x00000006cd180000)
 Metaspace       used 8366K, capacity 8614K, committed 8704K, reserved 1056768K
  class space    used 681K, capacity 722K, committed 768K, reserved 1048576K
}
Event: 1.476 GC heap before
{Heap before GC invocations=7 (full 0):
 PSYoungGen      total 270336K, used 270335K [0x000000076b800000, 0x000000077d800000, 0x00000007c0000000)
  eden space 256512K, 100% used [0x000000076b800000,0x000000077b280000,0x000000077b280000)
  from space 13824K, 99% used [0x000000077c380000,0x000000077d0ffce0,0x000000077d100000)
  to   space 17408K, 0% used [0x000000077b280000,0x000000077b280000,0x000000077c380000)
 ParOldGen       total 173568K, used 3968K [0x00000006c2800000, 0x00000006cd180000, 0x000000076b800000)
  object space 173568K, 2% used [0x00000006c2800000,0x00000006c2be0000,0x00000006cd180000)
 Metaspace       used 8449K, capacity 8742K, committed 8960K, reserved 1056768K
  class space    used 687K, capacity 722K, committed 768K, reserved 1048576K
Event: 1.479 GC heap after
Heap after GC invocations=7 (full 0):
 PSYoungGen      total 273920K, used 448K [0x000000076b800000, 0x000000078d000000, 0x00000007c0000000)
  eden space 256512K, 0% used [0x000000076b800000,0x000000076b800000,0x000000077b280000)
  from space 17408K, 2% used [0x000000077b280000,0x000000077b2f0000,0x000000077c380000)
  to   space 17920K, 0% used [0x000000078be80000,0x000000078be80000,0x000000078d000000)
 ParOldGen       total 173568K, used 6536K [0x00000006c2800000, 0x00000006cd180000, 0x000000076b800000)
  object space 173568K, 3% used [0x00000006c2800000,0x00000006c2e62070,0x00000006cd180000)
 Metaspace       used 8449K, capacity 8742K, committed 8960K, reserved 1056768K
  class space    used 687K, capacity 722K, committed 768K, reserved 1048576K
}
Event: 1.764 GC heap before
{Heap before GC invocations=8 (full 0):
 PSYoungGen      total 273920K, used 256960K [0x000000076b800000, 0x000000078d000000, 0x00000007c0000000)
  eden space 256512K, 100% used [0x000000076b800000,0x000000077b280000,0x000000077b280000)
  from space 17408K, 2% used [0x000000077b280000,0x000000077b2f0000,0x000000077c380000)
  to   space 17920K, 0% used [0x000000078be80000,0x000000078be80000,0x000000078d000000)
 ParOldGen       total 173568K, used 6536K [0x00000006c2800000, 0x00000006cd180000, 0x000000076b800000)
  object space 173568K, 3% used [0x00000006c2800000,0x00000006c2e62070,0x00000006cd180000)
 Metaspace       used 8474K, capacity 8742K, committed 8960K, reserved 1056768K
  class space    used 687K, capacity 722K, committed 768K, reserved 1048576K
Event: 1.765 GC heap after
Heap after GC invocations=8 (full 0):
 PSYoungGen      total 530944K, used 256K [0x000000076b800000, 0x000000078d000000, 0x00000007c0000000)
  eden space 513024K, 0% used [0x000000076b800000,0x000000076b800000,0x000000078ad00000)
  from space 17920K, 1% used [0x000000078be80000,0x000000078bec0000,0x000000078d000000)
  to   space 17920K, 0% used [0x000000078ad00000,0x000000078ad00000,0x000000078be80000)
 ParOldGen       total 173568K, used 6776K [0x00000006c2800000, 0x00000006cd180000, 0x000000076b800000)
  object space 173568K, 3% used [0x00000006c2800000,0x00000006c2e9e070,0x00000006cd180000)
 Metaspace       used 8474K, capacity 8742K, committed 8960K, reserved 1056768K
  class space    used 687K, capacity 722K, committed 768K, reserved 1048576K
}
Event: 2.270 GC heap before
{Heap before GC invocations=9 (full 0):
 PSYoungGen      total 530944K, used 513280K [0x000000076b800000, 0x000000078d000000, 0x00000007c0000000)
  eden space 513024K, 100% used [0x000000076b800000,0x000000078ad00000,0x000000078ad00000)
  from space 17920K, 1% used [0x000000078be80000,0x000000078bec0000,0x000000078d000000)
  to   space 17920K, 0% used [0x000000078ad00000,0x000000078ad00000,0x000000078be80000)
 ParOldGen       total 173568K, used 6776K [0x00000006c2800000, 0x00000006cd180000, 0x000000076b800000)
  object space 173568K, 3% used [0x00000006c2800000,0x00000006c2e9e070,0x00000006cd180000)
 Metaspace       used 8490K, capacity 8742K, committed 8960K, reserved 1056768K
  class space    used 687K, capacity 722K, committed 768K, reserved 1048576K
Event: 2.271 GC heap after
Heap after GC invocations=9 (full 0):
 PSYoungGen      total 530944K, used 256K [0x000000076b800000, 0x000000079fd00000, 0x00000007c0000000)
  eden space 513024K, 0% used [0x000000076b800000,0x000000076b800000,0x000000078ad00000)
  from space 17920K, 1% used [0x000000078ad00000,0x000000078ad40000,0x000000078be80000)
  to   space 17920K, 0% used [0x000000079eb80000,0x000000079eb80000,0x000000079fd00000)
 ParOldGen       total 173568K, used 6848K [0x00000006c2800000, 0x00000006cd180000, 0x000000076b800000)
  object space 173568K, 3% used [0x00000006c2800000,0x00000006c2eb0070,0x00000006cd180000)
 Metaspace       used 8490K, capacity 8742K, committed 8960K, reserved 1056768K
  class space    used 687K, capacity 722K, committed 768K, reserved 1048576K
}

