# JRE version: Java(TM) SE Runtime Environment (8.0_65-b17) (build 1.8.0_65-b17)
# Java VM: Java HotSpot(TM) 64-Bit Server VM (25.65-b01 mixed mode windows-amd64 compressed oops)
Heap:
 PSYoungGen      total 175104K, used 47417K [0x000000076b800000, 0x0000000779b00000, 0x00000007c0000000)
  eden space 174592K, 27% used [0x000000076b800000,0x000000076e61e438,0x0000000776280000)
  from space 512K, 37% used [0x0000000779a80000,0x0000000779ab0000,0x0000000779b00000)
  to   space 2048K, 0% used [0x0000000779700000,0x0000000779700000,0x0000000779900000)
 ParOldGen       total 173568K, used 1697K [0x00000006c2800000, 0x00000006cd180000, 0x000000076b800000)
  object space 173568K, 0% used [0x00000006c2800000,0x00000006c29a84c8,0x00000006cd180000)
 Metaspace       used 8118K, capacity 8646K, committed 8960K, reserved 1056768K
  class space    used 649K, capacity 690K, committed 768K, reserved 1048576K
GC Heap History (10 events):
Event: 2.231 GC heap before
{Heap before GC invocations=14 (full 0):
 PSYoungGen      total 211968K, used 210112K [0x000000076b800000, 0x0000000779f80000, 0x00000007c0000000)
  eden space 209920K, 100% used [0x000000076b800000,0x0000000778500000,0x0000000778500000)
  from space 2048K, 9% used [0x0000000779b80000,0x0000000779bb0000,0x0000000779d80000)
  to   space 2048K, 0% used [0x0000000779d80000,0x0000000779d80000,0x0000000779f80000)
 ParOldGen       total 173568K, used 1657K [0x00000006c2800000, 0x00000006cd180000, 0x000000076b800000)
  object space 173568K, 0% used [0x00000006c2800000,0x00000006c299e4c8,0x00000006cd180000)
 Metaspace       used 8093K, capacity 8646K, committed 8960K, reserved 1056768K
  class space    used 649K, capacity 690K, committed 768K, reserved 1048576K
Event: 2.232 GC heap after
Heap after GC invocations=14 (full 0):
 PSYoungGen      total 202752K, used 192K [0x000000076b800000, 0x0000000779e00000, 0x00000007c0000000)
  eden space 202240K, 0% used [0x000000076b800000,0x000000076b800000,0x0000000777d80000)
  from space 512K, 37% used [0x0000000779d80000,0x0000000779db0000,0x0000000779e00000)
  to   space 2048K, 0% used [0x0000000779a00000,0x0000000779a00000,0x0000000779c00000)
 ParOldGen       total 173568K, used 1657K [0x00000006c2800000, 0x00000006cd180000, 0x000000076b800000)
  object space 173568K, 0% used [0x00000006c2800000,0x00000006c299e4c8,0x00000006cd180000)
 Metaspace       used 8093K, capacity 8646K, committed 8960K, reserved 1056768K
  class space    used 649K, capacity 690K, committed 768K, reserved 1048576K
}
Event: 2.378 GC heap before
{Heap before GC invocations=15 (full 0):
 PSYoungGen      total 202752K, used 202432K [0x000000076b800000, 0x0000000779e00000, 0x00000007c0000000)
  eden space 202240K, 100% used [0x000000076b800000,0x0000000777d80000,0x0000000777d80000)
  from space 512K, 37% used [0x0000000779d80000,0x0000000779db0000,0x0000000779e00000)
  to   space 2048K, 0% used [0x0000000779a00000,0x0000000779a00000,0x0000000779c00000)
 ParOldGen       total 173568K, used 1657K [0x00000006c2800000, 0x00000006cd180000, 0x000000076b800000)
  object space 173568K, 0% used [0x00000006c2800000,0x00000006c299e4c8,0x00000006cd180000)
 Metaspace       used 8096K, capacity 8646K, committed 8960K, reserved 1056768K
  class space    used 649K, capacity 690K, committed 768K, reserved 1048576K
Event: 2.379 GC heap after
Heap after GC invocations=15 (full 0):
 PSYoungGen      total 197120K, used 192K [0x000000076b800000, 0x0000000779e00000, 0x00000007c0000000)
  eden space 195072K, 0% used [0x000000076b800000,0x000000076b800000,0x0000000777680000)
  from space 2048K, 9% used [0x0000000779a00000,0x0000000779a30000,0x0000000779c00000)
  to   space 2048K, 0% used [0x0000000779c00000,0x0000000779c00000,0x0000000779e00000)
 ParOldGen       total 173568K, used 1657K [0x00000006c2800000, 0x00000006cd180000, 0x000000076b800000)
  object space 173568K, 0% used [0x00000006c2800000,0x00000006c299e4c8,0x00000006cd180000)
 Metaspace       used 8096K, capacity 8646K, committed 8960K, reserved 1056768K
  class space    used 649K, capacity 690K, committed 768K, reserved 1048576K
}
Event: 2.526 GC heap before
{Heap before GC invocations=16 (full 0):
 PSYoungGen      total 197120K, used 195264K [0x000000076b800000, 0x0000000779e00000, 0x00000007c0000000)
  eden space 195072K, 100% used [0x000000076b800000,0x0000000777680000,0x0000000777680000)
  from space 2048K, 9% used [0x0000000779a00000,0x0000000779a30000,0x0000000779c00000)
  to   space 2048K, 0% used [0x0000000779c00000,0x0000000779c00000,0x0000000779e00000)
 ParOldGen       total 173568K, used 1657K [0x00000006c2800000, 0x00000006cd180000, 0x000000076b800000)
  object space 173568K, 0% used [0x00000006c2800000,0x00000006c299e4c8,0x00000006cd180000)
 Metaspace       used 8112K, capacity 8646K, committed 8960K, reserved 1056768K
  class space    used 649K, capacity 690K, committed 768K, reserved 1048576K
Event: 2.527 GC heap after
Heap after GC invocations=16 (full 0):
 PSYoungGen      total 188416K, used 160K [0x000000076b800000, 0x0000000779c80000, 0x00000007c0000000)
  eden space 187904K, 0% used [0x000000076b800000,0x000000076b800000,0x0000000776f80000)
  from space 512K, 31% used [0x0000000779c00000,0x0000000779c28000,0x0000000779c80000)
  to   space 2048K, 0% used [0x0000000779880000,0x0000000779880000,0x0000000779a80000)
 ParOldGen       total 173568K, used 1665K [0x00000006c2800000, 0x00000006cd180000, 0x000000076b800000)
  object space 173568K, 0% used [0x00000006c2800000,0x00000006c29a04c8,0x00000006cd180000)
 Metaspace       used 8112K, capacity 8646K, committed 8960K, reserved 1056768K
  class space    used 649K, capacity 690K, committed 768K, reserved 1048576K
}
Event: 2.677 GC heap before
{Heap before GC invocations=17 (full 0):
 PSYoungGen      total 188416K, used 188064K [0x000000076b800000, 0x0000000779c80000, 0x00000007c0000000)
  eden space 187904K, 100% used [0x000000076b800000,0x0000000776f80000,0x0000000776f80000)
  from space 512K, 31% used [0x0000000779c00000,0x0000000779c28000,0x0000000779c80000)
  to   space 2048K, 0% used [0x0000000779880000,0x0000000779880000,0x0000000779a80000)
 ParOldGen       total 173568K, used 1665K [0x00000006c2800000, 0x00000006cd180000, 0x000000076b800000)
  object space 173568K, 0% used [0x00000006c2800000,0x00000006c29a04c8,0x00000006cd180000)
 Metaspace       used 8113K, capacity 8646K, committed 8960K, reserved 1056768K
  class space    used 649K, capacity 690K, committed 768K, reserved 1048576K
Event: 2.677 GC heap after
Heap after GC invocations=17 (full 0):
 PSYoungGen      total 183296K, used 160K [0x000000076b800000, 0x0000000779c80000, 0x00000007c0000000)
  eden space 181248K, 0% used [0x000000076b800000,0x000000076b800000,0x0000000776900000)
  from space 2048K, 7% used [0x0000000779880000,0x00000007798a8000,0x0000000779a80000)
  to   space 2048K, 0% used [0x0000000779a80000,0x0000000779a80000,0x0000000779c80000)
 ParOldGen       total 173568K, used 1697K [0x00000006c2800000, 0x00000006cd180000, 0x000000076b800000)
  object space 173568K, 0% used [0x00000006c2800000,0x00000006c29a84c8,0x00000006cd180000)
 Metaspace       used 8113K, capacity 8646K, committed 8960K, reserved 1056768K
  class space    used 649K, capacity 690K, committed 768K, reserved 1048576K
}
Event: 2.810 GC heap before
{Heap before GC invocations=18 (full 0):
 PSYoungGen      total 183296K, used 181408K [0x000000076b800000, 0x0000000779c80000, 0x00000007c0000000)
  eden space 181248K, 100% used [0x000000076b800000,0x0000000776900000,0x0000000776900000)
  from space 2048K, 7% used [0x0000000779880000,0x00000007798a8000,0x0000000779a80000)
  to   space 2048K, 0% used [0x0000000779a80000,0x0000000779a80000,0x0000000779c80000)
 ParOldGen       total 173568K, used 1697K [0x00000006c2800000, 0x00000006cd180000, 0x000000076b800000)
  object space 173568K, 0% used [0x00000006c2800000,0x00000006c29a84c8,0x00000006cd180000)
 Metaspace       used 8114K, capacity 8646K, committed 8960K, reserved 1056768K
  class space    used 649K, capacity 690K, committed 768K, reserved 1048576K
Event: 2.810 GC heap after
Heap after GC invocations=18 (full 0):
 PSYoungGen      total 175104K, used 192K [0x000000076b800000, 0x0000000779b00000, 0x00000007c0000000)
  eden space 174592K, 0% used [0x000000076b800000,0x000000076b800000,0x0000000776280000)
  from space 512K, 37% used [0x0000000779a80000,0x0000000779ab0000,0x0000000779b00000)
  to   space 2048K, 0% used [0x0000000779700000,0x0000000779700000,0x0000000779900000)
 ParOldGen       total 173568K, used 1697K [0x00000006c2800000, 0x00000006cd180000, 0x000000076b800000)
  object space 173568K, 0% used [0x00000006c2800000,0x00000006c29a84c8,0x00000006cd180000)
 Metaspace       used 8114K, capacity 8646K, committed 8960K, reserved 1056768K
  class space    used 649K, capacity 690K, committed 768K, reserved 1048576K
}

