# JRE version: Java(TM) SE Runtime Environment (8.0_65-b17) (build 1.8.0_65-b17)
# Java VM: Java HotSpot(TM) 64-Bit Server VM (25.65-b01 mixed mode windows-amd64 compressed oops)
Heap:
 PSYoungGen      total 214528K, used 88273K [0x000000076b800000, 0x0000000784e00000, 0x00000007c0000000)
  eden space 214016K, 41% used [0x000000076b800000,0x0000000770e045e8,0x0000000778900000)
  from space 512K, 37% used [0x0000000784d80000,0x0000000784db0000,0x0000000784e00000)
  to   space 2048K, 0% used [0x0000000784a00000,0x0000000784a00000,0x0000000784c00000)
 ParOldGen       total 173568K, used 1256K [0x00000006c2800000, 0x00000006cd180000, 0x000000076b800000)
  object space 173568K, 0% used [0x00000006c2800000,0x00000006c293a070,0x00000006cd180000)
 Metaspace       used 8043K, capacity 8582K, committed 8704K, reserved 1056768K
  class space    used 646K, capacity 690K, committed 768K, reserved 1048576K
GC Heap History (10 events):
Event: 1.217 GC heap before
{Heap before GC invocations=10 (full 0):
 PSYoungGen      total 261632K, used 261089K [0x000000076b800000, 0x0000000785180000, 0x00000007c0000000)
  eden space 260096K, 100% used [0x000000076b800000,0x000000077b600000,0x000000077b600000)
  from space 1536K, 64% used [0x000000077b600000,0x000000077b6f8560,0x000000077b780000)
  to   space 1536K, 0% used [0x0000000785000000,0x0000000785000000,0x0000000785180000)
 ParOldGen       total 173568K, used 848K [0x00000006c2800000, 0x00000006cd180000, 0x000000076b800000)
  object space 173568K, 0% used [0x00000006c2800000,0x00000006c28d4050,0x00000006cd180000)
 Metaspace       used 8040K, capacity 8582K, committed 8704K, reserved 1056768K
  class space    used 646K, capacity 690K, committed 768K, reserved 1048576K
Event: 1.218 GC heap after
Heap after GC invocations=10 (full 0):
 PSYoungGen      total 250368K, used 256K [0x000000076b800000, 0x0000000785080000, 0x00000007c0000000)
  eden space 249856K, 0% used [0x000000076b800000,0x000000076b800000,0x000000077ac00000)
  from space 512K, 50% used [0x0000000785000000,0x0000000785040000,0x0000000785080000)
  to   space 1536K, 0% used [0x0000000784d80000,0x0000000784d80000,0x0000000784f00000)
 ParOldGen       total 173568K, used 1112K [0x00000006c2800000, 0x00000006cd180000, 0x000000076b800000)
  object space 173568K, 0% used [0x00000006c2800000,0x00000006c2916050,0x00000006cd180000)
 Metaspace       used 8040K, capacity 8582K, committed 8704K, reserved 1056768K
  class space    used 646K, capacity 690K, committed 768K, reserved 1048576K
}
Event: 1.406 GC heap before
{Heap before GC invocations=11 (full 0):
 PSYoungGen      total 250368K, used 250112K [0x000000076b800000, 0x0000000785080000, 0x00000007c0000000)
  eden space 249856K, 100% used [0x000000076b800000,0x000000077ac00000,0x000000077ac00000)
  from space 512K, 50% used [0x0000000785000000,0x0000000785040000,0x0000000785080000)
  to   space 1536K, 0% used [0x0000000784d80000,0x0000000784d80000,0x0000000784f00000)
 ParOldGen       total 173568K, used 1112K [0x00000006c2800000, 0x00000006cd180000, 0x000000076b800000)
  object space 173568K, 0% used [0x00000006c2800000,0x00000006c2916050,0x00000006cd180000)
 Metaspace       used 8040K, capacity 8582K, committed 8704K, reserved 1056768K
  class space    used 646K, capacity 690K, committed 768K, reserved 1048576K
Event: 1.407 GC heap after
Heap after GC invocations=11 (full 0):
 PSYoungGen      total 241664K, used 192K [0x000000076b800000, 0x0000000785080000, 0x00000007c0000000)
  eden space 240128K, 0% used [0x000000076b800000,0x000000076b800000,0x000000077a280000)
  from space 1536K, 12% used [0x0000000784d80000,0x0000000784db0000,0x0000000784f00000)
  to   space 1536K, 0% used [0x0000000784f00000,0x0000000784f00000,0x0000000785080000)
 ParOldGen       total 173568K, used 1256K [0x00000006c2800000, 0x00000006cd180000, 0x000000076b800000)
  object space 173568K, 0% used [0x00000006c2800000,0x00000006c293a070,0x00000006cd180000)
 Metaspace       used 8040K, capacity 8582K, committed 8704K, reserved 1056768K
  class space    used 646K, capacity 690K, committed 768K, reserved 1048576K
}
Event: 1.580 GC heap before
{Heap before GC invocations=12 (full 0):
 PSYoungGen      total 241664K, used 240320K [0x000000076b800000, 0x0000000785080000, 0x00000007c0000000)
  eden space 240128K, 100% used [0x000000076b800000,0x000000077a280000,0x000000077a280000)
  from space 1536K, 12% used [0x0000000784d80000,0x0000000784db0000,0x0000000784f00000)
  to   space 1536K, 0% used [0x0000000784f00000,0x0000000784f00000,0x0000000785080000)
 ParOldGen       total 173568K, used 1256K [0x00000006c2800000, 0x00000006cd180000, 0x000000076b800000)
  object space 173568K, 0% used [0x00000006c2800000,0x00000006c293a070,0x00000006cd180000)
 Metaspace       used 8040K, capacity 8582K, committed 8704K, reserved 1056768K
  class space    used 646K, capacity 690K, committed 768K, reserved 1048576K
Event: 1.580 GC heap after
Heap after GC invocations=12 (full 0):
 PSYoungGen      total 231424K, used 224K [0x000000076b800000, 0x0000000784f80000, 0x00000007c0000000)
  eden space 230912K, 0% used [0x000000076b800000,0x000000076b800000,0x0000000779980000)
  from space 512K, 43% used [0x0000000784f00000,0x0000000784f38000,0x0000000784f80000)
  to   space 2048K, 0% used [0x0000000784b80000,0x0000000784b80000,0x0000000784d80000)
 ParOldGen       total 173568K, used 1256K [0x00000006c2800000, 0x00000006cd180000, 0x000000076b800000)
  object space 173568K, 0% used [0x00000006c2800000,0x00000006c293a070,0x00000006cd180000)
 Metaspace       used 8040K, capacity 8582K, committed 8704K, reserved 1056768K
  class space    used 646K, capacity 690K, committed 768K, reserved 1048576K
}
Event: 1.754 GC heap before
{Heap before GC invocations=13 (full 0):
 PSYoungGen      total 231424K, used 231136K [0x000000076b800000, 0x0000000784f80000, 0x00000007c0000000)
  eden space 230912K, 100% used [0x000000076b800000,0x0000000779980000,0x0000000779980000)
  from space 512K, 43% used [0x0000000784f00000,0x0000000784f38000,0x0000000784f80000)
  to   space 2048K, 0% used [0x0000000784b80000,0x0000000784b80000,0x0000000784d80000)
 ParOldGen       total 173568K, used 1256K [0x00000006c2800000, 0x00000006cd180000, 0x000000076b800000)
  object space 173568K, 0% used [0x00000006c2800000,0x00000006c293a070,0x00000006cd180000)
 Metaspace       used 8042K, capacity 8582K, committed 8704K, reserved 1056768K
  class space    used 646K, capacity 690K, committed 768K, reserved 1048576K
Event: 1.755 GC heap after
Heap after GC invocations=13 (full 0):
 PSYoungGen      total 224256K, used 224K [0x000000076b800000, 0x0000000784f80000, 0x00000007c0000000)
  eden space 222208K, 0% used [0x000000076b800000,0x000000076b800000,0x0000000779100000)
  from space 2048K, 10% used [0x0000000784b80000,0x0000000784bb8000,0x0000000784d80000)
  to   space 2048K, 0% used [0x0000000784d80000,0x0000000784d80000,0x0000000784f80000)
 ParOldGen       total 173568K, used 1256K [0x00000006c2800000, 0x00000006cd180000, 0x000000076b800000)
  object space 173568K, 0% used [0x00000006c2800000,0x00000006c293a070,0x00000006cd180000)
 Metaspace       used 8042K, capacity 8582K, committed 8704K, reserved 1056768K
  class space    used 646K, capacity 690K, committed 768K, reserved 1048576K
}
Event: 1.930 GC heap before
{Heap before GC invocations=14 (full 0):
 PSYoungGen      total 224256K, used 222432K [0x000000076b800000, 0x0000000784f80000, 0x00000007c0000000)
  eden space 222208K, 100% used [0x000000076b800000,0x0000000779100000,0x0000000779100000)
  from space 2048K, 10% used [0x0000000784b80000,0x0000000784bb8000,0x0000000784d80000)
  to   space 2048K, 0% used [0x0000000784d80000,0x0000000784d80000,0x0000000784f80000)
 ParOldGen       total 173568K, used 1256K [0x00000006c2800000, 0x00000006cd180000, 0x000000076b800000)
  object space 173568K, 0% used [0x00000006c2800000,0x00000006c293a070,0x00000006cd180000)
 Metaspace       used 8043K, capacity 8582K, committed 8704K, reserved 1056768K
  class space    used 646K, capacity 690K, committed 768K, reserved 1048576K
Event: 1.930 GC heap after
Heap after GC invocations=14 (full 0):
 PSYoungGen      total 214528K, used 192K [0x000000076b800000, 0x0000000784e00000, 0x00000007c0000000)
  eden space 214016K, 0% used [0x000000076b800000,0x000000076b800000,0x0000000778900000)
  from space 512K, 37% used [0x0000000784d80000,0x0000000784db0000,0x0000000784e00000)
  to   space 2048K, 0% used [0x0000000784a00000,0x0000000784a00000,0x0000000784c00000)
 ParOldGen       total 173568K, used 1256K [0x00000006c2800000, 0x00000006cd180000, 0x000000076b800000)
  object space 173568K, 0% used [0x00000006c2800000,0x00000006c293a070,0x00000006cd180000)
 Metaspace       used 8043K, capacity 8582K, committed 8704K, reserved 1056768K
  class space    used 646K, capacity 690K, committed 768K, reserved 1048576K
}

