# JRE version: Java(TM) SE Runtime Environment (8.0_65-b17) (build 1.8.0_65-b17)
# Java VM: Java HotSpot(TM) 64-Bit Server VM (25.65-b01 mixed mode windows-amd64 compressed oops)
Heap:
 PSYoungGen      total 536064K, used 499320K [0x000000076b800000, 0x0000000793e00000, 0x00000007c0000000)
  eden space 529920K, 94% used [0x000000076b800000,0x0000000789f661f0,0x000000078bd80000)
  from space 6144K, 3% used [0x0000000793200000,0x0000000793238000,0x0000000793800000)
  to   space 6144K, 0% used [0x0000000793800000,0x0000000793800000,0x0000000793e00000)
 ParOldGen       total 173568K, used 14050K [0x00000006c2800000, 0x00000006cd180000, 0x000000076b800000)
  object space 173568K, 8% used [0x00000006c2800000,0x00000006c35b8a70,0x00000006cd180000)
 Metaspace       used 8378K, capacity 8774K, committed 8960K, reserved 1056768K
  class space    used 661K, capacity 690K, committed 768K, reserved 1048576K
GC Heap History (10 events):
Event: 2.774 GC heap before
{Heap before GC invocations=13 (full 0):
 PSYoungGen      total 673280K, used 666304K [0x000000076b800000, 0x0000000795080000, 0x00000007c0000000)
  eden space 666112K, 100% used [0x000000076b800000,0x0000000794280000,0x0000000794280000)
  from space 7168K, 2% used [0x0000000794980000,0x00000007949b0000,0x0000000795080000)
  to   space 7168K, 0% used [0x0000000794280000,0x0000000794280000,0x0000000794980000)
 ParOldGen       total 173568K, used 13994K [0x00000006c2800000, 0x00000006cd180000, 0x000000076b800000)
  object space 173568K, 8% used [0x00000006c2800000,0x00000006c35aaa70,0x00000006cd180000)
 Metaspace       used 8361K, capacity 8774K, committed 8960K, reserved 1056768K
  class space    used 661K, capacity 690K, committed 768K, reserved 1048576K
Event: 2.775 GC heap after
Heap after GC invocations=13 (full 0):
 PSYoungGen      total 636416K, used 192K [0x000000076b800000, 0x0000000794a00000, 0x00000007c0000000)
  eden space 635904K, 0% used [0x000000076b800000,0x000000076b800000,0x0000000792500000)
  from space 512K, 37% used [0x0000000794280000,0x00000007942b0000,0x0000000794300000)
  to   space 6656K, 0% used [0x0000000794380000,0x0000000794380000,0x0000000794a00000)
 ParOldGen       total 173568K, used 14002K [0x00000006c2800000, 0x00000006cd180000, 0x000000076b800000)
  object space 173568K, 8% used [0x00000006c2800000,0x00000006c35aca70,0x00000006cd180000)
 Metaspace       used 8361K, capacity 8774K, committed 8960K, reserved 1056768K
  class space    used 661K, capacity 690K, committed 768K, reserved 1048576K
}
Event: 3.261 GC heap before
{Heap before GC invocations=14 (full 0):
 PSYoungGen      total 636416K, used 636096K [0x000000076b800000, 0x0000000794a00000, 0x00000007c0000000)
  eden space 635904K, 100% used [0x000000076b800000,0x0000000792500000,0x0000000792500000)
  from space 512K, 37% used [0x0000000794280000,0x00000007942b0000,0x0000000794300000)
  to   space 6656K, 0% used [0x0000000794380000,0x0000000794380000,0x0000000794a00000)
 ParOldGen       total 173568K, used 14002K [0x00000006c2800000, 0x00000006cd180000, 0x000000076b800000)
  object space 173568K, 8% used [0x00000006c2800000,0x00000006c35aca70,0x00000006cd180000)
 Metaspace       used 8367K, capacity 8774K, committed 8960K, reserved 1056768K
  class space    used 661K, capacity 690K, committed 768K, reserved 1048576K
Event: 3.262 GC heap after
Heap after GC invocations=14 (full 0):
 PSYoungGen      total 607744K, used 160K [0x000000076b800000, 0x0000000794400000, 0x00000007c0000000)
  eden space 607232K, 0% used [0x000000076b800000,0x000000076b800000,0x0000000790900000)
  from space 512K, 31% used [0x0000000794380000,0x00000007943a8000,0x0000000794400000)
  to   space 6656K, 0% used [0x0000000793700000,0x0000000793700000,0x0000000793d80000)
 ParOldGen       total 173568K, used 14002K [0x00000006c2800000, 0x00000006cd180000, 0x000000076b800000)
  object space 173568K, 8% used [0x00000006c2800000,0x00000006c35aca70,0x00000006cd180000)
 Metaspace       used 8367K, capacity 8774K, committed 8960K, reserved 1056768K
  class space    used 661K, capacity 690K, committed 768K, reserved 1048576K
}
Event: 3.711 GC heap before
{Heap before GC invocations=15 (full 0):
 PSYoungGen      total 607744K, used 607392K [0x000000076b800000, 0x0000000794400000, 0x00000007c0000000)
  eden space 607232K, 100% used [0x000000076b800000,0x0000000790900000,0x0000000790900000)
  from space 512K, 31% used [0x0000000794380000,0x00000007943a8000,0x0000000794400000)
  to   space 6656K, 0% used [0x0000000793700000,0x0000000793700000,0x0000000793d80000)
 ParOldGen       total 173568K, used 14002K [0x00000006c2800000, 0x00000006cd180000, 0x000000076b800000)
  object space 173568K, 8% used [0x00000006c2800000,0x00000006c35aca70,0x00000006cd180000)
 Metaspace       used 8368K, capacity 8774K, committed 8960K, reserved 1056768K
  class space    used 661K, capacity 690K, committed 768K, reserved 1048576K
Event: 3.711 GC heap after
Heap after GC invocations=15 (full 0):
 PSYoungGen      total 586752K, used 224K [0x000000076b800000, 0x0000000794400000, 0x00000007c0000000)
  eden space 580096K, 0% used [0x000000076b800000,0x000000076b800000,0x000000078ee80000)
  from space 6656K, 3% used [0x0000000793700000,0x0000000793738000,0x0000000793d80000)
  to   space 6656K, 0% used [0x0000000793d80000,0x0000000793d80000,0x0000000794400000)
 ParOldGen       total 173568K, used 14050K [0x00000006c2800000, 0x00000006cd180000, 0x000000076b800000)
  object space 173568K, 8% used [0x00000006c2800000,0x00000006c35b8a70,0x00000006cd180000)
 Metaspace       used 8368K, capacity 8774K, committed 8960K, reserved 1056768K
  class space    used 661K, capacity 690K, committed 768K, reserved 1048576K
}
Event: 4.136 GC heap before
{Heap before GC invocations=16 (full 0):
 PSYoungGen      total 586752K, used 580320K [0x000000076b800000, 0x0000000794400000, 0x00000007c0000000)
  eden space 580096K, 100% used [0x000000076b800000,0x000000078ee80000,0x000000078ee80000)
  from space 6656K, 3% used [0x0000000793700000,0x0000000793738000,0x0000000793d80000)
  to   space 6656K, 0% used [0x0000000793d80000,0x0000000793d80000,0x0000000794400000)
 ParOldGen       total 173568K, used 14050K [0x00000006c2800000, 0x00000006cd180000, 0x000000076b800000)
  object space 173568K, 8% used [0x00000006c2800000,0x00000006c35b8a70,0x00000006cd180000)
 Metaspace       used 8378K, capacity 8774K, committed 8960K, reserved 1056768K
  class space    used 661K, capacity 690K, committed 768K, reserved 1048576K
Event: 4.137 GC heap after
Heap after GC invocations=16 (full 0):
 PSYoungGen      total 555008K, used 224K [0x000000076b800000, 0x0000000793e00000, 0x00000007c0000000)
  eden space 554496K, 0% used [0x000000076b800000,0x000000076b800000,0x000000078d580000)
  from space 512K, 43% used [0x0000000793d80000,0x0000000793db8000,0x0000000793e00000)
  to   space 6144K, 0% used [0x0000000793200000,0x0000000793200000,0x0000000793800000)
 ParOldGen       total 173568K, used 14050K [0x00000006c2800000, 0x00000006cd180000, 0x000000076b800000)
  object space 173568K, 8% used [0x00000006c2800000,0x00000006c35b8a70,0x00000006cd180000)
 Metaspace       used 8378K, capacity 8774K, committed 8960K, reserved 1056768K
  class space    used 661K, capacity 690K, committed 768K, reserved 1048576K
}
Event: 4.545 GC heap before
{Heap before GC invocations=17 (full 0):
 PSYoungGen      total 555008K, used 554720K [0x000000076b800000, 0x0000000793e00000, 0x00000007c0000000)
  eden space 554496K, 100% used [0x000000076b800000,0x000000078d580000,0x000000078d580000)
  from space 512K, 43% used [0x0000000793d80000,0x0000000793db8000,0x0000000793e00000)
  to   space 6144K, 0% used [0x0000000793200000,0x0000000793200000,0x0000000793800000)
 ParOldGen       total 173568K, used 14050K [0x00000006c2800000, 0x00000006cd180000, 0x000000076b800000)
  object space 173568K, 8% used [0x00000006c2800000,0x00000006c35b8a70,0x00000006cd180000)
 Metaspace       used 8378K, capacity 8774K, committed 8960K, reserved 1056768K
  class space    used 661K, capacity 690K, committed 768K, reserved 1048576K
Event: 4.545 GC heap after
Heap after GC invocations=17 (full 0):
 PSYoungGen      total 536064K, used 224K [0x000000076b800000, 0x0000000793e00000, 0x00000007c0000000)
  eden space 529920K, 0% used [0x000000076b800000,0x000000076b800000,0x000000078bd80000)
  from space 6144K, 3% used [0x0000000793200000,0x0000000793238000,0x0000000793800000)
  to   space 6144K, 0% used [0x0000000793800000,0x0000000793800000,0x0000000793e00000)
 ParOldGen       total 173568K, used 14050K [0x00000006c2800000, 0x00000006cd180000, 0x000000076b800000)
  object space 173568K, 8% used [0x00000006c2800000,0x00000006c35b8a70,0x00000006cd180000)
 Metaspace       used 8378K, capacity 8774K, committed 8960K, reserved 1056768K
  class space    used 661K, capacity 690K, committed 768K, reserved 1048576K
}

