# JRE version: Java(TM) SE Runtime Environment (8.0_65-b17) (build 1.8.0_65-b17)
# Java VM: Java HotSpot(TM) 64-Bit Server VM (25.65-b01 mixed mode windows-amd64 compressed oops)
Heap:
 PSYoungGen      total 977408K, used 77680K [0x000000076b800000, 0x00000007bd480000, 0x00000007c0000000)
  eden space 968192K, 8% used [0x000000076b800000,0x00000007703a42a0,0x00000007a6980000)
  from space 9216K, 2% used [0x00000007bc280000,0x00000007bc2b8000,0x00000007bcb80000)
  to   space 8704K, 0% used [0x00000007bcc00000,0x00000007bcc00000,0x00000007bd480000)
 ParOldGen       total 173568K, used 25320K [0x00000006c2800000, 0x00000006cd180000, 0x000000076b800000)
  object space 173568K, 14% used [0x00000006c2800000,0x00000006c40ba050,0x00000006cd180000)
 Metaspace       used 8362K, capacity 8774K, committed 8960K, reserved 1056768K
  class space    used 659K, capacity 690K, committed 768K, reserved 1048576K
GC Heap History (10 events):
Event: 8.320 GC heap before
{Heap before GC invocations=17 (full 0):
 PSYoungGen      total 1232896K, used 1232608K [0x000000076b800000, 0x00000007be800000, 0x00000007c0000000)
  eden space 1232384K, 100% used [0x000000076b800000,0x00000007b6b80000,0x00000007b6b80000)
  from space 512K, 43% used [0x00000007be780000,0x00000007be7b8000,0x00000007be800000)
  to   space 11776K, 0% used [0x00000007bd100000,0x00000007bd100000,0x00000007bdc80000)
 ParOldGen       total 173568K, used 25280K [0x00000006c2800000, 0x00000006cd180000, 0x000000076b800000)
  object space 173568K, 14% used [0x00000006c2800000,0x00000006c40b0050,0x00000006cd180000)
 Metaspace       used 8361K, capacity 8774K, committed 8960K, reserved 1056768K
  class space    used 659K, capacity 690K, committed 768K, reserved 1048576K
Event: 8.320 GC heap after
Heap after GC invocations=17 (full 0):
 PSYoungGen      total 1185792K, used 256K [0x000000076b800000, 0x00000007be800000, 0x00000007c0000000)
  eden space 1174016K, 0% used [0x000000076b800000,0x000000076b800000,0x00000007b3280000)
  from space 11776K, 2% used [0x00000007bd100000,0x00000007bd140000,0x00000007bdc80000)
  to   space 11264K, 0% used [0x00000007bdd00000,0x00000007bdd00000,0x00000007be800000)
 ParOldGen       total 173568K, used 25280K [0x00000006c2800000, 0x00000006cd180000, 0x000000076b800000)
  object space 173568K, 14% used [0x00000006c2800000,0x00000006c40b0050,0x00000006cd180000)
 Metaspace       used 8361K, capacity 8774K, committed 8960K, reserved 1056768K
  class space    used 659K, capacity 690K, committed 768K, reserved 1048576K
}
Event: 9.343 GC heap before
{Heap before GC invocations=18 (full 0):
 PSYoungGen      total 1185792K, used 1174272K [0x000000076b800000, 0x00000007be800000, 0x00000007c0000000)
  eden space 1174016K, 100% used [0x000000076b800000,0x00000007b3280000,0x00000007b3280000)
  from space 11776K, 2% used [0x00000007bd100000,0x00000007bd140000,0x00000007bdc80000)
  to   space 11264K, 0% used [0x00000007bdd00000,0x00000007bdd00000,0x00000007be800000)
 ParOldGen       total 173568K, used 25280K [0x00000006c2800000, 0x00000006cd180000, 0x000000076b800000)
  object space 173568K, 14% used [0x00000006c2800000,0x00000006c40b0050,0x00000006cd180000)
 Metaspace       used 8361K, capacity 8774K, committed 8960K, reserved 1056768K
  class space    used 659K, capacity 690K, committed 768K, reserved 1048576K
Event: 9.345 GC heap after
Heap after GC invocations=18 (full 0):
 PSYoungGen      total 1119232K, used 192K [0x000000076b800000, 0x00000007bdd80000, 0x00000007c0000000)
  eden space 1118720K, 0% used [0x000000076b800000,0x000000076b800000,0x00000007afc80000)
  from space 512K, 37% used [0x00000007bdd00000,0x00000007bdd30000,0x00000007bdd80000)
  to   space 10240K, 0% used [0x00000007bc980000,0x00000007bc980000,0x00000007bd380000)
 ParOldGen       total 173568K, used 25280K [0x00000006c2800000, 0x00000006cd180000, 0x000000076b800000)
  object space 173568K, 14% used [0x00000006c2800000,0x00000006c40b0050,0x00000006cd180000)
 Metaspace       used 8361K, capacity 8774K, committed 8960K, reserved 1056768K
  class space    used 659K, capacity 690K, committed 768K, reserved 1048576K
}
Event: 10.311 GC heap before
{Heap before GC invocations=19 (full 0):
 PSYoungGen      total 1119232K, used 1118912K [0x000000076b800000, 0x00000007bdd80000, 0x00000007c0000000)
  eden space 1118720K, 100% used [0x000000076b800000,0x00000007afc80000,0x00000007afc80000)
  from space 512K, 37% used [0x00000007bdd00000,0x00000007bdd30000,0x00000007bdd80000)
  to   space 10240K, 0% used [0x00000007bc980000,0x00000007bc980000,0x00000007bd380000)
 ParOldGen       total 173568K, used 25280K [0x00000006c2800000, 0x00000006cd180000, 0x000000076b800000)
  object space 173568K, 14% used [0x00000006c2800000,0x00000006c40b0050,0x00000006cd180000)
 Metaspace       used 8362K, capacity 8774K, committed 8960K, reserved 1056768K
  class space    used 659K, capacity 690K, committed 768K, reserved 1048576K
Event: 10.311 GC heap after
Heap after GC invocations=19 (full 0):
 PSYoungGen      total 1076224K, used 224K [0x000000076b800000, 0x00000007bdd80000, 0x00000007c0000000)
  eden space 1065984K, 0% used [0x000000076b800000,0x000000076b800000,0x00000007ac900000)
  from space 10240K, 2% used [0x00000007bc980000,0x00000007bc9b8000,0x00000007bd380000)
  to   space 9728K, 0% used [0x00000007bd400000,0x00000007bd400000,0x00000007bdd80000)
 ParOldGen       total 173568K, used 25280K [0x00000006c2800000, 0x00000006cd180000, 0x000000076b800000)
  object space 173568K, 14% used [0x00000006c2800000,0x00000006c40b0050,0x00000006cd180000)
 Metaspace       used 8362K, capacity 8774K, committed 8960K, reserved 1056768K
  class space    used 659K, capacity 690K, committed 768K, reserved 1048576K
}
Event: 11.230 GC heap before
{Heap before GC invocations=20 (full 0):
 PSYoungGen      total 1076224K, used 1066208K [0x000000076b800000, 0x00000007bdd80000, 0x00000007c0000000)
  eden space 1065984K, 100% used [0x000000076b800000,0x00000007ac900000,0x00000007ac900000)
  from space 10240K, 2% used [0x00000007bc980000,0x00000007bc9b8000,0x00000007bd380000)
  to   space 9728K, 0% used [0x00000007bd400000,0x00000007bd400000,0x00000007bdd80000)
 ParOldGen       total 173568K, used 25280K [0x00000006c2800000, 0x00000006cd180000, 0x000000076b800000)
  object space 173568K, 14% used [0x00000006c2800000,0x00000006c40b0050,0x00000006cd180000)
 Metaspace       used 8362K, capacity 8774K, committed 8960K, reserved 1056768K
  class space    used 659K, capacity 690K, committed 768K, reserved 1048576K
Event: 11.232 GC heap after
Heap after GC invocations=20 (full 0):
 PSYoungGen      total 1016320K, used 224K [0x000000076b800000, 0x00000007bd480000, 0x00000007c0000000)
  eden space 1015808K, 0% used [0x000000076b800000,0x000000076b800000,0x00000007a9800000)
  from space 512K, 43% used [0x00000007bd400000,0x00000007bd438000,0x00000007bd480000)
  to   space 9216K, 0% used [0x00000007bc280000,0x00000007bc280000,0x00000007bcb80000)
 ParOldGen       total 173568K, used 25320K [0x00000006c2800000, 0x00000006cd180000, 0x000000076b800000)
  object space 173568K, 14% used [0x00000006c2800000,0x00000006c40ba050,0x00000006cd180000)
 Metaspace       used 8362K, capacity 8774K, committed 8960K, reserved 1056768K
  class space    used 659K, capacity 690K, committed 768K, reserved 1048576K
}
Event: 12.107 GC heap before
{Heap before GC invocations=21 (full 0):
 PSYoungGen      total 1016320K, used 1016032K [0x000000076b800000, 0x00000007bd480000, 0x00000007c0000000)
  eden space 1015808K, 100% used [0x000000076b800000,0x00000007a9800000,0x00000007a9800000)
  from space 512K, 43% used [0x00000007bd400000,0x00000007bd438000,0x00000007bd480000)
  to   space 9216K, 0% used [0x00000007bc280000,0x00000007bc280000,0x00000007bcb80000)
 ParOldGen       total 173568K, used 25320K [0x00000006c2800000, 0x00000006cd180000, 0x000000076b800000)
  object space 173568K, 14% used [0x00000006c2800000,0x00000006c40ba050,0x00000006cd180000)
 Metaspace       used 8362K, capacity 8774K, committed 8960K, reserved 1056768K
  class space    used 659K, capacity 690K, committed 768K, reserved 1048576K
Event: 12.107 GC heap after
Heap after GC invocations=21 (full 0):
 PSYoungGen      total 977408K, used 224K [0x000000076b800000, 0x00000007bd480000, 0x00000007c0000000)
  eden space 968192K, 0% used [0x000000076b800000,0x000000076b800000,0x00000007a6980000)
  from space 9216K, 2% used [0x00000007bc280000,0x00000007bc2b8000,0x00000007bcb80000)
  to   space 8704K, 0% used [0x00000007bcc00000,0x00000007bcc00000,0x00000007bd480000)
 ParOldGen       total 173568K, used 25320K [0x00000006c2800000, 0x00000006cd180000, 0x000000076b800000)
  object space 173568K, 14% used [0x00000006c2800000,0x00000006c40ba050,0x00000006cd180000)
 Metaspace       used 8362K, capacity 8774K, committed 8960K, reserved 1056768K
  class space    used 659K, capacity 690K, committed 768K, reserved 1048576K
}

