# JRE version: Java(TM) SE Runtime Environment (8.0_65-b17) (build 1.8.0_65-b17)
# Java VM: Java HotSpot(TM) 64-Bit Server VM (25.65-b01 mixed mode windows-amd64 compressed oops)
Heap:
 PSYoungGen      total 461312K, used 197614K [0x000000076b800000, 0x0000000793200000, 0x00000007c0000000)
  eden space 460800K, 42% used [0x000000076b800000,0x00000007778c39f8,0x0000000787a00000)
  from space 512K, 43% used [0x0000000793180000,0x00000007931b8000,0x0000000793200000)
  to   space 4608K, 0% used [0x0000000792900000,0x0000000792900000,0x0000000792d80000)
 ParOldGen       total 173568K, used 10970K [0x00000006c2800000, 0x00000006cd180000, 0x000000076b800000)
  object space 173568K, 6% used [0x00000006c2800000,0x00000006c32b6b68,0x00000006cd180000)
 Metaspace       used 8335K, capacity 8710K, committed 8960K, reserved 1056768K
  class space    used 658K, capacity 690K, committed 768K, reserved 1048576K
GC Heap History (10 events):
Event: 3.509 GC heap before
{Heap before GC invocations=16 (full 0):
 PSYoungGen      total 582656K, used 577248K [0x000000076b800000, 0x0000000793f80000, 0x00000007c0000000)
  eden space 577024K, 100% used [0x000000076b800000,0x000000078eb80000,0x000000078eb80000)
  from space 5632K, 3% used [0x0000000793480000,0x00000007934b8000,0x0000000793a00000)
  to   space 5632K, 0% used [0x0000000793a00000,0x0000000793a00000,0x0000000793f80000)
 ParOldGen       total 173568K, used 10890K [0x00000006c2800000, 0x00000006cd180000, 0x000000076b800000)
  object space 173568K, 6% used [0x00000006c2800000,0x00000006c32a2b68,0x00000006cd180000)
 Metaspace       used 8325K, capacity 8710K, committed 8960K, reserved 1056768K
  class space    used 658K, capacity 690K, committed 768K, reserved 1048576K
Event: 3.510 GC heap after
Heap after GC invocations=16 (full 0):
 PSYoungGen      total 551936K, used 224K [0x000000076b800000, 0x0000000793a80000, 0x00000007c0000000)
  eden space 551424K, 0% used [0x000000076b800000,0x000000076b800000,0x000000078d280000)
  from space 512K, 43% used [0x0000000793a00000,0x0000000793a38000,0x0000000793a80000)
  to   space 5632K, 0% used [0x0000000792f80000,0x0000000792f80000,0x0000000793500000)
 ParOldGen       total 173568K, used 10890K [0x00000006c2800000, 0x00000006cd180000, 0x000000076b800000)
  object space 173568K, 6% used [0x00000006c2800000,0x00000006c32a2b68,0x00000006cd180000)
 Metaspace       used 8325K, capacity 8710K, committed 8960K, reserved 1056768K
  class space    used 658K, capacity 690K, committed 768K, reserved 1048576K
}
Event: 3.939 GC heap before
{Heap before GC invocations=17 (full 0):
 PSYoungGen      total 551936K, used 551648K [0x000000076b800000, 0x0000000793a80000, 0x00000007c0000000)
  eden space 551424K, 100% used [0x000000076b800000,0x000000078d280000,0x000000078d280000)
  from space 512K, 43% used [0x0000000793a00000,0x0000000793a38000,0x0000000793a80000)
  to   space 5632K, 0% used [0x0000000792f80000,0x0000000792f80000,0x0000000793500000)
 ParOldGen       total 173568K, used 10890K [0x00000006c2800000, 0x00000006cd180000, 0x000000076b800000)
  object space 173568K, 6% used [0x00000006c2800000,0x00000006c32a2b68,0x00000006cd180000)
 Metaspace       used 8334K, capacity 8710K, committed 8960K, reserved 1056768K
  class space    used 658K, capacity 690K, committed 768K, reserved 1048576K
Event: 3.939 GC heap after
Heap after GC invocations=17 (full 0):
 PSYoungGen      total 532480K, used 224K [0x000000076b800000, 0x0000000793a80000, 0x00000007c0000000)
  eden space 526848K, 0% used [0x000000076b800000,0x000000076b800000,0x000000078ba80000)
  from space 5632K, 3% used [0x0000000792f80000,0x0000000792fb8000,0x0000000793500000)
  to   space 5120K, 0% used [0x0000000793580000,0x0000000793580000,0x0000000793a80000)
 ParOldGen       total 173568K, used 10930K [0x00000006c2800000, 0x00000006cd180000, 0x000000076b800000)
  object space 173568K, 6% used [0x00000006c2800000,0x00000006c32acb68,0x00000006cd180000)
 Metaspace       used 8334K, capacity 8710K, committed 8960K, reserved 1056768K
  class space    used 658K, capacity 690K, committed 768K, reserved 1048576K
}
Event: 4.337 GC heap before
{Heap before GC invocations=18 (full 0):
 PSYoungGen      total 532480K, used 527072K [0x000000076b800000, 0x0000000793a80000, 0x00000007c0000000)
  eden space 526848K, 100% used [0x000000076b800000,0x000000078ba80000,0x000000078ba80000)
  from space 5632K, 3% used [0x0000000792f80000,0x0000000792fb8000,0x0000000793500000)
  to   space 5120K, 0% used [0x0000000793580000,0x0000000793580000,0x0000000793a80000)
 ParOldGen       total 173568K, used 10930K [0x00000006c2800000, 0x00000006cd180000, 0x000000076b800000)
  object space 173568K, 6% used [0x00000006c2800000,0x00000006c32acb68,0x00000006cd180000)
 Metaspace       used 8334K, capacity 8710K, committed 8960K, reserved 1056768K
  class space    used 658K, capacity 690K, committed 768K, reserved 1048576K
Event: 4.338 GC heap after
Heap after GC invocations=18 (full 0):
 PSYoungGen      total 504320K, used 224K [0x000000076b800000, 0x0000000793600000, 0x00000007c0000000)
  eden space 503808K, 0% used [0x000000076b800000,0x000000076b800000,0x000000078a400000)
  from space 512K, 43% used [0x0000000793580000,0x00000007935b8000,0x0000000793600000)
  to   space 5120K, 0% used [0x0000000792c00000,0x0000000792c00000,0x0000000793100000)
 ParOldGen       total 173568K, used 10938K [0x00000006c2800000, 0x00000006cd180000, 0x000000076b800000)
  object space 173568K, 6% used [0x00000006c2800000,0x00000006c32aeb68,0x00000006cd180000)
 Metaspace       used 8334K, capacity 8710K, committed 8960K, reserved 1056768K
  class space    used 658K, capacity 690K, committed 768K, reserved 1048576K
}
Event: 4.705 GC heap before
{Heap before GC invocations=19 (full 0):
 PSYoungGen      total 504320K, used 504032K [0x000000076b800000, 0x0000000793600000, 0x00000007c0000000)
  eden space 503808K, 100% used [0x000000076b800000,0x000000078a400000,0x000000078a400000)
  from space 512K, 43% used [0x0000000793580000,0x00000007935b8000,0x0000000793600000)
  to   space 5120K, 0% used [0x0000000792c00000,0x0000000792c00000,0x0000000793100000)
 ParOldGen       total 173568K, used 10938K [0x00000006c2800000, 0x00000006cd180000, 0x000000076b800000)
  object space 173568K, 6% used [0x00000006c2800000,0x00000006c32aeb68,0x00000006cd180000)
 Metaspace       used 8335K, capacity 8710K, committed 8960K, reserved 1056768K
  class space    used 658K, capacity 690K, committed 768K, reserved 1048576K
Event: 4.706 GC heap after
Heap after GC invocations=19 (full 0):
 PSYoungGen      total 486912K, used 224K [0x000000076b800000, 0x0000000793600000, 0x00000007c0000000)
  eden space 481792K, 0% used [0x000000076b800000,0x000000076b800000,0x0000000788e80000)
  from space 5120K, 4% used [0x0000000792c00000,0x0000000792c38000,0x0000000793100000)
  to   space 4608K, 0% used [0x0000000793180000,0x0000000793180000,0x0000000793600000)
 ParOldGen       total 173568K, used 10970K [0x00000006c2800000, 0x00000006cd180000, 0x000000076b800000)
  object space 173568K, 6% used [0x00000006c2800000,0x00000006c32b6b68,0x00000006cd180000)
 Metaspace       used 8335K, capacity 8710K, committed 8960K, reserved 1056768K
  class space    used 658K, capacity 690K, committed 768K, reserved 1048576K
}
Event: 5.060 GC heap before
{Heap before GC invocations=20 (full 0):
 PSYoungGen      total 486912K, used 482016K [0x000000076b800000, 0x0000000793600000, 0x00000007c0000000)
  eden space 481792K, 100% used [0x000000076b800000,0x0000000788e80000,0x0000000788e80000)
  from space 5120K, 4% used [0x0000000792c00000,0x0000000792c38000,0x0000000793100000)
  to   space 4608K, 0% used [0x0000000793180000,0x0000000793180000,0x0000000793600000)
 ParOldGen       total 173568K, used 10970K [0x00000006c2800000, 0x00000006cd180000, 0x000000076b800000)
  object space 173568K, 6% used [0x00000006c2800000,0x00000006c32b6b68,0x00000006cd180000)
 Metaspace       used 8335K, capacity 8710K, committed 8960K, reserved 1056768K
  class space    used 658K, capacity 690K, committed 768K, reserved 1048576K
Event: 5.061 GC heap after
Heap after GC invocations=20 (full 0):
 PSYoungGen      total 461312K, used 224K [0x000000076b800000, 0x0000000793200000, 0x00000007c0000000)
  eden space 460800K, 0% used [0x000000076b800000,0x000000076b800000,0x0000000787a00000)
  from space 512K, 43% used [0x0000000793180000,0x00000007931b8000,0x0000000793200000)
  to   space 4608K, 0% used [0x0000000792900000,0x0000000792900000,0x0000000792d80000)
 ParOldGen       total 173568K, used 10970K [0x00000006c2800000, 0x00000006cd180000, 0x000000076b800000)
  object space 173568K, 6% used [0x00000006c2800000,0x00000006c32b6b68,0x00000006cd180000)
 Metaspace       used 8335K, capacity 8710K, committed 8960K, reserved 1056768K
  class space    used 658K, capacity 690K, committed 768K, reserved 1048576K
}

