# JRE version: Java(TM) SE Runtime Environment (8.0_65-b17) (build 1.8.0_65-b17)
# Java VM: Java HotSpot(TM) 64-Bit Server VM (25.65-b01 mixed mode windows-amd64 compressed oops)
Heap:
 PSYoungGen      total 153600K, used 40248K [0x000000076b800000, 0x00000007ba500000, 0x00000007c0000000)
  eden space 153088K, 26% used [0x000000076b800000,0x000000076df1e1c8,0x0000000774d80000)
  from space 512K, 37% used [0x00000007ba400000,0x00000007ba430000,0x00000007ba480000)
  to   space 512K, 0% used [0x00000007ba480000,0x00000007ba480000,0x00000007ba500000)
 ParOldGen       total 173568K, used 31296K [0x00000006c2800000, 0x00000006cd180000, 0x000000076b800000)
  object space 173568K, 18% used [0x00000006c2800000,0x00000006c4690330,0x00000006cd180000)
 Metaspace       used 8404K, capacity 8774K, committed 8960K, reserved 1056768K
  class space    used 662K, capacity 690K, committed 768K, reserved 1048576K
GC Heap History (10 events):
Event: 17.759 GC heap before
{Heap before GC invocations=143 (full 0):
 PSYoungGen      total 94720K, used 94432K [0x000000076b800000, 0x00000007ba500000, 0x00000007c0000000)
  eden space 94208K, 100% used [0x000000076b800000,0x0000000771400000,0x0000000771400000)
  from space 512K, 43% used [0x00000007ba480000,0x00000007ba4b8000,0x00000007ba500000)
  to   space 512K, 0% used [0x00000007ba400000,0x00000007ba400000,0x00000007ba480000)
 ParOldGen       total 173568K, used 31296K [0x00000006c2800000, 0x00000006cd180000, 0x000000076b800000)
  object space 173568K, 18% used [0x00000006c2800000,0x00000006c4690330,0x00000006cd180000)
 Metaspace       used 8403K, capacity 8774K, committed 8960K, reserved 1056768K
  class space    used 662K, capacity 690K, committed 768K, reserved 1048576K
Event: 17.759 GC heap after
Heap after GC invocations=143 (full 0):
 PSYoungGen      total 113664K, used 160K [0x000000076b800000, 0x00000007ba500000, 0x00000007c0000000)
  eden space 113152K, 0% used [0x000000076b800000,0x000000076b800000,0x0000000772680000)
  from space 512K, 31% used [0x00000007ba400000,0x00000007ba428000,0x00000007ba480000)
  to   space 512K, 0% used [0x00000007ba480000,0x00000007ba480000,0x00000007ba500000)
 ParOldGen       total 173568K, used 31296K [0x00000006c2800000, 0x00000006cd180000, 0x000000076b800000)
  object space 173568K, 18% used [0x00000006c2800000,0x00000006c4690330,0x00000006cd180000)
 Metaspace       used 8403K, capacity 8774K, committed 8960K, reserved 1056768K
  class space    used 662K, capacity 690K, committed 768K, reserved 1048576K
}
Event: 17.817 GC heap before
{Heap before GC invocations=144 (full 0):
 PSYoungGen      total 113664K, used 113312K [0x000000076b800000, 0x00000007ba500000, 0x00000007c0000000)
  eden space 113152K, 100% used [0x000000076b800000,0x0000000772680000,0x0000000772680000)
  from space 512K, 31% used [0x00000007ba400000,0x00000007ba428000,0x00000007ba480000)
  to   space 512K, 0% used [0x00000007ba480000,0x00000007ba480000,0x00000007ba500000)
 ParOldGen       total 173568K, used 31296K [0x00000006c2800000, 0x00000006cd180000, 0x000000076b800000)
  object space 173568K, 18% used [0x00000006c2800000,0x00000006c4690330,0x00000006cd180000)
 Metaspace       used 8403K, capacity 8774K, committed 8960K, reserved 1056768K
  class space    used 662K, capacity 690K, committed 768K, reserved 1048576K
Event: 17.818 GC heap after
Heap after GC invocations=144 (full 0):
 PSYoungGen      total 136704K, used 224K [0x000000076b800000, 0x00000007ba500000, 0x00000007c0000000)
  eden space 136192K, 0% used [0x000000076b800000,0x000000076b800000,0x0000000773d00000)
  from space 512K, 43% used [0x00000007ba480000,0x00000007ba4b8000,0x00000007ba500000)
  to   space 512K, 0% used [0x00000007ba400000,0x00000007ba400000,0x00000007ba480000)
 ParOldGen       total 173568K, used 31296K [0x00000006c2800000, 0x00000006cd180000, 0x000000076b800000)
  object space 173568K, 18% used [0x00000006c2800000,0x00000006c4690330,0x00000006cd180000)
 Metaspace       used 8403K, capacity 8774K, committed 8960K, reserved 1056768K
  class space    used 662K, capacity 690K, committed 768K, reserved 1048576K
}
Event: 17.879 GC heap before
{Heap before GC invocations=145 (full 0):
 PSYoungGen      total 136704K, used 136416K [0x000000076b800000, 0x00000007ba500000, 0x00000007c0000000)
  eden space 136192K, 100% used [0x000000076b800000,0x0000000773d00000,0x0000000773d00000)
  from space 512K, 43% used [0x00000007ba480000,0x00000007ba4b8000,0x00000007ba500000)
  to   space 512K, 0% used [0x00000007ba400000,0x00000007ba400000,0x00000007ba480000)
 ParOldGen       total 173568K, used 31296K [0x00000006c2800000, 0x00000006cd180000, 0x000000076b800000)
  object space 173568K, 18% used [0x00000006c2800000,0x00000006c4690330,0x00000006cd180000)
 Metaspace       used 8403K, capacity 8774K, committed 8960K, reserved 1056768K
  class space    used 662K, capacity 690K, committed 768K, reserved 1048576K
Event: 17.879 GC heap after
Heap after GC invocations=145 (full 0):
 PSYoungGen      total 164352K, used 224K [0x000000076b800000, 0x00000007ba500000, 0x00000007c0000000)
  eden space 163840K, 0% used [0x000000076b800000,0x000000076b800000,0x0000000775800000)
  from space 512K, 43% used [0x00000007ba400000,0x00000007ba438000,0x00000007ba480000)
  to   space 512K, 0% used [0x00000007ba480000,0x00000007ba480000,0x00000007ba500000)
 ParOldGen       total 173568K, used 31296K [0x00000006c2800000, 0x00000006cd180000, 0x000000076b800000)
  object space 173568K, 18% used [0x00000006c2800000,0x00000006c4690330,0x00000006cd180000)
 Metaspace       used 8403K, capacity 8774K, committed 8960K, reserved 1056768K
  class space    used 662K, capacity 690K, committed 768K, reserved 1048576K
}
Event: 17.955 GC heap before
{Heap before GC invocations=146 (full 0):
 PSYoungGen      total 164352K, used 164064K [0x000000076b800000, 0x00000007ba500000, 0x00000007c0000000)
  eden space 163840K, 100% used [0x000000076b800000,0x0000000775800000,0x0000000775800000)
  from space 512K, 43% used [0x00000007ba400000,0x00000007ba438000,0x00000007ba480000)
  to   space 512K, 0% used [0x00000007ba480000,0x00000007ba480000,0x00000007ba500000)
 ParOldGen       total 173568K, used 31296K [0x00000006c2800000, 0x00000006cd180000, 0x000000076b800000)
  object space 173568K, 18% used [0x00000006c2800000,0x00000006c4690330,0x00000006cd180000)
 Metaspace       used 8403K, capacity 8774K, committed 8960K, reserved 1056768K
  class space    used 662K, capacity 690K, committed 768K, reserved 1048576K
Event: 17.955 GC heap after
Heap after GC invocations=146 (full 0):
 PSYoungGen      total 158720K, used 224K [0x000000076b800000, 0x00000007ba500000, 0x00000007c0000000)
  eden space 158208K, 0% used [0x000000076b800000,0x000000076b800000,0x0000000775280000)
  from space 512K, 43% used [0x00000007ba480000,0x00000007ba4b8000,0x00000007ba500000)
  to   space 512K, 0% used [0x00000007ba400000,0x00000007ba400000,0x00000007ba480000)
 ParOldGen       total 173568K, used 31296K [0x00000006c2800000, 0x00000006cd180000, 0x000000076b800000)
  object space 173568K, 18% used [0x00000006c2800000,0x00000006c4690330,0x00000006cd180000)
 Metaspace       used 8403K, capacity 8774K, committed 8960K, reserved 1056768K
  class space    used 662K, capacity 690K, committed 768K, reserved 1048576K
}
Event: 18.022 GC heap before
{Heap before GC invocations=147 (full 0):
 PSYoungGen      total 158720K, used 158432K [0x000000076b800000, 0x00000007ba500000, 0x00000007c0000000)
  eden space 158208K, 100% used [0x000000076b800000,0x0000000775280000,0x0000000775280000)
  from space 512K, 43% used [0x00000007ba480000,0x00000007ba4b8000,0x00000007ba500000)
  to   space 512K, 0% used [0x00000007ba400000,0x00000007ba400000,0x00000007ba480000)
 ParOldGen       total 173568K, used 31296K [0x00000006c2800000, 0x00000006cd180000, 0x000000076b800000)
  object space 173568K, 18% used [0x00000006c2800000,0x00000006c4690330,0x00000006cd180000)
 Metaspace       used 8403K, capacity 8774K, committed 8960K, reserved 1056768K
  class space    used 662K, capacity 690K, committed 768K, reserved 1048576K
Event: 18.023 GC heap after
Heap after GC invocations=147 (full 0):
 PSYoungGen      total 153600K, used 192K [0x000000076b800000, 0x00000007ba500000, 0x00000007c0000000)
  eden space 153088K, 0% used [0x000000076b800000,0x000000076b800000,0x0000000774d80000)
  from space 512K, 37% used [0x00000007ba400000,0x00000007ba430000,0x00000007ba480000)
  to   space 512K, 0% used [0x00000007ba480000,0x00000007ba480000,0x00000007ba500000)
 ParOldGen       total 173568K, used 31296K [0x00000006c2800000, 0x00000006cd180000, 0x000000076b800000)
  object space 173568K, 18% used [0x00000006c2800000,0x00000006c4690330,0x00000006cd180000)
 Metaspace       used 8403K, capacity 8774K, committed 8960K, reserved 1056768K
  class space    used 662K, capacity 690K, committed 768K, reserved 1048576K
}

