# JRE version: Java(TM) SE Runtime Environment (8.0_65-b17) (build 1.8.0_65-b17)
# Java VM: Java HotSpot(TM) 64-Bit Server VM (25.65-b01 mixed mode windows-amd64 compressed oops)
Heap:
 PSYoungGen      total 699392K, used 604074K [0x000000076b800000, 0x00000007b9980000, 0x00000007c0000000)
  eden space 692224K, 87% used [0x000000076b800000,0x00000007905b2b20,0x0000000795c00000)
  from space 7168K, 3% used [0x00000007b8b80000,0x00000007b8bb8000,0x00000007b9280000)
  to   space 6656K, 0% used [0x00000007b9300000,0x00000007b9300000,0x00000007b9980000)
 ParOldGen       total 173568K, used 27085K [0x00000006c2800000, 0x00000006cd180000, 0x000000076b800000)
  object space 173568K, 15% used [0x00000006c2800000,0x00000006c42734d0,0x00000006cd180000)
 Metaspace       used 8336K, capacity 8710K, committed 8960K, reserved 1056768K
  class space    used 659K, capacity 690K, committed 768K, reserved 1048576K
GC Heap History (10 events):
Event: 5.224 GC heap before
{Heap before GC invocations=19 (full 0):
 PSYoungGen      total 875520K, used 875232K [0x000000076b800000, 0x00000007ba800000, 0x00000007c0000000)
  eden space 875008K, 100% used [0x000000076b800000,0x00000007a0e80000,0x00000007a0e80000)
  from space 512K, 43% used [0x00000007ba780000,0x00000007ba7b8000,0x00000007ba800000)
  to   space 8704K, 0% used [0x00000007b9700000,0x00000007b9700000,0x00000007b9f80000)
 ParOldGen       total 173568K, used 27037K [0x00000006c2800000, 0x00000006cd180000, 0x000000076b800000)
  object space 173568K, 15% used [0x00000006c2800000,0x00000006c42674d0,0x00000006cd180000)
 Metaspace       used 8312K, capacity 8710K, committed 8960K, reserved 1056768K
  class space    used 659K, capacity 690K, committed 768K, reserved 1048576K
Event: 5.225 GC heap after
Heap after GC invocations=19 (full 0):
 PSYoungGen      total 843264K, used 224K [0x000000076b800000, 0x00000007ba800000, 0x00000007c0000000)
  eden space 834560K, 0% used [0x000000076b800000,0x000000076b800000,0x000000079e700000)
  from space 8704K, 2% used [0x00000007b9700000,0x00000007b9738000,0x00000007b9f80000)
  to   space 8192K, 0% used [0x00000007ba000000,0x00000007ba000000,0x00000007ba800000)
 ParOldGen       total 173568K, used 27037K [0x00000006c2800000, 0x00000006cd180000, 0x000000076b800000)
  object space 173568K, 15% used [0x00000006c2800000,0x00000006c42674d0,0x00000006cd180000)
 Metaspace       used 8312K, capacity 8710K, committed 8960K, reserved 1056768K
  class space    used 659K, capacity 690K, committed 768K, reserved 1048576K
}
Event: 5.860 GC heap before
{Heap before GC invocations=20 (full 0):
 PSYoungGen      total 843264K, used 834784K [0x000000076b800000, 0x00000007ba800000, 0x00000007c0000000)
  eden space 834560K, 100% used [0x000000076b800000,0x000000079e700000,0x000000079e700000)
  from space 8704K, 2% used [0x00000007b9700000,0x00000007b9738000,0x00000007b9f80000)
  to   space 8192K, 0% used [0x00000007ba000000,0x00000007ba000000,0x00000007ba800000)
 ParOldGen       total 173568K, used 27037K [0x00000006c2800000, 0x00000006cd180000, 0x000000076b800000)
  object space 173568K, 15% used [0x00000006c2800000,0x00000006c42674d0,0x00000006cd180000)
 Metaspace       used 8322K, capacity 8710K, committed 8960K, reserved 1056768K
  class space    used 659K, capacity 690K, committed 768K, reserved 1048576K
Event: 5.860 GC heap after
Heap after GC invocations=20 (full 0):
 PSYoungGen      total 796672K, used 224K [0x000000076b800000, 0x00000007ba080000, 0x00000007c0000000)
  eden space 796160K, 0% used [0x000000076b800000,0x000000076b800000,0x000000079c180000)
  from space 512K, 43% used [0x00000007ba000000,0x00000007ba038000,0x00000007ba080000)
  to   space 8192K, 0% used [0x00000007b9080000,0x00000007b9080000,0x00000007b9880000)
 ParOldGen       total 173568K, used 27037K [0x00000006c2800000, 0x00000006cd180000, 0x000000076b800000)
  object space 173568K, 15% used [0x00000006c2800000,0x00000006c42674d0,0x00000006cd180000)
 Metaspace       used 8322K, capacity 8710K, committed 8960K, reserved 1056768K
  class space    used 659K, capacity 690K, committed 768K, reserved 1048576K
}
Event: 6.512 GC heap before
{Heap before GC invocations=21 (full 0):
 PSYoungGen      total 796672K, used 796384K [0x000000076b800000, 0x00000007ba080000, 0x00000007c0000000)
  eden space 796160K, 100% used [0x000000076b800000,0x000000079c180000,0x000000079c180000)
  from space 512K, 43% used [0x00000007ba000000,0x00000007ba038000,0x00000007ba080000)
  to   space 8192K, 0% used [0x00000007b9080000,0x00000007b9080000,0x00000007b9880000)
 ParOldGen       total 173568K, used 27037K [0x00000006c2800000, 0x00000006cd180000, 0x000000076b800000)
  object space 173568K, 15% used [0x00000006c2800000,0x00000006c42674d0,0x00000006cd180000)
 Metaspace       used 8322K, capacity 8710K, committed 8960K, reserved 1056768K
  class space    used 659K, capacity 690K, committed 768K, reserved 1048576K
Event: 6.512 GC heap after
Heap after GC invocations=21 (full 0):
 PSYoungGen      total 768000K, used 192K [0x000000076b800000, 0x00000007ba080000, 0x00000007c0000000)
  eden space 759808K, 0% used [0x000000076b800000,0x000000076b800000,0x0000000799e00000)
  from space 8192K, 2% used [0x00000007b9080000,0x00000007b90b0000,0x00000007b9880000)
  to   space 7680K, 0% used [0x00000007b9900000,0x00000007b9900000,0x00000007ba080000)
 ParOldGen       total 173568K, used 27037K [0x00000006c2800000, 0x00000006cd180000, 0x000000076b800000)
  object space 173568K, 15% used [0x00000006c2800000,0x00000006c42674d0,0x00000006cd180000)
 Metaspace       used 8322K, capacity 8710K, committed 8960K, reserved 1056768K
  class space    used 659K, capacity 690K, committed 768K, reserved 1048576K
}
Event: 7.159 GC heap before
{Heap before GC invocations=22 (full 0):
 PSYoungGen      total 768000K, used 760000K [0x000000076b800000, 0x00000007ba080000, 0x00000007c0000000)
  eden space 759808K, 100% used [0x000000076b800000,0x0000000799e00000,0x0000000799e00000)
  from space 8192K, 2% used [0x00000007b9080000,0x00000007b90b0000,0x00000007b9880000)
  to   space 7680K, 0% used [0x00000007b9900000,0x00000007b9900000,0x00000007ba080000)
 ParOldGen       total 173568K, used 27037K [0x00000006c2800000, 0x00000006cd180000, 0x000000076b800000)
  object space 173568K, 15% used [0x00000006c2800000,0x00000006c42674d0,0x00000006cd180000)
 Metaspace       used 8322K, capacity 8710K, committed 8960K, reserved 1056768K
  class space    used 659K, capacity 690K, committed 768K, reserved 1048576K
Event: 7.160 GC heap after
Heap after GC invocations=22 (full 0):
 PSYoungGen      total 725504K, used 224K [0x000000076b800000, 0x00000007b9980000, 0x00000007c0000000)
  eden space 724992K, 0% used [0x000000076b800000,0x000000076b800000,0x0000000797c00000)
  from space 512K, 43% used [0x00000007b9900000,0x00000007b9938000,0x00000007b9980000)
  to   space 7168K, 0% used [0x00000007b8b80000,0x00000007b8b80000,0x00000007b9280000)
 ParOldGen       total 173568K, used 27045K [0x00000006c2800000, 0x00000006cd180000, 0x000000076b800000)
  object space 173568K, 15% used [0x00000006c2800000,0x00000006c42694d0,0x00000006cd180000)
 Metaspace       used 8322K, capacity 8710K, committed 8960K, reserved 1056768K
  class space    used 659K, capacity 690K, committed 768K, reserved 1048576K
}
Event: 7.789 GC heap before
{Heap before GC invocations=23 (full 0):
 PSYoungGen      total 725504K, used 725216K [0x000000076b800000, 0x00000007b9980000, 0x00000007c0000000)
  eden space 724992K, 100% used [0x000000076b800000,0x0000000797c00000,0x0000000797c00000)
  from space 512K, 43% used [0x00000007b9900000,0x00000007b9938000,0x00000007b9980000)
  to   space 7168K, 0% used [0x00000007b8b80000,0x00000007b8b80000,0x00000007b9280000)
 ParOldGen       total 173568K, used 27045K [0x00000006c2800000, 0x00000006cd180000, 0x000000076b800000)
  object space 173568K, 15% used [0x00000006c2800000,0x00000006c42694d0,0x00000006cd180000)
 Metaspace       used 8336K, capacity 8710K, committed 8960K, reserved 1056768K
  class space    used 659K, capacity 690K, committed 768K, reserved 1048576K
Event: 7.790 GC heap after
Heap after GC invocations=23 (full 0):
 PSYoungGen      total 699392K, used 224K [0x000000076b800000, 0x00000007b9980000, 0x00000007c0000000)
  eden space 692224K, 0% used [0x000000076b800000,0x000000076b800000,0x0000000795c00000)
  from space 7168K, 3% used [0x00000007b8b80000,0x00000007b8bb8000,0x00000007b9280000)
  to   space 6656K, 0% used [0x00000007b9300000,0x00000007b9300000,0x00000007b9980000)
 ParOldGen       total 173568K, used 27085K [0x00000006c2800000, 0x00000006cd180000, 0x000000076b800000)
  object space 173568K, 15% used [0x00000006c2800000,0x00000006c42734d0,0x00000006cd180000)
 Metaspace       used 8336K, capacity 8710K, committed 8960K, reserved 1056768K
  class space    used 659K, capacity 690K, committed 768K, reserved 1048576K
}

