# JRE version: Java(TM) SE Runtime Environment (8.0_65-b17) (build 1.8.0_65-b17)
# Java VM: Java HotSpot(TM) 64-Bit Server VM (25.65-b01 mixed mode windows-amd64 compressed oops)
Heap:
 PSYoungGen      total 896512K, used 327192K [0x000000076b800000, 0x00000007bd880000, 0x00000007c0000000)
  eden space 887808K, 36% used [0x000000076b800000,0x000000077f74e2c8,0x00000007a1b00000)
  from space 8704K, 2% used [0x00000007bc780000,0x00000007bc7b8000,0x00000007bd000000)
  to   space 8192K, 0% used [0x00000007bd080000,0x00000007bd080000,0x00000007bd880000)
 ParOldGen       total 173568K, used 25349K [0x00000006c2800000, 0x00000006cd180000, 0x000000076b800000)
  object space 173568K, 14% used [0x00000006c2800000,0x00000006c40c1778,0x00000006cd180000)
 Metaspace       used 8297K, capacity 8710K, committed 8960K, reserved 1056768K
  class space    used 655K, capacity 690K, committed 768K, reserved 1048576K
GC Heap History (10 events):
Event: 7.677 GC heap before
{Heap before GC invocations=17 (full 0):
 PSYoungGen      total 1128448K, used 1128160K [0x000000076b800000, 0x00000007bea00000, 0x00000007c0000000)
  eden space 1127936K, 100% used [0x000000076b800000,0x00000007b0580000,0x00000007b0580000)
  from space 512K, 43% used [0x00000007be980000,0x00000007be9b8000,0x00000007bea00000)
  to   space 10752K, 0% used [0x00000007bd500000,0x00000007bd500000,0x00000007bdf80000)
 ParOldGen       total 173568K, used 25325K [0x00000006c2800000, 0x00000006cd180000, 0x000000076b800000)
  object space 173568K, 14% used [0x00000006c2800000,0x00000006c40bb778,0x00000006cd180000)
 Metaspace       used 8288K, capacity 8710K, committed 8960K, reserved 1056768K
  class space    used 655K, capacity 690K, committed 768K, reserved 1048576K
Event: 7.677 GC heap after
Heap after GC invocations=17 (full 0):
 PSYoungGen      total 1085440K, used 192K [0x000000076b800000, 0x00000007bea00000, 0x00000007c0000000)
  eden space 1074688K, 0% used [0x000000076b800000,0x000000076b800000,0x00000007ad180000)
  from space 10752K, 1% used [0x00000007bd500000,0x00000007bd530000,0x00000007bdf80000)
  to   space 10240K, 0% used [0x00000007be000000,0x00000007be000000,0x00000007bea00000)
 ParOldGen       total 173568K, used 25325K [0x00000006c2800000, 0x00000006cd180000, 0x000000076b800000)
  object space 173568K, 14% used [0x00000006c2800000,0x00000006c40bb778,0x00000006cd180000)
 Metaspace       used 8288K, capacity 8710K, committed 8960K, reserved 1056768K
  class space    used 655K, capacity 690K, committed 768K, reserved 1048576K
}
Event: 8.524 GC heap before
{Heap before GC invocations=18 (full 0):
 PSYoungGen      total 1085440K, used 1074880K [0x000000076b800000, 0x00000007bea00000, 0x00000007c0000000)
  eden space 1074688K, 100% used [0x000000076b800000,0x00000007ad180000,0x00000007ad180000)
  from space 10752K, 1% used [0x00000007bd500000,0x00000007bd530000,0x00000007bdf80000)
  to   space 10240K, 0% used [0x00000007be000000,0x00000007be000000,0x00000007bea00000)
 ParOldGen       total 173568K, used 25325K [0x00000006c2800000, 0x00000006cd180000, 0x000000076b800000)
  object space 173568K, 14% used [0x00000006c2800000,0x00000006c40bb778,0x00000006cd180000)
 Metaspace       used 8288K, capacity 8710K, committed 8960K, reserved 1056768K
  class space    used 655K, capacity 690K, committed 768K, reserved 1048576K
Event: 8.524 GC heap after
Heap after GC invocations=18 (full 0):
 PSYoungGen      total 1025024K, used 224K [0x000000076b800000, 0x00000007be080000, 0x00000007c0000000)
  eden space 1024512K, 0% used [0x000000076b800000,0x000000076b800000,0x00000007aa080000)
  from space 512K, 43% used [0x00000007be000000,0x00000007be038000,0x00000007be080000)
  to   space 9216K, 0% used [0x00000007bce80000,0x00000007bce80000,0x00000007bd780000)
 ParOldGen       total 173568K, used 25325K [0x00000006c2800000, 0x00000006cd180000, 0x000000076b800000)
  object space 173568K, 14% used [0x00000006c2800000,0x00000006c40bb778,0x00000006cd180000)
 Metaspace       used 8288K, capacity 8710K, committed 8960K, reserved 1056768K
  class space    used 655K, capacity 690K, committed 768K, reserved 1048576K
}
Event: 9.326 GC heap before
{Heap before GC invocations=19 (full 0):
 PSYoungGen      total 1025024K, used 1024736K [0x000000076b800000, 0x00000007be080000, 0x00000007c0000000)
  eden space 1024512K, 100% used [0x000000076b800000,0x00000007aa080000,0x00000007aa080000)
  from space 512K, 43% used [0x00000007be000000,0x00000007be038000,0x00000007be080000)
  to   space 9216K, 0% used [0x00000007bce80000,0x00000007bce80000,0x00000007bd780000)
 ParOldGen       total 173568K, used 25325K [0x00000006c2800000, 0x00000006cd180000, 0x000000076b800000)
  object space 173568K, 14% used [0x00000006c2800000,0x00000006c40bb778,0x00000006cd180000)
 Metaspace       used 8288K, capacity 8710K, committed 8960K, reserved 1056768K
  class space    used 655K, capacity 690K, committed 768K, reserved 1048576K
Event: 9.327 GC heap after
Heap after GC invocations=19 (full 0):
 PSYoungGen      total 985600K, used 224K [0x000000076b800000, 0x00000007be080000, 0x00000007c0000000)
  eden space 976384K, 0% used [0x000000076b800000,0x000000076b800000,0x00000007a7180000)
  from space 9216K, 2% used [0x00000007bce80000,0x00000007bceb8000,0x00000007bd780000)
  to   space 8704K, 0% used [0x00000007bd800000,0x00000007bd800000,0x00000007be080000)
 ParOldGen       total 173568K, used 25325K [0x00000006c2800000, 0x00000006cd180000, 0x000000076b800000)
  object space 173568K, 14% used [0x00000006c2800000,0x00000006c40bb778,0x00000006cd180000)
 Metaspace       used 8288K, capacity 8710K, committed 8960K, reserved 1056768K
  class space    used 655K, capacity 690K, committed 768K, reserved 1048576K
}
Event: 10.061 GC heap before
{Heap before GC invocations=20 (full 0):
 PSYoungGen      total 985600K, used 976608K [0x000000076b800000, 0x00000007be080000, 0x00000007c0000000)
  eden space 976384K, 100% used [0x000000076b800000,0x00000007a7180000,0x00000007a7180000)
  from space 9216K, 2% used [0x00000007bce80000,0x00000007bceb8000,0x00000007bd780000)
  to   space 8704K, 0% used [0x00000007bd800000,0x00000007bd800000,0x00000007be080000)
 ParOldGen       total 173568K, used 25325K [0x00000006c2800000, 0x00000006cd180000, 0x000000076b800000)
  object space 173568K, 14% used [0x00000006c2800000,0x00000006c40bb778,0x00000006cd180000)
 Metaspace       used 8297K, capacity 8710K, committed 8960K, reserved 1056768K
  class space    used 655K, capacity 690K, committed 768K, reserved 1048576K
Event: 10.061 GC heap after
Heap after GC invocations=20 (full 0):
 PSYoungGen      total 931328K, used 224K [0x000000076b800000, 0x00000007bd880000, 0x00000007c0000000)
  eden space 930816K, 0% used [0x000000076b800000,0x000000076b800000,0x00000007a4500000)
  from space 512K, 43% used [0x00000007bd800000,0x00000007bd838000,0x00000007bd880000)
  to   space 8704K, 0% used [0x00000007bc780000,0x00000007bc780000,0x00000007bd000000)
 ParOldGen       total 173568K, used 25325K [0x00000006c2800000, 0x00000006cd180000, 0x000000076b800000)
  object space 173568K, 14% used [0x00000006c2800000,0x00000006c40bb778,0x00000006cd180000)
 Metaspace       used 8297K, capacity 8710K, committed 8960K, reserved 1056768K
  class space    used 655K, capacity 690K, committed 768K, reserved 1048576K
}
Event: 10.750 GC heap before
{Heap before GC invocations=21 (full 0):
 PSYoungGen      total 931328K, used 931040K [0x000000076b800000, 0x00000007bd880000, 0x00000007c0000000)
  eden space 930816K, 100% used [0x000000076b800000,0x00000007a4500000,0x00000007a4500000)
  from space 512K, 43% used [0x00000007bd800000,0x00000007bd838000,0x00000007bd880000)
  to   space 8704K, 0% used [0x00000007bc780000,0x00000007bc780000,0x00000007bd000000)
 ParOldGen       total 173568K, used 25325K [0x00000006c2800000, 0x00000006cd180000, 0x000000076b800000)
  object space 173568K, 14% used [0x00000006c2800000,0x00000006c40bb778,0x00000006cd180000)
 Metaspace       used 8297K, capacity 8710K, committed 8960K, reserved 1056768K
  class space    used 655K, capacity 690K, committed 768K, reserved 1048576K
Event: 10.750 GC heap after
Heap after GC invocations=21 (full 0):
 PSYoungGen      total 896512K, used 224K [0x000000076b800000, 0x00000007bd880000, 0x00000007c0000000)
  eden space 887808K, 0% used [0x000000076b800000,0x000000076b800000,0x00000007a1b00000)
  from space 8704K, 2% used [0x00000007bc780000,0x00000007bc7b8000,0x00000007bd000000)
  to   space 8192K, 0% used [0x00000007bd080000,0x00000007bd080000,0x00000007bd880000)
 ParOldGen       total 173568K, used 25349K [0x00000006c2800000, 0x00000006cd180000, 0x000000076b800000)
  object space 173568K, 14% used [0x00000006c2800000,0x00000006c40c1778,0x00000006cd180000)
 Metaspace       used 8297K, capacity 8710K, committed 8960K, reserved 1056768K
  class space    used 655K, capacity 690K, committed 768K, reserved 1048576K
}

