# JRE version: Java(TM) SE Runtime Environment (8.0_65-b17) (build 1.8.0_65-b17)
# Java VM: Java HotSpot(TM) 64-Bit Server VM (25.65-b01 mixed mode windows-amd64 compressed oops)
Heap:
 PSYoungGen      total 975872K, used 664526K [0x000000076b800000, 0x00000007bd100000, 0x00000007c0000000)
  eden space 966144K, 68% used [0x000000076b800000,0x00000007940bb880,0x00000007a6780000)
  from space 9728K, 2% used [0x00000007bbe00000,0x00000007bbe38000,0x00000007bc780000)
  to   space 9216K, 0% used [0x00000007bc800000,0x00000007bc800000,0x00000007bd100000)
 ParOldGen       total 173568K, used 36913K [0x00000006c2800000, 0x00000006cd180000, 0x000000076b800000)
  object space 173568K, 21% used [0x00000006c2800000,0x00000006c4c0c4d8,0x00000006cd180000)
 Metaspace       used 8308K, capacity 8710K, committed 8960K, reserved 1056768K
  class space    used 659K, capacity 690K, committed 768K, reserved 1048576K
GC Heap History (10 events):
Event: 5.062 GC heap before
{Heap before GC invocations=19 (full 0):
 PSYoungGen      total 1229824K, used 1229536K [0x000000076b800000, 0x00000007be600000, 0x00000007c0000000)
  eden space 1229312K, 100% used [0x000000076b800000,0x00000007b6880000,0x00000007b6880000)
  from space 512K, 43% used [0x00000007be580000,0x00000007be5b8000,0x00000007be600000)
  to   space 12288K, 0% used [0x00000007bce00000,0x00000007bce00000,0x00000007bda00000)
 ParOldGen       total 173568K, used 36881K [0x00000006c2800000, 0x00000006cd180000, 0x000000076b800000)
  object space 173568K, 21% used [0x00000006c2800000,0x00000006c4c044d8,0x00000006cd180000)
 Metaspace       used 8302K, capacity 8710K, committed 8960K, reserved 1056768K
  class space    used 659K, capacity 690K, committed 768K, reserved 1048576K
Event: 5.062 GC heap after
Heap after GC invocations=19 (full 0):
 PSYoungGen      total 1183232K, used 224K [0x000000076b800000, 0x00000007be600000, 0x00000007c0000000)
  eden space 1170944K, 0% used [0x000000076b800000,0x000000076b800000,0x00000007b2f80000)
  from space 12288K, 1% used [0x00000007bce00000,0x00000007bce38000,0x00000007bda00000)
  to   space 11776K, 0% used [0x00000007bda80000,0x00000007bda80000,0x00000007be600000)
 ParOldGen       total 173568K, used 36889K [0x00000006c2800000, 0x00000006cd180000, 0x000000076b800000)
  object space 173568K, 21% used [0x00000006c2800000,0x00000006c4c064d8,0x00000006cd180000)
 Metaspace       used 8302K, capacity 8710K, committed 8960K, reserved 1056768K
  class space    used 659K, capacity 690K, committed 768K, reserved 1048576K
}
Event: 5.672 GC heap before
{Heap before GC invocations=20 (full 0):
 PSYoungGen      total 1183232K, used 1171168K [0x000000076b800000, 0x00000007be600000, 0x00000007c0000000)
  eden space 1170944K, 100% used [0x000000076b800000,0x00000007b2f80000,0x00000007b2f80000)
  from space 12288K, 1% used [0x00000007bce00000,0x00000007bce38000,0x00000007bda00000)
  to   space 11776K, 0% used [0x00000007bda80000,0x00000007bda80000,0x00000007be600000)
 ParOldGen       total 173568K, used 36889K [0x00000006c2800000, 0x00000006cd180000, 0x000000076b800000)
  object space 173568K, 21% used [0x00000006c2800000,0x00000006c4c064d8,0x00000006cd180000)
 Metaspace       used 8308K, capacity 8710K, committed 8960K, reserved 1056768K
  class space    used 659K, capacity 690K, committed 768K, reserved 1048576K
Event: 5.673 GC heap after
Heap after GC invocations=20 (full 0):
 PSYoungGen      total 1116160K, used 224K [0x000000076b800000, 0x00000007bdb00000, 0x00000007c0000000)
  eden space 1115648K, 0% used [0x000000076b800000,0x000000076b800000,0x00000007af980000)
  from space 512K, 43% used [0x00000007bda80000,0x00000007bdab8000,0x00000007bdb00000)
  to   space 11264K, 0% used [0x00000007bc500000,0x00000007bc500000,0x00000007bd000000)
 ParOldGen       total 173568K, used 36905K [0x00000006c2800000, 0x00000006cd180000, 0x000000076b800000)
  object space 173568K, 21% used [0x00000006c2800000,0x00000006c4c0a4d8,0x00000006cd180000)
 Metaspace       used 8308K, capacity 8710K, committed 8960K, reserved 1056768K
  class space    used 659K, capacity 690K, committed 768K, reserved 1048576K
}
Event: 6.154 GC heap before
{Heap before GC invocations=21 (full 0):
 PSYoungGen      total 1116160K, used 1115872K [0x000000076b800000, 0x00000007bdb00000, 0x00000007c0000000)
  eden space 1115648K, 100% used [0x000000076b800000,0x00000007af980000,0x00000007af980000)
  from space 512K, 43% used [0x00000007bda80000,0x00000007bdab8000,0x00000007bdb00000)
  to   space 11264K, 0% used [0x00000007bc500000,0x00000007bc500000,0x00000007bd000000)
 ParOldGen       total 173568K, used 36905K [0x00000006c2800000, 0x00000006cd180000, 0x000000076b800000)
  object space 173568K, 21% used [0x00000006c2800000,0x00000006c4c0a4d8,0x00000006cd180000)
 Metaspace       used 8308K, capacity 8710K, committed 8960K, reserved 1056768K
  class space    used 659K, capacity 690K, committed 768K, reserved 1048576K
Event: 6.155 GC heap after
Heap after GC invocations=21 (full 0):
 PSYoungGen      total 1074688K, used 192K [0x000000076b800000, 0x00000007bdb00000, 0x00000007c0000000)
  eden space 1063424K, 0% used [0x000000076b800000,0x000000076b800000,0x00000007ac680000)
  from space 11264K, 1% used [0x00000007bc500000,0x00000007bc530000,0x00000007bd000000)
  to   space 10752K, 0% used [0x00000007bd080000,0x00000007bd080000,0x00000007bdb00000)
 ParOldGen       total 173568K, used 36905K [0x00000006c2800000, 0x00000006cd180000, 0x000000076b800000)
  object space 173568K, 21% used [0x00000006c2800000,0x00000006c4c0a4d8,0x00000006cd180000)
 Metaspace       used 8308K, capacity 8710K, committed 8960K, reserved 1056768K
  class space    used 659K, capacity 690K, committed 768K, reserved 1048576K
}
Event: 6.616 GC heap before
{Heap before GC invocations=22 (full 0):
 PSYoungGen      total 1074688K, used 1063616K [0x000000076b800000, 0x00000007bdb00000, 0x00000007c0000000)
  eden space 1063424K, 100% used [0x000000076b800000,0x00000007ac680000,0x00000007ac680000)
  from space 11264K, 1% used [0x00000007bc500000,0x00000007bc530000,0x00000007bd000000)
  to   space 10752K, 0% used [0x00000007bd080000,0x00000007bd080000,0x00000007bdb00000)
 ParOldGen       total 173568K, used 36905K [0x00000006c2800000, 0x00000006cd180000, 0x000000076b800000)
  object space 173568K, 21% used [0x00000006c2800000,0x00000006c4c0a4d8,0x00000006cd180000)
 Metaspace       used 8308K, capacity 8710K, committed 8960K, reserved 1056768K
  class space    used 659K, capacity 690K, committed 768K, reserved 1048576K
Event: 6.617 GC heap after
Heap after GC invocations=22 (full 0):
 PSYoungGen      total 1014272K, used 224K [0x000000076b800000, 0x00000007bd100000, 0x00000007c0000000)
  eden space 1013760K, 0% used [0x000000076b800000,0x000000076b800000,0x00000007a9600000)
  from space 512K, 43% used [0x00000007bd080000,0x00000007bd0b8000,0x00000007bd100000)
  to   space 9728K, 0% used [0x00000007bbe00000,0x00000007bbe00000,0x00000007bc780000)
 ParOldGen       total 173568K, used 36913K [0x00000006c2800000, 0x00000006cd180000, 0x000000076b800000)
  object space 173568K, 21% used [0x00000006c2800000,0x00000006c4c0c4d8,0x00000006cd180000)
 Metaspace       used 8308K, capacity 8710K, committed 8960K, reserved 1056768K
  class space    used 659K, capacity 690K, committed 768K, reserved 1048576K
}
Event: 7.069 GC heap before
{Heap before GC invocations=23 (full 0):
 PSYoungGen      total 1014272K, used 1013984K [0x000000076b800000, 0x00000007bd100000, 0x00000007c0000000)
  eden space 1013760K, 100% used [0x000000076b800000,0x00000007a9600000,0x00000007a9600000)
  from space 512K, 43% used [0x00000007bd080000,0x00000007bd0b8000,0x00000007bd100000)
  to   space 9728K, 0% used [0x00000007bbe00000,0x00000007bbe00000,0x00000007bc780000)
 ParOldGen       total 173568K, used 36913K [0x00000006c2800000, 0x00000006cd180000, 0x000000076b800000)
  object space 173568K, 21% used [0x00000006c2800000,0x00000006c4c0c4d8,0x00000006cd180000)
 Metaspace       used 8308K, capacity 8710K, committed 8960K, reserved 1056768K
  class space    used 659K, capacity 690K, committed 768K, reserved 1048576K
Event: 7.070 GC heap after
Heap after GC invocations=23 (full 0):
 PSYoungGen      total 975872K, used 224K [0x000000076b800000, 0x00000007bd100000, 0x00000007c0000000)
  eden space 966144K, 0% used [0x000000076b800000,0x000000076b800000,0x00000007a6780000)
  from space 9728K, 2% used [0x00000007bbe00000,0x00000007bbe38000,0x00000007bc780000)
  to   space 9216K, 0% used [0x00000007bc800000,0x00000007bc800000,0x00000007bd100000)
 ParOldGen       total 173568K, used 36913K [0x00000006c2800000, 0x00000006cd180000, 0x000000076b800000)
  object space 173568K, 21% used [0x00000006c2800000,0x00000006c4c0c4d8,0x00000006cd180000)
 Metaspace       used 8308K, capacity 8710K, committed 8960K, reserved 1056768K
  class space    used 659K, capacity 690K, committed 768K, reserved 1048576K
}

