# JRE version: Java(TM) SE Runtime Environment (8.0_65-b17) (build 1.8.0_65-b17)
# Java VM: Java HotSpot(TM) 64-Bit Server VM (25.65-b01 mixed mode windows-amd64 compressed oops)
Heap:
 PSYoungGen      total 497664K, used 159851K [0x000000076b800000, 0x000000078b800000, 0x00000007c0000000)
  eden space 497152K, 32% used [0x000000076b800000,0x00000007753e2f38,0x0000000789d80000)
  from space 512K, 43% used [0x000000078b400000,0x000000078b438000,0x000000078b480000)
  to   space 3584K, 0% used [0x000000078b480000,0x000000078b480000,0x000000078b800000)
 ParOldGen       total 173568K, used 1184K [0x00000006c2800000, 0x00000006cd180000, 0x000000076b800000)
  object space 173568K, 0% used [0x00000006c2800000,0x00000006c2928050,0x00000006cd180000)
 Metaspace       used 8300K, capacity 8678K, committed 8960K, reserved 1056768K
  class space    used 678K, capacity 722K, committed 768K, reserved 1048576K
GC Heap History (10 events):
Event: 1.115 GC heap before
{Heap before GC invocations=5 (full 0):
 PSYoungGen      total 140800K, used 131312K [0x000000076b800000, 0x0000000774c00000, 0x00000007c0000000)
  eden space 130048K, 100% used [0x000000076b800000,0x0000000773700000,0x0000000773700000)
  from space 10752K, 11% used [0x0000000774180000,0x00000007742bc010,0x0000000774c00000)
  to   space 10752K, 0% used [0x0000000773700000,0x0000000773700000,0x0000000774180000)
 ParOldGen       total 173568K, used 16K [0x00000006c2800000, 0x00000006cd180000, 0x000000076b800000)
  object space 173568K, 0% used [0x00000006c2800000,0x00000006c2804000,0x00000006cd180000)
 Metaspace       used 8267K, capacity 8678K, committed 8960K, reserved 1056768K
  class space    used 678K, capacity 722K, committed 768K, reserved 1048576K
Event: 1.116 GC heap after
Heap after GC invocations=5 (full 0):
 PSYoungGen      total 140800K, used 1232K [0x000000076b800000, 0x000000077be00000, 0x00000007c0000000)
  eden space 130048K, 0% used [0x000000076b800000,0x000000076b800000,0x0000000773700000)
  from space 10752K, 11% used [0x0000000773700000,0x0000000773834010,0x0000000774180000)
  to   space 4096K, 0% used [0x000000077ba00000,0x000000077ba00000,0x000000077be00000)
 ParOldGen       total 173568K, used 16K [0x00000006c2800000, 0x00000006cd180000, 0x000000076b800000)
  object space 173568K, 0% used [0x00000006c2800000,0x00000006c2804000,0x00000006cd180000)
 Metaspace       used 8267K, capacity 8678K, committed 8960K, reserved 1056768K
  class space    used 678K, capacity 722K, committed 768K, reserved 1048576K
}
Event: 1.171 GC heap before
{Heap before GC invocations=6 (full 0):
 PSYoungGen      total 140800K, used 131280K [0x000000076b800000, 0x000000077be00000, 0x00000007c0000000)
  eden space 130048K, 100% used [0x000000076b800000,0x0000000773700000,0x0000000773700000)
  from space 10752K, 11% used [0x0000000773700000,0x0000000773834010,0x0000000774180000)
  to   space 4096K, 0% used [0x000000077ba00000,0x000000077ba00000,0x000000077be00000)
 ParOldGen       total 173568K, used 16K [0x00000006c2800000, 0x00000006cd180000, 0x000000076b800000)
  object space 173568K, 0% used [0x00000006c2800000,0x00000006c2804000,0x00000006cd180000)
 Metaspace       used 8267K, capacity 8678K, committed 8960K, reserved 1056768K
  class space    used 678K, capacity 722K, committed 768K, reserved 1048576K
Event: 1.172 GC heap after
Heap after GC invocations=6 (full 0):
 PSYoungGen      total 263168K, used 1264K [0x000000076b800000, 0x000000077bd00000, 0x00000007c0000000)
  eden space 260096K, 0% used [0x000000076b800000,0x000000076b800000,0x000000077b600000)
  from space 3072K, 41% used [0x000000077ba00000,0x000000077bb3c010,0x000000077bd00000)
  to   space 3584K, 0% used [0x000000077b600000,0x000000077b600000,0x000000077b980000)
 ParOldGen       total 173568K, used 24K [0x00000006c2800000, 0x00000006cd180000, 0x000000076b800000)
  object space 173568K, 0% used [0x00000006c2800000,0x00000006c2806000,0x00000006cd180000)
 Metaspace       used 8267K, capacity 8678K, committed 8960K, reserved 1056768K
  class space    used 678K, capacity 722K, committed 768K, reserved 1048576K
}
Event: 1.439 GC heap before
{Heap before GC invocations=7 (full 0):
 PSYoungGen      total 263168K, used 261360K [0x000000076b800000, 0x000000077bd00000, 0x00000007c0000000)
  eden space 260096K, 100% used [0x000000076b800000,0x000000077b600000,0x000000077b600000)
  from space 3072K, 41% used [0x000000077ba00000,0x000000077bb3c010,0x000000077bd00000)
  to   space 3584K, 0% used [0x000000077b600000,0x000000077b600000,0x000000077b980000)
 ParOldGen       total 173568K, used 24K [0x00000006c2800000, 0x00000006cd180000, 0x000000076b800000)
  object space 173568K, 0% used [0x00000006c2800000,0x00000006c2806000,0x00000006cd180000)
 Metaspace       used 8271K, capacity 8678K, committed 8960K, reserved 1056768K
  class space    used 678K, capacity 722K, committed 768K, reserved 1048576K
Event: 1.441 GC heap after
Heap after GC invocations=7 (full 0):
 PSYoungGen      total 263680K, used 128K [0x000000076b800000, 0x000000078bb00000, 0x00000007c0000000)
  eden space 260096K, 0% used [0x000000076b800000,0x000000076b800000,0x000000077b600000)
  from space 3584K, 3% used [0x000000077b600000,0x000000077b620000,0x000000077b980000)
  to   space 3584K, 0% used [0x000000078b780000,0x000000078b780000,0x000000078bb00000)
 ParOldGen       total 173568K, used 1176K [0x00000006c2800000, 0x00000006cd180000, 0x000000076b800000)
  object space 173568K, 0% used [0x00000006c2800000,0x00000006c2926050,0x00000006cd180000)
 Metaspace       used 8271K, capacity 8678K, committed 8960K, reserved 1056768K
  class space    used 678K, capacity 722K, committed 768K, reserved 1048576K
}
Event: 1.644 GC heap before
{Heap before GC invocations=8 (full 0):
 PSYoungGen      total 263680K, used 260224K [0x000000076b800000, 0x000000078bb00000, 0x00000007c0000000)
  eden space 260096K, 100% used [0x000000076b800000,0x000000077b600000,0x000000077b600000)
  from space 3584K, 3% used [0x000000077b600000,0x000000077b620000,0x000000077b980000)
  to   space 3584K, 0% used [0x000000078b780000,0x000000078b780000,0x000000078bb00000)
 ParOldGen       total 173568K, used 1176K [0x00000006c2800000, 0x00000006cd180000, 0x000000076b800000)
  object space 173568K, 0% used [0x00000006c2800000,0x00000006c2926050,0x00000006cd180000)
 Metaspace       used 8281K, capacity 8678K, committed 8960K, reserved 1056768K
  class space    used 678K, capacity 722K, committed 768K, reserved 1048576K
Event: 1.645 GC heap after
Heap after GC invocations=8 (full 0):
 PSYoungGen      total 523776K, used 192K [0x000000076b800000, 0x000000078bb00000, 0x00000007c0000000)
  eden space 520192K, 0% used [0x000000076b800000,0x000000076b800000,0x000000078b400000)
  from space 3584K, 5% used [0x000000078b780000,0x000000078b7b0000,0x000000078bb00000)
  to   space 3584K, 0% used [0x000000078b400000,0x000000078b400000,0x000000078b780000)
 ParOldGen       total 173568K, used 1176K [0x00000006c2800000, 0x00000006cd180000, 0x000000076b800000)
  object space 173568K, 0% used [0x00000006c2800000,0x00000006c2926050,0x00000006cd180000)
 Metaspace       used 8281K, capacity 8678K, committed 8960K, reserved 1056768K
  class space    used 678K, capacity 722K, committed 768K, reserved 1048576K
}
Event: 2.041 GC heap before
{Heap before GC invocations=9 (full 0):
 PSYoungGen      total 523776K, used 520384K [0x000000076b800000, 0x000000078bb00000, 0x00000007c0000000)
  eden space 520192K, 100% used [0x000000076b800000,0x000000078b400000,0x000000078b400000)
  from space 3584K, 5% used [0x000000078b780000,0x000000078b7b0000,0x000000078bb00000)
  to   space 3584K, 0% used [0x000000078b400000,0x000000078b400000,0x000000078b780000)
 ParOldGen       total 173568K, used 1176K [0x00000006c2800000, 0x00000006cd180000, 0x000000076b800000)
  object space 173568K, 0% used [0x00000006c2800000,0x00000006c2926050,0x00000006cd180000)
 Metaspace       used 8299K, capacity 8678K, committed 8960K, reserved 1056768K
  class space    used 678K, capacity 722K, committed 768K, reserved 1048576K
Event: 2.042 GC heap after
Heap after GC invocations=9 (full 0):
 PSYoungGen      total 497664K, used 224K [0x000000076b800000, 0x000000078b800000, 0x00000007c0000000)
  eden space 497152K, 0% used [0x000000076b800000,0x000000076b800000,0x0000000789d80000)
  from space 512K, 43% used [0x000000078b400000,0x000000078b438000,0x000000078b480000)
  to   space 3584K, 0% used [0x000000078b480000,0x000000078b480000,0x000000078b800000)
 ParOldGen       total 173568K, used 1184K [0x00000006c2800000, 0x00000006cd180000, 0x000000076b800000)
  object space 173568K, 0% used [0x00000006c2800000,0x00000006c2928050,0x00000006cd180000)
 Metaspace       used 8299K, capacity 8678K, committed 8960K, reserved 1056768K
  class space    used 678K, capacity 722K, committed 768K, reserved 1048576K
}

