# JRE version: Java(TM) SE Runtime Environment (8.0_65-b17) (build 1.8.0_65-b17)
# Java VM: Java HotSpot(TM) 64-Bit Server VM (25.65-b01 mixed mode windows-amd64 compressed oops)
Heap:
 PSYoungGen      total 55808K, used 6754K [0x000000076b800000, 0x00000007ba080000, 0x00000007c0000000)
  eden space 55296K, 12% used [0x000000076b800000,0x000000076be908e8,0x000000076ee00000)
  from space 512K, 6% used [0x00000007b9f80000,0x00000007b9f88000,0x00000007ba000000)
  to   space 512K, 0% used [0x00000007ba000000,0x00000007ba000000,0x00000007ba080000)
 ParOldGen       total 173568K, used 23084K [0x00000006c2800000, 0x00000006cd180000, 0x000000076b800000)
  object space 173568K, 13% used [0x00000006c2800000,0x00000006c3e8b0a0,0x00000006cd180000)
 Metaspace       used 8402K, capacity 8774K, committed 8960K, reserved 1056768K
  class space    used 662K, capacity 690K, committed 768K, reserved 1048576K
GC Heap History (10 events):
Event: 32.992 GC heap before
{Heap before GC invocations=301 (full 0):
 PSYoungGen      total 48640K, used 48288K [0x000000076b800000, 0x00000007ba080000, 0x00000007c0000000)
  eden space 48128K, 100% used [0x000000076b800000,0x000000076e700000,0x000000076e700000)
  from space 512K, 31% used [0x00000007ba000000,0x00000007ba028000,0x00000007ba080000)
  to   space 512K, 0% used [0x00000007b9f80000,0x00000007b9f80000,0x00000007ba000000)
 ParOldGen       total 173568K, used 23044K [0x00000006c2800000, 0x00000006cd180000, 0x000000076b800000)
  object space 173568K, 13% used [0x00000006c2800000,0x00000006c3e810a0,0x00000006cd180000)
 Metaspace       used 8402K, capacity 8774K, committed 8960K, reserved 1056768K
  class space    used 662K, capacity 690K, committed 768K, reserved 1048576K
Event: 32.992 GC heap after
Heap after GC invocations=301 (full 0):
 PSYoungGen      total 48128K, used 160K [0x000000076b800000, 0x00000007ba080000, 0x00000007c0000000)
  eden space 47616K, 0% used [0x000000076b800000,0x000000076b800000,0x000000076e680000)
  from space 512K, 31% used [0x00000007b9f80000,0x00000007b9fa8000,0x00000007ba000000)
  to   space 512K, 0% used [0x00000007ba000000,0x00000007ba000000,0x00000007ba080000)
 ParOldGen       total 173568K, used 23044K [0x00000006c2800000, 0x00000006cd180000, 0x000000076b800000)
  object space 173568K, 13% used [0x00000006c2800000,0x00000006c3e810a0,0x00000006cd180000)
 Metaspace       used 8402K, capacity 8774K, committed 8960K, reserved 1056768K
  class space    used 662K, capacity 690K, committed 768K, reserved 1048576K
}
Event: 33.040 GC heap before
{Heap before GC invocations=302 (full 0):
 PSYoungGen      total 48128K, used 47776K [0x000000076b800000, 0x00000007ba080000, 0x00000007c0000000)
  eden space 47616K, 100% used [0x000000076b800000,0x000000076e680000,0x000000076e680000)
  from space 512K, 31% used [0x00000007b9f80000,0x00000007b9fa8000,0x00000007ba000000)
  to   space 512K, 0% used [0x00000007ba000000,0x00000007ba000000,0x00000007ba080000)
 ParOldGen       total 173568K, used 23044K [0x00000006c2800000, 0x00000006cd180000, 0x000000076b800000)
  object space 173568K, 13% used [0x00000006c2800000,0x00000006c3e810a0,0x00000006cd180000)
 Metaspace       used 8402K, capacity 8774K, committed 8960K, reserved 1056768K
  class space    used 662K, capacity 690K, committed 768K, reserved 1048576K
Event: 33.041 GC heap after
Heap after GC invocations=302 (full 0):
 PSYoungGen      total 47616K, used 64K [0x000000076b800000, 0x00000007ba080000, 0x00000007c0000000)
  eden space 47104K, 0% used [0x000000076b800000,0x000000076b800000,0x000000076e600000)
  from space 512K, 12% used [0x00000007ba000000,0x00000007ba010000,0x00000007ba080000)
  to   space 512K, 0% used [0x00000007b9f80000,0x00000007b9f80000,0x00000007ba000000)
 ParOldGen       total 173568K, used 23068K [0x00000006c2800000, 0x00000006cd180000, 0x000000076b800000)
  object space 173568K, 13% used [0x00000006c2800000,0x00000006c3e870a0,0x00000006cd180000)
 Metaspace       used 8402K, capacity 8774K, committed 8960K, reserved 1056768K
  class space    used 662K, capacity 690K, committed 768K, reserved 1048576K
}
Event: 33.098 GC heap before
{Heap before GC invocations=303 (full 0):
 PSYoungGen      total 47616K, used 47168K [0x000000076b800000, 0x00000007ba080000, 0x00000007c0000000)
  eden space 47104K, 100% used [0x000000076b800000,0x000000076e600000,0x000000076e600000)
  from space 512K, 12% used [0x00000007ba000000,0x00000007ba010000,0x00000007ba080000)
  to   space 512K, 0% used [0x00000007b9f80000,0x00000007b9f80000,0x00000007ba000000)
 ParOldGen       total 173568K, used 23068K [0x00000006c2800000, 0x00000006cd180000, 0x000000076b800000)
  object space 173568K, 13% used [0x00000006c2800000,0x00000006c3e870a0,0x00000006cd180000)
 Metaspace       used 8402K, capacity 8774K, committed 8960K, reserved 1056768K
  class space    used 662K, capacity 690K, committed 768K, reserved 1048576K
Event: 33.099 GC heap after
Heap after GC invocations=303 (full 0):
 PSYoungGen      total 47104K, used 224K [0x000000076b800000, 0x00000007ba080000, 0x00000007c0000000)
  eden space 46592K, 0% used [0x000000076b800000,0x000000076b800000,0x000000076e580000)
  from space 512K, 43% used [0x00000007b9f80000,0x00000007b9fb8000,0x00000007ba000000)
  to   space 512K, 0% used [0x00000007ba000000,0x00000007ba000000,0x00000007ba080000)
 ParOldGen       total 173568K, used 23068K [0x00000006c2800000, 0x00000006cd180000, 0x000000076b800000)
  object space 173568K, 13% used [0x00000006c2800000,0x00000006c3e870a0,0x00000006cd180000)
 Metaspace       used 8402K, capacity 8774K, committed 8960K, reserved 1056768K
  class space    used 662K, capacity 690K, committed 768K, reserved 1048576K
}
Event: 33.138 GC heap before
{Heap before GC invocations=304 (full 0):
 PSYoungGen      total 47104K, used 46816K [0x000000076b800000, 0x00000007ba080000, 0x00000007c0000000)
  eden space 46592K, 100% used [0x000000076b800000,0x000000076e580000,0x000000076e580000)
  from space 512K, 43% used [0x00000007b9f80000,0x00000007b9fb8000,0x00000007ba000000)
  to   space 512K, 0% used [0x00000007ba000000,0x00000007ba000000,0x00000007ba080000)
 ParOldGen       total 173568K, used 23068K [0x00000006c2800000, 0x00000006cd180000, 0x000000076b800000)
  object space 173568K, 13% used [0x00000006c2800000,0x00000006c3e870a0,0x00000006cd180000)
 Metaspace       used 8402K, capacity 8774K, committed 8960K, reserved 1056768K
  class space    used 662K, capacity 690K, committed 768K, reserved 1048576K
Event: 33.138 GC heap after
Heap after GC invocations=304 (full 0):
 PSYoungGen      total 46592K, used 160K [0x000000076b800000, 0x00000007ba080000, 0x00000007c0000000)
  eden space 46080K, 0% used [0x000000076b800000,0x000000076b800000,0x000000076e500000)
  from space 512K, 31% used [0x00000007ba000000,0x00000007ba028000,0x00000007ba080000)
  to   space 512K, 0% used [0x00000007b9f80000,0x00000007b9f80000,0x00000007ba000000)
 ParOldGen       total 173568K, used 23068K [0x00000006c2800000, 0x00000006cd180000, 0x000000076b800000)
  object space 173568K, 13% used [0x00000006c2800000,0x00000006c3e870a0,0x00000006cd180000)
 Metaspace       used 8402K, capacity 8774K, committed 8960K, reserved 1056768K
  class space    used 662K, capacity 690K, committed 768K, reserved 1048576K
}
Event: 33.196 GC heap before
{Heap before GC invocations=305 (full 0):
 PSYoungGen      total 46592K, used 46240K [0x000000076b800000, 0x00000007ba080000, 0x00000007c0000000)
  eden space 46080K, 100% used [0x000000076b800000,0x000000076e500000,0x000000076e500000)
  from space 512K, 31% used [0x00000007ba000000,0x00000007ba028000,0x00000007ba080000)
  to   space 512K, 0% used [0x00000007b9f80000,0x00000007b9f80000,0x00000007ba000000)
 ParOldGen       total 173568K, used 23068K [0x00000006c2800000, 0x00000006cd180000, 0x000000076b800000)
  object space 173568K, 13% used [0x00000006c2800000,0x00000006c3e870a0,0x00000006cd180000)
 Metaspace       used 8402K, capacity 8774K, committed 8960K, reserved 1056768K
  class space    used 662K, capacity 690K, committed 768K, reserved 1048576K
Event: 33.197 GC heap after
Heap after GC invocations=305 (full 0):
 PSYoungGen      total 55808K, used 32K [0x000000076b800000, 0x00000007ba080000, 0x00000007c0000000)
  eden space 55296K, 0% used [0x000000076b800000,0x000000076b800000,0x000000076ee00000)
  from space 512K, 6% used [0x00000007b9f80000,0x00000007b9f88000,0x00000007ba000000)
  to   space 512K, 0% used [0x00000007ba000000,0x00000007ba000000,0x00000007ba080000)
 ParOldGen       total 173568K, used 23084K [0x00000006c2800000, 0x00000006cd180000, 0x000000076b800000)
  object space 173568K, 13% used [0x00000006c2800000,0x00000006c3e8b0a0,0x00000006cd180000)
 Metaspace       used 8402K, capacity 8774K, committed 8960K, reserved 1056768K
  class space    used 662K, capacity 690K, committed 768K, reserved 1048576K
}

