# JRE version: Java(TM) SE Runtime Environment (8.0_65-b17) (build 1.8.0_65-b17)
# Java VM: Java HotSpot(TM) 64-Bit Server VM (25.65-b01 mixed mode windows-amd64 compressed oops)
Heap:
 PSYoungGen      total 1058816K, used 236205K [0x000000076b800000, 0x00000007ac980000, 0x00000007c0000000)
  eden space 1052160K, 22% used [0x000000076b800000,0x0000000779e735a8,0x00000007abb80000)
  from space 6656K, 3% used [0x00000007ac300000,0x00000007ac338000,0x00000007ac980000)
  to   space 7168K, 0% used [0x00000007abb80000,0x00000007abb80000,0x00000007ac280000)
 ParOldGen       total 173568K, used 17652K [0x00000006c2800000, 0x00000006cd180000, 0x000000076b800000)
  object space 173568K, 10% used [0x00000006c2800000,0x00000006c393d188,0x00000006cd180000)
 Metaspace       used 8389K, capacity 8774K, committed 8960K, reserved 1056768K
  class space    used 661K, capacity 690K, committed 768K, reserved 1048576K
GC Heap History (10 events):
Event: 1.392 GC heap before
{Heap before GC invocations=10 (full 0):
 PSYoungGen      total 261632K, used 261611K [0x000000076b800000, 0x0000000785280000, 0x00000007c0000000)
  eden space 260096K, 100% used [0x000000076b800000,0x000000077b600000,0x000000077b600000)
  from space 1536K, 98% used [0x000000077b600000,0x000000077b77ae90,0x000000077b780000)
  to   space 2048K, 0% used [0x0000000785080000,0x0000000785080000,0x0000000785280000)
 ParOldGen       total 173568K, used 2128K [0x00000006c2800000, 0x00000006cd180000, 0x000000076b800000)
  object space 173568K, 1% used [0x00000006c2800000,0x00000006c2a14178,0x00000006cd180000)
 Metaspace       used 8198K, capacity 8646K, committed 8960K, reserved 1056768K
  class space    used 654K, capacity 690K, committed 768K, reserved 1048576K
Event: 1.406 GC heap after
Heap after GC invocations=10 (full 0):
 PSYoungGen      total 412672K, used 2024K [0x000000076b800000, 0x0000000785d80000, 0x00000007c0000000)
  eden space 410624K, 0% used [0x000000076b800000,0x000000076b800000,0x0000000784900000)
  from space 2048K, 98% used [0x0000000785080000,0x000000078527a1e0,0x0000000785280000)
  to   space 7680K, 0% used [0x0000000784900000,0x0000000784900000,0x0000000785080000)
 ParOldGen       total 173568K, used 16712K [0x00000006c2800000, 0x00000006cd180000, 0x000000076b800000)
  object space 173568K, 9% used [0x00000006c2800000,0x00000006c3852178,0x00000006cd180000)
 Metaspace       used 8198K, capacity 8646K, committed 8960K, reserved 1056768K
  class space    used 654K, capacity 690K, committed 768K, reserved 1048576K
}
Event: 1.827 GC heap before
{Heap before GC invocations=11 (full 0):
 PSYoungGen      total 412672K, used 412648K [0x000000076b800000, 0x0000000785d80000, 0x00000007c0000000)
  eden space 410624K, 100% used [0x000000076b800000,0x0000000784900000,0x0000000784900000)
  from space 2048K, 98% used [0x0000000785080000,0x000000078527a1e0,0x0000000785280000)
  to   space 7680K, 0% used [0x0000000784900000,0x0000000784900000,0x0000000785080000)
 ParOldGen       total 173568K, used 16712K [0x00000006c2800000, 0x00000006cd180000, 0x000000076b800000)
  object space 173568K, 9% used [0x00000006c2800000,0x00000006c3852178,0x00000006cd180000)
 Metaspace       used 8339K, capacity 8710K, committed 8960K, reserved 1056768K
  class space    used 661K, capacity 690K, committed 768K, reserved 1048576K
Event: 1.830 GC heap after
Heap after GC invocations=11 (full 0):
 PSYoungGen      total 418304K, used 256K [0x000000076b800000, 0x0000000794900000, 0x00000007c0000000)
  eden space 410624K, 0% used [0x000000076b800000,0x000000076b800000,0x0000000784900000)
  from space 7680K, 3% used [0x0000000784900000,0x0000000784940000,0x0000000785080000)
  to   space 7680K, 0% used [0x0000000794180000,0x0000000794180000,0x0000000794900000)
 ParOldGen       total 173568K, used 17564K [0x00000006c2800000, 0x00000006cd180000, 0x000000076b800000)
  object space 173568K, 10% used [0x00000006c2800000,0x00000006c3927188,0x00000006cd180000)
 Metaspace       used 8339K, capacity 8710K, committed 8960K, reserved 1056768K
  class space    used 661K, capacity 690K, committed 768K, reserved 1048576K
}
Event: 2.129 GC heap before
{Heap before GC invocations=12 (full 0):
 PSYoungGen      total 418304K, used 410880K [0x000000076b800000, 0x0000000794900000, 0x00000007c0000000)
  eden space 410624K, 100% used [0x000000076b800000,0x0000000784900000,0x0000000784900000)
  from space 7680K, 3% used [0x0000000784900000,0x0000000784940000,0x0000000785080000)
  to   space 7680K, 0% used [0x0000000794180000,0x0000000794180000,0x0000000794900000)
 ParOldGen       total 173568K, used 17564K [0x00000006c2800000, 0x00000006cd180000, 0x000000076b800000)
  object space 173568K, 10% used [0x00000006c2800000,0x00000006c3927188,0x00000006cd180000)
 Metaspace       used 8363K, capacity 8774K, committed 8960K, reserved 1056768K
  class space    used 661K, capacity 690K, committed 768K, reserved 1048576K
Event: 2.130 GC heap after
Heap after GC invocations=12 (full 0):
 PSYoungGen      total 665088K, used 160K [0x000000076b800000, 0x0000000794900000, 0x00000007c0000000)
  eden space 657408K, 0% used [0x000000076b800000,0x000000076b800000,0x0000000793a00000)
  from space 7680K, 2% used [0x0000000794180000,0x00000007941a8000,0x0000000794900000)
  to   space 7680K, 0% used [0x0000000793a00000,0x0000000793a00000,0x0000000794180000)
 ParOldGen       total 173568K, used 17612K [0x00000006c2800000, 0x00000006cd180000, 0x000000076b800000)
  object space 173568K, 10% used [0x00000006c2800000,0x00000006c3933188,0x00000006cd180000)
 Metaspace       used 8363K, capacity 8774K, committed 8960K, reserved 1056768K
  class space    used 661K, capacity 690K, committed 768K, reserved 1048576K
}
Event: 2.623 GC heap before
{Heap before GC invocations=13 (full 0):
 PSYoungGen      total 665088K, used 657568K [0x000000076b800000, 0x0000000794900000, 0x00000007c0000000)
  eden space 657408K, 100% used [0x000000076b800000,0x0000000793a00000,0x0000000793a00000)
  from space 7680K, 2% used [0x0000000794180000,0x00000007941a8000,0x0000000794900000)
  to   space 7680K, 0% used [0x0000000793a00000,0x0000000793a00000,0x0000000794180000)
 ParOldGen       total 173568K, used 17612K [0x00000006c2800000, 0x00000006cd180000, 0x000000076b800000)
  object space 173568K, 10% used [0x00000006c2800000,0x00000006c3933188,0x00000006cd180000)
 Metaspace       used 8380K, capacity 8774K, committed 8960K, reserved 1056768K
  class space    used 661K, capacity 690K, committed 768K, reserved 1048576K
Event: 2.624 GC heap after
Heap after GC invocations=13 (full 0):
 PSYoungGen      total 665088K, used 192K [0x000000076b800000, 0x00000007aca80000, 0x00000007c0000000)
  eden space 657408K, 0% used [0x000000076b800000,0x000000076b800000,0x0000000793a00000)
  from space 7680K, 2% used [0x0000000793a00000,0x0000000793a30000,0x0000000794180000)
  to   space 7680K, 0% used [0x00000007ac300000,0x00000007ac300000,0x00000007aca80000)
 ParOldGen       total 173568K, used 17644K [0x00000006c2800000, 0x00000006cd180000, 0x000000076b800000)
  object space 173568K, 10% used [0x00000006c2800000,0x00000006c393b188,0x00000006cd180000)
 Metaspace       used 8380K, capacity 8774K, committed 8960K, reserved 1056768K
  class space    used 661K, capacity 690K, committed 768K, reserved 1048576K
}
Event: 3.097 GC heap before
{Heap before GC invocations=14 (full 0):
 PSYoungGen      total 665088K, used 657600K [0x000000076b800000, 0x00000007aca80000, 0x00000007c0000000)
  eden space 657408K, 100% used [0x000000076b800000,0x0000000793a00000,0x0000000793a00000)
  from space 7680K, 2% used [0x0000000793a00000,0x0000000793a30000,0x0000000794180000)
  to   space 7680K, 0% used [0x00000007ac300000,0x00000007ac300000,0x00000007aca80000)
 ParOldGen       total 173568K, used 17644K [0x00000006c2800000, 0x00000006cd180000, 0x000000076b800000)
  object space 173568K, 10% used [0x00000006c2800000,0x00000006c393b188,0x00000006cd180000)
 Metaspace       used 8389K, capacity 8774K, committed 8960K, reserved 1056768K
  class space    used 661K, capacity 690K, committed 768K, reserved 1048576K
Event: 3.097 GC heap after
Heap after GC invocations=14 (full 0):
 PSYoungGen      total 1058816K, used 224K [0x000000076b800000, 0x00000007ac980000, 0x00000007c0000000)
  eden space 1052160K, 0% used [0x000000076b800000,0x000000076b800000,0x00000007abb80000)
  from space 6656K, 3% used [0x00000007ac300000,0x00000007ac338000,0x00000007ac980000)
  to   space 7168K, 0% used [0x00000007abb80000,0x00000007abb80000,0x00000007ac280000)
 ParOldGen       total 173568K, used 17652K [0x00000006c2800000, 0x00000006cd180000, 0x000000076b800000)
  object space 173568K, 10% used [0x00000006c2800000,0x00000006c393d188,0x00000006cd180000)
 Metaspace       used 8389K, capacity 8774K, committed 8960K, reserved 1056768K
  class space    used 661K, capacity 690K, committed 768K, reserved 1048576K
}

