# JRE version: Java(TM) SE Runtime Environment (8.0_65-b17) (build 1.8.0_65-b17)
# Java VM: Java HotSpot(TM) 64-Bit Server VM (25.65-b01 mixed mode windows-amd64 compressed oops)
Heap:
 PSYoungGen      total 993280K, used 453658K [0x000000076b800000, 0x00000007bf400000, 0x00000007c0000000)
  eden space 992768K, 45% used [0x000000076b800000,0x00000007872debf8,0x00000007a8180000)
  from space 512K, 31% used [0x00000007bf380000,0x00000007bf3a8000,0x00000007bf400000)
  to   space 11776K, 0% used [0x00000007bdd00000,0x00000007bdd00000,0x00000007be880000)
 ParOldGen       total 173568K, used 31999K [0x00000006c2800000, 0x00000006cd180000, 0x000000076b800000)
  object space 173568K, 18% used [0x00000006c2800000,0x00000006c473fe58,0x00000006cd180000)
 Metaspace       used 8281K, capacity 8646K, committed 8960K, reserved 1056768K
  class space    used 654K, capacity 690K, committed 768K, reserved 1048576K
GC Heap History (10 events):
Event: 1.826 GC heap before
{Heap before GC invocations=12 (full 0):
 PSYoungGen      total 420864K, used 407520K [0x000000076b800000, 0x0000000794e80000, 0x00000007c0000000)
  eden space 406528K, 100% used [0x000000076b800000,0x0000000784500000,0x0000000784500000)
  from space 14336K, 6% used [0x0000000784500000,0x00000007845f8000,0x0000000785300000)
  to   space 13824K, 0% used [0x0000000794100000,0x0000000794100000,0x0000000794e80000)
 ParOldGen       total 173568K, used 31087K [0x00000006c2800000, 0x00000006cd180000, 0x000000076b800000)
  object space 173568K, 17% used [0x00000006c2800000,0x00000006c465be58,0x00000006cd180000)
 Metaspace       used 8245K, capacity 8646K, committed 8960K, reserved 1056768K
  class space    used 654K, capacity 690K, committed 768K, reserved 1048576K
Event: 1.828 GC heap after
Heap after GC invocations=12 (full 0):
 PSYoungGen      total 664576K, used 160K [0x000000076b800000, 0x0000000794e80000, 0x00000007c0000000)
  eden space 650752K, 0% used [0x000000076b800000,0x000000076b800000,0x0000000793380000)
  from space 13824K, 1% used [0x0000000794100000,0x0000000794128000,0x0000000794e80000)
  to   space 13824K, 0% used [0x0000000793380000,0x0000000793380000,0x0000000794100000)
 ParOldGen       total 173568K, used 31975K [0x00000006c2800000, 0x00000006cd180000, 0x000000076b800000)
  object space 173568K, 18% used [0x00000006c2800000,0x00000006c4739e58,0x00000006cd180000)
 Metaspace       used 8245K, capacity 8646K, committed 8960K, reserved 1056768K
  class space    used 654K, capacity 690K, committed 768K, reserved 1048576K
}
Event: 2.299 GC heap before
{Heap before GC invocations=13 (full 0):
 PSYoungGen      total 664576K, used 650912K [0x000000076b800000, 0x0000000794e80000, 0x00000007c0000000)
  eden space 650752K, 100% used [0x000000076b800000,0x0000000793380000,0x0000000793380000)
  from space 13824K, 1% used [0x0000000794100000,0x0000000794128000,0x0000000794e80000)
  to   space 13824K, 0% used [0x0000000793380000,0x0000000793380000,0x0000000794100000)
 ParOldGen       total 173568K, used 31975K [0x00000006c2800000, 0x00000006cd180000, 0x000000076b800000)
  object space 173568K, 18% used [0x00000006c2800000,0x00000006c4739e58,0x00000006cd180000)
 Metaspace       used 8249K, capacity 8646K, committed 8960K, reserved 1056768K
  class space    used 654K, capacity 690K, committed 768K, reserved 1048576K
Event: 2.300 GC heap after
Heap after GC invocations=13 (full 0):
 PSYoungGen      total 664576K, used 224K [0x000000076b800000, 0x00000007acb00000, 0x00000007c0000000)
  eden space 650752K, 0% used [0x000000076b800000,0x000000076b800000,0x0000000793380000)
  from space 13824K, 1% used [0x0000000793380000,0x00000007933b8000,0x0000000794100000)
  to   space 13312K, 0% used [0x00000007abe00000,0x00000007abe00000,0x00000007acb00000)
 ParOldGen       total 173568K, used 31983K [0x00000006c2800000, 0x00000006cd180000, 0x000000076b800000)
  object space 173568K, 18% used [0x00000006c2800000,0x00000006c473be58,0x00000006cd180000)
 Metaspace       used 8249K, capacity 8646K, committed 8960K, reserved 1056768K
  class space    used 654K, capacity 690K, committed 768K, reserved 1048576K
}
Event: 2.766 GC heap before
{Heap before GC invocations=14 (full 0):
 PSYoungGen      total 664576K, used 650976K [0x000000076b800000, 0x00000007acb00000, 0x00000007c0000000)
  eden space 650752K, 100% used [0x000000076b800000,0x0000000793380000,0x0000000793380000)
  from space 13824K, 1% used [0x0000000793380000,0x00000007933b8000,0x0000000794100000)
  to   space 13312K, 0% used [0x00000007abe00000,0x00000007abe00000,0x00000007acb00000)
 ParOldGen       total 173568K, used 31983K [0x00000006c2800000, 0x00000006cd180000, 0x000000076b800000)
  object space 173568K, 18% used [0x00000006c2800000,0x00000006c473be58,0x00000006cd180000)
 Metaspace       used 8256K, capacity 8646K, committed 8960K, reserved 1056768K
  class space    used 654K, capacity 690K, committed 768K, reserved 1048576K
Event: 2.767 GC heap after
Heap after GC invocations=14 (full 0):
 PSYoungGen      total 1053696K, used 224K [0x000000076b800000, 0x00000007aca00000, 0x00000007c0000000)
  eden space 1041408K, 0% used [0x000000076b800000,0x000000076b800000,0x00000007ab100000)
  from space 12288K, 1% used [0x00000007abe00000,0x00000007abe38000,0x00000007aca00000)
  to   space 12800K, 0% used [0x00000007ab100000,0x00000007ab100000,0x00000007abd80000)
 ParOldGen       total 173568K, used 31983K [0x00000006c2800000, 0x00000006cd180000, 0x000000076b800000)
  object space 173568K, 18% used [0x00000006c2800000,0x00000006c473be58,0x00000006cd180000)
 Metaspace       used 8256K, capacity 8646K, committed 8960K, reserved 1056768K
  class space    used 654K, capacity 690K, committed 768K, reserved 1048576K
}
Event: 3.607 GC heap before
{Heap before GC invocations=15 (full 0):
 PSYoungGen      total 1053696K, used 1041632K [0x000000076b800000, 0x00000007aca00000, 0x00000007c0000000)
  eden space 1041408K, 100% used [0x000000076b800000,0x00000007ab100000,0x00000007ab100000)
  from space 12288K, 1% used [0x00000007abe00000,0x00000007abe38000,0x00000007aca00000)
  to   space 12800K, 0% used [0x00000007ab100000,0x00000007ab100000,0x00000007abd80000)
 ParOldGen       total 173568K, used 31983K [0x00000006c2800000, 0x00000006cd180000, 0x000000076b800000)
  object space 173568K, 18% used [0x00000006c2800000,0x00000006c473be58,0x00000006cd180000)
 Metaspace       used 8280K, capacity 8646K, committed 8960K, reserved 1056768K
  class space    used 654K, capacity 690K, committed 768K, reserved 1048576K
Event: 3.608 GC heap after
Heap after GC invocations=15 (full 0):
 PSYoungGen      total 1054208K, used 224K [0x000000076b800000, 0x00000007bff80000, 0x00000007c0000000)
  eden space 1041408K, 0% used [0x000000076b800000,0x000000076b800000,0x00000007ab100000)
  from space 12800K, 1% used [0x00000007ab100000,0x00000007ab138000,0x00000007abd80000)
  to   space 12288K, 0% used [0x00000007bf380000,0x00000007bf380000,0x00000007bff80000)
 ParOldGen       total 173568K, used 31983K [0x00000006c2800000, 0x00000006cd180000, 0x000000076b800000)
  object space 173568K, 18% used [0x00000006c2800000,0x00000006c473be58,0x00000006cd180000)
 Metaspace       used 8280K, capacity 8646K, committed 8960K, reserved 1056768K
  class space    used 654K, capacity 690K, committed 768K, reserved 1048576K
}
Event: 4.468 GC heap before
{Heap before GC invocations=16 (full 0):
 PSYoungGen      total 1054208K, used 1041632K [0x000000076b800000, 0x00000007bff80000, 0x00000007c0000000)
  eden space 1041408K, 100% used [0x000000076b800000,0x00000007ab100000,0x00000007ab100000)
  from space 12800K, 1% used [0x00000007ab100000,0x00000007ab138000,0x00000007abd80000)
  to   space 12288K, 0% used [0x00000007bf380000,0x00000007bf380000,0x00000007bff80000)
 ParOldGen       total 173568K, used 31983K [0x00000006c2800000, 0x00000006cd180000, 0x000000076b800000)
  object space 173568K, 18% used [0x00000006c2800000,0x00000006c473be58,0x00000006cd180000)
 Metaspace       used 8280K, capacity 8646K, committed 8960K, reserved 1056768K
  class space    used 654K, capacity 690K, committed 768K, reserved 1048576K
Event: 4.469 GC heap after
Heap after GC invocations=16 (full 0):
 PSYoungGen      total 993280K, used 160K [0x000000076b800000, 0x00000007bf400000, 0x00000007c0000000)
  eden space 992768K, 0% used [0x000000076b800000,0x000000076b800000,0x00000007a8180000)
  from space 512K, 31% used [0x00000007bf380000,0x00000007bf3a8000,0x00000007bf400000)
  to   space 11776K, 0% used [0x00000007bdd00000,0x00000007bdd00000,0x00000007be880000)
 ParOldGen       total 173568K, used 31999K [0x00000006c2800000, 0x00000006cd180000, 0x000000076b800000)
  object space 173568K, 18% used [0x00000006c2800000,0x00000006c473fe58,0x00000006cd180000)
 Metaspace       used 8280K, capacity 8646K, committed 8960K, reserved 1056768K
  class space    used 654K, capacity 690K, committed 768K, reserved 1048576K
}

