# JRE version: Java(TM) SE Runtime Environment (8.0_65-b17) (build 1.8.0_65-b17)
# Java VM: Java HotSpot(TM) 64-Bit Server VM (25.65-b01 mixed mode windows-amd64 compressed oops)
Heap:
 PSYoungGen      total 52736K, used 27971K [0x000000076b800000, 0x00000007a8e80000, 0x00000007c0000000)
  eden space 52224K, 53% used [0x000000076b800000,0x000000076d310e28,0x000000076eb00000)
  from space 512K, 50% used [0x00000007a8e00000,0x00000007a8e40000,0x00000007a8e80000)
  to   space 512K, 0% used [0x00000007a8d80000,0x00000007a8d80000,0x00000007a8e00000)
 ParOldGen       total 173568K, used 17752K [0x00000006c2800000, 0x00000006cd180000, 0x000000076b800000)
  object space 173568K, 10% used [0x00000006c2800000,0x00000006c3956260,0x00000006cd180000)
 Metaspace       used 8392K, capacity 8774K, committed 8960K, reserved 1056768K
  class space    used 662K, capacity 690K, committed 768K, reserved 1048576K
GC Heap History (10 events):
Event: 24.315 GC heap before
{Heap before GC invocations=112 (full 0):
 PSYoungGen      total 46080K, used 45792K [0x000000076b800000, 0x00000007a8e80000, 0x00000007c0000000)
  eden space 45568K, 100% used [0x000000076b800000,0x000000076e480000,0x000000076e480000)
  from space 512K, 43% used [0x00000007a8d80000,0x00000007a8db8000,0x00000007a8e00000)
  to   space 512K, 0% used [0x00000007a8e00000,0x00000007a8e00000,0x00000007a8e80000)
 ParOldGen       total 173568K, used 17712K [0x00000006c2800000, 0x00000006cd180000, 0x000000076b800000)
  object space 173568K, 10% used [0x00000006c2800000,0x00000006c394c260,0x00000006cd180000)
 Metaspace       used 8391K, capacity 8774K, committed 8960K, reserved 1056768K
  class space    used 662K, capacity 690K, committed 768K, reserved 1048576K
Event: 24.316 GC heap after
Heap after GC invocations=112 (full 0):
 PSYoungGen      total 45568K, used 256K [0x000000076b800000, 0x00000007a8e80000, 0x00000007c0000000)
  eden space 45056K, 0% used [0x000000076b800000,0x000000076b800000,0x000000076e400000)
  from space 512K, 50% used [0x00000007a8e00000,0x00000007a8e40000,0x00000007a8e80000)
  to   space 512K, 0% used [0x00000007a8d80000,0x00000007a8d80000,0x00000007a8e00000)
 ParOldGen       total 173568K, used 17712K [0x00000006c2800000, 0x00000006cd180000, 0x000000076b800000)
  object space 173568K, 10% used [0x00000006c2800000,0x00000006c394c260,0x00000006cd180000)
 Metaspace       used 8391K, capacity 8774K, committed 8960K, reserved 1056768K
  class space    used 662K, capacity 690K, committed 768K, reserved 1048576K
}
Event: 24.370 GC heap before
{Heap before GC invocations=113 (full 0):
 PSYoungGen      total 45568K, used 45312K [0x000000076b800000, 0x00000007a8e80000, 0x00000007c0000000)
  eden space 45056K, 100% used [0x000000076b800000,0x000000076e400000,0x000000076e400000)
  from space 512K, 50% used [0x00000007a8e00000,0x00000007a8e40000,0x00000007a8e80000)
  to   space 512K, 0% used [0x00000007a8d80000,0x00000007a8d80000,0x00000007a8e00000)
 ParOldGen       total 173568K, used 17712K [0x00000006c2800000, 0x00000006cd180000, 0x000000076b800000)
  object space 173568K, 10% used [0x00000006c2800000,0x00000006c394c260,0x00000006cd180000)
 Metaspace       used 8392K, capacity 8774K, committed 8960K, reserved 1056768K
  class space    used 662K, capacity 690K, committed 768K, reserved 1048576K
Event: 24.371 GC heap after
Heap after GC invocations=113 (full 0):
 PSYoungGen      total 45056K, used 224K [0x000000076b800000, 0x00000007a8e80000, 0x00000007c0000000)
  eden space 44544K, 0% used [0x000000076b800000,0x000000076b800000,0x000000076e380000)
  from space 512K, 43% used [0x00000007a8d80000,0x00000007a8db8000,0x00000007a8e00000)
  to   space 512K, 0% used [0x00000007a8e00000,0x00000007a8e00000,0x00000007a8e80000)
 ParOldGen       total 173568K, used 17712K [0x00000006c2800000, 0x00000006cd180000, 0x000000076b800000)
  object space 173568K, 10% used [0x00000006c2800000,0x00000006c394c260,0x00000006cd180000)
 Metaspace       used 8392K, capacity 8774K, committed 8960K, reserved 1056768K
  class space    used 662K, capacity 690K, committed 768K, reserved 1048576K
}
Event: 24.419 GC heap before
{Heap before GC invocations=114 (full 0):
 PSYoungGen      total 45056K, used 44768K [0x000000076b800000, 0x00000007a8e80000, 0x00000007c0000000)
  eden space 44544K, 100% used [0x000000076b800000,0x000000076e380000,0x000000076e380000)
  from space 512K, 43% used [0x00000007a8d80000,0x00000007a8db8000,0x00000007a8e00000)
  to   space 512K, 0% used [0x00000007a8e00000,0x00000007a8e00000,0x00000007a8e80000)
 ParOldGen       total 173568K, used 17712K [0x00000006c2800000, 0x00000006cd180000, 0x000000076b800000)
  object space 173568K, 10% used [0x00000006c2800000,0x00000006c394c260,0x00000006cd180000)
 Metaspace       used 8392K, capacity 8774K, committed 8960K, reserved 1056768K
  class space    used 662K, capacity 690K, committed 768K, reserved 1048576K
Event: 24.420 GC heap after
Heap after GC invocations=114 (full 0):
 PSYoungGen      total 44544K, used 224K [0x000000076b800000, 0x00000007a8e80000, 0x00000007c0000000)
  eden space 44032K, 0% used [0x000000076b800000,0x000000076b800000,0x000000076e300000)
  from space 512K, 43% used [0x00000007a8e00000,0x00000007a8e38000,0x00000007a8e80000)
  to   space 512K, 0% used [0x00000007a8d80000,0x00000007a8d80000,0x00000007a8e00000)
 ParOldGen       total 173568K, used 17752K [0x00000006c2800000, 0x00000006cd180000, 0x000000076b800000)
  object space 173568K, 10% used [0x00000006c2800000,0x00000006c3956260,0x00000006cd180000)
 Metaspace       used 8392K, capacity 8774K, committed 8960K, reserved 1056768K
  class space    used 662K, capacity 690K, committed 768K, reserved 1048576K
}
Event: 24.452 GC heap before
{Heap before GC invocations=115 (full 0):
 PSYoungGen      total 44544K, used 44256K [0x000000076b800000, 0x00000007a8e80000, 0x00000007c0000000)
  eden space 44032K, 100% used [0x000000076b800000,0x000000076e300000,0x000000076e300000)
  from space 512K, 43% used [0x00000007a8e00000,0x00000007a8e38000,0x00000007a8e80000)
  to   space 512K, 0% used [0x00000007a8d80000,0x00000007a8d80000,0x00000007a8e00000)
 ParOldGen       total 173568K, used 17752K [0x00000006c2800000, 0x00000006cd180000, 0x000000076b800000)
  object space 173568K, 10% used [0x00000006c2800000,0x00000006c3956260,0x00000006cd180000)
 Metaspace       used 8392K, capacity 8774K, committed 8960K, reserved 1056768K
  class space    used 662K, capacity 690K, committed 768K, reserved 1048576K
Event: 24.453 GC heap after
Heap after GC invocations=115 (full 0):
 PSYoungGen      total 53760K, used 224K [0x000000076b800000, 0x00000007a8e80000, 0x00000007c0000000)
  eden space 53248K, 0% used [0x000000076b800000,0x000000076b800000,0x000000076ec00000)
  from space 512K, 43% used [0x00000007a8d80000,0x00000007a8db8000,0x00000007a8e00000)
  to   space 512K, 0% used [0x00000007a8e00000,0x00000007a8e00000,0x00000007a8e80000)
 ParOldGen       total 173568K, used 17752K [0x00000006c2800000, 0x00000006cd180000, 0x000000076b800000)
  object space 173568K, 10% used [0x00000006c2800000,0x00000006c3956260,0x00000006cd180000)
 Metaspace       used 8392K, capacity 8774K, committed 8960K, reserved 1056768K
  class space    used 662K, capacity 690K, committed 768K, reserved 1048576K
}
Event: 24.513 GC heap before
{Heap before GC invocations=116 (full 0):
 PSYoungGen      total 53760K, used 53472K [0x000000076b800000, 0x00000007a8e80000, 0x00000007c0000000)
  eden space 53248K, 100% used [0x000000076b800000,0x000000076ec00000,0x000000076ec00000)
  from space 512K, 43% used [0x00000007a8d80000,0x00000007a8db8000,0x00000007a8e00000)
  to   space 512K, 0% used [0x00000007a8e00000,0x00000007a8e00000,0x00000007a8e80000)
 ParOldGen       total 173568K, used 17752K [0x00000006c2800000, 0x00000006cd180000, 0x000000076b800000)
  object space 173568K, 10% used [0x00000006c2800000,0x00000006c3956260,0x00000006cd180000)
 Metaspace       used 8392K, capacity 8774K, committed 8960K, reserved 1056768K
  class space    used 662K, capacity 690K, committed 768K, reserved 1048576K
Event: 24.514 GC heap after
Heap after GC invocations=116 (full 0):
 PSYoungGen      total 52736K, used 256K [0x000000076b800000, 0x00000007a8e80000, 0x00000007c0000000)
  eden space 52224K, 0% used [0x000000076b800000,0x000000076b800000,0x000000076eb00000)
  from space 512K, 50% used [0x00000007a8e00000,0x00000007a8e40000,0x00000007a8e80000)
  to   space 512K, 0% used [0x00000007a8d80000,0x00000007a8d80000,0x00000007a8e00000)
 ParOldGen       total 173568K, used 17752K [0x00000006c2800000, 0x00000006cd180000, 0x000000076b800000)
  object space 173568K, 10% used [0x00000006c2800000,0x00000006c3956260,0x00000006cd180000)
 Metaspace       used 8392K, capacity 8774K, committed 8960K, reserved 1056768K
  class space    used 662K, capacity 690K, committed 768K, reserved 1048576K
}

