# JRE version: Java(TM) SE Runtime Environment (8.0_65-b17) (build 1.8.0_65-b17)
# Java VM: Java HotSpot(TM) 64-Bit Server VM (25.65-b01 mixed mode windows-amd64 compressed oops)
Heap:
 PSYoungGen      total 628736K, used 311511K [0x000000076b800000, 0x00000007bbe80000, 0x00000007c0000000)
  eden space 623616K, 49% used [0x000000076b800000,0x000000077e805e60,0x0000000791900000)
  from space 5120K, 3% used [0x00000007bb480000,0x00000007bb4b0000,0x00000007bb980000)
  to   space 4608K, 0% used [0x00000007bba00000,0x00000007bba00000,0x00000007bbe80000)
 ParOldGen       total 173568K, used 9229K [0x00000006c2800000, 0x00000006cd180000, 0x000000076b800000)
  object space 173568K, 5% used [0x00000006c2800000,0x00000006c3103568,0x00000006cd180000)
 Metaspace       used 8317K, capacity 8710K, committed 8960K, reserved 1056768K
  class space    used 658K, capacity 690K, committed 768K, reserved 1048576K
GC Heap History (10 events):
Event: 2.823 GC heap before
{Heap before GC invocations=13 (full 0):
 PSYoungGen      total 787968K, used 787648K [0x000000076b800000, 0x00000007bc800000, 0x00000007c0000000)
  eden space 787456K, 100% used [0x000000076b800000,0x000000079b900000,0x000000079b900000)
  from space 512K, 37% used [0x00000007bc780000,0x00000007bc7b0000,0x00000007bc800000)
  to   space 5632K, 0% used [0x00000007bbd00000,0x00000007bbd00000,0x00000007bc280000)
 ParOldGen       total 173568K, used 9213K [0x00000006c2800000, 0x00000006cd180000, 0x000000076b800000)
  object space 173568K, 5% used [0x00000006c2800000,0x00000006c30ff568,0x00000006cd180000)
 Metaspace       used 8299K, capacity 8710K, committed 8960K, reserved 1056768K
  class space    used 658K, capacity 690K, committed 768K, reserved 1048576K
Event: 2.824 GC heap after
Heap after GC invocations=13 (full 0):
 PSYoungGen      total 756736K, used 224K [0x000000076b800000, 0x00000007bc800000, 0x00000007c0000000)
  eden space 751104K, 0% used [0x000000076b800000,0x000000076b800000,0x0000000799580000)
  from space 5632K, 3% used [0x00000007bbd00000,0x00000007bbd38000,0x00000007bc280000)
  to   space 5632K, 0% used [0x00000007bc280000,0x00000007bc280000,0x00000007bc800000)
 ParOldGen       total 173568K, used 9221K [0x00000006c2800000, 0x00000006cd180000, 0x000000076b800000)
  object space 173568K, 5% used [0x00000006c2800000,0x00000006c3101568,0x00000006cd180000)
 Metaspace       used 8299K, capacity 8710K, committed 8960K, reserved 1056768K
  class space    used 658K, capacity 690K, committed 768K, reserved 1048576K
}
Event: 3.142 GC heap before
{Heap before GC invocations=14 (full 0):
 PSYoungGen      total 756736K, used 751328K [0x000000076b800000, 0x00000007bc800000, 0x00000007c0000000)
  eden space 751104K, 100% used [0x000000076b800000,0x0000000799580000,0x0000000799580000)
  from space 5632K, 3% used [0x00000007bbd00000,0x00000007bbd38000,0x00000007bc280000)
  to   space 5632K, 0% used [0x00000007bc280000,0x00000007bc280000,0x00000007bc800000)
 ParOldGen       total 173568K, used 9221K [0x00000006c2800000, 0x00000006cd180000, 0x000000076b800000)
  object space 173568K, 5% used [0x00000006c2800000,0x00000006c3101568,0x00000006cd180000)
 Metaspace       used 8307K, capacity 8710K, committed 8960K, reserved 1056768K
  class space    used 658K, capacity 690K, committed 768K, reserved 1048576K
Event: 3.142 GC heap after
Heap after GC invocations=14 (full 0):
 PSYoungGen      total 717312K, used 224K [0x000000076b800000, 0x00000007bc300000, 0x00000007c0000000)
  eden space 716800K, 0% used [0x000000076b800000,0x000000076b800000,0x0000000797400000)
  from space 512K, 43% used [0x00000007bc280000,0x00000007bc2b8000,0x00000007bc300000)
  to   space 5120K, 0% used [0x00000007bb900000,0x00000007bb900000,0x00000007bbe00000)
 ParOldGen       total 173568K, used 9229K [0x00000006c2800000, 0x00000006cd180000, 0x000000076b800000)
  object space 173568K, 5% used [0x00000006c2800000,0x00000006c3103568,0x00000006cd180000)
 Metaspace       used 8307K, capacity 8710K, committed 8960K, reserved 1056768K
  class space    used 658K, capacity 690K, committed 768K, reserved 1048576K
}
Event: 3.448 GC heap before
{Heap before GC invocations=15 (full 0):
 PSYoungGen      total 717312K, used 717024K [0x000000076b800000, 0x00000007bc300000, 0x00000007c0000000)
  eden space 716800K, 100% used [0x000000076b800000,0x0000000797400000,0x0000000797400000)
  from space 512K, 43% used [0x00000007bc280000,0x00000007bc2b8000,0x00000007bc300000)
  to   space 5120K, 0% used [0x00000007bb900000,0x00000007bb900000,0x00000007bbe00000)
 ParOldGen       total 173568K, used 9229K [0x00000006c2800000, 0x00000006cd180000, 0x000000076b800000)
  object space 173568K, 5% used [0x00000006c2800000,0x00000006c3103568,0x00000006cd180000)
 Metaspace       used 8310K, capacity 8710K, committed 8960K, reserved 1056768K
  class space    used 658K, capacity 690K, committed 768K, reserved 1048576K
Event: 3.449 GC heap after
Heap after GC invocations=15 (full 0):
 PSYoungGen      total 689152K, used 224K [0x000000076b800000, 0x00000007bc300000, 0x00000007c0000000)
  eden space 684032K, 0% used [0x000000076b800000,0x000000076b800000,0x0000000795400000)
  from space 5120K, 4% used [0x00000007bb900000,0x00000007bb938000,0x00000007bbe00000)
  to   space 5120K, 0% used [0x00000007bbe00000,0x00000007bbe00000,0x00000007bc300000)
 ParOldGen       total 173568K, used 9229K [0x00000006c2800000, 0x00000006cd180000, 0x000000076b800000)
  object space 173568K, 5% used [0x00000006c2800000,0x00000006c3103568,0x00000006cd180000)
 Metaspace       used 8310K, capacity 8710K, committed 8960K, reserved 1056768K
  class space    used 658K, capacity 690K, committed 768K, reserved 1048576K
}
Event: 3.740 GC heap before
{Heap before GC invocations=16 (full 0):
 PSYoungGen      total 689152K, used 684256K [0x000000076b800000, 0x00000007bc300000, 0x00000007c0000000)
  eden space 684032K, 100% used [0x000000076b800000,0x0000000795400000,0x0000000795400000)
  from space 5120K, 4% used [0x00000007bb900000,0x00000007bb938000,0x00000007bbe00000)
  to   space 5120K, 0% used [0x00000007bbe00000,0x00000007bbe00000,0x00000007bc300000)
 ParOldGen       total 173568K, used 9229K [0x00000006c2800000, 0x00000006cd180000, 0x000000076b800000)
  object space 173568K, 5% used [0x00000006c2800000,0x00000006c3103568,0x00000006cd180000)
 Metaspace       used 8314K, capacity 8710K, committed 8960K, reserved 1056768K
  class space    used 658K, capacity 690K, committed 768K, reserved 1048576K
Event: 3.741 GC heap after
Heap after GC invocations=16 (full 0):
 PSYoungGen      total 653312K, used 224K [0x000000076b800000, 0x00000007bbe80000, 0x00000007c0000000)
  eden space 652800K, 0% used [0x000000076b800000,0x000000076b800000,0x0000000793580000)
  from space 512K, 43% used [0x00000007bbe00000,0x00000007bbe38000,0x00000007bbe80000)
  to   space 5120K, 0% used [0x00000007bb480000,0x00000007bb480000,0x00000007bb980000)
 ParOldGen       total 173568K, used 9229K [0x00000006c2800000, 0x00000006cd180000, 0x000000076b800000)
  object space 173568K, 5% used [0x00000006c2800000,0x00000006c3103568,0x00000006cd180000)
 Metaspace       used 8314K, capacity 8710K, committed 8960K, reserved 1056768K
  class space    used 658K, capacity 690K, committed 768K, reserved 1048576K
}
Event: 4.016 GC heap before
{Heap before GC invocations=17 (full 0):
 PSYoungGen      total 653312K, used 653024K [0x000000076b800000, 0x00000007bbe80000, 0x00000007c0000000)
  eden space 652800K, 100% used [0x000000076b800000,0x0000000793580000,0x0000000793580000)
  from space 512K, 43% used [0x00000007bbe00000,0x00000007bbe38000,0x00000007bbe80000)
  to   space 5120K, 0% used [0x00000007bb480000,0x00000007bb480000,0x00000007bb980000)
 ParOldGen       total 173568K, used 9229K [0x00000006c2800000, 0x00000006cd180000, 0x000000076b800000)
  object space 173568K, 5% used [0x00000006c2800000,0x00000006c3103568,0x00000006cd180000)
 Metaspace       used 8316K, capacity 8710K, committed 8960K, reserved 1056768K
  class space    used 658K, capacity 690K, committed 768K, reserved 1048576K
Event: 4.017 GC heap after
Heap after GC invocations=17 (full 0):
 PSYoungGen      total 628736K, used 192K [0x000000076b800000, 0x00000007bbe80000, 0x00000007c0000000)
  eden space 623616K, 0% used [0x000000076b800000,0x000000076b800000,0x0000000791900000)
  from space 5120K, 3% used [0x00000007bb480000,0x00000007bb4b0000,0x00000007bb980000)
  to   space 4608K, 0% used [0x00000007bba00000,0x00000007bba00000,0x00000007bbe80000)
 ParOldGen       total 173568K, used 9229K [0x00000006c2800000, 0x00000006cd180000, 0x000000076b800000)
  object space 173568K, 5% used [0x00000006c2800000,0x00000006c3103568,0x00000006cd180000)
 Metaspace       used 8316K, capacity 8710K, committed 8960K, reserved 1056768K
  class space    used 658K, capacity 690K, committed 768K, reserved 1048576K
}

