# JRE version: Java(TM) SE Runtime Environment (8.0_65-b17) (build 1.8.0_65-b17)
# Java VM: Java HotSpot(TM) 64-Bit Server VM (25.65-b01 mixed mode windows-amd64 compressed oops)
Heap:
 PSYoungGen      total 441856K, used 224872K [0x000000076b800000, 0x00000007b9e80000, 0x00000007c0000000)
  eden space 441344K, 50% used [0x000000076b800000,0x000000077936a2b0,0x0000000786700000)
  from space 512K, 37% used [0x00000007b9e00000,0x00000007b9e30000,0x00000007b9e80000)
  to   space 3072K, 0% used [0x00000007b9880000,0x00000007b9880000,0x00000007b9b80000)
 ParOldGen       total 173568K, used 37119K [0x00000006c2800000, 0x00000006cd180000, 0x000000076b800000)
  object space 173568K, 21% used [0x00000006c2800000,0x00000006c4c3fc78,0x00000006cd180000)
 Metaspace       used 8344K, capacity 8710K, committed 8960K, reserved 1056768K
  class space    used 659K, capacity 690K, committed 768K, reserved 1048576K
GC Heap History (10 events):
Event: 18.445 GC heap before
{Heap before GC invocations=36 (full 0):
 PSYoungGen      total 556544K, used 552064K [0x000000076b800000, 0x00000007ba780000, 0x00000007c0000000)
  eden space 551936K, 100% used [0x000000076b800000,0x000000078d300000,0x000000078d300000)
  from space 4608K, 2% used [0x00000007b9e80000,0x00000007b9ea0000,0x00000007ba300000)
  to   space 4096K, 0% used [0x00000007ba380000,0x00000007ba380000,0x00000007ba780000)
 ParOldGen       total 173568K, used 37103K [0x00000006c2800000, 0x00000006cd180000, 0x000000076b800000)
  object space 173568K, 21% used [0x00000006c2800000,0x00000006c4c3bc78,0x00000006cd180000)
 Metaspace       used 8344K, capacity 8710K, committed 8960K, reserved 1056768K
  class space    used 659K, capacity 690K, committed 768K, reserved 1048576K
Event: 18.446 GC heap after
Heap after GC invocations=36 (full 0):
 PSYoungGen      total 527872K, used 192K [0x000000076b800000, 0x00000007ba400000, 0x00000007c0000000)
  eden space 527360K, 0% used [0x000000076b800000,0x000000076b800000,0x000000078bb00000)
  from space 512K, 37% used [0x00000007ba380000,0x00000007ba3b0000,0x00000007ba400000)
  to   space 4096K, 0% used [0x00000007b9c00000,0x00000007b9c00000,0x00000007ba000000)
 ParOldGen       total 173568K, used 37103K [0x00000006c2800000, 0x00000006cd180000, 0x000000076b800000)
  object space 173568K, 21% used [0x00000006c2800000,0x00000006c4c3bc78,0x00000006cd180000)
 Metaspace       used 8344K, capacity 8710K, committed 8960K, reserved 1056768K
  class space    used 659K, capacity 690K, committed 768K, reserved 1048576K
}
Event: 18.819 GC heap before
{Heap before GC invocations=37 (full 0):
 PSYoungGen      total 527872K, used 527552K [0x000000076b800000, 0x00000007ba400000, 0x00000007c0000000)
  eden space 527360K, 100% used [0x000000076b800000,0x000000078bb00000,0x000000078bb00000)
  from space 512K, 37% used [0x00000007ba380000,0x00000007ba3b0000,0x00000007ba400000)
  to   space 4096K, 0% used [0x00000007b9c00000,0x00000007b9c00000,0x00000007ba000000)
 ParOldGen       total 173568K, used 37103K [0x00000006c2800000, 0x00000006cd180000, 0x000000076b800000)
  object space 173568K, 21% used [0x00000006c2800000,0x00000006c4c3bc78,0x00000006cd180000)
 Metaspace       used 8344K, capacity 8710K, committed 8960K, reserved 1056768K
  class space    used 659K, capacity 690K, committed 768K, reserved 1048576K
Event: 18.819 GC heap after
Heap after GC invocations=37 (full 0):
 PSYoungGen      total 508416K, used 160K [0x000000076b800000, 0x00000007ba400000, 0x00000007c0000000)
  eden space 504320K, 0% used [0x000000076b800000,0x000000076b800000,0x000000078a480000)
  from space 4096K, 3% used [0x00000007b9c00000,0x00000007b9c28000,0x00000007ba000000)
  to   space 3584K, 0% used [0x00000007ba080000,0x00000007ba080000,0x00000007ba400000)
 ParOldGen       total 173568K, used 37103K [0x00000006c2800000, 0x00000006cd180000, 0x000000076b800000)
  object space 173568K, 21% used [0x00000006c2800000,0x00000006c4c3bc78,0x00000006cd180000)
 Metaspace       used 8344K, capacity 8710K, committed 8960K, reserved 1056768K
  class space    used 659K, capacity 690K, committed 768K, reserved 1048576K
}
Event: 19.209 GC heap before
{Heap before GC invocations=38 (full 0):
 PSYoungGen      total 508416K, used 504480K [0x000000076b800000, 0x00000007ba400000, 0x00000007c0000000)
  eden space 504320K, 100% used [0x000000076b800000,0x000000078a480000,0x000000078a480000)
  from space 4096K, 3% used [0x00000007b9c00000,0x00000007b9c28000,0x00000007ba000000)
  to   space 3584K, 0% used [0x00000007ba080000,0x00000007ba080000,0x00000007ba400000)
 ParOldGen       total 173568K, used 37103K [0x00000006c2800000, 0x00000006cd180000, 0x000000076b800000)
  object space 173568K, 21% used [0x00000006c2800000,0x00000006c4c3bc78,0x00000006cd180000)
 Metaspace       used 8344K, capacity 8710K, committed 8960K, reserved 1056768K
  class space    used 659K, capacity 690K, committed 768K, reserved 1048576K
Event: 19.210 GC heap after
Heap after GC invocations=38 (full 0):
 PSYoungGen      total 482816K, used 160K [0x000000076b800000, 0x00000007ba100000, 0x00000007c0000000)
  eden space 482304K, 0% used [0x000000076b800000,0x000000076b800000,0x0000000788f00000)
  from space 512K, 31% used [0x00000007ba080000,0x00000007ba0a8000,0x00000007ba100000)
  to   space 3584K, 0% used [0x00000007b9a00000,0x00000007b9a00000,0x00000007b9d80000)
 ParOldGen       total 173568K, used 37103K [0x00000006c2800000, 0x00000006cd180000, 0x000000076b800000)
  object space 173568K, 21% used [0x00000006c2800000,0x00000006c4c3bc78,0x00000006cd180000)
 Metaspace       used 8344K, capacity 8710K, committed 8960K, reserved 1056768K
  class space    used 659K, capacity 690K, committed 768K, reserved 1048576K
}
Event: 19.732 GC heap before
{Heap before GC invocations=39 (full 0):
 PSYoungGen      total 482816K, used 482464K [0x000000076b800000, 0x00000007ba100000, 0x00000007c0000000)
  eden space 482304K, 100% used [0x000000076b800000,0x0000000788f00000,0x0000000788f00000)
  from space 512K, 31% used [0x00000007ba080000,0x00000007ba0a8000,0x00000007ba100000)
  to   space 3584K, 0% used [0x00000007b9a00000,0x00000007b9a00000,0x00000007b9d80000)
 ParOldGen       total 173568K, used 37103K [0x00000006c2800000, 0x00000006cd180000, 0x000000076b800000)
  object space 173568K, 21% used [0x00000006c2800000,0x00000006c4c3bc78,0x00000006cd180000)
 Metaspace       used 8344K, capacity 8710K, committed 8960K, reserved 1056768K
  class space    used 659K, capacity 690K, committed 768K, reserved 1048576K
Event: 19.733 GC heap after
Heap after GC invocations=39 (full 0):
 PSYoungGen      total 464896K, used 192K [0x000000076b800000, 0x00000007ba100000, 0x00000007c0000000)
  eden space 461312K, 0% used [0x000000076b800000,0x000000076b800000,0x0000000787a80000)
  from space 3584K, 5% used [0x00000007b9a00000,0x00000007b9a30000,0x00000007b9d80000)
  to   space 3072K, 0% used [0x00000007b9e00000,0x00000007b9e00000,0x00000007ba100000)
 ParOldGen       total 173568K, used 37103K [0x00000006c2800000, 0x00000006cd180000, 0x000000076b800000)
  object space 173568K, 21% used [0x00000006c2800000,0x00000006c4c3bc78,0x00000006cd180000)
 Metaspace       used 8344K, capacity 8710K, committed 8960K, reserved 1056768K
  class space    used 659K, capacity 690K, committed 768K, reserved 1048576K
}
Event: 20.134 GC heap before
{Heap before GC invocations=40 (full 0):
 PSYoungGen      total 464896K, used 461504K [0x000000076b800000, 0x00000007ba100000, 0x00000007c0000000)
  eden space 461312K, 100% used [0x000000076b800000,0x0000000787a80000,0x0000000787a80000)
  from space 3584K, 5% used [0x00000007b9a00000,0x00000007b9a30000,0x00000007b9d80000)
  to   space 3072K, 0% used [0x00000007b9e00000,0x00000007b9e00000,0x00000007ba100000)
 ParOldGen       total 173568K, used 37103K [0x00000006c2800000, 0x00000006cd180000, 0x000000076b800000)
  object space 173568K, 21% used [0x00000006c2800000,0x00000006c4c3bc78,0x00000006cd180000)
 Metaspace       used 8344K, capacity 8710K, committed 8960K, reserved 1056768K
  class space    used 659K, capacity 690K, committed 768K, reserved 1048576K
Event: 20.135 GC heap after
Heap after GC invocations=40 (full 0):
 PSYoungGen      total 441856K, used 192K [0x000000076b800000, 0x00000007b9e80000, 0x00000007c0000000)
  eden space 441344K, 0% used [0x000000076b800000,0x000000076b800000,0x0000000786700000)
  from space 512K, 37% used [0x00000007b9e00000,0x00000007b9e30000,0x00000007b9e80000)
  to   space 3072K, 0% used [0x00000007b9880000,0x00000007b9880000,0x00000007b9b80000)
 ParOldGen       total 173568K, used 37119K [0x00000006c2800000, 0x00000006cd180000, 0x000000076b800000)
  object space 173568K, 21% used [0x00000006c2800000,0x00000006c4c3fc78,0x00000006cd180000)
 Metaspace       used 8344K, capacity 8710K, committed 8960K, reserved 1056768K
  class space    used 659K, capacity 690K, committed 768K, reserved 1048576K
}

