# JRE version: Java(TM) SE Runtime Environment (8.0_65-b17) (build 1.8.0_65-b17)
# Java VM: Java HotSpot(TM) 64-Bit Server VM (25.65-b01 mixed mode windows-amd64 compressed oops)
Heap:
 PSYoungGen      total 792576K, used 95227K [0x000000076b800000, 0x00000007ab600000, 0x00000007c0000000)
  eden space 792064K, 11% used [0x000000076b800000,0x00000007714c6d78,0x000000079bd80000)
  from space 512K, 43% used [0x00000007ab580000,0x00000007ab5b8000,0x00000007ab600000)
  to   space 5120K, 0% used [0x00000007aac00000,0x00000007aac00000,0x00000007ab100000)
 ParOldGen       total 173568K, used 13241K [0x00000006c2800000, 0x00000006cd180000, 0x000000076b800000)
  object space 173568K, 7% used [0x00000006c2800000,0x00000006c34ee420,0x00000006cd180000)
 Metaspace       used 8372K, capacity 8774K, committed 8960K, reserved 1056768K
  class space    used 661K, capacity 690K, committed 768K, reserved 1048576K
GC Heap History (10 events):
Event: 3.245 GC heap before
{Heap before GC invocations=16 (full 0):
 PSYoungGen      total 1005568K, used 1005280K [0x000000076b800000, 0x00000007ac500000, 0x00000007c0000000)
  eden space 1005056K, 100% used [0x000000076b800000,0x00000007a8d80000,0x00000007a8d80000)
  from space 512K, 43% used [0x00000007abe00000,0x00000007abe38000,0x00000007abe80000)
  to   space 6144K, 0% used [0x00000007abf00000,0x00000007abf00000,0x00000007ac500000)
 ParOldGen       total 173568K, used 13153K [0x00000006c2800000, 0x00000006cd180000, 0x000000076b800000)
  object space 173568K, 7% used [0x00000006c2800000,0x00000006c34d8420,0x00000006cd180000)
 Metaspace       used 8361K, capacity 8774K, committed 8960K, reserved 1056768K
  class space    used 661K, capacity 690K, committed 768K, reserved 1048576K
Event: 3.246 GC heap after
Heap after GC invocations=16 (full 0):
 PSYoungGen      total 958464K, used 224K [0x000000076b800000, 0x00000007abf80000, 0x00000007c0000000)
  eden space 957952K, 0% used [0x000000076b800000,0x000000076b800000,0x00000007a5f80000)
  from space 512K, 43% used [0x00000007abf00000,0x00000007abf38000,0x00000007abf80000)
  to   space 6144K, 0% used [0x00000007ab380000,0x00000007ab380000,0x00000007ab980000)
 ParOldGen       total 173568K, used 13153K [0x00000006c2800000, 0x00000006cd180000, 0x000000076b800000)
  object space 173568K, 7% used [0x00000006c2800000,0x00000006c34d8420,0x00000006cd180000)
 Metaspace       used 8361K, capacity 8774K, committed 8960K, reserved 1056768K
  class space    used 661K, capacity 690K, committed 768K, reserved 1048576K
}
Event: 3.647 GC heap before
{Heap before GC invocations=17 (full 0):
 PSYoungGen      total 958464K, used 958176K [0x000000076b800000, 0x00000007abf80000, 0x00000007c0000000)
  eden space 957952K, 100% used [0x000000076b800000,0x00000007a5f80000,0x00000007a5f80000)
  from space 512K, 43% used [0x00000007abf00000,0x00000007abf38000,0x00000007abf80000)
  to   space 6144K, 0% used [0x00000007ab380000,0x00000007ab380000,0x00000007ab980000)
 ParOldGen       total 173568K, used 13153K [0x00000006c2800000, 0x00000006cd180000, 0x000000076b800000)
  object space 173568K, 7% used [0x00000006c2800000,0x00000006c34d8420,0x00000006cd180000)
 Metaspace       used 8371K, capacity 8774K, committed 8960K, reserved 1056768K
  class space    used 661K, capacity 690K, committed 768K, reserved 1048576K
Event: 3.648 GC heap after
Heap after GC invocations=17 (full 0):
 PSYoungGen      total 919552K, used 224K [0x000000076b800000, 0x00000007abf80000, 0x00000007c0000000)
  eden space 913408K, 0% used [0x000000076b800000,0x000000076b800000,0x00000007a3400000)
  from space 6144K, 3% used [0x00000007ab380000,0x00000007ab3b8000,0x00000007ab980000)
  to   space 5632K, 0% used [0x00000007aba00000,0x00000007aba00000,0x00000007abf80000)
 ParOldGen       total 173568K, used 13201K [0x00000006c2800000, 0x00000006cd180000, 0x000000076b800000)
  object space 173568K, 7% used [0x00000006c2800000,0x00000006c34e4420,0x00000006cd180000)
 Metaspace       used 8371K, capacity 8774K, committed 8960K, reserved 1056768K
  class space    used 661K, capacity 690K, committed 768K, reserved 1048576K
}
Event: 4.033 GC heap before
{Heap before GC invocations=18 (full 0):
 PSYoungGen      total 919552K, used 913632K [0x000000076b800000, 0x00000007abf80000, 0x00000007c0000000)
  eden space 913408K, 100% used [0x000000076b800000,0x00000007a3400000,0x00000007a3400000)
  from space 6144K, 3% used [0x00000007ab380000,0x00000007ab3b8000,0x00000007ab980000)
  to   space 5632K, 0% used [0x00000007aba00000,0x00000007aba00000,0x00000007abf80000)
 ParOldGen       total 173568K, used 13201K [0x00000006c2800000, 0x00000006cd180000, 0x000000076b800000)
  object space 173568K, 7% used [0x00000006c2800000,0x00000006c34e4420,0x00000006cd180000)
 Metaspace       used 8371K, capacity 8774K, committed 8960K, reserved 1056768K
  class space    used 661K, capacity 690K, committed 768K, reserved 1048576K
Event: 4.034 GC heap after
Heap after GC invocations=18 (full 0):
 PSYoungGen      total 871424K, used 224K [0x000000076b800000, 0x00000007aba80000, 0x00000007c0000000)
  eden space 870912K, 0% used [0x000000076b800000,0x000000076b800000,0x00000007a0a80000)
  from space 512K, 43% used [0x00000007aba00000,0x00000007aba38000,0x00000007aba80000)
  to   space 5632K, 0% used [0x00000007aaf80000,0x00000007aaf80000,0x00000007ab500000)
 ParOldGen       total 173568K, used 13209K [0x00000006c2800000, 0x00000006cd180000, 0x000000076b800000)
  object space 173568K, 7% used [0x00000006c2800000,0x00000006c34e6420,0x00000006cd180000)
 Metaspace       used 8371K, capacity 8774K, committed 8960K, reserved 1056768K
  class space    used 661K, capacity 690K, committed 768K, reserved 1048576K
}
Event: 4.399 GC heap before
{Heap before GC invocations=19 (full 0):
 PSYoungGen      total 871424K, used 871136K [0x000000076b800000, 0x00000007aba80000, 0x00000007c0000000)
  eden space 870912K, 100% used [0x000000076b800000,0x00000007a0a80000,0x00000007a0a80000)
  from space 512K, 43% used [0x00000007aba00000,0x00000007aba38000,0x00000007aba80000)
  to   space 5632K, 0% used [0x00000007aaf80000,0x00000007aaf80000,0x00000007ab500000)
 ParOldGen       total 173568K, used 13209K [0x00000006c2800000, 0x00000006cd180000, 0x000000076b800000)
  object space 173568K, 7% used [0x00000006c2800000,0x00000006c34e6420,0x00000006cd180000)
 Metaspace       used 8371K, capacity 8774K, committed 8960K, reserved 1056768K
  class space    used 661K, capacity 690K, committed 768K, reserved 1048576K
Event: 4.399 GC heap after
Heap after GC invocations=19 (full 0):
 PSYoungGen      total 836096K, used 224K [0x000000076b800000, 0x00000007aba80000, 0x00000007c0000000)
  eden space 830464K, 0% used [0x000000076b800000,0x000000076b800000,0x000000079e300000)
  from space 5632K, 3% used [0x00000007aaf80000,0x00000007aafb8000,0x00000007ab500000)
  to   space 5120K, 0% used [0x00000007ab580000,0x00000007ab580000,0x00000007aba80000)
 ParOldGen       total 173568K, used 13241K [0x00000006c2800000, 0x00000006cd180000, 0x000000076b800000)
  object space 173568K, 7% used [0x00000006c2800000,0x00000006c34ee420,0x00000006cd180000)
 Metaspace       used 8371K, capacity 8774K, committed 8960K, reserved 1056768K
  class space    used 661K, capacity 690K, committed 768K, reserved 1048576K
}
Event: 4.754 GC heap before
{Heap before GC invocations=20 (full 0):
 PSYoungGen      total 836096K, used 830688K [0x000000076b800000, 0x00000007aba80000, 0x00000007c0000000)
  eden space 830464K, 100% used [0x000000076b800000,0x000000079e300000,0x000000079e300000)
  from space 5632K, 3% used [0x00000007aaf80000,0x00000007aafb8000,0x00000007ab500000)
  to   space 5120K, 0% used [0x00000007ab580000,0x00000007ab580000,0x00000007aba80000)
 ParOldGen       total 173568K, used 13241K [0x00000006c2800000, 0x00000006cd180000, 0x000000076b800000)
  object space 173568K, 7% used [0x00000006c2800000,0x00000006c34ee420,0x00000006cd180000)
 Metaspace       used 8371K, capacity 8774K, committed 8960K, reserved 1056768K
  class space    used 661K, capacity 690K, committed 768K, reserved 1048576K
Event: 4.755 GC heap after
Heap after GC invocations=20 (full 0):
 PSYoungGen      total 792576K, used 224K [0x000000076b800000, 0x00000007ab600000, 0x00000007c0000000)
  eden space 792064K, 0% used [0x000000076b800000,0x000000076b800000,0x000000079bd80000)
  from space 512K, 43% used [0x00000007ab580000,0x00000007ab5b8000,0x00000007ab600000)
  to   space 5120K, 0% used [0x00000007aac00000,0x00000007aac00000,0x00000007ab100000)
 ParOldGen       total 173568K, used 13241K [0x00000006c2800000, 0x00000006cd180000, 0x000000076b800000)
  object space 173568K, 7% used [0x00000006c2800000,0x00000006c34ee420,0x00000006cd180000)
 Metaspace       used 8371K, capacity 8774K, committed 8960K, reserved 1056768K
  class space    used 661K, capacity 690K, committed 768K, reserved 1048576K
}

