# JRE version: Java(TM) SE Runtime Environment (8.0_65-b17) (build 1.8.0_65-b17)
# Java VM: Java HotSpot(TM) 64-Bit Server VM (25.65-b01 mixed mode windows-amd64 compressed oops)
Heap:
 PSYoungGen      total 154624K, used 92599K [0x000000076b800000, 0x000000077ac80000, 0x00000007c0000000)
  eden space 154112K, 60% used [0x000000076b800000,0x0000000771255f58,0x0000000774e80000)
  from space 512K, 18% used [0x000000077ac00000,0x000000077ac18000,0x000000077ac80000)
  to   space 2048K, 0% used [0x000000077a880000,0x000000077a880000,0x000000077aa80000)
 ParOldGen       total 173568K, used 1373K [0x00000006c2800000, 0x00000006cd180000, 0x000000076b800000)
  object space 173568K, 0% used [0x00000006c2800000,0x00000006c29576f0,0x00000006cd180000)
 Metaspace       used 8126K, capacity 8646K, committed 8960K, reserved 1056768K
  class space    used 649K, capacity 690K, committed 768K, reserved 1048576K
GC Heap History (10 events):
Event: 1.948 GC heap before
{Heap before GC invocations=16 (full 0):
 PSYoungGen      total 186880K, used 184512K [0x000000076b800000, 0x000000077b100000, 0x00000007c0000000)
  eden space 184320K, 100% used [0x000000076b800000,0x0000000776c00000,0x0000000776c00000)
  from space 2560K, 7% used [0x000000077ac00000,0x000000077ac30000,0x000000077ae80000)
  to   space 2048K, 0% used [0x000000077af00000,0x000000077af00000,0x000000077b100000)
 ParOldGen       total 173568K, used 1341K [0x00000006c2800000, 0x00000006cd180000, 0x000000076b800000)
  object space 173568K, 0% used [0x00000006c2800000,0x00000006c294f6f0,0x00000006cd180000)
 Metaspace       used 8120K, capacity 8646K, committed 8960K, reserved 1056768K
  class space    used 649K, capacity 690K, committed 768K, reserved 1048576K
Event: 1.949 GC heap after
Heap after GC invocations=16 (full 0):
 PSYoungGen      total 178176K, used 192K [0x000000076b800000, 0x000000077af80000, 0x00000007c0000000)
  eden space 177664K, 0% used [0x000000076b800000,0x000000076b800000,0x0000000776580000)
  from space 512K, 37% used [0x000000077af00000,0x000000077af30000,0x000000077af80000)
  to   space 2048K, 0% used [0x000000077ab80000,0x000000077ab80000,0x000000077ad80000)
 ParOldGen       total 173568K, used 1341K [0x00000006c2800000, 0x00000006cd180000, 0x000000076b800000)
  object space 173568K, 0% used [0x00000006c2800000,0x00000006c294f6f0,0x00000006cd180000)
 Metaspace       used 8120K, capacity 8646K, committed 8960K, reserved 1056768K
  class space    used 649K, capacity 690K, committed 768K, reserved 1048576K
}
Event: 2.029 GC heap before
{Heap before GC invocations=17 (full 0):
 PSYoungGen      total 178176K, used 177856K [0x000000076b800000, 0x000000077af80000, 0x00000007c0000000)
  eden space 177664K, 100% used [0x000000076b800000,0x0000000776580000,0x0000000776580000)
  from space 512K, 37% used [0x000000077af00000,0x000000077af30000,0x000000077af80000)
  to   space 2048K, 0% used [0x000000077ab80000,0x000000077ab80000,0x000000077ad80000)
 ParOldGen       total 173568K, used 1341K [0x00000006c2800000, 0x00000006cd180000, 0x000000076b800000)
  object space 173568K, 0% used [0x00000006c2800000,0x00000006c294f6f0,0x00000006cd180000)
 Metaspace       used 8121K, capacity 8646K, committed 8960K, reserved 1056768K
  class space    used 649K, capacity 690K, committed 768K, reserved 1048576K
Event: 2.029 GC heap after
Heap after GC invocations=17 (full 0):
 PSYoungGen      total 173568K, used 128K [0x000000076b800000, 0x000000077af80000, 0x00000007c0000000)
  eden space 171520K, 0% used [0x000000076b800000,0x000000076b800000,0x0000000775f80000)
  from space 2048K, 6% used [0x000000077ab80000,0x000000077aba0000,0x000000077ad80000)
  to   space 2048K, 0% used [0x000000077ad80000,0x000000077ad80000,0x000000077af80000)
 ParOldGen       total 173568K, used 1373K [0x00000006c2800000, 0x00000006cd180000, 0x000000076b800000)
  object space 173568K, 0% used [0x00000006c2800000,0x00000006c29576f0,0x00000006cd180000)
 Metaspace       used 8121K, capacity 8646K, committed 8960K, reserved 1056768K
  class space    used 649K, capacity 690K, committed 768K, reserved 1048576K
}
Event: 2.103 GC heap before
{Heap before GC invocations=18 (full 0):
 PSYoungGen      total 173568K, used 171648K [0x000000076b800000, 0x000000077af80000, 0x00000007c0000000)
  eden space 171520K, 100% used [0x000000076b800000,0x0000000775f80000,0x0000000775f80000)
  from space 2048K, 6% used [0x000000077ab80000,0x000000077aba0000,0x000000077ad80000)
  to   space 2048K, 0% used [0x000000077ad80000,0x000000077ad80000,0x000000077af80000)
 ParOldGen       total 173568K, used 1373K [0x00000006c2800000, 0x00000006cd180000, 0x000000076b800000)
  object space 173568K, 0% used [0x00000006c2800000,0x00000006c29576f0,0x00000006cd180000)
 Metaspace       used 8121K, capacity 8646K, committed 8960K, reserved 1056768K
  class space    used 649K, capacity 690K, committed 768K, reserved 1048576K
Event: 2.104 GC heap after
Heap after GC invocations=18 (full 0):
 PSYoungGen      total 165888K, used 128K [0x000000076b800000, 0x000000077ae00000, 0x00000007c0000000)
  eden space 165376K, 0% used [0x000000076b800000,0x000000076b800000,0x0000000775980000)
  from space 512K, 25% used [0x000000077ad80000,0x000000077ada0000,0x000000077ae00000)
  to   space 2048K, 0% used [0x000000077aa00000,0x000000077aa00000,0x000000077ac00000)
 ParOldGen       total 173568K, used 1373K [0x00000006c2800000, 0x00000006cd180000, 0x000000076b800000)
  object space 173568K, 0% used [0x00000006c2800000,0x00000006c29576f0,0x00000006cd180000)
 Metaspace       used 8121K, capacity 8646K, committed 8960K, reserved 1056768K
  class space    used 649K, capacity 690K, committed 768K, reserved 1048576K
}
Event: 2.191 GC heap before
{Heap before GC invocations=19 (full 0):
 PSYoungGen      total 165888K, used 165504K [0x000000076b800000, 0x000000077ae00000, 0x00000007c0000000)
  eden space 165376K, 100% used [0x000000076b800000,0x0000000775980000,0x0000000775980000)
  from space 512K, 25% used [0x000000077ad80000,0x000000077ada0000,0x000000077ae00000)
  to   space 2048K, 0% used [0x000000077aa00000,0x000000077aa00000,0x000000077ac00000)
 ParOldGen       total 173568K, used 1373K [0x00000006c2800000, 0x00000006cd180000, 0x000000076b800000)
  object space 173568K, 0% used [0x00000006c2800000,0x00000006c29576f0,0x00000006cd180000)
 Metaspace       used 8121K, capacity 8646K, committed 8960K, reserved 1056768K
  class space    used 649K, capacity 690K, committed 768K, reserved 1048576K
Event: 2.192 GC heap after
Heap after GC invocations=19 (full 0):
 PSYoungGen      total 161792K, used 128K [0x000000076b800000, 0x000000077ae00000, 0x00000007c0000000)
  eden space 159744K, 0% used [0x000000076b800000,0x000000076b800000,0x0000000775400000)
  from space 2048K, 6% used [0x000000077aa00000,0x000000077aa20000,0x000000077ac00000)
  to   space 2048K, 0% used [0x000000077ac00000,0x000000077ac00000,0x000000077ae00000)
 ParOldGen       total 173568K, used 1373K [0x00000006c2800000, 0x00000006cd180000, 0x000000076b800000)
  object space 173568K, 0% used [0x00000006c2800000,0x00000006c29576f0,0x00000006cd180000)
 Metaspace       used 8121K, capacity 8646K, committed 8960K, reserved 1056768K
  class space    used 649K, capacity 690K, committed 768K, reserved 1048576K
}
Event: 2.265 GC heap before
{Heap before GC invocations=20 (full 0):
 PSYoungGen      total 161792K, used 159872K [0x000000076b800000, 0x000000077ae00000, 0x00000007c0000000)
  eden space 159744K, 100% used [0x000000076b800000,0x0000000775400000,0x0000000775400000)
  from space 2048K, 6% used [0x000000077aa00000,0x000000077aa20000,0x000000077ac00000)
  to   space 2048K, 0% used [0x000000077ac00000,0x000000077ac00000,0x000000077ae00000)
 ParOldGen       total 173568K, used 1373K [0x00000006c2800000, 0x00000006cd180000, 0x000000076b800000)
  object space 173568K, 0% used [0x00000006c2800000,0x00000006c29576f0,0x00000006cd180000)
 Metaspace       used 8125K, capacity 8646K, committed 8960K, reserved 1056768K
  class space    used 649K, capacity 690K, committed 768K, reserved 1048576K
Event: 2.266 GC heap after
Heap after GC invocations=20 (full 0):
 PSYoungGen      total 154624K, used 96K [0x000000076b800000, 0x000000077ac80000, 0x00000007c0000000)
  eden space 154112K, 0% used [0x000000076b800000,0x000000076b800000,0x0000000774e80000)
  from space 512K, 18% used [0x000000077ac00000,0x000000077ac18000,0x000000077ac80000)
  to   space 2048K, 0% used [0x000000077a880000,0x000000077a880000,0x000000077aa80000)
 ParOldGen       total 173568K, used 1373K [0x00000006c2800000, 0x00000006cd180000, 0x000000076b800000)
  object space 173568K, 0% used [0x00000006c2800000,0x00000006c29576f0,0x00000006cd180000)
 Metaspace       used 8125K, capacity 8646K, committed 8960K, reserved 1056768K
  class space    used 649K, capacity 690K, committed 768K, reserved 1048576K
}

