# JRE version: Java(TM) SE Runtime Environment (8.0_65-b17) (build 1.8.0_65-b17)
# Java VM: Java HotSpot(TM) 64-Bit Server VM (25.65-b01 mixed mode windows-amd64 compressed oops)
Heap:
 PSYoungGen      total 58880K, used 45599K [0x000000076b800000, 0x0000000791080000, 0x00000007c0000000)
  eden space 58368K, 78% used [0x000000076b800000,0x000000076e4e88d0,0x000000076f100000)
  from space 512K, 43% used [0x0000000791000000,0x0000000791038000,0x0000000791080000)
  to   space 512K, 0% used [0x0000000790f80000,0x0000000790f80000,0x0000000791000000)
 ParOldGen       total 173568K, used 14592K [0x00000006c2800000, 0x00000006cd180000, 0x000000076b800000)
  object space 173568K, 8% used [0x00000006c2800000,0x00000006c36403d0,0x00000006cd180000)
 Metaspace       used 8402K, capacity 8774K, committed 8960K, reserved 1056768K
  class space    used 662K, capacity 690K, committed 768K, reserved 1048576K
GC Heap History (10 events):
Event: 80.137 GC heap before
{Heap before GC invocations=1194 (full 0):
 PSYoungGen      total 64512K, used 64224K [0x000000076b800000, 0x0000000791080000, 0x00000007c0000000)
  eden space 64000K, 100% used [0x000000076b800000,0x000000076f680000,0x000000076f680000)
  from space 512K, 43% used [0x0000000790f80000,0x0000000790fb8000,0x0000000791000000)
  to   space 512K, 0% used [0x0000000791000000,0x0000000791000000,0x0000000791080000)
 ParOldGen       total 173568K, used 14592K [0x00000006c2800000, 0x00000006cd180000, 0x000000076b800000)
  object space 173568K, 8% used [0x00000006c2800000,0x00000006c36403d0,0x00000006cd180000)
 Metaspace       used 8401K, capacity 8774K, committed 8960K, reserved 1056768K
  class space    used 662K, capacity 690K, committed 768K, reserved 1048576K
Event: 80.138 GC heap after
Heap after GC invocations=1194 (full 0):
 PSYoungGen      total 62976K, used 224K [0x000000076b800000, 0x0000000791080000, 0x00000007c0000000)
  eden space 62464K, 0% used [0x000000076b800000,0x000000076b800000,0x000000076f500000)
  from space 512K, 43% used [0x0000000791000000,0x0000000791038000,0x0000000791080000)
  to   space 512K, 0% used [0x0000000790f80000,0x0000000790f80000,0x0000000791000000)
 ParOldGen       total 173568K, used 14592K [0x00000006c2800000, 0x00000006cd180000, 0x000000076b800000)
  object space 173568K, 8% used [0x00000006c2800000,0x00000006c36403d0,0x00000006cd180000)
 Metaspace       used 8401K, capacity 8774K, committed 8960K, reserved 1056768K
  class space    used 662K, capacity 690K, committed 768K, reserved 1048576K
}
Event: 80.207 GC heap before
{Heap before GC invocations=1195 (full 0):
 PSYoungGen      total 62976K, used 62688K [0x000000076b800000, 0x0000000791080000, 0x00000007c0000000)
  eden space 62464K, 100% used [0x000000076b800000,0x000000076f500000,0x000000076f500000)
  from space 512K, 43% used [0x0000000791000000,0x0000000791038000,0x0000000791080000)
  to   space 512K, 0% used [0x0000000790f80000,0x0000000790f80000,0x0000000791000000)
 ParOldGen       total 173568K, used 14592K [0x00000006c2800000, 0x00000006cd180000, 0x000000076b800000)
  object space 173568K, 8% used [0x00000006c2800000,0x00000006c36403d0,0x00000006cd180000)
 Metaspace       used 8401K, capacity 8774K, committed 8960K, reserved 1056768K
  class space    used 662K, capacity 690K, committed 768K, reserved 1048576K
Event: 80.207 GC heap after
Heap after GC invocations=1195 (full 0):
 PSYoungGen      total 61952K, used 224K [0x000000076b800000, 0x0000000791080000, 0x00000007c0000000)
  eden space 61440K, 0% used [0x000000076b800000,0x000000076b800000,0x000000076f400000)
  from space 512K, 43% used [0x0000000790f80000,0x0000000790fb8000,0x0000000791000000)
  to   space 512K, 0% used [0x0000000791000000,0x0000000791000000,0x0000000791080000)
 ParOldGen       total 173568K, used 14592K [0x00000006c2800000, 0x00000006cd180000, 0x000000076b800000)
  object space 173568K, 8% used [0x00000006c2800000,0x00000006c36403d0,0x00000006cd180000)
 Metaspace       used 8401K, capacity 8774K, committed 8960K, reserved 1056768K
  class space    used 662K, capacity 690K, committed 768K, reserved 1048576K
}
Event: 80.266 GC heap before
{Heap before GC invocations=1196 (full 0):
 PSYoungGen      total 61952K, used 61664K [0x000000076b800000, 0x0000000791080000, 0x00000007c0000000)
  eden space 61440K, 100% used [0x000000076b800000,0x000000076f400000,0x000000076f400000)
  from space 512K, 43% used [0x0000000790f80000,0x0000000790fb8000,0x0000000791000000)
  to   space 512K, 0% used [0x0000000791000000,0x0000000791000000,0x0000000791080000)
 ParOldGen       total 173568K, used 14592K [0x00000006c2800000, 0x00000006cd180000, 0x000000076b800000)
  object space 173568K, 8% used [0x00000006c2800000,0x00000006c36403d0,0x00000006cd180000)
 Metaspace       used 8401K, capacity 8774K, committed 8960K, reserved 1056768K
  class space    used 662K, capacity 690K, committed 768K, reserved 1048576K
Event: 80.267 GC heap after
Heap after GC invocations=1196 (full 0):
 PSYoungGen      total 60928K, used 224K [0x000000076b800000, 0x0000000791080000, 0x00000007c0000000)
  eden space 60416K, 0% used [0x000000076b800000,0x000000076b800000,0x000000076f300000)
  from space 512K, 43% used [0x0000000791000000,0x0000000791038000,0x0000000791080000)
  to   space 512K, 0% used [0x0000000790f80000,0x0000000790f80000,0x0000000791000000)
 ParOldGen       total 173568K, used 14592K [0x00000006c2800000, 0x00000006cd180000, 0x000000076b800000)
  object space 173568K, 8% used [0x00000006c2800000,0x00000006c36403d0,0x00000006cd180000)
 Metaspace       used 8401K, capacity 8774K, committed 8960K, reserved 1056768K
  class space    used 662K, capacity 690K, committed 768K, reserved 1048576K
}
Event: 80.322 GC heap before
{Heap before GC invocations=1197 (full 0):
 PSYoungGen      total 60928K, used 60640K [0x000000076b800000, 0x0000000791080000, 0x00000007c0000000)
  eden space 60416K, 100% used [0x000000076b800000,0x000000076f300000,0x000000076f300000)
  from space 512K, 43% used [0x0000000791000000,0x0000000791038000,0x0000000791080000)
  to   space 512K, 0% used [0x0000000790f80000,0x0000000790f80000,0x0000000791000000)
 ParOldGen       total 173568K, used 14592K [0x00000006c2800000, 0x00000006cd180000, 0x000000076b800000)
  object space 173568K, 8% used [0x00000006c2800000,0x00000006c36403d0,0x00000006cd180000)
 Metaspace       used 8401K, capacity 8774K, committed 8960K, reserved 1056768K
  class space    used 662K, capacity 690K, committed 768K, reserved 1048576K
Event: 80.323 GC heap after
Heap after GC invocations=1197 (full 0):
 PSYoungGen      total 59904K, used 224K [0x000000076b800000, 0x0000000791080000, 0x00000007c0000000)
  eden space 59392K, 0% used [0x000000076b800000,0x000000076b800000,0x000000076f200000)
  from space 512K, 43% used [0x0000000790f80000,0x0000000790fb8000,0x0000000791000000)
  to   space 512K, 0% used [0x0000000791000000,0x0000000791000000,0x0000000791080000)
 ParOldGen       total 173568K, used 14592K [0x00000006c2800000, 0x00000006cd180000, 0x000000076b800000)
  object space 173568K, 8% used [0x00000006c2800000,0x00000006c36403d0,0x00000006cd180000)
 Metaspace       used 8401K, capacity 8774K, committed 8960K, reserved 1056768K
  class space    used 662K, capacity 690K, committed 768K, reserved 1048576K
}
Event: 80.376 GC heap before
{Heap before GC invocations=1198 (full 0):
 PSYoungGen      total 59904K, used 59616K [0x000000076b800000, 0x0000000791080000, 0x00000007c0000000)
  eden space 59392K, 100% used [0x000000076b800000,0x000000076f200000,0x000000076f200000)
  from space 512K, 43% used [0x0000000790f80000,0x0000000790fb8000,0x0000000791000000)
  to   space 512K, 0% used [0x0000000791000000,0x0000000791000000,0x0000000791080000)
 ParOldGen       total 173568K, used 14592K [0x00000006c2800000, 0x00000006cd180000, 0x000000076b800000)
  object space 173568K, 8% used [0x00000006c2800000,0x00000006c36403d0,0x00000006cd180000)
 Metaspace       used 8401K, capacity 8774K, committed 8960K, reserved 1056768K
  class space    used 662K, capacity 690K, committed 768K, reserved 1048576K
Event: 80.377 GC heap after
Heap after GC invocations=1198 (full 0):
 PSYoungGen      total 58880K, used 224K [0x000000076b800000, 0x0000000791080000, 0x00000007c0000000)
  eden space 58368K, 0% used [0x000000076b800000,0x000000076b800000,0x000000076f100000)
  from space 512K, 43% used [0x0000000791000000,0x0000000791038000,0x0000000791080000)
  to   space 512K, 0% used [0x0000000790f80000,0x0000000790f80000,0x0000000791000000)
 ParOldGen       total 173568K, used 14592K [0x00000006c2800000, 0x00000006cd180000, 0x000000076b800000)
  object space 173568K, 8% used [0x00000006c2800000,0x00000006c36403d0,0x00000006cd180000)
 Metaspace       used 8401K, capacity 8774K, committed 8960K, reserved 1056768K
  class space    used 662K, capacity 690K, committed 768K, reserved 1048576K
}

