# JRE version: Java(TM) SE Runtime Environment (8.0_65-b17) (build 1.8.0_65-b17)
# Java VM: Java HotSpot(TM) 64-Bit Server VM (25.65-b01 mixed mode windows-amd64 compressed oops)
Heap:
 PSYoungGen      total 171520K, used 3504K [0x000000076b800000, 0x0000000784800000, 0x00000007c0000000)
  eden space 171008K, 1% used [0x000000076b800000,0x000000076bb540e0,0x0000000775f00000)
  from space 512K, 18% used [0x0000000784780000,0x0000000784798000,0x0000000784800000)
  to   space 2048K, 0% used [0x0000000784400000,0x0000000784400000,0x0000000784600000)
 ParOldGen       total 173568K, used 1299K [0x00000006c2800000, 0x00000006cd180000, 0x000000076b800000)
  object space 173568K, 0% used [0x00000006c2800000,0x00000006c2944ca8,0x00000006cd180000)
 Metaspace       used 7987K, capacity 8550K, committed 8704K, reserved 1056768K
  class space    used 642K, capacity 658K, committed 768K, reserved 1048576K
GC Heap History (10 events):
Event: 3.199 GC heap before
{Heap before GC invocations=15 (full 0):
 PSYoungGen      total 213504K, used 213024K [0x000000076b800000, 0x0000000784c80000, 0x00000007c0000000)
  eden space 212992K, 100% used [0x000000076b800000,0x0000000778800000,0x0000000778800000)
  from space 512K, 6% used [0x0000000784c00000,0x0000000784c08000,0x0000000784c80000)
  to   space 2048K, 0% used [0x0000000784880000,0x0000000784880000,0x0000000784a80000)
 ParOldGen       total 173568K, used 1299K [0x00000006c2800000, 0x00000006cd180000, 0x000000076b800000)
  object space 173568K, 0% used [0x00000006c2800000,0x00000006c2944ca8,0x00000006cd180000)
 Metaspace       used 7987K, capacity 8550K, committed 8704K, reserved 1056768K
  class space    used 642K, capacity 658K, committed 768K, reserved 1048576K
Event: 3.199 GC heap after
Heap after GC invocations=15 (full 0):
 PSYoungGen      total 207360K, used 64K [0x000000076b800000, 0x0000000784c80000, 0x00000007c0000000)
  eden space 205312K, 0% used [0x000000076b800000,0x000000076b800000,0x0000000778080000)
  from space 2048K, 3% used [0x0000000784880000,0x0000000784890000,0x0000000784a80000)
  to   space 2048K, 0% used [0x0000000784a80000,0x0000000784a80000,0x0000000784c80000)
 ParOldGen       total 173568K, used 1299K [0x00000006c2800000, 0x00000006cd180000, 0x000000076b800000)
  object space 173568K, 0% used [0x00000006c2800000,0x00000006c2944ca8,0x00000006cd180000)
 Metaspace       used 7987K, capacity 8550K, committed 8704K, reserved 1056768K
  class space    used 642K, capacity 658K, committed 768K, reserved 1048576K
}
Event: 3.532 GC heap before
{Heap before GC invocations=16 (full 0):
 PSYoungGen      total 207360K, used 205376K [0x000000076b800000, 0x0000000784c80000, 0x00000007c0000000)
  eden space 205312K, 100% used [0x000000076b800000,0x0000000778080000,0x0000000778080000)
  from space 2048K, 3% used [0x0000000784880000,0x0000000784890000,0x0000000784a80000)
  to   space 2048K, 0% used [0x0000000784a80000,0x0000000784a80000,0x0000000784c80000)
 ParOldGen       total 173568K, used 1299K [0x00000006c2800000, 0x00000006cd180000, 0x000000076b800000)
  object space 173568K, 0% used [0x00000006c2800000,0x00000006c2944ca8,0x00000006cd180000)
 Metaspace       used 7987K, capacity 8550K, committed 8704K, reserved 1056768K
  class space    used 642K, capacity 658K, committed 768K, reserved 1048576K
Event: 3.532 GC heap after
Heap after GC invocations=16 (full 0):
 PSYoungGen      total 198144K, used 64K [0x000000076b800000, 0x0000000784b00000, 0x00000007c0000000)
  eden space 197632K, 0% used [0x000000076b800000,0x000000076b800000,0x0000000777900000)
  from space 512K, 12% used [0x0000000784a80000,0x0000000784a90000,0x0000000784b00000)
  to   space 2048K, 0% used [0x0000000784700000,0x0000000784700000,0x0000000784900000)
 ParOldGen       total 173568K, used 1299K [0x00000006c2800000, 0x00000006cd180000, 0x000000076b800000)
  object space 173568K, 0% used [0x00000006c2800000,0x00000006c2944ca8,0x00000006cd180000)
 Metaspace       used 7987K, capacity 8550K, committed 8704K, reserved 1056768K
  class space    used 642K, capacity 658K, committed 768K, reserved 1048576K
}
Event: 3.868 GC heap before
{Heap before GC invocations=17 (full 0):
 PSYoungGen      total 198144K, used 197696K [0x000000076b800000, 0x0000000784b00000, 0x00000007c0000000)
  eden space 197632K, 100% used [0x000000076b800000,0x0000000777900000,0x0000000777900000)
  from space 512K, 12% used [0x0000000784a80000,0x0000000784a90000,0x0000000784b00000)
  to   space 2048K, 0% used [0x0000000784700000,0x0000000784700000,0x0000000784900000)
 ParOldGen       total 173568K, used 1299K [0x00000006c2800000, 0x00000006cd180000, 0x000000076b800000)
  object space 173568K, 0% used [0x00000006c2800000,0x00000006c2944ca8,0x00000006cd180000)
 Metaspace       used 7987K, capacity 8550K, committed 8704K, reserved 1056768K
  class space    used 642K, capacity 658K, committed 768K, reserved 1048576K
Event: 3.868 GC heap after
Heap after GC invocations=17 (full 0):
 PSYoungGen      total 192512K, used 64K [0x000000076b800000, 0x0000000784b00000, 0x00000007c0000000)
  eden space 190464K, 0% used [0x000000076b800000,0x000000076b800000,0x0000000777200000)
  from space 2048K, 3% used [0x0000000784700000,0x0000000784710000,0x0000000784900000)
  to   space 2048K, 0% used [0x0000000784900000,0x0000000784900000,0x0000000784b00000)
 ParOldGen       total 173568K, used 1299K [0x00000006c2800000, 0x00000006cd180000, 0x000000076b800000)
  object space 173568K, 0% used [0x00000006c2800000,0x00000006c2944ca8,0x00000006cd180000)
 Metaspace       used 7987K, capacity 8550K, committed 8704K, reserved 1056768K
  class space    used 642K, capacity 658K, committed 768K, reserved 1048576K
}
Event: 4.140 GC heap before
{Heap before GC invocations=18 (full 0):
 PSYoungGen      total 192512K, used 190528K [0x000000076b800000, 0x0000000784b00000, 0x00000007c0000000)
  eden space 190464K, 100% used [0x000000076b800000,0x0000000777200000,0x0000000777200000)
  from space 2048K, 3% used [0x0000000784700000,0x0000000784710000,0x0000000784900000)
  to   space 2048K, 0% used [0x0000000784900000,0x0000000784900000,0x0000000784b00000)
 ParOldGen       total 173568K, used 1299K [0x00000006c2800000, 0x00000006cd180000, 0x000000076b800000)
  object space 173568K, 0% used [0x00000006c2800000,0x00000006c2944ca8,0x00000006cd180000)
 Metaspace       used 7987K, capacity 8550K, committed 8704K, reserved 1056768K
  class space    used 642K, capacity 658K, committed 768K, reserved 1048576K
Event: 4.140 GC heap after
Heap after GC invocations=18 (full 0):
 PSYoungGen      total 184320K, used 64K [0x000000076b800000, 0x0000000784980000, 0x00000007c0000000)
  eden space 183808K, 0% used [0x000000076b800000,0x000000076b800000,0x0000000776b80000)
  from space 512K, 12% used [0x0000000784900000,0x0000000784910000,0x0000000784980000)
  to   space 2048K, 0% used [0x0000000784580000,0x0000000784580000,0x0000000784780000)
 ParOldGen       total 173568K, used 1299K [0x00000006c2800000, 0x00000006cd180000, 0x000000076b800000)
  object space 173568K, 0% used [0x00000006c2800000,0x00000006c2944ca8,0x00000006cd180000)
 Metaspace       used 7987K, capacity 8550K, committed 8704K, reserved 1056768K
  class space    used 642K, capacity 658K, committed 768K, reserved 1048576K
}
Event: 4.447 GC heap before
{Heap before GC invocations=19 (full 0):
 PSYoungGen      total 184320K, used 183872K [0x000000076b800000, 0x0000000784980000, 0x00000007c0000000)
  eden space 183808K, 100% used [0x000000076b800000,0x0000000776b80000,0x0000000776b80000)
  from space 512K, 12% used [0x0000000784900000,0x0000000784910000,0x0000000784980000)
  to   space 2048K, 0% used [0x0000000784580000,0x0000000784580000,0x0000000784780000)
 ParOldGen       total 173568K, used 1299K [0x00000006c2800000, 0x00000006cd180000, 0x000000076b800000)
  object space 173568K, 0% used [0x00000006c2800000,0x00000006c2944ca8,0x00000006cd180000)
 Metaspace       used 7987K, capacity 8550K, committed 8704K, reserved 1056768K
  class space    used 642K, capacity 658K, committed 768K, reserved 1048576K
Event: 4.447 GC heap after
Heap after GC invocations=19 (full 0):
 PSYoungGen      total 179200K, used 64K [0x000000076b800000, 0x0000000784980000, 0x00000007c0000000)
  eden space 177152K, 0% used [0x000000076b800000,0x000000076b800000,0x0000000776500000)
  from space 2048K, 3% used [0x0000000784580000,0x0000000784590000,0x0000000784780000)
  to   space 2048K, 0% used [0x0000000784780000,0x0000000784780000,0x0000000784980000)
 ParOldGen       total 173568K, used 1299K [0x00000006c2800000, 0x00000006cd180000, 0x000000076b800000)
  object space 173568K, 0% used [0x00000006c2800000,0x00000006c2944ca8,0x00000006cd180000)
 Metaspace       used 7987K, capacity 8550K, committed 8704K, reserved 1056768K
  class space    used 642K, capacity 658K, committed 768K, reserved 1048576K
}

