# JRE version: Java(TM) SE Runtime Environment (8.0_65-b17) (build 1.8.0_65-b17)
# Java VM: Java HotSpot(TM) 64-Bit Server VM (25.65-b01 mixed mode windows-amd64 compressed oops)
Heap:
 PSYoungGen      total 48128K, used 31611K [0x000000076b800000, 0x0000000791780000, 0x00000007c0000000)
  eden space 47616K, 65% used [0x000000076b800000,0x000000076d6a6d50,0x000000076e680000)
  from space 512K, 43% used [0x0000000791700000,0x0000000791738000,0x0000000791780000)
  to   space 512K, 0% used [0x0000000791680000,0x0000000791680000,0x0000000791700000)
 ParOldGen       total 173568K, used 11148K [0x00000006c2800000, 0x00000006cd180000, 0x000000076b800000)
  object space 173568K, 6% used [0x00000006c2800000,0x00000006c32e3060,0x00000006cd180000)
 Metaspace       used 8387K, capacity 8774K, committed 8960K, reserved 1056768K
  class space    used 662K, capacity 690K, committed 768K, reserved 1048576K
GC Heap History (10 events):
Event: 26.014 GC heap before
{Heap before GC invocations=270 (full 0):
 PSYoungGen      total 53248K, used 52960K [0x000000076b800000, 0x0000000791780000, 0x00000007c0000000)
  eden space 52736K, 100% used [0x000000076b800000,0x000000076eb80000,0x000000076eb80000)
  from space 512K, 43% used [0x0000000791680000,0x00000007916b8000,0x0000000791700000)
  to   space 512K, 0% used [0x0000000791700000,0x0000000791700000,0x0000000791780000)
 ParOldGen       total 173568K, used 11108K [0x00000006c2800000, 0x00000006cd180000, 0x000000076b800000)
  object space 173568K, 6% used [0x00000006c2800000,0x00000006c32d9060,0x00000006cd180000)
 Metaspace       used 8386K, capacity 8774K, committed 8960K, reserved 1056768K
  class space    used 662K, capacity 690K, committed 768K, reserved 1048576K
Event: 26.015 GC heap after
Heap after GC invocations=270 (full 0):
 PSYoungGen      total 52224K, used 224K [0x000000076b800000, 0x0000000791780000, 0x00000007c0000000)
  eden space 51712K, 0% used [0x000000076b800000,0x000000076b800000,0x000000076ea80000)
  from space 512K, 43% used [0x0000000791700000,0x0000000791738000,0x0000000791780000)
  to   space 512K, 0% used [0x0000000791680000,0x0000000791680000,0x0000000791700000)
 ParOldGen       total 173568K, used 11108K [0x00000006c2800000, 0x00000006cd180000, 0x000000076b800000)
  object space 173568K, 6% used [0x00000006c2800000,0x00000006c32d9060,0x00000006cd180000)
 Metaspace       used 8386K, capacity 8774K, committed 8960K, reserved 1056768K
  class space    used 662K, capacity 690K, committed 768K, reserved 1048576K
}
Event: 26.068 GC heap before
{Heap before GC invocations=271 (full 0):
 PSYoungGen      total 52224K, used 51936K [0x000000076b800000, 0x0000000791780000, 0x00000007c0000000)
  eden space 51712K, 100% used [0x000000076b800000,0x000000076ea80000,0x000000076ea80000)
  from space 512K, 43% used [0x0000000791700000,0x0000000791738000,0x0000000791780000)
  to   space 512K, 0% used [0x0000000791680000,0x0000000791680000,0x0000000791700000)
 ParOldGen       total 173568K, used 11108K [0x00000006c2800000, 0x00000006cd180000, 0x000000076b800000)
  object space 173568K, 6% used [0x00000006c2800000,0x00000006c32d9060,0x00000006cd180000)
 Metaspace       used 8386K, capacity 8774K, committed 8960K, reserved 1056768K
  class space    used 662K, capacity 690K, committed 768K, reserved 1048576K
Event: 26.069 GC heap after
Heap after GC invocations=271 (full 0):
 PSYoungGen      total 51200K, used 192K [0x000000076b800000, 0x0000000791780000, 0x00000007c0000000)
  eden space 50688K, 0% used [0x000000076b800000,0x000000076b800000,0x000000076e980000)
  from space 512K, 37% used [0x0000000791680000,0x00000007916b0000,0x0000000791700000)
  to   space 512K, 0% used [0x0000000791700000,0x0000000791700000,0x0000000791780000)
 ParOldGen       total 173568K, used 11108K [0x00000006c2800000, 0x00000006cd180000, 0x000000076b800000)
  object space 173568K, 6% used [0x00000006c2800000,0x00000006c32d9060,0x00000006cd180000)
 Metaspace       used 8386K, capacity 8774K, committed 8960K, reserved 1056768K
  class space    used 662K, capacity 690K, committed 768K, reserved 1048576K
}
Event: 26.126 GC heap before
{Heap before GC invocations=272 (full 0):
 PSYoungGen      total 51200K, used 50880K [0x000000076b800000, 0x0000000791780000, 0x00000007c0000000)
  eden space 50688K, 100% used [0x000000076b800000,0x000000076e980000,0x000000076e980000)
  from space 512K, 37% used [0x0000000791680000,0x00000007916b0000,0x0000000791700000)
  to   space 512K, 0% used [0x0000000791700000,0x0000000791700000,0x0000000791780000)
 ParOldGen       total 173568K, used 11108K [0x00000006c2800000, 0x00000006cd180000, 0x000000076b800000)
  object space 173568K, 6% used [0x00000006c2800000,0x00000006c32d9060,0x00000006cd180000)
 Metaspace       used 8386K, capacity 8774K, committed 8960K, reserved 1056768K
  class space    used 662K, capacity 690K, committed 768K, reserved 1048576K
Event: 26.127 GC heap after
Heap after GC invocations=272 (full 0):
 PSYoungGen      total 50176K, used 128K [0x000000076b800000, 0x0000000791780000, 0x00000007c0000000)
  eden space 49664K, 0% used [0x000000076b800000,0x000000076b800000,0x000000076e880000)
  from space 512K, 25% used [0x0000000791700000,0x0000000791720000,0x0000000791780000)
  to   space 512K, 0% used [0x0000000791680000,0x0000000791680000,0x0000000791700000)
 ParOldGen       total 173568K, used 11108K [0x00000006c2800000, 0x00000006cd180000, 0x000000076b800000)
  object space 173568K, 6% used [0x00000006c2800000,0x00000006c32d9060,0x00000006cd180000)
 Metaspace       used 8386K, capacity 8774K, committed 8960K, reserved 1056768K
  class space    used 662K, capacity 690K, committed 768K, reserved 1048576K
}
Event: 26.173 GC heap before
{Heap before GC invocations=273 (full 0):
 PSYoungGen      total 50176K, used 49792K [0x000000076b800000, 0x0000000791780000, 0x00000007c0000000)
  eden space 49664K, 100% used [0x000000076b800000,0x000000076e880000,0x000000076e880000)
  from space 512K, 25% used [0x0000000791700000,0x0000000791720000,0x0000000791780000)
  to   space 512K, 0% used [0x0000000791680000,0x0000000791680000,0x0000000791700000)
 ParOldGen       total 173568K, used 11108K [0x00000006c2800000, 0x00000006cd180000, 0x000000076b800000)
  object space 173568K, 6% used [0x00000006c2800000,0x00000006c32d9060,0x00000006cd180000)
 Metaspace       used 8386K, capacity 8774K, committed 8960K, reserved 1056768K
  class space    used 662K, capacity 690K, committed 768K, reserved 1048576K
Event: 26.174 GC heap after
Heap after GC invocations=273 (full 0):
 PSYoungGen      total 49152K, used 224K [0x000000076b800000, 0x0000000791780000, 0x00000007c0000000)
  eden space 48640K, 0% used [0x000000076b800000,0x000000076b800000,0x000000076e780000)
  from space 512K, 43% used [0x0000000791680000,0x00000007916b8000,0x0000000791700000)
  to   space 512K, 0% used [0x0000000791700000,0x0000000791700000,0x0000000791780000)
 ParOldGen       total 173568K, used 11148K [0x00000006c2800000, 0x00000006cd180000, 0x000000076b800000)
  object space 173568K, 6% used [0x00000006c2800000,0x00000006c32e3060,0x00000006cd180000)
 Metaspace       used 8386K, capacity 8774K, committed 8960K, reserved 1056768K
  class space    used 662K, capacity 690K, committed 768K, reserved 1048576K
}
Event: 26.216 GC heap before
{Heap before GC invocations=274 (full 0):
 PSYoungGen      total 49152K, used 48864K [0x000000076b800000, 0x0000000791780000, 0x00000007c0000000)
  eden space 48640K, 100% used [0x000000076b800000,0x000000076e780000,0x000000076e780000)
  from space 512K, 43% used [0x0000000791680000,0x00000007916b8000,0x0000000791700000)
  to   space 512K, 0% used [0x0000000791700000,0x0000000791700000,0x0000000791780000)
 ParOldGen       total 173568K, used 11148K [0x00000006c2800000, 0x00000006cd180000, 0x000000076b800000)
  object space 173568K, 6% used [0x00000006c2800000,0x00000006c32e3060,0x00000006cd180000)
 Metaspace       used 8386K, capacity 8774K, committed 8960K, reserved 1056768K
  class space    used 662K, capacity 690K, committed 768K, reserved 1048576K
Event: 26.216 GC heap after
Heap after GC invocations=274 (full 0):
 PSYoungGen      total 48128K, used 224K [0x000000076b800000, 0x0000000791780000, 0x00000007c0000000)
  eden space 47616K, 0% used [0x000000076b800000,0x000000076b800000,0x000000076e680000)
  from space 512K, 43% used [0x0000000791700000,0x0000000791738000,0x0000000791780000)
  to   space 512K, 0% used [0x0000000791680000,0x0000000791680000,0x0000000791700000)
 ParOldGen       total 173568K, used 11148K [0x00000006c2800000, 0x00000006cd180000, 0x000000076b800000)
  object space 173568K, 6% used [0x00000006c2800000,0x00000006c32e3060,0x00000006cd180000)
 Metaspace       used 8386K, capacity 8774K, committed 8960K, reserved 1056768K
  class space    used 662K, capacity 690K, committed 768K, reserved 1048576K
}

