# JRE version: Java(TM) SE Runtime Environment (8.0_65-b17) (build 1.8.0_65-b17)
# Java VM: Java HotSpot(TM) 64-Bit Server VM (25.65-b01 mixed mode windows-amd64 compressed oops)
Heap:
 PSYoungGen      total 261632K, used 213652K [0x000000076b800000, 0x00000007baa80000, 0x00000007c0000000)
  eden space 261120K, 81% used [0x000000076b800000,0x000000077886d208,0x000000077b700000)
  from space 512K, 43% used [0x00000007baa00000,0x00000007baa38000,0x00000007baa80000)
  to   space 2048K, 0% used [0x00000007ba680000,0x00000007ba680000,0x00000007ba880000)
 ParOldGen       total 173568K, used 33406K [0x00000006c2800000, 0x00000006cd180000, 0x000000076b800000)
  object space 173568K, 19% used [0x00000006c2800000,0x00000006c489f978,0x00000006cd180000)
 Metaspace       used 8360K, capacity 8710K, committed 8960K, reserved 1056768K
  class space    used 659K, capacity 690K, committed 768K, reserved 1048576K
GC Heap History (10 events):
Event: 17.556 GC heap before
{Heap before GC invocations=42 (full 0):
 PSYoungGen      total 323072K, used 320736K [0x000000076b800000, 0x00000007baf80000, 0x00000007c0000000)
  eden space 320512K, 100% used [0x000000076b800000,0x000000077f100000,0x000000077f100000)
  from space 2560K, 8% used [0x00000007baa80000,0x00000007baab8000,0x00000007bad00000)
  to   space 2560K, 0% used [0x00000007bad00000,0x00000007bad00000,0x00000007baf80000)
 ParOldGen       total 173568K, used 33398K [0x00000006c2800000, 0x00000006cd180000, 0x000000076b800000)
  object space 173568K, 19% used [0x00000006c2800000,0x00000006c489d978,0x00000006cd180000)
 Metaspace       used 8360K, capacity 8710K, committed 8960K, reserved 1056768K
  class space    used 659K, capacity 690K, committed 768K, reserved 1048576K
Event: 17.556 GC heap after
Heap after GC invocations=42 (full 0):
 PSYoungGen      total 307712K, used 96K [0x000000076b800000, 0x00000007bad80000, 0x00000007c0000000)
  eden space 307200K, 0% used [0x000000076b800000,0x000000076b800000,0x000000077e400000)
  from space 512K, 18% used [0x00000007bad00000,0x00000007bad18000,0x00000007bad80000)
  to   space 2560K, 0% used [0x00000007ba880000,0x00000007ba880000,0x00000007bab00000)
 ParOldGen       total 173568K, used 33398K [0x00000006c2800000, 0x00000006cd180000, 0x000000076b800000)
  object space 173568K, 19% used [0x00000006c2800000,0x00000006c489d978,0x00000006cd180000)
 Metaspace       used 8360K, capacity 8710K, committed 8960K, reserved 1056768K
  class space    used 659K, capacity 690K, committed 768K, reserved 1048576K
}
Event: 17.808 GC heap before
{Heap before GC invocations=43 (full 0):
 PSYoungGen      total 307712K, used 307296K [0x000000076b800000, 0x00000007bad80000, 0x00000007c0000000)
  eden space 307200K, 100% used [0x000000076b800000,0x000000077e400000,0x000000077e400000)
  from space 512K, 18% used [0x00000007bad00000,0x00000007bad18000,0x00000007bad80000)
  to   space 2560K, 0% used [0x00000007ba880000,0x00000007ba880000,0x00000007bab00000)
 ParOldGen       total 173568K, used 33398K [0x00000006c2800000, 0x00000006cd180000, 0x000000076b800000)
  object space 173568K, 19% used [0x00000006c2800000,0x00000006c489d978,0x00000006cd180000)
 Metaspace       used 8360K, capacity 8710K, committed 8960K, reserved 1056768K
  class space    used 659K, capacity 690K, committed 768K, reserved 1048576K
Event: 17.808 GC heap after
Heap after GC invocations=43 (full 0):
 PSYoungGen      total 297472K, used 224K [0x000000076b800000, 0x00000007bad80000, 0x00000007c0000000)
  eden space 294912K, 0% used [0x000000076b800000,0x000000076b800000,0x000000077d800000)
  from space 2560K, 8% used [0x00000007ba880000,0x00000007ba8b8000,0x00000007bab00000)
  to   space 2048K, 0% used [0x00000007bab80000,0x00000007bab80000,0x00000007bad80000)
 ParOldGen       total 173568K, used 33398K [0x00000006c2800000, 0x00000006cd180000, 0x000000076b800000)
  object space 173568K, 19% used [0x00000006c2800000,0x00000006c489d978,0x00000006cd180000)
 Metaspace       used 8360K, capacity 8710K, committed 8960K, reserved 1056768K
  class space    used 659K, capacity 690K, committed 768K, reserved 1048576K
}
Event: 18.033 GC heap before
{Heap before GC invocations=44 (full 0):
 PSYoungGen      total 297472K, used 295136K [0x000000076b800000, 0x00000007bad80000, 0x00000007c0000000)
  eden space 294912K, 100% used [0x000000076b800000,0x000000077d800000,0x000000077d800000)
  from space 2560K, 8% used [0x00000007ba880000,0x00000007ba8b8000,0x00000007bab00000)
  to   space 2048K, 0% used [0x00000007bab80000,0x00000007bab80000,0x00000007bad80000)
 ParOldGen       total 173568K, used 33398K [0x00000006c2800000, 0x00000006cd180000, 0x000000076b800000)
  object space 173568K, 19% used [0x00000006c2800000,0x00000006c489d978,0x00000006cd180000)
 Metaspace       used 8360K, capacity 8710K, committed 8960K, reserved 1056768K
  class space    used 659K, capacity 690K, committed 768K, reserved 1048576K
Event: 18.034 GC heap after
Heap after GC invocations=44 (full 0):
 PSYoungGen      total 283648K, used 192K [0x000000076b800000, 0x00000007bac00000, 0x00000007c0000000)
  eden space 283136K, 0% used [0x000000076b800000,0x000000076b800000,0x000000077cc80000)
  from space 512K, 37% used [0x00000007bab80000,0x00000007babb0000,0x00000007bac00000)
  to   space 2048K, 0% used [0x00000007ba800000,0x00000007ba800000,0x00000007baa00000)
 ParOldGen       total 173568K, used 33398K [0x00000006c2800000, 0x00000006cd180000, 0x000000076b800000)
  object space 173568K, 19% used [0x00000006c2800000,0x00000006c489d978,0x00000006cd180000)
 Metaspace       used 8360K, capacity 8710K, committed 8960K, reserved 1056768K
  class space    used 659K, capacity 690K, committed 768K, reserved 1048576K
}
Event: 18.258 GC heap before
{Heap before GC invocations=45 (full 0):
 PSYoungGen      total 283648K, used 283328K [0x000000076b800000, 0x00000007bac00000, 0x00000007c0000000)
  eden space 283136K, 100% used [0x000000076b800000,0x000000077cc80000,0x000000077cc80000)
  from space 512K, 37% used [0x00000007bab80000,0x00000007babb0000,0x00000007bac00000)
  to   space 2048K, 0% used [0x00000007ba800000,0x00000007ba800000,0x00000007baa00000)
 ParOldGen       total 173568K, used 33398K [0x00000006c2800000, 0x00000006cd180000, 0x000000076b800000)
  object space 173568K, 19% used [0x00000006c2800000,0x00000006c489d978,0x00000006cd180000)
 Metaspace       used 8360K, capacity 8710K, committed 8960K, reserved 1056768K
  class space    used 659K, capacity 690K, committed 768K, reserved 1048576K
Event: 18.258 GC heap after
Heap after GC invocations=45 (full 0):
 PSYoungGen      total 273920K, used 224K [0x000000076b800000, 0x00000007bac00000, 0x00000007c0000000)
  eden space 271872K, 0% used [0x000000076b800000,0x000000076b800000,0x000000077c180000)
  from space 2048K, 10% used [0x00000007ba800000,0x00000007ba838000,0x00000007baa00000)
  to   space 2048K, 0% used [0x00000007baa00000,0x00000007baa00000,0x00000007bac00000)
 ParOldGen       total 173568K, used 33398K [0x00000006c2800000, 0x00000006cd180000, 0x000000076b800000)
  object space 173568K, 19% used [0x00000006c2800000,0x00000006c489d978,0x00000006cd180000)
 Metaspace       used 8360K, capacity 8710K, committed 8960K, reserved 1056768K
  class space    used 659K, capacity 690K, committed 768K, reserved 1048576K
}
Event: 18.528 GC heap before
{Heap before GC invocations=46 (full 0):
 PSYoungGen      total 273920K, used 272096K [0x000000076b800000, 0x00000007bac00000, 0x00000007c0000000)
  eden space 271872K, 100% used [0x000000076b800000,0x000000077c180000,0x000000077c180000)
  from space 2048K, 10% used [0x00000007ba800000,0x00000007ba838000,0x00000007baa00000)
  to   space 2048K, 0% used [0x00000007baa00000,0x00000007baa00000,0x00000007bac00000)
 ParOldGen       total 173568K, used 33398K [0x00000006c2800000, 0x00000006cd180000, 0x000000076b800000)
  object space 173568K, 19% used [0x00000006c2800000,0x00000006c489d978,0x00000006cd180000)
 Metaspace       used 8360K, capacity 8710K, committed 8960K, reserved 1056768K
  class space    used 659K, capacity 690K, committed 768K, reserved 1048576K
Event: 18.528 GC heap after
Heap after GC invocations=46 (full 0):
 PSYoungGen      total 261632K, used 224K [0x000000076b800000, 0x00000007baa80000, 0x00000007c0000000)
  eden space 261120K, 0% used [0x000000076b800000,0x000000076b800000,0x000000077b700000)
  from space 512K, 43% used [0x00000007baa00000,0x00000007baa38000,0x00000007baa80000)
  to   space 2048K, 0% used [0x00000007ba680000,0x00000007ba680000,0x00000007ba880000)
 ParOldGen       total 173568K, used 33406K [0x00000006c2800000, 0x00000006cd180000, 0x000000076b800000)
  object space 173568K, 19% used [0x00000006c2800000,0x00000006c489f978,0x00000006cd180000)
 Metaspace       used 8360K, capacity 8710K, committed 8960K, reserved 1056768K
  class space    used 659K, capacity 690K, committed 768K, reserved 1048576K
}

