# JRE version: Java(TM) SE Runtime Environment (8.0_65-b17) (build 1.8.0_65-b17)
# Java VM: Java HotSpot(TM) 64-Bit Server VM (25.65-b01 mixed mode windows-amd64 compressed oops)
Heap:
 PSYoungGen      total 185344K, used 3855K [0x000000076b800000, 0x000000077b000000, 0x00000007c0000000)
  eden space 183296K, 1% used [0x000000076b800000,0x000000076bb93d58,0x0000000776b00000)
  from space 2048K, 9% used [0x000000077ac00000,0x000000077ac30000,0x000000077ae00000)
  to   space 2048K, 0% used [0x000000077ae00000,0x000000077ae00000,0x000000077b000000)
 ParOldGen       total 173568K, used 1256K [0x00000006c2800000, 0x00000006cd180000, 0x000000076b800000)
  object space 173568K, 0% used [0x00000006c2800000,0x00000006c293a070,0x00000006cd180000)
 Metaspace       used 8134K, capacity 8710K, committed 8960K, reserved 1056768K
  class space    used 650K, capacity 690K, committed 768K, reserved 1048576K
GC Heap History (10 events):
Event: 1.959 GC heap before
{Heap before GC invocations=12 (full 0):
 PSYoungGen      total 231936K, used 229600K [0x000000076b800000, 0x000000077b580000, 0x00000007c0000000)
  eden space 229376K, 100% used [0x000000076b800000,0x0000000779800000,0x0000000779800000)
  from space 2560K, 8% used [0x000000077b080000,0x000000077b0b8000,0x000000077b300000)
  to   space 2560K, 0% used [0x000000077b300000,0x000000077b300000,0x000000077b580000)
 ParOldGen       total 173568K, used 1240K [0x00000006c2800000, 0x00000006cd180000, 0x000000076b800000)
  object space 173568K, 0% used [0x00000006c2800000,0x00000006c2936070,0x00000006cd180000)
 Metaspace       used 8117K, capacity 8646K, committed 8960K, reserved 1056768K
  class space    used 650K, capacity 690K, committed 768K, reserved 1048576K
Event: 1.960 GC heap after
Heap after GC invocations=12 (full 0):
 PSYoungGen      total 221184K, used 224K [0x000000076b800000, 0x000000077b380000, 0x00000007c0000000)
  eden space 220672K, 0% used [0x000000076b800000,0x000000076b800000,0x0000000778f80000)
  from space 512K, 43% used [0x000000077b300000,0x000000077b338000,0x000000077b380000)
  to   space 2560K, 0% used [0x000000077ae80000,0x000000077ae80000,0x000000077b100000)
 ParOldGen       total 173568K, used 1240K [0x00000006c2800000, 0x00000006cd180000, 0x000000076b800000)
  object space 173568K, 0% used [0x00000006c2800000,0x00000006c2936070,0x00000006cd180000)
 Metaspace       used 8117K, capacity 8646K, committed 8960K, reserved 1056768K
  class space    used 650K, capacity 690K, committed 768K, reserved 1048576K
}
Event: 2.196 GC heap before
{Heap before GC invocations=13 (full 0):
 PSYoungGen      total 221184K, used 220896K [0x000000076b800000, 0x000000077b380000, 0x00000007c0000000)
  eden space 220672K, 100% used [0x000000076b800000,0x0000000778f80000,0x0000000778f80000)
  from space 512K, 43% used [0x000000077b300000,0x000000077b338000,0x000000077b380000)
  to   space 2560K, 0% used [0x000000077ae80000,0x000000077ae80000,0x000000077b100000)
 ParOldGen       total 173568K, used 1240K [0x00000006c2800000, 0x00000006cd180000, 0x000000076b800000)
  object space 173568K, 0% used [0x00000006c2800000,0x00000006c2936070,0x00000006cd180000)
 Metaspace       used 8120K, capacity 8646K, committed 8960K, reserved 1056768K
  class space    used 650K, capacity 690K, committed 768K, reserved 1048576K
Event: 2.197 GC heap after
Heap after GC invocations=13 (full 0):
 PSYoungGen      total 215040K, used 224K [0x000000076b800000, 0x000000077b380000, 0x00000007c0000000)
  eden space 212480K, 0% used [0x000000076b800000,0x000000076b800000,0x0000000778780000)
  from space 2560K, 8% used [0x000000077ae80000,0x000000077aeb8000,0x000000077b100000)
  to   space 2560K, 0% used [0x000000077b100000,0x000000077b100000,0x000000077b380000)
 ParOldGen       total 173568K, used 1256K [0x00000006c2800000, 0x00000006cd180000, 0x000000076b800000)
  object space 173568K, 0% used [0x00000006c2800000,0x00000006c293a070,0x00000006cd180000)
 Metaspace       used 8120K, capacity 8646K, committed 8960K, reserved 1056768K
  class space    used 650K, capacity 690K, committed 768K, reserved 1048576K
}
Event: 2.417 GC heap before
{Heap before GC invocations=14 (full 0):
 PSYoungGen      total 215040K, used 212704K [0x000000076b800000, 0x000000077b380000, 0x00000007c0000000)
  eden space 212480K, 100% used [0x000000076b800000,0x0000000778780000,0x0000000778780000)
  from space 2560K, 8% used [0x000000077ae80000,0x000000077aeb8000,0x000000077b100000)
  to   space 2560K, 0% used [0x000000077b100000,0x000000077b100000,0x000000077b380000)
 ParOldGen       total 173568K, used 1256K [0x00000006c2800000, 0x00000006cd180000, 0x000000076b800000)
  object space 173568K, 0% used [0x00000006c2800000,0x00000006c293a070,0x00000006cd180000)
 Metaspace       used 8121K, capacity 8646K, committed 8960K, reserved 1056768K
  class space    used 650K, capacity 690K, committed 768K, reserved 1048576K
Event: 2.418 GC heap after
Heap after GC invocations=14 (full 0):
 PSYoungGen      total 205312K, used 192K [0x000000076b800000, 0x000000077b180000, 0x00000007c0000000)
  eden space 204800K, 0% used [0x000000076b800000,0x000000076b800000,0x0000000778000000)
  from space 512K, 37% used [0x000000077b100000,0x000000077b130000,0x000000077b180000)
  to   space 2560K, 0% used [0x000000077ac80000,0x000000077ac80000,0x000000077af00000)
 ParOldGen       total 173568K, used 1256K [0x00000006c2800000, 0x00000006cd180000, 0x000000076b800000)
  object space 173568K, 0% used [0x00000006c2800000,0x00000006c293a070,0x00000006cd180000)
 Metaspace       used 8121K, capacity 8646K, committed 8960K, reserved 1056768K
  class space    used 650K, capacity 690K, committed 768K, reserved 1048576K
}
Event: 2.642 GC heap before
{Heap before GC invocations=15 (full 0):
 PSYoungGen      total 205312K, used 204992K [0x000000076b800000, 0x000000077b180000, 0x00000007c0000000)
  eden space 204800K, 100% used [0x000000076b800000,0x0000000778000000,0x0000000778000000)
  from space 512K, 37% used [0x000000077b100000,0x000000077b130000,0x000000077b180000)
  to   space 2560K, 0% used [0x000000077ac80000,0x000000077ac80000,0x000000077af00000)
 ParOldGen       total 173568K, used 1256K [0x00000006c2800000, 0x00000006cd180000, 0x000000076b800000)
  object space 173568K, 0% used [0x00000006c2800000,0x00000006c293a070,0x00000006cd180000)
 Metaspace       used 8122K, capacity 8646K, committed 8960K, reserved 1056768K
  class space    used 650K, capacity 690K, committed 768K, reserved 1048576K
Event: 2.642 GC heap after
Heap after GC invocations=15 (full 0):
 PSYoungGen      total 199680K, used 224K [0x000000076b800000, 0x000000077b180000, 0x00000007c0000000)
  eden space 197120K, 0% used [0x000000076b800000,0x000000076b800000,0x0000000777880000)
  from space 2560K, 8% used [0x000000077ac80000,0x000000077acb8000,0x000000077af00000)
  to   space 2048K, 0% used [0x000000077af80000,0x000000077af80000,0x000000077b180000)
 ParOldGen       total 173568K, used 1256K [0x00000006c2800000, 0x00000006cd180000, 0x000000076b800000)
  object space 173568K, 0% used [0x00000006c2800000,0x00000006c293a070,0x00000006cd180000)
 Metaspace       used 8122K, capacity 8646K, committed 8960K, reserved 1056768K
  class space    used 650K, capacity 690K, committed 768K, reserved 1048576K
}
Event: 2.892 GC heap before
{Heap before GC invocations=16 (full 0):
 PSYoungGen      total 199680K, used 197344K [0x000000076b800000, 0x000000077b180000, 0x00000007c0000000)
  eden space 197120K, 100% used [0x000000076b800000,0x0000000777880000,0x0000000777880000)
  from space 2560K, 8% used [0x000000077ac80000,0x000000077acb8000,0x000000077af00000)
  to   space 2048K, 0% used [0x000000077af80000,0x000000077af80000,0x000000077b180000)
 ParOldGen       total 173568K, used 1256K [0x00000006c2800000, 0x00000006cd180000, 0x000000076b800000)
  object space 173568K, 0% used [0x00000006c2800000,0x00000006c293a070,0x00000006cd180000)
 Metaspace       used 8134K, capacity 8710K, committed 8960K, reserved 1056768K
  class space    used 650K, capacity 690K, committed 768K, reserved 1048576K
Event: 2.893 GC heap after
Heap after GC invocations=16 (full 0):
 PSYoungGen      total 190464K, used 160K [0x000000076b800000, 0x000000077b000000, 0x00000007c0000000)
  eden space 189952K, 0% used [0x000000076b800000,0x000000076b800000,0x0000000777180000)
  from space 512K, 31% used [0x000000077af80000,0x000000077afa8000,0x000000077b000000)
  to   space 2048K, 0% used [0x000000077ac00000,0x000000077ac00000,0x000000077ae00000)
 ParOldGen       total 173568K, used 1256K [0x00000006c2800000, 0x00000006cd180000, 0x000000076b800000)
  object space 173568K, 0% used [0x00000006c2800000,0x00000006c293a070,0x00000006cd180000)
 Metaspace       used 8134K, capacity 8710K, committed 8960K, reserved 1056768K
  class space    used 650K, capacity 690K, committed 768K, reserved 1048576K
}

