# JRE version: Java(TM) SE Runtime Environment (8.0_65-b17) (build 1.8.0_65-b17)
# Java VM: Java HotSpot(TM) 64-Bit Server VM (25.65-b01 mixed mode windows-amd64 compressed oops)
Heap:
 PSYoungGen      total 1324032K, used 491995K [0x000000076b800000, 0x00000007bd200000, 0x00000007c0000000)
  eden space 1310720K, 37% used [0x000000076b800000,0x000000078983ece0,0x00000007bb800000)
  from space 13312K, 1% used [0x00000007bc500000,0x00000007bc538000,0x00000007bd200000)
  to   space 13312K, 0% used [0x00000007bb800000,0x00000007bb800000,0x00000007bc500000)
 ParOldGen       total 173568K, used 25632K [0x00000006c2800000, 0x00000006cd180000, 0x000000076b800000)
  object space 173568K, 14% used [0x00000006c2800000,0x00000006c4108070,0x00000006cd180000)
 Metaspace       used 8376K, capacity 8774K, committed 8960K, reserved 1056768K
  class space    used 661K, capacity 690K, committed 768K, reserved 1048576K
GC Heap History (10 events):
Event: 1.401 GC heap before
{Heap before GC invocations=8 (full 0):
 PSYoungGen      total 262656K, used 262638K [0x000000076b800000, 0x000000078c100000, 0x00000007c0000000)
  eden space 260096K, 100% used [0x000000076b800000,0x000000077b600000,0x000000077b600000)
  from space 2560K, 99% used [0x000000077b600000,0x000000077b87b858,0x000000077b880000)
  to   space 6656K, 0% used [0x000000078ba80000,0x000000078ba80000,0x000000078c100000)
 ParOldGen       total 173568K, used 6652K [0x00000006c2800000, 0x00000006cd180000, 0x000000076b800000)
  object space 173568K, 3% used [0x00000006c2800000,0x00000006c2e7f060,0x00000006cd180000)
 Metaspace       used 8237K, capacity 8646K, committed 8960K, reserved 1056768K
  class space    used 655K, capacity 690K, committed 768K, reserved 1048576K
Event: 1.418 GC heap after
Heap after GC invocations=8 (full 0):
 PSYoungGen      total 518656K, used 6649K [0x000000076b800000, 0x000000078d100000, 0x00000007c0000000)
  eden space 512000K, 0% used [0x000000076b800000,0x000000076b800000,0x000000078ac00000)
  from space 6656K, 99% used [0x000000078ba80000,0x000000078c0fe708,0x000000078c100000)
  to   space 14848K, 0% used [0x000000078ac00000,0x000000078ac00000,0x000000078ba80000)
 ParOldGen       total 173568K, used 22436K [0x00000006c2800000, 0x00000006cd180000, 0x000000076b800000)
  object space 173568K, 12% used [0x00000006c2800000,0x00000006c3de9060,0x00000006cd180000)
 Metaspace       used 8237K, capacity 8646K, committed 8960K, reserved 1056768K
  class space    used 655K, capacity 690K, committed 768K, reserved 1048576K
}
Event: 1.806 GC heap before
{Heap before GC invocations=9 (full 0):
 PSYoungGen      total 518656K, used 518649K [0x000000076b800000, 0x000000078d100000, 0x00000007c0000000)
  eden space 512000K, 100% used [0x000000076b800000,0x000000078ac00000,0x000000078ac00000)
  from space 6656K, 99% used [0x000000078ba80000,0x000000078c0fe708,0x000000078c100000)
  to   space 14848K, 0% used [0x000000078ac00000,0x000000078ac00000,0x000000078ba80000)
 ParOldGen       total 173568K, used 22436K [0x00000006c2800000, 0x00000006cd180000, 0x000000076b800000)
  object space 173568K, 12% used [0x00000006c2800000,0x00000006c3de9060,0x00000006cd180000)
 Metaspace       used 8346K, capacity 8710K, committed 8960K, reserved 1056768K
  class space    used 661K, capacity 690K, committed 768K, reserved 1048576K
Event: 1.813 GC heap after
Heap after GC invocations=9 (full 0):
 PSYoungGen      total 526848K, used 2944K [0x000000076b800000, 0x000000079f300000, 0x00000007c0000000)
  eden space 512000K, 0% used [0x000000076b800000,0x000000076b800000,0x000000078ac00000)
  from space 14848K, 19% used [0x000000078ac00000,0x000000078aee0000,0x000000078ba80000)
  to   space 13824K, 0% used [0x000000079e580000,0x000000079e580000,0x000000079f300000)
 ParOldGen       total 173568K, used 22744K [0x00000006c2800000, 0x00000006cd180000, 0x000000076b800000)
  object space 173568K, 13% used [0x00000006c2800000,0x00000006c3e36070,0x00000006cd180000)
 Metaspace       used 8346K, capacity 8710K, committed 8960K, reserved 1056768K
  class space    used 661K, capacity 690K, committed 768K, reserved 1048576K
}
Event: 2.043 GC heap before
{Heap before GC invocations=10 (full 0):
 PSYoungGen      total 526848K, used 514944K [0x000000076b800000, 0x000000079f300000, 0x00000007c0000000)
  eden space 512000K, 100% used [0x000000076b800000,0x000000078ac00000,0x000000078ac00000)
  from space 14848K, 19% used [0x000000078ac00000,0x000000078aee0000,0x000000078ba80000)
  to   space 13824K, 0% used [0x000000079e580000,0x000000079e580000,0x000000079f300000)
 ParOldGen       total 173568K, used 22744K [0x00000006c2800000, 0x00000006cd180000, 0x000000076b800000)
  object space 173568K, 13% used [0x00000006c2800000,0x00000006c3e36070,0x00000006cd180000)
 Metaspace       used 8357K, capacity 8774K, committed 8960K, reserved 1056768K
  class space    used 661K, capacity 690K, committed 768K, reserved 1048576K
Event: 2.048 GC heap after
Heap after GC invocations=10 (full 0):
 PSYoungGen      total 833024K, used 896K [0x000000076b800000, 0x000000079f300000, 0x00000007c0000000)
  eden space 819200K, 0% used [0x000000076b800000,0x000000076b800000,0x000000079d800000)
  from space 13824K, 6% used [0x000000079e580000,0x000000079e660000,0x000000079f300000)
  to   space 13824K, 0% used [0x000000079d800000,0x000000079d800000,0x000000079e580000)
 ParOldGen       total 173568K, used 24832K [0x00000006c2800000, 0x00000006cd180000, 0x000000076b800000)
  object space 173568K, 14% used [0x00000006c2800000,0x00000006c4040070,0x00000006cd180000)
 Metaspace       used 8357K, capacity 8774K, committed 8960K, reserved 1056768K
  class space    used 661K, capacity 690K, committed 768K, reserved 1048576K
}
Event: 2.402 GC heap before
{Heap before GC invocations=11 (full 0):
 PSYoungGen      total 833024K, used 820096K [0x000000076b800000, 0x000000079f300000, 0x00000007c0000000)
  eden space 819200K, 100% used [0x000000076b800000,0x000000079d800000,0x000000079d800000)
  from space 13824K, 6% used [0x000000079e580000,0x000000079e660000,0x000000079f300000)
  to   space 13824K, 0% used [0x000000079d800000,0x000000079d800000,0x000000079e580000)
 ParOldGen       total 173568K, used 24832K [0x00000006c2800000, 0x00000006cd180000, 0x000000076b800000)
  object space 173568K, 14% used [0x00000006c2800000,0x00000006c4040070,0x00000006cd180000)
 Metaspace       used 8368K, capacity 8774K, committed 8960K, reserved 1056768K
  class space    used 661K, capacity 690K, committed 768K, reserved 1048576K
Event: 2.404 GC heap after
Heap after GC invocations=11 (full 0):
 PSYoungGen      total 833024K, used 160K [0x000000076b800000, 0x00000007bd200000, 0x00000007c0000000)
  eden space 819200K, 0% used [0x000000076b800000,0x000000076b800000,0x000000079d800000)
  from space 13824K, 1% used [0x000000079d800000,0x000000079d828000,0x000000079e580000)
  to   space 13312K, 0% used [0x00000007bc500000,0x00000007bc500000,0x00000007bd200000)
 ParOldGen       total 173568K, used 25624K [0x00000006c2800000, 0x00000006cd180000, 0x000000076b800000)
  object space 173568K, 14% used [0x00000006c2800000,0x00000006c4106070,0x00000006cd180000)
 Metaspace       used 8368K, capacity 8774K, committed 8960K, reserved 1056768K
  class space    used 661K, capacity 690K, committed 768K, reserved 1048576K
}
Event: 2.764 GC heap before
{Heap before GC invocations=12 (full 0):
 PSYoungGen      total 833024K, used 819360K [0x000000076b800000, 0x00000007bd200000, 0x00000007c0000000)
  eden space 819200K, 100% used [0x000000076b800000,0x000000079d800000,0x000000079d800000)
  from space 13824K, 1% used [0x000000079d800000,0x000000079d828000,0x000000079e580000)
  to   space 13312K, 0% used [0x00000007bc500000,0x00000007bc500000,0x00000007bd200000)
 ParOldGen       total 173568K, used 25624K [0x00000006c2800000, 0x00000006cd180000, 0x000000076b800000)
  object space 173568K, 14% used [0x00000006c2800000,0x00000006c4106070,0x00000006cd180000)
 Metaspace       used 8373K, capacity 8774K, committed 8960K, reserved 1056768K
  class space    used 661K, capacity 690K, committed 768K, reserved 1048576K
Event: 2.764 GC heap after
Heap after GC invocations=12 (full 0):
 PSYoungGen      total 1324032K, used 224K [0x000000076b800000, 0x00000007bd200000, 0x00000007c0000000)
  eden space 1310720K, 0% used [0x000000076b800000,0x000000076b800000,0x00000007bb800000)
  from space 13312K, 1% used [0x00000007bc500000,0x00000007bc538000,0x00000007bd200000)
  to   space 13312K, 0% used [0x00000007bb800000,0x00000007bb800000,0x00000007bc500000)
 ParOldGen       total 173568K, used 25632K [0x00000006c2800000, 0x00000006cd180000, 0x000000076b800000)
  object space 173568K, 14% used [0x00000006c2800000,0x00000006c4108070,0x00000006cd180000)
 Metaspace       used 8373K, capacity 8774K, committed 8960K, reserved 1056768K
  class space    used 661K, capacity 690K, committed 768K, reserved 1048576K
}

