# JRE version: Java(TM) SE Runtime Environment (8.0_65-b17) (build 1.8.0_65-b17)
# Java VM: Java HotSpot(TM) 64-Bit Server VM (25.65-b01 mixed mode windows-amd64 compressed oops)
Heap:
 PSYoungGen      total 52736K, used 32436K [0x000000076b800000, 0x000000078a400000, 0x00000007c0000000)
  eden space 52224K, 62% used [0x000000076b800000,0x000000076d7a5078,0x000000076eb00000)
  from space 512K, 6% used [0x000000078a380000,0x000000078a388000,0x000000078a400000)
  to   space 512K, 0% used [0x000000078a300000,0x000000078a300000,0x000000078a380000)
 ParOldGen       total 173568K, used 1350K [0x00000006c2800000, 0x00000006cd180000, 0x000000076b800000)
  object space 173568K, 0% used [0x00000006c2800000,0x00000006c2951bc0,0x00000006cd180000)
 Metaspace       used 7994K, capacity 8550K, committed 8704K, reserved 1056768K
  class space    used 642K, capacity 658K, committed 768K, reserved 1048576K
GC Heap History (10 events):
Event: 18.013 GC heap before
{Heap before GC invocations=250 (full 0):
 PSYoungGen      total 47104K, used 46624K [0x000000076b800000, 0x000000078a400000, 0x00000007c0000000)
  eden space 46592K, 100% used [0x000000076b800000,0x000000076e580000,0x000000076e580000)
  from space 512K, 6% used [0x000000078a300000,0x000000078a308000,0x000000078a380000)
  to   space 512K, 0% used [0x000000078a380000,0x000000078a380000,0x000000078a400000)
 ParOldGen       total 173568K, used 1342K [0x00000006c2800000, 0x00000006cd180000, 0x000000076b800000)
  object space 173568K, 0% used [0x00000006c2800000,0x00000006c294fbc0,0x00000006cd180000)
 Metaspace       used 7993K, capacity 8550K, committed 8704K, reserved 1056768K
  class space    used 642K, capacity 658K, committed 768K, reserved 1048576K
Event: 18.013 GC heap after
Heap after GC invocations=250 (full 0):
 PSYoungGen      total 56832K, used 64K [0x000000076b800000, 0x000000078a400000, 0x00000007c0000000)
  eden space 56320K, 0% used [0x000000076b800000,0x000000076b800000,0x000000076ef00000)
  from space 512K, 12% used [0x000000078a380000,0x000000078a390000,0x000000078a400000)
  to   space 512K, 0% used [0x000000078a300000,0x000000078a300000,0x000000078a380000)
 ParOldGen       total 173568K, used 1342K [0x00000006c2800000, 0x00000006cd180000, 0x000000076b800000)
  object space 173568K, 0% used [0x00000006c2800000,0x00000006c294fbc0,0x00000006cd180000)
 Metaspace       used 7993K, capacity 8550K, committed 8704K, reserved 1056768K
  class space    used 642K, capacity 658K, committed 768K, reserved 1048576K
}
Event: 18.072 GC heap before
{Heap before GC invocations=251 (full 0):
 PSYoungGen      total 56832K, used 56384K [0x000000076b800000, 0x000000078a400000, 0x00000007c0000000)
  eden space 56320K, 100% used [0x000000076b800000,0x000000076ef00000,0x000000076ef00000)
  from space 512K, 12% used [0x000000078a380000,0x000000078a390000,0x000000078a400000)
  to   space 512K, 0% used [0x000000078a300000,0x000000078a300000,0x000000078a380000)
 ParOldGen       total 173568K, used 1342K [0x00000006c2800000, 0x00000006cd180000, 0x000000076b800000)
  object space 173568K, 0% used [0x00000006c2800000,0x00000006c294fbc0,0x00000006cd180000)
 Metaspace       used 7993K, capacity 8550K, committed 8704K, reserved 1056768K
  class space    used 642K, capacity 658K, committed 768K, reserved 1048576K
Event: 18.073 GC heap after
Heap after GC invocations=251 (full 0):
 PSYoungGen      total 55808K, used 32K [0x000000076b800000, 0x000000078a400000, 0x00000007c0000000)
  eden space 55296K, 0% used [0x000000076b800000,0x000000076b800000,0x000000076ee00000)
  from space 512K, 6% used [0x000000078a300000,0x000000078a308000,0x000000078a380000)
  to   space 512K, 0% used [0x000000078a380000,0x000000078a380000,0x000000078a400000)
 ParOldGen       total 173568K, used 1342K [0x00000006c2800000, 0x00000006cd180000, 0x000000076b800000)
  object space 173568K, 0% used [0x00000006c2800000,0x00000006c294fbc0,0x00000006cd180000)
 Metaspace       used 7993K, capacity 8550K, committed 8704K, reserved 1056768K
  class space    used 642K, capacity 658K, committed 768K, reserved 1048576K
}
Event: 18.132 GC heap before
{Heap before GC invocations=252 (full 0):
 PSYoungGen      total 55808K, used 55328K [0x000000076b800000, 0x000000078a400000, 0x00000007c0000000)
  eden space 55296K, 100% used [0x000000076b800000,0x000000076ee00000,0x000000076ee00000)
  from space 512K, 6% used [0x000000078a300000,0x000000078a308000,0x000000078a380000)
  to   space 512K, 0% used [0x000000078a380000,0x000000078a380000,0x000000078a400000)
 ParOldGen       total 173568K, used 1342K [0x00000006c2800000, 0x00000006cd180000, 0x000000076b800000)
  object space 173568K, 0% used [0x00000006c2800000,0x00000006c294fbc0,0x00000006cd180000)
 Metaspace       used 7993K, capacity 8550K, committed 8704K, reserved 1056768K
  class space    used 642K, capacity 658K, committed 768K, reserved 1048576K
Event: 18.132 GC heap after
Heap after GC invocations=252 (full 0):
 PSYoungGen      total 54784K, used 64K [0x000000076b800000, 0x000000078a400000, 0x00000007c0000000)
  eden space 54272K, 0% used [0x000000076b800000,0x000000076b800000,0x000000076ed00000)
  from space 512K, 12% used [0x000000078a380000,0x000000078a390000,0x000000078a400000)
  to   space 512K, 0% used [0x000000078a300000,0x000000078a300000,0x000000078a380000)
 ParOldGen       total 173568K, used 1342K [0x00000006c2800000, 0x00000006cd180000, 0x000000076b800000)
  object space 173568K, 0% used [0x00000006c2800000,0x00000006c294fbc0,0x00000006cd180000)
 Metaspace       used 7993K, capacity 8550K, committed 8704K, reserved 1056768K
  class space    used 642K, capacity 658K, committed 768K, reserved 1048576K
}
Event: 18.190 GC heap before
{Heap before GC invocations=253 (full 0):
 PSYoungGen      total 54784K, used 54336K [0x000000076b800000, 0x000000078a400000, 0x00000007c0000000)
  eden space 54272K, 100% used [0x000000076b800000,0x000000076ed00000,0x000000076ed00000)
  from space 512K, 12% used [0x000000078a380000,0x000000078a390000,0x000000078a400000)
  to   space 512K, 0% used [0x000000078a300000,0x000000078a300000,0x000000078a380000)
 ParOldGen       total 173568K, used 1342K [0x00000006c2800000, 0x00000006cd180000, 0x000000076b800000)
  object space 173568K, 0% used [0x00000006c2800000,0x00000006c294fbc0,0x00000006cd180000)
 Metaspace       used 7993K, capacity 8550K, committed 8704K, reserved 1056768K
  class space    used 642K, capacity 658K, committed 768K, reserved 1048576K
Event: 18.191 GC heap after
Heap after GC invocations=253 (full 0):
 PSYoungGen      total 53760K, used 64K [0x000000076b800000, 0x000000078a400000, 0x00000007c0000000)
  eden space 53248K, 0% used [0x000000076b800000,0x000000076b800000,0x000000076ec00000)
  from space 512K, 12% used [0x000000078a300000,0x000000078a310000,0x000000078a380000)
  to   space 512K, 0% used [0x000000078a380000,0x000000078a380000,0x000000078a400000)
 ParOldGen       total 173568K, used 1342K [0x00000006c2800000, 0x00000006cd180000, 0x000000076b800000)
  object space 173568K, 0% used [0x00000006c2800000,0x00000006c294fbc0,0x00000006cd180000)
 Metaspace       used 7993K, capacity 8550K, committed 8704K, reserved 1056768K
  class space    used 642K, capacity 658K, committed 768K, reserved 1048576K
}
Event: 18.239 GC heap before
{Heap before GC invocations=254 (full 0):
 PSYoungGen      total 53760K, used 53312K [0x000000076b800000, 0x000000078a400000, 0x00000007c0000000)
  eden space 53248K, 100% used [0x000000076b800000,0x000000076ec00000,0x000000076ec00000)
  from space 512K, 12% used [0x000000078a300000,0x000000078a310000,0x000000078a380000)
  to   space 512K, 0% used [0x000000078a380000,0x000000078a380000,0x000000078a400000)
 ParOldGen       total 173568K, used 1342K [0x00000006c2800000, 0x00000006cd180000, 0x000000076b800000)
  object space 173568K, 0% used [0x00000006c2800000,0x00000006c294fbc0,0x00000006cd180000)
 Metaspace       used 7993K, capacity 8550K, committed 8704K, reserved 1056768K
  class space    used 642K, capacity 658K, committed 768K, reserved 1048576K
Event: 18.239 GC heap after
Heap after GC invocations=254 (full 0):
 PSYoungGen      total 52736K, used 32K [0x000000076b800000, 0x000000078a400000, 0x00000007c0000000)
  eden space 52224K, 0% used [0x000000076b800000,0x000000076b800000,0x000000076eb00000)
  from space 512K, 6% used [0x000000078a380000,0x000000078a388000,0x000000078a400000)
  to   space 512K, 0% used [0x000000078a300000,0x000000078a300000,0x000000078a380000)
 ParOldGen       total 173568K, used 1350K [0x00000006c2800000, 0x00000006cd180000, 0x000000076b800000)
  object space 173568K, 0% used [0x00000006c2800000,0x00000006c2951bc0,0x00000006cd180000)
 Metaspace       used 7993K, capacity 8550K, committed 8704K, reserved 1056768K
  class space    used 642K, capacity 658K, committed 768K, reserved 1048576K
}

