# JRE version: Java(TM) SE Runtime Environment (8.0_65-b17) (build 1.8.0_65-b17)
# Java VM: Java HotSpot(TM) 64-Bit Server VM (25.65-b01 mixed mode windows-amd64 compressed oops)
Heap:
 PSYoungGen      total 165888K, used 41632K [0x000000076b800000, 0x000000077ae80000, 0x00000007c0000000)
  eden space 165376K, 25% used [0x000000076b800000,0x000000076e080158,0x0000000775980000)
  from space 512K, 31% used [0x000000077ae00000,0x000000077ae28000,0x000000077ae80000)
  to   space 2048K, 0% used [0x000000077aa80000,0x000000077aa80000,0x000000077ac80000)
 ParOldGen       total 173568K, used 1339K [0x00000006c2800000, 0x00000006cd180000, 0x000000076b800000)
  object space 173568K, 0% used [0x00000006c2800000,0x00000006c294eca0,0x00000006cd180000)
 Metaspace       used 8239K, capacity 8646K, committed 8960K, reserved 1056768K
  class space    used 655K, capacity 690K, committed 768K, reserved 1048576K
GC Heap History (10 events):
Event: 2.181 GC heap before
{Heap before GC invocations=14 (full 0):
 PSYoungGen      total 200704K, used 198400K [0x000000076b800000, 0x000000077b380000, 0x00000007c0000000)
  eden space 198144K, 100% used [0x000000076b800000,0x0000000777980000,0x0000000777980000)
  from space 2560K, 10% used [0x000000077ae80000,0x000000077aec0000,0x000000077b100000)
  to   space 2560K, 0% used [0x000000077b100000,0x000000077b100000,0x000000077b380000)
 ParOldGen       total 173568K, used 1331K [0x00000006c2800000, 0x00000006cd180000, 0x000000076b800000)
  object space 173568K, 0% used [0x00000006c2800000,0x00000006c294cca0,0x00000006cd180000)
 Metaspace       used 8212K, capacity 8646K, committed 8960K, reserved 1056768K
  class space    used 655K, capacity 690K, committed 768K, reserved 1048576K
Event: 2.181 GC heap after
Heap after GC invocations=14 (full 0):
 PSYoungGen      total 191488K, used 96K [0x000000076b800000, 0x000000077b180000, 0x00000007c0000000)
  eden space 190976K, 0% used [0x000000076b800000,0x000000076b800000,0x0000000777280000)
  from space 512K, 18% used [0x000000077b100000,0x000000077b118000,0x000000077b180000)
  to   space 2560K, 0% used [0x000000077ac80000,0x000000077ac80000,0x000000077af00000)
 ParOldGen       total 173568K, used 1331K [0x00000006c2800000, 0x00000006cd180000, 0x000000076b800000)
  object space 173568K, 0% used [0x00000006c2800000,0x00000006c294cca0,0x00000006cd180000)
 Metaspace       used 8212K, capacity 8646K, committed 8960K, reserved 1056768K
  class space    used 655K, capacity 690K, committed 768K, reserved 1048576K
}
Event: 2.335 GC heap before
{Heap before GC invocations=15 (full 0):
 PSYoungGen      total 191488K, used 191072K [0x000000076b800000, 0x000000077b180000, 0x00000007c0000000)
  eden space 190976K, 100% used [0x000000076b800000,0x0000000777280000,0x0000000777280000)
  from space 512K, 18% used [0x000000077b100000,0x000000077b118000,0x000000077b180000)
  to   space 2560K, 0% used [0x000000077ac80000,0x000000077ac80000,0x000000077af00000)
 ParOldGen       total 173568K, used 1331K [0x00000006c2800000, 0x00000006cd180000, 0x000000076b800000)
  object space 173568K, 0% used [0x00000006c2800000,0x00000006c294cca0,0x00000006cd180000)
 Metaspace       used 8223K, capacity 8646K, committed 8960K, reserved 1056768K
  class space    used 655K, capacity 690K, committed 768K, reserved 1048576K
Event: 2.335 GC heap after
Heap after GC invocations=15 (full 0):
 PSYoungGen      total 186880K, used 128K [0x000000076b800000, 0x000000077b180000, 0x00000007c0000000)
  eden space 184320K, 0% used [0x000000076b800000,0x000000076b800000,0x0000000776c00000)
  from space 2560K, 5% used [0x000000077ac80000,0x000000077aca0000,0x000000077af00000)
  to   space 2048K, 0% used [0x000000077af80000,0x000000077af80000,0x000000077b180000)
 ParOldGen       total 173568K, used 1331K [0x00000006c2800000, 0x00000006cd180000, 0x000000076b800000)
  object space 173568K, 0% used [0x00000006c2800000,0x00000006c294cca0,0x00000006cd180000)
 Metaspace       used 8223K, capacity 8646K, committed 8960K, reserved 1056768K
  class space    used 655K, capacity 690K, committed 768K, reserved 1048576K
}
Event: 2.546 GC heap before
{Heap before GC invocations=16 (full 0):
 PSYoungGen      total 186880K, used 184448K [0x000000076b800000, 0x000000077b180000, 0x00000007c0000000)
  eden space 184320K, 100% used [0x000000076b800000,0x0000000776c00000,0x0000000776c00000)
  from space 2560K, 5% used [0x000000077ac80000,0x000000077aca0000,0x000000077af00000)
  to   space 2048K, 0% used [0x000000077af80000,0x000000077af80000,0x000000077b180000)
 ParOldGen       total 173568K, used 1331K [0x00000006c2800000, 0x00000006cd180000, 0x000000076b800000)
  object space 173568K, 0% used [0x00000006c2800000,0x00000006c294cca0,0x00000006cd180000)
 Metaspace       used 8239K, capacity 8646K, committed 8960K, reserved 1056768K
  class space    used 655K, capacity 690K, committed 768K, reserved 1048576K
Event: 2.547 GC heap after
Heap after GC invocations=16 (full 0):
 PSYoungGen      total 178176K, used 128K [0x000000076b800000, 0x000000077b000000, 0x00000007c0000000)
  eden space 177664K, 0% used [0x000000076b800000,0x000000076b800000,0x0000000776580000)
  from space 512K, 25% used [0x000000077af80000,0x000000077afa0000,0x000000077b000000)
  to   space 2048K, 0% used [0x000000077ac00000,0x000000077ac00000,0x000000077ae00000)
 ParOldGen       total 173568K, used 1331K [0x00000006c2800000, 0x00000006cd180000, 0x000000076b800000)
  object space 173568K, 0% used [0x00000006c2800000,0x00000006c294cca0,0x00000006cd180000)
 Metaspace       used 8239K, capacity 8646K, committed 8960K, reserved 1056768K
  class space    used 655K, capacity 690K, committed 768K, reserved 1048576K
}
Event: 2.725 GC heap before
{Heap before GC invocations=17 (full 0):
 PSYoungGen      total 178176K, used 177792K [0x000000076b800000, 0x000000077b000000, 0x00000007c0000000)
  eden space 177664K, 100% used [0x000000076b800000,0x0000000776580000,0x0000000776580000)
  from space 512K, 25% used [0x000000077af80000,0x000000077afa0000,0x000000077b000000)
  to   space 2048K, 0% used [0x000000077ac00000,0x000000077ac00000,0x000000077ae00000)
 ParOldGen       total 173568K, used 1331K [0x00000006c2800000, 0x00000006cd180000, 0x000000076b800000)
  object space 173568K, 0% used [0x00000006c2800000,0x00000006c294cca0,0x00000006cd180000)
 Metaspace       used 8239K, capacity 8646K, committed 8960K, reserved 1056768K
  class space    used 655K, capacity 690K, committed 768K, reserved 1048576K
Event: 2.725 GC heap after
Heap after GC invocations=17 (full 0):
 PSYoungGen      total 173568K, used 128K [0x000000076b800000, 0x000000077b000000, 0x00000007c0000000)
  eden space 171520K, 0% used [0x000000076b800000,0x000000076b800000,0x0000000775f80000)
  from space 2048K, 6% used [0x000000077ac00000,0x000000077ac20000,0x000000077ae00000)
  to   space 2048K, 0% used [0x000000077ae00000,0x000000077ae00000,0x000000077b000000)
 ParOldGen       total 173568K, used 1339K [0x00000006c2800000, 0x00000006cd180000, 0x000000076b800000)
  object space 173568K, 0% used [0x00000006c2800000,0x00000006c294eca0,0x00000006cd180000)
 Metaspace       used 8239K, capacity 8646K, committed 8960K, reserved 1056768K
  class space    used 655K, capacity 690K, committed 768K, reserved 1048576K
}
Event: 2.934 GC heap before
{Heap before GC invocations=18 (full 0):
 PSYoungGen      total 173568K, used 171648K [0x000000076b800000, 0x000000077b000000, 0x00000007c0000000)
  eden space 171520K, 100% used [0x000000076b800000,0x0000000775f80000,0x0000000775f80000)
  from space 2048K, 6% used [0x000000077ac00000,0x000000077ac20000,0x000000077ae00000)
  to   space 2048K, 0% used [0x000000077ae00000,0x000000077ae00000,0x000000077b000000)
 ParOldGen       total 173568K, used 1339K [0x00000006c2800000, 0x00000006cd180000, 0x000000076b800000)
  object space 173568K, 0% used [0x00000006c2800000,0x00000006c294eca0,0x00000006cd180000)
 Metaspace       used 8239K, capacity 8646K, committed 8960K, reserved 1056768K
  class space    used 655K, capacity 690K, committed 768K, reserved 1048576K
Event: 2.935 GC heap after
Heap after GC invocations=18 (full 0):
 PSYoungGen      total 165888K, used 160K [0x000000076b800000, 0x000000077ae80000, 0x00000007c0000000)
  eden space 165376K, 0% used [0x000000076b800000,0x000000076b800000,0x0000000775980000)
  from space 512K, 31% used [0x000000077ae00000,0x000000077ae28000,0x000000077ae80000)
  to   space 2048K, 0% used [0x000000077aa80000,0x000000077aa80000,0x000000077ac80000)
 ParOldGen       total 173568K, used 1339K [0x00000006c2800000, 0x00000006cd180000, 0x000000076b800000)
  object space 173568K, 0% used [0x00000006c2800000,0x00000006c294eca0,0x00000006cd180000)
 Metaspace       used 8239K, capacity 8646K, committed 8960K, reserved 1056768K
  class space    used 655K, capacity 690K, committed 768K, reserved 1048576K
}

