# JRE version: Java(TM) SE Runtime Environment (8.0_65-b17) (build 1.8.0_65-b17)
# Java VM: Java HotSpot(TM) 64-Bit Server VM (25.65-b01 mixed mode windows-amd64 compressed oops)
Heap:
 PSYoungGen      total 550400K, used 499592K [0x000000076b800000, 0x0000000793980000, 0x00000007c0000000)
  eden space 549888K, 90% used [0x000000076b800000,0x0000000789fa2330,0x000000078d100000)
  from space 512K, 50% used [0x0000000793900000,0x0000000793940000,0x0000000793980000)
  to   space 5120K, 0% used [0x0000000792f80000,0x0000000792f80000,0x0000000793480000)
 ParOldGen       total 173568K, used 11468K [0x00000006c2800000, 0x00000006cd180000, 0x000000076b800000)
  object space 173568K, 6% used [0x00000006c2800000,0x00000006c3333060,0x00000006cd180000)
 Metaspace       used 8383K, capacity 8774K, committed 8960K, reserved 1056768K
  class space    used 661K, capacity 690K, committed 768K, reserved 1048576K
GC Heap History (10 events):
Event: 2.377 GC heap before
{Heap before GC invocations=12 (full 0):
 PSYoungGen      total 418304K, used 412832K [0x000000076b800000, 0x0000000794800000, 0x00000007c0000000)
  eden space 412672K, 100% used [0x000000076b800000,0x0000000784b00000,0x0000000784b00000)
  from space 5632K, 2% used [0x0000000784b00000,0x0000000784b28000,0x0000000785080000)
  to   space 5632K, 0% used [0x0000000794280000,0x0000000794280000,0x0000000794800000)
 ParOldGen       total 173568K, used 11364K [0x00000006c2800000, 0x00000006cd180000, 0x000000076b800000)
  object space 173568K, 6% used [0x00000006c2800000,0x00000006c3319060,0x00000006cd180000)
 Metaspace       used 8341K, capacity 8710K, committed 8960K, reserved 1056768K
  class space    used 661K, capacity 690K, committed 768K, reserved 1048576K
Event: 2.378 GC heap after
Heap after GC invocations=12 (full 0):
 PSYoungGen      total 666112K, used 192K [0x000000076b800000, 0x0000000794800000, 0x00000007c0000000)
  eden space 660480K, 0% used [0x000000076b800000,0x000000076b800000,0x0000000793d00000)
  from space 5632K, 3% used [0x0000000794280000,0x00000007942b0000,0x0000000794800000)
  to   space 5632K, 0% used [0x0000000793d00000,0x0000000793d00000,0x0000000794280000)
 ParOldGen       total 173568K, used 11412K [0x00000006c2800000, 0x00000006cd180000, 0x000000076b800000)
  object space 173568K, 6% used [0x00000006c2800000,0x00000006c3325060,0x00000006cd180000)
 Metaspace       used 8341K, capacity 8710K, committed 8960K, reserved 1056768K
  class space    used 661K, capacity 690K, committed 768K, reserved 1048576K
}
Event: 2.912 GC heap before
{Heap before GC invocations=13 (full 0):
 PSYoungGen      total 666112K, used 660672K [0x000000076b800000, 0x0000000794800000, 0x00000007c0000000)
  eden space 660480K, 100% used [0x000000076b800000,0x0000000793d00000,0x0000000793d00000)
  from space 5632K, 3% used [0x0000000794280000,0x00000007942b0000,0x0000000794800000)
  to   space 5632K, 0% used [0x0000000793d00000,0x0000000793d00000,0x0000000794280000)
 ParOldGen       total 173568K, used 11412K [0x00000006c2800000, 0x00000006cd180000, 0x000000076b800000)
  object space 173568K, 6% used [0x00000006c2800000,0x00000006c3325060,0x00000006cd180000)
 Metaspace       used 8360K, capacity 8774K, committed 8960K, reserved 1056768K
  class space    used 661K, capacity 690K, committed 768K, reserved 1048576K
Event: 2.913 GC heap after
Heap after GC invocations=13 (full 0):
 PSYoungGen      total 631296K, used 160K [0x000000076b800000, 0x0000000794300000, 0x00000007c0000000)
  eden space 630784K, 0% used [0x000000076b800000,0x000000076b800000,0x0000000792000000)
  from space 512K, 31% used [0x0000000793d00000,0x0000000793d28000,0x0000000793d80000)
  to   space 5632K, 0% used [0x0000000793d80000,0x0000000793d80000,0x0000000794300000)
 ParOldGen       total 173568K, used 11460K [0x00000006c2800000, 0x00000006cd180000, 0x000000076b800000)
  object space 173568K, 6% used [0x00000006c2800000,0x00000006c3331060,0x00000006cd180000)
 Metaspace       used 8360K, capacity 8774K, committed 8960K, reserved 1056768K
  class space    used 661K, capacity 690K, committed 768K, reserved 1048576K
}
Event: 3.386 GC heap before
{Heap before GC invocations=14 (full 0):
 PSYoungGen      total 631296K, used 630944K [0x000000076b800000, 0x0000000794300000, 0x00000007c0000000)
  eden space 630784K, 100% used [0x000000076b800000,0x0000000792000000,0x0000000792000000)
  from space 512K, 31% used [0x0000000793d00000,0x0000000793d28000,0x0000000793d80000)
  to   space 5632K, 0% used [0x0000000793d80000,0x0000000793d80000,0x0000000794300000)
 ParOldGen       total 173568K, used 11460K [0x00000006c2800000, 0x00000006cd180000, 0x000000076b800000)
  object space 173568K, 6% used [0x00000006c2800000,0x00000006c3331060,0x00000006cd180000)
 Metaspace       used 8368K, capacity 8774K, committed 8960K, reserved 1056768K
  class space    used 661K, capacity 690K, committed 768K, reserved 1048576K
Event: 3.387 GC heap after
Heap after GC invocations=14 (full 0):
 PSYoungGen      total 603136K, used 96K [0x000000076b800000, 0x0000000793e00000, 0x00000007c0000000)
  eden space 602624K, 0% used [0x000000076b800000,0x000000076b800000,0x0000000790480000)
  from space 512K, 18% used [0x0000000793d80000,0x0000000793d98000,0x0000000793e00000)
  to   space 5632K, 0% used [0x0000000793300000,0x0000000793300000,0x0000000793880000)
 ParOldGen       total 173568K, used 11468K [0x00000006c2800000, 0x00000006cd180000, 0x000000076b800000)
  object space 173568K, 6% used [0x00000006c2800000,0x00000006c3333060,0x00000006cd180000)
 Metaspace       used 8368K, capacity 8774K, committed 8960K, reserved 1056768K
  class space    used 661K, capacity 690K, committed 768K, reserved 1048576K
}
Event: 3.836 GC heap before
{Heap before GC invocations=15 (full 0):
 PSYoungGen      total 603136K, used 602720K [0x000000076b800000, 0x0000000793e00000, 0x00000007c0000000)
  eden space 602624K, 100% used [0x000000076b800000,0x0000000790480000,0x0000000790480000)
  from space 512K, 18% used [0x0000000793d80000,0x0000000793d98000,0x0000000793e00000)
  to   space 5632K, 0% used [0x0000000793300000,0x0000000793300000,0x0000000793880000)
 ParOldGen       total 173568K, used 11468K [0x00000006c2800000, 0x00000006cd180000, 0x000000076b800000)
  object space 173568K, 6% used [0x00000006c2800000,0x00000006c3333060,0x00000006cd180000)
 Metaspace       used 8373K, capacity 8774K, committed 8960K, reserved 1056768K
  class space    used 661K, capacity 690K, committed 768K, reserved 1048576K
Event: 3.837 GC heap after
Heap after GC invocations=15 (full 0):
 PSYoungGen      total 581120K, used 96K [0x000000076b800000, 0x0000000793e00000, 0x00000007c0000000)
  eden space 575488K, 0% used [0x000000076b800000,0x000000076b800000,0x000000078ea00000)
  from space 5632K, 1% used [0x0000000793300000,0x0000000793318000,0x0000000793880000)
  to   space 5120K, 0% used [0x0000000793900000,0x0000000793900000,0x0000000793e00000)
 ParOldGen       total 173568K, used 11468K [0x00000006c2800000, 0x00000006cd180000, 0x000000076b800000)
  object space 173568K, 6% used [0x00000006c2800000,0x00000006c3333060,0x00000006cd180000)
 Metaspace       used 8373K, capacity 8774K, committed 8960K, reserved 1056768K
  class space    used 661K, capacity 690K, committed 768K, reserved 1048576K
}
Event: 4.348 GC heap before
{Heap before GC invocations=16 (full 0):
 PSYoungGen      total 581120K, used 575584K [0x000000076b800000, 0x0000000793e00000, 0x00000007c0000000)
  eden space 575488K, 100% used [0x000000076b800000,0x000000078ea00000,0x000000078ea00000)
  from space 5632K, 1% used [0x0000000793300000,0x0000000793318000,0x0000000793880000)
  to   space 5120K, 0% used [0x0000000793900000,0x0000000793900000,0x0000000793e00000)
 ParOldGen       total 173568K, used 11468K [0x00000006c2800000, 0x00000006cd180000, 0x000000076b800000)
  object space 173568K, 6% used [0x00000006c2800000,0x00000006c3333060,0x00000006cd180000)
 Metaspace       used 8383K, capacity 8774K, committed 8960K, reserved 1056768K
  class space    used 661K, capacity 690K, committed 768K, reserved 1048576K
Event: 4.349 GC heap after
Heap after GC invocations=16 (full 0):
 PSYoungGen      total 550400K, used 256K [0x000000076b800000, 0x0000000793980000, 0x00000007c0000000)
  eden space 549888K, 0% used [0x000000076b800000,0x000000076b800000,0x000000078d100000)
  from space 512K, 50% used [0x0000000793900000,0x0000000793940000,0x0000000793980000)
  to   space 5120K, 0% used [0x0000000792f80000,0x0000000792f80000,0x0000000793480000)
 ParOldGen       total 173568K, used 11468K [0x00000006c2800000, 0x00000006cd180000, 0x000000076b800000)
  object space 173568K, 6% used [0x00000006c2800000,0x00000006c3333060,0x00000006cd180000)
 Metaspace       used 8383K, capacity 8774K, committed 8960K, reserved 1056768K
  class space    used 661K, capacity 690K, committed 768K, reserved 1048576K
}

