# JRE version: Java(TM) SE Runtime Environment (8.0_65-b17) (build 1.8.0_65-b17)
# Java VM: Java HotSpot(TM) 64-Bit Server VM (25.65-b01 mixed mode windows-amd64 compressed oops)
Heap:
 PSYoungGen      total 554496K, used 38592K [0x000000076b800000, 0x0000000793e80000, 0x00000007c0000000)
  eden space 553984K, 6% used [0x000000076b800000,0x000000076dd80168,0x000000078d500000)
  from space 512K, 37% used [0x0000000793e00000,0x0000000793e30000,0x0000000793e80000)
  to   space 5120K, 0% used [0x0000000793480000,0x0000000793480000,0x0000000793980000)
 ParOldGen       total 173568K, used 9504K [0x00000006c2800000, 0x00000006cd180000, 0x000000076b800000)
  object space 173568K, 5% used [0x00000006c2800000,0x00000006c3148070,0x00000006cd180000)
 Metaspace       used 8376K, capacity 8774K, committed 8960K, reserved 1056768K
  class space    used 661K, capacity 690K, committed 768K, reserved 1048576K
GC Heap History (10 events):
Event: 1.706 GC heap before
{Heap before GC invocations=12 (full 0):
 PSYoungGen      total 421376K, used 415968K [0x000000076b800000, 0x0000000794d00000, 0x00000007c0000000)
  eden space 415744K, 100% used [0x000000076b800000,0x0000000784e00000,0x0000000784e00000)
  from space 5632K, 3% used [0x0000000784e00000,0x0000000784e38000,0x0000000785380000)
  to   space 5632K, 0% used [0x0000000794780000,0x0000000794780000,0x0000000794d00000)
 ParOldGen       total 173568K, used 9416K [0x00000006c2800000, 0x00000006cd180000, 0x000000076b800000)
  object space 173568K, 5% used [0x00000006c2800000,0x00000006c3132070,0x00000006cd180000)
 Metaspace       used 8337K, capacity 8710K, committed 8960K, reserved 1056768K
  class space    used 661K, capacity 690K, committed 768K, reserved 1048576K
Event: 1.706 GC heap after
Heap after GC invocations=12 (full 0):
 PSYoungGen      total 671232K, used 192K [0x000000076b800000, 0x0000000794d00000, 0x00000007c0000000)
  eden space 665600K, 0% used [0x000000076b800000,0x000000076b800000,0x0000000794200000)
  from space 5632K, 3% used [0x0000000794780000,0x00000007947b0000,0x0000000794d00000)
  to   space 5632K, 0% used [0x0000000794200000,0x0000000794200000,0x0000000794780000)
 ParOldGen       total 173568K, used 9480K [0x00000006c2800000, 0x00000006cd180000, 0x000000076b800000)
  object space 173568K, 5% used [0x00000006c2800000,0x00000006c3142070,0x00000006cd180000)
 Metaspace       used 8337K, capacity 8710K, committed 8960K, reserved 1056768K
  class space    used 661K, capacity 690K, committed 768K, reserved 1048576K
}
Event: 2.000 GC heap before
{Heap before GC invocations=13 (full 0):
 PSYoungGen      total 671232K, used 665792K [0x000000076b800000, 0x0000000794d00000, 0x00000007c0000000)
  eden space 665600K, 100% used [0x000000076b800000,0x0000000794200000,0x0000000794200000)
  from space 5632K, 3% used [0x0000000794780000,0x00000007947b0000,0x0000000794d00000)
  to   space 5632K, 0% used [0x0000000794200000,0x0000000794200000,0x0000000794780000)
 ParOldGen       total 173568K, used 9480K [0x00000006c2800000, 0x00000006cd180000, 0x000000076b800000)
  object space 173568K, 5% used [0x00000006c2800000,0x00000006c3142070,0x00000006cd180000)
 Metaspace       used 8350K, capacity 8710K, committed 8960K, reserved 1056768K
  class space    used 661K, capacity 690K, committed 768K, reserved 1048576K
Event: 2.001 GC heap after
Heap after GC invocations=13 (full 0):
 PSYoungGen      total 635904K, used 192K [0x000000076b800000, 0x0000000794800000, 0x00000007c0000000)
  eden space 635392K, 0% used [0x000000076b800000,0x000000076b800000,0x0000000792480000)
  from space 512K, 37% used [0x0000000794200000,0x0000000794230000,0x0000000794280000)
  to   space 5632K, 0% used [0x0000000794280000,0x0000000794280000,0x0000000794800000)
 ParOldGen       total 173568K, used 9496K [0x00000006c2800000, 0x00000006cd180000, 0x000000076b800000)
  object space 173568K, 5% used [0x00000006c2800000,0x00000006c3146070,0x00000006cd180000)
 Metaspace       used 8350K, capacity 8710K, committed 8960K, reserved 1056768K
  class space    used 661K, capacity 690K, committed 768K, reserved 1048576K
}
Event: 2.466 GC heap before
{Heap before GC invocations=14 (full 0):
 PSYoungGen      total 635904K, used 635584K [0x000000076b800000, 0x0000000794800000, 0x00000007c0000000)
  eden space 635392K, 100% used [0x000000076b800000,0x0000000792480000,0x0000000792480000)
  from space 512K, 37% used [0x0000000794200000,0x0000000794230000,0x0000000794280000)
  to   space 5632K, 0% used [0x0000000794280000,0x0000000794280000,0x0000000794800000)
 ParOldGen       total 173568K, used 9496K [0x00000006c2800000, 0x00000006cd180000, 0x000000076b800000)
  object space 173568K, 5% used [0x00000006c2800000,0x00000006c3146070,0x00000006cd180000)
 Metaspace       used 8362K, capacity 8774K, committed 8960K, reserved 1056768K
  class space    used 661K, capacity 690K, committed 768K, reserved 1048576K
Event: 2.467 GC heap after
Heap after GC invocations=14 (full 0):
 PSYoungGen      total 607232K, used 224K [0x000000076b800000, 0x0000000794300000, 0x00000007c0000000)
  eden space 606720K, 0% used [0x000000076b800000,0x000000076b800000,0x0000000790880000)
  from space 512K, 43% used [0x0000000794280000,0x00000007942b8000,0x0000000794300000)
  to   space 5632K, 0% used [0x0000000793800000,0x0000000793800000,0x0000000793d80000)
 ParOldGen       total 173568K, used 9504K [0x00000006c2800000, 0x00000006cd180000, 0x000000076b800000)
  object space 173568K, 5% used [0x00000006c2800000,0x00000006c3148070,0x00000006cd180000)
 Metaspace       used 8362K, capacity 8774K, committed 8960K, reserved 1056768K
  class space    used 661K, capacity 690K, committed 768K, reserved 1048576K
}
Event: 3.000 GC heap before
{Heap before GC invocations=15 (full 0):
 PSYoungGen      total 607232K, used 606944K [0x000000076b800000, 0x0000000794300000, 0x00000007c0000000)
  eden space 606720K, 100% used [0x000000076b800000,0x0000000790880000,0x0000000790880000)
  from space 512K, 43% used [0x0000000794280000,0x00000007942b8000,0x0000000794300000)
  to   space 5632K, 0% used [0x0000000793800000,0x0000000793800000,0x0000000793d80000)
 ParOldGen       total 173568K, used 9504K [0x00000006c2800000, 0x00000006cd180000, 0x000000076b800000)
  object space 173568K, 5% used [0x00000006c2800000,0x00000006c3148070,0x00000006cd180000)
 Metaspace       used 8366K, capacity 8774K, committed 8960K, reserved 1056768K
  class space    used 661K, capacity 690K, committed 768K, reserved 1048576K
Event: 3.001 GC heap after
Heap after GC invocations=15 (full 0):
 PSYoungGen      total 585216K, used 160K [0x000000076b800000, 0x0000000794300000, 0x00000007c0000000)
  eden space 579584K, 0% used [0x000000076b800000,0x000000076b800000,0x000000078ee00000)
  from space 5632K, 2% used [0x0000000793800000,0x0000000793828000,0x0000000793d80000)
  to   space 5120K, 0% used [0x0000000793e00000,0x0000000793e00000,0x0000000794300000)
 ParOldGen       total 173568K, used 9504K [0x00000006c2800000, 0x00000006cd180000, 0x000000076b800000)
  object space 173568K, 5% used [0x00000006c2800000,0x00000006c3148070,0x00000006cd180000)
 Metaspace       used 8366K, capacity 8774K, committed 8960K, reserved 1056768K
  class space    used 661K, capacity 690K, committed 768K, reserved 1048576K
}
Event: 3.453 GC heap before
{Heap before GC invocations=16 (full 0):
 PSYoungGen      total 585216K, used 579744K [0x000000076b800000, 0x0000000794300000, 0x00000007c0000000)
  eden space 579584K, 100% used [0x000000076b800000,0x000000078ee00000,0x000000078ee00000)
  from space 5632K, 2% used [0x0000000793800000,0x0000000793828000,0x0000000793d80000)
  to   space 5120K, 0% used [0x0000000793e00000,0x0000000793e00000,0x0000000794300000)
 ParOldGen       total 173568K, used 9504K [0x00000006c2800000, 0x00000006cd180000, 0x000000076b800000)
  object space 173568K, 5% used [0x00000006c2800000,0x00000006c3148070,0x00000006cd180000)
 Metaspace       used 8376K, capacity 8774K, committed 8960K, reserved 1056768K
  class space    used 661K, capacity 690K, committed 768K, reserved 1048576K
Event: 3.454 GC heap after
Heap after GC invocations=16 (full 0):
 PSYoungGen      total 554496K, used 192K [0x000000076b800000, 0x0000000793e80000, 0x00000007c0000000)
  eden space 553984K, 0% used [0x000000076b800000,0x000000076b800000,0x000000078d500000)
  from space 512K, 37% used [0x0000000793e00000,0x0000000793e30000,0x0000000793e80000)
  to   space 5120K, 0% used [0x0000000793480000,0x0000000793480000,0x0000000793980000)
 ParOldGen       total 173568K, used 9504K [0x00000006c2800000, 0x00000006cd180000, 0x000000076b800000)
  object space 173568K, 5% used [0x00000006c2800000,0x00000006c3148070,0x00000006cd180000)
 Metaspace       used 8376K, capacity 8774K, committed 8960K, reserved 1056768K
  class space    used 661K, capacity 690K, committed 768K, reserved 1048576K
}

