# JRE version: Java(TM) SE Runtime Environment (8.0_65-b17) (build 1.8.0_65-b17)
# Java VM: Java HotSpot(TM) 64-Bit Server VM (25.65-b01 mixed mode windows-amd64 compressed oops)
Heap:
 PSYoungGen      total 191488K, used 108082K [0x000000076b800000, 0x000000077b100000, 0x00000007c0000000)
  eden space 190976K, 56% used [0x000000076b800000,0x000000077217ca40,0x0000000777280000)
  from space 512K, 12% used [0x000000077b080000,0x000000077b090000,0x000000077b100000)
  to   space 2560K, 0% used [0x000000077ac00000,0x000000077ac00000,0x000000077ae80000)
 ParOldGen       total 173568K, used 1367K [0x00000006c2800000, 0x00000006cd180000, 0x000000076b800000)
  object space 173568K, 0% used [0x00000006c2800000,0x00000006c2955d68,0x00000006cd180000)
 Metaspace       used 7955K, capacity 8486K, committed 8704K, reserved 1056768K
  class space    used 642K, capacity 658K, committed 768K, reserved 1048576K
GC Heap History (10 events):
Event: 1.486 GC heap before
{Heap before GC invocations=10 (full 0):
 PSYoungGen      total 230912K, used 230656K [0x000000076b800000, 0x000000077b700000, 0x00000007c0000000)
  eden space 230400K, 100% used [0x000000076b800000,0x0000000779900000,0x0000000779900000)
  from space 512K, 50% used [0x000000077b280000,0x000000077b2c0000,0x000000077b300000)
  to   space 2560K, 0% used [0x000000077b480000,0x000000077b480000,0x000000077b700000)
 ParOldGen       total 173568K, used 1255K [0x00000006c2800000, 0x00000006cd180000, 0x000000076b800000)
  object space 173568K, 0% used [0x00000006c2800000,0x00000006c2939d68,0x00000006cd180000)
 Metaspace       used 7952K, capacity 8486K, committed 8704K, reserved 1056768K
  class space    used 642K, capacity 658K, committed 768K, reserved 1048576K
Event: 1.487 GC heap after
Heap after GC invocations=10 (full 0):
 PSYoungGen      total 222208K, used 96K [0x000000076b800000, 0x000000077b500000, 0x00000007c0000000)
  eden space 221696K, 0% used [0x000000076b800000,0x000000076b800000,0x0000000779080000)
  from space 512K, 18% used [0x000000077b480000,0x000000077b498000,0x000000077b500000)
  to   space 2560K, 0% used [0x000000077b000000,0x000000077b000000,0x000000077b280000)
 ParOldGen       total 173568K, used 1367K [0x00000006c2800000, 0x00000006cd180000, 0x000000076b800000)
  object space 173568K, 0% used [0x00000006c2800000,0x00000006c2955d68,0x00000006cd180000)
 Metaspace       used 7952K, capacity 8486K, committed 8704K, reserved 1056768K
  class space    used 642K, capacity 658K, committed 768K, reserved 1048576K
}
Event: 1.658 GC heap before
{Heap before GC invocations=11 (full 0):
 PSYoungGen      total 222208K, used 221792K [0x000000076b800000, 0x000000077b500000, 0x00000007c0000000)
  eden space 221696K, 100% used [0x000000076b800000,0x0000000779080000,0x0000000779080000)
  from space 512K, 18% used [0x000000077b480000,0x000000077b498000,0x000000077b500000)
  to   space 2560K, 0% used [0x000000077b000000,0x000000077b000000,0x000000077b280000)
 ParOldGen       total 173568K, used 1367K [0x00000006c2800000, 0x00000006cd180000, 0x000000076b800000)
  object space 173568K, 0% used [0x00000006c2800000,0x00000006c2955d68,0x00000006cd180000)
 Metaspace       used 7953K, capacity 8486K, committed 8704K, reserved 1056768K
  class space    used 642K, capacity 658K, committed 768K, reserved 1048576K
Event: 1.659 GC heap after
Heap after GC invocations=11 (full 0):
 PSYoungGen      total 216064K, used 96K [0x000000076b800000, 0x000000077b500000, 0x00000007c0000000)
  eden space 213504K, 0% used [0x000000076b800000,0x000000076b800000,0x0000000778880000)
  from space 2560K, 3% used [0x000000077b000000,0x000000077b018000,0x000000077b280000)
  to   space 2560K, 0% used [0x000000077b280000,0x000000077b280000,0x000000077b500000)
 ParOldGen       total 173568K, used 1367K [0x00000006c2800000, 0x00000006cd180000, 0x000000076b800000)
  object space 173568K, 0% used [0x00000006c2800000,0x00000006c2955d68,0x00000006cd180000)
 Metaspace       used 7953K, capacity 8486K, committed 8704K, reserved 1056768K
  class space    used 642K, capacity 658K, committed 768K, reserved 1048576K
}
Event: 1.834 GC heap before
{Heap before GC invocations=12 (full 0):
 PSYoungGen      total 216064K, used 213600K [0x000000076b800000, 0x000000077b500000, 0x00000007c0000000)
  eden space 213504K, 100% used [0x000000076b800000,0x0000000778880000,0x0000000778880000)
  from space 2560K, 3% used [0x000000077b000000,0x000000077b018000,0x000000077b280000)
  to   space 2560K, 0% used [0x000000077b280000,0x000000077b280000,0x000000077b500000)
 ParOldGen       total 173568K, used 1367K [0x00000006c2800000, 0x00000006cd180000, 0x000000076b800000)
  object space 173568K, 0% used [0x00000006c2800000,0x00000006c2955d68,0x00000006cd180000)
 Metaspace       used 7954K, capacity 8486K, committed 8704K, reserved 1056768K
  class space    used 642K, capacity 658K, committed 768K, reserved 1048576K
Event: 1.835 GC heap after
Heap after GC invocations=12 (full 0):
 PSYoungGen      total 206336K, used 96K [0x000000076b800000, 0x000000077b300000, 0x00000007c0000000)
  eden space 205824K, 0% used [0x000000076b800000,0x000000076b800000,0x0000000778100000)
  from space 512K, 18% used [0x000000077b280000,0x000000077b298000,0x000000077b300000)
  to   space 2560K, 0% used [0x000000077ae00000,0x000000077ae00000,0x000000077b080000)
 ParOldGen       total 173568K, used 1367K [0x00000006c2800000, 0x00000006cd180000, 0x000000076b800000)
  object space 173568K, 0% used [0x00000006c2800000,0x00000006c2955d68,0x00000006cd180000)
 Metaspace       used 7954K, capacity 8486K, committed 8704K, reserved 1056768K
  class space    used 642K, capacity 658K, committed 768K, reserved 1048576K
}
Event: 1.989 GC heap before
{Heap before GC invocations=13 (full 0):
 PSYoungGen      total 206336K, used 205920K [0x000000076b800000, 0x000000077b300000, 0x00000007c0000000)
  eden space 205824K, 100% used [0x000000076b800000,0x0000000778100000,0x0000000778100000)
  from space 512K, 18% used [0x000000077b280000,0x000000077b298000,0x000000077b300000)
  to   space 2560K, 0% used [0x000000077ae00000,0x000000077ae00000,0x000000077b080000)
 ParOldGen       total 173568K, used 1367K [0x00000006c2800000, 0x00000006cd180000, 0x000000076b800000)
  object space 173568K, 0% used [0x00000006c2800000,0x00000006c2955d68,0x00000006cd180000)
 Metaspace       used 7954K, capacity 8486K, committed 8704K, reserved 1056768K
  class space    used 642K, capacity 658K, committed 768K, reserved 1048576K
Event: 1.990 GC heap after
Heap after GC invocations=13 (full 0):
 PSYoungGen      total 200704K, used 32K [0x000000076b800000, 0x000000077b300000, 0x00000007c0000000)
  eden space 198144K, 0% used [0x000000076b800000,0x000000076b800000,0x0000000777980000)
  from space 2560K, 1% used [0x000000077ae00000,0x000000077ae08000,0x000000077b080000)
  to   space 2560K, 0% used [0x000000077b080000,0x000000077b080000,0x000000077b300000)
 ParOldGen       total 173568K, used 1367K [0x00000006c2800000, 0x00000006cd180000, 0x000000076b800000)
  object space 173568K, 0% used [0x00000006c2800000,0x00000006c2955d68,0x00000006cd180000)
 Metaspace       used 7954K, capacity 8486K, committed 8704K, reserved 1056768K
  class space    used 642K, capacity 658K, committed 768K, reserved 1048576K
}
Event: 2.129 GC heap before
{Heap before GC invocations=14 (full 0):
 PSYoungGen      total 200704K, used 198176K [0x000000076b800000, 0x000000077b300000, 0x00000007c0000000)
  eden space 198144K, 100% used [0x000000076b800000,0x0000000777980000,0x0000000777980000)
  from space 2560K, 1% used [0x000000077ae00000,0x000000077ae08000,0x000000077b080000)
  to   space 2560K, 0% used [0x000000077b080000,0x000000077b080000,0x000000077b300000)
 ParOldGen       total 173568K, used 1367K [0x00000006c2800000, 0x00000006cd180000, 0x000000076b800000)
  object space 173568K, 0% used [0x00000006c2800000,0x00000006c2955d68,0x00000006cd180000)
 Metaspace       used 7954K, capacity 8486K, committed 8704K, reserved 1056768K
  class space    used 642K, capacity 658K, committed 768K, reserved 1048576K
Event: 2.130 GC heap after
Heap after GC invocations=14 (full 0):
 PSYoungGen      total 191488K, used 64K [0x000000076b800000, 0x000000077b100000, 0x00000007c0000000)
  eden space 190976K, 0% used [0x000000076b800000,0x000000076b800000,0x0000000777280000)
  from space 512K, 12% used [0x000000077b080000,0x000000077b090000,0x000000077b100000)
  to   space 2560K, 0% used [0x000000077ac00000,0x000000077ac00000,0x000000077ae80000)
 ParOldGen       total 173568K, used 1367K [0x00000006c2800000, 0x00000006cd180000, 0x000000076b800000)
  object space 173568K, 0% used [0x00000006c2800000,0x00000006c2955d68,0x00000006cd180000)
 Metaspace       used 7954K, capacity 8486K, committed 8704K, reserved 1056768K
  class space    used 642K, capacity 658K, committed 768K, reserved 1048576K
}

