# JRE version: Java(TM) SE Runtime Environment (8.0_65-b17) (build 1.8.0_65-b17)
# Java VM: Java HotSpot(TM) 64-Bit Server VM (25.65-b01 mixed mode windows-amd64 compressed oops)
Heap:
 PSYoungGen      total 193536K, used 68895K [0x000000076b800000, 0x0000000792d80000, 0x00000007c0000000)
  eden space 193024K, 35% used [0x000000076b800000,0x000000076fb07e30,0x0000000777480000)
  from space 512K, 50% used [0x0000000792d00000,0x0000000792d40000,0x0000000792d80000)
  to   space 2048K, 0% used [0x0000000792980000,0x0000000792980000,0x0000000792b80000)
 ParOldGen       total 173568K, used 8624K [0x00000006c2800000, 0x00000006cd180000, 0x000000076b800000)
  object space 173568K, 4% used [0x00000006c2800000,0x00000006c306c070,0x00000006cd180000)
 Metaspace       used 8387K, capacity 8774K, committed 8960K, reserved 1056768K
  class space    used 662K, capacity 690K, committed 768K, reserved 1048576K
GC Heap History (10 events):
Event: 7.049 GC heap before
{Heap before GC invocations=26 (full 0):
 PSYoungGen      total 236032K, used 233184K [0x000000076b800000, 0x0000000793300000, 0x00000007c0000000)
  eden space 232960K, 100% used [0x000000076b800000,0x0000000779b80000,0x0000000779b80000)
  from space 3072K, 7% used [0x0000000792d00000,0x0000000792d38000,0x0000000793000000)
  to   space 2560K, 0% used [0x0000000793080000,0x0000000793080000,0x0000000793300000)
 ParOldGen       total 173568K, used 8600K [0x00000006c2800000, 0x00000006cd180000, 0x000000076b800000)
  object space 173568K, 4% used [0x00000006c2800000,0x00000006c3066070,0x00000006cd180000)
 Metaspace       used 8379K, capacity 8774K, committed 8960K, reserved 1056768K
  class space    used 661K, capacity 690K, committed 768K, reserved 1048576K
Event: 7.049 GC heap after
Heap after GC invocations=26 (full 0):
 PSYoungGen      total 224768K, used 224K [0x000000076b800000, 0x0000000793100000, 0x00000007c0000000)
  eden space 224256K, 0% used [0x000000076b800000,0x000000076b800000,0x0000000779300000)
  from space 512K, 43% used [0x0000000793080000,0x00000007930b8000,0x0000000793100000)
  to   space 2560K, 0% used [0x0000000792c00000,0x0000000792c00000,0x0000000792e80000)
 ParOldGen       total 173568K, used 8600K [0x00000006c2800000, 0x00000006cd180000, 0x000000076b800000)
  object space 173568K, 4% used [0x00000006c2800000,0x00000006c3066070,0x00000006cd180000)
 Metaspace       used 8379K, capacity 8774K, committed 8960K, reserved 1056768K
  class space    used 661K, capacity 690K, committed 768K, reserved 1048576K
}
Event: 7.418 GC heap before
{Heap before GC invocations=27 (full 0):
 PSYoungGen      total 224768K, used 224480K [0x000000076b800000, 0x0000000793100000, 0x00000007c0000000)
  eden space 224256K, 100% used [0x000000076b800000,0x0000000779300000,0x0000000779300000)
  from space 512K, 43% used [0x0000000793080000,0x00000007930b8000,0x0000000793100000)
  to   space 2560K, 0% used [0x0000000792c00000,0x0000000792c00000,0x0000000792e80000)
 ParOldGen       total 173568K, used 8600K [0x00000006c2800000, 0x00000006cd180000, 0x000000076b800000)
  object space 173568K, 4% used [0x00000006c2800000,0x00000006c3066070,0x00000006cd180000)
 Metaspace       used 8379K, capacity 8774K, committed 8960K, reserved 1056768K
  class space    used 661K, capacity 690K, committed 768K, reserved 1048576K
Event: 7.419 GC heap after
Heap after GC invocations=27 (full 0):
 PSYoungGen      total 218624K, used 224K [0x000000076b800000, 0x0000000793100000, 0x00000007c0000000)
  eden space 216064K, 0% used [0x000000076b800000,0x000000076b800000,0x0000000778b00000)
  from space 2560K, 8% used [0x0000000792c00000,0x0000000792c38000,0x0000000792e80000)
  to   space 2560K, 0% used [0x0000000792e80000,0x0000000792e80000,0x0000000793100000)
 ParOldGen       total 173568K, used 8624K [0x00000006c2800000, 0x00000006cd180000, 0x000000076b800000)
  object space 173568K, 4% used [0x00000006c2800000,0x00000006c306c070,0x00000006cd180000)
 Metaspace       used 8379K, capacity 8774K, committed 8960K, reserved 1056768K
  class space    used 661K, capacity 690K, committed 768K, reserved 1048576K
}
Event: 7.738 GC heap before
{Heap before GC invocations=28 (full 0):
 PSYoungGen      total 218624K, used 216288K [0x000000076b800000, 0x0000000793100000, 0x00000007c0000000)
  eden space 216064K, 100% used [0x000000076b800000,0x0000000778b00000,0x0000000778b00000)
  from space 2560K, 8% used [0x0000000792c00000,0x0000000792c38000,0x0000000792e80000)
  to   space 2560K, 0% used [0x0000000792e80000,0x0000000792e80000,0x0000000793100000)
 ParOldGen       total 173568K, used 8624K [0x00000006c2800000, 0x00000006cd180000, 0x000000076b800000)
  object space 173568K, 4% used [0x00000006c2800000,0x00000006c306c070,0x00000006cd180000)
 Metaspace       used 8380K, capacity 8774K, committed 8960K, reserved 1056768K
  class space    used 661K, capacity 690K, committed 768K, reserved 1048576K
Event: 7.738 GC heap after
Heap after GC invocations=28 (full 0):
 PSYoungGen      total 208384K, used 224K [0x000000076b800000, 0x0000000792f00000, 0x00000007c0000000)
  eden space 207872K, 0% used [0x000000076b800000,0x000000076b800000,0x0000000778300000)
  from space 512K, 43% used [0x0000000792e80000,0x0000000792eb8000,0x0000000792f00000)
  to   space 2560K, 0% used [0x0000000792a00000,0x0000000792a00000,0x0000000792c80000)
 ParOldGen       total 173568K, used 8624K [0x00000006c2800000, 0x00000006cd180000, 0x000000076b800000)
  object space 173568K, 4% used [0x00000006c2800000,0x00000006c306c070,0x00000006cd180000)
 Metaspace       used 8380K, capacity 8774K, committed 8960K, reserved 1056768K
  class space    used 661K, capacity 690K, committed 768K, reserved 1048576K
}
Event: 7.965 GC heap before
{Heap before GC invocations=29 (full 0):
 PSYoungGen      total 208384K, used 208096K [0x000000076b800000, 0x0000000792f00000, 0x00000007c0000000)
  eden space 207872K, 100% used [0x000000076b800000,0x0000000778300000,0x0000000778300000)
  from space 512K, 43% used [0x0000000792e80000,0x0000000792eb8000,0x0000000792f00000)
  to   space 2560K, 0% used [0x0000000792a00000,0x0000000792a00000,0x0000000792c80000)
 ParOldGen       total 173568K, used 8624K [0x00000006c2800000, 0x00000006cd180000, 0x000000076b800000)
  object space 173568K, 4% used [0x00000006c2800000,0x00000006c306c070,0x00000006cd180000)
 Metaspace       used 8386K, capacity 8774K, committed 8960K, reserved 1056768K
  class space    used 661K, capacity 690K, committed 768K, reserved 1048576K
Event: 7.966 GC heap after
Heap after GC invocations=29 (full 0):
 PSYoungGen      total 202752K, used 224K [0x000000076b800000, 0x0000000792f00000, 0x00000007c0000000)
  eden space 200192K, 0% used [0x000000076b800000,0x000000076b800000,0x0000000777b80000)
  from space 2560K, 8% used [0x0000000792a00000,0x0000000792a38000,0x0000000792c80000)
  to   space 2048K, 0% used [0x0000000792d00000,0x0000000792d00000,0x0000000792f00000)
 ParOldGen       total 173568K, used 8624K [0x00000006c2800000, 0x00000006cd180000, 0x000000076b800000)
  object space 173568K, 4% used [0x00000006c2800000,0x00000006c306c070,0x00000006cd180000)
 Metaspace       used 8386K, capacity 8774K, committed 8960K, reserved 1056768K
  class space    used 661K, capacity 690K, committed 768K, reserved 1048576K
}
Event: 8.302 GC heap before
{Heap before GC invocations=30 (full 0):
 PSYoungGen      total 202752K, used 200416K [0x000000076b800000, 0x0000000792f00000, 0x00000007c0000000)
  eden space 200192K, 100% used [0x000000076b800000,0x0000000777b80000,0x0000000777b80000)
  from space 2560K, 8% used [0x0000000792a00000,0x0000000792a38000,0x0000000792c80000)
  to   space 2048K, 0% used [0x0000000792d00000,0x0000000792d00000,0x0000000792f00000)
 ParOldGen       total 173568K, used 8624K [0x00000006c2800000, 0x00000006cd180000, 0x000000076b800000)
  object space 173568K, 4% used [0x00000006c2800000,0x00000006c306c070,0x00000006cd180000)
 Metaspace       used 8387K, capacity 8774K, committed 8960K, reserved 1056768K
  class space    used 662K, capacity 690K, committed 768K, reserved 1048576K
Event: 8.302 GC heap after
Heap after GC invocations=30 (full 0):
 PSYoungGen      total 193536K, used 256K [0x000000076b800000, 0x0000000792d80000, 0x00000007c0000000)
  eden space 193024K, 0% used [0x000000076b800000,0x000000076b800000,0x0000000777480000)
  from space 512K, 50% used [0x0000000792d00000,0x0000000792d40000,0x0000000792d80000)
  to   space 2048K, 0% used [0x0000000792980000,0x0000000792980000,0x0000000792b80000)
 ParOldGen       total 173568K, used 8624K [0x00000006c2800000, 0x00000006cd180000, 0x000000076b800000)
  object space 173568K, 4% used [0x00000006c2800000,0x00000006c306c070,0x00000006cd180000)
 Metaspace       used 8387K, capacity 8774K, committed 8960K, reserved 1056768K
  class space    used 662K, capacity 690K, committed 768K, reserved 1048576K
}

