# JRE version: Java(TM) SE Runtime Environment (8.0_65-b17) (build 1.8.0_65-b17)
# Java VM: Java HotSpot(TM) 64-Bit Server VM (25.65-b01 mixed mode windows-amd64 compressed oops)
Heap:
 PSYoungGen      total 830976K, used 226903K [0x000000076b800000, 0x00000007bcd00000, 0x00000007c0000000)
  eden space 824320K, 27% used [0x000000076b800000,0x000000077955dd00,0x000000079dd00000)
  from space 6656K, 3% used [0x000000079dd00000,0x000000079dd38000,0x000000079e380000)
  to   space 6656K, 0% used [0x00000007bc680000,0x00000007bc680000,0x00000007bcd00000)
 ParOldGen       total 173568K, used 11393K [0x00000006c2800000, 0x00000006cd180000, 0x000000076b800000)
  object space 173568K, 6% used [0x00000006c2800000,0x00000006c33205f0,0x00000006cd180000)
 Metaspace       used 8336K, capacity 8710K, committed 8960K, reserved 1056768K
  class space    used 658K, capacity 690K, committed 768K, reserved 1048576K
GC Heap History (10 events):
Event: 1.021 GC heap before
{Heap before GC invocations=7 (full 0):
 PSYoungGen      total 261120K, used 261118K [0x000000076b800000, 0x000000077ba00000, 0x00000007c0000000)
  eden space 259584K, 100% used [0x000000076b800000,0x000000077b580000,0x000000077b580000)
  from space 1536K, 99% used [0x000000077b780000,0x000000077b8ff828,0x000000077b900000)
  to   space 2048K, 0% used [0x000000077b580000,0x000000077b580000,0x000000077b780000)
 ParOldGen       total 173568K, used 688K [0x00000006c2800000, 0x00000006cd180000, 0x000000076b800000)
  object space 173568K, 0% used [0x00000006c2800000,0x00000006c28ac280,0x00000006cd180000)
 Metaspace       used 8212K, capacity 8646K, committed 8960K, reserved 1056768K
  class space    used 655K, capacity 690K, committed 768K, reserved 1048576K
Event: 1.024 GC heap after
Heap after GC invocations=7 (full 0):
 PSYoungGen      total 261632K, used 2032K [0x000000076b800000, 0x000000078b900000, 0x00000007c0000000)
  eden space 259584K, 0% used [0x000000076b800000,0x000000076b800000,0x000000077b580000)
  from space 2048K, 99% used [0x000000077b580000,0x000000077b77c0c8,0x000000077b780000)
  to   space 3072K, 0% used [0x000000078b600000,0x000000078b600000,0x000000078b900000)
 ParOldGen       total 173568K, used 1985K [0x00000006c2800000, 0x00000006cd180000, 0x000000076b800000)
  object space 173568K, 1% used [0x00000006c2800000,0x00000006c29f05f0,0x00000006cd180000)
 Metaspace       used 8212K, capacity 8646K, committed 8960K, reserved 1056768K
  class space    used 655K, capacity 690K, committed 768K, reserved 1048576K
}
Event: 1.136 GC heap before
{Heap before GC invocations=8 (full 0):
 PSYoungGen      total 261632K, used 261616K [0x000000076b800000, 0x000000078b900000, 0x00000007c0000000)
  eden space 259584K, 100% used [0x000000076b800000,0x000000077b580000,0x000000077b580000)
  from space 2048K, 99% used [0x000000077b580000,0x000000077b77c0c8,0x000000077b780000)
  to   space 3072K, 0% used [0x000000078b600000,0x000000078b600000,0x000000078b900000)
 ParOldGen       total 173568K, used 1985K [0x00000006c2800000, 0x00000006cd180000, 0x000000076b800000)
  object space 173568K, 1% used [0x00000006c2800000,0x00000006c29f05f0,0x00000006cd180000)
 Metaspace       used 8237K, capacity 8646K, committed 8960K, reserved 1056768K
  class space    used 655K, capacity 690K, committed 768K, reserved 1048576K
Event: 1.144 GC heap after
Heap after GC invocations=8 (full 0):
 PSYoungGen      total 518144K, used 3051K [0x000000076b800000, 0x000000078c100000, 0x00000007c0000000)
  eden space 515072K, 0% used [0x000000076b800000,0x000000076b800000,0x000000078af00000)
  from space 3072K, 99% used [0x000000078b600000,0x000000078b8faf60,0x000000078b900000)
  to   space 7168K, 0% used [0x000000078af00000,0x000000078af00000,0x000000078b600000)
 ParOldGen       total 173568K, used 9729K [0x00000006c2800000, 0x00000006cd180000, 0x000000076b800000)
  object space 173568K, 5% used [0x00000006c2800000,0x00000006c31805f0,0x00000006cd180000)
 Metaspace       used 8237K, capacity 8646K, committed 8960K, reserved 1056768K
  class space    used 655K, capacity 690K, committed 768K, reserved 1048576K
}
Event: 1.482 GC heap before
{Heap before GC invocations=9 (full 0):
 PSYoungGen      total 518144K, used 518123K [0x000000076b800000, 0x000000078c100000, 0x00000007c0000000)
  eden space 515072K, 100% used [0x000000076b800000,0x000000078af00000,0x000000078af00000)
  from space 3072K, 99% used [0x000000078b600000,0x000000078b8faf60,0x000000078b900000)
  to   space 7168K, 0% used [0x000000078af00000,0x000000078af00000,0x000000078b600000)
 ParOldGen       total 173568K, used 9729K [0x00000006c2800000, 0x00000006cd180000, 0x000000076b800000)
  object space 173568K, 5% used [0x00000006c2800000,0x00000006c31805f0,0x00000006cd180000)
 Metaspace       used 8280K, capacity 8710K, committed 8960K, reserved 1056768K
  class space    used 658K, capacity 690K, committed 768K, reserved 1048576K
Event: 1.485 GC heap after
Heap after GC invocations=9 (full 0):
 PSYoungGen      total 522240K, used 1408K [0x000000076b800000, 0x000000079ea00000, 0x00000007c0000000)
  eden space 515072K, 0% used [0x000000076b800000,0x000000076b800000,0x000000078af00000)
  from space 7168K, 19% used [0x000000078af00000,0x000000078b060000,0x000000078b600000)
  to   space 6656K, 0% used [0x000000079e380000,0x000000079e380000,0x000000079ea00000)
 ParOldGen       total 173568K, used 10089K [0x00000006c2800000, 0x00000006cd180000, 0x000000076b800000)
  object space 173568K, 5% used [0x00000006c2800000,0x00000006c31da5f0,0x00000006cd180000)
 Metaspace       used 8280K, capacity 8710K, committed 8960K, reserved 1056768K
  class space    used 658K, capacity 690K, committed 768K, reserved 1048576K
}
Event: 1.851 GC heap before
{Heap before GC invocations=10 (full 0):
 PSYoungGen      total 522240K, used 516480K [0x000000076b800000, 0x000000079ea00000, 0x00000007c0000000)
  eden space 515072K, 100% used [0x000000076b800000,0x000000078af00000,0x000000078af00000)
  from space 7168K, 19% used [0x000000078af00000,0x000000078b060000,0x000000078b600000)
  to   space 6656K, 0% used [0x000000079e380000,0x000000079e380000,0x000000079ea00000)
 ParOldGen       total 173568K, used 10089K [0x00000006c2800000, 0x00000006cd180000, 0x000000076b800000)
  object space 173568K, 5% used [0x00000006c2800000,0x00000006c31da5f0,0x00000006cd180000)
 Metaspace       used 8289K, capacity 8710K, committed 8960K, reserved 1056768K
  class space    used 658K, capacity 690K, committed 768K, reserved 1048576K
Event: 1.853 GC heap after
Heap after GC invocations=10 (full 0):
 PSYoungGen      total 830976K, used 256K [0x000000076b800000, 0x000000079ea00000, 0x00000007c0000000)
  eden space 824320K, 0% used [0x000000076b800000,0x000000076b800000,0x000000079dd00000)
  from space 6656K, 3% used [0x000000079e380000,0x000000079e3c0000,0x000000079ea00000)
  to   space 6656K, 0% used [0x000000079dd00000,0x000000079dd00000,0x000000079e380000)
 ParOldGen       total 173568K, used 11345K [0x00000006c2800000, 0x00000006cd180000, 0x000000076b800000)
  object space 173568K, 6% used [0x00000006c2800000,0x00000006c33145f0,0x00000006cd180000)
 Metaspace       used 8289K, capacity 8710K, committed 8960K, reserved 1056768K
  class space    used 658K, capacity 690K, committed 768K, reserved 1048576K
}
Event: 2.495 GC heap before
{Heap before GC invocations=11 (full 0):
 PSYoungGen      total 830976K, used 824576K [0x000000076b800000, 0x000000079ea00000, 0x00000007c0000000)
  eden space 824320K, 100% used [0x000000076b800000,0x000000079dd00000,0x000000079dd00000)
  from space 6656K, 3% used [0x000000079e380000,0x000000079e3c0000,0x000000079ea00000)
  to   space 6656K, 0% used [0x000000079dd00000,0x000000079dd00000,0x000000079e380000)
 ParOldGen       total 173568K, used 11345K [0x00000006c2800000, 0x00000006cd180000, 0x000000076b800000)
  object space 173568K, 6% used [0x00000006c2800000,0x00000006c33145f0,0x00000006cd180000)
 Metaspace       used 8322K, capacity 8710K, committed 8960K, reserved 1056768K
  class space    used 658K, capacity 690K, committed 768K, reserved 1048576K
Event: 2.496 GC heap after
Heap after GC invocations=11 (full 0):
 PSYoungGen      total 830976K, used 224K [0x000000076b800000, 0x00000007bcd00000, 0x00000007c0000000)
  eden space 824320K, 0% used [0x000000076b800000,0x000000076b800000,0x000000079dd00000)
  from space 6656K, 3% used [0x000000079dd00000,0x000000079dd38000,0x000000079e380000)
  to   space 6656K, 0% used [0x00000007bc680000,0x00000007bc680000,0x00000007bcd00000)
 ParOldGen       total 173568K, used 11393K [0x00000006c2800000, 0x00000006cd180000, 0x000000076b800000)
  object space 173568K, 6% used [0x00000006c2800000,0x00000006c33205f0,0x00000006cd180000)
 Metaspace       used 8322K, capacity 8710K, committed 8960K, reserved 1056768K
  class space    used 658K, capacity 690K, committed 768K, reserved 1048576K
}

