# JRE version: Java(TM) SE Runtime Environment (8.0_65-b17) (build 1.8.0_65-b17)
# Java VM: Java HotSpot(TM) 64-Bit Server VM (25.65-b01 mixed mode windows-amd64 compressed oops)
Heap:
 PSYoungGen      total 317440K, used 206823K [0x000000076b800000, 0x0000000792a00000, 0x00000007c0000000)
  eden space 314368K, 65% used [0x000000076b800000,0x00000007781b9d70,0x000000077eb00000)
  from space 3072K, 8% used [0x0000000792400000,0x0000000792440000,0x0000000792700000)
  to   space 2560K, 0% used [0x0000000792780000,0x0000000792780000,0x0000000792a00000)
 ParOldGen       total 173568K, used 10376K [0x00000006c2800000, 0x00000006cd180000, 0x000000076b800000)
  object space 173568K, 5% used [0x00000006c2800000,0x00000006c3222070,0x00000006cd180000)
 Metaspace       used 8355K, capacity 8710K, committed 8960K, reserved 1056768K
  class space    used 659K, capacity 690K, committed 768K, reserved 1048576K
GC Heap History (10 events):
Event: 7.189 GC heap before
{Heap before GC invocations=25 (full 0):
 PSYoungGen      total 389120K, used 388832K [0x000000076b800000, 0x0000000792f80000, 0x00000007c0000000)
  eden space 388608K, 100% used [0x000000076b800000,0x0000000783380000,0x0000000783380000)
  from space 512K, 43% used [0x0000000792f00000,0x0000000792f38000,0x0000000792f80000)
  to   space 3584K, 0% used [0x0000000792880000,0x0000000792880000,0x0000000792c00000)
 ParOldGen       total 173568K, used 10352K [0x00000006c2800000, 0x00000006cd180000, 0x000000076b800000)
  object space 173568K, 5% used [0x00000006c2800000,0x00000006c321c070,0x00000006cd180000)
 Metaspace       used 8349K, capacity 8710K, committed 8960K, reserved 1056768K
  class space    used 658K, capacity 690K, committed 768K, reserved 1048576K
Event: 7.189 GC heap after
Heap after GC invocations=25 (full 0):
 PSYoungGen      total 375808K, used 224K [0x000000076b800000, 0x0000000792f80000, 0x00000007c0000000)
  eden space 372224K, 0% used [0x000000076b800000,0x000000076b800000,0x0000000782380000)
  from space 3584K, 6% used [0x0000000792880000,0x00000007928b8000,0x0000000792c00000)
  to   space 3584K, 0% used [0x0000000792c00000,0x0000000792c00000,0x0000000792f80000)
 ParOldGen       total 173568K, used 10352K [0x00000006c2800000, 0x00000006cd180000, 0x000000076b800000)
  object space 173568K, 5% used [0x00000006c2800000,0x00000006c321c070,0x00000006cd180000)
 Metaspace       used 8349K, capacity 8710K, committed 8960K, reserved 1056768K
  class space    used 658K, capacity 690K, committed 768K, reserved 1048576K
}
Event: 7.531 GC heap before
{Heap before GC invocations=26 (full 0):
 PSYoungGen      total 375808K, used 372448K [0x000000076b800000, 0x0000000792f80000, 0x00000007c0000000)
  eden space 372224K, 100% used [0x000000076b800000,0x0000000782380000,0x0000000782380000)
  from space 3584K, 6% used [0x0000000792880000,0x00000007928b8000,0x0000000792c00000)
  to   space 3584K, 0% used [0x0000000792c00000,0x0000000792c00000,0x0000000792f80000)
 ParOldGen       total 173568K, used 10352K [0x00000006c2800000, 0x00000006cd180000, 0x000000076b800000)
  object space 173568K, 5% used [0x00000006c2800000,0x00000006c321c070,0x00000006cd180000)
 Metaspace       used 8349K, capacity 8710K, committed 8960K, reserved 1056768K
  class space    used 658K, capacity 690K, committed 768K, reserved 1048576K
Event: 7.532 GC heap after
Heap after GC invocations=26 (full 0):
 PSYoungGen      total 357376K, used 224K [0x000000076b800000, 0x0000000792c80000, 0x00000007c0000000)
  eden space 356864K, 0% used [0x000000076b800000,0x000000076b800000,0x0000000781480000)
  from space 512K, 43% used [0x0000000792c00000,0x0000000792c38000,0x0000000792c80000)
  to   space 3072K, 0% used [0x0000000792680000,0x0000000792680000,0x0000000792980000)
 ParOldGen       total 173568K, used 10352K [0x00000006c2800000, 0x00000006cd180000, 0x000000076b800000)
  object space 173568K, 5% used [0x00000006c2800000,0x00000006c321c070,0x00000006cd180000)
 Metaspace       used 8349K, capacity 8710K, committed 8960K, reserved 1056768K
  class space    used 658K, capacity 690K, committed 768K, reserved 1048576K
}
Event: 7.799 GC heap before
{Heap before GC invocations=27 (full 0):
 PSYoungGen      total 357376K, used 357088K [0x000000076b800000, 0x0000000792c80000, 0x00000007c0000000)
  eden space 356864K, 100% used [0x000000076b800000,0x0000000781480000,0x0000000781480000)
  from space 512K, 43% used [0x0000000792c00000,0x0000000792c38000,0x0000000792c80000)
  to   space 3072K, 0% used [0x0000000792680000,0x0000000792680000,0x0000000792980000)
 ParOldGen       total 173568K, used 10352K [0x00000006c2800000, 0x00000006cd180000, 0x000000076b800000)
  object space 173568K, 5% used [0x00000006c2800000,0x00000006c321c070,0x00000006cd180000)
 Metaspace       used 8353K, capacity 8710K, committed 8960K, reserved 1056768K
  class space    used 658K, capacity 690K, committed 768K, reserved 1048576K
Event: 7.800 GC heap after
Heap after GC invocations=27 (full 0):
 PSYoungGen      total 345088K, used 224K [0x000000076b800000, 0x0000000792c80000, 0x00000007c0000000)
  eden space 342016K, 0% used [0x000000076b800000,0x000000076b800000,0x0000000780600000)
  from space 3072K, 7% used [0x0000000792680000,0x00000007926b8000,0x0000000792980000)
  to   space 3072K, 0% used [0x0000000792980000,0x0000000792980000,0x0000000792c80000)
 ParOldGen       total 173568K, used 10352K [0x00000006c2800000, 0x00000006cd180000, 0x000000076b800000)
  object space 173568K, 5% used [0x00000006c2800000,0x00000006c321c070,0x00000006cd180000)
 Metaspace       used 8353K, capacity 8710K, committed 8960K, reserved 1056768K
  class space    used 658K, capacity 690K, committed 768K, reserved 1048576K
}
Event: 8.151 GC heap before
{Heap before GC invocations=28 (full 0):
 PSYoungGen      total 345088K, used 342240K [0x000000076b800000, 0x0000000792c80000, 0x00000007c0000000)
  eden space 342016K, 100% used [0x000000076b800000,0x0000000780600000,0x0000000780600000)
  from space 3072K, 7% used [0x0000000792680000,0x00000007926b8000,0x0000000792980000)
  to   space 3072K, 0% used [0x0000000792980000,0x0000000792980000,0x0000000792c80000)
 ParOldGen       total 173568K, used 10352K [0x00000006c2800000, 0x00000006cd180000, 0x000000076b800000)
  object space 173568K, 5% used [0x00000006c2800000,0x00000006c321c070,0x00000006cd180000)
 Metaspace       used 8353K, capacity 8710K, committed 8960K, reserved 1056768K
  class space    used 658K, capacity 690K, committed 768K, reserved 1048576K
Event: 8.151 GC heap after
Heap after GC invocations=28 (full 0):
 PSYoungGen      total 328192K, used 224K [0x000000076b800000, 0x0000000792a00000, 0x00000007c0000000)
  eden space 327680K, 0% used [0x000000076b800000,0x000000076b800000,0x000000077f800000)
  from space 512K, 43% used [0x0000000792980000,0x00000007929b8000,0x0000000792a00000)
  to   space 3072K, 0% used [0x0000000792400000,0x0000000792400000,0x0000000792700000)
 ParOldGen       total 173568K, used 10376K [0x00000006c2800000, 0x00000006cd180000, 0x000000076b800000)
  object space 173568K, 5% used [0x00000006c2800000,0x00000006c3222070,0x00000006cd180000)
 Metaspace       used 8353K, capacity 8710K, committed 8960K, reserved 1056768K
  class space    used 658K, capacity 690K, committed 768K, reserved 1048576K
}
Event: 8.484 GC heap before
{Heap before GC invocations=29 (full 0):
 PSYoungGen      total 328192K, used 327904K [0x000000076b800000, 0x0000000792a00000, 0x00000007c0000000)
  eden space 327680K, 100% used [0x000000076b800000,0x000000077f800000,0x000000077f800000)
  from space 512K, 43% used [0x0000000792980000,0x00000007929b8000,0x0000000792a00000)
  to   space 3072K, 0% used [0x0000000792400000,0x0000000792400000,0x0000000792700000)
 ParOldGen       total 173568K, used 10376K [0x00000006c2800000, 0x00000006cd180000, 0x000000076b800000)
  object space 173568K, 5% used [0x00000006c2800000,0x00000006c3222070,0x00000006cd180000)
 Metaspace       used 8354K, capacity 8710K, committed 8960K, reserved 1056768K
  class space    used 659K, capacity 690K, committed 768K, reserved 1048576K
Event: 8.484 GC heap after
Heap after GC invocations=29 (full 0):
 PSYoungGen      total 317440K, used 256K [0x000000076b800000, 0x0000000792a00000, 0x00000007c0000000)
  eden space 314368K, 0% used [0x000000076b800000,0x000000076b800000,0x000000077eb00000)
  from space 3072K, 8% used [0x0000000792400000,0x0000000792440000,0x0000000792700000)
  to   space 2560K, 0% used [0x0000000792780000,0x0000000792780000,0x0000000792a00000)
 ParOldGen       total 173568K, used 10376K [0x00000006c2800000, 0x00000006cd180000, 0x000000076b800000)
  object space 173568K, 5% used [0x00000006c2800000,0x00000006c3222070,0x00000006cd180000)
 Metaspace       used 8354K, capacity 8710K, committed 8960K, reserved 1056768K
  class space    used 659K, capacity 690K, committed 768K, reserved 1048576K
}

