# JRE version: Java(TM) SE Runtime Environment (8.0_65-b17) (build 1.8.0_65-b17)
# Java VM: Java HotSpot(TM) 64-Bit Server VM (25.65-b01 mixed mode windows-amd64 compressed oops)
Heap:
 PSYoungGen      total 89088K, used 18782K [0x000000076b800000, 0x00000007a3400000, 0x00000007c0000000)
  eden space 88576K, 20% used [0x000000076b800000,0x000000076ca27960,0x0000000770e80000)
  from space 512K, 37% used [0x00000007a3380000,0x00000007a33b0000,0x00000007a3400000)
  to   space 512K, 0% used [0x00000007a3300000,0x00000007a3300000,0x00000007a3380000)
 ParOldGen       total 173568K, used 21882K [0x00000006c2800000, 0x00000006cd180000, 0x000000076b800000)
  object space 173568K, 12% used [0x00000006c2800000,0x00000006c3d5ea70,0x00000006cd180000)
 Metaspace       used 8414K, capacity 8774K, committed 8960K, reserved 1056768K
  class space    used 662K, capacity 690K, committed 768K, reserved 1048576K
GC Heap History (10 events):
Event: 34.938 GC heap before
{Heap before GC invocations=300 (full 0):
 PSYoungGen      total 67072K, used 66784K [0x000000076b800000, 0x00000007a3400000, 0x00000007c0000000)
  eden space 66560K, 100% used [0x000000076b800000,0x000000076f900000,0x000000076f900000)
  from space 512K, 43% used [0x00000007a3300000,0x00000007a3338000,0x00000007a3380000)
  to   space 512K, 0% used [0x00000007a3380000,0x00000007a3380000,0x00000007a3400000)
 ParOldGen       total 173568K, used 21882K [0x00000006c2800000, 0x00000006cd180000, 0x000000076b800000)
  object space 173568K, 12% used [0x00000006c2800000,0x00000006c3d5ea70,0x00000006cd180000)
 Metaspace       used 8414K, capacity 8774K, committed 8960K, reserved 1056768K
  class space    used 662K, capacity 690K, committed 768K, reserved 1048576K
Event: 34.939 GC heap after
Heap after GC invocations=300 (full 0):
 PSYoungGen      total 80384K, used 192K [0x000000076b800000, 0x00000007a3400000, 0x00000007c0000000)
  eden space 79872K, 0% used [0x000000076b800000,0x000000076b800000,0x0000000770600000)
  from space 512K, 37% used [0x00000007a3380000,0x00000007a33b0000,0x00000007a3400000)
  to   space 512K, 0% used [0x00000007a3300000,0x00000007a3300000,0x00000007a3380000)
 ParOldGen       total 173568K, used 21882K [0x00000006c2800000, 0x00000006cd180000, 0x000000076b800000)
  object space 173568K, 12% used [0x00000006c2800000,0x00000006c3d5ea70,0x00000006cd180000)
 Metaspace       used 8414K, capacity 8774K, committed 8960K, reserved 1056768K
  class space    used 662K, capacity 690K, committed 768K, reserved 1048576K
}
Event: 35.011 GC heap before
{Heap before GC invocations=301 (full 0):
 PSYoungGen      total 80384K, used 80064K [0x000000076b800000, 0x00000007a3400000, 0x00000007c0000000)
  eden space 79872K, 100% used [0x000000076b800000,0x0000000770600000,0x0000000770600000)
  from space 512K, 37% used [0x00000007a3380000,0x00000007a33b0000,0x00000007a3400000)
  to   space 512K, 0% used [0x00000007a3300000,0x00000007a3300000,0x00000007a3380000)
 ParOldGen       total 173568K, used 21882K [0x00000006c2800000, 0x00000006cd180000, 0x000000076b800000)
  object space 173568K, 12% used [0x00000006c2800000,0x00000006c3d5ea70,0x00000006cd180000)
 Metaspace       used 8414K, capacity 8774K, committed 8960K, reserved 1056768K
  class space    used 662K, capacity 690K, committed 768K, reserved 1048576K
Event: 35.012 GC heap after
Heap after GC invocations=301 (full 0):
 PSYoungGen      total 96768K, used 192K [0x000000076b800000, 0x00000007a3400000, 0x00000007c0000000)
  eden space 96256K, 0% used [0x000000076b800000,0x000000076b800000,0x0000000771600000)
  from space 512K, 37% used [0x00000007a3300000,0x00000007a3330000,0x00000007a3380000)
  to   space 512K, 0% used [0x00000007a3380000,0x00000007a3380000,0x00000007a3400000)
 ParOldGen       total 173568K, used 21882K [0x00000006c2800000, 0x00000006cd180000, 0x000000076b800000)
  object space 173568K, 12% used [0x00000006c2800000,0x00000006c3d5ea70,0x00000006cd180000)
 Metaspace       used 8414K, capacity 8774K, committed 8960K, reserved 1056768K
  class space    used 662K, capacity 690K, committed 768K, reserved 1048576K
}
Event: 35.126 GC heap before
{Heap before GC invocations=302 (full 0):
 PSYoungGen      total 96768K, used 96448K [0x000000076b800000, 0x00000007a3400000, 0x00000007c0000000)
  eden space 96256K, 100% used [0x000000076b800000,0x0000000771600000,0x0000000771600000)
  from space 512K, 37% used [0x00000007a3300000,0x00000007a3330000,0x00000007a3380000)
  to   space 512K, 0% used [0x00000007a3380000,0x00000007a3380000,0x00000007a3400000)
 ParOldGen       total 173568K, used 21882K [0x00000006c2800000, 0x00000006cd180000, 0x000000076b800000)
  object space 173568K, 12% used [0x00000006c2800000,0x00000006c3d5ea70,0x00000006cd180000)
 Metaspace       used 8414K, capacity 8774K, committed 8960K, reserved 1056768K
  class space    used 662K, capacity 690K, committed 768K, reserved 1048576K
Event: 35.126 GC heap after
Heap after GC invocations=302 (full 0):
 PSYoungGen      total 94208K, used 224K [0x000000076b800000, 0x00000007a3400000, 0x00000007c0000000)
  eden space 93696K, 0% used [0x000000076b800000,0x000000076b800000,0x0000000771380000)
  from space 512K, 43% used [0x00000007a3380000,0x00000007a33b8000,0x00000007a3400000)
  to   space 512K, 0% used [0x00000007a3300000,0x00000007a3300000,0x00000007a3380000)
 ParOldGen       total 173568K, used 21882K [0x00000006c2800000, 0x00000006cd180000, 0x000000076b800000)
  object space 173568K, 12% used [0x00000006c2800000,0x00000006c3d5ea70,0x00000006cd180000)
 Metaspace       used 8414K, capacity 8774K, committed 8960K, reserved 1056768K
  class space    used 662K, capacity 690K, committed 768K, reserved 1048576K
}
Event: 35.214 GC heap before
{Heap before GC invocations=303 (full 0):
 PSYoungGen      total 94208K, used 93920K [0x000000076b800000, 0x00000007a3400000, 0x00000007c0000000)
  eden space 93696K, 100% used [0x000000076b800000,0x0000000771380000,0x0000000771380000)
  from space 512K, 43% used [0x00000007a3380000,0x00000007a33b8000,0x00000007a3400000)
  to   space 512K, 0% used [0x00000007a3300000,0x00000007a3300000,0x00000007a3380000)
 ParOldGen       total 173568K, used 21882K [0x00000006c2800000, 0x00000006cd180000, 0x000000076b800000)
  object space 173568K, 12% used [0x00000006c2800000,0x00000006c3d5ea70,0x00000006cd180000)
 Metaspace       used 8414K, capacity 8774K, committed 8960K, reserved 1056768K
  class space    used 662K, capacity 690K, committed 768K, reserved 1048576K
Event: 35.215 GC heap after
Heap after GC invocations=303 (full 0):
 PSYoungGen      total 91648K, used 192K [0x000000076b800000, 0x00000007a3400000, 0x00000007c0000000)
  eden space 91136K, 0% used [0x000000076b800000,0x000000076b800000,0x0000000771100000)
  from space 512K, 37% used [0x00000007a3300000,0x00000007a3330000,0x00000007a3380000)
  to   space 512K, 0% used [0x00000007a3380000,0x00000007a3380000,0x00000007a3400000)
 ParOldGen       total 173568K, used 21882K [0x00000006c2800000, 0x00000006cd180000, 0x000000076b800000)
  object space 173568K, 12% used [0x00000006c2800000,0x00000006c3d5ea70,0x00000006cd180000)
 Metaspace       used 8414K, capacity 8774K, committed 8960K, reserved 1056768K
  class space    used 662K, capacity 690K, committed 768K, reserved 1048576K
}
Event: 35.286 GC heap before
{Heap before GC invocations=304 (full 0):
 PSYoungGen      total 91648K, used 91328K [0x000000076b800000, 0x00000007a3400000, 0x00000007c0000000)
  eden space 91136K, 100% used [0x000000076b800000,0x0000000771100000,0x0000000771100000)
  from space 512K, 37% used [0x00000007a3300000,0x00000007a3330000,0x00000007a3380000)
  to   space 512K, 0% used [0x00000007a3380000,0x00000007a3380000,0x00000007a3400000)
 ParOldGen       total 173568K, used 21882K [0x00000006c2800000, 0x00000006cd180000, 0x000000076b800000)
  object space 173568K, 12% used [0x00000006c2800000,0x00000006c3d5ea70,0x00000006cd180000)
 Metaspace       used 8414K, capacity 8774K, committed 8960K, reserved 1056768K
  class space    used 662K, capacity 690K, committed 768K, reserved 1048576K
Event: 35.287 GC heap after
Heap after GC invocations=304 (full 0):
 PSYoungGen      total 89088K, used 192K [0x000000076b800000, 0x00000007a3400000, 0x00000007c0000000)
  eden space 88576K, 0% used [0x000000076b800000,0x000000076b800000,0x0000000770e80000)
  from space 512K, 37% used [0x00000007a3380000,0x00000007a33b0000,0x00000007a3400000)
  to   space 512K, 0% used [0x00000007a3300000,0x00000007a3300000,0x00000007a3380000)
 ParOldGen       total 173568K, used 21882K [0x00000006c2800000, 0x00000006cd180000, 0x000000076b800000)
  object space 173568K, 12% used [0x00000006c2800000,0x00000006c3d5ea70,0x00000006cd180000)
 Metaspace       used 8414K, capacity 8774K, committed 8960K, reserved 1056768K
  class space    used 662K, capacity 690K, committed 768K, reserved 1048576K
}

