# JRE version: Java(TM) SE Runtime Environment (8.0_65-b17) (build 1.8.0_65-b17)
# Java VM: Java HotSpot(TM) 64-Bit Server VM (25.65-b01 mixed mode windows-amd64 compressed oops)
Heap:
 PSYoungGen      total 87552K, used 43346K [0x000000076b800000, 0x000000077a500000, 0x00000007c0000000)
  eden space 86528K, 49% used [0x000000076b800000,0x000000076e23caf8,0x0000000770c80000)
  from space 1024K, 9% used [0x000000077a300000,0x000000077a318000,0x000000077a400000)
  to   space 1024K, 0% used [0x000000077a400000,0x000000077a400000,0x000000077a500000)
 ParOldGen       total 173568K, used 1941K [0x00000006c2800000, 0x00000006cd180000, 0x000000076b800000)
  object space 173568K, 1% used [0x00000006c2800000,0x00000006c29e5578,0x00000006cd180000)
 Metaspace       used 8087K, capacity 8646K, committed 8960K, reserved 1056768K
  class space    used 646K, capacity 690K, committed 768K, reserved 1048576K
GC Heap History (10 events):
Event: 4.804 GC heap before
{Heap before GC invocations=35 (full 0):
 PSYoungGen      total 99328K, used 99008K [0x000000076b800000, 0x000000077a600000, 0x00000007c0000000)
  eden space 98816K, 100% used [0x000000076b800000,0x0000000771880000,0x0000000771880000)
  from space 512K, 37% used [0x000000077a580000,0x000000077a5b0000,0x000000077a600000)
  to   space 1024K, 0% used [0x000000077a400000,0x000000077a400000,0x000000077a500000)
 ParOldGen       total 173568K, used 1941K [0x00000006c2800000, 0x00000006cd180000, 0x000000076b800000)
  object space 173568K, 1% used [0x00000006c2800000,0x00000006c29e5578,0x00000006cd180000)
 Metaspace       used 8081K, capacity 8646K, committed 8960K, reserved 1056768K
  class space    used 646K, capacity 690K, committed 768K, reserved 1048576K
Event: 4.804 GC heap after
Heap after GC invocations=35 (full 0):
 PSYoungGen      total 97280K, used 160K [0x000000076b800000, 0x000000077a600000, 0x00000007c0000000)
  eden space 96256K, 0% used [0x000000076b800000,0x000000076b800000,0x0000000771600000)
  from space 1024K, 15% used [0x000000077a400000,0x000000077a428000,0x000000077a500000)
  to   space 1024K, 0% used [0x000000077a500000,0x000000077a500000,0x000000077a600000)
 ParOldGen       total 173568K, used 1941K [0x00000006c2800000, 0x00000006cd180000, 0x000000076b800000)
  object space 173568K, 1% used [0x00000006c2800000,0x00000006c29e5578,0x00000006cd180000)
 Metaspace       used 8081K, capacity 8646K, committed 8960K, reserved 1056768K
  class space    used 646K, capacity 690K, committed 768K, reserved 1048576K
}
Event: 4.912 GC heap before
{Heap before GC invocations=36 (full 0):
 PSYoungGen      total 97280K, used 96416K [0x000000076b800000, 0x000000077a600000, 0x00000007c0000000)
  eden space 96256K, 100% used [0x000000076b800000,0x0000000771600000,0x0000000771600000)
  from space 1024K, 15% used [0x000000077a400000,0x000000077a428000,0x000000077a500000)
  to   space 1024K, 0% used [0x000000077a500000,0x000000077a500000,0x000000077a600000)
 ParOldGen       total 173568K, used 1941K [0x00000006c2800000, 0x00000006cd180000, 0x000000076b800000)
  object space 173568K, 1% used [0x00000006c2800000,0x00000006c29e5578,0x00000006cd180000)
 Metaspace       used 8081K, capacity 8646K, committed 8960K, reserved 1056768K
  class space    used 646K, capacity 690K, committed 768K, reserved 1048576K
Event: 4.912 GC heap after
Heap after GC invocations=36 (full 0):
 PSYoungGen      total 94208K, used 160K [0x000000076b800000, 0x000000077a580000, 0x00000007c0000000)
  eden space 93696K, 0% used [0x000000076b800000,0x000000076b800000,0x0000000771380000)
  from space 512K, 31% used [0x000000077a500000,0x000000077a528000,0x000000077a580000)
  to   space 1024K, 0% used [0x000000077a380000,0x000000077a380000,0x000000077a480000)
 ParOldGen       total 173568K, used 1941K [0x00000006c2800000, 0x00000006cd180000, 0x000000076b800000)
  object space 173568K, 1% used [0x00000006c2800000,0x00000006c29e5578,0x00000006cd180000)
 Metaspace       used 8081K, capacity 8646K, committed 8960K, reserved 1056768K
  class space    used 646K, capacity 690K, committed 768K, reserved 1048576K
}
Event: 4.984 GC heap before
{Heap before GC invocations=37 (full 0):
 PSYoungGen      total 94208K, used 93856K [0x000000076b800000, 0x000000077a580000, 0x00000007c0000000)
  eden space 93696K, 100% used [0x000000076b800000,0x0000000771380000,0x0000000771380000)
  from space 512K, 31% used [0x000000077a500000,0x000000077a528000,0x000000077a580000)
  to   space 1024K, 0% used [0x000000077a380000,0x000000077a380000,0x000000077a480000)
 ParOldGen       total 173568K, used 1941K [0x00000006c2800000, 0x00000006cd180000, 0x000000076b800000)
  object space 173568K, 1% used [0x00000006c2800000,0x00000006c29e5578,0x00000006cd180000)
 Metaspace       used 8081K, capacity 8646K, committed 8960K, reserved 1056768K
  class space    used 646K, capacity 690K, committed 768K, reserved 1048576K
Event: 4.984 GC heap after
Heap after GC invocations=37 (full 0):
 PSYoungGen      total 92160K, used 160K [0x000000076b800000, 0x000000077a580000, 0x00000007c0000000)
  eden space 91136K, 0% used [0x000000076b800000,0x000000076b800000,0x0000000771100000)
  from space 1024K, 15% used [0x000000077a380000,0x000000077a3a8000,0x000000077a480000)
  to   space 1024K, 0% used [0x000000077a480000,0x000000077a480000,0x000000077a580000)
 ParOldGen       total 173568K, used 1941K [0x00000006c2800000, 0x00000006cd180000, 0x000000076b800000)
  object space 173568K, 1% used [0x00000006c2800000,0x00000006c29e5578,0x00000006cd180000)
 Metaspace       used 8081K, capacity 8646K, committed 8960K, reserved 1056768K
  class space    used 646K, capacity 690K, committed 768K, reserved 1048576K
}
Event: 5.058 GC heap before
{Heap before GC invocations=38 (full 0):
 PSYoungGen      total 92160K, used 91296K [0x000000076b800000, 0x000000077a580000, 0x00000007c0000000)
  eden space 91136K, 100% used [0x000000076b800000,0x0000000771100000,0x0000000771100000)
  from space 1024K, 15% used [0x000000077a380000,0x000000077a3a8000,0x000000077a480000)
  to   space 1024K, 0% used [0x000000077a480000,0x000000077a480000,0x000000077a580000)
 ParOldGen       total 173568K, used 1941K [0x00000006c2800000, 0x00000006cd180000, 0x000000076b800000)
  object space 173568K, 1% used [0x00000006c2800000,0x00000006c29e5578,0x00000006cd180000)
 Metaspace       used 8087K, capacity 8646K, committed 8960K, reserved 1056768K
  class space    used 646K, capacity 690K, committed 768K, reserved 1048576K
Event: 5.059 GC heap after
Heap after GC invocations=38 (full 0):
 PSYoungGen      total 89088K, used 160K [0x000000076b800000, 0x000000077a500000, 0x00000007c0000000)
  eden space 88576K, 0% used [0x000000076b800000,0x000000076b800000,0x0000000770e80000)
  from space 512K, 31% used [0x000000077a480000,0x000000077a4a8000,0x000000077a500000)
  to   space 1024K, 0% used [0x000000077a300000,0x000000077a300000,0x000000077a400000)
 ParOldGen       total 173568K, used 1941K [0x00000006c2800000, 0x00000006cd180000, 0x000000076b800000)
  object space 173568K, 1% used [0x00000006c2800000,0x00000006c29e5578,0x00000006cd180000)
 Metaspace       used 8087K, capacity 8646K, committed 8960K, reserved 1056768K
  class space    used 646K, capacity 690K, committed 768K, reserved 1048576K
}
Event: 5.144 GC heap before
{Heap before GC invocations=39 (full 0):
 PSYoungGen      total 89088K, used 88736K [0x000000076b800000, 0x000000077a500000, 0x00000007c0000000)
  eden space 88576K, 100% used [0x000000076b800000,0x0000000770e80000,0x0000000770e80000)
  from space 512K, 31% used [0x000000077a480000,0x000000077a4a8000,0x000000077a500000)
  to   space 1024K, 0% used [0x000000077a300000,0x000000077a300000,0x000000077a400000)
 ParOldGen       total 173568K, used 1941K [0x00000006c2800000, 0x00000006cd180000, 0x000000076b800000)
  object space 173568K, 1% used [0x00000006c2800000,0x00000006c29e5578,0x00000006cd180000)
 Metaspace       used 8087K, capacity 8646K, committed 8960K, reserved 1056768K
  class space    used 646K, capacity 690K, committed 768K, reserved 1048576K
Event: 5.144 GC heap after
Heap after GC invocations=39 (full 0):
 PSYoungGen      total 87552K, used 96K [0x000000076b800000, 0x000000077a500000, 0x00000007c0000000)
  eden space 86528K, 0% used [0x000000076b800000,0x000000076b800000,0x0000000770c80000)
  from space 1024K, 9% used [0x000000077a300000,0x000000077a318000,0x000000077a400000)
  to   space 1024K, 0% used [0x000000077a400000,0x000000077a400000,0x000000077a500000)
 ParOldGen       total 173568K, used 1941K [0x00000006c2800000, 0x00000006cd180000, 0x000000076b800000)
  object space 173568K, 1% used [0x00000006c2800000,0x00000006c29e5578,0x00000006cd180000)
 Metaspace       used 8087K, capacity 8646K, committed 8960K, reserved 1056768K
  class space    used 646K, capacity 690K, committed 768K, reserved 1048576K
}

