# JRE version: Java(TM) SE Runtime Environment (8.0_65-b17) (build 1.8.0_65-b17)
# Java VM: Java HotSpot(TM) 64-Bit Server VM (25.65-b01 mixed mode windows-amd64 compressed oops)
Heap:
 PSYoungGen      total 623616K, used 429144K [0x000000076b800000, 0x00000007bd080000, 0x00000007c0000000)
  eden space 623104K, 68% used [0x000000076b800000,0x0000000785ade380,0x0000000791880000)
  from space 512K, 43% used [0x00000007bd000000,0x00000007bd038000,0x00000007bd080000)
  to   space 6144K, 0% used [0x00000007bc480000,0x00000007bc480000,0x00000007bca80000)
 ParOldGen       total 173568K, used 27706K [0x00000006c2800000, 0x00000006cd180000, 0x000000076b800000)
  object space 173568K, 15% used [0x00000006c2800000,0x00000006c430e8c8,0x00000006cd180000)
 Metaspace       used 8405K, capacity 8774K, committed 8960K, reserved 1056768K
  class space    used 662K, capacity 690K, committed 768K, reserved 1048576K
GC Heap History (10 events):
Event: 8.674 GC heap before
{Heap before GC invocations=22 (full 0):
 PSYoungGen      total 794624K, used 786176K [0x000000076b800000, 0x00000007be400000, 0x00000007c0000000)
  eden space 785920K, 100% used [0x000000076b800000,0x000000079b780000,0x000000079b780000)
  from space 8704K, 2% used [0x00000007bd300000,0x00000007bd340000,0x00000007bdb80000)
  to   space 8192K, 0% used [0x00000007bdc00000,0x00000007bdc00000,0x00000007be400000)
 ParOldGen       total 173568K, used 27642K [0x00000006c2800000, 0x00000006cd180000, 0x000000076b800000)
  object space 173568K, 15% used [0x00000006c2800000,0x00000006c42fe8c8,0x00000006cd180000)
 Metaspace       used 8404K, capacity 8774K, committed 8960K, reserved 1056768K
  class space    used 662K, capacity 690K, committed 768K, reserved 1048576K
Event: 8.674 GC heap after
Heap after GC invocations=22 (full 0):
 PSYoungGen      total 750592K, used 256K [0x000000076b800000, 0x00000007bdc80000, 0x00000007c0000000)
  eden space 750080K, 0% used [0x000000076b800000,0x000000076b800000,0x0000000799480000)
  from space 512K, 50% used [0x00000007bdc00000,0x00000007bdc40000,0x00000007bdc80000)
  to   space 7680K, 0% used [0x00000007bcd80000,0x00000007bcd80000,0x00000007bd500000)
 ParOldGen       total 173568K, used 27666K [0x00000006c2800000, 0x00000006cd180000, 0x000000076b800000)
  object space 173568K, 15% used [0x00000006c2800000,0x00000006c43048c8,0x00000006cd180000)
 Metaspace       used 8404K, capacity 8774K, committed 8960K, reserved 1056768K
  class space    used 662K, capacity 690K, committed 768K, reserved 1048576K
}
Event: 9.220 GC heap before
{Heap before GC invocations=23 (full 0):
 PSYoungGen      total 750592K, used 750336K [0x000000076b800000, 0x00000007bdc80000, 0x00000007c0000000)
  eden space 750080K, 100% used [0x000000076b800000,0x0000000799480000,0x0000000799480000)
  from space 512K, 50% used [0x00000007bdc00000,0x00000007bdc40000,0x00000007bdc80000)
  to   space 7680K, 0% used [0x00000007bcd80000,0x00000007bcd80000,0x00000007bd500000)
 ParOldGen       total 173568K, used 27666K [0x00000006c2800000, 0x00000006cd180000, 0x000000076b800000)
  object space 173568K, 15% used [0x00000006c2800000,0x00000006c43048c8,0x00000006cd180000)
 Metaspace       used 8404K, capacity 8774K, committed 8960K, reserved 1056768K
  class space    used 662K, capacity 690K, committed 768K, reserved 1048576K
Event: 9.221 GC heap after
Heap after GC invocations=23 (full 0):
 PSYoungGen      total 723456K, used 256K [0x000000076b800000, 0x00000007bdc80000, 0x00000007c0000000)
  eden space 715776K, 0% used [0x000000076b800000,0x000000076b800000,0x0000000797300000)
  from space 7680K, 3% used [0x00000007bcd80000,0x00000007bcdc0000,0x00000007bd500000)
  to   space 7168K, 0% used [0x00000007bd580000,0x00000007bd580000,0x00000007bdc80000)
 ParOldGen       total 173568K, used 27690K [0x00000006c2800000, 0x00000006cd180000, 0x000000076b800000)
  object space 173568K, 15% used [0x00000006c2800000,0x00000006c430a8c8,0x00000006cd180000)
 Metaspace       used 8404K, capacity 8774K, committed 8960K, reserved 1056768K
  class space    used 662K, capacity 690K, committed 768K, reserved 1048576K
}
Event: 9.750 GC heap before
{Heap before GC invocations=24 (full 0):
 PSYoungGen      total 723456K, used 716032K [0x000000076b800000, 0x00000007bdc80000, 0x00000007c0000000)
  eden space 715776K, 100% used [0x000000076b800000,0x0000000797300000,0x0000000797300000)
  from space 7680K, 3% used [0x00000007bcd80000,0x00000007bcdc0000,0x00000007bd500000)
  to   space 7168K, 0% used [0x00000007bd580000,0x00000007bd580000,0x00000007bdc80000)
 ParOldGen       total 173568K, used 27690K [0x00000006c2800000, 0x00000006cd180000, 0x000000076b800000)
  object space 173568K, 15% used [0x00000006c2800000,0x00000006c430a8c8,0x00000006cd180000)
 Metaspace       used 8404K, capacity 8774K, committed 8960K, reserved 1056768K
  class space    used 662K, capacity 690K, committed 768K, reserved 1048576K
Event: 9.750 GC heap after
Heap after GC invocations=24 (full 0):
 PSYoungGen      total 683520K, used 224K [0x000000076b800000, 0x00000007bd600000, 0x00000007c0000000)
  eden space 683008K, 0% used [0x000000076b800000,0x000000076b800000,0x0000000795300000)
  from space 512K, 43% used [0x00000007bd580000,0x00000007bd5b8000,0x00000007bd600000)
  to   space 6656K, 0% used [0x00000007bc900000,0x00000007bc900000,0x00000007bcf80000)
 ParOldGen       total 173568K, used 27690K [0x00000006c2800000, 0x00000006cd180000, 0x000000076b800000)
  object space 173568K, 15% used [0x00000006c2800000,0x00000006c430a8c8,0x00000006cd180000)
 Metaspace       used 8404K, capacity 8774K, committed 8960K, reserved 1056768K
  class space    used 662K, capacity 690K, committed 768K, reserved 1048576K
}
Event: 10.405 GC heap before
{Heap before GC invocations=25 (full 0):
 PSYoungGen      total 683520K, used 683232K [0x000000076b800000, 0x00000007bd600000, 0x00000007c0000000)
  eden space 683008K, 100% used [0x000000076b800000,0x0000000795300000,0x0000000795300000)
  from space 512K, 43% used [0x00000007bd580000,0x00000007bd5b8000,0x00000007bd600000)
  to   space 6656K, 0% used [0x00000007bc900000,0x00000007bc900000,0x00000007bcf80000)
 ParOldGen       total 173568K, used 27690K [0x00000006c2800000, 0x00000006cd180000, 0x000000076b800000)
  object space 173568K, 15% used [0x00000006c2800000,0x00000006c430a8c8,0x00000006cd180000)
 Metaspace       used 8405K, capacity 8774K, committed 8960K, reserved 1056768K
  class space    used 662K, capacity 690K, committed 768K, reserved 1048576K
Event: 10.405 GC heap after
Heap after GC invocations=25 (full 0):
 PSYoungGen      total 658944K, used 256K [0x000000076b800000, 0x00000007bd600000, 0x00000007c0000000)
  eden space 652288K, 0% used [0x000000076b800000,0x000000076b800000,0x0000000793500000)
  from space 6656K, 3% used [0x00000007bc900000,0x00000007bc940000,0x00000007bcf80000)
  to   space 6144K, 0% used [0x00000007bd000000,0x00000007bd000000,0x00000007bd600000)
 ParOldGen       total 173568K, used 27690K [0x00000006c2800000, 0x00000006cd180000, 0x000000076b800000)
  object space 173568K, 15% used [0x00000006c2800000,0x00000006c430a8c8,0x00000006cd180000)
 Metaspace       used 8405K, capacity 8774K, committed 8960K, reserved 1056768K
  class space    used 662K, capacity 690K, committed 768K, reserved 1048576K
}
Event: 10.896 GC heap before
{Heap before GC invocations=26 (full 0):
 PSYoungGen      total 658944K, used 652544K [0x000000076b800000, 0x00000007bd600000, 0x00000007c0000000)
  eden space 652288K, 100% used [0x000000076b800000,0x0000000793500000,0x0000000793500000)
  from space 6656K, 3% used [0x00000007bc900000,0x00000007bc940000,0x00000007bcf80000)
  to   space 6144K, 0% used [0x00000007bd000000,0x00000007bd000000,0x00000007bd600000)
 ParOldGen       total 173568K, used 27690K [0x00000006c2800000, 0x00000006cd180000, 0x000000076b800000)
  object space 173568K, 15% used [0x00000006c2800000,0x00000006c430a8c8,0x00000006cd180000)
 Metaspace       used 8405K, capacity 8774K, committed 8960K, reserved 1056768K
  class space    used 662K, capacity 690K, committed 768K, reserved 1048576K
Event: 10.897 GC heap after
Heap after GC invocations=26 (full 0):
 PSYoungGen      total 623616K, used 224K [0x000000076b800000, 0x00000007bd080000, 0x00000007c0000000)
  eden space 623104K, 0% used [0x000000076b800000,0x000000076b800000,0x0000000791880000)
  from space 512K, 43% used [0x00000007bd000000,0x00000007bd038000,0x00000007bd080000)
  to   space 6144K, 0% used [0x00000007bc480000,0x00000007bc480000,0x00000007bca80000)
 ParOldGen       total 173568K, used 27706K [0x00000006c2800000, 0x00000006cd180000, 0x000000076b800000)
  object space 173568K, 15% used [0x00000006c2800000,0x00000006c430e8c8,0x00000006cd180000)
 Metaspace       used 8405K, capacity 8774K, committed 8960K, reserved 1056768K
  class space    used 662K, capacity 690K, committed 768K, reserved 1048576K
}

