# JRE version: Java(TM) SE Runtime Environment (8.0_65-b17) (build 1.8.0_65-b17)
# Java VM: Java HotSpot(TM) 64-Bit Server VM (25.65-b01 mixed mode windows-amd64 compressed oops)
Heap:
 PSYoungGen      total 421888K, used 236859K [0x000000076b800000, 0x00000007aa380000, 0x00000007c0000000)
  eden space 416256K, 56% used [0x000000076b800000,0x0000000779f16db8,0x0000000784e80000)
  from space 5632K, 3% used [0x00000007a9880000,0x00000007a98b8000,0x00000007a9e00000)
  to   space 5120K, 0% used [0x00000007a9e80000,0x00000007a9e80000,0x00000007aa380000)
 ParOldGen       total 173568K, used 14423K [0x00000006c2800000, 0x00000006cd180000, 0x000000076b800000)
  object space 173568K, 8% used [0x00000006c2800000,0x00000006c3615c68,0x00000006cd180000)
 Metaspace       used 8375K, capacity 8774K, committed 8960K, reserved 1056768K
  class space    used 661K, capacity 690K, committed 768K, reserved 1048576K
GC Heap History (10 events):
Event: 3.863 GC heap before
{Heap before GC invocations=19 (full 0):
 PSYoungGen      total 519680K, used 519360K [0x000000076b800000, 0x00000007aae80000, 0x00000007c0000000)
  eden space 519168K, 100% used [0x000000076b800000,0x000000078b300000,0x000000078b300000)
  from space 512K, 37% used [0x00000007aae00000,0x00000007aae30000,0x00000007aae80000)
  to   space 6656K, 0% used [0x00000007aa180000,0x00000007aa180000,0x00000007aa800000)
 ParOldGen       total 173568K, used 14407K [0x00000006c2800000, 0x00000006cd180000, 0x000000076b800000)
  object space 173568K, 8% used [0x00000006c2800000,0x00000006c3611c68,0x00000006cd180000)
 Metaspace       used 8373K, capacity 8774K, committed 8960K, reserved 1056768K
  class space    used 661K, capacity 690K, committed 768K, reserved 1048576K
Event: 3.864 GC heap after
Heap after GC invocations=19 (full 0):
 PSYoungGen      total 502784K, used 224K [0x000000076b800000, 0x00000007aae80000, 0x00000007c0000000)
  eden space 496128K, 0% used [0x000000076b800000,0x000000076b800000,0x0000000789c80000)
  from space 6656K, 3% used [0x00000007aa180000,0x00000007aa1b8000,0x00000007aa800000)
  to   space 6656K, 0% used [0x00000007aa800000,0x00000007aa800000,0x00000007aae80000)
 ParOldGen       total 173568K, used 14407K [0x00000006c2800000, 0x00000006cd180000, 0x000000076b800000)
  object space 173568K, 8% used [0x00000006c2800000,0x00000006c3611c68,0x00000006cd180000)
 Metaspace       used 8373K, capacity 8774K, committed 8960K, reserved 1056768K
  class space    used 661K, capacity 690K, committed 768K, reserved 1048576K
}
Event: 4.135 GC heap before
{Heap before GC invocations=20 (full 0):
 PSYoungGen      total 502784K, used 496352K [0x000000076b800000, 0x00000007aae80000, 0x00000007c0000000)
  eden space 496128K, 100% used [0x000000076b800000,0x0000000789c80000,0x0000000789c80000)
  from space 6656K, 3% used [0x00000007aa180000,0x00000007aa1b8000,0x00000007aa800000)
  to   space 6656K, 0% used [0x00000007aa800000,0x00000007aa800000,0x00000007aae80000)
 ParOldGen       total 173568K, used 14407K [0x00000006c2800000, 0x00000006cd180000, 0x000000076b800000)
  object space 173568K, 8% used [0x00000006c2800000,0x00000006c3611c68,0x00000006cd180000)
 Metaspace       used 8374K, capacity 8774K, committed 8960K, reserved 1056768K
  class space    used 661K, capacity 690K, committed 768K, reserved 1048576K
Event: 4.135 GC heap after
Heap after GC invocations=20 (full 0):
 PSYoungGen      total 475136K, used 224K [0x000000076b800000, 0x00000007aa880000, 0x00000007c0000000)
  eden space 474624K, 0% used [0x000000076b800000,0x000000076b800000,0x0000000788780000)
  from space 512K, 43% used [0x00000007aa800000,0x00000007aa838000,0x00000007aa880000)
  to   space 6144K, 0% used [0x00000007a9c80000,0x00000007a9c80000,0x00000007aa280000)
 ParOldGen       total 173568K, used 14415K [0x00000006c2800000, 0x00000006cd180000, 0x000000076b800000)
  object space 173568K, 8% used [0x00000006c2800000,0x00000006c3613c68,0x00000006cd180000)
 Metaspace       used 8374K, capacity 8774K, committed 8960K, reserved 1056768K
  class space    used 661K, capacity 690K, committed 768K, reserved 1048576K
}
Event: 4.336 GC heap before
{Heap before GC invocations=21 (full 0):
 PSYoungGen      total 475136K, used 474848K [0x000000076b800000, 0x00000007aa880000, 0x00000007c0000000)
  eden space 474624K, 100% used [0x000000076b800000,0x0000000788780000,0x0000000788780000)
  from space 512K, 43% used [0x00000007aa800000,0x00000007aa838000,0x00000007aa880000)
  to   space 6144K, 0% used [0x00000007a9c80000,0x00000007a9c80000,0x00000007aa280000)
 ParOldGen       total 173568K, used 14415K [0x00000006c2800000, 0x00000006cd180000, 0x000000076b800000)
  object space 173568K, 8% used [0x00000006c2800000,0x00000006c3613c68,0x00000006cd180000)
 Metaspace       used 8374K, capacity 8774K, committed 8960K, reserved 1056768K
  class space    used 661K, capacity 690K, committed 768K, reserved 1048576K
Event: 4.337 GC heap after
Heap after GC invocations=21 (full 0):
 PSYoungGen      total 460288K, used 192K [0x000000076b800000, 0x00000007aa880000, 0x00000007c0000000)
  eden space 454144K, 0% used [0x000000076b800000,0x000000076b800000,0x0000000787380000)
  from space 6144K, 3% used [0x00000007a9c80000,0x00000007a9cb0000,0x00000007aa280000)
  to   space 5632K, 0% used [0x00000007aa300000,0x00000007aa300000,0x00000007aa880000)
 ParOldGen       total 173568K, used 14423K [0x00000006c2800000, 0x00000006cd180000, 0x000000076b800000)
  object space 173568K, 8% used [0x00000006c2800000,0x00000006c3615c68,0x00000006cd180000)
 Metaspace       used 8374K, capacity 8774K, committed 8960K, reserved 1056768K
  class space    used 661K, capacity 690K, committed 768K, reserved 1048576K
}
Event: 4.533 GC heap before
{Heap before GC invocations=22 (full 0):
 PSYoungGen      total 460288K, used 454336K [0x000000076b800000, 0x00000007aa880000, 0x00000007c0000000)
  eden space 454144K, 100% used [0x000000076b800000,0x0000000787380000,0x0000000787380000)
  from space 6144K, 3% used [0x00000007a9c80000,0x00000007a9cb0000,0x00000007aa280000)
  to   space 5632K, 0% used [0x00000007aa300000,0x00000007aa300000,0x00000007aa880000)
 ParOldGen       total 173568K, used 14423K [0x00000006c2800000, 0x00000006cd180000, 0x000000076b800000)
  object space 173568K, 8% used [0x00000006c2800000,0x00000006c3615c68,0x00000006cd180000)
 Metaspace       used 8374K, capacity 8774K, committed 8960K, reserved 1056768K
  class space    used 661K, capacity 690K, committed 768K, reserved 1048576K
Event: 4.534 GC heap after
Heap after GC invocations=22 (full 0):
 PSYoungGen      total 435200K, used 224K [0x000000076b800000, 0x00000007aa380000, 0x00000007c0000000)
  eden space 434688K, 0% used [0x000000076b800000,0x000000076b800000,0x0000000786080000)
  from space 512K, 43% used [0x00000007aa300000,0x00000007aa338000,0x00000007aa380000)
  to   space 5632K, 0% used [0x00000007a9880000,0x00000007a9880000,0x00000007a9e00000)
 ParOldGen       total 173568K, used 14423K [0x00000006c2800000, 0x00000006cd180000, 0x000000076b800000)
  object space 173568K, 8% used [0x00000006c2800000,0x00000006c3615c68,0x00000006cd180000)
 Metaspace       used 8374K, capacity 8774K, committed 8960K, reserved 1056768K
  class space    used 661K, capacity 690K, committed 768K, reserved 1048576K
}
Event: 4.735 GC heap before
{Heap before GC invocations=23 (full 0):
 PSYoungGen      total 435200K, used 434912K [0x000000076b800000, 0x00000007aa380000, 0x00000007c0000000)
  eden space 434688K, 100% used [0x000000076b800000,0x0000000786080000,0x0000000786080000)
  from space 512K, 43% used [0x00000007aa300000,0x00000007aa338000,0x00000007aa380000)
  to   space 5632K, 0% used [0x00000007a9880000,0x00000007a9880000,0x00000007a9e00000)
 ParOldGen       total 173568K, used 14423K [0x00000006c2800000, 0x00000006cd180000, 0x000000076b800000)
  object space 173568K, 8% used [0x00000006c2800000,0x00000006c3615c68,0x00000006cd180000)
 Metaspace       used 8374K, capacity 8774K, committed 8960K, reserved 1056768K
  class space    used 661K, capacity 690K, committed 768K, reserved 1048576K
Event: 4.736 GC heap after
Heap after GC invocations=23 (full 0):
 PSYoungGen      total 421888K, used 224K [0x000000076b800000, 0x00000007aa380000, 0x00000007c0000000)
  eden space 416256K, 0% used [0x000000076b800000,0x000000076b800000,0x0000000784e80000)
  from space 5632K, 3% used [0x00000007a9880000,0x00000007a98b8000,0x00000007a9e00000)
  to   space 5120K, 0% used [0x00000007a9e80000,0x00000007a9e80000,0x00000007aa380000)
 ParOldGen       total 173568K, used 14423K [0x00000006c2800000, 0x00000006cd180000, 0x000000076b800000)
  object space 173568K, 8% used [0x00000006c2800000,0x00000006c3615c68,0x00000006cd180000)
 Metaspace       used 8374K, capacity 8774K, committed 8960K, reserved 1056768K
  class space    used 661K, capacity 690K, committed 768K, reserved 1048576K
}

