# JRE version: Java(TM) SE Runtime Environment (8.0_65-b17) (build 1.8.0_65-b17)
# Java VM: Java HotSpot(TM) 64-Bit Server VM (25.65-b01 mixed mode windows-amd64 compressed oops)
Heap:
 PSYoungGen      total 263680K, used 60215K [0x000000076b800000, 0x000000078a480000, 0x00000007c0000000)
  eden space 263168K, 22% used [0x000000076b800000,0x000000076f2a5fe8,0x000000077b900000)
  from space 512K, 31% used [0x000000078a400000,0x000000078a428000,0x000000078a480000)
  to   space 2048K, 0% used [0x000000078a080000,0x000000078a080000,0x000000078a280000)
 ParOldGen       total 173568K, used 1324K [0x00000006c2800000, 0x00000006cd180000, 0x000000076b800000)
  object space 173568K, 0% used [0x00000006c2800000,0x00000006c294b060,0x00000006cd180000)
 Metaspace       used 8253K, capacity 8614K, committed 8704K, reserved 1056768K
  class space    used 675K, capacity 722K, committed 768K, reserved 1048576K
GC Heap History (10 events):
Event: 3.679 GC heap before
{Heap before GC invocations=20 (full 0):
 PSYoungGen      total 325120K, used 322784K [0x000000076b800000, 0x000000078aa00000, 0x00000007c0000000)
  eden space 322560K, 100% used [0x000000076b800000,0x000000077f300000,0x000000077f300000)
  from space 2560K, 8% used [0x000000078a500000,0x000000078a538000,0x000000078a780000)
  to   space 2560K, 0% used [0x000000078a780000,0x000000078a780000,0x000000078aa00000)
 ParOldGen       total 173568K, used 1324K [0x00000006c2800000, 0x00000006cd180000, 0x000000076b800000)
  object space 173568K, 0% used [0x00000006c2800000,0x00000006c294b060,0x00000006cd180000)
 Metaspace       used 8251K, capacity 8614K, committed 8704K, reserved 1056768K
  class space    used 675K, capacity 722K, committed 768K, reserved 1048576K
Event: 3.680 GC heap after
Heap after GC invocations=20 (full 0):
 PSYoungGen      total 309760K, used 224K [0x000000076b800000, 0x000000078a800000, 0x00000007c0000000)
  eden space 309248K, 0% used [0x000000076b800000,0x000000076b800000,0x000000077e600000)
  from space 512K, 43% used [0x000000078a780000,0x000000078a7b8000,0x000000078a800000)
  to   space 2560K, 0% used [0x000000078a300000,0x000000078a300000,0x000000078a580000)
 ParOldGen       total 173568K, used 1324K [0x00000006c2800000, 0x00000006cd180000, 0x000000076b800000)
  object space 173568K, 0% used [0x00000006c2800000,0x00000006c294b060,0x00000006cd180000)
 Metaspace       used 8251K, capacity 8614K, committed 8704K, reserved 1056768K
  class space    used 675K, capacity 722K, committed 768K, reserved 1048576K
}
Event: 3.864 GC heap before
{Heap before GC invocations=21 (full 0):
 PSYoungGen      total 309760K, used 309472K [0x000000076b800000, 0x000000078a800000, 0x00000007c0000000)
  eden space 309248K, 100% used [0x000000076b800000,0x000000077e600000,0x000000077e600000)
  from space 512K, 43% used [0x000000078a780000,0x000000078a7b8000,0x000000078a800000)
  to   space 2560K, 0% used [0x000000078a300000,0x000000078a300000,0x000000078a580000)
 ParOldGen       total 173568K, used 1324K [0x00000006c2800000, 0x00000006cd180000, 0x000000076b800000)
  object space 173568K, 0% used [0x00000006c2800000,0x00000006c294b060,0x00000006cd180000)
 Metaspace       used 8251K, capacity 8614K, committed 8704K, reserved 1056768K
  class space    used 675K, capacity 722K, committed 768K, reserved 1048576K
Event: 3.865 GC heap after
Heap after GC invocations=21 (full 0):
 PSYoungGen      total 299520K, used 160K [0x000000076b800000, 0x000000078a800000, 0x00000007c0000000)
  eden space 296960K, 0% used [0x000000076b800000,0x000000076b800000,0x000000077da00000)
  from space 2560K, 6% used [0x000000078a300000,0x000000078a328000,0x000000078a580000)
  to   space 2560K, 0% used [0x000000078a580000,0x000000078a580000,0x000000078a800000)
 ParOldGen       total 173568K, used 1324K [0x00000006c2800000, 0x00000006cd180000, 0x000000076b800000)
  object space 173568K, 0% used [0x00000006c2800000,0x00000006c294b060,0x00000006cd180000)
 Metaspace       used 8251K, capacity 8614K, committed 8704K, reserved 1056768K
  class space    used 675K, capacity 722K, committed 768K, reserved 1048576K
}
Event: 4.042 GC heap before
{Heap before GC invocations=22 (full 0):
 PSYoungGen      total 299520K, used 297120K [0x000000076b800000, 0x000000078a800000, 0x00000007c0000000)
  eden space 296960K, 100% used [0x000000076b800000,0x000000077da00000,0x000000077da00000)
  from space 2560K, 6% used [0x000000078a300000,0x000000078a328000,0x000000078a580000)
  to   space 2560K, 0% used [0x000000078a580000,0x000000078a580000,0x000000078a800000)
 ParOldGen       total 173568K, used 1324K [0x00000006c2800000, 0x00000006cd180000, 0x000000076b800000)
  object space 173568K, 0% used [0x00000006c2800000,0x00000006c294b060,0x00000006cd180000)
 Metaspace       used 8251K, capacity 8614K, committed 8704K, reserved 1056768K
  class space    used 675K, capacity 722K, committed 768K, reserved 1048576K
Event: 4.043 GC heap after
Heap after GC invocations=22 (full 0):
 PSYoungGen      total 285696K, used 160K [0x000000076b800000, 0x000000078a600000, 0x00000007c0000000)
  eden space 285184K, 0% used [0x000000076b800000,0x000000076b800000,0x000000077ce80000)
  from space 512K, 31% used [0x000000078a580000,0x000000078a5a8000,0x000000078a600000)
  to   space 2048K, 0% used [0x000000078a200000,0x000000078a200000,0x000000078a400000)
 ParOldGen       total 173568K, used 1324K [0x00000006c2800000, 0x00000006cd180000, 0x000000076b800000)
  object space 173568K, 0% used [0x00000006c2800000,0x00000006c294b060,0x00000006cd180000)
 Metaspace       used 8251K, capacity 8614K, committed 8704K, reserved 1056768K
  class space    used 675K, capacity 722K, committed 768K, reserved 1048576K
}
Event: 4.178 GC heap before
{Heap before GC invocations=23 (full 0):
 PSYoungGen      total 285696K, used 285344K [0x000000076b800000, 0x000000078a600000, 0x00000007c0000000)
  eden space 285184K, 100% used [0x000000076b800000,0x000000077ce80000,0x000000077ce80000)
  from space 512K, 31% used [0x000000078a580000,0x000000078a5a8000,0x000000078a600000)
  to   space 2048K, 0% used [0x000000078a200000,0x000000078a200000,0x000000078a400000)
 ParOldGen       total 173568K, used 1324K [0x00000006c2800000, 0x00000006cd180000, 0x000000076b800000)
  object space 173568K, 0% used [0x00000006c2800000,0x00000006c294b060,0x00000006cd180000)
 Metaspace       used 8253K, capacity 8614K, committed 8704K, reserved 1056768K
  class space    used 675K, capacity 722K, committed 768K, reserved 1048576K
Event: 4.179 GC heap after
Heap after GC invocations=23 (full 0):
 PSYoungGen      total 275968K, used 160K [0x000000076b800000, 0x000000078a600000, 0x00000007c0000000)
  eden space 273920K, 0% used [0x000000076b800000,0x000000076b800000,0x000000077c380000)
  from space 2048K, 7% used [0x000000078a200000,0x000000078a228000,0x000000078a400000)
  to   space 2048K, 0% used [0x000000078a400000,0x000000078a400000,0x000000078a600000)
 ParOldGen       total 173568K, used 1324K [0x00000006c2800000, 0x00000006cd180000, 0x000000076b800000)
  object space 173568K, 0% used [0x00000006c2800000,0x00000006c294b060,0x00000006cd180000)
 Metaspace       used 8253K, capacity 8614K, committed 8704K, reserved 1056768K
  class space    used 675K, capacity 722K, committed 768K, reserved 1048576K
}
Event: 4.302 GC heap before
{Heap before GC invocations=24 (full 0):
 PSYoungGen      total 275968K, used 274080K [0x000000076b800000, 0x000000078a600000, 0x00000007c0000000)
  eden space 273920K, 100% used [0x000000076b800000,0x000000077c380000,0x000000077c380000)
  from space 2048K, 7% used [0x000000078a200000,0x000000078a228000,0x000000078a400000)
  to   space 2048K, 0% used [0x000000078a400000,0x000000078a400000,0x000000078a600000)
 ParOldGen       total 173568K, used 1324K [0x00000006c2800000, 0x00000006cd180000, 0x000000076b800000)
  object space 173568K, 0% used [0x00000006c2800000,0x00000006c294b060,0x00000006cd180000)
 Metaspace       used 8253K, capacity 8614K, committed 8704K, reserved 1056768K
  class space    used 675K, capacity 722K, committed 768K, reserved 1048576K
Event: 4.302 GC heap after
Heap after GC invocations=24 (full 0):
 PSYoungGen      total 263680K, used 160K [0x000000076b800000, 0x000000078a480000, 0x00000007c0000000)
  eden space 263168K, 0% used [0x000000076b800000,0x000000076b800000,0x000000077b900000)
  from space 512K, 31% used [0x000000078a400000,0x000000078a428000,0x000000078a480000)
  to   space 2048K, 0% used [0x000000078a080000,0x000000078a080000,0x000000078a280000)
 ParOldGen       total 173568K, used 1324K [0x00000006c2800000, 0x00000006cd180000, 0x000000076b800000)
  object space 173568K, 0% used [0x00000006c2800000,0x00000006c294b060,0x00000006cd180000)
 Metaspace       used 8253K, capacity 8614K, committed 8704K, reserved 1056768K
  class space    used 675K, capacity 722K, committed 768K, reserved 1048576K
}

