# JRE version: Java(TM) SE Runtime Environment (8.0_65-b17) (build 1.8.0_65-b17)
# Java VM: Java HotSpot(TM) 64-Bit Server VM (25.65-b01 mixed mode windows-amd64 compressed oops)
Heap:
 PSYoungGen      total 488960K, used 188782K [0x000000076b800000, 0x000000079b980000, 0x00000007c0000000)
  eden space 484864K, 38% used [0x000000076b800000,0x0000000777023838,0x0000000789180000)
  from space 4096K, 5% used [0x000000079b180000,0x000000079b1b8000,0x000000079b580000)
  to   space 4096K, 0% used [0x000000079b580000,0x000000079b580000,0x000000079b980000)
 ParOldGen       total 173568K, used 16553K [0x00000006c2800000, 0x00000006cd180000, 0x000000076b800000)
  object space 173568K, 9% used [0x00000006c2800000,0x00000006c382a6d8,0x00000006cd180000)
 Metaspace       used 8346K, capacity 8710K, committed 8960K, reserved 1056768K
  class space    used 660K, capacity 690K, committed 768K, reserved 1048576K
GC Heap History (10 events):
Event: 7.275 GC heap before
{Heap before GC invocations=23 (full 0):
 PSYoungGen      total 608256K, used 607968K [0x000000076b800000, 0x000000079c100000, 0x00000007c0000000)
  eden space 607744K, 100% used [0x000000076b800000,0x0000000790980000,0x0000000790980000)
  from space 512K, 43% used [0x000000079c080000,0x000000079c0b8000,0x000000079c100000)
  to   space 5120K, 0% used [0x000000079b700000,0x000000079b700000,0x000000079bc00000)
 ParOldGen       total 173568K, used 16537K [0x00000006c2800000, 0x00000006cd180000, 0x000000076b800000)
  object space 173568K, 9% used [0x00000006c2800000,0x00000006c38266d8,0x00000006cd180000)
 Metaspace       used 8342K, capacity 8710K, committed 8960K, reserved 1056768K
  class space    used 660K, capacity 690K, committed 768K, reserved 1048576K
Event: 7.276 GC heap after
Heap after GC invocations=23 (full 0):
 PSYoungGen      total 585728K, used 224K [0x000000076b800000, 0x000000079c100000, 0x00000007c0000000)
  eden space 580608K, 0% used [0x000000076b800000,0x000000076b800000,0x000000078ef00000)
  from space 5120K, 4% used [0x000000079b700000,0x000000079b738000,0x000000079bc00000)
  to   space 4608K, 0% used [0x000000079bc80000,0x000000079bc80000,0x000000079c100000)
 ParOldGen       total 173568K, used 16537K [0x00000006c2800000, 0x00000006cd180000, 0x000000076b800000)
  object space 173568K, 9% used [0x00000006c2800000,0x00000006c38266d8,0x00000006cd180000)
 Metaspace       used 8342K, capacity 8710K, committed 8960K, reserved 1056768K
  class space    used 660K, capacity 690K, committed 768K, reserved 1048576K
}
Event: 7.793 GC heap before
{Heap before GC invocations=24 (full 0):
 PSYoungGen      total 585728K, used 580832K [0x000000076b800000, 0x000000079c100000, 0x00000007c0000000)
  eden space 580608K, 100% used [0x000000076b800000,0x000000078ef00000,0x000000078ef00000)
  from space 5120K, 4% used [0x000000079b700000,0x000000079b738000,0x000000079bc00000)
  to   space 4608K, 0% used [0x000000079bc80000,0x000000079bc80000,0x000000079c100000)
 ParOldGen       total 173568K, used 16537K [0x00000006c2800000, 0x00000006cd180000, 0x000000076b800000)
  object space 173568K, 9% used [0x00000006c2800000,0x00000006c38266d8,0x00000006cd180000)
 Metaspace       used 8342K, capacity 8710K, committed 8960K, reserved 1056768K
  class space    used 660K, capacity 690K, committed 768K, reserved 1048576K
Event: 7.794 GC heap after
Heap after GC invocations=24 (full 0):
 PSYoungGen      total 555520K, used 224K [0x000000076b800000, 0x000000079bd00000, 0x00000007c0000000)
  eden space 555008K, 0% used [0x000000076b800000,0x000000076b800000,0x000000078d600000)
  from space 512K, 43% used [0x000000079bc80000,0x000000079bcb8000,0x000000079bd00000)
  to   space 4608K, 0% used [0x000000079b400000,0x000000079b400000,0x000000079b880000)
 ParOldGen       total 173568K, used 16537K [0x00000006c2800000, 0x00000006cd180000, 0x000000076b800000)
  object space 173568K, 9% used [0x00000006c2800000,0x00000006c38266d8,0x00000006cd180000)
 Metaspace       used 8342K, capacity 8710K, committed 8960K, reserved 1056768K
  class space    used 660K, capacity 690K, committed 768K, reserved 1048576K
}
Event: 8.225 GC heap before
{Heap before GC invocations=25 (full 0):
 PSYoungGen      total 555520K, used 555232K [0x000000076b800000, 0x000000079bd00000, 0x00000007c0000000)
  eden space 555008K, 100% used [0x000000076b800000,0x000000078d600000,0x000000078d600000)
  from space 512K, 43% used [0x000000079bc80000,0x000000079bcb8000,0x000000079bd00000)
  to   space 4608K, 0% used [0x000000079b400000,0x000000079b400000,0x000000079b880000)
 ParOldGen       total 173568K, used 16537K [0x00000006c2800000, 0x00000006cd180000, 0x000000076b800000)
  object space 173568K, 9% used [0x00000006c2800000,0x00000006c38266d8,0x00000006cd180000)
 Metaspace       used 8342K, capacity 8710K, committed 8960K, reserved 1056768K
  class space    used 660K, capacity 690K, committed 768K, reserved 1048576K
Event: 8.225 GC heap after
Heap after GC invocations=25 (full 0):
 PSYoungGen      total 535040K, used 256K [0x000000076b800000, 0x000000079bd00000, 0x00000007c0000000)
  eden space 530432K, 0% used [0x000000076b800000,0x000000076b800000,0x000000078be00000)
  from space 4608K, 5% used [0x000000079b400000,0x000000079b440000,0x000000079b880000)
  to   space 4096K, 0% used [0x000000079b900000,0x000000079b900000,0x000000079bd00000)
 ParOldGen       total 173568K, used 16553K [0x00000006c2800000, 0x00000006cd180000, 0x000000076b800000)
  object space 173568K, 9% used [0x00000006c2800000,0x00000006c382a6d8,0x00000006cd180000)
 Metaspace       used 8342K, capacity 8710K, committed 8960K, reserved 1056768K
  class space    used 660K, capacity 690K, committed 768K, reserved 1048576K
}
Event: 8.619 GC heap before
{Heap before GC invocations=26 (full 0):
 PSYoungGen      total 535040K, used 530688K [0x000000076b800000, 0x000000079bd00000, 0x00000007c0000000)
  eden space 530432K, 100% used [0x000000076b800000,0x000000078be00000,0x000000078be00000)
  from space 4608K, 5% used [0x000000079b400000,0x000000079b440000,0x000000079b880000)
  to   space 4096K, 0% used [0x000000079b900000,0x000000079b900000,0x000000079bd00000)
 ParOldGen       total 173568K, used 16553K [0x00000006c2800000, 0x00000006cd180000, 0x000000076b800000)
  object space 173568K, 9% used [0x00000006c2800000,0x00000006c382a6d8,0x00000006cd180000)
 Metaspace       used 8342K, capacity 8710K, committed 8960K, reserved 1056768K
  class space    used 660K, capacity 690K, committed 768K, reserved 1048576K
Event: 8.620 GC heap after
Heap after GC invocations=26 (full 0):
 PSYoungGen      total 507392K, used 192K [0x000000076b800000, 0x000000079b980000, 0x00000007c0000000)
  eden space 506880K, 0% used [0x000000076b800000,0x000000076b800000,0x000000078a700000)
  from space 512K, 37% used [0x000000079b900000,0x000000079b930000,0x000000079b980000)
  to   space 4096K, 0% used [0x000000079b180000,0x000000079b180000,0x000000079b580000)
 ParOldGen       total 173568K, used 16553K [0x00000006c2800000, 0x00000006cd180000, 0x000000076b800000)
  object space 173568K, 9% used [0x00000006c2800000,0x00000006c382a6d8,0x00000006cd180000)
 Metaspace       used 8342K, capacity 8710K, committed 8960K, reserved 1056768K
  class space    used 660K, capacity 690K, committed 768K, reserved 1048576K
}
Event: 8.988 GC heap before
{Heap before GC invocations=27 (full 0):
 PSYoungGen      total 507392K, used 507072K [0x000000076b800000, 0x000000079b980000, 0x00000007c0000000)
  eden space 506880K, 100% used [0x000000076b800000,0x000000078a700000,0x000000078a700000)
  from space 512K, 37% used [0x000000079b900000,0x000000079b930000,0x000000079b980000)
  to   space 4096K, 0% used [0x000000079b180000,0x000000079b180000,0x000000079b580000)
 ParOldGen       total 173568K, used 16553K [0x00000006c2800000, 0x00000006cd180000, 0x000000076b800000)
  object space 173568K, 9% used [0x00000006c2800000,0x00000006c382a6d8,0x00000006cd180000)
 Metaspace       used 8346K, capacity 8710K, committed 8960K, reserved 1056768K
  class space    used 660K, capacity 690K, committed 768K, reserved 1048576K
Event: 8.989 GC heap after
Heap after GC invocations=27 (full 0):
 PSYoungGen      total 488960K, used 224K [0x000000076b800000, 0x000000079b980000, 0x00000007c0000000)
  eden space 484864K, 0% used [0x000000076b800000,0x000000076b800000,0x0000000789180000)
  from space 4096K, 5% used [0x000000079b180000,0x000000079b1b8000,0x000000079b580000)
  to   space 4096K, 0% used [0x000000079b580000,0x000000079b580000,0x000000079b980000)
 ParOldGen       total 173568K, used 16553K [0x00000006c2800000, 0x00000006cd180000, 0x000000076b800000)
  object space 173568K, 9% used [0x00000006c2800000,0x00000006c382a6d8,0x00000006cd180000)
 Metaspace       used 8346K, capacity 8710K, committed 8960K, reserved 1056768K
  class space    used 660K, capacity 690K, committed 768K, reserved 1048576K
}

