# JRE version: Java(TM) SE Runtime Environment (8.0_65-b17) (build 1.8.0_65-b17)
# Java VM: Java HotSpot(TM) 64-Bit Server VM (25.65-b01 mixed mode windows-amd64 compressed oops)
Heap:
 PSYoungGen      total 487936K, used 397314K [0x000000076b800000, 0x00000007bba00000, 0x00000007c0000000)
  eden space 487424K, 81% used [0x000000076b800000,0x0000000783bc8b50,0x0000000789400000)
  from space 512K, 43% used [0x00000007bb980000,0x00000007bb9b8000,0x00000007bba00000)
  to   space 3072K, 0% used [0x00000007bb400000,0x00000007bb400000,0x00000007bb700000)
 ParOldGen       total 173568K, used 22254K [0x00000006c2800000, 0x00000006cd180000, 0x000000076b800000)
  object space 173568K, 12% used [0x00000006c2800000,0x00000006c3dbbb00,0x00000006cd180000)
 Metaspace       used 8282K, capacity 8710K, committed 8960K, reserved 1056768K
  class space    used 654K, capacity 690K, committed 768K, reserved 1048576K
GC Heap History (10 events):
Event: 16.574 GC heap before
{Heap before GC invocations=30 (full 0):
 PSYoungGen      total 615936K, used 611584K [0x000000076b800000, 0x00000007bc480000, 0x00000007c0000000)
  eden space 611328K, 100% used [0x000000076b800000,0x0000000790d00000,0x0000000790d00000)
  from space 4608K, 5% used [0x00000007bbb80000,0x00000007bbbc0000,0x00000007bc000000)
  to   space 4608K, 0% used [0x00000007bc000000,0x00000007bc000000,0x00000007bc480000)
 ParOldGen       total 173568K, used 22254K [0x00000006c2800000, 0x00000006cd180000, 0x000000076b800000)
  object space 173568K, 12% used [0x00000006c2800000,0x00000006c3dbbb00,0x00000006cd180000)
 Metaspace       used 8282K, capacity 8710K, committed 8960K, reserved 1056768K
  class space    used 654K, capacity 690K, committed 768K, reserved 1048576K
Event: 16.574 GC heap after
Heap after GC invocations=30 (full 0):
 PSYoungGen      total 584704K, used 224K [0x000000076b800000, 0x00000007bc080000, 0x00000007c0000000)
  eden space 584192K, 0% used [0x000000076b800000,0x000000076b800000,0x000000078f280000)
  from space 512K, 43% used [0x00000007bc000000,0x00000007bc038000,0x00000007bc080000)
  to   space 4096K, 0% used [0x00000007bb880000,0x00000007bb880000,0x00000007bbc80000)
 ParOldGen       total 173568K, used 22254K [0x00000006c2800000, 0x00000006cd180000, 0x000000076b800000)
  object space 173568K, 12% used [0x00000006c2800000,0x00000006c3dbbb00,0x00000006cd180000)
 Metaspace       used 8282K, capacity 8710K, committed 8960K, reserved 1056768K
  class space    used 654K, capacity 690K, committed 768K, reserved 1048576K
}
Event: 17.031 GC heap before
{Heap before GC invocations=31 (full 0):
 PSYoungGen      total 584704K, used 584416K [0x000000076b800000, 0x00000007bc080000, 0x00000007c0000000)
  eden space 584192K, 100% used [0x000000076b800000,0x000000078f280000,0x000000078f280000)
  from space 512K, 43% used [0x00000007bc000000,0x00000007bc038000,0x00000007bc080000)
  to   space 4096K, 0% used [0x00000007bb880000,0x00000007bb880000,0x00000007bbc80000)
 ParOldGen       total 173568K, used 22254K [0x00000006c2800000, 0x00000006cd180000, 0x000000076b800000)
  object space 173568K, 12% used [0x00000006c2800000,0x00000006c3dbbb00,0x00000006cd180000)
 Metaspace       used 8282K, capacity 8710K, committed 8960K, reserved 1056768K
  class space    used 654K, capacity 690K, committed 768K, reserved 1048576K
Event: 17.031 GC heap after
Heap after GC invocations=31 (full 0):
 PSYoungGen      total 562176K, used 224K [0x000000076b800000, 0x00000007bc080000, 0x00000007c0000000)
  eden space 558080K, 0% used [0x000000076b800000,0x000000076b800000,0x000000078d900000)
  from space 4096K, 5% used [0x00000007bb880000,0x00000007bb8b8000,0x00000007bbc80000)
  to   space 4096K, 0% used [0x00000007bbc80000,0x00000007bbc80000,0x00000007bc080000)
 ParOldGen       total 173568K, used 22254K [0x00000006c2800000, 0x00000006cd180000, 0x000000076b800000)
  object space 173568K, 12% used [0x00000006c2800000,0x00000006c3dbbb00,0x00000006cd180000)
 Metaspace       used 8282K, capacity 8710K, committed 8960K, reserved 1056768K
  class space    used 654K, capacity 690K, committed 768K, reserved 1048576K
}
Event: 17.612 GC heap before
{Heap before GC invocations=32 (full 0):
 PSYoungGen      total 562176K, used 558304K [0x000000076b800000, 0x00000007bc080000, 0x00000007c0000000)
  eden space 558080K, 100% used [0x000000076b800000,0x000000078d900000,0x000000078d900000)
  from space 4096K, 5% used [0x00000007bb880000,0x00000007bb8b8000,0x00000007bbc80000)
  to   space 4096K, 0% used [0x00000007bbc80000,0x00000007bbc80000,0x00000007bc080000)
 ParOldGen       total 173568K, used 22254K [0x00000006c2800000, 0x00000006cd180000, 0x000000076b800000)
  object space 173568K, 12% used [0x00000006c2800000,0x00000006c3dbbb00,0x00000006cd180000)
 Metaspace       used 8282K, capacity 8710K, committed 8960K, reserved 1056768K
  class space    used 654K, capacity 690K, committed 768K, reserved 1048576K
Event: 17.613 GC heap after
Heap after GC invocations=32 (full 0):
 PSYoungGen      total 534016K, used 224K [0x000000076b800000, 0x00000007bbd00000, 0x00000007c0000000)
  eden space 533504K, 0% used [0x000000076b800000,0x000000076b800000,0x000000078c100000)
  from space 512K, 43% used [0x00000007bbc80000,0x00000007bbcb8000,0x00000007bbd00000)
  to   space 3584K, 0% used [0x00000007bb600000,0x00000007bb600000,0x00000007bb980000)
 ParOldGen       total 173568K, used 22254K [0x00000006c2800000, 0x00000006cd180000, 0x000000076b800000)
  object space 173568K, 12% used [0x00000006c2800000,0x00000006c3dbbb00,0x00000006cd180000)
 Metaspace       used 8282K, capacity 8710K, committed 8960K, reserved 1056768K
  class space    used 654K, capacity 690K, committed 768K, reserved 1048576K
}
Event: 18.045 GC heap before
{Heap before GC invocations=33 (full 0):
 PSYoungGen      total 534016K, used 533728K [0x000000076b800000, 0x00000007bbd00000, 0x00000007c0000000)
  eden space 533504K, 100% used [0x000000076b800000,0x000000078c100000,0x000000078c100000)
  from space 512K, 43% used [0x00000007bbc80000,0x00000007bbcb8000,0x00000007bbd00000)
  to   space 3584K, 0% used [0x00000007bb600000,0x00000007bb600000,0x00000007bb980000)
 ParOldGen       total 173568K, used 22254K [0x00000006c2800000, 0x00000006cd180000, 0x000000076b800000)
  object space 173568K, 12% used [0x00000006c2800000,0x00000006c3dbbb00,0x00000006cd180000)
 Metaspace       used 8282K, capacity 8710K, committed 8960K, reserved 1056768K
  class space    used 654K, capacity 690K, committed 768K, reserved 1048576K
Event: 18.045 GC heap after
Heap after GC invocations=33 (full 0):
 PSYoungGen      total 513536K, used 224K [0x000000076b800000, 0x00000007bbd00000, 0x00000007c0000000)
  eden space 509952K, 0% used [0x000000076b800000,0x000000076b800000,0x000000078aa00000)
  from space 3584K, 6% used [0x00000007bb600000,0x00000007bb638000,0x00000007bb980000)
  to   space 3584K, 0% used [0x00000007bb980000,0x00000007bb980000,0x00000007bbd00000)
 ParOldGen       total 173568K, used 22254K [0x00000006c2800000, 0x00000006cd180000, 0x000000076b800000)
  object space 173568K, 12% used [0x00000006c2800000,0x00000006c3dbbb00,0x00000006cd180000)
 Metaspace       used 8282K, capacity 8710K, committed 8960K, reserved 1056768K
  class space    used 654K, capacity 690K, committed 768K, reserved 1048576K
}
Event: 18.525 GC heap before
{Heap before GC invocations=34 (full 0):
 PSYoungGen      total 513536K, used 510176K [0x000000076b800000, 0x00000007bbd00000, 0x00000007c0000000)
  eden space 509952K, 100% used [0x000000076b800000,0x000000078aa00000,0x000000078aa00000)
  from space 3584K, 6% used [0x00000007bb600000,0x00000007bb638000,0x00000007bb980000)
  to   space 3584K, 0% used [0x00000007bb980000,0x00000007bb980000,0x00000007bbd00000)
 ParOldGen       total 173568K, used 22254K [0x00000006c2800000, 0x00000006cd180000, 0x000000076b800000)
  object space 173568K, 12% used [0x00000006c2800000,0x00000006c3dbbb00,0x00000006cd180000)
 Metaspace       used 8282K, capacity 8710K, committed 8960K, reserved 1056768K
  class space    used 654K, capacity 690K, committed 768K, reserved 1048576K
Event: 18.526 GC heap after
Heap after GC invocations=34 (full 0):
 PSYoungGen      total 487936K, used 224K [0x000000076b800000, 0x00000007bba00000, 0x00000007c0000000)
  eden space 487424K, 0% used [0x000000076b800000,0x000000076b800000,0x0000000789400000)
  from space 512K, 43% used [0x00000007bb980000,0x00000007bb9b8000,0x00000007bba00000)
  to   space 3072K, 0% used [0x00000007bb400000,0x00000007bb400000,0x00000007bb700000)
 ParOldGen       total 173568K, used 22254K [0x00000006c2800000, 0x00000006cd180000, 0x000000076b800000)
  object space 173568K, 12% used [0x00000006c2800000,0x00000006c3dbbb00,0x00000006cd180000)
 Metaspace       used 8282K, capacity 8710K, committed 8960K, reserved 1056768K
  class space    used 654K, capacity 690K, committed 768K, reserved 1048576K
}

