# JRE version: Java(TM) SE Runtime Environment (8.0_65-b17) (build 1.8.0_65-b17)
# Java VM: Java HotSpot(TM) 64-Bit Server VM (25.65-b01 mixed mode windows-amd64 compressed oops)
Heap:
 PSYoungGen      total 750592K, used 485466K [0x000000076b800000, 0x00000007bd580000, 0x00000007c0000000)
  eden space 750080K, 64% used [0x000000076b800000,0x00000007891debd8,0x0000000799480000)
  from space 512K, 43% used [0x00000007bd500000,0x00000007bd538000,0x00000007bd580000)
  to   space 9216K, 0% used [0x00000007bc380000,0x00000007bc380000,0x00000007bcc80000)
 ParOldGen       total 173568K, used 27971K [0x00000006c2800000, 0x00000006cd180000, 0x000000076b800000)
  object space 173568K, 16% used [0x00000006c2800000,0x00000006c4350e30,0x00000006cd180000)
 Metaspace       used 8389K, capacity 8774K, committed 8960K, reserved 1056768K
  class space    used 661K, capacity 690K, committed 768K, reserved 1048576K
GC Heap History (10 events):
Event: 4.416 GC heap before
{Heap before GC invocations=18 (full 0):
 PSYoungGen      total 962048K, used 949984K [0x000000076b800000, 0x00000007bf380000, 0x00000007c0000000)
  eden space 949760K, 100% used [0x000000076b800000,0x00000007a5780000,0x00000007a5780000)
  from space 12288K, 1% used [0x00000007bdb80000,0x00000007bdbb8000,0x00000007be780000)
  to   space 11776K, 0% used [0x00000007be800000,0x00000007be800000,0x00000007bf380000)
 ParOldGen       total 173568K, used 27939K [0x00000006c2800000, 0x00000006cd180000, 0x000000076b800000)
  object space 173568K, 16% used [0x00000006c2800000,0x00000006c4348e30,0x00000006cd180000)
 Metaspace       used 8379K, capacity 8774K, committed 8960K, reserved 1056768K
  class space    used 661K, capacity 690K, committed 768K, reserved 1048576K
Event: 4.416 GC heap after
Heap after GC invocations=18 (full 0):
 PSYoungGen      total 906240K, used 256K [0x000000076b800000, 0x00000007be880000, 0x00000007c0000000)
  eden space 905728K, 0% used [0x000000076b800000,0x000000076b800000,0x00000007a2c80000)
  from space 512K, 50% used [0x00000007be800000,0x00000007be840000,0x00000007be880000)
  to   space 11264K, 0% used [0x00000007bd280000,0x00000007bd280000,0x00000007bdd80000)
 ParOldGen       total 173568K, used 27947K [0x00000006c2800000, 0x00000006cd180000, 0x000000076b800000)
  object space 173568K, 16% used [0x00000006c2800000,0x00000006c434ae30,0x00000006cd180000)
 Metaspace       used 8379K, capacity 8774K, committed 8960K, reserved 1056768K
  class space    used 661K, capacity 690K, committed 768K, reserved 1048576K
}
Event: 4.839 GC heap before
{Heap before GC invocations=19 (full 0):
 PSYoungGen      total 906240K, used 905984K [0x000000076b800000, 0x00000007be880000, 0x00000007c0000000)
  eden space 905728K, 100% used [0x000000076b800000,0x00000007a2c80000,0x00000007a2c80000)
  from space 512K, 50% used [0x00000007be800000,0x00000007be840000,0x00000007be880000)
  to   space 11264K, 0% used [0x00000007bd280000,0x00000007bd280000,0x00000007bdd80000)
 ParOldGen       total 173568K, used 27947K [0x00000006c2800000, 0x00000006cd180000, 0x000000076b800000)
  object space 173568K, 16% used [0x00000006c2800000,0x00000006c434ae30,0x00000006cd180000)
 Metaspace       used 8383K, capacity 8774K, committed 8960K, reserved 1056768K
  class space    used 661K, capacity 690K, committed 768K, reserved 1048576K
Event: 4.840 GC heap after
Heap after GC invocations=19 (full 0):
 PSYoungGen      total 875008K, used 160K [0x000000076b800000, 0x00000007be880000, 0x00000007c0000000)
  eden space 863744K, 0% used [0x000000076b800000,0x000000076b800000,0x00000007a0380000)
  from space 11264K, 1% used [0x00000007bd280000,0x00000007bd2a8000,0x00000007bdd80000)
  to   space 10752K, 0% used [0x00000007bde00000,0x00000007bde00000,0x00000007be880000)
 ParOldGen       total 173568K, used 27947K [0x00000006c2800000, 0x00000006cd180000, 0x000000076b800000)
  object space 173568K, 16% used [0x00000006c2800000,0x00000006c434ae30,0x00000006cd180000)
 Metaspace       used 8383K, capacity 8774K, committed 8960K, reserved 1056768K
  class space    used 661K, capacity 690K, committed 768K, reserved 1048576K
}
Event: 5.229 GC heap before
{Heap before GC invocations=20 (full 0):
 PSYoungGen      total 875008K, used 863904K [0x000000076b800000, 0x00000007be880000, 0x00000007c0000000)
  eden space 863744K, 100% used [0x000000076b800000,0x00000007a0380000,0x00000007a0380000)
  from space 11264K, 1% used [0x00000007bd280000,0x00000007bd2a8000,0x00000007bdd80000)
  to   space 10752K, 0% used [0x00000007bde00000,0x00000007bde00000,0x00000007be880000)
 ParOldGen       total 173568K, used 27947K [0x00000006c2800000, 0x00000006cd180000, 0x000000076b800000)
  object space 173568K, 16% used [0x00000006c2800000,0x00000006c434ae30,0x00000006cd180000)
 Metaspace       used 8383K, capacity 8774K, committed 8960K, reserved 1056768K
  class space    used 661K, capacity 690K, committed 768K, reserved 1048576K
Event: 5.230 GC heap after
Heap after GC invocations=20 (full 0):
 PSYoungGen      total 824320K, used 224K [0x000000076b800000, 0x00000007bde80000, 0x00000007c0000000)
  eden space 823808K, 0% used [0x000000076b800000,0x000000076b800000,0x000000079dc80000)
  from space 512K, 43% used [0x00000007bde00000,0x00000007bde38000,0x00000007bde80000)
  to   space 10240K, 0% used [0x00000007bca80000,0x00000007bca80000,0x00000007bd480000)
 ParOldGen       total 173568K, used 27947K [0x00000006c2800000, 0x00000006cd180000, 0x000000076b800000)
  object space 173568K, 16% used [0x00000006c2800000,0x00000006c434ae30,0x00000006cd180000)
 Metaspace       used 8383K, capacity 8774K, committed 8960K, reserved 1056768K
  class space    used 661K, capacity 690K, committed 768K, reserved 1048576K
}
Event: 5.599 GC heap before
{Heap before GC invocations=21 (full 0):
 PSYoungGen      total 824320K, used 824032K [0x000000076b800000, 0x00000007bde80000, 0x00000007c0000000)
  eden space 823808K, 100% used [0x000000076b800000,0x000000079dc80000,0x000000079dc80000)
  from space 512K, 43% used [0x00000007bde00000,0x00000007bde38000,0x00000007bde80000)
  to   space 10240K, 0% used [0x00000007bca80000,0x00000007bca80000,0x00000007bd480000)
 ParOldGen       total 173568K, used 27947K [0x00000006c2800000, 0x00000006cd180000, 0x000000076b800000)
  object space 173568K, 16% used [0x00000006c2800000,0x00000006c434ae30,0x00000006cd180000)
 Metaspace       used 8383K, capacity 8774K, committed 8960K, reserved 1056768K
  class space    used 661K, capacity 690K, committed 768K, reserved 1048576K
Event: 5.600 GC heap after
Heap after GC invocations=21 (full 0):
 PSYoungGen      total 796160K, used 224K [0x000000076b800000, 0x00000007bde80000, 0x00000007c0000000)
  eden space 785920K, 0% used [0x000000076b800000,0x000000076b800000,0x000000079b780000)
  from space 10240K, 2% used [0x00000007bca80000,0x00000007bcab8000,0x00000007bd480000)
  to   space 9728K, 0% used [0x00000007bd500000,0x00000007bd500000,0x00000007bde80000)
 ParOldGen       total 173568K, used 27947K [0x00000006c2800000, 0x00000006cd180000, 0x000000076b800000)
  object space 173568K, 16% used [0x00000006c2800000,0x00000006c434ae30,0x00000006cd180000)
 Metaspace       used 8383K, capacity 8774K, committed 8960K, reserved 1056768K
  class space    used 661K, capacity 690K, committed 768K, reserved 1048576K
}
Event: 5.941 GC heap before
{Heap before GC invocations=22 (full 0):
 PSYoungGen      total 796160K, used 786144K [0x000000076b800000, 0x00000007bde80000, 0x00000007c0000000)
  eden space 785920K, 100% used [0x000000076b800000,0x000000079b780000,0x000000079b780000)
  from space 10240K, 2% used [0x00000007bca80000,0x00000007bcab8000,0x00000007bd480000)
  to   space 9728K, 0% used [0x00000007bd500000,0x00000007bd500000,0x00000007bde80000)
 ParOldGen       total 173568K, used 27947K [0x00000006c2800000, 0x00000006cd180000, 0x000000076b800000)
  object space 173568K, 16% used [0x00000006c2800000,0x00000006c434ae30,0x00000006cd180000)
 Metaspace       used 8389K, capacity 8774K, committed 8960K, reserved 1056768K
  class space    used 661K, capacity 690K, committed 768K, reserved 1048576K
Event: 5.942 GC heap after
Heap after GC invocations=22 (full 0):
 PSYoungGen      total 750592K, used 224K [0x000000076b800000, 0x00000007bd580000, 0x00000007c0000000)
  eden space 750080K, 0% used [0x000000076b800000,0x000000076b800000,0x0000000799480000)
  from space 512K, 43% used [0x00000007bd500000,0x00000007bd538000,0x00000007bd580000)
  to   space 9216K, 0% used [0x00000007bc380000,0x00000007bc380000,0x00000007bcc80000)
 ParOldGen       total 173568K, used 27971K [0x00000006c2800000, 0x00000006cd180000, 0x000000076b800000)
  object space 173568K, 16% used [0x00000006c2800000,0x00000006c4350e30,0x00000006cd180000)
 Metaspace       used 8389K, capacity 8774K, committed 8960K, reserved 1056768K
  class space    used 661K, capacity 690K, committed 768K, reserved 1048576K
}

