# JRE version: Java(TM) SE Runtime Environment (8.0_65-b17) (build 1.8.0_65-b17)
# Java VM: Java HotSpot(TM) 64-Bit Server VM (25.65-b01 mixed mode windows-amd64 compressed oops)
Heap:
 PSYoungGen      total 836096K, used 33356K [0x000000076b800000, 0x00000007ab680000, 0x00000007c0000000)
  eden space 829440K, 3% used [0x000000076b800000,0x000000076d85b2e0,0x000000079e200000)
  from space 6656K, 3% used [0x00000007aa980000,0x00000007aa9b8000,0x00000007ab000000)
  to   space 6656K, 0% used [0x00000007ab000000,0x00000007ab000000,0x00000007ab680000)
 ParOldGen       total 173568K, used 17473K [0x00000006c2800000, 0x00000006cd180000, 0x000000076b800000)
  object space 173568K, 10% used [0x00000006c2800000,0x00000006c39105b0,0x00000006cd180000)
 Metaspace       used 8334K, capacity 8710K, committed 8960K, reserved 1056768K
  class space    used 658K, capacity 690K, committed 768K, reserved 1048576K
GC Heap History (10 events):
Event: 2.308 GC heap before
{Heap before GC invocations=14 (full 0):
 PSYoungGen      total 665600K, used 657632K [0x000000076b800000, 0x00000007acb80000, 0x00000007c0000000)
  eden space 657408K, 100% used [0x000000076b800000,0x0000000793a00000,0x0000000793a00000)
  from space 8192K, 2% used [0x0000000793a00000,0x0000000793a38000,0x0000000794200000)
  to   space 8192K, 0% used [0x00000007ac380000,0x00000007ac380000,0x00000007acb80000)
 ParOldGen       total 173568K, used 17393K [0x00000006c2800000, 0x00000006cd180000, 0x000000076b800000)
  object space 173568K, 10% used [0x00000006c2800000,0x00000006c38fc5b0,0x00000006cd180000)
 Metaspace       used 8314K, capacity 8710K, committed 8960K, reserved 1056768K
  class space    used 658K, capacity 690K, committed 768K, reserved 1048576K
Event: 2.308 GC heap after
Heap after GC invocations=14 (full 0):
 PSYoungGen      total 1060352K, used 192K [0x000000076b800000, 0x00000007acb80000, 0x00000007c0000000)
  eden space 1052160K, 0% used [0x000000076b800000,0x000000076b800000,0x00000007abb80000)
  from space 8192K, 2% used [0x00000007ac380000,0x00000007ac3b0000,0x00000007acb80000)
  to   space 8192K, 0% used [0x00000007abb80000,0x00000007abb80000,0x00000007ac380000)
 ParOldGen       total 173568K, used 17425K [0x00000006c2800000, 0x00000006cd180000, 0x000000076b800000)
  object space 173568K, 10% used [0x00000006c2800000,0x00000006c39045b0,0x00000006cd180000)
 Metaspace       used 8314K, capacity 8710K, committed 8960K, reserved 1056768K
  class space    used 658K, capacity 690K, committed 768K, reserved 1048576K
}
Event: 2.794 GC heap before
{Heap before GC invocations=15 (full 0):
 PSYoungGen      total 1060352K, used 1052352K [0x000000076b800000, 0x00000007acb80000, 0x00000007c0000000)
  eden space 1052160K, 100% used [0x000000076b800000,0x00000007abb80000,0x00000007abb80000)
  from space 8192K, 2% used [0x00000007ac380000,0x00000007ac3b0000,0x00000007acb80000)
  to   space 8192K, 0% used [0x00000007abb80000,0x00000007abb80000,0x00000007ac380000)
 ParOldGen       total 173568K, used 17425K [0x00000006c2800000, 0x00000006cd180000, 0x000000076b800000)
  object space 173568K, 10% used [0x00000006c2800000,0x00000006c39045b0,0x00000006cd180000)
 Metaspace       used 8320K, capacity 8710K, committed 8960K, reserved 1056768K
  class space    used 658K, capacity 690K, committed 768K, reserved 1048576K
Event: 2.794 GC heap after
Heap after GC invocations=15 (full 0):
 PSYoungGen      total 1003520K, used 192K [0x000000076b800000, 0x00000007ac400000, 0x00000007c0000000)
  eden space 1003008K, 0% used [0x000000076b800000,0x000000076b800000,0x00000007a8b80000)
  from space 512K, 37% used [0x00000007abb80000,0x00000007abbb0000,0x00000007abc00000)
  to   space 7680K, 0% used [0x00000007abc80000,0x00000007abc80000,0x00000007ac400000)
 ParOldGen       total 173568K, used 17425K [0x00000006c2800000, 0x00000006cd180000, 0x000000076b800000)
  object space 173568K, 10% used [0x00000006c2800000,0x00000006c39045b0,0x00000006cd180000)
 Metaspace       used 8320K, capacity 8710K, committed 8960K, reserved 1056768K
  class space    used 658K, capacity 690K, committed 768K, reserved 1048576K
}
Event: 3.265 GC heap before
{Heap before GC invocations=16 (full 0):
 PSYoungGen      total 1003520K, used 1003200K [0x000000076b800000, 0x00000007ac400000, 0x00000007c0000000)
  eden space 1003008K, 100% used [0x000000076b800000,0x00000007a8b80000,0x00000007a8b80000)
  from space 512K, 37% used [0x00000007abb80000,0x00000007abbb0000,0x00000007abc00000)
  to   space 7680K, 0% used [0x00000007abc80000,0x00000007abc80000,0x00000007ac400000)
 ParOldGen       total 173568K, used 17425K [0x00000006c2800000, 0x00000006cd180000, 0x000000076b800000)
  object space 173568K, 10% used [0x00000006c2800000,0x00000006c39045b0,0x00000006cd180000)
 Metaspace       used 8321K, capacity 8710K, committed 8960K, reserved 1056768K
  class space    used 658K, capacity 690K, committed 768K, reserved 1048576K
Event: 3.265 GC heap after
Heap after GC invocations=16 (full 0):
 PSYoungGen      total 956928K, used 224K [0x000000076b800000, 0x00000007abd00000, 0x00000007c0000000)
  eden space 956416K, 0% used [0x000000076b800000,0x000000076b800000,0x00000007a5e00000)
  from space 512K, 43% used [0x00000007abc80000,0x00000007abcb8000,0x00000007abd00000)
  to   space 7680K, 0% used [0x00000007aae00000,0x00000007aae00000,0x00000007ab580000)
 ParOldGen       total 173568K, used 17425K [0x00000006c2800000, 0x00000006cd180000, 0x000000076b800000)
  object space 173568K, 10% used [0x00000006c2800000,0x00000006c39045b0,0x00000006cd180000)
 Metaspace       used 8321K, capacity 8710K, committed 8960K, reserved 1056768K
  class space    used 658K, capacity 690K, committed 768K, reserved 1048576K
}
Event: 3.682 GC heap before
{Heap before GC invocations=17 (full 0):
 PSYoungGen      total 956928K, used 956640K [0x000000076b800000, 0x00000007abd00000, 0x00000007c0000000)
  eden space 956416K, 100% used [0x000000076b800000,0x00000007a5e00000,0x00000007a5e00000)
  from space 512K, 43% used [0x00000007abc80000,0x00000007abcb8000,0x00000007abd00000)
  to   space 7680K, 0% used [0x00000007aae00000,0x00000007aae00000,0x00000007ab580000)
 ParOldGen       total 173568K, used 17425K [0x00000006c2800000, 0x00000006cd180000, 0x000000076b800000)
  object space 173568K, 10% used [0x00000006c2800000,0x00000006c39045b0,0x00000006cd180000)
 Metaspace       used 8330K, capacity 8710K, committed 8960K, reserved 1056768K
  class space    used 658K, capacity 690K, committed 768K, reserved 1048576K
Event: 3.683 GC heap after
Heap after GC invocations=17 (full 0):
 PSYoungGen      total 919552K, used 224K [0x000000076b800000, 0x00000007abd00000, 0x00000007c0000000)
  eden space 911872K, 0% used [0x000000076b800000,0x000000076b800000,0x00000007a3280000)
  from space 7680K, 2% used [0x00000007aae00000,0x00000007aae38000,0x00000007ab580000)
  to   space 7168K, 0% used [0x00000007ab600000,0x00000007ab600000,0x00000007abd00000)
 ParOldGen       total 173568K, used 17425K [0x00000006c2800000, 0x00000006cd180000, 0x000000076b800000)
  object space 173568K, 10% used [0x00000006c2800000,0x00000006c39045b0,0x00000006cd180000)
 Metaspace       used 8330K, capacity 8710K, committed 8960K, reserved 1056768K
  class space    used 658K, capacity 690K, committed 768K, reserved 1048576K
}
Event: 4.147 GC heap before
{Heap before GC invocations=18 (full 0):
 PSYoungGen      total 919552K, used 912096K [0x000000076b800000, 0x00000007abd00000, 0x00000007c0000000)
  eden space 911872K, 100% used [0x000000076b800000,0x00000007a3280000,0x00000007a3280000)
  from space 7680K, 2% used [0x00000007aae00000,0x00000007aae38000,0x00000007ab580000)
  to   space 7168K, 0% used [0x00000007ab600000,0x00000007ab600000,0x00000007abd00000)
 ParOldGen       total 173568K, used 17425K [0x00000006c2800000, 0x00000006cd180000, 0x000000076b800000)
  object space 173568K, 10% used [0x00000006c2800000,0x00000006c39045b0,0x00000006cd180000)
 Metaspace       used 8332K, capacity 8710K, committed 8960K, reserved 1056768K
  class space    used 658K, capacity 690K, committed 768K, reserved 1048576K
Event: 4.148 GC heap after
Heap after GC invocations=18 (full 0):
 PSYoungGen      total 869888K, used 224K [0x000000076b800000, 0x00000007ab680000, 0x00000007c0000000)
  eden space 869376K, 0% used [0x000000076b800000,0x000000076b800000,0x00000007a0900000)
  from space 512K, 43% used [0x00000007ab600000,0x00000007ab638000,0x00000007ab680000)
  to   space 6656K, 0% used [0x00000007aa980000,0x00000007aa980000,0x00000007ab000000)
 ParOldGen       total 173568K, used 17449K [0x00000006c2800000, 0x00000006cd180000, 0x000000076b800000)
  object space 173568K, 10% used [0x00000006c2800000,0x00000006c390a5b0,0x00000006cd180000)
 Metaspace       used 8332K, capacity 8710K, committed 8960K, reserved 1056768K
  class space    used 658K, capacity 690K, committed 768K, reserved 1048576K
}

