# JRE version: Java(TM) SE Runtime Environment (8.0_65-b17) (build 1.8.0_65-b17)
# Java VM: Java HotSpot(TM) 64-Bit Server VM (25.65-b01 mixed mode windows-amd64 compressed oops)
Heap:
 PSYoungGen      total 73216K, used 35809K [0x000000076b800000, 0x000000078a280000, 0x00000007c0000000)
  eden space 72704K, 48% used [0x000000076b800000,0x000000076dac07e8,0x000000076ff00000)
  from space 512K, 43% used [0x000000078a180000,0x000000078a1b8000,0x000000078a200000)
  to   space 512K, 0% used [0x000000078a200000,0x000000078a200000,0x000000078a280000)
 ParOldGen       total 173568K, used 1328K [0x00000006c2800000, 0x00000006cd180000, 0x000000076b800000)
  object space 173568K, 0% used [0x00000006c2800000,0x00000006c294c050,0x00000006cd180000)
 Metaspace       used 8253K, capacity 8710K, committed 8960K, reserved 1056768K
  class space    used 654K, capacity 690K, committed 768K, reserved 1048576K
GC Heap History (10 events):
Event: 5.934 GC heap before
{Heap before GC invocations=43 (full 0):
 PSYoungGen      total 82944K, used 82656K [0x000000076b800000, 0x000000078a280000, 0x00000007c0000000)
  eden space 82432K, 100% used [0x000000076b800000,0x0000000770880000,0x0000000770880000)
  from space 512K, 43% used [0x000000078a200000,0x000000078a238000,0x000000078a280000)
  to   space 1024K, 0% used [0x000000078a080000,0x000000078a080000,0x000000078a180000)
 ParOldGen       total 173568K, used 1328K [0x00000006c2800000, 0x00000006cd180000, 0x000000076b800000)
  object space 173568K, 0% used [0x00000006c2800000,0x00000006c294c050,0x00000006cd180000)
 Metaspace       used 8252K, capacity 8710K, committed 8960K, reserved 1056768K
  class space    used 654K, capacity 690K, committed 768K, reserved 1048576K
Event: 5.934 GC heap after
Heap after GC invocations=43 (full 0):
 PSYoungGen      total 81408K, used 160K [0x000000076b800000, 0x000000078a280000, 0x00000007c0000000)
  eden space 80384K, 0% used [0x000000076b800000,0x000000076b800000,0x0000000770680000)
  from space 1024K, 15% used [0x000000078a080000,0x000000078a0a8000,0x000000078a180000)
  to   space 512K, 0% used [0x000000078a200000,0x000000078a200000,0x000000078a280000)
 ParOldGen       total 173568K, used 1328K [0x00000006c2800000, 0x00000006cd180000, 0x000000076b800000)
  object space 173568K, 0% used [0x00000006c2800000,0x00000006c294c050,0x00000006cd180000)
 Metaspace       used 8252K, capacity 8710K, committed 8960K, reserved 1056768K
  class space    used 654K, capacity 690K, committed 768K, reserved 1048576K
}
Event: 6.004 GC heap before
{Heap before GC invocations=44 (full 0):
 PSYoungGen      total 81408K, used 80544K [0x000000076b800000, 0x000000078a280000, 0x00000007c0000000)
  eden space 80384K, 100% used [0x000000076b800000,0x0000000770680000,0x0000000770680000)
  from space 1024K, 15% used [0x000000078a080000,0x000000078a0a8000,0x000000078a180000)
  to   space 512K, 0% used [0x000000078a200000,0x000000078a200000,0x000000078a280000)
 ParOldGen       total 173568K, used 1328K [0x00000006c2800000, 0x00000006cd180000, 0x000000076b800000)
  object space 173568K, 0% used [0x00000006c2800000,0x00000006c294c050,0x00000006cd180000)
 Metaspace       used 8252K, capacity 8710K, committed 8960K, reserved 1056768K
  class space    used 654K, capacity 690K, committed 768K, reserved 1048576K
Event: 6.005 GC heap after
Heap after GC invocations=44 (full 0):
 PSYoungGen      total 78848K, used 192K [0x000000076b800000, 0x000000078a280000, 0x00000007c0000000)
  eden space 78336K, 0% used [0x000000076b800000,0x000000076b800000,0x0000000770480000)
  from space 512K, 37% used [0x000000078a200000,0x000000078a230000,0x000000078a280000)
  to   space 512K, 0% used [0x000000078a180000,0x000000078a180000,0x000000078a200000)
 ParOldGen       total 173568K, used 1328K [0x00000006c2800000, 0x00000006cd180000, 0x000000076b800000)
  object space 173568K, 0% used [0x00000006c2800000,0x00000006c294c050,0x00000006cd180000)
 Metaspace       used 8252K, capacity 8710K, committed 8960K, reserved 1056768K
  class space    used 654K, capacity 690K, committed 768K, reserved 1048576K
}
Event: 6.094 GC heap before
{Heap before GC invocations=45 (full 0):
 PSYoungGen      total 78848K, used 78528K [0x000000076b800000, 0x000000078a280000, 0x00000007c0000000)
  eden space 78336K, 100% used [0x000000076b800000,0x0000000770480000,0x0000000770480000)
  from space 512K, 37% used [0x000000078a200000,0x000000078a230000,0x000000078a280000)
  to   space 512K, 0% used [0x000000078a180000,0x000000078a180000,0x000000078a200000)
 ParOldGen       total 173568K, used 1328K [0x00000006c2800000, 0x00000006cd180000, 0x000000076b800000)
  object space 173568K, 0% used [0x00000006c2800000,0x00000006c294c050,0x00000006cd180000)
 Metaspace       used 8252K, capacity 8710K, committed 8960K, reserved 1056768K
  class space    used 654K, capacity 690K, committed 768K, reserved 1048576K
Event: 6.095 GC heap after
Heap after GC invocations=45 (full 0):
 PSYoungGen      total 76800K, used 96K [0x000000076b800000, 0x000000078a280000, 0x00000007c0000000)
  eden space 76288K, 0% used [0x000000076b800000,0x000000076b800000,0x0000000770280000)
  from space 512K, 18% used [0x000000078a180000,0x000000078a198000,0x000000078a200000)
  to   space 512K, 0% used [0x000000078a200000,0x000000078a200000,0x000000078a280000)
 ParOldGen       total 173568K, used 1328K [0x00000006c2800000, 0x00000006cd180000, 0x000000076b800000)
  object space 173568K, 0% used [0x00000006c2800000,0x00000006c294c050,0x00000006cd180000)
 Metaspace       used 8252K, capacity 8710K, committed 8960K, reserved 1056768K
  class space    used 654K, capacity 690K, committed 768K, reserved 1048576K
}
Event: 6.175 GC heap before
{Heap before GC invocations=46 (full 0):
 PSYoungGen      total 76800K, used 76384K [0x000000076b800000, 0x000000078a280000, 0x00000007c0000000)
  eden space 76288K, 100% used [0x000000076b800000,0x0000000770280000,0x0000000770280000)
  from space 512K, 18% used [0x000000078a180000,0x000000078a198000,0x000000078a200000)
  to   space 512K, 0% used [0x000000078a200000,0x000000078a200000,0x000000078a280000)
 ParOldGen       total 173568K, used 1328K [0x00000006c2800000, 0x00000006cd180000, 0x000000076b800000)
  object space 173568K, 0% used [0x00000006c2800000,0x00000006c294c050,0x00000006cd180000)
 Metaspace       used 8252K, capacity 8710K, committed 8960K, reserved 1056768K
  class space    used 654K, capacity 690K, committed 768K, reserved 1048576K
Event: 6.175 GC heap after
Heap after GC invocations=46 (full 0):
 PSYoungGen      total 74752K, used 224K [0x000000076b800000, 0x000000078a280000, 0x00000007c0000000)
  eden space 74240K, 0% used [0x000000076b800000,0x000000076b800000,0x0000000770080000)
  from space 512K, 43% used [0x000000078a200000,0x000000078a238000,0x000000078a280000)
  to   space 512K, 0% used [0x000000078a180000,0x000000078a180000,0x000000078a200000)
 ParOldGen       total 173568K, used 1328K [0x00000006c2800000, 0x00000006cd180000, 0x000000076b800000)
  object space 173568K, 0% used [0x00000006c2800000,0x00000006c294c050,0x00000006cd180000)
 Metaspace       used 8252K, capacity 8710K, committed 8960K, reserved 1056768K
  class space    used 654K, capacity 690K, committed 768K, reserved 1048576K
}
Event: 6.257 GC heap before
{Heap before GC invocations=47 (full 0):
 PSYoungGen      total 74752K, used 74464K [0x000000076b800000, 0x000000078a280000, 0x00000007c0000000)
  eden space 74240K, 100% used [0x000000076b800000,0x0000000770080000,0x0000000770080000)
  from space 512K, 43% used [0x000000078a200000,0x000000078a238000,0x000000078a280000)
  to   space 512K, 0% used [0x000000078a180000,0x000000078a180000,0x000000078a200000)
 ParOldGen       total 173568K, used 1328K [0x00000006c2800000, 0x00000006cd180000, 0x000000076b800000)
  object space 173568K, 0% used [0x00000006c2800000,0x00000006c294c050,0x00000006cd180000)
 Metaspace       used 8252K, capacity 8710K, committed 8960K, reserved 1056768K
  class space    used 654K, capacity 690K, committed 768K, reserved 1048576K
Event: 6.257 GC heap after
Heap after GC invocations=47 (full 0):
 PSYoungGen      total 73216K, used 224K [0x000000076b800000, 0x000000078a280000, 0x00000007c0000000)
  eden space 72704K, 0% used [0x000000076b800000,0x000000076b800000,0x000000076ff00000)
  from space 512K, 43% used [0x000000078a180000,0x000000078a1b8000,0x000000078a200000)
  to   space 512K, 0% used [0x000000078a200000,0x000000078a200000,0x000000078a280000)
 ParOldGen       total 173568K, used 1328K [0x00000006c2800000, 0x00000006cd180000, 0x000000076b800000)
  object space 173568K, 0% used [0x00000006c2800000,0x00000006c294c050,0x00000006cd180000)
 Metaspace       used 8252K, capacity 8710K, committed 8960K, reserved 1056768K
  class space    used 654K, capacity 690K, committed 768K, reserved 1048576K
}

