# JRE version: Java(TM) SE Runtime Environment (8.0_65-b17) (build 1.8.0_65-b17)
# Java VM: Java HotSpot(TM) 64-Bit Server VM (25.65-b01 mixed mode windows-amd64 compressed oops)
Heap:
 PSYoungGen      total 173568K, used 68782K [0x000000076b800000, 0x000000077b100000, 0x00000007c0000000)
  eden space 171520K, 40% used [0x000000076b800000,0x000000076fb1ba00,0x0000000775f80000)
  from space 2048K, 3% used [0x000000077ad00000,0x000000077ad10000,0x000000077af00000)
  to   space 2048K, 0% used [0x000000077af00000,0x000000077af00000,0x000000077b100000)
 ParOldGen       total 173568K, used 1342K [0x00000006c2800000, 0x00000006cd180000, 0x000000076b800000)
  object space 173568K, 0% used [0x00000006c2800000,0x00000006c294f998,0x00000006cd180000)
 Metaspace       used 7960K, capacity 8486K, committed 8704K, reserved 1056768K
  class space    used 642K, capacity 658K, committed 768K, reserved 1048576K
GC Heap History (10 events):
Event: 2.060 GC heap before
{Heap before GC invocations=15 (full 0):
 PSYoungGen      total 206336K, used 205856K [0x000000076b800000, 0x000000077b400000, 0x00000007c0000000)
  eden space 205824K, 100% used [0x000000076b800000,0x0000000778100000,0x0000000778100000)
  from space 512K, 6% used [0x000000077b380000,0x000000077b388000,0x000000077b400000)
  to   space 2048K, 0% used [0x000000077b000000,0x000000077b000000,0x000000077b200000)
 ParOldGen       total 173568K, used 1342K [0x00000006c2800000, 0x00000006cd180000, 0x000000076b800000)
  object space 173568K, 0% used [0x00000006c2800000,0x00000006c294f998,0x00000006cd180000)
 Metaspace       used 7958K, capacity 8486K, committed 8704K, reserved 1056768K
  class space    used 642K, capacity 658K, committed 768K, reserved 1048576K
Event: 2.060 GC heap after
Heap after GC invocations=15 (full 0):
 PSYoungGen      total 200192K, used 96K [0x000000076b800000, 0x000000077b400000, 0x00000007c0000000)
  eden space 198144K, 0% used [0x000000076b800000,0x000000076b800000,0x0000000777980000)
  from space 2048K, 4% used [0x000000077b000000,0x000000077b018000,0x000000077b200000)
  to   space 2048K, 0% used [0x000000077b200000,0x000000077b200000,0x000000077b400000)
 ParOldGen       total 173568K, used 1342K [0x00000006c2800000, 0x00000006cd180000, 0x000000076b800000)
  object space 173568K, 0% used [0x00000006c2800000,0x00000006c294f998,0x00000006cd180000)
 Metaspace       used 7958K, capacity 8486K, committed 8704K, reserved 1056768K
  class space    used 642K, capacity 658K, committed 768K, reserved 1048576K
}
Event: 2.209 GC heap before
{Heap before GC invocations=16 (full 0):
 PSYoungGen      total 200192K, used 198240K [0x000000076b800000, 0x000000077b400000, 0x00000007c0000000)
  eden space 198144K, 100% used [0x000000076b800000,0x0000000777980000,0x0000000777980000)
  from space 2048K, 4% used [0x000000077b000000,0x000000077b018000,0x000000077b200000)
  to   space 2048K, 0% used [0x000000077b200000,0x000000077b200000,0x000000077b400000)
 ParOldGen       total 173568K, used 1342K [0x00000006c2800000, 0x00000006cd180000, 0x000000076b800000)
  object space 173568K, 0% used [0x00000006c2800000,0x00000006c294f998,0x00000006cd180000)
 Metaspace       used 7958K, capacity 8486K, committed 8704K, reserved 1056768K
  class space    used 642K, capacity 658K, committed 768K, reserved 1048576K
Event: 2.210 GC heap after
Heap after GC invocations=16 (full 0):
 PSYoungGen      total 191488K, used 96K [0x000000076b800000, 0x000000077b280000, 0x00000007c0000000)
  eden space 190976K, 0% used [0x000000076b800000,0x000000076b800000,0x0000000777280000)
  from space 512K, 18% used [0x000000077b200000,0x000000077b218000,0x000000077b280000)
  to   space 2048K, 0% used [0x000000077ae80000,0x000000077ae80000,0x000000077b080000)
 ParOldGen       total 173568K, used 1342K [0x00000006c2800000, 0x00000006cd180000, 0x000000076b800000)
  object space 173568K, 0% used [0x00000006c2800000,0x00000006c294f998,0x00000006cd180000)
 Metaspace       used 7958K, capacity 8486K, committed 8704K, reserved 1056768K
  class space    used 642K, capacity 658K, committed 768K, reserved 1048576K
}
Event: 2.358 GC heap before
{Heap before GC invocations=17 (full 0):
 PSYoungGen      total 191488K, used 191072K [0x000000076b800000, 0x000000077b280000, 0x00000007c0000000)
  eden space 190976K, 100% used [0x000000076b800000,0x0000000777280000,0x0000000777280000)
  from space 512K, 18% used [0x000000077b200000,0x000000077b218000,0x000000077b280000)
  to   space 2048K, 0% used [0x000000077ae80000,0x000000077ae80000,0x000000077b080000)
 ParOldGen       total 173568K, used 1342K [0x00000006c2800000, 0x00000006cd180000, 0x000000076b800000)
  object space 173568K, 0% used [0x00000006c2800000,0x00000006c294f998,0x00000006cd180000)
 Metaspace       used 7960K, capacity 8486K, committed 8704K, reserved 1056768K
  class space    used 642K, capacity 658K, committed 768K, reserved 1048576K
Event: 2.358 GC heap after
Heap after GC invocations=17 (full 0):
 PSYoungGen      total 186368K, used 64K [0x000000076b800000, 0x000000077b280000, 0x00000007c0000000)
  eden space 184320K, 0% used [0x000000076b800000,0x000000076b800000,0x0000000776c00000)
  from space 2048K, 3% used [0x000000077ae80000,0x000000077ae90000,0x000000077b080000)
  to   space 2048K, 0% used [0x000000077b080000,0x000000077b080000,0x000000077b280000)
 ParOldGen       total 173568K, used 1342K [0x00000006c2800000, 0x00000006cd180000, 0x000000076b800000)
  object space 173568K, 0% used [0x00000006c2800000,0x00000006c294f998,0x00000006cd180000)
 Metaspace       used 7960K, capacity 8486K, committed 8704K, reserved 1056768K
  class space    used 642K, capacity 658K, committed 768K, reserved 1048576K
}
Event: 2.542 GC heap before
{Heap before GC invocations=18 (full 0):
 PSYoungGen      total 186368K, used 184384K [0x000000076b800000, 0x000000077b280000, 0x00000007c0000000)
  eden space 184320K, 100% used [0x000000076b800000,0x0000000776c00000,0x0000000776c00000)
  from space 2048K, 3% used [0x000000077ae80000,0x000000077ae90000,0x000000077b080000)
  to   space 2048K, 0% used [0x000000077b080000,0x000000077b080000,0x000000077b280000)
 ParOldGen       total 173568K, used 1342K [0x00000006c2800000, 0x00000006cd180000, 0x000000076b800000)
  object space 173568K, 0% used [0x00000006c2800000,0x00000006c294f998,0x00000006cd180000)
 Metaspace       used 7960K, capacity 8486K, committed 8704K, reserved 1056768K
  class space    used 642K, capacity 658K, committed 768K, reserved 1048576K
Event: 2.542 GC heap after
Heap after GC invocations=18 (full 0):
 PSYoungGen      total 178176K, used 96K [0x000000076b800000, 0x000000077b100000, 0x00000007c0000000)
  eden space 177664K, 0% used [0x000000076b800000,0x000000076b800000,0x0000000776580000)
  from space 512K, 18% used [0x000000077b080000,0x000000077b098000,0x000000077b100000)
  to   space 2048K, 0% used [0x000000077ad00000,0x000000077ad00000,0x000000077af00000)
 ParOldGen       total 173568K, used 1342K [0x00000006c2800000, 0x00000006cd180000, 0x000000076b800000)
  object space 173568K, 0% used [0x00000006c2800000,0x00000006c294f998,0x00000006cd180000)
 Metaspace       used 7960K, capacity 8486K, committed 8704K, reserved 1056768K
  class space    used 642K, capacity 658K, committed 768K, reserved 1048576K
}
Event: 2.740 GC heap before
{Heap before GC invocations=19 (full 0):
 PSYoungGen      total 178176K, used 177760K [0x000000076b800000, 0x000000077b100000, 0x00000007c0000000)
  eden space 177664K, 100% used [0x000000076b800000,0x0000000776580000,0x0000000776580000)
  from space 512K, 18% used [0x000000077b080000,0x000000077b098000,0x000000077b100000)
  to   space 2048K, 0% used [0x000000077ad00000,0x000000077ad00000,0x000000077af00000)
 ParOldGen       total 173568K, used 1342K [0x00000006c2800000, 0x00000006cd180000, 0x000000076b800000)
  object space 173568K, 0% used [0x00000006c2800000,0x00000006c294f998,0x00000006cd180000)
 Metaspace       used 7960K, capacity 8486K, committed 8704K, reserved 1056768K
  class space    used 642K, capacity 658K, committed 768K, reserved 1048576K
Event: 2.741 GC heap after
Heap after GC invocations=19 (full 0):
 PSYoungGen      total 173568K, used 64K [0x000000076b800000, 0x000000077b100000, 0x00000007c0000000)
  eden space 171520K, 0% used [0x000000076b800000,0x000000076b800000,0x0000000775f80000)
  from space 2048K, 3% used [0x000000077ad00000,0x000000077ad10000,0x000000077af00000)
  to   space 2048K, 0% used [0x000000077af00000,0x000000077af00000,0x000000077b100000)
 ParOldGen       total 173568K, used 1342K [0x00000006c2800000, 0x00000006cd180000, 0x000000076b800000)
  object space 173568K, 0% used [0x00000006c2800000,0x00000006c294f998,0x00000006cd180000)
 Metaspace       used 7960K, capacity 8486K, committed 8704K, reserved 1056768K
  class space    used 642K, capacity 658K, committed 768K, reserved 1048576K
}

