# JRE version: Java(TM) SE Runtime Environment (8.0_65-b17) (build 1.8.0_65-b17)
# Java VM: Java HotSpot(TM) 64-Bit Server VM (25.65-b01 mixed mode windows-amd64 compressed oops)
Heap:
 PSYoungGen      total 530944K, used 31620K [0x000000076b800000, 0x00000007aab80000, 0x00000007c0000000)
  eden space 527360K, 5% used [0x000000076b800000,0x000000076d6c9118,0x000000078bb00000)
  from space 3584K, 2% used [0x00000007aa480000,0x00000007aa498000,0x00000007aa800000)
  to   space 3584K, 0% used [0x00000007aa800000,0x00000007aa800000,0x00000007aab80000)
 ParOldGen       total 173568K, used 18184K [0x00000006c2800000, 0x00000006cd180000, 0x000000076b800000)
  object space 173568K, 10% used [0x00000006c2800000,0x00000006c39c2298,0x00000006cd180000)
 Metaspace       used 8386K, capacity 8774K, committed 8960K, reserved 1056768K
  class space    used 661K, capacity 690K, committed 768K, reserved 1048576K
GC Heap History (10 events):
Event: 7.006 GC heap before
{Heap before GC invocations=25 (full 0):
 PSYoungGen      total 663552K, used 663264K [0x000000076b800000, 0x00000007ab300000, 0x00000007c0000000)
  eden space 663040K, 100% used [0x000000076b800000,0x0000000793f80000,0x0000000793f80000)
  from space 512K, 43% used [0x00000007ab280000,0x00000007ab2b8000,0x00000007ab300000)
  to   space 4608K, 0% used [0x00000007aaa00000,0x00000007aaa00000,0x00000007aae80000)
 ParOldGen       total 173568K, used 18160K [0x00000006c2800000, 0x00000006cd180000, 0x000000076b800000)
  object space 173568K, 10% used [0x00000006c2800000,0x00000006c39bc298,0x00000006cd180000)
 Metaspace       used 8386K, capacity 8774K, committed 8960K, reserved 1056768K
  class space    used 661K, capacity 690K, committed 768K, reserved 1048576K
Event: 7.007 GC heap after
Heap after GC invocations=25 (full 0):
 PSYoungGen      total 637952K, used 224K [0x000000076b800000, 0x00000007ab300000, 0x00000007c0000000)
  eden space 633344K, 0% used [0x000000076b800000,0x000000076b800000,0x0000000792280000)
  from space 4608K, 4% used [0x00000007aaa00000,0x00000007aaa38000,0x00000007aae80000)
  to   space 4608K, 0% used [0x00000007aae80000,0x00000007aae80000,0x00000007ab300000)
 ParOldGen       total 173568K, used 18184K [0x00000006c2800000, 0x00000006cd180000, 0x000000076b800000)
  object space 173568K, 10% used [0x00000006c2800000,0x00000006c39c2298,0x00000006cd180000)
 Metaspace       used 8386K, capacity 8774K, committed 8960K, reserved 1056768K
  class space    used 661K, capacity 690K, committed 768K, reserved 1048576K
}
Event: 7.296 GC heap before
{Heap before GC invocations=26 (full 0):
 PSYoungGen      total 637952K, used 633568K [0x000000076b800000, 0x00000007ab300000, 0x00000007c0000000)
  eden space 633344K, 100% used [0x000000076b800000,0x0000000792280000,0x0000000792280000)
  from space 4608K, 4% used [0x00000007aaa00000,0x00000007aaa38000,0x00000007aae80000)
  to   space 4608K, 0% used [0x00000007aae80000,0x00000007aae80000,0x00000007ab300000)
 ParOldGen       total 173568K, used 18184K [0x00000006c2800000, 0x00000006cd180000, 0x000000076b800000)
  object space 173568K, 10% used [0x00000006c2800000,0x00000006c39c2298,0x00000006cd180000)
 Metaspace       used 8386K, capacity 8774K, committed 8960K, reserved 1056768K
  class space    used 661K, capacity 690K, committed 768K, reserved 1048576K
Event: 7.297 GC heap after
Heap after GC invocations=26 (full 0):
 PSYoungGen      total 605184K, used 160K [0x000000076b800000, 0x00000007aaf00000, 0x00000007c0000000)
  eden space 604672K, 0% used [0x000000076b800000,0x000000076b800000,0x0000000790680000)
  from space 512K, 31% used [0x00000007aae80000,0x00000007aaea8000,0x00000007aaf00000)
  to   space 4096K, 0% used [0x00000007aa700000,0x00000007aa700000,0x00000007aab00000)
 ParOldGen       total 173568K, used 18184K [0x00000006c2800000, 0x00000006cd180000, 0x000000076b800000)
  object space 173568K, 10% used [0x00000006c2800000,0x00000006c39c2298,0x00000006cd180000)
 Metaspace       used 8386K, capacity 8774K, committed 8960K, reserved 1056768K
  class space    used 661K, capacity 690K, committed 768K, reserved 1048576K
}
Event: 7.580 GC heap before
{Heap before GC invocations=27 (full 0):
 PSYoungGen      total 605184K, used 604832K [0x000000076b800000, 0x00000007aaf00000, 0x00000007c0000000)
  eden space 604672K, 100% used [0x000000076b800000,0x0000000790680000,0x0000000790680000)
  from space 512K, 31% used [0x00000007aae80000,0x00000007aaea8000,0x00000007aaf00000)
  to   space 4096K, 0% used [0x00000007aa700000,0x00000007aa700000,0x00000007aab00000)
 ParOldGen       total 173568K, used 18184K [0x00000006c2800000, 0x00000006cd180000, 0x000000076b800000)
  object space 173568K, 10% used [0x00000006c2800000,0x00000006c39c2298,0x00000006cd180000)
 Metaspace       used 8386K, capacity 8774K, committed 8960K, reserved 1056768K
  class space    used 661K, capacity 690K, committed 768K, reserved 1048576K
Event: 7.580 GC heap after
Heap after GC invocations=27 (full 0):
 PSYoungGen      total 581632K, used 160K [0x000000076b800000, 0x00000007aaf00000, 0x00000007c0000000)
  eden space 577536K, 0% used [0x000000076b800000,0x000000076b800000,0x000000078ec00000)
  from space 4096K, 3% used [0x00000007aa700000,0x00000007aa728000,0x00000007aab00000)
  to   space 4096K, 0% used [0x00000007aab00000,0x00000007aab00000,0x00000007aaf00000)
 ParOldGen       total 173568K, used 18184K [0x00000006c2800000, 0x00000006cd180000, 0x000000076b800000)
  object space 173568K, 10% used [0x00000006c2800000,0x00000006c39c2298,0x00000006cd180000)
 Metaspace       used 8386K, capacity 8774K, committed 8960K, reserved 1056768K
  class space    used 661K, capacity 690K, committed 768K, reserved 1048576K
}
Event: 7.837 GC heap before
{Heap before GC invocations=28 (full 0):
 PSYoungGen      total 581632K, used 577696K [0x000000076b800000, 0x00000007aaf00000, 0x00000007c0000000)
  eden space 577536K, 100% used [0x000000076b800000,0x000000078ec00000,0x000000078ec00000)
  from space 4096K, 3% used [0x00000007aa700000,0x00000007aa728000,0x00000007aab00000)
  to   space 4096K, 0% used [0x00000007aab00000,0x00000007aab00000,0x00000007aaf00000)
 ParOldGen       total 173568K, used 18184K [0x00000006c2800000, 0x00000006cd180000, 0x000000076b800000)
  object space 173568K, 10% used [0x00000006c2800000,0x00000006c39c2298,0x00000006cd180000)
 Metaspace       used 8386K, capacity 8774K, committed 8960K, reserved 1056768K
  class space    used 661K, capacity 690K, committed 768K, reserved 1048576K
Event: 7.838 GC heap after
Heap after GC invocations=28 (full 0):
 PSYoungGen      total 552448K, used 160K [0x000000076b800000, 0x00000007aab80000, 0x00000007c0000000)
  eden space 551936K, 0% used [0x000000076b800000,0x000000076b800000,0x000000078d300000)
  from space 512K, 31% used [0x00000007aab00000,0x00000007aab28000,0x00000007aab80000)
  to   space 3584K, 0% used [0x00000007aa480000,0x00000007aa480000,0x00000007aa800000)
 ParOldGen       total 173568K, used 18184K [0x00000006c2800000, 0x00000006cd180000, 0x000000076b800000)
  object space 173568K, 10% used [0x00000006c2800000,0x00000006c39c2298,0x00000006cd180000)
 Metaspace       used 8386K, capacity 8774K, committed 8960K, reserved 1056768K
  class space    used 661K, capacity 690K, committed 768K, reserved 1048576K
}
Event: 8.095 GC heap before
{Heap before GC invocations=29 (full 0):
 PSYoungGen      total 552448K, used 552096K [0x000000076b800000, 0x00000007aab80000, 0x00000007c0000000)
  eden space 551936K, 100% used [0x000000076b800000,0x000000078d300000,0x000000078d300000)
  from space 512K, 31% used [0x00000007aab00000,0x00000007aab28000,0x00000007aab80000)
  to   space 3584K, 0% used [0x00000007aa480000,0x00000007aa480000,0x00000007aa800000)
 ParOldGen       total 173568K, used 18184K [0x00000006c2800000, 0x00000006cd180000, 0x000000076b800000)
  object space 173568K, 10% used [0x00000006c2800000,0x00000006c39c2298,0x00000006cd180000)
 Metaspace       used 8386K, capacity 8774K, committed 8960K, reserved 1056768K
  class space    used 661K, capacity 690K, committed 768K, reserved 1048576K
Event: 8.095 GC heap after
Heap after GC invocations=29 (full 0):
 PSYoungGen      total 530944K, used 96K [0x000000076b800000, 0x00000007aab80000, 0x00000007c0000000)
  eden space 527360K, 0% used [0x000000076b800000,0x000000076b800000,0x000000078bb00000)
  from space 3584K, 2% used [0x00000007aa480000,0x00000007aa498000,0x00000007aa800000)
  to   space 3584K, 0% used [0x00000007aa800000,0x00000007aa800000,0x00000007aab80000)
 ParOldGen       total 173568K, used 18184K [0x00000006c2800000, 0x00000006cd180000, 0x000000076b800000)
  object space 173568K, 10% used [0x00000006c2800000,0x00000006c39c2298,0x00000006cd180000)
 Metaspace       used 8386K, capacity 8774K, committed 8960K, reserved 1056768K
  class space    used 661K, capacity 690K, committed 768K, reserved 1048576K
}

