# JRE version: Java(TM) SE Runtime Environment (8.0_65-b17) (build 1.8.0_65-b17)
# Java VM: Java HotSpot(TM) 64-Bit Server VM (25.65-b01 mixed mode windows-amd64 compressed oops)
Heap:
 PSYoungGen      total 1199616K, used 24209K [0x000000076b800000, 0x00000007bc380000, 0x00000007c0000000)
  eden space 1199104K, 2% used [0x000000076b800000,0x000000076cf74678,0x00000007b4b00000)
  from space 512K, 37% used [0x00000007bc300000,0x00000007bc330000,0x00000007bc380000)
  to   space 9216K, 0% used [0x00000007bb180000,0x00000007bb180000,0x00000007bba80000)
 ParOldGen       total 173568K, used 13270K [0x00000006c2800000, 0x00000006cd180000, 0x000000076b800000)
  object space 173568K, 7% used [0x00000006c2800000,0x00000006c34f5838,0x00000006cd180000)
 Metaspace       used 8331K, capacity 8710K, committed 8960K, reserved 1056768K
  class space    used 660K, capacity 690K, committed 768K, reserved 1048576K
GC Heap History (10 events):
Event: 1.677 GC heap before
{Heap before GC invocations=10 (full 0):
 PSYoungGen      total 526336K, used 516544K [0x000000076b800000, 0x000000079f200000, 0x00000007c0000000)
  eden space 515584K, 100% used [0x000000076b800000,0x000000078af80000,0x000000078af80000)
  from space 10752K, 8% used [0x000000078af80000,0x000000078b070000,0x000000078ba00000)
  to   space 10240K, 0% used [0x000000079e800000,0x000000079e800000,0x000000079f200000)
 ParOldGen       total 173568K, used 12414K [0x00000006c2800000, 0x00000006cd180000, 0x000000076b800000)
  object space 173568K, 7% used [0x00000006c2800000,0x00000006c341f838,0x00000006cd180000)
 Metaspace       used 8286K, capacity 8710K, committed 8960K, reserved 1056768K
  class space    used 660K, capacity 690K, committed 768K, reserved 1048576K
Event: 1.680 GC heap after
Heap after GC invocations=10 (full 0):
 PSYoungGen      total 835584K, used 224K [0x000000076b800000, 0x000000079f200000, 0x00000007c0000000)
  eden space 825344K, 0% used [0x000000076b800000,0x000000076b800000,0x000000079de00000)
  from space 10240K, 2% used [0x000000079e800000,0x000000079e838000,0x000000079f200000)
  to   space 10240K, 0% used [0x000000079de00000,0x000000079de00000,0x000000079e800000)
 ParOldGen       total 173568K, used 13182K [0x00000006c2800000, 0x00000006cd180000, 0x000000076b800000)
  object space 173568K, 7% used [0x00000006c2800000,0x00000006c34df838,0x00000006cd180000)
 Metaspace       used 8286K, capacity 8710K, committed 8960K, reserved 1056768K
  class space    used 660K, capacity 690K, committed 768K, reserved 1048576K
}
Event: 2.300 GC heap before
{Heap before GC invocations=11 (full 0):
 PSYoungGen      total 835584K, used 825568K [0x000000076b800000, 0x000000079f200000, 0x00000007c0000000)
  eden space 825344K, 100% used [0x000000076b800000,0x000000079de00000,0x000000079de00000)
  from space 10240K, 2% used [0x000000079e800000,0x000000079e838000,0x000000079f200000)
  to   space 10240K, 0% used [0x000000079de00000,0x000000079de00000,0x000000079e800000)
 ParOldGen       total 173568K, used 13182K [0x00000006c2800000, 0x00000006cd180000, 0x000000076b800000)
  object space 173568K, 7% used [0x00000006c2800000,0x00000006c34df838,0x00000006cd180000)
 Metaspace       used 8311K, capacity 8710K, committed 8960K, reserved 1056768K
  class space    used 660K, capacity 690K, committed 768K, reserved 1048576K
Event: 2.301 GC heap after
Heap after GC invocations=11 (full 0):
 PSYoungGen      total 835584K, used 224K [0x000000076b800000, 0x00000007bd500000, 0x00000007c0000000)
  eden space 825344K, 0% used [0x000000076b800000,0x000000076b800000,0x000000079de00000)
  from space 10240K, 2% used [0x000000079de00000,0x000000079de38000,0x000000079e800000)
  to   space 9728K, 0% used [0x00000007bcb80000,0x00000007bcb80000,0x00000007bd500000)
 ParOldGen       total 173568K, used 13246K [0x00000006c2800000, 0x00000006cd180000, 0x000000076b800000)
  object space 173568K, 7% used [0x00000006c2800000,0x00000006c34ef838,0x00000006cd180000)
 Metaspace       used 8311K, capacity 8710K, committed 8960K, reserved 1056768K
  class space    used 660K, capacity 690K, committed 768K, reserved 1048576K
}
Event: 2.913 GC heap before
{Heap before GC invocations=12 (full 0):
 PSYoungGen      total 835584K, used 825568K [0x000000076b800000, 0x00000007bd500000, 0x00000007c0000000)
  eden space 825344K, 100% used [0x000000076b800000,0x000000079de00000,0x000000079de00000)
  from space 10240K, 2% used [0x000000079de00000,0x000000079de38000,0x000000079e800000)
  to   space 9728K, 0% used [0x00000007bcb80000,0x00000007bcb80000,0x00000007bd500000)
 ParOldGen       total 173568K, used 13246K [0x00000006c2800000, 0x00000006cd180000, 0x000000076b800000)
  object space 173568K, 7% used [0x00000006c2800000,0x00000006c34ef838,0x00000006cd180000)
 Metaspace       used 8319K, capacity 8710K, committed 8960K, reserved 1056768K
  class space    used 660K, capacity 690K, committed 768K, reserved 1048576K
Event: 2.914 GC heap after
Heap after GC invocations=12 (full 0):
 PSYoungGen      total 1330688K, used 192K [0x000000076b800000, 0x00000007bd500000, 0x00000007c0000000)
  eden space 1320960K, 0% used [0x000000076b800000,0x000000076b800000,0x00000007bc200000)
  from space 9728K, 1% used [0x00000007bcb80000,0x00000007bcbb0000,0x00000007bd500000)
  to   space 9728K, 0% used [0x00000007bc200000,0x00000007bc200000,0x00000007bcb80000)
 ParOldGen       total 173568K, used 13254K [0x00000006c2800000, 0x00000006cd180000, 0x000000076b800000)
  object space 173568K, 7% used [0x00000006c2800000,0x00000006c34f1838,0x00000006cd180000)
 Metaspace       used 8319K, capacity 8710K, committed 8960K, reserved 1056768K
  class space    used 660K, capacity 690K, committed 768K, reserved 1048576K
}
Event: 4.009 GC heap before
{Heap before GC invocations=13 (full 0):
 PSYoungGen      total 1330688K, used 1321152K [0x000000076b800000, 0x00000007bd500000, 0x00000007c0000000)
  eden space 1320960K, 100% used [0x000000076b800000,0x00000007bc200000,0x00000007bc200000)
  from space 9728K, 1% used [0x00000007bcb80000,0x00000007bcbb0000,0x00000007bd500000)
  to   space 9728K, 0% used [0x00000007bc200000,0x00000007bc200000,0x00000007bcb80000)
 ParOldGen       total 173568K, used 13254K [0x00000006c2800000, 0x00000006cd180000, 0x000000076b800000)
  object space 173568K, 7% used [0x00000006c2800000,0x00000006c34f1838,0x00000006cd180000)
 Metaspace       used 8327K, capacity 8710K, committed 8960K, reserved 1056768K
  class space    used 660K, capacity 690K, committed 768K, reserved 1048576K
Event: 4.009 GC heap after
Heap after GC invocations=13 (full 0):
 PSYoungGen      total 1259008K, used 192K [0x000000076b800000, 0x00000007bcc00000, 0x00000007c0000000)
  eden space 1258496K, 0% used [0x000000076b800000,0x000000076b800000,0x00000007b8500000)
  from space 512K, 37% used [0x00000007bc200000,0x00000007bc230000,0x00000007bc280000)
  to   space 9216K, 0% used [0x00000007bc300000,0x00000007bc300000,0x00000007bcc00000)
 ParOldGen       total 173568K, used 13262K [0x00000006c2800000, 0x00000006cd180000, 0x000000076b800000)
  object space 173568K, 7% used [0x00000006c2800000,0x00000006c34f3838,0x00000006cd180000)
 Metaspace       used 8327K, capacity 8710K, committed 8960K, reserved 1056768K
  class space    used 660K, capacity 690K, committed 768K, reserved 1048576K
}
Event: 4.983 GC heap before
{Heap before GC invocations=14 (full 0):
 PSYoungGen      total 1259008K, used 1258688K [0x000000076b800000, 0x00000007bcc00000, 0x00000007c0000000)
  eden space 1258496K, 100% used [0x000000076b800000,0x00000007b8500000,0x00000007b8500000)
  from space 512K, 37% used [0x00000007bc200000,0x00000007bc230000,0x00000007bc280000)
  to   space 9216K, 0% used [0x00000007bc300000,0x00000007bc300000,0x00000007bcc00000)
 ParOldGen       total 173568K, used 13262K [0x00000006c2800000, 0x00000006cd180000, 0x000000076b800000)
  object space 173568K, 7% used [0x00000006c2800000,0x00000006c34f3838,0x00000006cd180000)
 Metaspace       used 8331K, capacity 8710K, committed 8960K, reserved 1056768K
  class space    used 660K, capacity 690K, committed 768K, reserved 1048576K
Event: 4.983 GC heap after
Heap after GC invocations=14 (full 0):
 PSYoungGen      total 1199616K, used 192K [0x000000076b800000, 0x00000007bc380000, 0x00000007c0000000)
  eden space 1199104K, 0% used [0x000000076b800000,0x000000076b800000,0x00000007b4b00000)
  from space 512K, 37% used [0x00000007bc300000,0x00000007bc330000,0x00000007bc380000)
  to   space 9216K, 0% used [0x00000007bb180000,0x00000007bb180000,0x00000007bba80000)
 ParOldGen       total 173568K, used 13270K [0x00000006c2800000, 0x00000006cd180000, 0x000000076b800000)
  object space 173568K, 7% used [0x00000006c2800000,0x00000006c34f5838,0x00000006cd180000)
 Metaspace       used 8331K, capacity 8710K, committed 8960K, reserved 1056768K
  class space    used 660K, capacity 690K, committed 768K, reserved 1048576K
}

