# JRE version: Java(TM) SE Runtime Environment (8.0_65-b17) (build 1.8.0_65-b17)
# Java VM: Java HotSpot(TM) 64-Bit Server VM (25.65-b01 mixed mode windows-amd64 compressed oops)
Heap:
 PSYoungGen      total 893952K, used 454374K [0x000000076b800000, 0x00000007ba680000, 0x00000007c0000000)
  eden space 893440K, 50% used [0x000000076b800000,0x0000000787379bd0,0x00000007a2080000)
  from space 512K, 50% used [0x00000007ba600000,0x00000007ba640000,0x00000007ba680000)
  to   space 6656K, 0% used [0x00000007b9980000,0x00000007b9980000,0x00000007ba000000)
 ParOldGen       total 173568K, used 16899K [0x00000006c2800000, 0x00000006cd180000, 0x000000076b800000)
  object space 173568K, 9% used [0x00000006c2800000,0x00000006c3880ea0,0x00000006cd180000)
 Metaspace       used 8387K, capacity 8774K, committed 8960K, reserved 1056768K
  class space    used 662K, capacity 690K, committed 768K, reserved 1048576K
GC Heap History (10 events):
Event: 7.265 GC heap before
{Heap before GC invocations=16 (full 0):
 PSYoungGen      total 1143296K, used 1134784K [0x000000076b800000, 0x00000007bbb80000, 0x00000007c0000000)
  eden space 1134592K, 100% used [0x000000076b800000,0x00000007b0c00000,0x00000007b0c00000)
  from space 8704K, 2% used [0x00000007baa80000,0x00000007baab0000,0x00000007bb300000)
  to   space 8192K, 0% used [0x00000007bb380000,0x00000007bb380000,0x00000007bbb80000)
 ParOldGen       total 173568K, used 16819K [0x00000006c2800000, 0x00000006cd180000, 0x000000076b800000)
  object space 173568K, 9% used [0x00000006c2800000,0x00000006c386cea0,0x00000006cd180000)
 Metaspace       used 8378K, capacity 8774K, committed 8960K, reserved 1056768K
  class space    used 661K, capacity 690K, committed 768K, reserved 1048576K
Event: 7.267 GC heap after
Heap after GC invocations=16 (full 0):
 PSYoungGen      total 1081856K, used 224K [0x000000076b800000, 0x00000007bb400000, 0x00000007c0000000)
  eden space 1081344K, 0% used [0x000000076b800000,0x000000076b800000,0x00000007ad800000)
  from space 512K, 43% used [0x00000007bb380000,0x00000007bb3b8000,0x00000007bb400000)
  to   space 8192K, 0% used [0x00000007ba400000,0x00000007ba400000,0x00000007bac00000)
 ParOldGen       total 173568K, used 16843K [0x00000006c2800000, 0x00000006cd180000, 0x000000076b800000)
  object space 173568K, 9% used [0x00000006c2800000,0x00000006c3872ea0,0x00000006cd180000)
 Metaspace       used 8378K, capacity 8774K, committed 8960K, reserved 1056768K
  class space    used 661K, capacity 690K, committed 768K, reserved 1048576K
}
Event: 8.082 GC heap before
{Heap before GC invocations=17 (full 0):
 PSYoungGen      total 1081856K, used 1081568K [0x000000076b800000, 0x00000007bb400000, 0x00000007c0000000)
  eden space 1081344K, 100% used [0x000000076b800000,0x00000007ad800000,0x00000007ad800000)
  from space 512K, 43% used [0x00000007bb380000,0x00000007bb3b8000,0x00000007bb400000)
  to   space 8192K, 0% used [0x00000007ba400000,0x00000007ba400000,0x00000007bac00000)
 ParOldGen       total 173568K, used 16843K [0x00000006c2800000, 0x00000006cd180000, 0x000000076b800000)
  object space 173568K, 9% used [0x00000006c2800000,0x00000006c3872ea0,0x00000006cd180000)
 Metaspace       used 8386K, capacity 8774K, committed 8960K, reserved 1056768K
  class space    used 662K, capacity 690K, committed 768K, reserved 1048576K
Event: 8.083 GC heap after
Heap after GC invocations=17 (full 0):
 PSYoungGen      total 1038848K, used 256K [0x000000076b800000, 0x00000007bb400000, 0x00000007c0000000)
  eden space 1030656K, 0% used [0x000000076b800000,0x000000076b800000,0x00000007aa680000)
  from space 8192K, 3% used [0x00000007ba400000,0x00000007ba440000,0x00000007bac00000)
  to   space 7680K, 0% used [0x00000007bac80000,0x00000007bac80000,0x00000007bb400000)
 ParOldGen       total 173568K, used 16843K [0x00000006c2800000, 0x00000006cd180000, 0x000000076b800000)
  object space 173568K, 9% used [0x00000006c2800000,0x00000006c3872ea0,0x00000006cd180000)
 Metaspace       used 8386K, capacity 8774K, committed 8960K, reserved 1056768K
  class space    used 662K, capacity 690K, committed 768K, reserved 1048576K
}
Event: 8.841 GC heap before
{Heap before GC invocations=18 (full 0):
 PSYoungGen      total 1038848K, used 1030912K [0x000000076b800000, 0x00000007bb400000, 0x00000007c0000000)
  eden space 1030656K, 100% used [0x000000076b800000,0x00000007aa680000,0x00000007aa680000)
  from space 8192K, 3% used [0x00000007ba400000,0x00000007ba440000,0x00000007bac00000)
  to   space 7680K, 0% used [0x00000007bac80000,0x00000007bac80000,0x00000007bb400000)
 ParOldGen       total 173568K, used 16843K [0x00000006c2800000, 0x00000006cd180000, 0x000000076b800000)
  object space 173568K, 9% used [0x00000006c2800000,0x00000006c3872ea0,0x00000006cd180000)
 Metaspace       used 8386K, capacity 8774K, committed 8960K, reserved 1056768K
  class space    used 662K, capacity 690K, committed 768K, reserved 1048576K
Event: 8.843 GC heap after
Heap after GC invocations=18 (full 0):
 PSYoungGen      total 983040K, used 256K [0x000000076b800000, 0x00000007bad00000, 0x00000007c0000000)
  eden space 982528K, 0% used [0x000000076b800000,0x000000076b800000,0x00000007a7780000)
  from space 512K, 50% used [0x00000007bac80000,0x00000007bacc0000,0x00000007bad00000)
  to   space 7168K, 0% used [0x00000007b9f00000,0x00000007b9f00000,0x00000007ba600000)
 ParOldGen       total 173568K, used 16859K [0x00000006c2800000, 0x00000006cd180000, 0x000000076b800000)
  object space 173568K, 9% used [0x00000006c2800000,0x00000006c3876ea0,0x00000006cd180000)
 Metaspace       used 8386K, capacity 8774K, committed 8960K, reserved 1056768K
  class space    used 662K, capacity 690K, committed 768K, reserved 1048576K
}
Event: 9.571 GC heap before
{Heap before GC invocations=19 (full 0):
 PSYoungGen      total 983040K, used 982784K [0x000000076b800000, 0x00000007bad00000, 0x00000007c0000000)
  eden space 982528K, 100% used [0x000000076b800000,0x00000007a7780000,0x00000007a7780000)
  from space 512K, 50% used [0x00000007bac80000,0x00000007bacc0000,0x00000007bad00000)
  to   space 7168K, 0% used [0x00000007b9f00000,0x00000007b9f00000,0x00000007ba600000)
 ParOldGen       total 173568K, used 16859K [0x00000006c2800000, 0x00000006cd180000, 0x000000076b800000)
  object space 173568K, 9% used [0x00000006c2800000,0x00000006c3876ea0,0x00000006cd180000)
 Metaspace       used 8386K, capacity 8774K, committed 8960K, reserved 1056768K
  class space    used 662K, capacity 690K, committed 768K, reserved 1048576K
Event: 9.572 GC heap after
Heap after GC invocations=19 (full 0):
 PSYoungGen      total 944128K, used 256K [0x000000076b800000, 0x00000007bad00000, 0x00000007c0000000)
  eden space 936960K, 0% used [0x000000076b800000,0x000000076b800000,0x00000007a4b00000)
  from space 7168K, 3% used [0x00000007b9f00000,0x00000007b9f40000,0x00000007ba600000)
  to   space 7168K, 0% used [0x00000007ba600000,0x00000007ba600000,0x00000007bad00000)
 ParOldGen       total 173568K, used 16883K [0x00000006c2800000, 0x00000006cd180000, 0x000000076b800000)
  object space 173568K, 9% used [0x00000006c2800000,0x00000006c387cea0,0x00000006cd180000)
 Metaspace       used 8386K, capacity 8774K, committed 8960K, reserved 1056768K
  class space    used 662K, capacity 690K, committed 768K, reserved 1048576K
}
Event: 10.435 GC heap before
{Heap before GC invocations=20 (full 0):
 PSYoungGen      total 944128K, used 937216K [0x000000076b800000, 0x00000007bad00000, 0x00000007c0000000)
  eden space 936960K, 100% used [0x000000076b800000,0x00000007a4b00000,0x00000007a4b00000)
  from space 7168K, 3% used [0x00000007b9f00000,0x00000007b9f40000,0x00000007ba600000)
  to   space 7168K, 0% used [0x00000007ba600000,0x00000007ba600000,0x00000007bad00000)
 ParOldGen       total 173568K, used 16883K [0x00000006c2800000, 0x00000006cd180000, 0x000000076b800000)
  object space 173568K, 9% used [0x00000006c2800000,0x00000006c387cea0,0x00000006cd180000)
 Metaspace       used 8387K, capacity 8774K, committed 8960K, reserved 1056768K
  class space    used 662K, capacity 690K, committed 768K, reserved 1048576K
Event: 10.436 GC heap after
Heap after GC invocations=20 (full 0):
 PSYoungGen      total 893952K, used 256K [0x000000076b800000, 0x00000007ba680000, 0x00000007c0000000)
  eden space 893440K, 0% used [0x000000076b800000,0x000000076b800000,0x00000007a2080000)
  from space 512K, 50% used [0x00000007ba600000,0x00000007ba640000,0x00000007ba680000)
  to   space 6656K, 0% used [0x00000007b9980000,0x00000007b9980000,0x00000007ba000000)
 ParOldGen       total 173568K, used 16899K [0x00000006c2800000, 0x00000006cd180000, 0x000000076b800000)
  object space 173568K, 9% used [0x00000006c2800000,0x00000006c3880ea0,0x00000006cd180000)
 Metaspace       used 8387K, capacity 8774K, committed 8960K, reserved 1056768K
  class space    used 662K, capacity 690K, committed 768K, reserved 1048576K
}

