# JRE version: Java(TM) SE Runtime Environment (8.0_65-b17) (build 1.8.0_65-b17)
# Java VM: Java HotSpot(TM) 64-Bit Server VM (25.65-b01 mixed mode windows-amd64 compressed oops)
Heap:
 PSYoungGen      total 501760K, used 371215K [0x000000076b800000, 0x00000007bb500000, 0x00000007c0000000)
  eden space 495616K, 74% used [0x000000076b800000,0x0000000782253f50,0x0000000789c00000)
  from space 6144K, 3% used [0x00000007ba900000,0x00000007ba930000,0x00000007baf00000)
  to   space 5632K, 0% used [0x00000007baf80000,0x00000007baf80000,0x00000007bb500000)
 ParOldGen       total 173568K, used 37059K [0x00000006c2800000, 0x00000006cd180000, 0x000000076b800000)
  object space 173568K, 21% used [0x00000006c2800000,0x00000006c4c30de0,0x00000006cd180000)
 Metaspace       used 8365K, capacity 8710K, committed 8960K, reserved 1056768K
  class space    used 658K, capacity 690K, committed 768K, reserved 1048576K
GC Heap History (10 events):
Event: 11.597 GC heap before
{Heap before GC invocations=27 (full 0):
 PSYoungGen      total 623104K, used 622816K [0x000000076b800000, 0x00000007bc100000, 0x00000007c0000000)
  eden space 622592K, 100% used [0x000000076b800000,0x0000000791800000,0x0000000791800000)
  from space 512K, 43% used [0x00000007bc080000,0x00000007bc0b8000,0x00000007bc100000)
  to   space 7680K, 0% used [0x00000007bb200000,0x00000007bb200000,0x00000007bb980000)
 ParOldGen       total 173568K, used 37035K [0x00000006c2800000, 0x00000006cd180000, 0x000000076b800000)
  object space 173568K, 21% used [0x00000006c2800000,0x00000006c4c2ade0,0x00000006cd180000)
 Metaspace       used 8363K, capacity 8710K, committed 8960K, reserved 1056768K
  class space    used 658K, capacity 690K, committed 768K, reserved 1048576K
Event: 11.597 GC heap after
Heap after GC invocations=27 (full 0):
 PSYoungGen      total 602112K, used 224K [0x000000076b800000, 0x00000007bc100000, 0x00000007c0000000)
  eden space 594432K, 0% used [0x000000076b800000,0x000000076b800000,0x000000078fc80000)
  from space 7680K, 2% used [0x00000007bb200000,0x00000007bb238000,0x00000007bb980000)
  to   space 7168K, 0% used [0x00000007bba00000,0x00000007bba00000,0x00000007bc100000)
 ParOldGen       total 173568K, used 37035K [0x00000006c2800000, 0x00000006cd180000, 0x000000076b800000)
  object space 173568K, 21% used [0x00000006c2800000,0x00000006c4c2ade0,0x00000006cd180000)
 Metaspace       used 8363K, capacity 8710K, committed 8960K, reserved 1056768K
  class space    used 658K, capacity 690K, committed 768K, reserved 1048576K
}
Event: 12.090 GC heap before
{Heap before GC invocations=28 (full 0):
 PSYoungGen      total 602112K, used 594656K [0x000000076b800000, 0x00000007bc100000, 0x00000007c0000000)
  eden space 594432K, 100% used [0x000000076b800000,0x000000078fc80000,0x000000078fc80000)
  from space 7680K, 2% used [0x00000007bb200000,0x00000007bb238000,0x00000007bb980000)
  to   space 7168K, 0% used [0x00000007bba00000,0x00000007bba00000,0x00000007bc100000)
 ParOldGen       total 173568K, used 37035K [0x00000006c2800000, 0x00000006cd180000, 0x000000076b800000)
  object space 173568K, 21% used [0x00000006c2800000,0x00000006c4c2ade0,0x00000006cd180000)
 Metaspace       used 8364K, capacity 8710K, committed 8960K, reserved 1056768K
  class space    used 658K, capacity 690K, committed 768K, reserved 1048576K
Event: 12.091 GC heap after
Heap after GC invocations=28 (full 0):
 PSYoungGen      total 568320K, used 224K [0x000000076b800000, 0x00000007bba80000, 0x00000007c0000000)
  eden space 567808K, 0% used [0x000000076b800000,0x000000076b800000,0x000000078e280000)
  from space 512K, 43% used [0x00000007bba00000,0x00000007bba38000,0x00000007bba80000)
  to   space 6656K, 0% used [0x00000007bad80000,0x00000007bad80000,0x00000007bb400000)
 ParOldGen       total 173568K, used 37035K [0x00000006c2800000, 0x00000006cd180000, 0x000000076b800000)
  object space 173568K, 21% used [0x00000006c2800000,0x00000006c4c2ade0,0x00000006cd180000)
 Metaspace       used 8364K, capacity 8710K, committed 8960K, reserved 1056768K
  class space    used 658K, capacity 690K, committed 768K, reserved 1048576K
}
Event: 12.659 GC heap before
{Heap before GC invocations=29 (full 0):
 PSYoungGen      total 568320K, used 568032K [0x000000076b800000, 0x00000007bba80000, 0x00000007c0000000)
  eden space 567808K, 100% used [0x000000076b800000,0x000000078e280000,0x000000078e280000)
  from space 512K, 43% used [0x00000007bba00000,0x00000007bba38000,0x00000007bba80000)
  to   space 6656K, 0% used [0x00000007bad80000,0x00000007bad80000,0x00000007bb400000)
 ParOldGen       total 173568K, used 37035K [0x00000006c2800000, 0x00000006cd180000, 0x000000076b800000)
  object space 173568K, 21% used [0x00000006c2800000,0x00000006c4c2ade0,0x00000006cd180000)
 Metaspace       used 8364K, capacity 8710K, committed 8960K, reserved 1056768K
  class space    used 658K, capacity 690K, committed 768K, reserved 1048576K
Event: 12.660 GC heap after
Heap after GC invocations=29 (full 0):
 PSYoungGen      total 549376K, used 224K [0x000000076b800000, 0x00000007bba80000, 0x00000007c0000000)
  eden space 542720K, 0% used [0x000000076b800000,0x000000076b800000,0x000000078ca00000)
  from space 6656K, 3% used [0x00000007bad80000,0x00000007badb8000,0x00000007bb400000)
  to   space 6144K, 0% used [0x00000007bb480000,0x00000007bb480000,0x00000007bba80000)
 ParOldGen       total 173568K, used 37051K [0x00000006c2800000, 0x00000006cd180000, 0x000000076b800000)
  object space 173568K, 21% used [0x00000006c2800000,0x00000006c4c2ede0,0x00000006cd180000)
 Metaspace       used 8364K, capacity 8710K, committed 8960K, reserved 1056768K
  class space    used 658K, capacity 690K, committed 768K, reserved 1048576K
}
Event: 13.065 GC heap before
{Heap before GC invocations=30 (full 0):
 PSYoungGen      total 549376K, used 542944K [0x000000076b800000, 0x00000007bba80000, 0x00000007c0000000)
  eden space 542720K, 100% used [0x000000076b800000,0x000000078ca00000,0x000000078ca00000)
  from space 6656K, 3% used [0x00000007bad80000,0x00000007badb8000,0x00000007bb400000)
  to   space 6144K, 0% used [0x00000007bb480000,0x00000007bb480000,0x00000007bba80000)
 ParOldGen       total 173568K, used 37051K [0x00000006c2800000, 0x00000006cd180000, 0x000000076b800000)
  object space 173568K, 21% used [0x00000006c2800000,0x00000006c4c2ede0,0x00000006cd180000)
 Metaspace       used 8364K, capacity 8710K, committed 8960K, reserved 1056768K
  class space    used 658K, capacity 690K, committed 768K, reserved 1048576K
Event: 13.066 GC heap after
Heap after GC invocations=30 (full 0):
 PSYoungGen      total 519168K, used 128K [0x000000076b800000, 0x00000007bb500000, 0x00000007c0000000)
  eden space 518656K, 0% used [0x000000076b800000,0x000000076b800000,0x000000078b280000)
  from space 512K, 25% used [0x00000007bb480000,0x00000007bb4a0000,0x00000007bb500000)
  to   space 6144K, 0% used [0x00000007ba900000,0x00000007ba900000,0x00000007baf00000)
 ParOldGen       total 173568K, used 37059K [0x00000006c2800000, 0x00000006cd180000, 0x000000076b800000)
  object space 173568K, 21% used [0x00000006c2800000,0x00000006c4c30de0,0x00000006cd180000)
 Metaspace       used 8364K, capacity 8710K, committed 8960K, reserved 1056768K
  class space    used 658K, capacity 690K, committed 768K, reserved 1048576K
}
Event: 13.444 GC heap before
{Heap before GC invocations=31 (full 0):
 PSYoungGen      total 519168K, used 518784K [0x000000076b800000, 0x00000007bb500000, 0x00000007c0000000)
  eden space 518656K, 100% used [0x000000076b800000,0x000000078b280000,0x000000078b280000)
  from space 512K, 25% used [0x00000007bb480000,0x00000007bb4a0000,0x00000007bb500000)
  to   space 6144K, 0% used [0x00000007ba900000,0x00000007ba900000,0x00000007baf00000)
 ParOldGen       total 173568K, used 37059K [0x00000006c2800000, 0x00000006cd180000, 0x000000076b800000)
  object space 173568K, 21% used [0x00000006c2800000,0x00000006c4c30de0,0x00000006cd180000)
 Metaspace       used 8364K, capacity 8710K, committed 8960K, reserved 1056768K
  class space    used 658K, capacity 690K, committed 768K, reserved 1048576K
Event: 13.444 GC heap after
Heap after GC invocations=31 (full 0):
 PSYoungGen      total 501760K, used 192K [0x000000076b800000, 0x00000007bb500000, 0x00000007c0000000)
  eden space 495616K, 0% used [0x000000076b800000,0x000000076b800000,0x0000000789c00000)
  from space 6144K, 3% used [0x00000007ba900000,0x00000007ba930000,0x00000007baf00000)
  to   space 5632K, 0% used [0x00000007baf80000,0x00000007baf80000,0x00000007bb500000)
 ParOldGen       total 173568K, used 37059K [0x00000006c2800000, 0x00000006cd180000, 0x000000076b800000)
  object space 173568K, 21% used [0x00000006c2800000,0x00000006c4c30de0,0x00000006cd180000)
 Metaspace       used 8364K, capacity 8710K, committed 8960K, reserved 1056768K
  class space    used 658K, capacity 690K, committed 768K, reserved 1048576K
}

