# JRE version: Java(TM) SE Runtime Environment (8.0_65-b17) (build 1.8.0_65-b17)
# Java VM: Java HotSpot(TM) 64-Bit Server VM (25.65-b01 mixed mode windows-amd64 compressed oops)
Heap:
 PSYoungGen      total 51712K, used 47689K [0x000000076b800000, 0x00000007b9200000, 0x00000007c0000000)
  eden space 51200K, 92% used [0x000000076b800000,0x000000076e6627b0,0x000000076ea00000)
  from space 512K, 37% used [0x00000007b9100000,0x00000007b9130000,0x00000007b9180000)
  to   space 512K, 0% used [0x00000007b9180000,0x00000007b9180000,0x00000007b9200000)
 ParOldGen       total 173568K, used 11605K [0x00000006c2800000, 0x00000006cd180000, 0x000000076b800000)
  object space 173568K, 6% used [0x00000006c2800000,0x00000006c3355640,0x00000006cd180000)
 Metaspace       used 8396K, capacity 8774K, committed 8960K, reserved 1056768K
  class space    used 662K, capacity 690K, committed 768K, reserved 1048576K
GC Heap History (10 events):
Event: 30.709 GC heap before
{Heap before GC invocations=283 (full 0):
 PSYoungGen      total 56832K, used 56544K [0x000000076b800000, 0x00000007b9200000, 0x00000007c0000000)
  eden space 56320K, 100% used [0x000000076b800000,0x000000076ef00000,0x000000076ef00000)
  from space 512K, 43% used [0x00000007b9180000,0x00000007b91b8000,0x00000007b9200000)
  to   space 512K, 0% used [0x00000007b9100000,0x00000007b9100000,0x00000007b9180000)
 ParOldGen       total 173568K, used 11605K [0x00000006c2800000, 0x00000006cd180000, 0x000000076b800000)
  object space 173568K, 6% used [0x00000006c2800000,0x00000006c3355640,0x00000006cd180000)
 Metaspace       used 8395K, capacity 8774K, committed 8960K, reserved 1056768K
  class space    used 662K, capacity 690K, committed 768K, reserved 1048576K
Event: 30.709 GC heap after
Heap after GC invocations=283 (full 0):
 PSYoungGen      total 55808K, used 256K [0x000000076b800000, 0x00000007b9200000, 0x00000007c0000000)
  eden space 55296K, 0% used [0x000000076b800000,0x000000076b800000,0x000000076ee00000)
  from space 512K, 50% used [0x00000007b9100000,0x00000007b9140000,0x00000007b9180000)
  to   space 512K, 0% used [0x00000007b9180000,0x00000007b9180000,0x00000007b9200000)
 ParOldGen       total 173568K, used 11605K [0x00000006c2800000, 0x00000006cd180000, 0x000000076b800000)
  object space 173568K, 6% used [0x00000006c2800000,0x00000006c3355640,0x00000006cd180000)
 Metaspace       used 8395K, capacity 8774K, committed 8960K, reserved 1056768K
  class space    used 662K, capacity 690K, committed 768K, reserved 1048576K
}
Event: 30.769 GC heap before
{Heap before GC invocations=284 (full 0):
 PSYoungGen      total 55808K, used 55552K [0x000000076b800000, 0x00000007b9200000, 0x00000007c0000000)
  eden space 55296K, 100% used [0x000000076b800000,0x000000076ee00000,0x000000076ee00000)
  from space 512K, 50% used [0x00000007b9100000,0x00000007b9140000,0x00000007b9180000)
  to   space 512K, 0% used [0x00000007b9180000,0x00000007b9180000,0x00000007b9200000)
 ParOldGen       total 173568K, used 11605K [0x00000006c2800000, 0x00000006cd180000, 0x000000076b800000)
  object space 173568K, 6% used [0x00000006c2800000,0x00000006c3355640,0x00000006cd180000)
 Metaspace       used 8395K, capacity 8774K, committed 8960K, reserved 1056768K
  class space    used 662K, capacity 690K, committed 768K, reserved 1048576K
Event: 30.770 GC heap after
Heap after GC invocations=284 (full 0):
 PSYoungGen      total 54784K, used 224K [0x000000076b800000, 0x00000007b9200000, 0x00000007c0000000)
  eden space 54272K, 0% used [0x000000076b800000,0x000000076b800000,0x000000076ed00000)
  from space 512K, 43% used [0x00000007b9180000,0x00000007b91b8000,0x00000007b9200000)
  to   space 512K, 0% used [0x00000007b9100000,0x00000007b9100000,0x00000007b9180000)
 ParOldGen       total 173568K, used 11605K [0x00000006c2800000, 0x00000006cd180000, 0x000000076b800000)
  object space 173568K, 6% used [0x00000006c2800000,0x00000006c3355640,0x00000006cd180000)
 Metaspace       used 8395K, capacity 8774K, committed 8960K, reserved 1056768K
  class space    used 662K, capacity 690K, committed 768K, reserved 1048576K
}
Event: 30.829 GC heap before
{Heap before GC invocations=285 (full 0):
 PSYoungGen      total 54784K, used 54496K [0x000000076b800000, 0x00000007b9200000, 0x00000007c0000000)
  eden space 54272K, 100% used [0x000000076b800000,0x000000076ed00000,0x000000076ed00000)
  from space 512K, 43% used [0x00000007b9180000,0x00000007b91b8000,0x00000007b9200000)
  to   space 512K, 0% used [0x00000007b9100000,0x00000007b9100000,0x00000007b9180000)
 ParOldGen       total 173568K, used 11605K [0x00000006c2800000, 0x00000006cd180000, 0x000000076b800000)
  object space 173568K, 6% used [0x00000006c2800000,0x00000006c3355640,0x00000006cd180000)
 Metaspace       used 8395K, capacity 8774K, committed 8960K, reserved 1056768K
  class space    used 662K, capacity 690K, committed 768K, reserved 1048576K
Event: 30.830 GC heap after
Heap after GC invocations=285 (full 0):
 PSYoungGen      total 53760K, used 224K [0x000000076b800000, 0x00000007b9200000, 0x00000007c0000000)
  eden space 53248K, 0% used [0x000000076b800000,0x000000076b800000,0x000000076ec00000)
  from space 512K, 43% used [0x00000007b9100000,0x00000007b9138000,0x00000007b9180000)
  to   space 512K, 0% used [0x00000007b9180000,0x00000007b9180000,0x00000007b9200000)
 ParOldGen       total 173568K, used 11605K [0x00000006c2800000, 0x00000006cd180000, 0x000000076b800000)
  object space 173568K, 6% used [0x00000006c2800000,0x00000006c3355640,0x00000006cd180000)
 Metaspace       used 8395K, capacity 8774K, committed 8960K, reserved 1056768K
  class space    used 662K, capacity 690K, committed 768K, reserved 1048576K
}
Event: 30.882 GC heap before
{Heap before GC invocations=286 (full 0):
 PSYoungGen      total 53760K, used 53472K [0x000000076b800000, 0x00000007b9200000, 0x00000007c0000000)
  eden space 53248K, 100% used [0x000000076b800000,0x000000076ec00000,0x000000076ec00000)
  from space 512K, 43% used [0x00000007b9100000,0x00000007b9138000,0x00000007b9180000)
  to   space 512K, 0% used [0x00000007b9180000,0x00000007b9180000,0x00000007b9200000)
 ParOldGen       total 173568K, used 11605K [0x00000006c2800000, 0x00000006cd180000, 0x000000076b800000)
  object space 173568K, 6% used [0x00000006c2800000,0x00000006c3355640,0x00000006cd180000)
 Metaspace       used 8395K, capacity 8774K, committed 8960K, reserved 1056768K
  class space    used 662K, capacity 690K, committed 768K, reserved 1048576K
Event: 30.882 GC heap after
Heap after GC invocations=286 (full 0):
 PSYoungGen      total 52736K, used 224K [0x000000076b800000, 0x00000007b9200000, 0x00000007c0000000)
  eden space 52224K, 0% used [0x000000076b800000,0x000000076b800000,0x000000076eb00000)
  from space 512K, 43% used [0x00000007b9180000,0x00000007b91b8000,0x00000007b9200000)
  to   space 512K, 0% used [0x00000007b9100000,0x00000007b9100000,0x00000007b9180000)
 ParOldGen       total 173568K, used 11605K [0x00000006c2800000, 0x00000006cd180000, 0x000000076b800000)
  object space 173568K, 6% used [0x00000006c2800000,0x00000006c3355640,0x00000006cd180000)
 Metaspace       used 8395K, capacity 8774K, committed 8960K, reserved 1056768K
  class space    used 662K, capacity 690K, committed 768K, reserved 1048576K
}
Event: 30.939 GC heap before
{Heap before GC invocations=287 (full 0):
 PSYoungGen      total 52736K, used 52448K [0x000000076b800000, 0x00000007b9200000, 0x00000007c0000000)
  eden space 52224K, 100% used [0x000000076b800000,0x000000076eb00000,0x000000076eb00000)
  from space 512K, 43% used [0x00000007b9180000,0x00000007b91b8000,0x00000007b9200000)
  to   space 512K, 0% used [0x00000007b9100000,0x00000007b9100000,0x00000007b9180000)
 ParOldGen       total 173568K, used 11605K [0x00000006c2800000, 0x00000006cd180000, 0x000000076b800000)
  object space 173568K, 6% used [0x00000006c2800000,0x00000006c3355640,0x00000006cd180000)
 Metaspace       used 8395K, capacity 8774K, committed 8960K, reserved 1056768K
  class space    used 662K, capacity 690K, committed 768K, reserved 1048576K
Event: 30.940 GC heap after
Heap after GC invocations=287 (full 0):
 PSYoungGen      total 51712K, used 192K [0x000000076b800000, 0x00000007b9200000, 0x00000007c0000000)
  eden space 51200K, 0% used [0x000000076b800000,0x000000076b800000,0x000000076ea00000)
  from space 512K, 37% used [0x00000007b9100000,0x00000007b9130000,0x00000007b9180000)
  to   space 512K, 0% used [0x00000007b9180000,0x00000007b9180000,0x00000007b9200000)
 ParOldGen       total 173568K, used 11605K [0x00000006c2800000, 0x00000006cd180000, 0x000000076b800000)
  object space 173568K, 6% used [0x00000006c2800000,0x00000006c3355640,0x00000006cd180000)
 Metaspace       used 8395K, capacity 8774K, committed 8960K, reserved 1056768K
  class space    used 662K, capacity 690K, committed 768K, reserved 1048576K
}

