# JRE version: Java(TM) SE Runtime Environment (8.0_65-b17) (build 1.8.0_65-b17)
# Java VM: Java HotSpot(TM) 64-Bit Server VM (25.65-b01 mixed mode windows-amd64 compressed oops)
Heap:
 PSYoungGen      total 611840K, used 338355K [0x000000076b800000, 0x00000007bc680000, 0x00000007c0000000)
  eden space 604672K, 55% used [0x000000076b800000,0x000000078023ceb0,0x0000000790680000)
  from space 7168K, 2% used [0x00000007bb880000,0x00000007bb8b0000,0x00000007bbf80000)
  to   space 6656K, 0% used [0x00000007bc000000,0x00000007bc000000,0x00000007bc680000)
 ParOldGen       total 173568K, used 33545K [0x00000006c2800000, 0x00000006cd180000, 0x000000076b800000)
  object space 173568K, 19% used [0x00000006c2800000,0x00000006c48c25d8,0x00000006cd180000)
 Metaspace       used 8363K, capacity 8774K, committed 8960K, reserved 1056768K
  class space    used 660K, capacity 690K, committed 768K, reserved 1048576K
GC Heap History (10 events):
Event: 9.580 GC heap before
{Heap before GC invocations=23 (full 0):
 PSYoungGen      total 762880K, used 762528K [0x000000076b800000, 0x00000007bd580000, 0x00000007c0000000)
  eden space 762368K, 100% used [0x000000076b800000,0x000000079a080000,0x000000079a080000)
  from space 512K, 31% used [0x00000007bd500000,0x00000007bd528000,0x00000007bd580000)
  to   space 9216K, 0% used [0x00000007bc380000,0x00000007bc380000,0x00000007bcc80000)
 ParOldGen       total 173568K, used 33537K [0x00000006c2800000, 0x00000006cd180000, 0x000000076b800000)
  object space 173568K, 19% used [0x00000006c2800000,0x00000006c48c05d8,0x00000006cd180000)
 Metaspace       used 8359K, capacity 8774K, committed 8960K, reserved 1056768K
  class space    used 660K, capacity 690K, committed 768K, reserved 1048576K
Event: 9.580 GC heap after
Heap after GC invocations=23 (full 0):
 PSYoungGen      total 736768K, used 192K [0x000000076b800000, 0x00000007bd580000, 0x00000007c0000000)
  eden space 727552K, 0% used [0x000000076b800000,0x000000076b800000,0x0000000797e80000)
  from space 9216K, 2% used [0x00000007bc380000,0x00000007bc3b0000,0x00000007bcc80000)
  to   space 8704K, 0% used [0x00000007bcd00000,0x00000007bcd00000,0x00000007bd580000)
 ParOldGen       total 173568K, used 33537K [0x00000006c2800000, 0x00000006cd180000, 0x000000076b800000)
  object space 173568K, 19% used [0x00000006c2800000,0x00000006c48c05d8,0x00000006cd180000)
 Metaspace       used 8359K, capacity 8774K, committed 8960K, reserved 1056768K
  class space    used 660K, capacity 690K, committed 768K, reserved 1048576K
}
Event: 10.152 GC heap before
{Heap before GC invocations=24 (full 0):
 PSYoungGen      total 736768K, used 727744K [0x000000076b800000, 0x00000007bd580000, 0x00000007c0000000)
  eden space 727552K, 100% used [0x000000076b800000,0x0000000797e80000,0x0000000797e80000)
  from space 9216K, 2% used [0x00000007bc380000,0x00000007bc3b0000,0x00000007bcc80000)
  to   space 8704K, 0% used [0x00000007bcd00000,0x00000007bcd00000,0x00000007bd580000)
 ParOldGen       total 173568K, used 33537K [0x00000006c2800000, 0x00000006cd180000, 0x000000076b800000)
  object space 173568K, 19% used [0x00000006c2800000,0x00000006c48c05d8,0x00000006cd180000)
 Metaspace       used 8359K, capacity 8774K, committed 8960K, reserved 1056768K
  class space    used 660K, capacity 690K, committed 768K, reserved 1048576K
Event: 10.160 GC heap after
Heap after GC invocations=24 (full 0):
 PSYoungGen      total 694784K, used 256K [0x000000076b800000, 0x00000007bcd80000, 0x00000007c0000000)
  eden space 694272K, 0% used [0x000000076b800000,0x000000076b800000,0x0000000795e00000)
  from space 512K, 50% used [0x00000007bcd00000,0x00000007bcd40000,0x00000007bcd80000)
  to   space 8192K, 0% used [0x00000007bbd80000,0x00000007bbd80000,0x00000007bc580000)
 ParOldGen       total 173568K, used 33537K [0x00000006c2800000, 0x00000006cd180000, 0x000000076b800000)
  object space 173568K, 19% used [0x00000006c2800000,0x00000006c48c05d8,0x00000006cd180000)
 Metaspace       used 8359K, capacity 8774K, committed 8960K, reserved 1056768K
  class space    used 660K, capacity 690K, committed 768K, reserved 1048576K
}
Event: 10.693 GC heap before
{Heap before GC invocations=25 (full 0):
 PSYoungGen      total 694784K, used 694528K [0x000000076b800000, 0x00000007bcd80000, 0x00000007c0000000)
  eden space 694272K, 100% used [0x000000076b800000,0x0000000795e00000,0x0000000795e00000)
  from space 512K, 50% used [0x00000007bcd00000,0x00000007bcd40000,0x00000007bcd80000)
  to   space 8192K, 0% used [0x00000007bbd80000,0x00000007bbd80000,0x00000007bc580000)
 ParOldGen       total 173568K, used 33537K [0x00000006c2800000, 0x00000006cd180000, 0x000000076b800000)
  object space 173568K, 19% used [0x00000006c2800000,0x00000006c48c05d8,0x00000006cd180000)
 Metaspace       used 8362K, capacity 8774K, committed 8960K, reserved 1056768K
  class space    used 660K, capacity 690K, committed 768K, reserved 1048576K
Event: 10.694 GC heap after
Heap after GC invocations=25 (full 0):
 PSYoungGen      total 671232K, used 224K [0x000000076b800000, 0x00000007bcd80000, 0x00000007c0000000)
  eden space 663040K, 0% used [0x000000076b800000,0x000000076b800000,0x0000000793f80000)
  from space 8192K, 2% used [0x00000007bbd80000,0x00000007bbdb8000,0x00000007bc580000)
  to   space 7680K, 0% used [0x00000007bc600000,0x00000007bc600000,0x00000007bcd80000)
 ParOldGen       total 173568K, used 33537K [0x00000006c2800000, 0x00000006cd180000, 0x000000076b800000)
  object space 173568K, 19% used [0x00000006c2800000,0x00000006c48c05d8,0x00000006cd180000)
 Metaspace       used 8362K, capacity 8774K, committed 8960K, reserved 1056768K
  class space    used 660K, capacity 690K, committed 768K, reserved 1048576K
}
Event: 11.214 GC heap before
{Heap before GC invocations=26 (full 0):
 PSYoungGen      total 671232K, used 663264K [0x000000076b800000, 0x00000007bcd80000, 0x00000007c0000000)
  eden space 663040K, 100% used [0x000000076b800000,0x0000000793f80000,0x0000000793f80000)
  from space 8192K, 2% used [0x00000007bbd80000,0x00000007bbdb8000,0x00000007bc580000)
  to   space 7680K, 0% used [0x00000007bc600000,0x00000007bc600000,0x00000007bcd80000)
 ParOldGen       total 173568K, used 33537K [0x00000006c2800000, 0x00000006cd180000, 0x000000076b800000)
  object space 173568K, 19% used [0x00000006c2800000,0x00000006c48c05d8,0x00000006cd180000)
 Metaspace       used 8362K, capacity 8774K, committed 8960K, reserved 1056768K
  class space    used 660K, capacity 690K, committed 768K, reserved 1048576K
Event: 11.214 GC heap after
Heap after GC invocations=26 (full 0):
 PSYoungGen      total 633856K, used 224K [0x000000076b800000, 0x00000007bc680000, 0x00000007c0000000)
  eden space 633344K, 0% used [0x000000076b800000,0x000000076b800000,0x0000000792280000)
  from space 512K, 43% used [0x00000007bc600000,0x00000007bc638000,0x00000007bc680000)
  to   space 7168K, 0% used [0x00000007bb880000,0x00000007bb880000,0x00000007bbf80000)
 ParOldGen       total 173568K, used 33545K [0x00000006c2800000, 0x00000006cd180000, 0x000000076b800000)
  object space 173568K, 19% used [0x00000006c2800000,0x00000006c48c25d8,0x00000006cd180000)
 Metaspace       used 8362K, capacity 8774K, committed 8960K, reserved 1056768K
  class space    used 660K, capacity 690K, committed 768K, reserved 1048576K
}
Event: 11.687 GC heap before
{Heap before GC invocations=27 (full 0):
 PSYoungGen      total 633856K, used 633568K [0x000000076b800000, 0x00000007bc680000, 0x00000007c0000000)
  eden space 633344K, 100% used [0x000000076b800000,0x0000000792280000,0x0000000792280000)
  from space 512K, 43% used [0x00000007bc600000,0x00000007bc638000,0x00000007bc680000)
  to   space 7168K, 0% used [0x00000007bb880000,0x00000007bb880000,0x00000007bbf80000)
 ParOldGen       total 173568K, used 33545K [0x00000006c2800000, 0x00000006cd180000, 0x000000076b800000)
  object space 173568K, 19% used [0x00000006c2800000,0x00000006c48c25d8,0x00000006cd180000)
 Metaspace       used 8363K, capacity 8774K, committed 8960K, reserved 1056768K
  class space    used 660K, capacity 690K, committed 768K, reserved 1048576K
Event: 11.688 GC heap after
Heap after GC invocations=27 (full 0):
 PSYoungGen      total 611840K, used 192K [0x000000076b800000, 0x00000007bc680000, 0x00000007c0000000)
  eden space 604672K, 0% used [0x000000076b800000,0x000000076b800000,0x0000000790680000)
  from space 7168K, 2% used [0x00000007bb880000,0x00000007bb8b0000,0x00000007bbf80000)
  to   space 6656K, 0% used [0x00000007bc000000,0x00000007bc000000,0x00000007bc680000)
 ParOldGen       total 173568K, used 33545K [0x00000006c2800000, 0x00000006cd180000, 0x000000076b800000)
  object space 173568K, 19% used [0x00000006c2800000,0x00000006c48c25d8,0x00000006cd180000)
 Metaspace       used 8363K, capacity 8774K, committed 8960K, reserved 1056768K
  class space    used 660K, capacity 690K, committed 768K, reserved 1048576K
}

