# JRE version: Java(TM) SE Runtime Environment (8.0_65-b17) (build 1.8.0_65-b17)
# Java VM: Java HotSpot(TM) 64-Bit Server VM (25.65-b01 mixed mode windows-amd64 compressed oops)
Heap:
 PSYoungGen      total 127488K, used 35747K [0x000000076b800000, 0x00000007bb400000, 0x00000007c0000000)
  eden space 126976K, 27% used [0x000000076b800000,0x000000076dab0cb8,0x0000000773400000)
  from space 512K, 43% used [0x00000007bb300000,0x00000007bb338000,0x00000007bb380000)
  to   space 512K, 0% used [0x00000007bb380000,0x00000007bb380000,0x00000007bb400000)
 ParOldGen       total 173568K, used 27134K [0x00000006c2800000, 0x00000006cd180000, 0x000000076b800000)
  object space 173568K, 15% used [0x00000006c2800000,0x00000006c427fb28,0x00000006cd180000)
 Metaspace       used 8343K, capacity 8710K, committed 8960K, reserved 1056768K
  class space    used 660K, capacity 690K, committed 768K, reserved 1048576K
GC Heap History (10 events):
Event: 54.594 GC heap before
{Heap before GC invocations=799 (full 0):
 PSYoungGen      total 150016K, used 149696K [0x000000076b800000, 0x00000007bb400000, 0x00000007c0000000)
  eden space 149504K, 100% used [0x000000076b800000,0x0000000774a00000,0x0000000774a00000)
  from space 512K, 37% used [0x00000007bb380000,0x00000007bb3b0000,0x00000007bb400000)
  to   space 512K, 0% used [0x00000007bb300000,0x00000007bb300000,0x00000007bb380000)
 ParOldGen       total 173568K, used 27126K [0x00000006c2800000, 0x00000006cd180000, 0x000000076b800000)
  object space 173568K, 15% used [0x00000006c2800000,0x00000006c427db28,0x00000006cd180000)
 Metaspace       used 8342K, capacity 8710K, committed 8960K, reserved 1056768K
  class space    used 660K, capacity 690K, committed 768K, reserved 1048576K
Event: 54.595 GC heap after
Heap after GC invocations=799 (full 0):
 PSYoungGen      total 144896K, used 224K [0x000000076b800000, 0x00000007bb400000, 0x00000007c0000000)
  eden space 144384K, 0% used [0x000000076b800000,0x000000076b800000,0x0000000774500000)
  from space 512K, 43% used [0x00000007bb300000,0x00000007bb338000,0x00000007bb380000)
  to   space 512K, 0% used [0x00000007bb380000,0x00000007bb380000,0x00000007bb400000)
 ParOldGen       total 173568K, used 27134K [0x00000006c2800000, 0x00000006cd180000, 0x000000076b800000)
  object space 173568K, 15% used [0x00000006c2800000,0x00000006c427fb28,0x00000006cd180000)
 Metaspace       used 8342K, capacity 8710K, committed 8960K, reserved 1056768K
  class space    used 660K, capacity 690K, committed 768K, reserved 1048576K
}
Event: 54.656 GC heap before
{Heap before GC invocations=800 (full 0):
 PSYoungGen      total 144896K, used 144608K [0x000000076b800000, 0x00000007bb400000, 0x00000007c0000000)
  eden space 144384K, 100% used [0x000000076b800000,0x0000000774500000,0x0000000774500000)
  from space 512K, 43% used [0x00000007bb300000,0x00000007bb338000,0x00000007bb380000)
  to   space 512K, 0% used [0x00000007bb380000,0x00000007bb380000,0x00000007bb400000)
 ParOldGen       total 173568K, used 27134K [0x00000006c2800000, 0x00000006cd180000, 0x000000076b800000)
  object space 173568K, 15% used [0x00000006c2800000,0x00000006c427fb28,0x00000006cd180000)
 Metaspace       used 8342K, capacity 8710K, committed 8960K, reserved 1056768K
  class space    used 660K, capacity 690K, committed 768K, reserved 1048576K
Event: 54.657 GC heap after
Heap after GC invocations=800 (full 0):
 PSYoungGen      total 140288K, used 224K [0x000000076b800000, 0x00000007bb400000, 0x00000007c0000000)
  eden space 139776K, 0% used [0x000000076b800000,0x000000076b800000,0x0000000774080000)
  from space 512K, 43% used [0x00000007bb380000,0x00000007bb3b8000,0x00000007bb400000)
  to   space 512K, 0% used [0x00000007bb300000,0x00000007bb300000,0x00000007bb380000)
 ParOldGen       total 173568K, used 27134K [0x00000006c2800000, 0x00000006cd180000, 0x000000076b800000)
  object space 173568K, 15% used [0x00000006c2800000,0x00000006c427fb28,0x00000006cd180000)
 Metaspace       used 8342K, capacity 8710K, committed 8960K, reserved 1056768K
  class space    used 660K, capacity 690K, committed 768K, reserved 1048576K
}
Event: 54.715 GC heap before
{Heap before GC invocations=801 (full 0):
 PSYoungGen      total 140288K, used 140000K [0x000000076b800000, 0x00000007bb400000, 0x00000007c0000000)
  eden space 139776K, 100% used [0x000000076b800000,0x0000000774080000,0x0000000774080000)
  from space 512K, 43% used [0x00000007bb380000,0x00000007bb3b8000,0x00000007bb400000)
  to   space 512K, 0% used [0x00000007bb300000,0x00000007bb300000,0x00000007bb380000)
 ParOldGen       total 173568K, used 27134K [0x00000006c2800000, 0x00000006cd180000, 0x000000076b800000)
  object space 173568K, 15% used [0x00000006c2800000,0x00000006c427fb28,0x00000006cd180000)
 Metaspace       used 8342K, capacity 8710K, committed 8960K, reserved 1056768K
  class space    used 660K, capacity 690K, committed 768K, reserved 1048576K
Event: 54.716 GC heap after
Heap after GC invocations=801 (full 0):
 PSYoungGen      total 135680K, used 192K [0x000000076b800000, 0x00000007bb400000, 0x00000007c0000000)
  eden space 135168K, 0% used [0x000000076b800000,0x000000076b800000,0x0000000773c00000)
  from space 512K, 37% used [0x00000007bb300000,0x00000007bb330000,0x00000007bb380000)
  to   space 512K, 0% used [0x00000007bb380000,0x00000007bb380000,0x00000007bb400000)
 ParOldGen       total 173568K, used 27134K [0x00000006c2800000, 0x00000006cd180000, 0x000000076b800000)
  object space 173568K, 15% used [0x00000006c2800000,0x00000006c427fb28,0x00000006cd180000)
 Metaspace       used 8342K, capacity 8710K, committed 8960K, reserved 1056768K
  class space    used 660K, capacity 690K, committed 768K, reserved 1048576K
}
Event: 54.772 GC heap before
{Heap before GC invocations=802 (full 0):
 PSYoungGen      total 135680K, used 135360K [0x000000076b800000, 0x00000007bb400000, 0x00000007c0000000)
  eden space 135168K, 100% used [0x000000076b800000,0x0000000773c00000,0x0000000773c00000)
  from space 512K, 37% used [0x00000007bb300000,0x00000007bb330000,0x00000007bb380000)
  to   space 512K, 0% used [0x00000007bb380000,0x00000007bb380000,0x00000007bb400000)
 ParOldGen       total 173568K, used 27134K [0x00000006c2800000, 0x00000006cd180000, 0x000000076b800000)
  object space 173568K, 15% used [0x00000006c2800000,0x00000006c427fb28,0x00000006cd180000)
 Metaspace       used 8342K, capacity 8710K, committed 8960K, reserved 1056768K
  class space    used 660K, capacity 690K, committed 768K, reserved 1048576K
Event: 54.773 GC heap after
Heap after GC invocations=802 (full 0):
 PSYoungGen      total 131584K, used 224K [0x000000076b800000, 0x00000007bb400000, 0x00000007c0000000)
  eden space 131072K, 0% used [0x000000076b800000,0x000000076b800000,0x0000000773800000)
  from space 512K, 43% used [0x00000007bb380000,0x00000007bb3b8000,0x00000007bb400000)
  to   space 512K, 0% used [0x00000007bb300000,0x00000007bb300000,0x00000007bb380000)
 ParOldGen       total 173568K, used 27134K [0x00000006c2800000, 0x00000006cd180000, 0x000000076b800000)
  object space 173568K, 15% used [0x00000006c2800000,0x00000006c427fb28,0x00000006cd180000)
 Metaspace       used 8342K, capacity 8710K, committed 8960K, reserved 1056768K
  class space    used 660K, capacity 690K, committed 768K, reserved 1048576K
}
Event: 54.830 GC heap before
{Heap before GC invocations=803 (full 0):
 PSYoungGen      total 131584K, used 131296K [0x000000076b800000, 0x00000007bb400000, 0x00000007c0000000)
  eden space 131072K, 100% used [0x000000076b800000,0x0000000773800000,0x0000000773800000)
  from space 512K, 43% used [0x00000007bb380000,0x00000007bb3b8000,0x00000007bb400000)
  to   space 512K, 0% used [0x00000007bb300000,0x00000007bb300000,0x00000007bb380000)
 ParOldGen       total 173568K, used 27134K [0x00000006c2800000, 0x00000006cd180000, 0x000000076b800000)
  object space 173568K, 15% used [0x00000006c2800000,0x00000006c427fb28,0x00000006cd180000)
 Metaspace       used 8342K, capacity 8710K, committed 8960K, reserved 1056768K
  class space    used 660K, capacity 690K, committed 768K, reserved 1048576K
Event: 54.831 GC heap after
Heap after GC invocations=803 (full 0):
 PSYoungGen      total 127488K, used 224K [0x000000076b800000, 0x00000007bb400000, 0x00000007c0000000)
  eden space 126976K, 0% used [0x000000076b800000,0x000000076b800000,0x0000000773400000)
  from space 512K, 43% used [0x00000007bb300000,0x00000007bb338000,0x00000007bb380000)
  to   space 512K, 0% used [0x00000007bb380000,0x00000007bb380000,0x00000007bb400000)
 ParOldGen       total 173568K, used 27134K [0x00000006c2800000, 0x00000006cd180000, 0x000000076b800000)
  object space 173568K, 15% used [0x00000006c2800000,0x00000006c427fb28,0x00000006cd180000)
 Metaspace       used 8342K, capacity 8710K, committed 8960K, reserved 1056768K
  class space    used 660K, capacity 690K, committed 768K, reserved 1048576K
}

