# JRE version: Java(TM) SE Runtime Environment (8.0_65-b17) (build 1.8.0_65-b17)
# Java VM: Java HotSpot(TM) 64-Bit Server VM (25.65-b01 mixed mode windows-amd64 compressed oops)
Heap:
 PSYoungGen      total 139776K, used 84503K [0x000000076b800000, 0x0000000784580000, 0x00000007c0000000)
  eden space 139264K, 60% used [0x000000076b800000,0x0000000770a4dc60,0x0000000774000000)
  from space 512K, 43% used [0x0000000784500000,0x0000000784538000,0x0000000784580000)
  to   space 1536K, 0% used [0x0000000784280000,0x0000000784280000,0x0000000784400000)
 ParOldGen       total 173568K, used 1276K [0x00000006c2800000, 0x00000006cd180000, 0x000000076b800000)
  object space 173568K, 0% used [0x00000006c2800000,0x00000006c293f060,0x00000006cd180000)
 Metaspace       used 8157K, capacity 8710K, committed 8960K, reserved 1056768K
  class space    used 651K, capacity 690K, committed 768K, reserved 1048576K
GC Heap History (10 events):
Event: 3.373 GC heap before
{Heap before GC invocations=22 (full 0):
 PSYoungGen      total 167424K, used 165536K [0x000000076b800000, 0x0000000784900000, 0x00000007c0000000)
  eden space 165376K, 100% used [0x000000076b800000,0x0000000775980000,0x0000000775980000)
  from space 2048K, 7% used [0x0000000784500000,0x0000000784528000,0x0000000784700000)
  to   space 2048K, 0% used [0x0000000784700000,0x0000000784700000,0x0000000784900000)
 ParOldGen       total 173568K, used 1276K [0x00000006c2800000, 0x00000006cd180000, 0x000000076b800000)
  object space 173568K, 0% used [0x00000006c2800000,0x00000006c293f060,0x00000006cd180000)
 Metaspace       used 8155K, capacity 8710K, committed 8960K, reserved 1056768K
  class space    used 651K, capacity 690K, committed 768K, reserved 1048576K
Event: 3.374 GC heap after
Heap after GC invocations=22 (full 0):
 PSYoungGen      total 160256K, used 256K [0x000000076b800000, 0x0000000784780000, 0x00000007c0000000)
  eden space 159744K, 0% used [0x000000076b800000,0x000000076b800000,0x0000000775400000)
  from space 512K, 50% used [0x0000000784700000,0x0000000784740000,0x0000000784780000)
  to   space 1536K, 0% used [0x0000000784480000,0x0000000784480000,0x0000000784600000)
 ParOldGen       total 173568K, used 1276K [0x00000006c2800000, 0x00000006cd180000, 0x000000076b800000)
  object space 173568K, 0% used [0x00000006c2800000,0x00000006c293f060,0x00000006cd180000)
 Metaspace       used 8155K, capacity 8710K, committed 8960K, reserved 1056768K
  class space    used 651K, capacity 690K, committed 768K, reserved 1048576K
}
Event: 3.502 GC heap before
{Heap before GC invocations=23 (full 0):
 PSYoungGen      total 160256K, used 160000K [0x000000076b800000, 0x0000000784780000, 0x00000007c0000000)
  eden space 159744K, 100% used [0x000000076b800000,0x0000000775400000,0x0000000775400000)
  from space 512K, 50% used [0x0000000784700000,0x0000000784740000,0x0000000784780000)
  to   space 1536K, 0% used [0x0000000784480000,0x0000000784480000,0x0000000784600000)
 ParOldGen       total 173568K, used 1276K [0x00000006c2800000, 0x00000006cd180000, 0x000000076b800000)
  object space 173568K, 0% used [0x00000006c2800000,0x00000006c293f060,0x00000006cd180000)
 Metaspace       used 8155K, capacity 8710K, committed 8960K, reserved 1056768K
  class space    used 651K, capacity 690K, committed 768K, reserved 1048576K
Event: 3.503 GC heap after
Heap after GC invocations=23 (full 0):
 PSYoungGen      total 155648K, used 160K [0x000000076b800000, 0x0000000784780000, 0x00000007c0000000)
  eden space 154112K, 0% used [0x000000076b800000,0x000000076b800000,0x0000000774e80000)
  from space 1536K, 10% used [0x0000000784480000,0x00000007844a8000,0x0000000784600000)
  to   space 1536K, 0% used [0x0000000784600000,0x0000000784600000,0x0000000784780000)
 ParOldGen       total 173568K, used 1276K [0x00000006c2800000, 0x00000006cd180000, 0x000000076b800000)
  object space 173568K, 0% used [0x00000006c2800000,0x00000006c293f060,0x00000006cd180000)
 Metaspace       used 8155K, capacity 8710K, committed 8960K, reserved 1056768K
  class space    used 651K, capacity 690K, committed 768K, reserved 1048576K
}
Event: 3.669 GC heap before
{Heap before GC invocations=24 (full 0):
 PSYoungGen      total 155648K, used 154272K [0x000000076b800000, 0x0000000784780000, 0x00000007c0000000)
  eden space 154112K, 100% used [0x000000076b800000,0x0000000774e80000,0x0000000774e80000)
  from space 1536K, 10% used [0x0000000784480000,0x00000007844a8000,0x0000000784600000)
  to   space 1536K, 0% used [0x0000000784600000,0x0000000784600000,0x0000000784780000)
 ParOldGen       total 173568K, used 1276K [0x00000006c2800000, 0x00000006cd180000, 0x000000076b800000)
  object space 173568K, 0% used [0x00000006c2800000,0x00000006c293f060,0x00000006cd180000)
 Metaspace       used 8155K, capacity 8710K, committed 8960K, reserved 1056768K
  class space    used 651K, capacity 690K, committed 768K, reserved 1048576K
Event: 3.670 GC heap after
Heap after GC invocations=24 (full 0):
 PSYoungGen      total 149504K, used 224K [0x000000076b800000, 0x0000000784680000, 0x00000007c0000000)
  eden space 148992K, 0% used [0x000000076b800000,0x000000076b800000,0x0000000774980000)
  from space 512K, 43% used [0x0000000784600000,0x0000000784638000,0x0000000784680000)
  to   space 1536K, 0% used [0x0000000784380000,0x0000000784380000,0x0000000784500000)
 ParOldGen       total 173568K, used 1276K [0x00000006c2800000, 0x00000006cd180000, 0x000000076b800000)
  object space 173568K, 0% used [0x00000006c2800000,0x00000006c293f060,0x00000006cd180000)
 Metaspace       used 8155K, capacity 8710K, committed 8960K, reserved 1056768K
  class space    used 651K, capacity 690K, committed 768K, reserved 1048576K
}
Event: 3.788 GC heap before
{Heap before GC invocations=25 (full 0):
 PSYoungGen      total 149504K, used 149216K [0x000000076b800000, 0x0000000784680000, 0x00000007c0000000)
  eden space 148992K, 100% used [0x000000076b800000,0x0000000774980000,0x0000000774980000)
  from space 512K, 43% used [0x0000000784600000,0x0000000784638000,0x0000000784680000)
  to   space 1536K, 0% used [0x0000000784380000,0x0000000784380000,0x0000000784500000)
 ParOldGen       total 173568K, used 1276K [0x00000006c2800000, 0x00000006cd180000, 0x000000076b800000)
  object space 173568K, 0% used [0x00000006c2800000,0x00000006c293f060,0x00000006cd180000)
 Metaspace       used 8155K, capacity 8710K, committed 8960K, reserved 1056768K
  class space    used 651K, capacity 690K, committed 768K, reserved 1048576K
Event: 3.789 GC heap after
Heap after GC invocations=25 (full 0):
 PSYoungGen      total 145408K, used 192K [0x000000076b800000, 0x0000000784680000, 0x00000007c0000000)
  eden space 143872K, 0% used [0x000000076b800000,0x000000076b800000,0x0000000774480000)
  from space 1536K, 12% used [0x0000000784380000,0x00000007843b0000,0x0000000784500000)
  to   space 1536K, 0% used [0x0000000784500000,0x0000000784500000,0x0000000784680000)
 ParOldGen       total 173568K, used 1276K [0x00000006c2800000, 0x00000006cd180000, 0x000000076b800000)
  object space 173568K, 0% used [0x00000006c2800000,0x00000006c293f060,0x00000006cd180000)
 Metaspace       used 8155K, capacity 8710K, committed 8960K, reserved 1056768K
  class space    used 651K, capacity 690K, committed 768K, reserved 1048576K
}
Event: 3.942 GC heap before
{Heap before GC invocations=26 (full 0):
 PSYoungGen      total 145408K, used 144064K [0x000000076b800000, 0x0000000784680000, 0x00000007c0000000)
  eden space 143872K, 100% used [0x000000076b800000,0x0000000774480000,0x0000000774480000)
  from space 1536K, 12% used [0x0000000784380000,0x00000007843b0000,0x0000000784500000)
  to   space 1536K, 0% used [0x0000000784500000,0x0000000784500000,0x0000000784680000)
 ParOldGen       total 173568K, used 1276K [0x00000006c2800000, 0x00000006cd180000, 0x000000076b800000)
  object space 173568K, 0% used [0x00000006c2800000,0x00000006c293f060,0x00000006cd180000)
 Metaspace       used 8157K, capacity 8710K, committed 8960K, reserved 1056768K
  class space    used 651K, capacity 690K, committed 768K, reserved 1048576K
Event: 3.942 GC heap after
Heap after GC invocations=26 (full 0):
 PSYoungGen      total 139776K, used 224K [0x000000076b800000, 0x0000000784580000, 0x00000007c0000000)
  eden space 139264K, 0% used [0x000000076b800000,0x000000076b800000,0x0000000774000000)
  from space 512K, 43% used [0x0000000784500000,0x0000000784538000,0x0000000784580000)
  to   space 1536K, 0% used [0x0000000784280000,0x0000000784280000,0x0000000784400000)
 ParOldGen       total 173568K, used 1276K [0x00000006c2800000, 0x00000006cd180000, 0x000000076b800000)
  object space 173568K, 0% used [0x00000006c2800000,0x00000006c293f060,0x00000006cd180000)
 Metaspace       used 8157K, capacity 8710K, committed 8960K, reserved 1056768K
  class space    used 651K, capacity 690K, committed 768K, reserved 1048576K
}

