# JRE version: Java(TM) SE Runtime Environment (8.0_65-b17) (build 1.8.0_65-b17)
# Java VM: Java HotSpot(TM) 64-Bit Server VM (25.65-b01 mixed mode windows-amd64 compressed oops)
Heap:
 PSYoungGen      total 324096K, used 202519K [0x000000076b800000, 0x000000078ad00000, 0x00000007c0000000)
  eden space 322048K, 62% used [0x000000076b800000,0x0000000777d8dd08,0x000000077f280000)
  from space 2048K, 10% used [0x000000078a900000,0x000000078a938000,0x000000078ab00000)
  to   space 2048K, 0% used [0x000000078ab00000,0x000000078ab00000,0x000000078ad00000)
 ParOldGen       total 173568K, used 1413K [0x00000006c2800000, 0x00000006cd180000, 0x000000076b800000)
  object space 173568K, 0% used [0x00000006c2800000,0x00000006c2961678,0x00000006cd180000)
 Metaspace       used 8092K, capacity 8646K, committed 8960K, reserved 1056768K
  class space    used 646K, capacity 690K, committed 768K, reserved 1048576K
GC Heap History (10 events):
Event: 3.649 GC heap before
{Heap before GC invocations=15 (full 0):
 PSYoungGen      total 398848K, used 398592K [0x000000076b800000, 0x000000078b000000, 0x00000007c0000000)
  eden space 398336K, 100% used [0x000000076b800000,0x0000000783d00000,0x0000000783d00000)
  from space 512K, 50% used [0x000000078af80000,0x000000078afc0000,0x000000078b000000)
  to   space 2560K, 0% used [0x000000078ab00000,0x000000078ab00000,0x000000078ad80000)
 ParOldGen       total 173568K, used 1381K [0x00000006c2800000, 0x00000006cd180000, 0x000000076b800000)
  object space 173568K, 0% used [0x00000006c2800000,0x00000006c2959678,0x00000006cd180000)
 Metaspace       used 8084K, capacity 8646K, committed 8960K, reserved 1056768K
  class space    used 646K, capacity 690K, committed 768K, reserved 1048576K
Event: 3.649 GC heap after
Heap after GC invocations=15 (full 0):
 PSYoungGen      total 384000K, used 160K [0x000000076b800000, 0x000000078b000000, 0x00000007c0000000)
  eden space 381440K, 0% used [0x000000076b800000,0x000000076b800000,0x0000000782c80000)
  from space 2560K, 6% used [0x000000078ab00000,0x000000078ab28000,0x000000078ad80000)
  to   space 2048K, 0% used [0x000000078ae00000,0x000000078ae00000,0x000000078b000000)
 ParOldGen       total 173568K, used 1381K [0x00000006c2800000, 0x00000006cd180000, 0x000000076b800000)
  object space 173568K, 0% used [0x00000006c2800000,0x00000006c2959678,0x00000006cd180000)
 Metaspace       used 8084K, capacity 8646K, committed 8960K, reserved 1056768K
  class space    used 646K, capacity 690K, committed 768K, reserved 1048576K
}
Event: 3.949 GC heap before
{Heap before GC invocations=16 (full 0):
 PSYoungGen      total 384000K, used 381600K [0x000000076b800000, 0x000000078b000000, 0x00000007c0000000)
  eden space 381440K, 100% used [0x000000076b800000,0x0000000782c80000,0x0000000782c80000)
  from space 2560K, 6% used [0x000000078ab00000,0x000000078ab28000,0x000000078ad80000)
  to   space 2048K, 0% used [0x000000078ae00000,0x000000078ae00000,0x000000078b000000)
 ParOldGen       total 173568K, used 1381K [0x00000006c2800000, 0x00000006cd180000, 0x000000076b800000)
  object space 173568K, 0% used [0x00000006c2800000,0x00000006c2959678,0x00000006cd180000)
 Metaspace       used 8085K, capacity 8646K, committed 8960K, reserved 1056768K
  class space    used 646K, capacity 690K, committed 768K, reserved 1048576K
Event: 3.950 GC heap after
Heap after GC invocations=16 (full 0):
 PSYoungGen      total 366080K, used 160K [0x000000076b800000, 0x000000078ae80000, 0x00000007c0000000)
  eden space 365568K, 0% used [0x000000076b800000,0x000000076b800000,0x0000000781d00000)
  from space 512K, 31% used [0x000000078ae00000,0x000000078ae28000,0x000000078ae80000)
  to   space 2048K, 0% used [0x000000078aa80000,0x000000078aa80000,0x000000078ac80000)
 ParOldGen       total 173568K, used 1413K [0x00000006c2800000, 0x00000006cd180000, 0x000000076b800000)
  object space 173568K, 0% used [0x00000006c2800000,0x00000006c2961678,0x00000006cd180000)
 Metaspace       used 8085K, capacity 8646K, committed 8960K, reserved 1056768K
  class space    used 646K, capacity 690K, committed 768K, reserved 1048576K
}
Event: 4.336 GC heap before
{Heap before GC invocations=17 (full 0):
 PSYoungGen      total 366080K, used 365728K [0x000000076b800000, 0x000000078ae80000, 0x00000007c0000000)
  eden space 365568K, 100% used [0x000000076b800000,0x0000000781d00000,0x0000000781d00000)
  from space 512K, 31% used [0x000000078ae00000,0x000000078ae28000,0x000000078ae80000)
  to   space 2048K, 0% used [0x000000078aa80000,0x000000078aa80000,0x000000078ac80000)
 ParOldGen       total 173568K, used 1413K [0x00000006c2800000, 0x00000006cd180000, 0x000000076b800000)
  object space 173568K, 0% used [0x00000006c2800000,0x00000006c2961678,0x00000006cd180000)
 Metaspace       used 8085K, capacity 8646K, committed 8960K, reserved 1056768K
  class space    used 646K, capacity 690K, committed 768K, reserved 1048576K
Event: 4.336 GC heap after
Heap after GC invocations=17 (full 0):
 PSYoungGen      total 352256K, used 224K [0x000000076b800000, 0x000000078ae80000, 0x00000007c0000000)
  eden space 350208K, 0% used [0x000000076b800000,0x000000076b800000,0x0000000780e00000)
  from space 2048K, 10% used [0x000000078aa80000,0x000000078aab8000,0x000000078ac80000)
  to   space 2048K, 0% used [0x000000078ac80000,0x000000078ac80000,0x000000078ae80000)
 ParOldGen       total 173568K, used 1413K [0x00000006c2800000, 0x00000006cd180000, 0x000000076b800000)
  object space 173568K, 0% used [0x00000006c2800000,0x00000006c2961678,0x00000006cd180000)
 Metaspace       used 8085K, capacity 8646K, committed 8960K, reserved 1056768K
  class space    used 646K, capacity 690K, committed 768K, reserved 1048576K
}
Event: 4.614 GC heap before
{Heap before GC invocations=18 (full 0):
 PSYoungGen      total 352256K, used 350432K [0x000000076b800000, 0x000000078ae80000, 0x00000007c0000000)
  eden space 350208K, 100% used [0x000000076b800000,0x0000000780e00000,0x0000000780e00000)
  from space 2048K, 10% used [0x000000078aa80000,0x000000078aab8000,0x000000078ac80000)
  to   space 2048K, 0% used [0x000000078ac80000,0x000000078ac80000,0x000000078ae80000)
 ParOldGen       total 173568K, used 1413K [0x00000006c2800000, 0x00000006cd180000, 0x000000076b800000)
  object space 173568K, 0% used [0x00000006c2800000,0x00000006c2961678,0x00000006cd180000)
 Metaspace       used 8085K, capacity 8646K, committed 8960K, reserved 1056768K
  class space    used 646K, capacity 690K, committed 768K, reserved 1048576K
Event: 4.615 GC heap after
Heap after GC invocations=18 (full 0):
 PSYoungGen      total 336384K, used 128K [0x000000076b800000, 0x000000078ad00000, 0x00000007c0000000)
  eden space 335872K, 0% used [0x000000076b800000,0x000000076b800000,0x0000000780000000)
  from space 512K, 25% used [0x000000078ac80000,0x000000078aca0000,0x000000078ad00000)
  to   space 2048K, 0% used [0x000000078a900000,0x000000078a900000,0x000000078ab00000)
 ParOldGen       total 173568K, used 1413K [0x00000006c2800000, 0x00000006cd180000, 0x000000076b800000)
  object space 173568K, 0% used [0x00000006c2800000,0x00000006c2961678,0x00000006cd180000)
 Metaspace       used 8085K, capacity 8646K, committed 8960K, reserved 1056768K
  class space    used 646K, capacity 690K, committed 768K, reserved 1048576K
}
Event: 4.894 GC heap before
{Heap before GC invocations=19 (full 0):
 PSYoungGen      total 336384K, used 336000K [0x000000076b800000, 0x000000078ad00000, 0x00000007c0000000)
  eden space 335872K, 100% used [0x000000076b800000,0x0000000780000000,0x0000000780000000)
  from space 512K, 25% used [0x000000078ac80000,0x000000078aca0000,0x000000078ad00000)
  to   space 2048K, 0% used [0x000000078a900000,0x000000078a900000,0x000000078ab00000)
 ParOldGen       total 173568K, used 1413K [0x00000006c2800000, 0x00000006cd180000, 0x000000076b800000)
  object space 173568K, 0% used [0x00000006c2800000,0x00000006c2961678,0x00000006cd180000)
 Metaspace       used 8091K, capacity 8646K, committed 8960K, reserved 1056768K
  class space    used 646K, capacity 690K, committed 768K, reserved 1048576K
Event: 4.895 GC heap after
Heap after GC invocations=19 (full 0):
 PSYoungGen      total 324096K, used 224K [0x000000076b800000, 0x000000078ad00000, 0x00000007c0000000)
  eden space 322048K, 0% used [0x000000076b800000,0x000000076b800000,0x000000077f280000)
  from space 2048K, 10% used [0x000000078a900000,0x000000078a938000,0x000000078ab00000)
  to   space 2048K, 0% used [0x000000078ab00000,0x000000078ab00000,0x000000078ad00000)
 ParOldGen       total 173568K, used 1413K [0x00000006c2800000, 0x00000006cd180000, 0x000000076b800000)
  object space 173568K, 0% used [0x00000006c2800000,0x00000006c2961678,0x00000006cd180000)
 Metaspace       used 8091K, capacity 8646K, committed 8960K, reserved 1056768K
  class space    used 646K, capacity 690K, committed 768K, reserved 1048576K
}

