# JRE version: Java(TM) SE Runtime Environment (8.0_65-b17) (build 1.8.0_65-b17)
# Java VM: Java HotSpot(TM) 64-Bit Server VM (25.65-b01 mixed mode windows-amd64 compressed oops)
Heap:
 PSYoungGen      total 65536K, used 43948K [0x000000076b800000, 0x00000007ba180000, 0x00000007c0000000)
  eden space 65024K, 67% used [0x000000076b800000,0x000000076e2b33b8,0x000000076f780000)
  from space 512K, 43% used [0x00000007ba100000,0x00000007ba138000,0x00000007ba180000)
  to   space 512K, 0% used [0x00000007ba080000,0x00000007ba080000,0x00000007ba100000)
 ParOldGen       total 173568K, used 32245K [0x00000006c2800000, 0x00000006cd180000, 0x000000076b800000)
  object space 173568K, 18% used [0x00000006c2800000,0x00000006c477d4c0,0x00000006cd180000)
 Metaspace       used 8357K, capacity 8774K, committed 8960K, reserved 1056768K
  class space    used 659K, capacity 690K, committed 768K, reserved 1048576K
GC Heap History (10 events):
Event: 46.213 GC heap before
{Heap before GC invocations=458 (full 0):
 PSYoungGen      total 73216K, used 72928K [0x000000076b800000, 0x00000007ba180000, 0x00000007c0000000)
  eden space 72704K, 100% used [0x000000076b800000,0x000000076ff00000,0x000000076ff00000)
  from space 512K, 43% used [0x00000007ba080000,0x00000007ba0b8000,0x00000007ba100000)
  to   space 512K, 0% used [0x00000007ba100000,0x00000007ba100000,0x00000007ba180000)
 ParOldGen       total 173568K, used 32245K [0x00000006c2800000, 0x00000006cd180000, 0x000000076b800000)
  object space 173568K, 18% used [0x00000006c2800000,0x00000006c477d4c0,0x00000006cd180000)
 Metaspace       used 8357K, capacity 8774K, committed 8960K, reserved 1056768K
  class space    used 659K, capacity 690K, committed 768K, reserved 1048576K
Event: 46.214 GC heap after
Heap after GC invocations=458 (full 0):
 PSYoungGen      total 71680K, used 224K [0x000000076b800000, 0x00000007ba180000, 0x00000007c0000000)
  eden space 71168K, 0% used [0x000000076b800000,0x000000076b800000,0x000000076fd80000)
  from space 512K, 43% used [0x00000007ba100000,0x00000007ba138000,0x00000007ba180000)
  to   space 512K, 0% used [0x00000007ba080000,0x00000007ba080000,0x00000007ba100000)
 ParOldGen       total 173568K, used 32245K [0x00000006c2800000, 0x00000006cd180000, 0x000000076b800000)
  object space 173568K, 18% used [0x00000006c2800000,0x00000006c477d4c0,0x00000006cd180000)
 Metaspace       used 8357K, capacity 8774K, committed 8960K, reserved 1056768K
  class space    used 659K, capacity 690K, committed 768K, reserved 1048576K
}
Event: 46.290 GC heap before
{Heap before GC invocations=459 (full 0):
 PSYoungGen      total 71680K, used 71392K [0x000000076b800000, 0x00000007ba180000, 0x00000007c0000000)
  eden space 71168K, 100% used [0x000000076b800000,0x000000076fd80000,0x000000076fd80000)
  from space 512K, 43% used [0x00000007ba100000,0x00000007ba138000,0x00000007ba180000)
  to   space 512K, 0% used [0x00000007ba080000,0x00000007ba080000,0x00000007ba100000)
 ParOldGen       total 173568K, used 32245K [0x00000006c2800000, 0x00000006cd180000, 0x000000076b800000)
  object space 173568K, 18% used [0x00000006c2800000,0x00000006c477d4c0,0x00000006cd180000)
 Metaspace       used 8357K, capacity 8774K, committed 8960K, reserved 1056768K
  class space    used 659K, capacity 690K, committed 768K, reserved 1048576K
Event: 46.291 GC heap after
Heap after GC invocations=459 (full 0):
 PSYoungGen      total 70144K, used 224K [0x000000076b800000, 0x00000007ba180000, 0x00000007c0000000)
  eden space 69632K, 0% used [0x000000076b800000,0x000000076b800000,0x000000076fc00000)
  from space 512K, 43% used [0x00000007ba080000,0x00000007ba0b8000,0x00000007ba100000)
  to   space 512K, 0% used [0x00000007ba100000,0x00000007ba100000,0x00000007ba180000)
 ParOldGen       total 173568K, used 32245K [0x00000006c2800000, 0x00000006cd180000, 0x000000076b800000)
  object space 173568K, 18% used [0x00000006c2800000,0x00000006c477d4c0,0x00000006cd180000)
 Metaspace       used 8357K, capacity 8774K, committed 8960K, reserved 1056768K
  class space    used 659K, capacity 690K, committed 768K, reserved 1048576K
}
Event: 46.365 GC heap before
{Heap before GC invocations=460 (full 0):
 PSYoungGen      total 70144K, used 69856K [0x000000076b800000, 0x00000007ba180000, 0x00000007c0000000)
  eden space 69632K, 100% used [0x000000076b800000,0x000000076fc00000,0x000000076fc00000)
  from space 512K, 43% used [0x00000007ba080000,0x00000007ba0b8000,0x00000007ba100000)
  to   space 512K, 0% used [0x00000007ba100000,0x00000007ba100000,0x00000007ba180000)
 ParOldGen       total 173568K, used 32245K [0x00000006c2800000, 0x00000006cd180000, 0x000000076b800000)
  object space 173568K, 18% used [0x00000006c2800000,0x00000006c477d4c0,0x00000006cd180000)
 Metaspace       used 8357K, capacity 8774K, committed 8960K, reserved 1056768K
  class space    used 659K, capacity 690K, committed 768K, reserved 1048576K
Event: 46.365 GC heap after
Heap after GC invocations=460 (full 0):
 PSYoungGen      total 68608K, used 224K [0x000000076b800000, 0x00000007ba180000, 0x00000007c0000000)
  eden space 68096K, 0% used [0x000000076b800000,0x000000076b800000,0x000000076fa80000)
  from space 512K, 43% used [0x00000007ba100000,0x00000007ba138000,0x00000007ba180000)
  to   space 512K, 0% used [0x00000007ba080000,0x00000007ba080000,0x00000007ba100000)
 ParOldGen       total 173568K, used 32245K [0x00000006c2800000, 0x00000006cd180000, 0x000000076b800000)
  object space 173568K, 18% used [0x00000006c2800000,0x00000006c477d4c0,0x00000006cd180000)
 Metaspace       used 8357K, capacity 8774K, committed 8960K, reserved 1056768K
  class space    used 659K, capacity 690K, committed 768K, reserved 1048576K
}
Event: 46.436 GC heap before
{Heap before GC invocations=461 (full 0):
 PSYoungGen      total 68608K, used 68320K [0x000000076b800000, 0x00000007ba180000, 0x00000007c0000000)
  eden space 68096K, 100% used [0x000000076b800000,0x000000076fa80000,0x000000076fa80000)
  from space 512K, 43% used [0x00000007ba100000,0x00000007ba138000,0x00000007ba180000)
  to   space 512K, 0% used [0x00000007ba080000,0x00000007ba080000,0x00000007ba100000)
 ParOldGen       total 173568K, used 32245K [0x00000006c2800000, 0x00000006cd180000, 0x000000076b800000)
  object space 173568K, 18% used [0x00000006c2800000,0x00000006c477d4c0,0x00000006cd180000)
 Metaspace       used 8357K, capacity 8774K, committed 8960K, reserved 1056768K
  class space    used 659K, capacity 690K, committed 768K, reserved 1048576K
Event: 46.436 GC heap after
Heap after GC invocations=461 (full 0):
 PSYoungGen      total 67072K, used 224K [0x000000076b800000, 0x00000007ba180000, 0x00000007c0000000)
  eden space 66560K, 0% used [0x000000076b800000,0x000000076b800000,0x000000076f900000)
  from space 512K, 43% used [0x00000007ba080000,0x00000007ba0b8000,0x00000007ba100000)
  to   space 512K, 0% used [0x00000007ba100000,0x00000007ba100000,0x00000007ba180000)
 ParOldGen       total 173568K, used 32245K [0x00000006c2800000, 0x00000006cd180000, 0x000000076b800000)
  object space 173568K, 18% used [0x00000006c2800000,0x00000006c477d4c0,0x00000006cd180000)
 Metaspace       used 8357K, capacity 8774K, committed 8960K, reserved 1056768K
  class space    used 659K, capacity 690K, committed 768K, reserved 1048576K
}
Event: 46.506 GC heap before
{Heap before GC invocations=462 (full 0):
 PSYoungGen      total 67072K, used 66784K [0x000000076b800000, 0x00000007ba180000, 0x00000007c0000000)
  eden space 66560K, 100% used [0x000000076b800000,0x000000076f900000,0x000000076f900000)
  from space 512K, 43% used [0x00000007ba080000,0x00000007ba0b8000,0x00000007ba100000)
  to   space 512K, 0% used [0x00000007ba100000,0x00000007ba100000,0x00000007ba180000)
 ParOldGen       total 173568K, used 32245K [0x00000006c2800000, 0x00000006cd180000, 0x000000076b800000)
  object space 173568K, 18% used [0x00000006c2800000,0x00000006c477d4c0,0x00000006cd180000)
 Metaspace       used 8357K, capacity 8774K, committed 8960K, reserved 1056768K
  class space    used 659K, capacity 690K, committed 768K, reserved 1048576K
Event: 46.507 GC heap after
Heap after GC invocations=462 (full 0):
 PSYoungGen      total 65536K, used 224K [0x000000076b800000, 0x00000007ba180000, 0x00000007c0000000)
  eden space 65024K, 0% used [0x000000076b800000,0x000000076b800000,0x000000076f780000)
  from space 512K, 43% used [0x00000007ba100000,0x00000007ba138000,0x00000007ba180000)
  to   space 512K, 0% used [0x00000007ba080000,0x00000007ba080000,0x00000007ba100000)
 ParOldGen       total 173568K, used 32245K [0x00000006c2800000, 0x00000006cd180000, 0x000000076b800000)
  object space 173568K, 18% used [0x00000006c2800000,0x00000006c477d4c0,0x00000006cd180000)
 Metaspace       used 8357K, capacity 8774K, committed 8960K, reserved 1056768K
  class space    used 659K, capacity 690K, committed 768K, reserved 1048576K
}

