# JRE version: Java(TM) SE Runtime Environment (8.0_65-b17) (build 1.8.0_65-b17)
# Java VM: Java HotSpot(TM) 64-Bit Server VM (25.65-b01 mixed mode windows-amd64 compressed oops)
Heap:
 PSYoungGen      total 895488K, used 80501K [0x000000076b800000, 0x00000007ba980000, 0x00000007c0000000)
  eden space 894976K, 8% used [0x000000076b800000,0x0000000770665768,0x00000007a2200000)
  from space 512K, 43% used [0x00000007ba900000,0x00000007ba938000,0x00000007ba980000)
  to   space 6144K, 0% used [0x00000007b9d80000,0x00000007b9d80000,0x00000007ba380000)
 ParOldGen       total 173568K, used 16430K [0x00000006c2800000, 0x00000006cd180000, 0x000000076b800000)
  object space 173568K, 9% used [0x00000006c2800000,0x00000006c380b890,0x00000006cd180000)
 Metaspace       used 8359K, capacity 8710K, committed 8960K, reserved 1056768K
  class space    used 659K, capacity 690K, committed 768K, reserved 1048576K
GC Heap History (10 events):
Event: 7.376 GC heap before
{Heap before GC invocations=16 (full 0):
 PSYoungGen      total 1144832K, used 1136864K [0x000000076b800000, 0x00000007bbd80000, 0x00000007c0000000)
  eden space 1136640K, 100% used [0x000000076b800000,0x00000007b0e00000,0x00000007b0e00000)
  from space 8192K, 2% used [0x00000007bad80000,0x00000007badb8000,0x00000007bb580000)
  to   space 8192K, 0% used [0x00000007bb580000,0x00000007bb580000,0x00000007bbd80000)
 ParOldGen       total 173568K, used 16382K [0x00000006c2800000, 0x00000006cd180000, 0x000000076b800000)
  object space 173568K, 9% used [0x00000006c2800000,0x00000006c37ff890,0x00000006cd180000)
 Metaspace       used 8332K, capacity 8710K, committed 8960K, reserved 1056768K
  class space    used 659K, capacity 690K, committed 768K, reserved 1048576K
Event: 7.377 GC heap after
Heap after GC invocations=16 (full 0):
 PSYoungGen      total 1083904K, used 224K [0x000000076b800000, 0x00000007bb600000, 0x00000007c0000000)
  eden space 1083392K, 0% used [0x000000076b800000,0x000000076b800000,0x00000007ada00000)
  from space 512K, 43% used [0x00000007bb580000,0x00000007bb5b8000,0x00000007bb600000)
  to   space 7680K, 0% used [0x00000007ba700000,0x00000007ba700000,0x00000007bae80000)
 ParOldGen       total 173568K, used 16382K [0x00000006c2800000, 0x00000006cd180000, 0x000000076b800000)
  object space 173568K, 9% used [0x00000006c2800000,0x00000006c37ff890,0x00000006cd180000)
 Metaspace       used 8332K, capacity 8710K, committed 8960K, reserved 1056768K
  class space    used 659K, capacity 690K, committed 768K, reserved 1048576K
}
Event: 8.269 GC heap before
{Heap before GC invocations=17 (full 0):
 PSYoungGen      total 1083904K, used 1083616K [0x000000076b800000, 0x00000007bb600000, 0x00000007c0000000)
  eden space 1083392K, 100% used [0x000000076b800000,0x00000007ada00000,0x00000007ada00000)
  from space 512K, 43% used [0x00000007bb580000,0x00000007bb5b8000,0x00000007bb600000)
  to   space 7680K, 0% used [0x00000007ba700000,0x00000007ba700000,0x00000007bae80000)
 ParOldGen       total 173568K, used 16382K [0x00000006c2800000, 0x00000006cd180000, 0x000000076b800000)
  object space 173568K, 9% used [0x00000006c2800000,0x00000006c37ff890,0x00000006cd180000)
 Metaspace       used 8341K, capacity 8710K, committed 8960K, reserved 1056768K
  class space    used 659K, capacity 690K, committed 768K, reserved 1048576K
Event: 8.269 GC heap after
Heap after GC invocations=17 (full 0):
 PSYoungGen      total 1040384K, used 224K [0x000000076b800000, 0x00000007bb600000, 0x00000007c0000000)
  eden space 1032704K, 0% used [0x000000076b800000,0x000000076b800000,0x00000007aa880000)
  from space 7680K, 2% used [0x00000007ba700000,0x00000007ba738000,0x00000007bae80000)
  to   space 7168K, 0% used [0x00000007baf00000,0x00000007baf00000,0x00000007bb600000)
 ParOldGen       total 173568K, used 16398K [0x00000006c2800000, 0x00000006cd180000, 0x000000076b800000)
  object space 173568K, 9% used [0x00000006c2800000,0x00000006c3803890,0x00000006cd180000)
 Metaspace       used 8341K, capacity 8710K, committed 8960K, reserved 1056768K
  class space    used 659K, capacity 690K, committed 768K, reserved 1048576K
}
Event: 9.098 GC heap before
{Heap before GC invocations=18 (full 0):
 PSYoungGen      total 1040384K, used 1032928K [0x000000076b800000, 0x00000007bb600000, 0x00000007c0000000)
  eden space 1032704K, 100% used [0x000000076b800000,0x00000007aa880000,0x00000007aa880000)
  from space 7680K, 2% used [0x00000007ba700000,0x00000007ba738000,0x00000007bae80000)
  to   space 7168K, 0% used [0x00000007baf00000,0x00000007baf00000,0x00000007bb600000)
 ParOldGen       total 173568K, used 16398K [0x00000006c2800000, 0x00000006cd180000, 0x000000076b800000)
  object space 173568K, 9% used [0x00000006c2800000,0x00000006c3803890,0x00000006cd180000)
 Metaspace       used 8341K, capacity 8710K, committed 8960K, reserved 1056768K
  class space    used 659K, capacity 690K, committed 768K, reserved 1048576K
Event: 9.099 GC heap after
Heap after GC invocations=18 (full 0):
 PSYoungGen      total 985088K, used 224K [0x000000076b800000, 0x00000007baf80000, 0x00000007c0000000)
  eden space 984576K, 0% used [0x000000076b800000,0x000000076b800000,0x00000007a7980000)
  from space 512K, 43% used [0x00000007baf00000,0x00000007baf38000,0x00000007baf80000)
  to   space 7168K, 0% used [0x00000007ba180000,0x00000007ba180000,0x00000007ba880000)
 ParOldGen       total 173568K, used 16398K [0x00000006c2800000, 0x00000006cd180000, 0x000000076b800000)
  object space 173568K, 9% used [0x00000006c2800000,0x00000006c3803890,0x00000006cd180000)
 Metaspace       used 8341K, capacity 8710K, committed 8960K, reserved 1056768K
  class space    used 659K, capacity 690K, committed 768K, reserved 1048576K
}
Event: 9.855 GC heap before
{Heap before GC invocations=19 (full 0):
 PSYoungGen      total 985088K, used 984800K [0x000000076b800000, 0x00000007baf80000, 0x00000007c0000000)
  eden space 984576K, 100% used [0x000000076b800000,0x00000007a7980000,0x00000007a7980000)
  from space 512K, 43% used [0x00000007baf00000,0x00000007baf38000,0x00000007baf80000)
  to   space 7168K, 0% used [0x00000007ba180000,0x00000007ba180000,0x00000007ba880000)
 ParOldGen       total 173568K, used 16398K [0x00000006c2800000, 0x00000006cd180000, 0x000000076b800000)
  object space 173568K, 9% used [0x00000006c2800000,0x00000006c3803890,0x00000006cd180000)
 Metaspace       used 8348K, capacity 8710K, committed 8960K, reserved 1056768K
  class space    used 659K, capacity 690K, committed 768K, reserved 1048576K
Event: 9.855 GC heap after
Heap after GC invocations=19 (full 0):
 PSYoungGen      total 945664K, used 224K [0x000000076b800000, 0x00000007baf80000, 0x00000007c0000000)
  eden space 938496K, 0% used [0x000000076b800000,0x000000076b800000,0x00000007a4c80000)
  from space 7168K, 3% used [0x00000007ba180000,0x00000007ba1b8000,0x00000007ba880000)
  to   space 6656K, 0% used [0x00000007ba900000,0x00000007ba900000,0x00000007baf80000)
 ParOldGen       total 173568K, used 16398K [0x00000006c2800000, 0x00000006cd180000, 0x000000076b800000)
  object space 173568K, 9% used [0x00000006c2800000,0x00000006c3803890,0x00000006cd180000)
 Metaspace       used 8348K, capacity 8710K, committed 8960K, reserved 1056768K
  class space    used 659K, capacity 690K, committed 768K, reserved 1048576K
}
Event: 10.633 GC heap before
{Heap before GC invocations=20 (full 0):
 PSYoungGen      total 945664K, used 938720K [0x000000076b800000, 0x00000007baf80000, 0x00000007c0000000)
  eden space 938496K, 100% used [0x000000076b800000,0x00000007a4c80000,0x00000007a4c80000)
  from space 7168K, 3% used [0x00000007ba180000,0x00000007ba1b8000,0x00000007ba880000)
  to   space 6656K, 0% used [0x00000007ba900000,0x00000007ba900000,0x00000007baf80000)
 ParOldGen       total 173568K, used 16398K [0x00000006c2800000, 0x00000006cd180000, 0x000000076b800000)
  object space 173568K, 9% used [0x00000006c2800000,0x00000006c3803890,0x00000006cd180000)
 Metaspace       used 8359K, capacity 8710K, committed 8960K, reserved 1056768K
  class space    used 659K, capacity 690K, committed 768K, reserved 1048576K
Event: 10.635 GC heap after
Heap after GC invocations=20 (full 0):
 PSYoungGen      total 895488K, used 224K [0x000000076b800000, 0x00000007ba980000, 0x00000007c0000000)
  eden space 894976K, 0% used [0x000000076b800000,0x000000076b800000,0x00000007a2200000)
  from space 512K, 43% used [0x00000007ba900000,0x00000007ba938000,0x00000007ba980000)
  to   space 6144K, 0% used [0x00000007b9d80000,0x00000007b9d80000,0x00000007ba380000)
 ParOldGen       total 173568K, used 16430K [0x00000006c2800000, 0x00000006cd180000, 0x000000076b800000)
  object space 173568K, 9% used [0x00000006c2800000,0x00000006c380b890,0x00000006cd180000)
 Metaspace       used 8359K, capacity 8710K, committed 8960K, reserved 1056768K
  class space    used 659K, capacity 690K, committed 768K, reserved 1048576K
}

