# JRE version: Java(TM) SE Runtime Environment (8.0_65-b17) (build 1.8.0_65-b17)
# Java VM: Java HotSpot(TM) 64-Bit Server VM (25.65-b01 mixed mode windows-amd64 compressed oops)
Heap:
 PSYoungGen      total 45568K, used 1363K [0x000000076b800000, 0x0000000789d80000, 0x00000007c0000000)
  eden space 45056K, 2% used [0x000000076b800000,0x000000076b94cc38,0x000000076e400000)
  from space 512K, 6% used [0x0000000789d00000,0x0000000789d08000,0x0000000789d80000)
  to   space 512K, 0% used [0x0000000789c80000,0x0000000789c80000,0x0000000789d00000)
 ParOldGen       total 173568K, used 1340K [0x00000006c2800000, 0x00000006cd180000, 0x000000076b800000)
  object space 173568K, 0% used [0x00000006c2800000,0x00000006c294f060,0x00000006cd180000)
 Metaspace       used 8161K, capacity 8518K, committed 8704K, reserved 1056768K
  class space    used 670K, capacity 690K, committed 768K, reserved 1048576K
GC Heap History (10 events):
Event: 9.581 GC heap before
{Heap before GC invocations=97 (full 0):
 PSYoungGen      total 49152K, used 48672K [0x000000076b800000, 0x0000000789d80000, 0x00000007c0000000)
  eden space 48640K, 100% used [0x000000076b800000,0x000000076e780000,0x000000076e780000)
  from space 512K, 6% used [0x0000000789d00000,0x0000000789d08000,0x0000000789d80000)
  to   space 512K, 0% used [0x0000000789c80000,0x0000000789c80000,0x0000000789d00000)
 ParOldGen       total 173568K, used 1284K [0x00000006c2800000, 0x00000006cd180000, 0x000000076b800000)
  object space 173568K, 0% used [0x00000006c2800000,0x00000006c2941060,0x00000006cd180000)
 Metaspace       used 8161K, capacity 8518K, committed 8704K, reserved 1056768K
  class space    used 670K, capacity 690K, committed 768K, reserved 1048576K
Event: 9.582 GC heap after
Heap after GC invocations=97 (full 0):
 PSYoungGen      total 48128K, used 64K [0x000000076b800000, 0x0000000789d80000, 0x00000007c0000000)
  eden space 47616K, 0% used [0x000000076b800000,0x000000076b800000,0x000000076e680000)
  from space 512K, 12% used [0x0000000789c80000,0x0000000789c90000,0x0000000789d00000)
  to   space 512K, 0% used [0x0000000789d00000,0x0000000789d00000,0x0000000789d80000)
 ParOldGen       total 173568K, used 1284K [0x00000006c2800000, 0x00000006cd180000, 0x000000076b800000)
  object space 173568K, 0% used [0x00000006c2800000,0x00000006c2941060,0x00000006cd180000)
 Metaspace       used 8161K, capacity 8518K, committed 8704K, reserved 1056768K
  class space    used 670K, capacity 690K, committed 768K, reserved 1048576K
}
Event: 9.634 GC heap before
{Heap before GC invocations=98 (full 0):
 PSYoungGen      total 48128K, used 47680K [0x000000076b800000, 0x0000000789d80000, 0x00000007c0000000)
  eden space 47616K, 100% used [0x000000076b800000,0x000000076e680000,0x000000076e680000)
  from space 512K, 12% used [0x0000000789c80000,0x0000000789c90000,0x0000000789d00000)
  to   space 512K, 0% used [0x0000000789d00000,0x0000000789d00000,0x0000000789d80000)
 ParOldGen       total 173568K, used 1284K [0x00000006c2800000, 0x00000006cd180000, 0x000000076b800000)
  object space 173568K, 0% used [0x00000006c2800000,0x00000006c2941060,0x00000006cd180000)
 Metaspace       used 8161K, capacity 8518K, committed 8704K, reserved 1056768K
  class space    used 670K, capacity 690K, committed 768K, reserved 1048576K
Event: 9.634 GC heap after
Heap after GC invocations=98 (full 0):
 PSYoungGen      total 47616K, used 128K [0x000000076b800000, 0x0000000789d80000, 0x00000007c0000000)
  eden space 47104K, 0% used [0x000000076b800000,0x000000076b800000,0x000000076e600000)
  from space 512K, 25% used [0x0000000789d00000,0x0000000789d20000,0x0000000789d80000)
  to   space 512K, 0% used [0x0000000789c80000,0x0000000789c80000,0x0000000789d00000)
 ParOldGen       total 173568K, used 1284K [0x00000006c2800000, 0x00000006cd180000, 0x000000076b800000)
  object space 173568K, 0% used [0x00000006c2800000,0x00000006c2941060,0x00000006cd180000)
 Metaspace       used 8161K, capacity 8518K, committed 8704K, reserved 1056768K
  class space    used 670K, capacity 690K, committed 768K, reserved 1048576K
}
Event: 9.685 GC heap before
{Heap before GC invocations=99 (full 0):
 PSYoungGen      total 47616K, used 47232K [0x000000076b800000, 0x0000000789d80000, 0x00000007c0000000)
  eden space 47104K, 100% used [0x000000076b800000,0x000000076e600000,0x000000076e600000)
  from space 512K, 25% used [0x0000000789d00000,0x0000000789d20000,0x0000000789d80000)
  to   space 512K, 0% used [0x0000000789c80000,0x0000000789c80000,0x0000000789d00000)
 ParOldGen       total 173568K, used 1284K [0x00000006c2800000, 0x00000006cd180000, 0x000000076b800000)
  object space 173568K, 0% used [0x00000006c2800000,0x00000006c2941060,0x00000006cd180000)
 Metaspace       used 8161K, capacity 8518K, committed 8704K, reserved 1056768K
  class space    used 670K, capacity 690K, committed 768K, reserved 1048576K
Event: 9.685 GC heap after
Heap after GC invocations=99 (full 0):
 PSYoungGen      total 47104K, used 32K [0x000000076b800000, 0x0000000789d80000, 0x00000007c0000000)
  eden space 46592K, 0% used [0x000000076b800000,0x000000076b800000,0x000000076e580000)
  from space 512K, 6% used [0x0000000789c80000,0x0000000789c88000,0x0000000789d00000)
  to   space 512K, 0% used [0x0000000789d00000,0x0000000789d00000,0x0000000789d80000)
 ParOldGen       total 173568K, used 1332K [0x00000006c2800000, 0x00000006cd180000, 0x000000076b800000)
  object space 173568K, 0% used [0x00000006c2800000,0x00000006c294d060,0x00000006cd180000)
 Metaspace       used 8161K, capacity 8518K, committed 8704K, reserved 1056768K
  class space    used 670K, capacity 690K, committed 768K, reserved 1048576K
}
Event: 9.735 GC heap before
{Heap before GC invocations=100 (full 0):
 PSYoungGen      total 47104K, used 46624K [0x000000076b800000, 0x0000000789d80000, 0x00000007c0000000)
  eden space 46592K, 100% used [0x000000076b800000,0x000000076e580000,0x000000076e580000)
  from space 512K, 6% used [0x0000000789c80000,0x0000000789c88000,0x0000000789d00000)
  to   space 512K, 0% used [0x0000000789d00000,0x0000000789d00000,0x0000000789d80000)
 ParOldGen       total 173568K, used 1332K [0x00000006c2800000, 0x00000006cd180000, 0x000000076b800000)
  object space 173568K, 0% used [0x00000006c2800000,0x00000006c294d060,0x00000006cd180000)
 Metaspace       used 8161K, capacity 8518K, committed 8704K, reserved 1056768K
  class space    used 670K, capacity 690K, committed 768K, reserved 1048576K
Event: 9.736 GC heap after
Heap after GC invocations=100 (full 0):
 PSYoungGen      total 46592K, used 0K [0x000000076b800000, 0x0000000789d80000, 0x00000007c0000000)
  eden space 46080K, 0% used [0x000000076b800000,0x000000076b800000,0x000000076e500000)
  from space 512K, 0% used [0x0000000789d00000,0x0000000789d00000,0x0000000789d80000)
  to   space 512K, 0% used [0x0000000789c80000,0x0000000789c80000,0x0000000789d00000)
 ParOldGen       total 173568K, used 1340K [0x00000006c2800000, 0x00000006cd180000, 0x000000076b800000)
  object space 173568K, 0% used [0x00000006c2800000,0x00000006c294f060,0x00000006cd180000)
 Metaspace       used 8161K, capacity 8518K, committed 8704K, reserved 1056768K
  class space    used 670K, capacity 690K, committed 768K, reserved 1048576K
}
Event: 9.787 GC heap before
{Heap before GC invocations=101 (full 0):
 PSYoungGen      total 46592K, used 46080K [0x000000076b800000, 0x0000000789d80000, 0x00000007c0000000)
  eden space 46080K, 100% used [0x000000076b800000,0x000000076e500000,0x000000076e500000)
  from space 512K, 0% used [0x0000000789d00000,0x0000000789d00000,0x0000000789d80000)
  to   space 512K, 0% used [0x0000000789c80000,0x0000000789c80000,0x0000000789d00000)
 ParOldGen       total 173568K, used 1340K [0x00000006c2800000, 0x00000006cd180000, 0x000000076b800000)
  object space 173568K, 0% used [0x00000006c2800000,0x00000006c294f060,0x00000006cd180000)
 Metaspace       used 8161K, capacity 8518K, committed 8704K, reserved 1056768K
  class space    used 670K, capacity 690K, committed 768K, reserved 1048576K
Event: 9.788 GC heap after
Heap after GC invocations=101 (full 0):
 PSYoungGen      total 46080K, used 32K [0x000000076b800000, 0x0000000789d80000, 0x00000007c0000000)
  eden space 45568K, 0% used [0x000000076b800000,0x000000076b800000,0x000000076e480000)
  from space 512K, 6% used [0x0000000789c80000,0x0000000789c88000,0x0000000789d00000)
  to   space 512K, 0% used [0x0000000789d00000,0x0000000789d00000,0x0000000789d80000)
 ParOldGen       total 173568K, used 1340K [0x00000006c2800000, 0x00000006cd180000, 0x000000076b800000)
  object space 173568K, 0% used [0x00000006c2800000,0x00000006c294f060,0x00000006cd180000)
 Metaspace       used 8161K, capacity 8518K, committed 8704K, reserved 1056768K
  class space    used 670K, capacity 690K, committed 768K, reserved 1048576K
}

