# JRE version: Java(TM) SE Runtime Environment (8.0_65-b17) (build 1.8.0_65-b17)
# Java VM: Java HotSpot(TM) 64-Bit Server VM (25.65-b01 mixed mode windows-amd64 compressed oops)
Heap:
 PSYoungGen      total 508416K, used 180808K [0x000000076b800000, 0x00000007ba480000, 0x00000007c0000000)
  eden space 504320K, 35% used [0x000000076b800000,0x0000000776852250,0x000000078a480000)
  from space 4096K, 6% used [0x00000007b9c80000,0x00000007b9cc0000,0x00000007ba080000)
  to   space 4096K, 0% used [0x00000007ba080000,0x00000007ba080000,0x00000007ba480000)
 ParOldGen       total 173568K, used 27768K [0x00000006c2800000, 0x00000006cd180000, 0x000000076b800000)
  object space 173568K, 15% used [0x00000006c2800000,0x00000006c431e050,0x00000006cd180000)
 Metaspace       used 8402K, capacity 8774K, committed 8960K, reserved 1056768K
  class space    used 662K, capacity 690K, committed 768K, reserved 1048576K
GC Heap History (10 events):
Event: 18.386 GC heap before
{Heap before GC invocations=31 (full 0):
 PSYoungGen      total 633856K, used 633600K [0x000000076b800000, 0x00000007bad00000, 0x00000007c0000000)
  eden space 633344K, 100% used [0x000000076b800000,0x0000000792280000,0x0000000792280000)
  from space 512K, 50% used [0x00000007bac80000,0x00000007bacc0000,0x00000007bad00000)
  to   space 5632K, 0% used [0x00000007ba200000,0x00000007ba200000,0x00000007ba780000)
 ParOldGen       total 173568K, used 27744K [0x00000006c2800000, 0x00000006cd180000, 0x000000076b800000)
  object space 173568K, 15% used [0x00000006c2800000,0x00000006c4318050,0x00000006cd180000)
 Metaspace       used 8402K, capacity 8774K, committed 8960K, reserved 1056768K
  class space    used 662K, capacity 690K, committed 768K, reserved 1048576K
Event: 18.386 GC heap after
Heap after GC invocations=31 (full 0):
 PSYoungGen      total 610304K, used 224K [0x000000076b800000, 0x00000007bad00000, 0x00000007c0000000)
  eden space 604672K, 0% used [0x000000076b800000,0x000000076b800000,0x0000000790680000)
  from space 5632K, 3% used [0x00000007ba200000,0x00000007ba238000,0x00000007ba780000)
  to   space 5120K, 0% used [0x00000007ba800000,0x00000007ba800000,0x00000007bad00000)
 ParOldGen       total 173568K, used 27768K [0x00000006c2800000, 0x00000006cd180000, 0x000000076b800000)
  object space 173568K, 15% used [0x00000006c2800000,0x00000006c431e050,0x00000006cd180000)
 Metaspace       used 8402K, capacity 8774K, committed 8960K, reserved 1056768K
  class space    used 662K, capacity 690K, committed 768K, reserved 1048576K
}
Event: 18.879 GC heap before
{Heap before GC invocations=32 (full 0):
 PSYoungGen      total 610304K, used 604896K [0x000000076b800000, 0x00000007bad00000, 0x00000007c0000000)
  eden space 604672K, 100% used [0x000000076b800000,0x0000000790680000,0x0000000790680000)
  from space 5632K, 3% used [0x00000007ba200000,0x00000007ba238000,0x00000007ba780000)
  to   space 5120K, 0% used [0x00000007ba800000,0x00000007ba800000,0x00000007bad00000)
 ParOldGen       total 173568K, used 27768K [0x00000006c2800000, 0x00000006cd180000, 0x000000076b800000)
  object space 173568K, 15% used [0x00000006c2800000,0x00000006c431e050,0x00000006cd180000)
 Metaspace       used 8402K, capacity 8774K, committed 8960K, reserved 1056768K
  class space    used 662K, capacity 690K, committed 768K, reserved 1048576K
Event: 18.881 GC heap after
Heap after GC invocations=32 (full 0):
 PSYoungGen      total 578048K, used 224K [0x000000076b800000, 0x00000007ba880000, 0x00000007c0000000)
  eden space 577536K, 0% used [0x000000076b800000,0x000000076b800000,0x000000078ec00000)
  from space 512K, 43% used [0x00000007ba800000,0x00000007ba838000,0x00000007ba880000)
  to   space 4608K, 0% used [0x00000007b9f80000,0x00000007b9f80000,0x00000007ba400000)
 ParOldGen       total 173568K, used 27768K [0x00000006c2800000, 0x00000006cd180000, 0x000000076b800000)
  object space 173568K, 15% used [0x00000006c2800000,0x00000006c431e050,0x00000006cd180000)
 Metaspace       used 8402K, capacity 8774K, committed 8960K, reserved 1056768K
  class space    used 662K, capacity 690K, committed 768K, reserved 1048576K
}
Event: 19.361 GC heap before
{Heap before GC invocations=33 (full 0):
 PSYoungGen      total 578048K, used 577760K [0x000000076b800000, 0x00000007ba880000, 0x00000007c0000000)
  eden space 577536K, 100% used [0x000000076b800000,0x000000078ec00000,0x000000078ec00000)
  from space 512K, 43% used [0x00000007ba800000,0x00000007ba838000,0x00000007ba880000)
  to   space 4608K, 0% used [0x00000007b9f80000,0x00000007b9f80000,0x00000007ba400000)
 ParOldGen       total 173568K, used 27768K [0x00000006c2800000, 0x00000006cd180000, 0x000000076b800000)
  object space 173568K, 15% used [0x00000006c2800000,0x00000006c431e050,0x00000006cd180000)
 Metaspace       used 8402K, capacity 8774K, committed 8960K, reserved 1056768K
  class space    used 662K, capacity 690K, committed 768K, reserved 1048576K
Event: 19.362 GC heap after
Heap after GC invocations=33 (full 0):
 PSYoungGen      total 556544K, used 256K [0x000000076b800000, 0x00000007ba880000, 0x00000007c0000000)
  eden space 551936K, 0% used [0x000000076b800000,0x000000076b800000,0x000000078d300000)
  from space 4608K, 5% used [0x00000007b9f80000,0x00000007b9fc0000,0x00000007ba400000)
  to   space 4608K, 0% used [0x00000007ba400000,0x00000007ba400000,0x00000007ba880000)
 ParOldGen       total 173568K, used 27768K [0x00000006c2800000, 0x00000006cd180000, 0x000000076b800000)
  object space 173568K, 15% used [0x00000006c2800000,0x00000006c431e050,0x00000006cd180000)
 Metaspace       used 8402K, capacity 8774K, committed 8960K, reserved 1056768K
  class space    used 662K, capacity 690K, committed 768K, reserved 1048576K
}
Event: 19.899 GC heap before
{Heap before GC invocations=34 (full 0):
 PSYoungGen      total 556544K, used 552192K [0x000000076b800000, 0x00000007ba880000, 0x00000007c0000000)
  eden space 551936K, 100% used [0x000000076b800000,0x000000078d300000,0x000000078d300000)
  from space 4608K, 5% used [0x00000007b9f80000,0x00000007b9fc0000,0x00000007ba400000)
  to   space 4608K, 0% used [0x00000007ba400000,0x00000007ba400000,0x00000007ba880000)
 ParOldGen       total 173568K, used 27768K [0x00000006c2800000, 0x00000006cd180000, 0x000000076b800000)
  object space 173568K, 15% used [0x00000006c2800000,0x00000006c431e050,0x00000006cd180000)
 Metaspace       used 8402K, capacity 8774K, committed 8960K, reserved 1056768K
  class space    used 662K, capacity 690K, committed 768K, reserved 1048576K
Event: 19.900 GC heap after
Heap after GC invocations=34 (full 0):
 PSYoungGen      total 527872K, used 256K [0x000000076b800000, 0x00000007ba480000, 0x00000007c0000000)
  eden space 527360K, 0% used [0x000000076b800000,0x000000076b800000,0x000000078bb00000)
  from space 512K, 50% used [0x00000007ba400000,0x00000007ba440000,0x00000007ba480000)
  to   space 4096K, 0% used [0x00000007b9c80000,0x00000007b9c80000,0x00000007ba080000)
 ParOldGen       total 173568K, used 27768K [0x00000006c2800000, 0x00000006cd180000, 0x000000076b800000)
  object space 173568K, 15% used [0x00000006c2800000,0x00000006c431e050,0x00000006cd180000)
 Metaspace       used 8402K, capacity 8774K, committed 8960K, reserved 1056768K
  class space    used 662K, capacity 690K, committed 768K, reserved 1048576K
}
Event: 20.309 GC heap before
{Heap before GC invocations=35 (full 0):
 PSYoungGen      total 527872K, used 527616K [0x000000076b800000, 0x00000007ba480000, 0x00000007c0000000)
  eden space 527360K, 100% used [0x000000076b800000,0x000000078bb00000,0x000000078bb00000)
  from space 512K, 50% used [0x00000007ba400000,0x00000007ba440000,0x00000007ba480000)
  to   space 4096K, 0% used [0x00000007b9c80000,0x00000007b9c80000,0x00000007ba080000)
 ParOldGen       total 173568K, used 27768K [0x00000006c2800000, 0x00000006cd180000, 0x000000076b800000)
  object space 173568K, 15% used [0x00000006c2800000,0x00000006c431e050,0x00000006cd180000)
 Metaspace       used 8402K, capacity 8774K, committed 8960K, reserved 1056768K
  class space    used 662K, capacity 690K, committed 768K, reserved 1048576K
Event: 20.310 GC heap after
Heap after GC invocations=35 (full 0):
 PSYoungGen      total 508416K, used 256K [0x000000076b800000, 0x00000007ba480000, 0x00000007c0000000)
  eden space 504320K, 0% used [0x000000076b800000,0x000000076b800000,0x000000078a480000)
  from space 4096K, 6% used [0x00000007b9c80000,0x00000007b9cc0000,0x00000007ba080000)
  to   space 4096K, 0% used [0x00000007ba080000,0x00000007ba080000,0x00000007ba480000)
 ParOldGen       total 173568K, used 27768K [0x00000006c2800000, 0x00000006cd180000, 0x000000076b800000)
  object space 173568K, 15% used [0x00000006c2800000,0x00000006c431e050,0x00000006cd180000)
 Metaspace       used 8402K, capacity 8774K, committed 8960K, reserved 1056768K
  class space    used 662K, capacity 690K, committed 768K, reserved 1048576K
}

