# JRE version: Java(TM) SE Runtime Environment (8.0_65-b17) (build 1.8.0_65-b17)
# Java VM: Java HotSpot(TM) 64-Bit Server VM (25.65-b01 mixed mode windows-amd64 compressed oops)
Heap:
 PSYoungGen      total 509440K, used 401366K [0x000000076b800000, 0x00000007bb680000, 0x00000007c0000000)
  eden space 505856K, 79% used [0x000000076b800000,0x0000000783fbd9a8,0x000000078a600000)
  from space 3584K, 6% used [0x00000007baf80000,0x00000007bafb8000,0x00000007bb300000)
  to   space 3072K, 0% used [0x00000007bb380000,0x00000007bb380000,0x00000007bb680000)
 ParOldGen       total 173568K, used 31891K [0x00000006c2800000, 0x00000006cd180000, 0x000000076b800000)
  object space 173568K, 18% used [0x00000006c2800000,0x00000006c4724ef0,0x00000006cd180000)
 Metaspace       used 8371K, capacity 8710K, committed 8960K, reserved 1056768K
  class space    used 659K, capacity 690K, committed 768K, reserved 1048576K
GC Heap History (10 events):
Event: 16.042 GC heap before
{Heap before GC invocations=33 (full 0):
 PSYoungGen      total 635904K, used 635616K [0x000000076b800000, 0x00000007bbd00000, 0x00000007c0000000)
  eden space 635392K, 100% used [0x000000076b800000,0x0000000792480000,0x0000000792480000)
  from space 512K, 43% used [0x00000007bbc80000,0x00000007bbcb8000,0x00000007bbd00000)
  to   space 4608K, 0% used [0x00000007bb400000,0x00000007bb400000,0x00000007bb880000)
 ParOldGen       total 173568K, used 31891K [0x00000006c2800000, 0x00000006cd180000, 0x000000076b800000)
  object space 173568K, 18% used [0x00000006c2800000,0x00000006c4724ef0,0x00000006cd180000)
 Metaspace       used 8371K, capacity 8710K, committed 8960K, reserved 1056768K
  class space    used 659K, capacity 690K, committed 768K, reserved 1048576K
Event: 16.043 GC heap after
Heap after GC invocations=33 (full 0):
 PSYoungGen      total 611328K, used 256K [0x000000076b800000, 0x00000007bbd00000, 0x00000007c0000000)
  eden space 606720K, 0% used [0x000000076b800000,0x000000076b800000,0x0000000790880000)
  from space 4608K, 5% used [0x00000007bb400000,0x00000007bb440000,0x00000007bb880000)
  to   space 4096K, 0% used [0x00000007bb900000,0x00000007bb900000,0x00000007bbd00000)
 ParOldGen       total 173568K, used 31891K [0x00000006c2800000, 0x00000006cd180000, 0x000000076b800000)
  object space 173568K, 18% used [0x00000006c2800000,0x00000006c4724ef0,0x00000006cd180000)
 Metaspace       used 8371K, capacity 8710K, committed 8960K, reserved 1056768K
  class space    used 659K, capacity 690K, committed 768K, reserved 1048576K
}
Event: 16.485 GC heap before
{Heap before GC invocations=34 (full 0):
 PSYoungGen      total 611328K, used 606976K [0x000000076b800000, 0x00000007bbd00000, 0x00000007c0000000)
  eden space 606720K, 100% used [0x000000076b800000,0x0000000790880000,0x0000000790880000)
  from space 4608K, 5% used [0x00000007bb400000,0x00000007bb440000,0x00000007bb880000)
  to   space 4096K, 0% used [0x00000007bb900000,0x00000007bb900000,0x00000007bbd00000)
 ParOldGen       total 173568K, used 31891K [0x00000006c2800000, 0x00000006cd180000, 0x000000076b800000)
  object space 173568K, 18% used [0x00000006c2800000,0x00000006c4724ef0,0x00000006cd180000)
 Metaspace       used 8371K, capacity 8710K, committed 8960K, reserved 1056768K
  class space    used 659K, capacity 690K, committed 768K, reserved 1048576K
Event: 16.486 GC heap after
Heap after GC invocations=34 (full 0):
 PSYoungGen      total 580096K, used 224K [0x000000076b800000, 0x00000007bb980000, 0x00000007c0000000)
  eden space 579584K, 0% used [0x000000076b800000,0x000000076b800000,0x000000078ee00000)
  from space 512K, 43% used [0x00000007bb900000,0x00000007bb938000,0x00000007bb980000)
  to   space 4096K, 0% used [0x00000007bb180000,0x00000007bb180000,0x00000007bb580000)
 ParOldGen       total 173568K, used 31891K [0x00000006c2800000, 0x00000006cd180000, 0x000000076b800000)
  object space 173568K, 18% used [0x00000006c2800000,0x00000006c4724ef0,0x00000006cd180000)
 Metaspace       used 8371K, capacity 8710K, committed 8960K, reserved 1056768K
  class space    used 659K, capacity 690K, committed 768K, reserved 1048576K
}
Event: 16.993 GC heap before
{Heap before GC invocations=35 (full 0):
 PSYoungGen      total 580096K, used 579808K [0x000000076b800000, 0x00000007bb980000, 0x00000007c0000000)
  eden space 579584K, 100% used [0x000000076b800000,0x000000078ee00000,0x000000078ee00000)
  from space 512K, 43% used [0x00000007bb900000,0x00000007bb938000,0x00000007bb980000)
  to   space 4096K, 0% used [0x00000007bb180000,0x00000007bb180000,0x00000007bb580000)
 ParOldGen       total 173568K, used 31891K [0x00000006c2800000, 0x00000006cd180000, 0x000000076b800000)
  object space 173568K, 18% used [0x00000006c2800000,0x00000006c4724ef0,0x00000006cd180000)
 Metaspace       used 8371K, capacity 8710K, committed 8960K, reserved 1056768K
  class space    used 659K, capacity 690K, committed 768K, reserved 1048576K
Event: 16.994 GC heap after
Heap after GC invocations=35 (full 0):
 PSYoungGen      total 558080K, used 224K [0x000000076b800000, 0x00000007bb980000, 0x00000007c0000000)
  eden space 553984K, 0% used [0x000000076b800000,0x000000076b800000,0x000000078d500000)
  from space 4096K, 5% used [0x00000007bb180000,0x00000007bb1b8000,0x00000007bb580000)
  to   space 3584K, 0% used [0x00000007bb600000,0x00000007bb600000,0x00000007bb980000)
 ParOldGen       total 173568K, used 31891K [0x00000006c2800000, 0x00000006cd180000, 0x000000076b800000)
  object space 173568K, 18% used [0x00000006c2800000,0x00000006c4724ef0,0x00000006cd180000)
 Metaspace       used 8371K, capacity 8710K, committed 8960K, reserved 1056768K
  class space    used 659K, capacity 690K, committed 768K, reserved 1048576K
}
Event: 17.416 GC heap before
{Heap before GC invocations=36 (full 0):
 PSYoungGen      total 558080K, used 554208K [0x000000076b800000, 0x00000007bb980000, 0x00000007c0000000)
  eden space 553984K, 100% used [0x000000076b800000,0x000000078d500000,0x000000078d500000)
  from space 4096K, 5% used [0x00000007bb180000,0x00000007bb1b8000,0x00000007bb580000)
  to   space 3584K, 0% used [0x00000007bb600000,0x00000007bb600000,0x00000007bb980000)
 ParOldGen       total 173568K, used 31891K [0x00000006c2800000, 0x00000006cd180000, 0x000000076b800000)
  object space 173568K, 18% used [0x00000006c2800000,0x00000006c4724ef0,0x00000006cd180000)
 Metaspace       used 8371K, capacity 8710K, committed 8960K, reserved 1056768K
  class space    used 659K, capacity 690K, committed 768K, reserved 1048576K
Event: 17.417 GC heap after
Heap after GC invocations=36 (full 0):
 PSYoungGen      total 529920K, used 160K [0x000000076b800000, 0x00000007bb680000, 0x00000007c0000000)
  eden space 529408K, 0% used [0x000000076b800000,0x000000076b800000,0x000000078bd00000)
  from space 512K, 31% used [0x00000007bb600000,0x00000007bb628000,0x00000007bb680000)
  to   space 3584K, 0% used [0x00000007baf80000,0x00000007baf80000,0x00000007bb300000)
 ParOldGen       total 173568K, used 31891K [0x00000006c2800000, 0x00000006cd180000, 0x000000076b800000)
  object space 173568K, 18% used [0x00000006c2800000,0x00000006c4724ef0,0x00000006cd180000)
 Metaspace       used 8371K, capacity 8710K, committed 8960K, reserved 1056768K
  class space    used 659K, capacity 690K, committed 768K, reserved 1048576K
}
Event: 17.813 GC heap before
{Heap before GC invocations=37 (full 0):
 PSYoungGen      total 529920K, used 529568K [0x000000076b800000, 0x00000007bb680000, 0x00000007c0000000)
  eden space 529408K, 100% used [0x000000076b800000,0x000000078bd00000,0x000000078bd00000)
  from space 512K, 31% used [0x00000007bb600000,0x00000007bb628000,0x00000007bb680000)
  to   space 3584K, 0% used [0x00000007baf80000,0x00000007baf80000,0x00000007bb300000)
 ParOldGen       total 173568K, used 31891K [0x00000006c2800000, 0x00000006cd180000, 0x000000076b800000)
  object space 173568K, 18% used [0x00000006c2800000,0x00000006c4724ef0,0x00000006cd180000)
 Metaspace       used 8371K, capacity 8710K, committed 8960K, reserved 1056768K
  class space    used 659K, capacity 690K, committed 768K, reserved 1048576K
Event: 17.813 GC heap after
Heap after GC invocations=37 (full 0):
 PSYoungGen      total 509440K, used 224K [0x000000076b800000, 0x00000007bb680000, 0x00000007c0000000)
  eden space 505856K, 0% used [0x000000076b800000,0x000000076b800000,0x000000078a600000)
  from space 3584K, 6% used [0x00000007baf80000,0x00000007bafb8000,0x00000007bb300000)
  to   space 3072K, 0% used [0x00000007bb380000,0x00000007bb380000,0x00000007bb680000)
 ParOldGen       total 173568K, used 31891K [0x00000006c2800000, 0x00000006cd180000, 0x000000076b800000)
  object space 173568K, 18% used [0x00000006c2800000,0x00000006c4724ef0,0x00000006cd180000)
 Metaspace       used 8371K, capacity 8710K, committed 8960K, reserved 1056768K
  class space    used 659K, capacity 690K, committed 768K, reserved 1048576K
}

