# JRE version: Java(TM) SE Runtime Environment (8.0_65-b17) (build 1.8.0_65-b17)
# Java VM: Java HotSpot(TM) 64-Bit Server VM (25.65-b01 mixed mode windows-amd64 compressed oops)
Heap:
 PSYoungGen      total 274944K, used 223548K [0x000000076b800000, 0x000000078aa00000, 0x00000007c0000000)
  eden space 273408K, 81% used [0x000000076b800000,0x00000007792173b0,0x000000077c300000)
  from space 1536K, 14% used [0x000000078a700000,0x000000078a738000,0x000000078a880000)
  to   space 1536K, 0% used [0x000000078a880000,0x000000078a880000,0x000000078aa00000)
 ParOldGen       total 173568K, used 1673K [0x00000006c2800000, 0x00000006cd180000, 0x000000076b800000)
  object space 173568K, 0% used [0x00000006c2800000,0x00000006c29a2720,0x00000006cd180000)
 Metaspace       used 8098K, capacity 8646K, committed 8960K, reserved 1056768K
  class space    used 646K, capacity 690K, committed 768K, reserved 1048576K
GC Heap History (10 events):
Event: 4.814 GC heap before
{Heap before GC invocations=19 (full 0):
 PSYoungGen      total 336384K, used 336032K [0x000000076b800000, 0x000000078ad00000, 0x00000007c0000000)
  eden space 335872K, 100% used [0x000000076b800000,0x0000000780000000,0x0000000780000000)
  from space 512K, 31% used [0x000000078ac80000,0x000000078aca8000,0x000000078ad00000)
  to   space 2048K, 0% used [0x000000078a900000,0x000000078a900000,0x000000078ab00000)
 ParOldGen       total 173568K, used 1665K [0x00000006c2800000, 0x00000006cd180000, 0x000000076b800000)
  object space 173568K, 0% used [0x00000006c2800000,0x00000006c29a0720,0x00000006cd180000)
 Metaspace       used 8091K, capacity 8646K, committed 8960K, reserved 1056768K
  class space    used 646K, capacity 690K, committed 768K, reserved 1048576K
Event: 4.815 GC heap after
Heap after GC invocations=19 (full 0):
 PSYoungGen      total 324096K, used 224K [0x000000076b800000, 0x000000078ad00000, 0x00000007c0000000)
  eden space 322048K, 0% used [0x000000076b800000,0x000000076b800000,0x000000077f280000)
  from space 2048K, 10% used [0x000000078a900000,0x000000078a938000,0x000000078ab00000)
  to   space 2048K, 0% used [0x000000078ab00000,0x000000078ab00000,0x000000078ad00000)
 ParOldGen       total 173568K, used 1665K [0x00000006c2800000, 0x00000006cd180000, 0x000000076b800000)
  object space 173568K, 0% used [0x00000006c2800000,0x00000006c29a0720,0x00000006cd180000)
 Metaspace       used 8091K, capacity 8646K, committed 8960K, reserved 1056768K
  class space    used 646K, capacity 690K, committed 768K, reserved 1048576K
}
Event: 5.070 GC heap before
{Heap before GC invocations=20 (full 0):
 PSYoungGen      total 324096K, used 322272K [0x000000076b800000, 0x000000078ad00000, 0x00000007c0000000)
  eden space 322048K, 100% used [0x000000076b800000,0x000000077f280000,0x000000077f280000)
  from space 2048K, 10% used [0x000000078a900000,0x000000078a938000,0x000000078ab00000)
  to   space 2048K, 0% used [0x000000078ab00000,0x000000078ab00000,0x000000078ad00000)
 ParOldGen       total 173568K, used 1665K [0x00000006c2800000, 0x00000006cd180000, 0x000000076b800000)
  object space 173568K, 0% used [0x00000006c2800000,0x00000006c29a0720,0x00000006cd180000)
 Metaspace       used 8092K, capacity 8646K, committed 8960K, reserved 1056768K
  class space    used 646K, capacity 690K, committed 768K, reserved 1048576K
Event: 5.070 GC heap after
Heap after GC invocations=20 (full 0):
 PSYoungGen      total 309248K, used 160K [0x000000076b800000, 0x000000078ab80000, 0x00000007c0000000)
  eden space 308736K, 0% used [0x000000076b800000,0x000000076b800000,0x000000077e580000)
  from space 512K, 31% used [0x000000078ab00000,0x000000078ab28000,0x000000078ab80000)
  to   space 2048K, 0% used [0x000000078a780000,0x000000078a780000,0x000000078a980000)
 ParOldGen       total 173568K, used 1665K [0x00000006c2800000, 0x00000006cd180000, 0x000000076b800000)
  object space 173568K, 0% used [0x00000006c2800000,0x00000006c29a0720,0x00000006cd180000)
 Metaspace       used 8092K, capacity 8646K, committed 8960K, reserved 1056768K
  class space    used 646K, capacity 690K, committed 768K, reserved 1048576K
}
Event: 5.385 GC heap before
{Heap before GC invocations=21 (full 0):
 PSYoungGen      total 309248K, used 308896K [0x000000076b800000, 0x000000078ab80000, 0x00000007c0000000)
  eden space 308736K, 100% used [0x000000076b800000,0x000000077e580000,0x000000077e580000)
  from space 512K, 31% used [0x000000078ab00000,0x000000078ab28000,0x000000078ab80000)
  to   space 2048K, 0% used [0x000000078a780000,0x000000078a780000,0x000000078a980000)
 ParOldGen       total 173568K, used 1665K [0x00000006c2800000, 0x00000006cd180000, 0x000000076b800000)
  object space 173568K, 0% used [0x00000006c2800000,0x00000006c29a0720,0x00000006cd180000)
 Metaspace       used 8098K, capacity 8646K, committed 8960K, reserved 1056768K
  class space    used 646K, capacity 690K, committed 768K, reserved 1048576K
Event: 5.386 GC heap after
Heap after GC invocations=21 (full 0):
 PSYoungGen      total 298496K, used 256K [0x000000076b800000, 0x000000078ab80000, 0x00000007c0000000)
  eden space 296448K, 0% used [0x000000076b800000,0x000000076b800000,0x000000077d980000)
  from space 2048K, 12% used [0x000000078a780000,0x000000078a7c0000,0x000000078a980000)
  to   space 2048K, 0% used [0x000000078a980000,0x000000078a980000,0x000000078ab80000)
 ParOldGen       total 173568K, used 1665K [0x00000006c2800000, 0x00000006cd180000, 0x000000076b800000)
  object space 173568K, 0% used [0x00000006c2800000,0x00000006c29a0720,0x00000006cd180000)
 Metaspace       used 8098K, capacity 8646K, committed 8960K, reserved 1056768K
  class space    used 646K, capacity 690K, committed 768K, reserved 1048576K
}
Event: 5.712 GC heap before
{Heap before GC invocations=22 (full 0):
 PSYoungGen      total 298496K, used 296704K [0x000000076b800000, 0x000000078ab80000, 0x00000007c0000000)
  eden space 296448K, 100% used [0x000000076b800000,0x000000077d980000,0x000000077d980000)
  from space 2048K, 12% used [0x000000078a780000,0x000000078a7c0000,0x000000078a980000)
  to   space 2048K, 0% used [0x000000078a980000,0x000000078a980000,0x000000078ab80000)
 ParOldGen       total 173568K, used 1665K [0x00000006c2800000, 0x00000006cd180000, 0x000000076b800000)
  object space 173568K, 0% used [0x00000006c2800000,0x00000006c29a0720,0x00000006cd180000)
 Metaspace       used 8098K, capacity 8646K, committed 8960K, reserved 1056768K
  class space    used 646K, capacity 690K, committed 768K, reserved 1048576K
Event: 5.713 GC heap after
Heap after GC invocations=22 (full 0):
 PSYoungGen      total 285184K, used 224K [0x000000076b800000, 0x000000078aa00000, 0x00000007c0000000)
  eden space 284672K, 0% used [0x000000076b800000,0x000000076b800000,0x000000077ce00000)
  from space 512K, 43% used [0x000000078a980000,0x000000078a9b8000,0x000000078aa00000)
  to   space 1536K, 0% used [0x000000078a700000,0x000000078a700000,0x000000078a880000)
 ParOldGen       total 173568K, used 1673K [0x00000006c2800000, 0x00000006cd180000, 0x000000076b800000)
  object space 173568K, 0% used [0x00000006c2800000,0x00000006c29a2720,0x00000006cd180000)
 Metaspace       used 8098K, capacity 8646K, committed 8960K, reserved 1056768K
  class space    used 646K, capacity 690K, committed 768K, reserved 1048576K
}
Event: 6.018 GC heap before
{Heap before GC invocations=23 (full 0):
 PSYoungGen      total 285184K, used 284896K [0x000000076b800000, 0x000000078aa00000, 0x00000007c0000000)
  eden space 284672K, 100% used [0x000000076b800000,0x000000077ce00000,0x000000077ce00000)
  from space 512K, 43% used [0x000000078a980000,0x000000078a9b8000,0x000000078aa00000)
  to   space 1536K, 0% used [0x000000078a700000,0x000000078a700000,0x000000078a880000)
 ParOldGen       total 173568K, used 1673K [0x00000006c2800000, 0x00000006cd180000, 0x000000076b800000)
  object space 173568K, 0% used [0x00000006c2800000,0x00000006c29a2720,0x00000006cd180000)
 Metaspace       used 8098K, capacity 8646K, committed 8960K, reserved 1056768K
  class space    used 646K, capacity 690K, committed 768K, reserved 1048576K
Event: 6.019 GC heap after
Heap after GC invocations=23 (full 0):
 PSYoungGen      total 274944K, used 224K [0x000000076b800000, 0x000000078aa00000, 0x00000007c0000000)
  eden space 273408K, 0% used [0x000000076b800000,0x000000076b800000,0x000000077c300000)
  from space 1536K, 14% used [0x000000078a700000,0x000000078a738000,0x000000078a880000)
  to   space 1536K, 0% used [0x000000078a880000,0x000000078a880000,0x000000078aa00000)
 ParOldGen       total 173568K, used 1673K [0x00000006c2800000, 0x00000006cd180000, 0x000000076b800000)
  object space 173568K, 0% used [0x00000006c2800000,0x00000006c29a2720,0x00000006cd180000)
 Metaspace       used 8098K, capacity 8646K, committed 8960K, reserved 1056768K
  class space    used 646K, capacity 690K, committed 768K, reserved 1048576K
}

