# JRE version: Java(TM) SE Runtime Environment (8.0_65-b17) (build 1.8.0_65-b17)
# Java VM: Java HotSpot(TM) 64-Bit Server VM (25.65-b01 mixed mode windows-amd64 compressed oops)
Heap:
 PSYoungGen      total 455680K, used 269695K [0x000000076b800000, 0x00000007bc080000, 0x00000007c0000000)
  eden space 451584K, 59% used [0x000000076b800000,0x000000077bf27fa8,0x0000000787100000)
  from space 4096K, 5% used [0x00000007bb880000,0x00000007bb8b8000,0x00000007bbc80000)
  to   space 4096K, 0% used [0x00000007bbc80000,0x00000007bbc80000,0x00000007bc080000)
 ParOldGen       total 173568K, used 29589K [0x00000006c2800000, 0x00000006cd180000, 0x000000076b800000)
  object space 173568K, 17% used [0x00000006c2800000,0x00000006c44e56c8,0x00000006cd180000)
 Metaspace       used 8374K, capacity 8710K, committed 8960K, reserved 1056768K
  class space    used 658K, capacity 690K, committed 768K, reserved 1048576K
GC Heap History (10 events):
Event: 12.436 GC heap before
{Heap before GC invocations=29 (full 0):
 PSYoungGen      total 565760K, used 565440K [0x000000076b800000, 0x00000007bc900000, 0x00000007c0000000)
  eden space 565248K, 100% used [0x000000076b800000,0x000000078e000000,0x000000078e000000)
  from space 512K, 37% used [0x00000007bc880000,0x00000007bc8b0000,0x00000007bc900000)
  to   space 5632K, 0% used [0x00000007bbe00000,0x00000007bbe00000,0x00000007bc380000)
 ParOldGen       total 173568K, used 29557K [0x00000006c2800000, 0x00000006cd180000, 0x000000076b800000)
  object space 173568K, 17% used [0x00000006c2800000,0x00000006c44dd6c8,0x00000006cd180000)
 Metaspace       used 8374K, capacity 8710K, committed 8960K, reserved 1056768K
  class space    used 658K, capacity 690K, committed 768K, reserved 1048576K
Event: 12.437 GC heap after
Heap after GC invocations=29 (full 0):
 PSYoungGen      total 545792K, used 224K [0x000000076b800000, 0x00000007bc900000, 0x00000007c0000000)
  eden space 540160K, 0% used [0x000000076b800000,0x000000076b800000,0x000000078c780000)
  from space 5632K, 3% used [0x00000007bbe00000,0x00000007bbe38000,0x00000007bc380000)
  to   space 5120K, 0% used [0x00000007bc400000,0x00000007bc400000,0x00000007bc900000)
 ParOldGen       total 173568K, used 29557K [0x00000006c2800000, 0x00000006cd180000, 0x000000076b800000)
  object space 173568K, 17% used [0x00000006c2800000,0x00000006c44dd6c8,0x00000006cd180000)
 Metaspace       used 8374K, capacity 8710K, committed 8960K, reserved 1056768K
  class space    used 658K, capacity 690K, committed 768K, reserved 1048576K
}
Event: 12.853 GC heap before
{Heap before GC invocations=30 (full 0):
 PSYoungGen      total 545792K, used 540384K [0x000000076b800000, 0x00000007bc900000, 0x00000007c0000000)
  eden space 540160K, 100% used [0x000000076b800000,0x000000078c780000,0x000000078c780000)
  from space 5632K, 3% used [0x00000007bbe00000,0x00000007bbe38000,0x00000007bc380000)
  to   space 5120K, 0% used [0x00000007bc400000,0x00000007bc400000,0x00000007bc900000)
 ParOldGen       total 173568K, used 29557K [0x00000006c2800000, 0x00000006cd180000, 0x000000076b800000)
  object space 173568K, 17% used [0x00000006c2800000,0x00000006c44dd6c8,0x00000006cd180000)
 Metaspace       used 8374K, capacity 8710K, committed 8960K, reserved 1056768K
  class space    used 658K, capacity 690K, committed 768K, reserved 1048576K
Event: 12.853 GC heap after
Heap after GC invocations=30 (full 0):
 PSYoungGen      total 516608K, used 224K [0x000000076b800000, 0x00000007bc480000, 0x00000007c0000000)
  eden space 516096K, 0% used [0x000000076b800000,0x000000076b800000,0x000000078b000000)
  from space 512K, 43% used [0x00000007bc400000,0x00000007bc438000,0x00000007bc480000)
  to   space 4608K, 0% used [0x00000007bbb80000,0x00000007bbb80000,0x00000007bc000000)
 ParOldGen       total 173568K, used 29565K [0x00000006c2800000, 0x00000006cd180000, 0x000000076b800000)
  object space 173568K, 17% used [0x00000006c2800000,0x00000006c44df6c8,0x00000006cd180000)
 Metaspace       used 8374K, capacity 8710K, committed 8960K, reserved 1056768K
  class space    used 658K, capacity 690K, committed 768K, reserved 1048576K
}
Event: 13.241 GC heap before
{Heap before GC invocations=31 (full 0):
 PSYoungGen      total 516608K, used 516320K [0x000000076b800000, 0x00000007bc480000, 0x00000007c0000000)
  eden space 516096K, 100% used [0x000000076b800000,0x000000078b000000,0x000000078b000000)
  from space 512K, 43% used [0x00000007bc400000,0x00000007bc438000,0x00000007bc480000)
  to   space 4608K, 0% used [0x00000007bbb80000,0x00000007bbb80000,0x00000007bc000000)
 ParOldGen       total 173568K, used 29565K [0x00000006c2800000, 0x00000006cd180000, 0x000000076b800000)
  object space 173568K, 17% used [0x00000006c2800000,0x00000006c44df6c8,0x00000006cd180000)
 Metaspace       used 8374K, capacity 8710K, committed 8960K, reserved 1056768K
  class space    used 658K, capacity 690K, committed 768K, reserved 1048576K
Event: 13.241 GC heap after
Heap after GC invocations=31 (full 0):
 PSYoungGen      total 498176K, used 224K [0x000000076b800000, 0x00000007bc480000, 0x00000007c0000000)
  eden space 493568K, 0% used [0x000000076b800000,0x000000076b800000,0x0000000789a00000)
  from space 4608K, 4% used [0x00000007bbb80000,0x00000007bbbb8000,0x00000007bc000000)
  to   space 4608K, 0% used [0x00000007bc000000,0x00000007bc000000,0x00000007bc480000)
 ParOldGen       total 173568K, used 29573K [0x00000006c2800000, 0x00000006cd180000, 0x000000076b800000)
  object space 173568K, 17% used [0x00000006c2800000,0x00000006c44e16c8,0x00000006cd180000)
 Metaspace       used 8374K, capacity 8710K, committed 8960K, reserved 1056768K
  class space    used 658K, capacity 690K, committed 768K, reserved 1048576K
}
Event: 13.636 GC heap before
{Heap before GC invocations=32 (full 0):
 PSYoungGen      total 498176K, used 493792K [0x000000076b800000, 0x00000007bc480000, 0x00000007c0000000)
  eden space 493568K, 100% used [0x000000076b800000,0x0000000789a00000,0x0000000789a00000)
  from space 4608K, 4% used [0x00000007bbb80000,0x00000007bbbb8000,0x00000007bc000000)
  to   space 4608K, 0% used [0x00000007bc000000,0x00000007bc000000,0x00000007bc480000)
 ParOldGen       total 173568K, used 29573K [0x00000006c2800000, 0x00000006cd180000, 0x000000076b800000)
  object space 173568K, 17% used [0x00000006c2800000,0x00000006c44e16c8,0x00000006cd180000)
 Metaspace       used 8374K, capacity 8710K, committed 8960K, reserved 1056768K
  class space    used 658K, capacity 690K, committed 768K, reserved 1048576K
Event: 13.637 GC heap after
Heap after GC invocations=32 (full 0):
 PSYoungGen      total 472576K, used 224K [0x000000076b800000, 0x00000007bc080000, 0x00000007c0000000)
  eden space 472064K, 0% used [0x000000076b800000,0x000000076b800000,0x0000000788500000)
  from space 512K, 43% used [0x00000007bc000000,0x00000007bc038000,0x00000007bc080000)
  to   space 4096K, 0% used [0x00000007bb880000,0x00000007bb880000,0x00000007bbc80000)
 ParOldGen       total 173568K, used 29573K [0x00000006c2800000, 0x00000006cd180000, 0x000000076b800000)
  object space 173568K, 17% used [0x00000006c2800000,0x00000006c44e16c8,0x00000006cd180000)
 Metaspace       used 8374K, capacity 8710K, committed 8960K, reserved 1056768K
  class space    used 658K, capacity 690K, committed 768K, reserved 1048576K
}
Event: 14.060 GC heap before
{Heap before GC invocations=33 (full 0):
 PSYoungGen      total 472576K, used 472288K [0x000000076b800000, 0x00000007bc080000, 0x00000007c0000000)
  eden space 472064K, 100% used [0x000000076b800000,0x0000000788500000,0x0000000788500000)
  from space 512K, 43% used [0x00000007bc000000,0x00000007bc038000,0x00000007bc080000)
  to   space 4096K, 0% used [0x00000007bb880000,0x00000007bb880000,0x00000007bbc80000)
 ParOldGen       total 173568K, used 29573K [0x00000006c2800000, 0x00000006cd180000, 0x000000076b800000)
  object space 173568K, 17% used [0x00000006c2800000,0x00000006c44e16c8,0x00000006cd180000)
 Metaspace       used 8374K, capacity 8710K, committed 8960K, reserved 1056768K
  class space    used 658K, capacity 690K, committed 768K, reserved 1048576K
Event: 14.061 GC heap after
Heap after GC invocations=33 (full 0):
 PSYoungGen      total 455680K, used 224K [0x000000076b800000, 0x00000007bc080000, 0x00000007c0000000)
  eden space 451584K, 0% used [0x000000076b800000,0x000000076b800000,0x0000000787100000)
  from space 4096K, 5% used [0x00000007bb880000,0x00000007bb8b8000,0x00000007bbc80000)
  to   space 4096K, 0% used [0x00000007bbc80000,0x00000007bbc80000,0x00000007bc080000)
 ParOldGen       total 173568K, used 29589K [0x00000006c2800000, 0x00000006cd180000, 0x000000076b800000)
  object space 173568K, 17% used [0x00000006c2800000,0x00000006c44e56c8,0x00000006cd180000)
 Metaspace       used 8374K, capacity 8710K, committed 8960K, reserved 1056768K
  class space    used 658K, capacity 690K, committed 768K, reserved 1048576K
}

