# JRE version: Java(TM) SE Runtime Environment (8.0_65-b17) (build 1.8.0_65-b17)
# Java VM: Java HotSpot(TM) 64-Bit Server VM (25.65-b01 mixed mode windows-amd64 compressed oops)
Heap:
 PSYoungGen      total 474624K, used 150506K [0x000000076b800000, 0x000000078b300000, 0x00000007c0000000)
  eden space 474112K, 31% used [0x000000076b800000,0x0000000774ae29e0,0x0000000788700000)
  from space 512K, 18% used [0x000000078b280000,0x000000078b298000,0x000000078b300000)
  to   space 2560K, 0% used [0x000000078ae00000,0x000000078ae00000,0x000000078b080000)
 ParOldGen       total 173568K, used 1944K [0x00000006c2800000, 0x00000006cd180000, 0x000000076b800000)
  object space 173568K, 1% used [0x00000006c2800000,0x00000006c29e6070,0x00000006cd180000)
 Metaspace       used 8027K, capacity 8582K, committed 8704K, reserved 1056768K
  class space    used 646K, capacity 690K, committed 768K, reserved 1048576K
GC Heap History (10 events):
Event: 0.573 GC heap before
{Heap before GC invocations=6 (full 0):
 PSYoungGen      total 140800K, used 131377K [0x000000076b800000, 0x000000077b900000, 0x00000007c0000000)
  eden space 130048K, 100% used [0x000000076b800000,0x0000000773700000,0x0000000773700000)
  from space 10752K, 12% used [0x0000000773700000,0x000000077384c7e0,0x0000000774180000)
  to   space 1536K, 0% used [0x000000077b780000,0x000000077b780000,0x000000077b900000)
 ParOldGen       total 173568K, used 16K [0x00000006c2800000, 0x00000006cd180000, 0x000000076b800000)
  object space 173568K, 0% used [0x00000006c2800000,0x00000006c2804000,0x00000006cd180000)
 Metaspace       used 6944K, capacity 7558K, committed 7808K, reserved 1056768K
  class space    used 585K, capacity 626K, committed 640K, reserved 1048576K
Event: 0.575 GC heap after
Heap after GC invocations=6 (full 0):
 PSYoungGen      total 260608K, used 1517K [0x000000076b800000, 0x000000077bb00000, 0x00000007c0000000)
  eden space 259072K, 0% used [0x000000076b800000,0x000000076b800000,0x000000077b500000)
  from space 1536K, 98% used [0x000000077b780000,0x000000077b8fb458,0x000000077b900000)
  to   space 2560K, 0% used [0x000000077b500000,0x000000077b500000,0x000000077b780000)
 ParOldGen       total 173568K, used 744K [0x00000006c2800000, 0x00000006cd180000, 0x000000076b800000)
  object space 173568K, 0% used [0x00000006c2800000,0x00000006c28ba020,0x00000006cd180000)
 Metaspace       used 6944K, capacity 7558K, committed 7808K, reserved 1056768K
  class space    used 585K, capacity 626K, committed 640K, reserved 1048576K
}
Event: 0.924 GC heap before
{Heap before GC invocations=7 (full 0):
 PSYoungGen      total 260608K, used 260589K [0x000000076b800000, 0x000000077bb00000, 0x00000007c0000000)
  eden space 259072K, 100% used [0x000000076b800000,0x000000077b500000,0x000000077b500000)
  from space 1536K, 98% used [0x000000077b780000,0x000000077b8fb458,0x000000077b900000)
  to   space 2560K, 0% used [0x000000077b500000,0x000000077b500000,0x000000077b780000)
 ParOldGen       total 173568K, used 744K [0x00000006c2800000, 0x00000006cd180000, 0x000000076b800000)
  object space 173568K, 0% used [0x00000006c2800000,0x00000006c28ba020,0x00000006cd180000)
 Metaspace       used 8024K, capacity 8582K, committed 8704K, reserved 1056768K
  class space    used 646K, capacity 690K, committed 768K, reserved 1048576K
Event: 0.926 GC heap after
Heap after GC invocations=7 (full 0):
 PSYoungGen      total 261632K, used 1242K [0x000000076b800000, 0x000000078b600000, 0x00000007c0000000)
  eden space 259072K, 0% used [0x000000076b800000,0x000000076b800000,0x000000077b500000)
  from space 2560K, 48% used [0x000000077b500000,0x000000077b636988,0x000000077b780000)
  to   space 2048K, 0% used [0x000000078b400000,0x000000078b400000,0x000000078b600000)
 ParOldGen       total 173568K, used 1392K [0x00000006c2800000, 0x00000006cd180000, 0x000000076b800000)
  object space 173568K, 0% used [0x00000006c2800000,0x00000006c295c070,0x00000006cd180000)
 Metaspace       used 8024K, capacity 8582K, committed 8704K, reserved 1056768K
  class space    used 646K, capacity 690K, committed 768K, reserved 1048576K
}
Event: 1.034 GC heap before
{Heap before GC invocations=8 (full 0):
 PSYoungGen      total 261632K, used 260314K [0x000000076b800000, 0x000000078b600000, 0x00000007c0000000)
  eden space 259072K, 100% used [0x000000076b800000,0x000000077b500000,0x000000077b500000)
  from space 2560K, 48% used [0x000000077b500000,0x000000077b636988,0x000000077b780000)
  to   space 2048K, 0% used [0x000000078b400000,0x000000078b400000,0x000000078b600000)
 ParOldGen       total 173568K, used 1392K [0x00000006c2800000, 0x00000006cd180000, 0x000000076b800000)
  object space 173568K, 0% used [0x00000006c2800000,0x00000006c295c070,0x00000006cd180000)
 Metaspace       used 8026K, capacity 8582K, committed 8704K, reserved 1056768K
  class space    used 646K, capacity 690K, committed 768K, reserved 1048576K
Event: 1.035 GC heap after
Heap after GC invocations=8 (full 0):
 PSYoungGen      total 520192K, used 640K [0x000000076b800000, 0x000000078b600000, 0x00000007c0000000)
  eden space 518144K, 0% used [0x000000076b800000,0x000000076b800000,0x000000078b200000)
  from space 2048K, 31% used [0x000000078b400000,0x000000078b4a0000,0x000000078b600000)
  to   space 2048K, 0% used [0x000000078b200000,0x000000078b200000,0x000000078b400000)
 ParOldGen       total 173568K, used 1400K [0x00000006c2800000, 0x00000006cd180000, 0x000000076b800000)
  object space 173568K, 0% used [0x00000006c2800000,0x00000006c295e070,0x00000006cd180000)
 Metaspace       used 8026K, capacity 8582K, committed 8704K, reserved 1056768K
  class space    used 646K, capacity 690K, committed 768K, reserved 1048576K
}
Event: 1.287 GC heap before
{Heap before GC invocations=9 (full 0):
 PSYoungGen      total 520192K, used 518784K [0x000000076b800000, 0x000000078b600000, 0x00000007c0000000)
  eden space 518144K, 100% used [0x000000076b800000,0x000000078b200000,0x000000078b200000)
  from space 2048K, 31% used [0x000000078b400000,0x000000078b4a0000,0x000000078b600000)
  to   space 2048K, 0% used [0x000000078b200000,0x000000078b200000,0x000000078b400000)
 ParOldGen       total 173568K, used 1400K [0x00000006c2800000, 0x00000006cd180000, 0x000000076b800000)
  object space 173568K, 0% used [0x00000006c2800000,0x00000006c295e070,0x00000006cd180000)
 Metaspace       used 8027K, capacity 8582K, committed 8704K, reserved 1056768K
  class space    used 646K, capacity 690K, committed 768K, reserved 1048576K
Event: 1.288 GC heap after
Heap after GC invocations=9 (full 0):
 PSYoungGen      total 496128K, used 256K [0x000000076b800000, 0x000000078b480000, 0x00000007c0000000)
  eden space 495616K, 0% used [0x000000076b800000,0x000000076b800000,0x0000000789c00000)
  from space 512K, 50% used [0x000000078b200000,0x000000078b240000,0x000000078b280000)
  to   space 2048K, 0% used [0x000000078b280000,0x000000078b280000,0x000000078b480000)
 ParOldGen       total 173568K, used 1768K [0x00000006c2800000, 0x00000006cd180000, 0x000000076b800000)
  object space 173568K, 1% used [0x00000006c2800000,0x00000006c29ba070,0x00000006cd180000)
 Metaspace       used 8027K, capacity 8582K, committed 8704K, reserved 1056768K
  class space    used 646K, capacity 690K, committed 768K, reserved 1048576K
}
Event: 1.540 GC heap before
{Heap before GC invocations=10 (full 0):
 PSYoungGen      total 496128K, used 495872K [0x000000076b800000, 0x000000078b480000, 0x00000007c0000000)
  eden space 495616K, 100% used [0x000000076b800000,0x0000000789c00000,0x0000000789c00000)
  from space 512K, 50% used [0x000000078b200000,0x000000078b240000,0x000000078b280000)
  to   space 2048K, 0% used [0x000000078b280000,0x000000078b280000,0x000000078b480000)
 ParOldGen       total 173568K, used 1768K [0x00000006c2800000, 0x00000006cd180000, 0x000000076b800000)
  object space 173568K, 1% used [0x00000006c2800000,0x00000006c29ba070,0x00000006cd180000)
 Metaspace       used 8027K, capacity 8582K, committed 8704K, reserved 1056768K
  class space    used 646K, capacity 690K, committed 768K, reserved 1048576K
Event: 1.540 GC heap after
Heap after GC invocations=10 (full 0):
 PSYoungGen      total 474624K, used 96K [0x000000076b800000, 0x000000078b300000, 0x00000007c0000000)
  eden space 474112K, 0% used [0x000000076b800000,0x000000076b800000,0x0000000788700000)
  from space 512K, 18% used [0x000000078b280000,0x000000078b298000,0x000000078b300000)
  to   space 2560K, 0% used [0x000000078ae00000,0x000000078ae00000,0x000000078b080000)
 ParOldGen       total 173568K, used 1944K [0x00000006c2800000, 0x00000006cd180000, 0x000000076b800000)
  object space 173568K, 1% used [0x00000006c2800000,0x00000006c29e6070,0x00000006cd180000)
 Metaspace       used 8027K, capacity 8582K, committed 8704K, reserved 1056768K
  class space    used 646K, capacity 690K, committed 768K, reserved 1048576K
}

