# JRE version: Java(TM) SE Runtime Environment (8.0_65-b17) (build 1.8.0_65-b17)
# Java VM: Java HotSpot(TM) 64-Bit Server VM (25.65-b01 mixed mode windows-amd64 compressed oops)
Heap:
 PSYoungGen      total 578048K, used 115266K [0x000000076b800000, 0x00000007bb180000, 0x00000007c0000000)
  eden space 577536K, 19% used [0x000000076b800000,0x0000000772858a30,0x000000078ec00000)
  from space 512K, 43% used [0x00000007bb100000,0x00000007bb138000,0x00000007bb180000)
  to   space 4096K, 0% used [0x00000007ba980000,0x00000007ba980000,0x00000007bad80000)
 ParOldGen       total 173568K, used 36331K [0x00000006c2800000, 0x00000006cd180000, 0x000000076b800000)
  object space 173568K, 20% used [0x00000006c2800000,0x00000006c4b7ace8,0x00000006cd180000)
 Metaspace       used 8349K, capacity 8710K, committed 8960K, reserved 1056768K
  class space    used 659K, capacity 690K, committed 768K, reserved 1048576K
GC Heap History (10 events):
Event: 15.515 GC heap before
{Heap before GC invocations=30 (full 0):
 PSYoungGen      total 734720K, used 728288K [0x000000076b800000, 0x00000007bbf80000, 0x00000007c0000000)
  eden space 728064K, 100% used [0x000000076b800000,0x0000000797f00000,0x0000000797f00000)
  from space 6656K, 3% used [0x00000007bb280000,0x00000007bb2b8000,0x00000007bb900000)
  to   space 6144K, 0% used [0x00000007bb980000,0x00000007bb980000,0x00000007bbf80000)
 ParOldGen       total 173568K, used 36331K [0x00000006c2800000, 0x00000006cd180000, 0x000000076b800000)
  object space 173568K, 20% used [0x00000006c2800000,0x00000006c4b7ace8,0x00000006cd180000)
 Metaspace       used 8348K, capacity 8710K, committed 8960K, reserved 1056768K
  class space    used 659K, capacity 690K, committed 768K, reserved 1048576K
Event: 15.516 GC heap after
Heap after GC invocations=30 (full 0):
 PSYoungGen      total 695296K, used 224K [0x000000076b800000, 0x00000007bba00000, 0x00000007c0000000)
  eden space 694784K, 0% used [0x000000076b800000,0x000000076b800000,0x0000000795e80000)
  from space 512K, 43% used [0x00000007bb980000,0x00000007bb9b8000,0x00000007bba00000)
  to   space 5632K, 0% used [0x00000007baf00000,0x00000007baf00000,0x00000007bb480000)
 ParOldGen       total 173568K, used 36331K [0x00000006c2800000, 0x00000006cd180000, 0x000000076b800000)
  object space 173568K, 20% used [0x00000006c2800000,0x00000006c4b7ace8,0x00000006cd180000)
 Metaspace       used 8348K, capacity 8710K, committed 8960K, reserved 1056768K
  class space    used 659K, capacity 690K, committed 768K, reserved 1048576K
}
Event: 16.033 GC heap before
{Heap before GC invocations=31 (full 0):
 PSYoungGen      total 695296K, used 695008K [0x000000076b800000, 0x00000007bba00000, 0x00000007c0000000)
  eden space 694784K, 100% used [0x000000076b800000,0x0000000795e80000,0x0000000795e80000)
  from space 512K, 43% used [0x00000007bb980000,0x00000007bb9b8000,0x00000007bba00000)
  to   space 5632K, 0% used [0x00000007baf00000,0x00000007baf00000,0x00000007bb480000)
 ParOldGen       total 173568K, used 36331K [0x00000006c2800000, 0x00000006cd180000, 0x000000076b800000)
  object space 173568K, 20% used [0x00000006c2800000,0x00000006c4b7ace8,0x00000006cd180000)
 Metaspace       used 8349K, capacity 8710K, committed 8960K, reserved 1056768K
  class space    used 659K, capacity 690K, committed 768K, reserved 1048576K
Event: 16.034 GC heap after
Heap after GC invocations=31 (full 0):
 PSYoungGen      total 668672K, used 224K [0x000000076b800000, 0x00000007bba00000, 0x00000007c0000000)
  eden space 663040K, 0% used [0x000000076b800000,0x000000076b800000,0x0000000793f80000)
  from space 5632K, 3% used [0x00000007baf00000,0x00000007baf38000,0x00000007bb480000)
  to   space 5120K, 0% used [0x00000007bb500000,0x00000007bb500000,0x00000007bba00000)
 ParOldGen       total 173568K, used 36331K [0x00000006c2800000, 0x00000006cd180000, 0x000000076b800000)
  object space 173568K, 20% used [0x00000006c2800000,0x00000006c4b7ace8,0x00000006cd180000)
 Metaspace       used 8349K, capacity 8710K, committed 8960K, reserved 1056768K
  class space    used 659K, capacity 690K, committed 768K, reserved 1048576K
}
Event: 16.626 GC heap before
{Heap before GC invocations=32 (full 0):
 PSYoungGen      total 668672K, used 663264K [0x000000076b800000, 0x00000007bba00000, 0x00000007c0000000)
  eden space 663040K, 100% used [0x000000076b800000,0x0000000793f80000,0x0000000793f80000)
  from space 5632K, 3% used [0x00000007baf00000,0x00000007baf38000,0x00000007bb480000)
  to   space 5120K, 0% used [0x00000007bb500000,0x00000007bb500000,0x00000007bba00000)
 ParOldGen       total 173568K, used 36331K [0x00000006c2800000, 0x00000006cd180000, 0x000000076b800000)
  object space 173568K, 20% used [0x00000006c2800000,0x00000006c4b7ace8,0x00000006cd180000)
 Metaspace       used 8349K, capacity 8710K, committed 8960K, reserved 1056768K
  class space    used 659K, capacity 690K, committed 768K, reserved 1048576K
Event: 16.626 GC heap after
Heap after GC invocations=32 (full 0):
 PSYoungGen      total 633856K, used 224K [0x000000076b800000, 0x00000007bb580000, 0x00000007c0000000)
  eden space 633344K, 0% used [0x000000076b800000,0x000000076b800000,0x0000000792280000)
  from space 512K, 43% used [0x00000007bb500000,0x00000007bb538000,0x00000007bb580000)
  to   space 5120K, 0% used [0x00000007bab80000,0x00000007bab80000,0x00000007bb080000)
 ParOldGen       total 173568K, used 36331K [0x00000006c2800000, 0x00000006cd180000, 0x000000076b800000)
  object space 173568K, 20% used [0x00000006c2800000,0x00000006c4b7ace8,0x00000006cd180000)
 Metaspace       used 8349K, capacity 8710K, committed 8960K, reserved 1056768K
  class space    used 659K, capacity 690K, committed 768K, reserved 1048576K
}
Event: 17.095 GC heap before
{Heap before GC invocations=33 (full 0):
 PSYoungGen      total 633856K, used 633568K [0x000000076b800000, 0x00000007bb580000, 0x00000007c0000000)
  eden space 633344K, 100% used [0x000000076b800000,0x0000000792280000,0x0000000792280000)
  from space 512K, 43% used [0x00000007bb500000,0x00000007bb538000,0x00000007bb580000)
  to   space 5120K, 0% used [0x00000007bab80000,0x00000007bab80000,0x00000007bb080000)
 ParOldGen       total 173568K, used 36331K [0x00000006c2800000, 0x00000006cd180000, 0x000000076b800000)
  object space 173568K, 20% used [0x00000006c2800000,0x00000006c4b7ace8,0x00000006cd180000)
 Metaspace       used 8349K, capacity 8710K, committed 8960K, reserved 1056768K
  class space    used 659K, capacity 690K, committed 768K, reserved 1048576K
Event: 17.095 GC heap after
Heap after GC invocations=33 (full 0):
 PSYoungGen      total 609792K, used 224K [0x000000076b800000, 0x00000007bb580000, 0x00000007c0000000)
  eden space 604672K, 0% used [0x000000076b800000,0x000000076b800000,0x0000000790680000)
  from space 5120K, 4% used [0x00000007bab80000,0x00000007babb8000,0x00000007bb080000)
  to   space 4608K, 0% used [0x00000007bb100000,0x00000007bb100000,0x00000007bb580000)
 ParOldGen       total 173568K, used 36331K [0x00000006c2800000, 0x00000006cd180000, 0x000000076b800000)
  object space 173568K, 20% used [0x00000006c2800000,0x00000006c4b7ace8,0x00000006cd180000)
 Metaspace       used 8349K, capacity 8710K, committed 8960K, reserved 1056768K
  class space    used 659K, capacity 690K, committed 768K, reserved 1048576K
}
Event: 17.570 GC heap before
{Heap before GC invocations=34 (full 0):
 PSYoungGen      total 609792K, used 604896K [0x000000076b800000, 0x00000007bb580000, 0x00000007c0000000)
  eden space 604672K, 100% used [0x000000076b800000,0x0000000790680000,0x0000000790680000)
  from space 5120K, 4% used [0x00000007bab80000,0x00000007babb8000,0x00000007bb080000)
  to   space 4608K, 0% used [0x00000007bb100000,0x00000007bb100000,0x00000007bb580000)
 ParOldGen       total 173568K, used 36331K [0x00000006c2800000, 0x00000006cd180000, 0x000000076b800000)
  object space 173568K, 20% used [0x00000006c2800000,0x00000006c4b7ace8,0x00000006cd180000)
 Metaspace       used 8349K, capacity 8710K, committed 8960K, reserved 1056768K
  class space    used 659K, capacity 690K, committed 768K, reserved 1048576K
Event: 17.571 GC heap after
Heap after GC invocations=34 (full 0):
 PSYoungGen      total 578048K, used 224K [0x000000076b800000, 0x00000007bb180000, 0x00000007c0000000)
  eden space 577536K, 0% used [0x000000076b800000,0x000000076b800000,0x000000078ec00000)
  from space 512K, 43% used [0x00000007bb100000,0x00000007bb138000,0x00000007bb180000)
  to   space 4096K, 0% used [0x00000007ba980000,0x00000007ba980000,0x00000007bad80000)
 ParOldGen       total 173568K, used 36331K [0x00000006c2800000, 0x00000006cd180000, 0x000000076b800000)
  object space 173568K, 20% used [0x00000006c2800000,0x00000006c4b7ace8,0x00000006cd180000)
 Metaspace       used 8349K, capacity 8710K, committed 8960K, reserved 1056768K
  class space    used 659K, capacity 690K, committed 768K, reserved 1048576K
}

