# JRE version: Java(TM) SE Runtime Environment (8.0_65-b17) (build 1.8.0_65-b17)
# Java VM: Java HotSpot(TM) 64-Bit Server VM (25.65-b01 mixed mode windows-amd64 compressed oops)
Heap:
 PSYoungGen      total 224256K, used 100202K [0x000000076b800000, 0x0000000784f00000, 0x00000007c0000000)
  eden space 222208K, 45% used [0x000000076b800000,0x00000007719ca8d0,0x0000000779100000)
  from space 2048K, 3% used [0x0000000784b00000,0x0000000784b10000,0x0000000784d00000)
  to   space 2048K, 0% used [0x0000000784d00000,0x0000000784d00000,0x0000000784f00000)
 ParOldGen       total 173568K, used 1284K [0x00000006c2800000, 0x00000006cd180000, 0x000000076b800000)
  object space 173568K, 0% used [0x00000006c2800000,0x00000006c2941060,0x00000006cd180000)
 Metaspace       used 7956K, capacity 8486K, committed 8704K, reserved 1056768K
  class space    used 642K, capacity 658K, committed 768K, reserved 1048576K
GC Heap History (10 events):
Event: 1.009 GC heap before
{Heap before GC invocations=9 (full 0):
 PSYoungGen      total 261632K, used 261243K [0x000000076b800000, 0x000000077b900000, 0x00000007c0000000)
  eden space 260096K, 100% used [0x000000076b800000,0x000000077b600000,0x000000077b600000)
  from space 1536K, 74% used [0x000000077b780000,0x000000077b89ec48,0x000000077b900000)
  to   space 1536K, 0% used [0x000000077b600000,0x000000077b600000,0x000000077b780000)
 ParOldGen       total 173568K, used 680K [0x00000006c2800000, 0x00000006cd180000, 0x000000076b800000)
  object space 173568K, 0% used [0x00000006c2800000,0x00000006c28aa050,0x00000006cd180000)
 Metaspace       used 7952K, capacity 8486K, committed 8704K, reserved 1056768K
  class space    used 642K, capacity 658K, committed 768K, reserved 1048576K
Event: 1.010 GC heap after
Heap after GC invocations=9 (full 0):
 PSYoungGen      total 261632K, used 1133K [0x000000076b800000, 0x0000000785180000, 0x00000007c0000000)
  eden space 260096K, 0% used [0x000000076b800000,0x000000076b800000,0x000000077b600000)
  from space 1536K, 73% used [0x000000077b600000,0x000000077b71b460,0x000000077b780000)
  to   space 1536K, 0% used [0x0000000785000000,0x0000000785000000,0x0000000785180000)
 ParOldGen       total 173568K, used 880K [0x00000006c2800000, 0x00000006cd180000, 0x000000076b800000)
  object space 173568K, 0% used [0x00000006c2800000,0x00000006c28dc050,0x00000006cd180000)
 Metaspace       used 7952K, capacity 8486K, committed 8704K, reserved 1056768K
  class space    used 642K, capacity 658K, committed 768K, reserved 1048576K
}
Event: 1.196 GC heap before
{Heap before GC invocations=10 (full 0):
 PSYoungGen      total 261632K, used 261229K [0x000000076b800000, 0x0000000785180000, 0x00000007c0000000)
  eden space 260096K, 100% used [0x000000076b800000,0x000000077b600000,0x000000077b600000)
  from space 1536K, 73% used [0x000000077b600000,0x000000077b71b460,0x000000077b780000)
  to   space 1536K, 0% used [0x0000000785000000,0x0000000785000000,0x0000000785180000)
 ParOldGen       total 173568K, used 880K [0x00000006c2800000, 0x00000006cd180000, 0x000000076b800000)
  object space 173568K, 0% used [0x00000006c2800000,0x00000006c28dc050,0x00000006cd180000)
 Metaspace       used 7955K, capacity 8486K, committed 8704K, reserved 1056768K
  class space    used 642K, capacity 658K, committed 768K, reserved 1048576K
Event: 1.197 GC heap after
Heap after GC invocations=10 (full 0):
 PSYoungGen      total 250368K, used 256K [0x000000076b800000, 0x0000000785080000, 0x00000007c0000000)
  eden space 249856K, 0% used [0x000000076b800000,0x000000076b800000,0x000000077ac00000)
  from space 512K, 50% used [0x0000000785000000,0x0000000785040000,0x0000000785080000)
  to   space 2048K, 0% used [0x0000000784c80000,0x0000000784c80000,0x0000000784e80000)
 ParOldGen       total 173568K, used 1096K [0x00000006c2800000, 0x00000006cd180000, 0x000000076b800000)
  object space 173568K, 0% used [0x00000006c2800000,0x00000006c2912050,0x00000006cd180000)
 Metaspace       used 7955K, capacity 8486K, committed 8704K, reserved 1056768K
  class space    used 642K, capacity 658K, committed 768K, reserved 1048576K
}
Event: 1.421 GC heap before
{Heap before GC invocations=11 (full 0):
 PSYoungGen      total 250368K, used 250112K [0x000000076b800000, 0x0000000785080000, 0x00000007c0000000)
  eden space 249856K, 100% used [0x000000076b800000,0x000000077ac00000,0x000000077ac00000)
  from space 512K, 50% used [0x0000000785000000,0x0000000785040000,0x0000000785080000)
  to   space 2048K, 0% used [0x0000000784c80000,0x0000000784c80000,0x0000000784e80000)
 ParOldGen       total 173568K, used 1096K [0x00000006c2800000, 0x00000006cd180000, 0x000000076b800000)
  object space 173568K, 0% used [0x00000006c2800000,0x00000006c2912050,0x00000006cd180000)
 Metaspace       used 7955K, capacity 8486K, committed 8704K, reserved 1056768K
  class space    used 642K, capacity 658K, committed 768K, reserved 1048576K
Event: 1.422 GC heap after
Heap after GC invocations=11 (full 0):
 PSYoungGen      total 242176K, used 96K [0x000000076b800000, 0x0000000785080000, 0x00000007c0000000)
  eden space 240128K, 0% used [0x000000076b800000,0x000000076b800000,0x000000077a280000)
  from space 2048K, 4% used [0x0000000784c80000,0x0000000784c98000,0x0000000784e80000)
  to   space 2048K, 0% used [0x0000000784e80000,0x0000000784e80000,0x0000000785080000)
 ParOldGen       total 173568K, used 1284K [0x00000006c2800000, 0x00000006cd180000, 0x000000076b800000)
  object space 173568K, 0% used [0x00000006c2800000,0x00000006c2941060,0x00000006cd180000)
 Metaspace       used 7955K, capacity 8486K, committed 8704K, reserved 1056768K
  class space    used 642K, capacity 658K, committed 768K, reserved 1048576K
}
Event: 1.601 GC heap before
{Heap before GC invocations=12 (full 0):
 PSYoungGen      total 242176K, used 240224K [0x000000076b800000, 0x0000000785080000, 0x00000007c0000000)
  eden space 240128K, 100% used [0x000000076b800000,0x000000077a280000,0x000000077a280000)
  from space 2048K, 4% used [0x0000000784c80000,0x0000000784c98000,0x0000000784e80000)
  to   space 2048K, 0% used [0x0000000784e80000,0x0000000784e80000,0x0000000785080000)
 ParOldGen       total 173568K, used 1284K [0x00000006c2800000, 0x00000006cd180000, 0x000000076b800000)
  object space 173568K, 0% used [0x00000006c2800000,0x00000006c2941060,0x00000006cd180000)
 Metaspace       used 7955K, capacity 8486K, committed 8704K, reserved 1056768K
  class space    used 642K, capacity 658K, committed 768K, reserved 1048576K
Event: 1.602 GC heap after
Heap after GC invocations=12 (full 0):
 PSYoungGen      total 231424K, used 64K [0x000000076b800000, 0x0000000784f00000, 0x00000007c0000000)
  eden space 230912K, 0% used [0x000000076b800000,0x000000076b800000,0x0000000779980000)
  from space 512K, 12% used [0x0000000784e80000,0x0000000784e90000,0x0000000784f00000)
  to   space 2048K, 0% used [0x0000000784b00000,0x0000000784b00000,0x0000000784d00000)
 ParOldGen       total 173568K, used 1284K [0x00000006c2800000, 0x00000006cd180000, 0x000000076b800000)
  object space 173568K, 0% used [0x00000006c2800000,0x00000006c2941060,0x00000006cd180000)
 Metaspace       used 7955K, capacity 8486K, committed 8704K, reserved 1056768K
  class space    used 642K, capacity 658K, committed 768K, reserved 1048576K
}
Event: 1.769 GC heap before
{Heap before GC invocations=13 (full 0):
 PSYoungGen      total 231424K, used 230976K [0x000000076b800000, 0x0000000784f00000, 0x00000007c0000000)
  eden space 230912K, 100% used [0x000000076b800000,0x0000000779980000,0x0000000779980000)
  from space 512K, 12% used [0x0000000784e80000,0x0000000784e90000,0x0000000784f00000)
  to   space 2048K, 0% used [0x0000000784b00000,0x0000000784b00000,0x0000000784d00000)
 ParOldGen       total 173568K, used 1284K [0x00000006c2800000, 0x00000006cd180000, 0x000000076b800000)
  object space 173568K, 0% used [0x00000006c2800000,0x00000006c2941060,0x00000006cd180000)
 Metaspace       used 7956K, capacity 8486K, committed 8704K, reserved 1056768K
  class space    used 642K, capacity 658K, committed 768K, reserved 1048576K
Event: 1.769 GC heap after
Heap after GC invocations=13 (full 0):
 PSYoungGen      total 224256K, used 64K [0x000000076b800000, 0x0000000784f00000, 0x00000007c0000000)
  eden space 222208K, 0% used [0x000000076b800000,0x000000076b800000,0x0000000779100000)
  from space 2048K, 3% used [0x0000000784b00000,0x0000000784b10000,0x0000000784d00000)
  to   space 2048K, 0% used [0x0000000784d00000,0x0000000784d00000,0x0000000784f00000)
 ParOldGen       total 173568K, used 1284K [0x00000006c2800000, 0x00000006cd180000, 0x000000076b800000)
  object space 173568K, 0% used [0x00000006c2800000,0x00000006c2941060,0x00000006cd180000)
 Metaspace       used 7956K, capacity 8486K, committed 8704K, reserved 1056768K
  class space    used 642K, capacity 658K, committed 768K, reserved 1048576K
}

