# JRE version: Java(TM) SE Runtime Environment (8.0_65-b17) (build 1.8.0_65-b17)
# Java VM: Java HotSpot(TM) 64-Bit Server VM (25.65-b01 mixed mode windows-amd64 compressed oops)
Heap:
 PSYoungGen      total 258560K, used 192K [0x000000076b800000, 0x00000007aac00000, 0x00000007c0000000)
  eden space 256512K, 0% used [0x000000076b800000,0x000000076ba24de8,0x000000077b280000)
  from space 2048K, 9% used [0x00000007aa800000,0x00000007aa830000,0x00000007aaa00000)
  to   space 2048K, 0% used [0x00000007aaa00000,0x00000007aaa00000,0x00000007aac00000)
 ParOldGen       total 173568K, used 12412K [0x00000006c2800000, 0x00000006cd180000, 0x000000076b800000)
  object space 173568K, 7% used [0x00000006c2800000,0x00000006c341f2e8,0x00000006cd180000)
 Metaspace       used 8355K, capacity 8774K, committed 8960K, reserved 1056768K
  class space    used 660K, capacity 690K, committed 768K, reserved 1048576K
GC Heap History (10 events):
Event: 6.134 GC heap before
{Heap before GC invocations=30 (full 0):
 PSYoungGen      total 330752K, used 327904K [0x000000076b800000, 0x00000007ab280000, 0x00000007c0000000)
  eden space 327680K, 100% used [0x000000076b800000,0x000000077f800000,0x000000077f800000)
  from space 3072K, 7% used [0x00000007aac80000,0x00000007aacb8000,0x00000007aaf80000)
  to   space 3072K, 0% used [0x00000007aaf80000,0x00000007aaf80000,0x00000007ab280000)
 ParOldGen       total 173568K, used 12412K [0x00000006c2800000, 0x00000006cd180000, 0x000000076b800000)
  object space 173568K, 7% used [0x00000006c2800000,0x00000006c341f2e8,0x00000006cd180000)
 Metaspace       used 8355K, capacity 8710K, committed 8960K, reserved 1056768K
  class space    used 660K, capacity 690K, committed 768K, reserved 1048576K
Event: 6.135 GC heap after
Heap after GC invocations=30 (full 0):
 PSYoungGen      total 314880K, used 224K [0x000000076b800000, 0x00000007ab000000, 0x00000007c0000000)
  eden space 314368K, 0% used [0x000000076b800000,0x000000076b800000,0x000000077eb00000)
  from space 512K, 43% used [0x00000007aaf80000,0x00000007aafb8000,0x00000007ab000000)
  to   space 3072K, 0% used [0x00000007aaa00000,0x00000007aaa00000,0x00000007aad00000)
 ParOldGen       total 173568K, used 12412K [0x00000006c2800000, 0x00000006cd180000, 0x000000076b800000)
  object space 173568K, 7% used [0x00000006c2800000,0x00000006c341f2e8,0x00000006cd180000)
 Metaspace       used 8355K, capacity 8710K, committed 8960K, reserved 1056768K
  class space    used 660K, capacity 690K, committed 768K, reserved 1048576K
}
Event: 6.286 GC heap before
{Heap before GC invocations=31 (full 0):
 PSYoungGen      total 314880K, used 314592K [0x000000076b800000, 0x00000007ab000000, 0x00000007c0000000)
  eden space 314368K, 100% used [0x000000076b800000,0x000000077eb00000,0x000000077eb00000)
  from space 512K, 43% used [0x00000007aaf80000,0x00000007aafb8000,0x00000007ab000000)
  to   space 3072K, 0% used [0x00000007aaa00000,0x00000007aaa00000,0x00000007aad00000)
 ParOldGen       total 173568K, used 12412K [0x00000006c2800000, 0x00000006cd180000, 0x000000076b800000)
  object space 173568K, 7% used [0x00000006c2800000,0x00000006c341f2e8,0x00000006cd180000)
 Metaspace       used 8355K, capacity 8710K, committed 8960K, reserved 1056768K
  class space    used 660K, capacity 690K, committed 768K, reserved 1048576K
Event: 6.286 GC heap after
Heap after GC invocations=31 (full 0):
 PSYoungGen      total 304640K, used 224K [0x000000076b800000, 0x00000007ab000000, 0x00000007c0000000)
  eden space 301568K, 0% used [0x000000076b800000,0x000000076b800000,0x000000077de80000)
  from space 3072K, 7% used [0x00000007aaa00000,0x00000007aaa38000,0x00000007aad00000)
  to   space 2560K, 0% used [0x00000007aad80000,0x00000007aad80000,0x00000007ab000000)
 ParOldGen       total 173568K, used 12412K [0x00000006c2800000, 0x00000006cd180000, 0x000000076b800000)
  object space 173568K, 7% used [0x00000006c2800000,0x00000006c341f2e8,0x00000006cd180000)
 Metaspace       used 8355K, capacity 8710K, committed 8960K, reserved 1056768K
  class space    used 660K, capacity 690K, committed 768K, reserved 1048576K
}
Event: 6.417 GC heap before
{Heap before GC invocations=32 (full 0):
 PSYoungGen      total 304640K, used 301792K [0x000000076b800000, 0x00000007ab000000, 0x00000007c0000000)
  eden space 301568K, 100% used [0x000000076b800000,0x000000077de80000,0x000000077de80000)
  from space 3072K, 7% used [0x00000007aaa00000,0x00000007aaa38000,0x00000007aad00000)
  to   space 2560K, 0% used [0x00000007aad80000,0x00000007aad80000,0x00000007ab000000)
 ParOldGen       total 173568K, used 12412K [0x00000006c2800000, 0x00000006cd180000, 0x000000076b800000)
  object space 173568K, 7% used [0x00000006c2800000,0x00000006c341f2e8,0x00000006cd180000)
 Metaspace       used 8355K, capacity 8710K, committed 8960K, reserved 1056768K
  class space    used 660K, capacity 690K, committed 768K, reserved 1048576K
Event: 6.418 GC heap after
Heap after GC invocations=32 (full 0):
 PSYoungGen      total 289792K, used 224K [0x000000076b800000, 0x00000007aae00000, 0x00000007c0000000)
  eden space 289280K, 0% used [0x000000076b800000,0x000000076b800000,0x000000077d280000)
  from space 512K, 43% used [0x00000007aad80000,0x00000007aadb8000,0x00000007aae00000)
  to   space 2560K, 0% used [0x00000007aa900000,0x00000007aa900000,0x00000007aab80000)
 ParOldGen       total 173568K, used 12412K [0x00000006c2800000, 0x00000006cd180000, 0x000000076b800000)
  object space 173568K, 7% used [0x00000006c2800000,0x00000006c341f2e8,0x00000006cd180000)
 Metaspace       used 8355K, capacity 8710K, committed 8960K, reserved 1056768K
  class space    used 660K, capacity 690K, committed 768K, reserved 1048576K
}
Event: 6.588 GC heap before
{Heap before GC invocations=33 (full 0):
 PSYoungGen      total 289792K, used 289504K [0x000000076b800000, 0x00000007aae00000, 0x00000007c0000000)
  eden space 289280K, 100% used [0x000000076b800000,0x000000077d280000,0x000000077d280000)
  from space 512K, 43% used [0x00000007aad80000,0x00000007aadb8000,0x00000007aae00000)
  to   space 2560K, 0% used [0x00000007aa900000,0x00000007aa900000,0x00000007aab80000)
 ParOldGen       total 173568K, used 12412K [0x00000006c2800000, 0x00000006cd180000, 0x000000076b800000)
  object space 173568K, 7% used [0x00000006c2800000,0x00000006c341f2e8,0x00000006cd180000)
 Metaspace       used 8355K, capacity 8710K, committed 8960K, reserved 1056768K
  class space    used 660K, capacity 690K, committed 768K, reserved 1048576K
Event: 6.588 GC heap after
Heap after GC invocations=33 (full 0):
 PSYoungGen      total 280064K, used 224K [0x000000076b800000, 0x00000007aae00000, 0x00000007c0000000)
  eden space 277504K, 0% used [0x000000076b800000,0x000000076b800000,0x000000077c700000)
  from space 2560K, 8% used [0x00000007aa900000,0x00000007aa938000,0x00000007aab80000)
  to   space 2560K, 0% used [0x00000007aab80000,0x00000007aab80000,0x00000007aae00000)
 ParOldGen       total 173568K, used 12412K [0x00000006c2800000, 0x00000006cd180000, 0x000000076b800000)
  object space 173568K, 7% used [0x00000006c2800000,0x00000006c341f2e8,0x00000006cd180000)
 Metaspace       used 8355K, capacity 8710K, committed 8960K, reserved 1056768K
  class space    used 660K, capacity 690K, committed 768K, reserved 1048576K
}
Event: 6.709 GC heap before
{Heap before GC invocations=34 (full 0):
 PSYoungGen      total 280064K, used 277728K [0x000000076b800000, 0x00000007aae00000, 0x00000007c0000000)
  eden space 277504K, 100% used [0x000000076b800000,0x000000077c700000,0x000000077c700000)
  from space 2560K, 8% used [0x00000007aa900000,0x00000007aa938000,0x00000007aab80000)
  to   space 2560K, 0% used [0x00000007aab80000,0x00000007aab80000,0x00000007aae00000)
 ParOldGen       total 173568K, used 12412K [0x00000006c2800000, 0x00000006cd180000, 0x000000076b800000)
  object space 173568K, 7% used [0x00000006c2800000,0x00000006c341f2e8,0x00000006cd180000)
 Metaspace       used 8355K, capacity 8774K, committed 8960K, reserved 1056768K
  class space    used 660K, capacity 690K, committed 768K, reserved 1048576K
Event: 6.710 GC heap after
Heap after GC invocations=34 (full 0):
 PSYoungGen      total 267264K, used 192K [0x000000076b800000, 0x00000007aac00000, 0x00000007c0000000)
  eden space 266752K, 0% used [0x000000076b800000,0x000000076b800000,0x000000077bc80000)
  from space 512K, 37% used [0x00000007aab80000,0x00000007aabb0000,0x00000007aac00000)
  to   space 2048K, 0% used [0x00000007aa800000,0x00000007aa800000,0x00000007aaa00000)
 ParOldGen       total 173568K, used 12412K [0x00000006c2800000, 0x00000006cd180000, 0x000000076b800000)
  object space 173568K, 7% used [0x00000006c2800000,0x00000006c341f2e8,0x00000006cd180000)
 Metaspace       used 8355K, capacity 8774K, committed 8960K, reserved 1056768K
  class space    used 660K, capacity 690K, committed 768K, reserved 1048576K
}

