# JRE version: Java(TM) SE Runtime Environment (8.0_65-b17) (build 1.8.0_65-b17)
# Java VM: Java HotSpot(TM) 64-Bit Server VM (25.65-b01 mixed mode windows-amd64 compressed oops)
Heap:
 PSYoungGen      total 224256K, used 11843K [0x000000076b800000, 0x0000000784f80000, 0x00000007c0000000)
  eden space 222208K, 5% used [0x000000076b800000,0x000000076c370f78,0x0000000779100000)
  from space 2048K, 6% used [0x0000000784b80000,0x0000000784ba0000,0x0000000784d80000)
  to   space 2048K, 0% used [0x0000000784d80000,0x0000000784d80000,0x0000000784f80000)
 ParOldGen       total 173568K, used 1334K [0x00000006c2800000, 0x00000006cd180000, 0x000000076b800000)
  object space 173568K, 0% used [0x00000006c2800000,0x00000006c294da60,0x00000006cd180000)
 Metaspace       used 7964K, capacity 8486K, committed 8704K, reserved 1056768K
  class space    used 642K, capacity 658K, committed 768K, reserved 1048576K
GC Heap History (10 events):
Event: 1.063 GC heap before
{Heap before GC invocations=9 (full 0):
 PSYoungGen      total 261632K, used 261091K [0x000000076b800000, 0x000000077b900000, 0x00000007c0000000)
  eden space 260096K, 100% used [0x000000076b800000,0x000000077b600000,0x000000077b600000)
  from space 1536K, 64% used [0x000000077b780000,0x000000077b878cb0,0x000000077b900000)
  to   space 1536K, 0% used [0x000000077b600000,0x000000077b600000,0x000000077b780000)
 ParOldGen       total 173568K, used 750K [0x00000006c2800000, 0x00000006cd180000, 0x000000076b800000)
  object space 173568K, 0% used [0x00000006c2800000,0x00000006c28bba60,0x00000006cd180000)
 Metaspace       used 7962K, capacity 8486K, committed 8704K, reserved 1056768K
  class space    used 642K, capacity 658K, committed 768K, reserved 1048576K
Event: 1.065 GC heap after
Heap after GC invocations=9 (full 0):
 PSYoungGen      total 261632K, used 865K [0x000000076b800000, 0x0000000785180000, 0x00000007c0000000)
  eden space 260096K, 0% used [0x000000076b800000,0x000000076b800000,0x000000077b600000)
  from space 1536K, 56% used [0x000000077b600000,0x000000077b6d8560,0x000000077b780000)
  to   space 1536K, 0% used [0x0000000785000000,0x0000000785000000,0x0000000785180000)
 ParOldGen       total 173568K, used 966K [0x00000006c2800000, 0x00000006cd180000, 0x000000076b800000)
  object space 173568K, 0% used [0x00000006c2800000,0x00000006c28f1a60,0x00000006cd180000)
 Metaspace       used 7962K, capacity 8486K, committed 8704K, reserved 1056768K
  class space    used 642K, capacity 658K, committed 768K, reserved 1048576K
}
Event: 1.255 GC heap before
{Heap before GC invocations=10 (full 0):
 PSYoungGen      total 261632K, used 260961K [0x000000076b800000, 0x0000000785180000, 0x00000007c0000000)
  eden space 260096K, 100% used [0x000000076b800000,0x000000077b600000,0x000000077b600000)
  from space 1536K, 56% used [0x000000077b600000,0x000000077b6d8560,0x000000077b780000)
  to   space 1536K, 0% used [0x0000000785000000,0x0000000785000000,0x0000000785180000)
 ParOldGen       total 173568K, used 966K [0x00000006c2800000, 0x00000006cd180000, 0x000000076b800000)
  object space 173568K, 0% used [0x00000006c2800000,0x00000006c28f1a60,0x00000006cd180000)
 Metaspace       used 7963K, capacity 8486K, committed 8704K, reserved 1056768K
  class space    used 642K, capacity 658K, committed 768K, reserved 1048576K
Event: 1.256 GC heap after
Heap after GC invocations=10 (full 0):
 PSYoungGen      total 250368K, used 256K [0x000000076b800000, 0x0000000785080000, 0x00000007c0000000)
  eden space 249856K, 0% used [0x000000076b800000,0x000000076b800000,0x000000077ac00000)
  from space 512K, 50% used [0x0000000785000000,0x0000000785040000,0x0000000785080000)
  to   space 1536K, 0% used [0x0000000784d80000,0x0000000784d80000,0x0000000784f00000)
 ParOldGen       total 173568K, used 1198K [0x00000006c2800000, 0x00000006cd180000, 0x000000076b800000)
  object space 173568K, 0% used [0x00000006c2800000,0x00000006c292ba60,0x00000006cd180000)
 Metaspace       used 7963K, capacity 8486K, committed 8704K, reserved 1056768K
  class space    used 642K, capacity 658K, committed 768K, reserved 1048576K
}
Event: 1.474 GC heap before
{Heap before GC invocations=11 (full 0):
 PSYoungGen      total 250368K, used 250112K [0x000000076b800000, 0x0000000785080000, 0x00000007c0000000)
  eden space 249856K, 100% used [0x000000076b800000,0x000000077ac00000,0x000000077ac00000)
  from space 512K, 50% used [0x0000000785000000,0x0000000785040000,0x0000000785080000)
  to   space 1536K, 0% used [0x0000000784d80000,0x0000000784d80000,0x0000000784f00000)
 ParOldGen       total 173568K, used 1198K [0x00000006c2800000, 0x00000006cd180000, 0x000000076b800000)
  object space 173568K, 0% used [0x00000006c2800000,0x00000006c292ba60,0x00000006cd180000)
 Metaspace       used 7963K, capacity 8486K, committed 8704K, reserved 1056768K
  class space    used 642K, capacity 658K, committed 768K, reserved 1048576K
Event: 1.475 GC heap after
Heap after GC invocations=11 (full 0):
 PSYoungGen      total 241664K, used 96K [0x000000076b800000, 0x0000000785080000, 0x00000007c0000000)
  eden space 240128K, 0% used [0x000000076b800000,0x000000076b800000,0x000000077a280000)
  from space 1536K, 6% used [0x0000000784d80000,0x0000000784d98000,0x0000000784f00000)
  to   space 1536K, 0% used [0x0000000784f00000,0x0000000784f00000,0x0000000785080000)
 ParOldGen       total 173568K, used 1334K [0x00000006c2800000, 0x00000006cd180000, 0x000000076b800000)
  object space 173568K, 0% used [0x00000006c2800000,0x00000006c294da60,0x00000006cd180000)
 Metaspace       used 7963K, capacity 8486K, committed 8704K, reserved 1056768K
  class space    used 642K, capacity 658K, committed 768K, reserved 1048576K
}
Event: 1.651 GC heap before
{Heap before GC invocations=12 (full 0):
 PSYoungGen      total 241664K, used 240224K [0x000000076b800000, 0x0000000785080000, 0x00000007c0000000)
  eden space 240128K, 100% used [0x000000076b800000,0x000000077a280000,0x000000077a280000)
  from space 1536K, 6% used [0x0000000784d80000,0x0000000784d98000,0x0000000784f00000)
  to   space 1536K, 0% used [0x0000000784f00000,0x0000000784f00000,0x0000000785080000)
 ParOldGen       total 173568K, used 1334K [0x00000006c2800000, 0x00000006cd180000, 0x000000076b800000)
  object space 173568K, 0% used [0x00000006c2800000,0x00000006c294da60,0x00000006cd180000)
 Metaspace       used 7963K, capacity 8486K, committed 8704K, reserved 1056768K
  class space    used 642K, capacity 658K, committed 768K, reserved 1048576K
Event: 1.651 GC heap after
Heap after GC invocations=12 (full 0):
 PSYoungGen      total 231424K, used 32K [0x000000076b800000, 0x0000000784f80000, 0x00000007c0000000)
  eden space 230912K, 0% used [0x000000076b800000,0x000000076b800000,0x0000000779980000)
  from space 512K, 6% used [0x0000000784f00000,0x0000000784f08000,0x0000000784f80000)
  to   space 2048K, 0% used [0x0000000784b80000,0x0000000784b80000,0x0000000784d80000)
 ParOldGen       total 173568K, used 1334K [0x00000006c2800000, 0x00000006cd180000, 0x000000076b800000)
  object space 173568K, 0% used [0x00000006c2800000,0x00000006c294da60,0x00000006cd180000)
 Metaspace       used 7963K, capacity 8486K, committed 8704K, reserved 1056768K
  class space    used 642K, capacity 658K, committed 768K, reserved 1048576K
}
Event: 1.824 GC heap before
{Heap before GC invocations=13 (full 0):
 PSYoungGen      total 231424K, used 230944K [0x000000076b800000, 0x0000000784f80000, 0x00000007c0000000)
  eden space 230912K, 100% used [0x000000076b800000,0x0000000779980000,0x0000000779980000)
  from space 512K, 6% used [0x0000000784f00000,0x0000000784f08000,0x0000000784f80000)
  to   space 2048K, 0% used [0x0000000784b80000,0x0000000784b80000,0x0000000784d80000)
 ParOldGen       total 173568K, used 1334K [0x00000006c2800000, 0x00000006cd180000, 0x000000076b800000)
  object space 173568K, 0% used [0x00000006c2800000,0x00000006c294da60,0x00000006cd180000)
 Metaspace       used 7964K, capacity 8486K, committed 8704K, reserved 1056768K
  class space    used 642K, capacity 658K, committed 768K, reserved 1048576K
Event: 1.825 GC heap after
Heap after GC invocations=13 (full 0):
 PSYoungGen      total 224256K, used 128K [0x000000076b800000, 0x0000000784f80000, 0x00000007c0000000)
  eden space 222208K, 0% used [0x000000076b800000,0x000000076b800000,0x0000000779100000)
  from space 2048K, 6% used [0x0000000784b80000,0x0000000784ba0000,0x0000000784d80000)
  to   space 2048K, 0% used [0x0000000784d80000,0x0000000784d80000,0x0000000784f80000)
 ParOldGen       total 173568K, used 1334K [0x00000006c2800000, 0x00000006cd180000, 0x000000076b800000)
  object space 173568K, 0% used [0x00000006c2800000,0x00000006c294da60,0x00000006cd180000)
 Metaspace       used 7964K, capacity 8486K, committed 8704K, reserved 1056768K
  class space    used 642K, capacity 658K, committed 768K, reserved 1048576K
}

