# JRE version: Java(TM) SE Runtime Environment (8.0_65-b17) (build 1.8.0_65-b17)
# Java VM: Java HotSpot(TM) 64-Bit Server VM (25.65-b01 mixed mode windows-amd64 compressed oops)
Heap:
 PSYoungGen      total 824320K, used 796129K [0x000000076b800000, 0x00000007be100000, 0x00000007c0000000)
  eden space 823808K, 96% used [0x000000076b800000,0x000000079c138608,0x000000079dc80000)
  from space 512K, 50% used [0x00000007be080000,0x00000007be0c0000,0x00000007be100000)
  to   space 9216K, 0% used [0x00000007bcf00000,0x00000007bcf00000,0x00000007bd800000)
 ParOldGen       total 173568K, used 31097K [0x00000006c2800000, 0x00000006cd180000, 0x000000076b800000)
  object space 173568K, 17% used [0x00000006c2800000,0x00000006c465e688,0x00000006cd180000)
 Metaspace       used 8399K, capacity 8774K, committed 8960K, reserved 1056768K
  class space    used 662K, capacity 690K, committed 768K, reserved 1048576K
GC Heap History (10 events):
Event: 4.684 GC heap before
{Heap before GC invocations=16 (full 0):
 PSYoungGen      total 1057792K, used 1045760K [0x000000076b800000, 0x00000007bff80000, 0x00000007c0000000)
  eden space 1045504K, 100% used [0x000000076b800000,0x00000007ab500000,0x00000007ab500000)
  from space 12288K, 2% used [0x00000007ab500000,0x00000007ab540000,0x00000007ac100000)
  to   space 11776K, 0% used [0x00000007bf400000,0x00000007bf400000,0x00000007bff80000)
 ParOldGen       total 173568K, used 31033K [0x00000006c2800000, 0x00000006cd180000, 0x000000076b800000)
  object space 173568K, 17% used [0x00000006c2800000,0x00000006c464e688,0x00000006cd180000)
 Metaspace       used 8383K, capacity 8774K, committed 8960K, reserved 1056768K
  class space    used 661K, capacity 690K, committed 768K, reserved 1048576K
Event: 4.685 GC heap after
Heap after GC invocations=16 (full 0):
 PSYoungGen      total 996864K, used 256K [0x000000076b800000, 0x00000007bf480000, 0x00000007c0000000)
  eden space 996352K, 0% used [0x000000076b800000,0x000000076b800000,0x00000007a8500000)
  from space 512K, 50% used [0x00000007bf400000,0x00000007bf440000,0x00000007bf480000)
  to   space 11776K, 0% used [0x00000007bdd80000,0x00000007bdd80000,0x00000007be900000)
 ParOldGen       total 173568K, used 31065K [0x00000006c2800000, 0x00000006cd180000, 0x000000076b800000)
  object space 173568K, 17% used [0x00000006c2800000,0x00000006c4656688,0x00000006cd180000)
 Metaspace       used 8383K, capacity 8774K, committed 8960K, reserved 1056768K
  class space    used 661K, capacity 690K, committed 768K, reserved 1048576K
}
Event: 5.508 GC heap before
{Heap before GC invocations=17 (full 0):
 PSYoungGen      total 996864K, used 996608K [0x000000076b800000, 0x00000007bf480000, 0x00000007c0000000)
  eden space 996352K, 100% used [0x000000076b800000,0x00000007a8500000,0x00000007a8500000)
  from space 512K, 50% used [0x00000007bf400000,0x00000007bf440000,0x00000007bf480000)
  to   space 11776K, 0% used [0x00000007bdd80000,0x00000007bdd80000,0x00000007be900000)
 ParOldGen       total 173568K, used 31065K [0x00000006c2800000, 0x00000006cd180000, 0x000000076b800000)
  object space 173568K, 17% used [0x00000006c2800000,0x00000006c4656688,0x00000006cd180000)
 Metaspace       used 8386K, capacity 8774K, committed 8960K, reserved 1056768K
  class space    used 661K, capacity 690K, committed 768K, reserved 1048576K
Event: 5.509 GC heap after
Heap after GC invocations=17 (full 0):
 PSYoungGen      total 961536K, used 256K [0x000000076b800000, 0x00000007bf480000, 0x00000007c0000000)
  eden space 949760K, 0% used [0x000000076b800000,0x000000076b800000,0x00000007a5780000)
  from space 11776K, 2% used [0x00000007bdd80000,0x00000007bddc0000,0x00000007be900000)
  to   space 11264K, 0% used [0x00000007be980000,0x00000007be980000,0x00000007bf480000)
 ParOldGen       total 173568K, used 31073K [0x00000006c2800000, 0x00000006cd180000, 0x000000076b800000)
  object space 173568K, 17% used [0x00000006c2800000,0x00000006c4658688,0x00000006cd180000)
 Metaspace       used 8386K, capacity 8774K, committed 8960K, reserved 1056768K
  class space    used 661K, capacity 690K, committed 768K, reserved 1048576K
}
Event: 6.235 GC heap before
{Heap before GC invocations=18 (full 0):
 PSYoungGen      total 961536K, used 950016K [0x000000076b800000, 0x00000007bf480000, 0x00000007c0000000)
  eden space 949760K, 100% used [0x000000076b800000,0x00000007a5780000,0x00000007a5780000)
  from space 11776K, 2% used [0x00000007bdd80000,0x00000007bddc0000,0x00000007be900000)
  to   space 11264K, 0% used [0x00000007be980000,0x00000007be980000,0x00000007bf480000)
 ParOldGen       total 173568K, used 31073K [0x00000006c2800000, 0x00000006cd180000, 0x000000076b800000)
  object space 173568K, 17% used [0x00000006c2800000,0x00000006c4658688,0x00000006cd180000)
 Metaspace       used 8391K, capacity 8774K, committed 8960K, reserved 1056768K
  class space    used 661K, capacity 690K, committed 768K, reserved 1048576K
Event: 6.236 GC heap after
Heap after GC invocations=18 (full 0):
 PSYoungGen      total 906240K, used 256K [0x000000076b800000, 0x00000007bea00000, 0x00000007c0000000)
  eden space 905728K, 0% used [0x000000076b800000,0x000000076b800000,0x00000007a2c80000)
  from space 512K, 50% used [0x00000007be980000,0x00000007be9c0000,0x00000007bea00000)
  to   space 10240K, 0% used [0x00000007bd600000,0x00000007bd600000,0x00000007be000000)
 ParOldGen       total 173568K, used 31073K [0x00000006c2800000, 0x00000006cd180000, 0x000000076b800000)
  object space 173568K, 17% used [0x00000006c2800000,0x00000006c4658688,0x00000006cd180000)
 Metaspace       used 8391K, capacity 8774K, committed 8960K, reserved 1056768K
  class space    used 661K, capacity 690K, committed 768K, reserved 1048576K
}
Event: 6.951 GC heap before
{Heap before GC invocations=19 (full 0):
 PSYoungGen      total 906240K, used 905984K [0x000000076b800000, 0x00000007bea00000, 0x00000007c0000000)
  eden space 905728K, 100% used [0x000000076b800000,0x00000007a2c80000,0x00000007a2c80000)
  from space 512K, 50% used [0x00000007be980000,0x00000007be9c0000,0x00000007bea00000)
  to   space 10240K, 0% used [0x00000007bd600000,0x00000007bd600000,0x00000007be000000)
 ParOldGen       total 173568K, used 31073K [0x00000006c2800000, 0x00000006cd180000, 0x000000076b800000)
  object space 173568K, 17% used [0x00000006c2800000,0x00000006c4658688,0x00000006cd180000)
 Metaspace       used 8391K, capacity 8774K, committed 8960K, reserved 1056768K
  class space    used 661K, capacity 690K, committed 768K, reserved 1048576K
Event: 6.952 GC heap after
Heap after GC invocations=19 (full 0):
 PSYoungGen      total 873984K, used 256K [0x000000076b800000, 0x00000007bea00000, 0x00000007c0000000)
  eden space 863744K, 0% used [0x000000076b800000,0x000000076b800000,0x00000007a0380000)
  from space 10240K, 2% used [0x00000007bd600000,0x00000007bd640000,0x00000007be000000)
  to   space 9728K, 0% used [0x00000007be080000,0x00000007be080000,0x00000007bea00000)
 ParOldGen       total 173568K, used 31073K [0x00000006c2800000, 0x00000006cd180000, 0x000000076b800000)
  object space 173568K, 17% used [0x00000006c2800000,0x00000006c4658688,0x00000006cd180000)
 Metaspace       used 8391K, capacity 8774K, committed 8960K, reserved 1056768K
  class space    used 661K, capacity 690K, committed 768K, reserved 1048576K
}
Event: 7.646 GC heap before
{Heap before GC invocations=20 (full 0):
 PSYoungGen      total 873984K, used 864000K [0x000000076b800000, 0x00000007bea00000, 0x00000007c0000000)
  eden space 863744K, 100% used [0x000000076b800000,0x00000007a0380000,0x00000007a0380000)
  from space 10240K, 2% used [0x00000007bd600000,0x00000007bd640000,0x00000007be000000)
  to   space 9728K, 0% used [0x00000007be080000,0x00000007be080000,0x00000007bea00000)
 ParOldGen       total 173568K, used 31073K [0x00000006c2800000, 0x00000006cd180000, 0x000000076b800000)
  object space 173568K, 17% used [0x00000006c2800000,0x00000006c4658688,0x00000006cd180000)
 Metaspace       used 8391K, capacity 8774K, committed 8960K, reserved 1056768K
  class space    used 661K, capacity 690K, committed 768K, reserved 1048576K
Event: 7.647 GC heap after
Heap after GC invocations=20 (full 0):
 PSYoungGen      total 824320K, used 256K [0x000000076b800000, 0x00000007be100000, 0x00000007c0000000)
  eden space 823808K, 0% used [0x000000076b800000,0x000000076b800000,0x000000079dc80000)
  from space 512K, 50% used [0x00000007be080000,0x00000007be0c0000,0x00000007be100000)
  to   space 9216K, 0% used [0x00000007bcf00000,0x00000007bcf00000,0x00000007bd800000)
 ParOldGen       total 173568K, used 31097K [0x00000006c2800000, 0x00000006cd180000, 0x000000076b800000)
  object space 173568K, 17% used [0x00000006c2800000,0x00000006c465e688,0x00000006cd180000)
 Metaspace       used 8391K, capacity 8774K, committed 8960K, reserved 1056768K
  class space    used 661K, capacity 690K, committed 768K, reserved 1048576K
}

