# JRE version: Java(TM) SE Runtime Environment (8.0_65-b17) (build 1.8.0_65-b17)
# Java VM: Java HotSpot(TM) 64-Bit Server VM (25.65-b01 mixed mode windows-amd64 compressed oops)
Heap:
 PSYoungGen      total 955904K, used 469652K [0x000000076b800000, 0x00000007bd900000, 0x00000007c0000000)
  eden space 944128K, 49% used [0x000000076b800000,0x0000000788275198,0x00000007a5200000)
  from space 11776K, 1% used [0x00000007a5200000,0x00000007a5230000,0x00000007a5d80000)
  to   space 11264K, 0% used [0x00000007bce00000,0x00000007bce00000,0x00000007bd900000)
 ParOldGen       total 173568K, used 31004K [0x00000006c2800000, 0x00000006cd180000, 0x000000076b800000)
  object space 173568K, 17% used [0x00000006c2800000,0x00000006c46473c0,0x00000006cd180000)
 Metaspace       used 8386K, capacity 8774K, committed 8960K, reserved 1056768K
  class space    used 661K, capacity 690K, committed 768K, reserved 1048576K
GC Heap History (10 events):
Event: 2.185 GC heap before
{Heap before GC invocations=13 (full 0):
 PSYoungGen      total 375808K, used 375785K [0x000000076b800000, 0x0000000784000000, 0x00000007c0000000)
  eden space 368640K, 100% used [0x000000076b800000,0x0000000782000000,0x0000000782000000)
  from space 7168K, 99% used [0x0000000782d00000,0x00000007833fa7a8,0x0000000783400000)
  to   space 13312K, 0% used [0x0000000782000000,0x0000000782000000,0x0000000782d00000)
 ParOldGen       total 173568K, used 26980K [0x00000006c2800000, 0x00000006cd180000, 0x000000076b800000)
  object space 173568K, 15% used [0x00000006c2800000,0x00000006c42593c0,0x00000006cd180000)
 Metaspace       used 8325K, capacity 8710K, committed 8960K, reserved 1056768K
  class space    used 661K, capacity 690K, committed 768K, reserved 1048576K
Event: 2.191 GC heap after
Heap after GC invocations=13 (full 0):
 PSYoungGen      total 381952K, used 192K [0x000000076b800000, 0x0000000791100000, 0x00000007c0000000)
  eden space 368640K, 0% used [0x000000076b800000,0x000000076b800000,0x0000000782000000)
  from space 13312K, 1% used [0x0000000782000000,0x0000000782030000,0x0000000782d00000)
  to   space 12800K, 0% used [0x0000000790480000,0x0000000790480000,0x0000000791100000)
 ParOldGen       total 173568K, used 30908K [0x00000006c2800000, 0x00000006cd180000, 0x000000076b800000)
  object space 173568K, 17% used [0x00000006c2800000,0x00000006c462f3c0,0x00000006cd180000)
 Metaspace       used 8325K, capacity 8710K, committed 8960K, reserved 1056768K
  class space    used 661K, capacity 690K, committed 768K, reserved 1048576K
}
Event: 2.502 GC heap before
{Heap before GC invocations=14 (full 0):
 PSYoungGen      total 381952K, used 368832K [0x000000076b800000, 0x0000000791100000, 0x00000007c0000000)
  eden space 368640K, 100% used [0x000000076b800000,0x0000000782000000,0x0000000782000000)
  from space 13312K, 1% used [0x0000000782000000,0x0000000782030000,0x0000000782d00000)
  to   space 12800K, 0% used [0x0000000790480000,0x0000000790480000,0x0000000791100000)
 ParOldGen       total 173568K, used 30908K [0x00000006c2800000, 0x00000006cd180000, 0x000000076b800000)
  object space 173568K, 17% used [0x00000006c2800000,0x00000006c462f3c0,0x00000006cd180000)
 Metaspace       used 8354K, capacity 8774K, committed 8960K, reserved 1056768K
  class space    used 661K, capacity 690K, committed 768K, reserved 1048576K
Event: 2.503 GC heap after
Heap after GC invocations=14 (full 0):
 PSYoungGen      total 602624K, used 160K [0x000000076b800000, 0x0000000791100000, 0x00000007c0000000)
  eden space 589824K, 0% used [0x000000076b800000,0x000000076b800000,0x000000078f800000)
  from space 12800K, 1% used [0x0000000790480000,0x00000007904a8000,0x0000000791100000)
  to   space 12800K, 0% used [0x000000078f800000,0x000000078f800000,0x0000000790480000)
 ParOldGen       total 173568K, used 30956K [0x00000006c2800000, 0x00000006cd180000, 0x000000076b800000)
  object space 173568K, 17% used [0x00000006c2800000,0x00000006c463b3c0,0x00000006cd180000)
 Metaspace       used 8354K, capacity 8774K, committed 8960K, reserved 1056768K
  class space    used 661K, capacity 690K, committed 768K, reserved 1048576K
}
Event: 2.966 GC heap before
{Heap before GC invocations=15 (full 0):
 PSYoungGen      total 602624K, used 589984K [0x000000076b800000, 0x0000000791100000, 0x00000007c0000000)
  eden space 589824K, 100% used [0x000000076b800000,0x000000078f800000,0x000000078f800000)
  from space 12800K, 1% used [0x0000000790480000,0x00000007904a8000,0x0000000791100000)
  to   space 12800K, 0% used [0x000000078f800000,0x000000078f800000,0x0000000790480000)
 ParOldGen       total 173568K, used 30956K [0x00000006c2800000, 0x00000006cd180000, 0x000000076b800000)
  object space 173568K, 17% used [0x00000006c2800000,0x00000006c463b3c0,0x00000006cd180000)
 Metaspace       used 8367K, capacity 8774K, committed 8960K, reserved 1056768K
  class space    used 661K, capacity 690K, committed 768K, reserved 1048576K
Event: 2.967 GC heap after
Heap after GC invocations=15 (full 0):
 PSYoungGen      total 602624K, used 224K [0x000000076b800000, 0x00000007a6a00000, 0x00000007c0000000)
  eden space 589824K, 0% used [0x000000076b800000,0x000000076b800000,0x000000078f800000)
  from space 12800K, 1% used [0x000000078f800000,0x000000078f838000,0x0000000790480000)
  to   space 12288K, 0% used [0x00000007a5e00000,0x00000007a5e00000,0x00000007a6a00000)
 ParOldGen       total 173568K, used 30988K [0x00000006c2800000, 0x00000006cd180000, 0x000000076b800000)
  object space 173568K, 17% used [0x00000006c2800000,0x00000006c46433c0,0x00000006cd180000)
 Metaspace       used 8367K, capacity 8774K, committed 8960K, reserved 1056768K
  class space    used 661K, capacity 690K, committed 768K, reserved 1048576K
}
Event: 3.404 GC heap before
{Heap before GC invocations=16 (full 0):
 PSYoungGen      total 602624K, used 590048K [0x000000076b800000, 0x00000007a6a00000, 0x00000007c0000000)
  eden space 589824K, 100% used [0x000000076b800000,0x000000078f800000,0x000000078f800000)
  from space 12800K, 1% used [0x000000078f800000,0x000000078f838000,0x0000000790480000)
  to   space 12288K, 0% used [0x00000007a5e00000,0x00000007a5e00000,0x00000007a6a00000)
 ParOldGen       total 173568K, used 30988K [0x00000006c2800000, 0x00000006cd180000, 0x000000076b800000)
  object space 173568K, 17% used [0x00000006c2800000,0x00000006c46433c0,0x00000006cd180000)
 Metaspace       used 8373K, capacity 8774K, committed 8960K, reserved 1056768K
  class space    used 661K, capacity 690K, committed 768K, reserved 1048576K
Event: 3.404 GC heap after
Heap after GC invocations=16 (full 0):
 PSYoungGen      total 955392K, used 160K [0x000000076b800000, 0x00000007a6900000, 0x00000007c0000000)
  eden space 944128K, 0% used [0x000000076b800000,0x000000076b800000,0x00000007a5200000)
  from space 11264K, 1% used [0x00000007a5e00000,0x00000007a5e28000,0x00000007a6900000)
  to   space 11776K, 0% used [0x00000007a5200000,0x00000007a5200000,0x00000007a5d80000)
 ParOldGen       total 173568K, used 30988K [0x00000006c2800000, 0x00000006cd180000, 0x000000076b800000)
  object space 173568K, 17% used [0x00000006c2800000,0x00000006c46433c0,0x00000006cd180000)
 Metaspace       used 8373K, capacity 8774K, committed 8960K, reserved 1056768K
  class space    used 661K, capacity 690K, committed 768K, reserved 1048576K
}
Event: 4.240 GC heap before
{Heap before GC invocations=17 (full 0):
 PSYoungGen      total 955392K, used 944288K [0x000000076b800000, 0x00000007a6900000, 0x00000007c0000000)
  eden space 944128K, 100% used [0x000000076b800000,0x00000007a5200000,0x00000007a5200000)
  from space 11264K, 1% used [0x00000007a5e00000,0x00000007a5e28000,0x00000007a6900000)
  to   space 11776K, 0% used [0x00000007a5200000,0x00000007a5200000,0x00000007a5d80000)
 ParOldGen       total 173568K, used 30988K [0x00000006c2800000, 0x00000006cd180000, 0x000000076b800000)
  object space 173568K, 17% used [0x00000006c2800000,0x00000006c46433c0,0x00000006cd180000)
 Metaspace       used 8385K, capacity 8774K, committed 8960K, reserved 1056768K
  class space    used 661K, capacity 690K, committed 768K, reserved 1048576K
Event: 4.241 GC heap after
Heap after GC invocations=17 (full 0):
 PSYoungGen      total 955904K, used 192K [0x000000076b800000, 0x00000007bd900000, 0x00000007c0000000)
  eden space 944128K, 0% used [0x000000076b800000,0x000000076b800000,0x00000007a5200000)
  from space 11776K, 1% used [0x00000007a5200000,0x00000007a5230000,0x00000007a5d80000)
  to   space 11264K, 0% used [0x00000007bce00000,0x00000007bce00000,0x00000007bd900000)
 ParOldGen       total 173568K, used 31004K [0x00000006c2800000, 0x00000006cd180000, 0x000000076b800000)
  object space 173568K, 17% used [0x00000006c2800000,0x00000006c46473c0,0x00000006cd180000)
 Metaspace       used 8385K, capacity 8774K, committed 8960K, reserved 1056768K
  class space    used 661K, capacity 690K, committed 768K, reserved 1048576K
}

