# JRE version: Java(TM) SE Runtime Environment (8.0_65-b17) (build 1.8.0_65-b17)
# Java VM: Java HotSpot(TM) 64-Bit Server VM (25.65-b01 mixed mode windows-amd64 compressed oops)
Heap:
 PSYoungGen      total 338944K, used 209095K [0x000000076b800000, 0x00000007aa280000, 0x00000007c0000000)
  eden space 337408K, 61% used [0x000000076b800000,0x0000000778401e78,0x0000000780180000)
  from space 1536K, 12% used [0x00000007a9f80000,0x00000007a9fb0000,0x00000007aa100000)
  to   space 1536K, 0% used [0x00000007aa100000,0x00000007aa100000,0x00000007aa280000)
 ParOldGen       total 173568K, used 12149K [0x00000006c2800000, 0x00000006cd180000, 0x000000076b800000)
  object space 173568K, 7% used [0x00000006c2800000,0x00000006c33dd7d0,0x00000006cd180000)
 Metaspace       used 8329K, capacity 8710K, committed 8960K, reserved 1056768K
  class space    used 660K, capacity 690K, committed 768K, reserved 1048576K
GC Heap History (10 events):
Event: 14.636 GC heap before
{Heap before GC invocations=35 (full 0):
 PSYoungGen      total 418816K, used 418496K [0x000000076b800000, 0x00000007aa500000, 0x00000007c0000000)
  eden space 418304K, 100% used [0x000000076b800000,0x0000000785080000,0x0000000785080000)
  from space 512K, 37% used [0x00000007aa480000,0x00000007aa4b0000,0x00000007aa500000)
  to   space 2048K, 0% used [0x00000007aa100000,0x00000007aa100000,0x00000007aa300000)
 ParOldGen       total 173568K, used 12149K [0x00000006c2800000, 0x00000006cd180000, 0x000000076b800000)
  object space 173568K, 7% used [0x00000006c2800000,0x00000006c33dd7d0,0x00000006cd180000)
 Metaspace       used 8329K, capacity 8710K, committed 8960K, reserved 1056768K
  class space    used 660K, capacity 690K, committed 768K, reserved 1048576K
Event: 14.637 GC heap after
Heap after GC invocations=35 (full 0):
 PSYoungGen      total 402432K, used 224K [0x000000076b800000, 0x00000007aa500000, 0x00000007c0000000)
  eden space 400384K, 0% used [0x000000076b800000,0x000000076b800000,0x0000000783f00000)
  from space 2048K, 10% used [0x00000007aa100000,0x00000007aa138000,0x00000007aa300000)
  to   space 2048K, 0% used [0x00000007aa300000,0x00000007aa300000,0x00000007aa500000)
 ParOldGen       total 173568K, used 12149K [0x00000006c2800000, 0x00000006cd180000, 0x000000076b800000)
  object space 173568K, 7% used [0x00000006c2800000,0x00000006c33dd7d0,0x00000006cd180000)
 Metaspace       used 8329K, capacity 8710K, committed 8960K, reserved 1056768K
  class space    used 660K, capacity 690K, committed 768K, reserved 1048576K
}
Event: 14.964 GC heap before
{Heap before GC invocations=36 (full 0):
 PSYoungGen      total 402432K, used 400608K [0x000000076b800000, 0x00000007aa500000, 0x00000007c0000000)
  eden space 400384K, 100% used [0x000000076b800000,0x0000000783f00000,0x0000000783f00000)
  from space 2048K, 10% used [0x00000007aa100000,0x00000007aa138000,0x00000007aa300000)
  to   space 2048K, 0% used [0x00000007aa300000,0x00000007aa300000,0x00000007aa500000)
 ParOldGen       total 173568K, used 12149K [0x00000006c2800000, 0x00000006cd180000, 0x000000076b800000)
  object space 173568K, 7% used [0x00000006c2800000,0x00000006c33dd7d0,0x00000006cd180000)
 Metaspace       used 8329K, capacity 8710K, committed 8960K, reserved 1056768K
  class space    used 660K, capacity 690K, committed 768K, reserved 1048576K
Event: 14.965 GC heap after
Heap after GC invocations=36 (full 0):
 PSYoungGen      total 384000K, used 192K [0x000000076b800000, 0x00000007aa380000, 0x00000007c0000000)
  eden space 383488K, 0% used [0x000000076b800000,0x000000076b800000,0x0000000782e80000)
  from space 512K, 37% used [0x00000007aa300000,0x00000007aa330000,0x00000007aa380000)
  to   space 2048K, 0% used [0x00000007a9f80000,0x00000007a9f80000,0x00000007aa180000)
 ParOldGen       total 173568K, used 12149K [0x00000006c2800000, 0x00000006cd180000, 0x000000076b800000)
  object space 173568K, 7% used [0x00000006c2800000,0x00000006c33dd7d0,0x00000006cd180000)
 Metaspace       used 8329K, capacity 8710K, committed 8960K, reserved 1056768K
  class space    used 660K, capacity 690K, committed 768K, reserved 1048576K
}
Event: 15.376 GC heap before
{Heap before GC invocations=37 (full 0):
 PSYoungGen      total 384000K, used 383680K [0x000000076b800000, 0x00000007aa380000, 0x00000007c0000000)
  eden space 383488K, 100% used [0x000000076b800000,0x0000000782e80000,0x0000000782e80000)
  from space 512K, 37% used [0x00000007aa300000,0x00000007aa330000,0x00000007aa380000)
  to   space 2048K, 0% used [0x00000007a9f80000,0x00000007a9f80000,0x00000007aa180000)
 ParOldGen       total 173568K, used 12149K [0x00000006c2800000, 0x00000006cd180000, 0x000000076b800000)
  object space 173568K, 7% used [0x00000006c2800000,0x00000006c33dd7d0,0x00000006cd180000)
 Metaspace       used 8329K, capacity 8710K, committed 8960K, reserved 1056768K
  class space    used 660K, capacity 690K, committed 768K, reserved 1048576K
Event: 15.377 GC heap after
Heap after GC invocations=37 (full 0):
 PSYoungGen      total 369152K, used 224K [0x000000076b800000, 0x00000007aa380000, 0x00000007c0000000)
  eden space 367104K, 0% used [0x000000076b800000,0x000000076b800000,0x0000000781e80000)
  from space 2048K, 10% used [0x00000007a9f80000,0x00000007a9fb8000,0x00000007aa180000)
  to   space 1536K, 0% used [0x00000007aa200000,0x00000007aa200000,0x00000007aa380000)
 ParOldGen       total 173568K, used 12149K [0x00000006c2800000, 0x00000006cd180000, 0x000000076b800000)
  object space 173568K, 7% used [0x00000006c2800000,0x00000006c33dd7d0,0x00000006cd180000)
 Metaspace       used 8329K, capacity 8710K, committed 8960K, reserved 1056768K
  class space    used 660K, capacity 690K, committed 768K, reserved 1048576K
}
Event: 15.781 GC heap before
{Heap before GC invocations=38 (full 0):
 PSYoungGen      total 369152K, used 367328K [0x000000076b800000, 0x00000007aa380000, 0x00000007c0000000)
  eden space 367104K, 100% used [0x000000076b800000,0x0000000781e80000,0x0000000781e80000)
  from space 2048K, 10% used [0x00000007a9f80000,0x00000007a9fb8000,0x00000007aa180000)
  to   space 1536K, 0% used [0x00000007aa200000,0x00000007aa200000,0x00000007aa380000)
 ParOldGen       total 173568K, used 12149K [0x00000006c2800000, 0x00000006cd180000, 0x000000076b800000)
  object space 173568K, 7% used [0x00000006c2800000,0x00000006c33dd7d0,0x00000006cd180000)
 Metaspace       used 8329K, capacity 8710K, committed 8960K, reserved 1056768K
  class space    used 660K, capacity 690K, committed 768K, reserved 1048576K
Event: 15.781 GC heap after
Heap after GC invocations=38 (full 0):
 PSYoungGen      total 352256K, used 224K [0x000000076b800000, 0x00000007aa280000, 0x00000007c0000000)
  eden space 351744K, 0% used [0x000000076b800000,0x000000076b800000,0x0000000780f80000)
  from space 512K, 43% used [0x00000007aa200000,0x00000007aa238000,0x00000007aa280000)
  to   space 1536K, 0% used [0x00000007a9f80000,0x00000007a9f80000,0x00000007aa100000)
 ParOldGen       total 173568K, used 12149K [0x00000006c2800000, 0x00000006cd180000, 0x000000076b800000)
  object space 173568K, 7% used [0x00000006c2800000,0x00000006c33dd7d0,0x00000006cd180000)
 Metaspace       used 8329K, capacity 8710K, committed 8960K, reserved 1056768K
  class space    used 660K, capacity 690K, committed 768K, reserved 1048576K
}
Event: 16.113 GC heap before
{Heap before GC invocations=39 (full 0):
 PSYoungGen      total 352256K, used 351968K [0x000000076b800000, 0x00000007aa280000, 0x00000007c0000000)
  eden space 351744K, 100% used [0x000000076b800000,0x0000000780f80000,0x0000000780f80000)
  from space 512K, 43% used [0x00000007aa200000,0x00000007aa238000,0x00000007aa280000)
  to   space 1536K, 0% used [0x00000007a9f80000,0x00000007a9f80000,0x00000007aa100000)
 ParOldGen       total 173568K, used 12149K [0x00000006c2800000, 0x00000006cd180000, 0x000000076b800000)
  object space 173568K, 7% used [0x00000006c2800000,0x00000006c33dd7d0,0x00000006cd180000)
 Metaspace       used 8329K, capacity 8710K, committed 8960K, reserved 1056768K
  class space    used 660K, capacity 690K, committed 768K, reserved 1048576K
Event: 16.113 GC heap after
Heap after GC invocations=39 (full 0):
 PSYoungGen      total 338944K, used 192K [0x000000076b800000, 0x00000007aa280000, 0x00000007c0000000)
  eden space 337408K, 0% used [0x000000076b800000,0x000000076b800000,0x0000000780180000)
  from space 1536K, 12% used [0x00000007a9f80000,0x00000007a9fb0000,0x00000007aa100000)
  to   space 1536K, 0% used [0x00000007aa100000,0x00000007aa100000,0x00000007aa280000)
 ParOldGen       total 173568K, used 12149K [0x00000006c2800000, 0x00000006cd180000, 0x000000076b800000)
  object space 173568K, 7% used [0x00000006c2800000,0x00000006c33dd7d0,0x00000006cd180000)
 Metaspace       used 8329K, capacity 8710K, committed 8960K, reserved 1056768K
  class space    used 660K, capacity 690K, committed 768K, reserved 1048576K
}

