# JRE version: Java(TM) SE Runtime Environment (8.0_65-b17) (build 1.8.0_65-b17)
# Java VM: Java HotSpot(TM) 64-Bit Server VM (25.65-b01 mixed mode windows-amd64 compressed oops)
Heap:
 PSYoungGen      total 55296K, used 36581K [0x000000076b800000, 0x0000000777900000, 0x00000007c0000000)
  eden space 54784K, 66% used [0x000000076b800000,0x000000076dbb16e8,0x000000076ed80000)
  from space 512K, 6% used [0x0000000777800000,0x0000000777808000,0x0000000777880000)
  to   space 512K, 0% used [0x0000000777880000,0x0000000777880000,0x0000000777900000)
 ParOldGen       total 173568K, used 1488K [0x00000006c2800000, 0x00000006cd180000, 0x000000076b800000)
  object space 173568K, 0% used [0x00000006c2800000,0x00000006c2974050,0x00000006cd180000)
 Metaspace       used 8085K, capacity 8646K, committed 8960K, reserved 1056768K
  class space    used 646K, capacity 690K, committed 768K, reserved 1048576K
GC Heap History (10 events):
Event: 10.791 GC heap before
{Heap before GC invocations=161 (full 0):
 PSYoungGen      total 49664K, used 49280K [0x000000076b800000, 0x0000000777900000, 0x00000007c0000000)
  eden space 49152K, 100% used [0x000000076b800000,0x000000076e800000,0x000000076e800000)
  from space 512K, 25% used [0x0000000777880000,0x00000007778a0000,0x0000000777900000)
  to   space 512K, 0% used [0x0000000777800000,0x0000000777800000,0x0000000777880000)
 ParOldGen       total 173568K, used 1464K [0x00000006c2800000, 0x00000006cd180000, 0x000000076b800000)
  object space 173568K, 0% used [0x00000006c2800000,0x00000006c296e050,0x00000006cd180000)
 Metaspace       used 8085K, capacity 8646K, committed 8960K, reserved 1056768K
  class space    used 646K, capacity 690K, committed 768K, reserved 1048576K
Event: 10.792 GC heap after
Heap after GC invocations=161 (full 0):
 PSYoungGen      total 48640K, used 160K [0x000000076b800000, 0x0000000777900000, 0x00000007c0000000)
  eden space 48128K, 0% used [0x000000076b800000,0x000000076b800000,0x000000076e700000)
  from space 512K, 31% used [0x0000000777800000,0x0000000777828000,0x0000000777880000)
  to   space 512K, 0% used [0x0000000777880000,0x0000000777880000,0x0000000777900000)
 ParOldGen       total 173568K, used 1464K [0x00000006c2800000, 0x00000006cd180000, 0x000000076b800000)
  object space 173568K, 0% used [0x00000006c2800000,0x00000006c296e050,0x00000006cd180000)
 Metaspace       used 8085K, capacity 8646K, committed 8960K, reserved 1056768K
  class space    used 646K, capacity 690K, committed 768K, reserved 1048576K
}
Event: 10.833 GC heap before
{Heap before GC invocations=162 (full 0):
 PSYoungGen      total 48640K, used 48288K [0x000000076b800000, 0x0000000777900000, 0x00000007c0000000)
  eden space 48128K, 100% used [0x000000076b800000,0x000000076e700000,0x000000076e700000)
  from space 512K, 31% used [0x0000000777800000,0x0000000777828000,0x0000000777880000)
  to   space 512K, 0% used [0x0000000777880000,0x0000000777880000,0x0000000777900000)
 ParOldGen       total 173568K, used 1464K [0x00000006c2800000, 0x00000006cd180000, 0x000000076b800000)
  object space 173568K, 0% used [0x00000006c2800000,0x00000006c296e050,0x00000006cd180000)
 Metaspace       used 8085K, capacity 8646K, committed 8960K, reserved 1056768K
  class space    used 646K, capacity 690K, committed 768K, reserved 1048576K
Event: 10.834 GC heap after
Heap after GC invocations=162 (full 0):
 PSYoungGen      total 58368K, used 160K [0x000000076b800000, 0x0000000777900000, 0x00000007c0000000)
  eden space 57856K, 0% used [0x000000076b800000,0x000000076b800000,0x000000076f080000)
  from space 512K, 31% used [0x0000000777880000,0x00000007778a8000,0x0000000777900000)
  to   space 512K, 0% used [0x0000000777800000,0x0000000777800000,0x0000000777880000)
 ParOldGen       total 173568K, used 1464K [0x00000006c2800000, 0x00000006cd180000, 0x000000076b800000)
  object space 173568K, 0% used [0x00000006c2800000,0x00000006c296e050,0x00000006cd180000)
 Metaspace       used 8085K, capacity 8646K, committed 8960K, reserved 1056768K
  class space    used 646K, capacity 690K, committed 768K, reserved 1048576K
}
Event: 10.901 GC heap before
{Heap before GC invocations=163 (full 0):
 PSYoungGen      total 58368K, used 58016K [0x000000076b800000, 0x0000000777900000, 0x00000007c0000000)
  eden space 57856K, 100% used [0x000000076b800000,0x000000076f080000,0x000000076f080000)
  from space 512K, 31% used [0x0000000777880000,0x00000007778a8000,0x0000000777900000)
  to   space 512K, 0% used [0x0000000777800000,0x0000000777800000,0x0000000777880000)
 ParOldGen       total 173568K, used 1464K [0x00000006c2800000, 0x00000006cd180000, 0x000000076b800000)
  object space 173568K, 0% used [0x00000006c2800000,0x00000006c296e050,0x00000006cd180000)
 Metaspace       used 8085K, capacity 8646K, committed 8960K, reserved 1056768K
  class space    used 646K, capacity 690K, committed 768K, reserved 1048576K
Event: 10.901 GC heap after
Heap after GC invocations=163 (full 0):
 PSYoungGen      total 57344K, used 128K [0x000000076b800000, 0x0000000777900000, 0x00000007c0000000)
  eden space 56832K, 0% used [0x000000076b800000,0x000000076b800000,0x000000076ef80000)
  from space 512K, 25% used [0x0000000777800000,0x0000000777820000,0x0000000777880000)
  to   space 512K, 0% used [0x0000000777880000,0x0000000777880000,0x0000000777900000)
 ParOldGen       total 173568K, used 1464K [0x00000006c2800000, 0x00000006cd180000, 0x000000076b800000)
  object space 173568K, 0% used [0x00000006c2800000,0x00000006c296e050,0x00000006cd180000)
 Metaspace       used 8085K, capacity 8646K, committed 8960K, reserved 1056768K
  class space    used 646K, capacity 690K, committed 768K, reserved 1048576K
}
Event: 10.969 GC heap before
{Heap before GC invocations=164 (full 0):
 PSYoungGen      total 57344K, used 56960K [0x000000076b800000, 0x0000000777900000, 0x00000007c0000000)
  eden space 56832K, 100% used [0x000000076b800000,0x000000076ef80000,0x000000076ef80000)
  from space 512K, 25% used [0x0000000777800000,0x0000000777820000,0x0000000777880000)
  to   space 512K, 0% used [0x0000000777880000,0x0000000777880000,0x0000000777900000)
 ParOldGen       total 173568K, used 1464K [0x00000006c2800000, 0x00000006cd180000, 0x000000076b800000)
  object space 173568K, 0% used [0x00000006c2800000,0x00000006c296e050,0x00000006cd180000)
 Metaspace       used 8085K, capacity 8646K, committed 8960K, reserved 1056768K
  class space    used 646K, capacity 690K, committed 768K, reserved 1048576K
Event: 10.970 GC heap after
Heap after GC invocations=164 (full 0):
 PSYoungGen      total 56320K, used 160K [0x000000076b800000, 0x0000000777900000, 0x00000007c0000000)
  eden space 55808K, 0% used [0x000000076b800000,0x000000076b800000,0x000000076ee80000)
  from space 512K, 31% used [0x0000000777880000,0x00000007778a8000,0x0000000777900000)
  to   space 512K, 0% used [0x0000000777800000,0x0000000777800000,0x0000000777880000)
 ParOldGen       total 173568K, used 1464K [0x00000006c2800000, 0x00000006cd180000, 0x000000076b800000)
  object space 173568K, 0% used [0x00000006c2800000,0x00000006c296e050,0x00000006cd180000)
 Metaspace       used 8085K, capacity 8646K, committed 8960K, reserved 1056768K
  class space    used 646K, capacity 690K, committed 768K, reserved 1048576K
}
Event: 11.019 GC heap before
{Heap before GC invocations=165 (full 0):
 PSYoungGen      total 56320K, used 55968K [0x000000076b800000, 0x0000000777900000, 0x00000007c0000000)
  eden space 55808K, 100% used [0x000000076b800000,0x000000076ee80000,0x000000076ee80000)
  from space 512K, 31% used [0x0000000777880000,0x00000007778a8000,0x0000000777900000)
  to   space 512K, 0% used [0x0000000777800000,0x0000000777800000,0x0000000777880000)
 ParOldGen       total 173568K, used 1464K [0x00000006c2800000, 0x00000006cd180000, 0x000000076b800000)
  object space 173568K, 0% used [0x00000006c2800000,0x00000006c296e050,0x00000006cd180000)
 Metaspace       used 8085K, capacity 8646K, committed 8960K, reserved 1056768K
  class space    used 646K, capacity 690K, committed 768K, reserved 1048576K
Event: 11.019 GC heap after
Heap after GC invocations=165 (full 0):
 PSYoungGen      total 55296K, used 32K [0x000000076b800000, 0x0000000777900000, 0x00000007c0000000)
  eden space 54784K, 0% used [0x000000076b800000,0x000000076b800000,0x000000076ed80000)
  from space 512K, 6% used [0x0000000777800000,0x0000000777808000,0x0000000777880000)
  to   space 512K, 0% used [0x0000000777880000,0x0000000777880000,0x0000000777900000)
 ParOldGen       total 173568K, used 1488K [0x00000006c2800000, 0x00000006cd180000, 0x000000076b800000)
  object space 173568K, 0% used [0x00000006c2800000,0x00000006c2974050,0x00000006cd180000)
 Metaspace       used 8085K, capacity 8646K, committed 8960K, reserved 1056768K
  class space    used 646K, capacity 690K, committed 768K, reserved 1048576K
}

