# JRE version: Java(TM) SE Runtime Environment (8.0_65-b17) (build 1.8.0_65-b17)
# Java VM: Java HotSpot(TM) 64-Bit Server VM (25.65-b01 mixed mode windows-amd64 compressed oops)
Heap:
 PSYoungGen      total 1249280K, used 1169350K [0x000000076b800000, 0x00000007bc280000, 0x00000007c0000000)
  eden space 1248768K, 93% used [0x000000076b800000,0x00000007b2dc1930,0x00000007b7b80000)
  from space 512K, 37% used [0x00000007bb800000,0x00000007bb830000,0x00000007bb880000)
  to   space 9728K, 0% used [0x00000007bb900000,0x00000007bb900000,0x00000007bc280000)
 ParOldGen       total 173568K, used 17793K [0x00000006c2800000, 0x00000006cd180000, 0x000000076b800000)
  object space 173568K, 10% used [0x00000006c2800000,0x00000006c3960488,0x00000006cd180000)
 Metaspace       used 8348K, capacity 8710K, committed 8960K, reserved 1056768K
  class space    used 660K, capacity 690K, committed 768K, reserved 1048576K
GC Heap History (10 events):
Event: 1.476 GC heap before
{Heap before GC invocations=9 (full 0):
 PSYoungGen      total 515584K, used 515557K [0x000000076b800000, 0x000000078c800000, 0x00000007c0000000)
  eden space 512000K, 100% used [0x000000076b800000,0x000000078ac00000,0x000000078ac00000)
  from space 3584K, 99% used [0x000000078b680000,0x000000078b9f9460,0x000000078ba00000)
  to   space 10752K, 0% used [0x000000078ac00000,0x000000078ac00000,0x000000078b680000)
 ParOldGen       total 173568K, used 16565K [0x00000006c2800000, 0x00000006cd180000, 0x000000076b800000)
  object space 173568K, 9% used [0x00000006c2800000,0x00000006c382d478,0x00000006cd180000)
 Metaspace       used 8294K, capacity 8710K, committed 8960K, reserved 1056768K
  class space    used 660K, capacity 690K, committed 768K, reserved 1048576K
Event: 1.479 GC heap after
Heap after GC invocations=9 (full 0):
 PSYoungGen      total 522752K, used 800K [0x000000076b800000, 0x000000079ed00000, 0x00000007c0000000)
  eden space 512000K, 0% used [0x000000076b800000,0x000000076b800000,0x000000078ac00000)
  from space 10752K, 7% used [0x000000078ac00000,0x000000078acc8000,0x000000078b680000)
  to   space 10752K, 0% used [0x000000079e280000,0x000000079e280000,0x000000079ed00000)
 ParOldGen       total 173568K, used 16965K [0x00000006c2800000, 0x00000006cd180000, 0x000000076b800000)
  object space 173568K, 9% used [0x00000006c2800000,0x00000006c3891478,0x00000006cd180000)
 Metaspace       used 8294K, capacity 8710K, committed 8960K, reserved 1056768K
  class space    used 660K, capacity 690K, committed 768K, reserved 1048576K
}
Event: 1.691 GC heap before
{Heap before GC invocations=10 (full 0):
 PSYoungGen      total 522752K, used 512800K [0x000000076b800000, 0x000000079ed00000, 0x00000007c0000000)
  eden space 512000K, 100% used [0x000000076b800000,0x000000078ac00000,0x000000078ac00000)
  from space 10752K, 7% used [0x000000078ac00000,0x000000078acc8000,0x000000078b680000)
  to   space 10752K, 0% used [0x000000079e280000,0x000000079e280000,0x000000079ed00000)
 ParOldGen       total 173568K, used 16965K [0x00000006c2800000, 0x00000006cd180000, 0x000000076b800000)
  object space 173568K, 9% used [0x00000006c2800000,0x00000006c3891478,0x00000006cd180000)
 Metaspace       used 8300K, capacity 8710K, committed 8960K, reserved 1056768K
  class space    used 660K, capacity 690K, committed 768K, reserved 1048576K
Event: 1.694 GC heap after
Heap after GC invocations=10 (full 0):
 PSYoungGen      total 828928K, used 256K [0x000000076b800000, 0x000000079ec00000, 0x00000007c0000000)
  eden space 819200K, 0% used [0x000000076b800000,0x000000076b800000,0x000000079d800000)
  from space 9728K, 2% used [0x000000079e280000,0x000000079e2c0000,0x000000079ec00000)
  to   space 10240K, 0% used [0x000000079d800000,0x000000079d800000,0x000000079e200000)
 ParOldGen       total 173568K, used 17713K [0x00000006c2800000, 0x00000006cd180000, 0x000000076b800000)
  object space 173568K, 10% used [0x00000006c2800000,0x00000006c394c488,0x00000006cd180000)
 Metaspace       used 8300K, capacity 8710K, committed 8960K, reserved 1056768K
  class space    used 660K, capacity 690K, committed 768K, reserved 1048576K
}
Event: 2.062 GC heap before
{Heap before GC invocations=11 (full 0):
 PSYoungGen      total 828928K, used 819456K [0x000000076b800000, 0x000000079ec00000, 0x00000007c0000000)
  eden space 819200K, 100% used [0x000000076b800000,0x000000079d800000,0x000000079d800000)
  from space 9728K, 2% used [0x000000079e280000,0x000000079e2c0000,0x000000079ec00000)
  to   space 10240K, 0% used [0x000000079d800000,0x000000079d800000,0x000000079e200000)
 ParOldGen       total 173568K, used 17713K [0x00000006c2800000, 0x00000006cd180000, 0x000000076b800000)
  object space 173568K, 10% used [0x00000006c2800000,0x00000006c394c488,0x00000006cd180000)
 Metaspace       used 8322K, capacity 8710K, committed 8960K, reserved 1056768K
  class space    used 660K, capacity 690K, committed 768K, reserved 1048576K
Event: 2.063 GC heap after
Heap after GC invocations=11 (full 0):
 PSYoungGen      total 829440K, used 224K [0x000000076b800000, 0x00000007bcc00000, 0x00000007c0000000)
  eden space 819200K, 0% used [0x000000076b800000,0x000000076b800000,0x000000079d800000)
  from space 10240K, 2% used [0x000000079d800000,0x000000079d838000,0x000000079e200000)
  to   space 10240K, 0% used [0x00000007bc200000,0x00000007bc200000,0x00000007bcc00000)
 ParOldGen       total 173568K, used 17761K [0x00000006c2800000, 0x00000006cd180000, 0x000000076b800000)
  object space 173568K, 10% used [0x00000006c2800000,0x00000006c3958488,0x00000006cd180000)
 Metaspace       used 8322K, capacity 8710K, committed 8960K, reserved 1056768K
  class space    used 660K, capacity 690K, committed 768K, reserved 1048576K
}
Event: 2.401 GC heap before
{Heap before GC invocations=12 (full 0):
 PSYoungGen      total 829440K, used 819424K [0x000000076b800000, 0x00000007bcc00000, 0x00000007c0000000)
  eden space 819200K, 100% used [0x000000076b800000,0x000000079d800000,0x000000079d800000)
  from space 10240K, 2% used [0x000000079d800000,0x000000079d838000,0x000000079e200000)
  to   space 10240K, 0% used [0x00000007bc200000,0x00000007bc200000,0x00000007bcc00000)
 ParOldGen       total 173568K, used 17761K [0x00000006c2800000, 0x00000006cd180000, 0x000000076b800000)
  object space 173568K, 10% used [0x00000006c2800000,0x00000006c3958488,0x00000006cd180000)
 Metaspace       used 8331K, capacity 8710K, committed 8960K, reserved 1056768K
  class space    used 660K, capacity 690K, committed 768K, reserved 1048576K
Event: 2.402 GC heap after
Heap after GC invocations=12 (full 0):
 PSYoungGen      total 1319936K, used 192K [0x000000076b800000, 0x00000007bcb00000, 0x00000007c0000000)
  eden space 1310720K, 0% used [0x000000076b800000,0x000000076b800000,0x00000007bb800000)
  from space 9216K, 2% used [0x00000007bc200000,0x00000007bc230000,0x00000007bcb00000)
  to   space 9728K, 0% used [0x00000007bb800000,0x00000007bb800000,0x00000007bc180000)
 ParOldGen       total 173568K, used 17793K [0x00000006c2800000, 0x00000006cd180000, 0x000000076b800000)
  object space 173568K, 10% used [0x00000006c2800000,0x00000006c3960488,0x00000006cd180000)
 Metaspace       used 8331K, capacity 8710K, committed 8960K, reserved 1056768K
  class space    used 660K, capacity 690K, committed 768K, reserved 1048576K
}
Event: 2.994 GC heap before
{Heap before GC invocations=13 (full 0):
 PSYoungGen      total 1319936K, used 1310912K [0x000000076b800000, 0x00000007bcb00000, 0x00000007c0000000)
  eden space 1310720K, 100% used [0x000000076b800000,0x00000007bb800000,0x00000007bb800000)
  from space 9216K, 2% used [0x00000007bc200000,0x00000007bc230000,0x00000007bcb00000)
  to   space 9728K, 0% used [0x00000007bb800000,0x00000007bb800000,0x00000007bc180000)
 ParOldGen       total 173568K, used 17793K [0x00000006c2800000, 0x00000006cd180000, 0x000000076b800000)
  object space 173568K, 10% used [0x00000006c2800000,0x00000006c3960488,0x00000006cd180000)
 Metaspace       used 8339K, capacity 8710K, committed 8960K, reserved 1056768K
  class space    used 660K, capacity 690K, committed 768K, reserved 1048576K
Event: 2.994 GC heap after
Heap after GC invocations=13 (full 0):
 PSYoungGen      total 1249280K, used 192K [0x000000076b800000, 0x00000007bc280000, 0x00000007c0000000)
  eden space 1248768K, 0% used [0x000000076b800000,0x000000076b800000,0x00000007b7b80000)
  from space 512K, 37% used [0x00000007bb800000,0x00000007bb830000,0x00000007bb880000)
  to   space 9728K, 0% used [0x00000007bb900000,0x00000007bb900000,0x00000007bc280000)
 ParOldGen       total 173568K, used 17793K [0x00000006c2800000, 0x00000006cd180000, 0x000000076b800000)
  object space 173568K, 10% used [0x00000006c2800000,0x00000006c3960488,0x00000006cd180000)
 Metaspace       used 8339K, capacity 8710K, committed 8960K, reserved 1056768K
  class space    used 660K, capacity 690K, committed 768K, reserved 1048576K
}

