# JRE version: Java(TM) SE Runtime Environment (8.0_65-b17) (build 1.8.0_65-b17)
# Java VM: Java HotSpot(TM) 64-Bit Server VM (25.65-b01 mixed mode windows-amd64 compressed oops)
Heap:
 PSYoungGen      total 972288K, used 443113K [0x000000076b800000, 0x00000007bbf80000, 0x00000007c0000000)
  eden space 958976K, 46% used [0x000000076b800000,0x00000007868826b0,0x00000007a6080000)
  from space 13312K, 1% used [0x00000007ba580000,0x00000007ba5b8000,0x00000007bb280000)
  to   space 12800K, 0% used [0x00000007bb300000,0x00000007bb300000,0x00000007bbf80000)
 ParOldGen       total 173568K, used 18700K [0x00000006c2800000, 0x00000006cd180000, 0x000000076b800000)
  object space 173568K, 10% used [0x00000006c2800000,0x00000006c3a43080,0x00000006cd180000)
 Metaspace       used 8469K, capacity 8678K, committed 8960K, reserved 1056768K
  class space    used 682K, capacity 722K, committed 768K, reserved 1048576K
GC Heap History (10 events):
Event: 12.048 GC heap before
{Heap before GC invocations=17 (full 0):
 PSYoungGen      total 1221120K, used 1220832K [0x000000076b800000, 0x00000007bdc00000, 0x00000007c0000000)
  eden space 1220608K, 100% used [0x000000076b800000,0x00000007b6000000,0x00000007b6000000)
  from space 512K, 43% used [0x00000007bdb80000,0x00000007bdbb8000,0x00000007bdc00000)
  to   space 16896K, 0% used [0x00000007bbb00000,0x00000007bbb00000,0x00000007bcb80000)
 ParOldGen       total 173568K, used 18652K [0x00000006c2800000, 0x00000006cd180000, 0x000000076b800000)
  object space 173568K, 10% used [0x00000006c2800000,0x00000006c3a37080,0x00000006cd180000)
 Metaspace       used 8468K, capacity 8678K, committed 8960K, reserved 1056768K
  class space    used 682K, capacity 722K, committed 768K, reserved 1048576K
Event: 12.049 GC heap after
Heap after GC invocations=17 (full 0):
 PSYoungGen      total 1179648K, used 224K [0x000000076b800000, 0x00000007bdc00000, 0x00000007c0000000)
  eden space 1162752K, 0% used [0x000000076b800000,0x000000076b800000,0x00000007b2780000)
  from space 16896K, 1% used [0x00000007bbb00000,0x00000007bbb38000,0x00000007bcb80000)
  to   space 15872K, 0% used [0x00000007bcc80000,0x00000007bcc80000,0x00000007bdc00000)
 ParOldGen       total 173568K, used 18684K [0x00000006c2800000, 0x00000006cd180000, 0x000000076b800000)
  object space 173568K, 10% used [0x00000006c2800000,0x00000006c3a3f080,0x00000006cd180000)
 Metaspace       used 8468K, capacity 8678K, committed 8960K, reserved 1056768K
  class space    used 682K, capacity 722K, committed 768K, reserved 1048576K
}
Event: 13.475 GC heap before
{Heap before GC invocations=18 (full 0):
 PSYoungGen      total 1179648K, used 1162976K [0x000000076b800000, 0x00000007bdc00000, 0x00000007c0000000)
  eden space 1162752K, 100% used [0x000000076b800000,0x00000007b2780000,0x00000007b2780000)
  from space 16896K, 1% used [0x00000007bbb00000,0x00000007bbb38000,0x00000007bcb80000)
  to   space 15872K, 0% used [0x00000007bcc80000,0x00000007bcc80000,0x00000007bdc00000)
 ParOldGen       total 173568K, used 18684K [0x00000006c2800000, 0x00000006cd180000, 0x000000076b800000)
  object space 173568K, 10% used [0x00000006c2800000,0x00000006c3a3f080,0x00000006cd180000)
 Metaspace       used 8468K, capacity 8678K, committed 8960K, reserved 1056768K
  class space    used 682K, capacity 722K, committed 768K, reserved 1048576K
Event: 13.476 GC heap after
Heap after GC invocations=18 (full 0):
 PSYoungGen      total 1108480K, used 224K [0x000000076b800000, 0x00000007bcd00000, 0x00000007c0000000)
  eden space 1107968K, 0% used [0x000000076b800000,0x000000076b800000,0x00000007af200000)
  from space 512K, 43% used [0x00000007bcc80000,0x00000007bccb8000,0x00000007bcd00000)
  to   space 14848K, 0% used [0x00000007bb000000,0x00000007bb000000,0x00000007bbe80000)
 ParOldGen       total 173568K, used 18684K [0x00000006c2800000, 0x00000006cd180000, 0x000000076b800000)
  object space 173568K, 10% used [0x00000006c2800000,0x00000006c3a3f080,0x00000006cd180000)
 Metaspace       used 8468K, capacity 8678K, committed 8960K, reserved 1056768K
  class space    used 682K, capacity 722K, committed 768K, reserved 1048576K
}
Event: 14.687 GC heap before
{Heap before GC invocations=19 (full 0):
 PSYoungGen      total 1108480K, used 1108192K [0x000000076b800000, 0x00000007bcd00000, 0x00000007c0000000)
  eden space 1107968K, 100% used [0x000000076b800000,0x00000007af200000,0x00000007af200000)
  from space 512K, 43% used [0x00000007bcc80000,0x00000007bccb8000,0x00000007bcd00000)
  to   space 14848K, 0% used [0x00000007bb000000,0x00000007bb000000,0x00000007bbe80000)
 ParOldGen       total 173568K, used 18684K [0x00000006c2800000, 0x00000006cd180000, 0x000000076b800000)
  object space 173568K, 10% used [0x00000006c2800000,0x00000006c3a3f080,0x00000006cd180000)
 Metaspace       used 8469K, capacity 8678K, committed 8960K, reserved 1056768K
  class space    used 682K, capacity 722K, committed 768K, reserved 1048576K
Event: 14.688 GC heap after
Heap after GC invocations=19 (full 0):
 PSYoungGen      total 1070592K, used 192K [0x000000076b800000, 0x00000007bcd00000, 0x00000007c0000000)
  eden space 1055744K, 0% used [0x000000076b800000,0x000000076b800000,0x00000007abf00000)
  from space 14848K, 1% used [0x00000007bb000000,0x00000007bb030000,0x00000007bbe80000)
  to   space 14336K, 0% used [0x00000007bbf00000,0x00000007bbf00000,0x00000007bcd00000)
 ParOldGen       total 173568K, used 18684K [0x00000006c2800000, 0x00000006cd180000, 0x000000076b800000)
  object space 173568K, 10% used [0x00000006c2800000,0x00000006c3a3f080,0x00000006cd180000)
 Metaspace       used 8469K, capacity 8678K, committed 8960K, reserved 1056768K
  class space    used 682K, capacity 722K, committed 768K, reserved 1048576K
}
Event: 15.940 GC heap before
{Heap before GC invocations=20 (full 0):
 PSYoungGen      total 1070592K, used 1055936K [0x000000076b800000, 0x00000007bcd00000, 0x00000007c0000000)
  eden space 1055744K, 100% used [0x000000076b800000,0x00000007abf00000,0x00000007abf00000)
  from space 14848K, 1% used [0x00000007bb000000,0x00000007bb030000,0x00000007bbe80000)
  to   space 14336K, 0% used [0x00000007bbf00000,0x00000007bbf00000,0x00000007bcd00000)
 ParOldGen       total 173568K, used 18684K [0x00000006c2800000, 0x00000006cd180000, 0x000000076b800000)
  object space 173568K, 10% used [0x00000006c2800000,0x00000006c3a3f080,0x00000006cd180000)
 Metaspace       used 8469K, capacity 8678K, committed 8960K, reserved 1056768K
  class space    used 682K, capacity 722K, committed 768K, reserved 1048576K
Event: 15.942 GC heap after
Heap after GC invocations=20 (full 0):
 PSYoungGen      total 1006592K, used 192K [0x000000076b800000, 0x00000007bbf80000, 0x00000007c0000000)
  eden space 1006080K, 0% used [0x000000076b800000,0x000000076b800000,0x00000007a8e80000)
  from space 512K, 37% used [0x00000007bbf00000,0x00000007bbf30000,0x00000007bbf80000)
  to   space 13312K, 0% used [0x00000007ba580000,0x00000007ba580000,0x00000007bb280000)
 ParOldGen       total 173568K, used 18700K [0x00000006c2800000, 0x00000006cd180000, 0x000000076b800000)
  object space 173568K, 10% used [0x00000006c2800000,0x00000006c3a43080,0x00000006cd180000)
 Metaspace       used 8469K, capacity 8678K, committed 8960K, reserved 1056768K
  class space    used 682K, capacity 722K, committed 768K, reserved 1048576K
}
Event: 17.110 GC heap before
{Heap before GC invocations=21 (full 0):
 PSYoungGen      total 1006592K, used 1006272K [0x000000076b800000, 0x00000007bbf80000, 0x00000007c0000000)
  eden space 1006080K, 100% used [0x000000076b800000,0x00000007a8e80000,0x00000007a8e80000)
  from space 512K, 37% used [0x00000007bbf00000,0x00000007bbf30000,0x00000007bbf80000)
  to   space 13312K, 0% used [0x00000007ba580000,0x00000007ba580000,0x00000007bb280000)
 ParOldGen       total 173568K, used 18700K [0x00000006c2800000, 0x00000006cd180000, 0x000000076b800000)
  object space 173568K, 10% used [0x00000006c2800000,0x00000006c3a43080,0x00000006cd180000)
 Metaspace       used 8469K, capacity 8678K, committed 8960K, reserved 1056768K
  class space    used 682K, capacity 722K, committed 768K, reserved 1048576K
Event: 17.111 GC heap after
Heap after GC invocations=21 (full 0):
 PSYoungGen      total 972288K, used 224K [0x000000076b800000, 0x00000007bbf80000, 0x00000007c0000000)
  eden space 958976K, 0% used [0x000000076b800000,0x000000076b800000,0x00000007a6080000)
  from space 13312K, 1% used [0x00000007ba580000,0x00000007ba5b8000,0x00000007bb280000)
  to   space 12800K, 0% used [0x00000007bb300000,0x00000007bb300000,0x00000007bbf80000)
 ParOldGen       total 173568K, used 18700K [0x00000006c2800000, 0x00000006cd180000, 0x000000076b800000)
  object space 173568K, 10% used [0x00000006c2800000,0x00000006c3a43080,0x00000006cd180000)
 Metaspace       used 8469K, capacity 8678K, committed 8960K, reserved 1056768K
  class space    used 682K, capacity 722K, committed 768K, reserved 1048576K
}

