# JRE version: Java(TM) SE Runtime Environment (8.0_65-b17) (build 1.8.0_65-b17)
# Java VM: Java HotSpot(TM) 64-Bit Server VM (25.65-b01 mixed mode windows-amd64 compressed oops)
Heap:
 PSYoungGen      total 151552K, used 72353K [0x000000076b800000, 0x00000007ba380000, 0x00000007c0000000)
  eden space 150528K, 47% used [0x000000076b800000,0x000000076fe78450,0x0000000774b00000)
  from space 1024K, 18% used [0x00000007ba180000,0x00000007ba1b0000,0x00000007ba280000)
  to   space 1024K, 0% used [0x00000007ba280000,0x00000007ba280000,0x00000007ba380000)
 ParOldGen       total 173568K, used 31573K [0x00000006c2800000, 0x00000006cd180000, 0x000000076b800000)
  object space 173568K, 18% used [0x00000006c2800000,0x00000006c46d5708,0x00000006cd180000)
 Metaspace       used 8398K, capacity 8774K, committed 8960K, reserved 1056768K
  class space    used 662K, capacity 690K, committed 768K, reserved 1048576K
GC Heap History (10 events):
Event: 19.362 GC heap before
{Heap before GC invocations=57 (full 0):
 PSYoungGen      total 179712K, used 179424K [0x000000076b800000, 0x00000007ba480000, 0x00000007c0000000)
  eden space 179200K, 100% used [0x000000076b800000,0x0000000776700000,0x0000000776700000)
  from space 512K, 43% used [0x00000007ba400000,0x00000007ba438000,0x00000007ba480000)
  to   space 1024K, 0% used [0x00000007ba280000,0x00000007ba280000,0x00000007ba380000)
 ParOldGen       total 173568K, used 31573K [0x00000006c2800000, 0x00000006cd180000, 0x000000076b800000)
  object space 173568K, 18% used [0x00000006c2800000,0x00000006c46d5708,0x00000006cd180000)
 Metaspace       used 8398K, capacity 8774K, committed 8960K, reserved 1056768K
  class space    used 662K, capacity 690K, committed 768K, reserved 1048576K
Event: 19.362 GC heap after
Heap after GC invocations=57 (full 0):
 PSYoungGen      total 174080K, used 224K [0x000000076b800000, 0x00000007ba480000, 0x00000007c0000000)
  eden space 173056K, 0% used [0x000000076b800000,0x000000076b800000,0x0000000776100000)
  from space 1024K, 21% used [0x00000007ba280000,0x00000007ba2b8000,0x00000007ba380000)
  to   space 1024K, 0% used [0x00000007ba380000,0x00000007ba380000,0x00000007ba480000)
 ParOldGen       total 173568K, used 31573K [0x00000006c2800000, 0x00000006cd180000, 0x000000076b800000)
  object space 173568K, 18% used [0x00000006c2800000,0x00000006c46d5708,0x00000006cd180000)
 Metaspace       used 8398K, capacity 8774K, committed 8960K, reserved 1056768K
  class space    used 662K, capacity 690K, committed 768K, reserved 1048576K
}
Event: 19.489 GC heap before
{Heap before GC invocations=58 (full 0):
 PSYoungGen      total 174080K, used 173280K [0x000000076b800000, 0x00000007ba480000, 0x00000007c0000000)
  eden space 173056K, 100% used [0x000000076b800000,0x0000000776100000,0x0000000776100000)
  from space 1024K, 21% used [0x00000007ba280000,0x00000007ba2b8000,0x00000007ba380000)
  to   space 1024K, 0% used [0x00000007ba380000,0x00000007ba380000,0x00000007ba480000)
 ParOldGen       total 173568K, used 31573K [0x00000006c2800000, 0x00000006cd180000, 0x000000076b800000)
  object space 173568K, 18% used [0x00000006c2800000,0x00000006c46d5708,0x00000006cd180000)
 Metaspace       used 8398K, capacity 8774K, committed 8960K, reserved 1056768K
  class space    used 662K, capacity 690K, committed 768K, reserved 1048576K
Event: 19.490 GC heap after
Heap after GC invocations=58 (full 0):
 PSYoungGen      total 167424K, used 224K [0x000000076b800000, 0x00000007ba400000, 0x00000007c0000000)
  eden space 166912K, 0% used [0x000000076b800000,0x000000076b800000,0x0000000775b00000)
  from space 512K, 43% used [0x00000007ba380000,0x00000007ba3b8000,0x00000007ba400000)
  to   space 1024K, 0% used [0x00000007ba200000,0x00000007ba200000,0x00000007ba300000)
 ParOldGen       total 173568K, used 31573K [0x00000006c2800000, 0x00000006cd180000, 0x000000076b800000)
  object space 173568K, 18% used [0x00000006c2800000,0x00000006c46d5708,0x00000006cd180000)
 Metaspace       used 8398K, capacity 8774K, committed 8960K, reserved 1056768K
  class space    used 662K, capacity 690K, committed 768K, reserved 1048576K
}
Event: 19.644 GC heap before
{Heap before GC invocations=59 (full 0):
 PSYoungGen      total 167424K, used 167136K [0x000000076b800000, 0x00000007ba400000, 0x00000007c0000000)
  eden space 166912K, 100% used [0x000000076b800000,0x0000000775b00000,0x0000000775b00000)
  from space 512K, 43% used [0x00000007ba380000,0x00000007ba3b8000,0x00000007ba400000)
  to   space 1024K, 0% used [0x00000007ba200000,0x00000007ba200000,0x00000007ba300000)
 ParOldGen       total 173568K, used 31573K [0x00000006c2800000, 0x00000006cd180000, 0x000000076b800000)
  object space 173568K, 18% used [0x00000006c2800000,0x00000006c46d5708,0x00000006cd180000)
 Metaspace       used 8398K, capacity 8774K, committed 8960K, reserved 1056768K
  class space    used 662K, capacity 690K, committed 768K, reserved 1048576K
Event: 19.645 GC heap after
Heap after GC invocations=59 (full 0):
 PSYoungGen      total 162304K, used 224K [0x000000076b800000, 0x00000007ba400000, 0x00000007c0000000)
  eden space 161280K, 0% used [0x000000076b800000,0x000000076b800000,0x0000000775580000)
  from space 1024K, 21% used [0x00000007ba200000,0x00000007ba238000,0x00000007ba300000)
  to   space 1024K, 0% used [0x00000007ba300000,0x00000007ba300000,0x00000007ba400000)
 ParOldGen       total 173568K, used 31573K [0x00000006c2800000, 0x00000006cd180000, 0x000000076b800000)
  object space 173568K, 18% used [0x00000006c2800000,0x00000006c46d5708,0x00000006cd180000)
 Metaspace       used 8398K, capacity 8774K, committed 8960K, reserved 1056768K
  class space    used 662K, capacity 690K, committed 768K, reserved 1048576K
}
Event: 19.763 GC heap before
{Heap before GC invocations=60 (full 0):
 PSYoungGen      total 162304K, used 161504K [0x000000076b800000, 0x00000007ba400000, 0x00000007c0000000)
  eden space 161280K, 100% used [0x000000076b800000,0x0000000775580000,0x0000000775580000)
  from space 1024K, 21% used [0x00000007ba200000,0x00000007ba238000,0x00000007ba300000)
  to   space 1024K, 0% used [0x00000007ba300000,0x00000007ba300000,0x00000007ba400000)
 ParOldGen       total 173568K, used 31573K [0x00000006c2800000, 0x00000006cd180000, 0x000000076b800000)
  object space 173568K, 18% used [0x00000006c2800000,0x00000006c46d5708,0x00000006cd180000)
 Metaspace       used 8398K, capacity 8774K, committed 8960K, reserved 1056768K
  class space    used 662K, capacity 690K, committed 768K, reserved 1048576K
Event: 19.763 GC heap after
Heap after GC invocations=60 (full 0):
 PSYoungGen      total 156160K, used 224K [0x000000076b800000, 0x00000007ba380000, 0x00000007c0000000)
  eden space 155648K, 0% used [0x000000076b800000,0x000000076b800000,0x0000000775000000)
  from space 512K, 43% used [0x00000007ba300000,0x00000007ba338000,0x00000007ba380000)
  to   space 1024K, 0% used [0x00000007ba180000,0x00000007ba180000,0x00000007ba280000)
 ParOldGen       total 173568K, used 31573K [0x00000006c2800000, 0x00000006cd180000, 0x000000076b800000)
  object space 173568K, 18% used [0x00000006c2800000,0x00000006c46d5708,0x00000006cd180000)
 Metaspace       used 8398K, capacity 8774K, committed 8960K, reserved 1056768K
  class space    used 662K, capacity 690K, committed 768K, reserved 1048576K
}
Event: 19.888 GC heap before
{Heap before GC invocations=61 (full 0):
 PSYoungGen      total 156160K, used 155872K [0x000000076b800000, 0x00000007ba380000, 0x00000007c0000000)
  eden space 155648K, 100% used [0x000000076b800000,0x0000000775000000,0x0000000775000000)
  from space 512K, 43% used [0x00000007ba300000,0x00000007ba338000,0x00000007ba380000)
  to   space 1024K, 0% used [0x00000007ba180000,0x00000007ba180000,0x00000007ba280000)
 ParOldGen       total 173568K, used 31573K [0x00000006c2800000, 0x00000006cd180000, 0x000000076b800000)
  object space 173568K, 18% used [0x00000006c2800000,0x00000006c46d5708,0x00000006cd180000)
 Metaspace       used 8398K, capacity 8774K, committed 8960K, reserved 1056768K
  class space    used 662K, capacity 690K, committed 768K, reserved 1048576K
Event: 19.889 GC heap after
Heap after GC invocations=61 (full 0):
 PSYoungGen      total 151552K, used 192K [0x000000076b800000, 0x00000007ba380000, 0x00000007c0000000)
  eden space 150528K, 0% used [0x000000076b800000,0x000000076b800000,0x0000000774b00000)
  from space 1024K, 18% used [0x00000007ba180000,0x00000007ba1b0000,0x00000007ba280000)
  to   space 1024K, 0% used [0x00000007ba280000,0x00000007ba280000,0x00000007ba380000)
 ParOldGen       total 173568K, used 31573K [0x00000006c2800000, 0x00000006cd180000, 0x000000076b800000)
  object space 173568K, 18% used [0x00000006c2800000,0x00000006c46d5708,0x00000006cd180000)
 Metaspace       used 8398K, capacity 8774K, committed 8960K, reserved 1056768K
  class space    used 662K, capacity 690K, committed 768K, reserved 1048576K
}

