# JRE version: Java(TM) SE Runtime Environment (8.0_65-b17) (build 1.8.0_65-b17)
# Java VM: Java HotSpot(TM) 64-Bit Server VM (25.65-b01 mixed mode windows-amd64 compressed oops)
Heap:
 PSYoungGen      total 544256K, used 201275K [0x000000076b800000, 0x00000007a4800000, 0x00000007c0000000)
  eden space 543744K, 36% used [0x000000076b800000,0x0000000777c66e48,0x000000078cb00000)
  from space 512K, 31% used [0x00000007a4780000,0x00000007a47a8000,0x00000007a4800000)
  to   space 3584K, 0% used [0x00000007a4100000,0x00000007a4100000,0x00000007a4480000)
 ParOldGen       total 173568K, used 17118K [0x00000006c2800000, 0x00000006cd180000, 0x000000076b800000)
  object space 173568K, 9% used [0x00000006c2800000,0x00000006c38b7b38,0x00000006cd180000)
 Metaspace       used 8360K, capacity 8774K, committed 8960K, reserved 1056768K
  class space    used 660K, capacity 690K, committed 768K, reserved 1048576K
GC Heap History (10 events):
Event: 8.135 GC heap before
{Heap before GC invocations=24 (full 0):
 PSYoungGen      total 689152K, used 684768K [0x000000076b800000, 0x00000007a5280000, 0x00000007c0000000)
  eden space 684544K, 100% used [0x000000076b800000,0x0000000795480000,0x0000000795480000)
  from space 4608K, 4% used [0x00000007a4980000,0x00000007a49b8000,0x00000007a4e00000)
  to   space 4608K, 0% used [0x00000007a4e00000,0x00000007a4e00000,0x00000007a5280000)
 ParOldGen       total 173568K, used 17094K [0x00000006c2800000, 0x00000006cd180000, 0x000000076b800000)
  object space 173568K, 9% used [0x00000006c2800000,0x00000006c38b1b38,0x00000006cd180000)
 Metaspace       used 8353K, capacity 8774K, committed 8960K, reserved 1056768K
  class space    used 660K, capacity 690K, committed 768K, reserved 1048576K
Event: 8.135 GC heap after
Heap after GC invocations=24 (full 0):
 PSYoungGen      total 653824K, used 192K [0x000000076b800000, 0x00000007a4e80000, 0x00000007c0000000)
  eden space 653312K, 0% used [0x000000076b800000,0x000000076b800000,0x0000000793600000)
  from space 512K, 37% used [0x00000007a4e00000,0x00000007a4e30000,0x00000007a4e80000)
  to   space 4096K, 0% used [0x00000007a4680000,0x00000007a4680000,0x00000007a4a80000)
 ParOldGen       total 173568K, used 17094K [0x00000006c2800000, 0x00000006cd180000, 0x000000076b800000)
  object space 173568K, 9% used [0x00000006c2800000,0x00000006c38b1b38,0x00000006cd180000)
 Metaspace       used 8353K, capacity 8774K, committed 8960K, reserved 1056768K
  class space    used 660K, capacity 690K, committed 768K, reserved 1048576K
}
Event: 8.606 GC heap before
{Heap before GC invocations=25 (full 0):
 PSYoungGen      total 653824K, used 653504K [0x000000076b800000, 0x00000007a4e80000, 0x00000007c0000000)
  eden space 653312K, 100% used [0x000000076b800000,0x0000000793600000,0x0000000793600000)
  from space 512K, 37% used [0x00000007a4e00000,0x00000007a4e30000,0x00000007a4e80000)
  to   space 4096K, 0% used [0x00000007a4680000,0x00000007a4680000,0x00000007a4a80000)
 ParOldGen       total 173568K, used 17094K [0x00000006c2800000, 0x00000006cd180000, 0x000000076b800000)
  object space 173568K, 9% used [0x00000006c2800000,0x00000006c38b1b38,0x00000006cd180000)
 Metaspace       used 8359K, capacity 8774K, committed 8960K, reserved 1056768K
  class space    used 660K, capacity 690K, committed 768K, reserved 1048576K
Event: 8.607 GC heap after
Heap after GC invocations=25 (full 0):
 PSYoungGen      total 627712K, used 128K [0x000000076b800000, 0x00000007a4e80000, 0x00000007c0000000)
  eden space 623616K, 0% used [0x000000076b800000,0x000000076b800000,0x0000000791900000)
  from space 4096K, 3% used [0x00000007a4680000,0x00000007a46a0000,0x00000007a4a80000)
  to   space 4096K, 0% used [0x00000007a4a80000,0x00000007a4a80000,0x00000007a4e80000)
 ParOldGen       total 173568K, used 17094K [0x00000006c2800000, 0x00000006cd180000, 0x000000076b800000)
  object space 173568K, 9% used [0x00000006c2800000,0x00000006c38b1b38,0x00000006cd180000)
 Metaspace       used 8359K, capacity 8774K, committed 8960K, reserved 1056768K
  class space    used 660K, capacity 690K, committed 768K, reserved 1048576K
}
Event: 9.069 GC heap before
{Heap before GC invocations=26 (full 0):
 PSYoungGen      total 627712K, used 623744K [0x000000076b800000, 0x00000007a4e80000, 0x00000007c0000000)
  eden space 623616K, 100% used [0x000000076b800000,0x0000000791900000,0x0000000791900000)
  from space 4096K, 3% used [0x00000007a4680000,0x00000007a46a0000,0x00000007a4a80000)
  to   space 4096K, 0% used [0x00000007a4a80000,0x00000007a4a80000,0x00000007a4e80000)
 ParOldGen       total 173568K, used 17094K [0x00000006c2800000, 0x00000006cd180000, 0x000000076b800000)
  object space 173568K, 9% used [0x00000006c2800000,0x00000006c38b1b38,0x00000006cd180000)
 Metaspace       used 8359K, capacity 8774K, committed 8960K, reserved 1056768K
  class space    used 660K, capacity 690K, committed 768K, reserved 1048576K
Event: 9.070 GC heap after
Heap after GC invocations=26 (full 0):
 PSYoungGen      total 595968K, used 224K [0x000000076b800000, 0x00000007a4b00000, 0x00000007c0000000)
  eden space 595456K, 0% used [0x000000076b800000,0x000000076b800000,0x000000078fd80000)
  from space 512K, 43% used [0x00000007a4a80000,0x00000007a4ab8000,0x00000007a4b00000)
  to   space 3584K, 0% used [0x00000007a4400000,0x00000007a4400000,0x00000007a4780000)
 ParOldGen       total 173568K, used 17118K [0x00000006c2800000, 0x00000006cd180000, 0x000000076b800000)
  object space 173568K, 9% used [0x00000006c2800000,0x00000006c38b7b38,0x00000006cd180000)
 Metaspace       used 8359K, capacity 8774K, committed 8960K, reserved 1056768K
  class space    used 660K, capacity 690K, committed 768K, reserved 1048576K
}
Event: 9.491 GC heap before
{Heap before GC invocations=27 (full 0):
 PSYoungGen      total 595968K, used 595680K [0x000000076b800000, 0x00000007a4b00000, 0x00000007c0000000)
  eden space 595456K, 100% used [0x000000076b800000,0x000000078fd80000,0x000000078fd80000)
  from space 512K, 43% used [0x00000007a4a80000,0x00000007a4ab8000,0x00000007a4b00000)
  to   space 3584K, 0% used [0x00000007a4400000,0x00000007a4400000,0x00000007a4780000)
 ParOldGen       total 173568K, used 17118K [0x00000006c2800000, 0x00000006cd180000, 0x000000076b800000)
  object space 173568K, 9% used [0x00000006c2800000,0x00000006c38b7b38,0x00000006cd180000)
 Metaspace       used 8359K, capacity 8774K, committed 8960K, reserved 1056768K
  class space    used 660K, capacity 690K, committed 768K, reserved 1048576K
Event: 9.492 GC heap after
Heap after GC invocations=27 (full 0):
 PSYoungGen      total 572416K, used 224K [0x000000076b800000, 0x00000007a4b00000, 0x00000007c0000000)
  eden space 568832K, 0% used [0x000000076b800000,0x000000076b800000,0x000000078e380000)
  from space 3584K, 6% used [0x00000007a4400000,0x00000007a4438000,0x00000007a4780000)
  to   space 3584K, 0% used [0x00000007a4780000,0x00000007a4780000,0x00000007a4b00000)
 ParOldGen       total 173568K, used 17118K [0x00000006c2800000, 0x00000006cd180000, 0x000000076b800000)
  object space 173568K, 9% used [0x00000006c2800000,0x00000006c38b7b38,0x00000006cd180000)
 Metaspace       used 8359K, capacity 8774K, committed 8960K, reserved 1056768K
  class space    used 660K, capacity 690K, committed 768K, reserved 1048576K
}
Event: 9.883 GC heap before
{Heap before GC invocations=28 (full 0):
 PSYoungGen      total 572416K, used 569056K [0x000000076b800000, 0x00000007a4b00000, 0x00000007c0000000)
  eden space 568832K, 100% used [0x000000076b800000,0x000000078e380000,0x000000078e380000)
  from space 3584K, 6% used [0x00000007a4400000,0x00000007a4438000,0x00000007a4780000)
  to   space 3584K, 0% used [0x00000007a4780000,0x00000007a4780000,0x00000007a4b00000)
 ParOldGen       total 173568K, used 17118K [0x00000006c2800000, 0x00000006cd180000, 0x000000076b800000)
  object space 173568K, 9% used [0x00000006c2800000,0x00000006c38b7b38,0x00000006cd180000)
 Metaspace       used 8359K, capacity 8774K, committed 8960K, reserved 1056768K
  class space    used 660K, capacity 690K, committed 768K, reserved 1048576K
Event: 9.883 GC heap after
Heap after GC invocations=28 (full 0):
 PSYoungGen      total 544256K, used 160K [0x000000076b800000, 0x00000007a4800000, 0x00000007c0000000)
  eden space 543744K, 0% used [0x000000076b800000,0x000000076b800000,0x000000078cb00000)
  from space 512K, 31% used [0x00000007a4780000,0x00000007a47a8000,0x00000007a4800000)
  to   space 3584K, 0% used [0x00000007a4100000,0x00000007a4100000,0x00000007a4480000)
 ParOldGen       total 173568K, used 17118K [0x00000006c2800000, 0x00000006cd180000, 0x000000076b800000)
  object space 173568K, 9% used [0x00000006c2800000,0x00000006c38b7b38,0x00000006cd180000)
 Metaspace       used 8359K, capacity 8774K, committed 8960K, reserved 1056768K
  class space    used 660K, capacity 690K, committed 768K, reserved 1048576K
}

