# JRE version: Java(TM) SE Runtime Environment (8.0_65-b17) (build 1.8.0_65-b17)
# Java VM: Java HotSpot(TM) 64-Bit Server VM (25.65-b01 mixed mode windows-amd64 compressed oops)
Heap:
 PSYoungGen      total 103424K, used 72885K [0x000000076b800000, 0x000000078a280000, 0x00000007c0000000)
  eden space 102912K, 70% used [0x000000076b800000,0x000000076ff256c8,0x0000000771c80000)
  from space 512K, 6% used [0x000000078a200000,0x000000078a208000,0x000000078a280000)
  to   space 512K, 0% used [0x000000078a180000,0x000000078a180000,0x000000078a200000)
 ParOldGen       total 173568K, used 1837K [0x00000006c2800000, 0x00000006cd180000, 0x000000076b800000)
  object space 173568K, 1% used [0x00000006c2800000,0x00000006c29cb448,0x00000006cd180000)
 Metaspace       used 8074K, capacity 8646K, committed 8960K, reserved 1056768K
  class space    used 646K, capacity 690K, committed 768K, reserved 1048576K
GC Heap History (10 events):
Event: 6.384 GC heap before
{Heap before GC invocations=104 (full 0):
 PSYoungGen      total 119808K, used 119488K [0x000000076b800000, 0x000000078a280000, 0x00000007c0000000)
  eden space 119296K, 100% used [0x000000076b800000,0x0000000772c80000,0x0000000772c80000)
  from space 512K, 37% used [0x000000078a180000,0x000000078a1b0000,0x000000078a200000)
  to   space 512K, 0% used [0x000000078a200000,0x000000078a200000,0x000000078a280000)
 ParOldGen       total 173568K, used 1757K [0x00000006c2800000, 0x00000006cd180000, 0x000000076b800000)
  object space 173568K, 1% used [0x00000006c2800000,0x00000006c29b7448,0x00000006cd180000)
 Metaspace       used 8074K, capacity 8646K, committed 8960K, reserved 1056768K
  class space    used 646K, capacity 690K, committed 768K, reserved 1048576K
Event: 6.384 GC heap after
Heap after GC invocations=104 (full 0):
 PSYoungGen      total 116224K, used 128K [0x000000076b800000, 0x000000078a280000, 0x00000007c0000000)
  eden space 115712K, 0% used [0x000000076b800000,0x000000076b800000,0x0000000772900000)
  from space 512K, 25% used [0x000000078a200000,0x000000078a220000,0x000000078a280000)
  to   space 512K, 0% used [0x000000078a180000,0x000000078a180000,0x000000078a200000)
 ParOldGen       total 173568K, used 1757K [0x00000006c2800000, 0x00000006cd180000, 0x000000076b800000)
  object space 173568K, 1% used [0x00000006c2800000,0x00000006c29b7448,0x00000006cd180000)
 Metaspace       used 8074K, capacity 8646K, committed 8960K, reserved 1056768K
  class space    used 646K, capacity 690K, committed 768K, reserved 1048576K
}
Event: 6.434 GC heap before
{Heap before GC invocations=105 (full 0):
 PSYoungGen      total 116224K, used 115840K [0x000000076b800000, 0x000000078a280000, 0x00000007c0000000)
  eden space 115712K, 100% used [0x000000076b800000,0x0000000772900000,0x0000000772900000)
  from space 512K, 25% used [0x000000078a200000,0x000000078a220000,0x000000078a280000)
  to   space 512K, 0% used [0x000000078a180000,0x000000078a180000,0x000000078a200000)
 ParOldGen       total 173568K, used 1757K [0x00000006c2800000, 0x00000006cd180000, 0x000000076b800000)
  object space 173568K, 1% used [0x00000006c2800000,0x00000006c29b7448,0x00000006cd180000)
 Metaspace       used 8074K, capacity 8646K, committed 8960K, reserved 1056768K
  class space    used 646K, capacity 690K, committed 768K, reserved 1048576K
Event: 6.435 GC heap after
Heap after GC invocations=105 (full 0):
 PSYoungGen      total 112640K, used 192K [0x000000076b800000, 0x000000078a280000, 0x00000007c0000000)
  eden space 112128K, 0% used [0x000000076b800000,0x000000076b800000,0x0000000772580000)
  from space 512K, 37% used [0x000000078a180000,0x000000078a1b0000,0x000000078a200000)
  to   space 512K, 0% used [0x000000078a200000,0x000000078a200000,0x000000078a280000)
 ParOldGen       total 173568K, used 1757K [0x00000006c2800000, 0x00000006cd180000, 0x000000076b800000)
  object space 173568K, 1% used [0x00000006c2800000,0x00000006c29b7448,0x00000006cd180000)
 Metaspace       used 8074K, capacity 8646K, committed 8960K, reserved 1056768K
  class space    used 646K, capacity 690K, committed 768K, reserved 1048576K
}
Event: 6.482 GC heap before
{Heap before GC invocations=106 (full 0):
 PSYoungGen      total 112640K, used 112320K [0x000000076b800000, 0x000000078a280000, 0x00000007c0000000)
  eden space 112128K, 100% used [0x000000076b800000,0x0000000772580000,0x0000000772580000)
  from space 512K, 37% used [0x000000078a180000,0x000000078a1b0000,0x000000078a200000)
  to   space 512K, 0% used [0x000000078a200000,0x000000078a200000,0x000000078a280000)
 ParOldGen       total 173568K, used 1757K [0x00000006c2800000, 0x00000006cd180000, 0x000000076b800000)
  object space 173568K, 1% used [0x00000006c2800000,0x00000006c29b7448,0x00000006cd180000)
 Metaspace       used 8074K, capacity 8646K, committed 8960K, reserved 1056768K
  class space    used 646K, capacity 690K, committed 768K, reserved 1048576K
Event: 6.482 GC heap after
Heap after GC invocations=106 (full 0):
 PSYoungGen      total 109568K, used 128K [0x000000076b800000, 0x000000078a280000, 0x00000007c0000000)
  eden space 109056K, 0% used [0x000000076b800000,0x000000076b800000,0x0000000772280000)
  from space 512K, 25% used [0x000000078a200000,0x000000078a220000,0x000000078a280000)
  to   space 512K, 0% used [0x000000078a180000,0x000000078a180000,0x000000078a200000)
 ParOldGen       total 173568K, used 1813K [0x00000006c2800000, 0x00000006cd180000, 0x000000076b800000)
  object space 173568K, 1% used [0x00000006c2800000,0x00000006c29c5448,0x00000006cd180000)
 Metaspace       used 8074K, capacity 8646K, committed 8960K, reserved 1056768K
  class space    used 646K, capacity 690K, committed 768K, reserved 1048576K
}
Event: 6.529 GC heap before
{Heap before GC invocations=107 (full 0):
 PSYoungGen      total 109568K, used 109184K [0x000000076b800000, 0x000000078a280000, 0x00000007c0000000)
  eden space 109056K, 100% used [0x000000076b800000,0x0000000772280000,0x0000000772280000)
  from space 512K, 25% used [0x000000078a200000,0x000000078a220000,0x000000078a280000)
  to   space 512K, 0% used [0x000000078a180000,0x000000078a180000,0x000000078a200000)
 ParOldGen       total 173568K, used 1813K [0x00000006c2800000, 0x00000006cd180000, 0x000000076b800000)
  object space 173568K, 1% used [0x00000006c2800000,0x00000006c29c5448,0x00000006cd180000)
 Metaspace       used 8074K, capacity 8646K, committed 8960K, reserved 1056768K
  class space    used 646K, capacity 690K, committed 768K, reserved 1048576K
Event: 6.529 GC heap after
Heap after GC invocations=107 (full 0):
 PSYoungGen      total 106496K, used 96K [0x000000076b800000, 0x000000078a280000, 0x00000007c0000000)
  eden space 105984K, 0% used [0x000000076b800000,0x000000076b800000,0x0000000771f80000)
  from space 512K, 18% used [0x000000078a180000,0x000000078a198000,0x000000078a200000)
  to   space 512K, 0% used [0x000000078a200000,0x000000078a200000,0x000000078a280000)
 ParOldGen       total 173568K, used 1813K [0x00000006c2800000, 0x00000006cd180000, 0x000000076b800000)
  object space 173568K, 1% used [0x00000006c2800000,0x00000006c29c5448,0x00000006cd180000)
 Metaspace       used 8074K, capacity 8646K, committed 8960K, reserved 1056768K
  class space    used 646K, capacity 690K, committed 768K, reserved 1048576K
}
Event: 6.575 GC heap before
{Heap before GC invocations=108 (full 0):
 PSYoungGen      total 106496K, used 106080K [0x000000076b800000, 0x000000078a280000, 0x00000007c0000000)
  eden space 105984K, 100% used [0x000000076b800000,0x0000000771f80000,0x0000000771f80000)
  from space 512K, 18% used [0x000000078a180000,0x000000078a198000,0x000000078a200000)
  to   space 512K, 0% used [0x000000078a200000,0x000000078a200000,0x000000078a280000)
 ParOldGen       total 173568K, used 1813K [0x00000006c2800000, 0x00000006cd180000, 0x000000076b800000)
  object space 173568K, 1% used [0x00000006c2800000,0x00000006c29c5448,0x00000006cd180000)
 Metaspace       used 8074K, capacity 8646K, committed 8960K, reserved 1056768K
  class space    used 646K, capacity 690K, committed 768K, reserved 1048576K
Event: 6.575 GC heap after
Heap after GC invocations=108 (full 0):
 PSYoungGen      total 103424K, used 32K [0x000000076b800000, 0x000000078a280000, 0x00000007c0000000)
  eden space 102912K, 0% used [0x000000076b800000,0x000000076b800000,0x0000000771c80000)
  from space 512K, 6% used [0x000000078a200000,0x000000078a208000,0x000000078a280000)
  to   space 512K, 0% used [0x000000078a180000,0x000000078a180000,0x000000078a200000)
 ParOldGen       total 173568K, used 1837K [0x00000006c2800000, 0x00000006cd180000, 0x000000076b800000)
  object space 173568K, 1% used [0x00000006c2800000,0x00000006c29cb448,0x00000006cd180000)
 Metaspace       used 8074K, capacity 8646K, committed 8960K, reserved 1056768K
  class space    used 646K, capacity 690K, committed 768K, reserved 1048576K
}

