# JRE version: Java(TM) SE Runtime Environment (8.0_65-b17) (build 1.8.0_65-b17)
# Java VM: Java HotSpot(TM) 64-Bit Server VM (25.65-b01 mixed mode windows-amd64 compressed oops)
Heap:
 PSYoungGen      total 532480K, used 329629K [0x000000076b800000, 0x000000079fe00000, 0x00000007c0000000)
  eden space 514560K, 64% used [0x000000076b800000,0x000000077f9a7688,0x000000078ae80000)
  from space 17920K, 1% used [0x000000078ae80000,0x000000078aec0000,0x000000078c000000)
  to   space 17408K, 0% used [0x000000079ed00000,0x000000079ed00000,0x000000079fe00000)
 ParOldGen       total 173568K, used 6152K [0x00000006c2800000, 0x00000006cd180000, 0x000000076b800000)
  object space 173568K, 3% used [0x00000006c2800000,0x00000006c2e02050,0x00000006cd180000)
 Metaspace       used 8526K, capacity 8742K, committed 8960K, reserved 1056768K
  class space    used 687K, capacity 722K, committed 768K, reserved 1048576K
GC Heap History (10 events):
Event: 1.245 GC heap before
{Heap before GC invocations=5 (full 0):
 PSYoungGen      total 140800K, used 137774K [0x000000076b800000, 0x0000000774c00000, 0x00000007c0000000)
  eden space 130048K, 100% used [0x000000076b800000,0x0000000773700000,0x0000000773700000)
  from space 10752K, 71% used [0x0000000774180000,0x000000077490b858,0x0000000774c00000)
  to   space 10752K, 0% used [0x0000000773700000,0x0000000773700000,0x0000000774180000)
 ParOldGen       total 173568K, used 32K [0x00000006c2800000, 0x00000006cd180000, 0x000000076b800000)
  object space 173568K, 0% used [0x00000006c2800000,0x00000006c2808000,0x00000006cd180000)
 Metaspace       used 8345K, capacity 8614K, committed 8704K, reserved 1056768K
  class space    used 681K, capacity 722K, committed 768K, reserved 1048576K
Event: 1.254 GC heap after
Heap after GC invocations=5 (full 0):
 PSYoungGen      total 140800K, used 10728K [0x000000076b800000, 0x000000077d200000, 0x00000007c0000000)
  eden space 130048K, 0% used [0x000000076b800000,0x000000076b800000,0x0000000773700000)
  from space 10752K, 99% used [0x0000000773700000,0x000000077417a1e0,0x0000000774180000)
  to   space 14336K, 0% used [0x000000077c400000,0x000000077c400000,0x000000077d200000)
 ParOldGen       total 173568K, used 3512K [0x00000006c2800000, 0x00000006cd180000, 0x000000076b800000)
  object space 173568K, 2% used [0x00000006c2800000,0x00000006c2b6e000,0x00000006cd180000)
 Metaspace       used 8345K, capacity 8614K, committed 8704K, reserved 1056768K
  class space    used 681K, capacity 722K, committed 768K, reserved 1048576K
}
Event: 1.348 GC heap before
{Heap before GC invocations=6 (full 0):
 PSYoungGen      total 140800K, used 140776K [0x000000076b800000, 0x000000077d200000, 0x00000007c0000000)
  eden space 130048K, 100% used [0x000000076b800000,0x0000000773700000,0x0000000773700000)
  from space 10752K, 99% used [0x0000000773700000,0x000000077417a1e0,0x0000000774180000)
  to   space 14336K, 0% used [0x000000077c400000,0x000000077c400000,0x000000077d200000)
 ParOldGen       total 173568K, used 3512K [0x00000006c2800000, 0x00000006cd180000, 0x000000076b800000)
  object space 173568K, 2% used [0x00000006c2800000,0x00000006c2b6e000,0x00000006cd180000)
 Metaspace       used 8371K, capacity 8614K, committed 8704K, reserved 1056768K
  class space    used 681K, capacity 722K, committed 768K, reserved 1048576K
Event: 1.357 GC heap after
Heap after GC invocations=6 (full 0):
 PSYoungGen      total 271872K, used 14149K [0x000000076b800000, 0x000000077d700000, 0x00000007c0000000)
  eden space 257536K, 0% used [0x000000076b800000,0x000000076b800000,0x000000077b380000)
  from space 14336K, 98% used [0x000000077c400000,0x000000077d1d17c0,0x000000077d200000)
  to   space 16896K, 0% used [0x000000077b380000,0x000000077b380000,0x000000077c400000)
 ParOldGen       total 173568K, used 3520K [0x00000006c2800000, 0x00000006cd180000, 0x000000076b800000)
  object space 173568K, 2% used [0x00000006c2800000,0x00000006c2b70000,0x00000006cd180000)
 Metaspace       used 8371K, capacity 8614K, committed 8704K, reserved 1056768K
  class space    used 681K, capacity 722K, committed 768K, reserved 1048576K
}
Event: 2.013 GC heap before
{Heap before GC invocations=7 (full 0):
 PSYoungGen      total 271872K, used 271685K [0x000000076b800000, 0x000000077d700000, 0x00000007c0000000)
  eden space 257536K, 100% used [0x000000076b800000,0x000000077b380000,0x000000077b380000)
  from space 14336K, 98% used [0x000000077c400000,0x000000077d1d17c0,0x000000077d200000)
  to   space 16896K, 0% used [0x000000077b380000,0x000000077b380000,0x000000077c400000)
 ParOldGen       total 173568K, used 3520K [0x00000006c2800000, 0x00000006cd180000, 0x000000076b800000)
  object space 173568K, 2% used [0x00000006c2800000,0x00000006c2b70000,0x00000006cd180000)
 Metaspace       used 8487K, capacity 8742K, committed 8960K, reserved 1056768K
  class space    used 687K, capacity 722K, committed 768K, reserved 1048576K
Event: 2.015 GC heap after
Heap after GC invocations=7 (full 0):
 PSYoungGen      total 274432K, used 320K [0x000000076b800000, 0x000000078d100000, 0x00000007c0000000)
  eden space 257536K, 0% used [0x000000076b800000,0x000000076b800000,0x000000077b380000)
  from space 16896K, 1% used [0x000000077b380000,0x000000077b3d0000,0x000000077c400000)
  to   space 17408K, 0% used [0x000000078c000000,0x000000078c000000,0x000000078d100000)
 ParOldGen       total 173568K, used 5928K [0x00000006c2800000, 0x00000006cd180000, 0x000000076b800000)
  object space 173568K, 3% used [0x00000006c2800000,0x00000006c2dca050,0x00000006cd180000)
 Metaspace       used 8487K, capacity 8742K, committed 8960K, reserved 1056768K
  class space    used 687K, capacity 722K, committed 768K, reserved 1048576K
}
Event: 2.706 GC heap before
{Heap before GC invocations=8 (full 0):
 PSYoungGen      total 274432K, used 257856K [0x000000076b800000, 0x000000078d100000, 0x00000007c0000000)
  eden space 257536K, 100% used [0x000000076b800000,0x000000077b380000,0x000000077b380000)
  from space 16896K, 1% used [0x000000077b380000,0x000000077b3d0000,0x000000077c400000)
  to   space 17408K, 0% used [0x000000078c000000,0x000000078c000000,0x000000078d100000)
 ParOldGen       total 173568K, used 5928K [0x00000006c2800000, 0x00000006cd180000, 0x000000076b800000)
  object space 173568K, 3% used [0x00000006c2800000,0x00000006c2dca050,0x00000006cd180000)
 Metaspace       used 8505K, capacity 8742K, committed 8960K, reserved 1056768K
  class space    used 687K, capacity 722K, committed 768K, reserved 1048576K
Event: 2.707 GC heap after
Heap after GC invocations=8 (full 0):
 PSYoungGen      total 531968K, used 256K [0x000000076b800000, 0x000000078d200000, 0x00000007c0000000)
  eden space 514560K, 0% used [0x000000076b800000,0x000000076b800000,0x000000078ae80000)
  from space 17408K, 1% used [0x000000078c000000,0x000000078c040000,0x000000078d100000)
  to   space 17920K, 0% used [0x000000078ae80000,0x000000078ae80000,0x000000078c000000)
 ParOldGen       total 173568K, used 6120K [0x00000006c2800000, 0x00000006cd180000, 0x000000076b800000)
  object space 173568K, 3% used [0x00000006c2800000,0x00000006c2dfa050,0x00000006cd180000)
 Metaspace       used 8505K, capacity 8742K, committed 8960K, reserved 1056768K
  class space    used 687K, capacity 722K, committed 768K, reserved 1048576K
}
Event: 4.221 GC heap before
{Heap before GC invocations=9 (full 0):
 PSYoungGen      total 531968K, used 514816K [0x000000076b800000, 0x000000078d200000, 0x00000007c0000000)
  eden space 514560K, 100% used [0x000000076b800000,0x000000078ae80000,0x000000078ae80000)
  from space 17408K, 1% used [0x000000078c000000,0x000000078c040000,0x000000078d100000)
  to   space 17920K, 0% used [0x000000078ae80000,0x000000078ae80000,0x000000078c000000)
 ParOldGen       total 173568K, used 6120K [0x00000006c2800000, 0x00000006cd180000, 0x000000076b800000)
  object space 173568K, 3% used [0x00000006c2800000,0x00000006c2dfa050,0x00000006cd180000)
 Metaspace       used 8517K, capacity 8742K, committed 8960K, reserved 1056768K
  class space    used 687K, capacity 722K, committed 768K, reserved 1048576K
Event: 4.222 GC heap after
Heap after GC invocations=9 (full 0):
 PSYoungGen      total 532480K, used 256K [0x000000076b800000, 0x000000079fe00000, 0x00000007c0000000)
  eden space 514560K, 0% used [0x000000076b800000,0x000000076b800000,0x000000078ae80000)
  from space 17920K, 1% used [0x000000078ae80000,0x000000078aec0000,0x000000078c000000)
  to   space 17408K, 0% used [0x000000079ed00000,0x000000079ed00000,0x000000079fe00000)
 ParOldGen       total 173568K, used 6152K [0x00000006c2800000, 0x00000006cd180000, 0x000000076b800000)
  object space 173568K, 3% used [0x00000006c2800000,0x00000006c2e02050,0x00000006cd180000)
 Metaspace       used 8517K, capacity 8742K, committed 8960K, reserved 1056768K
  class space    used 687K, capacity 722K, committed 768K, reserved 1048576K
}

