# JRE version: Java(TM) SE Runtime Environment (8.0_65-b17) (build 1.8.0_65-b17)
# Java VM: Java HotSpot(TM) 64-Bit Server VM (25.65-b01 mixed mode windows-amd64 compressed oops)
Heap:
 PSYoungGen      total 191488K, used 97047K [0x000000076b800000, 0x000000077b180000, 0x00000007c0000000)
  eden space 190976K, 50% used [0x000000076b800000,0x00000007716b5fb0,0x0000000777280000)
  from space 512K, 12% used [0x000000077b100000,0x000000077b110000,0x000000077b180000)
  to   space 2560K, 0% used [0x000000077ac80000,0x000000077ac80000,0x000000077af00000)
 ParOldGen       total 173568K, used 1224K [0x00000006c2800000, 0x00000006cd180000, 0x000000076b800000)
  object space 173568K, 0% used [0x00000006c2800000,0x00000006c2932070,0x00000006cd180000)
 Metaspace       used 7966K, capacity 8486K, committed 8704K, reserved 1056768K
  class space    used 642K, capacity 658K, committed 768K, reserved 1048576K
GC Heap History (10 events):
Event: 1.471 GC heap before
{Heap before GC invocations=10 (full 0):
 PSYoungGen      total 233472K, used 231040K [0x000000076b800000, 0x000000077b780000, 0x00000007c0000000)
  eden space 230912K, 100% used [0x000000076b800000,0x0000000779980000,0x0000000779980000)
  from space 2560K, 5% used [0x000000077b280000,0x000000077b2a0000,0x000000077b500000)
  to   space 2560K, 0% used [0x000000077b500000,0x000000077b500000,0x000000077b780000)
 ParOldGen       total 173568K, used 1200K [0x00000006c2800000, 0x00000006cd180000, 0x000000076b800000)
  object space 173568K, 0% used [0x00000006c2800000,0x00000006c292c070,0x00000006cd180000)
 Metaspace       used 7966K, capacity 8486K, committed 8704K, reserved 1056768K
  class space    used 642K, capacity 658K, committed 768K, reserved 1048576K
Event: 1.472 GC heap after
Heap after GC invocations=10 (full 0):
 PSYoungGen      total 222720K, used 96K [0x000000076b800000, 0x000000077b580000, 0x00000007c0000000)
  eden space 222208K, 0% used [0x000000076b800000,0x000000076b800000,0x0000000779100000)
  from space 512K, 18% used [0x000000077b500000,0x000000077b518000,0x000000077b580000)
  to   space 2560K, 0% used [0x000000077b080000,0x000000077b080000,0x000000077b300000)
 ParOldGen       total 173568K, used 1224K [0x00000006c2800000, 0x00000006cd180000, 0x000000076b800000)
  object space 173568K, 0% used [0x00000006c2800000,0x00000006c2932070,0x00000006cd180000)
 Metaspace       used 7966K, capacity 8486K, committed 8704K, reserved 1056768K
  class space    used 642K, capacity 658K, committed 768K, reserved 1048576K
}
Event: 1.572 GC heap before
{Heap before GC invocations=11 (full 0):
 PSYoungGen      total 222720K, used 222304K [0x000000076b800000, 0x000000077b580000, 0x00000007c0000000)
  eden space 222208K, 100% used [0x000000076b800000,0x0000000779100000,0x0000000779100000)
  from space 512K, 18% used [0x000000077b500000,0x000000077b518000,0x000000077b580000)
  to   space 2560K, 0% used [0x000000077b080000,0x000000077b080000,0x000000077b300000)
 ParOldGen       total 173568K, used 1224K [0x00000006c2800000, 0x00000006cd180000, 0x000000076b800000)
  object space 173568K, 0% used [0x00000006c2800000,0x00000006c2932070,0x00000006cd180000)
 Metaspace       used 7966K, capacity 8486K, committed 8704K, reserved 1056768K
  class space    used 642K, capacity 658K, committed 768K, reserved 1048576K
Event: 1.573 GC heap after
Heap after GC invocations=11 (full 0):
 PSYoungGen      total 216576K, used 64K [0x000000076b800000, 0x000000077b580000, 0x00000007c0000000)
  eden space 214016K, 0% used [0x000000076b800000,0x000000076b800000,0x0000000778900000)
  from space 2560K, 2% used [0x000000077b080000,0x000000077b090000,0x000000077b300000)
  to   space 2560K, 0% used [0x000000077b300000,0x000000077b300000,0x000000077b580000)
 ParOldGen       total 173568K, used 1224K [0x00000006c2800000, 0x00000006cd180000, 0x000000076b800000)
  object space 173568K, 0% used [0x00000006c2800000,0x00000006c2932070,0x00000006cd180000)
 Metaspace       used 7966K, capacity 8486K, committed 8704K, reserved 1056768K
  class space    used 642K, capacity 658K, committed 768K, reserved 1048576K
}
Event: 1.668 GC heap before
{Heap before GC invocations=12 (full 0):
 PSYoungGen      total 216576K, used 214080K [0x000000076b800000, 0x000000077b580000, 0x00000007c0000000)
  eden space 214016K, 100% used [0x000000076b800000,0x0000000778900000,0x0000000778900000)
  from space 2560K, 2% used [0x000000077b080000,0x000000077b090000,0x000000077b300000)
  to   space 2560K, 0% used [0x000000077b300000,0x000000077b300000,0x000000077b580000)
 ParOldGen       total 173568K, used 1224K [0x00000006c2800000, 0x00000006cd180000, 0x000000076b800000)
  object space 173568K, 0% used [0x00000006c2800000,0x00000006c2932070,0x00000006cd180000)
 Metaspace       used 7966K, capacity 8486K, committed 8704K, reserved 1056768K
  class space    used 642K, capacity 658K, committed 768K, reserved 1048576K
Event: 1.668 GC heap after
Heap after GC invocations=12 (full 0):
 PSYoungGen      total 206336K, used 96K [0x000000076b800000, 0x000000077b380000, 0x00000007c0000000)
  eden space 205824K, 0% used [0x000000076b800000,0x000000076b800000,0x0000000778100000)
  from space 512K, 18% used [0x000000077b300000,0x000000077b318000,0x000000077b380000)
  to   space 2560K, 0% used [0x000000077ae80000,0x000000077ae80000,0x000000077b100000)
 ParOldGen       total 173568K, used 1224K [0x00000006c2800000, 0x00000006cd180000, 0x000000076b800000)
  object space 173568K, 0% used [0x00000006c2800000,0x00000006c2932070,0x00000006cd180000)
 Metaspace       used 7966K, capacity 8486K, committed 8704K, reserved 1056768K
  class space    used 642K, capacity 658K, committed 768K, reserved 1048576K
}
Event: 1.763 GC heap before
{Heap before GC invocations=13 (full 0):
 PSYoungGen      total 206336K, used 205920K [0x000000076b800000, 0x000000077b380000, 0x00000007c0000000)
  eden space 205824K, 100% used [0x000000076b800000,0x0000000778100000,0x0000000778100000)
  from space 512K, 18% used [0x000000077b300000,0x000000077b318000,0x000000077b380000)
  to   space 2560K, 0% used [0x000000077ae80000,0x000000077ae80000,0x000000077b100000)
 ParOldGen       total 173568K, used 1224K [0x00000006c2800000, 0x00000006cd180000, 0x000000076b800000)
  object space 173568K, 0% used [0x00000006c2800000,0x00000006c2932070,0x00000006cd180000)
 Metaspace       used 7966K, capacity 8486K, committed 8704K, reserved 1056768K
  class space    used 642K, capacity 658K, committed 768K, reserved 1048576K
Event: 1.763 GC heap after
Heap after GC invocations=13 (full 0):
 PSYoungGen      total 200704K, used 32K [0x000000076b800000, 0x000000077b380000, 0x00000007c0000000)
  eden space 198144K, 0% used [0x000000076b800000,0x000000076b800000,0x0000000777980000)
  from space 2560K, 1% used [0x000000077ae80000,0x000000077ae88000,0x000000077b100000)
  to   space 2560K, 0% used [0x000000077b100000,0x000000077b100000,0x000000077b380000)
 ParOldGen       total 173568K, used 1224K [0x00000006c2800000, 0x00000006cd180000, 0x000000076b800000)
  object space 173568K, 0% used [0x00000006c2800000,0x00000006c2932070,0x00000006cd180000)
 Metaspace       used 7966K, capacity 8486K, committed 8704K, reserved 1056768K
  class space    used 642K, capacity 658K, committed 768K, reserved 1048576K
}
Event: 1.857 GC heap before
{Heap before GC invocations=14 (full 0):
 PSYoungGen      total 200704K, used 198176K [0x000000076b800000, 0x000000077b380000, 0x00000007c0000000)
  eden space 198144K, 100% used [0x000000076b800000,0x0000000777980000,0x0000000777980000)
  from space 2560K, 1% used [0x000000077ae80000,0x000000077ae88000,0x000000077b100000)
  to   space 2560K, 0% used [0x000000077b100000,0x000000077b100000,0x000000077b380000)
 ParOldGen       total 173568K, used 1224K [0x00000006c2800000, 0x00000006cd180000, 0x000000076b800000)
  object space 173568K, 0% used [0x00000006c2800000,0x00000006c2932070,0x00000006cd180000)
 Metaspace       used 7966K, capacity 8486K, committed 8704K, reserved 1056768K
  class space    used 642K, capacity 658K, committed 768K, reserved 1048576K
Event: 1.857 GC heap after
Heap after GC invocations=14 (full 0):
 PSYoungGen      total 191488K, used 64K [0x000000076b800000, 0x000000077b180000, 0x00000007c0000000)
  eden space 190976K, 0% used [0x000000076b800000,0x000000076b800000,0x0000000777280000)
  from space 512K, 12% used [0x000000077b100000,0x000000077b110000,0x000000077b180000)
  to   space 2560K, 0% used [0x000000077ac80000,0x000000077ac80000,0x000000077af00000)
 ParOldGen       total 173568K, used 1224K [0x00000006c2800000, 0x00000006cd180000, 0x000000076b800000)
  object space 173568K, 0% used [0x00000006c2800000,0x00000006c2932070,0x00000006cd180000)
 Metaspace       used 7966K, capacity 8486K, committed 8704K, reserved 1056768K
  class space    used 642K, capacity 658K, committed 768K, reserved 1048576K
}

