# JRE version: Java(TM) SE Runtime Environment (8.0_65-b17) (build 1.8.0_65-b17)
# Java VM: Java HotSpot(TM) 64-Bit Server VM (25.65-b01 mixed mode windows-amd64 compressed oops)
Heap:
 PSYoungGen      total 167936K, used 76878K [0x000000076b800000, 0x0000000777980000, 0x00000007c0000000)
  eden space 165888K, 46% used [0x000000076b800000,0x00000007702fbaa0,0x0000000775a00000)
  from space 2048K, 4% used [0x0000000777580000,0x0000000777598000,0x0000000777780000)
  to   space 2048K, 0% used [0x0000000777780000,0x0000000777780000,0x0000000777980000)
 ParOldGen       total 173568K, used 1312K [0x00000006c2800000, 0x00000006cd180000, 0x000000076b800000)
  object space 173568K, 0% used [0x00000006c2800000,0x00000006c2948070,0x00000006cd180000)
 Metaspace       used 7956K, capacity 8486K, committed 8704K, reserved 1056768K
  class space    used 642K, capacity 658K, committed 768K, reserved 1048576K
GC Heap History (10 events):
Event: 1.091 GC heap before
{Heap before GC invocations=11 (full 0):
 PSYoungGen      total 200192K, used 199954K [0x000000076b800000, 0x0000000777d00000, 0x00000007c0000000)
  eden space 198656K, 100% used [0x000000076b800000,0x0000000777a00000,0x0000000777a00000)
  from space 1536K, 84% used [0x0000000777b80000,0x0000000777cc4bd8,0x0000000777d00000)
  to   space 1536K, 0% used [0x0000000777a00000,0x0000000777a00000,0x0000000777b80000)
 ParOldGen       total 173568K, used 1012K [0x00000006c2800000, 0x00000006cd180000, 0x000000076b800000)
  object space 173568K, 0% used [0x00000006c2800000,0x00000006c28fd060,0x00000006cd180000)
 Metaspace       used 7955K, capacity 8486K, committed 8704K, reserved 1056768K
  class space    used 642K, capacity 658K, committed 768K, reserved 1048576K
Event: 1.092 GC heap after
Heap after GC invocations=11 (full 0):
 PSYoungGen      total 192000K, used 96K [0x000000076b800000, 0x0000000777c00000, 0x00000007c0000000)
  eden space 191488K, 0% used [0x000000076b800000,0x000000076b800000,0x0000000777300000)
  from space 512K, 18% used [0x0000000777a00000,0x0000000777a18000,0x0000000777a80000)
  to   space 1536K, 0% used [0x0000000777a80000,0x0000000777a80000,0x0000000777c00000)
 ParOldGen       total 173568K, used 1288K [0x00000006c2800000, 0x00000006cd180000, 0x000000076b800000)
  object space 173568K, 0% used [0x00000006c2800000,0x00000006c2942070,0x00000006cd180000)
 Metaspace       used 7955K, capacity 8486K, committed 8704K, reserved 1056768K
  class space    used 642K, capacity 658K, committed 768K, reserved 1048576K
}
Event: 1.241 GC heap before
{Heap before GC invocations=12 (full 0):
 PSYoungGen      total 192000K, used 191584K [0x000000076b800000, 0x0000000777c00000, 0x00000007c0000000)
  eden space 191488K, 100% used [0x000000076b800000,0x0000000777300000,0x0000000777300000)
  from space 512K, 18% used [0x0000000777a00000,0x0000000777a18000,0x0000000777a80000)
  to   space 1536K, 0% used [0x0000000777a80000,0x0000000777a80000,0x0000000777c00000)
 ParOldGen       total 173568K, used 1288K [0x00000006c2800000, 0x00000006cd180000, 0x000000076b800000)
  object space 173568K, 0% used [0x00000006c2800000,0x00000006c2942070,0x00000006cd180000)
 Metaspace       used 7956K, capacity 8486K, committed 8704K, reserved 1056768K
  class space    used 642K, capacity 658K, committed 768K, reserved 1048576K
Event: 1.241 GC heap after
Heap after GC invocations=12 (full 0):
 PSYoungGen      total 185344K, used 96K [0x000000076b800000, 0x0000000777b00000, 0x00000007c0000000)
  eden space 184832K, 0% used [0x000000076b800000,0x000000076b800000,0x0000000776c80000)
  from space 512K, 18% used [0x0000000777a80000,0x0000000777a98000,0x0000000777b00000)
  to   space 1536K, 0% used [0x0000000777800000,0x0000000777800000,0x0000000777980000)
 ParOldGen       total 173568K, used 1312K [0x00000006c2800000, 0x00000006cd180000, 0x000000076b800000)
  object space 173568K, 0% used [0x00000006c2800000,0x00000006c2948070,0x00000006cd180000)
 Metaspace       used 7956K, capacity 8486K, committed 8704K, reserved 1056768K
  class space    used 642K, capacity 658K, committed 768K, reserved 1048576K
}
Event: 1.423 GC heap before
{Heap before GC invocations=13 (full 0):
 PSYoungGen      total 185344K, used 184928K [0x000000076b800000, 0x0000000777b00000, 0x00000007c0000000)
  eden space 184832K, 100% used [0x000000076b800000,0x0000000776c80000,0x0000000776c80000)
  from space 512K, 18% used [0x0000000777a80000,0x0000000777a98000,0x0000000777b00000)
  to   space 1536K, 0% used [0x0000000777800000,0x0000000777800000,0x0000000777980000)
 ParOldGen       total 173568K, used 1312K [0x00000006c2800000, 0x00000006cd180000, 0x000000076b800000)
  object space 173568K, 0% used [0x00000006c2800000,0x00000006c2948070,0x00000006cd180000)
 Metaspace       used 7956K, capacity 8486K, committed 8704K, reserved 1056768K
  class space    used 642K, capacity 658K, committed 768K, reserved 1048576K
Event: 1.423 GC heap after
Heap after GC invocations=13 (full 0):
 PSYoungGen      total 178688K, used 64K [0x000000076b800000, 0x0000000777b00000, 0x00000007c0000000)
  eden space 178176K, 0% used [0x000000076b800000,0x000000076b800000,0x0000000776600000)
  from space 512K, 12% used [0x0000000777800000,0x0000000777810000,0x0000000777880000)
  to   space 2048K, 0% used [0x0000000777900000,0x0000000777900000,0x0000000777b00000)
 ParOldGen       total 173568K, used 1312K [0x00000006c2800000, 0x00000006cd180000, 0x000000076b800000)
  object space 173568K, 0% used [0x00000006c2800000,0x00000006c2948070,0x00000006cd180000)
 Metaspace       used 7956K, capacity 8486K, committed 8704K, reserved 1056768K
  class space    used 642K, capacity 658K, committed 768K, reserved 1048576K
}
Event: 1.593 GC heap before
{Heap before GC invocations=14 (full 0):
 PSYoungGen      total 178688K, used 178240K [0x000000076b800000, 0x0000000777b00000, 0x00000007c0000000)
  eden space 178176K, 100% used [0x000000076b800000,0x0000000776600000,0x0000000776600000)
  from space 512K, 12% used [0x0000000777800000,0x0000000777810000,0x0000000777880000)
  to   space 2048K, 0% used [0x0000000777900000,0x0000000777900000,0x0000000777b00000)
 ParOldGen       total 173568K, used 1312K [0x00000006c2800000, 0x00000006cd180000, 0x000000076b800000)
  object space 173568K, 0% used [0x00000006c2800000,0x00000006c2948070,0x00000006cd180000)
 Metaspace       used 7956K, capacity 8486K, committed 8704K, reserved 1056768K
  class space    used 642K, capacity 658K, committed 768K, reserved 1048576K
Event: 1.594 GC heap after
Heap after GC invocations=14 (full 0):
 PSYoungGen      total 172544K, used 64K [0x000000076b800000, 0x0000000777980000, 0x00000007c0000000)
  eden space 172032K, 0% used [0x000000076b800000,0x000000076b800000,0x0000000776000000)
  from space 512K, 12% used [0x0000000777900000,0x0000000777910000,0x0000000777980000)
  to   space 2048K, 0% used [0x0000000777580000,0x0000000777580000,0x0000000777780000)
 ParOldGen       total 173568K, used 1312K [0x00000006c2800000, 0x00000006cd180000, 0x000000076b800000)
  object space 173568K, 0% used [0x00000006c2800000,0x00000006c2948070,0x00000006cd180000)
 Metaspace       used 7956K, capacity 8486K, committed 8704K, reserved 1056768K
  class space    used 642K, capacity 658K, committed 768K, reserved 1048576K
}
Event: 1.728 GC heap before
{Heap before GC invocations=15 (full 0):
 PSYoungGen      total 172544K, used 172096K [0x000000076b800000, 0x0000000777980000, 0x00000007c0000000)
  eden space 172032K, 100% used [0x000000076b800000,0x0000000776000000,0x0000000776000000)
  from space 512K, 12% used [0x0000000777900000,0x0000000777910000,0x0000000777980000)
  to   space 2048K, 0% used [0x0000000777580000,0x0000000777580000,0x0000000777780000)
 ParOldGen       total 173568K, used 1312K [0x00000006c2800000, 0x00000006cd180000, 0x000000076b800000)
  object space 173568K, 0% used [0x00000006c2800000,0x00000006c2948070,0x00000006cd180000)
 Metaspace       used 7956K, capacity 8486K, committed 8704K, reserved 1056768K
  class space    used 642K, capacity 658K, committed 768K, reserved 1048576K
Event: 1.729 GC heap after
Heap after GC invocations=15 (full 0):
 PSYoungGen      total 167936K, used 96K [0x000000076b800000, 0x0000000777980000, 0x00000007c0000000)
  eden space 165888K, 0% used [0x000000076b800000,0x000000076b800000,0x0000000775a00000)
  from space 2048K, 4% used [0x0000000777580000,0x0000000777598000,0x0000000777780000)
  to   space 2048K, 0% used [0x0000000777780000,0x0000000777780000,0x0000000777980000)
 ParOldGen       total 173568K, used 1312K [0x00000006c2800000, 0x00000006cd180000, 0x000000076b800000)
  object space 173568K, 0% used [0x00000006c2800000,0x00000006c2948070,0x00000006cd180000)
 Metaspace       used 7956K, capacity 8486K, committed 8704K, reserved 1056768K
  class space    used 642K, capacity 658K, committed 768K, reserved 1048576K
}

