# JRE version: Java(TM) SE Runtime Environment (8.0_65-b17) (build 1.8.0_65-b17)
# Java VM: Java HotSpot(TM) 64-Bit Server VM (25.65-b01 mixed mode windows-amd64 compressed oops)
Heap:
 PSYoungGen      total 962560K, used 934965K [0x000000076b800000, 0x00000007ac380000, 0x00000007c0000000)
  eden space 962048K, 97% used [0x000000076b800000,0x00000007a48d55c0,0x00000007a6380000)
  from space 512K, 43% used [0x00000007ac300000,0x00000007ac338000,0x00000007ac380000)
  to   space 7168K, 0% used [0x00000007ab580000,0x00000007ab580000,0x00000007abc80000)
 ParOldGen       total 173568K, used 17199K [0x00000006c2800000, 0x00000006cd180000, 0x000000076b800000)
  object space 173568K, 9% used [0x00000006c2800000,0x00000006c38cbd28,0x00000006cd180000)
 Metaspace       used 8371K, capacity 8774K, committed 8960K, reserved 1056768K
  class space    used 661K, capacity 690K, committed 768K, reserved 1048576K
GC Heap History (10 events):
Event: 1.671 GC heap before
{Heap before GC invocations=12 (full 0):
 PSYoungGen      total 421376K, used 413440K [0x000000076b800000, 0x0000000794e00000, 0x00000007c0000000)
  eden space 413184K, 100% used [0x000000076b800000,0x0000000784b80000,0x0000000784b80000)
  from space 8192K, 3% used [0x0000000784b80000,0x0000000784bc0000,0x0000000785380000)
  to   space 8192K, 0% used [0x0000000794600000,0x0000000794600000,0x0000000794e00000)
 ParOldGen       total 173568K, used 17087K [0x00000006c2800000, 0x00000006cd180000, 0x000000076b800000)
  object space 173568K, 9% used [0x00000006c2800000,0x00000006c38afd28,0x00000006cd180000)
 Metaspace       used 8329K, capacity 8710K, committed 8960K, reserved 1056768K
  class space    used 661K, capacity 690K, committed 768K, reserved 1048576K
Event: 1.672 GC heap after
Heap after GC invocations=12 (full 0):
 PSYoungGen      total 669696K, used 160K [0x000000076b800000, 0x0000000794e00000, 0x00000007c0000000)
  eden space 661504K, 0% used [0x000000076b800000,0x000000076b800000,0x0000000793e00000)
  from space 8192K, 1% used [0x0000000794600000,0x0000000794628000,0x0000000794e00000)
  to   space 8192K, 0% used [0x0000000793e00000,0x0000000793e00000,0x0000000794600000)
 ParOldGen       total 173568K, used 17135K [0x00000006c2800000, 0x00000006cd180000, 0x000000076b800000)
  object space 173568K, 9% used [0x00000006c2800000,0x00000006c38bbd28,0x00000006cd180000)
 Metaspace       used 8329K, capacity 8710K, committed 8960K, reserved 1056768K
  class space    used 661K, capacity 690K, committed 768K, reserved 1048576K
}
Event: 1.958 GC heap before
{Heap before GC invocations=13 (full 0):
 PSYoungGen      total 669696K, used 661664K [0x000000076b800000, 0x0000000794e00000, 0x00000007c0000000)
  eden space 661504K, 100% used [0x000000076b800000,0x0000000793e00000,0x0000000793e00000)
  from space 8192K, 1% used [0x0000000794600000,0x0000000794628000,0x0000000794e00000)
  to   space 8192K, 0% used [0x0000000793e00000,0x0000000793e00000,0x0000000794600000)
 ParOldGen       total 173568K, used 17135K [0x00000006c2800000, 0x00000006cd180000, 0x000000076b800000)
  object space 173568K, 9% used [0x00000006c2800000,0x00000006c38bbd28,0x00000006cd180000)
 Metaspace       used 8342K, capacity 8710K, committed 8960K, reserved 1056768K
  class space    used 661K, capacity 690K, committed 768K, reserved 1048576K
Event: 1.959 GC heap after
Heap after GC invocations=13 (full 0):
 PSYoungGen      total 669696K, used 192K [0x000000076b800000, 0x00000007ad200000, 0x00000007c0000000)
  eden space 661504K, 0% used [0x000000076b800000,0x000000076b800000,0x0000000793e00000)
  from space 8192K, 2% used [0x0000000793e00000,0x0000000793e30000,0x0000000794600000)
  to   space 8192K, 0% used [0x00000007aca00000,0x00000007aca00000,0x00000007ad200000)
 ParOldGen       total 173568K, used 17159K [0x00000006c2800000, 0x00000006cd180000, 0x000000076b800000)
  object space 173568K, 9% used [0x00000006c2800000,0x00000006c38c1d28,0x00000006cd180000)
 Metaspace       used 8342K, capacity 8710K, committed 8960K, reserved 1056768K
  class space    used 661K, capacity 690K, committed 768K, reserved 1048576K
}
Event: 2.460 GC heap before
{Heap before GC invocations=14 (full 0):
 PSYoungGen      total 669696K, used 661696K [0x000000076b800000, 0x00000007ad200000, 0x00000007c0000000)
  eden space 661504K, 100% used [0x000000076b800000,0x0000000793e00000,0x0000000793e00000)
  from space 8192K, 2% used [0x0000000793e00000,0x0000000793e30000,0x0000000794600000)
  to   space 8192K, 0% used [0x00000007aca00000,0x00000007aca00000,0x00000007ad200000)
 ParOldGen       total 173568K, used 17159K [0x00000006c2800000, 0x00000006cd180000, 0x000000076b800000)
  object space 173568K, 9% used [0x00000006c2800000,0x00000006c38c1d28,0x00000006cd180000)
 Metaspace       used 8356K, capacity 8774K, committed 8960K, reserved 1056768K
  class space    used 661K, capacity 690K, committed 768K, reserved 1048576K
Event: 2.461 GC heap after
Heap after GC invocations=14 (full 0):
 PSYoungGen      total 1065984K, used 224K [0x000000076b800000, 0x00000007ad100000, 0x00000007c0000000)
  eden space 1058816K, 0% used [0x000000076b800000,0x000000076b800000,0x00000007ac200000)
  from space 7168K, 3% used [0x00000007aca00000,0x00000007aca38000,0x00000007ad100000)
  to   space 7680K, 0% used [0x00000007ac200000,0x00000007ac200000,0x00000007ac980000)
 ParOldGen       total 173568K, used 17167K [0x00000006c2800000, 0x00000006cd180000, 0x000000076b800000)
  object space 173568K, 9% used [0x00000006c2800000,0x00000006c38c3d28,0x00000006cd180000)
 Metaspace       used 8356K, capacity 8774K, committed 8960K, reserved 1056768K
  class space    used 661K, capacity 690K, committed 768K, reserved 1048576K
}
Event: 3.235 GC heap before
{Heap before GC invocations=15 (full 0):
 PSYoungGen      total 1065984K, used 1059040K [0x000000076b800000, 0x00000007ad100000, 0x00000007c0000000)
  eden space 1058816K, 100% used [0x000000076b800000,0x00000007ac200000,0x00000007ac200000)
  from space 7168K, 3% used [0x00000007aca00000,0x00000007aca38000,0x00000007ad100000)
  to   space 7680K, 0% used [0x00000007ac200000,0x00000007ac200000,0x00000007ac980000)
 ParOldGen       total 173568K, used 17167K [0x00000006c2800000, 0x00000006cd180000, 0x000000076b800000)
  object space 173568K, 9% used [0x00000006c2800000,0x00000006c38c3d28,0x00000006cd180000)
 Metaspace       used 8359K, capacity 8774K, committed 8960K, reserved 1056768K
  class space    used 661K, capacity 690K, committed 768K, reserved 1048576K
Event: 3.236 GC heap after
Heap after GC invocations=15 (full 0):
 PSYoungGen      total 1009664K, used 224K [0x000000076b800000, 0x00000007aca80000, 0x00000007c0000000)
  eden space 1009152K, 0% used [0x000000076b800000,0x000000076b800000,0x00000007a9180000)
  from space 512K, 43% used [0x00000007ac200000,0x00000007ac238000,0x00000007ac280000)
  to   space 7680K, 0% used [0x00000007ac300000,0x00000007ac300000,0x00000007aca80000)
 ParOldGen       total 173568K, used 17167K [0x00000006c2800000, 0x00000006cd180000, 0x000000076b800000)
  object space 173568K, 9% used [0x00000006c2800000,0x00000006c38c3d28,0x00000006cd180000)
 Metaspace       used 8359K, capacity 8774K, committed 8960K, reserved 1056768K
  class space    used 661K, capacity 690K, committed 768K, reserved 1048576K
}
Event: 4.215 GC heap before
{Heap before GC invocations=16 (full 0):
 PSYoungGen      total 1009664K, used 1009376K [0x000000076b800000, 0x00000007aca80000, 0x00000007c0000000)
  eden space 1009152K, 100% used [0x000000076b800000,0x00000007a9180000,0x00000007a9180000)
  from space 512K, 43% used [0x00000007ac200000,0x00000007ac238000,0x00000007ac280000)
  to   space 7680K, 0% used [0x00000007ac300000,0x00000007ac300000,0x00000007aca80000)
 ParOldGen       total 173568K, used 17167K [0x00000006c2800000, 0x00000006cd180000, 0x000000076b800000)
  object space 173568K, 9% used [0x00000006c2800000,0x00000006c38c3d28,0x00000006cd180000)
 Metaspace       used 8369K, capacity 8774K, committed 8960K, reserved 1056768K
  class space    used 661K, capacity 690K, committed 768K, reserved 1048576K
Event: 4.216 GC heap after
Heap after GC invocations=16 (full 0):
 PSYoungGen      total 962560K, used 224K [0x000000076b800000, 0x00000007ac380000, 0x00000007c0000000)
  eden space 962048K, 0% used [0x000000076b800000,0x000000076b800000,0x00000007a6380000)
  from space 512K, 43% used [0x00000007ac300000,0x00000007ac338000,0x00000007ac380000)
  to   space 7168K, 0% used [0x00000007ab580000,0x00000007ab580000,0x00000007abc80000)
 ParOldGen       total 173568K, used 17199K [0x00000006c2800000, 0x00000006cd180000, 0x000000076b800000)
  object space 173568K, 9% used [0x00000006c2800000,0x00000006c38cbd28,0x00000006cd180000)
 Metaspace       used 8369K, capacity 8774K, committed 8960K, reserved 1056768K
  class space    used 661K, capacity 690K, committed 768K, reserved 1048576K
}

