# JRE version: Java(TM) SE Runtime Environment (8.0_65-b17) (build 1.8.0_65-b17)
# Java VM: Java HotSpot(TM) 64-Bit Server VM (25.65-b01 mixed mode windows-amd64 compressed oops)
Heap:
 PSYoungGen      total 1362944K, used 53791K [0x000000076b800000, 0x00000007bfe80000, 0x00000007c0000000)
  eden space 1344000K, 3% used [0x000000076b800000,0x000000076ec17e08,0x00000007bd880000)
  from space 18944K, 2% used [0x00000007bec00000,0x00000007bec70000,0x00000007bfe80000)
  to   space 19456K, 0% used [0x00000007bd880000,0x00000007bd880000,0x00000007beb80000)
 ParOldGen       total 173568K, used 21900K [0x00000006c2800000, 0x00000006cd180000, 0x000000076b800000)
  object space 173568K, 12% used [0x00000006c2800000,0x00000006c3d63060,0x00000006cd180000)
 Metaspace       used 8550K, capacity 8806K, committed 8960K, reserved 1056768K
  class space    used 687K, capacity 722K, committed 768K, reserved 1048576K
GC Heap History (10 events):
Event: 6.923 GC heap before
{Heap before GC invocations=10 (full 0):
 PSYoungGen      total 524800K, used 503616K [0x000000076b800000, 0x000000079f400000, 0x00000007c0000000)
  eden space 502784K, 100% used [0x000000076b800000,0x000000078a300000,0x000000078a300000)
  from space 22016K, 3% used [0x000000078a300000,0x000000078a3d0000,0x000000078b880000)
  to   space 21504K, 0% used [0x000000079df00000,0x000000079df00000,0x000000079f400000)
 ParOldGen       total 173568K, used 21100K [0x00000006c2800000, 0x00000006cd180000, 0x000000076b800000)
  object space 173568K, 12% used [0x00000006c2800000,0x00000006c3c9b060,0x00000006cd180000)
 Metaspace       used 8532K, capacity 8742K, committed 8960K, reserved 1056768K
  class space    used 687K, capacity 722K, committed 768K, reserved 1048576K
Event: 6.925 GC heap after
Heap after GC invocations=10 (full 0):
 PSYoungGen      total 826368K, used 256K [0x000000076b800000, 0x000000079f400000, 0x00000007c0000000)
  eden space 804864K, 0% used [0x000000076b800000,0x000000076b800000,0x000000079ca00000)
  from space 21504K, 1% used [0x000000079df00000,0x000000079df40000,0x000000079f400000)
  to   space 21504K, 0% used [0x000000079ca00000,0x000000079ca00000,0x000000079df00000)
 ParOldGen       total 173568K, used 21756K [0x00000006c2800000, 0x00000006cd180000, 0x000000076b800000)
  object space 173568K, 12% used [0x00000006c2800000,0x00000006c3d3f060,0x00000006cd180000)
 Metaspace       used 8532K, capacity 8742K, committed 8960K, reserved 1056768K
  class space    used 687K, capacity 722K, committed 768K, reserved 1048576K
}
Event: 10.424 GC heap before
{Heap before GC invocations=11 (full 0):
 PSYoungGen      total 826368K, used 805120K [0x000000076b800000, 0x000000079f400000, 0x00000007c0000000)
  eden space 804864K, 100% used [0x000000076b800000,0x000000079ca00000,0x000000079ca00000)
  from space 21504K, 1% used [0x000000079df00000,0x000000079df40000,0x000000079f400000)
  to   space 21504K, 0% used [0x000000079ca00000,0x000000079ca00000,0x000000079df00000)
 ParOldGen       total 173568K, used 21756K [0x00000006c2800000, 0x00000006cd180000, 0x000000076b800000)
  object space 173568K, 12% used [0x00000006c2800000,0x00000006c3d3f060,0x00000006cd180000)
 Metaspace       used 8547K, capacity 8806K, committed 8960K, reserved 1056768K
  class space    used 687K, capacity 722K, committed 768K, reserved 1048576K
Event: 10.425 GC heap after
Heap after GC invocations=11 (full 0):
 PSYoungGen      total 826368K, used 256K [0x000000076b800000, 0x00000007bcb00000, 0x00000007c0000000)
  eden space 804864K, 0% used [0x000000076b800000,0x000000076b800000,0x000000079ca00000)
  from space 21504K, 1% used [0x000000079ca00000,0x000000079ca40000,0x000000079df00000)
  to   space 20992K, 0% used [0x00000007bb680000,0x00000007bb680000,0x00000007bcb00000)
 ParOldGen       total 173568K, used 21812K [0x00000006c2800000, 0x00000006cd180000, 0x000000076b800000)
  object space 173568K, 12% used [0x00000006c2800000,0x00000006c3d4d060,0x00000006cd180000)
 Metaspace       used 8547K, capacity 8806K, committed 8960K, reserved 1056768K
  class space    used 687K, capacity 722K, committed 768K, reserved 1048576K
}
Event: 14.410 GC heap before
{Heap before GC invocations=12 (full 0):
 PSYoungGen      total 826368K, used 805120K [0x000000076b800000, 0x00000007bcb00000, 0x00000007c0000000)
  eden space 804864K, 100% used [0x000000076b800000,0x000000079ca00000,0x000000079ca00000)
  from space 21504K, 1% used [0x000000079ca00000,0x000000079ca40000,0x000000079df00000)
  to   space 20992K, 0% used [0x00000007bb680000,0x00000007bb680000,0x00000007bcb00000)
 ParOldGen       total 173568K, used 21812K [0x00000006c2800000, 0x00000006cd180000, 0x000000076b800000)
  object space 173568K, 12% used [0x00000006c2800000,0x00000006c3d4d060,0x00000006cd180000)
 Metaspace       used 8549K, capacity 8806K, committed 8960K, reserved 1056768K
  class space    used 687K, capacity 722K, committed 768K, reserved 1048576K
Event: 14.411 GC heap after
Heap after GC invocations=12 (full 0):
 PSYoungGen      total 1308160K, used 224K [0x000000076b800000, 0x00000007bca00000, 0x00000007c0000000)
  eden space 1288192K, 0% used [0x000000076b800000,0x000000076b800000,0x00000007ba200000)
  from space 19968K, 1% used [0x00000007bb680000,0x00000007bb6b8000,0x00000007bca00000)
  to   space 20480K, 0% used [0x00000007ba200000,0x00000007ba200000,0x00000007bb600000)
 ParOldGen       total 173568K, used 21836K [0x00000006c2800000, 0x00000006cd180000, 0x000000076b800000)
  object space 173568K, 12% used [0x00000006c2800000,0x00000006c3d53060,0x00000006cd180000)
 Metaspace       used 8549K, capacity 8806K, committed 8960K, reserved 1056768K
  class space    used 687K, capacity 722K, committed 768K, reserved 1048576K
}
Event: 21.585 GC heap before
{Heap before GC invocations=13 (full 0):
 PSYoungGen      total 1308160K, used 1288416K [0x000000076b800000, 0x00000007bca00000, 0x00000007c0000000)
  eden space 1288192K, 100% used [0x000000076b800000,0x00000007ba200000,0x00000007ba200000)
  from space 19968K, 1% used [0x00000007bb680000,0x00000007bb6b8000,0x00000007bca00000)
  to   space 20480K, 0% used [0x00000007ba200000,0x00000007ba200000,0x00000007bb600000)
 ParOldGen       total 173568K, used 21836K [0x00000006c2800000, 0x00000006cd180000, 0x000000076b800000)
  object space 173568K, 12% used [0x00000006c2800000,0x00000006c3d53060,0x00000006cd180000)
 Metaspace       used 8549K, capacity 8806K, committed 8960K, reserved 1056768K
  class space    used 687K, capacity 722K, committed 768K, reserved 1048576K
Event: 21.587 GC heap after
Heap after GC invocations=13 (full 0):
 PSYoungGen      total 1308672K, used 480K [0x000000076b800000, 0x00000007bff80000, 0x00000007c0000000)
  eden space 1288192K, 0% used [0x000000076b800000,0x000000076b800000,0x00000007ba200000)
  from space 20480K, 2% used [0x00000007ba200000,0x00000007ba278000,0x00000007bb600000)
  to   space 19968K, 0% used [0x00000007bec00000,0x00000007bec00000,0x00000007bff80000)
 ParOldGen       total 173568K, used 21876K [0x00000006c2800000, 0x00000006cd180000, 0x000000076b800000)
  object space 173568K, 12% used [0x00000006c2800000,0x00000006c3d5d060,0x00000006cd180000)
 Metaspace       used 8549K, capacity 8806K, committed 8960K, reserved 1056768K
  class space    used 687K, capacity 722K, committed 768K, reserved 1048576K
}
Event: 28.963 GC heap before
{Heap before GC invocations=14 (full 0):
 PSYoungGen      total 1308672K, used 1288672K [0x000000076b800000, 0x00000007bff80000, 0x00000007c0000000)
  eden space 1288192K, 100% used [0x000000076b800000,0x00000007ba200000,0x00000007ba200000)
  from space 20480K, 2% used [0x00000007ba200000,0x00000007ba278000,0x00000007bb600000)
  to   space 19968K, 0% used [0x00000007bec00000,0x00000007bec00000,0x00000007bff80000)
 ParOldGen       total 173568K, used 21876K [0x00000006c2800000, 0x00000006cd180000, 0x000000076b800000)
  object space 173568K, 12% used [0x00000006c2800000,0x00000006c3d5d060,0x00000006cd180000)
 Metaspace       used 8550K, capacity 8806K, committed 8960K, reserved 1056768K
  class space    used 687K, capacity 722K, committed 768K, reserved 1048576K
Event: 28.964 GC heap after
Heap after GC invocations=14 (full 0):
 PSYoungGen      total 1362944K, used 448K [0x000000076b800000, 0x00000007bfe80000, 0x00000007c0000000)
  eden space 1344000K, 0% used [0x000000076b800000,0x000000076b800000,0x00000007bd880000)
  from space 18944K, 2% used [0x00000007bec00000,0x00000007bec70000,0x00000007bfe80000)
  to   space 19456K, 0% used [0x00000007bd880000,0x00000007bd880000,0x00000007beb80000)
 ParOldGen       total 173568K, used 21900K [0x00000006c2800000, 0x00000006cd180000, 0x000000076b800000)
  object space 173568K, 12% used [0x00000006c2800000,0x00000006c3d63060,0x00000006cd180000)
 Metaspace       used 8550K, capacity 8806K, committed 8960K, reserved 1056768K
  class space    used 687K, capacity 722K, committed 768K, reserved 1048576K
}

