# JRE version: Java(TM) SE Runtime Environment (8.0_65-b17) (build 1.8.0_65-b17)
# Java VM: Java HotSpot(TM) 64-Bit Server VM (25.65-b01 mixed mode windows-amd64 compressed oops)
Heap:
 PSYoungGen      total 593408K, used 148088K [0x000000076b800000, 0x00000007bcc00000, 0x00000007c0000000)
  eden space 592896K, 24% used [0x000000076b800000,0x00000007748662e0,0x000000078fb00000)
  from space 512K, 43% used [0x00000007bcb80000,0x00000007bcbb8000,0x00000007bcc00000)
  to   space 6656K, 0% used [0x00000007bbf00000,0x00000007bbf00000,0x00000007bc580000)
 ParOldGen       total 173568K, used 26864K [0x00000006c2800000, 0x00000006cd180000, 0x000000076b800000)
  object space 173568K, 15% used [0x00000006c2800000,0x00000006c423c050,0x00000006cd180000)
 Metaspace       used 8296K, capacity 8710K, committed 8960K, reserved 1056768K
  class space    used 654K, capacity 690K, committed 768K, reserved 1048576K
GC Heap History (10 events):
Event: 8.462 GC heap before
{Heap before GC invocations=22 (full 0):
 PSYoungGen      total 756224K, used 747232K [0x000000076b800000, 0x00000007be180000, 0x00000007c0000000)
  eden space 747008K, 100% used [0x000000076b800000,0x0000000799180000,0x0000000799180000)
  from space 9216K, 2% used [0x00000007bcf80000,0x00000007bcfb8000,0x00000007bd880000)
  to   space 8704K, 0% used [0x00000007bd900000,0x00000007bd900000,0x00000007be180000)
 ParOldGen       total 173568K, used 26800K [0x00000006c2800000, 0x00000006cd180000, 0x000000076b800000)
  object space 173568K, 15% used [0x00000006c2800000,0x00000006c422c050,0x00000006cd180000)
 Metaspace       used 8287K, capacity 8710K, committed 8960K, reserved 1056768K
  class space    used 654K, capacity 690K, committed 768K, reserved 1048576K
Event: 8.463 GC heap after
Heap after GC invocations=22 (full 0):
 PSYoungGen      total 713216K, used 224K [0x000000076b800000, 0x00000007bd980000, 0x00000007c0000000)
  eden space 712704K, 0% used [0x000000076b800000,0x000000076b800000,0x0000000797000000)
  from space 512K, 43% used [0x00000007bd900000,0x00000007bd938000,0x00000007bd980000)
  to   space 8192K, 0% used [0x00000007bc980000,0x00000007bc980000,0x00000007bd180000)
 ParOldGen       total 173568K, used 26800K [0x00000006c2800000, 0x00000006cd180000, 0x000000076b800000)
  object space 173568K, 15% used [0x00000006c2800000,0x00000006c422c050,0x00000006cd180000)
 Metaspace       used 8287K, capacity 8710K, committed 8960K, reserved 1056768K
  class space    used 654K, capacity 690K, committed 768K, reserved 1048576K
}
Event: 9.125 GC heap before
{Heap before GC invocations=23 (full 0):
 PSYoungGen      total 713216K, used 712928K [0x000000076b800000, 0x00000007bd980000, 0x00000007c0000000)
  eden space 712704K, 100% used [0x000000076b800000,0x0000000797000000,0x0000000797000000)
  from space 512K, 43% used [0x00000007bd900000,0x00000007bd938000,0x00000007bd980000)
  to   space 8192K, 0% used [0x00000007bc980000,0x00000007bc980000,0x00000007bd180000)
 ParOldGen       total 173568K, used 26800K [0x00000006c2800000, 0x00000006cd180000, 0x000000076b800000)
  object space 173568K, 15% used [0x00000006c2800000,0x00000006c422c050,0x00000006cd180000)
 Metaspace       used 8287K, capacity 8710K, committed 8960K, reserved 1056768K
  class space    used 654K, capacity 690K, committed 768K, reserved 1048576K
Event: 9.126 GC heap after
Heap after GC invocations=23 (full 0):
 PSYoungGen      total 688640K, used 224K [0x000000076b800000, 0x00000007bd980000, 0x00000007c0000000)
  eden space 680448K, 0% used [0x000000076b800000,0x000000076b800000,0x0000000795080000)
  from space 8192K, 2% used [0x00000007bc980000,0x00000007bc9b8000,0x00000007bd180000)
  to   space 7680K, 0% used [0x00000007bd200000,0x00000007bd200000,0x00000007bd980000)
 ParOldGen       total 173568K, used 26840K [0x00000006c2800000, 0x00000006cd180000, 0x000000076b800000)
  object space 173568K, 15% used [0x00000006c2800000,0x00000006c4236050,0x00000006cd180000)
 Metaspace       used 8287K, capacity 8710K, committed 8960K, reserved 1056768K
  class space    used 654K, capacity 690K, committed 768K, reserved 1048576K
}
Event: 9.797 GC heap before
{Heap before GC invocations=24 (full 0):
 PSYoungGen      total 688640K, used 680672K [0x000000076b800000, 0x00000007bd980000, 0x00000007c0000000)
  eden space 680448K, 100% used [0x000000076b800000,0x0000000795080000,0x0000000795080000)
  from space 8192K, 2% used [0x00000007bc980000,0x00000007bc9b8000,0x00000007bd180000)
  to   space 7680K, 0% used [0x00000007bd200000,0x00000007bd200000,0x00000007bd980000)
 ParOldGen       total 173568K, used 26840K [0x00000006c2800000, 0x00000006cd180000, 0x000000076b800000)
  object space 173568K, 15% used [0x00000006c2800000,0x00000006c4236050,0x00000006cd180000)
 Metaspace       used 8287K, capacity 8710K, committed 8960K, reserved 1056768K
  class space    used 654K, capacity 690K, committed 768K, reserved 1048576K
Event: 9.798 GC heap after
Heap after GC invocations=24 (full 0):
 PSYoungGen      total 650240K, used 224K [0x000000076b800000, 0x00000007bd280000, 0x00000007c0000000)
  eden space 649728K, 0% used [0x000000076b800000,0x000000076b800000,0x0000000793280000)
  from space 512K, 43% used [0x00000007bd200000,0x00000007bd238000,0x00000007bd280000)
  to   space 7168K, 0% used [0x00000007bc480000,0x00000007bc480000,0x00000007bcb80000)
 ParOldGen       total 173568K, used 26840K [0x00000006c2800000, 0x00000006cd180000, 0x000000076b800000)
  object space 173568K, 15% used [0x00000006c2800000,0x00000006c4236050,0x00000006cd180000)
 Metaspace       used 8287K, capacity 8710K, committed 8960K, reserved 1056768K
  class space    used 654K, capacity 690K, committed 768K, reserved 1048576K
}
Event: 10.278 GC heap before
{Heap before GC invocations=25 (full 0):
 PSYoungGen      total 650240K, used 649952K [0x000000076b800000, 0x00000007bd280000, 0x00000007c0000000)
  eden space 649728K, 100% used [0x000000076b800000,0x0000000793280000,0x0000000793280000)
  from space 512K, 43% used [0x00000007bd200000,0x00000007bd238000,0x00000007bd280000)
  to   space 7168K, 0% used [0x00000007bc480000,0x00000007bc480000,0x00000007bcb80000)
 ParOldGen       total 173568K, used 26840K [0x00000006c2800000, 0x00000006cd180000, 0x000000076b800000)
  object space 173568K, 15% used [0x00000006c2800000,0x00000006c4236050,0x00000006cd180000)
 Metaspace       used 8296K, capacity 8710K, committed 8960K, reserved 1056768K
  class space    used 654K, capacity 690K, committed 768K, reserved 1048576K
Event: 10.278 GC heap after
Heap after GC invocations=25 (full 0):
 PSYoungGen      total 627712K, used 192K [0x000000076b800000, 0x00000007bd280000, 0x00000007c0000000)
  eden space 620544K, 0% used [0x000000076b800000,0x000000076b800000,0x0000000791600000)
  from space 7168K, 2% used [0x00000007bc480000,0x00000007bc4b0000,0x00000007bcb80000)
  to   space 7168K, 0% used [0x00000007bcb80000,0x00000007bcb80000,0x00000007bd280000)
 ParOldGen       total 173568K, used 26864K [0x00000006c2800000, 0x00000006cd180000, 0x000000076b800000)
  object space 173568K, 15% used [0x00000006c2800000,0x00000006c423c050,0x00000006cd180000)
 Metaspace       used 8296K, capacity 8710K, committed 8960K, reserved 1056768K
  class space    used 654K, capacity 690K, committed 768K, reserved 1048576K
}
Event: 10.866 GC heap before
{Heap before GC invocations=26 (full 0):
 PSYoungGen      total 627712K, used 620736K [0x000000076b800000, 0x00000007bd280000, 0x00000007c0000000)
  eden space 620544K, 100% used [0x000000076b800000,0x0000000791600000,0x0000000791600000)
  from space 7168K, 2% used [0x00000007bc480000,0x00000007bc4b0000,0x00000007bcb80000)
  to   space 7168K, 0% used [0x00000007bcb80000,0x00000007bcb80000,0x00000007bd280000)
 ParOldGen       total 173568K, used 26864K [0x00000006c2800000, 0x00000006cd180000, 0x000000076b800000)
  object space 173568K, 15% used [0x00000006c2800000,0x00000006c423c050,0x00000006cd180000)
 Metaspace       used 8296K, capacity 8710K, committed 8960K, reserved 1056768K
  class space    used 654K, capacity 690K, committed 768K, reserved 1048576K
Event: 10.867 GC heap after
Heap after GC invocations=26 (full 0):
 PSYoungGen      total 593408K, used 224K [0x000000076b800000, 0x00000007bcc00000, 0x00000007c0000000)
  eden space 592896K, 0% used [0x000000076b800000,0x000000076b800000,0x000000078fb00000)
  from space 512K, 43% used [0x00000007bcb80000,0x00000007bcbb8000,0x00000007bcc00000)
  to   space 6656K, 0% used [0x00000007bbf00000,0x00000007bbf00000,0x00000007bc580000)
 ParOldGen       total 173568K, used 26864K [0x00000006c2800000, 0x00000006cd180000, 0x000000076b800000)
  object space 173568K, 15% used [0x00000006c2800000,0x00000006c423c050,0x00000006cd180000)
 Metaspace       used 8296K, capacity 8710K, committed 8960K, reserved 1056768K
  class space    used 654K, capacity 690K, committed 768K, reserved 1048576K
}

