# JRE version: Java(TM) SE Runtime Environment (8.0_65-b17) (build 1.8.0_65-b17)
# Java VM: Java HotSpot(TM) 64-Bit Server VM (25.65-b01 mixed mode windows-amd64 compressed oops)
Heap:
 PSYoungGen      total 149504K, used 128339K [0x000000076b800000, 0x000000078aa00000, 0x00000007c0000000)
  eden space 148992K, 86% used [0x000000076b800000,0x000000077354ceb0,0x0000000774980000)
  from space 512K, 6% used [0x000000078a980000,0x000000078a988000,0x000000078aa00000)
  to   space 1536K, 0% used [0x000000078a700000,0x000000078a700000,0x000000078a880000)
 ParOldGen       total 173568K, used 1365K [0x00000006c2800000, 0x00000006cd180000, 0x000000076b800000)
  object space 173568K, 0% used [0x00000006c2800000,0x00000006c29554e8,0x00000006cd180000)
 Metaspace       used 7984K, capacity 8550K, committed 8704K, reserved 1056768K
  class space    used 642K, capacity 658K, committed 768K, reserved 1048576K
GC Heap History (10 events):
Event: 2.790 GC heap before
{Heap before GC invocations=18 (full 0):
 PSYoungGen      total 179712K, used 177760K [0x000000076b800000, 0x000000078ae80000, 0x00000007c0000000)
  eden space 177664K, 100% used [0x000000076b800000,0x0000000776580000,0x0000000776580000)
  from space 2048K, 4% used [0x000000078aa80000,0x000000078aa98000,0x000000078ac80000)
  to   space 2048K, 0% used [0x000000078ac80000,0x000000078ac80000,0x000000078ae80000)
 ParOldGen       total 173568K, used 1365K [0x00000006c2800000, 0x00000006cd180000, 0x000000076b800000)
  object space 173568K, 0% used [0x00000006c2800000,0x00000006c29554e8,0x00000006cd180000)
 Metaspace       used 7980K, capacity 8550K, committed 8704K, reserved 1056768K
  class space    used 642K, capacity 658K, committed 768K, reserved 1048576K
Event: 2.791 GC heap after
Heap after GC invocations=18 (full 0):
 PSYoungGen      total 172032K, used 96K [0x000000076b800000, 0x000000078ad00000, 0x00000007c0000000)
  eden space 171520K, 0% used [0x000000076b800000,0x000000076b800000,0x0000000775f80000)
  from space 512K, 18% used [0x000000078ac80000,0x000000078ac98000,0x000000078ad00000)
  to   space 2048K, 0% used [0x000000078a900000,0x000000078a900000,0x000000078ab00000)
 ParOldGen       total 173568K, used 1365K [0x00000006c2800000, 0x00000006cd180000, 0x000000076b800000)
  object space 173568K, 0% used [0x00000006c2800000,0x00000006c29554e8,0x00000006cd180000)
 Metaspace       used 7980K, capacity 8550K, committed 8704K, reserved 1056768K
  class space    used 642K, capacity 658K, committed 768K, reserved 1048576K
}
Event: 2.919 GC heap before
{Heap before GC invocations=19 (full 0):
 PSYoungGen      total 172032K, used 171616K [0x000000076b800000, 0x000000078ad00000, 0x00000007c0000000)
  eden space 171520K, 100% used [0x000000076b800000,0x0000000775f80000,0x0000000775f80000)
  from space 512K, 18% used [0x000000078ac80000,0x000000078ac98000,0x000000078ad00000)
  to   space 2048K, 0% used [0x000000078a900000,0x000000078a900000,0x000000078ab00000)
 ParOldGen       total 173568K, used 1365K [0x00000006c2800000, 0x00000006cd180000, 0x000000076b800000)
  object space 173568K, 0% used [0x00000006c2800000,0x00000006c29554e8,0x00000006cd180000)
 Metaspace       used 7981K, capacity 8550K, committed 8704K, reserved 1056768K
  class space    used 642K, capacity 658K, committed 768K, reserved 1048576K
Event: 2.919 GC heap after
Heap after GC invocations=19 (full 0):
 PSYoungGen      total 167424K, used 96K [0x000000076b800000, 0x000000078ad00000, 0x00000007c0000000)
  eden space 165376K, 0% used [0x000000076b800000,0x000000076b800000,0x0000000775980000)
  from space 2048K, 4% used [0x000000078a900000,0x000000078a918000,0x000000078ab00000)
  to   space 2048K, 0% used [0x000000078ab00000,0x000000078ab00000,0x000000078ad00000)
 ParOldGen       total 173568K, used 1365K [0x00000006c2800000, 0x00000006cd180000, 0x000000076b800000)
  object space 173568K, 0% used [0x00000006c2800000,0x00000006c29554e8,0x00000006cd180000)
 Metaspace       used 7981K, capacity 8550K, committed 8704K, reserved 1056768K
  class space    used 642K, capacity 658K, committed 768K, reserved 1048576K
}
Event: 3.066 GC heap before
{Heap before GC invocations=20 (full 0):
 PSYoungGen      total 167424K, used 165472K [0x000000076b800000, 0x000000078ad00000, 0x00000007c0000000)
  eden space 165376K, 100% used [0x000000076b800000,0x0000000775980000,0x0000000775980000)
  from space 2048K, 4% used [0x000000078a900000,0x000000078a918000,0x000000078ab00000)
  to   space 2048K, 0% used [0x000000078ab00000,0x000000078ab00000,0x000000078ad00000)
 ParOldGen       total 173568K, used 1365K [0x00000006c2800000, 0x00000006cd180000, 0x000000076b800000)
  object space 173568K, 0% used [0x00000006c2800000,0x00000006c29554e8,0x00000006cd180000)
 Metaspace       used 7984K, capacity 8550K, committed 8704K, reserved 1056768K
  class space    used 642K, capacity 658K, committed 768K, reserved 1048576K
Event: 3.066 GC heap after
Heap after GC invocations=20 (full 0):
 PSYoungGen      total 160256K, used 64K [0x000000076b800000, 0x000000078ab80000, 0x00000007c0000000)
  eden space 159744K, 0% used [0x000000076b800000,0x000000076b800000,0x0000000775400000)
  from space 512K, 12% used [0x000000078ab00000,0x000000078ab10000,0x000000078ab80000)
  to   space 2048K, 0% used [0x000000078a780000,0x000000078a780000,0x000000078a980000)
 ParOldGen       total 173568K, used 1365K [0x00000006c2800000, 0x00000006cd180000, 0x000000076b800000)
  object space 173568K, 0% used [0x00000006c2800000,0x00000006c29554e8,0x00000006cd180000)
 Metaspace       used 7984K, capacity 8550K, committed 8704K, reserved 1056768K
  class space    used 642K, capacity 658K, committed 768K, reserved 1048576K
}
Event: 3.199 GC heap before
{Heap before GC invocations=21 (full 0):
 PSYoungGen      total 160256K, used 159808K [0x000000076b800000, 0x000000078ab80000, 0x00000007c0000000)
  eden space 159744K, 100% used [0x000000076b800000,0x0000000775400000,0x0000000775400000)
  from space 512K, 12% used [0x000000078ab00000,0x000000078ab10000,0x000000078ab80000)
  to   space 2048K, 0% used [0x000000078a780000,0x000000078a780000,0x000000078a980000)
 ParOldGen       total 173568K, used 1365K [0x00000006c2800000, 0x00000006cd180000, 0x000000076b800000)
  object space 173568K, 0% used [0x00000006c2800000,0x00000006c29554e8,0x00000006cd180000)
 Metaspace       used 7984K, capacity 8550K, committed 8704K, reserved 1056768K
  class space    used 642K, capacity 658K, committed 768K, reserved 1048576K
Event: 3.199 GC heap after
Heap after GC invocations=21 (full 0):
 PSYoungGen      total 156160K, used 96K [0x000000076b800000, 0x000000078ab80000, 0x00000007c0000000)
  eden space 154112K, 0% used [0x000000076b800000,0x000000076b800000,0x0000000774e80000)
  from space 2048K, 4% used [0x000000078a780000,0x000000078a798000,0x000000078a980000)
  to   space 2048K, 0% used [0x000000078a980000,0x000000078a980000,0x000000078ab80000)
 ParOldGen       total 173568K, used 1365K [0x00000006c2800000, 0x00000006cd180000, 0x000000076b800000)
  object space 173568K, 0% used [0x00000006c2800000,0x00000006c29554e8,0x00000006cd180000)
 Metaspace       used 7984K, capacity 8550K, committed 8704K, reserved 1056768K
  class space    used 642K, capacity 658K, committed 768K, reserved 1048576K
}
Event: 3.323 GC heap before
{Heap before GC invocations=22 (full 0):
 PSYoungGen      total 156160K, used 154208K [0x000000076b800000, 0x000000078ab80000, 0x00000007c0000000)
  eden space 154112K, 100% used [0x000000076b800000,0x0000000774e80000,0x0000000774e80000)
  from space 2048K, 4% used [0x000000078a780000,0x000000078a798000,0x000000078a980000)
  to   space 2048K, 0% used [0x000000078a980000,0x000000078a980000,0x000000078ab80000)
 ParOldGen       total 173568K, used 1365K [0x00000006c2800000, 0x00000006cd180000, 0x000000076b800000)
  object space 173568K, 0% used [0x00000006c2800000,0x00000006c29554e8,0x00000006cd180000)
 Metaspace       used 7984K, capacity 8550K, committed 8704K, reserved 1056768K
  class space    used 642K, capacity 658K, committed 768K, reserved 1048576K
Event: 3.324 GC heap after
Heap after GC invocations=22 (full 0):
 PSYoungGen      total 149504K, used 32K [0x000000076b800000, 0x000000078aa00000, 0x00000007c0000000)
  eden space 148992K, 0% used [0x000000076b800000,0x000000076b800000,0x0000000774980000)
  from space 512K, 6% used [0x000000078a980000,0x000000078a988000,0x000000078aa00000)
  to   space 1536K, 0% used [0x000000078a700000,0x000000078a700000,0x000000078a880000)
 ParOldGen       total 173568K, used 1365K [0x00000006c2800000, 0x00000006cd180000, 0x000000076b800000)
  object space 173568K, 0% used [0x00000006c2800000,0x00000006c29554e8,0x00000006cd180000)
 Metaspace       used 7984K, capacity 8550K, committed 8704K, reserved 1056768K
  class space    used 642K, capacity 658K, committed 768K, reserved 1048576K
}

