# JRE version: Java(TM) SE Runtime Environment (8.0_65-b17) (build 1.8.0_65-b17)
# Java VM: Java HotSpot(TM) 64-Bit Server VM (25.65-b01 mixed mode windows-amd64 compressed oops)
Heap:
 PSYoungGen      total 99328K, used 4020K [0x000000076b800000, 0x0000000781f00000, 0x00000007c0000000)
  eden space 98304K, 3% used [0x000000076b800000,0x000000076bbd52c0,0x0000000771800000)
  from space 1024K, 9% used [0x0000000781d00000,0x0000000781d18000,0x0000000781e00000)
  to   space 1024K, 0% used [0x0000000781e00000,0x0000000781e00000,0x0000000781f00000)
 ParOldGen       total 173568K, used 1332K [0x00000006c2800000, 0x00000006cd180000, 0x000000076b800000)
  object space 173568K, 0% used [0x00000006c2800000,0x00000006c294d080,0x00000006cd180000)
 Metaspace       used 7969K, capacity 8550K, committed 8704K, reserved 1056768K
  class space    used 642K, capacity 658K, committed 768K, reserved 1048576K
GC Heap History (10 events):
Event: 4.085 GC heap before
{Heap before GC invocations=32 (full 0):
 PSYoungGen      total 118272K, used 117344K [0x000000076b800000, 0x0000000782080000, 0x00000007c0000000)
  eden space 117248K, 100% used [0x000000076b800000,0x0000000772a80000,0x0000000772a80000)
  from space 1024K, 9% used [0x0000000781e80000,0x0000000781e98000,0x0000000781f80000)
  to   space 1024K, 0% used [0x0000000781f80000,0x0000000781f80000,0x0000000782080000)
 ParOldGen       total 173568K, used 1324K [0x00000006c2800000, 0x00000006cd180000, 0x000000076b800000)
  object space 173568K, 0% used [0x00000006c2800000,0x00000006c294b080,0x00000006cd180000)
 Metaspace       used 7969K, capacity 8550K, committed 8704K, reserved 1056768K
  class space    used 642K, capacity 658K, committed 768K, reserved 1048576K
Event: 4.086 GC heap after
Heap after GC invocations=32 (full 0):
 PSYoungGen      total 114176K, used 64K [0x000000076b800000, 0x0000000782000000, 0x00000007c0000000)
  eden space 113664K, 0% used [0x000000076b800000,0x000000076b800000,0x0000000772700000)
  from space 512K, 12% used [0x0000000781f80000,0x0000000781f90000,0x0000000782000000)
  to   space 1024K, 0% used [0x0000000781e00000,0x0000000781e00000,0x0000000781f00000)
 ParOldGen       total 173568K, used 1324K [0x00000006c2800000, 0x00000006cd180000, 0x000000076b800000)
  object space 173568K, 0% used [0x00000006c2800000,0x00000006c294b080,0x00000006cd180000)
 Metaspace       used 7969K, capacity 8550K, committed 8704K, reserved 1056768K
  class space    used 642K, capacity 658K, committed 768K, reserved 1048576K
}
Event: 4.170 GC heap before
{Heap before GC invocations=33 (full 0):
 PSYoungGen      total 114176K, used 113728K [0x000000076b800000, 0x0000000782000000, 0x00000007c0000000)
  eden space 113664K, 100% used [0x000000076b800000,0x0000000772700000,0x0000000772700000)
  from space 512K, 12% used [0x0000000781f80000,0x0000000781f90000,0x0000000782000000)
  to   space 1024K, 0% used [0x0000000781e00000,0x0000000781e00000,0x0000000781f00000)
 ParOldGen       total 173568K, used 1324K [0x00000006c2800000, 0x00000006cd180000, 0x000000076b800000)
  object space 173568K, 0% used [0x00000006c2800000,0x00000006c294b080,0x00000006cd180000)
 Metaspace       used 7969K, capacity 8550K, committed 8704K, reserved 1056768K
  class space    used 642K, capacity 658K, committed 768K, reserved 1048576K
Event: 4.171 GC heap after
Heap after GC invocations=33 (full 0):
 PSYoungGen      total 111104K, used 64K [0x000000076b800000, 0x0000000782000000, 0x00000007c0000000)
  eden space 110080K, 0% used [0x000000076b800000,0x000000076b800000,0x0000000772380000)
  from space 1024K, 6% used [0x0000000781e00000,0x0000000781e10000,0x0000000781f00000)
  to   space 1024K, 0% used [0x0000000781f00000,0x0000000781f00000,0x0000000782000000)
 ParOldGen       total 173568K, used 1324K [0x00000006c2800000, 0x00000006cd180000, 0x000000076b800000)
  object space 173568K, 0% used [0x00000006c2800000,0x00000006c294b080,0x00000006cd180000)
 Metaspace       used 7969K, capacity 8550K, committed 8704K, reserved 1056768K
  class space    used 642K, capacity 658K, committed 768K, reserved 1048576K
}
Event: 4.293 GC heap before
{Heap before GC invocations=34 (full 0):
 PSYoungGen      total 111104K, used 110144K [0x000000076b800000, 0x0000000782000000, 0x00000007c0000000)
  eden space 110080K, 100% used [0x000000076b800000,0x0000000772380000,0x0000000772380000)
  from space 1024K, 6% used [0x0000000781e00000,0x0000000781e10000,0x0000000781f00000)
  to   space 1024K, 0% used [0x0000000781f00000,0x0000000781f00000,0x0000000782000000)
 ParOldGen       total 173568K, used 1324K [0x00000006c2800000, 0x00000006cd180000, 0x000000076b800000)
  object space 173568K, 0% used [0x00000006c2800000,0x00000006c294b080,0x00000006cd180000)
 Metaspace       used 7969K, capacity 8550K, committed 8704K, reserved 1056768K
  class space    used 642K, capacity 658K, committed 768K, reserved 1048576K
Event: 4.294 GC heap after
Heap after GC invocations=34 (full 0):
 PSYoungGen      total 107520K, used 64K [0x000000076b800000, 0x0000000781f80000, 0x00000007c0000000)
  eden space 107008K, 0% used [0x000000076b800000,0x000000076b800000,0x0000000772080000)
  from space 512K, 12% used [0x0000000781f00000,0x0000000781f10000,0x0000000781f80000)
  to   space 1024K, 0% used [0x0000000781d80000,0x0000000781d80000,0x0000000781e80000)
 ParOldGen       total 173568K, used 1324K [0x00000006c2800000, 0x00000006cd180000, 0x000000076b800000)
  object space 173568K, 0% used [0x00000006c2800000,0x00000006c294b080,0x00000006cd180000)
 Metaspace       used 7969K, capacity 8550K, committed 8704K, reserved 1056768K
  class space    used 642K, capacity 658K, committed 768K, reserved 1048576K
}
Event: 4.384 GC heap before
{Heap before GC invocations=35 (full 0):
 PSYoungGen      total 107520K, used 107072K [0x000000076b800000, 0x0000000781f80000, 0x00000007c0000000)
  eden space 107008K, 100% used [0x000000076b800000,0x0000000772080000,0x0000000772080000)
  from space 512K, 12% used [0x0000000781f00000,0x0000000781f10000,0x0000000781f80000)
  to   space 1024K, 0% used [0x0000000781d80000,0x0000000781d80000,0x0000000781e80000)
 ParOldGen       total 173568K, used 1324K [0x00000006c2800000, 0x00000006cd180000, 0x000000076b800000)
  object space 173568K, 0% used [0x00000006c2800000,0x00000006c294b080,0x00000006cd180000)
 Metaspace       used 7969K, capacity 8550K, committed 8704K, reserved 1056768K
  class space    used 642K, capacity 658K, committed 768K, reserved 1048576K
Event: 4.385 GC heap after
Heap after GC invocations=35 (full 0):
 PSYoungGen      total 104960K, used 64K [0x000000076b800000, 0x0000000781f80000, 0x00000007c0000000)
  eden space 103936K, 0% used [0x000000076b800000,0x000000076b800000,0x0000000771d80000)
  from space 1024K, 6% used [0x0000000781d80000,0x0000000781d90000,0x0000000781e80000)
  to   space 1024K, 0% used [0x0000000781e80000,0x0000000781e80000,0x0000000781f80000)
 ParOldGen       total 173568K, used 1324K [0x00000006c2800000, 0x00000006cd180000, 0x000000076b800000)
  object space 173568K, 0% used [0x00000006c2800000,0x00000006c294b080,0x00000006cd180000)
 Metaspace       used 7969K, capacity 8550K, committed 8704K, reserved 1056768K
  class space    used 642K, capacity 658K, committed 768K, reserved 1048576K
}
Event: 4.478 GC heap before
{Heap before GC invocations=36 (full 0):
 PSYoungGen      total 104960K, used 104000K [0x000000076b800000, 0x0000000781f80000, 0x00000007c0000000)
  eden space 103936K, 100% used [0x000000076b800000,0x0000000771d80000,0x0000000771d80000)
  from space 1024K, 6% used [0x0000000781d80000,0x0000000781d90000,0x0000000781e80000)
  to   space 1024K, 0% used [0x0000000781e80000,0x0000000781e80000,0x0000000781f80000)
 ParOldGen       total 173568K, used 1324K [0x00000006c2800000, 0x00000006cd180000, 0x000000076b800000)
  object space 173568K, 0% used [0x00000006c2800000,0x00000006c294b080,0x00000006cd180000)
 Metaspace       used 7969K, capacity 8550K, committed 8704K, reserved 1056768K
  class space    used 642K, capacity 658K, committed 768K, reserved 1048576K
Event: 4.479 GC heap after
Heap after GC invocations=36 (full 0):
 PSYoungGen      total 101376K, used 64K [0x000000076b800000, 0x0000000781f00000, 0x00000007c0000000)
  eden space 100864K, 0% used [0x000000076b800000,0x000000076b800000,0x0000000771a80000)
  from space 512K, 12% used [0x0000000781e80000,0x0000000781e90000,0x0000000781f00000)
  to   space 1024K, 0% used [0x0000000781d00000,0x0000000781d00000,0x0000000781e00000)
 ParOldGen       total 173568K, used 1324K [0x00000006c2800000, 0x00000006cd180000, 0x000000076b800000)
  object space 173568K, 0% used [0x00000006c2800000,0x00000006c294b080,0x00000006cd180000)
 Metaspace       used 7969K, capacity 8550K, committed 8704K, reserved 1056768K
  class space    used 642K, capacity 658K, committed 768K, reserved 1048576K
}

