# JRE version: Java(TM) SE Runtime Environment (8.0_65-b17) (build 1.8.0_65-b17)
# Java VM: Java HotSpot(TM) 64-Bit Server VM (25.65-b01 mixed mode windows-amd64 compressed oops)
Heap:
 PSYoungGen      total 584704K, used 168633K [0x000000076b800000, 0x00000007bb800000, 0x00000007c0000000)
  eden space 584192K, 28% used [0x000000076b800000,0x0000000775ca6520,0x000000078f280000)
  from space 512K, 6% used [0x00000007bb780000,0x00000007bb788000,0x00000007bb800000)
  to   space 4608K, 0% used [0x00000007baf00000,0x00000007baf00000,0x00000007bb380000)
 ParOldGen       total 173568K, used 26445K [0x00000006c2800000, 0x00000006cd180000, 0x000000076b800000)
  object space 173568K, 15% used [0x00000006c2800000,0x00000006c41d35c0,0x00000006cd180000)
 Metaspace       used 8283K, capacity 8646K, committed 8960K, reserved 1056768K
  class space    used 656K, capacity 690K, committed 768K, reserved 1048576K
GC Heap History (10 events):
Event: 14.301 GC heap before
{Heap before GC invocations=26 (full 0):
 PSYoungGen      total 742400K, used 735392K [0x000000076b800000, 0x00000007bc780000, 0x00000007c0000000)
  eden space 735232K, 100% used [0x000000076b800000,0x0000000798600000,0x0000000798600000)
  from space 7168K, 2% used [0x00000007bb980000,0x00000007bb9a8000,0x00000007bc080000)
  to   space 6656K, 0% used [0x00000007bc100000,0x00000007bc100000,0x00000007bc780000)
 ParOldGen       total 173568K, used 26397K [0x00000006c2800000, 0x00000006cd180000, 0x000000076b800000)
  object space 173568K, 15% used [0x00000006c2800000,0x00000006c41c75c0,0x00000006cd180000)
 Metaspace       used 8283K, capacity 8646K, committed 8960K, reserved 1056768K
  class space    used 656K, capacity 690K, committed 768K, reserved 1048576K
Event: 14.301 GC heap after
Heap after GC invocations=26 (full 0):
 PSYoungGen      total 702464K, used 64K [0x000000076b800000, 0x00000007bc180000, 0x00000007c0000000)
  eden space 701952K, 0% used [0x000000076b800000,0x000000076b800000,0x0000000796580000)
  from space 512K, 12% used [0x00000007bc100000,0x00000007bc110000,0x00000007bc180000)
  to   space 6144K, 0% used [0x00000007bb580000,0x00000007bb580000,0x00000007bbb80000)
 ParOldGen       total 173568K, used 26413K [0x00000006c2800000, 0x00000006cd180000, 0x000000076b800000)
  object space 173568K, 15% used [0x00000006c2800000,0x00000006c41cb5c0,0x00000006cd180000)
 Metaspace       used 8283K, capacity 8646K, committed 8960K, reserved 1056768K
  class space    used 656K, capacity 690K, committed 768K, reserved 1048576K
}
Event: 14.821 GC heap before
{Heap before GC invocations=27 (full 0):
 PSYoungGen      total 702464K, used 702016K [0x000000076b800000, 0x00000007bc180000, 0x00000007c0000000)
  eden space 701952K, 100% used [0x000000076b800000,0x0000000796580000,0x0000000796580000)
  from space 512K, 12% used [0x00000007bc100000,0x00000007bc110000,0x00000007bc180000)
  to   space 6144K, 0% used [0x00000007bb580000,0x00000007bb580000,0x00000007bbb80000)
 ParOldGen       total 173568K, used 26413K [0x00000006c2800000, 0x00000006cd180000, 0x000000076b800000)
  object space 173568K, 15% used [0x00000006c2800000,0x00000006c41cb5c0,0x00000006cd180000)
 Metaspace       used 8283K, capacity 8646K, committed 8960K, reserved 1056768K
  class space    used 656K, capacity 690K, committed 768K, reserved 1048576K
Event: 14.822 GC heap after
Heap after GC invocations=27 (full 0):
 PSYoungGen      total 676352K, used 160K [0x000000076b800000, 0x00000007bc180000, 0x00000007c0000000)
  eden space 670208K, 0% used [0x000000076b800000,0x000000076b800000,0x0000000794680000)
  from space 6144K, 2% used [0x00000007bb580000,0x00000007bb5a8000,0x00000007bbb80000)
  to   space 5632K, 0% used [0x00000007bbc00000,0x00000007bbc00000,0x00000007bc180000)
 ParOldGen       total 173568K, used 26413K [0x00000006c2800000, 0x00000006cd180000, 0x000000076b800000)
  object space 173568K, 15% used [0x00000006c2800000,0x00000006c41cb5c0,0x00000006cd180000)
 Metaspace       used 8283K, capacity 8646K, committed 8960K, reserved 1056768K
  class space    used 656K, capacity 690K, committed 768K, reserved 1048576K
}
Event: 15.344 GC heap before
{Heap before GC invocations=28 (full 0):
 PSYoungGen      total 676352K, used 670368K [0x000000076b800000, 0x00000007bc180000, 0x00000007c0000000)
  eden space 670208K, 100% used [0x000000076b800000,0x0000000794680000,0x0000000794680000)
  from space 6144K, 2% used [0x00000007bb580000,0x00000007bb5a8000,0x00000007bbb80000)
  to   space 5632K, 0% used [0x00000007bbc00000,0x00000007bbc00000,0x00000007bc180000)
 ParOldGen       total 173568K, used 26413K [0x00000006c2800000, 0x00000006cd180000, 0x000000076b800000)
  object space 173568K, 15% used [0x00000006c2800000,0x00000006c41cb5c0,0x00000006cd180000)
 Metaspace       used 8283K, capacity 8646K, committed 8960K, reserved 1056768K
  class space    used 656K, capacity 690K, committed 768K, reserved 1048576K
Event: 15.344 GC heap after
Heap after GC invocations=28 (full 0):
 PSYoungGen      total 640512K, used 64K [0x000000076b800000, 0x00000007bbc80000, 0x00000007c0000000)
  eden space 640000K, 0% used [0x000000076b800000,0x000000076b800000,0x0000000792900000)
  from space 512K, 12% used [0x00000007bbc00000,0x00000007bbc10000,0x00000007bbc80000)
  to   space 5632K, 0% used [0x00000007bb180000,0x00000007bb180000,0x00000007bb700000)
 ParOldGen       total 173568K, used 26429K [0x00000006c2800000, 0x00000006cd180000, 0x000000076b800000)
  object space 173568K, 15% used [0x00000006c2800000,0x00000006c41cf5c0,0x00000006cd180000)
 Metaspace       used 8283K, capacity 8646K, committed 8960K, reserved 1056768K
  class space    used 656K, capacity 690K, committed 768K, reserved 1048576K
}
Event: 15.846 GC heap before
{Heap before GC invocations=29 (full 0):
 PSYoungGen      total 640512K, used 640064K [0x000000076b800000, 0x00000007bbc80000, 0x00000007c0000000)
  eden space 640000K, 100% used [0x000000076b800000,0x0000000792900000,0x0000000792900000)
  from space 512K, 12% used [0x00000007bbc00000,0x00000007bbc10000,0x00000007bbc80000)
  to   space 5632K, 0% used [0x00000007bb180000,0x00000007bb180000,0x00000007bb700000)
 ParOldGen       total 173568K, used 26429K [0x00000006c2800000, 0x00000006cd180000, 0x000000076b800000)
  object space 173568K, 15% used [0x00000006c2800000,0x00000006c41cf5c0,0x00000006cd180000)
 Metaspace       used 8283K, capacity 8646K, committed 8960K, reserved 1056768K
  class space    used 656K, capacity 690K, committed 768K, reserved 1048576K
Event: 15.847 GC heap after
Heap after GC invocations=29 (full 0):
 PSYoungGen      total 616960K, used 192K [0x000000076b800000, 0x00000007bbc80000, 0x00000007c0000000)
  eden space 611328K, 0% used [0x000000076b800000,0x000000076b800000,0x0000000790d00000)
  from space 5632K, 3% used [0x00000007bb180000,0x00000007bb1b0000,0x00000007bb700000)
  to   space 5120K, 0% used [0x00000007bb780000,0x00000007bb780000,0x00000007bbc80000)
 ParOldGen       total 173568K, used 26429K [0x00000006c2800000, 0x00000006cd180000, 0x000000076b800000)
  object space 173568K, 15% used [0x00000006c2800000,0x00000006c41cf5c0,0x00000006cd180000)
 Metaspace       used 8283K, capacity 8646K, committed 8960K, reserved 1056768K
  class space    used 656K, capacity 690K, committed 768K, reserved 1048576K
}
Event: 16.378 GC heap before
{Heap before GC invocations=30 (full 0):
 PSYoungGen      total 616960K, used 611520K [0x000000076b800000, 0x00000007bbc80000, 0x00000007c0000000)
  eden space 611328K, 100% used [0x000000076b800000,0x0000000790d00000,0x0000000790d00000)
  from space 5632K, 3% used [0x00000007bb180000,0x00000007bb1b0000,0x00000007bb700000)
  to   space 5120K, 0% used [0x00000007bb780000,0x00000007bb780000,0x00000007bbc80000)
 ParOldGen       total 173568K, used 26429K [0x00000006c2800000, 0x00000006cd180000, 0x000000076b800000)
  object space 173568K, 15% used [0x00000006c2800000,0x00000006c41cf5c0,0x00000006cd180000)
 Metaspace       used 8283K, capacity 8646K, committed 8960K, reserved 1056768K
  class space    used 656K, capacity 690K, committed 768K, reserved 1048576K
Event: 16.379 GC heap after
Heap after GC invocations=30 (full 0):
 PSYoungGen      total 584704K, used 32K [0x000000076b800000, 0x00000007bb800000, 0x00000007c0000000)
  eden space 584192K, 0% used [0x000000076b800000,0x000000076b800000,0x000000078f280000)
  from space 512K, 6% used [0x00000007bb780000,0x00000007bb788000,0x00000007bb800000)
  to   space 4608K, 0% used [0x00000007baf00000,0x00000007baf00000,0x00000007bb380000)
 ParOldGen       total 173568K, used 26445K [0x00000006c2800000, 0x00000006cd180000, 0x000000076b800000)
  object space 173568K, 15% used [0x00000006c2800000,0x00000006c41d35c0,0x00000006cd180000)
 Metaspace       used 8283K, capacity 8646K, committed 8960K, reserved 1056768K
  class space    used 656K, capacity 690K, committed 768K, reserved 1048576K
}

