# JRE version: Java(TM) SE Runtime Environment (8.0_65-b17) (build 1.8.0_65-b17)
# Java VM: Java HotSpot(TM) 64-Bit Server VM (25.65-b01 mixed mode windows-amd64 compressed oops)
Heap:
 PSYoungGen      total 214016K, used 140436K [0x000000076b800000, 0x000000078b180000, 0x00000007c0000000)
  eden space 213504K, 65% used [0x000000076b800000,0x0000000774115350,0x0000000778880000)
  from space 512K, 12% used [0x000000078b100000,0x000000078b110000,0x000000078b180000)
  to   space 2560K, 0% used [0x000000078ac80000,0x000000078ac80000,0x000000078af00000)
 ParOldGen       total 173568K, used 1216K [0x00000006c2800000, 0x00000006cd180000, 0x000000076b800000)
  object space 173568K, 0% used [0x00000006c2800000,0x00000006c2930070,0x00000006cd180000)
 Metaspace       used 7973K, capacity 8550K, committed 8704K, reserved 1056768K
  class space    used 642K, capacity 658K, committed 768K, reserved 1048576K
GC Heap History (10 events):
Event: 1.113 GC heap before
{Heap before GC invocations=8 (full 0):
 PSYoungGen      total 262144K, used 260883K [0x000000076b800000, 0x000000078b700000, 0x00000007c0000000)
  eden space 259584K, 100% used [0x000000076b800000,0x000000077b580000,0x000000077b580000)
  from space 2560K, 50% used [0x000000077b580000,0x000000077b6c4e88,0x000000077b800000)
  to   space 2048K, 0% used [0x000000078b500000,0x000000078b500000,0x000000078b700000)
 ParOldGen       total 173568K, used 660K [0x00000006c2800000, 0x00000006cd180000, 0x000000076b800000)
  object space 173568K, 0% used [0x00000006c2800000,0x00000006c28a5060,0x00000006cd180000)
 Metaspace       used 7972K, capacity 8550K, committed 8704K, reserved 1056768K
  class space    used 642K, capacity 658K, committed 768K, reserved 1048576K
Event: 1.114 GC heap after
Heap after GC invocations=8 (full 0):
 PSYoungGen      total 250368K, used 640K [0x000000076b800000, 0x000000078b600000, 0x00000007c0000000)
  eden space 249344K, 0% used [0x000000076b800000,0x000000076b800000,0x000000077ab80000)
  from space 1024K, 62% used [0x000000078b500000,0x000000078b5a0000,0x000000078b600000)
  to   space 2048K, 0% used [0x000000078b200000,0x000000078b200000,0x000000078b400000)
 ParOldGen       total 173568K, used 668K [0x00000006c2800000, 0x00000006cd180000, 0x000000076b800000)
  object space 173568K, 0% used [0x00000006c2800000,0x00000006c28a7060,0x00000006cd180000)
 Metaspace       used 7972K, capacity 8550K, committed 8704K, reserved 1056768K
  class space    used 642K, capacity 658K, committed 768K, reserved 1048576K
}
Event: 1.328 GC heap before
{Heap before GC invocations=9 (full 0):
 PSYoungGen      total 250368K, used 249984K [0x000000076b800000, 0x000000078b600000, 0x00000007c0000000)
  eden space 249344K, 100% used [0x000000076b800000,0x000000077ab80000,0x000000077ab80000)
  from space 1024K, 62% used [0x000000078b500000,0x000000078b5a0000,0x000000078b600000)
  to   space 2048K, 0% used [0x000000078b200000,0x000000078b200000,0x000000078b400000)
 ParOldGen       total 173568K, used 668K [0x00000006c2800000, 0x00000006cd180000, 0x000000076b800000)
  object space 173568K, 0% used [0x00000006c2800000,0x00000006c28a7060,0x00000006cd180000)
 Metaspace       used 7972K, capacity 8550K, committed 8704K, reserved 1056768K
  class space    used 642K, capacity 658K, committed 768K, reserved 1048576K
Event: 1.329 GC heap after
Heap after GC invocations=9 (full 0):
 PSYoungGen      total 240128K, used 256K [0x000000076b800000, 0x000000078b580000, 0x00000007c0000000)
  eden space 239616K, 0% used [0x000000076b800000,0x000000076b800000,0x000000077a200000)
  from space 512K, 50% used [0x000000078b200000,0x000000078b240000,0x000000078b280000)
  to   space 2560K, 0% used [0x000000078b300000,0x000000078b300000,0x000000078b580000)
 ParOldGen       total 173568K, used 1020K [0x00000006c2800000, 0x00000006cd180000, 0x000000076b800000)
  object space 173568K, 0% used [0x00000006c2800000,0x00000006c28ff060,0x00000006cd180000)
 Metaspace       used 7972K, capacity 8550K, committed 8704K, reserved 1056768K
  class space    used 642K, capacity 658K, committed 768K, reserved 1048576K
}
Event: 1.518 GC heap before
{Heap before GC invocations=10 (full 0):
 PSYoungGen      total 240128K, used 239872K [0x000000076b800000, 0x000000078b580000, 0x00000007c0000000)
  eden space 239616K, 100% used [0x000000076b800000,0x000000077a200000,0x000000077a200000)
  from space 512K, 50% used [0x000000078b200000,0x000000078b240000,0x000000078b280000)
  to   space 2560K, 0% used [0x000000078b300000,0x000000078b300000,0x000000078b580000)
 ParOldGen       total 173568K, used 1020K [0x00000006c2800000, 0x00000006cd180000, 0x000000076b800000)
  object space 173568K, 0% used [0x00000006c2800000,0x00000006c28ff060,0x00000006cd180000)
 Metaspace       used 7972K, capacity 8550K, committed 8704K, reserved 1056768K
  class space    used 642K, capacity 658K, committed 768K, reserved 1048576K
Event: 1.519 GC heap after
Heap after GC invocations=10 (full 0):
 PSYoungGen      total 230912K, used 96K [0x000000076b800000, 0x000000078b380000, 0x00000007c0000000)
  eden space 230400K, 0% used [0x000000076b800000,0x000000076b800000,0x0000000779900000)
  from space 512K, 18% used [0x000000078b300000,0x000000078b318000,0x000000078b380000)
  to   space 2560K, 0% used [0x000000078ae80000,0x000000078ae80000,0x000000078b100000)
 ParOldGen       total 173568K, used 1216K [0x00000006c2800000, 0x00000006cd180000, 0x000000076b800000)
  object space 173568K, 0% used [0x00000006c2800000,0x00000006c2930070,0x00000006cd180000)
 Metaspace       used 7972K, capacity 8550K, committed 8704K, reserved 1056768K
  class space    used 642K, capacity 658K, committed 768K, reserved 1048576K
}
Event: 1.700 GC heap before
{Heap before GC invocations=11 (full 0):
 PSYoungGen      total 230912K, used 230496K [0x000000076b800000, 0x000000078b380000, 0x00000007c0000000)
  eden space 230400K, 100% used [0x000000076b800000,0x0000000779900000,0x0000000779900000)
  from space 512K, 18% used [0x000000078b300000,0x000000078b318000,0x000000078b380000)
  to   space 2560K, 0% used [0x000000078ae80000,0x000000078ae80000,0x000000078b100000)
 ParOldGen       total 173568K, used 1216K [0x00000006c2800000, 0x00000006cd180000, 0x000000076b800000)
  object space 173568K, 0% used [0x00000006c2800000,0x00000006c2930070,0x00000006cd180000)
 Metaspace       used 7973K, capacity 8550K, committed 8704K, reserved 1056768K
  class space    used 642K, capacity 658K, committed 768K, reserved 1048576K
Event: 1.700 GC heap after
Heap after GC invocations=11 (full 0):
 PSYoungGen      total 224256K, used 64K [0x000000076b800000, 0x000000078b380000, 0x00000007c0000000)
  eden space 221696K, 0% used [0x000000076b800000,0x000000076b800000,0x0000000779080000)
  from space 2560K, 2% used [0x000000078ae80000,0x000000078ae90000,0x000000078b100000)
  to   space 2560K, 0% used [0x000000078b100000,0x000000078b100000,0x000000078b380000)
 ParOldGen       total 173568K, used 1216K [0x00000006c2800000, 0x00000006cd180000, 0x000000076b800000)
  object space 173568K, 0% used [0x00000006c2800000,0x00000006c2930070,0x00000006cd180000)
 Metaspace       used 7973K, capacity 8550K, committed 8704K, reserved 1056768K
  class space    used 642K, capacity 658K, committed 768K, reserved 1048576K
}
Event: 1.871 GC heap before
{Heap before GC invocations=12 (full 0):
 PSYoungGen      total 224256K, used 221760K [0x000000076b800000, 0x000000078b380000, 0x00000007c0000000)
  eden space 221696K, 100% used [0x000000076b800000,0x0000000779080000,0x0000000779080000)
  from space 2560K, 2% used [0x000000078ae80000,0x000000078ae90000,0x000000078b100000)
  to   space 2560K, 0% used [0x000000078b100000,0x000000078b100000,0x000000078b380000)
 ParOldGen       total 173568K, used 1216K [0x00000006c2800000, 0x00000006cd180000, 0x000000076b800000)
  object space 173568K, 0% used [0x00000006c2800000,0x00000006c2930070,0x00000006cd180000)
 Metaspace       used 7973K, capacity 8550K, committed 8704K, reserved 1056768K
  class space    used 642K, capacity 658K, committed 768K, reserved 1048576K
Event: 1.871 GC heap after
Heap after GC invocations=12 (full 0):
 PSYoungGen      total 214016K, used 64K [0x000000076b800000, 0x000000078b180000, 0x00000007c0000000)
  eden space 213504K, 0% used [0x000000076b800000,0x000000076b800000,0x0000000778880000)
  from space 512K, 12% used [0x000000078b100000,0x000000078b110000,0x000000078b180000)
  to   space 2560K, 0% used [0x000000078ac80000,0x000000078ac80000,0x000000078af00000)
 ParOldGen       total 173568K, used 1216K [0x00000006c2800000, 0x00000006cd180000, 0x000000076b800000)
  object space 173568K, 0% used [0x00000006c2800000,0x00000006c2930070,0x00000006cd180000)
 Metaspace       used 7973K, capacity 8550K, committed 8704K, reserved 1056768K
  class space    used 642K, capacity 658K, committed 768K, reserved 1048576K
}

