# JRE version: Java(TM) SE Runtime Environment (8.0_65-b17) (build 1.8.0_65-b17)
# Java VM: Java HotSpot(TM) 64-Bit Server VM (25.65-b01 mixed mode windows-amd64 compressed oops)
Heap:
 PSYoungGen      total 193024K, used 36372K [0x000000076b800000, 0x000000078ae80000, 0x00000007c0000000)
  eden space 190464K, 19% used [0x000000076b800000,0x000000076db6d3e8,0x0000000777200000)
  from space 2560K, 3% used [0x000000078a980000,0x000000078a998000,0x000000078ac00000)
  to   space 2048K, 0% used [0x000000078ac80000,0x000000078ac80000,0x000000078ae80000)
 ParOldGen       total 173568K, used 1840K [0x00000006c2800000, 0x00000006cd180000, 0x000000076b800000)
  object space 173568K, 1% used [0x00000006c2800000,0x00000006c29cc2b0,0x00000006cd180000)
 Metaspace       used 7954K, capacity 8486K, committed 8704K, reserved 1056768K
  class space    used 642K, capacity 658K, committed 768K, reserved 1048576K
GC Heap History (10 events):
Event: 1.677 GC heap before
{Heap before GC invocations=11 (full 0):
 PSYoungGen      total 230400K, used 229984K [0x000000076b800000, 0x000000078b280000, 0x00000007c0000000)
  eden space 229888K, 100% used [0x000000076b800000,0x0000000779880000,0x0000000779880000)
  from space 512K, 18% used [0x000000078b200000,0x000000078b218000,0x000000078b280000)
  to   space 2560K, 0% used [0x000000078ad80000,0x000000078ad80000,0x000000078b000000)
 ParOldGen       total 173568K, used 1840K [0x00000006c2800000, 0x00000006cd180000, 0x000000076b800000)
  object space 173568K, 1% used [0x00000006c2800000,0x00000006c29cc2b0,0x00000006cd180000)
 Metaspace       used 7952K, capacity 8486K, committed 8704K, reserved 1056768K
  class space    used 642K, capacity 658K, committed 768K, reserved 1048576K
Event: 1.678 GC heap after
Heap after GC invocations=11 (full 0):
 PSYoungGen      total 223744K, used 64K [0x000000076b800000, 0x000000078b280000, 0x00000007c0000000)
  eden space 221184K, 0% used [0x000000076b800000,0x000000076b800000,0x0000000779000000)
  from space 2560K, 2% used [0x000000078ad80000,0x000000078ad90000,0x000000078b000000)
  to   space 2560K, 0% used [0x000000078b000000,0x000000078b000000,0x000000078b280000)
 ParOldGen       total 173568K, used 1840K [0x00000006c2800000, 0x00000006cd180000, 0x000000076b800000)
  object space 173568K, 1% used [0x00000006c2800000,0x00000006c29cc2b0,0x00000006cd180000)
 Metaspace       used 7952K, capacity 8486K, committed 8704K, reserved 1056768K
  class space    used 642K, capacity 658K, committed 768K, reserved 1048576K
}
Event: 1.856 GC heap before
{Heap before GC invocations=12 (full 0):
 PSYoungGen      total 223744K, used 221248K [0x000000076b800000, 0x000000078b280000, 0x00000007c0000000)
  eden space 221184K, 100% used [0x000000076b800000,0x0000000779000000,0x0000000779000000)
  from space 2560K, 2% used [0x000000078ad80000,0x000000078ad90000,0x000000078b000000)
  to   space 2560K, 0% used [0x000000078b000000,0x000000078b000000,0x000000078b280000)
 ParOldGen       total 173568K, used 1840K [0x00000006c2800000, 0x00000006cd180000, 0x000000076b800000)
  object space 173568K, 1% used [0x00000006c2800000,0x00000006c29cc2b0,0x00000006cd180000)
 Metaspace       used 7952K, capacity 8486K, committed 8704K, reserved 1056768K
  class space    used 642K, capacity 658K, committed 768K, reserved 1048576K
Event: 1.856 GC heap after
Heap after GC invocations=12 (full 0):
 PSYoungGen      total 213504K, used 64K [0x000000076b800000, 0x000000078b080000, 0x00000007c0000000)
  eden space 212992K, 0% used [0x000000076b800000,0x000000076b800000,0x0000000778800000)
  from space 512K, 12% used [0x000000078b000000,0x000000078b010000,0x000000078b080000)
  to   space 2560K, 0% used [0x000000078ab80000,0x000000078ab80000,0x000000078ae00000)
 ParOldGen       total 173568K, used 1840K [0x00000006c2800000, 0x00000006cd180000, 0x000000076b800000)
  object space 173568K, 1% used [0x00000006c2800000,0x00000006c29cc2b0,0x00000006cd180000)
 Metaspace       used 7952K, capacity 8486K, committed 8704K, reserved 1056768K
  class space    used 642K, capacity 658K, committed 768K, reserved 1048576K
}
Event: 2.015 GC heap before
{Heap before GC invocations=13 (full 0):
 PSYoungGen      total 213504K, used 213056K [0x000000076b800000, 0x000000078b080000, 0x00000007c0000000)
  eden space 212992K, 100% used [0x000000076b800000,0x0000000778800000,0x0000000778800000)
  from space 512K, 12% used [0x000000078b000000,0x000000078b010000,0x000000078b080000)
  to   space 2560K, 0% used [0x000000078ab80000,0x000000078ab80000,0x000000078ae00000)
 ParOldGen       total 173568K, used 1840K [0x00000006c2800000, 0x00000006cd180000, 0x000000076b800000)
  object space 173568K, 1% used [0x00000006c2800000,0x00000006c29cc2b0,0x00000006cd180000)
 Metaspace       used 7953K, capacity 8486K, committed 8704K, reserved 1056768K
  class space    used 642K, capacity 658K, committed 768K, reserved 1048576K
Event: 2.016 GC heap after
Heap after GC invocations=13 (full 0):
 PSYoungGen      total 207872K, used 96K [0x000000076b800000, 0x000000078b080000, 0x00000007c0000000)
  eden space 205312K, 0% used [0x000000076b800000,0x000000076b800000,0x0000000778080000)
  from space 2560K, 3% used [0x000000078ab80000,0x000000078ab98000,0x000000078ae00000)
  to   space 2560K, 0% used [0x000000078ae00000,0x000000078ae00000,0x000000078b080000)
 ParOldGen       total 173568K, used 1840K [0x00000006c2800000, 0x00000006cd180000, 0x000000076b800000)
  object space 173568K, 1% used [0x00000006c2800000,0x00000006c29cc2b0,0x00000006cd180000)
 Metaspace       used 7953K, capacity 8486K, committed 8704K, reserved 1056768K
  class space    used 642K, capacity 658K, committed 768K, reserved 1048576K
}
Event: 2.178 GC heap before
{Heap before GC invocations=14 (full 0):
 PSYoungGen      total 207872K, used 205408K [0x000000076b800000, 0x000000078b080000, 0x00000007c0000000)
  eden space 205312K, 100% used [0x000000076b800000,0x0000000778080000,0x0000000778080000)
  from space 2560K, 3% used [0x000000078ab80000,0x000000078ab98000,0x000000078ae00000)
  to   space 2560K, 0% used [0x000000078ae00000,0x000000078ae00000,0x000000078b080000)
 ParOldGen       total 173568K, used 1840K [0x00000006c2800000, 0x00000006cd180000, 0x000000076b800000)
  object space 173568K, 1% used [0x00000006c2800000,0x00000006c29cc2b0,0x00000006cd180000)
 Metaspace       used 7953K, capacity 8486K, committed 8704K, reserved 1056768K
  class space    used 642K, capacity 658K, committed 768K, reserved 1048576K
Event: 2.178 GC heap after
Heap after GC invocations=14 (full 0):
 PSYoungGen      total 198144K, used 64K [0x000000076b800000, 0x000000078ae80000, 0x00000007c0000000)
  eden space 197632K, 0% used [0x000000076b800000,0x000000076b800000,0x0000000777900000)
  from space 512K, 12% used [0x000000078ae00000,0x000000078ae10000,0x000000078ae80000)
  to   space 2560K, 0% used [0x000000078a980000,0x000000078a980000,0x000000078ac00000)
 ParOldGen       total 173568K, used 1840K [0x00000006c2800000, 0x00000006cd180000, 0x000000076b800000)
  object space 173568K, 1% used [0x00000006c2800000,0x00000006c29cc2b0,0x00000006cd180000)
 Metaspace       used 7953K, capacity 8486K, committed 8704K, reserved 1056768K
  class space    used 642K, capacity 658K, committed 768K, reserved 1048576K
}
Event: 2.325 GC heap before
{Heap before GC invocations=15 (full 0):
 PSYoungGen      total 198144K, used 197696K [0x000000076b800000, 0x000000078ae80000, 0x00000007c0000000)
  eden space 197632K, 100% used [0x000000076b800000,0x0000000777900000,0x0000000777900000)
  from space 512K, 12% used [0x000000078ae00000,0x000000078ae10000,0x000000078ae80000)
  to   space 2560K, 0% used [0x000000078a980000,0x000000078a980000,0x000000078ac00000)
 ParOldGen       total 173568K, used 1840K [0x00000006c2800000, 0x00000006cd180000, 0x000000076b800000)
  object space 173568K, 1% used [0x00000006c2800000,0x00000006c29cc2b0,0x00000006cd180000)
 Metaspace       used 7954K, capacity 8486K, committed 8704K, reserved 1056768K
  class space    used 642K, capacity 658K, committed 768K, reserved 1048576K
Event: 2.326 GC heap after
Heap after GC invocations=15 (full 0):
 PSYoungGen      total 193024K, used 96K [0x000000076b800000, 0x000000078ae80000, 0x00000007c0000000)
  eden space 190464K, 0% used [0x000000076b800000,0x000000076b800000,0x0000000777200000)
  from space 2560K, 3% used [0x000000078a980000,0x000000078a998000,0x000000078ac00000)
  to   space 2048K, 0% used [0x000000078ac80000,0x000000078ac80000,0x000000078ae80000)
 ParOldGen       total 173568K, used 1840K [0x00000006c2800000, 0x00000006cd180000, 0x000000076b800000)
  object space 173568K, 1% used [0x00000006c2800000,0x00000006c29cc2b0,0x00000006cd180000)
 Metaspace       used 7954K, capacity 8486K, committed 8704K, reserved 1056768K
  class space    used 642K, capacity 658K, committed 768K, reserved 1048576K
}

