# JRE version: Java(TM) SE Runtime Environment (8.0_65-b17) (build 1.8.0_65-b17)
# Java VM: Java HotSpot(TM) 64-Bit Server VM (25.65-b01 mixed mode windows-amd64 compressed oops)
Heap:
 PSYoungGen      total 74240K, used 42217K [0x000000076b800000, 0x00000007b9080000, 0x00000007c0000000)
  eden space 73728K, 56% used [0x000000076b800000,0x000000076e102668,0x0000000770000000)
  from space 512K, 43% used [0x00000007b8f80000,0x00000007b8fb8000,0x00000007b9000000)
  to   space 512K, 0% used [0x00000007b9000000,0x00000007b9000000,0x00000007b9080000)
 ParOldGen       total 173568K, used 13021K [0x00000006c2800000, 0x00000006cd180000, 0x000000076b800000)
  object space 173568K, 7% used [0x00000006c2800000,0x00000006c34b77e0,0x00000006cd180000)
 Metaspace       used 8400K, capacity 8774K, committed 8960K, reserved 1056768K
  class space    used 662K, capacity 690K, committed 768K, reserved 1048576K
GC Heap History (10 events):
Event: 17.902 GC heap before
{Heap before GC invocations=73 (full 0):
 PSYoungGen      total 83968K, used 83680K [0x000000076b800000, 0x00000007b9080000, 0x00000007c0000000)
  eden space 83456K, 100% used [0x000000076b800000,0x0000000770980000,0x0000000770980000)
  from space 512K, 43% used [0x00000007b9000000,0x00000007b9038000,0x00000007b9080000)
  to   space 512K, 0% used [0x00000007b8f80000,0x00000007b8f80000,0x00000007b9000000)
 ParOldGen       total 173568K, used 12949K [0x00000006c2800000, 0x00000006cd180000, 0x000000076b800000)
  object space 173568K, 7% used [0x00000006c2800000,0x00000006c34a57e0,0x00000006cd180000)
 Metaspace       used 8400K, capacity 8774K, committed 8960K, reserved 1056768K
  class space    used 662K, capacity 690K, committed 768K, reserved 1048576K
Event: 17.902 GC heap after
Heap after GC invocations=73 (full 0):
 PSYoungGen      total 81920K, used 192K [0x000000076b800000, 0x00000007b9080000, 0x00000007c0000000)
  eden space 81408K, 0% used [0x000000076b800000,0x000000076b800000,0x0000000770780000)
  from space 512K, 37% used [0x00000007b8f80000,0x00000007b8fb0000,0x00000007b9000000)
  to   space 512K, 0% used [0x00000007b9000000,0x00000007b9000000,0x00000007b9080000)
 ParOldGen       total 173568K, used 12949K [0x00000006c2800000, 0x00000006cd180000, 0x000000076b800000)
  object space 173568K, 7% used [0x00000006c2800000,0x00000006c34a57e0,0x00000006cd180000)
 Metaspace       used 8400K, capacity 8774K, committed 8960K, reserved 1056768K
  class space    used 662K, capacity 690K, committed 768K, reserved 1048576K
}
Event: 17.991 GC heap before
{Heap before GC invocations=74 (full 0):
 PSYoungGen      total 81920K, used 81600K [0x000000076b800000, 0x00000007b9080000, 0x00000007c0000000)
  eden space 81408K, 100% used [0x000000076b800000,0x0000000770780000,0x0000000770780000)
  from space 512K, 37% used [0x00000007b8f80000,0x00000007b8fb0000,0x00000007b9000000)
  to   space 512K, 0% used [0x00000007b9000000,0x00000007b9000000,0x00000007b9080000)
 ParOldGen       total 173568K, used 12949K [0x00000006c2800000, 0x00000006cd180000, 0x000000076b800000)
  object space 173568K, 7% used [0x00000006c2800000,0x00000006c34a57e0,0x00000006cd180000)
 Metaspace       used 8400K, capacity 8774K, committed 8960K, reserved 1056768K
  class space    used 662K, capacity 690K, committed 768K, reserved 1048576K
Event: 17.992 GC heap after
Heap after GC invocations=74 (full 0):
 PSYoungGen      total 79872K, used 224K [0x000000076b800000, 0x00000007b9080000, 0x00000007c0000000)
  eden space 79360K, 0% used [0x000000076b800000,0x000000076b800000,0x0000000770580000)
  from space 512K, 43% used [0x00000007b9000000,0x00000007b9038000,0x00000007b9080000)
  to   space 512K, 0% used [0x00000007b8f80000,0x00000007b8f80000,0x00000007b9000000)
 ParOldGen       total 173568K, used 12981K [0x00000006c2800000, 0x00000006cd180000, 0x000000076b800000)
  object space 173568K, 7% used [0x00000006c2800000,0x00000006c34ad7e0,0x00000006cd180000)
 Metaspace       used 8400K, capacity 8774K, committed 8960K, reserved 1056768K
  class space    used 662K, capacity 690K, committed 768K, reserved 1048576K
}
Event: 18.070 GC heap before
{Heap before GC invocations=75 (full 0):
 PSYoungGen      total 79872K, used 79584K [0x000000076b800000, 0x00000007b9080000, 0x00000007c0000000)
  eden space 79360K, 100% used [0x000000076b800000,0x0000000770580000,0x0000000770580000)
  from space 512K, 43% used [0x00000007b9000000,0x00000007b9038000,0x00000007b9080000)
  to   space 512K, 0% used [0x00000007b8f80000,0x00000007b8f80000,0x00000007b9000000)
 ParOldGen       total 173568K, used 12981K [0x00000006c2800000, 0x00000006cd180000, 0x000000076b800000)
  object space 173568K, 7% used [0x00000006c2800000,0x00000006c34ad7e0,0x00000006cd180000)
 Metaspace       used 8400K, capacity 8774K, committed 8960K, reserved 1056768K
  class space    used 662K, capacity 690K, committed 768K, reserved 1048576K
Event: 18.071 GC heap after
Heap after GC invocations=75 (full 0):
 PSYoungGen      total 77824K, used 224K [0x000000076b800000, 0x00000007b9080000, 0x00000007c0000000)
  eden space 77312K, 0% used [0x000000076b800000,0x000000076b800000,0x0000000770380000)
  from space 512K, 43% used [0x00000007b8f80000,0x00000007b8fb8000,0x00000007b9000000)
  to   space 512K, 0% used [0x00000007b9000000,0x00000007b9000000,0x00000007b9080000)
 ParOldGen       total 173568K, used 12981K [0x00000006c2800000, 0x00000006cd180000, 0x000000076b800000)
  object space 173568K, 7% used [0x00000006c2800000,0x00000006c34ad7e0,0x00000006cd180000)
 Metaspace       used 8400K, capacity 8774K, committed 8960K, reserved 1056768K
  class space    used 662K, capacity 690K, committed 768K, reserved 1048576K
}
Event: 18.152 GC heap before
{Heap before GC invocations=76 (full 0):
 PSYoungGen      total 77824K, used 77536K [0x000000076b800000, 0x00000007b9080000, 0x00000007c0000000)
  eden space 77312K, 100% used [0x000000076b800000,0x0000000770380000,0x0000000770380000)
  from space 512K, 43% used [0x00000007b8f80000,0x00000007b8fb8000,0x00000007b9000000)
  to   space 512K, 0% used [0x00000007b9000000,0x00000007b9000000,0x00000007b9080000)
 ParOldGen       total 173568K, used 12981K [0x00000006c2800000, 0x00000006cd180000, 0x000000076b800000)
  object space 173568K, 7% used [0x00000006c2800000,0x00000006c34ad7e0,0x00000006cd180000)
 Metaspace       used 8400K, capacity 8774K, committed 8960K, reserved 1056768K
  class space    used 662K, capacity 690K, committed 768K, reserved 1048576K
Event: 18.152 GC heap after
Heap after GC invocations=76 (full 0):
 PSYoungGen      total 75776K, used 224K [0x000000076b800000, 0x00000007b9080000, 0x00000007c0000000)
  eden space 75264K, 0% used [0x000000076b800000,0x000000076b800000,0x0000000770180000)
  from space 512K, 43% used [0x00000007b9000000,0x00000007b9038000,0x00000007b9080000)
  to   space 512K, 0% used [0x00000007b8f80000,0x00000007b8f80000,0x00000007b9000000)
 ParOldGen       total 173568K, used 12981K [0x00000006c2800000, 0x00000006cd180000, 0x000000076b800000)
  object space 173568K, 7% used [0x00000006c2800000,0x00000006c34ad7e0,0x00000006cd180000)
 Metaspace       used 8400K, capacity 8774K, committed 8960K, reserved 1056768K
  class space    used 662K, capacity 690K, committed 768K, reserved 1048576K
}
Event: 18.221 GC heap before
{Heap before GC invocations=77 (full 0):
 PSYoungGen      total 75776K, used 75488K [0x000000076b800000, 0x00000007b9080000, 0x00000007c0000000)
  eden space 75264K, 100% used [0x000000076b800000,0x0000000770180000,0x0000000770180000)
  from space 512K, 43% used [0x00000007b9000000,0x00000007b9038000,0x00000007b9080000)
  to   space 512K, 0% used [0x00000007b8f80000,0x00000007b8f80000,0x00000007b9000000)
 ParOldGen       total 173568K, used 12981K [0x00000006c2800000, 0x00000006cd180000, 0x000000076b800000)
  object space 173568K, 7% used [0x00000006c2800000,0x00000006c34ad7e0,0x00000006cd180000)
 Metaspace       used 8400K, capacity 8774K, committed 8960K, reserved 1056768K
  class space    used 662K, capacity 690K, committed 768K, reserved 1048576K
Event: 18.221 GC heap after
Heap after GC invocations=77 (full 0):
 PSYoungGen      total 74240K, used 224K [0x000000076b800000, 0x00000007b9080000, 0x00000007c0000000)
  eden space 73728K, 0% used [0x000000076b800000,0x000000076b800000,0x0000000770000000)
  from space 512K, 43% used [0x00000007b8f80000,0x00000007b8fb8000,0x00000007b9000000)
  to   space 512K, 0% used [0x00000007b9000000,0x00000007b9000000,0x00000007b9080000)
 ParOldGen       total 173568K, used 13021K [0x00000006c2800000, 0x00000006cd180000, 0x000000076b800000)
  object space 173568K, 7% used [0x00000006c2800000,0x00000006c34b77e0,0x00000006cd180000)
 Metaspace       used 8400K, capacity 8774K, committed 8960K, reserved 1056768K
  class space    used 662K, capacity 690K, committed 768K, reserved 1048576K
}

