# JRE version: Java(TM) SE Runtime Environment (8.0_65-b17) (build 1.8.0_65-b17)
# Java VM: Java HotSpot(TM) 64-Bit Server VM (25.65-b01 mixed mode windows-amd64 compressed oops)
Heap:
 PSYoungGen      total 224256K, used 57998K [0x000000076b800000, 0x000000078b380000, 0x00000007c0000000)
  eden space 221696K, 26% used [0x000000076b800000,0x000000076f09b828,0x0000000779080000)
  from space 2560K, 1% used [0x000000078ae80000,0x000000078ae88000,0x000000078b100000)
  to   space 2560K, 0% used [0x000000078b100000,0x000000078b100000,0x000000078b380000)
 ParOldGen       total 173568K, used 1236K [0x00000006c2800000, 0x00000006cd180000, 0x000000076b800000)
  object space 173568K, 0% used [0x00000006c2800000,0x00000006c2935060,0x00000006cd180000)
 Metaspace       used 7963K, capacity 8486K, committed 8704K, reserved 1056768K
  class space    used 642K, capacity 658K, committed 768K, reserved 1048576K
GC Heap History (10 events):
Event: 0.875 GC heap before
{Heap before GC invocations=7 (full 0):
 PSYoungGen      total 261632K, used 261613K [0x000000076b800000, 0x000000077bb00000, 0x00000007c0000000)
  eden space 259584K, 100% used [0x000000076b800000,0x000000077b580000,0x000000077b580000)
  from space 2048K, 99% used [0x000000077b800000,0x000000077b9fb4e0,0x000000077ba00000)
  to   space 2560K, 0% used [0x000000077b580000,0x000000077b580000,0x000000077b800000)
 ParOldGen       total 173568K, used 32K [0x00000006c2800000, 0x00000006cd180000, 0x000000076b800000)
  object space 173568K, 0% used [0x00000006c2800000,0x00000006c2808000,0x00000006cd180000)
 Metaspace       used 7960K, capacity 8486K, committed 8704K, reserved 1056768K
  class space    used 642K, capacity 658K, committed 768K, reserved 1048576K
Event: 0.877 GC heap after
Heap after GC invocations=7 (full 0):
 PSYoungGen      total 262144K, used 1304K [0x000000076b800000, 0x000000078b700000, 0x00000007c0000000)
  eden space 259584K, 0% used [0x000000076b800000,0x000000076b800000,0x000000077b580000)
  from space 2560K, 50% used [0x000000077b580000,0x000000077b6c6120,0x000000077b800000)
  to   space 2048K, 0% used [0x000000078b500000,0x000000078b500000,0x000000078b700000)
 ParOldGen       total 173568K, used 676K [0x00000006c2800000, 0x00000006cd180000, 0x000000076b800000)
  object space 173568K, 0% used [0x00000006c2800000,0x00000006c28a9060,0x00000006cd180000)
 Metaspace       used 7960K, capacity 8486K, committed 8704K, reserved 1056768K
  class space    used 642K, capacity 658K, committed 768K, reserved 1048576K
}
Event: 1.090 GC heap before
{Heap before GC invocations=8 (full 0):
 PSYoungGen      total 262144K, used 260888K [0x000000076b800000, 0x000000078b700000, 0x00000007c0000000)
  eden space 259584K, 100% used [0x000000076b800000,0x000000077b580000,0x000000077b580000)
  from space 2560K, 50% used [0x000000077b580000,0x000000077b6c6120,0x000000077b800000)
  to   space 2048K, 0% used [0x000000078b500000,0x000000078b500000,0x000000078b700000)
 ParOldGen       total 173568K, used 676K [0x00000006c2800000, 0x00000006cd180000, 0x000000076b800000)
  object space 173568K, 0% used [0x00000006c2800000,0x00000006c28a9060,0x00000006cd180000)
 Metaspace       used 7963K, capacity 8486K, committed 8704K, reserved 1056768K
  class space    used 642K, capacity 658K, committed 768K, reserved 1048576K
Event: 1.091 GC heap after
Heap after GC invocations=8 (full 0):
 PSYoungGen      total 250368K, used 608K [0x000000076b800000, 0x000000078b600000, 0x00000007c0000000)
  eden space 249344K, 0% used [0x000000076b800000,0x000000076b800000,0x000000077ab80000)
  from space 1024K, 59% used [0x000000078b500000,0x000000078b598000,0x000000078b600000)
  to   space 2048K, 0% used [0x000000078b200000,0x000000078b200000,0x000000078b400000)
 ParOldGen       total 173568K, used 684K [0x00000006c2800000, 0x00000006cd180000, 0x000000076b800000)
  object space 173568K, 0% used [0x00000006c2800000,0x00000006c28ab060,0x00000006cd180000)
 Metaspace       used 7963K, capacity 8486K, committed 8704K, reserved 1056768K
  class space    used 642K, capacity 658K, committed 768K, reserved 1048576K
}
Event: 1.278 GC heap before
{Heap before GC invocations=9 (full 0):
 PSYoungGen      total 250368K, used 249952K [0x000000076b800000, 0x000000078b600000, 0x00000007c0000000)
  eden space 249344K, 100% used [0x000000076b800000,0x000000077ab80000,0x000000077ab80000)
  from space 1024K, 59% used [0x000000078b500000,0x000000078b598000,0x000000078b600000)
  to   space 2048K, 0% used [0x000000078b200000,0x000000078b200000,0x000000078b400000)
 ParOldGen       total 173568K, used 684K [0x00000006c2800000, 0x00000006cd180000, 0x000000076b800000)
  object space 173568K, 0% used [0x00000006c2800000,0x00000006c28ab060,0x00000006cd180000)
 Metaspace       used 7963K, capacity 8486K, committed 8704K, reserved 1056768K
  class space    used 642K, capacity 658K, committed 768K, reserved 1048576K
Event: 1.279 GC heap after
Heap after GC invocations=9 (full 0):
 PSYoungGen      total 240128K, used 256K [0x000000076b800000, 0x000000078b580000, 0x00000007c0000000)
  eden space 239616K, 0% used [0x000000076b800000,0x000000076b800000,0x000000077a200000)
  from space 512K, 50% used [0x000000078b200000,0x000000078b240000,0x000000078b280000)
  to   space 2560K, 0% used [0x000000078b300000,0x000000078b300000,0x000000078b580000)
 ParOldGen       total 173568K, used 1052K [0x00000006c2800000, 0x00000006cd180000, 0x000000076b800000)
  object space 173568K, 0% used [0x00000006c2800000,0x00000006c2907060,0x00000006cd180000)
 Metaspace       used 7963K, capacity 8486K, committed 8704K, reserved 1056768K
  class space    used 642K, capacity 658K, committed 768K, reserved 1048576K
}
Event: 1.450 GC heap before
{Heap before GC invocations=10 (full 0):
 PSYoungGen      total 240128K, used 239872K [0x000000076b800000, 0x000000078b580000, 0x00000007c0000000)
  eden space 239616K, 100% used [0x000000076b800000,0x000000077a200000,0x000000077a200000)
  from space 512K, 50% used [0x000000078b200000,0x000000078b240000,0x000000078b280000)
  to   space 2560K, 0% used [0x000000078b300000,0x000000078b300000,0x000000078b580000)
 ParOldGen       total 173568K, used 1052K [0x00000006c2800000, 0x00000006cd180000, 0x000000076b800000)
  object space 173568K, 0% used [0x00000006c2800000,0x00000006c2907060,0x00000006cd180000)
 Metaspace       used 7963K, capacity 8486K, committed 8704K, reserved 1056768K
  class space    used 642K, capacity 658K, committed 768K, reserved 1048576K
Event: 1.451 GC heap after
Heap after GC invocations=10 (full 0):
 PSYoungGen      total 230912K, used 64K [0x000000076b800000, 0x000000078b380000, 0x00000007c0000000)
  eden space 230400K, 0% used [0x000000076b800000,0x000000076b800000,0x0000000779900000)
  from space 512K, 12% used [0x000000078b300000,0x000000078b310000,0x000000078b380000)
  to   space 2560K, 0% used [0x000000078ae80000,0x000000078ae80000,0x000000078b100000)
 ParOldGen       total 173568K, used 1236K [0x00000006c2800000, 0x00000006cd180000, 0x000000076b800000)
  object space 173568K, 0% used [0x00000006c2800000,0x00000006c2935060,0x00000006cd180000)
 Metaspace       used 7963K, capacity 8486K, committed 8704K, reserved 1056768K
  class space    used 642K, capacity 658K, committed 768K, reserved 1048576K
}
Event: 1.653 GC heap before
{Heap before GC invocations=11 (full 0):
 PSYoungGen      total 230912K, used 230464K [0x000000076b800000, 0x000000078b380000, 0x00000007c0000000)
  eden space 230400K, 100% used [0x000000076b800000,0x0000000779900000,0x0000000779900000)
  from space 512K, 12% used [0x000000078b300000,0x000000078b310000,0x000000078b380000)
  to   space 2560K, 0% used [0x000000078ae80000,0x000000078ae80000,0x000000078b100000)
 ParOldGen       total 173568K, used 1236K [0x00000006c2800000, 0x00000006cd180000, 0x000000076b800000)
  object space 173568K, 0% used [0x00000006c2800000,0x00000006c2935060,0x00000006cd180000)
 Metaspace       used 7963K, capacity 8486K, committed 8704K, reserved 1056768K
  class space    used 642K, capacity 658K, committed 768K, reserved 1048576K
Event: 1.653 GC heap after
Heap after GC invocations=11 (full 0):
 PSYoungGen      total 224256K, used 32K [0x000000076b800000, 0x000000078b380000, 0x00000007c0000000)
  eden space 221696K, 0% used [0x000000076b800000,0x000000076b800000,0x0000000779080000)
  from space 2560K, 1% used [0x000000078ae80000,0x000000078ae88000,0x000000078b100000)
  to   space 2560K, 0% used [0x000000078b100000,0x000000078b100000,0x000000078b380000)
 ParOldGen       total 173568K, used 1236K [0x00000006c2800000, 0x00000006cd180000, 0x000000076b800000)
  object space 173568K, 0% used [0x00000006c2800000,0x00000006c2935060,0x00000006cd180000)
 Metaspace       used 7963K, capacity 8486K, committed 8704K, reserved 1056768K
  class space    used 642K, capacity 658K, committed 768K, reserved 1048576K
}

