# JRE version: Java(TM) SE Runtime Environment (8.0_65-b17) (build 1.8.0_65-b17)
# Java VM: Java HotSpot(TM) 64-Bit Server VM (25.65-b01 mixed mode windows-amd64 compressed oops)
Heap:
 PSYoungGen      total 486912K, used 254210K [0x000000076b800000, 0x0000000793500000, 0x00000007c0000000)
  eden space 481792K, 52% used [0x000000076b800000,0x000000077b008858,0x0000000788e80000)
  from space 5120K, 4% used [0x0000000792b00000,0x0000000792b38000,0x0000000793000000)
  to   space 5120K, 0% used [0x0000000793000000,0x0000000793000000,0x0000000793500000)
 ParOldGen       total 173568K, used 11593K [0x00000006c2800000, 0x00000006cd180000, 0x000000076b800000)
  object space 173568K, 6% used [0x00000006c2800000,0x00000006c3352770,0x00000006cd180000)
 Metaspace       used 8380K, capacity 8774K, committed 8960K, reserved 1056768K
  class space    used 661K, capacity 690K, committed 768K, reserved 1048576K
GC Heap History (10 events):
Event: 3.378 GC heap before
{Heap before GC invocations=15 (full 0):
 PSYoungGen      total 604672K, used 604384K [0x000000076b800000, 0x0000000793f80000, 0x00000007c0000000)
  eden space 604160K, 100% used [0x000000076b800000,0x0000000790600000,0x0000000790600000)
  from space 512K, 43% used [0x0000000793f00000,0x0000000793f38000,0x0000000793f80000)
  to   space 6144K, 0% used [0x0000000793380000,0x0000000793380000,0x0000000793980000)
 ParOldGen       total 173568K, used 11521K [0x00000006c2800000, 0x00000006cd180000, 0x000000076b800000)
  object space 173568K, 6% used [0x00000006c2800000,0x00000006c3340770,0x00000006cd180000)
 Metaspace       used 8369K, capacity 8774K, committed 8960K, reserved 1056768K
  class space    used 661K, capacity 690K, committed 768K, reserved 1048576K
Event: 3.379 GC heap after
Heap after GC invocations=15 (full 0):
 PSYoungGen      total 583168K, used 224K [0x000000076b800000, 0x0000000793f80000, 0x00000007c0000000)
  eden space 577024K, 0% used [0x000000076b800000,0x000000076b800000,0x000000078eb80000)
  from space 6144K, 3% used [0x0000000793380000,0x00000007933b8000,0x0000000793980000)
  to   space 6144K, 0% used [0x0000000793980000,0x0000000793980000,0x0000000793f80000)
 ParOldGen       total 173568K, used 11521K [0x00000006c2800000, 0x00000006cd180000, 0x000000076b800000)
  object space 173568K, 6% used [0x00000006c2800000,0x00000006c3340770,0x00000006cd180000)
 Metaspace       used 8369K, capacity 8774K, committed 8960K, reserved 1056768K
  class space    used 661K, capacity 690K, committed 768K, reserved 1048576K
}
Event: 3.817 GC heap before
{Heap before GC invocations=16 (full 0):
 PSYoungGen      total 583168K, used 577248K [0x000000076b800000, 0x0000000793f80000, 0x00000007c0000000)
  eden space 577024K, 100% used [0x000000076b800000,0x000000078eb80000,0x000000078eb80000)
  from space 6144K, 3% used [0x0000000793380000,0x00000007933b8000,0x0000000793980000)
  to   space 6144K, 0% used [0x0000000793980000,0x0000000793980000,0x0000000793f80000)
 ParOldGen       total 173568K, used 11521K [0x00000006c2800000, 0x00000006cd180000, 0x000000076b800000)
  object space 173568K, 6% used [0x00000006c2800000,0x00000006c3340770,0x00000006cd180000)
 Metaspace       used 8377K, capacity 8774K, committed 8960K, reserved 1056768K
  class space    used 661K, capacity 690K, committed 768K, reserved 1048576K
Event: 3.818 GC heap after
Heap after GC invocations=16 (full 0):
 PSYoungGen      total 551936K, used 224K [0x000000076b800000, 0x0000000793a00000, 0x00000007c0000000)
  eden space 551424K, 0% used [0x000000076b800000,0x000000076b800000,0x000000078d280000)
  from space 512K, 43% used [0x0000000793980000,0x00000007939b8000,0x0000000793a00000)
  to   space 5632K, 0% used [0x0000000792f00000,0x0000000792f00000,0x0000000793480000)
 ParOldGen       total 173568K, used 11521K [0x00000006c2800000, 0x00000006cd180000, 0x000000076b800000)
  object space 173568K, 6% used [0x00000006c2800000,0x00000006c3340770,0x00000006cd180000)
 Metaspace       used 8377K, capacity 8774K, committed 8960K, reserved 1056768K
  class space    used 661K, capacity 690K, committed 768K, reserved 1048576K
}
Event: 4.279 GC heap before
{Heap before GC invocations=17 (full 0):
 PSYoungGen      total 551936K, used 551648K [0x000000076b800000, 0x0000000793a00000, 0x00000007c0000000)
  eden space 551424K, 100% used [0x000000076b800000,0x000000078d280000,0x000000078d280000)
  from space 512K, 43% used [0x0000000793980000,0x00000007939b8000,0x0000000793a00000)
  to   space 5632K, 0% used [0x0000000792f00000,0x0000000792f00000,0x0000000793480000)
 ParOldGen       total 173568K, used 11521K [0x00000006c2800000, 0x00000006cd180000, 0x000000076b800000)
  object space 173568K, 6% used [0x00000006c2800000,0x00000006c3340770,0x00000006cd180000)
 Metaspace       used 8377K, capacity 8774K, committed 8960K, reserved 1056768K
  class space    used 661K, capacity 690K, committed 768K, reserved 1048576K
Event: 4.280 GC heap after
Heap after GC invocations=17 (full 0):
 PSYoungGen      total 532480K, used 224K [0x000000076b800000, 0x0000000793a00000, 0x00000007c0000000)
  eden space 526848K, 0% used [0x000000076b800000,0x000000076b800000,0x000000078ba80000)
  from space 5632K, 3% used [0x0000000792f00000,0x0000000792f38000,0x0000000793480000)
  to   space 5632K, 0% used [0x0000000793480000,0x0000000793480000,0x0000000793a00000)
 ParOldGen       total 173568K, used 11561K [0x00000006c2800000, 0x00000006cd180000, 0x000000076b800000)
  object space 173568K, 6% used [0x00000006c2800000,0x00000006c334a770,0x00000006cd180000)
 Metaspace       used 8377K, capacity 8774K, committed 8960K, reserved 1056768K
  class space    used 661K, capacity 690K, committed 768K, reserved 1048576K
}
Event: 4.732 GC heap before
{Heap before GC invocations=18 (full 0):
 PSYoungGen      total 532480K, used 527072K [0x000000076b800000, 0x0000000793a00000, 0x00000007c0000000)
  eden space 526848K, 100% used [0x000000076b800000,0x000000078ba80000,0x000000078ba80000)
  from space 5632K, 3% used [0x0000000792f00000,0x0000000792f38000,0x0000000793480000)
  to   space 5632K, 0% used [0x0000000793480000,0x0000000793480000,0x0000000793a00000)
 ParOldGen       total 173568K, used 11561K [0x00000006c2800000, 0x00000006cd180000, 0x000000076b800000)
  object space 173568K, 6% used [0x00000006c2800000,0x00000006c334a770,0x00000006cd180000)
 Metaspace       used 8379K, capacity 8774K, committed 8960K, reserved 1056768K
  class space    used 661K, capacity 690K, committed 768K, reserved 1048576K
Event: 4.732 GC heap after
Heap after GC invocations=18 (full 0):
 PSYoungGen      total 504320K, used 224K [0x000000076b800000, 0x0000000793500000, 0x00000007c0000000)
  eden space 503808K, 0% used [0x000000076b800000,0x000000076b800000,0x000000078a400000)
  from space 512K, 43% used [0x0000000793480000,0x00000007934b8000,0x0000000793500000)
  to   space 5120K, 0% used [0x0000000792b00000,0x0000000792b00000,0x0000000793000000)
 ParOldGen       total 173568K, used 11593K [0x00000006c2800000, 0x00000006cd180000, 0x000000076b800000)
  object space 173568K, 6% used [0x00000006c2800000,0x00000006c3352770,0x00000006cd180000)
 Metaspace       used 8379K, capacity 8774K, committed 8960K, reserved 1056768K
  class space    used 661K, capacity 690K, committed 768K, reserved 1048576K
}
Event: 5.118 GC heap before
{Heap before GC invocations=19 (full 0):
 PSYoungGen      total 504320K, used 504032K [0x000000076b800000, 0x0000000793500000, 0x00000007c0000000)
  eden space 503808K, 100% used [0x000000076b800000,0x000000078a400000,0x000000078a400000)
  from space 512K, 43% used [0x0000000793480000,0x00000007934b8000,0x0000000793500000)
  to   space 5120K, 0% used [0x0000000792b00000,0x0000000792b00000,0x0000000793000000)
 ParOldGen       total 173568K, used 11593K [0x00000006c2800000, 0x00000006cd180000, 0x000000076b800000)
  object space 173568K, 6% used [0x00000006c2800000,0x00000006c3352770,0x00000006cd180000)
 Metaspace       used 8380K, capacity 8774K, committed 8960K, reserved 1056768K
  class space    used 661K, capacity 690K, committed 768K, reserved 1048576K
Event: 5.118 GC heap after
Heap after GC invocations=19 (full 0):
 PSYoungGen      total 486912K, used 224K [0x000000076b800000, 0x0000000793500000, 0x00000007c0000000)
  eden space 481792K, 0% used [0x000000076b800000,0x000000076b800000,0x0000000788e80000)
  from space 5120K, 4% used [0x0000000792b00000,0x0000000792b38000,0x0000000793000000)
  to   space 5120K, 0% used [0x0000000793000000,0x0000000793000000,0x0000000793500000)
 ParOldGen       total 173568K, used 11593K [0x00000006c2800000, 0x00000006cd180000, 0x000000076b800000)
  object space 173568K, 6% used [0x00000006c2800000,0x00000006c3352770,0x00000006cd180000)
 Metaspace       used 8380K, capacity 8774K, committed 8960K, reserved 1056768K
  class space    used 661K, capacity 690K, committed 768K, reserved 1048576K
}

