# JRE version: Java(TM) SE Runtime Environment (8.0_65-b17) (build 1.8.0_65-b17)
# Java VM: Java HotSpot(TM) 64-Bit Server VM (25.65-b01 mixed mode windows-amd64 compressed oops)
Heap:
 PSYoungGen      total 285696K, used 59980K [0x000000076b800000, 0x00000007b9b00000, 0x00000007c0000000)
  eden space 285184K, 20% used [0x000000076b800000,0x000000076f25b3a8,0x000000077ce80000)
  from space 512K, 43% used [0x00000007b9a80000,0x00000007b9ab8000,0x00000007b9b00000)
  to   space 2560K, 0% used [0x00000007b9600000,0x00000007b9600000,0x00000007b9880000)
 ParOldGen       total 173568K, used 36421K [0x00000006c2800000, 0x00000006cd180000, 0x000000076b800000)
  object space 173568K, 20% used [0x00000006c2800000,0x00000006c4b914e0,0x00000006cd180000)
 Metaspace       used 8375K, capacity 8710K, committed 8960K, reserved 1056768K
  class space    used 659K, capacity 690K, committed 768K, reserved 1048576K
GC Heap History (10 events):
Event: 17.224 GC heap before
{Heap before GC invocations=40 (full 0):
 PSYoungGen      total 354304K, used 350944K [0x000000076b800000, 0x00000007ba200000, 0x00000007c0000000)
  eden space 350720K, 100% used [0x000000076b800000,0x0000000780e80000,0x0000000780e80000)
  from space 3584K, 6% used [0x00000007b9b00000,0x00000007b9b38000,0x00000007b9e80000)
  to   space 3072K, 0% used [0x00000007b9f00000,0x00000007b9f00000,0x00000007ba200000)
 ParOldGen       total 173568K, used 36421K [0x00000006c2800000, 0x00000006cd180000, 0x000000076b800000)
  object space 173568K, 20% used [0x00000006c2800000,0x00000006c4b914e0,0x00000006cd180000)
 Metaspace       used 8374K, capacity 8710K, committed 8960K, reserved 1056768K
  class space    used 659K, capacity 690K, committed 768K, reserved 1048576K
Event: 17.225 GC heap after
Heap after GC invocations=40 (full 0):
 PSYoungGen      total 336896K, used 192K [0x000000076b800000, 0x00000007b9f80000, 0x00000007c0000000)
  eden space 336384K, 0% used [0x000000076b800000,0x000000076b800000,0x0000000780080000)
  from space 512K, 37% used [0x00000007b9f00000,0x00000007b9f30000,0x00000007b9f80000)
  to   space 3072K, 0% used [0x00000007b9980000,0x00000007b9980000,0x00000007b9c80000)
 ParOldGen       total 173568K, used 36421K [0x00000006c2800000, 0x00000006cd180000, 0x000000076b800000)
  object space 173568K, 20% used [0x00000006c2800000,0x00000006c4b914e0,0x00000006cd180000)
 Metaspace       used 8374K, capacity 8710K, committed 8960K, reserved 1056768K
  class space    used 659K, capacity 690K, committed 768K, reserved 1048576K
}
Event: 17.498 GC heap before
{Heap before GC invocations=41 (full 0):
 PSYoungGen      total 336896K, used 336576K [0x000000076b800000, 0x00000007b9f80000, 0x00000007c0000000)
  eden space 336384K, 100% used [0x000000076b800000,0x0000000780080000,0x0000000780080000)
  from space 512K, 37% used [0x00000007b9f00000,0x00000007b9f30000,0x00000007b9f80000)
  to   space 3072K, 0% used [0x00000007b9980000,0x00000007b9980000,0x00000007b9c80000)
 ParOldGen       total 173568K, used 36421K [0x00000006c2800000, 0x00000006cd180000, 0x000000076b800000)
  object space 173568K, 20% used [0x00000006c2800000,0x00000006c4b914e0,0x00000006cd180000)
 Metaspace       used 8374K, capacity 8710K, committed 8960K, reserved 1056768K
  class space    used 659K, capacity 690K, committed 768K, reserved 1048576K
Event: 17.499 GC heap after
Heap after GC invocations=41 (full 0):
 PSYoungGen      total 325632K, used 224K [0x000000076b800000, 0x00000007b9f80000, 0x00000007c0000000)
  eden space 322560K, 0% used [0x000000076b800000,0x000000076b800000,0x000000077f300000)
  from space 3072K, 7% used [0x00000007b9980000,0x00000007b99b8000,0x00000007b9c80000)
  to   space 3072K, 0% used [0x00000007b9c80000,0x00000007b9c80000,0x00000007b9f80000)
 ParOldGen       total 173568K, used 36421K [0x00000006c2800000, 0x00000006cd180000, 0x000000076b800000)
  object space 173568K, 20% used [0x00000006c2800000,0x00000006c4b914e0,0x00000006cd180000)
 Metaspace       used 8374K, capacity 8710K, committed 8960K, reserved 1056768K
  class space    used 659K, capacity 690K, committed 768K, reserved 1048576K
}
Event: 17.832 GC heap before
{Heap before GC invocations=42 (full 0):
 PSYoungGen      total 325632K, used 322784K [0x000000076b800000, 0x00000007b9f80000, 0x00000007c0000000)
  eden space 322560K, 100% used [0x000000076b800000,0x000000077f300000,0x000000077f300000)
  from space 3072K, 7% used [0x00000007b9980000,0x00000007b99b8000,0x00000007b9c80000)
  to   space 3072K, 0% used [0x00000007b9c80000,0x00000007b9c80000,0x00000007b9f80000)
 ParOldGen       total 173568K, used 36421K [0x00000006c2800000, 0x00000006cd180000, 0x000000076b800000)
  object space 173568K, 20% used [0x00000006c2800000,0x00000006c4b914e0,0x00000006cd180000)
 Metaspace       used 8374K, capacity 8710K, committed 8960K, reserved 1056768K
  class space    used 659K, capacity 690K, committed 768K, reserved 1048576K
Event: 17.833 GC heap after
Heap after GC invocations=42 (full 0):
 PSYoungGen      total 309760K, used 224K [0x000000076b800000, 0x00000007b9d00000, 0x00000007c0000000)
  eden space 309248K, 0% used [0x000000076b800000,0x000000076b800000,0x000000077e600000)
  from space 512K, 43% used [0x00000007b9c80000,0x00000007b9cb8000,0x00000007b9d00000)
  to   space 2560K, 0% used [0x00000007b9800000,0x00000007b9800000,0x00000007b9a80000)
 ParOldGen       total 173568K, used 36421K [0x00000006c2800000, 0x00000006cd180000, 0x000000076b800000)
  object space 173568K, 20% used [0x00000006c2800000,0x00000006c4b914e0,0x00000006cd180000)
 Metaspace       used 8374K, capacity 8710K, committed 8960K, reserved 1056768K
  class space    used 659K, capacity 690K, committed 768K, reserved 1048576K
}
Event: 18.073 GC heap before
{Heap before GC invocations=43 (full 0):
 PSYoungGen      total 309760K, used 309472K [0x000000076b800000, 0x00000007b9d00000, 0x00000007c0000000)
  eden space 309248K, 100% used [0x000000076b800000,0x000000077e600000,0x000000077e600000)
  from space 512K, 43% used [0x00000007b9c80000,0x00000007b9cb8000,0x00000007b9d00000)
  to   space 2560K, 0% used [0x00000007b9800000,0x00000007b9800000,0x00000007b9a80000)
 ParOldGen       total 173568K, used 36421K [0x00000006c2800000, 0x00000006cd180000, 0x000000076b800000)
  object space 173568K, 20% used [0x00000006c2800000,0x00000006c4b914e0,0x00000006cd180000)
 Metaspace       used 8374K, capacity 8710K, committed 8960K, reserved 1056768K
  class space    used 659K, capacity 690K, committed 768K, reserved 1048576K
Event: 18.074 GC heap after
Heap after GC invocations=43 (full 0):
 PSYoungGen      total 299520K, used 192K [0x000000076b800000, 0x00000007b9d00000, 0x00000007c0000000)
  eden space 296960K, 0% used [0x000000076b800000,0x000000076b800000,0x000000077da00000)
  from space 2560K, 7% used [0x00000007b9800000,0x00000007b9830000,0x00000007b9a80000)
  to   space 2560K, 0% used [0x00000007b9a80000,0x00000007b9a80000,0x00000007b9d00000)
 ParOldGen       total 173568K, used 36421K [0x00000006c2800000, 0x00000006cd180000, 0x000000076b800000)
  object space 173568K, 20% used [0x00000006c2800000,0x00000006c4b914e0,0x00000006cd180000)
 Metaspace       used 8374K, capacity 8710K, committed 8960K, reserved 1056768K
  class space    used 659K, capacity 690K, committed 768K, reserved 1048576K
}
Event: 18.319 GC heap before
{Heap before GC invocations=44 (full 0):
 PSYoungGen      total 299520K, used 297152K [0x000000076b800000, 0x00000007b9d00000, 0x00000007c0000000)
  eden space 296960K, 100% used [0x000000076b800000,0x000000077da00000,0x000000077da00000)
  from space 2560K, 7% used [0x00000007b9800000,0x00000007b9830000,0x00000007b9a80000)
  to   space 2560K, 0% used [0x00000007b9a80000,0x00000007b9a80000,0x00000007b9d00000)
 ParOldGen       total 173568K, used 36421K [0x00000006c2800000, 0x00000006cd180000, 0x000000076b800000)
  object space 173568K, 20% used [0x00000006c2800000,0x00000006c4b914e0,0x00000006cd180000)
 Metaspace       used 8374K, capacity 8710K, committed 8960K, reserved 1056768K
  class space    used 659K, capacity 690K, committed 768K, reserved 1048576K
Event: 18.319 GC heap after
Heap after GC invocations=44 (full 0):
 PSYoungGen      total 285696K, used 224K [0x000000076b800000, 0x00000007b9b00000, 0x00000007c0000000)
  eden space 285184K, 0% used [0x000000076b800000,0x000000076b800000,0x000000077ce80000)
  from space 512K, 43% used [0x00000007b9a80000,0x00000007b9ab8000,0x00000007b9b00000)
  to   space 2560K, 0% used [0x00000007b9600000,0x00000007b9600000,0x00000007b9880000)
 ParOldGen       total 173568K, used 36421K [0x00000006c2800000, 0x00000006cd180000, 0x000000076b800000)
  object space 173568K, 20% used [0x00000006c2800000,0x00000006c4b914e0,0x00000006cd180000)
 Metaspace       used 8374K, capacity 8710K, committed 8960K, reserved 1056768K
  class space    used 659K, capacity 690K, committed 768K, reserved 1048576K
}

