# JRE version: Java(TM) SE Runtime Environment (8.0_65-b17) (build 1.8.0_65-b17)
# Java VM: Java HotSpot(TM) 64-Bit Server VM (25.65-b01 mixed mode windows-amd64 compressed oops)
Heap:
 PSYoungGen      total 402432K, used 285442K [0x000000076b800000, 0x00000007a8600000, 0x00000007c0000000)
  eden space 398848K, 71% used [0x000000076b800000,0x000000077ce98958,0x0000000783d80000)
  from space 3584K, 4% used [0x00000007a7f00000,0x00000007a7f28000,0x00000007a8280000)
  to   space 3072K, 0% used [0x00000007a8300000,0x00000007a8300000,0x00000007a8600000)
 ParOldGen       total 173568K, used 31069K [0x00000006c2800000, 0x00000006cd180000, 0x000000076b800000)
  object space 173568K, 17% used [0x00000006c2800000,0x00000006c4657760,0x00000006cd180000)
 Metaspace       used 8398K, capacity 8774K, committed 8960K, reserved 1056768K
  class space    used 662K, capacity 690K, committed 768K, reserved 1048576K
GC Heap History (10 events):
Event: 13.846 GC heap before
{Heap before GC invocations=33 (full 0):
 PSYoungGen      total 497152K, used 496832K [0x000000076b800000, 0x00000007a8c80000, 0x00000007c0000000)
  eden space 496640K, 100% used [0x000000076b800000,0x0000000789d00000,0x0000000789d00000)
  from space 512K, 37% used [0x00000007a8c00000,0x00000007a8c30000,0x00000007a8c80000)
  to   space 4608K, 0% used [0x00000007a8380000,0x00000007a8380000,0x00000007a8800000)
 ParOldGen       total 173568K, used 31053K [0x00000006c2800000, 0x00000006cd180000, 0x000000076b800000)
  object space 173568K, 17% used [0x00000006c2800000,0x00000006c4653760,0x00000006cd180000)
 Metaspace       used 8397K, capacity 8774K, committed 8960K, reserved 1056768K
  class space    used 662K, capacity 690K, committed 768K, reserved 1048576K
Event: 13.846 GC heap after
Heap after GC invocations=33 (full 0):
 PSYoungGen      total 479744K, used 160K [0x000000076b800000, 0x00000007a8c80000, 0x00000007c0000000)
  eden space 475136K, 0% used [0x000000076b800000,0x000000076b800000,0x0000000788800000)
  from space 4608K, 3% used [0x00000007a8380000,0x00000007a83a8000,0x00000007a8800000)
  to   space 4096K, 0% used [0x00000007a8880000,0x00000007a8880000,0x00000007a8c80000)
 ParOldGen       total 173568K, used 31053K [0x00000006c2800000, 0x00000006cd180000, 0x000000076b800000)
  object space 173568K, 17% used [0x00000006c2800000,0x00000006c4653760,0x00000006cd180000)
 Metaspace       used 8397K, capacity 8774K, committed 8960K, reserved 1056768K
  class space    used 662K, capacity 690K, committed 768K, reserved 1048576K
}
Event: 14.260 GC heap before
{Heap before GC invocations=34 (full 0):
 PSYoungGen      total 479744K, used 475296K [0x000000076b800000, 0x00000007a8c80000, 0x00000007c0000000)
  eden space 475136K, 100% used [0x000000076b800000,0x0000000788800000,0x0000000788800000)
  from space 4608K, 3% used [0x00000007a8380000,0x00000007a83a8000,0x00000007a8800000)
  to   space 4096K, 0% used [0x00000007a8880000,0x00000007a8880000,0x00000007a8c80000)
 ParOldGen       total 173568K, used 31053K [0x00000006c2800000, 0x00000006cd180000, 0x000000076b800000)
  object space 173568K, 17% used [0x00000006c2800000,0x00000006c4653760,0x00000006cd180000)
 Metaspace       used 8397K, capacity 8774K, committed 8960K, reserved 1056768K
  class space    used 662K, capacity 690K, committed 768K, reserved 1048576K
Event: 14.261 GC heap after
Heap after GC invocations=34 (full 0):
 PSYoungGen      total 455168K, used 128K [0x000000076b800000, 0x00000007a8900000, 0x00000007c0000000)
  eden space 454656K, 0% used [0x000000076b800000,0x000000076b800000,0x0000000787400000)
  from space 512K, 25% used [0x00000007a8880000,0x00000007a88a0000,0x00000007a8900000)
  to   space 4096K, 0% used [0x00000007a8100000,0x00000007a8100000,0x00000007a8500000)
 ParOldGen       total 173568K, used 31053K [0x00000006c2800000, 0x00000006cd180000, 0x000000076b800000)
  object space 173568K, 17% used [0x00000006c2800000,0x00000006c4653760,0x00000006cd180000)
 Metaspace       used 8397K, capacity 8774K, committed 8960K, reserved 1056768K
  class space    used 662K, capacity 690K, committed 768K, reserved 1048576K
}
Event: 14.635 GC heap before
{Heap before GC invocations=35 (full 0):
 PSYoungGen      total 455168K, used 454784K [0x000000076b800000, 0x00000007a8900000, 0x00000007c0000000)
  eden space 454656K, 100% used [0x000000076b800000,0x0000000787400000,0x0000000787400000)
  from space 512K, 25% used [0x00000007a8880000,0x00000007a88a0000,0x00000007a8900000)
  to   space 4096K, 0% used [0x00000007a8100000,0x00000007a8100000,0x00000007a8500000)
 ParOldGen       total 173568K, used 31053K [0x00000006c2800000, 0x00000006cd180000, 0x000000076b800000)
  object space 173568K, 17% used [0x00000006c2800000,0x00000006c4653760,0x00000006cd180000)
 Metaspace       used 8397K, capacity 8774K, committed 8960K, reserved 1056768K
  class space    used 662K, capacity 690K, committed 768K, reserved 1048576K
Event: 14.635 GC heap after
Heap after GC invocations=35 (full 0):
 PSYoungGen      total 439296K, used 224K [0x000000076b800000, 0x00000007a8900000, 0x00000007c0000000)
  eden space 435200K, 0% used [0x000000076b800000,0x000000076b800000,0x0000000786100000)
  from space 4096K, 5% used [0x00000007a8100000,0x00000007a8138000,0x00000007a8500000)
  to   space 3584K, 0% used [0x00000007a8580000,0x00000007a8580000,0x00000007a8900000)
 ParOldGen       total 173568K, used 31053K [0x00000006c2800000, 0x00000006cd180000, 0x000000076b800000)
  object space 173568K, 17% used [0x00000006c2800000,0x00000006c4653760,0x00000006cd180000)
 Metaspace       used 8397K, capacity 8774K, committed 8960K, reserved 1056768K
  class space    used 662K, capacity 690K, committed 768K, reserved 1048576K
}
Event: 14.943 GC heap before
{Heap before GC invocations=36 (full 0):
 PSYoungGen      total 439296K, used 435424K [0x000000076b800000, 0x00000007a8900000, 0x00000007c0000000)
  eden space 435200K, 100% used [0x000000076b800000,0x0000000786100000,0x0000000786100000)
  from space 4096K, 5% used [0x00000007a8100000,0x00000007a8138000,0x00000007a8500000)
  to   space 3584K, 0% used [0x00000007a8580000,0x00000007a8580000,0x00000007a8900000)
 ParOldGen       total 173568K, used 31053K [0x00000006c2800000, 0x00000006cd180000, 0x000000076b800000)
  object space 173568K, 17% used [0x00000006c2800000,0x00000006c4653760,0x00000006cd180000)
 Metaspace       used 8397K, capacity 8774K, committed 8960K, reserved 1056768K
  class space    used 662K, capacity 690K, committed 768K, reserved 1048576K
Event: 14.943 GC heap after
Heap after GC invocations=36 (full 0):
 PSYoungGen      total 417280K, used 128K [0x000000076b800000, 0x00000007a8600000, 0x00000007c0000000)
  eden space 416768K, 0% used [0x000000076b800000,0x000000076b800000,0x0000000784f00000)
  from space 512K, 25% used [0x00000007a8580000,0x00000007a85a0000,0x00000007a8600000)
  to   space 3584K, 0% used [0x00000007a7f00000,0x00000007a7f00000,0x00000007a8280000)
 ParOldGen       total 173568K, used 31069K [0x00000006c2800000, 0x00000006cd180000, 0x000000076b800000)
  object space 173568K, 17% used [0x00000006c2800000,0x00000006c4657760,0x00000006cd180000)
 Metaspace       used 8397K, capacity 8774K, committed 8960K, reserved 1056768K
  class space    used 662K, capacity 690K, committed 768K, reserved 1048576K
}
Event: 15.251 GC heap before
{Heap before GC invocations=37 (full 0):
 PSYoungGen      total 417280K, used 416896K [0x000000076b800000, 0x00000007a8600000, 0x00000007c0000000)
  eden space 416768K, 100% used [0x000000076b800000,0x0000000784f00000,0x0000000784f00000)
  from space 512K, 25% used [0x00000007a8580000,0x00000007a85a0000,0x00000007a8600000)
  to   space 3584K, 0% used [0x00000007a7f00000,0x00000007a7f00000,0x00000007a8280000)
 ParOldGen       total 173568K, used 31069K [0x00000006c2800000, 0x00000006cd180000, 0x000000076b800000)
  object space 173568K, 17% used [0x00000006c2800000,0x00000006c4657760,0x00000006cd180000)
 Metaspace       used 8397K, capacity 8774K, committed 8960K, reserved 1056768K
  class space    used 662K, capacity 690K, committed 768K, reserved 1048576K
Event: 15.252 GC heap after
Heap after GC invocations=37 (full 0):
 PSYoungGen      total 402432K, used 160K [0x000000076b800000, 0x00000007a8600000, 0x00000007c0000000)
  eden space 398848K, 0% used [0x000000076b800000,0x000000076b800000,0x0000000783d80000)
  from space 3584K, 4% used [0x00000007a7f00000,0x00000007a7f28000,0x00000007a8280000)
  to   space 3072K, 0% used [0x00000007a8300000,0x00000007a8300000,0x00000007a8600000)
 ParOldGen       total 173568K, used 31069K [0x00000006c2800000, 0x00000006cd180000, 0x000000076b800000)
  object space 173568K, 17% used [0x00000006c2800000,0x00000006c4657760,0x00000006cd180000)
 Metaspace       used 8397K, capacity 8774K, committed 8960K, reserved 1056768K
  class space    used 662K, capacity 690K, committed 768K, reserved 1048576K
}

