# JRE version: Java(TM) SE Runtime Environment (8.0_65-b17) (build 1.8.0_65-b17)
# Java VM: Java HotSpot(TM) 64-Bit Server VM (25.65-b01 mixed mode windows-amd64 compressed oops)
Heap:
 PSYoungGen      total 506880K, used 474029K [0x000000076b800000, 0x00000007adf00000, 0x00000007c0000000)
  eden space 500224K, 94% used [0x000000076b800000,0x00000007886b3668,0x000000078a080000)
  from space 6656K, 3% used [0x00000007ad200000,0x00000007ad238000,0x00000007ad880000)
  to   space 6656K, 0% used [0x00000007ad880000,0x00000007ad880000,0x00000007adf00000)
 ParOldGen       total 173568K, used 31471K [0x00000006c2800000, 0x00000006cd180000, 0x000000076b800000)
  object space 173568K, 18% used [0x00000006c2800000,0x00000006c46bbf30,0x00000006cd180000)
 Metaspace       used 8311K, capacity 8710K, committed 8960K, reserved 1056768K
  class space    used 655K, capacity 690K, committed 768K, reserved 1048576K
GC Heap History (10 events):
Event: 7.169 GC heap before
{Heap before GC invocations=23 (full 0):
 PSYoungGen      total 628224K, used 627840K [0x000000076b800000, 0x00000007aed00000, 0x00000007c0000000)
  eden space 627712K, 100% used [0x000000076b800000,0x0000000791d00000,0x0000000791d00000)
  from space 512K, 25% used [0x00000007aec80000,0x00000007aeca0000,0x00000007aed00000)
  to   space 8704K, 0% used [0x00000007adc00000,0x00000007adc00000,0x00000007ae480000)
 ParOldGen       total 173568K, used 31471K [0x00000006c2800000, 0x00000006cd180000, 0x000000076b800000)
  object space 173568K, 18% used [0x00000006c2800000,0x00000006c46bbf30,0x00000006cd180000)
 Metaspace       used 8304K, capacity 8710K, committed 8960K, reserved 1056768K
  class space    used 655K, capacity 690K, committed 768K, reserved 1048576K
Event: 7.169 GC heap after
Heap after GC invocations=23 (full 0):
 PSYoungGen      total 608256K, used 160K [0x000000076b800000, 0x00000007aed00000, 0x00000007c0000000)
  eden space 599552K, 0% used [0x000000076b800000,0x000000076b800000,0x0000000790180000)
  from space 8704K, 1% used [0x00000007adc00000,0x00000007adc28000,0x00000007ae480000)
  to   space 8192K, 0% used [0x00000007ae500000,0x00000007ae500000,0x00000007aed00000)
 ParOldGen       total 173568K, used 31471K [0x00000006c2800000, 0x00000006cd180000, 0x000000076b800000)
  object space 173568K, 18% used [0x00000006c2800000,0x00000006c46bbf30,0x00000006cd180000)
 Metaspace       used 8304K, capacity 8710K, committed 8960K, reserved 1056768K
  class space    used 655K, capacity 690K, committed 768K, reserved 1048576K
}
Event: 7.655 GC heap before
{Heap before GC invocations=24 (full 0):
 PSYoungGen      total 608256K, used 599712K [0x000000076b800000, 0x00000007aed00000, 0x00000007c0000000)
  eden space 599552K, 100% used [0x000000076b800000,0x0000000790180000,0x0000000790180000)
  from space 8704K, 1% used [0x00000007adc00000,0x00000007adc28000,0x00000007ae480000)
  to   space 8192K, 0% used [0x00000007ae500000,0x00000007ae500000,0x00000007aed00000)
 ParOldGen       total 173568K, used 31471K [0x00000006c2800000, 0x00000006cd180000, 0x000000076b800000)
  object space 173568K, 18% used [0x00000006c2800000,0x00000006c46bbf30,0x00000006cd180000)
 Metaspace       used 8305K, capacity 8710K, committed 8960K, reserved 1056768K
  class space    used 655K, capacity 690K, committed 768K, reserved 1048576K
Event: 7.655 GC heap after
Heap after GC invocations=24 (full 0):
 PSYoungGen      total 573440K, used 160K [0x000000076b800000, 0x00000007ae580000, 0x00000007c0000000)
  eden space 572928K, 0% used [0x000000076b800000,0x000000076b800000,0x000000078e780000)
  from space 512K, 31% used [0x00000007ae500000,0x00000007ae528000,0x00000007ae580000)
  to   space 7680K, 0% used [0x00000007ad680000,0x00000007ad680000,0x00000007ade00000)
 ParOldGen       total 173568K, used 31471K [0x00000006c2800000, 0x00000006cd180000, 0x000000076b800000)
  object space 173568K, 18% used [0x00000006c2800000,0x00000006c46bbf30,0x00000006cd180000)
 Metaspace       used 8305K, capacity 8710K, committed 8960K, reserved 1056768K
  class space    used 655K, capacity 690K, committed 768K, reserved 1048576K
}
Event: 8.076 GC heap before
{Heap before GC invocations=25 (full 0):
 PSYoungGen      total 573440K, used 573088K [0x000000076b800000, 0x00000007ae580000, 0x00000007c0000000)
  eden space 572928K, 100% used [0x000000076b800000,0x000000078e780000,0x000000078e780000)
  from space 512K, 31% used [0x00000007ae500000,0x00000007ae528000,0x00000007ae580000)
  to   space 7680K, 0% used [0x00000007ad680000,0x00000007ad680000,0x00000007ade00000)
 ParOldGen       total 173568K, used 31471K [0x00000006c2800000, 0x00000006cd180000, 0x000000076b800000)
  object space 173568K, 18% used [0x00000006c2800000,0x00000006c46bbf30,0x00000006cd180000)
 Metaspace       used 8305K, capacity 8710K, committed 8960K, reserved 1056768K
  class space    used 655K, capacity 690K, committed 768K, reserved 1048576K
Event: 8.077 GC heap after
Heap after GC invocations=25 (full 0):
 PSYoungGen      total 555008K, used 160K [0x000000076b800000, 0x00000007ae580000, 0x00000007c0000000)
  eden space 547328K, 0% used [0x000000076b800000,0x000000076b800000,0x000000078ce80000)
  from space 7680K, 2% used [0x00000007ad680000,0x00000007ad6a8000,0x00000007ade00000)
  to   space 7168K, 0% used [0x00000007ade80000,0x00000007ade80000,0x00000007ae580000)
 ParOldGen       total 173568K, used 31471K [0x00000006c2800000, 0x00000006cd180000, 0x000000076b800000)
  object space 173568K, 18% used [0x00000006c2800000,0x00000006c46bbf30,0x00000006cd180000)
 Metaspace       used 8305K, capacity 8710K, committed 8960K, reserved 1056768K
  class space    used 655K, capacity 690K, committed 768K, reserved 1048576K
}
Event: 8.545 GC heap before
{Heap before GC invocations=26 (full 0):
 PSYoungGen      total 555008K, used 547488K [0x000000076b800000, 0x00000007ae580000, 0x00000007c0000000)
  eden space 547328K, 100% used [0x000000076b800000,0x000000078ce80000,0x000000078ce80000)
  from space 7680K, 2% used [0x00000007ad680000,0x00000007ad6a8000,0x00000007ade00000)
  to   space 7168K, 0% used [0x00000007ade80000,0x00000007ade80000,0x00000007ae580000)
 ParOldGen       total 173568K, used 31471K [0x00000006c2800000, 0x00000006cd180000, 0x000000076b800000)
  object space 173568K, 18% used [0x00000006c2800000,0x00000006c46bbf30,0x00000006cd180000)
 Metaspace       used 8311K, capacity 8710K, committed 8960K, reserved 1056768K
  class space    used 655K, capacity 690K, committed 768K, reserved 1048576K
Event: 8.546 GC heap after
Heap after GC invocations=26 (full 0):
 PSYoungGen      total 523776K, used 224K [0x000000076b800000, 0x00000007adf00000, 0x00000007c0000000)
  eden space 523264K, 0% used [0x000000076b800000,0x000000076b800000,0x000000078b700000)
  from space 512K, 43% used [0x00000007ade80000,0x00000007adeb8000,0x00000007adf00000)
  to   space 6656K, 0% used [0x00000007ad200000,0x00000007ad200000,0x00000007ad880000)
 ParOldGen       total 173568K, used 31471K [0x00000006c2800000, 0x00000006cd180000, 0x000000076b800000)
  object space 173568K, 18% used [0x00000006c2800000,0x00000006c46bbf30,0x00000006cd180000)
 Metaspace       used 8311K, capacity 8710K, committed 8960K, reserved 1056768K
  class space    used 655K, capacity 690K, committed 768K, reserved 1048576K
}
Event: 8.969 GC heap before
{Heap before GC invocations=27 (full 0):
 PSYoungGen      total 523776K, used 523488K [0x000000076b800000, 0x00000007adf00000, 0x00000007c0000000)
  eden space 523264K, 100% used [0x000000076b800000,0x000000078b700000,0x000000078b700000)
  from space 512K, 43% used [0x00000007ade80000,0x00000007adeb8000,0x00000007adf00000)
  to   space 6656K, 0% used [0x00000007ad200000,0x00000007ad200000,0x00000007ad880000)
 ParOldGen       total 173568K, used 31471K [0x00000006c2800000, 0x00000006cd180000, 0x000000076b800000)
  object space 173568K, 18% used [0x00000006c2800000,0x00000006c46bbf30,0x00000006cd180000)
 Metaspace       used 8311K, capacity 8710K, committed 8960K, reserved 1056768K
  class space    used 655K, capacity 690K, committed 768K, reserved 1048576K
Event: 8.970 GC heap after
Heap after GC invocations=27 (full 0):
 PSYoungGen      total 506880K, used 224K [0x000000076b800000, 0x00000007adf00000, 0x00000007c0000000)
  eden space 500224K, 0% used [0x000000076b800000,0x000000076b800000,0x000000078a080000)
  from space 6656K, 3% used [0x00000007ad200000,0x00000007ad238000,0x00000007ad880000)
  to   space 6656K, 0% used [0x00000007ad880000,0x00000007ad880000,0x00000007adf00000)
 ParOldGen       total 173568K, used 31471K [0x00000006c2800000, 0x00000006cd180000, 0x000000076b800000)
  object space 173568K, 18% used [0x00000006c2800000,0x00000006c46bbf30,0x00000006cd180000)
 Metaspace       used 8311K, capacity 8710K, committed 8960K, reserved 1056768K
  class space    used 655K, capacity 690K, committed 768K, reserved 1048576K
}

