# JRE version: Java(TM) SE Runtime Environment (8.0_65-b17) (build 1.8.0_65-b17)
# Java VM: Java HotSpot(TM) 64-Bit Server VM (25.65-b01 mixed mode windows-amd64 compressed oops)
Heap:
 PSYoungGen      total 1134080K, used 35055K [0x000000076b800000, 0x00000007bef00000, 0x00000007c0000000)
  eden space 1133568K, 3% used [0x000000076b800000,0x000000076d9fbcc8,0x00000007b0b00000)
  from space 512K, 50% used [0x00000007bee80000,0x00000007beec0000,0x00000007bef00000)
  to   space 8704K, 0% used [0x00000007bde00000,0x00000007bde00000,0x00000007be680000)
 ParOldGen       total 173568K, used 18460K [0x00000006c2800000, 0x00000006cd180000, 0x000000076b800000)
  object space 173568K, 10% used [0x00000006c2800000,0x00000006c3a07338,0x00000006cd180000)
 Metaspace       used 8395K, capacity 8774K, committed 8960K, reserved 1056768K
  class space    used 661K, capacity 690K, committed 768K, reserved 1048576K
GC Heap History (10 events):
Event: 3.088 GC heap before
{Heap before GC invocations=12 (full 0):
 PSYoungGen      total 829440K, used 819424K [0x000000076b800000, 0x00000007bcc00000, 0x00000007c0000000)
  eden space 819200K, 100% used [0x000000076b800000,0x000000079d800000,0x000000079d800000)
  from space 10240K, 2% used [0x000000079d800000,0x000000079d838000,0x000000079e200000)
  to   space 10240K, 0% used [0x00000007bc200000,0x00000007bc200000,0x00000007bcc00000)
 ParOldGen       total 173568K, used 18404K [0x00000006c2800000, 0x00000006cd180000, 0x000000076b800000)
  object space 173568K, 10% used [0x00000006c2800000,0x00000006c39f9338,0x00000006cd180000)
 Metaspace       used 8376K, capacity 8774K, committed 8960K, reserved 1056768K
  class space    used 661K, capacity 690K, committed 768K, reserved 1048576K
Event: 3.089 GC heap after
Heap after GC invocations=12 (full 0):
 PSYoungGen      total 1319936K, used 224K [0x000000076b800000, 0x00000007bcb00000, 0x00000007c0000000)
  eden space 1310720K, 0% used [0x000000076b800000,0x000000076b800000,0x00000007bb800000)
  from space 9216K, 2% used [0x00000007bc200000,0x00000007bc238000,0x00000007bcb00000)
  to   space 9728K, 0% used [0x00000007bb800000,0x00000007bb800000,0x00000007bc180000)
 ParOldGen       total 173568K, used 18412K [0x00000006c2800000, 0x00000006cd180000, 0x000000076b800000)
  object space 173568K, 10% used [0x00000006c2800000,0x00000006c39fb338,0x00000006cd180000)
 Metaspace       used 8376K, capacity 8774K, committed 8960K, reserved 1056768K
  class space    used 661K, capacity 690K, committed 768K, reserved 1048576K
}
Event: 4.103 GC heap before
{Heap before GC invocations=13 (full 0):
 PSYoungGen      total 1319936K, used 1310944K [0x000000076b800000, 0x00000007bcb00000, 0x00000007c0000000)
  eden space 1310720K, 100% used [0x000000076b800000,0x00000007bb800000,0x00000007bb800000)
  from space 9216K, 2% used [0x00000007bc200000,0x00000007bc238000,0x00000007bcb00000)
  to   space 9728K, 0% used [0x00000007bb800000,0x00000007bb800000,0x00000007bc180000)
 ParOldGen       total 173568K, used 18412K [0x00000006c2800000, 0x00000006cd180000, 0x000000076b800000)
  object space 173568K, 10% used [0x00000006c2800000,0x00000006c39fb338,0x00000006cd180000)
 Metaspace       used 8386K, capacity 8774K, committed 8960K, reserved 1056768K
  class space    used 661K, capacity 690K, committed 768K, reserved 1048576K
Event: 4.104 GC heap after
Heap after GC invocations=13 (full 0):
 PSYoungGen      total 1320448K, used 224K [0x000000076b800000, 0x00000007c0000000, 0x00000007c0000000)
  eden space 1310720K, 0% used [0x000000076b800000,0x000000076b800000,0x00000007bb800000)
  from space 9728K, 2% used [0x00000007bb800000,0x00000007bb838000,0x00000007bc180000)
  to   space 9728K, 0% used [0x00000007bf680000,0x00000007bf680000,0x00000007c0000000)
 ParOldGen       total 173568K, used 18420K [0x00000006c2800000, 0x00000006cd180000, 0x000000076b800000)
  object space 173568K, 10% used [0x00000006c2800000,0x00000006c39fd338,0x00000006cd180000)
 Metaspace       used 8386K, capacity 8774K, committed 8960K, reserved 1056768K
  class space    used 661K, capacity 690K, committed 768K, reserved 1048576K
}
Event: 5.041 GC heap before
{Heap before GC invocations=14 (full 0):
 PSYoungGen      total 1320448K, used 1310944K [0x000000076b800000, 0x00000007c0000000, 0x00000007c0000000)
  eden space 1310720K, 100% used [0x000000076b800000,0x00000007bb800000,0x00000007bb800000)
  from space 9728K, 2% used [0x00000007bb800000,0x00000007bb838000,0x00000007bc180000)
  to   space 9728K, 0% used [0x00000007bf680000,0x00000007bf680000,0x00000007c0000000)
 ParOldGen       total 173568K, used 18420K [0x00000006c2800000, 0x00000006cd180000, 0x000000076b800000)
  object space 173568K, 10% used [0x00000006c2800000,0x00000006c39fd338,0x00000006cd180000)
 Metaspace       used 8388K, capacity 8774K, committed 8960K, reserved 1056768K
  class space    used 661K, capacity 690K, committed 768K, reserved 1048576K
Event: 5.042 GC heap after
Heap after GC invocations=14 (full 0):
 PSYoungGen      total 1249280K, used 256K [0x000000076b800000, 0x00000007bf700000, 0x00000007c0000000)
  eden space 1248768K, 0% used [0x000000076b800000,0x000000076b800000,0x00000007b7b80000)
  from space 512K, 50% used [0x00000007bf680000,0x00000007bf6c0000,0x00000007bf700000)
  to   space 9216K, 0% used [0x00000007be500000,0x00000007be500000,0x00000007bee00000)
 ParOldGen       total 173568K, used 18460K [0x00000006c2800000, 0x00000006cd180000, 0x000000076b800000)
  object space 173568K, 10% used [0x00000006c2800000,0x00000006c3a07338,0x00000006cd180000)
 Metaspace       used 8388K, capacity 8774K, committed 8960K, reserved 1056768K
  class space    used 661K, capacity 690K, committed 768K, reserved 1048576K
}
Event: 5.967 GC heap before
{Heap before GC invocations=15 (full 0):
 PSYoungGen      total 1249280K, used 1249024K [0x000000076b800000, 0x00000007bf700000, 0x00000007c0000000)
  eden space 1248768K, 100% used [0x000000076b800000,0x00000007b7b80000,0x00000007b7b80000)
  from space 512K, 50% used [0x00000007bf680000,0x00000007bf6c0000,0x00000007bf700000)
  to   space 9216K, 0% used [0x00000007be500000,0x00000007be500000,0x00000007bee00000)
 ParOldGen       total 173568K, used 18460K [0x00000006c2800000, 0x00000006cd180000, 0x000000076b800000)
  object space 173568K, 10% used [0x00000006c2800000,0x00000006c3a07338,0x00000006cd180000)
 Metaspace       used 8394K, capacity 8774K, committed 8960K, reserved 1056768K
  class space    used 661K, capacity 690K, committed 768K, reserved 1048576K
Event: 5.968 GC heap after
Heap after GC invocations=15 (full 0):
 PSYoungGen      total 1199104K, used 256K [0x000000076b800000, 0x00000007bf700000, 0x00000007c0000000)
  eden space 1189888K, 0% used [0x000000076b800000,0x000000076b800000,0x00000007b4200000)
  from space 9216K, 2% used [0x00000007be500000,0x00000007be540000,0x00000007bee00000)
  to   space 8704K, 0% used [0x00000007bee80000,0x00000007bee80000,0x00000007bf700000)
 ParOldGen       total 173568K, used 18460K [0x00000006c2800000, 0x00000006cd180000, 0x000000076b800000)
  object space 173568K, 10% used [0x00000006c2800000,0x00000006c3a07338,0x00000006cd180000)
 Metaspace       used 8394K, capacity 8774K, committed 8960K, reserved 1056768K
  class space    used 661K, capacity 690K, committed 768K, reserved 1048576K
}
Event: 6.833 GC heap before
{Heap before GC invocations=16 (full 0):
 PSYoungGen      total 1199104K, used 1190144K [0x000000076b800000, 0x00000007bf700000, 0x00000007c0000000)
  eden space 1189888K, 100% used [0x000000076b800000,0x00000007b4200000,0x00000007b4200000)
  from space 9216K, 2% used [0x00000007be500000,0x00000007be540000,0x00000007bee00000)
  to   space 8704K, 0% used [0x00000007bee80000,0x00000007bee80000,0x00000007bf700000)
 ParOldGen       total 173568K, used 18460K [0x00000006c2800000, 0x00000006cd180000, 0x000000076b800000)
  object space 173568K, 10% used [0x00000006c2800000,0x00000006c3a07338,0x00000006cd180000)
 Metaspace       used 8394K, capacity 8774K, committed 8960K, reserved 1056768K
  class space    used 661K, capacity 690K, committed 768K, reserved 1048576K
Event: 6.834 GC heap after
Heap after GC invocations=16 (full 0):
 PSYoungGen      total 1134080K, used 256K [0x000000076b800000, 0x00000007bef00000, 0x00000007c0000000)
  eden space 1133568K, 0% used [0x000000076b800000,0x000000076b800000,0x00000007b0b00000)
  from space 512K, 50% used [0x00000007bee80000,0x00000007beec0000,0x00000007bef00000)
  to   space 8704K, 0% used [0x00000007bde00000,0x00000007bde00000,0x00000007be680000)
 ParOldGen       total 173568K, used 18460K [0x00000006c2800000, 0x00000006cd180000, 0x000000076b800000)
  object space 173568K, 10% used [0x00000006c2800000,0x00000006c3a07338,0x00000006cd180000)
 Metaspace       used 8394K, capacity 8774K, committed 8960K, reserved 1056768K
  class space    used 661K, capacity 690K, committed 768K, reserved 1048576K
}

