# JRE version: Java(TM) SE Runtime Environment (8.0_65-b17) (build 1.8.0_65-b17)
# Java VM: Java HotSpot(TM) 64-Bit Server VM (25.65-b01 mixed mode windows-amd64 compressed oops)
Heap:
 PSYoungGen      total 664064K, used 624095K [0x000000076b800000, 0x0000000794d80000, 0x00000007c0000000)
  eden space 650752K, 95% used [0x000000076b800000,0x0000000791947d20,0x0000000793380000)
  from space 13312K, 1% used [0x0000000794080000,0x00000007940b0000,0x0000000794d80000)
  to   space 13312K, 0% used [0x0000000793380000,0x0000000793380000,0x0000000794080000)
 ParOldGen       total 173568K, used 31461K [0x00000006c2800000, 0x00000006cd180000, 0x000000076b800000)
  object space 173568K, 18% used [0x00000006c2800000,0x00000006c46b9730,0x00000006cd180000)
 Metaspace       used 8236K, capacity 8646K, committed 8960K, reserved 1056768K
  class space    used 655K, capacity 690K, committed 768K, reserved 1048576K
GC Heap History (10 events):
Event: 1.081 GC heap before
{Heap before GC invocations=8 (full 0):
 PSYoungGen      total 131584K, used 131201K [0x000000076b800000, 0x000000077b900000, 0x00000007c0000000)
  eden space 130048K, 100% used [0x000000076b800000,0x0000000773700000,0x0000000773700000)
  from space 1536K, 75% used [0x0000000773700000,0x00000007738204d8,0x0000000773880000)
  to   space 1536K, 0% used [0x000000077b780000,0x000000077b780000,0x000000077b900000)
 ParOldGen       total 173568K, used 688K [0x00000006c2800000, 0x00000006cd180000, 0x000000076b800000)
  object space 173568K, 0% used [0x00000006c2800000,0x00000006c28ac050,0x00000006cd180000)
 Metaspace       used 7955K, capacity 8486K, committed 8704K, reserved 1056768K
  class space    used 637K, capacity 658K, committed 768K, reserved 1048576K
Event: 1.082 GC heap after
Heap after GC invocations=8 (full 0):
 PSYoungGen      total 261120K, used 1519K [0x000000076b800000, 0x000000077ba00000, 0x00000007c0000000)
  eden space 259584K, 0% used [0x000000076b800000,0x000000076b800000,0x000000077b580000)
  from space 1536K, 98% used [0x000000077b780000,0x000000077b8fbcc8,0x000000077b900000)
  to   space 2048K, 0% used [0x000000077b580000,0x000000077b580000,0x000000077b780000)
 ParOldGen       total 173568K, used 909K [0x00000006c2800000, 0x00000006cd180000, 0x000000076b800000)
  object space 173568K, 0% used [0x00000006c2800000,0x00000006c28e3730,0x00000006cd180000)
 Metaspace       used 7955K, capacity 8486K, committed 8704K, reserved 1056768K
  class space    used 637K, capacity 658K, committed 768K, reserved 1048576K
}
Event: 1.321 GC heap before
{Heap before GC invocations=9 (full 0):
 PSYoungGen      total 261120K, used 261103K [0x000000076b800000, 0x000000077ba00000, 0x00000007c0000000)
  eden space 259584K, 100% used [0x000000076b800000,0x000000077b580000,0x000000077b580000)
  from space 1536K, 98% used [0x000000077b780000,0x000000077b8fbcc8,0x000000077b900000)
  to   space 2048K, 0% used [0x000000077b580000,0x000000077b580000,0x000000077b780000)
 ParOldGen       total 173568K, used 909K [0x00000006c2800000, 0x00000006cd180000, 0x000000076b800000)
  object space 173568K, 0% used [0x00000006c2800000,0x00000006c28e3730,0x00000006cd180000)
 Metaspace       used 8169K, capacity 8550K, committed 8704K, reserved 1056768K
  class space    used 651K, capacity 658K, committed 768K, reserved 1048576K
Event: 1.329 GC heap after
Heap after GC invocations=9 (full 0):
 PSYoungGen      total 261632K, used 2022K [0x000000076b800000, 0x0000000785700000, 0x00000007c0000000)
  eden space 259584K, 0% used [0x000000076b800000,0x000000076b800000,0x000000077b580000)
  from space 2048K, 98% used [0x000000077b580000,0x000000077b779868,0x000000077b780000)
  to   space 4608K, 0% used [0x0000000785280000,0x0000000785280000,0x0000000785700000)
 ParOldGen       total 173568K, used 6757K [0x00000006c2800000, 0x00000006cd180000, 0x000000076b800000)
  object space 173568K, 3% used [0x00000006c2800000,0x00000006c2e99730,0x00000006cd180000)
 Metaspace       used 8169K, capacity 8550K, committed 8704K, reserved 1056768K
  class space    used 651K, capacity 658K, committed 768K, reserved 1048576K
}
Event: 1.482 GC heap before
{Heap before GC invocations=10 (full 0):
 PSYoungGen      total 261632K, used 261606K [0x000000076b800000, 0x0000000785700000, 0x00000007c0000000)
  eden space 259584K, 100% used [0x000000076b800000,0x000000077b580000,0x000000077b580000)
  from space 2048K, 98% used [0x000000077b580000,0x000000077b779868,0x000000077b780000)
  to   space 4608K, 0% used [0x0000000785280000,0x0000000785280000,0x0000000785700000)
 ParOldGen       total 173568K, used 6757K [0x00000006c2800000, 0x00000006cd180000, 0x000000076b800000)
  object space 173568K, 3% used [0x00000006c2800000,0x00000006c2e99730,0x00000006cd180000)
 Metaspace       used 8198K, capacity 8646K, committed 8960K, reserved 1056768K
  class space    used 652K, capacity 690K, committed 768K, reserved 1048576K
Event: 1.500 GC heap after
Heap after GC invocations=10 (full 0):
 PSYoungGen      total 411136K, used 4598K [0x000000076b800000, 0x0000000786900000, 0x00000007c0000000)
  eden space 406528K, 0% used [0x000000076b800000,0x000000076b800000,0x0000000784500000)
  from space 4608K, 99% used [0x0000000785280000,0x00000007856fd988,0x0000000785700000)
  to   space 13824K, 0% used [0x0000000784500000,0x0000000784500000,0x0000000785280000)
 ParOldGen       total 173568K, used 29493K [0x00000006c2800000, 0x00000006cd180000, 0x000000076b800000)
  object space 173568K, 16% used [0x00000006c2800000,0x00000006c44cd730,0x00000006cd180000)
 Metaspace       used 8198K, capacity 8646K, committed 8960K, reserved 1056768K
  class space    used 652K, capacity 690K, committed 768K, reserved 1048576K
}
Event: 1.833 GC heap before
{Heap before GC invocations=11 (full 0):
 PSYoungGen      total 411136K, used 411126K [0x000000076b800000, 0x0000000786900000, 0x00000007c0000000)
  eden space 406528K, 100% used [0x000000076b800000,0x0000000784500000,0x0000000784500000)
  from space 4608K, 99% used [0x0000000785280000,0x00000007856fd988,0x0000000785700000)
  to   space 13824K, 0% used [0x0000000784500000,0x0000000784500000,0x0000000785280000)
 ParOldGen       total 173568K, used 29493K [0x00000006c2800000, 0x00000006cd180000, 0x000000076b800000)
  object space 173568K, 16% used [0x00000006c2800000,0x00000006c44cd730,0x00000006cd180000)
 Metaspace       used 8234K, capacity 8646K, committed 8960K, reserved 1056768K
  class space    used 655K, capacity 690K, committed 768K, reserved 1048576K
Event: 1.839 GC heap after
Heap after GC invocations=11 (full 0):
 PSYoungGen      total 420352K, used 1056K [0x000000076b800000, 0x0000000794d80000, 0x00000007c0000000)
  eden space 406528K, 0% used [0x000000076b800000,0x000000076b800000,0x0000000784500000)
  from space 13824K, 7% used [0x0000000784500000,0x0000000784608000,0x0000000785280000)
  to   space 13312K, 0% used [0x0000000794080000,0x0000000794080000,0x0000000794d80000)
 ParOldGen       total 173568K, used 30549K [0x00000006c2800000, 0x00000006cd180000, 0x000000076b800000)
  object space 173568K, 17% used [0x00000006c2800000,0x00000006c45d5730,0x00000006cd180000)
 Metaspace       used 8234K, capacity 8646K, committed 8960K, reserved 1056768K
  class space    used 655K, capacity 690K, committed 768K, reserved 1048576K
}
Event: 2.031 GC heap before
{Heap before GC invocations=12 (full 0):
 PSYoungGen      total 420352K, used 407584K [0x000000076b800000, 0x0000000794d80000, 0x00000007c0000000)
  eden space 406528K, 100% used [0x000000076b800000,0x0000000784500000,0x0000000784500000)
  from space 13824K, 7% used [0x0000000784500000,0x0000000784608000,0x0000000785280000)
  to   space 13312K, 0% used [0x0000000794080000,0x0000000794080000,0x0000000794d80000)
 ParOldGen       total 173568K, used 30549K [0x00000006c2800000, 0x00000006cd180000, 0x000000076b800000)
  object space 173568K, 17% used [0x00000006c2800000,0x00000006c45d5730,0x00000006cd180000)
 Metaspace       used 8235K, capacity 8646K, committed 8960K, reserved 1056768K
  class space    used 655K, capacity 690K, committed 768K, reserved 1048576K
Event: 2.033 GC heap after
Heap after GC invocations=12 (full 0):
 PSYoungGen      total 664064K, used 192K [0x000000076b800000, 0x0000000794d80000, 0x00000007c0000000)
  eden space 650752K, 0% used [0x000000076b800000,0x000000076b800000,0x0000000793380000)
  from space 13312K, 1% used [0x0000000794080000,0x00000007940b0000,0x0000000794d80000)
  to   space 13312K, 0% used [0x0000000793380000,0x0000000793380000,0x0000000794080000)
 ParOldGen       total 173568K, used 31461K [0x00000006c2800000, 0x00000006cd180000, 0x000000076b800000)
  object space 173568K, 18% used [0x00000006c2800000,0x00000006c46b9730,0x00000006cd180000)
 Metaspace       used 8235K, capacity 8646K, committed 8960K, reserved 1056768K
  class space    used 655K, capacity 690K, committed 768K, reserved 1048576K
}

