# JRE version: Java(TM) SE Runtime Environment (8.0_65-b17) (build 1.8.0_65-b17)
# Java VM: Java HotSpot(TM) 64-Bit Server VM (25.65-b01 mixed mode windows-amd64 compressed oops)
Heap:
 PSYoungGen      total 96256K, used 5824K [0x000000076b800000, 0x000000078a580000, 0x00000007c0000000)
  eden space 95744K, 5% used [0x000000076b800000,0x000000076bd982b0,0x0000000771580000)
  from space 512K, 18% used [0x000000078a480000,0x000000078a498000,0x000000078a500000)
  to   space 512K, 0% used [0x000000078a500000,0x000000078a500000,0x000000078a580000)
 ParOldGen       total 173568K, used 1552K [0x00000006c2800000, 0x00000006cd180000, 0x000000076b800000)
  object space 173568K, 0% used [0x00000006c2800000,0x00000006c2984018,0x00000006cd180000)
 Metaspace       used 8079K, capacity 8646K, committed 8960K, reserved 1056768K
  class space    used 646K, capacity 690K, committed 768K, reserved 1048576K
GC Heap History (10 events):
Event: 5.375 GC heap before
{Heap before GC invocations=84 (full 0):
 PSYoungGen      total 114176K, used 113856K [0x000000076b800000, 0x000000078a580000, 0x00000007c0000000)
  eden space 113664K, 100% used [0x000000076b800000,0x0000000772700000,0x0000000772700000)
  from space 512K, 37% used [0x000000078a480000,0x000000078a4b0000,0x000000078a500000)
  to   space 512K, 0% used [0x000000078a500000,0x000000078a500000,0x000000078a580000)
 ParOldGen       total 173568K, used 1528K [0x00000006c2800000, 0x00000006cd180000, 0x000000076b800000)
  object space 173568K, 0% used [0x00000006c2800000,0x00000006c297e018,0x00000006cd180000)
 Metaspace       used 8079K, capacity 8646K, committed 8960K, reserved 1056768K
  class space    used 646K, capacity 690K, committed 768K, reserved 1048576K
Event: 5.376 GC heap after
Heap after GC invocations=84 (full 0):
 PSYoungGen      total 110592K, used 160K [0x000000076b800000, 0x000000078a580000, 0x00000007c0000000)
  eden space 110080K, 0% used [0x000000076b800000,0x000000076b800000,0x0000000772380000)
  from space 512K, 31% used [0x000000078a500000,0x000000078a528000,0x000000078a580000)
  to   space 512K, 0% used [0x000000078a480000,0x000000078a480000,0x000000078a500000)
 ParOldGen       total 173568K, used 1528K [0x00000006c2800000, 0x00000006cd180000, 0x000000076b800000)
  object space 173568K, 0% used [0x00000006c2800000,0x00000006c297e018,0x00000006cd180000)
 Metaspace       used 8079K, capacity 8646K, committed 8960K, reserved 1056768K
  class space    used 646K, capacity 690K, committed 768K, reserved 1048576K
}
Event: 5.427 GC heap before
{Heap before GC invocations=85 (full 0):
 PSYoungGen      total 110592K, used 110240K [0x000000076b800000, 0x000000078a580000, 0x00000007c0000000)
  eden space 110080K, 100% used [0x000000076b800000,0x0000000772380000,0x0000000772380000)
  from space 512K, 31% used [0x000000078a500000,0x000000078a528000,0x000000078a580000)
  to   space 512K, 0% used [0x000000078a480000,0x000000078a480000,0x000000078a500000)
 ParOldGen       total 173568K, used 1528K [0x00000006c2800000, 0x00000006cd180000, 0x000000076b800000)
  object space 173568K, 0% used [0x00000006c2800000,0x00000006c297e018,0x00000006cd180000)
 Metaspace       used 8079K, capacity 8646K, committed 8960K, reserved 1056768K
  class space    used 646K, capacity 690K, committed 768K, reserved 1048576K
Event: 5.427 GC heap after
Heap after GC invocations=85 (full 0):
 PSYoungGen      total 107520K, used 128K [0x000000076b800000, 0x000000078a580000, 0x00000007c0000000)
  eden space 107008K, 0% used [0x000000076b800000,0x000000076b800000,0x0000000772080000)
  from space 512K, 25% used [0x000000078a480000,0x000000078a4a0000,0x000000078a500000)
  to   space 512K, 0% used [0x000000078a500000,0x000000078a500000,0x000000078a580000)
 ParOldGen       total 173568K, used 1528K [0x00000006c2800000, 0x00000006cd180000, 0x000000076b800000)
  object space 173568K, 0% used [0x00000006c2800000,0x00000006c297e018,0x00000006cd180000)
 Metaspace       used 8079K, capacity 8646K, committed 8960K, reserved 1056768K
  class space    used 646K, capacity 690K, committed 768K, reserved 1048576K
}
Event: 5.472 GC heap before
{Heap before GC invocations=86 (full 0):
 PSYoungGen      total 107520K, used 107136K [0x000000076b800000, 0x000000078a580000, 0x00000007c0000000)
  eden space 107008K, 100% used [0x000000076b800000,0x0000000772080000,0x0000000772080000)
  from space 512K, 25% used [0x000000078a480000,0x000000078a4a0000,0x000000078a500000)
  to   space 512K, 0% used [0x000000078a500000,0x000000078a500000,0x000000078a580000)
 ParOldGen       total 173568K, used 1528K [0x00000006c2800000, 0x00000006cd180000, 0x000000076b800000)
  object space 173568K, 0% used [0x00000006c2800000,0x00000006c297e018,0x00000006cd180000)
 Metaspace       used 8079K, capacity 8646K, committed 8960K, reserved 1056768K
  class space    used 646K, capacity 690K, committed 768K, reserved 1048576K
Event: 5.472 GC heap after
Heap after GC invocations=86 (full 0):
 PSYoungGen      total 104448K, used 160K [0x000000076b800000, 0x000000078a580000, 0x00000007c0000000)
  eden space 103936K, 0% used [0x000000076b800000,0x000000076b800000,0x0000000771d80000)
  from space 512K, 31% used [0x000000078a500000,0x000000078a528000,0x000000078a580000)
  to   space 512K, 0% used [0x000000078a480000,0x000000078a480000,0x000000078a500000)
 ParOldGen       total 173568K, used 1528K [0x00000006c2800000, 0x00000006cd180000, 0x000000076b800000)
  object space 173568K, 0% used [0x00000006c2800000,0x00000006c297e018,0x00000006cd180000)
 Metaspace       used 8079K, capacity 8646K, committed 8960K, reserved 1056768K
  class space    used 646K, capacity 690K, committed 768K, reserved 1048576K
}
Event: 5.517 GC heap before
{Heap before GC invocations=87 (full 0):
 PSYoungGen      total 104448K, used 104096K [0x000000076b800000, 0x000000078a580000, 0x00000007c0000000)
  eden space 103936K, 100% used [0x000000076b800000,0x0000000771d80000,0x0000000771d80000)
  from space 512K, 31% used [0x000000078a500000,0x000000078a528000,0x000000078a580000)
  to   space 512K, 0% used [0x000000078a480000,0x000000078a480000,0x000000078a500000)
 ParOldGen       total 173568K, used 1528K [0x00000006c2800000, 0x00000006cd180000, 0x000000076b800000)
  object space 173568K, 0% used [0x00000006c2800000,0x00000006c297e018,0x00000006cd180000)
 Metaspace       used 8079K, capacity 8646K, committed 8960K, reserved 1056768K
  class space    used 646K, capacity 690K, committed 768K, reserved 1048576K
Event: 5.518 GC heap after
Heap after GC invocations=87 (full 0):
 PSYoungGen      total 101376K, used 128K [0x000000076b800000, 0x000000078a580000, 0x00000007c0000000)
  eden space 100864K, 0% used [0x000000076b800000,0x000000076b800000,0x0000000771a80000)
  from space 512K, 25% used [0x000000078a480000,0x000000078a4a0000,0x000000078a500000)
  to   space 512K, 0% used [0x000000078a500000,0x000000078a500000,0x000000078a580000)
 ParOldGen       total 173568K, used 1528K [0x00000006c2800000, 0x00000006cd180000, 0x000000076b800000)
  object space 173568K, 0% used [0x00000006c2800000,0x00000006c297e018,0x00000006cd180000)
 Metaspace       used 8079K, capacity 8646K, committed 8960K, reserved 1056768K
  class space    used 646K, capacity 690K, committed 768K, reserved 1048576K
}
Event: 5.560 GC heap before
{Heap before GC invocations=88 (full 0):
 PSYoungGen      total 101376K, used 100992K [0x000000076b800000, 0x000000078a580000, 0x00000007c0000000)
  eden space 100864K, 100% used [0x000000076b800000,0x0000000771a80000,0x0000000771a80000)
  from space 512K, 25% used [0x000000078a480000,0x000000078a4a0000,0x000000078a500000)
  to   space 512K, 0% used [0x000000078a500000,0x000000078a500000,0x000000078a580000)
 ParOldGen       total 173568K, used 1528K [0x00000006c2800000, 0x00000006cd180000, 0x000000076b800000)
  object space 173568K, 0% used [0x00000006c2800000,0x00000006c297e018,0x00000006cd180000)
 Metaspace       used 8079K, capacity 8646K, committed 8960K, reserved 1056768K
  class space    used 646K, capacity 690K, committed 768K, reserved 1048576K
Event: 5.561 GC heap after
Heap after GC invocations=88 (full 0):
 PSYoungGen      total 98816K, used 64K [0x000000076b800000, 0x000000078a580000, 0x00000007c0000000)
  eden space 98304K, 0% used [0x000000076b800000,0x000000076b800000,0x0000000771800000)
  from space 512K, 12% used [0x000000078a500000,0x000000078a510000,0x000000078a580000)
  to   space 512K, 0% used [0x000000078a480000,0x000000078a480000,0x000000078a500000)
 ParOldGen       total 173568K, used 1552K [0x00000006c2800000, 0x00000006cd180000, 0x000000076b800000)
  object space 173568K, 0% used [0x00000006c2800000,0x00000006c2984018,0x00000006cd180000)
 Metaspace       used 8079K, capacity 8646K, committed 8960K, reserved 1056768K
  class space    used 646K, capacity 690K, committed 768K, reserved 1048576K
}

