# JRE version: Java(TM) SE Runtime Environment (8.0_65-b17) (build 1.8.0_65-b17)
# Java VM: Java HotSpot(TM) 64-Bit Server VM (25.65-b01 mixed mode windows-amd64 compressed oops)
Heap:
 PSYoungGen      total 58368K, used 37123K [0x000000076b800000, 0x0000000788e80000, 0x00000007c0000000)
  eden space 57856K, 63% used [0x000000076b800000,0x000000076dc28e58,0x000000076f080000)
  from space 512K, 18% used [0x0000000788e00000,0x0000000788e18000,0x0000000788e80000)
  to   space 512K, 0% used [0x0000000788d80000,0x0000000788d80000,0x0000000788e00000)
 ParOldGen       total 173568K, used 1320K [0x00000006c2800000, 0x00000006cd180000, 0x000000076b800000)
  object space 173568K, 0% used [0x00000006c2800000,0x00000006c294a070,0x00000006cd180000)
 Metaspace       used 8371K, capacity 8678K, committed 8960K, reserved 1056768K
  class space    used 680K, capacity 722K, committed 768K, reserved 1048576K
GC Heap History (10 events):
Event: 6.550 GC heap before
{Heap before GC invocations=54 (full 0):
 PSYoungGen      total 64000K, used 63584K [0x000000076b800000, 0x0000000788e80000, 0x00000007c0000000)
  eden space 63488K, 100% used [0x000000076b800000,0x000000076f600000,0x000000076f600000)
  from space 512K, 18% used [0x0000000788d80000,0x0000000788d98000,0x0000000788e00000)
  to   space 512K, 0% used [0x0000000788e00000,0x0000000788e00000,0x0000000788e80000)
 ParOldGen       total 173568K, used 1320K [0x00000006c2800000, 0x00000006cd180000, 0x000000076b800000)
  object space 173568K, 0% used [0x00000006c2800000,0x00000006c294a070,0x00000006cd180000)
 Metaspace       used 8371K, capacity 8678K, committed 8960K, reserved 1056768K
  class space    used 680K, capacity 722K, committed 768K, reserved 1048576K
Event: 6.551 GC heap after
Heap after GC invocations=54 (full 0):
 PSYoungGen      total 62464K, used 128K [0x000000076b800000, 0x0000000788e80000, 0x00000007c0000000)
  eden space 61952K, 0% used [0x000000076b800000,0x000000076b800000,0x000000076f480000)
  from space 512K, 25% used [0x0000000788e00000,0x0000000788e20000,0x0000000788e80000)
  to   space 512K, 0% used [0x0000000788d80000,0x0000000788d80000,0x0000000788e00000)
 ParOldGen       total 173568K, used 1320K [0x00000006c2800000, 0x00000006cd180000, 0x000000076b800000)
  object space 173568K, 0% used [0x00000006c2800000,0x00000006c294a070,0x00000006cd180000)
 Metaspace       used 8371K, capacity 8678K, committed 8960K, reserved 1056768K
  class space    used 680K, capacity 722K, committed 768K, reserved 1048576K
}
Event: 6.628 GC heap before
{Heap before GC invocations=55 (full 0):
 PSYoungGen      total 62464K, used 62080K [0x000000076b800000, 0x0000000788e80000, 0x00000007c0000000)
  eden space 61952K, 100% used [0x000000076b800000,0x000000076f480000,0x000000076f480000)
  from space 512K, 25% used [0x0000000788e00000,0x0000000788e20000,0x0000000788e80000)
  to   space 512K, 0% used [0x0000000788d80000,0x0000000788d80000,0x0000000788e00000)
 ParOldGen       total 173568K, used 1320K [0x00000006c2800000, 0x00000006cd180000, 0x000000076b800000)
  object space 173568K, 0% used [0x00000006c2800000,0x00000006c294a070,0x00000006cd180000)
 Metaspace       used 8371K, capacity 8678K, committed 8960K, reserved 1056768K
  class space    used 680K, capacity 722K, committed 768K, reserved 1048576K
Event: 6.628 GC heap after
Heap after GC invocations=55 (full 0):
 PSYoungGen      total 61440K, used 128K [0x000000076b800000, 0x0000000788e80000, 0x00000007c0000000)
  eden space 60928K, 0% used [0x000000076b800000,0x000000076b800000,0x000000076f380000)
  from space 512K, 25% used [0x0000000788d80000,0x0000000788da0000,0x0000000788e00000)
  to   space 512K, 0% used [0x0000000788e00000,0x0000000788e00000,0x0000000788e80000)
 ParOldGen       total 173568K, used 1320K [0x00000006c2800000, 0x00000006cd180000, 0x000000076b800000)
  object space 173568K, 0% used [0x00000006c2800000,0x00000006c294a070,0x00000006cd180000)
 Metaspace       used 8371K, capacity 8678K, committed 8960K, reserved 1056768K
  class space    used 680K, capacity 722K, committed 768K, reserved 1048576K
}
Event: 6.684 GC heap before
{Heap before GC invocations=56 (full 0):
 PSYoungGen      total 61440K, used 61056K [0x000000076b800000, 0x0000000788e80000, 0x00000007c0000000)
  eden space 60928K, 100% used [0x000000076b800000,0x000000076f380000,0x000000076f380000)
  from space 512K, 25% used [0x0000000788d80000,0x0000000788da0000,0x0000000788e00000)
  to   space 512K, 0% used [0x0000000788e00000,0x0000000788e00000,0x0000000788e80000)
 ParOldGen       total 173568K, used 1320K [0x00000006c2800000, 0x00000006cd180000, 0x000000076b800000)
  object space 173568K, 0% used [0x00000006c2800000,0x00000006c294a070,0x00000006cd180000)
 Metaspace       used 8371K, capacity 8678K, committed 8960K, reserved 1056768K
  class space    used 680K, capacity 722K, committed 768K, reserved 1048576K
Event: 6.685 GC heap after
Heap after GC invocations=56 (full 0):
 PSYoungGen      total 60416K, used 128K [0x000000076b800000, 0x0000000788e80000, 0x00000007c0000000)
  eden space 59904K, 0% used [0x000000076b800000,0x000000076b800000,0x000000076f280000)
  from space 512K, 25% used [0x0000000788e00000,0x0000000788e20000,0x0000000788e80000)
  to   space 512K, 0% used [0x0000000788d80000,0x0000000788d80000,0x0000000788e00000)
 ParOldGen       total 173568K, used 1320K [0x00000006c2800000, 0x00000006cd180000, 0x000000076b800000)
  object space 173568K, 0% used [0x00000006c2800000,0x00000006c294a070,0x00000006cd180000)
 Metaspace       used 8371K, capacity 8678K, committed 8960K, reserved 1056768K
  class space    used 680K, capacity 722K, committed 768K, reserved 1048576K
}
Event: 6.734 GC heap before
{Heap before GC invocations=57 (full 0):
 PSYoungGen      total 60416K, used 60032K [0x000000076b800000, 0x0000000788e80000, 0x00000007c0000000)
  eden space 59904K, 100% used [0x000000076b800000,0x000000076f280000,0x000000076f280000)
  from space 512K, 25% used [0x0000000788e00000,0x0000000788e20000,0x0000000788e80000)
  to   space 512K, 0% used [0x0000000788d80000,0x0000000788d80000,0x0000000788e00000)
 ParOldGen       total 173568K, used 1320K [0x00000006c2800000, 0x00000006cd180000, 0x000000076b800000)
  object space 173568K, 0% used [0x00000006c2800000,0x00000006c294a070,0x00000006cd180000)
 Metaspace       used 8371K, capacity 8678K, committed 8960K, reserved 1056768K
  class space    used 680K, capacity 722K, committed 768K, reserved 1048576K
Event: 6.734 GC heap after
Heap after GC invocations=57 (full 0):
 PSYoungGen      total 59392K, used 128K [0x000000076b800000, 0x0000000788e80000, 0x00000007c0000000)
  eden space 58880K, 0% used [0x000000076b800000,0x000000076b800000,0x000000076f180000)
  from space 512K, 25% used [0x0000000788d80000,0x0000000788da0000,0x0000000788e00000)
  to   space 512K, 0% used [0x0000000788e00000,0x0000000788e00000,0x0000000788e80000)
 ParOldGen       total 173568K, used 1320K [0x00000006c2800000, 0x00000006cd180000, 0x000000076b800000)
  object space 173568K, 0% used [0x00000006c2800000,0x00000006c294a070,0x00000006cd180000)
 Metaspace       used 8371K, capacity 8678K, committed 8960K, reserved 1056768K
  class space    used 680K, capacity 722K, committed 768K, reserved 1048576K
}
Event: 6.836 GC heap before
{Heap before GC invocations=58 (full 0):
 PSYoungGen      total 59392K, used 59008K [0x000000076b800000, 0x0000000788e80000, 0x00000007c0000000)
  eden space 58880K, 100% used [0x000000076b800000,0x000000076f180000,0x000000076f180000)
  from space 512K, 25% used [0x0000000788d80000,0x0000000788da0000,0x0000000788e00000)
  to   space 512K, 0% used [0x0000000788e00000,0x0000000788e00000,0x0000000788e80000)
 ParOldGen       total 173568K, used 1320K [0x00000006c2800000, 0x00000006cd180000, 0x000000076b800000)
  object space 173568K, 0% used [0x00000006c2800000,0x00000006c294a070,0x00000006cd180000)
 Metaspace       used 8371K, capacity 8678K, committed 8960K, reserved 1056768K
  class space    used 680K, capacity 722K, committed 768K, reserved 1048576K
Event: 6.837 GC heap after
Heap after GC invocations=58 (full 0):
 PSYoungGen      total 58368K, used 96K [0x000000076b800000, 0x0000000788e80000, 0x00000007c0000000)
  eden space 57856K, 0% used [0x000000076b800000,0x000000076b800000,0x000000076f080000)
  from space 512K, 18% used [0x0000000788e00000,0x0000000788e18000,0x0000000788e80000)
  to   space 512K, 0% used [0x0000000788d80000,0x0000000788d80000,0x0000000788e00000)
 ParOldGen       total 173568K, used 1320K [0x00000006c2800000, 0x00000006cd180000, 0x000000076b800000)
  object space 173568K, 0% used [0x00000006c2800000,0x00000006c294a070,0x00000006cd180000)
 Metaspace       used 8371K, capacity 8678K, committed 8960K, reserved 1056768K
  class space    used 680K, capacity 722K, committed 768K, reserved 1048576K
}

