# JRE version: Java(TM) SE Runtime Environment (8.0_65-b17) (build 1.8.0_65-b17)
# Java VM: Java HotSpot(TM) 64-Bit Server VM (25.65-b01 mixed mode windows-amd64 compressed oops)
Heap:
 PSYoungGen      total 436224K, used 18102K [0x000000076b800000, 0x000000078b300000, 0x00000007c0000000)
  eden space 435712K, 4% used [0x000000076b800000,0x000000076c975810,0x0000000786180000)
  from space 512K, 43% used [0x000000078b280000,0x000000078b2b8000,0x000000078b300000)
  to   space 2560K, 0% used [0x000000078ae00000,0x000000078ae00000,0x000000078b080000)
 ParOldGen       total 173568K, used 1320K [0x00000006c2800000, 0x00000006cd180000, 0x000000076b800000)
  object space 173568K, 0% used [0x00000006c2800000,0x00000006c294a050,0x00000006cd180000)
 Metaspace       used 8164K, capacity 8646K, committed 8960K, reserved 1056768K
  class space    used 654K, capacity 690K, committed 768K, reserved 1048576K
GC Heap History (10 events):
Event: 1.153 GC heap before
{Heap before GC invocations=8 (full 0):
 PSYoungGen      total 262656K, used 260736K [0x000000076b800000, 0x000000078b900000, 0x00000007c0000000)
  eden space 260096K, 100% used [0x000000076b800000,0x000000077b600000,0x000000077b600000)
  from space 2560K, 25% used [0x000000077b600000,0x000000077b6a0000,0x000000077b880000)
  to   space 2560K, 0% used [0x000000078b680000,0x000000078b680000,0x000000078b900000)
 ParOldGen       total 173568K, used 664K [0x00000006c2800000, 0x00000006cd180000, 0x000000076b800000)
  object space 173568K, 0% used [0x00000006c2800000,0x00000006c28a6050,0x00000006cd180000)
 Metaspace       used 8124K, capacity 8646K, committed 8960K, reserved 1056768K
  class space    used 654K, capacity 690K, committed 768K, reserved 1048576K
Event: 1.154 GC heap after
Heap after GC invocations=8 (full 0):
 PSYoungGen      total 522752K, used 480K [0x000000076b800000, 0x000000078b900000, 0x00000007c0000000)
  eden space 520192K, 0% used [0x000000076b800000,0x000000076b800000,0x000000078b400000)
  from space 2560K, 18% used [0x000000078b680000,0x000000078b6f8000,0x000000078b900000)
  to   space 2560K, 0% used [0x000000078b400000,0x000000078b400000,0x000000078b680000)
 ParOldGen       total 173568K, used 848K [0x00000006c2800000, 0x00000006cd180000, 0x000000076b800000)
  object space 173568K, 0% used [0x00000006c2800000,0x00000006c28d4050,0x00000006cd180000)
 Metaspace       used 8124K, capacity 8646K, committed 8960K, reserved 1056768K
  class space    used 654K, capacity 690K, committed 768K, reserved 1048576K
}
Event: 1.572 GC heap before
{Heap before GC invocations=9 (full 0):
 PSYoungGen      total 522752K, used 520672K [0x000000076b800000, 0x000000078b900000, 0x00000007c0000000)
  eden space 520192K, 100% used [0x000000076b800000,0x000000078b400000,0x000000078b400000)
  from space 2560K, 18% used [0x000000078b680000,0x000000078b6f8000,0x000000078b900000)
  to   space 2560K, 0% used [0x000000078b400000,0x000000078b400000,0x000000078b680000)
 ParOldGen       total 173568K, used 848K [0x00000006c2800000, 0x00000006cd180000, 0x000000076b800000)
  object space 173568K, 0% used [0x00000006c2800000,0x00000006c28d4050,0x00000006cd180000)
 Metaspace       used 8137K, capacity 8646K, committed 8960K, reserved 1056768K
  class space    used 654K, capacity 690K, committed 768K, reserved 1048576K
Event: 1.573 GC heap after
Heap after GC invocations=9 (full 0):
 PSYoungGen      total 497664K, used 192K [0x000000076b800000, 0x000000078b700000, 0x00000007c0000000)
  eden space 497152K, 0% used [0x000000076b800000,0x000000076b800000,0x0000000789d80000)
  from space 512K, 37% used [0x000000078b400000,0x000000078b430000,0x000000078b480000)
  to   space 2560K, 0% used [0x000000078b480000,0x000000078b480000,0x000000078b700000)
 ParOldGen       total 173568K, used 1256K [0x00000006c2800000, 0x00000006cd180000, 0x000000076b800000)
  object space 173568K, 0% used [0x00000006c2800000,0x00000006c293a050,0x00000006cd180000)
 Metaspace       used 8137K, capacity 8646K, committed 8960K, reserved 1056768K
  class space    used 654K, capacity 690K, committed 768K, reserved 1048576K
}
Event: 1.922 GC heap before
{Heap before GC invocations=10 (full 0):
 PSYoungGen      total 497664K, used 497344K [0x000000076b800000, 0x000000078b700000, 0x00000007c0000000)
  eden space 497152K, 100% used [0x000000076b800000,0x0000000789d80000,0x0000000789d80000)
  from space 512K, 37% used [0x000000078b400000,0x000000078b430000,0x000000078b480000)
  to   space 2560K, 0% used [0x000000078b480000,0x000000078b480000,0x000000078b700000)
 ParOldGen       total 173568K, used 1256K [0x00000006c2800000, 0x00000006cd180000, 0x000000076b800000)
  object space 173568K, 0% used [0x00000006c2800000,0x00000006c293a050,0x00000006cd180000)
 Metaspace       used 8155K, capacity 8646K, committed 8960K, reserved 1056768K
  class space    used 654K, capacity 690K, committed 768K, reserved 1048576K
Event: 1.923 GC heap after
Heap after GC invocations=10 (full 0):
 PSYoungGen      total 476160K, used 224K [0x000000076b800000, 0x000000078b500000, 0x00000007c0000000)
  eden space 475648K, 0% used [0x000000076b800000,0x000000076b800000,0x0000000788880000)
  from space 512K, 43% used [0x000000078b480000,0x000000078b4b8000,0x000000078b500000)
  to   space 2560K, 0% used [0x000000078b000000,0x000000078b000000,0x000000078b280000)
 ParOldGen       total 173568K, used 1280K [0x00000006c2800000, 0x00000006cd180000, 0x000000076b800000)
  object space 173568K, 0% used [0x00000006c2800000,0x00000006c2940050,0x00000006cd180000)
 Metaspace       used 8155K, capacity 8646K, committed 8960K, reserved 1056768K
  class space    used 654K, capacity 690K, committed 768K, reserved 1048576K
}
Event: 2.268 GC heap before
{Heap before GC invocations=11 (full 0):
 PSYoungGen      total 476160K, used 475872K [0x000000076b800000, 0x000000078b500000, 0x00000007c0000000)
  eden space 475648K, 100% used [0x000000076b800000,0x0000000788880000,0x0000000788880000)
  from space 512K, 43% used [0x000000078b480000,0x000000078b4b8000,0x000000078b500000)
  to   space 2560K, 0% used [0x000000078b000000,0x000000078b000000,0x000000078b280000)
 ParOldGen       total 173568K, used 1280K [0x00000006c2800000, 0x00000006cd180000, 0x000000076b800000)
  object space 173568K, 0% used [0x00000006c2800000,0x00000006c2940050,0x00000006cd180000)
 Metaspace       used 8161K, capacity 8646K, committed 8960K, reserved 1056768K
  class space    used 654K, capacity 690K, committed 768K, reserved 1048576K
Event: 2.269 GC heap after
Heap after GC invocations=11 (full 0):
 PSYoungGen      total 457728K, used 256K [0x000000076b800000, 0x000000078b500000, 0x00000007c0000000)
  eden space 455168K, 0% used [0x000000076b800000,0x000000076b800000,0x0000000787480000)
  from space 2560K, 10% used [0x000000078b000000,0x000000078b040000,0x000000078b280000)
  to   space 2560K, 0% used [0x000000078b280000,0x000000078b280000,0x000000078b500000)
 ParOldGen       total 173568K, used 1320K [0x00000006c2800000, 0x00000006cd180000, 0x000000076b800000)
  object space 173568K, 0% used [0x00000006c2800000,0x00000006c294a050,0x00000006cd180000)
 Metaspace       used 8161K, capacity 8646K, committed 8960K, reserved 1056768K
  class space    used 654K, capacity 690K, committed 768K, reserved 1048576K
}
Event: 2.603 GC heap before
{Heap before GC invocations=12 (full 0):
 PSYoungGen      total 457728K, used 455424K [0x000000076b800000, 0x000000078b500000, 0x00000007c0000000)
  eden space 455168K, 100% used [0x000000076b800000,0x0000000787480000,0x0000000787480000)
  from space 2560K, 10% used [0x000000078b000000,0x000000078b040000,0x000000078b280000)
  to   space 2560K, 0% used [0x000000078b280000,0x000000078b280000,0x000000078b500000)
 ParOldGen       total 173568K, used 1320K [0x00000006c2800000, 0x00000006cd180000, 0x000000076b800000)
  object space 173568K, 0% used [0x00000006c2800000,0x00000006c294a050,0x00000006cd180000)
 Metaspace       used 8164K, capacity 8646K, committed 8960K, reserved 1056768K
  class space    used 654K, capacity 690K, committed 768K, reserved 1048576K
Event: 2.604 GC heap after
Heap after GC invocations=12 (full 0):
 PSYoungGen      total 436224K, used 224K [0x000000076b800000, 0x000000078b300000, 0x00000007c0000000)
  eden space 435712K, 0% used [0x000000076b800000,0x000000076b800000,0x0000000786180000)
  from space 512K, 43% used [0x000000078b280000,0x000000078b2b8000,0x000000078b300000)
  to   space 2560K, 0% used [0x000000078ae00000,0x000000078ae00000,0x000000078b080000)
 ParOldGen       total 173568K, used 1320K [0x00000006c2800000, 0x00000006cd180000, 0x000000076b800000)
  object space 173568K, 0% used [0x00000006c2800000,0x00000006c294a050,0x00000006cd180000)
 Metaspace       used 8164K, capacity 8646K, committed 8960K, reserved 1056768K
  class space    used 654K, capacity 690K, committed 768K, reserved 1048576K
}

