# JRE version: Java(TM) SE Runtime Environment (8.0_65-b17) (build 1.8.0_65-b17)
# Java VM: Java HotSpot(TM) 64-Bit Server VM (25.65-b01 mixed mode windows-amd64 compressed oops)
Heap:
 PSYoungGen      total 68608K, used 36377K [0x000000076b800000, 0x00000007b7c80000, 0x00000007c0000000)
  eden space 68096K, 53% used [0x000000076b800000,0x000000076db6e730,0x000000076fa80000)
  from space 512K, 18% used [0x00000007b7b80000,0x00000007b7b98000,0x00000007b7c00000)
  to   space 512K, 0% used [0x00000007b7c00000,0x00000007b7c00000,0x00000007b7c80000)
 ParOldGen       total 173568K, used 18484K [0x00000006c2800000, 0x00000006cd180000, 0x000000076b800000)
  object space 173568K, 10% used [0x00000006c2800000,0x00000006c3a0d2a0,0x00000006cd180000)
 Metaspace       used 8347K, capacity 8710K, committed 8960K, reserved 1056768K
  class space    used 659K, capacity 690K, committed 768K, reserved 1048576K
GC Heap History (10 events):
Event: 27.820 GC heap before
{Heap before GC invocations=87 (full 0):
 PSYoungGen      total 76288K, used 75968K [0x000000076b800000, 0x00000007b7c80000, 0x00000007c0000000)
  eden space 75776K, 100% used [0x000000076b800000,0x0000000770200000,0x0000000770200000)
  from space 512K, 37% used [0x00000007b7c00000,0x00000007b7c30000,0x00000007b7c80000)
  to   space 512K, 0% used [0x00000007b7b80000,0x00000007b7b80000,0x00000007b7c00000)
 ParOldGen       total 173568K, used 18484K [0x00000006c2800000, 0x00000006cd180000, 0x000000076b800000)
  object space 173568K, 10% used [0x00000006c2800000,0x00000006c3a0d2a0,0x00000006cd180000)
 Metaspace       used 8347K, capacity 8710K, committed 8960K, reserved 1056768K
  class space    used 659K, capacity 690K, committed 768K, reserved 1048576K
Event: 27.820 GC heap after
Heap after GC invocations=87 (full 0):
 PSYoungGen      total 74752K, used 224K [0x000000076b800000, 0x00000007b7c80000, 0x00000007c0000000)
  eden space 74240K, 0% used [0x000000076b800000,0x000000076b800000,0x0000000770080000)
  from space 512K, 43% used [0x00000007b7b80000,0x00000007b7bb8000,0x00000007b7c00000)
  to   space 512K, 0% used [0x00000007b7c00000,0x00000007b7c00000,0x00000007b7c80000)
 ParOldGen       total 173568K, used 18484K [0x00000006c2800000, 0x00000006cd180000, 0x000000076b800000)
  object space 173568K, 10% used [0x00000006c2800000,0x00000006c3a0d2a0,0x00000006cd180000)
 Metaspace       used 8347K, capacity 8710K, committed 8960K, reserved 1056768K
  class space    used 659K, capacity 690K, committed 768K, reserved 1048576K
}
Event: 27.905 GC heap before
{Heap before GC invocations=88 (full 0):
 PSYoungGen      total 74752K, used 74464K [0x000000076b800000, 0x00000007b7c80000, 0x00000007c0000000)
  eden space 74240K, 100% used [0x000000076b800000,0x0000000770080000,0x0000000770080000)
  from space 512K, 43% used [0x00000007b7b80000,0x00000007b7bb8000,0x00000007b7c00000)
  to   space 512K, 0% used [0x00000007b7c00000,0x00000007b7c00000,0x00000007b7c80000)
 ParOldGen       total 173568K, used 18484K [0x00000006c2800000, 0x00000006cd180000, 0x000000076b800000)
  object space 173568K, 10% used [0x00000006c2800000,0x00000006c3a0d2a0,0x00000006cd180000)
 Metaspace       used 8347K, capacity 8710K, committed 8960K, reserved 1056768K
  class space    used 659K, capacity 690K, committed 768K, reserved 1048576K
Event: 27.905 GC heap after
Heap after GC invocations=88 (full 0):
 PSYoungGen      total 73216K, used 224K [0x000000076b800000, 0x00000007b7c80000, 0x00000007c0000000)
  eden space 72704K, 0% used [0x000000076b800000,0x000000076b800000,0x000000076ff00000)
  from space 512K, 43% used [0x00000007b7c00000,0x00000007b7c38000,0x00000007b7c80000)
  to   space 512K, 0% used [0x00000007b7b80000,0x00000007b7b80000,0x00000007b7c00000)
 ParOldGen       total 173568K, used 18484K [0x00000006c2800000, 0x00000006cd180000, 0x000000076b800000)
  object space 173568K, 10% used [0x00000006c2800000,0x00000006c3a0d2a0,0x00000006cd180000)
 Metaspace       used 8347K, capacity 8710K, committed 8960K, reserved 1056768K
  class space    used 659K, capacity 690K, committed 768K, reserved 1048576K
}
Event: 27.985 GC heap before
{Heap before GC invocations=89 (full 0):
 PSYoungGen      total 73216K, used 72928K [0x000000076b800000, 0x00000007b7c80000, 0x00000007c0000000)
  eden space 72704K, 100% used [0x000000076b800000,0x000000076ff00000,0x000000076ff00000)
  from space 512K, 43% used [0x00000007b7c00000,0x00000007b7c38000,0x00000007b7c80000)
  to   space 512K, 0% used [0x00000007b7b80000,0x00000007b7b80000,0x00000007b7c00000)
 ParOldGen       total 173568K, used 18484K [0x00000006c2800000, 0x00000006cd180000, 0x000000076b800000)
  object space 173568K, 10% used [0x00000006c2800000,0x00000006c3a0d2a0,0x00000006cd180000)
 Metaspace       used 8347K, capacity 8710K, committed 8960K, reserved 1056768K
  class space    used 659K, capacity 690K, committed 768K, reserved 1048576K
Event: 27.985 GC heap after
Heap after GC invocations=89 (full 0):
 PSYoungGen      total 71680K, used 224K [0x000000076b800000, 0x00000007b7c80000, 0x00000007c0000000)
  eden space 71168K, 0% used [0x000000076b800000,0x000000076b800000,0x000000076fd80000)
  from space 512K, 43% used [0x00000007b7b80000,0x00000007b7bb8000,0x00000007b7c00000)
  to   space 512K, 0% used [0x00000007b7c00000,0x00000007b7c00000,0x00000007b7c80000)
 ParOldGen       total 173568K, used 18484K [0x00000006c2800000, 0x00000006cd180000, 0x000000076b800000)
  object space 173568K, 10% used [0x00000006c2800000,0x00000006c3a0d2a0,0x00000006cd180000)
 Metaspace       used 8347K, capacity 8710K, committed 8960K, reserved 1056768K
  class space    used 659K, capacity 690K, committed 768K, reserved 1048576K
}
Event: 28.062 GC heap before
{Heap before GC invocations=90 (full 0):
 PSYoungGen      total 71680K, used 71392K [0x000000076b800000, 0x00000007b7c80000, 0x00000007c0000000)
  eden space 71168K, 100% used [0x000000076b800000,0x000000076fd80000,0x000000076fd80000)
  from space 512K, 43% used [0x00000007b7b80000,0x00000007b7bb8000,0x00000007b7c00000)
  to   space 512K, 0% used [0x00000007b7c00000,0x00000007b7c00000,0x00000007b7c80000)
 ParOldGen       total 173568K, used 18484K [0x00000006c2800000, 0x00000006cd180000, 0x000000076b800000)
  object space 173568K, 10% used [0x00000006c2800000,0x00000006c3a0d2a0,0x00000006cd180000)
 Metaspace       used 8347K, capacity 8710K, committed 8960K, reserved 1056768K
  class space    used 659K, capacity 690K, committed 768K, reserved 1048576K
Event: 28.063 GC heap after
Heap after GC invocations=90 (full 0):
 PSYoungGen      total 70144K, used 224K [0x000000076b800000, 0x00000007b7c80000, 0x00000007c0000000)
  eden space 69632K, 0% used [0x000000076b800000,0x000000076b800000,0x000000076fc00000)
  from space 512K, 43% used [0x00000007b7c00000,0x00000007b7c38000,0x00000007b7c80000)
  to   space 512K, 0% used [0x00000007b7b80000,0x00000007b7b80000,0x00000007b7c00000)
 ParOldGen       total 173568K, used 18484K [0x00000006c2800000, 0x00000006cd180000, 0x000000076b800000)
  object space 173568K, 10% used [0x00000006c2800000,0x00000006c3a0d2a0,0x00000006cd180000)
 Metaspace       used 8347K, capacity 8710K, committed 8960K, reserved 1056768K
  class space    used 659K, capacity 690K, committed 768K, reserved 1048576K
}
Event: 28.138 GC heap before
{Heap before GC invocations=91 (full 0):
 PSYoungGen      total 70144K, used 69856K [0x000000076b800000, 0x00000007b7c80000, 0x00000007c0000000)
  eden space 69632K, 100% used [0x000000076b800000,0x000000076fc00000,0x000000076fc00000)
  from space 512K, 43% used [0x00000007b7c00000,0x00000007b7c38000,0x00000007b7c80000)
  to   space 512K, 0% used [0x00000007b7b80000,0x00000007b7b80000,0x00000007b7c00000)
 ParOldGen       total 173568K, used 18484K [0x00000006c2800000, 0x00000006cd180000, 0x000000076b800000)
  object space 173568K, 10% used [0x00000006c2800000,0x00000006c3a0d2a0,0x00000006cd180000)
 Metaspace       used 8347K, capacity 8710K, committed 8960K, reserved 1056768K
  class space    used 659K, capacity 690K, committed 768K, reserved 1048576K
Event: 28.138 GC heap after
Heap after GC invocations=91 (full 0):
 PSYoungGen      total 68608K, used 96K [0x000000076b800000, 0x00000007b7c80000, 0x00000007c0000000)
  eden space 68096K, 0% used [0x000000076b800000,0x000000076b800000,0x000000076fa80000)
  from space 512K, 18% used [0x00000007b7b80000,0x00000007b7b98000,0x00000007b7c00000)
  to   space 512K, 0% used [0x00000007b7c00000,0x00000007b7c00000,0x00000007b7c80000)
 ParOldGen       total 173568K, used 18484K [0x00000006c2800000, 0x00000006cd180000, 0x000000076b800000)
  object space 173568K, 10% used [0x00000006c2800000,0x00000006c3a0d2a0,0x00000006cd180000)
 Metaspace       used 8347K, capacity 8710K, committed 8960K, reserved 1056768K
  class space    used 659K, capacity 690K, committed 768K, reserved 1048576K
}

