# JRE version: Java(TM) SE Runtime Environment (8.0_65-b17) (build 1.8.0_65-b17)
# Java VM: Java HotSpot(TM) 64-Bit Server VM (25.65-b01 mixed mode windows-amd64 compressed oops)
Heap:
 PSYoungGen      total 620032K, used 589114K [0x000000076b800000, 0x00000007bb780000, 0x00000007c0000000)
  eden space 613888K, 95% used [0x000000076b800000,0x000000078f716988,0x0000000790f80000)
  from space 6144K, 3% used [0x00000007bab80000,0x00000007babb8000,0x00000007bb180000)
  to   space 5632K, 0% used [0x00000007bb200000,0x00000007bb200000,0x00000007bb780000)
 ParOldGen       total 173568K, used 27276K [0x00000006c2800000, 0x00000006cd180000, 0x000000076b800000)
  object space 173568K, 15% used [0x00000006c2800000,0x00000006c42a3060,0x00000006cd180000)
 Metaspace       used 8402K, capacity 8774K, committed 8960K, reserved 1056768K
  class space    used 662K, capacity 690K, committed 768K, reserved 1048576K
GC Heap History (10 events):
Event: 13.740 GC heap before
{Heap before GC invocations=25 (full 0):
 PSYoungGen      total 774144K, used 773856K [0x000000076b800000, 0x00000007bc380000, 0x00000007c0000000)
  eden space 773632K, 100% used [0x000000076b800000,0x000000079ab80000,0x000000079ab80000)
  from space 512K, 43% used [0x00000007bc300000,0x00000007bc338000,0x00000007bc380000)
  to   space 7680K, 0% used [0x00000007bb480000,0x00000007bb480000,0x00000007bbc00000)
 ParOldGen       total 173568K, used 27276K [0x00000006c2800000, 0x00000006cd180000, 0x000000076b800000)
  object space 173568K, 15% used [0x00000006c2800000,0x00000006c42a3060,0x00000006cd180000)
 Metaspace       used 8401K, capacity 8774K, committed 8960K, reserved 1056768K
  class space    used 662K, capacity 690K, committed 768K, reserved 1048576K
Event: 13.741 GC heap after
Heap after GC invocations=25 (full 0):
 PSYoungGen      total 745984K, used 256K [0x000000076b800000, 0x00000007bc380000, 0x00000007c0000000)
  eden space 738304K, 0% used [0x000000076b800000,0x000000076b800000,0x0000000798900000)
  from space 7680K, 3% used [0x00000007bb480000,0x00000007bb4c0000,0x00000007bbc00000)
  to   space 7168K, 0% used [0x00000007bbc80000,0x00000007bbc80000,0x00000007bc380000)
 ParOldGen       total 173568K, used 27276K [0x00000006c2800000, 0x00000006cd180000, 0x000000076b800000)
  object space 173568K, 15% used [0x00000006c2800000,0x00000006c42a3060,0x00000006cd180000)
 Metaspace       used 8401K, capacity 8774K, committed 8960K, reserved 1056768K
  class space    used 662K, capacity 690K, committed 768K, reserved 1048576K
}
Event: 14.308 GC heap before
{Heap before GC invocations=26 (full 0):
 PSYoungGen      total 745984K, used 738560K [0x000000076b800000, 0x00000007bc380000, 0x00000007c0000000)
  eden space 738304K, 100% used [0x000000076b800000,0x0000000798900000,0x0000000798900000)
  from space 7680K, 3% used [0x00000007bb480000,0x00000007bb4c0000,0x00000007bbc00000)
  to   space 7168K, 0% used [0x00000007bbc80000,0x00000007bbc80000,0x00000007bc380000)
 ParOldGen       total 173568K, used 27276K [0x00000006c2800000, 0x00000006cd180000, 0x000000076b800000)
  object space 173568K, 15% used [0x00000006c2800000,0x00000006c42a3060,0x00000006cd180000)
 Metaspace       used 8401K, capacity 8774K, committed 8960K, reserved 1056768K
  class space    used 662K, capacity 690K, committed 768K, reserved 1048576K
Event: 14.308 GC heap after
Heap after GC invocations=26 (full 0):
 PSYoungGen      total 705024K, used 224K [0x000000076b800000, 0x00000007bbd00000, 0x00000007c0000000)
  eden space 704512K, 0% used [0x000000076b800000,0x000000076b800000,0x0000000796800000)
  from space 512K, 43% used [0x00000007bbc80000,0x00000007bbcb8000,0x00000007bbd00000)
  to   space 6656K, 0% used [0x00000007bb000000,0x00000007bb000000,0x00000007bb680000)
 ParOldGen       total 173568K, used 27276K [0x00000006c2800000, 0x00000006cd180000, 0x000000076b800000)
  object space 173568K, 15% used [0x00000006c2800000,0x00000006c42a3060,0x00000006cd180000)
 Metaspace       used 8401K, capacity 8774K, committed 8960K, reserved 1056768K
  class space    used 662K, capacity 690K, committed 768K, reserved 1048576K
}
Event: 14.904 GC heap before
{Heap before GC invocations=27 (full 0):
 PSYoungGen      total 705024K, used 704736K [0x000000076b800000, 0x00000007bbd00000, 0x00000007c0000000)
  eden space 704512K, 100% used [0x000000076b800000,0x0000000796800000,0x0000000796800000)
  from space 512K, 43% used [0x00000007bbc80000,0x00000007bbcb8000,0x00000007bbd00000)
  to   space 6656K, 0% used [0x00000007bb000000,0x00000007bb000000,0x00000007bb680000)
 ParOldGen       total 173568K, used 27276K [0x00000006c2800000, 0x00000006cd180000, 0x000000076b800000)
  object space 173568K, 15% used [0x00000006c2800000,0x00000006c42a3060,0x00000006cd180000)
 Metaspace       used 8401K, capacity 8774K, committed 8960K, reserved 1056768K
  class space    used 662K, capacity 690K, committed 768K, reserved 1048576K
Event: 14.905 GC heap after
Heap after GC invocations=27 (full 0):
 PSYoungGen      total 679424K, used 256K [0x000000076b800000, 0x00000007bbd00000, 0x00000007c0000000)
  eden space 672768K, 0% used [0x000000076b800000,0x000000076b800000,0x0000000794900000)
  from space 6656K, 3% used [0x00000007bb000000,0x00000007bb040000,0x00000007bb680000)
  to   space 6144K, 0% used [0x00000007bb700000,0x00000007bb700000,0x00000007bbd00000)
 ParOldGen       total 173568K, used 27276K [0x00000006c2800000, 0x00000006cd180000, 0x000000076b800000)
  object space 173568K, 15% used [0x00000006c2800000,0x00000006c42a3060,0x00000006cd180000)
 Metaspace       used 8401K, capacity 8774K, committed 8960K, reserved 1056768K
  class space    used 662K, capacity 690K, committed 768K, reserved 1048576K
}
Event: 15.448 GC heap before
{Heap before GC invocations=28 (full 0):
 PSYoungGen      total 679424K, used 673024K [0x000000076b800000, 0x00000007bbd00000, 0x00000007c0000000)
  eden space 672768K, 100% used [0x000000076b800000,0x0000000794900000,0x0000000794900000)
  from space 6656K, 3% used [0x00000007bb000000,0x00000007bb040000,0x00000007bb680000)
  to   space 6144K, 0% used [0x00000007bb700000,0x00000007bb700000,0x00000007bbd00000)
 ParOldGen       total 173568K, used 27276K [0x00000006c2800000, 0x00000006cd180000, 0x000000076b800000)
  object space 173568K, 15% used [0x00000006c2800000,0x00000006c42a3060,0x00000006cd180000)
 Metaspace       used 8401K, capacity 8774K, committed 8960K, reserved 1056768K
  class space    used 662K, capacity 690K, committed 768K, reserved 1048576K
Event: 15.448 GC heap after
Heap after GC invocations=28 (full 0):
 PSYoungGen      total 643072K, used 160K [0x000000076b800000, 0x00000007bb780000, 0x00000007c0000000)
  eden space 642560K, 0% used [0x000000076b800000,0x000000076b800000,0x0000000792b80000)
  from space 512K, 31% used [0x00000007bb700000,0x00000007bb728000,0x00000007bb780000)
  to   space 6144K, 0% used [0x00000007bab80000,0x00000007bab80000,0x00000007bb180000)
 ParOldGen       total 173568K, used 27276K [0x00000006c2800000, 0x00000006cd180000, 0x000000076b800000)
  object space 173568K, 15% used [0x00000006c2800000,0x00000006c42a3060,0x00000006cd180000)
 Metaspace       used 8401K, capacity 8774K, committed 8960K, reserved 1056768K
  class space    used 662K, capacity 690K, committed 768K, reserved 1048576K
}
Event: 15.937 GC heap before
{Heap before GC invocations=29 (full 0):
 PSYoungGen      total 643072K, used 642720K [0x000000076b800000, 0x00000007bb780000, 0x00000007c0000000)
  eden space 642560K, 100% used [0x000000076b800000,0x0000000792b80000,0x0000000792b80000)
  from space 512K, 31% used [0x00000007bb700000,0x00000007bb728000,0x00000007bb780000)
  to   space 6144K, 0% used [0x00000007bab80000,0x00000007bab80000,0x00000007bb180000)
 ParOldGen       total 173568K, used 27276K [0x00000006c2800000, 0x00000006cd180000, 0x000000076b800000)
  object space 173568K, 15% used [0x00000006c2800000,0x00000006c42a3060,0x00000006cd180000)
 Metaspace       used 8401K, capacity 8774K, committed 8960K, reserved 1056768K
  class space    used 662K, capacity 690K, committed 768K, reserved 1048576K
Event: 15.938 GC heap after
Heap after GC invocations=29 (full 0):
 PSYoungGen      total 620032K, used 224K [0x000000076b800000, 0x00000007bb780000, 0x00000007c0000000)
  eden space 613888K, 0% used [0x000000076b800000,0x000000076b800000,0x0000000790f80000)
  from space 6144K, 3% used [0x00000007bab80000,0x00000007babb8000,0x00000007bb180000)
  to   space 5632K, 0% used [0x00000007bb200000,0x00000007bb200000,0x00000007bb780000)
 ParOldGen       total 173568K, used 27276K [0x00000006c2800000, 0x00000006cd180000, 0x000000076b800000)
  object space 173568K, 15% used [0x00000006c2800000,0x00000006c42a3060,0x00000006cd180000)
 Metaspace       used 8401K, capacity 8774K, committed 8960K, reserved 1056768K
  class space    used 662K, capacity 690K, committed 768K, reserved 1048576K
}

