# JRE version: Java(TM) SE Runtime Environment (8.0_65-b17) (build 1.8.0_65-b17)
# Java VM: Java HotSpot(TM) 64-Bit Server VM (25.65-b01 mixed mode windows-amd64 compressed oops)
Heap:
 PSYoungGen      total 961536K, used 785959K [0x000000076b800000, 0x00000007bf700000, 0x00000007c0000000)
  eden space 952320K, 82% used [0x000000076b800000,0x000000079b751ff8,0x00000007a5a00000)
  from space 9216K, 2% used [0x00000007be500000,0x00000007be538000,0x00000007bee00000)
  to   space 8704K, 0% used [0x00000007bee80000,0x00000007bee80000,0x00000007bf700000)
 ParOldGen       total 173568K, used 24901K [0x00000006c2800000, 0x00000006cd180000, 0x000000076b800000)
  object space 173568K, 14% used [0x00000006c2800000,0x00000006c40516b8,0x00000006cd180000)
 Metaspace       used 8365K, capacity 8774K, committed 8960K, reserved 1056768K
  class space    used 660K, capacity 690K, committed 768K, reserved 1048576K
GC Heap History (10 events):
Event: 2.199 GC heap before
{Heap before GC invocations=13 (full 0):
 PSYoungGen      total 664576K, used 655008K [0x000000076b800000, 0x0000000794b80000, 0x00000007c0000000)
  eden space 654848K, 100% used [0x000000076b800000,0x0000000793780000,0x0000000793780000)
  from space 9728K, 1% used [0x0000000794200000,0x0000000794228000,0x0000000794b80000)
  to   space 10240K, 0% used [0x0000000793780000,0x0000000793780000,0x0000000794180000)
 ParOldGen       total 173568K, used 24821K [0x00000006c2800000, 0x00000006cd180000, 0x000000076b800000)
  object space 173568K, 14% used [0x00000006c2800000,0x00000006c403d6b8,0x00000006cd180000)
 Metaspace       used 8330K, capacity 8710K, committed 8960K, reserved 1056768K
  class space    used 660K, capacity 690K, committed 768K, reserved 1048576K
Event: 2.200 GC heap after
Heap after GC invocations=13 (full 0):
 PSYoungGen      total 665088K, used 224K [0x000000076b800000, 0x00000007acb80000, 0x00000007c0000000)
  eden space 654848K, 0% used [0x000000076b800000,0x000000076b800000,0x0000000793780000)
  from space 10240K, 2% used [0x0000000793780000,0x00000007937b8000,0x0000000794180000)
  to   space 10240K, 0% used [0x00000007ac180000,0x00000007ac180000,0x00000007acb80000)
 ParOldGen       total 173568K, used 24821K [0x00000006c2800000, 0x00000006cd180000, 0x000000076b800000)
  object space 173568K, 14% used [0x00000006c2800000,0x00000006c403d6b8,0x00000006cd180000)
 Metaspace       used 8330K, capacity 8710K, committed 8960K, reserved 1056768K
  class space    used 660K, capacity 690K, committed 768K, reserved 1048576K
}
Event: 2.677 GC heap before
{Heap before GC invocations=14 (full 0):
 PSYoungGen      total 665088K, used 655072K [0x000000076b800000, 0x00000007acb80000, 0x00000007c0000000)
  eden space 654848K, 100% used [0x000000076b800000,0x0000000793780000,0x0000000793780000)
  from space 10240K, 2% used [0x0000000793780000,0x00000007937b8000,0x0000000794180000)
  to   space 10240K, 0% used [0x00000007ac180000,0x00000007ac180000,0x00000007acb80000)
 ParOldGen       total 173568K, used 24821K [0x00000006c2800000, 0x00000006cd180000, 0x000000076b800000)
  object space 173568K, 14% used [0x00000006c2800000,0x00000006c403d6b8,0x00000006cd180000)
 Metaspace       used 8339K, capacity 8710K, committed 8960K, reserved 1056768K
  class space    used 660K, capacity 690K, committed 768K, reserved 1048576K
Event: 2.677 GC heap after
Heap after GC invocations=14 (full 0):
 PSYoungGen      total 1057280K, used 224K [0x000000076b800000, 0x00000007aca80000, 0x00000007c0000000)
  eden space 1048064K, 0% used [0x000000076b800000,0x000000076b800000,0x00000007ab780000)
  from space 9216K, 2% used [0x00000007ac180000,0x00000007ac1b8000,0x00000007aca80000)
  to   space 9728K, 0% used [0x00000007ab780000,0x00000007ab780000,0x00000007ac100000)
 ParOldGen       total 173568K, used 24861K [0x00000006c2800000, 0x00000006cd180000, 0x000000076b800000)
  object space 173568K, 14% used [0x00000006c2800000,0x00000006c40476b8,0x00000006cd180000)
 Metaspace       used 8339K, capacity 8710K, committed 8960K, reserved 1056768K
  class space    used 660K, capacity 690K, committed 768K, reserved 1048576K
}
Event: 3.474 GC heap before
{Heap before GC invocations=15 (full 0):
 PSYoungGen      total 1057280K, used 1048288K [0x000000076b800000, 0x00000007aca80000, 0x00000007c0000000)
  eden space 1048064K, 100% used [0x000000076b800000,0x00000007ab780000,0x00000007ab780000)
  from space 9216K, 2% used [0x00000007ac180000,0x00000007ac1b8000,0x00000007aca80000)
  to   space 9728K, 0% used [0x00000007ab780000,0x00000007ab780000,0x00000007ac100000)
 ParOldGen       total 173568K, used 24861K [0x00000006c2800000, 0x00000006cd180000, 0x000000076b800000)
  object space 173568K, 14% used [0x00000006c2800000,0x00000006c40476b8,0x00000006cd180000)
 Metaspace       used 8348K, capacity 8710K, committed 8960K, reserved 1056768K
  class space    used 660K, capacity 690K, committed 768K, reserved 1048576K
Event: 3.475 GC heap after
Heap after GC invocations=15 (full 0):
 PSYoungGen      total 1057792K, used 224K [0x000000076b800000, 0x00000007c0000000, 0x00000007c0000000)
  eden space 1048064K, 0% used [0x000000076b800000,0x000000076b800000,0x00000007ab780000)
  from space 9728K, 2% used [0x00000007ab780000,0x00000007ab7b8000,0x00000007ac100000)
  to   space 9728K, 0% used [0x00000007bf680000,0x00000007bf680000,0x00000007c0000000)
 ParOldGen       total 173568K, used 24861K [0x00000006c2800000, 0x00000006cd180000, 0x000000076b800000)
  object space 173568K, 14% used [0x00000006c2800000,0x00000006c40476b8,0x00000006cd180000)
 Metaspace       used 8348K, capacity 8710K, committed 8960K, reserved 1056768K
  class space    used 660K, capacity 690K, committed 768K, reserved 1048576K
}
Event: 4.328 GC heap before
{Heap before GC invocations=16 (full 0):
 PSYoungGen      total 1057792K, used 1048288K [0x000000076b800000, 0x00000007c0000000, 0x00000007c0000000)
  eden space 1048064K, 100% used [0x000000076b800000,0x00000007ab780000,0x00000007ab780000)
  from space 9728K, 2% used [0x00000007ab780000,0x00000007ab7b8000,0x00000007ac100000)
  to   space 9728K, 0% used [0x00000007bf680000,0x00000007bf680000,0x00000007c0000000)
 ParOldGen       total 173568K, used 24861K [0x00000006c2800000, 0x00000006cd180000, 0x000000076b800000)
  object space 173568K, 14% used [0x00000006c2800000,0x00000006c40476b8,0x00000006cd180000)
 Metaspace       used 8357K, capacity 8710K, committed 8960K, reserved 1056768K
  class space    used 660K, capacity 690K, committed 768K, reserved 1048576K
Event: 4.329 GC heap after
Heap after GC invocations=16 (full 0):
 PSYoungGen      total 999424K, used 224K [0x000000076b800000, 0x00000007bf700000, 0x00000007c0000000)
  eden space 998912K, 0% used [0x000000076b800000,0x000000076b800000,0x00000007a8780000)
  from space 512K, 43% used [0x00000007bf680000,0x00000007bf6b8000,0x00000007bf700000)
  to   space 9216K, 0% used [0x00000007be500000,0x00000007be500000,0x00000007bee00000)
 ParOldGen       total 173568K, used 24861K [0x00000006c2800000, 0x00000006cd180000, 0x000000076b800000)
  object space 173568K, 14% used [0x00000006c2800000,0x00000006c40476b8,0x00000006cd180000)
 Metaspace       used 8357K, capacity 8710K, committed 8960K, reserved 1056768K
  class space    used 660K, capacity 690K, committed 768K, reserved 1048576K
}
Event: 5.145 GC heap before
{Heap before GC invocations=17 (full 0):
 PSYoungGen      total 999424K, used 999136K [0x000000076b800000, 0x00000007bf700000, 0x00000007c0000000)
  eden space 998912K, 100% used [0x000000076b800000,0x00000007a8780000,0x00000007a8780000)
  from space 512K, 43% used [0x00000007bf680000,0x00000007bf6b8000,0x00000007bf700000)
  to   space 9216K, 0% used [0x00000007be500000,0x00000007be500000,0x00000007bee00000)
 ParOldGen       total 173568K, used 24861K [0x00000006c2800000, 0x00000006cd180000, 0x000000076b800000)
  object space 173568K, 14% used [0x00000006c2800000,0x00000006c40476b8,0x00000006cd180000)
 Metaspace       used 8358K, capacity 8710K, committed 8960K, reserved 1056768K
  class space    used 660K, capacity 690K, committed 768K, reserved 1048576K
Event: 5.146 GC heap after
Heap after GC invocations=17 (full 0):
 PSYoungGen      total 961536K, used 224K [0x000000076b800000, 0x00000007bf700000, 0x00000007c0000000)
  eden space 952320K, 0% used [0x000000076b800000,0x000000076b800000,0x00000007a5a00000)
  from space 9216K, 2% used [0x00000007be500000,0x00000007be538000,0x00000007bee00000)
  to   space 8704K, 0% used [0x00000007bee80000,0x00000007bee80000,0x00000007bf700000)
 ParOldGen       total 173568K, used 24901K [0x00000006c2800000, 0x00000006cd180000, 0x000000076b800000)
  object space 173568K, 14% used [0x00000006c2800000,0x00000006c40516b8,0x00000006cd180000)
 Metaspace       used 8358K, capacity 8710K, committed 8960K, reserved 1056768K
  class space    used 660K, capacity 690K, committed 768K, reserved 1048576K
}

