# JRE version: Java(TM) SE Runtime Environment (8.0_65-b17) (build 1.8.0_65-b17)
# Java VM: Java HotSpot(TM) 64-Bit Server VM (25.65-b01 mixed mode windows-amd64 compressed oops)
Heap:
 PSYoungGen      total 87040K, used 45421K [0x000000076b800000, 0x000000078a400000, 0x00000007c0000000)
  eden space 86528K, 52% used [0x000000076b800000,0x000000076e453480,0x0000000770c80000)
  from space 512K, 6% used [0x000000078a380000,0x000000078a388000,0x000000078a400000)
  to   space 512K, 0% used [0x000000078a300000,0x000000078a300000,0x000000078a380000)
 ParOldGen       total 173568K, used 1244K [0x00000006c2800000, 0x00000006cd180000, 0x000000076b800000)
  object space 173568K, 0% used [0x00000006c2800000,0x00000006c2937080,0x00000006cd180000)
 Metaspace       used 7980K, capacity 8550K, committed 8704K, reserved 1056768K
  class space    used 642K, capacity 658K, committed 768K, reserved 1048576K
GC Heap History (10 events):
Event: 5.262 GC heap before
{Heap before GC invocations=36 (full 0):
 PSYoungGen      total 100352K, used 99424K [0x000000076b800000, 0x000000078a500000, 0x00000007c0000000)
  eden space 99328K, 100% used [0x000000076b800000,0x0000000771900000,0x0000000771900000)
  from space 1024K, 9% used [0x000000078a300000,0x000000078a318000,0x000000078a400000)
  to   space 1024K, 0% used [0x000000078a400000,0x000000078a400000,0x000000078a500000)
 ParOldGen       total 173568K, used 1236K [0x00000006c2800000, 0x00000006cd180000, 0x000000076b800000)
  object space 173568K, 0% used [0x00000006c2800000,0x00000006c2935080,0x00000006cd180000)
 Metaspace       used 7980K, capacity 8550K, committed 8704K, reserved 1056768K
  class space    used 642K, capacity 658K, committed 768K, reserved 1048576K
Event: 5.262 GC heap after
Heap after GC invocations=36 (full 0):
 PSYoungGen      total 97280K, used 64K [0x000000076b800000, 0x000000078a480000, 0x00000007c0000000)
  eden space 96768K, 0% used [0x000000076b800000,0x000000076b800000,0x0000000771680000)
  from space 512K, 12% used [0x000000078a400000,0x000000078a410000,0x000000078a480000)
  to   space 1024K, 0% used [0x000000078a280000,0x000000078a280000,0x000000078a380000)
 ParOldGen       total 173568K, used 1236K [0x00000006c2800000, 0x00000006cd180000, 0x000000076b800000)
  object space 173568K, 0% used [0x00000006c2800000,0x00000006c2935080,0x00000006cd180000)
 Metaspace       used 7980K, capacity 8550K, committed 8704K, reserved 1056768K
  class space    used 642K, capacity 658K, committed 768K, reserved 1048576K
}
Event: 5.342 GC heap before
{Heap before GC invocations=37 (full 0):
 PSYoungGen      total 97280K, used 96832K [0x000000076b800000, 0x000000078a480000, 0x00000007c0000000)
  eden space 96768K, 100% used [0x000000076b800000,0x0000000771680000,0x0000000771680000)
  from space 512K, 12% used [0x000000078a400000,0x000000078a410000,0x000000078a480000)
  to   space 1024K, 0% used [0x000000078a280000,0x000000078a280000,0x000000078a380000)
 ParOldGen       total 173568K, used 1236K [0x00000006c2800000, 0x00000006cd180000, 0x000000076b800000)
  object space 173568K, 0% used [0x00000006c2800000,0x00000006c2935080,0x00000006cd180000)
 Metaspace       used 7980K, capacity 8550K, committed 8704K, reserved 1056768K
  class space    used 642K, capacity 658K, committed 768K, reserved 1048576K
Event: 5.342 GC heap after
Heap after GC invocations=37 (full 0):
 PSYoungGen      total 95232K, used 64K [0x000000076b800000, 0x000000078a480000, 0x00000007c0000000)
  eden space 94208K, 0% used [0x000000076b800000,0x000000076b800000,0x0000000771400000)
  from space 1024K, 6% used [0x000000078a280000,0x000000078a290000,0x000000078a380000)
  to   space 1024K, 0% used [0x000000078a380000,0x000000078a380000,0x000000078a480000)
 ParOldGen       total 173568K, used 1236K [0x00000006c2800000, 0x00000006cd180000, 0x000000076b800000)
  object space 173568K, 0% used [0x00000006c2800000,0x00000006c2935080,0x00000006cd180000)
 Metaspace       used 7980K, capacity 8550K, committed 8704K, reserved 1056768K
  class space    used 642K, capacity 658K, committed 768K, reserved 1048576K
}
Event: 5.420 GC heap before
{Heap before GC invocations=38 (full 0):
 PSYoungGen      total 95232K, used 94272K [0x000000076b800000, 0x000000078a480000, 0x00000007c0000000)
  eden space 94208K, 100% used [0x000000076b800000,0x0000000771400000,0x0000000771400000)
  from space 1024K, 6% used [0x000000078a280000,0x000000078a290000,0x000000078a380000)
  to   space 1024K, 0% used [0x000000078a380000,0x000000078a380000,0x000000078a480000)
 ParOldGen       total 173568K, used 1236K [0x00000006c2800000, 0x00000006cd180000, 0x000000076b800000)
  object space 173568K, 0% used [0x00000006c2800000,0x00000006c2935080,0x00000006cd180000)
 Metaspace       used 7980K, capacity 8550K, committed 8704K, reserved 1056768K
  class space    used 642K, capacity 658K, committed 768K, reserved 1048576K
Event: 5.420 GC heap after
Heap after GC invocations=38 (full 0):
 PSYoungGen      total 92160K, used 96K [0x000000076b800000, 0x000000078a400000, 0x00000007c0000000)
  eden space 91648K, 0% used [0x000000076b800000,0x000000076b800000,0x0000000771180000)
  from space 512K, 18% used [0x000000078a380000,0x000000078a398000,0x000000078a400000)
  to   space 1024K, 0% used [0x000000078a200000,0x000000078a200000,0x000000078a300000)
 ParOldGen       total 173568K, used 1236K [0x00000006c2800000, 0x00000006cd180000, 0x000000076b800000)
  object space 173568K, 0% used [0x00000006c2800000,0x00000006c2935080,0x00000006cd180000)
 Metaspace       used 7980K, capacity 8550K, committed 8704K, reserved 1056768K
  class space    used 642K, capacity 658K, committed 768K, reserved 1048576K
}
Event: 5.497 GC heap before
{Heap before GC invocations=39 (full 0):
 PSYoungGen      total 92160K, used 91744K [0x000000076b800000, 0x000000078a400000, 0x00000007c0000000)
  eden space 91648K, 100% used [0x000000076b800000,0x0000000771180000,0x0000000771180000)
  from space 512K, 18% used [0x000000078a380000,0x000000078a398000,0x000000078a400000)
  to   space 1024K, 0% used [0x000000078a200000,0x000000078a200000,0x000000078a300000)
 ParOldGen       total 173568K, used 1236K [0x00000006c2800000, 0x00000006cd180000, 0x000000076b800000)
  object space 173568K, 0% used [0x00000006c2800000,0x00000006c2935080,0x00000006cd180000)
 Metaspace       used 7980K, capacity 8550K, committed 8704K, reserved 1056768K
  class space    used 642K, capacity 658K, committed 768K, reserved 1048576K
Event: 5.498 GC heap after
Heap after GC invocations=39 (full 0):
 PSYoungGen      total 90112K, used 96K [0x000000076b800000, 0x000000078a400000, 0x00000007c0000000)
  eden space 89088K, 0% used [0x000000076b800000,0x000000076b800000,0x0000000770f00000)
  from space 1024K, 9% used [0x000000078a200000,0x000000078a218000,0x000000078a300000)
  to   space 512K, 0% used [0x000000078a380000,0x000000078a380000,0x000000078a400000)
 ParOldGen       total 173568K, used 1236K [0x00000006c2800000, 0x00000006cd180000, 0x000000076b800000)
  object space 173568K, 0% used [0x00000006c2800000,0x00000006c2935080,0x00000006cd180000)
 Metaspace       used 7980K, capacity 8550K, committed 8704K, reserved 1056768K
  class space    used 642K, capacity 658K, committed 768K, reserved 1048576K
}
Event: 5.570 GC heap before
{Heap before GC invocations=40 (full 0):
 PSYoungGen      total 90112K, used 89184K [0x000000076b800000, 0x000000078a400000, 0x00000007c0000000)
  eden space 89088K, 100% used [0x000000076b800000,0x0000000770f00000,0x0000000770f00000)
  from space 1024K, 9% used [0x000000078a200000,0x000000078a218000,0x000000078a300000)
  to   space 512K, 0% used [0x000000078a380000,0x000000078a380000,0x000000078a400000)
 ParOldGen       total 173568K, used 1236K [0x00000006c2800000, 0x00000006cd180000, 0x000000076b800000)
  object space 173568K, 0% used [0x00000006c2800000,0x00000006c2935080,0x00000006cd180000)
 Metaspace       used 7980K, capacity 8550K, committed 8704K, reserved 1056768K
  class space    used 642K, capacity 658K, committed 768K, reserved 1048576K
Event: 5.570 GC heap after
Heap after GC invocations=40 (full 0):
 PSYoungGen      total 87040K, used 32K [0x000000076b800000, 0x000000078a400000, 0x00000007c0000000)
  eden space 86528K, 0% used [0x000000076b800000,0x000000076b800000,0x0000000770c80000)
  from space 512K, 6% used [0x000000078a380000,0x000000078a388000,0x000000078a400000)
  to   space 512K, 0% used [0x000000078a300000,0x000000078a300000,0x000000078a380000)
 ParOldGen       total 173568K, used 1244K [0x00000006c2800000, 0x00000006cd180000, 0x000000076b800000)
  object space 173568K, 0% used [0x00000006c2800000,0x00000006c2937080,0x00000006cd180000)
 Metaspace       used 7980K, capacity 8550K, committed 8704K, reserved 1056768K
  class space    used 642K, capacity 658K, committed 768K, reserved 1048576K
}

