# JRE version: Java(TM) SE Runtime Environment (8.0_65-b17) (build 1.8.0_65-b17)
# Java VM: Java HotSpot(TM) 64-Bit Server VM (25.65-b01 mixed mode windows-amd64 compressed oops)
Heap:
 PSYoungGen      total 1039872K, used 41547K [0x000000076b800000, 0x00000007bb680000, 0x00000007c0000000)
  eden space 1032704K, 4% used [0x000000076b800000,0x000000076e05adc8,0x00000007aa880000)
  from space 7168K, 3% used [0x00000007ba880000,0x00000007ba8b8000,0x00000007baf80000)
  to   space 7168K, 0% used [0x00000007baf80000,0x00000007baf80000,0x00000007bb680000)
 ParOldGen       total 173568K, used 15719K [0x00000006c2800000, 0x00000006cd180000, 0x000000076b800000)
  object space 173568K, 9% used [0x00000006c2800000,0x00000006c3759eb0,0x00000006cd180000)
 Metaspace       used 8361K, capacity 8710K, committed 8960K, reserved 1056768K
  class space    used 658K, capacity 690K, committed 768K, reserved 1048576K
GC Heap History (10 events):
Event: 4.183 GC heap before
{Heap before GC invocations=13 (full 0):
 PSYoungGen      total 1323520K, used 1315008K [0x000000076b800000, 0x00000007bcd00000, 0x00000007c0000000)
  eden space 1314816K, 100% used [0x000000076b800000,0x00000007bbc00000,0x00000007bbc00000)
  from space 8704K, 2% used [0x00000007bc480000,0x00000007bc4b0000,0x00000007bcd00000)
  to   space 8704K, 0% used [0x00000007bbc00000,0x00000007bbc00000,0x00000007bc480000)
 ParOldGen       total 173568K, used 15703K [0x00000006c2800000, 0x00000006cd180000, 0x000000076b800000)
  object space 173568K, 9% used [0x00000006c2800000,0x00000006c3755eb0,0x00000006cd180000)
 Metaspace       used 8319K, capacity 8710K, committed 8960K, reserved 1056768K
  class space    used 658K, capacity 690K, committed 768K, reserved 1048576K
Event: 4.183 GC heap after
Heap after GC invocations=13 (full 0):
 PSYoungGen      total 1252864K, used 224K [0x000000076b800000, 0x00000007bc500000, 0x00000007c0000000)
  eden space 1252352K, 0% used [0x000000076b800000,0x000000076b800000,0x00000007b7f00000)
  from space 512K, 43% used [0x00000007bbc00000,0x00000007bbc38000,0x00000007bbc80000)
  to   space 8192K, 0% used [0x00000007bbd00000,0x00000007bbd00000,0x00000007bc500000)
 ParOldGen       total 173568K, used 15703K [0x00000006c2800000, 0x00000006cd180000, 0x000000076b800000)
  object space 173568K, 9% used [0x00000006c2800000,0x00000006c3755eb0,0x00000006cd180000)
 Metaspace       used 8319K, capacity 8710K, committed 8960K, reserved 1056768K
  class space    used 658K, capacity 690K, committed 768K, reserved 1048576K
}
Event: 5.349 GC heap before
{Heap before GC invocations=14 (full 0):
 PSYoungGen      total 1252864K, used 1252576K [0x000000076b800000, 0x00000007bc500000, 0x00000007c0000000)
  eden space 1252352K, 100% used [0x000000076b800000,0x00000007b7f00000,0x00000007b7f00000)
  from space 512K, 43% used [0x00000007bbc00000,0x00000007bbc38000,0x00000007bbc80000)
  to   space 8192K, 0% used [0x00000007bbd00000,0x00000007bbd00000,0x00000007bc500000)
 ParOldGen       total 173568K, used 15703K [0x00000006c2800000, 0x00000006cd180000, 0x000000076b800000)
  object space 173568K, 9% used [0x00000006c2800000,0x00000006c3755eb0,0x00000006cd180000)
 Metaspace       used 8326K, capacity 8710K, committed 8960K, reserved 1056768K
  class space    used 658K, capacity 690K, committed 768K, reserved 1048576K
Event: 5.350 GC heap after
Heap after GC invocations=14 (full 0):
 PSYoungGen      total 1193472K, used 256K [0x000000076b800000, 0x00000007bbd80000, 0x00000007c0000000)
  eden space 1192960K, 0% used [0x000000076b800000,0x000000076b800000,0x00000007b4500000)
  from space 512K, 50% used [0x00000007bbd00000,0x00000007bbd40000,0x00000007bbd80000)
  to   space 8192K, 0% used [0x00000007bad80000,0x00000007bad80000,0x00000007bb580000)
 ParOldGen       total 173568K, used 15703K [0x00000006c2800000, 0x00000006cd180000, 0x000000076b800000)
  object space 173568K, 9% used [0x00000006c2800000,0x00000006c3755eb0,0x00000006cd180000)
 Metaspace       used 8326K, capacity 8710K, committed 8960K, reserved 1056768K
  class space    used 658K, capacity 690K, committed 768K, reserved 1048576K
}
Event: 6.391 GC heap before
{Heap before GC invocations=15 (full 0):
 PSYoungGen      total 1193472K, used 1193216K [0x000000076b800000, 0x00000007bbd80000, 0x00000007c0000000)
  eden space 1192960K, 100% used [0x000000076b800000,0x00000007b4500000,0x00000007b4500000)
  from space 512K, 50% used [0x00000007bbd00000,0x00000007bbd40000,0x00000007bbd80000)
  to   space 8192K, 0% used [0x00000007bad80000,0x00000007bad80000,0x00000007bb580000)
 ParOldGen       total 173568K, used 15703K [0x00000006c2800000, 0x00000006cd180000, 0x000000076b800000)
  object space 173568K, 9% used [0x00000006c2800000,0x00000006c3755eb0,0x00000006cd180000)
 Metaspace       used 8340K, capacity 8710K, committed 8960K, reserved 1056768K
  class space    used 658K, capacity 690K, committed 768K, reserved 1048576K
Event: 6.391 GC heap after
Heap after GC invocations=15 (full 0):
 PSYoungGen      total 1144832K, used 224K [0x000000076b800000, 0x00000007bbd80000, 0x00000007c0000000)
  eden space 1136640K, 0% used [0x000000076b800000,0x000000076b800000,0x00000007b0e00000)
  from space 8192K, 2% used [0x00000007bad80000,0x00000007badb8000,0x00000007bb580000)
  to   space 7680K, 0% used [0x00000007bb600000,0x00000007bb600000,0x00000007bbd80000)
 ParOldGen       total 173568K, used 15703K [0x00000006c2800000, 0x00000006cd180000, 0x000000076b800000)
  object space 173568K, 9% used [0x00000006c2800000,0x00000006c3755eb0,0x00000006cd180000)
 Metaspace       used 8340K, capacity 8710K, committed 8960K, reserved 1056768K
  class space    used 658K, capacity 690K, committed 768K, reserved 1048576K
}
Event: 7.316 GC heap before
{Heap before GC invocations=16 (full 0):
 PSYoungGen      total 1144832K, used 1136864K [0x000000076b800000, 0x00000007bbd80000, 0x00000007c0000000)
  eden space 1136640K, 100% used [0x000000076b800000,0x00000007b0e00000,0x00000007b0e00000)
  from space 8192K, 2% used [0x00000007bad80000,0x00000007badb8000,0x00000007bb580000)
  to   space 7680K, 0% used [0x00000007bb600000,0x00000007bb600000,0x00000007bbd80000)
 ParOldGen       total 173568K, used 15703K [0x00000006c2800000, 0x00000006cd180000, 0x000000076b800000)
  object space 173568K, 9% used [0x00000006c2800000,0x00000006c3755eb0,0x00000006cd180000)
 Metaspace       used 8352K, capacity 8710K, committed 8960K, reserved 1056768K
  class space    used 658K, capacity 690K, committed 768K, reserved 1048576K
Event: 7.318 GC heap after
Heap after GC invocations=16 (full 0):
 PSYoungGen      total 1083904K, used 224K [0x000000076b800000, 0x00000007bb680000, 0x00000007c0000000)
  eden space 1083392K, 0% used [0x000000076b800000,0x000000076b800000,0x00000007ada00000)
  from space 512K, 43% used [0x00000007bb600000,0x00000007bb638000,0x00000007bb680000)
  to   space 7168K, 0% used [0x00000007ba880000,0x00000007ba880000,0x00000007baf80000)
 ParOldGen       total 173568K, used 15719K [0x00000006c2800000, 0x00000006cd180000, 0x000000076b800000)
  object space 173568K, 9% used [0x00000006c2800000,0x00000006c3759eb0,0x00000006cd180000)
 Metaspace       used 8352K, capacity 8710K, committed 8960K, reserved 1056768K
  class space    used 658K, capacity 690K, committed 768K, reserved 1048576K
}
Event: 8.157 GC heap before
{Heap before GC invocations=17 (full 0):
 PSYoungGen      total 1083904K, used 1083616K [0x000000076b800000, 0x00000007bb680000, 0x00000007c0000000)
  eden space 1083392K, 100% used [0x000000076b800000,0x00000007ada00000,0x00000007ada00000)
  from space 512K, 43% used [0x00000007bb600000,0x00000007bb638000,0x00000007bb680000)
  to   space 7168K, 0% used [0x00000007ba880000,0x00000007ba880000,0x00000007baf80000)
 ParOldGen       total 173568K, used 15719K [0x00000006c2800000, 0x00000006cd180000, 0x000000076b800000)
  object space 173568K, 9% used [0x00000006c2800000,0x00000006c3759eb0,0x00000006cd180000)
 Metaspace       used 8361K, capacity 8710K, committed 8960K, reserved 1056768K
  class space    used 658K, capacity 690K, committed 768K, reserved 1048576K
Event: 8.158 GC heap after
Heap after GC invocations=17 (full 0):
 PSYoungGen      total 1039872K, used 224K [0x000000076b800000, 0x00000007bb680000, 0x00000007c0000000)
  eden space 1032704K, 0% used [0x000000076b800000,0x000000076b800000,0x00000007aa880000)
  from space 7168K, 3% used [0x00000007ba880000,0x00000007ba8b8000,0x00000007baf80000)
  to   space 7168K, 0% used [0x00000007baf80000,0x00000007baf80000,0x00000007bb680000)
 ParOldGen       total 173568K, used 15719K [0x00000006c2800000, 0x00000006cd180000, 0x000000076b800000)
  object space 173568K, 9% used [0x00000006c2800000,0x00000006c3759eb0,0x00000006cd180000)
 Metaspace       used 8361K, capacity 8710K, committed 8960K, reserved 1056768K
  class space    used 658K, capacity 690K, committed 768K, reserved 1048576K
}

