# JRE version: Java(TM) SE Runtime Environment (8.0_65-b17) (build 1.8.0_65-b17)
# Java VM: Java HotSpot(TM) 64-Bit Server VM (25.65-b01 mixed mode windows-amd64 compressed oops)
Heap:
 PSYoungGen      total 136192K, used 24271K [0x000000076b800000, 0x000000078aa80000, 0x00000007c0000000)
  eden space 134656K, 17% used [0x000000076b800000,0x000000076cf9bdc0,0x0000000773b80000)
  from space 1536K, 6% used [0x000000078a780000,0x000000078a798000,0x000000078a900000)
  to   space 1536K, 0% used [0x000000078a900000,0x000000078a900000,0x000000078aa80000)
 ParOldGen       total 173568K, used 1220K [0x00000006c2800000, 0x00000006cd180000, 0x000000076b800000)
  object space 173568K, 0% used [0x00000006c2800000,0x00000006c2931060,0x00000006cd180000)
 Metaspace       used 7979K, capacity 8550K, committed 8704K, reserved 1056768K
  class space    used 642K, capacity 658K, committed 768K, reserved 1048576K
GC Heap History (10 events):
Event: 2.159 GC heap before
{Heap before GC invocations=21 (full 0):
 PSYoungGen      total 160256K, used 159808K [0x000000076b800000, 0x000000078ac80000, 0x00000007c0000000)
  eden space 159744K, 100% used [0x000000076b800000,0x0000000775400000,0x0000000775400000)
  from space 512K, 12% used [0x000000078ac00000,0x000000078ac10000,0x000000078ac80000)
  to   space 2048K, 0% used [0x000000078a880000,0x000000078a880000,0x000000078aa80000)
 ParOldGen       total 173568K, used 1212K [0x00000006c2800000, 0x00000006cd180000, 0x000000076b800000)
  object space 173568K, 0% used [0x00000006c2800000,0x00000006c292f060,0x00000006cd180000)
 Metaspace       used 7977K, capacity 8486K, committed 8704K, reserved 1056768K
  class space    used 642K, capacity 658K, committed 768K, reserved 1048576K
Event: 2.159 GC heap after
Heap after GC invocations=21 (full 0):
 PSYoungGen      total 156160K, used 96K [0x000000076b800000, 0x000000078ac80000, 0x00000007c0000000)
  eden space 154112K, 0% used [0x000000076b800000,0x000000076b800000,0x0000000774e80000)
  from space 2048K, 4% used [0x000000078a880000,0x000000078a898000,0x000000078aa80000)
  to   space 1536K, 0% used [0x000000078ab00000,0x000000078ab00000,0x000000078ac80000)
 ParOldGen       total 173568K, used 1212K [0x00000006c2800000, 0x00000006cd180000, 0x000000076b800000)
  object space 173568K, 0% used [0x00000006c2800000,0x00000006c292f060,0x00000006cd180000)
 Metaspace       used 7977K, capacity 8486K, committed 8704K, reserved 1056768K
  class space    used 642K, capacity 658K, committed 768K, reserved 1048576K
}
Event: 2.224 GC heap before
{Heap before GC invocations=22 (full 0):
 PSYoungGen      total 156160K, used 154208K [0x000000076b800000, 0x000000078ac80000, 0x00000007c0000000)
  eden space 154112K, 100% used [0x000000076b800000,0x0000000774e80000,0x0000000774e80000)
  from space 2048K, 4% used [0x000000078a880000,0x000000078a898000,0x000000078aa80000)
  to   space 1536K, 0% used [0x000000078ab00000,0x000000078ab00000,0x000000078ac80000)
 ParOldGen       total 173568K, used 1212K [0x00000006c2800000, 0x00000006cd180000, 0x000000076b800000)
  object space 173568K, 0% used [0x00000006c2800000,0x00000006c292f060,0x00000006cd180000)
 Metaspace       used 7977K, capacity 8486K, committed 8704K, reserved 1056768K
  class space    used 642K, capacity 658K, committed 768K, reserved 1048576K
Event: 2.225 GC heap after
Heap after GC invocations=22 (full 0):
 PSYoungGen      total 149504K, used 64K [0x000000076b800000, 0x000000078ab80000, 0x00000007c0000000)
  eden space 148992K, 0% used [0x000000076b800000,0x000000076b800000,0x0000000774980000)
  from space 512K, 12% used [0x000000078ab00000,0x000000078ab10000,0x000000078ab80000)
  to   space 1536K, 0% used [0x000000078a880000,0x000000078a880000,0x000000078aa00000)
 ParOldGen       total 173568K, used 1212K [0x00000006c2800000, 0x00000006cd180000, 0x000000076b800000)
  object space 173568K, 0% used [0x00000006c2800000,0x00000006c292f060,0x00000006cd180000)
 Metaspace       used 7977K, capacity 8486K, committed 8704K, reserved 1056768K
  class space    used 642K, capacity 658K, committed 768K, reserved 1048576K
}
Event: 2.288 GC heap before
{Heap before GC invocations=23 (full 0):
 PSYoungGen      total 149504K, used 149056K [0x000000076b800000, 0x000000078ab80000, 0x00000007c0000000)
  eden space 148992K, 100% used [0x000000076b800000,0x0000000774980000,0x0000000774980000)
  from space 512K, 12% used [0x000000078ab00000,0x000000078ab10000,0x000000078ab80000)
  to   space 1536K, 0% used [0x000000078a880000,0x000000078a880000,0x000000078aa00000)
 ParOldGen       total 173568K, used 1212K [0x00000006c2800000, 0x00000006cd180000, 0x000000076b800000)
  object space 173568K, 0% used [0x00000006c2800000,0x00000006c292f060,0x00000006cd180000)
 Metaspace       used 7979K, capacity 8486K, committed 8704K, reserved 1056768K
  class space    used 642K, capacity 658K, committed 768K, reserved 1048576K
Event: 2.288 GC heap after
Heap after GC invocations=23 (full 0):
 PSYoungGen      total 145408K, used 64K [0x000000076b800000, 0x000000078ab80000, 0x00000007c0000000)
  eden space 143872K, 0% used [0x000000076b800000,0x000000076b800000,0x0000000774480000)
  from space 1536K, 4% used [0x000000078a880000,0x000000078a890000,0x000000078aa00000)
  to   space 1536K, 0% used [0x000000078aa00000,0x000000078aa00000,0x000000078ab80000)
 ParOldGen       total 173568K, used 1212K [0x00000006c2800000, 0x00000006cd180000, 0x000000076b800000)
  object space 173568K, 0% used [0x00000006c2800000,0x00000006c292f060,0x00000006cd180000)
 Metaspace       used 7979K, capacity 8486K, committed 8704K, reserved 1056768K
  class space    used 642K, capacity 658K, committed 768K, reserved 1048576K
}
Event: 2.357 GC heap before
{Heap before GC invocations=24 (full 0):
 PSYoungGen      total 145408K, used 143936K [0x000000076b800000, 0x000000078ab80000, 0x00000007c0000000)
  eden space 143872K, 100% used [0x000000076b800000,0x0000000774480000,0x0000000774480000)
  from space 1536K, 4% used [0x000000078a880000,0x000000078a890000,0x000000078aa00000)
  to   space 1536K, 0% used [0x000000078aa00000,0x000000078aa00000,0x000000078ab80000)
 ParOldGen       total 173568K, used 1212K [0x00000006c2800000, 0x00000006cd180000, 0x000000076b800000)
  object space 173568K, 0% used [0x00000006c2800000,0x00000006c292f060,0x00000006cd180000)
 Metaspace       used 7979K, capacity 8486K, committed 8704K, reserved 1056768K
  class space    used 642K, capacity 658K, committed 768K, reserved 1048576K
Event: 2.358 GC heap after
Heap after GC invocations=24 (full 0):
 PSYoungGen      total 139776K, used 64K [0x000000076b800000, 0x000000078aa80000, 0x00000007c0000000)
  eden space 139264K, 0% used [0x000000076b800000,0x000000076b800000,0x0000000774000000)
  from space 512K, 12% used [0x000000078aa00000,0x000000078aa10000,0x000000078aa80000)
  to   space 1536K, 0% used [0x000000078a780000,0x000000078a780000,0x000000078a900000)
 ParOldGen       total 173568K, used 1212K [0x00000006c2800000, 0x00000006cd180000, 0x000000076b800000)
  object space 173568K, 0% used [0x00000006c2800000,0x00000006c292f060,0x00000006cd180000)
 Metaspace       used 7979K, capacity 8486K, committed 8704K, reserved 1056768K
  class space    used 642K, capacity 658K, committed 768K, reserved 1048576K
}
Event: 2.417 GC heap before
{Heap before GC invocations=25 (full 0):
 PSYoungGen      total 139776K, used 139328K [0x000000076b800000, 0x000000078aa80000, 0x00000007c0000000)
  eden space 139264K, 100% used [0x000000076b800000,0x0000000774000000,0x0000000774000000)
  from space 512K, 12% used [0x000000078aa00000,0x000000078aa10000,0x000000078aa80000)
  to   space 1536K, 0% used [0x000000078a780000,0x000000078a780000,0x000000078a900000)
 ParOldGen       total 173568K, used 1212K [0x00000006c2800000, 0x00000006cd180000, 0x000000076b800000)
  object space 173568K, 0% used [0x00000006c2800000,0x00000006c292f060,0x00000006cd180000)
 Metaspace       used 7979K, capacity 8550K, committed 8704K, reserved 1056768K
  class space    used 642K, capacity 658K, committed 768K, reserved 1048576K
Event: 2.418 GC heap after
Heap after GC invocations=25 (full 0):
 PSYoungGen      total 136192K, used 96K [0x000000076b800000, 0x000000078aa80000, 0x00000007c0000000)
  eden space 134656K, 0% used [0x000000076b800000,0x000000076b800000,0x0000000773b80000)
  from space 1536K, 6% used [0x000000078a780000,0x000000078a798000,0x000000078a900000)
  to   space 1536K, 0% used [0x000000078a900000,0x000000078a900000,0x000000078aa80000)
 ParOldGen       total 173568K, used 1220K [0x00000006c2800000, 0x00000006cd180000, 0x000000076b800000)
  object space 173568K, 0% used [0x00000006c2800000,0x00000006c2931060,0x00000006cd180000)
 Metaspace       used 7979K, capacity 8550K, committed 8704K, reserved 1056768K
  class space    used 642K, capacity 658K, committed 768K, reserved 1048576K
}

