# JRE version: Java(TM) SE Runtime Environment (8.0_65-b17) (build 1.8.0_65-b17)
# Java VM: Java HotSpot(TM) 64-Bit Server VM (25.65-b01 mixed mode windows-amd64 compressed oops)
Heap:
 PSYoungGen      total 1196032K, used 156492K [0x000000076b800000, 0x00000007bc000000, 0x00000007c0000000)
  eden space 1195520K, 13% used [0x000000076b800000,0x000000077509b0f0,0x00000007b4780000)
  from space 512K, 43% used [0x00000007bbf80000,0x00000007bbfb8000,0x00000007bc000000)
  to   space 6656K, 0% used [0x00000007bb300000,0x00000007bb300000,0x00000007bb980000)
 ParOldGen       total 173568K, used 12203K [0x00000006c2800000, 0x00000006cd180000, 0x000000076b800000)
  object space 173568K, 7% used [0x00000006c2800000,0x00000006c33eae60,0x00000006cd180000)
 Metaspace       used 8380K, capacity 8774K, committed 8960K, reserved 1056768K
  class space    used 661K, capacity 690K, committed 768K, reserved 1048576K
GC Heap History (10 events):
Event: 2.023 GC heap before
{Heap before GC invocations=10 (full 0):
 PSYoungGen      total 522240K, used 516000K [0x000000076b800000, 0x000000079ea00000, 0x00000007c0000000)
  eden space 514560K, 100% used [0x000000076b800000,0x000000078ae80000,0x000000078ae80000)
  from space 7680K, 18% used [0x000000078ae80000,0x000000078afe8000,0x000000078b600000)
  to   space 7168K, 0% used [0x000000079e300000,0x000000079e300000,0x000000079ea00000)
 ParOldGen       total 173568K, used 10799K [0x00000006c2800000, 0x00000006cd180000, 0x000000076b800000)
  object space 173568K, 6% used [0x00000006c2800000,0x00000006c328be50,0x00000006cd180000)
 Metaspace       used 8346K, capacity 8774K, committed 8960K, reserved 1056768K
  class space    used 661K, capacity 690K, committed 768K, reserved 1048576K
Event: 2.026 GC heap after
Heap after GC invocations=10 (full 0):
 PSYoungGen      total 830464K, used 224K [0x000000076b800000, 0x000000079ea00000, 0x00000007c0000000)
  eden space 823296K, 0% used [0x000000076b800000,0x000000076b800000,0x000000079dc00000)
  from space 7168K, 3% used [0x000000079e300000,0x000000079e338000,0x000000079ea00000)
  to   space 7168K, 0% used [0x000000079dc00000,0x000000079dc00000,0x000000079e300000)
 ParOldGen       total 173568K, used 12083K [0x00000006c2800000, 0x00000006cd180000, 0x000000076b800000)
  object space 173568K, 6% used [0x00000006c2800000,0x00000006c33cce60,0x00000006cd180000)
 Metaspace       used 8346K, capacity 8774K, committed 8960K, reserved 1056768K
  class space    used 661K, capacity 690K, committed 768K, reserved 1048576K
}
Event: 2.633 GC heap before
{Heap before GC invocations=11 (full 0):
 PSYoungGen      total 830464K, used 823520K [0x000000076b800000, 0x000000079ea00000, 0x00000007c0000000)
  eden space 823296K, 100% used [0x000000076b800000,0x000000079dc00000,0x000000079dc00000)
  from space 7168K, 3% used [0x000000079e300000,0x000000079e338000,0x000000079ea00000)
  to   space 7168K, 0% used [0x000000079dc00000,0x000000079dc00000,0x000000079e300000)
 ParOldGen       total 173568K, used 12083K [0x00000006c2800000, 0x00000006cd180000, 0x000000076b800000)
  object space 173568K, 6% used [0x00000006c2800000,0x00000006c33cce60,0x00000006cd180000)
 Metaspace       used 8362K, capacity 8774K, committed 8960K, reserved 1056768K
  class space    used 661K, capacity 690K, committed 768K, reserved 1048576K
Event: 2.634 GC heap after
Heap after GC invocations=11 (full 0):
 PSYoungGen      total 830464K, used 224K [0x000000076b800000, 0x00000007bcc80000, 0x00000007c0000000)
  eden space 823296K, 0% used [0x000000076b800000,0x000000076b800000,0x000000079dc00000)
  from space 7168K, 3% used [0x000000079dc00000,0x000000079dc38000,0x000000079e300000)
  to   space 7168K, 0% used [0x00000007bc580000,0x00000007bc580000,0x00000007bcc80000)
 ParOldGen       total 173568K, used 12147K [0x00000006c2800000, 0x00000006cd180000, 0x000000076b800000)
  object space 173568K, 6% used [0x00000006c2800000,0x00000006c33dce60,0x00000006cd180000)
 Metaspace       used 8362K, capacity 8774K, committed 8960K, reserved 1056768K
  class space    used 661K, capacity 690K, committed 768K, reserved 1048576K
}
Event: 3.234 GC heap before
{Heap before GC invocations=12 (full 0):
 PSYoungGen      total 830464K, used 823520K [0x000000076b800000, 0x00000007bcc80000, 0x00000007c0000000)
  eden space 823296K, 100% used [0x000000076b800000,0x000000079dc00000,0x000000079dc00000)
  from space 7168K, 3% used [0x000000079dc00000,0x000000079dc38000,0x000000079e300000)
  to   space 7168K, 0% used [0x00000007bc580000,0x00000007bc580000,0x00000007bcc80000)
 ParOldGen       total 173568K, used 12147K [0x00000006c2800000, 0x00000006cd180000, 0x000000076b800000)
  object space 173568K, 6% used [0x00000006c2800000,0x00000006c33dce60,0x00000006cd180000)
 Metaspace       used 8364K, capacity 8774K, committed 8960K, reserved 1056768K
  class space    used 661K, capacity 690K, committed 768K, reserved 1048576K
Event: 3.235 GC heap after
Heap after GC invocations=12 (full 0):
 PSYoungGen      total 1324544K, used 224K [0x000000076b800000, 0x00000007bcc80000, 0x00000007c0000000)
  eden space 1317376K, 0% used [0x000000076b800000,0x000000076b800000,0x00000007bbe80000)
  from space 7168K, 3% used [0x00000007bc580000,0x00000007bc5b8000,0x00000007bcc80000)
  to   space 7168K, 0% used [0x00000007bbe80000,0x00000007bbe80000,0x00000007bc580000)
 ParOldGen       total 173568K, used 12155K [0x00000006c2800000, 0x00000006cd180000, 0x000000076b800000)
  object space 173568K, 7% used [0x00000006c2800000,0x00000006c33dee60,0x00000006cd180000)
 Metaspace       used 8364K, capacity 8774K, committed 8960K, reserved 1056768K
  class space    used 661K, capacity 690K, committed 768K, reserved 1048576K
}
Event: 4.339 GC heap before
{Heap before GC invocations=13 (full 0):
 PSYoungGen      total 1324544K, used 1317600K [0x000000076b800000, 0x00000007bcc80000, 0x00000007c0000000)
  eden space 1317376K, 100% used [0x000000076b800000,0x00000007bbe80000,0x00000007bbe80000)
  from space 7168K, 3% used [0x00000007bc580000,0x00000007bc5b8000,0x00000007bcc80000)
  to   space 7168K, 0% used [0x00000007bbe80000,0x00000007bbe80000,0x00000007bc580000)
 ParOldGen       total 173568K, used 12155K [0x00000006c2800000, 0x00000006cd180000, 0x000000076b800000)
  object space 173568K, 7% used [0x00000006c2800000,0x00000006c33dee60,0x00000006cd180000)
 Metaspace       used 8370K, capacity 8774K, committed 8960K, reserved 1056768K
  class space    used 661K, capacity 690K, committed 768K, reserved 1048576K
Event: 4.339 GC heap after
Heap after GC invocations=13 (full 0):
 PSYoungGen      total 1255424K, used 256K [0x000000076b800000, 0x00000007bc600000, 0x00000007c0000000)
  eden space 1254912K, 0% used [0x000000076b800000,0x000000076b800000,0x00000007b8180000)
  from space 512K, 50% used [0x00000007bbe80000,0x00000007bbec0000,0x00000007bbf00000)
  to   space 6656K, 0% used [0x00000007bbf80000,0x00000007bbf80000,0x00000007bc600000)
 ParOldGen       total 173568K, used 12155K [0x00000006c2800000, 0x00000006cd180000, 0x000000076b800000)
  object space 173568K, 7% used [0x00000006c2800000,0x00000006c33dee60,0x00000006cd180000)
 Metaspace       used 8370K, capacity 8774K, committed 8960K, reserved 1056768K
  class space    used 661K, capacity 690K, committed 768K, reserved 1048576K
}
Event: 5.239 GC heap before
{Heap before GC invocations=14 (full 0):
 PSYoungGen      total 1255424K, used 1255168K [0x000000076b800000, 0x00000007bc600000, 0x00000007c0000000)
  eden space 1254912K, 100% used [0x000000076b800000,0x00000007b8180000,0x00000007b8180000)
  from space 512K, 50% used [0x00000007bbe80000,0x00000007bbec0000,0x00000007bbf00000)
  to   space 6656K, 0% used [0x00000007bbf80000,0x00000007bbf80000,0x00000007bc600000)
 ParOldGen       total 173568K, used 12155K [0x00000006c2800000, 0x00000006cd180000, 0x000000076b800000)
  object space 173568K, 7% used [0x00000006c2800000,0x00000006c33dee60,0x00000006cd180000)
 Metaspace       used 8380K, capacity 8774K, committed 8960K, reserved 1056768K
  class space    used 661K, capacity 690K, committed 768K, reserved 1048576K
Event: 5.240 GC heap after
Heap after GC invocations=14 (full 0):
 PSYoungGen      total 1196032K, used 224K [0x000000076b800000, 0x00000007bc000000, 0x00000007c0000000)
  eden space 1195520K, 0% used [0x000000076b800000,0x000000076b800000,0x00000007b4780000)
  from space 512K, 43% used [0x00000007bbf80000,0x00000007bbfb8000,0x00000007bc000000)
  to   space 6656K, 0% used [0x00000007bb300000,0x00000007bb300000,0x00000007bb980000)
 ParOldGen       total 173568K, used 12203K [0x00000006c2800000, 0x00000006cd180000, 0x000000076b800000)
  object space 173568K, 7% used [0x00000006c2800000,0x00000006c33eae60,0x00000006cd180000)
 Metaspace       used 8380K, capacity 8774K, committed 8960K, reserved 1056768K
  class space    used 661K, capacity 690K, committed 768K, reserved 1048576K
}

