# JRE version: Java(TM) SE Runtime Environment (8.0_65-b17) (build 1.8.0_65-b17)
# Java VM: Java HotSpot(TM) 64-Bit Server VM (25.65-b01 mixed mode windows-amd64 compressed oops)
Heap:
 PSYoungGen      total 184832K, used 53679K [0x000000076b800000, 0x0000000784a80000, 0x00000007c0000000)
  eden space 184320K, 29% used [0x000000076b800000,0x000000076ec5be28,0x0000000776c00000)
  from space 512K, 12% used [0x0000000784a00000,0x0000000784a10000,0x0000000784a80000)
  to   space 2048K, 0% used [0x0000000784680000,0x0000000784680000,0x0000000784880000)
 ParOldGen       total 173568K, used 1343K [0x00000006c2800000, 0x00000006cd180000, 0x000000076b800000)
  object space 173568K, 0% used [0x00000006c2800000,0x00000006c294ff40,0x00000006cd180000)
 Metaspace       used 7977K, capacity 8486K, committed 8704K, reserved 1056768K
  class space    used 642K, capacity 658K, committed 768K, reserved 1048576K
GC Heap History (10 events):
Event: 1.926 GC heap before
{Heap before GC invocations=14 (full 0):
 PSYoungGen      total 224768K, used 222272K [0x000000076b800000, 0x0000000784f80000, 0x00000007c0000000)
  eden space 222208K, 100% used [0x000000076b800000,0x0000000779100000,0x0000000779100000)
  from space 2560K, 2% used [0x0000000784a80000,0x0000000784a90000,0x0000000784d00000)
  to   space 2560K, 0% used [0x0000000784d00000,0x0000000784d00000,0x0000000784f80000)
 ParOldGen       total 173568K, used 1343K [0x00000006c2800000, 0x00000006cd180000, 0x000000076b800000)
  object space 173568K, 0% used [0x00000006c2800000,0x00000006c294ff40,0x00000006cd180000)
 Metaspace       used 7974K, capacity 8486K, committed 8704K, reserved 1056768K
  class space    used 642K, capacity 658K, committed 768K, reserved 1048576K
Event: 1.926 GC heap after
Heap after GC invocations=14 (full 0):
 PSYoungGen      total 214528K, used 64K [0x000000076b800000, 0x0000000784d80000, 0x00000007c0000000)
  eden space 214016K, 0% used [0x000000076b800000,0x000000076b800000,0x0000000778900000)
  from space 512K, 12% used [0x0000000784d00000,0x0000000784d10000,0x0000000784d80000)
  to   space 2560K, 0% used [0x0000000784880000,0x0000000784880000,0x0000000784b00000)
 ParOldGen       total 173568K, used 1343K [0x00000006c2800000, 0x00000006cd180000, 0x000000076b800000)
  object space 173568K, 0% used [0x00000006c2800000,0x00000006c294ff40,0x00000006cd180000)
 Metaspace       used 7974K, capacity 8486K, committed 8704K, reserved 1056768K
  class space    used 642K, capacity 658K, committed 768K, reserved 1048576K
}
Event: 2.083 GC heap before
{Heap before GC invocations=15 (full 0):
 PSYoungGen      total 214528K, used 214080K [0x000000076b800000, 0x0000000784d80000, 0x00000007c0000000)
  eden space 214016K, 100% used [0x000000076b800000,0x0000000778900000,0x0000000778900000)
  from space 512K, 12% used [0x0000000784d00000,0x0000000784d10000,0x0000000784d80000)
  to   space 2560K, 0% used [0x0000000784880000,0x0000000784880000,0x0000000784b00000)
 ParOldGen       total 173568K, used 1343K [0x00000006c2800000, 0x00000006cd180000, 0x000000076b800000)
  object space 173568K, 0% used [0x00000006c2800000,0x00000006c294ff40,0x00000006cd180000)
 Metaspace       used 7974K, capacity 8486K, committed 8704K, reserved 1056768K
  class space    used 642K, capacity 658K, committed 768K, reserved 1048576K
Event: 2.084 GC heap after
Heap after GC invocations=15 (full 0):
 PSYoungGen      total 208384K, used 64K [0x000000076b800000, 0x0000000784d80000, 0x00000007c0000000)
  eden space 205824K, 0% used [0x000000076b800000,0x000000076b800000,0x0000000778100000)
  from space 2560K, 2% used [0x0000000784880000,0x0000000784890000,0x0000000784b00000)
  to   space 2048K, 0% used [0x0000000784b80000,0x0000000784b80000,0x0000000784d80000)
 ParOldGen       total 173568K, used 1343K [0x00000006c2800000, 0x00000006cd180000, 0x000000076b800000)
  object space 173568K, 0% used [0x00000006c2800000,0x00000006c294ff40,0x00000006cd180000)
 Metaspace       used 7974K, capacity 8486K, committed 8704K, reserved 1056768K
  class space    used 642K, capacity 658K, committed 768K, reserved 1048576K
}
Event: 2.238 GC heap before
{Heap before GC invocations=16 (full 0):
 PSYoungGen      total 208384K, used 205888K [0x000000076b800000, 0x0000000784d80000, 0x00000007c0000000)
  eden space 205824K, 100% used [0x000000076b800000,0x0000000778100000,0x0000000778100000)
  from space 2560K, 2% used [0x0000000784880000,0x0000000784890000,0x0000000784b00000)
  to   space 2048K, 0% used [0x0000000784b80000,0x0000000784b80000,0x0000000784d80000)
 ParOldGen       total 173568K, used 1343K [0x00000006c2800000, 0x00000006cd180000, 0x000000076b800000)
  object space 173568K, 0% used [0x00000006c2800000,0x00000006c294ff40,0x00000006cd180000)
 Metaspace       used 7976K, capacity 8486K, committed 8704K, reserved 1056768K
  class space    used 642K, capacity 658K, committed 768K, reserved 1048576K
Event: 2.239 GC heap after
Heap after GC invocations=16 (full 0):
 PSYoungGen      total 198656K, used 64K [0x000000076b800000, 0x0000000784c00000, 0x00000007c0000000)
  eden space 198144K, 0% used [0x000000076b800000,0x000000076b800000,0x0000000777980000)
  from space 512K, 12% used [0x0000000784b80000,0x0000000784b90000,0x0000000784c00000)
  to   space 2048K, 0% used [0x0000000784800000,0x0000000784800000,0x0000000784a00000)
 ParOldGen       total 173568K, used 1343K [0x00000006c2800000, 0x00000006cd180000, 0x000000076b800000)
  object space 173568K, 0% used [0x00000006c2800000,0x00000006c294ff40,0x00000006cd180000)
 Metaspace       used 7976K, capacity 8486K, committed 8704K, reserved 1056768K
  class space    used 642K, capacity 658K, committed 768K, reserved 1048576K
}
Event: 2.386 GC heap before
{Heap before GC invocations=17 (full 0):
 PSYoungGen      total 198656K, used 198208K [0x000000076b800000, 0x0000000784c00000, 0x00000007c0000000)
  eden space 198144K, 100% used [0x000000076b800000,0x0000000777980000,0x0000000777980000)
  from space 512K, 12% used [0x0000000784b80000,0x0000000784b90000,0x0000000784c00000)
  to   space 2048K, 0% used [0x0000000784800000,0x0000000784800000,0x0000000784a00000)
 ParOldGen       total 173568K, used 1343K [0x00000006c2800000, 0x00000006cd180000, 0x000000076b800000)
  object space 173568K, 0% used [0x00000006c2800000,0x00000006c294ff40,0x00000006cd180000)
 Metaspace       used 7976K, capacity 8486K, committed 8704K, reserved 1056768K
  class space    used 642K, capacity 658K, committed 768K, reserved 1048576K
Event: 2.387 GC heap after
Heap after GC invocations=17 (full 0):
 PSYoungGen      total 193024K, used 64K [0x000000076b800000, 0x0000000784c00000, 0x00000007c0000000)
  eden space 190976K, 0% used [0x000000076b800000,0x000000076b800000,0x0000000777280000)
  from space 2048K, 3% used [0x0000000784800000,0x0000000784810000,0x0000000784a00000)
  to   space 2048K, 0% used [0x0000000784a00000,0x0000000784a00000,0x0000000784c00000)
 ParOldGen       total 173568K, used 1343K [0x00000006c2800000, 0x00000006cd180000, 0x000000076b800000)
  object space 173568K, 0% used [0x00000006c2800000,0x00000006c294ff40,0x00000006cd180000)
 Metaspace       used 7976K, capacity 8486K, committed 8704K, reserved 1056768K
  class space    used 642K, capacity 658K, committed 768K, reserved 1048576K
}
Event: 2.542 GC heap before
{Heap before GC invocations=18 (full 0):
 PSYoungGen      total 193024K, used 191040K [0x000000076b800000, 0x0000000784c00000, 0x00000007c0000000)
  eden space 190976K, 100% used [0x000000076b800000,0x0000000777280000,0x0000000777280000)
  from space 2048K, 3% used [0x0000000784800000,0x0000000784810000,0x0000000784a00000)
  to   space 2048K, 0% used [0x0000000784a00000,0x0000000784a00000,0x0000000784c00000)
 ParOldGen       total 173568K, used 1343K [0x00000006c2800000, 0x00000006cd180000, 0x000000076b800000)
  object space 173568K, 0% used [0x00000006c2800000,0x00000006c294ff40,0x00000006cd180000)
 Metaspace       used 7976K, capacity 8486K, committed 8704K, reserved 1056768K
  class space    used 642K, capacity 658K, committed 768K, reserved 1048576K
Event: 2.542 GC heap after
Heap after GC invocations=18 (full 0):
 PSYoungGen      total 184832K, used 64K [0x000000076b800000, 0x0000000784a80000, 0x00000007c0000000)
  eden space 184320K, 0% used [0x000000076b800000,0x000000076b800000,0x0000000776c00000)
  from space 512K, 12% used [0x0000000784a00000,0x0000000784a10000,0x0000000784a80000)
  to   space 2048K, 0% used [0x0000000784680000,0x0000000784680000,0x0000000784880000)
 ParOldGen       total 173568K, used 1343K [0x00000006c2800000, 0x00000006cd180000, 0x000000076b800000)
  object space 173568K, 0% used [0x00000006c2800000,0x00000006c294ff40,0x00000006cd180000)
 Metaspace       used 7976K, capacity 8486K, committed 8704K, reserved 1056768K
  class space    used 642K, capacity 658K, committed 768K, reserved 1048576K
}

