# JRE version: Java(TM) SE Runtime Environment (8.0_65-b17) (build 1.8.0_65-b17)
# Java VM: Java HotSpot(TM) 64-Bit Server VM (25.65-b01 mixed mode windows-amd64 compressed oops)
Heap:
 PSYoungGen      total 549888K, used 60005K [0x000000076b800000, 0x00000007bc100000, 0x00000007c0000000)
  eden space 543744K, 11% used [0x000000076b800000,0x000000076f269760,0x000000078cb00000)
  from space 6144K, 3% used [0x00000007bb500000,0x00000007bb530000,0x00000007bbb00000)
  to   space 5632K, 0% used [0x00000007bbb80000,0x00000007bbb80000,0x00000007bc100000)
 ParOldGen       total 173568K, used 33865K [0x00000006c2800000, 0x00000006cd180000, 0x000000076b800000)
  object space 173568K, 19% used [0x00000006c2800000,0x00000006c4912568,0x00000006cd180000)
 Metaspace       used 8309K, capacity 8710K, committed 8960K, reserved 1056768K
  class space    used 654K, capacity 690K, committed 768K, reserved 1048576K
GC Heap History (10 events):
Event: 10.689 GC heap before
{Heap before GC invocations=25 (full 0):
 PSYoungGen      total 684544K, used 684256K [0x000000076b800000, 0x00000007bce00000, 0x00000007c0000000)
  eden space 684032K, 100% used [0x000000076b800000,0x0000000795400000,0x0000000795400000)
  from space 512K, 43% used [0x00000007bcd80000,0x00000007bcdb8000,0x00000007bce00000)
  to   space 7680K, 0% used [0x00000007bbf00000,0x00000007bbf00000,0x00000007bc680000)
 ParOldGen       total 173568K, used 33833K [0x00000006c2800000, 0x00000006cd180000, 0x000000076b800000)
  object space 173568K, 19% used [0x00000006c2800000,0x00000006c490a568,0x00000006cd180000)
 Metaspace       used 8308K, capacity 8710K, committed 8960K, reserved 1056768K
  class space    used 654K, capacity 690K, committed 768K, reserved 1048576K
Event: 10.690 GC heap after
Heap after GC invocations=25 (full 0):
 PSYoungGen      total 660480K, used 160K [0x000000076b800000, 0x00000007bce00000, 0x00000007c0000000)
  eden space 652800K, 0% used [0x000000076b800000,0x000000076b800000,0x0000000793580000)
  from space 7680K, 2% used [0x00000007bbf00000,0x00000007bbf28000,0x00000007bc680000)
  to   space 7680K, 0% used [0x00000007bc680000,0x00000007bc680000,0x00000007bce00000)
 ParOldGen       total 173568K, used 33833K [0x00000006c2800000, 0x00000006cd180000, 0x000000076b800000)
  object space 173568K, 19% used [0x00000006c2800000,0x00000006c490a568,0x00000006cd180000)
 Metaspace       used 8308K, capacity 8710K, committed 8960K, reserved 1056768K
  class space    used 654K, capacity 690K, committed 768K, reserved 1048576K
}
Event: 11.286 GC heap before
{Heap before GC invocations=26 (full 0):
 PSYoungGen      total 660480K, used 652960K [0x000000076b800000, 0x00000007bce00000, 0x00000007c0000000)
  eden space 652800K, 100% used [0x000000076b800000,0x0000000793580000,0x0000000793580000)
  from space 7680K, 2% used [0x00000007bbf00000,0x00000007bbf28000,0x00000007bc680000)
  to   space 7680K, 0% used [0x00000007bc680000,0x00000007bc680000,0x00000007bce00000)
 ParOldGen       total 173568K, used 33833K [0x00000006c2800000, 0x00000006cd180000, 0x000000076b800000)
  object space 173568K, 19% used [0x00000006c2800000,0x00000006c490a568,0x00000006cd180000)
 Metaspace       used 8308K, capacity 8710K, committed 8960K, reserved 1056768K
  class space    used 654K, capacity 690K, committed 768K, reserved 1048576K
Event: 11.286 GC heap after
Heap after GC invocations=26 (full 0):
 PSYoungGen      total 624128K, used 224K [0x000000076b800000, 0x00000007bc700000, 0x00000007c0000000)
  eden space 623616K, 0% used [0x000000076b800000,0x000000076b800000,0x0000000791900000)
  from space 512K, 43% used [0x00000007bc680000,0x00000007bc6b8000,0x00000007bc700000)
  to   space 7168K, 0% used [0x00000007bb900000,0x00000007bb900000,0x00000007bc000000)
 ParOldGen       total 173568K, used 33833K [0x00000006c2800000, 0x00000006cd180000, 0x000000076b800000)
  object space 173568K, 19% used [0x00000006c2800000,0x00000006c490a568,0x00000006cd180000)
 Metaspace       used 8308K, capacity 8710K, committed 8960K, reserved 1056768K
  class space    used 654K, capacity 690K, committed 768K, reserved 1048576K
}
Event: 11.737 GC heap before
{Heap before GC invocations=27 (full 0):
 PSYoungGen      total 624128K, used 623840K [0x000000076b800000, 0x00000007bc700000, 0x00000007c0000000)
  eden space 623616K, 100% used [0x000000076b800000,0x0000000791900000,0x0000000791900000)
  from space 512K, 43% used [0x00000007bc680000,0x00000007bc6b8000,0x00000007bc700000)
  to   space 7168K, 0% used [0x00000007bb900000,0x00000007bb900000,0x00000007bc000000)
 ParOldGen       total 173568K, used 33833K [0x00000006c2800000, 0x00000006cd180000, 0x000000076b800000)
  object space 173568K, 19% used [0x00000006c2800000,0x00000006c490a568,0x00000006cd180000)
 Metaspace       used 8308K, capacity 8710K, committed 8960K, reserved 1056768K
  class space    used 654K, capacity 690K, committed 768K, reserved 1048576K
Event: 11.737 GC heap after
Heap after GC invocations=27 (full 0):
 PSYoungGen      total 602624K, used 224K [0x000000076b800000, 0x00000007bc700000, 0x00000007c0000000)
  eden space 595456K, 0% used [0x000000076b800000,0x000000076b800000,0x000000078fd80000)
  from space 7168K, 3% used [0x00000007bb900000,0x00000007bb938000,0x00000007bc000000)
  to   space 6656K, 0% used [0x00000007bc080000,0x00000007bc080000,0x00000007bc700000)
 ParOldGen       total 173568K, used 33833K [0x00000006c2800000, 0x00000006cd180000, 0x000000076b800000)
  object space 173568K, 19% used [0x00000006c2800000,0x00000006c490a568,0x00000006cd180000)
 Metaspace       used 8308K, capacity 8710K, committed 8960K, reserved 1056768K
  class space    used 654K, capacity 690K, committed 768K, reserved 1048576K
}
Event: 12.171 GC heap before
{Heap before GC invocations=28 (full 0):
 PSYoungGen      total 602624K, used 595680K [0x000000076b800000, 0x00000007bc700000, 0x00000007c0000000)
  eden space 595456K, 100% used [0x000000076b800000,0x000000078fd80000,0x000000078fd80000)
  from space 7168K, 3% used [0x00000007bb900000,0x00000007bb938000,0x00000007bc000000)
  to   space 6656K, 0% used [0x00000007bc080000,0x00000007bc080000,0x00000007bc700000)
 ParOldGen       total 173568K, used 33833K [0x00000006c2800000, 0x00000006cd180000, 0x000000076b800000)
  object space 173568K, 19% used [0x00000006c2800000,0x00000006c490a568,0x00000006cd180000)
 Metaspace       used 8309K, capacity 8710K, committed 8960K, reserved 1056768K
  class space    used 654K, capacity 690K, committed 768K, reserved 1048576K
Event: 12.172 GC heap after
Heap after GC invocations=28 (full 0):
 PSYoungGen      total 569344K, used 224K [0x000000076b800000, 0x00000007bc100000, 0x00000007c0000000)
  eden space 568832K, 0% used [0x000000076b800000,0x000000076b800000,0x000000078e380000)
  from space 512K, 43% used [0x00000007bc080000,0x00000007bc0b8000,0x00000007bc100000)
  to   space 6144K, 0% used [0x00000007bb500000,0x00000007bb500000,0x00000007bbb00000)
 ParOldGen       total 173568K, used 33841K [0x00000006c2800000, 0x00000006cd180000, 0x000000076b800000)
  object space 173568K, 19% used [0x00000006c2800000,0x00000006c490c568,0x00000006cd180000)
 Metaspace       used 8309K, capacity 8710K, committed 8960K, reserved 1056768K
  class space    used 654K, capacity 690K, committed 768K, reserved 1048576K
}
Event: 12.609 GC heap before
{Heap before GC invocations=29 (full 0):
 PSYoungGen      total 569344K, used 569056K [0x000000076b800000, 0x00000007bc100000, 0x00000007c0000000)
  eden space 568832K, 100% used [0x000000076b800000,0x000000078e380000,0x000000078e380000)
  from space 512K, 43% used [0x00000007bc080000,0x00000007bc0b8000,0x00000007bc100000)
  to   space 6144K, 0% used [0x00000007bb500000,0x00000007bb500000,0x00000007bbb00000)
 ParOldGen       total 173568K, used 33841K [0x00000006c2800000, 0x00000006cd180000, 0x000000076b800000)
  object space 173568K, 19% used [0x00000006c2800000,0x00000006c490c568,0x00000006cd180000)
 Metaspace       used 8309K, capacity 8710K, committed 8960K, reserved 1056768K
  class space    used 654K, capacity 690K, committed 768K, reserved 1048576K
Event: 12.609 GC heap after
Heap after GC invocations=29 (full 0):
 PSYoungGen      total 549888K, used 192K [0x000000076b800000, 0x00000007bc100000, 0x00000007c0000000)
  eden space 543744K, 0% used [0x000000076b800000,0x000000076b800000,0x000000078cb00000)
  from space 6144K, 3% used [0x00000007bb500000,0x00000007bb530000,0x00000007bbb00000)
  to   space 5632K, 0% used [0x00000007bbb80000,0x00000007bbb80000,0x00000007bc100000)
 ParOldGen       total 173568K, used 33865K [0x00000006c2800000, 0x00000006cd180000, 0x000000076b800000)
  object space 173568K, 19% used [0x00000006c2800000,0x00000006c4912568,0x00000006cd180000)
 Metaspace       used 8309K, capacity 8710K, committed 8960K, reserved 1056768K
  class space    used 654K, capacity 690K, committed 768K, reserved 1048576K
}

