# JRE version: Java(TM) SE Runtime Environment (8.0_65-b17) (build 1.8.0_65-b17)
# Java VM: Java HotSpot(TM) 64-Bit Server VM (25.65-b01 mixed mode windows-amd64 compressed oops)
Heap:
 PSYoungGen      total 469504K, used 183219K [0x000000076b800000, 0x00000007b8f00000, 0x00000007c0000000)
  eden space 468992K, 39% used [0x000000076b800000,0x0000000776abcf60,0x0000000788200000)
  from space 512K, 37% used [0x00000007b8e80000,0x00000007b8eb0000,0x00000007b8f00000)
  to   space 5632K, 0% used [0x00000007b8400000,0x00000007b8400000,0x00000007b8980000)
 ParOldGen       total 173568K, used 29262K [0x00000006c2800000, 0x00000006cd180000, 0x000000076b800000)
  object space 173568K, 16% used [0x00000006c2800000,0x00000006c4493ac0,0x00000006cd180000)
 Metaspace       used 8331K, capacity 8710K, committed 8960K, reserved 1056768K
  class space    used 660K, capacity 690K, committed 768K, reserved 1048576K
GC Heap History (10 events):
Event: 10.332 GC heap before
{Heap before GC invocations=28 (full 0):
 PSYoungGen      total 595968K, used 587936K [0x000000076b800000, 0x00000007ba200000, 0x00000007c0000000)
  eden space 587776K, 100% used [0x000000076b800000,0x000000078f600000,0x000000078f600000)
  from space 8192K, 1% used [0x00000007b9200000,0x00000007b9228000,0x00000007b9a00000)
  to   space 7680K, 0% used [0x00000007b9a80000,0x00000007b9a80000,0x00000007ba200000)
 ParOldGen       total 173568K, used 29238K [0x00000006c2800000, 0x00000006cd180000, 0x000000076b800000)
  object space 173568K, 16% used [0x00000006c2800000,0x00000006c448dac0,0x00000006cd180000)
 Metaspace       used 8328K, capacity 8710K, committed 8960K, reserved 1056768K
  class space    used 660K, capacity 690K, committed 768K, reserved 1048576K
Event: 10.332 GC heap after
Heap after GC invocations=28 (full 0):
 PSYoungGen      total 562176K, used 160K [0x000000076b800000, 0x00000007b9b00000, 0x00000007c0000000)
  eden space 561664K, 0% used [0x000000076b800000,0x000000076b800000,0x000000078dc80000)
  from space 512K, 31% used [0x00000007b9a80000,0x00000007b9aa8000,0x00000007b9b00000)
  to   space 7168K, 0% used [0x00000007b8d00000,0x00000007b8d00000,0x00000007b9400000)
 ParOldGen       total 173568K, used 29262K [0x00000006c2800000, 0x00000006cd180000, 0x000000076b800000)
  object space 173568K, 16% used [0x00000006c2800000,0x00000006c4493ac0,0x00000006cd180000)
 Metaspace       used 8328K, capacity 8710K, committed 8960K, reserved 1056768K
  class space    used 660K, capacity 690K, committed 768K, reserved 1048576K
}
Event: 10.776 GC heap before
{Heap before GC invocations=29 (full 0):
 PSYoungGen      total 562176K, used 561824K [0x000000076b800000, 0x00000007b9b00000, 0x00000007c0000000)
  eden space 561664K, 100% used [0x000000076b800000,0x000000078dc80000,0x000000078dc80000)
  from space 512K, 31% used [0x00000007b9a80000,0x00000007b9aa8000,0x00000007b9b00000)
  to   space 7168K, 0% used [0x00000007b8d00000,0x00000007b8d00000,0x00000007b9400000)
 ParOldGen       total 173568K, used 29262K [0x00000006c2800000, 0x00000006cd180000, 0x000000076b800000)
  object space 173568K, 16% used [0x00000006c2800000,0x00000006c4493ac0,0x00000006cd180000)
 Metaspace       used 8328K, capacity 8710K, committed 8960K, reserved 1056768K
  class space    used 660K, capacity 690K, committed 768K, reserved 1048576K
Event: 10.776 GC heap after
Heap after GC invocations=29 (full 0):
 PSYoungGen      total 543744K, used 192K [0x000000076b800000, 0x00000007b9b00000, 0x00000007c0000000)
  eden space 536576K, 0% used [0x000000076b800000,0x000000076b800000,0x000000078c400000)
  from space 7168K, 2% used [0x00000007b8d00000,0x00000007b8d30000,0x00000007b9400000)
  to   space 7168K, 0% used [0x00000007b9400000,0x00000007b9400000,0x00000007b9b00000)
 ParOldGen       total 173568K, used 29262K [0x00000006c2800000, 0x00000006cd180000, 0x000000076b800000)
  object space 173568K, 16% used [0x00000006c2800000,0x00000006c4493ac0,0x00000006cd180000)
 Metaspace       used 8328K, capacity 8710K, committed 8960K, reserved 1056768K
  class space    used 660K, capacity 690K, committed 768K, reserved 1048576K
}
Event: 11.198 GC heap before
{Heap before GC invocations=30 (full 0):
 PSYoungGen      total 543744K, used 536768K [0x000000076b800000, 0x00000007b9b00000, 0x00000007c0000000)
  eden space 536576K, 100% used [0x000000076b800000,0x000000078c400000,0x000000078c400000)
  from space 7168K, 2% used [0x00000007b8d00000,0x00000007b8d30000,0x00000007b9400000)
  to   space 7168K, 0% used [0x00000007b9400000,0x00000007b9400000,0x00000007b9b00000)
 ParOldGen       total 173568K, used 29262K [0x00000006c2800000, 0x00000006cd180000, 0x000000076b800000)
  object space 173568K, 16% used [0x00000006c2800000,0x00000006c4493ac0,0x00000006cd180000)
 Metaspace       used 8329K, capacity 8710K, committed 8960K, reserved 1056768K
  class space    used 660K, capacity 690K, committed 768K, reserved 1048576K
Event: 11.198 GC heap after
Heap after GC invocations=30 (full 0):
 PSYoungGen      total 513536K, used 160K [0x000000076b800000, 0x00000007b9480000, 0x00000007c0000000)
  eden space 513024K, 0% used [0x000000076b800000,0x000000076b800000,0x000000078ad00000)
  from space 512K, 31% used [0x00000007b9400000,0x00000007b9428000,0x00000007b9480000)
  to   space 6656K, 0% used [0x00000007b8780000,0x00000007b8780000,0x00000007b8e00000)
 ParOldGen       total 173568K, used 29262K [0x00000006c2800000, 0x00000006cd180000, 0x000000076b800000)
  object space 173568K, 16% used [0x00000006c2800000,0x00000006c4493ac0,0x00000006cd180000)
 Metaspace       used 8329K, capacity 8710K, committed 8960K, reserved 1056768K
  class space    used 660K, capacity 690K, committed 768K, reserved 1048576K
}
Event: 11.666 GC heap before
{Heap before GC invocations=31 (full 0):
 PSYoungGen      total 513536K, used 513184K [0x000000076b800000, 0x00000007b9480000, 0x00000007c0000000)
  eden space 513024K, 100% used [0x000000076b800000,0x000000078ad00000,0x000000078ad00000)
  from space 512K, 31% used [0x00000007b9400000,0x00000007b9428000,0x00000007b9480000)
  to   space 6656K, 0% used [0x00000007b8780000,0x00000007b8780000,0x00000007b8e00000)
 ParOldGen       total 173568K, used 29262K [0x00000006c2800000, 0x00000006cd180000, 0x000000076b800000)
  object space 173568K, 16% used [0x00000006c2800000,0x00000006c4493ac0,0x00000006cd180000)
 Metaspace       used 8329K, capacity 8710K, committed 8960K, reserved 1056768K
  class space    used 660K, capacity 690K, committed 768K, reserved 1048576K
Event: 11.667 GC heap after
Heap after GC invocations=31 (full 0):
 PSYoungGen      total 497152K, used 224K [0x000000076b800000, 0x00000007b9480000, 0x00000007c0000000)
  eden space 490496K, 0% used [0x000000076b800000,0x000000076b800000,0x0000000789700000)
  from space 6656K, 3% used [0x00000007b8780000,0x00000007b87b8000,0x00000007b8e00000)
  to   space 6144K, 0% used [0x00000007b8e80000,0x00000007b8e80000,0x00000007b9480000)
 ParOldGen       total 173568K, used 29262K [0x00000006c2800000, 0x00000006cd180000, 0x000000076b800000)
  object space 173568K, 16% used [0x00000006c2800000,0x00000006c4493ac0,0x00000006cd180000)
 Metaspace       used 8329K, capacity 8710K, committed 8960K, reserved 1056768K
  class space    used 660K, capacity 690K, committed 768K, reserved 1048576K
}
Event: 12.083 GC heap before
{Heap before GC invocations=32 (full 0):
 PSYoungGen      total 497152K, used 490720K [0x000000076b800000, 0x00000007b9480000, 0x00000007c0000000)
  eden space 490496K, 100% used [0x000000076b800000,0x0000000789700000,0x0000000789700000)
  from space 6656K, 3% used [0x00000007b8780000,0x00000007b87b8000,0x00000007b8e00000)
  to   space 6144K, 0% used [0x00000007b8e80000,0x00000007b8e80000,0x00000007b9480000)
 ParOldGen       total 173568K, used 29262K [0x00000006c2800000, 0x00000006cd180000, 0x000000076b800000)
  object space 173568K, 16% used [0x00000006c2800000,0x00000006c4493ac0,0x00000006cd180000)
 Metaspace       used 8330K, capacity 8710K, committed 8960K, reserved 1056768K
  class space    used 660K, capacity 690K, committed 768K, reserved 1048576K
Event: 12.084 GC heap after
Heap after GC invocations=32 (full 0):
 PSYoungGen      total 469504K, used 192K [0x000000076b800000, 0x00000007b8f00000, 0x00000007c0000000)
  eden space 468992K, 0% used [0x000000076b800000,0x000000076b800000,0x0000000788200000)
  from space 512K, 37% used [0x00000007b8e80000,0x00000007b8eb0000,0x00000007b8f00000)
  to   space 5632K, 0% used [0x00000007b8400000,0x00000007b8400000,0x00000007b8980000)
 ParOldGen       total 173568K, used 29262K [0x00000006c2800000, 0x00000006cd180000, 0x000000076b800000)
  object space 173568K, 16% used [0x00000006c2800000,0x00000006c4493ac0,0x00000006cd180000)
 Metaspace       used 8330K, capacity 8710K, committed 8960K, reserved 1056768K
  class space    used 660K, capacity 690K, committed 768K, reserved 1048576K
}

