# JRE version: Java(TM) SE Runtime Environment (8.0_65-b17) (build 1.8.0_65-b17)
# Java VM: Java HotSpot(TM) 64-Bit Server VM (25.65-b01 mixed mode windows-amd64 compressed oops)
Heap:
 PSYoungGen      total 92160K, used 18586K [0x000000076b800000, 0x0000000779180000, 0x00000007c0000000)
  eden space 91648K, 20% used [0x000000076b800000,0x000000076ca16948,0x0000000771180000)
  from space 512K, 12% used [0x0000000779080000,0x0000000779090000,0x0000000779100000)
  to   space 512K, 0% used [0x0000000779100000,0x0000000779100000,0x0000000779180000)
 ParOldGen       total 173568K, used 1344K [0x00000006c2800000, 0x00000006cd180000, 0x000000076b800000)
  object space 173568K, 0% used [0x00000006c2800000,0x00000006c2950050,0x00000006cd180000)
 Metaspace       used 8076K, capacity 8646K, committed 8960K, reserved 1056768K
  class space    used 646K, capacity 690K, committed 768K, reserved 1048576K
GC Heap History (10 events):
Event: 4.838 GC heap before
{Heap before GC invocations=81 (full 0):
 PSYoungGen      total 69120K, used 68704K [0x000000076b800000, 0x0000000779180000, 0x00000007c0000000)
  eden space 68608K, 100% used [0x000000076b800000,0x000000076fb00000,0x000000076fb00000)
  from space 512K, 18% used [0x0000000779100000,0x0000000779118000,0x0000000779180000)
  to   space 512K, 0% used [0x0000000779080000,0x0000000779080000,0x0000000779100000)
 ParOldGen       total 173568K, used 1320K [0x00000006c2800000, 0x00000006cd180000, 0x000000076b800000)
  object space 173568K, 0% used [0x00000006c2800000,0x00000006c294a050,0x00000006cd180000)
 Metaspace       used 8075K, capacity 8646K, committed 8960K, reserved 1056768K
  class space    used 646K, capacity 690K, committed 768K, reserved 1048576K
Event: 4.838 GC heap after
Heap after GC invocations=81 (full 0):
 PSYoungGen      total 82944K, used 160K [0x000000076b800000, 0x0000000779180000, 0x00000007c0000000)
  eden space 82432K, 0% used [0x000000076b800000,0x000000076b800000,0x0000000770880000)
  from space 512K, 31% used [0x0000000779080000,0x00000007790a8000,0x0000000779100000)
  to   space 512K, 0% used [0x0000000779100000,0x0000000779100000,0x0000000779180000)
 ParOldGen       total 173568K, used 1320K [0x00000006c2800000, 0x00000006cd180000, 0x000000076b800000)
  object space 173568K, 0% used [0x00000006c2800000,0x00000006c294a050,0x00000006cd180000)
 Metaspace       used 8075K, capacity 8646K, committed 8960K, reserved 1056768K
  class space    used 646K, capacity 690K, committed 768K, reserved 1048576K
}
Event: 4.879 GC heap before
{Heap before GC invocations=82 (full 0):
 PSYoungGen      total 82944K, used 82592K [0x000000076b800000, 0x0000000779180000, 0x00000007c0000000)
  eden space 82432K, 100% used [0x000000076b800000,0x0000000770880000,0x0000000770880000)
  from space 512K, 31% used [0x0000000779080000,0x00000007790a8000,0x0000000779100000)
  to   space 512K, 0% used [0x0000000779100000,0x0000000779100000,0x0000000779180000)
 ParOldGen       total 173568K, used 1320K [0x00000006c2800000, 0x00000006cd180000, 0x000000076b800000)
  object space 173568K, 0% used [0x00000006c2800000,0x00000006c294a050,0x00000006cd180000)
 Metaspace       used 8075K, capacity 8646K, committed 8960K, reserved 1056768K
  class space    used 646K, capacity 690K, committed 768K, reserved 1048576K
Event: 4.879 GC heap after
Heap after GC invocations=82 (full 0):
 PSYoungGen      total 99840K, used 128K [0x000000076b800000, 0x0000000779180000, 0x00000007c0000000)
  eden space 99328K, 0% used [0x000000076b800000,0x000000076b800000,0x0000000771900000)
  from space 512K, 25% used [0x0000000779100000,0x0000000779120000,0x0000000779180000)
  to   space 512K, 0% used [0x0000000779080000,0x0000000779080000,0x0000000779100000)
 ParOldGen       total 173568K, used 1320K [0x00000006c2800000, 0x00000006cd180000, 0x000000076b800000)
  object space 173568K, 0% used [0x00000006c2800000,0x00000006c294a050,0x00000006cd180000)
 Metaspace       used 8075K, capacity 8646K, committed 8960K, reserved 1056768K
  class space    used 646K, capacity 690K, committed 768K, reserved 1048576K
}
Event: 4.935 GC heap before
{Heap before GC invocations=83 (full 0):
 PSYoungGen      total 99840K, used 99456K [0x000000076b800000, 0x0000000779180000, 0x00000007c0000000)
  eden space 99328K, 100% used [0x000000076b800000,0x0000000771900000,0x0000000771900000)
  from space 512K, 25% used [0x0000000779100000,0x0000000779120000,0x0000000779180000)
  to   space 512K, 0% used [0x0000000779080000,0x0000000779080000,0x0000000779100000)
 ParOldGen       total 173568K, used 1320K [0x00000006c2800000, 0x00000006cd180000, 0x000000076b800000)
  object space 173568K, 0% used [0x00000006c2800000,0x00000006c294a050,0x00000006cd180000)
 Metaspace       used 8075K, capacity 8646K, committed 8960K, reserved 1056768K
  class space    used 646K, capacity 690K, committed 768K, reserved 1048576K
Event: 4.935 GC heap after
Heap after GC invocations=83 (full 0):
 PSYoungGen      total 97280K, used 128K [0x000000076b800000, 0x0000000779180000, 0x00000007c0000000)
  eden space 96768K, 0% used [0x000000076b800000,0x000000076b800000,0x0000000771680000)
  from space 512K, 25% used [0x0000000779080000,0x00000007790a0000,0x0000000779100000)
  to   space 512K, 0% used [0x0000000779100000,0x0000000779100000,0x0000000779180000)
 ParOldGen       total 173568K, used 1320K [0x00000006c2800000, 0x00000006cd180000, 0x000000076b800000)
  object space 173568K, 0% used [0x00000006c2800000,0x00000006c294a050,0x00000006cd180000)
 Metaspace       used 8075K, capacity 8646K, committed 8960K, reserved 1056768K
  class space    used 646K, capacity 690K, committed 768K, reserved 1048576K
}
Event: 4.996 GC heap before
{Heap before GC invocations=84 (full 0):
 PSYoungGen      total 97280K, used 96896K [0x000000076b800000, 0x0000000779180000, 0x00000007c0000000)
  eden space 96768K, 100% used [0x000000076b800000,0x0000000771680000,0x0000000771680000)
  from space 512K, 25% used [0x0000000779080000,0x00000007790a0000,0x0000000779100000)
  to   space 512K, 0% used [0x0000000779100000,0x0000000779100000,0x0000000779180000)
 ParOldGen       total 173568K, used 1320K [0x00000006c2800000, 0x00000006cd180000, 0x000000076b800000)
  object space 173568K, 0% used [0x00000006c2800000,0x00000006c294a050,0x00000006cd180000)
 Metaspace       used 8075K, capacity 8646K, committed 8960K, reserved 1056768K
  class space    used 646K, capacity 690K, committed 768K, reserved 1048576K
Event: 4.997 GC heap after
Heap after GC invocations=84 (full 0):
 PSYoungGen      total 94720K, used 32K [0x000000076b800000, 0x0000000779180000, 0x00000007c0000000)
  eden space 94208K, 0% used [0x000000076b800000,0x000000076b800000,0x0000000771400000)
  from space 512K, 6% used [0x0000000779100000,0x0000000779108000,0x0000000779180000)
  to   space 512K, 0% used [0x0000000779080000,0x0000000779080000,0x0000000779100000)
 ParOldGen       total 173568K, used 1344K [0x00000006c2800000, 0x00000006cd180000, 0x000000076b800000)
  object space 173568K, 0% used [0x00000006c2800000,0x00000006c2950050,0x00000006cd180000)
 Metaspace       used 8075K, capacity 8646K, committed 8960K, reserved 1056768K
  class space    used 646K, capacity 690K, committed 768K, reserved 1048576K
}
Event: 5.039 GC heap before
{Heap before GC invocations=85 (full 0):
 PSYoungGen      total 94720K, used 94240K [0x000000076b800000, 0x0000000779180000, 0x00000007c0000000)
  eden space 94208K, 100% used [0x000000076b800000,0x0000000771400000,0x0000000771400000)
  from space 512K, 6% used [0x0000000779100000,0x0000000779108000,0x0000000779180000)
  to   space 512K, 0% used [0x0000000779080000,0x0000000779080000,0x0000000779100000)
 ParOldGen       total 173568K, used 1344K [0x00000006c2800000, 0x00000006cd180000, 0x000000076b800000)
  object space 173568K, 0% used [0x00000006c2800000,0x00000006c2950050,0x00000006cd180000)
 Metaspace       used 8075K, capacity 8646K, committed 8960K, reserved 1056768K
  class space    used 646K, capacity 690K, committed 768K, reserved 1048576K
Event: 5.040 GC heap after
Heap after GC invocations=85 (full 0):
 PSYoungGen      total 92160K, used 64K [0x000000076b800000, 0x0000000779180000, 0x00000007c0000000)
  eden space 91648K, 0% used [0x000000076b800000,0x000000076b800000,0x0000000771180000)
  from space 512K, 12% used [0x0000000779080000,0x0000000779090000,0x0000000779100000)
  to   space 512K, 0% used [0x0000000779100000,0x0000000779100000,0x0000000779180000)
 ParOldGen       total 173568K, used 1344K [0x00000006c2800000, 0x00000006cd180000, 0x000000076b800000)
  object space 173568K, 0% used [0x00000006c2800000,0x00000006c2950050,0x00000006cd180000)
 Metaspace       used 8075K, capacity 8646K, committed 8960K, reserved 1056768K
  class space    used 646K, capacity 690K, committed 768K, reserved 1048576K
}

