# JRE version: Java(TM) SE Runtime Environment (8.0_65-b17) (build 1.8.0_65-b17)
# Java VM: Java HotSpot(TM) 64-Bit Server VM (25.65-b01 mixed mode windows-amd64 compressed oops)
Heap:
 PSYoungGen      total 52224K, used 44128K [0x000000076b800000, 0x000000078a380000, 0x00000007c0000000)
  eden space 51712K, 84% used [0x000000076b800000,0x000000076e2e8318,0x000000076ea80000)
  from space 512K, 37% used [0x000000078a300000,0x000000078a330000,0x000000078a380000)
  to   space 512K, 0% used [0x000000078a280000,0x000000078a280000,0x000000078a300000)
 ParOldGen       total 173568K, used 1476K [0x00000006c2800000, 0x00000006cd180000, 0x000000076b800000)
  object space 173568K, 0% used [0x00000006c2800000,0x00000006c2971318,0x00000006cd180000)
 Metaspace       used 8091K, capacity 8646K, committed 8960K, reserved 1056768K
  class space    used 646K, capacity 690K, committed 768K, reserved 1048576K
GC Heap History (10 events):
Event: 6.771 GC heap before
{Heap before GC invocations=60 (full 0):
 PSYoungGen      total 57344K, used 56992K [0x000000076b800000, 0x000000078a380000, 0x00000007c0000000)
  eden space 56832K, 100% used [0x000000076b800000,0x000000076ef80000,0x000000076ef80000)
  from space 512K, 31% used [0x000000078a280000,0x000000078a2a8000,0x000000078a300000)
  to   space 512K, 0% used [0x000000078a300000,0x000000078a300000,0x000000078a380000)
 ParOldGen       total 173568K, used 1476K [0x00000006c2800000, 0x00000006cd180000, 0x000000076b800000)
  object space 173568K, 0% used [0x00000006c2800000,0x00000006c2971318,0x00000006cd180000)
 Metaspace       used 8091K, capacity 8646K, committed 8960K, reserved 1056768K
  class space    used 646K, capacity 690K, committed 768K, reserved 1048576K
Event: 6.771 GC heap after
Heap after GC invocations=60 (full 0):
 PSYoungGen      total 56320K, used 64K [0x000000076b800000, 0x000000078a380000, 0x00000007c0000000)
  eden space 55808K, 0% used [0x000000076b800000,0x000000076b800000,0x000000076ee80000)
  from space 512K, 12% used [0x000000078a300000,0x000000078a310000,0x000000078a380000)
  to   space 512K, 0% used [0x000000078a280000,0x000000078a280000,0x000000078a300000)
 ParOldGen       total 173568K, used 1476K [0x00000006c2800000, 0x00000006cd180000, 0x000000076b800000)
  object space 173568K, 0% used [0x00000006c2800000,0x00000006c2971318,0x00000006cd180000)
 Metaspace       used 8091K, capacity 8646K, committed 8960K, reserved 1056768K
  class space    used 646K, capacity 690K, committed 768K, reserved 1048576K
}
Event: 6.830 GC heap before
{Heap before GC invocations=61 (full 0):
 PSYoungGen      total 56320K, used 55872K [0x000000076b800000, 0x000000078a380000, 0x00000007c0000000)
  eden space 55808K, 100% used [0x000000076b800000,0x000000076ee80000,0x000000076ee80000)
  from space 512K, 12% used [0x000000078a300000,0x000000078a310000,0x000000078a380000)
  to   space 512K, 0% used [0x000000078a280000,0x000000078a280000,0x000000078a300000)
 ParOldGen       total 173568K, used 1476K [0x00000006c2800000, 0x00000006cd180000, 0x000000076b800000)
  object space 173568K, 0% used [0x00000006c2800000,0x00000006c2971318,0x00000006cd180000)
 Metaspace       used 8091K, capacity 8646K, committed 8960K, reserved 1056768K
  class space    used 646K, capacity 690K, committed 768K, reserved 1048576K
Event: 6.830 GC heap after
Heap after GC invocations=61 (full 0):
 PSYoungGen      total 55296K, used 128K [0x000000076b800000, 0x000000078a380000, 0x00000007c0000000)
  eden space 54784K, 0% used [0x000000076b800000,0x000000076b800000,0x000000076ed80000)
  from space 512K, 25% used [0x000000078a280000,0x000000078a2a0000,0x000000078a300000)
  to   space 512K, 0% used [0x000000078a300000,0x000000078a300000,0x000000078a380000)
 ParOldGen       total 173568K, used 1476K [0x00000006c2800000, 0x00000006cd180000, 0x000000076b800000)
  object space 173568K, 0% used [0x00000006c2800000,0x00000006c2971318,0x00000006cd180000)
 Metaspace       used 8091K, capacity 8646K, committed 8960K, reserved 1056768K
  class space    used 646K, capacity 690K, committed 768K, reserved 1048576K
}
Event: 6.887 GC heap before
{Heap before GC invocations=62 (full 0):
 PSYoungGen      total 55296K, used 54912K [0x000000076b800000, 0x000000078a380000, 0x00000007c0000000)
  eden space 54784K, 100% used [0x000000076b800000,0x000000076ed80000,0x000000076ed80000)
  from space 512K, 25% used [0x000000078a280000,0x000000078a2a0000,0x000000078a300000)
  to   space 512K, 0% used [0x000000078a300000,0x000000078a300000,0x000000078a380000)
 ParOldGen       total 173568K, used 1476K [0x00000006c2800000, 0x00000006cd180000, 0x000000076b800000)
  object space 173568K, 0% used [0x00000006c2800000,0x00000006c2971318,0x00000006cd180000)
 Metaspace       used 8091K, capacity 8646K, committed 8960K, reserved 1056768K
  class space    used 646K, capacity 690K, committed 768K, reserved 1048576K
Event: 6.887 GC heap after
Heap after GC invocations=62 (full 0):
 PSYoungGen      total 54272K, used 160K [0x000000076b800000, 0x000000078a380000, 0x00000007c0000000)
  eden space 53760K, 0% used [0x000000076b800000,0x000000076b800000,0x000000076ec80000)
  from space 512K, 31% used [0x000000078a300000,0x000000078a328000,0x000000078a380000)
  to   space 512K, 0% used [0x000000078a280000,0x000000078a280000,0x000000078a300000)
 ParOldGen       total 173568K, used 1476K [0x00000006c2800000, 0x00000006cd180000, 0x000000076b800000)
  object space 173568K, 0% used [0x00000006c2800000,0x00000006c2971318,0x00000006cd180000)
 Metaspace       used 8091K, capacity 8646K, committed 8960K, reserved 1056768K
  class space    used 646K, capacity 690K, committed 768K, reserved 1048576K
}
Event: 6.944 GC heap before
{Heap before GC invocations=63 (full 0):
 PSYoungGen      total 54272K, used 53920K [0x000000076b800000, 0x000000078a380000, 0x00000007c0000000)
  eden space 53760K, 100% used [0x000000076b800000,0x000000076ec80000,0x000000076ec80000)
  from space 512K, 31% used [0x000000078a300000,0x000000078a328000,0x000000078a380000)
  to   space 512K, 0% used [0x000000078a280000,0x000000078a280000,0x000000078a300000)
 ParOldGen       total 173568K, used 1476K [0x00000006c2800000, 0x00000006cd180000, 0x000000076b800000)
  object space 173568K, 0% used [0x00000006c2800000,0x00000006c2971318,0x00000006cd180000)
 Metaspace       used 8091K, capacity 8646K, committed 8960K, reserved 1056768K
  class space    used 646K, capacity 690K, committed 768K, reserved 1048576K
Event: 6.944 GC heap after
Heap after GC invocations=63 (full 0):
 PSYoungGen      total 53248K, used 128K [0x000000076b800000, 0x000000078a380000, 0x00000007c0000000)
  eden space 52736K, 0% used [0x000000076b800000,0x000000076b800000,0x000000076eb80000)
  from space 512K, 25% used [0x000000078a280000,0x000000078a2a0000,0x000000078a300000)
  to   space 512K, 0% used [0x000000078a300000,0x000000078a300000,0x000000078a380000)
 ParOldGen       total 173568K, used 1476K [0x00000006c2800000, 0x00000006cd180000, 0x000000076b800000)
  object space 173568K, 0% used [0x00000006c2800000,0x00000006c2971318,0x00000006cd180000)
 Metaspace       used 8091K, capacity 8646K, committed 8960K, reserved 1056768K
  class space    used 646K, capacity 690K, committed 768K, reserved 1048576K
}
Event: 6.999 GC heap before
{Heap before GC invocations=64 (full 0):
 PSYoungGen      total 53248K, used 52864K [0x000000076b800000, 0x000000078a380000, 0x00000007c0000000)
  eden space 52736K, 100% used [0x000000076b800000,0x000000076eb80000,0x000000076eb80000)
  from space 512K, 25% used [0x000000078a280000,0x000000078a2a0000,0x000000078a300000)
  to   space 512K, 0% used [0x000000078a300000,0x000000078a300000,0x000000078a380000)
 ParOldGen       total 173568K, used 1476K [0x00000006c2800000, 0x00000006cd180000, 0x000000076b800000)
  object space 173568K, 0% used [0x00000006c2800000,0x00000006c2971318,0x00000006cd180000)
 Metaspace       used 8091K, capacity 8646K, committed 8960K, reserved 1056768K
  class space    used 646K, capacity 690K, committed 768K, reserved 1048576K
Event: 7.000 GC heap after
Heap after GC invocations=64 (full 0):
 PSYoungGen      total 52224K, used 192K [0x000000076b800000, 0x000000078a380000, 0x00000007c0000000)
  eden space 51712K, 0% used [0x000000076b800000,0x000000076b800000,0x000000076ea80000)
  from space 512K, 37% used [0x000000078a300000,0x000000078a330000,0x000000078a380000)
  to   space 512K, 0% used [0x000000078a280000,0x000000078a280000,0x000000078a300000)
 ParOldGen       total 173568K, used 1476K [0x00000006c2800000, 0x00000006cd180000, 0x000000076b800000)
  object space 173568K, 0% used [0x00000006c2800000,0x00000006c2971318,0x00000006cd180000)
 Metaspace       used 8091K, capacity 8646K, committed 8960K, reserved 1056768K
  class space    used 646K, capacity 690K, committed 768K, reserved 1048576K
}

