# JRE version: Java(TM) SE Runtime Environment (8.0_65-b17) (build 1.8.0_65-b17)
# Java VM: Java HotSpot(TM) 64-Bit Server VM (25.65-b01 mixed mode windows-amd64 compressed oops)
Heap:
 PSYoungGen      total 906240K, used 476655K [0x000000076b800000, 0x00000007bef80000, 0x00000007c0000000)
  eden space 905728K, 52% used [0x000000076b800000,0x000000078894bff0,0x00000007a2c80000)
  from space 512K, 37% used [0x00000007bef00000,0x00000007bef30000,0x00000007bef80000)
  to   space 7680K, 0% used [0x00000007be080000,0x00000007be080000,0x00000007be800000)
 ParOldGen       total 173568K, used 22104K [0x00000006c2800000, 0x00000006cd180000, 0x000000076b800000)
  object space 173568K, 12% used [0x00000006c2800000,0x00000006c3d963f0,0x00000006cd180000)
 Metaspace       used 8349K, capacity 8710K, committed 8960K, reserved 1056768K
  class space    used 660K, capacity 690K, committed 768K, reserved 1048576K
GC Heap History (10 events):
Event: 2.265 GC heap before
{Heap before GC invocations=14 (full 0):
 PSYoungGen      total 663040K, used 653472K [0x000000076b800000, 0x00000007ac700000, 0x00000007c0000000)
  eden space 653312K, 100% used [0x000000076b800000,0x0000000793600000,0x0000000793600000)
  from space 9728K, 1% used [0x0000000793600000,0x0000000793628000,0x0000000793f80000)
  to   space 9216K, 0% used [0x00000007abe00000,0x00000007abe00000,0x00000007ac700000)
 ParOldGen       total 173568K, used 22064K [0x00000006c2800000, 0x00000006cd180000, 0x000000076b800000)
  object space 173568K, 12% used [0x00000006c2800000,0x00000006c3d8c3f0,0x00000006cd180000)
 Metaspace       used 8327K, capacity 8710K, committed 8960K, reserved 1056768K
  class space    used 660K, capacity 690K, committed 768K, reserved 1048576K
Event: 2.266 GC heap after
Heap after GC invocations=14 (full 0):
 PSYoungGen      total 1054720K, used 192K [0x000000076b800000, 0x00000007ac700000, 0x00000007c0000000)
  eden space 1045504K, 0% used [0x000000076b800000,0x000000076b800000,0x00000007ab500000)
  from space 9216K, 2% used [0x00000007abe00000,0x00000007abe30000,0x00000007ac700000)
  to   space 9216K, 0% used [0x00000007ab500000,0x00000007ab500000,0x00000007abe00000)
 ParOldGen       total 173568K, used 22096K [0x00000006c2800000, 0x00000006cd180000, 0x000000076b800000)
  object space 173568K, 12% used [0x00000006c2800000,0x00000006c3d943f0,0x00000006cd180000)
 Metaspace       used 8327K, capacity 8710K, committed 8960K, reserved 1056768K
  class space    used 660K, capacity 690K, committed 768K, reserved 1048576K
}
Event: 2.747 GC heap before
{Heap before GC invocations=15 (full 0):
 PSYoungGen      total 1054720K, used 1045696K [0x000000076b800000, 0x00000007ac700000, 0x00000007c0000000)
  eden space 1045504K, 100% used [0x000000076b800000,0x00000007ab500000,0x00000007ab500000)
  from space 9216K, 2% used [0x00000007abe00000,0x00000007abe30000,0x00000007ac700000)
  to   space 9216K, 0% used [0x00000007ab500000,0x00000007ab500000,0x00000007abe00000)
 ParOldGen       total 173568K, used 22096K [0x00000006c2800000, 0x00000006cd180000, 0x000000076b800000)
  object space 173568K, 12% used [0x00000006c2800000,0x00000006c3d943f0,0x00000006cd180000)
 Metaspace       used 8332K, capacity 8710K, committed 8960K, reserved 1056768K
  class space    used 660K, capacity 690K, committed 768K, reserved 1048576K
Event: 2.748 GC heap after
Heap after GC invocations=15 (full 0):
 PSYoungGen      total 1054720K, used 192K [0x000000076b800000, 0x00000007bff00000, 0x00000007c0000000)
  eden space 1045504K, 0% used [0x000000076b800000,0x000000076b800000,0x00000007ab500000)
  from space 9216K, 2% used [0x00000007ab500000,0x00000007ab530000,0x00000007abe00000)
  to   space 8704K, 0% used [0x00000007bf680000,0x00000007bf680000,0x00000007bff00000)
 ParOldGen       total 173568K, used 22104K [0x00000006c2800000, 0x00000006cd180000, 0x000000076b800000)
  object space 173568K, 12% used [0x00000006c2800000,0x00000006c3d963f0,0x00000006cd180000)
 Metaspace       used 8332K, capacity 8710K, committed 8960K, reserved 1056768K
  class space    used 660K, capacity 690K, committed 768K, reserved 1048576K
}
Event: 3.176 GC heap before
{Heap before GC invocations=16 (full 0):
 PSYoungGen      total 1054720K, used 1045696K [0x000000076b800000, 0x00000007bff00000, 0x00000007c0000000)
  eden space 1045504K, 100% used [0x000000076b800000,0x00000007ab500000,0x00000007ab500000)
  from space 9216K, 2% used [0x00000007ab500000,0x00000007ab530000,0x00000007abe00000)
  to   space 8704K, 0% used [0x00000007bf680000,0x00000007bf680000,0x00000007bff00000)
 ParOldGen       total 173568K, used 22104K [0x00000006c2800000, 0x00000006cd180000, 0x000000076b800000)
  object space 173568K, 12% used [0x00000006c2800000,0x00000006c3d963f0,0x00000006cd180000)
 Metaspace       used 8339K, capacity 8710K, committed 8960K, reserved 1056768K
  class space    used 660K, capacity 690K, committed 768K, reserved 1048576K
Event: 3.177 GC heap after
Heap after GC invocations=16 (full 0):
 PSYoungGen      total 996864K, used 224K [0x000000076b800000, 0x00000007bf700000, 0x00000007c0000000)
  eden space 996352K, 0% used [0x000000076b800000,0x000000076b800000,0x00000007a8500000)
  from space 512K, 43% used [0x00000007bf680000,0x00000007bf6b8000,0x00000007bf700000)
  to   space 8704K, 0% used [0x00000007be600000,0x00000007be600000,0x00000007bee80000)
 ParOldGen       total 173568K, used 22104K [0x00000006c2800000, 0x00000006cd180000, 0x000000076b800000)
  object space 173568K, 12% used [0x00000006c2800000,0x00000006c3d963f0,0x00000006cd180000)
 Metaspace       used 8339K, capacity 8710K, committed 8960K, reserved 1056768K
  class space    used 660K, capacity 690K, committed 768K, reserved 1048576K
}
Event: 3.605 GC heap before
{Heap before GC invocations=17 (full 0):
 PSYoungGen      total 996864K, used 996576K [0x000000076b800000, 0x00000007bf700000, 0x00000007c0000000)
  eden space 996352K, 100% used [0x000000076b800000,0x00000007a8500000,0x00000007a8500000)
  from space 512K, 43% used [0x00000007bf680000,0x00000007bf6b8000,0x00000007bf700000)
  to   space 8704K, 0% used [0x00000007be600000,0x00000007be600000,0x00000007bee80000)
 ParOldGen       total 173568K, used 22104K [0x00000006c2800000, 0x00000006cd180000, 0x000000076b800000)
  object space 173568K, 12% used [0x00000006c2800000,0x00000006c3d963f0,0x00000006cd180000)
 Metaspace       used 8349K, capacity 8710K, committed 8960K, reserved 1056768K
  class space    used 660K, capacity 690K, committed 768K, reserved 1048576K
Event: 3.605 GC heap after
Heap after GC invocations=17 (full 0):
 PSYoungGen      total 958464K, used 224K [0x000000076b800000, 0x00000007bf700000, 0x00000007c0000000)
  eden space 949760K, 0% used [0x000000076b800000,0x000000076b800000,0x00000007a5780000)
  from space 8704K, 2% used [0x00000007be600000,0x00000007be638000,0x00000007bee80000)
  to   space 8192K, 0% used [0x00000007bef00000,0x00000007bef00000,0x00000007bf700000)
 ParOldGen       total 173568K, used 22104K [0x00000006c2800000, 0x00000006cd180000, 0x000000076b800000)
  object space 173568K, 12% used [0x00000006c2800000,0x00000006c3d963f0,0x00000006cd180000)
 Metaspace       used 8349K, capacity 8710K, committed 8960K, reserved 1056768K
  class space    used 660K, capacity 690K, committed 768K, reserved 1048576K
}
Event: 3.998 GC heap before
{Heap before GC invocations=18 (full 0):
 PSYoungGen      total 958464K, used 949984K [0x000000076b800000, 0x00000007bf700000, 0x00000007c0000000)
  eden space 949760K, 100% used [0x000000076b800000,0x00000007a5780000,0x00000007a5780000)
  from space 8704K, 2% used [0x00000007be600000,0x00000007be638000,0x00000007bee80000)
  to   space 8192K, 0% used [0x00000007bef00000,0x00000007bef00000,0x00000007bf700000)
 ParOldGen       total 173568K, used 22104K [0x00000006c2800000, 0x00000006cd180000, 0x000000076b800000)
  object space 173568K, 12% used [0x00000006c2800000,0x00000006c3d963f0,0x00000006cd180000)
 Metaspace       used 8349K, capacity 8710K, committed 8960K, reserved 1056768K
  class space    used 660K, capacity 690K, committed 768K, reserved 1048576K
Event: 3.999 GC heap after
Heap after GC invocations=18 (full 0):
 PSYoungGen      total 906240K, used 192K [0x000000076b800000, 0x00000007bef80000, 0x00000007c0000000)
  eden space 905728K, 0% used [0x000000076b800000,0x000000076b800000,0x00000007a2c80000)
  from space 512K, 37% used [0x00000007bef00000,0x00000007bef30000,0x00000007bef80000)
  to   space 7680K, 0% used [0x00000007be080000,0x00000007be080000,0x00000007be800000)
 ParOldGen       total 173568K, used 22104K [0x00000006c2800000, 0x00000006cd180000, 0x000000076b800000)
  object space 173568K, 12% used [0x00000006c2800000,0x00000006c3d963f0,0x00000006cd180000)
 Metaspace       used 8349K, capacity 8710K, committed 8960K, reserved 1056768K
  class space    used 660K, capacity 690K, committed 768K, reserved 1048576K
}

