# JRE version: Java(TM) SE Runtime Environment (8.0_65-b17) (build 1.8.0_65-b17)
# Java VM: Java HotSpot(TM) 64-Bit Server VM (25.65-b01 mixed mode windows-amd64 compressed oops)
Heap:
 PSYoungGen      total 84480K, used 60424K [0x000000076b800000, 0x00000007ba380000, 0x00000007c0000000)
  eden space 83968K, 71% used [0x000000076b800000,0x000000076f2da078,0x0000000770a00000)
  from space 512K, 31% used [0x00000007ba300000,0x00000007ba328000,0x00000007ba380000)
  to   space 512K, 0% used [0x00000007ba280000,0x00000007ba280000,0x00000007ba300000)
 ParOldGen       total 173568K, used 32112K [0x00000006c2800000, 0x00000006cd180000, 0x000000076b800000)
  object space 173568K, 18% used [0x00000006c2800000,0x00000006c475c1d0,0x00000006cd180000)
 Metaspace       used 8309K, capacity 8710K, committed 8960K, reserved 1056768K
  class space    used 656K, capacity 690K, committed 768K, reserved 1048576K
GC Heap History (10 events):
Event: 37.607 GC heap before
{Heap before GC invocations=224 (full 0):
 PSYoungGen      total 62976K, used 62592K [0x000000076b800000, 0x00000007ba380000, 0x00000007c0000000)
  eden space 62464K, 100% used [0x000000076b800000,0x000000076f500000,0x000000076f500000)
  from space 512K, 25% used [0x00000007ba280000,0x00000007ba2a0000,0x00000007ba300000)
  to   space 512K, 0% used [0x00000007ba300000,0x00000007ba300000,0x00000007ba380000)
 ParOldGen       total 173568K, used 32112K [0x00000006c2800000, 0x00000006cd180000, 0x000000076b800000)
  object space 173568K, 18% used [0x00000006c2800000,0x00000006c475c1d0,0x00000006cd180000)
 Metaspace       used 8308K, capacity 8710K, committed 8960K, reserved 1056768K
  class space    used 656K, capacity 690K, committed 768K, reserved 1048576K
Event: 37.607 GC heap after
Heap after GC invocations=224 (full 0):
 PSYoungGen      total 75776K, used 160K [0x000000076b800000, 0x00000007ba380000, 0x00000007c0000000)
  eden space 75264K, 0% used [0x000000076b800000,0x000000076b800000,0x0000000770180000)
  from space 512K, 31% used [0x00000007ba300000,0x00000007ba328000,0x00000007ba380000)
  to   space 512K, 0% used [0x00000007ba280000,0x00000007ba280000,0x00000007ba300000)
 ParOldGen       total 173568K, used 32112K [0x00000006c2800000, 0x00000006cd180000, 0x000000076b800000)
  object space 173568K, 18% used [0x00000006c2800000,0x00000006c475c1d0,0x00000006cd180000)
 Metaspace       used 8308K, capacity 8710K, committed 8960K, reserved 1056768K
  class space    used 656K, capacity 690K, committed 768K, reserved 1048576K
}
Event: 37.690 GC heap before
{Heap before GC invocations=225 (full 0):
 PSYoungGen      total 75776K, used 75424K [0x000000076b800000, 0x00000007ba380000, 0x00000007c0000000)
  eden space 75264K, 100% used [0x000000076b800000,0x0000000770180000,0x0000000770180000)
  from space 512K, 31% used [0x00000007ba300000,0x00000007ba328000,0x00000007ba380000)
  to   space 512K, 0% used [0x00000007ba280000,0x00000007ba280000,0x00000007ba300000)
 ParOldGen       total 173568K, used 32112K [0x00000006c2800000, 0x00000006cd180000, 0x000000076b800000)
  object space 173568K, 18% used [0x00000006c2800000,0x00000006c475c1d0,0x00000006cd180000)
 Metaspace       used 8308K, capacity 8710K, committed 8960K, reserved 1056768K
  class space    used 656K, capacity 690K, committed 768K, reserved 1048576K
Event: 37.690 GC heap after
Heap after GC invocations=225 (full 0):
 PSYoungGen      total 91136K, used 224K [0x000000076b800000, 0x00000007ba380000, 0x00000007c0000000)
  eden space 90624K, 0% used [0x000000076b800000,0x000000076b800000,0x0000000771080000)
  from space 512K, 43% used [0x00000007ba280000,0x00000007ba2b8000,0x00000007ba300000)
  to   space 512K, 0% used [0x00000007ba300000,0x00000007ba300000,0x00000007ba380000)
 ParOldGen       total 173568K, used 32112K [0x00000006c2800000, 0x00000006cd180000, 0x000000076b800000)
  object space 173568K, 18% used [0x00000006c2800000,0x00000006c475c1d0,0x00000006cd180000)
 Metaspace       used 8308K, capacity 8710K, committed 8960K, reserved 1056768K
  class space    used 656K, capacity 690K, committed 768K, reserved 1048576K
}
Event: 37.796 GC heap before
{Heap before GC invocations=226 (full 0):
 PSYoungGen      total 91136K, used 90848K [0x000000076b800000, 0x00000007ba380000, 0x00000007c0000000)
  eden space 90624K, 100% used [0x000000076b800000,0x0000000771080000,0x0000000771080000)
  from space 512K, 43% used [0x00000007ba280000,0x00000007ba2b8000,0x00000007ba300000)
  to   space 512K, 0% used [0x00000007ba300000,0x00000007ba300000,0x00000007ba380000)
 ParOldGen       total 173568K, used 32112K [0x00000006c2800000, 0x00000006cd180000, 0x000000076b800000)
  object space 173568K, 18% used [0x00000006c2800000,0x00000006c475c1d0,0x00000006cd180000)
 Metaspace       used 8308K, capacity 8710K, committed 8960K, reserved 1056768K
  class space    used 656K, capacity 690K, committed 768K, reserved 1048576K
Event: 37.797 GC heap after
Heap after GC invocations=226 (full 0):
 PSYoungGen      total 88576K, used 160K [0x000000076b800000, 0x00000007ba380000, 0x00000007c0000000)
  eden space 88064K, 0% used [0x000000076b800000,0x000000076b800000,0x0000000770e00000)
  from space 512K, 31% used [0x00000007ba300000,0x00000007ba328000,0x00000007ba380000)
  to   space 512K, 0% used [0x00000007ba280000,0x00000007ba280000,0x00000007ba300000)
 ParOldGen       total 173568K, used 32112K [0x00000006c2800000, 0x00000006cd180000, 0x000000076b800000)
  object space 173568K, 18% used [0x00000006c2800000,0x00000006c475c1d0,0x00000006cd180000)
 Metaspace       used 8308K, capacity 8710K, committed 8960K, reserved 1056768K
  class space    used 656K, capacity 690K, committed 768K, reserved 1048576K
}
Event: 37.865 GC heap before
{Heap before GC invocations=227 (full 0):
 PSYoungGen      total 88576K, used 88224K [0x000000076b800000, 0x00000007ba380000, 0x00000007c0000000)
  eden space 88064K, 100% used [0x000000076b800000,0x0000000770e00000,0x0000000770e00000)
  from space 512K, 31% used [0x00000007ba300000,0x00000007ba328000,0x00000007ba380000)
  to   space 512K, 0% used [0x00000007ba280000,0x00000007ba280000,0x00000007ba300000)
 ParOldGen       total 173568K, used 32112K [0x00000006c2800000, 0x00000006cd180000, 0x000000076b800000)
  object space 173568K, 18% used [0x00000006c2800000,0x00000006c475c1d0,0x00000006cd180000)
 Metaspace       used 8308K, capacity 8710K, committed 8960K, reserved 1056768K
  class space    used 656K, capacity 690K, committed 768K, reserved 1048576K
Event: 37.865 GC heap after
Heap after GC invocations=227 (full 0):
 PSYoungGen      total 86528K, used 160K [0x000000076b800000, 0x00000007ba380000, 0x00000007c0000000)
  eden space 86016K, 0% used [0x000000076b800000,0x000000076b800000,0x0000000770c00000)
  from space 512K, 31% used [0x00000007ba280000,0x00000007ba2a8000,0x00000007ba300000)
  to   space 512K, 0% used [0x00000007ba300000,0x00000007ba300000,0x00000007ba380000)
 ParOldGen       total 173568K, used 32112K [0x00000006c2800000, 0x00000006cd180000, 0x000000076b800000)
  object space 173568K, 18% used [0x00000006c2800000,0x00000006c475c1d0,0x00000006cd180000)
 Metaspace       used 8308K, capacity 8710K, committed 8960K, reserved 1056768K
  class space    used 656K, capacity 690K, committed 768K, reserved 1048576K
}
Event: 37.966 GC heap before
{Heap before GC invocations=228 (full 0):
 PSYoungGen      total 86528K, used 86176K [0x000000076b800000, 0x00000007ba380000, 0x00000007c0000000)
  eden space 86016K, 100% used [0x000000076b800000,0x0000000770c00000,0x0000000770c00000)
  from space 512K, 31% used [0x00000007ba280000,0x00000007ba2a8000,0x00000007ba300000)
  to   space 512K, 0% used [0x00000007ba300000,0x00000007ba300000,0x00000007ba380000)
 ParOldGen       total 173568K, used 32112K [0x00000006c2800000, 0x00000006cd180000, 0x000000076b800000)
  object space 173568K, 18% used [0x00000006c2800000,0x00000006c475c1d0,0x00000006cd180000)
 Metaspace       used 8308K, capacity 8710K, committed 8960K, reserved 1056768K
  class space    used 656K, capacity 690K, committed 768K, reserved 1048576K
Event: 37.966 GC heap after
Heap after GC invocations=228 (full 0):
 PSYoungGen      total 84480K, used 160K [0x000000076b800000, 0x00000007ba380000, 0x00000007c0000000)
  eden space 83968K, 0% used [0x000000076b800000,0x000000076b800000,0x0000000770a00000)
  from space 512K, 31% used [0x00000007ba300000,0x00000007ba328000,0x00000007ba380000)
  to   space 512K, 0% used [0x00000007ba280000,0x00000007ba280000,0x00000007ba300000)
 ParOldGen       total 173568K, used 32112K [0x00000006c2800000, 0x00000006cd180000, 0x000000076b800000)
  object space 173568K, 18% used [0x00000006c2800000,0x00000006c475c1d0,0x00000006cd180000)
 Metaspace       used 8308K, capacity 8710K, committed 8960K, reserved 1056768K
  class space    used 656K, capacity 690K, committed 768K, reserved 1048576K
}

