# JRE version: Java(TM) SE Runtime Environment (8.0_65-b17) (build 1.8.0_65-b17)
# Java VM: Java HotSpot(TM) 64-Bit Server VM (25.65-b01 mixed mode windows-amd64 compressed oops)
Heap:
 PSYoungGen      total 508928K, used 199530K [0x000000076b800000, 0x00000007ab980000, 0x00000007c0000000)
  eden space 501760K, 39% used [0x000000076b800000,0x0000000777aaaa80,0x000000078a200000)
  from space 7168K, 2% used [0x00000007aab80000,0x00000007aabb0000,0x00000007ab280000)
  to   space 6656K, 0% used [0x00000007ab300000,0x00000007ab300000,0x00000007ab980000)
 ParOldGen       total 173568K, used 15896K [0x00000006c2800000, 0x00000006cd180000, 0x000000076b800000)
  object space 173568K, 9% used [0x00000006c2800000,0x00000006c3786050,0x00000006cd180000)
 Metaspace       used 8383K, capacity 8774K, committed 8960K, reserved 1056768K
  class space    used 661K, capacity 690K, committed 768K, reserved 1048576K
GC Heap History (10 events):
Event: 3.571 GC heap before
{Heap before GC invocations=15 (full 0):
 PSYoungGen      total 630272K, used 629984K [0x000000076b800000, 0x00000007ac780000, 0x00000007c0000000)
  eden space 629760K, 100% used [0x000000076b800000,0x0000000791f00000,0x0000000791f00000)
  from space 512K, 43% used [0x00000007ac700000,0x00000007ac738000,0x00000007ac780000)
  to   space 8192K, 0% used [0x00000007ab780000,0x00000007ab780000,0x00000007abf80000)
 ParOldGen       total 173568K, used 15832K [0x00000006c2800000, 0x00000006cd180000, 0x000000076b800000)
  object space 173568K, 9% used [0x00000006c2800000,0x00000006c3776050,0x00000006cd180000)
 Metaspace       used 8373K, capacity 8774K, committed 8960K, reserved 1056768K
  class space    used 661K, capacity 690K, committed 768K, reserved 1048576K
Event: 3.571 GC heap after
Heap after GC invocations=15 (full 0):
 PSYoungGen      total 609792K, used 224K [0x000000076b800000, 0x00000007ac780000, 0x00000007c0000000)
  eden space 601600K, 0% used [0x000000076b800000,0x000000076b800000,0x0000000790380000)
  from space 8192K, 2% used [0x00000007ab780000,0x00000007ab7b8000,0x00000007abf80000)
  to   space 8192K, 0% used [0x00000007abf80000,0x00000007abf80000,0x00000007ac780000)
 ParOldGen       total 173568K, used 15864K [0x00000006c2800000, 0x00000006cd180000, 0x000000076b800000)
  object space 173568K, 9% used [0x00000006c2800000,0x00000006c377e050,0x00000006cd180000)
 Metaspace       used 8373K, capacity 8774K, committed 8960K, reserved 1056768K
  class space    used 661K, capacity 690K, committed 768K, reserved 1048576K
}
Event: 4.127 GC heap before
{Heap before GC invocations=16 (full 0):
 PSYoungGen      total 609792K, used 601824K [0x000000076b800000, 0x00000007ac780000, 0x00000007c0000000)
  eden space 601600K, 100% used [0x000000076b800000,0x0000000790380000,0x0000000790380000)
  from space 8192K, 2% used [0x00000007ab780000,0x00000007ab7b8000,0x00000007abf80000)
  to   space 8192K, 0% used [0x00000007abf80000,0x00000007abf80000,0x00000007ac780000)
 ParOldGen       total 173568K, used 15864K [0x00000006c2800000, 0x00000006cd180000, 0x000000076b800000)
  object space 173568K, 9% used [0x00000006c2800000,0x00000006c377e050,0x00000006cd180000)
 Metaspace       used 8373K, capacity 8774K, committed 8960K, reserved 1056768K
  class space    used 661K, capacity 690K, committed 768K, reserved 1048576K
Event: 4.127 GC heap after
Heap after GC invocations=16 (full 0):
 PSYoungGen      total 574976K, used 192K [0x000000076b800000, 0x00000007ac000000, 0x00000007c0000000)
  eden space 574464K, 0% used [0x000000076b800000,0x000000076b800000,0x000000078e900000)
  from space 512K, 37% used [0x00000007abf80000,0x00000007abfb0000,0x00000007ac000000)
  to   space 7680K, 0% used [0x00000007ab100000,0x00000007ab100000,0x00000007ab880000)
 ParOldGen       total 173568K, used 15872K [0x00000006c2800000, 0x00000006cd180000, 0x000000076b800000)
  object space 173568K, 9% used [0x00000006c2800000,0x00000006c3780050,0x00000006cd180000)
 Metaspace       used 8373K, capacity 8774K, committed 8960K, reserved 1056768K
  class space    used 661K, capacity 690K, committed 768K, reserved 1048576K
}
Event: 4.537 GC heap before
{Heap before GC invocations=17 (full 0):
 PSYoungGen      total 574976K, used 574656K [0x000000076b800000, 0x00000007ac000000, 0x00000007c0000000)
  eden space 574464K, 100% used [0x000000076b800000,0x000000078e900000,0x000000078e900000)
  from space 512K, 37% used [0x00000007abf80000,0x00000007abfb0000,0x00000007ac000000)
  to   space 7680K, 0% used [0x00000007ab100000,0x00000007ab100000,0x00000007ab880000)
 ParOldGen       total 173568K, used 15872K [0x00000006c2800000, 0x00000006cd180000, 0x000000076b800000)
  object space 173568K, 9% used [0x00000006c2800000,0x00000006c3780050,0x00000006cd180000)
 Metaspace       used 8374K, capacity 8774K, committed 8960K, reserved 1056768K
  class space    used 661K, capacity 690K, committed 768K, reserved 1048576K
Event: 4.537 GC heap after
Heap after GC invocations=17 (full 0):
 PSYoungGen      total 556544K, used 224K [0x000000076b800000, 0x00000007ac000000, 0x00000007c0000000)
  eden space 548864K, 0% used [0x000000076b800000,0x000000076b800000,0x000000078d000000)
  from space 7680K, 2% used [0x00000007ab100000,0x00000007ab138000,0x00000007ab880000)
  to   space 7168K, 0% used [0x00000007ab900000,0x00000007ab900000,0x00000007ac000000)
 ParOldGen       total 173568K, used 15896K [0x00000006c2800000, 0x00000006cd180000, 0x000000076b800000)
  object space 173568K, 9% used [0x00000006c2800000,0x00000006c3786050,0x00000006cd180000)
 Metaspace       used 8374K, capacity 8774K, committed 8960K, reserved 1056768K
  class space    used 661K, capacity 690K, committed 768K, reserved 1048576K
}
Event: 4.957 GC heap before
{Heap before GC invocations=18 (full 0):
 PSYoungGen      total 556544K, used 549088K [0x000000076b800000, 0x00000007ac000000, 0x00000007c0000000)
  eden space 548864K, 100% used [0x000000076b800000,0x000000078d000000,0x000000078d000000)
  from space 7680K, 2% used [0x00000007ab100000,0x00000007ab138000,0x00000007ab880000)
  to   space 7168K, 0% used [0x00000007ab900000,0x00000007ab900000,0x00000007ac000000)
 ParOldGen       total 173568K, used 15896K [0x00000006c2800000, 0x00000006cd180000, 0x000000076b800000)
  object space 173568K, 9% used [0x00000006c2800000,0x00000006c3786050,0x00000006cd180000)
 Metaspace       used 8376K, capacity 8774K, committed 8960K, reserved 1056768K
  class space    used 661K, capacity 690K, committed 768K, reserved 1048576K
Event: 4.958 GC heap after
Heap after GC invocations=18 (full 0):
 PSYoungGen      total 525312K, used 192K [0x000000076b800000, 0x00000007ab980000, 0x00000007c0000000)
  eden space 524800K, 0% used [0x000000076b800000,0x000000076b800000,0x000000078b880000)
  from space 512K, 37% used [0x00000007ab900000,0x00000007ab930000,0x00000007ab980000)
  to   space 7168K, 0% used [0x00000007aab80000,0x00000007aab80000,0x00000007ab280000)
 ParOldGen       total 173568K, used 15896K [0x00000006c2800000, 0x00000006cd180000, 0x000000076b800000)
  object space 173568K, 9% used [0x00000006c2800000,0x00000006c3786050,0x00000006cd180000)
 Metaspace       used 8376K, capacity 8774K, committed 8960K, reserved 1056768K
  class space    used 661K, capacity 690K, committed 768K, reserved 1048576K
}
Event: 5.423 GC heap before
{Heap before GC invocations=19 (full 0):
 PSYoungGen      total 525312K, used 524992K [0x000000076b800000, 0x00000007ab980000, 0x00000007c0000000)
  eden space 524800K, 100% used [0x000000076b800000,0x000000078b880000,0x000000078b880000)
  from space 512K, 37% used [0x00000007ab900000,0x00000007ab930000,0x00000007ab980000)
  to   space 7168K, 0% used [0x00000007aab80000,0x00000007aab80000,0x00000007ab280000)
 ParOldGen       total 173568K, used 15896K [0x00000006c2800000, 0x00000006cd180000, 0x000000076b800000)
  object space 173568K, 9% used [0x00000006c2800000,0x00000006c3786050,0x00000006cd180000)
 Metaspace       used 8376K, capacity 8774K, committed 8960K, reserved 1056768K
  class space    used 661K, capacity 690K, committed 768K, reserved 1048576K
Event: 5.423 GC heap after
Heap after GC invocations=19 (full 0):
 PSYoungGen      total 508928K, used 192K [0x000000076b800000, 0x00000007ab980000, 0x00000007c0000000)
  eden space 501760K, 0% used [0x000000076b800000,0x000000076b800000,0x000000078a200000)
  from space 7168K, 2% used [0x00000007aab80000,0x00000007aabb0000,0x00000007ab280000)
  to   space 6656K, 0% used [0x00000007ab300000,0x00000007ab300000,0x00000007ab980000)
 ParOldGen       total 173568K, used 15896K [0x00000006c2800000, 0x00000006cd180000, 0x000000076b800000)
  object space 173568K, 9% used [0x00000006c2800000,0x00000006c3786050,0x00000006cd180000)
 Metaspace       used 8376K, capacity 8774K, committed 8960K, reserved 1056768K
  class space    used 661K, capacity 690K, committed 768K, reserved 1048576K
}

