# JRE version: Java(TM) SE Runtime Environment (8.0_65-b17) (build 1.8.0_65-b17)
# Java VM: Java HotSpot(TM) 64-Bit Server VM (25.65-b01 mixed mode windows-amd64 compressed oops)
Heap:
 PSYoungGen      total 149504K, used 78763K [0x000000076b800000, 0x000000078ab80000, 0x00000007c0000000)
  eden space 148992K, 52% used [0x000000076b800000,0x00000007704dae68,0x0000000774980000)
  from space 512K, 12% used [0x000000078ab00000,0x000000078ab10000,0x000000078ab80000)
  to   space 1536K, 0% used [0x000000078a880000,0x000000078a880000,0x000000078aa00000)
 ParOldGen       total 173568K, used 1509K [0x00000006c2800000, 0x00000006cd180000, 0x000000076b800000)
  object space 173568K, 0% used [0x00000006c2800000,0x00000006c2979720,0x00000006cd180000)
 Metaspace       used 8074K, capacity 8646K, committed 8960K, reserved 1056768K
  class space    used 646K, capacity 690K, committed 768K, reserved 1048576K
GC Heap History (10 events):
Event: 2.601 GC heap before
{Heap before GC invocations=18 (full 0):
 PSYoungGen      total 179712K, used 177888K [0x000000076b800000, 0x000000078af80000, 0x00000007c0000000)
  eden space 177664K, 100% used [0x000000076b800000,0x0000000776580000,0x0000000776580000)
  from space 2048K, 10% used [0x000000078ab80000,0x000000078abb8000,0x000000078ad80000)
  to   space 2048K, 0% used [0x000000078ad80000,0x000000078ad80000,0x000000078af80000)
 ParOldGen       total 173568K, used 1485K [0x00000006c2800000, 0x00000006cd180000, 0x000000076b800000)
  object space 173568K, 0% used [0x00000006c2800000,0x00000006c2973720,0x00000006cd180000)
 Metaspace       used 8060K, capacity 8646K, committed 8960K, reserved 1056768K
  class space    used 646K, capacity 690K, committed 768K, reserved 1048576K
Event: 2.602 GC heap after
Heap after GC invocations=18 (full 0):
 PSYoungGen      total 172032K, used 160K [0x000000076b800000, 0x000000078ae00000, 0x00000007c0000000)
  eden space 171520K, 0% used [0x000000076b800000,0x000000076b800000,0x0000000775f80000)
  from space 512K, 31% used [0x000000078ad80000,0x000000078ada8000,0x000000078ae00000)
  to   space 2048K, 0% used [0x000000078aa00000,0x000000078aa00000,0x000000078ac00000)
 ParOldGen       total 173568K, used 1485K [0x00000006c2800000, 0x00000006cd180000, 0x000000076b800000)
  object space 173568K, 0% used [0x00000006c2800000,0x00000006c2973720,0x00000006cd180000)
 Metaspace       used 8060K, capacity 8646K, committed 8960K, reserved 1056768K
  class space    used 646K, capacity 690K, committed 768K, reserved 1048576K
}
Event: 2.693 GC heap before
{Heap before GC invocations=19 (full 0):
 PSYoungGen      total 172032K, used 171680K [0x000000076b800000, 0x000000078ae00000, 0x00000007c0000000)
  eden space 171520K, 100% used [0x000000076b800000,0x0000000775f80000,0x0000000775f80000)
  from space 512K, 31% used [0x000000078ad80000,0x000000078ada8000,0x000000078ae00000)
  to   space 2048K, 0% used [0x000000078aa00000,0x000000078aa00000,0x000000078ac00000)
 ParOldGen       total 173568K, used 1485K [0x00000006c2800000, 0x00000006cd180000, 0x000000076b800000)
  object space 173568K, 0% used [0x00000006c2800000,0x00000006c2973720,0x00000006cd180000)
 Metaspace       used 8073K, capacity 8646K, committed 8960K, reserved 1056768K
  class space    used 646K, capacity 690K, committed 768K, reserved 1048576K
Event: 2.693 GC heap after
Heap after GC invocations=19 (full 0):
 PSYoungGen      total 167424K, used 128K [0x000000076b800000, 0x000000078ae00000, 0x00000007c0000000)
  eden space 165376K, 0% used [0x000000076b800000,0x000000076b800000,0x0000000775980000)
  from space 2048K, 6% used [0x000000078aa00000,0x000000078aa20000,0x000000078ac00000)
  to   space 2048K, 0% used [0x000000078ac00000,0x000000078ac00000,0x000000078ae00000)
 ParOldGen       total 173568K, used 1493K [0x00000006c2800000, 0x00000006cd180000, 0x000000076b800000)
  object space 173568K, 0% used [0x00000006c2800000,0x00000006c2975720,0x00000006cd180000)
 Metaspace       used 8073K, capacity 8646K, committed 8960K, reserved 1056768K
  class space    used 646K, capacity 690K, committed 768K, reserved 1048576K
}
Event: 2.804 GC heap before
{Heap before GC invocations=20 (full 0):
 PSYoungGen      total 167424K, used 165504K [0x000000076b800000, 0x000000078ae00000, 0x00000007c0000000)
  eden space 165376K, 100% used [0x000000076b800000,0x0000000775980000,0x0000000775980000)
  from space 2048K, 6% used [0x000000078aa00000,0x000000078aa20000,0x000000078ac00000)
  to   space 2048K, 0% used [0x000000078ac00000,0x000000078ac00000,0x000000078ae00000)
 ParOldGen       total 173568K, used 1493K [0x00000006c2800000, 0x00000006cd180000, 0x000000076b800000)
  object space 173568K, 0% used [0x00000006c2800000,0x00000006c2975720,0x00000006cd180000)
 Metaspace       used 8074K, capacity 8646K, committed 8960K, reserved 1056768K
  class space    used 646K, capacity 690K, committed 768K, reserved 1048576K
Event: 2.804 GC heap after
Heap after GC invocations=20 (full 0):
 PSYoungGen      total 160256K, used 192K [0x000000076b800000, 0x000000078ac80000, 0x00000007c0000000)
  eden space 159744K, 0% used [0x000000076b800000,0x000000076b800000,0x0000000775400000)
  from space 512K, 37% used [0x000000078ac00000,0x000000078ac30000,0x000000078ac80000)
  to   space 2048K, 0% used [0x000000078a880000,0x000000078a880000,0x000000078aa80000)
 ParOldGen       total 173568K, used 1501K [0x00000006c2800000, 0x00000006cd180000, 0x000000076b800000)
  object space 173568K, 0% used [0x00000006c2800000,0x00000006c2977720,0x00000006cd180000)
 Metaspace       used 8074K, capacity 8646K, committed 8960K, reserved 1056768K
  class space    used 646K, capacity 690K, committed 768K, reserved 1048576K
}
Event: 2.904 GC heap before
{Heap before GC invocations=21 (full 0):
 PSYoungGen      total 160256K, used 159936K [0x000000076b800000, 0x000000078ac80000, 0x00000007c0000000)
  eden space 159744K, 100% used [0x000000076b800000,0x0000000775400000,0x0000000775400000)
  from space 512K, 37% used [0x000000078ac00000,0x000000078ac30000,0x000000078ac80000)
  to   space 2048K, 0% used [0x000000078a880000,0x000000078a880000,0x000000078aa80000)
 ParOldGen       total 173568K, used 1501K [0x00000006c2800000, 0x00000006cd180000, 0x000000076b800000)
  object space 173568K, 0% used [0x00000006c2800000,0x00000006c2977720,0x00000006cd180000)
 Metaspace       used 8074K, capacity 8646K, committed 8960K, reserved 1056768K
  class space    used 646K, capacity 690K, committed 768K, reserved 1048576K
Event: 2.904 GC heap after
Heap after GC invocations=21 (full 0):
 PSYoungGen      total 156160K, used 96K [0x000000076b800000, 0x000000078ac80000, 0x00000007c0000000)
  eden space 154112K, 0% used [0x000000076b800000,0x000000076b800000,0x0000000774e80000)
  from space 2048K, 4% used [0x000000078a880000,0x000000078a898000,0x000000078aa80000)
  to   space 1536K, 0% used [0x000000078ab00000,0x000000078ab00000,0x000000078ac80000)
 ParOldGen       total 173568K, used 1501K [0x00000006c2800000, 0x00000006cd180000, 0x000000076b800000)
  object space 173568K, 0% used [0x00000006c2800000,0x00000006c2977720,0x00000006cd180000)
 Metaspace       used 8074K, capacity 8646K, committed 8960K, reserved 1056768K
  class space    used 646K, capacity 690K, committed 768K, reserved 1048576K
}
Event: 2.997 GC heap before
{Heap before GC invocations=22 (full 0):
 PSYoungGen      total 156160K, used 154208K [0x000000076b800000, 0x000000078ac80000, 0x00000007c0000000)
  eden space 154112K, 100% used [0x000000076b800000,0x0000000774e80000,0x0000000774e80000)
  from space 2048K, 4% used [0x000000078a880000,0x000000078a898000,0x000000078aa80000)
  to   space 1536K, 0% used [0x000000078ab00000,0x000000078ab00000,0x000000078ac80000)
 ParOldGen       total 173568K, used 1501K [0x00000006c2800000, 0x00000006cd180000, 0x000000076b800000)
  object space 173568K, 0% used [0x00000006c2800000,0x00000006c2977720,0x00000006cd180000)
 Metaspace       used 8074K, capacity 8646K, committed 8960K, reserved 1056768K
  class space    used 646K, capacity 690K, committed 768K, reserved 1048576K
Event: 2.999 GC heap after
Heap after GC invocations=22 (full 0):
 PSYoungGen      total 149504K, used 64K [0x000000076b800000, 0x000000078ab80000, 0x00000007c0000000)
  eden space 148992K, 0% used [0x000000076b800000,0x000000076b800000,0x0000000774980000)
  from space 512K, 12% used [0x000000078ab00000,0x000000078ab10000,0x000000078ab80000)
  to   space 1536K, 0% used [0x000000078a880000,0x000000078a880000,0x000000078aa00000)
 ParOldGen       total 173568K, used 1509K [0x00000006c2800000, 0x00000006cd180000, 0x000000076b800000)
  object space 173568K, 0% used [0x00000006c2800000,0x00000006c2979720,0x00000006cd180000)
 Metaspace       used 8074K, capacity 8646K, committed 8960K, reserved 1056768K
  class space    used 646K, capacity 690K, committed 768K, reserved 1048576K
}

