# JRE version: Java(TM) SE Runtime Environment (8.0_65-b17) (build 1.8.0_65-b17)
# Java VM: Java HotSpot(TM) 64-Bit Server VM (25.65-b01 mixed mode windows-amd64 compressed oops)
Heap:
 PSYoungGen      total 871424K, used 44158K [0x000000076b800000, 0x00000007be980000, 0x00000007c0000000)
  eden space 860672K, 5% used [0x000000076b800000,0x000000076e2f7888,0x00000007a0080000)
  from space 10752K, 1% used [0x00000007bd480000,0x00000007bd4a8000,0x00000007bdf00000)
  to   space 10240K, 0% used [0x00000007bdf80000,0x00000007bdf80000,0x00000007be980000)
 ParOldGen       total 173568K, used 40744K [0x00000006c2800000, 0x00000006cd180000, 0x000000076b800000)
  object space 173568K, 23% used [0x00000006c2800000,0x00000006c4fca158,0x00000006cd180000)
 Metaspace       used 8281K, capacity 8710K, committed 8960K, reserved 1056768K
  class space    used 655K, capacity 690K, committed 768K, reserved 1048576K
GC Heap History (10 events):
Event: 3.421 GC heap before
{Heap before GC invocations=17 (full 0):
 PSYoungGen      total 1053696K, used 1041568K [0x000000076b800000, 0x00000007aca00000, 0x00000007c0000000)
  eden space 1041408K, 100% used [0x000000076b800000,0x00000007ab100000,0x00000007ab100000)
  from space 12288K, 1% used [0x00000007abe00000,0x00000007abe28000,0x00000007aca00000)
  to   space 12800K, 0% used [0x00000007ab100000,0x00000007ab100000,0x00000007abd80000)
 ParOldGen       total 173568K, used 40720K [0x00000006c2800000, 0x00000006cd180000, 0x000000076b800000)
  object space 173568K, 23% used [0x00000006c2800000,0x00000006c4fc4158,0x00000006cd180000)
 Metaspace       used 8262K, capacity 8646K, committed 8960K, reserved 1056768K
  class space    used 655K, capacity 690K, committed 768K, reserved 1048576K
Event: 3.422 GC heap after
Heap after GC invocations=17 (full 0):
 PSYoungGen      total 1054208K, used 192K [0x000000076b800000, 0x00000007bff80000, 0x00000007c0000000)
  eden space 1041408K, 0% used [0x000000076b800000,0x000000076b800000,0x00000007ab100000)
  from space 12800K, 1% used [0x00000007ab100000,0x00000007ab130000,0x00000007abd80000)
  to   space 12288K, 0% used [0x00000007bf380000,0x00000007bf380000,0x00000007bff80000)
 ParOldGen       total 173568K, used 40720K [0x00000006c2800000, 0x00000006cd180000, 0x000000076b800000)
  object space 173568K, 23% used [0x00000006c2800000,0x00000006c4fc4158,0x00000006cd180000)
 Metaspace       used 8262K, capacity 8646K, committed 8960K, reserved 1056768K
  class space    used 655K, capacity 690K, committed 768K, reserved 1048576K
}
Event: 4.229 GC heap before
{Heap before GC invocations=18 (full 0):
 PSYoungGen      total 1054208K, used 1041600K [0x000000076b800000, 0x00000007bff80000, 0x00000007c0000000)
  eden space 1041408K, 100% used [0x000000076b800000,0x00000007ab100000,0x00000007ab100000)
  from space 12800K, 1% used [0x00000007ab100000,0x00000007ab130000,0x00000007abd80000)
  to   space 12288K, 0% used [0x00000007bf380000,0x00000007bf380000,0x00000007bff80000)
 ParOldGen       total 173568K, used 40720K [0x00000006c2800000, 0x00000006cd180000, 0x000000076b800000)
  object space 173568K, 23% used [0x00000006c2800000,0x00000006c4fc4158,0x00000006cd180000)
 Metaspace       used 8272K, capacity 8646K, committed 8960K, reserved 1056768K
  class space    used 655K, capacity 690K, committed 768K, reserved 1048576K
Event: 4.230 GC heap after
Heap after GC invocations=18 (full 0):
 PSYoungGen      total 993280K, used 192K [0x000000076b800000, 0x00000007bf400000, 0x00000007c0000000)
  eden space 992768K, 0% used [0x000000076b800000,0x000000076b800000,0x00000007a8180000)
  from space 512K, 37% used [0x00000007bf380000,0x00000007bf3b0000,0x00000007bf400000)
  to   space 11776K, 0% used [0x00000007bdd00000,0x00000007bdd00000,0x00000007be880000)
 ParOldGen       total 173568K, used 40736K [0x00000006c2800000, 0x00000006cd180000, 0x000000076b800000)
  object space 173568K, 23% used [0x00000006c2800000,0x00000006c4fc8158,0x00000006cd180000)
 Metaspace       used 8272K, capacity 8646K, committed 8960K, reserved 1056768K
  class space    used 655K, capacity 690K, committed 768K, reserved 1048576K
}
Event: 4.981 GC heap before
{Heap before GC invocations=19 (full 0):
 PSYoungGen      total 993280K, used 992960K [0x000000076b800000, 0x00000007bf400000, 0x00000007c0000000)
  eden space 992768K, 100% used [0x000000076b800000,0x00000007a8180000,0x00000007a8180000)
  from space 512K, 37% used [0x00000007bf380000,0x00000007bf3b0000,0x00000007bf400000)
  to   space 11776K, 0% used [0x00000007bdd00000,0x00000007bdd00000,0x00000007be880000)
 ParOldGen       total 173568K, used 40736K [0x00000006c2800000, 0x00000006cd180000, 0x000000076b800000)
  object space 173568K, 23% used [0x00000006c2800000,0x00000006c4fc8158,0x00000006cd180000)
 Metaspace       used 8273K, capacity 8646K, committed 8960K, reserved 1056768K
  class space    used 655K, capacity 690K, committed 768K, reserved 1048576K
Event: 4.982 GC heap after
Heap after GC invocations=19 (full 0):
 PSYoungGen      total 958464K, used 192K [0x000000076b800000, 0x00000007bf400000, 0x00000007c0000000)
  eden space 946688K, 0% used [0x000000076b800000,0x000000076b800000,0x00000007a5480000)
  from space 11776K, 1% used [0x00000007bdd00000,0x00000007bdd30000,0x00000007be880000)
  to   space 11264K, 0% used [0x00000007be900000,0x00000007be900000,0x00000007bf400000)
 ParOldGen       total 173568K, used 40744K [0x00000006c2800000, 0x00000006cd180000, 0x000000076b800000)
  object space 173568K, 23% used [0x00000006c2800000,0x00000006c4fca158,0x00000006cd180000)
 Metaspace       used 8273K, capacity 8646K, committed 8960K, reserved 1056768K
  class space    used 655K, capacity 690K, committed 768K, reserved 1048576K
}
Event: 5.689 GC heap before
{Heap before GC invocations=20 (full 0):
 PSYoungGen      total 958464K, used 946880K [0x000000076b800000, 0x00000007bf400000, 0x00000007c0000000)
  eden space 946688K, 100% used [0x000000076b800000,0x00000007a5480000,0x00000007a5480000)
  from space 11776K, 1% used [0x00000007bdd00000,0x00000007bdd30000,0x00000007be880000)
  to   space 11264K, 0% used [0x00000007be900000,0x00000007be900000,0x00000007bf400000)
 ParOldGen       total 173568K, used 40744K [0x00000006c2800000, 0x00000006cd180000, 0x000000076b800000)
  object space 173568K, 23% used [0x00000006c2800000,0x00000006c4fca158,0x00000006cd180000)
 Metaspace       used 8273K, capacity 8646K, committed 8960K, reserved 1056768K
  class space    used 655K, capacity 690K, committed 768K, reserved 1048576K
Event: 5.689 GC heap after
Heap after GC invocations=20 (full 0):
 PSYoungGen      total 903168K, used 192K [0x000000076b800000, 0x00000007be980000, 0x00000007c0000000)
  eden space 902656K, 0% used [0x000000076b800000,0x000000076b800000,0x00000007a2980000)
  from space 512K, 37% used [0x00000007be900000,0x00000007be930000,0x00000007be980000)
  to   space 10752K, 0% used [0x00000007bd480000,0x00000007bd480000,0x00000007bdf00000)
 ParOldGen       total 173568K, used 40744K [0x00000006c2800000, 0x00000006cd180000, 0x000000076b800000)
  object space 173568K, 23% used [0x00000006c2800000,0x00000006c4fca158,0x00000006cd180000)
 Metaspace       used 8273K, capacity 8646K, committed 8960K, reserved 1056768K
  class space    used 655K, capacity 690K, committed 768K, reserved 1048576K
}
Event: 6.377 GC heap before
{Heap before GC invocations=21 (full 0):
 PSYoungGen      total 903168K, used 902848K [0x000000076b800000, 0x00000007be980000, 0x00000007c0000000)
  eden space 902656K, 100% used [0x000000076b800000,0x00000007a2980000,0x00000007a2980000)
  from space 512K, 37% used [0x00000007be900000,0x00000007be930000,0x00000007be980000)
  to   space 10752K, 0% used [0x00000007bd480000,0x00000007bd480000,0x00000007bdf00000)
 ParOldGen       total 173568K, used 40744K [0x00000006c2800000, 0x00000006cd180000, 0x000000076b800000)
  object space 173568K, 23% used [0x00000006c2800000,0x00000006c4fca158,0x00000006cd180000)
 Metaspace       used 8281K, capacity 8710K, committed 8960K, reserved 1056768K
  class space    used 655K, capacity 690K, committed 768K, reserved 1048576K
Event: 6.377 GC heap after
Heap after GC invocations=21 (full 0):
 PSYoungGen      total 871424K, used 160K [0x000000076b800000, 0x00000007be980000, 0x00000007c0000000)
  eden space 860672K, 0% used [0x000000076b800000,0x000000076b800000,0x00000007a0080000)
  from space 10752K, 1% used [0x00000007bd480000,0x00000007bd4a8000,0x00000007bdf00000)
  to   space 10240K, 0% used [0x00000007bdf80000,0x00000007bdf80000,0x00000007be980000)
 ParOldGen       total 173568K, used 40744K [0x00000006c2800000, 0x00000006cd180000, 0x000000076b800000)
  object space 173568K, 23% used [0x00000006c2800000,0x00000006c4fca158,0x00000006cd180000)
 Metaspace       used 8281K, capacity 8710K, committed 8960K, reserved 1056768K
  class space    used 655K, capacity 690K, committed 768K, reserved 1048576K
}

