# JRE version: Java(TM) SE Runtime Environment (8.0_65-b17) (build 1.8.0_65-b17)
# Java VM: Java HotSpot(TM) 64-Bit Server VM (25.65-b01 mixed mode windows-amd64 compressed oops)
Heap:
 PSYoungGen      total 52224K, used 38299K [0x000000076b800000, 0x00000007bb780000, 0x00000007c0000000)
  eden space 51712K, 73% used [0x000000076b800000,0x000000076dd3ee58,0x000000076ea80000)
  from space 512K, 31% used [0x00000007bb700000,0x00000007bb728000,0x00000007bb780000)
  to   space 512K, 0% used [0x00000007bb680000,0x00000007bb680000,0x00000007bb700000)
 ParOldGen       total 173568K, used 24500K [0x00000006c2800000, 0x00000006cd180000, 0x000000076b800000)
  object space 173568K, 14% used [0x00000006c2800000,0x00000006c3fed1a0,0x00000006cd180000)
 Metaspace       used 8366K, capacity 8774K, committed 8960K, reserved 1056768K
  class space    used 659K, capacity 690K, committed 768K, reserved 1048576K
GC Heap History (10 events):
Event: 35.801 GC heap before
{Heap before GC invocations=282 (full 0):
 PSYoungGen      total 57344K, used 56992K [0x000000076b800000, 0x00000007bb780000, 0x00000007c0000000)
  eden space 56832K, 100% used [0x000000076b800000,0x000000076ef80000,0x000000076ef80000)
  from space 512K, 31% used [0x00000007bb680000,0x00000007bb6a8000,0x00000007bb700000)
  to   space 512K, 0% used [0x00000007bb700000,0x00000007bb700000,0x00000007bb780000)
 ParOldGen       total 173568K, used 24500K [0x00000006c2800000, 0x00000006cd180000, 0x000000076b800000)
  object space 173568K, 14% used [0x00000006c2800000,0x00000006c3fed1a0,0x00000006cd180000)
 Metaspace       used 8365K, capacity 8774K, committed 8960K, reserved 1056768K
  class space    used 659K, capacity 690K, committed 768K, reserved 1048576K
Event: 35.802 GC heap after
Heap after GC invocations=282 (full 0):
 PSYoungGen      total 56320K, used 192K [0x000000076b800000, 0x00000007bb780000, 0x00000007c0000000)
  eden space 55808K, 0% used [0x000000076b800000,0x000000076b800000,0x000000076ee80000)
  from space 512K, 37% used [0x00000007bb700000,0x00000007bb730000,0x00000007bb780000)
  to   space 512K, 0% used [0x00000007bb680000,0x00000007bb680000,0x00000007bb700000)
 ParOldGen       total 173568K, used 24500K [0x00000006c2800000, 0x00000006cd180000, 0x000000076b800000)
  object space 173568K, 14% used [0x00000006c2800000,0x00000006c3fed1a0,0x00000006cd180000)
 Metaspace       used 8365K, capacity 8774K, committed 8960K, reserved 1056768K
  class space    used 659K, capacity 690K, committed 768K, reserved 1048576K
}
Event: 35.862 GC heap before
{Heap before GC invocations=283 (full 0):
 PSYoungGen      total 56320K, used 56000K [0x000000076b800000, 0x00000007bb780000, 0x00000007c0000000)
  eden space 55808K, 100% used [0x000000076b800000,0x000000076ee80000,0x000000076ee80000)
  from space 512K, 37% used [0x00000007bb700000,0x00000007bb730000,0x00000007bb780000)
  to   space 512K, 0% used [0x00000007bb680000,0x00000007bb680000,0x00000007bb700000)
 ParOldGen       total 173568K, used 24500K [0x00000006c2800000, 0x00000006cd180000, 0x000000076b800000)
  object space 173568K, 14% used [0x00000006c2800000,0x00000006c3fed1a0,0x00000006cd180000)
 Metaspace       used 8365K, capacity 8774K, committed 8960K, reserved 1056768K
  class space    used 659K, capacity 690K, committed 768K, reserved 1048576K
Event: 35.862 GC heap after
Heap after GC invocations=283 (full 0):
 PSYoungGen      total 55296K, used 192K [0x000000076b800000, 0x00000007bb780000, 0x00000007c0000000)
  eden space 54784K, 0% used [0x000000076b800000,0x000000076b800000,0x000000076ed80000)
  from space 512K, 37% used [0x00000007bb680000,0x00000007bb6b0000,0x00000007bb700000)
  to   space 512K, 0% used [0x00000007bb700000,0x00000007bb700000,0x00000007bb780000)
 ParOldGen       total 173568K, used 24500K [0x00000006c2800000, 0x00000006cd180000, 0x000000076b800000)
  object space 173568K, 14% used [0x00000006c2800000,0x00000006c3fed1a0,0x00000006cd180000)
 Metaspace       used 8365K, capacity 8774K, committed 8960K, reserved 1056768K
  class space    used 659K, capacity 690K, committed 768K, reserved 1048576K
}
Event: 35.919 GC heap before
{Heap before GC invocations=284 (full 0):
 PSYoungGen      total 55296K, used 54976K [0x000000076b800000, 0x00000007bb780000, 0x00000007c0000000)
  eden space 54784K, 100% used [0x000000076b800000,0x000000076ed80000,0x000000076ed80000)
  from space 512K, 37% used [0x00000007bb680000,0x00000007bb6b0000,0x00000007bb700000)
  to   space 512K, 0% used [0x00000007bb700000,0x00000007bb700000,0x00000007bb780000)
 ParOldGen       total 173568K, used 24500K [0x00000006c2800000, 0x00000006cd180000, 0x000000076b800000)
  object space 173568K, 14% used [0x00000006c2800000,0x00000006c3fed1a0,0x00000006cd180000)
 Metaspace       used 8365K, capacity 8774K, committed 8960K, reserved 1056768K
  class space    used 659K, capacity 690K, committed 768K, reserved 1048576K
Event: 35.920 GC heap after
Heap after GC invocations=284 (full 0):
 PSYoungGen      total 54272K, used 128K [0x000000076b800000, 0x00000007bb780000, 0x00000007c0000000)
  eden space 53760K, 0% used [0x000000076b800000,0x000000076b800000,0x000000076ec80000)
  from space 512K, 25% used [0x00000007bb700000,0x00000007bb720000,0x00000007bb780000)
  to   space 512K, 0% used [0x00000007bb680000,0x00000007bb680000,0x00000007bb700000)
 ParOldGen       total 173568K, used 24500K [0x00000006c2800000, 0x00000006cd180000, 0x000000076b800000)
  object space 173568K, 14% used [0x00000006c2800000,0x00000006c3fed1a0,0x00000006cd180000)
 Metaspace       used 8365K, capacity 8774K, committed 8960K, reserved 1056768K
  class space    used 659K, capacity 690K, committed 768K, reserved 1048576K
}
Event: 35.975 GC heap before
{Heap before GC invocations=285 (full 0):
 PSYoungGen      total 54272K, used 53888K [0x000000076b800000, 0x00000007bb780000, 0x00000007c0000000)
  eden space 53760K, 100% used [0x000000076b800000,0x000000076ec80000,0x000000076ec80000)
  from space 512K, 25% used [0x00000007bb700000,0x00000007bb720000,0x00000007bb780000)
  to   space 512K, 0% used [0x00000007bb680000,0x00000007bb680000,0x00000007bb700000)
 ParOldGen       total 173568K, used 24500K [0x00000006c2800000, 0x00000006cd180000, 0x000000076b800000)
  object space 173568K, 14% used [0x00000006c2800000,0x00000006c3fed1a0,0x00000006cd180000)
 Metaspace       used 8365K, capacity 8774K, committed 8960K, reserved 1056768K
  class space    used 659K, capacity 690K, committed 768K, reserved 1048576K
Event: 35.976 GC heap after
Heap after GC invocations=285 (full 0):
 PSYoungGen      total 53248K, used 96K [0x000000076b800000, 0x00000007bb780000, 0x00000007c0000000)
  eden space 52736K, 0% used [0x000000076b800000,0x000000076b800000,0x000000076eb80000)
  from space 512K, 18% used [0x00000007bb680000,0x00000007bb698000,0x00000007bb700000)
  to   space 512K, 0% used [0x00000007bb700000,0x00000007bb700000,0x00000007bb780000)
 ParOldGen       total 173568K, used 24500K [0x00000006c2800000, 0x00000006cd180000, 0x000000076b800000)
  object space 173568K, 14% used [0x00000006c2800000,0x00000006c3fed1a0,0x00000006cd180000)
 Metaspace       used 8365K, capacity 8774K, committed 8960K, reserved 1056768K
  class space    used 659K, capacity 690K, committed 768K, reserved 1048576K
}
Event: 36.030 GC heap before
{Heap before GC invocations=286 (full 0):
 PSYoungGen      total 53248K, used 52832K [0x000000076b800000, 0x00000007bb780000, 0x00000007c0000000)
  eden space 52736K, 100% used [0x000000076b800000,0x000000076eb80000,0x000000076eb80000)
  from space 512K, 18% used [0x00000007bb680000,0x00000007bb698000,0x00000007bb700000)
  to   space 512K, 0% used [0x00000007bb700000,0x00000007bb700000,0x00000007bb780000)
 ParOldGen       total 173568K, used 24500K [0x00000006c2800000, 0x00000006cd180000, 0x000000076b800000)
  object space 173568K, 14% used [0x00000006c2800000,0x00000006c3fed1a0,0x00000006cd180000)
 Metaspace       used 8365K, capacity 8774K, committed 8960K, reserved 1056768K
  class space    used 659K, capacity 690K, committed 768K, reserved 1048576K
Event: 36.031 GC heap after
Heap after GC invocations=286 (full 0):
 PSYoungGen      total 52224K, used 160K [0x000000076b800000, 0x00000007bb780000, 0x00000007c0000000)
  eden space 51712K, 0% used [0x000000076b800000,0x000000076b800000,0x000000076ea80000)
  from space 512K, 31% used [0x00000007bb700000,0x00000007bb728000,0x00000007bb780000)
  to   space 512K, 0% used [0x00000007bb680000,0x00000007bb680000,0x00000007bb700000)
 ParOldGen       total 173568K, used 24500K [0x00000006c2800000, 0x00000006cd180000, 0x000000076b800000)
  object space 173568K, 14% used [0x00000006c2800000,0x00000006c3fed1a0,0x00000006cd180000)
 Metaspace       used 8365K, capacity 8774K, committed 8960K, reserved 1056768K
  class space    used 659K, capacity 690K, committed 768K, reserved 1048576K
}

