# JRE version: Java(TM) SE Runtime Environment (8.0_65-b17) (build 1.8.0_65-b17)
# Java VM: Java HotSpot(TM) 64-Bit Server VM (25.65-b01 mixed mode windows-amd64 compressed oops)
Heap:
 PSYoungGen      total 42496K, used 20774K [0x000000076b800000, 0x00000007a9500000, 0x00000007c0000000)
  eden space 41984K, 48% used [0x000000076b800000,0x000000076cc09958,0x000000076e100000)
  from space 512K, 50% used [0x00000007a9400000,0x00000007a9440000,0x00000007a9480000)
  to   space 512K, 0% used [0x00000007a9480000,0x00000007a9480000,0x00000007a9500000)
 ParOldGen       total 173568K, used 12964K [0x00000006c2800000, 0x00000006cd180000, 0x000000076b800000)
  object space 173568K, 7% used [0x00000006c2800000,0x00000006c34a9080,0x00000006cd180000)
 Metaspace       used 8386K, capacity 8774K, committed 8960K, reserved 1056768K
  class space    used 662K, capacity 690K, committed 768K, reserved 1048576K
GC Heap History (10 events):
Event: 22.174 GC heap before
{Heap before GC invocations=177 (full 0):
 PSYoungGen      total 45056K, used 44768K [0x000000076b800000, 0x00000007a9500000, 0x00000007c0000000)
  eden space 44544K, 100% used [0x000000076b800000,0x000000076e380000,0x000000076e380000)
  from space 512K, 43% used [0x00000007a9480000,0x00000007a94b8000,0x00000007a9500000)
  to   space 512K, 0% used [0x00000007a9400000,0x00000007a9400000,0x00000007a9480000)
 ParOldGen       total 173568K, used 12964K [0x00000006c2800000, 0x00000006cd180000, 0x000000076b800000)
  object space 173568K, 7% used [0x00000006c2800000,0x00000006c34a9080,0x00000006cd180000)
 Metaspace       used 8386K, capacity 8774K, committed 8960K, reserved 1056768K
  class space    used 662K, capacity 690K, committed 768K, reserved 1048576K
Event: 22.174 GC heap after
Heap after GC invocations=177 (full 0):
 PSYoungGen      total 44544K, used 224K [0x000000076b800000, 0x00000007a9500000, 0x00000007c0000000)
  eden space 44032K, 0% used [0x000000076b800000,0x000000076b800000,0x000000076e300000)
  from space 512K, 43% used [0x00000007a9400000,0x00000007a9438000,0x00000007a9480000)
  to   space 512K, 0% used [0x00000007a9480000,0x00000007a9480000,0x00000007a9500000)
 ParOldGen       total 173568K, used 12964K [0x00000006c2800000, 0x00000006cd180000, 0x000000076b800000)
  object space 173568K, 7% used [0x00000006c2800000,0x00000006c34a9080,0x00000006cd180000)
 Metaspace       used 8386K, capacity 8774K, committed 8960K, reserved 1056768K
  class space    used 662K, capacity 690K, committed 768K, reserved 1048576K
}
Event: 22.228 GC heap before
{Heap before GC invocations=178 (full 0):
 PSYoungGen      total 44544K, used 44256K [0x000000076b800000, 0x00000007a9500000, 0x00000007c0000000)
  eden space 44032K, 100% used [0x000000076b800000,0x000000076e300000,0x000000076e300000)
  from space 512K, 43% used [0x00000007a9400000,0x00000007a9438000,0x00000007a9480000)
  to   space 512K, 0% used [0x00000007a9480000,0x00000007a9480000,0x00000007a9500000)
 ParOldGen       total 173568K, used 12964K [0x00000006c2800000, 0x00000006cd180000, 0x000000076b800000)
  object space 173568K, 7% used [0x00000006c2800000,0x00000006c34a9080,0x00000006cd180000)
 Metaspace       used 8386K, capacity 8774K, committed 8960K, reserved 1056768K
  class space    used 662K, capacity 690K, committed 768K, reserved 1048576K
Event: 22.228 GC heap after
Heap after GC invocations=178 (full 0):
 PSYoungGen      total 44032K, used 224K [0x000000076b800000, 0x00000007a9500000, 0x00000007c0000000)
  eden space 43520K, 0% used [0x000000076b800000,0x000000076b800000,0x000000076e280000)
  from space 512K, 43% used [0x00000007a9480000,0x00000007a94b8000,0x00000007a9500000)
  to   space 512K, 0% used [0x00000007a9400000,0x00000007a9400000,0x00000007a9480000)
 ParOldGen       total 173568K, used 12964K [0x00000006c2800000, 0x00000006cd180000, 0x000000076b800000)
  object space 173568K, 7% used [0x00000006c2800000,0x00000006c34a9080,0x00000006cd180000)
 Metaspace       used 8386K, capacity 8774K, committed 8960K, reserved 1056768K
  class space    used 662K, capacity 690K, committed 768K, reserved 1048576K
}
Event: 22.277 GC heap before
{Heap before GC invocations=179 (full 0):
 PSYoungGen      total 44032K, used 43744K [0x000000076b800000, 0x00000007a9500000, 0x00000007c0000000)
  eden space 43520K, 100% used [0x000000076b800000,0x000000076e280000,0x000000076e280000)
  from space 512K, 43% used [0x00000007a9480000,0x00000007a94b8000,0x00000007a9500000)
  to   space 512K, 0% used [0x00000007a9400000,0x00000007a9400000,0x00000007a9480000)
 ParOldGen       total 173568K, used 12964K [0x00000006c2800000, 0x00000006cd180000, 0x000000076b800000)
  object space 173568K, 7% used [0x00000006c2800000,0x00000006c34a9080,0x00000006cd180000)
 Metaspace       used 8386K, capacity 8774K, committed 8960K, reserved 1056768K
  class space    used 662K, capacity 690K, committed 768K, reserved 1048576K
Event: 22.277 GC heap after
Heap after GC invocations=179 (full 0):
 PSYoungGen      total 43520K, used 224K [0x000000076b800000, 0x00000007a9500000, 0x00000007c0000000)
  eden space 43008K, 0% used [0x000000076b800000,0x000000076b800000,0x000000076e200000)
  from space 512K, 43% used [0x00000007a9400000,0x00000007a9438000,0x00000007a9480000)
  to   space 512K, 0% used [0x00000007a9480000,0x00000007a9480000,0x00000007a9500000)
 ParOldGen       total 173568K, used 12964K [0x00000006c2800000, 0x00000006cd180000, 0x000000076b800000)
  object space 173568K, 7% used [0x00000006c2800000,0x00000006c34a9080,0x00000006cd180000)
 Metaspace       used 8386K, capacity 8774K, committed 8960K, reserved 1056768K
  class space    used 662K, capacity 690K, committed 768K, reserved 1048576K
}
Event: 22.325 GC heap before
{Heap before GC invocations=180 (full 0):
 PSYoungGen      total 43520K, used 43232K [0x000000076b800000, 0x00000007a9500000, 0x00000007c0000000)
  eden space 43008K, 100% used [0x000000076b800000,0x000000076e200000,0x000000076e200000)
  from space 512K, 43% used [0x00000007a9400000,0x00000007a9438000,0x00000007a9480000)
  to   space 512K, 0% used [0x00000007a9480000,0x00000007a9480000,0x00000007a9500000)
 ParOldGen       total 173568K, used 12964K [0x00000006c2800000, 0x00000006cd180000, 0x000000076b800000)
  object space 173568K, 7% used [0x00000006c2800000,0x00000006c34a9080,0x00000006cd180000)
 Metaspace       used 8386K, capacity 8774K, committed 8960K, reserved 1056768K
  class space    used 662K, capacity 690K, committed 768K, reserved 1048576K
Event: 22.325 GC heap after
Heap after GC invocations=180 (full 0):
 PSYoungGen      total 43008K, used 192K [0x000000076b800000, 0x00000007a9500000, 0x00000007c0000000)
  eden space 42496K, 0% used [0x000000076b800000,0x000000076b800000,0x000000076e180000)
  from space 512K, 37% used [0x00000007a9480000,0x00000007a94b0000,0x00000007a9500000)
  to   space 512K, 0% used [0x00000007a9400000,0x00000007a9400000,0x00000007a9480000)
 ParOldGen       total 173568K, used 12964K [0x00000006c2800000, 0x00000006cd180000, 0x000000076b800000)
  object space 173568K, 7% used [0x00000006c2800000,0x00000006c34a9080,0x00000006cd180000)
 Metaspace       used 8386K, capacity 8774K, committed 8960K, reserved 1056768K
  class space    used 662K, capacity 690K, committed 768K, reserved 1048576K
}
Event: 22.363 GC heap before
{Heap before GC invocations=181 (full 0):
 PSYoungGen      total 43008K, used 42688K [0x000000076b800000, 0x00000007a9500000, 0x00000007c0000000)
  eden space 42496K, 100% used [0x000000076b800000,0x000000076e180000,0x000000076e180000)
  from space 512K, 37% used [0x00000007a9480000,0x00000007a94b0000,0x00000007a9500000)
  to   space 512K, 0% used [0x00000007a9400000,0x00000007a9400000,0x00000007a9480000)
 ParOldGen       total 173568K, used 12964K [0x00000006c2800000, 0x00000006cd180000, 0x000000076b800000)
  object space 173568K, 7% used [0x00000006c2800000,0x00000006c34a9080,0x00000006cd180000)
 Metaspace       used 8386K, capacity 8774K, committed 8960K, reserved 1056768K
  class space    used 662K, capacity 690K, committed 768K, reserved 1048576K
Event: 22.363 GC heap after
Heap after GC invocations=181 (full 0):
 PSYoungGen      total 42496K, used 256K [0x000000076b800000, 0x00000007a9500000, 0x00000007c0000000)
  eden space 41984K, 0% used [0x000000076b800000,0x000000076b800000,0x000000076e100000)
  from space 512K, 50% used [0x00000007a9400000,0x00000007a9440000,0x00000007a9480000)
  to   space 512K, 0% used [0x00000007a9480000,0x00000007a9480000,0x00000007a9500000)
 ParOldGen       total 173568K, used 12964K [0x00000006c2800000, 0x00000006cd180000, 0x000000076b800000)
  object space 173568K, 7% used [0x00000006c2800000,0x00000006c34a9080,0x00000006cd180000)
 Metaspace       used 8386K, capacity 8774K, committed 8960K, reserved 1056768K
  class space    used 662K, capacity 690K, committed 768K, reserved 1048576K
}

