# JRE version: Java(TM) SE Runtime Environment (8.0_65-b17) (build 1.8.0_65-b17)
# Java VM: Java HotSpot(TM) 64-Bit Server VM (25.65-b01 mixed mode windows-amd64 compressed oops)
Heap:
 PSYoungGen      total 1262080K, used 1261824K [0x000000076b800000, 0x00000007be480000, 0x00000007c0000000)
  eden space 1261568K, 100% used [0x000000076b800000,0x00000007b8800000,0x00000007b8800000)
  from space 512K, 50% used [0x00000007be400000,0x00000007be440000,0x00000007be480000)
  to   space 26112K, 0% used [0x00000007bb180000,0x00000007bb180000,0x00000007bcb00000)
 ParOldGen       total 173568K, used 33156K [0x00000006c2800000, 0x00000006cd180000, 0x000000076b800000)
  object space 173568K, 19% used [0x00000006c2800000,0x00000006c4861060,0x00000006cd180000)
 Metaspace       used 8316K, capacity 8710K, committed 8960K, reserved 1056768K
  class space    used 658K, capacity 690K, committed 768K, reserved 1048576K
GC Heap History (10 events):
Event: 4.885 GC heap before
{Heap before GC invocations=10 (full 0):
 PSYoungGen      total 551936K, used 520448K [0x000000076b800000, 0x00000007a2200000, 0x00000007c0000000)
  eden space 520192K, 100% used [0x000000076b800000,0x000000078b400000,0x000000078b400000)
  from space 31744K, 0% used [0x000000078b400000,0x000000078b440000,0x000000078d300000)
  to   space 31232K, 0% used [0x00000007a0380000,0x00000007a0380000,0x00000007a2200000)
 ParOldGen       total 173568K, used 33060K [0x00000006c2800000, 0x00000006cd180000, 0x000000076b800000)
  object space 173568K, 19% used [0x00000006c2800000,0x00000006c4849060,0x00000006cd180000)
 Metaspace       used 8240K, capacity 8646K, committed 8960K, reserved 1056768K
  class space    used 656K, capacity 690K, committed 768K, reserved 1048576K
Event: 4.885 GC heap after
Heap after GC invocations=10 (full 0):
 PSYoungGen      total 861696K, used 192K [0x000000076b800000, 0x00000007a2000000, 0x00000007c0000000)
  eden space 832512K, 0% used [0x000000076b800000,0x000000076b800000,0x000000079e500000)
  from space 29184K, 0% used [0x00000007a0380000,0x00000007a03b0000,0x00000007a2000000)
  to   space 30208K, 0% used [0x000000079e500000,0x000000079e500000,0x00000007a0280000)
 ParOldGen       total 173568K, used 33060K [0x00000006c2800000, 0x00000006cd180000, 0x000000076b800000)
  object space 173568K, 19% used [0x00000006c2800000,0x00000006c4849060,0x00000006cd180000)
 Metaspace       used 8240K, capacity 8646K, committed 8960K, reserved 1056768K
  class space    used 656K, capacity 690K, committed 768K, reserved 1048576K
}
Event: 5.721 GC heap before
{Heap before GC invocations=11 (full 0):
 PSYoungGen      total 861696K, used 832704K [0x000000076b800000, 0x00000007a2000000, 0x00000007c0000000)
  eden space 832512K, 100% used [0x000000076b800000,0x000000079e500000,0x000000079e500000)
  from space 29184K, 0% used [0x00000007a0380000,0x00000007a03b0000,0x00000007a2000000)
  to   space 30208K, 0% used [0x000000079e500000,0x000000079e500000,0x00000007a0280000)
 ParOldGen       total 173568K, used 33060K [0x00000006c2800000, 0x00000006cd180000, 0x000000076b800000)
  object space 173568K, 19% used [0x00000006c2800000,0x00000006c4849060,0x00000006cd180000)
 Metaspace       used 8263K, capacity 8646K, committed 8960K, reserved 1056768K
  class space    used 656K, capacity 690K, committed 768K, reserved 1048576K
Event: 5.722 GC heap after
Heap after GC invocations=11 (full 0):
 PSYoungGen      total 862720K, used 192K [0x000000076b800000, 0x00000007c0000000, 0x00000007c0000000)
  eden space 832512K, 0% used [0x000000076b800000,0x000000076b800000,0x000000079e500000)
  from space 30208K, 0% used [0x000000079e500000,0x000000079e530000,0x00000007a0280000)
  to   space 29696K, 0% used [0x00000007be300000,0x00000007be300000,0x00000007c0000000)
 ParOldGen       total 173568K, used 33124K [0x00000006c2800000, 0x00000006cd180000, 0x000000076b800000)
  object space 173568K, 19% used [0x00000006c2800000,0x00000006c4859060,0x00000006cd180000)
 Metaspace       used 8263K, capacity 8646K, committed 8960K, reserved 1056768K
  class space    used 656K, capacity 690K, committed 768K, reserved 1048576K
}
Event: 6.506 GC heap before
{Heap before GC invocations=12 (full 0):
 PSYoungGen      total 862720K, used 832704K [0x000000076b800000, 0x00000007c0000000, 0x00000007c0000000)
  eden space 832512K, 100% used [0x000000076b800000,0x000000079e500000,0x000000079e500000)
  from space 30208K, 0% used [0x000000079e500000,0x000000079e530000,0x00000007a0280000)
  to   space 29696K, 0% used [0x00000007be300000,0x00000007be300000,0x00000007c0000000)
 ParOldGen       total 173568K, used 33124K [0x00000006c2800000, 0x00000006cd180000, 0x000000076b800000)
  object space 173568K, 19% used [0x00000006c2800000,0x00000006c4859060,0x00000006cd180000)
 Metaspace       used 8284K, capacity 8646K, committed 8960K, reserved 1056768K
  class space    used 656K, capacity 690K, committed 768K, reserved 1048576K
Event: 6.507 GC heap after
Heap after GC invocations=12 (full 0):
 PSYoungGen      total 1351680K, used 160K [0x000000076b800000, 0x00000007bfd80000, 0x00000007c0000000)
  eden space 1324544K, 0% used [0x000000076b800000,0x000000076b800000,0x00000007bc580000)
  from space 27136K, 0% used [0x00000007be300000,0x00000007be328000,0x00000007bfd80000)
  to   space 28672K, 0% used [0x00000007bc580000,0x00000007bc580000,0x00000007be180000)
 ParOldGen       total 173568K, used 33148K [0x00000006c2800000, 0x00000006cd180000, 0x000000076b800000)
  object space 173568K, 19% used [0x00000006c2800000,0x00000006c485f060,0x00000006cd180000)
 Metaspace       used 8284K, capacity 8646K, committed 8960K, reserved 1056768K
  class space    used 656K, capacity 690K, committed 768K, reserved 1048576K
}
Event: 7.857 GC heap before
{Heap before GC invocations=13 (full 0):
 PSYoungGen      total 1351680K, used 1324704K [0x000000076b800000, 0x00000007bfd80000, 0x00000007c0000000)
  eden space 1324544K, 100% used [0x000000076b800000,0x00000007bc580000,0x00000007bc580000)
  from space 27136K, 0% used [0x00000007be300000,0x00000007be328000,0x00000007bfd80000)
  to   space 28672K, 0% used [0x00000007bc580000,0x00000007bc580000,0x00000007be180000)
 ParOldGen       total 173568K, used 33148K [0x00000006c2800000, 0x00000006cd180000, 0x000000076b800000)
  object space 173568K, 19% used [0x00000006c2800000,0x00000006c485f060,0x00000006cd180000)
 Metaspace       used 8286K, capacity 8710K, committed 8960K, reserved 1056768K
  class space    used 656K, capacity 690K, committed 768K, reserved 1048576K
Event: 7.858 GC heap after
Heap after GC invocations=13 (full 0):
 PSYoungGen      total 1353216K, used 224K [0x000000076b800000, 0x00000007bfe80000, 0x00000007c0000000)
  eden space 1324544K, 0% used [0x000000076b800000,0x000000076b800000,0x00000007bc580000)
  from space 28672K, 0% used [0x00000007bc580000,0x00000007bc5b8000,0x00000007be180000)
  to   space 27136K, 0% used [0x00000007be400000,0x00000007be400000,0x00000007bfe80000)
 ParOldGen       total 173568K, used 33156K [0x00000006c2800000, 0x00000006cd180000, 0x000000076b800000)
  object space 173568K, 19% used [0x00000006c2800000,0x00000006c4861060,0x00000006cd180000)
 Metaspace       used 8286K, capacity 8710K, committed 8960K, reserved 1056768K
  class space    used 656K, capacity 690K, committed 768K, reserved 1048576K
}
Event: 9.163 GC heap before
{Heap before GC invocations=14 (full 0):
 PSYoungGen      total 1353216K, used 1324768K [0x000000076b800000, 0x00000007bfe80000, 0x00000007c0000000)
  eden space 1324544K, 100% used [0x000000076b800000,0x00000007bc580000,0x00000007bc580000)
  from space 28672K, 0% used [0x00000007bc580000,0x00000007bc5b8000,0x00000007be180000)
  to   space 27136K, 0% used [0x00000007be400000,0x00000007be400000,0x00000007bfe80000)
 ParOldGen       total 173568K, used 33156K [0x00000006c2800000, 0x00000006cd180000, 0x000000076b800000)
  object space 173568K, 19% used [0x00000006c2800000,0x00000006c4861060,0x00000006cd180000)
 Metaspace       used 8296K, capacity 8710K, committed 8960K, reserved 1056768K
  class space    used 656K, capacity 690K, committed 768K, reserved 1048576K
Event: 9.164 GC heap after
Heap after GC invocations=14 (full 0):
 PSYoungGen      total 1262080K, used 256K [0x000000076b800000, 0x00000007be480000, 0x00000007c0000000)
  eden space 1261568K, 0% used [0x000000076b800000,0x000000076b800000,0x00000007b8800000)
  from space 512K, 50% used [0x00000007be400000,0x00000007be440000,0x00000007be480000)
  to   space 26112K, 0% used [0x00000007bb180000,0x00000007bb180000,0x00000007bcb00000)
 ParOldGen       total 173568K, used 33156K [0x00000006c2800000, 0x00000006cd180000, 0x000000076b800000)
  object space 173568K, 19% used [0x00000006c2800000,0x00000006c4861060,0x00000006cd180000)
 Metaspace       used 8296K, capacity 8710K, committed 8960K, reserved 1056768K
  class space    used 656K, capacity 690K, committed 768K, reserved 1048576K
}

