# JRE version: Java(TM) SE Runtime Environment (8.0_65-b17) (build 1.8.0_65-b17)
# Java VM: Java HotSpot(TM) 64-Bit Server VM (25.65-b01 mixed mode windows-amd64 compressed oops)
Heap:
 PSYoungGen      total 677888K, used 208387K [0x000000076b800000, 0x00000007ba980000, 0x00000007c0000000)
  eden space 677376K, 30% used [0x000000076b800000,0x0000000778358fd0,0x0000000794d80000)
  from space 512K, 31% used [0x00000007ba900000,0x00000007ba928000,0x00000007ba980000)
  to   space 3072K, 0% used [0x00000007ba380000,0x00000007ba380000,0x00000007ba680000)
 ParOldGen       total 173568K, used 10717K [0x00000006c2800000, 0x00000006cd180000, 0x000000076b800000)
  object space 173568K, 6% used [0x00000006c2800000,0x00000006c32775a8,0x00000006cd180000)
 Metaspace       used 8352K, capacity 8774K, committed 8960K, reserved 1056768K
  class space    used 658K, capacity 690K, committed 768K, reserved 1048576K
GC Heap History (10 events):
Event: 11.874 GC heap before
{Heap before GC invocations=22 (full 0):
 PSYoungGen      total 860672K, used 856224K [0x000000076b800000, 0x00000007bb400000, 0x00000007c0000000)
  eden space 856064K, 100% used [0x000000076b800000,0x000000079fc00000,0x000000079fc00000)
  from space 4608K, 3% used [0x00000007bab00000,0x00000007bab28000,0x00000007baf80000)
  to   space 4608K, 0% used [0x00000007baf80000,0x00000007baf80000,0x00000007bb400000)
 ParOldGen       total 173568K, used 10717K [0x00000006c2800000, 0x00000006cd180000, 0x000000076b800000)
  object space 173568K, 6% used [0x00000006c2800000,0x00000006c32775a8,0x00000006cd180000)
 Metaspace       used 8352K, capacity 8774K, committed 8960K, reserved 1056768K
  class space    used 658K, capacity 690K, committed 768K, reserved 1048576K
Event: 11.875 GC heap after
Heap after GC invocations=22 (full 0):
 PSYoungGen      total 817152K, used 192K [0x000000076b800000, 0x00000007bb000000, 0x00000007c0000000)
  eden space 816640K, 0% used [0x000000076b800000,0x000000076b800000,0x000000079d580000)
  from space 512K, 37% used [0x00000007baf80000,0x00000007bafb0000,0x00000007bb000000)
  to   space 4096K, 0% used [0x00000007ba800000,0x00000007ba800000,0x00000007bac00000)
 ParOldGen       total 173568K, used 10717K [0x00000006c2800000, 0x00000006cd180000, 0x000000076b800000)
  object space 173568K, 6% used [0x00000006c2800000,0x00000006c32775a8,0x00000006cd180000)
 Metaspace       used 8352K, capacity 8774K, committed 8960K, reserved 1056768K
  class space    used 658K, capacity 690K, committed 768K, reserved 1048576K
}
Event: 12.560 GC heap before
{Heap before GC invocations=23 (full 0):
 PSYoungGen      total 817152K, used 816832K [0x000000076b800000, 0x00000007bb000000, 0x00000007c0000000)
  eden space 816640K, 100% used [0x000000076b800000,0x000000079d580000,0x000000079d580000)
  from space 512K, 37% used [0x00000007baf80000,0x00000007bafb0000,0x00000007bb000000)
  to   space 4096K, 0% used [0x00000007ba800000,0x00000007ba800000,0x00000007bac00000)
 ParOldGen       total 173568K, used 10717K [0x00000006c2800000, 0x00000006cd180000, 0x000000076b800000)
  object space 173568K, 6% used [0x00000006c2800000,0x00000006c32775a8,0x00000006cd180000)
 Metaspace       used 8352K, capacity 8774K, committed 8960K, reserved 1056768K
  class space    used 658K, capacity 690K, committed 768K, reserved 1048576K
Event: 12.560 GC heap after
Heap after GC invocations=23 (full 0):
 PSYoungGen      total 783360K, used 192K [0x000000076b800000, 0x00000007bb000000, 0x00000007c0000000)
  eden space 779264K, 0% used [0x000000076b800000,0x000000076b800000,0x000000079b100000)
  from space 4096K, 4% used [0x00000007ba800000,0x00000007ba830000,0x00000007bac00000)
  to   space 4096K, 0% used [0x00000007bac00000,0x00000007bac00000,0x00000007bb000000)
 ParOldGen       total 173568K, used 10717K [0x00000006c2800000, 0x00000006cd180000, 0x000000076b800000)
  object space 173568K, 6% used [0x00000006c2800000,0x00000006c32775a8,0x00000006cd180000)
 Metaspace       used 8352K, capacity 8774K, committed 8960K, reserved 1056768K
  class space    used 658K, capacity 690K, committed 768K, reserved 1048576K
}
Event: 13.201 GC heap before
{Heap before GC invocations=24 (full 0):
 PSYoungGen      total 783360K, used 779456K [0x000000076b800000, 0x00000007bb000000, 0x00000007c0000000)
  eden space 779264K, 100% used [0x000000076b800000,0x000000079b100000,0x000000079b100000)
  from space 4096K, 4% used [0x00000007ba800000,0x00000007ba830000,0x00000007bac00000)
  to   space 4096K, 0% used [0x00000007bac00000,0x00000007bac00000,0x00000007bb000000)
 ParOldGen       total 173568K, used 10717K [0x00000006c2800000, 0x00000006cd180000, 0x000000076b800000)
  object space 173568K, 6% used [0x00000006c2800000,0x00000006c32775a8,0x00000006cd180000)
 Metaspace       used 8352K, capacity 8774K, committed 8960K, reserved 1056768K
  class space    used 658K, capacity 690K, committed 768K, reserved 1048576K
Event: 13.202 GC heap after
Heap after GC invocations=24 (full 0):
 PSYoungGen      total 743936K, used 192K [0x000000076b800000, 0x00000007bac80000, 0x00000007c0000000)
  eden space 743424K, 0% used [0x000000076b800000,0x000000076b800000,0x0000000798e00000)
  from space 512K, 37% used [0x00000007bac00000,0x00000007bac30000,0x00000007bac80000)
  to   space 3584K, 0% used [0x00000007ba580000,0x00000007ba580000,0x00000007ba900000)
 ParOldGen       total 173568K, used 10717K [0x00000006c2800000, 0x00000006cd180000, 0x000000076b800000)
  object space 173568K, 6% used [0x00000006c2800000,0x00000006c32775a8,0x00000006cd180000)
 Metaspace       used 8352K, capacity 8774K, committed 8960K, reserved 1056768K
  class space    used 658K, capacity 690K, committed 768K, reserved 1048576K
}
Event: 13.799 GC heap before
{Heap before GC invocations=25 (full 0):
 PSYoungGen      total 743936K, used 743616K [0x000000076b800000, 0x00000007bac80000, 0x00000007c0000000)
  eden space 743424K, 100% used [0x000000076b800000,0x0000000798e00000,0x0000000798e00000)
  from space 512K, 37% used [0x00000007bac00000,0x00000007bac30000,0x00000007bac80000)
  to   space 3584K, 0% used [0x00000007ba580000,0x00000007ba580000,0x00000007ba900000)
 ParOldGen       total 173568K, used 10717K [0x00000006c2800000, 0x00000006cd180000, 0x000000076b800000)
  object space 173568K, 6% used [0x00000006c2800000,0x00000006c32775a8,0x00000006cd180000)
 Metaspace       used 8352K, capacity 8774K, committed 8960K, reserved 1056768K
  class space    used 658K, capacity 690K, committed 768K, reserved 1048576K
Event: 13.799 GC heap after
Heap after GC invocations=25 (full 0):
 PSYoungGen      total 713216K, used 160K [0x000000076b800000, 0x00000007bac80000, 0x00000007c0000000)
  eden space 709632K, 0% used [0x000000076b800000,0x000000076b800000,0x0000000796d00000)
  from space 3584K, 4% used [0x00000007ba580000,0x00000007ba5a8000,0x00000007ba900000)
  to   space 3584K, 0% used [0x00000007ba900000,0x00000007ba900000,0x00000007bac80000)
 ParOldGen       total 173568K, used 10717K [0x00000006c2800000, 0x00000006cd180000, 0x000000076b800000)
  object space 173568K, 6% used [0x00000006c2800000,0x00000006c32775a8,0x00000006cd180000)
 Metaspace       used 8352K, capacity 8774K, committed 8960K, reserved 1056768K
  class space    used 658K, capacity 690K, committed 768K, reserved 1048576K
}
Event: 14.288 GC heap before
{Heap before GC invocations=26 (full 0):
 PSYoungGen      total 713216K, used 709792K [0x000000076b800000, 0x00000007bac80000, 0x00000007c0000000)
  eden space 709632K, 100% used [0x000000076b800000,0x0000000796d00000,0x0000000796d00000)
  from space 3584K, 4% used [0x00000007ba580000,0x00000007ba5a8000,0x00000007ba900000)
  to   space 3584K, 0% used [0x00000007ba900000,0x00000007ba900000,0x00000007bac80000)
 ParOldGen       total 173568K, used 10717K [0x00000006c2800000, 0x00000006cd180000, 0x000000076b800000)
  object space 173568K, 6% used [0x00000006c2800000,0x00000006c32775a8,0x00000006cd180000)
 Metaspace       used 8352K, capacity 8774K, committed 8960K, reserved 1056768K
  class space    used 658K, capacity 690K, committed 768K, reserved 1048576K
Event: 14.289 GC heap after
Heap after GC invocations=26 (full 0):
 PSYoungGen      total 677888K, used 160K [0x000000076b800000, 0x00000007ba980000, 0x00000007c0000000)
  eden space 677376K, 0% used [0x000000076b800000,0x000000076b800000,0x0000000794d80000)
  from space 512K, 31% used [0x00000007ba900000,0x00000007ba928000,0x00000007ba980000)
  to   space 3072K, 0% used [0x00000007ba380000,0x00000007ba380000,0x00000007ba680000)
 ParOldGen       total 173568K, used 10717K [0x00000006c2800000, 0x00000006cd180000, 0x000000076b800000)
  object space 173568K, 6% used [0x00000006c2800000,0x00000006c32775a8,0x00000006cd180000)
 Metaspace       used 8352K, capacity 8774K, committed 8960K, reserved 1056768K
  class space    used 658K, capacity 690K, committed 768K, reserved 1048576K
}

