# JRE version: Java(TM) SE Runtime Environment (8.0_65-b17) (build 1.8.0_65-b17)
# Java VM: Java HotSpot(TM) 64-Bit Server VM (25.65-b01 mixed mode windows-amd64 compressed oops)
Heap:
 PSYoungGen      total 51712K, used 29297K [0x000000076b800000, 0x0000000779400000, 0x00000007c0000000)
  eden space 51200K, 57% used [0x000000076b800000,0x000000076d48c748,0x000000076ea00000)
  from space 512K, 12% used [0x0000000779300000,0x0000000779310000,0x0000000779380000)
  to   space 512K, 0% used [0x0000000779380000,0x0000000779380000,0x0000000779400000)
 ParOldGen       total 173568K, used 1694K [0x00000006c2800000, 0x00000006cd180000, 0x000000076b800000)
  object space 173568K, 0% used [0x00000006c2800000,0x00000006c29a7a80,0x00000006cd180000)
 Metaspace       used 8094K, capacity 8646K, committed 8960K, reserved 1056768K
  class space    used 646K, capacity 690K, committed 768K, reserved 1048576K
GC Heap History (10 events):
Event: 67.346 GC heap before
{Heap before GC invocations=1197 (full 0):
 PSYoungGen      total 45056K, used 44672K [0x000000076b800000, 0x0000000779400000, 0x00000007c0000000)
  eden space 44544K, 100% used [0x000000076b800000,0x000000076e380000,0x000000076e380000)
  from space 512K, 25% used [0x0000000779380000,0x00000007793a0000,0x0000000779400000)
  to   space 512K, 0% used [0x0000000779300000,0x0000000779300000,0x0000000779380000)
 ParOldGen       total 173568K, used 1670K [0x00000006c2800000, 0x00000006cd180000, 0x000000076b800000)
  object space 173568K, 0% used [0x00000006c2800000,0x00000006c29a1a80,0x00000006cd180000)
 Metaspace       used 8094K, capacity 8646K, committed 8960K, reserved 1056768K
  class space    used 646K, capacity 690K, committed 768K, reserved 1048576K
Event: 67.346 GC heap after
Heap after GC invocations=1197 (full 0):
 PSYoungGen      total 44544K, used 160K [0x000000076b800000, 0x0000000779400000, 0x00000007c0000000)
  eden space 44032K, 0% used [0x000000076b800000,0x000000076b800000,0x000000076e300000)
  from space 512K, 31% used [0x0000000779300000,0x0000000779328000,0x0000000779380000)
  to   space 512K, 0% used [0x0000000779380000,0x0000000779380000,0x0000000779400000)
 ParOldGen       total 173568K, used 1670K [0x00000006c2800000, 0x00000006cd180000, 0x000000076b800000)
  object space 173568K, 0% used [0x00000006c2800000,0x00000006c29a1a80,0x00000006cd180000)
 Metaspace       used 8094K, capacity 8646K, committed 8960K, reserved 1056768K
  class space    used 646K, capacity 690K, committed 768K, reserved 1048576K
}
Event: 67.383 GC heap before
{Heap before GC invocations=1198 (full 0):
 PSYoungGen      total 44544K, used 44192K [0x000000076b800000, 0x0000000779400000, 0x00000007c0000000)
  eden space 44032K, 100% used [0x000000076b800000,0x000000076e300000,0x000000076e300000)
  from space 512K, 31% used [0x0000000779300000,0x0000000779328000,0x0000000779380000)
  to   space 512K, 0% used [0x0000000779380000,0x0000000779380000,0x0000000779400000)
 ParOldGen       total 173568K, used 1670K [0x00000006c2800000, 0x00000006cd180000, 0x000000076b800000)
  object space 173568K, 0% used [0x00000006c2800000,0x00000006c29a1a80,0x00000006cd180000)
 Metaspace       used 8094K, capacity 8646K, committed 8960K, reserved 1056768K
  class space    used 646K, capacity 690K, committed 768K, reserved 1048576K
Event: 67.383 GC heap after
Heap after GC invocations=1198 (full 0):
 PSYoungGen      total 44032K, used 96K [0x000000076b800000, 0x0000000779400000, 0x00000007c0000000)
  eden space 43520K, 0% used [0x000000076b800000,0x000000076b800000,0x000000076e280000)
  from space 512K, 18% used [0x0000000779380000,0x0000000779398000,0x0000000779400000)
  to   space 512K, 0% used [0x0000000779300000,0x0000000779300000,0x0000000779380000)
 ParOldGen       total 173568K, used 1670K [0x00000006c2800000, 0x00000006cd180000, 0x000000076b800000)
  object space 173568K, 0% used [0x00000006c2800000,0x00000006c29a1a80,0x00000006cd180000)
 Metaspace       used 8094K, capacity 8646K, committed 8960K, reserved 1056768K
  class space    used 646K, capacity 690K, committed 768K, reserved 1048576K
}
Event: 67.429 GC heap before
{Heap before GC invocations=1199 (full 0):
 PSYoungGen      total 44032K, used 43616K [0x000000076b800000, 0x0000000779400000, 0x00000007c0000000)
  eden space 43520K, 100% used [0x000000076b800000,0x000000076e280000,0x000000076e280000)
  from space 512K, 18% used [0x0000000779380000,0x0000000779398000,0x0000000779400000)
  to   space 512K, 0% used [0x0000000779300000,0x0000000779300000,0x0000000779380000)
 ParOldGen       total 173568K, used 1670K [0x00000006c2800000, 0x00000006cd180000, 0x000000076b800000)
  object space 173568K, 0% used [0x00000006c2800000,0x00000006c29a1a80,0x00000006cd180000)
 Metaspace       used 8094K, capacity 8646K, committed 8960K, reserved 1056768K
  class space    used 646K, capacity 690K, committed 768K, reserved 1048576K
Event: 67.430 GC heap after
Heap after GC invocations=1199 (full 0):
 PSYoungGen      total 43520K, used 128K [0x000000076b800000, 0x0000000779400000, 0x00000007c0000000)
  eden space 43008K, 0% used [0x000000076b800000,0x000000076b800000,0x000000076e200000)
  from space 512K, 25% used [0x0000000779300000,0x0000000779320000,0x0000000779380000)
  to   space 512K, 0% used [0x0000000779380000,0x0000000779380000,0x0000000779400000)
 ParOldGen       total 173568K, used 1670K [0x00000006c2800000, 0x00000006cd180000, 0x000000076b800000)
  object space 173568K, 0% used [0x00000006c2800000,0x00000006c29a1a80,0x00000006cd180000)
 Metaspace       used 8094K, capacity 8646K, committed 8960K, reserved 1056768K
  class space    used 646K, capacity 690K, committed 768K, reserved 1048576K
}
Event: 67.479 GC heap before
{Heap before GC invocations=1200 (full 0):
 PSYoungGen      total 43520K, used 43136K [0x000000076b800000, 0x0000000779400000, 0x00000007c0000000)
  eden space 43008K, 100% used [0x000000076b800000,0x000000076e200000,0x000000076e200000)
  from space 512K, 25% used [0x0000000779300000,0x0000000779320000,0x0000000779380000)
  to   space 512K, 0% used [0x0000000779380000,0x0000000779380000,0x0000000779400000)
 ParOldGen       total 173568K, used 1670K [0x00000006c2800000, 0x00000006cd180000, 0x000000076b800000)
  object space 173568K, 0% used [0x00000006c2800000,0x00000006c29a1a80,0x00000006cd180000)
 Metaspace       used 8094K, capacity 8646K, committed 8960K, reserved 1056768K
  class space    used 646K, capacity 690K, committed 768K, reserved 1048576K
Event: 67.480 GC heap after
Heap after GC invocations=1200 (full 0):
 PSYoungGen      total 43008K, used 128K [0x000000076b800000, 0x0000000779400000, 0x00000007c0000000)
  eden space 42496K, 0% used [0x000000076b800000,0x000000076b800000,0x000000076e180000)
  from space 512K, 25% used [0x0000000779380000,0x00000007793a0000,0x0000000779400000)
  to   space 512K, 0% used [0x0000000779300000,0x0000000779300000,0x0000000779380000)
 ParOldGen       total 173568K, used 1670K [0x00000006c2800000, 0x00000006cd180000, 0x000000076b800000)
  object space 173568K, 0% used [0x00000006c2800000,0x00000006c29a1a80,0x00000006cd180000)
 Metaspace       used 8094K, capacity 8646K, committed 8960K, reserved 1056768K
  class space    used 646K, capacity 690K, committed 768K, reserved 1048576K
}
Event: 67.516 GC heap before
{Heap before GC invocations=1201 (full 0):
 PSYoungGen      total 43008K, used 42624K [0x000000076b800000, 0x0000000779400000, 0x00000007c0000000)
  eden space 42496K, 100% used [0x000000076b800000,0x000000076e180000,0x000000076e180000)
  from space 512K, 25% used [0x0000000779380000,0x00000007793a0000,0x0000000779400000)
  to   space 512K, 0% used [0x0000000779300000,0x0000000779300000,0x0000000779380000)
 ParOldGen       total 173568K, used 1670K [0x00000006c2800000, 0x00000006cd180000, 0x000000076b800000)
  object space 173568K, 0% used [0x00000006c2800000,0x00000006c29a1a80,0x00000006cd180000)
 Metaspace       used 8094K, capacity 8646K, committed 8960K, reserved 1056768K
  class space    used 646K, capacity 690K, committed 768K, reserved 1048576K
Event: 67.517 GC heap after
Heap after GC invocations=1201 (full 0):
 PSYoungGen      total 51712K, used 64K [0x000000076b800000, 0x0000000779400000, 0x00000007c0000000)
  eden space 51200K, 0% used [0x000000076b800000,0x000000076b800000,0x000000076ea00000)
  from space 512K, 12% used [0x0000000779300000,0x0000000779310000,0x0000000779380000)
  to   space 512K, 0% used [0x0000000779380000,0x0000000779380000,0x0000000779400000)
 ParOldGen       total 173568K, used 1694K [0x00000006c2800000, 0x00000006cd180000, 0x000000076b800000)
  object space 173568K, 0% used [0x00000006c2800000,0x00000006c29a7a80,0x00000006cd180000)
 Metaspace       used 8094K, capacity 8646K, committed 8960K, reserved 1056768K
  class space    used 646K, capacity 690K, committed 768K, reserved 1048576K
}

