# JRE version: Java(TM) SE Runtime Environment (8.0_65-b17) (build 1.8.0_65-b17)
# Java VM: Java HotSpot(TM) 64-Bit Server VM (25.65-b01 mixed mode windows-amd64 compressed oops)
Heap:
 PSYoungGen      total 1293312K, used 713247K [0x000000076b800000, 0x00000007bf300000, 0x00000007c0000000)
  eden space 1292800K, 55% used [0x000000076b800000,0x000000079704ffd0,0x00000007ba680000)
  from space 512K, 43% used [0x00000007be580000,0x00000007be5b8000,0x00000007be600000)
  to   space 12288K, 0% used [0x00000007be700000,0x00000007be700000,0x00000007bf300000)
 ParOldGen       total 173568K, used 28890K [0x00000006c2800000, 0x00000006cd180000, 0x000000076b800000)
  object space 173568K, 16% used [0x00000006c2800000,0x00000006c4436ab8,0x00000006cd180000)
 Metaspace       used 8339K, capacity 8710K, committed 8960K, reserved 1056768K
  class space    used 658K, capacity 690K, committed 768K, reserved 1048576K
GC Heap History (10 events):
Event: 2.665 GC heap before
{Heap before GC invocations=11 (full 0):
 PSYoungGen      total 827392K, used 814464K [0x000000076b800000, 0x000000079ee80000, 0x00000007c0000000)
  eden space 813568K, 100% used [0x000000076b800000,0x000000079d280000,0x000000079d280000)
  from space 13824K, 6% used [0x000000079e100000,0x000000079e1e0000,0x000000079ee80000)
  to   space 14336K, 0% used [0x000000079d280000,0x000000079d280000,0x000000079e080000)
 ParOldGen       total 173568K, used 28106K [0x00000006c2800000, 0x00000006cd180000, 0x000000076b800000)
  object space 173568K, 16% used [0x00000006c2800000,0x00000006c4372ab8,0x00000006cd180000)
 Metaspace       used 8288K, capacity 8710K, committed 8960K, reserved 1056768K
  class space    used 658K, capacity 690K, committed 768K, reserved 1048576K
Event: 2.667 GC heap after
Heap after GC invocations=11 (full 0):
 PSYoungGen      total 827904K, used 160K [0x000000076b800000, 0x00000007bcb80000, 0x00000007c0000000)
  eden space 813568K, 0% used [0x000000076b800000,0x000000076b800000,0x000000079d280000)
  from space 14336K, 1% used [0x000000079d280000,0x000000079d2a8000,0x000000079e080000)
  to   space 14336K, 0% used [0x00000007bbd80000,0x00000007bbd80000,0x00000007bcb80000)
 ParOldGen       total 173568K, used 28850K [0x00000006c2800000, 0x00000006cd180000, 0x000000076b800000)
  object space 173568K, 16% used [0x00000006c2800000,0x00000006c442cab8,0x00000006cd180000)
 Metaspace       used 8288K, capacity 8710K, committed 8960K, reserved 1056768K
  class space    used 658K, capacity 690K, committed 768K, reserved 1048576K
}
Event: 3.298 GC heap before
{Heap before GC invocations=12 (full 0):
 PSYoungGen      total 827904K, used 813728K [0x000000076b800000, 0x00000007bcb80000, 0x00000007c0000000)
  eden space 813568K, 100% used [0x000000076b800000,0x000000079d280000,0x000000079d280000)
  from space 14336K, 1% used [0x000000079d280000,0x000000079d2a8000,0x000000079e080000)
  to   space 14336K, 0% used [0x00000007bbd80000,0x00000007bbd80000,0x00000007bcb80000)
 ParOldGen       total 173568K, used 28850K [0x00000006c2800000, 0x00000006cd180000, 0x000000076b800000)
  object space 173568K, 16% used [0x00000006c2800000,0x00000006c442cab8,0x00000006cd180000)
 Metaspace       used 8299K, capacity 8710K, committed 8960K, reserved 1056768K
  class space    used 658K, capacity 690K, committed 768K, reserved 1048576K
Event: 3.299 GC heap after
Heap after GC invocations=12 (full 0):
 PSYoungGen      total 1315328K, used 224K [0x000000076b800000, 0x00000007bca80000, 0x00000007c0000000)
  eden space 1302016K, 0% used [0x000000076b800000,0x000000076b800000,0x00000007baf80000)
  from space 13312K, 1% used [0x00000007bbd80000,0x00000007bbdb8000,0x00000007bca80000)
  to   space 13824K, 0% used [0x00000007baf80000,0x00000007baf80000,0x00000007bbd00000)
 ParOldGen       total 173568K, used 28890K [0x00000006c2800000, 0x00000006cd180000, 0x000000076b800000)
  object space 173568K, 16% used [0x00000006c2800000,0x00000006c4436ab8,0x00000006cd180000)
 Metaspace       used 8299K, capacity 8710K, committed 8960K, reserved 1056768K
  class space    used 658K, capacity 690K, committed 768K, reserved 1048576K
}
Event: 4.366 GC heap before
{Heap before GC invocations=13 (full 0):
 PSYoungGen      total 1315328K, used 1302240K [0x000000076b800000, 0x00000007bca80000, 0x00000007c0000000)
  eden space 1302016K, 100% used [0x000000076b800000,0x00000007baf80000,0x00000007baf80000)
  from space 13312K, 1% used [0x00000007bbd80000,0x00000007bbdb8000,0x00000007bca80000)
  to   space 13824K, 0% used [0x00000007baf80000,0x00000007baf80000,0x00000007bbd00000)
 ParOldGen       total 173568K, used 28890K [0x00000006c2800000, 0x00000006cd180000, 0x000000076b800000)
  object space 173568K, 16% used [0x00000006c2800000,0x00000006c4436ab8,0x00000006cd180000)
 Metaspace       used 8311K, capacity 8710K, committed 8960K, reserved 1056768K
  class space    used 658K, capacity 690K, committed 768K, reserved 1048576K
Event: 4.366 GC heap after
Heap after GC invocations=13 (full 0):
 PSYoungGen      total 1315840K, used 192K [0x000000076b800000, 0x00000007bff80000, 0x00000007c0000000)
  eden space 1302016K, 0% used [0x000000076b800000,0x000000076b800000,0x00000007baf80000)
  from space 13824K, 1% used [0x00000007baf80000,0x00000007bafb0000,0x00000007bbd00000)
  to   space 13312K, 0% used [0x00000007bf280000,0x00000007bf280000,0x00000007bff80000)
 ParOldGen       total 173568K, used 28890K [0x00000006c2800000, 0x00000006cd180000, 0x000000076b800000)
  object space 173568K, 16% used [0x00000006c2800000,0x00000006c4436ab8,0x00000006cd180000)
 Metaspace       used 8311K, capacity 8710K, committed 8960K, reserved 1056768K
  class space    used 658K, capacity 690K, committed 768K, reserved 1048576K
}
Event: 5.369 GC heap before
{Heap before GC invocations=14 (full 0):
 PSYoungGen      total 1315840K, used 1302208K [0x000000076b800000, 0x00000007bff80000, 0x00000007c0000000)
  eden space 1302016K, 100% used [0x000000076b800000,0x00000007baf80000,0x00000007baf80000)
  from space 13824K, 1% used [0x00000007baf80000,0x00000007bafb0000,0x00000007bbd00000)
  to   space 13312K, 0% used [0x00000007bf280000,0x00000007bf280000,0x00000007bff80000)
 ParOldGen       total 173568K, used 28890K [0x00000006c2800000, 0x00000006cd180000, 0x000000076b800000)
  object space 173568K, 16% used [0x00000006c2800000,0x00000006c4436ab8,0x00000006cd180000)
 Metaspace       used 8314K, capacity 8710K, committed 8960K, reserved 1056768K
  class space    used 658K, capacity 690K, committed 768K, reserved 1048576K
Event: 5.369 GC heap after
Heap after GC invocations=14 (full 0):
 PSYoungGen      total 1369600K, used 192K [0x000000076b800000, 0x00000007bfe80000, 0x00000007c0000000)
  eden space 1357312K, 0% used [0x000000076b800000,0x000000076b800000,0x00000007be580000)
  from space 12288K, 1% used [0x00000007bf280000,0x00000007bf2b0000,0x00000007bfe80000)
  to   space 12800K, 0% used [0x00000007be580000,0x00000007be580000,0x00000007bf200000)
 ParOldGen       total 173568K, used 28890K [0x00000006c2800000, 0x00000006cd180000, 0x000000076b800000)
  object space 173568K, 16% used [0x00000006c2800000,0x00000006c4436ab8,0x00000006cd180000)
 Metaspace       used 8314K, capacity 8710K, committed 8960K, reserved 1056768K
  class space    used 658K, capacity 690K, committed 768K, reserved 1048576K
}
Event: 6.422 GC heap before
{Heap before GC invocations=15 (full 0):
 PSYoungGen      total 1369600K, used 1357504K [0x000000076b800000, 0x00000007bfe80000, 0x00000007c0000000)
  eden space 1357312K, 100% used [0x000000076b800000,0x00000007be580000,0x00000007be580000)
  from space 12288K, 1% used [0x00000007bf280000,0x00000007bf2b0000,0x00000007bfe80000)
  to   space 12800K, 0% used [0x00000007be580000,0x00000007be580000,0x00000007bf200000)
 ParOldGen       total 173568K, used 28890K [0x00000006c2800000, 0x00000006cd180000, 0x000000076b800000)
  object space 173568K, 16% used [0x00000006c2800000,0x00000006c4436ab8,0x00000006cd180000)
 Metaspace       used 8328K, capacity 8710K, committed 8960K, reserved 1056768K
  class space    used 658K, capacity 690K, committed 768K, reserved 1048576K
Event: 6.423 GC heap after
Heap after GC invocations=15 (full 0):
 PSYoungGen      total 1293312K, used 224K [0x000000076b800000, 0x00000007bf300000, 0x00000007c0000000)
  eden space 1292800K, 0% used [0x000000076b800000,0x000000076b800000,0x00000007ba680000)
  from space 512K, 43% used [0x00000007be580000,0x00000007be5b8000,0x00000007be600000)
  to   space 12288K, 0% used [0x00000007be700000,0x00000007be700000,0x00000007bf300000)
 ParOldGen       total 173568K, used 28890K [0x00000006c2800000, 0x00000006cd180000, 0x000000076b800000)
  object space 173568K, 16% used [0x00000006c2800000,0x00000006c4436ab8,0x00000006cd180000)
 Metaspace       used 8328K, capacity 8710K, committed 8960K, reserved 1056768K
  class space    used 658K, capacity 690K, committed 768K, reserved 1048576K
}

