# JRE version: Java(TM) SE Runtime Environment (8.0_65-b17) (build 1.8.0_65-b17)
# Java VM: Java HotSpot(TM) 64-Bit Server VM (25.65-b01 mixed mode windows-amd64 compressed oops)
Heap:
 PSYoungGen      total 383488K, used 156311K [0x000000076b800000, 0x00000007bbe80000, 0x00000007c0000000)
  eden space 380416K, 41% used [0x000000076b800000,0x000000077506dc78,0x0000000782b80000)
  from space 3072K, 7% used [0x00000007bb880000,0x00000007bb8b8000,0x00000007bbb80000)
  to   space 3072K, 0% used [0x00000007bbb80000,0x00000007bbb80000,0x00000007bbe80000)
 ParOldGen       total 173568K, used 28699K [0x00000006c2800000, 0x00000006cd180000, 0x000000076b800000)
  object space 173568K, 16% used [0x00000006c2800000,0x00000006c4406d48,0x00000006cd180000)
 Metaspace       used 8397K, capacity 8774K, committed 8960K, reserved 1056768K
  class space    used 663K, capacity 690K, committed 768K, reserved 1048576K
GC Heap History (10 events):
Event: 13.835 GC heap before
{Heap before GC invocations=33 (full 0):
 PSYoungGen      total 474112K, used 473824K [0x000000076b800000, 0x00000007bc480000, 0x00000007c0000000)
  eden space 473600K, 100% used [0x000000076b800000,0x0000000788680000,0x0000000788680000)
  from space 512K, 43% used [0x00000007bc400000,0x00000007bc438000,0x00000007bc480000)
  to   space 4096K, 0% used [0x00000007bbc80000,0x00000007bbc80000,0x00000007bc080000)
 ParOldGen       total 173568K, used 28699K [0x00000006c2800000, 0x00000006cd180000, 0x000000076b800000)
  object space 173568K, 16% used [0x00000006c2800000,0x00000006c4406d48,0x00000006cd180000)
 Metaspace       used 8397K, capacity 8774K, committed 8960K, reserved 1056768K
  class space    used 663K, capacity 690K, committed 768K, reserved 1048576K
Event: 13.835 GC heap after
Heap after GC invocations=33 (full 0):
 PSYoungGen      total 457216K, used 224K [0x000000076b800000, 0x00000007bc480000, 0x00000007c0000000)
  eden space 453120K, 0% used [0x000000076b800000,0x000000076b800000,0x0000000787280000)
  from space 4096K, 5% used [0x00000007bbc80000,0x00000007bbcb8000,0x00000007bc080000)
  to   space 3584K, 0% used [0x00000007bc100000,0x00000007bc100000,0x00000007bc480000)
 ParOldGen       total 173568K, used 28699K [0x00000006c2800000, 0x00000006cd180000, 0x000000076b800000)
  object space 173568K, 16% used [0x00000006c2800000,0x00000006c4406d48,0x00000006cd180000)
 Metaspace       used 8397K, capacity 8774K, committed 8960K, reserved 1056768K
  class space    used 663K, capacity 690K, committed 768K, reserved 1048576K
}
Event: 14.207 GC heap before
{Heap before GC invocations=34 (full 0):
 PSYoungGen      total 457216K, used 453344K [0x000000076b800000, 0x00000007bc480000, 0x00000007c0000000)
  eden space 453120K, 100% used [0x000000076b800000,0x0000000787280000,0x0000000787280000)
  from space 4096K, 5% used [0x00000007bbc80000,0x00000007bbcb8000,0x00000007bc080000)
  to   space 3584K, 0% used [0x00000007bc100000,0x00000007bc100000,0x00000007bc480000)
 ParOldGen       total 173568K, used 28699K [0x00000006c2800000, 0x00000006cd180000, 0x000000076b800000)
  object space 173568K, 16% used [0x00000006c2800000,0x00000006c4406d48,0x00000006cd180000)
 Metaspace       used 8397K, capacity 8774K, committed 8960K, reserved 1056768K
  class space    used 663K, capacity 690K, committed 768K, reserved 1048576K
Event: 14.208 GC heap after
Heap after GC invocations=34 (full 0):
 PSYoungGen      total 434176K, used 224K [0x000000076b800000, 0x00000007bc180000, 0x00000007c0000000)
  eden space 433664K, 0% used [0x000000076b800000,0x000000076b800000,0x0000000785f80000)
  from space 512K, 43% used [0x00000007bc100000,0x00000007bc138000,0x00000007bc180000)
  to   space 3584K, 0% used [0x00000007bba80000,0x00000007bba80000,0x00000007bbe00000)
 ParOldGen       total 173568K, used 28699K [0x00000006c2800000, 0x00000006cd180000, 0x000000076b800000)
  object space 173568K, 16% used [0x00000006c2800000,0x00000006c4406d48,0x00000006cd180000)
 Metaspace       used 8397K, capacity 8774K, committed 8960K, reserved 1056768K
  class space    used 663K, capacity 690K, committed 768K, reserved 1048576K
}
Event: 14.563 GC heap before
{Heap before GC invocations=35 (full 0):
 PSYoungGen      total 434176K, used 433888K [0x000000076b800000, 0x00000007bc180000, 0x00000007c0000000)
  eden space 433664K, 100% used [0x000000076b800000,0x0000000785f80000,0x0000000785f80000)
  from space 512K, 43% used [0x00000007bc100000,0x00000007bc138000,0x00000007bc180000)
  to   space 3584K, 0% used [0x00000007bba80000,0x00000007bba80000,0x00000007bbe00000)
 ParOldGen       total 173568K, used 28699K [0x00000006c2800000, 0x00000006cd180000, 0x000000076b800000)
  object space 173568K, 16% used [0x00000006c2800000,0x00000006c4406d48,0x00000006cd180000)
 Metaspace       used 8397K, capacity 8774K, committed 8960K, reserved 1056768K
  class space    used 663K, capacity 690K, committed 768K, reserved 1048576K
Event: 14.564 GC heap after
Heap after GC invocations=35 (full 0):
 PSYoungGen      total 418816K, used 224K [0x000000076b800000, 0x00000007bc180000, 0x00000007c0000000)
  eden space 415232K, 0% used [0x000000076b800000,0x000000076b800000,0x0000000784d80000)
  from space 3584K, 6% used [0x00000007bba80000,0x00000007bbab8000,0x00000007bbe00000)
  to   space 3584K, 0% used [0x00000007bbe00000,0x00000007bbe00000,0x00000007bc180000)
 ParOldGen       total 173568K, used 28699K [0x00000006c2800000, 0x00000006cd180000, 0x000000076b800000)
  object space 173568K, 16% used [0x00000006c2800000,0x00000006c4406d48,0x00000006cd180000)
 Metaspace       used 8397K, capacity 8774K, committed 8960K, reserved 1056768K
  class space    used 663K, capacity 690K, committed 768K, reserved 1048576K
}
Event: 14.993 GC heap before
{Heap before GC invocations=36 (full 0):
 PSYoungGen      total 418816K, used 415456K [0x000000076b800000, 0x00000007bc180000, 0x00000007c0000000)
  eden space 415232K, 100% used [0x000000076b800000,0x0000000784d80000,0x0000000784d80000)
  from space 3584K, 6% used [0x00000007bba80000,0x00000007bbab8000,0x00000007bbe00000)
  to   space 3584K, 0% used [0x00000007bbe00000,0x00000007bbe00000,0x00000007bc180000)
 ParOldGen       total 173568K, used 28699K [0x00000006c2800000, 0x00000006cd180000, 0x000000076b800000)
  object space 173568K, 16% used [0x00000006c2800000,0x00000006c4406d48,0x00000006cd180000)
 Metaspace       used 8397K, capacity 8774K, committed 8960K, reserved 1056768K
  class space    used 663K, capacity 690K, committed 768K, reserved 1048576K
Event: 14.994 GC heap after
Heap after GC invocations=36 (full 0):
 PSYoungGen      total 397824K, used 224K [0x000000076b800000, 0x00000007bbe80000, 0x00000007c0000000)
  eden space 397312K, 0% used [0x000000076b800000,0x000000076b800000,0x0000000783c00000)
  from space 512K, 43% used [0x00000007bbe00000,0x00000007bbe38000,0x00000007bbe80000)
  to   space 3072K, 0% used [0x00000007bb880000,0x00000007bb880000,0x00000007bbb80000)
 ParOldGen       total 173568K, used 28699K [0x00000006c2800000, 0x00000006cd180000, 0x000000076b800000)
  object space 173568K, 16% used [0x00000006c2800000,0x00000006c4406d48,0x00000006cd180000)
 Metaspace       used 8397K, capacity 8774K, committed 8960K, reserved 1056768K
  class space    used 663K, capacity 690K, committed 768K, reserved 1048576K
}
Event: 15.313 GC heap before
{Heap before GC invocations=37 (full 0):
 PSYoungGen      total 397824K, used 397536K [0x000000076b800000, 0x00000007bbe80000, 0x00000007c0000000)
  eden space 397312K, 100% used [0x000000076b800000,0x0000000783c00000,0x0000000783c00000)
  from space 512K, 43% used [0x00000007bbe00000,0x00000007bbe38000,0x00000007bbe80000)
  to   space 3072K, 0% used [0x00000007bb880000,0x00000007bb880000,0x00000007bbb80000)
 ParOldGen       total 173568K, used 28699K [0x00000006c2800000, 0x00000006cd180000, 0x000000076b800000)
  object space 173568K, 16% used [0x00000006c2800000,0x00000006c4406d48,0x00000006cd180000)
 Metaspace       used 8397K, capacity 8774K, committed 8960K, reserved 1056768K
  class space    used 663K, capacity 690K, committed 768K, reserved 1048576K
Event: 15.314 GC heap after
Heap after GC invocations=37 (full 0):
 PSYoungGen      total 383488K, used 224K [0x000000076b800000, 0x00000007bbe80000, 0x00000007c0000000)
  eden space 380416K, 0% used [0x000000076b800000,0x000000076b800000,0x0000000782b80000)
  from space 3072K, 7% used [0x00000007bb880000,0x00000007bb8b8000,0x00000007bbb80000)
  to   space 3072K, 0% used [0x00000007bbb80000,0x00000007bbb80000,0x00000007bbe80000)
 ParOldGen       total 173568K, used 28699K [0x00000006c2800000, 0x00000006cd180000, 0x000000076b800000)
  object space 173568K, 16% used [0x00000006c2800000,0x00000006c4406d48,0x00000006cd180000)
 Metaspace       used 8397K, capacity 8774K, committed 8960K, reserved 1056768K
  class space    used 663K, capacity 690K, committed 768K, reserved 1048576K
}

