# JRE version: Java(TM) SE Runtime Environment (8.0_65-b17) (build 1.8.0_65-b17)
# Java VM: Java HotSpot(TM) 64-Bit Server VM (25.65-b01 mixed mode windows-amd64 compressed oops)
Heap:
 PSYoungGen      total 381952K, used 340018K [0x000000076b800000, 0x0000000784f80000, 0x00000007c0000000)
  eden space 381440K, 89% used [0x000000076b800000,0x00000007803d4a58,0x0000000782c80000)
  from space 512K, 43% used [0x0000000784f00000,0x0000000784f38000,0x0000000784f80000)
  to   space 1536K, 0% used [0x0000000784c80000,0x0000000784c80000,0x0000000784e00000)
 ParOldGen       total 173568K, used 1276K [0x00000006c2800000, 0x00000006cd180000, 0x000000076b800000)
  object space 173568K, 0% used [0x00000006c2800000,0x00000006c293f060,0x00000006cd180000)
 Metaspace       used 8020K, capacity 8582K, committed 8704K, reserved 1056768K
  class space    used 645K, capacity 690K, committed 768K, reserved 1048576K
GC Heap History (10 events):
Event: 0.675 GC heap before
{Heap before GC invocations=8 (full 0):
 PSYoungGen      total 131584K, used 131076K [0x000000076b800000, 0x000000077b900000, 0x00000007c0000000)
  eden space 130048K, 100% used [0x000000076b800000,0x0000000773700000,0x0000000773700000)
  from space 1536K, 66% used [0x0000000773700000,0x0000000773801370,0x0000000773880000)
  to   space 1536K, 0% used [0x000000077b780000,0x000000077b780000,0x000000077b900000)
 ParOldGen       total 173568K, used 668K [0x00000006c2800000, 0x00000006cd180000, 0x000000076b800000)
  object space 173568K, 0% used [0x00000006c2800000,0x00000006c28a7060,0x00000006cd180000)
 Metaspace       used 7168K, capacity 7814K, committed 8064K, reserved 1056768K
  class space    used 585K, capacity 626K, committed 640K, reserved 1048576K
Event: 0.677 GC heap after
Heap after GC invocations=8 (full 0):
 PSYoungGen      total 261632K, used 1300K [0x000000076b800000, 0x000000077b900000, 0x00000007c0000000)
  eden space 260096K, 0% used [0x000000076b800000,0x000000076b800000,0x000000077b600000)
  from space 1536K, 84% used [0x000000077b780000,0x000000077b8c5088,0x000000077b900000)
  to   space 1536K, 0% used [0x000000077b600000,0x000000077b600000,0x000000077b780000)
 ParOldGen       total 173568K, used 676K [0x00000006c2800000, 0x00000006cd180000, 0x000000076b800000)
  object space 173568K, 0% used [0x00000006c2800000,0x00000006c28a9060,0x00000006cd180000)
 Metaspace       used 7168K, capacity 7814K, committed 8064K, reserved 1056768K
  class space    used 585K, capacity 626K, committed 640K, reserved 1048576K
}
Event: 0.994 GC heap before
{Heap before GC invocations=9 (full 0):
 PSYoungGen      total 261632K, used 261396K [0x000000076b800000, 0x000000077b900000, 0x00000007c0000000)
  eden space 260096K, 100% used [0x000000076b800000,0x000000077b600000,0x000000077b600000)
  from space 1536K, 84% used [0x000000077b780000,0x000000077b8c5088,0x000000077b900000)
  to   space 1536K, 0% used [0x000000077b600000,0x000000077b600000,0x000000077b780000)
 ParOldGen       total 173568K, used 676K [0x00000006c2800000, 0x00000006cd180000, 0x000000076b800000)
  object space 173568K, 0% used [0x00000006c2800000,0x00000006c28a9060,0x00000006cd180000)
 Metaspace       used 8015K, capacity 8582K, committed 8704K, reserved 1056768K
  class space    used 645K, capacity 690K, committed 768K, reserved 1048576K
Event: 0.996 GC heap after
Heap after GC invocations=9 (full 0):
 PSYoungGen      total 261632K, used 1074K [0x000000076b800000, 0x0000000785180000, 0x00000007c0000000)
  eden space 260096K, 0% used [0x000000076b800000,0x000000076b800000,0x000000077b600000)
  from space 1536K, 69% used [0x000000077b600000,0x000000077b70cb98,0x000000077b780000)
  to   space 1536K, 0% used [0x0000000785000000,0x0000000785000000,0x0000000785180000)
 ParOldGen       total 173568K, used 860K [0x00000006c2800000, 0x00000006cd180000, 0x000000076b800000)
  object space 173568K, 0% used [0x00000006c2800000,0x00000006c28d7060,0x00000006cd180000)
 Metaspace       used 8015K, capacity 8582K, committed 8704K, reserved 1056768K
  class space    used 645K, capacity 690K, committed 768K, reserved 1048576K
}
Event: 1.191 GC heap before
{Heap before GC invocations=10 (full 0):
 PSYoungGen      total 261632K, used 261170K [0x000000076b800000, 0x0000000785180000, 0x00000007c0000000)
  eden space 260096K, 100% used [0x000000076b800000,0x000000077b600000,0x000000077b600000)
  from space 1536K, 69% used [0x000000077b600000,0x000000077b70cb98,0x000000077b780000)
  to   space 1536K, 0% used [0x0000000785000000,0x0000000785000000,0x0000000785180000)
 ParOldGen       total 173568K, used 860K [0x00000006c2800000, 0x00000006cd180000, 0x000000076b800000)
  object space 173568K, 0% used [0x00000006c2800000,0x00000006c28d7060,0x00000006cd180000)
 Metaspace       used 8018K, capacity 8582K, committed 8704K, reserved 1056768K
  class space    used 645K, capacity 690K, committed 768K, reserved 1048576K
Event: 1.192 GC heap after
Heap after GC invocations=10 (full 0):
 PSYoungGen      total 417792K, used 256K [0x000000076b800000, 0x0000000785180000, 0x00000007c0000000)
  eden space 416256K, 0% used [0x000000076b800000,0x000000076b800000,0x0000000784e80000)
  from space 1536K, 16% used [0x0000000785000000,0x0000000785040000,0x0000000785180000)
  to   space 1536K, 0% used [0x0000000784e80000,0x0000000784e80000,0x0000000785000000)
 ParOldGen       total 173568K, used 1092K [0x00000006c2800000, 0x00000006cd180000, 0x000000076b800000)
  object space 173568K, 0% used [0x00000006c2800000,0x00000006c2911060,0x00000006cd180000)
 Metaspace       used 8018K, capacity 8582K, committed 8704K, reserved 1056768K
  class space    used 645K, capacity 690K, committed 768K, reserved 1048576K
}
Event: 1.497 GC heap before
{Heap before GC invocations=11 (full 0):
 PSYoungGen      total 417792K, used 416512K [0x000000076b800000, 0x0000000785180000, 0x00000007c0000000)
  eden space 416256K, 100% used [0x000000076b800000,0x0000000784e80000,0x0000000784e80000)
  from space 1536K, 16% used [0x0000000785000000,0x0000000785040000,0x0000000785180000)
  to   space 1536K, 0% used [0x0000000784e80000,0x0000000784e80000,0x0000000785000000)
 ParOldGen       total 173568K, used 1092K [0x00000006c2800000, 0x00000006cd180000, 0x000000076b800000)
  object space 173568K, 0% used [0x00000006c2800000,0x00000006c2911060,0x00000006cd180000)
 Metaspace       used 8018K, capacity 8582K, committed 8704K, reserved 1056768K
  class space    used 645K, capacity 690K, committed 768K, reserved 1048576K
Event: 1.498 GC heap after
Heap after GC invocations=11 (full 0):
 PSYoungGen      total 398848K, used 128K [0x000000076b800000, 0x0000000785080000, 0x00000007c0000000)
  eden space 398336K, 0% used [0x000000076b800000,0x000000076b800000,0x0000000783d00000)
  from space 512K, 25% used [0x0000000784e80000,0x0000000784ea0000,0x0000000784f00000)
  to   space 1536K, 0% used [0x0000000784f00000,0x0000000784f00000,0x0000000785080000)
 ParOldGen       total 173568K, used 1260K [0x00000006c2800000, 0x00000006cd180000, 0x000000076b800000)
  object space 173568K, 0% used [0x00000006c2800000,0x00000006c293b060,0x00000006cd180000)
 Metaspace       used 8018K, capacity 8582K, committed 8704K, reserved 1056768K
  class space    used 645K, capacity 690K, committed 768K, reserved 1048576K
}
Event: 1.782 GC heap before
{Heap before GC invocations=12 (full 0):
 PSYoungGen      total 398848K, used 398464K [0x000000076b800000, 0x0000000785080000, 0x00000007c0000000)
  eden space 398336K, 100% used [0x000000076b800000,0x0000000783d00000,0x0000000783d00000)
  from space 512K, 25% used [0x0000000784e80000,0x0000000784ea0000,0x0000000784f00000)
  to   space 1536K, 0% used [0x0000000784f00000,0x0000000784f00000,0x0000000785080000)
 ParOldGen       total 173568K, used 1260K [0x00000006c2800000, 0x00000006cd180000, 0x000000076b800000)
  object space 173568K, 0% used [0x00000006c2800000,0x00000006c293b060,0x00000006cd180000)
 Metaspace       used 8019K, capacity 8582K, committed 8704K, reserved 1056768K
  class space    used 645K, capacity 690K, committed 768K, reserved 1048576K
Event: 1.782 GC heap after
Heap after GC invocations=12 (full 0):
 PSYoungGen      total 381952K, used 224K [0x000000076b800000, 0x0000000784f80000, 0x00000007c0000000)
  eden space 381440K, 0% used [0x000000076b800000,0x000000076b800000,0x0000000782c80000)
  from space 512K, 43% used [0x0000000784f00000,0x0000000784f38000,0x0000000784f80000)
  to   space 1536K, 0% used [0x0000000784c80000,0x0000000784c80000,0x0000000784e00000)
 ParOldGen       total 173568K, used 1276K [0x00000006c2800000, 0x00000006cd180000, 0x000000076b800000)
  object space 173568K, 0% used [0x00000006c2800000,0x00000006c293f060,0x00000006cd180000)
 Metaspace       used 8019K, capacity 8582K, committed 8704K, reserved 1056768K
  class space    used 645K, capacity 690K, committed 768K, reserved 1048576K
}

