# JRE version: Java(TM) SE Runtime Environment (8.0_65-b17) (build 1.8.0_65-b17)
# Java VM: Java HotSpot(TM) 64-Bit Server VM (25.65-b01 mixed mode windows-amd64 compressed oops)
Heap:
 PSYoungGen      total 68096K, used 33201K [0x000000076b800000, 0x00000007b8780000, 0x00000007c0000000)
  eden space 67584K, 48% used [0x000000076b800000,0x000000076d834510,0x000000076fa00000)
  from space 512K, 43% used [0x00000007b8680000,0x00000007b86b8000,0x00000007b8700000)
  to   space 512K, 0% used [0x00000007b8700000,0x00000007b8700000,0x00000007b8780000)
 ParOldGen       total 173568K, used 13852K [0x00000006c2800000, 0x00000006cd180000, 0x000000076b800000)
  object space 173568K, 7% used [0x00000006c2800000,0x00000006c3587060,0x00000006cd180000)
 Metaspace       used 8392K, capacity 8774K, committed 8960K, reserved 1056768K
  class space    used 662K, capacity 690K, committed 768K, reserved 1048576K
GC Heap History (10 events):
Event: 80.196 GC heap before
{Heap before GC invocations=1161 (full 0):
 PSYoungGen      total 75776K, used 75488K [0x000000076b800000, 0x00000007b8780000, 0x00000007c0000000)
  eden space 75264K, 100% used [0x000000076b800000,0x0000000770180000,0x0000000770180000)
  from space 512K, 43% used [0x00000007b8700000,0x00000007b8738000,0x00000007b8780000)
  to   space 512K, 0% used [0x00000007b8680000,0x00000007b8680000,0x00000007b8700000)
 ParOldGen       total 173568K, used 13852K [0x00000006c2800000, 0x00000006cd180000, 0x000000076b800000)
  object space 173568K, 7% used [0x00000006c2800000,0x00000006c3587060,0x00000006cd180000)
 Metaspace       used 8392K, capacity 8774K, committed 8960K, reserved 1056768K
  class space    used 662K, capacity 690K, committed 768K, reserved 1048576K
Event: 80.196 GC heap after
Heap after GC invocations=1161 (full 0):
 PSYoungGen      total 74240K, used 224K [0x000000076b800000, 0x00000007b8780000, 0x00000007c0000000)
  eden space 73728K, 0% used [0x000000076b800000,0x000000076b800000,0x0000000770000000)
  from space 512K, 43% used [0x00000007b8680000,0x00000007b86b8000,0x00000007b8700000)
  to   space 512K, 0% used [0x00000007b8700000,0x00000007b8700000,0x00000007b8780000)
 ParOldGen       total 173568K, used 13852K [0x00000006c2800000, 0x00000006cd180000, 0x000000076b800000)
  object space 173568K, 7% used [0x00000006c2800000,0x00000006c3587060,0x00000006cd180000)
 Metaspace       used 8392K, capacity 8774K, committed 8960K, reserved 1056768K
  class space    used 662K, capacity 690K, committed 768K, reserved 1048576K
}
Event: 80.279 GC heap before
{Heap before GC invocations=1162 (full 0):
 PSYoungGen      total 74240K, used 73952K [0x000000076b800000, 0x00000007b8780000, 0x00000007c0000000)
  eden space 73728K, 100% used [0x000000076b800000,0x0000000770000000,0x0000000770000000)
  from space 512K, 43% used [0x00000007b8680000,0x00000007b86b8000,0x00000007b8700000)
  to   space 512K, 0% used [0x00000007b8700000,0x00000007b8700000,0x00000007b8780000)
 ParOldGen       total 173568K, used 13852K [0x00000006c2800000, 0x00000006cd180000, 0x000000076b800000)
  object space 173568K, 7% used [0x00000006c2800000,0x00000006c3587060,0x00000006cd180000)
 Metaspace       used 8392K, capacity 8774K, committed 8960K, reserved 1056768K
  class space    used 662K, capacity 690K, committed 768K, reserved 1048576K
Event: 80.280 GC heap after
Heap after GC invocations=1162 (full 0):
 PSYoungGen      total 72704K, used 224K [0x000000076b800000, 0x00000007b8780000, 0x00000007c0000000)
  eden space 72192K, 0% used [0x000000076b800000,0x000000076b800000,0x000000076fe80000)
  from space 512K, 43% used [0x00000007b8700000,0x00000007b8738000,0x00000007b8780000)
  to   space 512K, 0% used [0x00000007b8680000,0x00000007b8680000,0x00000007b8700000)
 ParOldGen       total 173568K, used 13852K [0x00000006c2800000, 0x00000006cd180000, 0x000000076b800000)
  object space 173568K, 7% used [0x00000006c2800000,0x00000006c3587060,0x00000006cd180000)
 Metaspace       used 8392K, capacity 8774K, committed 8960K, reserved 1056768K
  class space    used 662K, capacity 690K, committed 768K, reserved 1048576K
}
Event: 80.361 GC heap before
{Heap before GC invocations=1163 (full 0):
 PSYoungGen      total 72704K, used 72416K [0x000000076b800000, 0x00000007b8780000, 0x00000007c0000000)
  eden space 72192K, 100% used [0x000000076b800000,0x000000076fe80000,0x000000076fe80000)
  from space 512K, 43% used [0x00000007b8700000,0x00000007b8738000,0x00000007b8780000)
  to   space 512K, 0% used [0x00000007b8680000,0x00000007b8680000,0x00000007b8700000)
 ParOldGen       total 173568K, used 13852K [0x00000006c2800000, 0x00000006cd180000, 0x000000076b800000)
  object space 173568K, 7% used [0x00000006c2800000,0x00000006c3587060,0x00000006cd180000)
 Metaspace       used 8392K, capacity 8774K, committed 8960K, reserved 1056768K
  class space    used 662K, capacity 690K, committed 768K, reserved 1048576K
Event: 80.362 GC heap after
Heap after GC invocations=1163 (full 0):
 PSYoungGen      total 71168K, used 256K [0x000000076b800000, 0x00000007b8780000, 0x00000007c0000000)
  eden space 70656K, 0% used [0x000000076b800000,0x000000076b800000,0x000000076fd00000)
  from space 512K, 50% used [0x00000007b8680000,0x00000007b86c0000,0x00000007b8700000)
  to   space 512K, 0% used [0x00000007b8700000,0x00000007b8700000,0x00000007b8780000)
 ParOldGen       total 173568K, used 13852K [0x00000006c2800000, 0x00000006cd180000, 0x000000076b800000)
  object space 173568K, 7% used [0x00000006c2800000,0x00000006c3587060,0x00000006cd180000)
 Metaspace       used 8392K, capacity 8774K, committed 8960K, reserved 1056768K
  class space    used 662K, capacity 690K, committed 768K, reserved 1048576K
}
Event: 80.432 GC heap before
{Heap before GC invocations=1164 (full 0):
 PSYoungGen      total 71168K, used 70912K [0x000000076b800000, 0x00000007b8780000, 0x00000007c0000000)
  eden space 70656K, 100% used [0x000000076b800000,0x000000076fd00000,0x000000076fd00000)
  from space 512K, 50% used [0x00000007b8680000,0x00000007b86c0000,0x00000007b8700000)
  to   space 512K, 0% used [0x00000007b8700000,0x00000007b8700000,0x00000007b8780000)
 ParOldGen       total 173568K, used 13852K [0x00000006c2800000, 0x00000006cd180000, 0x000000076b800000)
  object space 173568K, 7% used [0x00000006c2800000,0x00000006c3587060,0x00000006cd180000)
 Metaspace       used 8392K, capacity 8774K, committed 8960K, reserved 1056768K
  class space    used 662K, capacity 690K, committed 768K, reserved 1048576K
Event: 80.432 GC heap after
Heap after GC invocations=1164 (full 0):
 PSYoungGen      total 69632K, used 224K [0x000000076b800000, 0x00000007b8780000, 0x00000007c0000000)
  eden space 69120K, 0% used [0x000000076b800000,0x000000076b800000,0x000000076fb80000)
  from space 512K, 43% used [0x00000007b8700000,0x00000007b8738000,0x00000007b8780000)
  to   space 512K, 0% used [0x00000007b8680000,0x00000007b8680000,0x00000007b8700000)
 ParOldGen       total 173568K, used 13852K [0x00000006c2800000, 0x00000006cd180000, 0x000000076b800000)
  object space 173568K, 7% used [0x00000006c2800000,0x00000006c3587060,0x00000006cd180000)
 Metaspace       used 8392K, capacity 8774K, committed 8960K, reserved 1056768K
  class space    used 662K, capacity 690K, committed 768K, reserved 1048576K
}
Event: 80.488 GC heap before
{Heap before GC invocations=1165 (full 0):
 PSYoungGen      total 69632K, used 69344K [0x000000076b800000, 0x00000007b8780000, 0x00000007c0000000)
  eden space 69120K, 100% used [0x000000076b800000,0x000000076fb80000,0x000000076fb80000)
  from space 512K, 43% used [0x00000007b8700000,0x00000007b8738000,0x00000007b8780000)
  to   space 512K, 0% used [0x00000007b8680000,0x00000007b8680000,0x00000007b8700000)
 ParOldGen       total 173568K, used 13852K [0x00000006c2800000, 0x00000006cd180000, 0x000000076b800000)
  object space 173568K, 7% used [0x00000006c2800000,0x00000006c3587060,0x00000006cd180000)
 Metaspace       used 8392K, capacity 8774K, committed 8960K, reserved 1056768K
  class space    used 662K, capacity 690K, committed 768K, reserved 1048576K
Event: 80.489 GC heap after
Heap after GC invocations=1165 (full 0):
 PSYoungGen      total 68096K, used 224K [0x000000076b800000, 0x00000007b8780000, 0x00000007c0000000)
  eden space 67584K, 0% used [0x000000076b800000,0x000000076b800000,0x000000076fa00000)
  from space 512K, 43% used [0x00000007b8680000,0x00000007b86b8000,0x00000007b8700000)
  to   space 512K, 0% used [0x00000007b8700000,0x00000007b8700000,0x00000007b8780000)
 ParOldGen       total 173568K, used 13852K [0x00000006c2800000, 0x00000006cd180000, 0x000000076b800000)
  object space 173568K, 7% used [0x00000006c2800000,0x00000006c3587060,0x00000006cd180000)
 Metaspace       used 8392K, capacity 8774K, committed 8960K, reserved 1056768K
  class space    used 662K, capacity 690K, committed 768K, reserved 1048576K
}

