# JRE version: Java(TM) SE Runtime Environment (8.0_65-b17) (build 1.8.0_65-b17)
# Java VM: Java HotSpot(TM) 64-Bit Server VM (25.65-b01 mixed mode windows-amd64 compressed oops)
Heap:
 PSYoungGen      total 325120K, used 48855K [0x000000076b800000, 0x000000078aa00000, 0x00000007c0000000)
  eden space 322560K, 15% used [0x000000076b800000,0x000000076e795ff0,0x000000077f300000)
  from space 2560K, 5% used [0x000000078a500000,0x000000078a520000,0x000000078a780000)
  to   space 2560K, 0% used [0x000000078a780000,0x000000078a780000,0x000000078aa00000)
 ParOldGen       total 173568K, used 1308K [0x00000006c2800000, 0x00000006cd180000, 0x000000076b800000)
  object space 173568K, 0% used [0x00000006c2800000,0x00000006c2947080,0x00000006cd180000)
 Metaspace       used 8264K, capacity 8614K, committed 8704K, reserved 1056768K
  class space    used 675K, capacity 722K, committed 768K, reserved 1048576K
GC Heap History (10 events):
Event: 3.303 GC heap before
{Heap before GC invocations=15 (full 0):
 PSYoungGen      total 399360K, used 399008K [0x000000076b800000, 0x000000078af00000, 0x00000007c0000000)
  eden space 398848K, 100% used [0x000000076b800000,0x0000000783d80000,0x0000000783d80000)
  from space 512K, 31% used [0x000000078ae80000,0x000000078aea8000,0x000000078af00000)
  to   space 3072K, 0% used [0x000000078a900000,0x000000078a900000,0x000000078ac00000)
 ParOldGen       total 173568K, used 1236K [0x00000006c2800000, 0x00000006cd180000, 0x000000076b800000)
  object space 173568K, 0% used [0x00000006c2800000,0x00000006c2935080,0x00000006cd180000)
 Metaspace       used 8253K, capacity 8614K, committed 8704K, reserved 1056768K
  class space    used 675K, capacity 722K, committed 768K, reserved 1048576K
Event: 3.304 GC heap after
Heap after GC invocations=15 (full 0):
 PSYoungGen      total 385024K, used 224K [0x000000076b800000, 0x000000078af00000, 0x00000007c0000000)
  eden space 381952K, 0% used [0x000000076b800000,0x000000076b800000,0x0000000782d00000)
  from space 3072K, 7% used [0x000000078a900000,0x000000078a938000,0x000000078ac00000)
  to   space 3072K, 0% used [0x000000078ac00000,0x000000078ac00000,0x000000078af00000)
 ParOldGen       total 173568K, used 1260K [0x00000006c2800000, 0x00000006cd180000, 0x000000076b800000)
  object space 173568K, 0% used [0x00000006c2800000,0x00000006c293b080,0x00000006cd180000)
 Metaspace       used 8253K, capacity 8614K, committed 8704K, reserved 1056768K
  class space    used 675K, capacity 722K, committed 768K, reserved 1048576K
}
Event: 3.486 GC heap before
{Heap before GC invocations=16 (full 0):
 PSYoungGen      total 385024K, used 382176K [0x000000076b800000, 0x000000078af00000, 0x00000007c0000000)
  eden space 381952K, 100% used [0x000000076b800000,0x0000000782d00000,0x0000000782d00000)
  from space 3072K, 7% used [0x000000078a900000,0x000000078a938000,0x000000078ac00000)
  to   space 3072K, 0% used [0x000000078ac00000,0x000000078ac00000,0x000000078af00000)
 ParOldGen       total 173568K, used 1260K [0x00000006c2800000, 0x00000006cd180000, 0x000000076b800000)
  object space 173568K, 0% used [0x00000006c2800000,0x00000006c293b080,0x00000006cd180000)
 Metaspace       used 8253K, capacity 8614K, committed 8704K, reserved 1056768K
  class space    used 675K, capacity 722K, committed 768K, reserved 1048576K
Event: 3.486 GC heap after
Heap after GC invocations=16 (full 0):
 PSYoungGen      total 366592K, used 192K [0x000000076b800000, 0x000000078ac80000, 0x00000007c0000000)
  eden space 366080K, 0% used [0x000000076b800000,0x000000076b800000,0x0000000781d80000)
  from space 512K, 37% used [0x000000078ac00000,0x000000078ac30000,0x000000078ac80000)
  to   space 3072K, 0% used [0x000000078a680000,0x000000078a680000,0x000000078a980000)
 ParOldGen       total 173568K, used 1260K [0x00000006c2800000, 0x00000006cd180000, 0x000000076b800000)
  object space 173568K, 0% used [0x00000006c2800000,0x00000006c293b080,0x00000006cd180000)
 Metaspace       used 8253K, capacity 8614K, committed 8704K, reserved 1056768K
  class space    used 675K, capacity 722K, committed 768K, reserved 1048576K
}
Event: 3.649 GC heap before
{Heap before GC invocations=17 (full 0):
 PSYoungGen      total 366592K, used 366272K [0x000000076b800000, 0x000000078ac80000, 0x00000007c0000000)
  eden space 366080K, 100% used [0x000000076b800000,0x0000000781d80000,0x0000000781d80000)
  from space 512K, 37% used [0x000000078ac00000,0x000000078ac30000,0x000000078ac80000)
  to   space 3072K, 0% used [0x000000078a680000,0x000000078a680000,0x000000078a980000)
 ParOldGen       total 173568K, used 1260K [0x00000006c2800000, 0x00000006cd180000, 0x000000076b800000)
  object space 173568K, 0% used [0x00000006c2800000,0x00000006c293b080,0x00000006cd180000)
 Metaspace       used 8253K, capacity 8614K, committed 8704K, reserved 1056768K
  class space    used 675K, capacity 722K, committed 768K, reserved 1048576K
Event: 3.649 GC heap after
Heap after GC invocations=17 (full 0):
 PSYoungGen      total 353792K, used 192K [0x000000076b800000, 0x000000078ac80000, 0x00000007c0000000)
  eden space 350720K, 0% used [0x000000076b800000,0x000000076b800000,0x0000000780e80000)
  from space 3072K, 6% used [0x000000078a680000,0x000000078a6b0000,0x000000078a980000)
  to   space 3072K, 0% used [0x000000078a980000,0x000000078a980000,0x000000078ac80000)
 ParOldGen       total 173568K, used 1260K [0x00000006c2800000, 0x00000006cd180000, 0x000000076b800000)
  object space 173568K, 0% used [0x00000006c2800000,0x00000006c293b080,0x00000006cd180000)
 Metaspace       used 8253K, capacity 8614K, committed 8704K, reserved 1056768K
  class space    used 675K, capacity 722K, committed 768K, reserved 1048576K
}
Event: 3.810 GC heap before
{Heap before GC invocations=18 (full 0):
 PSYoungGen      total 353792K, used 350912K [0x000000076b800000, 0x000000078ac80000, 0x00000007c0000000)
  eden space 350720K, 100% used [0x000000076b800000,0x0000000780e80000,0x0000000780e80000)
  from space 3072K, 6% used [0x000000078a680000,0x000000078a6b0000,0x000000078a980000)
  to   space 3072K, 0% used [0x000000078a980000,0x000000078a980000,0x000000078ac80000)
 ParOldGen       total 173568K, used 1260K [0x00000006c2800000, 0x00000006cd180000, 0x000000076b800000)
  object space 173568K, 0% used [0x00000006c2800000,0x00000006c293b080,0x00000006cd180000)
 Metaspace       used 8264K, capacity 8614K, committed 8704K, reserved 1056768K
  class space    used 675K, capacity 722K, committed 768K, reserved 1048576K
Event: 3.811 GC heap after
Heap after GC invocations=18 (full 0):
 PSYoungGen      total 336896K, used 160K [0x000000076b800000, 0x000000078aa00000, 0x00000007c0000000)
  eden space 336384K, 0% used [0x000000076b800000,0x000000076b800000,0x0000000780080000)
  from space 512K, 31% used [0x000000078a980000,0x000000078a9a8000,0x000000078aa00000)
  to   space 2560K, 0% used [0x000000078a500000,0x000000078a500000,0x000000078a780000)
 ParOldGen       total 173568K, used 1268K [0x00000006c2800000, 0x00000006cd180000, 0x000000076b800000)
  object space 173568K, 0% used [0x00000006c2800000,0x00000006c293d080,0x00000006cd180000)
 Metaspace       used 8264K, capacity 8614K, committed 8704K, reserved 1056768K
  class space    used 675K, capacity 722K, committed 768K, reserved 1048576K
}
Event: 3.982 GC heap before
{Heap before GC invocations=19 (full 0):
 PSYoungGen      total 336896K, used 336544K [0x000000076b800000, 0x000000078aa00000, 0x00000007c0000000)
  eden space 336384K, 100% used [0x000000076b800000,0x0000000780080000,0x0000000780080000)
  from space 512K, 31% used [0x000000078a980000,0x000000078a9a8000,0x000000078aa00000)
  to   space 2560K, 0% used [0x000000078a500000,0x000000078a500000,0x000000078a780000)
 ParOldGen       total 173568K, used 1268K [0x00000006c2800000, 0x00000006cd180000, 0x000000076b800000)
  object space 173568K, 0% used [0x00000006c2800000,0x00000006c293d080,0x00000006cd180000)
 Metaspace       used 8264K, capacity 8614K, committed 8704K, reserved 1056768K
  class space    used 675K, capacity 722K, committed 768K, reserved 1048576K
Event: 3.983 GC heap after
Heap after GC invocations=19 (full 0):
 PSYoungGen      total 325120K, used 128K [0x000000076b800000, 0x000000078aa00000, 0x00000007c0000000)
  eden space 322560K, 0% used [0x000000076b800000,0x000000076b800000,0x000000077f300000)
  from space 2560K, 5% used [0x000000078a500000,0x000000078a520000,0x000000078a780000)
  to   space 2560K, 0% used [0x000000078a780000,0x000000078a780000,0x000000078aa00000)
 ParOldGen       total 173568K, used 1308K [0x00000006c2800000, 0x00000006cd180000, 0x000000076b800000)
  object space 173568K, 0% used [0x00000006c2800000,0x00000006c2947080,0x00000006cd180000)
 Metaspace       used 8264K, capacity 8614K, committed 8704K, reserved 1056768K
  class space    used 675K, capacity 722K, committed 768K, reserved 1048576K
}

