# JRE version: Java(TM) SE Runtime Environment (8.0_65-b17) (build 1.8.0_65-b17)
# Java VM: Java HotSpot(TM) 64-Bit Server VM (25.65-b01 mixed mode windows-amd64 compressed oops)
Heap:
 PSYoungGen      total 159744K, used 143446K [0x000000076b800000, 0x0000000784700000, 0x00000007c0000000)
  eden space 159232K, 89% used [0x000000076b800000,0x00000007743ddaf8,0x0000000775380000)
  from space 512K, 43% used [0x0000000784680000,0x00000007846b8000,0x0000000784700000)
  to   space 1536K, 0% used [0x0000000784400000,0x0000000784400000,0x0000000784580000)
 ParOldGen       total 173568K, used 1438K [0x00000006c2800000, 0x00000006cd180000, 0x000000076b800000)
  object space 173568K, 0% used [0x00000006c2800000,0x00000006c2967a70,0x00000006cd180000)
 Metaspace       used 8180K, capacity 8646K, committed 8960K, reserved 1056768K
  class space    used 654K, capacity 690K, committed 768K, reserved 1048576K
GC Heap History (10 events):
Event: 1.997 GC heap before
{Heap before GC invocations=18 (full 0):
 PSYoungGen      total 192512K, used 190624K [0x000000076b800000, 0x0000000784a80000, 0x00000007c0000000)
  eden space 190464K, 100% used [0x000000076b800000,0x0000000777200000,0x0000000777200000)
  from space 2048K, 7% used [0x0000000784680000,0x00000007846a8000,0x0000000784880000)
  to   space 2048K, 0% used [0x0000000784880000,0x0000000784880000,0x0000000784a80000)
 ParOldGen       total 173568K, used 1406K [0x00000006c2800000, 0x00000006cd180000, 0x000000076b800000)
  object space 173568K, 0% used [0x00000006c2800000,0x00000006c295fa70,0x00000006cd180000)
 Metaspace       used 8170K, capacity 8646K, committed 8960K, reserved 1056768K
  class space    used 654K, capacity 690K, committed 768K, reserved 1048576K
Event: 1.997 GC heap after
Heap after GC invocations=18 (full 0):
 PSYoungGen      total 184320K, used 192K [0x000000076b800000, 0x0000000784900000, 0x00000007c0000000)
  eden space 183808K, 0% used [0x000000076b800000,0x000000076b800000,0x0000000776b80000)
  from space 512K, 37% used [0x0000000784880000,0x00000007848b0000,0x0000000784900000)
  to   space 1536K, 0% used [0x0000000784600000,0x0000000784600000,0x0000000784780000)
 ParOldGen       total 173568K, used 1414K [0x00000006c2800000, 0x00000006cd180000, 0x000000076b800000)
  object space 173568K, 0% used [0x00000006c2800000,0x00000006c2961a70,0x00000006cd180000)
 Metaspace       used 8170K, capacity 8646K, committed 8960K, reserved 1056768K
  class space    used 654K, capacity 690K, committed 768K, reserved 1048576K
}
Event: 2.132 GC heap before
{Heap before GC invocations=19 (full 0):
 PSYoungGen      total 184320K, used 184000K [0x000000076b800000, 0x0000000784900000, 0x00000007c0000000)
  eden space 183808K, 100% used [0x000000076b800000,0x0000000776b80000,0x0000000776b80000)
  from space 512K, 37% used [0x0000000784880000,0x00000007848b0000,0x0000000784900000)
  to   space 1536K, 0% used [0x0000000784600000,0x0000000784600000,0x0000000784780000)
 ParOldGen       total 173568K, used 1414K [0x00000006c2800000, 0x00000006cd180000, 0x000000076b800000)
  object space 173568K, 0% used [0x00000006c2800000,0x00000006c2961a70,0x00000006cd180000)
 Metaspace       used 8171K, capacity 8646K, committed 8960K, reserved 1056768K
  class space    used 654K, capacity 690K, committed 768K, reserved 1048576K
Event: 2.133 GC heap after
Heap after GC invocations=19 (full 0):
 PSYoungGen      total 178688K, used 192K [0x000000076b800000, 0x0000000784900000, 0x00000007c0000000)
  eden space 177152K, 0% used [0x000000076b800000,0x000000076b800000,0x0000000776500000)
  from space 1536K, 12% used [0x0000000784600000,0x0000000784630000,0x0000000784780000)
  to   space 1536K, 0% used [0x0000000784780000,0x0000000784780000,0x0000000784900000)
 ParOldGen       total 173568K, used 1438K [0x00000006c2800000, 0x00000006cd180000, 0x000000076b800000)
  object space 173568K, 0% used [0x00000006c2800000,0x00000006c2967a70,0x00000006cd180000)
 Metaspace       used 8171K, capacity 8646K, committed 8960K, reserved 1056768K
  class space    used 654K, capacity 690K, committed 768K, reserved 1048576K
}
Event: 2.263 GC heap before
{Heap before GC invocations=20 (full 0):
 PSYoungGen      total 178688K, used 177344K [0x000000076b800000, 0x0000000784900000, 0x00000007c0000000)
  eden space 177152K, 100% used [0x000000076b800000,0x0000000776500000,0x0000000776500000)
  from space 1536K, 12% used [0x0000000784600000,0x0000000784630000,0x0000000784780000)
  to   space 1536K, 0% used [0x0000000784780000,0x0000000784780000,0x0000000784900000)
 ParOldGen       total 173568K, used 1438K [0x00000006c2800000, 0x00000006cd180000, 0x000000076b800000)
  object space 173568K, 0% used [0x00000006c2800000,0x00000006c2967a70,0x00000006cd180000)
 Metaspace       used 8171K, capacity 8646K, committed 8960K, reserved 1056768K
  class space    used 654K, capacity 690K, committed 768K, reserved 1048576K
Event: 2.264 GC heap after
Heap after GC invocations=20 (full 0):
 PSYoungGen      total 171520K, used 224K [0x000000076b800000, 0x0000000784800000, 0x00000007c0000000)
  eden space 171008K, 0% used [0x000000076b800000,0x000000076b800000,0x0000000775f00000)
  from space 512K, 43% used [0x0000000784780000,0x00000007847b8000,0x0000000784800000)
  to   space 1536K, 0% used [0x0000000784500000,0x0000000784500000,0x0000000784680000)
 ParOldGen       total 173568K, used 1438K [0x00000006c2800000, 0x00000006cd180000, 0x000000076b800000)
  object space 173568K, 0% used [0x00000006c2800000,0x00000006c2967a70,0x00000006cd180000)
 Metaspace       used 8171K, capacity 8646K, committed 8960K, reserved 1056768K
  class space    used 654K, capacity 690K, committed 768K, reserved 1048576K
}
Event: 2.406 GC heap before
{Heap before GC invocations=21 (full 0):
 PSYoungGen      total 171520K, used 171232K [0x000000076b800000, 0x0000000784800000, 0x00000007c0000000)
  eden space 171008K, 100% used [0x000000076b800000,0x0000000775f00000,0x0000000775f00000)
  from space 512K, 43% used [0x0000000784780000,0x00000007847b8000,0x0000000784800000)
  to   space 1536K, 0% used [0x0000000784500000,0x0000000784500000,0x0000000784680000)
 ParOldGen       total 173568K, used 1438K [0x00000006c2800000, 0x00000006cd180000, 0x000000076b800000)
  object space 173568K, 0% used [0x00000006c2800000,0x00000006c2967a70,0x00000006cd180000)
 Metaspace       used 8176K, capacity 8646K, committed 8960K, reserved 1056768K
  class space    used 654K, capacity 690K, committed 768K, reserved 1048576K
Event: 2.407 GC heap after
Heap after GC invocations=21 (full 0):
 PSYoungGen      total 166400K, used 224K [0x000000076b800000, 0x0000000784800000, 0x00000007c0000000)
  eden space 164864K, 0% used [0x000000076b800000,0x000000076b800000,0x0000000775900000)
  from space 1536K, 14% used [0x0000000784500000,0x0000000784538000,0x0000000784680000)
  to   space 1536K, 0% used [0x0000000784680000,0x0000000784680000,0x0000000784800000)
 ParOldGen       total 173568K, used 1438K [0x00000006c2800000, 0x00000006cd180000, 0x000000076b800000)
  object space 173568K, 0% used [0x00000006c2800000,0x00000006c2967a70,0x00000006cd180000)
 Metaspace       used 8176K, capacity 8646K, committed 8960K, reserved 1056768K
  class space    used 654K, capacity 690K, committed 768K, reserved 1048576K
}
Event: 2.599 GC heap before
{Heap before GC invocations=22 (full 0):
 PSYoungGen      total 166400K, used 165088K [0x000000076b800000, 0x0000000784800000, 0x00000007c0000000)
  eden space 164864K, 100% used [0x000000076b800000,0x0000000775900000,0x0000000775900000)
  from space 1536K, 14% used [0x0000000784500000,0x0000000784538000,0x0000000784680000)
  to   space 1536K, 0% used [0x0000000784680000,0x0000000784680000,0x0000000784800000)
 ParOldGen       total 173568K, used 1438K [0x00000006c2800000, 0x00000006cd180000, 0x000000076b800000)
  object space 173568K, 0% used [0x00000006c2800000,0x00000006c2967a70,0x00000006cd180000)
 Metaspace       used 8179K, capacity 8646K, committed 8960K, reserved 1056768K
  class space    used 654K, capacity 690K, committed 768K, reserved 1048576K
Event: 2.599 GC heap after
Heap after GC invocations=22 (full 0):
 PSYoungGen      total 159744K, used 224K [0x000000076b800000, 0x0000000784700000, 0x00000007c0000000)
  eden space 159232K, 0% used [0x000000076b800000,0x000000076b800000,0x0000000775380000)
  from space 512K, 43% used [0x0000000784680000,0x00000007846b8000,0x0000000784700000)
  to   space 1536K, 0% used [0x0000000784400000,0x0000000784400000,0x0000000784580000)
 ParOldGen       total 173568K, used 1438K [0x00000006c2800000, 0x00000006cd180000, 0x000000076b800000)
  object space 173568K, 0% used [0x00000006c2800000,0x00000006c2967a70,0x00000006cd180000)
 Metaspace       used 8179K, capacity 8646K, committed 8960K, reserved 1056768K
  class space    used 654K, capacity 690K, committed 768K, reserved 1048576K
}

