# JRE version: Java(TM) SE Runtime Environment (8.0_65-b17) (build 1.8.0_65-b17)
# Java VM: Java HotSpot(TM) 64-Bit Server VM (25.65-b01 mixed mode windows-amd64 compressed oops)
Heap:
 PSYoungGen      total 106496K, used 2140K [0x000000076b800000, 0x000000078a600000, 0x00000007c0000000)
  eden space 105472K, 1% used [0x000000076b800000,0x000000076ba0f0a8,0x0000000771f00000)
  from space 1024K, 3% used [0x000000078a400000,0x000000078a408000,0x000000078a500000)
  to   space 1024K, 0% used [0x000000078a500000,0x000000078a500000,0x000000078a600000)
 ParOldGen       total 173568K, used 1829K [0x00000006c2800000, 0x00000006cd180000, 0x000000076b800000)
  object space 173568K, 1% used [0x00000006c2800000,0x00000006c29c9450,0x00000006cd180000)
 Metaspace       used 7965K, capacity 8550K, committed 8704K, reserved 1056768K
  class space    used 642K, capacity 658K, committed 768K, reserved 1048576K
GC Heap History (10 events):
Event: 2.742 GC heap before
{Heap before GC invocations=27 (full 0):
 PSYoungGen      total 131072K, used 130624K [0x000000076b800000, 0x000000078a800000, 0x00000007c0000000)
  eden space 130560K, 100% used [0x000000076b800000,0x0000000773780000,0x0000000773780000)
  from space 512K, 12% used [0x000000078a780000,0x000000078a790000,0x000000078a800000)
  to   space 1536K, 0% used [0x000000078a500000,0x000000078a500000,0x000000078a680000)
 ParOldGen       total 173568K, used 1813K [0x00000006c2800000, 0x00000006cd180000, 0x000000076b800000)
  object space 173568K, 1% used [0x00000006c2800000,0x00000006c29c5450,0x00000006cd180000)
 Metaspace       used 7961K, capacity 8486K, committed 8704K, reserved 1056768K
  class space    used 642K, capacity 658K, committed 768K, reserved 1048576K
Event: 2.742 GC heap after
Heap after GC invocations=27 (full 0):
 PSYoungGen      total 128000K, used 64K [0x000000076b800000, 0x000000078a800000, 0x00000007c0000000)
  eden space 126464K, 0% used [0x000000076b800000,0x000000076b800000,0x0000000773380000)
  from space 1536K, 4% used [0x000000078a500000,0x000000078a510000,0x000000078a680000)
  to   space 1536K, 0% used [0x000000078a680000,0x000000078a680000,0x000000078a800000)
 ParOldGen       total 173568K, used 1813K [0x00000006c2800000, 0x00000006cd180000, 0x000000076b800000)
  object space 173568K, 1% used [0x00000006c2800000,0x00000006c29c5450,0x00000006cd180000)
 Metaspace       used 7961K, capacity 8486K, committed 8704K, reserved 1056768K
  class space    used 642K, capacity 658K, committed 768K, reserved 1048576K
}
Event: 2.797 GC heap before
{Heap before GC invocations=28 (full 0):
 PSYoungGen      total 128000K, used 126528K [0x000000076b800000, 0x000000078a800000, 0x00000007c0000000)
  eden space 126464K, 100% used [0x000000076b800000,0x0000000773380000,0x0000000773380000)
  from space 1536K, 4% used [0x000000078a500000,0x000000078a510000,0x000000078a680000)
  to   space 1536K, 0% used [0x000000078a680000,0x000000078a680000,0x000000078a800000)
 ParOldGen       total 173568K, used 1813K [0x00000006c2800000, 0x00000006cd180000, 0x000000076b800000)
  object space 173568K, 1% used [0x00000006c2800000,0x00000006c29c5450,0x00000006cd180000)
 Metaspace       used 7961K, capacity 8486K, committed 8704K, reserved 1056768K
  class space    used 642K, capacity 658K, committed 768K, reserved 1048576K
Event: 2.797 GC heap after
Heap after GC invocations=28 (full 0):
 PSYoungGen      total 122880K, used 64K [0x000000076b800000, 0x000000078a700000, 0x00000007c0000000)
  eden space 122368K, 0% used [0x000000076b800000,0x000000076b800000,0x0000000772f80000)
  from space 512K, 12% used [0x000000078a680000,0x000000078a690000,0x000000078a700000)
  to   space 1536K, 0% used [0x000000078a400000,0x000000078a400000,0x000000078a580000)
 ParOldGen       total 173568K, used 1813K [0x00000006c2800000, 0x00000006cd180000, 0x000000076b800000)
  object space 173568K, 1% used [0x00000006c2800000,0x00000006c29c5450,0x00000006cd180000)
 Metaspace       used 7961K, capacity 8486K, committed 8704K, reserved 1056768K
  class space    used 642K, capacity 658K, committed 768K, reserved 1048576K
}
Event: 2.856 GC heap before
{Heap before GC invocations=29 (full 0):
 PSYoungGen      total 122880K, used 122432K [0x000000076b800000, 0x000000078a700000, 0x00000007c0000000)
  eden space 122368K, 100% used [0x000000076b800000,0x0000000772f80000,0x0000000772f80000)
  from space 512K, 12% used [0x000000078a680000,0x000000078a690000,0x000000078a700000)
  to   space 1536K, 0% used [0x000000078a400000,0x000000078a400000,0x000000078a580000)
 ParOldGen       total 173568K, used 1813K [0x00000006c2800000, 0x00000006cd180000, 0x000000076b800000)
  object space 173568K, 1% used [0x00000006c2800000,0x00000006c29c5450,0x00000006cd180000)
 Metaspace       used 7962K, capacity 8486K, committed 8704K, reserved 1056768K
  class space    used 642K, capacity 658K, committed 768K, reserved 1048576K
Event: 2.857 GC heap after
Heap after GC invocations=29 (full 0):
 PSYoungGen      total 120320K, used 96K [0x000000076b800000, 0x000000078a700000, 0x00000007c0000000)
  eden space 118784K, 0% used [0x000000076b800000,0x000000076b800000,0x0000000772c00000)
  from space 1536K, 6% used [0x000000078a400000,0x000000078a418000,0x000000078a580000)
  to   space 1024K, 0% used [0x000000078a600000,0x000000078a600000,0x000000078a700000)
 ParOldGen       total 173568K, used 1813K [0x00000006c2800000, 0x00000006cd180000, 0x000000076b800000)
  object space 173568K, 1% used [0x00000006c2800000,0x00000006c29c5450,0x00000006cd180000)
 Metaspace       used 7962K, capacity 8486K, committed 8704K, reserved 1056768K
  class space    used 642K, capacity 658K, committed 768K, reserved 1048576K
}
Event: 2.909 GC heap before
{Heap before GC invocations=30 (full 0):
 PSYoungGen      total 120320K, used 118880K [0x000000076b800000, 0x000000078a700000, 0x00000007c0000000)
  eden space 118784K, 100% used [0x000000076b800000,0x0000000772c00000,0x0000000772c00000)
  from space 1536K, 6% used [0x000000078a400000,0x000000078a418000,0x000000078a580000)
  to   space 1024K, 0% used [0x000000078a600000,0x000000078a600000,0x000000078a700000)
 ParOldGen       total 173568K, used 1813K [0x00000006c2800000, 0x00000006cd180000, 0x000000076b800000)
  object space 173568K, 1% used [0x00000006c2800000,0x00000006c29c5450,0x00000006cd180000)
 Metaspace       used 7965K, capacity 8550K, committed 8704K, reserved 1056768K
  class space    used 642K, capacity 658K, committed 768K, reserved 1048576K
Event: 2.909 GC heap after
Heap after GC invocations=30 (full 0):
 PSYoungGen      total 115712K, used 64K [0x000000076b800000, 0x000000078a680000, 0x00000007c0000000)
  eden space 115200K, 0% used [0x000000076b800000,0x000000076b800000,0x0000000772880000)
  from space 512K, 12% used [0x000000078a600000,0x000000078a610000,0x000000078a680000)
  to   space 1024K, 0% used [0x000000078a480000,0x000000078a480000,0x000000078a580000)
 ParOldGen       total 173568K, used 1813K [0x00000006c2800000, 0x00000006cd180000, 0x000000076b800000)
  object space 173568K, 1% used [0x00000006c2800000,0x00000006c29c5450,0x00000006cd180000)
 Metaspace       used 7965K, capacity 8550K, committed 8704K, reserved 1056768K
  class space    used 642K, capacity 658K, committed 768K, reserved 1048576K
}
Event: 2.989 GC heap before
{Heap before GC invocations=31 (full 0):
 PSYoungGen      total 115712K, used 115264K [0x000000076b800000, 0x000000078a680000, 0x00000007c0000000)
  eden space 115200K, 100% used [0x000000076b800000,0x0000000772880000,0x0000000772880000)
  from space 512K, 12% used [0x000000078a600000,0x000000078a610000,0x000000078a680000)
  to   space 1024K, 0% used [0x000000078a480000,0x000000078a480000,0x000000078a580000)
 ParOldGen       total 173568K, used 1813K [0x00000006c2800000, 0x00000006cd180000, 0x000000076b800000)
  object space 173568K, 1% used [0x00000006c2800000,0x00000006c29c5450,0x00000006cd180000)
 Metaspace       used 7965K, capacity 8550K, committed 8704K, reserved 1056768K
  class space    used 642K, capacity 658K, committed 768K, reserved 1048576K
Event: 2.989 GC heap after
Heap after GC invocations=31 (full 0):
 PSYoungGen      total 112640K, used 64K [0x000000076b800000, 0x000000078a680000, 0x00000007c0000000)
  eden space 111616K, 0% used [0x000000076b800000,0x000000076b800000,0x0000000772500000)
  from space 1024K, 6% used [0x000000078a480000,0x000000078a490000,0x000000078a580000)
  to   space 1024K, 0% used [0x000000078a580000,0x000000078a580000,0x000000078a680000)
 ParOldGen       total 173568K, used 1821K [0x00000006c2800000, 0x00000006cd180000, 0x000000076b800000)
  object space 173568K, 1% used [0x00000006c2800000,0x00000006c29c7450,0x00000006cd180000)
 Metaspace       used 7965K, capacity 8550K, committed 8704K, reserved 1056768K
  class space    used 642K, capacity 658K, committed 768K, reserved 1048576K
}

