# JRE version: Java(TM) SE Runtime Environment (8.0_65-b17) (build 1.8.0_65-b17)
# Java VM: Java HotSpot(TM) 64-Bit Server VM (25.65-b01 mixed mode windows-amd64 compressed oops)
Heap:
 PSYoungGen      total 525824K, used 46305K [0x000000076b800000, 0x000000079f580000, 0x00000007c0000000)
  eden space 505856K, 8% used [0x000000076b800000,0x000000076e468660,0x000000078a600000)
  from space 19968K, 4% used [0x000000078a600000,0x000000078a6d0000,0x000000078b980000)
  to   space 19968K, 0% used [0x000000079e200000,0x000000079e200000,0x000000079f580000)
 ParOldGen       total 173568K, used 16360K [0x00000006c2800000, 0x00000006cd180000, 0x000000076b800000)
  object space 173568K, 9% used [0x00000006c2800000,0x00000006c37fa070,0x00000006cd180000)
 Metaspace       used 8526K, capacity 8742K, committed 8960K, reserved 1056768K
  class space    used 687K, capacity 722K, committed 768K, reserved 1048576K
GC Heap History (10 events):
Event: 1.013 GC heap before
{Heap before GC invocations=5 (full 0):
 PSYoungGen      total 140800K, used 136857K [0x000000076b800000, 0x0000000774c00000, 0x00000007c0000000)
  eden space 130048K, 100% used [0x000000076b800000,0x0000000773700000,0x0000000773700000)
  from space 10752K, 63% used [0x0000000774180000,0x00000007748265f8,0x0000000774c00000)
  to   space 10752K, 0% used [0x0000000773700000,0x0000000773700000,0x0000000774180000)
 ParOldGen       total 173568K, used 32K [0x00000006c2800000, 0x00000006cd180000, 0x000000076b800000)
  object space 173568K, 0% used [0x00000006c2800000,0x00000006c2808000,0x00000006cd180000)
 Metaspace       used 8335K, capacity 8614K, committed 8704K, reserved 1056768K
  class space    used 680K, capacity 722K, committed 768K, reserved 1048576K
Event: 1.024 GC heap after
Heap after GC invocations=5 (full 0):
 PSYoungGen      total 140800K, used 10744K [0x000000076b800000, 0x000000077d200000, 0x00000007c0000000)
  eden space 130048K, 0% used [0x000000076b800000,0x000000076b800000,0x0000000773700000)
  from space 10752K, 99% used [0x0000000773700000,0x000000077417e1f0,0x0000000774180000)
  to   space 14336K, 0% used [0x000000077c400000,0x000000077c400000,0x000000077d200000)
 ParOldGen       total 173568K, used 4808K [0x00000006c2800000, 0x00000006cd180000, 0x000000076b800000)
  object space 173568K, 2% used [0x00000006c2800000,0x00000006c2cb2000,0x00000006cd180000)
 Metaspace       used 8335K, capacity 8614K, committed 8704K, reserved 1056768K
  class space    used 680K, capacity 722K, committed 768K, reserved 1048576K
}
Event: 1.111 GC heap before
{Heap before GC invocations=6 (full 0):
 PSYoungGen      total 140800K, used 140792K [0x000000076b800000, 0x000000077d200000, 0x00000007c0000000)
  eden space 130048K, 100% used [0x000000076b800000,0x0000000773700000,0x0000000773700000)
  from space 10752K, 99% used [0x0000000773700000,0x000000077417e1f0,0x0000000774180000)
  to   space 14336K, 0% used [0x000000077c400000,0x000000077c400000,0x000000077d200000)
 ParOldGen       total 173568K, used 4808K [0x00000006c2800000, 0x00000006cd180000, 0x000000076b800000)
  object space 173568K, 2% used [0x00000006c2800000,0x00000006c2cb2000,0x00000006cd180000)
 Metaspace       used 8365K, capacity 8614K, committed 8704K, reserved 1056768K
  class space    used 680K, capacity 722K, committed 768K, reserved 1048576K
Event: 1.124 GC heap after
Heap after GC invocations=6 (full 0):
 PSYoungGen      total 267264K, used 14313K [0x000000076b800000, 0x000000077e000000, 0x00000007c0000000)
  eden space 252928K, 0% used [0x000000076b800000,0x000000076b800000,0x000000077af00000)
  from space 14336K, 99% used [0x000000077c400000,0x000000077d1fa558,0x000000077d200000)
  to   space 21504K, 0% used [0x000000077af00000,0x000000077af00000,0x000000077c400000)
 ParOldGen       total 173568K, used 11408K [0x00000006c2800000, 0x00000006cd180000, 0x000000076b800000)
  object space 173568K, 6% used [0x00000006c2800000,0x00000006c3324000,0x00000006cd180000)
 Metaspace       used 8365K, capacity 8614K, committed 8704K, reserved 1056768K
  class space    used 680K, capacity 722K, committed 768K, reserved 1048576K
}
Event: 1.401 GC heap before
{Heap before GC invocations=7 (full 0):
 PSYoungGen      total 267264K, used 267241K [0x000000076b800000, 0x000000077e000000, 0x00000007c0000000)
  eden space 252928K, 100% used [0x000000076b800000,0x000000077af00000,0x000000077af00000)
  from space 14336K, 99% used [0x000000077c400000,0x000000077d1fa558,0x000000077d200000)
  to   space 21504K, 0% used [0x000000077af00000,0x000000077af00000,0x000000077c400000)
 ParOldGen       total 173568K, used 11408K [0x00000006c2800000, 0x00000006cd180000, 0x000000076b800000)
  object space 173568K, 6% used [0x00000006c2800000,0x00000006c3324000,0x00000006cd180000)
 Metaspace       used 8463K, capacity 8742K, committed 8960K, reserved 1056768K
  class space    used 687K, capacity 722K, committed 768K, reserved 1048576K
Event: 1.407 GC heap after
Heap after GC invocations=7 (full 0):
 PSYoungGen      total 274432K, used 3744K [0x000000076b800000, 0x000000078ce00000, 0x00000007c0000000)
  eden space 252928K, 0% used [0x000000076b800000,0x000000076b800000,0x000000077af00000)
  from space 21504K, 17% used [0x000000077af00000,0x000000077b2a8000,0x000000077c400000)
  to   space 20480K, 0% used [0x000000078ba00000,0x000000078ba00000,0x000000078ce00000)
 ParOldGen       total 173568K, used 13320K [0x00000006c2800000, 0x00000006cd180000, 0x000000076b800000)
  object space 173568K, 7% used [0x00000006c2800000,0x00000006c3502070,0x00000006cd180000)
 Metaspace       used 8463K, capacity 8742K, committed 8960K, reserved 1056768K
  class space    used 687K, capacity 722K, committed 768K, reserved 1048576K
}
Event: 2.220 GC heap before
{Heap before GC invocations=8 (full 0):
 PSYoungGen      total 274432K, used 256672K [0x000000076b800000, 0x000000078ce00000, 0x00000007c0000000)
  eden space 252928K, 100% used [0x000000076b800000,0x000000077af00000,0x000000077af00000)
  from space 21504K, 17% used [0x000000077af00000,0x000000077b2a8000,0x000000077c400000)
  to   space 20480K, 0% used [0x000000078ba00000,0x000000078ba00000,0x000000078ce00000)
 ParOldGen       total 173568K, used 13320K [0x00000006c2800000, 0x00000006cd180000, 0x000000076b800000)
  object space 173568K, 7% used [0x00000006c2800000,0x00000006c3502070,0x00000006cd180000)
 Metaspace       used 8505K, capacity 8742K, committed 8960K, reserved 1056768K
  class space    used 687K, capacity 722K, committed 768K, reserved 1048576K
Event: 2.224 GC heap after
Heap after GC invocations=8 (full 0):
 PSYoungGen      total 525312K, used 2848K [0x000000076b800000, 0x000000078cd00000, 0x00000007c0000000)
  eden space 505856K, 0% used [0x000000076b800000,0x000000076b800000,0x000000078a600000)
  from space 19456K, 14% used [0x000000078ba00000,0x000000078bcc8000,0x000000078cd00000)
  to   space 19968K, 0% used [0x000000078a600000,0x000000078a600000,0x000000078b980000)
 ParOldGen       total 173568K, used 14240K [0x00000006c2800000, 0x00000006cd180000, 0x000000076b800000)
  object space 173568K, 8% used [0x00000006c2800000,0x00000006c35e8070,0x00000006cd180000)
 Metaspace       used 8505K, capacity 8742K, committed 8960K, reserved 1056768K
  class space    used 687K, capacity 722K, committed 768K, reserved 1048576K
}
Event: 4.088 GC heap before
{Heap before GC invocations=9 (full 0):
 PSYoungGen      total 525312K, used 508704K [0x000000076b800000, 0x000000078cd00000, 0x00000007c0000000)
  eden space 505856K, 100% used [0x000000076b800000,0x000000078a600000,0x000000078a600000)
  from space 19456K, 14% used [0x000000078ba00000,0x000000078bcc8000,0x000000078cd00000)
  to   space 19968K, 0% used [0x000000078a600000,0x000000078a600000,0x000000078b980000)
 ParOldGen       total 173568K, used 14240K [0x00000006c2800000, 0x00000006cd180000, 0x000000076b800000)
  object space 173568K, 8% used [0x00000006c2800000,0x00000006c35e8070,0x00000006cd180000)
 Metaspace       used 8525K, capacity 8742K, committed 8960K, reserved 1056768K
  class space    used 687K, capacity 722K, committed 768K, reserved 1048576K
Event: 4.091 GC heap after
Heap after GC invocations=9 (full 0):
 PSYoungGen      total 525824K, used 832K [0x000000076b800000, 0x000000079f580000, 0x00000007c0000000)
  eden space 505856K, 0% used [0x000000076b800000,0x000000076b800000,0x000000078a600000)
  from space 19968K, 4% used [0x000000078a600000,0x000000078a6d0000,0x000000078b980000)
  to   space 19968K, 0% used [0x000000079e200000,0x000000079e200000,0x000000079f580000)
 ParOldGen       total 173568K, used 16360K [0x00000006c2800000, 0x00000006cd180000, 0x000000076b800000)
  object space 173568K, 9% used [0x00000006c2800000,0x00000006c37fa070,0x00000006cd180000)
 Metaspace       used 8525K, capacity 8742K, committed 8960K, reserved 1056768K
  class space    used 687K, capacity 722K, committed 768K, reserved 1048576K
}

