# JRE version: Java(TM) SE Runtime Environment (8.0_65-b17) (build 1.8.0_65-b17)
# Java VM: Java HotSpot(TM) 64-Bit Server VM (25.65-b01 mixed mode windows-amd64 compressed oops)
Heap:
 PSYoungGen      total 268800K, used 48058K [0x000000076b800000, 0x00000007b9d80000, 0x00000007c0000000)
  eden space 268288K, 17% used [0x000000076b800000,0x000000076e6c6a50,0x000000077be00000)
  from space 512K, 31% used [0x00000007b9d00000,0x00000007b9d28000,0x00000007b9d80000)
  to   space 1536K, 0% used [0x00000007b9a80000,0x00000007b9a80000,0x00000007b9c00000)
 ParOldGen       total 173568K, used 27724K [0x00000006c2800000, 0x00000006cd180000, 0x000000076b800000)
  object space 173568K, 15% used [0x00000006c2800000,0x00000006c4313060,0x00000006cd180000)
 Metaspace       used 8350K, capacity 8710K, committed 8960K, reserved 1056768K
  class space    used 656K, capacity 690K, committed 768K, reserved 1048576K
GC Heap History (10 events):
Event: 21.962 GC heap before
{Heap before GC invocations=44 (full 0):
 PSYoungGen      total 331776K, used 329920K [0x000000076b800000, 0x00000007ba180000, 0x00000007c0000000)
  eden space 329728K, 100% used [0x000000076b800000,0x000000077fa00000,0x000000077fa00000)
  from space 2048K, 9% used [0x00000007b9d80000,0x00000007b9db0000,0x00000007b9f80000)
  to   space 2048K, 0% used [0x00000007b9f80000,0x00000007b9f80000,0x00000007ba180000)
 ParOldGen       total 173568K, used 27724K [0x00000006c2800000, 0x00000006cd180000, 0x000000076b800000)
  object space 173568K, 15% used [0x00000006c2800000,0x00000006c4313060,0x00000006cd180000)
 Metaspace       used 8350K, capacity 8710K, committed 8960K, reserved 1056768K
  class space    used 656K, capacity 690K, committed 768K, reserved 1048576K
Event: 21.963 GC heap after
Heap after GC invocations=44 (full 0):
 PSYoungGen      total 316928K, used 224K [0x000000076b800000, 0x00000007ba000000, 0x00000007c0000000)
  eden space 316416K, 0% used [0x000000076b800000,0x000000076b800000,0x000000077ed00000)
  from space 512K, 43% used [0x00000007b9f80000,0x00000007b9fb8000,0x00000007ba000000)
  to   space 2048K, 0% used [0x00000007b9c00000,0x00000007b9c00000,0x00000007b9e00000)
 ParOldGen       total 173568K, used 27724K [0x00000006c2800000, 0x00000006cd180000, 0x000000076b800000)
  object space 173568K, 15% used [0x00000006c2800000,0x00000006c4313060,0x00000006cd180000)
 Metaspace       used 8350K, capacity 8710K, committed 8960K, reserved 1056768K
  class space    used 656K, capacity 690K, committed 768K, reserved 1048576K
}
Event: 22.221 GC heap before
{Heap before GC invocations=45 (full 0):
 PSYoungGen      total 316928K, used 316640K [0x000000076b800000, 0x00000007ba000000, 0x00000007c0000000)
  eden space 316416K, 100% used [0x000000076b800000,0x000000077ed00000,0x000000077ed00000)
  from space 512K, 43% used [0x00000007b9f80000,0x00000007b9fb8000,0x00000007ba000000)
  to   space 2048K, 0% used [0x00000007b9c00000,0x00000007b9c00000,0x00000007b9e00000)
 ParOldGen       total 173568K, used 27724K [0x00000006c2800000, 0x00000006cd180000, 0x000000076b800000)
  object space 173568K, 15% used [0x00000006c2800000,0x00000006c4313060,0x00000006cd180000)
 Metaspace       used 8350K, capacity 8710K, committed 8960K, reserved 1056768K
  class space    used 656K, capacity 690K, committed 768K, reserved 1048576K
Event: 22.221 GC heap after
Heap after GC invocations=45 (full 0):
 PSYoungGen      total 305664K, used 256K [0x000000076b800000, 0x00000007ba000000, 0x00000007c0000000)
  eden space 303616K, 0% used [0x000000076b800000,0x000000076b800000,0x000000077e080000)
  from space 2048K, 12% used [0x00000007b9c00000,0x00000007b9c40000,0x00000007b9e00000)
  to   space 2048K, 0% used [0x00000007b9e00000,0x00000007b9e00000,0x00000007ba000000)
 ParOldGen       total 173568K, used 27724K [0x00000006c2800000, 0x00000006cd180000, 0x000000076b800000)
  object space 173568K, 15% used [0x00000006c2800000,0x00000006c4313060,0x00000006cd180000)
 Metaspace       used 8350K, capacity 8710K, committed 8960K, reserved 1056768K
  class space    used 656K, capacity 690K, committed 768K, reserved 1048576K
}
Event: 22.477 GC heap before
{Heap before GC invocations=46 (full 0):
 PSYoungGen      total 305664K, used 303872K [0x000000076b800000, 0x00000007ba000000, 0x00000007c0000000)
  eden space 303616K, 100% used [0x000000076b800000,0x000000077e080000,0x000000077e080000)
  from space 2048K, 12% used [0x00000007b9c00000,0x00000007b9c40000,0x00000007b9e00000)
  to   space 2048K, 0% used [0x00000007b9e00000,0x00000007b9e00000,0x00000007ba000000)
 ParOldGen       total 173568K, used 27724K [0x00000006c2800000, 0x00000006cd180000, 0x000000076b800000)
  object space 173568K, 15% used [0x00000006c2800000,0x00000006c4313060,0x00000006cd180000)
 Metaspace       used 8350K, capacity 8710K, committed 8960K, reserved 1056768K
  class space    used 656K, capacity 690K, committed 768K, reserved 1048576K
Event: 22.477 GC heap after
Heap after GC invocations=46 (full 0):
 PSYoungGen      total 291840K, used 256K [0x000000076b800000, 0x00000007b9e80000, 0x00000007c0000000)
  eden space 291328K, 0% used [0x000000076b800000,0x000000076b800000,0x000000077d480000)
  from space 512K, 50% used [0x00000007b9e00000,0x00000007b9e40000,0x00000007b9e80000)
  to   space 1536K, 0% used [0x00000007b9b80000,0x00000007b9b80000,0x00000007b9d00000)
 ParOldGen       total 173568K, used 27724K [0x00000006c2800000, 0x00000006cd180000, 0x000000076b800000)
  object space 173568K, 15% used [0x00000006c2800000,0x00000006c4313060,0x00000006cd180000)
 Metaspace       used 8350K, capacity 8710K, committed 8960K, reserved 1056768K
  class space    used 656K, capacity 690K, committed 768K, reserved 1048576K
}
Event: 22.748 GC heap before
{Heap before GC invocations=47 (full 0):
 PSYoungGen      total 291840K, used 291584K [0x000000076b800000, 0x00000007b9e80000, 0x00000007c0000000)
  eden space 291328K, 100% used [0x000000076b800000,0x000000077d480000,0x000000077d480000)
  from space 512K, 50% used [0x00000007b9e00000,0x00000007b9e40000,0x00000007b9e80000)
  to   space 1536K, 0% used [0x00000007b9b80000,0x00000007b9b80000,0x00000007b9d00000)
 ParOldGen       total 173568K, used 27724K [0x00000006c2800000, 0x00000006cd180000, 0x000000076b800000)
  object space 173568K, 15% used [0x00000006c2800000,0x00000006c4313060,0x00000006cd180000)
 Metaspace       used 8350K, capacity 8710K, committed 8960K, reserved 1056768K
  class space    used 656K, capacity 690K, committed 768K, reserved 1048576K
Event: 22.749 GC heap after
Heap after GC invocations=47 (full 0):
 PSYoungGen      total 281088K, used 96K [0x000000076b800000, 0x00000007b9e80000, 0x00000007c0000000)
  eden space 279552K, 0% used [0x000000076b800000,0x000000076b800000,0x000000077c900000)
  from space 1536K, 6% used [0x00000007b9b80000,0x00000007b9b98000,0x00000007b9d00000)
  to   space 1536K, 0% used [0x00000007b9d00000,0x00000007b9d00000,0x00000007b9e80000)
 ParOldGen       total 173568K, used 27724K [0x00000006c2800000, 0x00000006cd180000, 0x000000076b800000)
  object space 173568K, 15% used [0x00000006c2800000,0x00000006c4313060,0x00000006cd180000)
 Metaspace       used 8350K, capacity 8710K, committed 8960K, reserved 1056768K
  class space    used 656K, capacity 690K, committed 768K, reserved 1048576K
}
Event: 22.966 GC heap before
{Heap before GC invocations=48 (full 0):
 PSYoungGen      total 281088K, used 279648K [0x000000076b800000, 0x00000007b9e80000, 0x00000007c0000000)
  eden space 279552K, 100% used [0x000000076b800000,0x000000077c900000,0x000000077c900000)
  from space 1536K, 6% used [0x00000007b9b80000,0x00000007b9b98000,0x00000007b9d00000)
  to   space 1536K, 0% used [0x00000007b9d00000,0x00000007b9d00000,0x00000007b9e80000)
 ParOldGen       total 173568K, used 27724K [0x00000006c2800000, 0x00000006cd180000, 0x000000076b800000)
  object space 173568K, 15% used [0x00000006c2800000,0x00000006c4313060,0x00000006cd180000)
 Metaspace       used 8350K, capacity 8710K, committed 8960K, reserved 1056768K
  class space    used 656K, capacity 690K, committed 768K, reserved 1048576K
Event: 22.966 GC heap after
Heap after GC invocations=48 (full 0):
 PSYoungGen      total 268800K, used 160K [0x000000076b800000, 0x00000007b9d80000, 0x00000007c0000000)
  eden space 268288K, 0% used [0x000000076b800000,0x000000076b800000,0x000000077be00000)
  from space 512K, 31% used [0x00000007b9d00000,0x00000007b9d28000,0x00000007b9d80000)
  to   space 1536K, 0% used [0x00000007b9a80000,0x00000007b9a80000,0x00000007b9c00000)
 ParOldGen       total 173568K, used 27724K [0x00000006c2800000, 0x00000006cd180000, 0x000000076b800000)
  object space 173568K, 15% used [0x00000006c2800000,0x00000006c4313060,0x00000006cd180000)
 Metaspace       used 8350K, capacity 8710K, committed 8960K, reserved 1056768K
  class space    used 656K, capacity 690K, committed 768K, reserved 1048576K
}

