# JRE version: Java(TM) SE Runtime Environment (8.0_65-b17) (build 1.8.0_65-b17)
# Java VM: Java HotSpot(TM) 64-Bit Server VM (25.65-b01 mixed mode windows-amd64 compressed oops)
Heap:
 PSYoungGen      total 476160K, used 432552K [0x000000076b800000, 0x000000078b500000, 0x00000007c0000000)
  eden space 475648K, 90% used [0x000000076b800000,0x0000000785e42380,0x0000000788880000)
  from space 512K, 31% used [0x000000078b480000,0x000000078b4a8000,0x000000078b500000)
  to   space 3584K, 0% used [0x000000078ae00000,0x000000078ae00000,0x000000078b180000)
 ParOldGen       total 173568K, used 1204K [0x00000006c2800000, 0x00000006cd180000, 0x000000076b800000)
  object space 173568K, 0% used [0x00000006c2800000,0x00000006c292d060,0x00000006cd180000)
 Metaspace       used 8286K, capacity 8678K, committed 8960K, reserved 1056768K
  class space    used 678K, capacity 722K, committed 768K, reserved 1048576K
GC Heap History (10 events):
Event: 1.192 GC heap before
{Heap before GC invocations=6 (full 0):
 PSYoungGen      total 140800K, used 131264K [0x000000076b800000, 0x000000077be00000, 0x00000007c0000000)
  eden space 130048K, 100% used [0x000000076b800000,0x0000000773700000,0x0000000773700000)
  from space 10752K, 11% used [0x0000000773700000,0x0000000773830000,0x0000000774180000)
  to   space 4096K, 0% used [0x000000077ba00000,0x000000077ba00000,0x000000077be00000)
 ParOldGen       total 173568K, used 24K [0x00000006c2800000, 0x00000006cd180000, 0x000000076b800000)
  object space 173568K, 0% used [0x00000006c2800000,0x00000006c2806000,0x00000006cd180000)
 Metaspace       used 8246K, capacity 8678K, committed 8960K, reserved 1056768K
  class space    used 678K, capacity 722K, committed 768K, reserved 1048576K
Event: 1.194 GC heap after
Heap after GC invocations=6 (full 0):
 PSYoungGen      total 263168K, used 1200K [0x000000076b800000, 0x000000077bd00000, 0x00000007c0000000)
  eden space 260096K, 0% used [0x000000076b800000,0x000000076b800000,0x000000077b600000)
  from space 3072K, 39% used [0x000000077ba00000,0x000000077bb2c010,0x000000077bd00000)
  to   space 3584K, 0% used [0x000000077b600000,0x000000077b600000,0x000000077b980000)
 ParOldGen       total 173568K, used 32K [0x00000006c2800000, 0x00000006cd180000, 0x000000076b800000)
  object space 173568K, 0% used [0x00000006c2800000,0x00000006c2808000,0x00000006cd180000)
 Metaspace       used 8246K, capacity 8678K, committed 8960K, reserved 1056768K
  class space    used 678K, capacity 722K, committed 768K, reserved 1048576K
}
Event: 1.381 GC heap before
{Heap before GC invocations=7 (full 0):
 PSYoungGen      total 263168K, used 261296K [0x000000076b800000, 0x000000077bd00000, 0x00000007c0000000)
  eden space 260096K, 100% used [0x000000076b800000,0x000000077b600000,0x000000077b600000)
  from space 3072K, 39% used [0x000000077ba00000,0x000000077bb2c010,0x000000077bd00000)
  to   space 3584K, 0% used [0x000000077b600000,0x000000077b600000,0x000000077b980000)
 ParOldGen       total 173568K, used 32K [0x00000006c2800000, 0x00000006cd180000, 0x000000076b800000)
  object space 173568K, 0% used [0x00000006c2800000,0x00000006c2808000,0x00000006cd180000)
 Metaspace       used 8248K, capacity 8678K, committed 8960K, reserved 1056768K
  class space    used 678K, capacity 722K, committed 768K, reserved 1048576K
Event: 1.383 GC heap after
Heap after GC invocations=7 (full 0):
 PSYoungGen      total 263680K, used 96K [0x000000076b800000, 0x000000078bc00000, 0x00000007c0000000)
  eden space 260096K, 0% used [0x000000076b800000,0x000000076b800000,0x000000077b600000)
  from space 3584K, 2% used [0x000000077b600000,0x000000077b618000,0x000000077b980000)
  to   space 4096K, 0% used [0x000000078b800000,0x000000078b800000,0x000000078bc00000)
 ParOldGen       total 173568K, used 1188K [0x00000006c2800000, 0x00000006cd180000, 0x000000076b800000)
  object space 173568K, 0% used [0x00000006c2800000,0x00000006c2929060,0x00000006cd180000)
 Metaspace       used 8248K, capacity 8678K, committed 8960K, reserved 1056768K
  class space    used 678K, capacity 722K, committed 768K, reserved 1048576K
}
Event: 1.570 GC heap before
{Heap before GC invocations=8 (full 0):
 PSYoungGen      total 263680K, used 260192K [0x000000076b800000, 0x000000078bc00000, 0x00000007c0000000)
  eden space 260096K, 100% used [0x000000076b800000,0x000000077b600000,0x000000077b600000)
  from space 3584K, 2% used [0x000000077b600000,0x000000077b618000,0x000000077b980000)
  to   space 4096K, 0% used [0x000000078b800000,0x000000078b800000,0x000000078bc00000)
 ParOldGen       total 173568K, used 1188K [0x00000006c2800000, 0x00000006cd180000, 0x000000076b800000)
  object space 173568K, 0% used [0x00000006c2800000,0x00000006c2929060,0x00000006cd180000)
 Metaspace       used 8258K, capacity 8678K, committed 8960K, reserved 1056768K
  class space    used 678K, capacity 722K, committed 768K, reserved 1048576K
Event: 1.570 GC heap after
Heap after GC invocations=8 (full 0):
 PSYoungGen      total 524288K, used 96K [0x000000076b800000, 0x000000078bc00000, 0x00000007c0000000)
  eden space 520192K, 0% used [0x000000076b800000,0x000000076b800000,0x000000078b400000)
  from space 4096K, 2% used [0x000000078b800000,0x000000078b818000,0x000000078bc00000)
  to   space 4096K, 0% used [0x000000078b400000,0x000000078b400000,0x000000078b800000)
 ParOldGen       total 173568K, used 1188K [0x00000006c2800000, 0x00000006cd180000, 0x000000076b800000)
  object space 173568K, 0% used [0x00000006c2800000,0x00000006c2929060,0x00000006cd180000)
 Metaspace       used 8258K, capacity 8678K, committed 8960K, reserved 1056768K
  class space    used 678K, capacity 722K, committed 768K, reserved 1048576K
}
Event: 1.984 GC heap before
{Heap before GC invocations=9 (full 0):
 PSYoungGen      total 524288K, used 520288K [0x000000076b800000, 0x000000078bc00000, 0x00000007c0000000)
  eden space 520192K, 100% used [0x000000076b800000,0x000000078b400000,0x000000078b400000)
  from space 4096K, 2% used [0x000000078b800000,0x000000078b818000,0x000000078bc00000)
  to   space 4096K, 0% used [0x000000078b400000,0x000000078b400000,0x000000078b800000)
 ParOldGen       total 173568K, used 1188K [0x00000006c2800000, 0x00000006cd180000, 0x000000076b800000)
  object space 173568K, 0% used [0x00000006c2800000,0x00000006c2929060,0x00000006cd180000)
 Metaspace       used 8276K, capacity 8678K, committed 8960K, reserved 1056768K
  class space    used 678K, capacity 722K, committed 768K, reserved 1048576K
Event: 1.985 GC heap after
Heap after GC invocations=9 (full 0):
 PSYoungGen      total 497664K, used 224K [0x000000076b800000, 0x000000078b880000, 0x00000007c0000000)
  eden space 497152K, 0% used [0x000000076b800000,0x000000076b800000,0x0000000789d80000)
  from space 512K, 43% used [0x000000078b400000,0x000000078b438000,0x000000078b480000)
  to   space 4096K, 0% used [0x000000078b480000,0x000000078b480000,0x000000078b880000)
 ParOldGen       total 173568K, used 1196K [0x00000006c2800000, 0x00000006cd180000, 0x000000076b800000)
  object space 173568K, 0% used [0x00000006c2800000,0x00000006c292b060,0x00000006cd180000)
 Metaspace       used 8276K, capacity 8678K, committed 8960K, reserved 1056768K
  class space    used 678K, capacity 722K, committed 768K, reserved 1048576K
}
Event: 2.401 GC heap before
{Heap before GC invocations=10 (full 0):
 PSYoungGen      total 497664K, used 497376K [0x000000076b800000, 0x000000078b880000, 0x00000007c0000000)
  eden space 497152K, 100% used [0x000000076b800000,0x0000000789d80000,0x0000000789d80000)
  from space 512K, 43% used [0x000000078b400000,0x000000078b438000,0x000000078b480000)
  to   space 4096K, 0% used [0x000000078b480000,0x000000078b480000,0x000000078b880000)
 ParOldGen       total 173568K, used 1196K [0x00000006c2800000, 0x00000006cd180000, 0x000000076b800000)
  object space 173568K, 0% used [0x00000006c2800000,0x00000006c292b060,0x00000006cd180000)
 Metaspace       used 8282K, capacity 8678K, committed 8960K, reserved 1056768K
  class space    used 678K, capacity 722K, committed 768K, reserved 1048576K
Event: 2.401 GC heap after
Heap after GC invocations=10 (full 0):
 PSYoungGen      total 476160K, used 160K [0x000000076b800000, 0x000000078b500000, 0x00000007c0000000)
  eden space 475648K, 0% used [0x000000076b800000,0x000000076b800000,0x0000000788880000)
  from space 512K, 31% used [0x000000078b480000,0x000000078b4a8000,0x000000078b500000)
  to   space 3584K, 0% used [0x000000078ae00000,0x000000078ae00000,0x000000078b180000)
 ParOldGen       total 173568K, used 1204K [0x00000006c2800000, 0x00000006cd180000, 0x000000076b800000)
  object space 173568K, 0% used [0x00000006c2800000,0x00000006c292d060,0x00000006cd180000)
 Metaspace       used 8282K, capacity 8678K, committed 8960K, reserved 1056768K
  class space    used 678K, capacity 722K, committed 768K, reserved 1048576K
}

