# JRE version: Java(TM) SE Runtime Environment (8.0_65-b17) (build 1.8.0_65-b17)
# Java VM: Java HotSpot(TM) 64-Bit Server VM (25.65-b01 mixed mode windows-amd64 compressed oops)
Heap:
 PSYoungGen      total 580096K, used 155986K [0x000000076b800000, 0x0000000793b80000, 0x00000007c0000000)
  eden space 572928K, 27% used [0x000000076b800000,0x0000000775024a50,0x000000078e780000)
  from space 7168K, 2% used [0x0000000792d80000,0x0000000792db0000,0x0000000793480000)
  to   space 6656K, 0% used [0x0000000793500000,0x0000000793500000,0x0000000793b80000)
 ParOldGen       total 173568K, used 18045K [0x00000006c2800000, 0x00000006cd180000, 0x000000076b800000)
  object space 173568K, 10% used [0x00000006c2800000,0x00000006c399f5c0,0x00000006cd180000)
 Metaspace       used 8345K, capacity 8710K, committed 8960K, reserved 1056768K
  class space    used 660K, capacity 690K, committed 768K, reserved 1048576K
GC Heap History (10 events):
Event: 2.305 GC heap before
{Heap before GC invocations=13 (full 0):
 PSYoungGen      total 418304K, used 410784K [0x000000076b800000, 0x0000000785800000, 0x00000007c0000000)
  eden space 410624K, 100% used [0x000000076b800000,0x0000000784900000,0x0000000784900000)
  from space 7680K, 2% used [0x0000000785080000,0x00000007850a8000,0x0000000785800000)
  to   space 7680K, 0% used [0x0000000784900000,0x0000000784900000,0x0000000785080000)
 ParOldGen       total 173568K, used 17957K [0x00000006c2800000, 0x00000006cd180000, 0x000000076b800000)
  object space 173568K, 10% used [0x00000006c2800000,0x00000006c39895c0,0x00000006cd180000)
 Metaspace       used 8303K, capacity 8710K, committed 8960K, reserved 1056768K
  class space    used 660K, capacity 690K, committed 768K, reserved 1048576K
Event: 2.306 GC heap after
Heap after GC invocations=13 (full 0):
 PSYoungGen      total 418304K, used 192K [0x000000076b800000, 0x0000000794900000, 0x00000007c0000000)
  eden space 410624K, 0% used [0x000000076b800000,0x000000076b800000,0x0000000784900000)
  from space 7680K, 2% used [0x0000000784900000,0x0000000784930000,0x0000000785080000)
  to   space 7680K, 0% used [0x0000000794180000,0x0000000794180000,0x0000000794900000)
 ParOldGen       total 173568K, used 18013K [0x00000006c2800000, 0x00000006cd180000, 0x000000076b800000)
  object space 173568K, 10% used [0x00000006c2800000,0x00000006c39975c0,0x00000006cd180000)
 Metaspace       used 8303K, capacity 8710K, committed 8960K, reserved 1056768K
  class space    used 660K, capacity 690K, committed 768K, reserved 1048576K
}
Event: 2.606 GC heap before
{Heap before GC invocations=14 (full 0):
 PSYoungGen      total 418304K, used 410816K [0x000000076b800000, 0x0000000794900000, 0x00000007c0000000)
  eden space 410624K, 100% used [0x000000076b800000,0x0000000784900000,0x0000000784900000)
  from space 7680K, 2% used [0x0000000784900000,0x0000000784930000,0x0000000785080000)
  to   space 7680K, 0% used [0x0000000794180000,0x0000000794180000,0x0000000794900000)
 ParOldGen       total 173568K, used 18013K [0x00000006c2800000, 0x00000006cd180000, 0x000000076b800000)
  object space 173568K, 10% used [0x00000006c2800000,0x00000006c39975c0,0x00000006cd180000)
 Metaspace       used 8308K, capacity 8710K, committed 8960K, reserved 1056768K
  class space    used 660K, capacity 690K, committed 768K, reserved 1048576K
Event: 2.607 GC heap after
Heap after GC invocations=14 (full 0):
 PSYoungGen      total 665088K, used 160K [0x000000076b800000, 0x0000000794900000, 0x00000007c0000000)
  eden space 657408K, 0% used [0x000000076b800000,0x000000076b800000,0x0000000793a00000)
  from space 7680K, 2% used [0x0000000794180000,0x00000007941a8000,0x0000000794900000)
  to   space 7680K, 0% used [0x0000000793a00000,0x0000000793a00000,0x0000000794180000)
 ParOldGen       total 173568K, used 18013K [0x00000006c2800000, 0x00000006cd180000, 0x000000076b800000)
  object space 173568K, 10% used [0x00000006c2800000,0x00000006c39975c0,0x00000006cd180000)
 Metaspace       used 8308K, capacity 8710K, committed 8960K, reserved 1056768K
  class space    used 660K, capacity 690K, committed 768K, reserved 1048576K
}
Event: 3.121 GC heap before
{Heap before GC invocations=15 (full 0):
 PSYoungGen      total 665088K, used 657568K [0x000000076b800000, 0x0000000794900000, 0x00000007c0000000)
  eden space 657408K, 100% used [0x000000076b800000,0x0000000793a00000,0x0000000793a00000)
  from space 7680K, 2% used [0x0000000794180000,0x00000007941a8000,0x0000000794900000)
  to   space 7680K, 0% used [0x0000000793a00000,0x0000000793a00000,0x0000000794180000)
 ParOldGen       total 173568K, used 18013K [0x00000006c2800000, 0x00000006cd180000, 0x000000076b800000)
  object space 173568K, 10% used [0x00000006c2800000,0x00000006c39975c0,0x00000006cd180000)
 Metaspace       used 8330K, capacity 8710K, committed 8960K, reserved 1056768K
  class space    used 660K, capacity 690K, committed 768K, reserved 1048576K
Event: 3.121 GC heap after
Heap after GC invocations=15 (full 0):
 PSYoungGen      total 628224K, used 160K [0x000000076b800000, 0x0000000794200000, 0x00000007c0000000)
  eden space 627712K, 0% used [0x000000076b800000,0x000000076b800000,0x0000000791d00000)
  from space 512K, 31% used [0x0000000793a00000,0x0000000793a28000,0x0000000793a80000)
  to   space 7168K, 0% used [0x0000000793b00000,0x0000000793b00000,0x0000000794200000)
 ParOldGen       total 173568K, used 18021K [0x00000006c2800000, 0x00000006cd180000, 0x000000076b800000)
  object space 173568K, 10% used [0x00000006c2800000,0x00000006c39995c0,0x00000006cd180000)
 Metaspace       used 8330K, capacity 8710K, committed 8960K, reserved 1056768K
  class space    used 660K, capacity 690K, committed 768K, reserved 1048576K
}
Event: 3.631 GC heap before
{Heap before GC invocations=16 (full 0):
 PSYoungGen      total 628224K, used 627872K [0x000000076b800000, 0x0000000794200000, 0x00000007c0000000)
  eden space 627712K, 100% used [0x000000076b800000,0x0000000791d00000,0x0000000791d00000)
  from space 512K, 31% used [0x0000000793a00000,0x0000000793a28000,0x0000000793a80000)
  to   space 7168K, 0% used [0x0000000793b00000,0x0000000793b00000,0x0000000794200000)
 ParOldGen       total 173568K, used 18021K [0x00000006c2800000, 0x00000006cd180000, 0x000000076b800000)
  object space 173568K, 10% used [0x00000006c2800000,0x00000006c39995c0,0x00000006cd180000)
 Metaspace       used 8337K, capacity 8710K, committed 8960K, reserved 1056768K
  class space    used 660K, capacity 690K, committed 768K, reserved 1048576K
Event: 3.632 GC heap after
Heap after GC invocations=16 (full 0):
 PSYoungGen      total 600064K, used 160K [0x000000076b800000, 0x0000000793b80000, 0x00000007c0000000)
  eden space 599552K, 0% used [0x000000076b800000,0x000000076b800000,0x0000000790180000)
  from space 512K, 31% used [0x0000000793b00000,0x0000000793b28000,0x0000000793b80000)
  to   space 7168K, 0% used [0x0000000792d80000,0x0000000792d80000,0x0000000793480000)
 ParOldGen       total 173568K, used 18045K [0x00000006c2800000, 0x00000006cd180000, 0x000000076b800000)
  object space 173568K, 10% used [0x00000006c2800000,0x00000006c399f5c0,0x00000006cd180000)
 Metaspace       used 8337K, capacity 8710K, committed 8960K, reserved 1056768K
  class space    used 660K, capacity 690K, committed 768K, reserved 1048576K
}
Event: 4.093 GC heap before
{Heap before GC invocations=17 (full 0):
 PSYoungGen      total 600064K, used 599712K [0x000000076b800000, 0x0000000793b80000, 0x00000007c0000000)
  eden space 599552K, 100% used [0x000000076b800000,0x0000000790180000,0x0000000790180000)
  from space 512K, 31% used [0x0000000793b00000,0x0000000793b28000,0x0000000793b80000)
  to   space 7168K, 0% used [0x0000000792d80000,0x0000000792d80000,0x0000000793480000)
 ParOldGen       total 173568K, used 18045K [0x00000006c2800000, 0x00000006cd180000, 0x000000076b800000)
  object space 173568K, 10% used [0x00000006c2800000,0x00000006c399f5c0,0x00000006cd180000)
 Metaspace       used 8345K, capacity 8710K, committed 8960K, reserved 1056768K
  class space    used 660K, capacity 690K, committed 768K, reserved 1048576K
Event: 4.094 GC heap after
Heap after GC invocations=17 (full 0):
 PSYoungGen      total 580096K, used 192K [0x000000076b800000, 0x0000000793b80000, 0x00000007c0000000)
  eden space 572928K, 0% used [0x000000076b800000,0x000000076b800000,0x000000078e780000)
  from space 7168K, 2% used [0x0000000792d80000,0x0000000792db0000,0x0000000793480000)
  to   space 6656K, 0% used [0x0000000793500000,0x0000000793500000,0x0000000793b80000)
 ParOldGen       total 173568K, used 18045K [0x00000006c2800000, 0x00000006cd180000, 0x000000076b800000)
  object space 173568K, 10% used [0x00000006c2800000,0x00000006c399f5c0,0x00000006cd180000)
 Metaspace       used 8345K, capacity 8710K, committed 8960K, reserved 1056768K
  class space    used 660K, capacity 690K, committed 768K, reserved 1048576K
}

