# JRE version: Java(TM) SE Runtime Environment (8.0_65-b17) (build 1.8.0_65-b17)
# Java VM: Java HotSpot(TM) 64-Bit Server VM (25.65-b01 mixed mode windows-amd64 compressed oops)
Heap:
 PSYoungGen      total 53760K, used 10798K [0x000000076b800000, 0x00000007b7b00000, 0x00000007c0000000)
  eden space 53248K, 19% used [0x000000076b800000,0x000000076c263af8,0x000000076ec00000)
  from space 512K, 31% used [0x00000007b7a80000,0x00000007b7aa8000,0x00000007b7b00000)
  to   space 512K, 0% used [0x00000007b7a00000,0x00000007b7a00000,0x00000007b7a80000)
 ParOldGen       total 173568K, used 18280K [0x00000006c2800000, 0x00000006cd180000, 0x000000076b800000)
  object space 173568K, 10% used [0x00000006c2800000,0x00000006c39da178,0x00000006cd180000)
 Metaspace       used 8383K, capacity 8710K, committed 8960K, reserved 1056768K
  class space    used 660K, capacity 690K, committed 768K, reserved 1048576K
GC Heap History (10 events):
Event: 127.075 GC heap before
{Heap before GC invocations=1756 (full 0):
 PSYoungGen      total 58880K, used 58560K [0x000000076b800000, 0x00000007b7b00000, 0x00000007c0000000)
  eden space 58368K, 100% used [0x000000076b800000,0x000000076f100000,0x000000076f100000)
  from space 512K, 37% used [0x00000007b7a00000,0x00000007b7a30000,0x00000007b7a80000)
  to   space 512K, 0% used [0x00000007b7a80000,0x00000007b7a80000,0x00000007b7b00000)
 ParOldGen       total 173568K, used 18280K [0x00000006c2800000, 0x00000006cd180000, 0x000000076b800000)
  object space 173568K, 10% used [0x00000006c2800000,0x00000006c39da178,0x00000006cd180000)
 Metaspace       used 8383K, capacity 8710K, committed 8960K, reserved 1056768K
  class space    used 660K, capacity 690K, committed 768K, reserved 1048576K
Event: 127.075 GC heap after
Heap after GC invocations=1756 (full 0):
 PSYoungGen      total 57856K, used 192K [0x000000076b800000, 0x00000007b7b00000, 0x00000007c0000000)
  eden space 57344K, 0% used [0x000000076b800000,0x000000076b800000,0x000000076f000000)
  from space 512K, 37% used [0x00000007b7a80000,0x00000007b7ab0000,0x00000007b7b00000)
  to   space 512K, 0% used [0x00000007b7a00000,0x00000007b7a00000,0x00000007b7a80000)
 ParOldGen       total 173568K, used 18280K [0x00000006c2800000, 0x00000006cd180000, 0x000000076b800000)
  object space 173568K, 10% used [0x00000006c2800000,0x00000006c39da178,0x00000006cd180000)
 Metaspace       used 8383K, capacity 8710K, committed 8960K, reserved 1056768K
  class space    used 660K, capacity 690K, committed 768K, reserved 1048576K
}
Event: 127.145 GC heap before
{Heap before GC invocations=1757 (full 0):
 PSYoungGen      total 57856K, used 57536K [0x000000076b800000, 0x00000007b7b00000, 0x00000007c0000000)
  eden space 57344K, 100% used [0x000000076b800000,0x000000076f000000,0x000000076f000000)
  from space 512K, 37% used [0x00000007b7a80000,0x00000007b7ab0000,0x00000007b7b00000)
  to   space 512K, 0% used [0x00000007b7a00000,0x00000007b7a00000,0x00000007b7a80000)
 ParOldGen       total 173568K, used 18280K [0x00000006c2800000, 0x00000006cd180000, 0x000000076b800000)
  object space 173568K, 10% used [0x00000006c2800000,0x00000006c39da178,0x00000006cd180000)
 Metaspace       used 8383K, capacity 8710K, committed 8960K, reserved 1056768K
  class space    used 660K, capacity 690K, committed 768K, reserved 1048576K
Event: 127.145 GC heap after
Heap after GC invocations=1757 (full 0):
 PSYoungGen      total 56832K, used 192K [0x000000076b800000, 0x00000007b7b00000, 0x00000007c0000000)
  eden space 56320K, 0% used [0x000000076b800000,0x000000076b800000,0x000000076ef00000)
  from space 512K, 37% used [0x00000007b7a00000,0x00000007b7a30000,0x00000007b7a80000)
  to   space 512K, 0% used [0x00000007b7a80000,0x00000007b7a80000,0x00000007b7b00000)
 ParOldGen       total 173568K, used 18280K [0x00000006c2800000, 0x00000006cd180000, 0x000000076b800000)
  object space 173568K, 10% used [0x00000006c2800000,0x00000006c39da178,0x00000006cd180000)
 Metaspace       used 8383K, capacity 8710K, committed 8960K, reserved 1056768K
  class space    used 660K, capacity 690K, committed 768K, reserved 1048576K
}
Event: 127.213 GC heap before
{Heap before GC invocations=1758 (full 0):
 PSYoungGen      total 56832K, used 56512K [0x000000076b800000, 0x00000007b7b00000, 0x00000007c0000000)
  eden space 56320K, 100% used [0x000000076b800000,0x000000076ef00000,0x000000076ef00000)
  from space 512K, 37% used [0x00000007b7a00000,0x00000007b7a30000,0x00000007b7a80000)
  to   space 512K, 0% used [0x00000007b7a80000,0x00000007b7a80000,0x00000007b7b00000)
 ParOldGen       total 173568K, used 18280K [0x00000006c2800000, 0x00000006cd180000, 0x000000076b800000)
  object space 173568K, 10% used [0x00000006c2800000,0x00000006c39da178,0x00000006cd180000)
 Metaspace       used 8383K, capacity 8710K, committed 8960K, reserved 1056768K
  class space    used 660K, capacity 690K, committed 768K, reserved 1048576K
Event: 127.214 GC heap after
Heap after GC invocations=1758 (full 0):
 PSYoungGen      total 55808K, used 224K [0x000000076b800000, 0x00000007b7b00000, 0x00000007c0000000)
  eden space 55296K, 0% used [0x000000076b800000,0x000000076b800000,0x000000076ee00000)
  from space 512K, 43% used [0x00000007b7a80000,0x00000007b7ab8000,0x00000007b7b00000)
  to   space 512K, 0% used [0x00000007b7a00000,0x00000007b7a00000,0x00000007b7a80000)
 ParOldGen       total 173568K, used 18280K [0x00000006c2800000, 0x00000006cd180000, 0x000000076b800000)
  object space 173568K, 10% used [0x00000006c2800000,0x00000006c39da178,0x00000006cd180000)
 Metaspace       used 8383K, capacity 8710K, committed 8960K, reserved 1056768K
  class space    used 660K, capacity 690K, committed 768K, reserved 1048576K
}
Event: 127.278 GC heap before
{Heap before GC invocations=1759 (full 0):
 PSYoungGen      total 55808K, used 55520K [0x000000076b800000, 0x00000007b7b00000, 0x00000007c0000000)
  eden space 55296K, 100% used [0x000000076b800000,0x000000076ee00000,0x000000076ee00000)
  from space 512K, 43% used [0x00000007b7a80000,0x00000007b7ab8000,0x00000007b7b00000)
  to   space 512K, 0% used [0x00000007b7a00000,0x00000007b7a00000,0x00000007b7a80000)
 ParOldGen       total 173568K, used 18280K [0x00000006c2800000, 0x00000006cd180000, 0x000000076b800000)
  object space 173568K, 10% used [0x00000006c2800000,0x00000006c39da178,0x00000006cd180000)
 Metaspace       used 8383K, capacity 8710K, committed 8960K, reserved 1056768K
  class space    used 660K, capacity 690K, committed 768K, reserved 1048576K
Event: 127.279 GC heap after
Heap after GC invocations=1759 (full 0):
 PSYoungGen      total 54784K, used 192K [0x000000076b800000, 0x00000007b7b00000, 0x00000007c0000000)
  eden space 54272K, 0% used [0x000000076b800000,0x000000076b800000,0x000000076ed00000)
  from space 512K, 37% used [0x00000007b7a00000,0x00000007b7a30000,0x00000007b7a80000)
  to   space 512K, 0% used [0x00000007b7a80000,0x00000007b7a80000,0x00000007b7b00000)
 ParOldGen       total 173568K, used 18280K [0x00000006c2800000, 0x00000006cd180000, 0x000000076b800000)
  object space 173568K, 10% used [0x00000006c2800000,0x00000006c39da178,0x00000006cd180000)
 Metaspace       used 8383K, capacity 8710K, committed 8960K, reserved 1056768K
  class space    used 660K, capacity 690K, committed 768K, reserved 1048576K
}
Event: 127.338 GC heap before
{Heap before GC invocations=1760 (full 0):
 PSYoungGen      total 54784K, used 54464K [0x000000076b800000, 0x00000007b7b00000, 0x00000007c0000000)
  eden space 54272K, 100% used [0x000000076b800000,0x000000076ed00000,0x000000076ed00000)
  from space 512K, 37% used [0x00000007b7a00000,0x00000007b7a30000,0x00000007b7a80000)
  to   space 512K, 0% used [0x00000007b7a80000,0x00000007b7a80000,0x00000007b7b00000)
 ParOldGen       total 173568K, used 18280K [0x00000006c2800000, 0x00000006cd180000, 0x000000076b800000)
  object space 173568K, 10% used [0x00000006c2800000,0x00000006c39da178,0x00000006cd180000)
 Metaspace       used 8383K, capacity 8710K, committed 8960K, reserved 1056768K
  class space    used 660K, capacity 690K, committed 768K, reserved 1048576K
Event: 127.339 GC heap after
Heap after GC invocations=1760 (full 0):
 PSYoungGen      total 53760K, used 160K [0x000000076b800000, 0x00000007b7b00000, 0x00000007c0000000)
  eden space 53248K, 0% used [0x000000076b800000,0x000000076b800000,0x000000076ec00000)
  from space 512K, 31% used [0x00000007b7a80000,0x00000007b7aa8000,0x00000007b7b00000)
  to   space 512K, 0% used [0x00000007b7a00000,0x00000007b7a00000,0x00000007b7a80000)
 ParOldGen       total 173568K, used 18280K [0x00000006c2800000, 0x00000006cd180000, 0x000000076b800000)
  object space 173568K, 10% used [0x00000006c2800000,0x00000006c39da178,0x00000006cd180000)
 Metaspace       used 8383K, capacity 8710K, committed 8960K, reserved 1056768K
  class space    used 660K, capacity 690K, committed 768K, reserved 1048576K
}

