# JRE version: Java(TM) SE Runtime Environment (8.0_65-b17) (build 1.8.0_65-b17)
# Java VM: Java HotSpot(TM) 64-Bit Server VM (25.65-b01 mixed mode windows-amd64 compressed oops)
Heap:
 PSYoungGen      total 61952K, used 40302K [0x000000076b800000, 0x000000077e600000, 0x00000007c0000000)
  eden space 61440K, 65% used [0x000000076b800000,0x000000076df53928,0x000000076f400000)
  from space 512K, 6% used [0x000000077e580000,0x000000077e588000,0x000000077e600000)
  to   space 512K, 0% used [0x000000077e500000,0x000000077e500000,0x000000077e580000)
 ParOldGen       total 173568K, used 1448K [0x00000006c2800000, 0x00000006cd180000, 0x000000076b800000)
  object space 173568K, 0% used [0x00000006c2800000,0x00000006c296a050,0x00000006cd180000)
 Metaspace       used 8078K, capacity 8646K, committed 8960K, reserved 1056768K
  class space    used 646K, capacity 690K, committed 768K, reserved 1048576K
GC Heap History (10 events):
Event: 4.965 GC heap before
{Heap before GC invocations=48 (full 0):
 PSYoungGen      total 69120K, used 68800K [0x000000076b800000, 0x000000077e600000, 0x00000007c0000000)
  eden space 68608K, 100% used [0x000000076b800000,0x000000076fb00000,0x000000076fb00000)
  from space 512K, 37% used [0x000000077e500000,0x000000077e530000,0x000000077e580000)
  to   space 512K, 0% used [0x000000077e580000,0x000000077e580000,0x000000077e600000)
 ParOldGen       total 173568K, used 1424K [0x00000006c2800000, 0x00000006cd180000, 0x000000076b800000)
  object space 173568K, 0% used [0x00000006c2800000,0x00000006c2964050,0x00000006cd180000)
 Metaspace       used 8076K, capacity 8646K, committed 8960K, reserved 1056768K
  class space    used 646K, capacity 690K, committed 768K, reserved 1048576K
Event: 4.965 GC heap after
Heap after GC invocations=48 (full 0):
 PSYoungGen      total 67584K, used 96K [0x000000076b800000, 0x000000077e600000, 0x00000007c0000000)
  eden space 67072K, 0% used [0x000000076b800000,0x000000076b800000,0x000000076f980000)
  from space 512K, 18% used [0x000000077e580000,0x000000077e598000,0x000000077e600000)
  to   space 512K, 0% used [0x000000077e500000,0x000000077e500000,0x000000077e580000)
 ParOldGen       total 173568K, used 1424K [0x00000006c2800000, 0x00000006cd180000, 0x000000076b800000)
  object space 173568K, 0% used [0x00000006c2800000,0x00000006c2964050,0x00000006cd180000)
 Metaspace       used 8076K, capacity 8646K, committed 8960K, reserved 1056768K
  class space    used 646K, capacity 690K, committed 768K, reserved 1048576K
}
Event: 5.017 GC heap before
{Heap before GC invocations=49 (full 0):
 PSYoungGen      total 67584K, used 67168K [0x000000076b800000, 0x000000077e600000, 0x00000007c0000000)
  eden space 67072K, 100% used [0x000000076b800000,0x000000076f980000,0x000000076f980000)
  from space 512K, 18% used [0x000000077e580000,0x000000077e598000,0x000000077e600000)
  to   space 512K, 0% used [0x000000077e500000,0x000000077e500000,0x000000077e580000)
 ParOldGen       total 173568K, used 1424K [0x00000006c2800000, 0x00000006cd180000, 0x000000076b800000)
  object space 173568K, 0% used [0x00000006c2800000,0x00000006c2964050,0x00000006cd180000)
 Metaspace       used 8076K, capacity 8646K, committed 8960K, reserved 1056768K
  class space    used 646K, capacity 690K, committed 768K, reserved 1048576K
Event: 5.017 GC heap after
Heap after GC invocations=49 (full 0):
 PSYoungGen      total 66048K, used 128K [0x000000076b800000, 0x000000077e600000, 0x00000007c0000000)
  eden space 65536K, 0% used [0x000000076b800000,0x000000076b800000,0x000000076f800000)
  from space 512K, 25% used [0x000000077e500000,0x000000077e520000,0x000000077e580000)
  to   space 512K, 0% used [0x000000077e580000,0x000000077e580000,0x000000077e600000)
 ParOldGen       total 173568K, used 1424K [0x00000006c2800000, 0x00000006cd180000, 0x000000076b800000)
  object space 173568K, 0% used [0x00000006c2800000,0x00000006c2964050,0x00000006cd180000)
 Metaspace       used 8076K, capacity 8646K, committed 8960K, reserved 1056768K
  class space    used 646K, capacity 690K, committed 768K, reserved 1048576K
}
Event: 5.095 GC heap before
{Heap before GC invocations=50 (full 0):
 PSYoungGen      total 66048K, used 65664K [0x000000076b800000, 0x000000077e600000, 0x00000007c0000000)
  eden space 65536K, 100% used [0x000000076b800000,0x000000076f800000,0x000000076f800000)
  from space 512K, 25% used [0x000000077e500000,0x000000077e520000,0x000000077e580000)
  to   space 512K, 0% used [0x000000077e580000,0x000000077e580000,0x000000077e600000)
 ParOldGen       total 173568K, used 1424K [0x00000006c2800000, 0x00000006cd180000, 0x000000076b800000)
  object space 173568K, 0% used [0x00000006c2800000,0x00000006c2964050,0x00000006cd180000)
 Metaspace       used 8076K, capacity 8646K, committed 8960K, reserved 1056768K
  class space    used 646K, capacity 690K, committed 768K, reserved 1048576K
Event: 5.095 GC heap after
Heap after GC invocations=50 (full 0):
 PSYoungGen      total 64512K, used 128K [0x000000076b800000, 0x000000077e600000, 0x00000007c0000000)
  eden space 64000K, 0% used [0x000000076b800000,0x000000076b800000,0x000000076f680000)
  from space 512K, 25% used [0x000000077e580000,0x000000077e5a0000,0x000000077e600000)
  to   space 512K, 0% used [0x000000077e500000,0x000000077e500000,0x000000077e580000)
 ParOldGen       total 173568K, used 1424K [0x00000006c2800000, 0x00000006cd180000, 0x000000076b800000)
  object space 173568K, 0% used [0x00000006c2800000,0x00000006c2964050,0x00000006cd180000)
 Metaspace       used 8076K, capacity 8646K, committed 8960K, reserved 1056768K
  class space    used 646K, capacity 690K, committed 768K, reserved 1048576K
}
Event: 5.177 GC heap before
{Heap before GC invocations=51 (full 0):
 PSYoungGen      total 64512K, used 64128K [0x000000076b800000, 0x000000077e600000, 0x00000007c0000000)
  eden space 64000K, 100% used [0x000000076b800000,0x000000076f680000,0x000000076f680000)
  from space 512K, 25% used [0x000000077e580000,0x000000077e5a0000,0x000000077e600000)
  to   space 512K, 0% used [0x000000077e500000,0x000000077e500000,0x000000077e580000)
 ParOldGen       total 173568K, used 1424K [0x00000006c2800000, 0x00000006cd180000, 0x000000076b800000)
  object space 173568K, 0% used [0x00000006c2800000,0x00000006c2964050,0x00000006cd180000)
 Metaspace       used 8076K, capacity 8646K, committed 8960K, reserved 1056768K
  class space    used 646K, capacity 690K, committed 768K, reserved 1048576K
Event: 5.177 GC heap after
Heap after GC invocations=51 (full 0):
 PSYoungGen      total 62976K, used 160K [0x000000076b800000, 0x000000077e600000, 0x00000007c0000000)
  eden space 62464K, 0% used [0x000000076b800000,0x000000076b800000,0x000000076f500000)
  from space 512K, 31% used [0x000000077e500000,0x000000077e528000,0x000000077e580000)
  to   space 512K, 0% used [0x000000077e580000,0x000000077e580000,0x000000077e600000)
 ParOldGen       total 173568K, used 1424K [0x00000006c2800000, 0x00000006cd180000, 0x000000076b800000)
  object space 173568K, 0% used [0x00000006c2800000,0x00000006c2964050,0x00000006cd180000)
 Metaspace       used 8076K, capacity 8646K, committed 8960K, reserved 1056768K
  class space    used 646K, capacity 690K, committed 768K, reserved 1048576K
}
Event: 5.232 GC heap before
{Heap before GC invocations=52 (full 0):
 PSYoungGen      total 62976K, used 62624K [0x000000076b800000, 0x000000077e600000, 0x00000007c0000000)
  eden space 62464K, 100% used [0x000000076b800000,0x000000076f500000,0x000000076f500000)
  from space 512K, 31% used [0x000000077e500000,0x000000077e528000,0x000000077e580000)
  to   space 512K, 0% used [0x000000077e580000,0x000000077e580000,0x000000077e600000)
 ParOldGen       total 173568K, used 1424K [0x00000006c2800000, 0x00000006cd180000, 0x000000076b800000)
  object space 173568K, 0% used [0x00000006c2800000,0x00000006c2964050,0x00000006cd180000)
 Metaspace       used 8078K, capacity 8646K, committed 8960K, reserved 1056768K
  class space    used 646K, capacity 690K, committed 768K, reserved 1048576K
Event: 5.232 GC heap after
Heap after GC invocations=52 (full 0):
 PSYoungGen      total 61952K, used 32K [0x000000076b800000, 0x000000077e600000, 0x00000007c0000000)
  eden space 61440K, 0% used [0x000000076b800000,0x000000076b800000,0x000000076f400000)
  from space 512K, 6% used [0x000000077e580000,0x000000077e588000,0x000000077e600000)
  to   space 512K, 0% used [0x000000077e500000,0x000000077e500000,0x000000077e580000)
 ParOldGen       total 173568K, used 1448K [0x00000006c2800000, 0x00000006cd180000, 0x000000076b800000)
  object space 173568K, 0% used [0x00000006c2800000,0x00000006c296a050,0x00000006cd180000)
 Metaspace       used 8078K, capacity 8646K, committed 8960K, reserved 1056768K
  class space    used 646K, capacity 690K, committed 768K, reserved 1048576K
}

