# JRE version: Java(TM) SE Runtime Environment (8.0_65-b17) (build 1.8.0_65-b17)
# Java VM: Java HotSpot(TM) 64-Bit Server VM (25.65-b01 mixed mode windows-amd64 compressed oops)
Heap:
 PSYoungGen      total 43008K, used 41600K [0x000000076b800000, 0x00000007a9380000, 0x00000007c0000000)
  eden space 42496K, 97% used [0x000000076b800000,0x000000076e0683a8,0x000000076e180000)
  from space 512K, 43% used [0x00000007a9300000,0x00000007a9338000,0x00000007a9380000)
  to   space 512K, 0% used [0x00000007a9280000,0x00000007a9280000,0x00000007a9300000)
 ParOldGen       total 173568K, used 17928K [0x00000006c2800000, 0x00000006cd180000, 0x000000076b800000)
  object space 173568K, 10% used [0x00000006c2800000,0x00000006c3982260,0x00000006cd180000)
 Metaspace       used 8401K, capacity 8774K, committed 8960K, reserved 1056768K
  class space    used 662K, capacity 690K, committed 768K, reserved 1048576K
GC Heap History (10 events):
Event: 26.093 GC heap before
{Heap before GC invocations=192 (full 0):
 PSYoungGen      total 45568K, used 45248K [0x000000076b800000, 0x00000007a9380000, 0x00000007c0000000)
  eden space 45056K, 100% used [0x000000076b800000,0x000000076e400000,0x000000076e400000)
  from space 512K, 37% used [0x00000007a9280000,0x00000007a92b0000,0x00000007a9300000)
  to   space 512K, 0% used [0x00000007a9300000,0x00000007a9300000,0x00000007a9380000)
 ParOldGen       total 173568K, used 17928K [0x00000006c2800000, 0x00000006cd180000, 0x000000076b800000)
  object space 173568K, 10% used [0x00000006c2800000,0x00000006c3982260,0x00000006cd180000)
 Metaspace       used 8401K, capacity 8774K, committed 8960K, reserved 1056768K
  class space    used 662K, capacity 690K, committed 768K, reserved 1048576K
Event: 26.093 GC heap after
Heap after GC invocations=192 (full 0):
 PSYoungGen      total 45056K, used 224K [0x000000076b800000, 0x00000007a9380000, 0x00000007c0000000)
  eden space 44544K, 0% used [0x000000076b800000,0x000000076b800000,0x000000076e380000)
  from space 512K, 43% used [0x00000007a9300000,0x00000007a9338000,0x00000007a9380000)
  to   space 512K, 0% used [0x00000007a9280000,0x00000007a9280000,0x00000007a9300000)
 ParOldGen       total 173568K, used 17928K [0x00000006c2800000, 0x00000006cd180000, 0x000000076b800000)
  object space 173568K, 10% used [0x00000006c2800000,0x00000006c3982260,0x00000006cd180000)
 Metaspace       used 8401K, capacity 8774K, committed 8960K, reserved 1056768K
  class space    used 662K, capacity 690K, committed 768K, reserved 1048576K
}
Event: 26.159 GC heap before
{Heap before GC invocations=193 (full 0):
 PSYoungGen      total 45056K, used 44768K [0x000000076b800000, 0x00000007a9380000, 0x00000007c0000000)
  eden space 44544K, 100% used [0x000000076b800000,0x000000076e380000,0x000000076e380000)
  from space 512K, 43% used [0x00000007a9300000,0x00000007a9338000,0x00000007a9380000)
  to   space 512K, 0% used [0x00000007a9280000,0x00000007a9280000,0x00000007a9300000)
 ParOldGen       total 173568K, used 17928K [0x00000006c2800000, 0x00000006cd180000, 0x000000076b800000)
  object space 173568K, 10% used [0x00000006c2800000,0x00000006c3982260,0x00000006cd180000)
 Metaspace       used 8401K, capacity 8774K, committed 8960K, reserved 1056768K
  class space    used 662K, capacity 690K, committed 768K, reserved 1048576K
Event: 26.160 GC heap after
Heap after GC invocations=193 (full 0):
 PSYoungGen      total 44544K, used 224K [0x000000076b800000, 0x00000007a9380000, 0x00000007c0000000)
  eden space 44032K, 0% used [0x000000076b800000,0x000000076b800000,0x000000076e300000)
  from space 512K, 43% used [0x00000007a9280000,0x00000007a92b8000,0x00000007a9300000)
  to   space 512K, 0% used [0x00000007a9300000,0x00000007a9300000,0x00000007a9380000)
 ParOldGen       total 173568K, used 17928K [0x00000006c2800000, 0x00000006cd180000, 0x000000076b800000)
  object space 173568K, 10% used [0x00000006c2800000,0x00000006c3982260,0x00000006cd180000)
 Metaspace       used 8401K, capacity 8774K, committed 8960K, reserved 1056768K
  class space    used 662K, capacity 690K, committed 768K, reserved 1048576K
}
Event: 26.220 GC heap before
{Heap before GC invocations=194 (full 0):
 PSYoungGen      total 44544K, used 44256K [0x000000076b800000, 0x00000007a9380000, 0x00000007c0000000)
  eden space 44032K, 100% used [0x000000076b800000,0x000000076e300000,0x000000076e300000)
  from space 512K, 43% used [0x00000007a9280000,0x00000007a92b8000,0x00000007a9300000)
  to   space 512K, 0% used [0x00000007a9300000,0x00000007a9300000,0x00000007a9380000)
 ParOldGen       total 173568K, used 17928K [0x00000006c2800000, 0x00000006cd180000, 0x000000076b800000)
  object space 173568K, 10% used [0x00000006c2800000,0x00000006c3982260,0x00000006cd180000)
 Metaspace       used 8401K, capacity 8774K, committed 8960K, reserved 1056768K
  class space    used 662K, capacity 690K, committed 768K, reserved 1048576K
Event: 26.220 GC heap after
Heap after GC invocations=194 (full 0):
 PSYoungGen      total 44032K, used 192K [0x000000076b800000, 0x00000007a9380000, 0x00000007c0000000)
  eden space 43520K, 0% used [0x000000076b800000,0x000000076b800000,0x000000076e280000)
  from space 512K, 37% used [0x00000007a9300000,0x00000007a9330000,0x00000007a9380000)
  to   space 512K, 0% used [0x00000007a9280000,0x00000007a9280000,0x00000007a9300000)
 ParOldGen       total 173568K, used 17928K [0x00000006c2800000, 0x00000006cd180000, 0x000000076b800000)
  object space 173568K, 10% used [0x00000006c2800000,0x00000006c3982260,0x00000006cd180000)
 Metaspace       used 8401K, capacity 8774K, committed 8960K, reserved 1056768K
  class space    used 662K, capacity 690K, committed 768K, reserved 1048576K
}
Event: 26.282 GC heap before
{Heap before GC invocations=195 (full 0):
 PSYoungGen      total 44032K, used 43712K [0x000000076b800000, 0x00000007a9380000, 0x00000007c0000000)
  eden space 43520K, 100% used [0x000000076b800000,0x000000076e280000,0x000000076e280000)
  from space 512K, 37% used [0x00000007a9300000,0x00000007a9330000,0x00000007a9380000)
  to   space 512K, 0% used [0x00000007a9280000,0x00000007a9280000,0x00000007a9300000)
 ParOldGen       total 173568K, used 17928K [0x00000006c2800000, 0x00000006cd180000, 0x000000076b800000)
  object space 173568K, 10% used [0x00000006c2800000,0x00000006c3982260,0x00000006cd180000)
 Metaspace       used 8401K, capacity 8774K, committed 8960K, reserved 1056768K
  class space    used 662K, capacity 690K, committed 768K, reserved 1048576K
Event: 26.282 GC heap after
Heap after GC invocations=195 (full 0):
 PSYoungGen      total 43520K, used 224K [0x000000076b800000, 0x00000007a9380000, 0x00000007c0000000)
  eden space 43008K, 0% used [0x000000076b800000,0x000000076b800000,0x000000076e200000)
  from space 512K, 43% used [0x00000007a9280000,0x00000007a92b8000,0x00000007a9300000)
  to   space 512K, 0% used [0x00000007a9300000,0x00000007a9300000,0x00000007a9380000)
 ParOldGen       total 173568K, used 17928K [0x00000006c2800000, 0x00000006cd180000, 0x000000076b800000)
  object space 173568K, 10% used [0x00000006c2800000,0x00000006c3982260,0x00000006cd180000)
 Metaspace       used 8401K, capacity 8774K, committed 8960K, reserved 1056768K
  class space    used 662K, capacity 690K, committed 768K, reserved 1048576K
}
Event: 26.330 GC heap before
{Heap before GC invocations=196 (full 0):
 PSYoungGen      total 43520K, used 43232K [0x000000076b800000, 0x00000007a9380000, 0x00000007c0000000)
  eden space 43008K, 100% used [0x000000076b800000,0x000000076e200000,0x000000076e200000)
  from space 512K, 43% used [0x00000007a9280000,0x00000007a92b8000,0x00000007a9300000)
  to   space 512K, 0% used [0x00000007a9300000,0x00000007a9300000,0x00000007a9380000)
 ParOldGen       total 173568K, used 17928K [0x00000006c2800000, 0x00000006cd180000, 0x000000076b800000)
  object space 173568K, 10% used [0x00000006c2800000,0x00000006c3982260,0x00000006cd180000)
 Metaspace       used 8401K, capacity 8774K, committed 8960K, reserved 1056768K
  class space    used 662K, capacity 690K, committed 768K, reserved 1048576K
Event: 26.331 GC heap after
Heap after GC invocations=196 (full 0):
 PSYoungGen      total 43008K, used 224K [0x000000076b800000, 0x00000007a9380000, 0x00000007c0000000)
  eden space 42496K, 0% used [0x000000076b800000,0x000000076b800000,0x000000076e180000)
  from space 512K, 43% used [0x00000007a9300000,0x00000007a9338000,0x00000007a9380000)
  to   space 512K, 0% used [0x00000007a9280000,0x00000007a9280000,0x00000007a9300000)
 ParOldGen       total 173568K, used 17928K [0x00000006c2800000, 0x00000006cd180000, 0x000000076b800000)
  object space 173568K, 10% used [0x00000006c2800000,0x00000006c3982260,0x00000006cd180000)
 Metaspace       used 8401K, capacity 8774K, committed 8960K, reserved 1056768K
  class space    used 662K, capacity 690K, committed 768K, reserved 1048576K
}

