# JRE version: Java(TM) SE Runtime Environment (8.0_65-b17) (build 1.8.0_65-b17)
# Java VM: Java HotSpot(TM) 64-Bit Server VM (25.65-b01 mixed mode windows-amd64 compressed oops)
Heap:
 PSYoungGen      total 819200K, used 539243K [0x000000076b800000, 0x00000007bc380000, 0x00000007c0000000)
  eden space 809472K, 66% used [0x000000076b800000,0x000000078c66afe0,0x000000079ce80000)
  from space 9728K, 1% used [0x00000007bb080000,0x00000007bb0b0000,0x00000007bba00000)
  to   space 9216K, 0% used [0x00000007bba80000,0x00000007bba80000,0x00000007bc380000)
 ParOldGen       total 173568K, used 30716K [0x00000006c2800000, 0x00000006cd180000, 0x000000076b800000)
  object space 173568K, 17% used [0x00000006c2800000,0x00000006c45ff1a8,0x00000006cd180000)
 Metaspace       used 8302K, capacity 8710K, committed 8960K, reserved 1056768K
  class space    used 654K, capacity 690K, committed 768K, reserved 1048576K
GC Heap History (10 events):
Event: 9.158 GC heap before
{Heap before GC invocations=19 (full 0):
 PSYoungGen      total 1027584K, used 1027232K [0x000000076b800000, 0x00000007bd780000, 0x00000007c0000000)
  eden space 1027072K, 100% used [0x000000076b800000,0x00000007aa300000,0x00000007aa300000)
  from space 512K, 31% used [0x00000007bd700000,0x00000007bd728000,0x00000007bd780000)
  to   space 12288K, 0% used [0x00000007bbf80000,0x00000007bbf80000,0x00000007bcb80000)
 ParOldGen       total 173568K, used 30708K [0x00000006c2800000, 0x00000006cd180000, 0x000000076b800000)
  object space 173568K, 17% used [0x00000006c2800000,0x00000006c45fd1a8,0x00000006cd180000)
 Metaspace       used 8279K, capacity 8710K, committed 8960K, reserved 1056768K
  class space    used 654K, capacity 690K, committed 768K, reserved 1048576K
Event: 9.158 GC heap after
Heap after GC invocations=19 (full 0):
 PSYoungGen      total 991232K, used 224K [0x000000076b800000, 0x00000007bd780000, 0x00000007c0000000)
  eden space 978944K, 0% used [0x000000076b800000,0x000000076b800000,0x00000007a7400000)
  from space 12288K, 1% used [0x00000007bbf80000,0x00000007bbfb8000,0x00000007bcb80000)
  to   space 11264K, 0% used [0x00000007bcc80000,0x00000007bcc80000,0x00000007bd780000)
 ParOldGen       total 173568K, used 30708K [0x00000006c2800000, 0x00000006cd180000, 0x000000076b800000)
  object space 173568K, 17% used [0x00000006c2800000,0x00000006c45fd1a8,0x00000006cd180000)
 Metaspace       used 8279K, capacity 8710K, committed 8960K, reserved 1056768K
  class space    used 654K, capacity 690K, committed 768K, reserved 1048576K
}
Event: 9.939 GC heap before
{Heap before GC invocations=20 (full 0):
 PSYoungGen      total 991232K, used 979168K [0x000000076b800000, 0x00000007bd780000, 0x00000007c0000000)
  eden space 978944K, 100% used [0x000000076b800000,0x00000007a7400000,0x00000007a7400000)
  from space 12288K, 1% used [0x00000007bbf80000,0x00000007bbfb8000,0x00000007bcb80000)
  to   space 11264K, 0% used [0x00000007bcc80000,0x00000007bcc80000,0x00000007bd780000)
 ParOldGen       total 173568K, used 30708K [0x00000006c2800000, 0x00000006cd180000, 0x000000076b800000)
  object space 173568K, 17% used [0x00000006c2800000,0x00000006c45fd1a8,0x00000006cd180000)
 Metaspace       used 8291K, capacity 8710K, committed 8960K, reserved 1056768K
  class space    used 654K, capacity 690K, committed 768K, reserved 1048576K
Event: 9.939 GC heap after
Heap after GC invocations=20 (full 0):
 PSYoungGen      total 933888K, used 224K [0x000000076b800000, 0x00000007bcd00000, 0x00000007c0000000)
  eden space 933376K, 0% used [0x000000076b800000,0x000000076b800000,0x00000007a4780000)
  from space 512K, 43% used [0x00000007bcc80000,0x00000007bccb8000,0x00000007bcd00000)
  to   space 10752K, 0% used [0x00000007bb800000,0x00000007bb800000,0x00000007bc280000)
 ParOldGen       total 173568K, used 30708K [0x00000006c2800000, 0x00000006cd180000, 0x000000076b800000)
  object space 173568K, 17% used [0x00000006c2800000,0x00000006c45fd1a8,0x00000006cd180000)
 Metaspace       used 8291K, capacity 8710K, committed 8960K, reserved 1056768K
  class space    used 654K, capacity 690K, committed 768K, reserved 1048576K
}
Event: 10.646 GC heap before
{Heap before GC invocations=21 (full 0):
 PSYoungGen      total 933888K, used 933600K [0x000000076b800000, 0x00000007bcd00000, 0x00000007c0000000)
  eden space 933376K, 100% used [0x000000076b800000,0x00000007a4780000,0x00000007a4780000)
  from space 512K, 43% used [0x00000007bcc80000,0x00000007bccb8000,0x00000007bcd00000)
  to   space 10752K, 0% used [0x00000007bb800000,0x00000007bb800000,0x00000007bc280000)
 ParOldGen       total 173568K, used 30708K [0x00000006c2800000, 0x00000006cd180000, 0x000000076b800000)
  object space 173568K, 17% used [0x00000006c2800000,0x00000006c45fd1a8,0x00000006cd180000)
 Metaspace       used 8294K, capacity 8710K, committed 8960K, reserved 1056768K
  class space    used 654K, capacity 690K, committed 768K, reserved 1048576K
Event: 10.647 GC heap after
Heap after GC invocations=21 (full 0):
 PSYoungGen      total 900608K, used 128K [0x000000076b800000, 0x00000007bcd00000, 0x00000007c0000000)
  eden space 889856K, 0% used [0x000000076b800000,0x000000076b800000,0x00000007a1d00000)
  from space 10752K, 1% used [0x00000007bb800000,0x00000007bb820000,0x00000007bc280000)
  to   space 10240K, 0% used [0x00000007bc300000,0x00000007bc300000,0x00000007bcd00000)
 ParOldGen       total 173568K, used 30716K [0x00000006c2800000, 0x00000006cd180000, 0x000000076b800000)
  object space 173568K, 17% used [0x00000006c2800000,0x00000006c45ff1a8,0x00000006cd180000)
 Metaspace       used 8294K, capacity 8710K, committed 8960K, reserved 1056768K
  class space    used 654K, capacity 690K, committed 768K, reserved 1048576K
}
Event: 11.371 GC heap before
{Heap before GC invocations=22 (full 0):
 PSYoungGen      total 900608K, used 889984K [0x000000076b800000, 0x00000007bcd00000, 0x00000007c0000000)
  eden space 889856K, 100% used [0x000000076b800000,0x00000007a1d00000,0x00000007a1d00000)
  from space 10752K, 1% used [0x00000007bb800000,0x00000007bb820000,0x00000007bc280000)
  to   space 10240K, 0% used [0x00000007bc300000,0x00000007bc300000,0x00000007bcd00000)
 ParOldGen       total 173568K, used 30716K [0x00000006c2800000, 0x00000006cd180000, 0x000000076b800000)
  object space 173568K, 17% used [0x00000006c2800000,0x00000006c45ff1a8,0x00000006cd180000)
 Metaspace       used 8294K, capacity 8710K, committed 8960K, reserved 1056768K
  class space    used 654K, capacity 690K, committed 768K, reserved 1048576K
Event: 11.372 GC heap after
Heap after GC invocations=22 (full 0):
 PSYoungGen      total 849408K, used 224K [0x000000076b800000, 0x00000007bc380000, 0x00000007c0000000)
  eden space 848896K, 0% used [0x000000076b800000,0x000000076b800000,0x000000079f500000)
  from space 512K, 43% used [0x00000007bc300000,0x00000007bc338000,0x00000007bc380000)
  to   space 9728K, 0% used [0x00000007bb080000,0x00000007bb080000,0x00000007bba00000)
 ParOldGen       total 173568K, used 30716K [0x00000006c2800000, 0x00000006cd180000, 0x000000076b800000)
  object space 173568K, 17% used [0x00000006c2800000,0x00000006c45ff1a8,0x00000006cd180000)
 Metaspace       used 8294K, capacity 8710K, committed 8960K, reserved 1056768K
  class space    used 654K, capacity 690K, committed 768K, reserved 1048576K
}
Event: 12.045 GC heap before
{Heap before GC invocations=23 (full 0):
 PSYoungGen      total 849408K, used 849120K [0x000000076b800000, 0x00000007bc380000, 0x00000007c0000000)
  eden space 848896K, 100% used [0x000000076b800000,0x000000079f500000,0x000000079f500000)
  from space 512K, 43% used [0x00000007bc300000,0x00000007bc338000,0x00000007bc380000)
  to   space 9728K, 0% used [0x00000007bb080000,0x00000007bb080000,0x00000007bba00000)
 ParOldGen       total 173568K, used 30716K [0x00000006c2800000, 0x00000006cd180000, 0x000000076b800000)
  object space 173568K, 17% used [0x00000006c2800000,0x00000006c45ff1a8,0x00000006cd180000)
 Metaspace       used 8302K, capacity 8710K, committed 8960K, reserved 1056768K
  class space    used 654K, capacity 690K, committed 768K, reserved 1048576K
Event: 12.046 GC heap after
Heap after GC invocations=23 (full 0):
 PSYoungGen      total 819200K, used 192K [0x000000076b800000, 0x00000007bc380000, 0x00000007c0000000)
  eden space 809472K, 0% used [0x000000076b800000,0x000000076b800000,0x000000079ce80000)
  from space 9728K, 1% used [0x00000007bb080000,0x00000007bb0b0000,0x00000007bba00000)
  to   space 9216K, 0% used [0x00000007bba80000,0x00000007bba80000,0x00000007bc380000)
 ParOldGen       total 173568K, used 30716K [0x00000006c2800000, 0x00000006cd180000, 0x000000076b800000)
  object space 173568K, 17% used [0x00000006c2800000,0x00000006c45ff1a8,0x00000006cd180000)
 Metaspace       used 8302K, capacity 8710K, committed 8960K, reserved 1056768K
  class space    used 654K, capacity 690K, committed 768K, reserved 1048576K
}

