# JRE version: Java(TM) SE Runtime Environment (8.0_65-b17) (build 1.8.0_65-b17)
# Java VM: Java HotSpot(TM) 64-Bit Server VM (25.65-b01 mixed mode windows-amd64 compressed oops)
Heap:
 PSYoungGen      total 262656K, used 123309K [0x000000076b800000, 0x000000078a480000, 0x00000007c0000000)
  eden space 262144K, 46% used [0x000000076b800000,0x000000077303b5e8,0x000000077b800000)
  from space 512K, 37% used [0x000000078a400000,0x000000078a430000,0x000000078a480000)
  to   space 2048K, 0% used [0x000000078a080000,0x000000078a080000,0x000000078a280000)
 ParOldGen       total 173568K, used 2847K [0x00000006c2800000, 0x00000006cd180000, 0x000000076b800000)
  object space 173568K, 1% used [0x00000006c2800000,0x00000006c2ac7c10,0x00000006cd180000)
 Metaspace       used 8283K, capacity 8710K, committed 8960K, reserved 1056768K
  class space    used 654K, capacity 690K, committed 768K, reserved 1048576K
GC Heap History (10 events):
Event: 4.867 GC heap before
{Heap before GC invocations=20 (full 0):
 PSYoungGen      total 324096K, used 321760K [0x000000076b800000, 0x000000078a980000, 0x00000007c0000000)
  eden space 321536K, 100% used [0x000000076b800000,0x000000077f200000,0x000000077f200000)
  from space 2560K, 8% used [0x000000078a480000,0x000000078a4b8000,0x000000078a700000)
  to   space 2560K, 0% used [0x000000078a700000,0x000000078a700000,0x000000078a980000)
 ParOldGen       total 173568K, used 2831K [0x00000006c2800000, 0x00000006cd180000, 0x000000076b800000)
  object space 173568K, 1% used [0x00000006c2800000,0x00000006c2ac3c10,0x00000006cd180000)
 Metaspace       used 8276K, capacity 8646K, committed 8960K, reserved 1056768K
  class space    used 654K, capacity 690K, committed 768K, reserved 1048576K
Event: 4.868 GC heap after
Heap after GC invocations=20 (full 0):
 PSYoungGen      total 308736K, used 224K [0x000000076b800000, 0x000000078a780000, 0x00000007c0000000)
  eden space 308224K, 0% used [0x000000076b800000,0x000000076b800000,0x000000077e500000)
  from space 512K, 43% used [0x000000078a700000,0x000000078a738000,0x000000078a780000)
  to   space 2560K, 0% used [0x000000078a280000,0x000000078a280000,0x000000078a500000)
 ParOldGen       total 173568K, used 2847K [0x00000006c2800000, 0x00000006cd180000, 0x000000076b800000)
  object space 173568K, 1% used [0x00000006c2800000,0x00000006c2ac7c10,0x00000006cd180000)
 Metaspace       used 8276K, capacity 8646K, committed 8960K, reserved 1056768K
  class space    used 654K, capacity 690K, committed 768K, reserved 1048576K
}
Event: 5.158 GC heap before
{Heap before GC invocations=21 (full 0):
 PSYoungGen      total 308736K, used 308448K [0x000000076b800000, 0x000000078a780000, 0x00000007c0000000)
  eden space 308224K, 100% used [0x000000076b800000,0x000000077e500000,0x000000077e500000)
  from space 512K, 43% used [0x000000078a700000,0x000000078a738000,0x000000078a780000)
  to   space 2560K, 0% used [0x000000078a280000,0x000000078a280000,0x000000078a500000)
 ParOldGen       total 173568K, used 2847K [0x00000006c2800000, 0x00000006cd180000, 0x000000076b800000)
  object space 173568K, 1% used [0x00000006c2800000,0x00000006c2ac7c10,0x00000006cd180000)
 Metaspace       used 8276K, capacity 8646K, committed 8960K, reserved 1056768K
  class space    used 654K, capacity 690K, committed 768K, reserved 1048576K
Event: 5.159 GC heap after
Heap after GC invocations=21 (full 0):
 PSYoungGen      total 298496K, used 224K [0x000000076b800000, 0x000000078a780000, 0x00000007c0000000)
  eden space 295936K, 0% used [0x000000076b800000,0x000000076b800000,0x000000077d900000)
  from space 2560K, 8% used [0x000000078a280000,0x000000078a2b8000,0x000000078a500000)
  to   space 2048K, 0% used [0x000000078a580000,0x000000078a580000,0x000000078a780000)
 ParOldGen       total 173568K, used 2847K [0x00000006c2800000, 0x00000006cd180000, 0x000000076b800000)
  object space 173568K, 1% used [0x00000006c2800000,0x00000006c2ac7c10,0x00000006cd180000)
 Metaspace       used 8276K, capacity 8646K, committed 8960K, reserved 1056768K
  class space    used 654K, capacity 690K, committed 768K, reserved 1048576K
}
Event: 5.478 GC heap before
{Heap before GC invocations=22 (full 0):
 PSYoungGen      total 298496K, used 296160K [0x000000076b800000, 0x000000078a780000, 0x00000007c0000000)
  eden space 295936K, 100% used [0x000000076b800000,0x000000077d900000,0x000000077d900000)
  from space 2560K, 8% used [0x000000078a280000,0x000000078a2b8000,0x000000078a500000)
  to   space 2048K, 0% used [0x000000078a580000,0x000000078a580000,0x000000078a780000)
 ParOldGen       total 173568K, used 2847K [0x00000006c2800000, 0x00000006cd180000, 0x000000076b800000)
  object space 173568K, 1% used [0x00000006c2800000,0x00000006c2ac7c10,0x00000006cd180000)
 Metaspace       used 8277K, capacity 8646K, committed 8960K, reserved 1056768K
  class space    used 654K, capacity 690K, committed 768K, reserved 1048576K
Event: 5.479 GC heap after
Heap after GC invocations=22 (full 0):
 PSYoungGen      total 284672K, used 224K [0x000000076b800000, 0x000000078a600000, 0x00000007c0000000)
  eden space 284160K, 0% used [0x000000076b800000,0x000000076b800000,0x000000077cd80000)
  from space 512K, 43% used [0x000000078a580000,0x000000078a5b8000,0x000000078a600000)
  to   space 2048K, 0% used [0x000000078a200000,0x000000078a200000,0x000000078a400000)
 ParOldGen       total 173568K, used 2847K [0x00000006c2800000, 0x00000006cd180000, 0x000000076b800000)
  object space 173568K, 1% used [0x00000006c2800000,0x00000006c2ac7c10,0x00000006cd180000)
 Metaspace       used 8277K, capacity 8646K, committed 8960K, reserved 1056768K
  class space    used 654K, capacity 690K, committed 768K, reserved 1048576K
}
Event: 5.769 GC heap before
{Heap before GC invocations=23 (full 0):
 PSYoungGen      total 284672K, used 284384K [0x000000076b800000, 0x000000078a600000, 0x00000007c0000000)
  eden space 284160K, 100% used [0x000000076b800000,0x000000077cd80000,0x000000077cd80000)
  from space 512K, 43% used [0x000000078a580000,0x000000078a5b8000,0x000000078a600000)
  to   space 2048K, 0% used [0x000000078a200000,0x000000078a200000,0x000000078a400000)
 ParOldGen       total 173568K, used 2847K [0x00000006c2800000, 0x00000006cd180000, 0x000000076b800000)
  object space 173568K, 1% used [0x00000006c2800000,0x00000006c2ac7c10,0x00000006cd180000)
 Metaspace       used 8282K, capacity 8710K, committed 8960K, reserved 1056768K
  class space    used 654K, capacity 690K, committed 768K, reserved 1048576K
Event: 5.769 GC heap after
Heap after GC invocations=23 (full 0):
 PSYoungGen      total 274944K, used 224K [0x000000076b800000, 0x000000078a600000, 0x00000007c0000000)
  eden space 272896K, 0% used [0x000000076b800000,0x000000076b800000,0x000000077c280000)
  from space 2048K, 10% used [0x000000078a200000,0x000000078a238000,0x000000078a400000)
  to   space 2048K, 0% used [0x000000078a400000,0x000000078a400000,0x000000078a600000)
 ParOldGen       total 173568K, used 2847K [0x00000006c2800000, 0x00000006cd180000, 0x000000076b800000)
  object space 173568K, 1% used [0x00000006c2800000,0x00000006c2ac7c10,0x00000006cd180000)
 Metaspace       used 8282K, capacity 8710K, committed 8960K, reserved 1056768K
  class space    used 654K, capacity 690K, committed 768K, reserved 1048576K
}
Event: 5.973 GC heap before
{Heap before GC invocations=24 (full 0):
 PSYoungGen      total 274944K, used 273120K [0x000000076b800000, 0x000000078a600000, 0x00000007c0000000)
  eden space 272896K, 100% used [0x000000076b800000,0x000000077c280000,0x000000077c280000)
  from space 2048K, 10% used [0x000000078a200000,0x000000078a238000,0x000000078a400000)
  to   space 2048K, 0% used [0x000000078a400000,0x000000078a400000,0x000000078a600000)
 ParOldGen       total 173568K, used 2847K [0x00000006c2800000, 0x00000006cd180000, 0x000000076b800000)
  object space 173568K, 1% used [0x00000006c2800000,0x00000006c2ac7c10,0x00000006cd180000)
 Metaspace       used 8282K, capacity 8710K, committed 8960K, reserved 1056768K
  class space    used 654K, capacity 690K, committed 768K, reserved 1048576K
Event: 5.973 GC heap after
Heap after GC invocations=24 (full 0):
 PSYoungGen      total 262656K, used 192K [0x000000076b800000, 0x000000078a480000, 0x00000007c0000000)
  eden space 262144K, 0% used [0x000000076b800000,0x000000076b800000,0x000000077b800000)
  from space 512K, 37% used [0x000000078a400000,0x000000078a430000,0x000000078a480000)
  to   space 2048K, 0% used [0x000000078a080000,0x000000078a080000,0x000000078a280000)
 ParOldGen       total 173568K, used 2847K [0x00000006c2800000, 0x00000006cd180000, 0x000000076b800000)
  object space 173568K, 1% used [0x00000006c2800000,0x00000006c2ac7c10,0x00000006cd180000)
 Metaspace       used 8282K, capacity 8710K, committed 8960K, reserved 1056768K
  class space    used 654K, capacity 690K, committed 768K, reserved 1048576K
}

