# JRE version: Java(TM) SE Runtime Environment (8.0_65-b17) (build 1.8.0_65-b17)
# Java VM: Java HotSpot(TM) 64-Bit Server VM (25.65-b01 mixed mode windows-amd64 compressed oops)
Heap:
 PSYoungGen      total 573952K, used 341529K [0x000000076b800000, 0x00000007a9e80000, 0x00000007c0000000)
  eden space 569344K, 59% used [0x000000076b800000,0x000000078054e550,0x000000078e400000)
  from space 4608K, 4% used [0x00000007a9580000,0x00000007a95b8000,0x00000007a9a00000)
  to   space 4096K, 0% used [0x00000007a9a80000,0x00000007a9a80000,0x00000007a9e80000)
 ParOldGen       total 173568K, used 19784K [0x00000006c2800000, 0x00000006cd180000, 0x000000076b800000)
  object space 173568K, 11% used [0x00000006c2800000,0x00000006c3b52060,0x00000006cd180000)
 Metaspace       used 8362K, capacity 8774K, committed 8960K, reserved 1056768K
  class space    used 660K, capacity 690K, committed 768K, reserved 1048576K
GC Heap History (10 events):
Event: 8.855 GC heap before
{Heap before GC invocations=23 (full 0):
 PSYoungGen      total 718336K, used 718048K [0x000000076b800000, 0x00000007aa780000, 0x00000007c0000000)
  eden space 717824K, 100% used [0x000000076b800000,0x0000000797500000,0x0000000797500000)
  from space 512K, 43% used [0x00000007aa700000,0x00000007aa738000,0x00000007aa780000)
  to   space 5632K, 0% used [0x00000007a9c80000,0x00000007a9c80000,0x00000007aa200000)
 ParOldGen       total 173568K, used 19776K [0x00000006c2800000, 0x00000006cd180000, 0x000000076b800000)
  object space 173568K, 11% used [0x00000006c2800000,0x00000006c3b50060,0x00000006cd180000)
 Metaspace       used 8359K, capacity 8774K, committed 8960K, reserved 1056768K
  class space    used 660K, capacity 690K, committed 768K, reserved 1048576K
Event: 8.856 GC heap after
Heap after GC invocations=23 (full 0):
 PSYoungGen      total 690688K, used 224K [0x000000076b800000, 0x00000007aa780000, 0x00000007c0000000)
  eden space 685056K, 0% used [0x000000076b800000,0x000000076b800000,0x0000000795500000)
  from space 5632K, 3% used [0x00000007a9c80000,0x00000007a9cb8000,0x00000007aa200000)
  to   space 5632K, 0% used [0x00000007aa200000,0x00000007aa200000,0x00000007aa780000)
 ParOldGen       total 173568K, used 19776K [0x00000006c2800000, 0x00000006cd180000, 0x000000076b800000)
  object space 173568K, 11% used [0x00000006c2800000,0x00000006c3b50060,0x00000006cd180000)
 Metaspace       used 8359K, capacity 8774K, committed 8960K, reserved 1056768K
  class space    used 660K, capacity 690K, committed 768K, reserved 1048576K
}
Event: 9.394 GC heap before
{Heap before GC invocations=24 (full 0):
 PSYoungGen      total 690688K, used 685280K [0x000000076b800000, 0x00000007aa780000, 0x00000007c0000000)
  eden space 685056K, 100% used [0x000000076b800000,0x0000000795500000,0x0000000795500000)
  from space 5632K, 3% used [0x00000007a9c80000,0x00000007a9cb8000,0x00000007aa200000)
  to   space 5632K, 0% used [0x00000007aa200000,0x00000007aa200000,0x00000007aa780000)
 ParOldGen       total 173568K, used 19776K [0x00000006c2800000, 0x00000006cd180000, 0x000000076b800000)
  object space 173568K, 11% used [0x00000006c2800000,0x00000006c3b50060,0x00000006cd180000)
 Metaspace       used 8359K, capacity 8774K, committed 8960K, reserved 1056768K
  class space    used 660K, capacity 690K, committed 768K, reserved 1048576K
Event: 9.397 GC heap after
Heap after GC invocations=24 (full 0):
 PSYoungGen      total 654336K, used 192K [0x000000076b800000, 0x00000007aa280000, 0x00000007c0000000)
  eden space 653824K, 0% used [0x000000076b800000,0x000000076b800000,0x0000000793680000)
  from space 512K, 37% used [0x00000007aa200000,0x00000007aa230000,0x00000007aa280000)
  to   space 5120K, 0% used [0x00000007a9880000,0x00000007a9880000,0x00000007a9d80000)
 ParOldGen       total 173568K, used 19776K [0x00000006c2800000, 0x00000006cd180000, 0x000000076b800000)
  object space 173568K, 11% used [0x00000006c2800000,0x00000006c3b50060,0x00000006cd180000)
 Metaspace       used 8359K, capacity 8774K, committed 8960K, reserved 1056768K
  class space    used 660K, capacity 690K, committed 768K, reserved 1048576K
}
Event: 9.901 GC heap before
{Heap before GC invocations=25 (full 0):
 PSYoungGen      total 654336K, used 654016K [0x000000076b800000, 0x00000007aa280000, 0x00000007c0000000)
  eden space 653824K, 100% used [0x000000076b800000,0x0000000793680000,0x0000000793680000)
  from space 512K, 37% used [0x00000007aa200000,0x00000007aa230000,0x00000007aa280000)
  to   space 5120K, 0% used [0x00000007a9880000,0x00000007a9880000,0x00000007a9d80000)
 ParOldGen       total 173568K, used 19776K [0x00000006c2800000, 0x00000006cd180000, 0x000000076b800000)
  object space 173568K, 11% used [0x00000006c2800000,0x00000006c3b50060,0x00000006cd180000)
 Metaspace       used 8359K, capacity 8774K, committed 8960K, reserved 1056768K
  class space    used 660K, capacity 690K, committed 768K, reserved 1048576K
Event: 9.902 GC heap after
Heap after GC invocations=25 (full 0):
 PSYoungGen      total 629248K, used 192K [0x000000076b800000, 0x00000007aa280000, 0x00000007c0000000)
  eden space 624128K, 0% used [0x000000076b800000,0x000000076b800000,0x0000000791980000)
  from space 5120K, 3% used [0x00000007a9880000,0x00000007a98b0000,0x00000007a9d80000)
  to   space 4608K, 0% used [0x00000007a9e00000,0x00000007a9e00000,0x00000007aa280000)
 ParOldGen       total 173568K, used 19776K [0x00000006c2800000, 0x00000006cd180000, 0x000000076b800000)
  object space 173568K, 11% used [0x00000006c2800000,0x00000006c3b50060,0x00000006cd180000)
 Metaspace       used 8359K, capacity 8774K, committed 8960K, reserved 1056768K
  class space    used 660K, capacity 690K, committed 768K, reserved 1048576K
}
Event: 10.363 GC heap before
{Heap before GC invocations=26 (full 0):
 PSYoungGen      total 629248K, used 624320K [0x000000076b800000, 0x00000007aa280000, 0x00000007c0000000)
  eden space 624128K, 100% used [0x000000076b800000,0x0000000791980000,0x0000000791980000)
  from space 5120K, 3% used [0x00000007a9880000,0x00000007a98b0000,0x00000007a9d80000)
  to   space 4608K, 0% used [0x00000007a9e00000,0x00000007a9e00000,0x00000007aa280000)
 ParOldGen       total 173568K, used 19776K [0x00000006c2800000, 0x00000006cd180000, 0x000000076b800000)
  object space 173568K, 11% used [0x00000006c2800000,0x00000006c3b50060,0x00000006cd180000)
 Metaspace       used 8362K, capacity 8774K, committed 8960K, reserved 1056768K
  class space    used 660K, capacity 690K, committed 768K, reserved 1048576K
Event: 10.364 GC heap after
Heap after GC invocations=26 (full 0):
 PSYoungGen      total 596480K, used 224K [0x000000076b800000, 0x00000007a9e80000, 0x00000007c0000000)
  eden space 595968K, 0% used [0x000000076b800000,0x000000076b800000,0x000000078fe00000)
  from space 512K, 43% used [0x00000007a9e00000,0x00000007a9e38000,0x00000007a9e80000)
  to   space 4608K, 0% used [0x00000007a9580000,0x00000007a9580000,0x00000007a9a00000)
 ParOldGen       total 173568K, used 19776K [0x00000006c2800000, 0x00000006cd180000, 0x000000076b800000)
  object space 173568K, 11% used [0x00000006c2800000,0x00000006c3b50060,0x00000006cd180000)
 Metaspace       used 8362K, capacity 8774K, committed 8960K, reserved 1056768K
  class space    used 660K, capacity 690K, committed 768K, reserved 1048576K
}
Event: 10.876 GC heap before
{Heap before GC invocations=27 (full 0):
 PSYoungGen      total 596480K, used 596192K [0x000000076b800000, 0x00000007a9e80000, 0x00000007c0000000)
  eden space 595968K, 100% used [0x000000076b800000,0x000000078fe00000,0x000000078fe00000)
  from space 512K, 43% used [0x00000007a9e00000,0x00000007a9e38000,0x00000007a9e80000)
  to   space 4608K, 0% used [0x00000007a9580000,0x00000007a9580000,0x00000007a9a00000)
 ParOldGen       total 173568K, used 19776K [0x00000006c2800000, 0x00000006cd180000, 0x000000076b800000)
  object space 173568K, 11% used [0x00000006c2800000,0x00000006c3b50060,0x00000006cd180000)
 Metaspace       used 8362K, capacity 8774K, committed 8960K, reserved 1056768K
  class space    used 660K, capacity 690K, committed 768K, reserved 1048576K
Event: 10.877 GC heap after
Heap after GC invocations=27 (full 0):
 PSYoungGen      total 573952K, used 224K [0x000000076b800000, 0x00000007a9e80000, 0x00000007c0000000)
  eden space 569344K, 0% used [0x000000076b800000,0x000000076b800000,0x000000078e400000)
  from space 4608K, 4% used [0x00000007a9580000,0x00000007a95b8000,0x00000007a9a00000)
  to   space 4096K, 0% used [0x00000007a9a80000,0x00000007a9a80000,0x00000007a9e80000)
 ParOldGen       total 173568K, used 19784K [0x00000006c2800000, 0x00000006cd180000, 0x000000076b800000)
  object space 173568K, 11% used [0x00000006c2800000,0x00000006c3b52060,0x00000006cd180000)
 Metaspace       used 8362K, capacity 8774K, committed 8960K, reserved 1056768K
  class space    used 660K, capacity 690K, committed 768K, reserved 1048576K
}

