# JRE version: Java(TM) SE Runtime Environment (8.0_65-b17) (build 1.8.0_65-b17)
# Java VM: Java HotSpot(TM) 64-Bit Server VM (25.65-b01 mixed mode windows-amd64 compressed oops)
Heap:
 PSYoungGen      total 56320K, used 34678K [0x000000076b800000, 0x0000000792880000, 0x00000007c0000000)
  eden space 55808K, 61% used [0x000000076b800000,0x000000076d9bd8b0,0x000000076ee80000)
  from space 512K, 25% used [0x0000000792780000,0x00000007927a0000,0x0000000792800000)
  to   space 512K, 0% used [0x0000000792800000,0x0000000792800000,0x0000000792880000)
 ParOldGen       total 173568K, used 6496K [0x00000006c2800000, 0x00000006cd180000, 0x000000076b800000)
  object space 173568K, 3% used [0x00000006c2800000,0x00000006c2e58050,0x00000006cd180000)
 Metaspace       used 8362K, capacity 8774K, committed 8960K, reserved 1056768K
  class space    used 660K, capacity 690K, committed 768K, reserved 1048576K
GC Heap History (10 events):
Event: 45.396 GC heap before
{Heap before GC invocations=607 (full 0):
 PSYoungGen      total 61440K, used 61056K [0x000000076b800000, 0x0000000792880000, 0x00000007c0000000)
  eden space 60928K, 100% used [0x000000076b800000,0x000000076f380000,0x000000076f380000)
  from space 512K, 25% used [0x0000000792800000,0x0000000792820000,0x0000000792880000)
  to   space 512K, 0% used [0x0000000792780000,0x0000000792780000,0x0000000792800000)
 ParOldGen       total 173568K, used 6496K [0x00000006c2800000, 0x00000006cd180000, 0x000000076b800000)
  object space 173568K, 3% used [0x00000006c2800000,0x00000006c2e58050,0x00000006cd180000)
 Metaspace       used 8362K, capacity 8774K, committed 8960K, reserved 1056768K
  class space    used 660K, capacity 690K, committed 768K, reserved 1048576K
Event: 45.397 GC heap after
Heap after GC invocations=607 (full 0):
 PSYoungGen      total 60416K, used 160K [0x000000076b800000, 0x0000000792880000, 0x00000007c0000000)
  eden space 59904K, 0% used [0x000000076b800000,0x000000076b800000,0x000000076f280000)
  from space 512K, 31% used [0x0000000792780000,0x00000007927a8000,0x0000000792800000)
  to   space 512K, 0% used [0x0000000792800000,0x0000000792800000,0x0000000792880000)
 ParOldGen       total 173568K, used 6496K [0x00000006c2800000, 0x00000006cd180000, 0x000000076b800000)
  object space 173568K, 3% used [0x00000006c2800000,0x00000006c2e58050,0x00000006cd180000)
 Metaspace       used 8362K, capacity 8774K, committed 8960K, reserved 1056768K
  class space    used 660K, capacity 690K, committed 768K, reserved 1048576K
}
Event: 45.443 GC heap before
{Heap before GC invocations=608 (full 0):
 PSYoungGen      total 60416K, used 60064K [0x000000076b800000, 0x0000000792880000, 0x00000007c0000000)
  eden space 59904K, 100% used [0x000000076b800000,0x000000076f280000,0x000000076f280000)
  from space 512K, 31% used [0x0000000792780000,0x00000007927a8000,0x0000000792800000)
  to   space 512K, 0% used [0x0000000792800000,0x0000000792800000,0x0000000792880000)
 ParOldGen       total 173568K, used 6496K [0x00000006c2800000, 0x00000006cd180000, 0x000000076b800000)
  object space 173568K, 3% used [0x00000006c2800000,0x00000006c2e58050,0x00000006cd180000)
 Metaspace       used 8362K, capacity 8774K, committed 8960K, reserved 1056768K
  class space    used 660K, capacity 690K, committed 768K, reserved 1048576K
Event: 45.443 GC heap after
Heap after GC invocations=608 (full 0):
 PSYoungGen      total 59392K, used 160K [0x000000076b800000, 0x0000000792880000, 0x00000007c0000000)
  eden space 58880K, 0% used [0x000000076b800000,0x000000076b800000,0x000000076f180000)
  from space 512K, 31% used [0x0000000792800000,0x0000000792828000,0x0000000792880000)
  to   space 512K, 0% used [0x0000000792780000,0x0000000792780000,0x0000000792800000)
 ParOldGen       total 173568K, used 6496K [0x00000006c2800000, 0x00000006cd180000, 0x000000076b800000)
  object space 173568K, 3% used [0x00000006c2800000,0x00000006c2e58050,0x00000006cd180000)
 Metaspace       used 8362K, capacity 8774K, committed 8960K, reserved 1056768K
  class space    used 660K, capacity 690K, committed 768K, reserved 1048576K
}
Event: 45.506 GC heap before
{Heap before GC invocations=609 (full 0):
 PSYoungGen      total 59392K, used 59040K [0x000000076b800000, 0x0000000792880000, 0x00000007c0000000)
  eden space 58880K, 100% used [0x000000076b800000,0x000000076f180000,0x000000076f180000)
  from space 512K, 31% used [0x0000000792800000,0x0000000792828000,0x0000000792880000)
  to   space 512K, 0% used [0x0000000792780000,0x0000000792780000,0x0000000792800000)
 ParOldGen       total 173568K, used 6496K [0x00000006c2800000, 0x00000006cd180000, 0x000000076b800000)
  object space 173568K, 3% used [0x00000006c2800000,0x00000006c2e58050,0x00000006cd180000)
 Metaspace       used 8362K, capacity 8774K, committed 8960K, reserved 1056768K
  class space    used 660K, capacity 690K, committed 768K, reserved 1048576K
Event: 45.507 GC heap after
Heap after GC invocations=609 (full 0):
 PSYoungGen      total 58368K, used 160K [0x000000076b800000, 0x0000000792880000, 0x00000007c0000000)
  eden space 57856K, 0% used [0x000000076b800000,0x000000076b800000,0x000000076f080000)
  from space 512K, 31% used [0x0000000792780000,0x00000007927a8000,0x0000000792800000)
  to   space 512K, 0% used [0x0000000792800000,0x0000000792800000,0x0000000792880000)
 ParOldGen       total 173568K, used 6496K [0x00000006c2800000, 0x00000006cd180000, 0x000000076b800000)
  object space 173568K, 3% used [0x00000006c2800000,0x00000006c2e58050,0x00000006cd180000)
 Metaspace       used 8362K, capacity 8774K, committed 8960K, reserved 1056768K
  class space    used 660K, capacity 690K, committed 768K, reserved 1048576K
}
Event: 45.572 GC heap before
{Heap before GC invocations=610 (full 0):
 PSYoungGen      total 58368K, used 58016K [0x000000076b800000, 0x0000000792880000, 0x00000007c0000000)
  eden space 57856K, 100% used [0x000000076b800000,0x000000076f080000,0x000000076f080000)
  from space 512K, 31% used [0x0000000792780000,0x00000007927a8000,0x0000000792800000)
  to   space 512K, 0% used [0x0000000792800000,0x0000000792800000,0x0000000792880000)
 ParOldGen       total 173568K, used 6496K [0x00000006c2800000, 0x00000006cd180000, 0x000000076b800000)
  object space 173568K, 3% used [0x00000006c2800000,0x00000006c2e58050,0x00000006cd180000)
 Metaspace       used 8362K, capacity 8774K, committed 8960K, reserved 1056768K
  class space    used 660K, capacity 690K, committed 768K, reserved 1048576K
Event: 45.573 GC heap after
Heap after GC invocations=610 (full 0):
 PSYoungGen      total 57344K, used 224K [0x000000076b800000, 0x0000000792880000, 0x00000007c0000000)
  eden space 56832K, 0% used [0x000000076b800000,0x000000076b800000,0x000000076ef80000)
  from space 512K, 43% used [0x0000000792800000,0x0000000792838000,0x0000000792880000)
  to   space 512K, 0% used [0x0000000792780000,0x0000000792780000,0x0000000792800000)
 ParOldGen       total 173568K, used 6496K [0x00000006c2800000, 0x00000006cd180000, 0x000000076b800000)
  object space 173568K, 3% used [0x00000006c2800000,0x00000006c2e58050,0x00000006cd180000)
 Metaspace       used 8362K, capacity 8774K, committed 8960K, reserved 1056768K
  class space    used 660K, capacity 690K, committed 768K, reserved 1048576K
}
Event: 45.630 GC heap before
{Heap before GC invocations=611 (full 0):
 PSYoungGen      total 57344K, used 57056K [0x000000076b800000, 0x0000000792880000, 0x00000007c0000000)
  eden space 56832K, 100% used [0x000000076b800000,0x000000076ef80000,0x000000076ef80000)
  from space 512K, 43% used [0x0000000792800000,0x0000000792838000,0x0000000792880000)
  to   space 512K, 0% used [0x0000000792780000,0x0000000792780000,0x0000000792800000)
 ParOldGen       total 173568K, used 6496K [0x00000006c2800000, 0x00000006cd180000, 0x000000076b800000)
  object space 173568K, 3% used [0x00000006c2800000,0x00000006c2e58050,0x00000006cd180000)
 Metaspace       used 8362K, capacity 8774K, committed 8960K, reserved 1056768K
  class space    used 660K, capacity 690K, committed 768K, reserved 1048576K
Event: 45.630 GC heap after
Heap after GC invocations=611 (full 0):
 PSYoungGen      total 56320K, used 128K [0x000000076b800000, 0x0000000792880000, 0x00000007c0000000)
  eden space 55808K, 0% used [0x000000076b800000,0x000000076b800000,0x000000076ee80000)
  from space 512K, 25% used [0x0000000792780000,0x00000007927a0000,0x0000000792800000)
  to   space 512K, 0% used [0x0000000792800000,0x0000000792800000,0x0000000792880000)
 ParOldGen       total 173568K, used 6496K [0x00000006c2800000, 0x00000006cd180000, 0x000000076b800000)
  object space 173568K, 3% used [0x00000006c2800000,0x00000006c2e58050,0x00000006cd180000)
 Metaspace       used 8362K, capacity 8774K, committed 8960K, reserved 1056768K
  class space    used 660K, capacity 690K, committed 768K, reserved 1048576K
}

