# JRE version: Java(TM) SE Runtime Environment (8.0_65-b17) (build 1.8.0_65-b17)
# Java VM: Java HotSpot(TM) 64-Bit Server VM (25.65-b01 mixed mode windows-amd64 compressed oops)
Heap:
 PSYoungGen      total 162816K, used 131408K [0x000000076b800000, 0x0000000779880000, 0x00000007c0000000)
  eden space 162304K, 80% used [0x000000076b800000,0x00000007738443a0,0x0000000775680000)
  from space 512K, 12% used [0x0000000779800000,0x0000000779810000,0x0000000779880000)
  to   space 1536K, 0% used [0x0000000779580000,0x0000000779580000,0x0000000779700000)
 ParOldGen       total 173568K, used 1240K [0x00000006c2800000, 0x00000006cd180000, 0x000000076b800000)
  object space 173568K, 0% used [0x00000006c2800000,0x00000006c2936050,0x00000006cd180000)
 Metaspace       used 7956K, capacity 8486K, committed 8704K, reserved 1056768K
  class space    used 642K, capacity 658K, committed 768K, reserved 1048576K
GC Heap History (10 events):
Event: 1.685 GC heap before
{Heap before GC invocations=16 (full 0):
 PSYoungGen      total 196096K, used 194144K [0x000000076b800000, 0x0000000779c80000, 0x00000007c0000000)
  eden space 194048K, 100% used [0x000000076b800000,0x0000000777580000,0x0000000777580000)
  from space 2048K, 4% used [0x0000000779880000,0x0000000779898000,0x0000000779a80000)
  to   space 2048K, 0% used [0x0000000779a80000,0x0000000779a80000,0x0000000779c80000)
 ParOldGen       total 173568K, used 1240K [0x00000006c2800000, 0x00000006cd180000, 0x000000076b800000)
  object space 173568K, 0% used [0x00000006c2800000,0x00000006c2936050,0x00000006cd180000)
 Metaspace       used 7953K, capacity 8486K, committed 8704K, reserved 1056768K
  class space    used 642K, capacity 658K, committed 768K, reserved 1048576K
Event: 1.686 GC heap after
Heap after GC invocations=16 (full 0):
 PSYoungGen      total 187392K, used 32K [0x000000076b800000, 0x0000000779b00000, 0x00000007c0000000)
  eden space 186880K, 0% used [0x000000076b800000,0x000000076b800000,0x0000000776e80000)
  from space 512K, 6% used [0x0000000779a80000,0x0000000779a88000,0x0000000779b00000)
  to   space 2048K, 0% used [0x0000000779700000,0x0000000779700000,0x0000000779900000)
 ParOldGen       total 173568K, used 1240K [0x00000006c2800000, 0x00000006cd180000, 0x000000076b800000)
  object space 173568K, 0% used [0x00000006c2800000,0x00000006c2936050,0x00000006cd180000)
 Metaspace       used 7953K, capacity 8486K, committed 8704K, reserved 1056768K
  class space    used 642K, capacity 658K, committed 768K, reserved 1048576K
}
Event: 1.822 GC heap before
{Heap before GC invocations=17 (full 0):
 PSYoungGen      total 187392K, used 186912K [0x000000076b800000, 0x0000000779b00000, 0x00000007c0000000)
  eden space 186880K, 100% used [0x000000076b800000,0x0000000776e80000,0x0000000776e80000)
  from space 512K, 6% used [0x0000000779a80000,0x0000000779a88000,0x0000000779b00000)
  to   space 2048K, 0% used [0x0000000779700000,0x0000000779700000,0x0000000779900000)
 ParOldGen       total 173568K, used 1240K [0x00000006c2800000, 0x00000006cd180000, 0x000000076b800000)
  object space 173568K, 0% used [0x00000006c2800000,0x00000006c2936050,0x00000006cd180000)
 Metaspace       used 7954K, capacity 8486K, committed 8704K, reserved 1056768K
  class space    used 642K, capacity 658K, committed 768K, reserved 1048576K
Event: 1.822 GC heap after
Heap after GC invocations=17 (full 0):
 PSYoungGen      total 182272K, used 96K [0x000000076b800000, 0x0000000779b00000, 0x00000007c0000000)
  eden space 180224K, 0% used [0x000000076b800000,0x000000076b800000,0x0000000776800000)
  from space 2048K, 4% used [0x0000000779700000,0x0000000779718000,0x0000000779900000)
  to   space 2048K, 0% used [0x0000000779900000,0x0000000779900000,0x0000000779b00000)
 ParOldGen       total 173568K, used 1240K [0x00000006c2800000, 0x00000006cd180000, 0x000000076b800000)
  object space 173568K, 0% used [0x00000006c2800000,0x00000006c2936050,0x00000006cd180000)
 Metaspace       used 7954K, capacity 8486K, committed 8704K, reserved 1056768K
  class space    used 642K, capacity 658K, committed 768K, reserved 1048576K
}
Event: 1.954 GC heap before
{Heap before GC invocations=18 (full 0):
 PSYoungGen      total 182272K, used 180320K [0x000000076b800000, 0x0000000779b00000, 0x00000007c0000000)
  eden space 180224K, 100% used [0x000000076b800000,0x0000000776800000,0x0000000776800000)
  from space 2048K, 4% used [0x0000000779700000,0x0000000779718000,0x0000000779900000)
  to   space 2048K, 0% used [0x0000000779900000,0x0000000779900000,0x0000000779b00000)
 ParOldGen       total 173568K, used 1240K [0x00000006c2800000, 0x00000006cd180000, 0x000000076b800000)
  object space 173568K, 0% used [0x00000006c2800000,0x00000006c2936050,0x00000006cd180000)
 Metaspace       used 7954K, capacity 8486K, committed 8704K, reserved 1056768K
  class space    used 642K, capacity 658K, committed 768K, reserved 1048576K
Event: 1.954 GC heap after
Heap after GC invocations=18 (full 0):
 PSYoungGen      total 174592K, used 64K [0x000000076b800000, 0x0000000779980000, 0x00000007c0000000)
  eden space 174080K, 0% used [0x000000076b800000,0x000000076b800000,0x0000000776200000)
  from space 512K, 12% used [0x0000000779900000,0x0000000779910000,0x0000000779980000)
  to   space 1536K, 0% used [0x0000000779680000,0x0000000779680000,0x0000000779800000)
 ParOldGen       total 173568K, used 1240K [0x00000006c2800000, 0x00000006cd180000, 0x000000076b800000)
  object space 173568K, 0% used [0x00000006c2800000,0x00000006c2936050,0x00000006cd180000)
 Metaspace       used 7954K, capacity 8486K, committed 8704K, reserved 1056768K
  class space    used 642K, capacity 658K, committed 768K, reserved 1048576K
}
Event: 2.082 GC heap before
{Heap before GC invocations=19 (full 0):
 PSYoungGen      total 174592K, used 174144K [0x000000076b800000, 0x0000000779980000, 0x00000007c0000000)
  eden space 174080K, 100% used [0x000000076b800000,0x0000000776200000,0x0000000776200000)
  from space 512K, 12% used [0x0000000779900000,0x0000000779910000,0x0000000779980000)
  to   space 1536K, 0% used [0x0000000779680000,0x0000000779680000,0x0000000779800000)
 ParOldGen       total 173568K, used 1240K [0x00000006c2800000, 0x00000006cd180000, 0x000000076b800000)
  object space 173568K, 0% used [0x00000006c2800000,0x00000006c2936050,0x00000006cd180000)
 Metaspace       used 7955K, capacity 8486K, committed 8704K, reserved 1056768K
  class space    used 642K, capacity 658K, committed 768K, reserved 1048576K
Event: 2.083 GC heap after
Heap after GC invocations=19 (full 0):
 PSYoungGen      total 169472K, used 96K [0x000000076b800000, 0x0000000779980000, 0x00000007c0000000)
  eden space 167936K, 0% used [0x000000076b800000,0x000000076b800000,0x0000000775c00000)
  from space 1536K, 6% used [0x0000000779680000,0x0000000779698000,0x0000000779800000)
  to   space 1536K, 0% used [0x0000000779800000,0x0000000779800000,0x0000000779980000)
 ParOldGen       total 173568K, used 1240K [0x00000006c2800000, 0x00000006cd180000, 0x000000076b800000)
  object space 173568K, 0% used [0x00000006c2800000,0x00000006c2936050,0x00000006cd180000)
 Metaspace       used 7955K, capacity 8486K, committed 8704K, reserved 1056768K
  class space    used 642K, capacity 658K, committed 768K, reserved 1048576K
}
Event: 2.210 GC heap before
{Heap before GC invocations=20 (full 0):
 PSYoungGen      total 169472K, used 168032K [0x000000076b800000, 0x0000000779980000, 0x00000007c0000000)
  eden space 167936K, 100% used [0x000000076b800000,0x0000000775c00000,0x0000000775c00000)
  from space 1536K, 6% used [0x0000000779680000,0x0000000779698000,0x0000000779800000)
  to   space 1536K, 0% used [0x0000000779800000,0x0000000779800000,0x0000000779980000)
 ParOldGen       total 173568K, used 1240K [0x00000006c2800000, 0x00000006cd180000, 0x000000076b800000)
  object space 173568K, 0% used [0x00000006c2800000,0x00000006c2936050,0x00000006cd180000)
 Metaspace       used 7955K, capacity 8486K, committed 8704K, reserved 1056768K
  class space    used 642K, capacity 658K, committed 768K, reserved 1048576K
Event: 2.210 GC heap after
Heap after GC invocations=20 (full 0):
 PSYoungGen      total 162816K, used 64K [0x000000076b800000, 0x0000000779880000, 0x00000007c0000000)
  eden space 162304K, 0% used [0x000000076b800000,0x000000076b800000,0x0000000775680000)
  from space 512K, 12% used [0x0000000779800000,0x0000000779810000,0x0000000779880000)
  to   space 1536K, 0% used [0x0000000779580000,0x0000000779580000,0x0000000779700000)
 ParOldGen       total 173568K, used 1240K [0x00000006c2800000, 0x00000006cd180000, 0x000000076b800000)
  object space 173568K, 0% used [0x00000006c2800000,0x00000006c2936050,0x00000006cd180000)
 Metaspace       used 7955K, capacity 8486K, committed 8704K, reserved 1056768K
  class space    used 642K, capacity 658K, committed 768K, reserved 1048576K
}

