# JRE version: Java(TM) SE Runtime Environment (8.0_65-b17) (build 1.8.0_65-b17)
# Java VM: Java HotSpot(TM) 64-Bit Server VM (25.65-b01 mixed mode windows-amd64 compressed oops)
Heap:
 PSYoungGen      total 78336K, used 61613K [0x000000076b800000, 0x000000077ab80000, 0x00000007c0000000)
  eden space 77824K, 79% used [0x000000076b800000,0x000000076f41b710,0x0000000770400000)
  from space 512K, 12% used [0x000000077aa80000,0x000000077aa90000,0x000000077ab00000)
  to   space 512K, 0% used [0x000000077ab00000,0x000000077ab00000,0x000000077ab80000)
 ParOldGen       total 173568K, used 1520K [0x00000006c2800000, 0x00000006cd180000, 0x000000076b800000)
  object space 173568K, 0% used [0x00000006c2800000,0x00000006c297c1f8,0x00000006cd180000)
 Metaspace       used 8112K, capacity 8646K, committed 8960K, reserved 1056768K
  class space    used 646K, capacity 690K, committed 768K, reserved 1048576K
GC Heap History (10 events):
Event: 9.635 GC heap before
{Heap before GC invocations=159 (full 0):
 PSYoungGen      total 71680K, used 71264K [0x000000076b800000, 0x000000077ab80000, 0x00000007c0000000)
  eden space 71168K, 100% used [0x000000076b800000,0x000000076fd80000,0x000000076fd80000)
  from space 512K, 18% used [0x000000077ab00000,0x000000077ab18000,0x000000077ab80000)
  to   space 512K, 0% used [0x000000077aa80000,0x000000077aa80000,0x000000077ab00000)
 ParOldGen       total 173568K, used 1496K [0x00000006c2800000, 0x00000006cd180000, 0x000000076b800000)
  object space 173568K, 0% used [0x00000006c2800000,0x00000006c29761f8,0x00000006cd180000)
 Metaspace       used 8112K, capacity 8646K, committed 8960K, reserved 1056768K
  class space    used 646K, capacity 690K, committed 768K, reserved 1048576K
Event: 9.636 GC heap after
Heap after GC invocations=159 (full 0):
 PSYoungGen      total 70144K, used 96K [0x000000076b800000, 0x000000077ab80000, 0x00000007c0000000)
  eden space 69632K, 0% used [0x000000076b800000,0x000000076b800000,0x000000076fc00000)
  from space 512K, 18% used [0x000000077aa80000,0x000000077aa98000,0x000000077ab00000)
  to   space 512K, 0% used [0x000000077ab00000,0x000000077ab00000,0x000000077ab80000)
 ParOldGen       total 173568K, used 1496K [0x00000006c2800000, 0x00000006cd180000, 0x000000076b800000)
  object space 173568K, 0% used [0x00000006c2800000,0x00000006c29761f8,0x00000006cd180000)
 Metaspace       used 8112K, capacity 8646K, committed 8960K, reserved 1056768K
  class space    used 646K, capacity 690K, committed 768K, reserved 1048576K
}
Event: 9.671 GC heap before
{Heap before GC invocations=160 (full 0):
 PSYoungGen      total 70144K, used 69728K [0x000000076b800000, 0x000000077ab80000, 0x00000007c0000000)
  eden space 69632K, 100% used [0x000000076b800000,0x000000076fc00000,0x000000076fc00000)
  from space 512K, 18% used [0x000000077aa80000,0x000000077aa98000,0x000000077ab00000)
  to   space 512K, 0% used [0x000000077ab00000,0x000000077ab00000,0x000000077ab80000)
 ParOldGen       total 173568K, used 1496K [0x00000006c2800000, 0x00000006cd180000, 0x000000076b800000)
  object space 173568K, 0% used [0x00000006c2800000,0x00000006c29761f8,0x00000006cd180000)
 Metaspace       used 8112K, capacity 8646K, committed 8960K, reserved 1056768K
  class space    used 646K, capacity 690K, committed 768K, reserved 1048576K
Event: 9.671 GC heap after
Heap after GC invocations=160 (full 0):
 PSYoungGen      total 68608K, used 128K [0x000000076b800000, 0x000000077ab80000, 0x00000007c0000000)
  eden space 68096K, 0% used [0x000000076b800000,0x000000076b800000,0x000000076fa80000)
  from space 512K, 25% used [0x000000077ab00000,0x000000077ab20000,0x000000077ab80000)
  to   space 512K, 0% used [0x000000077aa80000,0x000000077aa80000,0x000000077ab00000)
 ParOldGen       total 173568K, used 1496K [0x00000006c2800000, 0x00000006cd180000, 0x000000076b800000)
  object space 173568K, 0% used [0x00000006c2800000,0x00000006c29761f8,0x00000006cd180000)
 Metaspace       used 8112K, capacity 8646K, committed 8960K, reserved 1056768K
  class space    used 646K, capacity 690K, committed 768K, reserved 1048576K
}
Event: 9.703 GC heap before
{Heap before GC invocations=161 (full 0):
 PSYoungGen      total 68608K, used 68224K [0x000000076b800000, 0x000000077ab80000, 0x00000007c0000000)
  eden space 68096K, 100% used [0x000000076b800000,0x000000076fa80000,0x000000076fa80000)
  from space 512K, 25% used [0x000000077ab00000,0x000000077ab20000,0x000000077ab80000)
  to   space 512K, 0% used [0x000000077aa80000,0x000000077aa80000,0x000000077ab00000)
 ParOldGen       total 173568K, used 1496K [0x00000006c2800000, 0x00000006cd180000, 0x000000076b800000)
  object space 173568K, 0% used [0x00000006c2800000,0x00000006c29761f8,0x00000006cd180000)
 Metaspace       used 8112K, capacity 8646K, committed 8960K, reserved 1056768K
  class space    used 646K, capacity 690K, committed 768K, reserved 1048576K
Event: 9.703 GC heap after
Heap after GC invocations=161 (full 0):
 PSYoungGen      total 67072K, used 32K [0x000000076b800000, 0x000000077ab80000, 0x00000007c0000000)
  eden space 66560K, 0% used [0x000000076b800000,0x000000076b800000,0x000000076f900000)
  from space 512K, 6% used [0x000000077aa80000,0x000000077aa88000,0x000000077ab00000)
  to   space 512K, 0% used [0x000000077ab00000,0x000000077ab00000,0x000000077ab80000)
 ParOldGen       total 173568K, used 1520K [0x00000006c2800000, 0x00000006cd180000, 0x000000076b800000)
  object space 173568K, 0% used [0x00000006c2800000,0x00000006c297c1f8,0x00000006cd180000)
 Metaspace       used 8112K, capacity 8646K, committed 8960K, reserved 1056768K
  class space    used 646K, capacity 690K, committed 768K, reserved 1048576K
}
Event: 9.734 GC heap before
{Heap before GC invocations=162 (full 0):
 PSYoungGen      total 67072K, used 66592K [0x000000076b800000, 0x000000077ab80000, 0x00000007c0000000)
  eden space 66560K, 100% used [0x000000076b800000,0x000000076f900000,0x000000076f900000)
  from space 512K, 6% used [0x000000077aa80000,0x000000077aa88000,0x000000077ab00000)
  to   space 512K, 0% used [0x000000077ab00000,0x000000077ab00000,0x000000077ab80000)
 ParOldGen       total 173568K, used 1520K [0x00000006c2800000, 0x00000006cd180000, 0x000000076b800000)
  object space 173568K, 0% used [0x00000006c2800000,0x00000006c297c1f8,0x00000006cd180000)
 Metaspace       used 8112K, capacity 8646K, committed 8960K, reserved 1056768K
  class space    used 646K, capacity 690K, committed 768K, reserved 1048576K
Event: 9.734 GC heap after
Heap after GC invocations=162 (full 0):
 PSYoungGen      total 80384K, used 32K [0x000000076b800000, 0x000000077ab80000, 0x00000007c0000000)
  eden space 79872K, 0% used [0x000000076b800000,0x000000076b800000,0x0000000770600000)
  from space 512K, 6% used [0x000000077ab00000,0x000000077ab08000,0x000000077ab80000)
  to   space 512K, 0% used [0x000000077aa80000,0x000000077aa80000,0x000000077ab00000)
 ParOldGen       total 173568K, used 1520K [0x00000006c2800000, 0x00000006cd180000, 0x000000076b800000)
  object space 173568K, 0% used [0x00000006c2800000,0x00000006c297c1f8,0x00000006cd180000)
 Metaspace       used 8112K, capacity 8646K, committed 8960K, reserved 1056768K
  class space    used 646K, capacity 690K, committed 768K, reserved 1048576K
}
Event: 9.772 GC heap before
{Heap before GC invocations=163 (full 0):
 PSYoungGen      total 80384K, used 79904K [0x000000076b800000, 0x000000077ab80000, 0x00000007c0000000)
  eden space 79872K, 100% used [0x000000076b800000,0x0000000770600000,0x0000000770600000)
  from space 512K, 6% used [0x000000077ab00000,0x000000077ab08000,0x000000077ab80000)
  to   space 512K, 0% used [0x000000077aa80000,0x000000077aa80000,0x000000077ab00000)
 ParOldGen       total 173568K, used 1520K [0x00000006c2800000, 0x00000006cd180000, 0x000000076b800000)
  object space 173568K, 0% used [0x00000006c2800000,0x00000006c297c1f8,0x00000006cd180000)
 Metaspace       used 8112K, capacity 8646K, committed 8960K, reserved 1056768K
  class space    used 646K, capacity 690K, committed 768K, reserved 1048576K
Event: 9.773 GC heap after
Heap after GC invocations=163 (full 0):
 PSYoungGen      total 78336K, used 64K [0x000000076b800000, 0x000000077ab80000, 0x00000007c0000000)
  eden space 77824K, 0% used [0x000000076b800000,0x000000076b800000,0x0000000770400000)
  from space 512K, 12% used [0x000000077aa80000,0x000000077aa90000,0x000000077ab00000)
  to   space 512K, 0% used [0x000000077ab00000,0x000000077ab00000,0x000000077ab80000)
 ParOldGen       total 173568K, used 1520K [0x00000006c2800000, 0x00000006cd180000, 0x000000076b800000)
  object space 173568K, 0% used [0x00000006c2800000,0x00000006c297c1f8,0x00000006cd180000)
 Metaspace       used 8112K, capacity 8646K, committed 8960K, reserved 1056768K
  class space    used 646K, capacity 690K, committed 768K, reserved 1048576K
}

