# JRE version: Java(TM) SE Runtime Environment (8.0_65-b17) (build 1.8.0_65-b17)
# Java VM: Java HotSpot(TM) 64-Bit Server VM (25.65-b01 mixed mode windows-amd64 compressed oops)
Heap:
 PSYoungGen      total 51200K, used 42692K [0x000000076b800000, 0x0000000779180000, 0x00000007c0000000)
  eden space 50688K, 84% used [0x000000076b800000,0x000000076e1a92e8,0x000000076e980000)
  from space 512K, 6% used [0x0000000779100000,0x0000000779108000,0x0000000779180000)
  to   space 512K, 0% used [0x0000000779080000,0x0000000779080000,0x0000000779100000)
 ParOldGen       total 173568K, used 1420K [0x00000006c2800000, 0x00000006cd180000, 0x000000076b800000)
  object space 173568K, 0% used [0x00000006c2800000,0x00000006c2963060,0x00000006cd180000)
 Metaspace       used 8084K, capacity 8646K, committed 8960K, reserved 1056768K
  class space    used 646K, capacity 690K, committed 768K, reserved 1048576K
GC Heap History (10 events):
Event: 6.251 GC heap before
{Heap before GC invocations=62 (full 0):
 PSYoungGen      total 56320K, used 56000K [0x000000076b800000, 0x0000000779180000, 0x00000007c0000000)
  eden space 55808K, 100% used [0x000000076b800000,0x000000076ee80000,0x000000076ee80000)
  from space 512K, 37% used [0x0000000779080000,0x00000007790b0000,0x0000000779100000)
  to   space 512K, 0% used [0x0000000779100000,0x0000000779100000,0x0000000779180000)
 ParOldGen       total 173568K, used 1396K [0x00000006c2800000, 0x00000006cd180000, 0x000000076b800000)
  object space 173568K, 0% used [0x00000006c2800000,0x00000006c295d060,0x00000006cd180000)
 Metaspace       used 8083K, capacity 8646K, committed 8960K, reserved 1056768K
  class space    used 646K, capacity 690K, committed 768K, reserved 1048576K
Event: 6.251 GC heap after
Heap after GC invocations=62 (full 0):
 PSYoungGen      total 55296K, used 128K [0x000000076b800000, 0x0000000779180000, 0x00000007c0000000)
  eden space 54784K, 0% used [0x000000076b800000,0x000000076b800000,0x000000076ed80000)
  from space 512K, 25% used [0x0000000779100000,0x0000000779120000,0x0000000779180000)
  to   space 512K, 0% used [0x0000000779080000,0x0000000779080000,0x0000000779100000)
 ParOldGen       total 173568K, used 1396K [0x00000006c2800000, 0x00000006cd180000, 0x000000076b800000)
  object space 173568K, 0% used [0x00000006c2800000,0x00000006c295d060,0x00000006cd180000)
 Metaspace       used 8083K, capacity 8646K, committed 8960K, reserved 1056768K
  class space    used 646K, capacity 690K, committed 768K, reserved 1048576K
}
Event: 6.302 GC heap before
{Heap before GC invocations=63 (full 0):
 PSYoungGen      total 55296K, used 54912K [0x000000076b800000, 0x0000000779180000, 0x00000007c0000000)
  eden space 54784K, 100% used [0x000000076b800000,0x000000076ed80000,0x000000076ed80000)
  from space 512K, 25% used [0x0000000779100000,0x0000000779120000,0x0000000779180000)
  to   space 512K, 0% used [0x0000000779080000,0x0000000779080000,0x0000000779100000)
 ParOldGen       total 173568K, used 1396K [0x00000006c2800000, 0x00000006cd180000, 0x000000076b800000)
  object space 173568K, 0% used [0x00000006c2800000,0x00000006c295d060,0x00000006cd180000)
 Metaspace       used 8083K, capacity 8646K, committed 8960K, reserved 1056768K
  class space    used 646K, capacity 690K, committed 768K, reserved 1048576K
Event: 6.303 GC heap after
Heap after GC invocations=63 (full 0):
 PSYoungGen      total 54272K, used 128K [0x000000076b800000, 0x0000000779180000, 0x00000007c0000000)
  eden space 53760K, 0% used [0x000000076b800000,0x000000076b800000,0x000000076ec80000)
  from space 512K, 25% used [0x0000000779080000,0x00000007790a0000,0x0000000779100000)
  to   space 512K, 0% used [0x0000000779100000,0x0000000779100000,0x0000000779180000)
 ParOldGen       total 173568K, used 1396K [0x00000006c2800000, 0x00000006cd180000, 0x000000076b800000)
  object space 173568K, 0% used [0x00000006c2800000,0x00000006c295d060,0x00000006cd180000)
 Metaspace       used 8083K, capacity 8646K, committed 8960K, reserved 1056768K
  class space    used 646K, capacity 690K, committed 768K, reserved 1048576K
}
Event: 6.345 GC heap before
{Heap before GC invocations=64 (full 0):
 PSYoungGen      total 54272K, used 53888K [0x000000076b800000, 0x0000000779180000, 0x00000007c0000000)
  eden space 53760K, 100% used [0x000000076b800000,0x000000076ec80000,0x000000076ec80000)
  from space 512K, 25% used [0x0000000779080000,0x00000007790a0000,0x0000000779100000)
  to   space 512K, 0% used [0x0000000779100000,0x0000000779100000,0x0000000779180000)
 ParOldGen       total 173568K, used 1396K [0x00000006c2800000, 0x00000006cd180000, 0x000000076b800000)
  object space 173568K, 0% used [0x00000006c2800000,0x00000006c295d060,0x00000006cd180000)
 Metaspace       used 8083K, capacity 8646K, committed 8960K, reserved 1056768K
  class space    used 646K, capacity 690K, committed 768K, reserved 1048576K
Event: 6.346 GC heap after
Heap after GC invocations=64 (full 0):
 PSYoungGen      total 53248K, used 128K [0x000000076b800000, 0x0000000779180000, 0x00000007c0000000)
  eden space 52736K, 0% used [0x000000076b800000,0x000000076b800000,0x000000076eb80000)
  from space 512K, 25% used [0x0000000779100000,0x0000000779120000,0x0000000779180000)
  to   space 512K, 0% used [0x0000000779080000,0x0000000779080000,0x0000000779100000)
 ParOldGen       total 173568K, used 1396K [0x00000006c2800000, 0x00000006cd180000, 0x000000076b800000)
  object space 173568K, 0% used [0x00000006c2800000,0x00000006c295d060,0x00000006cd180000)
 Metaspace       used 8083K, capacity 8646K, committed 8960K, reserved 1056768K
  class space    used 646K, capacity 690K, committed 768K, reserved 1048576K
}
Event: 6.406 GC heap before
{Heap before GC invocations=65 (full 0):
 PSYoungGen      total 53248K, used 52864K [0x000000076b800000, 0x0000000779180000, 0x00000007c0000000)
  eden space 52736K, 100% used [0x000000076b800000,0x000000076eb80000,0x000000076eb80000)
  from space 512K, 25% used [0x0000000779100000,0x0000000779120000,0x0000000779180000)
  to   space 512K, 0% used [0x0000000779080000,0x0000000779080000,0x0000000779100000)
 ParOldGen       total 173568K, used 1396K [0x00000006c2800000, 0x00000006cd180000, 0x000000076b800000)
  object space 173568K, 0% used [0x00000006c2800000,0x00000006c295d060,0x00000006cd180000)
 Metaspace       used 8083K, capacity 8646K, committed 8960K, reserved 1056768K
  class space    used 646K, capacity 690K, committed 768K, reserved 1048576K
Event: 6.406 GC heap after
Heap after GC invocations=65 (full 0):
 PSYoungGen      total 52224K, used 32K [0x000000076b800000, 0x0000000779180000, 0x00000007c0000000)
  eden space 51712K, 0% used [0x000000076b800000,0x000000076b800000,0x000000076ea80000)
  from space 512K, 6% used [0x0000000779080000,0x0000000779088000,0x0000000779100000)
  to   space 512K, 0% used [0x0000000779100000,0x0000000779100000,0x0000000779180000)
 ParOldGen       total 173568K, used 1396K [0x00000006c2800000, 0x00000006cd180000, 0x000000076b800000)
  object space 173568K, 0% used [0x00000006c2800000,0x00000006c295d060,0x00000006cd180000)
 Metaspace       used 8083K, capacity 8646K, committed 8960K, reserved 1056768K
  class space    used 646K, capacity 690K, committed 768K, reserved 1048576K
}
Event: 6.458 GC heap before
{Heap before GC invocations=66 (full 0):
 PSYoungGen      total 52224K, used 51744K [0x000000076b800000, 0x0000000779180000, 0x00000007c0000000)
  eden space 51712K, 100% used [0x000000076b800000,0x000000076ea80000,0x000000076ea80000)
  from space 512K, 6% used [0x0000000779080000,0x0000000779088000,0x0000000779100000)
  to   space 512K, 0% used [0x0000000779100000,0x0000000779100000,0x0000000779180000)
 ParOldGen       total 173568K, used 1396K [0x00000006c2800000, 0x00000006cd180000, 0x000000076b800000)
  object space 173568K, 0% used [0x00000006c2800000,0x00000006c295d060,0x00000006cd180000)
 Metaspace       used 8083K, capacity 8646K, committed 8960K, reserved 1056768K
  class space    used 646K, capacity 690K, committed 768K, reserved 1048576K
Event: 6.458 GC heap after
Heap after GC invocations=66 (full 0):
 PSYoungGen      total 51200K, used 32K [0x000000076b800000, 0x0000000779180000, 0x00000007c0000000)
  eden space 50688K, 0% used [0x000000076b800000,0x000000076b800000,0x000000076e980000)
  from space 512K, 6% used [0x0000000779100000,0x0000000779108000,0x0000000779180000)
  to   space 512K, 0% used [0x0000000779080000,0x0000000779080000,0x0000000779100000)
 ParOldGen       total 173568K, used 1420K [0x00000006c2800000, 0x00000006cd180000, 0x000000076b800000)
  object space 173568K, 0% used [0x00000006c2800000,0x00000006c2963060,0x00000006cd180000)
 Metaspace       used 8083K, capacity 8646K, committed 8960K, reserved 1056768K
  class space    used 646K, capacity 690K, committed 768K, reserved 1048576K
}

