# JRE version: Java(TM) SE Runtime Environment (8.0_65-b17) (build 1.8.0_65-b17)
# Java VM: Java HotSpot(TM) 64-Bit Server VM (25.65-b01 mixed mode windows-amd64 compressed oops)
Heap:
 PSYoungGen      total 1192960K, used 72037K [0x000000076b800000, 0x00000007bbd80000, 0x00000007c0000000)
  eden space 1192448K, 6% used [0x000000076b800000,0x000000076fe215c8,0x00000007b4480000)
  from space 512K, 43% used [0x00000007bbd00000,0x00000007bbd38000,0x00000007bbd80000)
  to   space 9216K, 0% used [0x00000007bab80000,0x00000007bab80000,0x00000007bb480000)
 ParOldGen       total 173568K, used 17730K [0x00000006c2800000, 0x00000006cd180000, 0x000000076b800000)
  object space 173568K, 10% used [0x00000006c2800000,0x00000006c3950b10,0x00000006cd180000)
 Metaspace       used 8314K, capacity 8710K, committed 8960K, reserved 1056768K
  class space    used 658K, capacity 690K, committed 768K, reserved 1048576K
GC Heap History (10 events):
Event: 2.042 GC heap before
{Heap before GC invocations=10 (full 0):
 PSYoungGen      total 523776K, used 513792K [0x000000076b800000, 0x000000079ee00000, 0x00000007c0000000)
  eden space 513024K, 100% used [0x000000076b800000,0x000000078ad00000,0x000000078ad00000)
  from space 10752K, 7% used [0x000000078ad00000,0x000000078adc0000,0x000000078b780000)
  to   space 10240K, 0% used [0x000000079e400000,0x000000079e400000,0x000000079ee00000)
 ParOldGen       total 173568K, used 16986K [0x00000006c2800000, 0x00000006cd180000, 0x000000076b800000)
  object space 173568K, 9% used [0x00000006c2800000,0x00000006c3896af0,0x00000006cd180000)
 Metaspace       used 8261K, capacity 8646K, committed 8960K, reserved 1056768K
  class space    used 658K, capacity 690K, committed 768K, reserved 1048576K
Event: 2.044 GC heap after
Heap after GC invocations=10 (full 0):
 PSYoungGen      total 831488K, used 224K [0x000000076b800000, 0x000000079ee00000, 0x00000007c0000000)
  eden space 821248K, 0% used [0x000000076b800000,0x000000076b800000,0x000000079da00000)
  from space 10240K, 2% used [0x000000079e400000,0x000000079e438000,0x000000079ee00000)
  to   space 10240K, 0% used [0x000000079da00000,0x000000079da00000,0x000000079e400000)
 ParOldGen       total 173568K, used 17650K [0x00000006c2800000, 0x00000006cd180000, 0x000000076b800000)
  object space 173568K, 10% used [0x00000006c2800000,0x00000006c393cb10,0x00000006cd180000)
 Metaspace       used 8261K, capacity 8646K, committed 8960K, reserved 1056768K
  class space    used 658K, capacity 690K, committed 768K, reserved 1048576K
}
Event: 2.698 GC heap before
{Heap before GC invocations=11 (full 0):
 PSYoungGen      total 831488K, used 821472K [0x000000076b800000, 0x000000079ee00000, 0x00000007c0000000)
  eden space 821248K, 100% used [0x000000076b800000,0x000000079da00000,0x000000079da00000)
  from space 10240K, 2% used [0x000000079e400000,0x000000079e438000,0x000000079ee00000)
  to   space 10240K, 0% used [0x000000079da00000,0x000000079da00000,0x000000079e400000)
 ParOldGen       total 173568K, used 17650K [0x00000006c2800000, 0x00000006cd180000, 0x000000076b800000)
  object space 173568K, 10% used [0x00000006c2800000,0x00000006c393cb10,0x00000006cd180000)
 Metaspace       used 8275K, capacity 8646K, committed 8960K, reserved 1056768K
  class space    used 658K, capacity 690K, committed 768K, reserved 1048576K
Event: 2.699 GC heap after
Heap after GC invocations=11 (full 0):
 PSYoungGen      total 831488K, used 224K [0x000000076b800000, 0x00000007bcf80000, 0x00000007c0000000)
  eden space 821248K, 0% used [0x000000076b800000,0x000000076b800000,0x000000079da00000)
  from space 10240K, 2% used [0x000000079da00000,0x000000079da38000,0x000000079e400000)
  to   space 10240K, 0% used [0x00000007bc580000,0x00000007bc580000,0x00000007bcf80000)
 ParOldGen       total 173568K, used 17706K [0x00000006c2800000, 0x00000006cd180000, 0x000000076b800000)
  object space 173568K, 10% used [0x00000006c2800000,0x00000006c394ab10,0x00000006cd180000)
 Metaspace       used 8275K, capacity 8646K, committed 8960K, reserved 1056768K
  class space    used 658K, capacity 690K, committed 768K, reserved 1048576K
}
Event: 3.338 GC heap before
{Heap before GC invocations=12 (full 0):
 PSYoungGen      total 831488K, used 821472K [0x000000076b800000, 0x00000007bcf80000, 0x00000007c0000000)
  eden space 821248K, 100% used [0x000000076b800000,0x000000079da00000,0x000000079da00000)
  from space 10240K, 2% used [0x000000079da00000,0x000000079da38000,0x000000079e400000)
  to   space 10240K, 0% used [0x00000007bc580000,0x00000007bc580000,0x00000007bcf80000)
 ParOldGen       total 173568K, used 17706K [0x00000006c2800000, 0x00000006cd180000, 0x000000076b800000)
  object space 173568K, 10% used [0x00000006c2800000,0x00000006c394ab10,0x00000006cd180000)
 Metaspace       used 8296K, capacity 8710K, committed 8960K, reserved 1056768K
  class space    used 658K, capacity 690K, committed 768K, reserved 1048576K
Event: 3.338 GC heap after
Heap after GC invocations=12 (full 0):
 PSYoungGen      total 1323520K, used 224K [0x000000076b800000, 0x00000007bce80000, 0x00000007c0000000)
  eden space 1314304K, 0% used [0x000000076b800000,0x000000076b800000,0x00000007bbb80000)
  from space 9216K, 2% used [0x00000007bc580000,0x00000007bc5b8000,0x00000007bce80000)
  to   space 9728K, 0% used [0x00000007bbb80000,0x00000007bbb80000,0x00000007bc500000)
 ParOldGen       total 173568K, used 17722K [0x00000006c2800000, 0x00000006cd180000, 0x000000076b800000)
  object space 173568K, 10% used [0x00000006c2800000,0x00000006c394eb10,0x00000006cd180000)
 Metaspace       used 8296K, capacity 8710K, committed 8960K, reserved 1056768K
  class space    used 658K, capacity 690K, committed 768K, reserved 1048576K
}
Event: 4.384 GC heap before
{Heap before GC invocations=13 (full 0):
 PSYoungGen      total 1323520K, used 1314528K [0x000000076b800000, 0x00000007bce80000, 0x00000007c0000000)
  eden space 1314304K, 100% used [0x000000076b800000,0x00000007bbb80000,0x00000007bbb80000)
  from space 9216K, 2% used [0x00000007bc580000,0x00000007bc5b8000,0x00000007bce80000)
  to   space 9728K, 0% used [0x00000007bbb80000,0x00000007bbb80000,0x00000007bc500000)
 ParOldGen       total 173568K, used 17722K [0x00000006c2800000, 0x00000006cd180000, 0x000000076b800000)
  object space 173568K, 10% used [0x00000006c2800000,0x00000006c394eb10,0x00000006cd180000)
 Metaspace       used 8305K, capacity 8710K, committed 8960K, reserved 1056768K
  class space    used 658K, capacity 690K, committed 768K, reserved 1048576K
Event: 4.385 GC heap after
Heap after GC invocations=13 (full 0):
 PSYoungGen      total 1252352K, used 224K [0x000000076b800000, 0x00000007bc600000, 0x00000007c0000000)
  eden space 1251840K, 0% used [0x000000076b800000,0x000000076b800000,0x00000007b7e80000)
  from space 512K, 43% used [0x00000007bbb80000,0x00000007bbbb8000,0x00000007bbc00000)
  to   space 9216K, 0% used [0x00000007bbd00000,0x00000007bbd00000,0x00000007bc600000)
 ParOldGen       total 173568K, used 17730K [0x00000006c2800000, 0x00000006cd180000, 0x000000076b800000)
  object space 173568K, 10% used [0x00000006c2800000,0x00000006c3950b10,0x00000006cd180000)
 Metaspace       used 8305K, capacity 8710K, committed 8960K, reserved 1056768K
  class space    used 658K, capacity 690K, committed 768K, reserved 1048576K
}
Event: 5.335 GC heap before
{Heap before GC invocations=14 (full 0):
 PSYoungGen      total 1252352K, used 1252064K [0x000000076b800000, 0x00000007bc600000, 0x00000007c0000000)
  eden space 1251840K, 100% used [0x000000076b800000,0x00000007b7e80000,0x00000007b7e80000)
  from space 512K, 43% used [0x00000007bbb80000,0x00000007bbbb8000,0x00000007bbc00000)
  to   space 9216K, 0% used [0x00000007bbd00000,0x00000007bbd00000,0x00000007bc600000)
 ParOldGen       total 173568K, used 17730K [0x00000006c2800000, 0x00000006cd180000, 0x000000076b800000)
  object space 173568K, 10% used [0x00000006c2800000,0x00000006c3950b10,0x00000006cd180000)
 Metaspace       used 8314K, capacity 8710K, committed 8960K, reserved 1056768K
  class space    used 658K, capacity 690K, committed 768K, reserved 1048576K
Event: 5.335 GC heap after
Heap after GC invocations=14 (full 0):
 PSYoungGen      total 1192960K, used 224K [0x000000076b800000, 0x00000007bbd80000, 0x00000007c0000000)
  eden space 1192448K, 0% used [0x000000076b800000,0x000000076b800000,0x00000007b4480000)
  from space 512K, 43% used [0x00000007bbd00000,0x00000007bbd38000,0x00000007bbd80000)
  to   space 9216K, 0% used [0x00000007bab80000,0x00000007bab80000,0x00000007bb480000)
 ParOldGen       total 173568K, used 17730K [0x00000006c2800000, 0x00000006cd180000, 0x000000076b800000)
  object space 173568K, 10% used [0x00000006c2800000,0x00000006c3950b10,0x00000006cd180000)
 Metaspace       used 8314K, capacity 8710K, committed 8960K, reserved 1056768K
  class space    used 658K, capacity 690K, committed 768K, reserved 1048576K
}

