# JRE version: Java(TM) SE Runtime Environment (8.0_65-b17) (build 1.8.0_65-b17)
# Java VM: Java HotSpot(TM) 64-Bit Server VM (25.65-b01 mixed mode windows-amd64 compressed oops)
Heap:
 PSYoungGen      total 724992K, used 204002K [0x000000076b800000, 0x00000007ab300000, 0x00000007c0000000)
  eden space 724480K, 28% used [0x000000076b800000,0x0000000777f08a10,0x0000000797b80000)
  from space 512K, 37% used [0x00000007ab280000,0x00000007ab2b0000,0x00000007ab300000)
  to   space 5120K, 0% used [0x00000007aa900000,0x00000007aa900000,0x00000007aae00000)
 ParOldGen       total 173568K, used 17315K [0x00000006c2800000, 0x00000006cd180000, 0x000000076b800000)
  object space 173568K, 9% used [0x00000006c2800000,0x00000006c38e8c60,0x00000006cd180000)
 Metaspace       used 8362K, capacity 8774K, committed 8960K, reserved 1056768K
  class space    used 660K, capacity 690K, committed 768K, reserved 1048576K
GC Heap History (10 events):
Event: 5.863 GC heap before
{Heap before GC invocations=18 (full 0):
 PSYoungGen      total 924160K, used 917216K [0x000000076b800000, 0x00000007ac380000, 0x00000007c0000000)
  eden space 916992K, 100% used [0x000000076b800000,0x00000007a3780000,0x00000007a3780000)
  from space 7168K, 3% used [0x00000007ab580000,0x00000007ab5b8000,0x00000007abc80000)
  to   space 6656K, 0% used [0x00000007abd00000,0x00000007abd00000,0x00000007ac380000)
 ParOldGen       total 173568K, used 17275K [0x00000006c2800000, 0x00000006cd180000, 0x000000076b800000)
  object space 173568K, 9% used [0x00000006c2800000,0x00000006c38dec60,0x00000006cd180000)
 Metaspace       used 8349K, capacity 8710K, committed 8960K, reserved 1056768K
  class space    used 660K, capacity 690K, committed 768K, reserved 1048576K
Event: 5.863 GC heap after
Heap after GC invocations=18 (full 0):
 PSYoungGen      total 875008K, used 192K [0x000000076b800000, 0x00000007abd80000, 0x00000007c0000000)
  eden space 874496K, 0% used [0x000000076b800000,0x000000076b800000,0x00000007a0e00000)
  from space 512K, 37% used [0x00000007abd00000,0x00000007abd30000,0x00000007abd80000)
  to   space 6656K, 0% used [0x00000007ab080000,0x00000007ab080000,0x00000007ab700000)
 ParOldGen       total 173568K, used 17307K [0x00000006c2800000, 0x00000006cd180000, 0x000000076b800000)
  object space 173568K, 9% used [0x00000006c2800000,0x00000006c38e6c60,0x00000006cd180000)
 Metaspace       used 8349K, capacity 8710K, committed 8960K, reserved 1056768K
  class space    used 660K, capacity 690K, committed 768K, reserved 1048576K
}
Event: 6.532 GC heap before
{Heap before GC invocations=19 (full 0):
 PSYoungGen      total 875008K, used 874688K [0x000000076b800000, 0x00000007abd80000, 0x00000007c0000000)
  eden space 874496K, 100% used [0x000000076b800000,0x00000007a0e00000,0x00000007a0e00000)
  from space 512K, 37% used [0x00000007abd00000,0x00000007abd30000,0x00000007abd80000)
  to   space 6656K, 0% used [0x00000007ab080000,0x00000007ab080000,0x00000007ab700000)
 ParOldGen       total 173568K, used 17307K [0x00000006c2800000, 0x00000006cd180000, 0x000000076b800000)
  object space 173568K, 9% used [0x00000006c2800000,0x00000006c38e6c60,0x00000006cd180000)
 Metaspace       used 8349K, capacity 8710K, committed 8960K, reserved 1056768K
  class space    used 660K, capacity 690K, committed 768K, reserved 1048576K
Event: 6.533 GC heap after
Heap after GC invocations=19 (full 0):
 PSYoungGen      total 840704K, used 192K [0x000000076b800000, 0x00000007abd80000, 0x00000007c0000000)
  eden space 834048K, 0% used [0x000000076b800000,0x000000076b800000,0x000000079e680000)
  from space 6656K, 2% used [0x00000007ab080000,0x00000007ab0b0000,0x00000007ab700000)
  to   space 6144K, 0% used [0x00000007ab780000,0x00000007ab780000,0x00000007abd80000)
 ParOldGen       total 173568K, used 17307K [0x00000006c2800000, 0x00000006cd180000, 0x000000076b800000)
  object space 173568K, 9% used [0x00000006c2800000,0x00000006c38e6c60,0x00000006cd180000)
 Metaspace       used 8349K, capacity 8710K, committed 8960K, reserved 1056768K
  class space    used 660K, capacity 690K, committed 768K, reserved 1048576K
}
Event: 7.184 GC heap before
{Heap before GC invocations=20 (full 0):
 PSYoungGen      total 840704K, used 834240K [0x000000076b800000, 0x00000007abd80000, 0x00000007c0000000)
  eden space 834048K, 100% used [0x000000076b800000,0x000000079e680000,0x000000079e680000)
  from space 6656K, 2% used [0x00000007ab080000,0x00000007ab0b0000,0x00000007ab700000)
  to   space 6144K, 0% used [0x00000007ab780000,0x00000007ab780000,0x00000007abd80000)
 ParOldGen       total 173568K, used 17307K [0x00000006c2800000, 0x00000006cd180000, 0x000000076b800000)
  object space 173568K, 9% used [0x00000006c2800000,0x00000006c38e6c60,0x00000006cd180000)
 Metaspace       used 8349K, capacity 8710K, committed 8960K, reserved 1056768K
  class space    used 660K, capacity 690K, committed 768K, reserved 1048576K
Event: 7.185 GC heap after
Heap after GC invocations=20 (full 0):
 PSYoungGen      total 796160K, used 192K [0x000000076b800000, 0x00000007ab800000, 0x00000007c0000000)
  eden space 795648K, 0% used [0x000000076b800000,0x000000076b800000,0x000000079c100000)
  from space 512K, 37% used [0x00000007ab780000,0x00000007ab7b0000,0x00000007ab800000)
  to   space 6144K, 0% used [0x00000007aac00000,0x00000007aac00000,0x00000007ab200000)
 ParOldGen       total 173568K, used 17315K [0x00000006c2800000, 0x00000006cd180000, 0x000000076b800000)
  object space 173568K, 9% used [0x00000006c2800000,0x00000006c38e8c60,0x00000006cd180000)
 Metaspace       used 8349K, capacity 8710K, committed 8960K, reserved 1056768K
  class space    used 660K, capacity 690K, committed 768K, reserved 1048576K
}
Event: 7.836 GC heap before
{Heap before GC invocations=21 (full 0):
 PSYoungGen      total 796160K, used 795840K [0x000000076b800000, 0x00000007ab800000, 0x00000007c0000000)
  eden space 795648K, 100% used [0x000000076b800000,0x000000079c100000,0x000000079c100000)
  from space 512K, 37% used [0x00000007ab780000,0x00000007ab7b0000,0x00000007ab800000)
  to   space 6144K, 0% used [0x00000007aac00000,0x00000007aac00000,0x00000007ab200000)
 ParOldGen       total 173568K, used 17315K [0x00000006c2800000, 0x00000006cd180000, 0x000000076b800000)
  object space 173568K, 9% used [0x00000006c2800000,0x00000006c38e8c60,0x00000006cd180000)
 Metaspace       used 8361K, capacity 8774K, committed 8960K, reserved 1056768K
  class space    used 660K, capacity 690K, committed 768K, reserved 1048576K
Event: 7.837 GC heap after
Heap after GC invocations=21 (full 0):
 PSYoungGen      total 765440K, used 224K [0x000000076b800000, 0x00000007ab800000, 0x00000007c0000000)
  eden space 759296K, 0% used [0x000000076b800000,0x000000076b800000,0x0000000799d80000)
  from space 6144K, 3% used [0x00000007aac00000,0x00000007aac38000,0x00000007ab200000)
  to   space 5632K, 0% used [0x00000007ab280000,0x00000007ab280000,0x00000007ab800000)
 ParOldGen       total 173568K, used 17315K [0x00000006c2800000, 0x00000006cd180000, 0x000000076b800000)
  object space 173568K, 9% used [0x00000006c2800000,0x00000006c38e8c60,0x00000006cd180000)
 Metaspace       used 8361K, capacity 8774K, committed 8960K, reserved 1056768K
  class space    used 660K, capacity 690K, committed 768K, reserved 1048576K
}
Event: 8.523 GC heap before
{Heap before GC invocations=22 (full 0):
 PSYoungGen      total 765440K, used 759520K [0x000000076b800000, 0x00000007ab800000, 0x00000007c0000000)
  eden space 759296K, 100% used [0x000000076b800000,0x0000000799d80000,0x0000000799d80000)
  from space 6144K, 3% used [0x00000007aac00000,0x00000007aac38000,0x00000007ab200000)
  to   space 5632K, 0% used [0x00000007ab280000,0x00000007ab280000,0x00000007ab800000)
 ParOldGen       total 173568K, used 17315K [0x00000006c2800000, 0x00000006cd180000, 0x000000076b800000)
  object space 173568K, 9% used [0x00000006c2800000,0x00000006c38e8c60,0x00000006cd180000)
 Metaspace       used 8361K, capacity 8774K, committed 8960K, reserved 1056768K
  class space    used 660K, capacity 690K, committed 768K, reserved 1048576K
Event: 8.524 GC heap after
Heap after GC invocations=22 (full 0):
 PSYoungGen      total 724992K, used 192K [0x000000076b800000, 0x00000007ab300000, 0x00000007c0000000)
  eden space 724480K, 0% used [0x000000076b800000,0x000000076b800000,0x0000000797b80000)
  from space 512K, 37% used [0x00000007ab280000,0x00000007ab2b0000,0x00000007ab300000)
  to   space 5120K, 0% used [0x00000007aa900000,0x00000007aa900000,0x00000007aae00000)
 ParOldGen       total 173568K, used 17315K [0x00000006c2800000, 0x00000006cd180000, 0x000000076b800000)
  object space 173568K, 9% used [0x00000006c2800000,0x00000006c38e8c60,0x00000006cd180000)
 Metaspace       used 8361K, capacity 8774K, committed 8960K, reserved 1056768K
  class space    used 660K, capacity 690K, committed 768K, reserved 1048576K
}

