# JRE version: Java(TM) SE Runtime Environment (8.0_65-b17) (build 1.8.0_65-b17)
# Java VM: Java HotSpot(TM) 64-Bit Server VM (25.65-b01 mixed mode windows-amd64 compressed oops)
Heap:
 PSYoungGen      total 924160K, used 716512K [0x000000076b800000, 0x00000007bb780000, 0x00000007c0000000)
  eden space 909312K, 78% used [0x000000076b800000,0x0000000797380010,0x00000007a3000000)
  from space 14848K, 1% used [0x00000007b9a80000,0x00000007b9ab8000,0x00000007ba900000)
  to   space 13824K, 0% used [0x00000007baa00000,0x00000007baa00000,0x00000007bb780000)
 ParOldGen       total 173568K, used 22376K [0x00000006c2800000, 0x00000006cd180000, 0x000000076b800000)
  object space 173568K, 12% used [0x00000006c2800000,0x00000006c3dda050,0x00000006cd180000)
 Metaspace       used 8459K, capacity 8742K, committed 8960K, reserved 1056768K
  class space    used 683K, capacity 722K, committed 768K, reserved 1048576K
GC Heap History (10 events):
Event: 6.600 GC heap before
{Heap before GC invocations=19 (full 0):
 PSYoungGen      total 1156096K, used 1155808K [0x000000076b800000, 0x00000007bd780000, 0x00000007c0000000)
  eden space 1155584K, 100% used [0x000000076b800000,0x00000007b2080000,0x00000007b2080000)
  from space 512K, 43% used [0x00000007bd700000,0x00000007bd738000,0x00000007bd780000)
  to   space 18944K, 0% used [0x00000007bb280000,0x00000007bb280000,0x00000007bc500000)
 ParOldGen       total 173568K, used 22344K [0x00000006c2800000, 0x00000006cd180000, 0x000000076b800000)
  object space 173568K, 12% used [0x00000006c2800000,0x00000006c3dd2050,0x00000006cd180000)
 Metaspace       used 8445K, capacity 8678K, committed 8960K, reserved 1056768K
  class space    used 683K, capacity 722K, committed 768K, reserved 1048576K
Event: 6.600 GC heap after
Heap after GC invocations=19 (full 0):
 PSYoungGen      total 1120256K, used 224K [0x000000076b800000, 0x00000007bd780000, 0x00000007c0000000)
  eden space 1101312K, 0% used [0x000000076b800000,0x000000076b800000,0x00000007aeb80000)
  from space 18944K, 1% used [0x00000007bb280000,0x00000007bb2b8000,0x00000007bc500000)
  to   space 17920K, 0% used [0x00000007bc600000,0x00000007bc600000,0x00000007bd780000)
 ParOldGen       total 173568K, used 22344K [0x00000006c2800000, 0x00000006cd180000, 0x000000076b800000)
  object space 173568K, 12% used [0x00000006c2800000,0x00000006c3dd2050,0x00000006cd180000)
 Metaspace       used 8445K, capacity 8678K, committed 8960K, reserved 1056768K
  class space    used 683K, capacity 722K, committed 768K, reserved 1048576K
}
Event: 7.093 GC heap before
{Heap before GC invocations=20 (full 0):
 PSYoungGen      total 1120256K, used 1101536K [0x000000076b800000, 0x00000007bd780000, 0x00000007c0000000)
  eden space 1101312K, 100% used [0x000000076b800000,0x00000007aeb80000,0x00000007aeb80000)
  from space 18944K, 1% used [0x00000007bb280000,0x00000007bb2b8000,0x00000007bc500000)
  to   space 17920K, 0% used [0x00000007bc600000,0x00000007bc600000,0x00000007bd780000)
 ParOldGen       total 173568K, used 22344K [0x00000006c2800000, 0x00000006cd180000, 0x000000076b800000)
  object space 173568K, 12% used [0x00000006c2800000,0x00000006c3dd2050,0x00000006cd180000)
 Metaspace       used 8445K, capacity 8678K, committed 8960K, reserved 1056768K
  class space    used 683K, capacity 722K, committed 768K, reserved 1048576K
Event: 7.095 GC heap after
Heap after GC invocations=20 (full 0):
 PSYoungGen      total 1050112K, used 224K [0x000000076b800000, 0x00000007bc680000, 0x00000007c0000000)
  eden space 1049600K, 0% used [0x000000076b800000,0x000000076b800000,0x00000007ab900000)
  from space 512K, 43% used [0x00000007bc600000,0x00000007bc638000,0x00000007bc680000)
  to   space 16896K, 0% used [0x00000007ba580000,0x00000007ba580000,0x00000007bb600000)
 ParOldGen       total 173568K, used 22344K [0x00000006c2800000, 0x00000006cd180000, 0x000000076b800000)
  object space 173568K, 12% used [0x00000006c2800000,0x00000006c3dd2050,0x00000006cd180000)
 Metaspace       used 8445K, capacity 8678K, committed 8960K, reserved 1056768K
  class space    used 683K, capacity 722K, committed 768K, reserved 1048576K
}
Event: 7.557 GC heap before
{Heap before GC invocations=21 (full 0):
 PSYoungGen      total 1050112K, used 1049824K [0x000000076b800000, 0x00000007bc680000, 0x00000007c0000000)
  eden space 1049600K, 100% used [0x000000076b800000,0x00000007ab900000,0x00000007ab900000)
  from space 512K, 43% used [0x00000007bc600000,0x00000007bc638000,0x00000007bc680000)
  to   space 16896K, 0% used [0x00000007ba580000,0x00000007ba580000,0x00000007bb600000)
 ParOldGen       total 173568K, used 22344K [0x00000006c2800000, 0x00000006cd180000, 0x000000076b800000)
  object space 173568K, 12% used [0x00000006c2800000,0x00000006c3dd2050,0x00000006cd180000)
 Metaspace       used 8445K, capacity 8678K, committed 8960K, reserved 1056768K
  class space    used 683K, capacity 722K, committed 768K, reserved 1048576K
Event: 7.558 GC heap after
Heap after GC invocations=21 (full 0):
 PSYoungGen      total 1017344K, used 192K [0x000000076b800000, 0x00000007bc680000, 0x00000007c0000000)
  eden space 1000448K, 0% used [0x000000076b800000,0x000000076b800000,0x00000007a8900000)
  from space 16896K, 1% used [0x00000007ba580000,0x00000007ba5b0000,0x00000007bb600000)
  to   space 15872K, 0% used [0x00000007bb700000,0x00000007bb700000,0x00000007bc680000)
 ParOldGen       total 173568K, used 22344K [0x00000006c2800000, 0x00000006cd180000, 0x000000076b800000)
  object space 173568K, 12% used [0x00000006c2800000,0x00000006c3dd2050,0x00000006cd180000)
 Metaspace       used 8445K, capacity 8678K, committed 8960K, reserved 1056768K
  class space    used 683K, capacity 722K, committed 768K, reserved 1048576K
}
Event: 8.021 GC heap before
{Heap before GC invocations=22 (full 0):
 PSYoungGen      total 1017344K, used 1000640K [0x000000076b800000, 0x00000007bc680000, 0x00000007c0000000)
  eden space 1000448K, 100% used [0x000000076b800000,0x00000007a8900000,0x00000007a8900000)
  from space 16896K, 1% used [0x00000007ba580000,0x00000007ba5b0000,0x00000007bb600000)
  to   space 15872K, 0% used [0x00000007bb700000,0x00000007bb700000,0x00000007bc680000)
 ParOldGen       total 173568K, used 22344K [0x00000006c2800000, 0x00000006cd180000, 0x000000076b800000)
  object space 173568K, 12% used [0x00000006c2800000,0x00000006c3dd2050,0x00000006cd180000)
 Metaspace       used 8459K, capacity 8742K, committed 8960K, reserved 1056768K
  class space    used 683K, capacity 722K, committed 768K, reserved 1048576K
Event: 8.023 GC heap after
Heap after GC invocations=22 (full 0):
 PSYoungGen      total 954368K, used 224K [0x000000076b800000, 0x00000007bb780000, 0x00000007c0000000)
  eden space 953856K, 0% used [0x000000076b800000,0x000000076b800000,0x00000007a5b80000)
  from space 512K, 43% used [0x00000007bb700000,0x00000007bb738000,0x00000007bb780000)
  to   space 14848K, 0% used [0x00000007b9a80000,0x00000007b9a80000,0x00000007ba900000)
 ParOldGen       total 173568K, used 22344K [0x00000006c2800000, 0x00000006cd180000, 0x000000076b800000)
  object space 173568K, 12% used [0x00000006c2800000,0x00000006c3dd2050,0x00000006cd180000)
 Metaspace       used 8459K, capacity 8742K, committed 8960K, reserved 1056768K
  class space    used 683K, capacity 722K, committed 768K, reserved 1048576K
}
Event: 8.464 GC heap before
{Heap before GC invocations=23 (full 0):
 PSYoungGen      total 954368K, used 954080K [0x000000076b800000, 0x00000007bb780000, 0x00000007c0000000)
  eden space 953856K, 100% used [0x000000076b800000,0x00000007a5b80000,0x00000007a5b80000)
  from space 512K, 43% used [0x00000007bb700000,0x00000007bb738000,0x00000007bb780000)
  to   space 14848K, 0% used [0x00000007b9a80000,0x00000007b9a80000,0x00000007ba900000)
 ParOldGen       total 173568K, used 22344K [0x00000006c2800000, 0x00000006cd180000, 0x000000076b800000)
  object space 173568K, 12% used [0x00000006c2800000,0x00000006c3dd2050,0x00000006cd180000)
 Metaspace       used 8459K, capacity 8742K, committed 8960K, reserved 1056768K
  class space    used 683K, capacity 722K, committed 768K, reserved 1048576K
Event: 8.465 GC heap after
Heap after GC invocations=23 (full 0):
 PSYoungGen      total 924160K, used 224K [0x000000076b800000, 0x00000007bb780000, 0x00000007c0000000)
  eden space 909312K, 0% used [0x000000076b800000,0x000000076b800000,0x00000007a3000000)
  from space 14848K, 1% used [0x00000007b9a80000,0x00000007b9ab8000,0x00000007ba900000)
  to   space 13824K, 0% used [0x00000007baa00000,0x00000007baa00000,0x00000007bb780000)
 ParOldGen       total 173568K, used 22376K [0x00000006c2800000, 0x00000006cd180000, 0x000000076b800000)
  object space 173568K, 12% used [0x00000006c2800000,0x00000006c3dda050,0x00000006cd180000)
 Metaspace       used 8459K, capacity 8742K, committed 8960K, reserved 1056768K
  class space    used 683K, capacity 722K, committed 768K, reserved 1048576K
}

