# JRE version: Java(TM) SE Runtime Environment (8.0_65-b17) (build 1.8.0_65-b17)
# Java VM: Java HotSpot(TM) 64-Bit Server VM (25.65-b01 mixed mode windows-amd64 compressed oops)
Heap:
 PSYoungGen      total 1313280K, used 1295584K [0x000000076b800000, 0x00000007bff80000, 0x00000007c0000000)
  eden space 1295360K, 100% used [0x000000076b800000,0x00000007ba900000,0x00000007ba900000)
  from space 17920K, 1% used [0x00000007ba900000,0x00000007ba938000,0x00000007bba80000)
  to   space 17408K, 0% used [0x00000007bee80000,0x00000007bee80000,0x00000007bff80000)
 ParOldGen       total 173568K, used 15928K [0x00000006c2800000, 0x00000006cd180000, 0x000000076b800000)
  object space 173568K, 9% used [0x00000006c2800000,0x00000006c378e050,0x00000006cd180000)
 Metaspace       used 8514K, capacity 8806K, committed 8960K, reserved 1056768K
  class space    used 687K, capacity 722K, committed 768K, reserved 1048576K
GC Heap History (10 events):
Event: 2.095 GC heap before
{Heap before GC invocations=9 (full 0):
 PSYoungGen      total 524800K, used 507552K [0x000000076b800000, 0x000000078cc00000, 0x00000007c0000000)
  eden space 505856K, 100% used [0x000000076b800000,0x000000078a600000,0x000000078a600000)
  from space 18944K, 8% used [0x000000078b980000,0x000000078bb28000,0x000000078cc00000)
  to   space 19456K, 0% used [0x000000078a600000,0x000000078a600000,0x000000078b900000)
 ParOldGen       total 173568K, used 14264K [0x00000006c2800000, 0x00000006cd180000, 0x000000076b800000)
  object space 173568K, 8% used [0x00000006c2800000,0x00000006c35ee050,0x00000006cd180000)
 Metaspace       used 8478K, capacity 8742K, committed 8960K, reserved 1056768K
  class space    used 687K, capacity 722K, committed 768K, reserved 1048576K
Event: 2.096 GC heap after
Heap after GC invocations=9 (full 0):
 PSYoungGen      total 525312K, used 576K [0x000000076b800000, 0x000000079f480000, 0x00000007c0000000)
  eden space 505856K, 0% used [0x000000076b800000,0x000000076b800000,0x000000078a600000)
  from space 19456K, 2% used [0x000000078a600000,0x000000078a690000,0x000000078b900000)
  to   space 19456K, 0% used [0x000000079e180000,0x000000079e180000,0x000000079f480000)
 ParOldGen       total 173568K, used 15424K [0x00000006c2800000, 0x00000006cd180000, 0x000000076b800000)
  object space 173568K, 8% used [0x00000006c2800000,0x00000006c3710050,0x00000006cd180000)
 Metaspace       used 8478K, capacity 8742K, committed 8960K, reserved 1056768K
  class space    used 687K, capacity 722K, committed 768K, reserved 1048576K
}
Event: 2.703 GC heap before
{Heap before GC invocations=10 (full 0):
 PSYoungGen      total 525312K, used 506432K [0x000000076b800000, 0x000000079f480000, 0x00000007c0000000)
  eden space 505856K, 100% used [0x000000076b800000,0x000000078a600000,0x000000078a600000)
  from space 19456K, 2% used [0x000000078a600000,0x000000078a690000,0x000000078b900000)
  to   space 19456K, 0% used [0x000000079e180000,0x000000079e180000,0x000000079f480000)
 ParOldGen       total 173568K, used 15424K [0x00000006c2800000, 0x00000006cd180000, 0x000000076b800000)
  object space 173568K, 8% used [0x00000006c2800000,0x00000006c3710050,0x00000006cd180000)
 Metaspace       used 8489K, capacity 8742K, committed 8960K, reserved 1056768K
  class space    used 687K, capacity 722K, committed 768K, reserved 1048576K
Event: 2.704 GC heap after
Heap after GC invocations=10 (full 0):
 PSYoungGen      total 827904K, used 256K [0x000000076b800000, 0x000000079f380000, 0x00000007c0000000)
  eden space 809472K, 0% used [0x000000076b800000,0x000000076b800000,0x000000079ce80000)
  from space 18432K, 1% used [0x000000079e180000,0x000000079e1c0000,0x000000079f380000)
  to   space 18944K, 0% used [0x000000079ce80000,0x000000079ce80000,0x000000079e100000)
 ParOldGen       total 173568K, used 15904K [0x00000006c2800000, 0x00000006cd180000, 0x000000076b800000)
  object space 173568K, 9% used [0x00000006c2800000,0x00000006c3788050,0x00000006cd180000)
 Metaspace       used 8489K, capacity 8742K, committed 8960K, reserved 1056768K
  class space    used 687K, capacity 722K, committed 768K, reserved 1048576K
}
Event: 3.488 GC heap before
{Heap before GC invocations=11 (full 0):
 PSYoungGen      total 827904K, used 809728K [0x000000076b800000, 0x000000079f380000, 0x00000007c0000000)
  eden space 809472K, 100% used [0x000000076b800000,0x000000079ce80000,0x000000079ce80000)
  from space 18432K, 1% used [0x000000079e180000,0x000000079e1c0000,0x000000079f380000)
  to   space 18944K, 0% used [0x000000079ce80000,0x000000079ce80000,0x000000079e100000)
 ParOldGen       total 173568K, used 15904K [0x00000006c2800000, 0x00000006cd180000, 0x000000076b800000)
  object space 173568K, 9% used [0x00000006c2800000,0x00000006c3788050,0x00000006cd180000)
 Metaspace       used 8495K, capacity 8742K, committed 8960K, reserved 1056768K
  class space    used 687K, capacity 722K, committed 768K, reserved 1048576K
Event: 3.489 GC heap after
Heap after GC invocations=11 (full 0):
 PSYoungGen      total 828416K, used 224K [0x000000076b800000, 0x00000007bcd00000, 0x00000007c0000000)
  eden space 809472K, 0% used [0x000000076b800000,0x000000076b800000,0x000000079ce80000)
  from space 18944K, 1% used [0x000000079ce80000,0x000000079ceb8000,0x000000079e100000)
  to   space 18432K, 0% used [0x00000007bbb00000,0x00000007bbb00000,0x00000007bcd00000)
 ParOldGen       total 173568K, used 15912K [0x00000006c2800000, 0x00000006cd180000, 0x000000076b800000)
  object space 173568K, 9% used [0x00000006c2800000,0x00000006c378a050,0x00000006cd180000)
 Metaspace       used 8495K, capacity 8742K, committed 8960K, reserved 1056768K
  class space    used 687K, capacity 722K, committed 768K, reserved 1048576K
}
Event: 4.328 GC heap before
{Heap before GC invocations=12 (full 0):
 PSYoungGen      total 828416K, used 809696K [0x000000076b800000, 0x00000007bcd00000, 0x00000007c0000000)
  eden space 809472K, 100% used [0x000000076b800000,0x000000079ce80000,0x000000079ce80000)
  from space 18944K, 1% used [0x000000079ce80000,0x000000079ceb8000,0x000000079e100000)
  to   space 18432K, 0% used [0x00000007bbb00000,0x00000007bbb00000,0x00000007bcd00000)
 ParOldGen       total 173568K, used 15912K [0x00000006c2800000, 0x00000006cd180000, 0x000000076b800000)
  object space 173568K, 9% used [0x00000006c2800000,0x00000006c378a050,0x00000006cd180000)
 Metaspace       used 8506K, capacity 8742K, committed 8960K, reserved 1056768K
  class space    used 687K, capacity 722K, committed 768K, reserved 1048576K
Event: 4.329 GC heap after
Heap after GC invocations=12 (full 0):
 PSYoungGen      total 1312768K, used 192K [0x000000076b800000, 0x00000007bcc00000, 0x00000007c0000000)
  eden space 1295360K, 0% used [0x000000076b800000,0x000000076b800000,0x00000007ba900000)
  from space 17408K, 1% used [0x00000007bbb00000,0x00000007bbb30000,0x00000007bcc00000)
  to   space 17920K, 0% used [0x00000007ba900000,0x00000007ba900000,0x00000007bba80000)
 ParOldGen       total 173568K, used 15928K [0x00000006c2800000, 0x00000006cd180000, 0x000000076b800000)
  object space 173568K, 9% used [0x00000006c2800000,0x00000006c378e050,0x00000006cd180000)
 Metaspace       used 8506K, capacity 8742K, committed 8960K, reserved 1056768K
  class space    used 687K, capacity 722K, committed 768K, reserved 1048576K
}
Event: 5.906 GC heap before
{Heap before GC invocations=13 (full 0):
 PSYoungGen      total 1312768K, used 1295552K [0x000000076b800000, 0x00000007bcc00000, 0x00000007c0000000)
  eden space 1295360K, 100% used [0x000000076b800000,0x00000007ba900000,0x00000007ba900000)
  from space 17408K, 1% used [0x00000007bbb00000,0x00000007bbb30000,0x00000007bcc00000)
  to   space 17920K, 0% used [0x00000007ba900000,0x00000007ba900000,0x00000007bba80000)
 ParOldGen       total 173568K, used 15928K [0x00000006c2800000, 0x00000006cd180000, 0x000000076b800000)
  object space 173568K, 9% used [0x00000006c2800000,0x00000006c378e050,0x00000006cd180000)
 Metaspace       used 8507K, capacity 8742K, committed 8960K, reserved 1056768K
  class space    used 687K, capacity 722K, committed 768K, reserved 1048576K
Event: 5.906 GC heap after
Heap after GC invocations=13 (full 0):
 PSYoungGen      total 1313280K, used 224K [0x000000076b800000, 0x00000007bff80000, 0x00000007c0000000)
  eden space 1295360K, 0% used [0x000000076b800000,0x000000076b800000,0x00000007ba900000)
  from space 17920K, 1% used [0x00000007ba900000,0x00000007ba938000,0x00000007bba80000)
  to   space 17408K, 0% used [0x00000007bee80000,0x00000007bee80000,0x00000007bff80000)
 ParOldGen       total 173568K, used 15928K [0x00000006c2800000, 0x00000006cd180000, 0x000000076b800000)
  object space 173568K, 9% used [0x00000006c2800000,0x00000006c378e050,0x00000006cd180000)
 Metaspace       used 8507K, capacity 8742K, committed 8960K, reserved 1056768K
  class space    used 687K, capacity 722K, committed 768K, reserved 1048576K
}

