# JRE version: Java(TM) SE Runtime Environment (8.0_65-b17) (build 1.8.0_65-b17)
# Java VM: Java HotSpot(TM) 64-Bit Server VM (25.65-b01 mixed mode windows-amd64 compressed oops)
Heap:
 PSYoungGen      total 194560K, used 148176K [0x000000076b800000, 0x0000000782680000, 0x00000007c0000000)
  eden space 194048K, 76% used [0x000000076b800000,0x000000077489c398,0x0000000777580000)
  from space 512K, 18% used [0x0000000782600000,0x0000000782618000,0x0000000782680000)
  to   space 1536K, 0% used [0x0000000782380000,0x0000000782380000,0x0000000782500000)
 ParOldGen       total 173568K, used 1324K [0x00000006c2800000, 0x00000006cd180000, 0x000000076b800000)
  object space 173568K, 0% used [0x00000006c2800000,0x00000006c294b060,0x00000006cd180000)
 Metaspace       used 7968K, capacity 8550K, committed 8704K, reserved 1056768K
  class space    used 642K, capacity 658K, committed 768K, reserved 1048576K
GC Heap History (10 events):
Event: 1.355 GC heap before
{Heap before GC invocations=12 (full 0):
 PSYoungGen      total 236032K, used 234624K [0x000000076b800000, 0x0000000782980000, 0x00000007c0000000)
  eden space 234496K, 100% used [0x000000076b800000,0x0000000779d00000,0x0000000779d00000)
  from space 1536K, 8% used [0x0000000779d00000,0x0000000779d20000,0x0000000779e80000)
  to   space 1536K, 0% used [0x0000000782800000,0x0000000782800000,0x0000000782980000)
 ParOldGen       total 173568K, used 1292K [0x00000006c2800000, 0x00000006cd180000, 0x000000076b800000)
  object space 173568K, 0% used [0x00000006c2800000,0x00000006c2943060,0x00000006cd180000)
 Metaspace       used 7966K, capacity 8486K, committed 8704K, reserved 1056768K
  class space    used 642K, capacity 658K, committed 768K, reserved 1048576K
Event: 1.355 GC heap after
Heap after GC invocations=12 (full 0):
 PSYoungGen      total 226304K, used 64K [0x000000076b800000, 0x0000000782880000, 0x00000007c0000000)
  eden space 225792K, 0% used [0x000000076b800000,0x000000076b800000,0x0000000779480000)
  from space 512K, 12% used [0x0000000782800000,0x0000000782810000,0x0000000782880000)
  to   space 1536K, 0% used [0x0000000782580000,0x0000000782580000,0x0000000782700000)
 ParOldGen       total 173568K, used 1324K [0x00000006c2800000, 0x00000006cd180000, 0x000000076b800000)
  object space 173568K, 0% used [0x00000006c2800000,0x00000006c294b060,0x00000006cd180000)
 Metaspace       used 7966K, capacity 8486K, committed 8704K, reserved 1056768K
  class space    used 642K, capacity 658K, committed 768K, reserved 1048576K
}
Event: 1.541 GC heap before
{Heap before GC invocations=13 (full 0):
 PSYoungGen      total 226304K, used 225856K [0x000000076b800000, 0x0000000782880000, 0x00000007c0000000)
  eden space 225792K, 100% used [0x000000076b800000,0x0000000779480000,0x0000000779480000)
  from space 512K, 12% used [0x0000000782800000,0x0000000782810000,0x0000000782880000)
  to   space 1536K, 0% used [0x0000000782580000,0x0000000782580000,0x0000000782700000)
 ParOldGen       total 173568K, used 1324K [0x00000006c2800000, 0x00000006cd180000, 0x000000076b800000)
  object space 173568K, 0% used [0x00000006c2800000,0x00000006c294b060,0x00000006cd180000)
 Metaspace       used 7966K, capacity 8486K, committed 8704K, reserved 1056768K
  class space    used 642K, capacity 658K, committed 768K, reserved 1048576K
Event: 1.542 GC heap after
Heap after GC invocations=13 (full 0):
 PSYoungGen      total 218624K, used 64K [0x000000076b800000, 0x0000000782880000, 0x00000007c0000000)
  eden space 217088K, 0% used [0x000000076b800000,0x000000076b800000,0x0000000778c00000)
  from space 1536K, 4% used [0x0000000782580000,0x0000000782590000,0x0000000782700000)
  to   space 1536K, 0% used [0x0000000782700000,0x0000000782700000,0x0000000782880000)
 ParOldGen       total 173568K, used 1324K [0x00000006c2800000, 0x00000006cd180000, 0x000000076b800000)
  object space 173568K, 0% used [0x00000006c2800000,0x00000006c294b060,0x00000006cd180000)
 Metaspace       used 7966K, capacity 8486K, committed 8704K, reserved 1056768K
  class space    used 642K, capacity 658K, committed 768K, reserved 1048576K
}
Event: 1.704 GC heap before
{Heap before GC invocations=14 (full 0):
 PSYoungGen      total 218624K, used 217152K [0x000000076b800000, 0x0000000782880000, 0x00000007c0000000)
  eden space 217088K, 100% used [0x000000076b800000,0x0000000778c00000,0x0000000778c00000)
  from space 1536K, 4% used [0x0000000782580000,0x0000000782590000,0x0000000782700000)
  to   space 1536K, 0% used [0x0000000782700000,0x0000000782700000,0x0000000782880000)
 ParOldGen       total 173568K, used 1324K [0x00000006c2800000, 0x00000006cd180000, 0x000000076b800000)
  object space 173568K, 0% used [0x00000006c2800000,0x00000006c294b060,0x00000006cd180000)
 Metaspace       used 7966K, capacity 8486K, committed 8704K, reserved 1056768K
  class space    used 642K, capacity 658K, committed 768K, reserved 1048576K
Event: 1.705 GC heap after
Heap after GC invocations=14 (full 0):
 PSYoungGen      total 209408K, used 64K [0x000000076b800000, 0x0000000782780000, 0x00000007c0000000)
  eden space 208896K, 0% used [0x000000076b800000,0x000000076b800000,0x0000000778400000)
  from space 512K, 12% used [0x0000000782700000,0x0000000782710000,0x0000000782780000)
  to   space 1536K, 0% used [0x0000000782480000,0x0000000782480000,0x0000000782600000)
 ParOldGen       total 173568K, used 1324K [0x00000006c2800000, 0x00000006cd180000, 0x000000076b800000)
  object space 173568K, 0% used [0x00000006c2800000,0x00000006c294b060,0x00000006cd180000)
 Metaspace       used 7966K, capacity 8486K, committed 8704K, reserved 1056768K
  class space    used 642K, capacity 658K, committed 768K, reserved 1048576K
}
Event: 1.868 GC heap before
{Heap before GC invocations=15 (full 0):
 PSYoungGen      total 209408K, used 208960K [0x000000076b800000, 0x0000000782780000, 0x00000007c0000000)
  eden space 208896K, 100% used [0x000000076b800000,0x0000000778400000,0x0000000778400000)
  from space 512K, 12% used [0x0000000782700000,0x0000000782710000,0x0000000782780000)
  to   space 1536K, 0% used [0x0000000782480000,0x0000000782480000,0x0000000782600000)
 ParOldGen       total 173568K, used 1324K [0x00000006c2800000, 0x00000006cd180000, 0x000000076b800000)
  object space 173568K, 0% used [0x00000006c2800000,0x00000006c294b060,0x00000006cd180000)
 Metaspace       used 7967K, capacity 8486K, committed 8704K, reserved 1056768K
  class space    used 642K, capacity 658K, committed 768K, reserved 1048576K
Event: 1.868 GC heap after
Heap after GC invocations=15 (full 0):
 PSYoungGen      total 202752K, used 96K [0x000000076b800000, 0x0000000782780000, 0x00000007c0000000)
  eden space 201216K, 0% used [0x000000076b800000,0x000000076b800000,0x0000000777c80000)
  from space 1536K, 6% used [0x0000000782480000,0x0000000782498000,0x0000000782600000)
  to   space 1536K, 0% used [0x0000000782600000,0x0000000782600000,0x0000000782780000)
 ParOldGen       total 173568K, used 1324K [0x00000006c2800000, 0x00000006cd180000, 0x000000076b800000)
  object space 173568K, 0% used [0x00000006c2800000,0x00000006c294b060,0x00000006cd180000)
 Metaspace       used 7967K, capacity 8486K, committed 8704K, reserved 1056768K
  class space    used 642K, capacity 658K, committed 768K, reserved 1048576K
}
Event: 2.017 GC heap before
{Heap before GC invocations=16 (full 0):
 PSYoungGen      total 202752K, used 201312K [0x000000076b800000, 0x0000000782780000, 0x00000007c0000000)
  eden space 201216K, 100% used [0x000000076b800000,0x0000000777c80000,0x0000000777c80000)
  from space 1536K, 6% used [0x0000000782480000,0x0000000782498000,0x0000000782600000)
  to   space 1536K, 0% used [0x0000000782600000,0x0000000782600000,0x0000000782780000)
 ParOldGen       total 173568K, used 1324K [0x00000006c2800000, 0x00000006cd180000, 0x000000076b800000)
  object space 173568K, 0% used [0x00000006c2800000,0x00000006c294b060,0x00000006cd180000)
 Metaspace       used 7968K, capacity 8550K, committed 8704K, reserved 1056768K
  class space    used 642K, capacity 658K, committed 768K, reserved 1048576K
Event: 2.018 GC heap after
Heap after GC invocations=16 (full 0):
 PSYoungGen      total 194560K, used 96K [0x000000076b800000, 0x0000000782680000, 0x00000007c0000000)
  eden space 194048K, 0% used [0x000000076b800000,0x000000076b800000,0x0000000777580000)
  from space 512K, 18% used [0x0000000782600000,0x0000000782618000,0x0000000782680000)
  to   space 1536K, 0% used [0x0000000782380000,0x0000000782380000,0x0000000782500000)
 ParOldGen       total 173568K, used 1324K [0x00000006c2800000, 0x00000006cd180000, 0x000000076b800000)
  object space 173568K, 0% used [0x00000006c2800000,0x00000006c294b060,0x00000006cd180000)
 Metaspace       used 7968K, capacity 8550K, committed 8704K, reserved 1056768K
  class space    used 642K, capacity 658K, committed 768K, reserved 1048576K
}

