# JRE version: Java(TM) SE Runtime Environment (8.0_65-b17) (build 1.8.0_65-b17)
# Java VM: Java HotSpot(TM) 64-Bit Server VM (25.65-b01 mixed mode windows-amd64 compressed oops)
Heap:
 PSYoungGen      total 1367552K, used 95924K [0x000000076b800000, 0x00000007bfd80000, 0x00000007c0000000)
  eden space 1355264K, 7% used [0x000000076b800000,0x000000077157d0f8,0x00000007be380000)
  from space 12288K, 1% used [0x00000007bf180000,0x00000007bf1b0000,0x00000007bfd80000)
  to   space 13312K, 0% used [0x00000007be380000,0x00000007be380000,0x00000007bf080000)
 ParOldGen       total 173568K, used 35483K [0x00000006c2800000, 0x00000006cd180000, 0x000000076b800000)
  object space 173568K, 20% used [0x00000006c2800000,0x00000006c4aa6e68,0x00000006cd180000)
 Metaspace       used 8324K, capacity 8710K, committed 8960K, reserved 1056768K
  class space    used 659K, capacity 690K, committed 768K, reserved 1048576K
GC Heap History (10 events):
Event: 1.809 GC heap before
{Heap before GC invocations=12 (full 0):
 PSYoungGen      total 423936K, used 407712K [0x000000076b800000, 0x0000000795400000, 0x00000007c0000000)
  eden space 407552K, 100% used [0x000000076b800000,0x0000000784600000,0x0000000784600000)
  from space 16384K, 0% used [0x0000000784600000,0x0000000784628000,0x0000000785600000)
  to   space 15872K, 0% used [0x0000000794480000,0x0000000794480000,0x0000000795400000)
 ParOldGen       total 173568K, used 35387K [0x00000006c2800000, 0x00000006cd180000, 0x000000076b800000)
  object space 173568K, 20% used [0x00000006c2800000,0x00000006c4a8ee68,0x00000006cd180000)
 Metaspace       used 8269K, capacity 8646K, committed 8960K, reserved 1056768K
  class space    used 659K, capacity 690K, committed 768K, reserved 1048576K
Event: 1.809 GC heap after
Heap after GC invocations=12 (full 0):
 PSYoungGen      total 667136K, used 224K [0x000000076b800000, 0x0000000795300000, 0x00000007c0000000)
  eden space 652288K, 0% used [0x000000076b800000,0x000000076b800000,0x0000000793500000)
  from space 14848K, 1% used [0x0000000794480000,0x00000007944b8000,0x0000000795300000)
  to   space 15360K, 0% used [0x0000000793500000,0x0000000793500000,0x0000000794400000)
 ParOldGen       total 173568K, used 35443K [0x00000006c2800000, 0x00000006cd180000, 0x000000076b800000)
  object space 173568K, 20% used [0x00000006c2800000,0x00000006c4a9ce68,0x00000006cd180000)
 Metaspace       used 8269K, capacity 8646K, committed 8960K, reserved 1056768K
  class space    used 659K, capacity 690K, committed 768K, reserved 1048576K
}
Event: 2.338 GC heap before
{Heap before GC invocations=13 (full 0):
 PSYoungGen      total 667136K, used 652512K [0x000000076b800000, 0x0000000795300000, 0x00000007c0000000)
  eden space 652288K, 100% used [0x000000076b800000,0x0000000793500000,0x0000000793500000)
  from space 14848K, 1% used [0x0000000794480000,0x00000007944b8000,0x0000000795300000)
  to   space 15360K, 0% used [0x0000000793500000,0x0000000793500000,0x0000000794400000)
 ParOldGen       total 173568K, used 35443K [0x00000006c2800000, 0x00000006cd180000, 0x000000076b800000)
  object space 173568K, 20% used [0x00000006c2800000,0x00000006c4a9ce68,0x00000006cd180000)
 Metaspace       used 8295K, capacity 8710K, committed 8960K, reserved 1056768K
  class space    used 659K, capacity 690K, committed 768K, reserved 1048576K
Event: 2.339 GC heap after
Heap after GC invocations=13 (full 0):
 PSYoungGen      total 667648K, used 192K [0x000000076b800000, 0x00000007ad180000, 0x00000007c0000000)
  eden space 652288K, 0% used [0x000000076b800000,0x000000076b800000,0x0000000793500000)
  from space 15360K, 1% used [0x0000000793500000,0x0000000793530000,0x0000000794400000)
  to   space 15360K, 0% used [0x00000007ac280000,0x00000007ac280000,0x00000007ad180000)
 ParOldGen       total 173568K, used 35459K [0x00000006c2800000, 0x00000006cd180000, 0x000000076b800000)
  object space 173568K, 20% used [0x00000006c2800000,0x00000006c4aa0e68,0x00000006cd180000)
 Metaspace       used 8295K, capacity 8710K, committed 8960K, reserved 1056768K
  class space    used 659K, capacity 690K, committed 768K, reserved 1048576K
}
Event: 2.846 GC heap before
{Heap before GC invocations=14 (full 0):
 PSYoungGen      total 667648K, used 652480K [0x000000076b800000, 0x00000007ad180000, 0x00000007c0000000)
  eden space 652288K, 100% used [0x000000076b800000,0x0000000793500000,0x0000000793500000)
  from space 15360K, 1% used [0x0000000793500000,0x0000000793530000,0x0000000794400000)
  to   space 15360K, 0% used [0x00000007ac280000,0x00000007ac280000,0x00000007ad180000)
 ParOldGen       total 173568K, used 35459K [0x00000006c2800000, 0x00000006cd180000, 0x000000076b800000)
  object space 173568K, 20% used [0x00000006c2800000,0x00000006c4aa0e68,0x00000006cd180000)
 Metaspace       used 8304K, capacity 8710K, committed 8960K, reserved 1056768K
  class space    used 659K, capacity 690K, committed 768K, reserved 1048576K
Event: 2.847 GC heap after
Heap after GC invocations=14 (full 0):
 PSYoungGen      total 1058304K, used 224K [0x000000076b800000, 0x00000007ad080000, 0x00000007c0000000)
  eden space 1043968K, 0% used [0x000000076b800000,0x000000076b800000,0x00000007ab380000)
  from space 14336K, 1% used [0x00000007ac280000,0x00000007ac2b8000,0x00000007ad080000)
  to   space 14848K, 0% used [0x00000007ab380000,0x00000007ab380000,0x00000007ac200000)
 ParOldGen       total 173568K, used 35483K [0x00000006c2800000, 0x00000006cd180000, 0x000000076b800000)
  object space 173568K, 20% used [0x00000006c2800000,0x00000006c4aa6e68,0x00000006cd180000)
 Metaspace       used 8304K, capacity 8710K, committed 8960K, reserved 1056768K
  class space    used 659K, capacity 690K, committed 768K, reserved 1048576K
}
Event: 3.732 GC heap before
{Heap before GC invocations=15 (full 0):
 PSYoungGen      total 1058304K, used 1044192K [0x000000076b800000, 0x00000007ad080000, 0x00000007c0000000)
  eden space 1043968K, 100% used [0x000000076b800000,0x00000007ab380000,0x00000007ab380000)
  from space 14336K, 1% used [0x00000007ac280000,0x00000007ac2b8000,0x00000007ad080000)
  to   space 14848K, 0% used [0x00000007ab380000,0x00000007ab380000,0x00000007ac200000)
 ParOldGen       total 173568K, used 35483K [0x00000006c2800000, 0x00000006cd180000, 0x000000076b800000)
  object space 173568K, 20% used [0x00000006c2800000,0x00000006c4aa6e68,0x00000006cd180000)
 Metaspace       used 8313K, capacity 8710K, committed 8960K, reserved 1056768K
  class space    used 659K, capacity 690K, committed 768K, reserved 1048576K
Event: 3.733 GC heap after
Heap after GC invocations=15 (full 0):
 PSYoungGen      total 1058816K, used 224K [0x000000076b800000, 0x00000007bff80000, 0x00000007c0000000)
  eden space 1043968K, 0% used [0x000000076b800000,0x000000076b800000,0x00000007ab380000)
  from space 14848K, 1% used [0x00000007ab380000,0x00000007ab3b8000,0x00000007ac200000)
  to   space 14336K, 0% used [0x00000007bf180000,0x00000007bf180000,0x00000007bff80000)
 ParOldGen       total 173568K, used 35483K [0x00000006c2800000, 0x00000006cd180000, 0x000000076b800000)
  object space 173568K, 20% used [0x00000006c2800000,0x00000006c4aa6e68,0x00000006cd180000)
 Metaspace       used 8313K, capacity 8710K, committed 8960K, reserved 1056768K
  class space    used 659K, capacity 690K, committed 768K, reserved 1048576K
}
Event: 4.588 GC heap before
{Heap before GC invocations=16 (full 0):
 PSYoungGen      total 1058816K, used 1044192K [0x000000076b800000, 0x00000007bff80000, 0x00000007c0000000)
  eden space 1043968K, 100% used [0x000000076b800000,0x00000007ab380000,0x00000007ab380000)
  from space 14848K, 1% used [0x00000007ab380000,0x00000007ab3b8000,0x00000007ac200000)
  to   space 14336K, 0% used [0x00000007bf180000,0x00000007bf180000,0x00000007bff80000)
 ParOldGen       total 173568K, used 35483K [0x00000006c2800000, 0x00000006cd180000, 0x000000076b800000)
  object space 173568K, 20% used [0x00000006c2800000,0x00000006c4aa6e68,0x00000006cd180000)
 Metaspace       used 8323K, capacity 8710K, committed 8960K, reserved 1056768K
  class space    used 659K, capacity 690K, committed 768K, reserved 1048576K
Event: 4.589 GC heap after
Heap after GC invocations=16 (full 0):
 PSYoungGen      total 1367552K, used 192K [0x000000076b800000, 0x00000007bfd80000, 0x00000007c0000000)
  eden space 1355264K, 0% used [0x000000076b800000,0x000000076b800000,0x00000007be380000)
  from space 12288K, 1% used [0x00000007bf180000,0x00000007bf1b0000,0x00000007bfd80000)
  to   space 13312K, 0% used [0x00000007be380000,0x00000007be380000,0x00000007bf080000)
 ParOldGen       total 173568K, used 35483K [0x00000006c2800000, 0x00000006cd180000, 0x000000076b800000)
  object space 173568K, 20% used [0x00000006c2800000,0x00000006c4aa6e68,0x00000006cd180000)
 Metaspace       used 8323K, capacity 8710K, committed 8960K, reserved 1056768K
  class space    used 659K, capacity 690K, committed 768K, reserved 1048576K
}

