# JRE version: Java(TM) SE Runtime Environment (8.0_65-b17) (build 1.8.0_65-b17)
# Java VM: Java HotSpot(TM) 64-Bit Server VM (25.65-b01 mixed mode windows-amd64 compressed oops)
Heap:
 PSYoungGen      total 172032K, used 135367K [0x000000076b800000, 0x0000000784a00000, 0x00000007c0000000)
  eden space 171520K, 78% used [0x000000076b800000,0x0000000773c09d28,0x0000000775f80000)
  from space 512K, 31% used [0x0000000784980000,0x00000007849a8000,0x0000000784a00000)
  to   space 1536K, 0% used [0x0000000784700000,0x0000000784700000,0x0000000784880000)
 ParOldGen       total 173568K, used 1360K [0x00000006c2800000, 0x00000006cd180000, 0x000000076b800000)
  object space 173568K, 0% used [0x00000006c2800000,0x00000006c2954050,0x00000006cd180000)
 Metaspace       used 8170K, capacity 8646K, committed 8960K, reserved 1056768K
  class space    used 654K, capacity 690K, committed 768K, reserved 1048576K
GC Heap History (10 events):
Event: 2.405 GC heap before
{Heap before GC invocations=16 (full 0):
 PSYoungGen      total 207872K, used 205984K [0x000000076b800000, 0x0000000784d80000, 0x00000007c0000000)
  eden space 205824K, 100% used [0x000000076b800000,0x0000000778100000,0x0000000778100000)
  from space 2048K, 7% used [0x0000000784980000,0x00000007849a8000,0x0000000784b80000)
  to   space 2048K, 0% used [0x0000000784b80000,0x0000000784b80000,0x0000000784d80000)
 ParOldGen       total 173568K, used 1360K [0x00000006c2800000, 0x00000006cd180000, 0x000000076b800000)
  object space 173568K, 0% used [0x00000006c2800000,0x00000006c2954050,0x00000006cd180000)
 Metaspace       used 8159K, capacity 8646K, committed 8960K, reserved 1056768K
  class space    used 654K, capacity 690K, committed 768K, reserved 1048576K
Event: 2.406 GC heap after
Heap after GC invocations=16 (full 0):
 PSYoungGen      total 198656K, used 192K [0x000000076b800000, 0x0000000784c00000, 0x00000007c0000000)
  eden space 198144K, 0% used [0x000000076b800000,0x000000076b800000,0x0000000777980000)
  from space 512K, 37% used [0x0000000784b80000,0x0000000784bb0000,0x0000000784c00000)
  to   space 2048K, 0% used [0x0000000784800000,0x0000000784800000,0x0000000784a00000)
 ParOldGen       total 173568K, used 1360K [0x00000006c2800000, 0x00000006cd180000, 0x000000076b800000)
  object space 173568K, 0% used [0x00000006c2800000,0x00000006c2954050,0x00000006cd180000)
 Metaspace       used 8159K, capacity 8646K, committed 8960K, reserved 1056768K
  class space    used 654K, capacity 690K, committed 768K, reserved 1048576K
}
Event: 2.633 GC heap before
{Heap before GC invocations=17 (full 0):
 PSYoungGen      total 198656K, used 198336K [0x000000076b800000, 0x0000000784c00000, 0x00000007c0000000)
  eden space 198144K, 100% used [0x000000076b800000,0x0000000777980000,0x0000000777980000)
  from space 512K, 37% used [0x0000000784b80000,0x0000000784bb0000,0x0000000784c00000)
  to   space 2048K, 0% used [0x0000000784800000,0x0000000784800000,0x0000000784a00000)
 ParOldGen       total 173568K, used 1360K [0x00000006c2800000, 0x00000006cd180000, 0x000000076b800000)
  object space 173568K, 0% used [0x00000006c2800000,0x00000006c2954050,0x00000006cd180000)
 Metaspace       used 8163K, capacity 8646K, committed 8960K, reserved 1056768K
  class space    used 654K, capacity 690K, committed 768K, reserved 1048576K
Event: 2.634 GC heap after
Heap after GC invocations=17 (full 0):
 PSYoungGen      total 193024K, used 224K [0x000000076b800000, 0x0000000784c00000, 0x00000007c0000000)
  eden space 190976K, 0% used [0x000000076b800000,0x000000076b800000,0x0000000777280000)
  from space 2048K, 10% used [0x0000000784800000,0x0000000784838000,0x0000000784a00000)
  to   space 1536K, 0% used [0x0000000784a80000,0x0000000784a80000,0x0000000784c00000)
 ParOldGen       total 173568K, used 1360K [0x00000006c2800000, 0x00000006cd180000, 0x000000076b800000)
  object space 173568K, 0% used [0x00000006c2800000,0x00000006c2954050,0x00000006cd180000)
 Metaspace       used 8163K, capacity 8646K, committed 8960K, reserved 1056768K
  class space    used 654K, capacity 690K, committed 768K, reserved 1048576K
}
Event: 2.834 GC heap before
{Heap before GC invocations=18 (full 0):
 PSYoungGen      total 193024K, used 191200K [0x000000076b800000, 0x0000000784c00000, 0x00000007c0000000)
  eden space 190976K, 100% used [0x000000076b800000,0x0000000777280000,0x0000000777280000)
  from space 2048K, 10% used [0x0000000784800000,0x0000000784838000,0x0000000784a00000)
  to   space 1536K, 0% used [0x0000000784a80000,0x0000000784a80000,0x0000000784c00000)
 ParOldGen       total 173568K, used 1360K [0x00000006c2800000, 0x00000006cd180000, 0x000000076b800000)
  object space 173568K, 0% used [0x00000006c2800000,0x00000006c2954050,0x00000006cd180000)
 Metaspace       used 8164K, capacity 8646K, committed 8960K, reserved 1056768K
  class space    used 654K, capacity 690K, committed 768K, reserved 1048576K
Event: 2.834 GC heap after
Heap after GC invocations=18 (full 0):
 PSYoungGen      total 184832K, used 96K [0x000000076b800000, 0x0000000784b00000, 0x00000007c0000000)
  eden space 184320K, 0% used [0x000000076b800000,0x000000076b800000,0x0000000776c00000)
  from space 512K, 18% used [0x0000000784a80000,0x0000000784a98000,0x0000000784b00000)
  to   space 1536K, 0% used [0x0000000784800000,0x0000000784800000,0x0000000784980000)
 ParOldGen       total 173568K, used 1360K [0x00000006c2800000, 0x00000006cd180000, 0x000000076b800000)
  object space 173568K, 0% used [0x00000006c2800000,0x00000006c2954050,0x00000006cd180000)
 Metaspace       used 8164K, capacity 8646K, committed 8960K, reserved 1056768K
  class space    used 654K, capacity 690K, committed 768K, reserved 1048576K
}
Event: 2.979 GC heap before
{Heap before GC invocations=19 (full 0):
 PSYoungGen      total 184832K, used 184416K [0x000000076b800000, 0x0000000784b00000, 0x00000007c0000000)
  eden space 184320K, 100% used [0x000000076b800000,0x0000000776c00000,0x0000000776c00000)
  from space 512K, 18% used [0x0000000784a80000,0x0000000784a98000,0x0000000784b00000)
  to   space 1536K, 0% used [0x0000000784800000,0x0000000784800000,0x0000000784980000)
 ParOldGen       total 173568K, used 1360K [0x00000006c2800000, 0x00000006cd180000, 0x000000076b800000)
  object space 173568K, 0% used [0x00000006c2800000,0x00000006c2954050,0x00000006cd180000)
 Metaspace       used 8164K, capacity 8646K, committed 8960K, reserved 1056768K
  class space    used 654K, capacity 690K, committed 768K, reserved 1048576K
Event: 2.979 GC heap after
Heap after GC invocations=19 (full 0):
 PSYoungGen      total 179200K, used 128K [0x000000076b800000, 0x0000000784b00000, 0x00000007c0000000)
  eden space 177664K, 0% used [0x000000076b800000,0x000000076b800000,0x0000000776580000)
  from space 1536K, 8% used [0x0000000784800000,0x0000000784820000,0x0000000784980000)
  to   space 1536K, 0% used [0x0000000784980000,0x0000000784980000,0x0000000784b00000)
 ParOldGen       total 173568K, used 1360K [0x00000006c2800000, 0x00000006cd180000, 0x000000076b800000)
  object space 173568K, 0% used [0x00000006c2800000,0x00000006c2954050,0x00000006cd180000)
 Metaspace       used 8164K, capacity 8646K, committed 8960K, reserved 1056768K
  class space    used 654K, capacity 690K, committed 768K, reserved 1048576K
}
Event: 3.120 GC heap before
{Heap before GC invocations=20 (full 0):
 PSYoungGen      total 179200K, used 177792K [0x000000076b800000, 0x0000000784b00000, 0x00000007c0000000)
  eden space 177664K, 100% used [0x000000076b800000,0x0000000776580000,0x0000000776580000)
  from space 1536K, 8% used [0x0000000784800000,0x0000000784820000,0x0000000784980000)
  to   space 1536K, 0% used [0x0000000784980000,0x0000000784980000,0x0000000784b00000)
 ParOldGen       total 173568K, used 1360K [0x00000006c2800000, 0x00000006cd180000, 0x000000076b800000)
  object space 173568K, 0% used [0x00000006c2800000,0x00000006c2954050,0x00000006cd180000)
 Metaspace       used 8170K, capacity 8646K, committed 8960K, reserved 1056768K
  class space    used 654K, capacity 690K, committed 768K, reserved 1048576K
Event: 3.121 GC heap after
Heap after GC invocations=20 (full 0):
 PSYoungGen      total 172032K, used 160K [0x000000076b800000, 0x0000000784a00000, 0x00000007c0000000)
  eden space 171520K, 0% used [0x000000076b800000,0x000000076b800000,0x0000000775f80000)
  from space 512K, 31% used [0x0000000784980000,0x00000007849a8000,0x0000000784a00000)
  to   space 1536K, 0% used [0x0000000784700000,0x0000000784700000,0x0000000784880000)
 ParOldGen       total 173568K, used 1360K [0x00000006c2800000, 0x00000006cd180000, 0x000000076b800000)
  object space 173568K, 0% used [0x00000006c2800000,0x00000006c2954050,0x00000006cd180000)
 Metaspace       used 8170K, capacity 8646K, committed 8960K, reserved 1056768K
  class space    used 654K, capacity 690K, committed 768K, reserved 1048576K
}

