# JRE version: Java(TM) SE Runtime Environment (8.0_65-b17) (build 1.8.0_65-b17)
# Java VM: Java HotSpot(TM) 64-Bit Server VM (25.65-b01 mixed mode windows-amd64 compressed oops)
Heap:
 PSYoungGen      total 49664K, used 20999K [0x000000076b800000, 0x0000000779200000, 0x00000007c0000000)
  eden space 49152K, 42% used [0x000000076b800000,0x000000076cc49fb8,0x000000076e800000)
  from space 512K, 43% used [0x0000000779180000,0x00000007791b8000,0x0000000779200000)
  to   space 512K, 0% used [0x0000000779100000,0x0000000779100000,0x0000000779180000)
 ParOldGen       total 173568K, used 1484K [0x00000006c2800000, 0x00000006cd180000, 0x000000076b800000)
  object space 173568K, 0% used [0x00000006c2800000,0x00000006c2973060,0x00000006cd180000)
 Metaspace       used 8178K, capacity 8710K, committed 8960K, reserved 1056768K
  class space    used 651K, capacity 690K, committed 768K, reserved 1048576K
GC Heap History (10 events):
Event: 16.409 GC heap before
{Heap before GC invocations=236 (full 0):
 PSYoungGen      total 54784K, used 54400K [0x000000076b800000, 0x0000000779200000, 0x00000007c0000000)
  eden space 54272K, 100% used [0x000000076b800000,0x000000076ed00000,0x000000076ed00000)
  from space 512K, 25% used [0x0000000779100000,0x0000000779120000,0x0000000779180000)
  to   space 512K, 0% used [0x0000000779180000,0x0000000779180000,0x0000000779200000)
 ParOldGen       total 173568K, used 1484K [0x00000006c2800000, 0x00000006cd180000, 0x000000076b800000)
  object space 173568K, 0% used [0x00000006c2800000,0x00000006c2973060,0x00000006cd180000)
 Metaspace       used 8178K, capacity 8710K, committed 8960K, reserved 1056768K
  class space    used 651K, capacity 690K, committed 768K, reserved 1048576K
Event: 16.409 GC heap after
Heap after GC invocations=236 (full 0):
 PSYoungGen      total 53760K, used 224K [0x000000076b800000, 0x0000000779200000, 0x00000007c0000000)
  eden space 53248K, 0% used [0x000000076b800000,0x000000076b800000,0x000000076ec00000)
  from space 512K, 43% used [0x0000000779180000,0x00000007791b8000,0x0000000779200000)
  to   space 512K, 0% used [0x0000000779100000,0x0000000779100000,0x0000000779180000)
 ParOldGen       total 173568K, used 1484K [0x00000006c2800000, 0x00000006cd180000, 0x000000076b800000)
  object space 173568K, 0% used [0x00000006c2800000,0x00000006c2973060,0x00000006cd180000)
 Metaspace       used 8178K, capacity 8710K, committed 8960K, reserved 1056768K
  class space    used 651K, capacity 690K, committed 768K, reserved 1048576K
}
Event: 16.470 GC heap before
{Heap before GC invocations=237 (full 0):
 PSYoungGen      total 53760K, used 53472K [0x000000076b800000, 0x0000000779200000, 0x00000007c0000000)
  eden space 53248K, 100% used [0x000000076b800000,0x000000076ec00000,0x000000076ec00000)
  from space 512K, 43% used [0x0000000779180000,0x00000007791b8000,0x0000000779200000)
  to   space 512K, 0% used [0x0000000779100000,0x0000000779100000,0x0000000779180000)
 ParOldGen       total 173568K, used 1484K [0x00000006c2800000, 0x00000006cd180000, 0x000000076b800000)
  object space 173568K, 0% used [0x00000006c2800000,0x00000006c2973060,0x00000006cd180000)
 Metaspace       used 8178K, capacity 8710K, committed 8960K, reserved 1056768K
  class space    used 651K, capacity 690K, committed 768K, reserved 1048576K
Event: 16.471 GC heap after
Heap after GC invocations=237 (full 0):
 PSYoungGen      total 52736K, used 160K [0x000000076b800000, 0x0000000779200000, 0x00000007c0000000)
  eden space 52224K, 0% used [0x000000076b800000,0x000000076b800000,0x000000076eb00000)
  from space 512K, 31% used [0x0000000779100000,0x0000000779128000,0x0000000779180000)
  to   space 512K, 0% used [0x0000000779180000,0x0000000779180000,0x0000000779200000)
 ParOldGen       total 173568K, used 1484K [0x00000006c2800000, 0x00000006cd180000, 0x000000076b800000)
  object space 173568K, 0% used [0x00000006c2800000,0x00000006c2973060,0x00000006cd180000)
 Metaspace       used 8178K, capacity 8710K, committed 8960K, reserved 1056768K
  class space    used 651K, capacity 690K, committed 768K, reserved 1048576K
}
Event: 16.529 GC heap before
{Heap before GC invocations=238 (full 0):
 PSYoungGen      total 52736K, used 52384K [0x000000076b800000, 0x0000000779200000, 0x00000007c0000000)
  eden space 52224K, 100% used [0x000000076b800000,0x000000076eb00000,0x000000076eb00000)
  from space 512K, 31% used [0x0000000779100000,0x0000000779128000,0x0000000779180000)
  to   space 512K, 0% used [0x0000000779180000,0x0000000779180000,0x0000000779200000)
 ParOldGen       total 173568K, used 1484K [0x00000006c2800000, 0x00000006cd180000, 0x000000076b800000)
  object space 173568K, 0% used [0x00000006c2800000,0x00000006c2973060,0x00000006cd180000)
 Metaspace       used 8178K, capacity 8710K, committed 8960K, reserved 1056768K
  class space    used 651K, capacity 690K, committed 768K, reserved 1048576K
Event: 16.530 GC heap after
Heap after GC invocations=238 (full 0):
 PSYoungGen      total 51712K, used 128K [0x000000076b800000, 0x0000000779200000, 0x00000007c0000000)
  eden space 51200K, 0% used [0x000000076b800000,0x000000076b800000,0x000000076ea00000)
  from space 512K, 25% used [0x0000000779180000,0x00000007791a0000,0x0000000779200000)
  to   space 512K, 0% used [0x0000000779100000,0x0000000779100000,0x0000000779180000)
 ParOldGen       total 173568K, used 1484K [0x00000006c2800000, 0x00000006cd180000, 0x000000076b800000)
  object space 173568K, 0% used [0x00000006c2800000,0x00000006c2973060,0x00000006cd180000)
 Metaspace       used 8178K, capacity 8710K, committed 8960K, reserved 1056768K
  class space    used 651K, capacity 690K, committed 768K, reserved 1048576K
}
Event: 16.586 GC heap before
{Heap before GC invocations=239 (full 0):
 PSYoungGen      total 51712K, used 51328K [0x000000076b800000, 0x0000000779200000, 0x00000007c0000000)
  eden space 51200K, 100% used [0x000000076b800000,0x000000076ea00000,0x000000076ea00000)
  from space 512K, 25% used [0x0000000779180000,0x00000007791a0000,0x0000000779200000)
  to   space 512K, 0% used [0x0000000779100000,0x0000000779100000,0x0000000779180000)
 ParOldGen       total 173568K, used 1484K [0x00000006c2800000, 0x00000006cd180000, 0x000000076b800000)
  object space 173568K, 0% used [0x00000006c2800000,0x00000006c2973060,0x00000006cd180000)
 Metaspace       used 8178K, capacity 8710K, committed 8960K, reserved 1056768K
  class space    used 651K, capacity 690K, committed 768K, reserved 1048576K
Event: 16.586 GC heap after
Heap after GC invocations=239 (full 0):
 PSYoungGen      total 50688K, used 128K [0x000000076b800000, 0x0000000779200000, 0x00000007c0000000)
  eden space 50176K, 0% used [0x000000076b800000,0x000000076b800000,0x000000076e900000)
  from space 512K, 25% used [0x0000000779100000,0x0000000779120000,0x0000000779180000)
  to   space 512K, 0% used [0x0000000779180000,0x0000000779180000,0x0000000779200000)
 ParOldGen       total 173568K, used 1484K [0x00000006c2800000, 0x00000006cd180000, 0x000000076b800000)
  object space 173568K, 0% used [0x00000006c2800000,0x00000006c2973060,0x00000006cd180000)
 Metaspace       used 8178K, capacity 8710K, committed 8960K, reserved 1056768K
  class space    used 651K, capacity 690K, committed 768K, reserved 1048576K
}
Event: 16.645 GC heap before
{Heap before GC invocations=240 (full 0):
 PSYoungGen      total 50688K, used 50304K [0x000000076b800000, 0x0000000779200000, 0x00000007c0000000)
  eden space 50176K, 100% used [0x000000076b800000,0x000000076e900000,0x000000076e900000)
  from space 512K, 25% used [0x0000000779100000,0x0000000779120000,0x0000000779180000)
  to   space 512K, 0% used [0x0000000779180000,0x0000000779180000,0x0000000779200000)
 ParOldGen       total 173568K, used 1484K [0x00000006c2800000, 0x00000006cd180000, 0x000000076b800000)
  object space 173568K, 0% used [0x00000006c2800000,0x00000006c2973060,0x00000006cd180000)
 Metaspace       used 8178K, capacity 8710K, committed 8960K, reserved 1056768K
  class space    used 651K, capacity 690K, committed 768K, reserved 1048576K
Event: 16.646 GC heap after
Heap after GC invocations=240 (full 0):
 PSYoungGen      total 49664K, used 224K [0x000000076b800000, 0x0000000779200000, 0x00000007c0000000)
  eden space 49152K, 0% used [0x000000076b800000,0x000000076b800000,0x000000076e800000)
  from space 512K, 43% used [0x0000000779180000,0x00000007791b8000,0x0000000779200000)
  to   space 512K, 0% used [0x0000000779100000,0x0000000779100000,0x0000000779180000)
 ParOldGen       total 173568K, used 1484K [0x00000006c2800000, 0x00000006cd180000, 0x000000076b800000)
  object space 173568K, 0% used [0x00000006c2800000,0x00000006c2973060,0x00000006cd180000)
 Metaspace       used 8178K, capacity 8710K, committed 8960K, reserved 1056768K
  class space    used 651K, capacity 690K, committed 768K, reserved 1048576K
}

