# JRE version: Java(TM) SE Runtime Environment (8.0_65-b17) (build 1.8.0_65-b17)
# Java VM: Java HotSpot(TM) 64-Bit Server VM (25.65-b01 mixed mode windows-amd64 compressed oops)
Heap:
 PSYoungGen      total 1053696K, used 551164K [0x000000076b800000, 0x00000007acb80000, 0x00000007c0000000)
  eden space 1039872K, 52% used [0x000000076b800000,0x000000078d207108,0x00000007aaf80000)
  from space 13824K, 1% used [0x00000007abe00000,0x00000007abe38000,0x00000007acb80000)
  to   space 14336K, 0% used [0x00000007aaf80000,0x00000007aaf80000,0x00000007abd80000)
 ParOldGen       total 173568K, used 36649K [0x00000006c2800000, 0x00000006cd180000, 0x000000076b800000)
  object space 173568K, 21% used [0x00000006c2800000,0x00000006c4bca4d0,0x00000006cd180000)
 Metaspace       used 8308K, capacity 8710K, committed 8960K, reserved 1056768K
  class space    used 659K, capacity 690K, committed 768K, reserved 1048576K
GC Heap History (10 events):
Event: 1.324 GC heap before
{Heap before GC invocations=10 (full 0):
 PSYoungGen      total 261120K, used 261098K [0x000000076b800000, 0x0000000785b00000, 0x00000007c0000000)
  eden space 259072K, 100% used [0x000000076b800000,0x000000077b500000,0x000000077b500000)
  from space 2048K, 98% used [0x000000077b500000,0x000000077b6faad8,0x000000077b700000)
  to   space 7168K, 0% used [0x0000000785400000,0x0000000785400000,0x0000000785b00000)
 ParOldGen       total 173568K, used 12344K [0x00000006c2800000, 0x00000006cd180000, 0x000000076b800000)
  object space 173568K, 7% used [0x00000006c2800000,0x00000006c340e050,0x00000006cd180000)
 Metaspace       used 8227K, capacity 8646K, committed 8960K, reserved 1056768K
  class space    used 655K, capacity 690K, committed 768K, reserved 1048576K
Event: 1.346 GC heap after
Heap after GC invocations=10 (full 0):
 PSYoungGen      total 413184K, used 7151K [0x000000076b800000, 0x0000000786c00000, 0x00000007c0000000)
  eden space 406016K, 0% used [0x000000076b800000,0x000000076b800000,0x0000000784480000)
  from space 7168K, 99% used [0x0000000785400000,0x0000000785afbc08,0x0000000785b00000)
  to   space 15872K, 0% used [0x0000000784480000,0x0000000784480000,0x0000000785400000)
 ParOldGen       total 173568K, used 32508K [0x00000006c2800000, 0x00000006cd180000, 0x000000076b800000)
  object space 173568K, 18% used [0x00000006c2800000,0x00000006c47bf070,0x00000006cd180000)
 Metaspace       used 8227K, capacity 8646K, committed 8960K, reserved 1056768K
  class space    used 655K, capacity 690K, committed 768K, reserved 1048576K
}
Event: 1.624 GC heap before
{Heap before GC invocations=11 (full 0):
 PSYoungGen      total 413184K, used 413167K [0x000000076b800000, 0x0000000786c00000, 0x00000007c0000000)
  eden space 406016K, 100% used [0x000000076b800000,0x0000000784480000,0x0000000784480000)
  from space 7168K, 99% used [0x0000000785400000,0x0000000785afbc08,0x0000000785b00000)
  to   space 15872K, 0% used [0x0000000784480000,0x0000000784480000,0x0000000785400000)
 ParOldGen       total 173568K, used 32508K [0x00000006c2800000, 0x00000006cd180000, 0x000000076b800000)
  object space 173568K, 18% used [0x00000006c2800000,0x00000006c47bf070,0x00000006cd180000)
 Metaspace       used 8262K, capacity 8646K, committed 8960K, reserved 1056768K
  class space    used 659K, capacity 690K, committed 768K, reserved 1048576K
Event: 1.631 GC heap after
Heap after GC invocations=11 (full 0):
 PSYoungGen      total 421888K, used 192K [0x000000076b800000, 0x0000000795080000, 0x00000007c0000000)
  eden space 406016K, 0% used [0x000000076b800000,0x000000076b800000,0x0000000784480000)
  from space 15872K, 1% used [0x0000000784480000,0x00000007844b0000,0x0000000785400000)
  to   space 15360K, 0% used [0x0000000794180000,0x0000000794180000,0x0000000795080000)
 ParOldGen       total 173568K, used 36553K [0x00000006c2800000, 0x00000006cd180000, 0x000000076b800000)
  object space 173568K, 21% used [0x00000006c2800000,0x00000006c4bb24d0,0x00000006cd180000)
 Metaspace       used 8262K, capacity 8646K, committed 8960K, reserved 1056768K
  class space    used 659K, capacity 690K, committed 768K, reserved 1048576K
}
Event: 1.929 GC heap before
{Heap before GC invocations=12 (full 0):
 PSYoungGen      total 421888K, used 406208K [0x000000076b800000, 0x0000000795080000, 0x00000007c0000000)
  eden space 406016K, 100% used [0x000000076b800000,0x0000000784480000,0x0000000784480000)
  from space 15872K, 1% used [0x0000000784480000,0x00000007844b0000,0x0000000785400000)
  to   space 15360K, 0% used [0x0000000794180000,0x0000000794180000,0x0000000795080000)
 ParOldGen       total 173568K, used 36553K [0x00000006c2800000, 0x00000006cd180000, 0x000000076b800000)
  object space 173568K, 21% used [0x00000006c2800000,0x00000006c4bb24d0,0x00000006cd180000)
 Metaspace       used 8265K, capacity 8646K, committed 8960K, reserved 1056768K
  class space    used 659K, capacity 690K, committed 768K, reserved 1048576K
Event: 1.929 GC heap after
Heap after GC invocations=12 (full 0):
 PSYoungGen      total 665088K, used 224K [0x000000076b800000, 0x0000000795080000, 0x00000007c0000000)
  eden space 649728K, 0% used [0x000000076b800000,0x000000076b800000,0x0000000793280000)
  from space 15360K, 1% used [0x0000000794180000,0x00000007941b8000,0x0000000795080000)
  to   space 15360K, 0% used [0x0000000793280000,0x0000000793280000,0x0000000794180000)
 ParOldGen       total 173568K, used 36617K [0x00000006c2800000, 0x00000006cd180000, 0x000000076b800000)
  object space 173568K, 21% used [0x00000006c2800000,0x00000006c4bc24d0,0x00000006cd180000)
 Metaspace       used 8265K, capacity 8646K, committed 8960K, reserved 1056768K
  class space    used 659K, capacity 690K, committed 768K, reserved 1048576K
}
Event: 2.408 GC heap before
{Heap before GC invocations=13 (full 0):
 PSYoungGen      total 665088K, used 649952K [0x000000076b800000, 0x0000000795080000, 0x00000007c0000000)
  eden space 649728K, 100% used [0x000000076b800000,0x0000000793280000,0x0000000793280000)
  from space 15360K, 1% used [0x0000000794180000,0x00000007941b8000,0x0000000795080000)
  to   space 15360K, 0% used [0x0000000793280000,0x0000000793280000,0x0000000794180000)
 ParOldGen       total 173568K, used 36617K [0x00000006c2800000, 0x00000006cd180000, 0x000000076b800000)
  object space 173568K, 21% used [0x00000006c2800000,0x00000006c4bc24d0,0x00000006cd180000)
 Metaspace       used 8279K, capacity 8710K, committed 8960K, reserved 1056768K
  class space    used 659K, capacity 690K, committed 768K, reserved 1048576K
Event: 2.409 GC heap after
Heap after GC invocations=13 (full 0):
 PSYoungGen      total 665088K, used 192K [0x000000076b800000, 0x00000007acc80000, 0x00000007c0000000)
  eden space 649728K, 0% used [0x000000076b800000,0x000000076b800000,0x0000000793280000)
  from space 15360K, 1% used [0x0000000793280000,0x00000007932b0000,0x0000000794180000)
  to   space 14848K, 0% used [0x00000007abe00000,0x00000007abe00000,0x00000007acc80000)
 ParOldGen       total 173568K, used 36633K [0x00000006c2800000, 0x00000006cd180000, 0x000000076b800000)
  object space 173568K, 21% used [0x00000006c2800000,0x00000006c4bc64d0,0x00000006cd180000)
 Metaspace       used 8279K, capacity 8710K, committed 8960K, reserved 1056768K
  class space    used 659K, capacity 690K, committed 768K, reserved 1048576K
}
Event: 2.870 GC heap before
{Heap before GC invocations=14 (full 0):
 PSYoungGen      total 665088K, used 649920K [0x000000076b800000, 0x00000007acc80000, 0x00000007c0000000)
  eden space 649728K, 100% used [0x000000076b800000,0x0000000793280000,0x0000000793280000)
  from space 15360K, 1% used [0x0000000793280000,0x00000007932b0000,0x0000000794180000)
  to   space 14848K, 0% used [0x00000007abe00000,0x00000007abe00000,0x00000007acc80000)
 ParOldGen       total 173568K, used 36633K [0x00000006c2800000, 0x00000006cd180000, 0x000000076b800000)
  object space 173568K, 21% used [0x00000006c2800000,0x00000006c4bc64d0,0x00000006cd180000)
 Metaspace       used 8300K, capacity 8710K, committed 8960K, reserved 1056768K
  class space    used 659K, capacity 690K, committed 768K, reserved 1048576K
Event: 2.871 GC heap after
Heap after GC invocations=14 (full 0):
 PSYoungGen      total 1053696K, used 224K [0x000000076b800000, 0x00000007acb80000, 0x00000007c0000000)
  eden space 1039872K, 0% used [0x000000076b800000,0x000000076b800000,0x00000007aaf80000)
  from space 13824K, 1% used [0x00000007abe00000,0x00000007abe38000,0x00000007acb80000)
  to   space 14336K, 0% used [0x00000007aaf80000,0x00000007aaf80000,0x00000007abd80000)
 ParOldGen       total 173568K, used 36649K [0x00000006c2800000, 0x00000006cd180000, 0x000000076b800000)
  object space 173568K, 21% used [0x00000006c2800000,0x00000006c4bca4d0,0x00000006cd180000)
 Metaspace       used 8300K, capacity 8710K, committed 8960K, reserved 1056768K
  class space    used 659K, capacity 690K, committed 768K, reserved 1048576K
}

