# JRE version: Java(TM) SE Runtime Environment (8.0_65-b17) (build 1.8.0_65-b17)
# Java VM: Java HotSpot(TM) 64-Bit Server VM (25.65-b01 mixed mode windows-amd64 compressed oops)
Heap:
 PSYoungGen      total 828928K, used 214616K [0x000000076b800000, 0x00000007bde80000, 0x00000007c0000000)
  eden space 828416K, 25% used [0x000000076b800000,0x000000077895e070,0x000000079e100000)
  from space 512K, 43% used [0x00000007bde00000,0x00000007bde38000,0x00000007bde80000)
  to   space 10240K, 0% used [0x00000007bca80000,0x00000007bca80000,0x00000007bd480000)
 ParOldGen       total 173568K, used 32025K [0x00000006c2800000, 0x00000006cd180000, 0x000000076b800000)
  object space 173568K, 18% used [0x00000006c2800000,0x00000006c4746768,0x00000006cd180000)
 Metaspace       used 8342K, capacity 8710K, committed 8960K, reserved 1056768K
  class space    used 659K, capacity 690K, committed 768K, reserved 1048576K
GC Heap History (10 events):
Event: 4.540 GC heap before
{Heap before GC invocations=16 (full 0):
 PSYoungGen      total 1063936K, used 1050848K [0x000000076b800000, 0x00000007bff80000, 0x00000007c0000000)
  eden space 1050624K, 100% used [0x000000076b800000,0x00000007aba00000,0x00000007aba00000)
  from space 13312K, 1% used [0x00000007aba00000,0x00000007aba38000,0x00000007ac700000)
  to   space 12800K, 0% used [0x00000007bf300000,0x00000007bf300000,0x00000007bff80000)
 ParOldGen       total 173568K, used 32017K [0x00000006c2800000, 0x00000006cd180000, 0x000000076b800000)
  object space 173568K, 18% used [0x00000006c2800000,0x00000006c4744768,0x00000006cd180000)
 Metaspace       used 8328K, capacity 8710K, committed 8960K, reserved 1056768K
  class space    used 659K, capacity 690K, committed 768K, reserved 1048576K
Event: 4.541 GC heap after
Heap after GC invocations=16 (full 0):
 PSYoungGen      total 1001984K, used 192K [0x000000076b800000, 0x00000007bf380000, 0x00000007c0000000)
  eden space 1001472K, 0% used [0x000000076b800000,0x000000076b800000,0x00000007a8a00000)
  from space 512K, 37% used [0x00000007bf300000,0x00000007bf330000,0x00000007bf380000)
  to   space 12288K, 0% used [0x00000007bdb80000,0x00000007bdb80000,0x00000007be780000)
 ParOldGen       total 173568K, used 32017K [0x00000006c2800000, 0x00000006cd180000, 0x000000076b800000)
  object space 173568K, 18% used [0x00000006c2800000,0x00000006c4744768,0x00000006cd180000)
 Metaspace       used 8328K, capacity 8710K, committed 8960K, reserved 1056768K
  class space    used 659K, capacity 690K, committed 768K, reserved 1048576K
}
Event: 5.398 GC heap before
{Heap before GC invocations=17 (full 0):
 PSYoungGen      total 1001984K, used 1001664K [0x000000076b800000, 0x00000007bf380000, 0x00000007c0000000)
  eden space 1001472K, 100% used [0x000000076b800000,0x00000007a8a00000,0x00000007a8a00000)
  from space 512K, 37% used [0x00000007bf300000,0x00000007bf330000,0x00000007bf380000)
  to   space 12288K, 0% used [0x00000007bdb80000,0x00000007bdb80000,0x00000007be780000)
 ParOldGen       total 173568K, used 32017K [0x00000006c2800000, 0x00000006cd180000, 0x000000076b800000)
  object space 173568K, 18% used [0x00000006c2800000,0x00000006c4744768,0x00000006cd180000)
 Metaspace       used 8336K, capacity 8710K, committed 8960K, reserved 1056768K
  class space    used 659K, capacity 690K, committed 768K, reserved 1048576K
Event: 5.398 GC heap after
Heap after GC invocations=17 (full 0):
 PSYoungGen      total 967168K, used 224K [0x000000076b800000, 0x00000007bf380000, 0x00000007c0000000)
  eden space 954880K, 0% used [0x000000076b800000,0x000000076b800000,0x00000007a5c80000)
  from space 12288K, 1% used [0x00000007bdb80000,0x00000007bdbb8000,0x00000007be780000)
  to   space 11776K, 0% used [0x00000007be800000,0x00000007be800000,0x00000007bf380000)
 ParOldGen       total 173568K, used 32017K [0x00000006c2800000, 0x00000006cd180000, 0x000000076b800000)
  object space 173568K, 18% used [0x00000006c2800000,0x00000006c4744768,0x00000006cd180000)
 Metaspace       used 8336K, capacity 8710K, committed 8960K, reserved 1056768K
  class space    used 659K, capacity 690K, committed 768K, reserved 1048576K
}
Event: 6.106 GC heap before
{Heap before GC invocations=18 (full 0):
 PSYoungGen      total 967168K, used 955104K [0x000000076b800000, 0x00000007bf380000, 0x00000007c0000000)
  eden space 954880K, 100% used [0x000000076b800000,0x00000007a5c80000,0x00000007a5c80000)
  from space 12288K, 1% used [0x00000007bdb80000,0x00000007bdbb8000,0x00000007be780000)
  to   space 11776K, 0% used [0x00000007be800000,0x00000007be800000,0x00000007bf380000)
 ParOldGen       total 173568K, used 32017K [0x00000006c2800000, 0x00000006cd180000, 0x000000076b800000)
  object space 173568K, 18% used [0x00000006c2800000,0x00000006c4744768,0x00000006cd180000)
 Metaspace       used 8341K, capacity 8710K, committed 8960K, reserved 1056768K
  class space    used 659K, capacity 690K, committed 768K, reserved 1048576K
Event: 6.107 GC heap after
Heap after GC invocations=18 (full 0):
 PSYoungGen      total 910848K, used 224K [0x000000076b800000, 0x00000007be880000, 0x00000007c0000000)
  eden space 910336K, 0% used [0x000000076b800000,0x000000076b800000,0x00000007a3100000)
  from space 512K, 43% used [0x00000007be800000,0x00000007be838000,0x00000007be880000)
  to   space 11264K, 0% used [0x00000007bd280000,0x00000007bd280000,0x00000007bdd80000)
 ParOldGen       total 173568K, used 32017K [0x00000006c2800000, 0x00000006cd180000, 0x000000076b800000)
  object space 173568K, 18% used [0x00000006c2800000,0x00000006c4744768,0x00000006cd180000)
 Metaspace       used 8341K, capacity 8710K, committed 8960K, reserved 1056768K
  class space    used 659K, capacity 690K, committed 768K, reserved 1048576K
}
Event: 6.791 GC heap before
{Heap before GC invocations=19 (full 0):
 PSYoungGen      total 910848K, used 910560K [0x000000076b800000, 0x00000007be880000, 0x00000007c0000000)
  eden space 910336K, 100% used [0x000000076b800000,0x00000007a3100000,0x00000007a3100000)
  from space 512K, 43% used [0x00000007be800000,0x00000007be838000,0x00000007be880000)
  to   space 11264K, 0% used [0x00000007bd280000,0x00000007bd280000,0x00000007bdd80000)
 ParOldGen       total 173568K, used 32017K [0x00000006c2800000, 0x00000006cd180000, 0x000000076b800000)
  object space 173568K, 18% used [0x00000006c2800000,0x00000006c4744768,0x00000006cd180000)
 Metaspace       used 8341K, capacity 8710K, committed 8960K, reserved 1056768K
  class space    used 659K, capacity 690K, committed 768K, reserved 1048576K
Event: 6.792 GC heap after
Heap after GC invocations=19 (full 0):
 PSYoungGen      total 879616K, used 192K [0x000000076b800000, 0x00000007be880000, 0x00000007c0000000)
  eden space 868352K, 0% used [0x000000076b800000,0x000000076b800000,0x00000007a0800000)
  from space 11264K, 1% used [0x00000007bd280000,0x00000007bd2b0000,0x00000007bdd80000)
  to   space 10752K, 0% used [0x00000007bde00000,0x00000007bde00000,0x00000007be880000)
 ParOldGen       total 173568K, used 32025K [0x00000006c2800000, 0x00000006cd180000, 0x000000076b800000)
  object space 173568K, 18% used [0x00000006c2800000,0x00000006c4746768,0x00000006cd180000)
 Metaspace       used 8341K, capacity 8710K, committed 8960K, reserved 1056768K
  class space    used 659K, capacity 690K, committed 768K, reserved 1048576K
}
Event: 7.443 GC heap before
{Heap before GC invocations=20 (full 0):
 PSYoungGen      total 879616K, used 868544K [0x000000076b800000, 0x00000007be880000, 0x00000007c0000000)
  eden space 868352K, 100% used [0x000000076b800000,0x00000007a0800000,0x00000007a0800000)
  from space 11264K, 1% used [0x00000007bd280000,0x00000007bd2b0000,0x00000007bdd80000)
  to   space 10752K, 0% used [0x00000007bde00000,0x00000007bde00000,0x00000007be880000)
 ParOldGen       total 173568K, used 32025K [0x00000006c2800000, 0x00000006cd180000, 0x000000076b800000)
  object space 173568K, 18% used [0x00000006c2800000,0x00000006c4746768,0x00000006cd180000)
 Metaspace       used 8342K, capacity 8710K, committed 8960K, reserved 1056768K
  class space    used 659K, capacity 690K, committed 768K, reserved 1048576K
Event: 7.444 GC heap after
Heap after GC invocations=20 (full 0):
 PSYoungGen      total 828928K, used 224K [0x000000076b800000, 0x00000007bde80000, 0x00000007c0000000)
  eden space 828416K, 0% used [0x000000076b800000,0x000000076b800000,0x000000079e100000)
  from space 512K, 43% used [0x00000007bde00000,0x00000007bde38000,0x00000007bde80000)
  to   space 10240K, 0% used [0x00000007bca80000,0x00000007bca80000,0x00000007bd480000)
 ParOldGen       total 173568K, used 32025K [0x00000006c2800000, 0x00000006cd180000, 0x000000076b800000)
  object space 173568K, 18% used [0x00000006c2800000,0x00000006c4746768,0x00000006cd180000)
 Metaspace       used 8342K, capacity 8710K, committed 8960K, reserved 1056768K
  class space    used 659K, capacity 690K, committed 768K, reserved 1048576K
}

