# JRE version: Java(TM) SE Runtime Environment (8.0_65-b17) (build 1.8.0_65-b17)
# Java VM: Java HotSpot(TM) 64-Bit Server VM (25.65-b01 mixed mode windows-amd64 compressed oops)
Heap:
 PSYoungGen      total 47104K, used 38289K [0x000000076b800000, 0x00000007a3280000, 0x00000007c0000000)
  eden space 46592K, 81% used [0x000000076b800000,0x000000076dd347f0,0x000000076e580000)
  from space 512K, 37% used [0x00000007a3180000,0x00000007a31b0000,0x00000007a3200000)
  to   space 512K, 0% used [0x00000007a3200000,0x00000007a3200000,0x00000007a3280000)
 ParOldGen       total 173568K, used 18313K [0x00000006c2800000, 0x00000006cd180000, 0x000000076b800000)
  object space 173568K, 10% used [0x00000006c2800000,0x00000006c39e2408,0x00000006cd180000)
 Metaspace       used 8392K, capacity 8774K, committed 8960K, reserved 1056768K
  class space    used 662K, capacity 690K, committed 768K, reserved 1048576K
GC Heap History (10 events):
Event: 71.533 GC heap before
{Heap before GC invocations=987 (full 0):
 PSYoungGen      total 51200K, used 50880K [0x000000076b800000, 0x00000007a3280000, 0x00000007c0000000)
  eden space 50688K, 100% used [0x000000076b800000,0x000000076e980000,0x000000076e980000)
  from space 512K, 37% used [0x00000007a3200000,0x00000007a3230000,0x00000007a3280000)
  to   space 512K, 0% used [0x00000007a3180000,0x00000007a3180000,0x00000007a3200000)
 ParOldGen       total 173568K, used 18313K [0x00000006c2800000, 0x00000006cd180000, 0x000000076b800000)
  object space 173568K, 10% used [0x00000006c2800000,0x00000006c39e2408,0x00000006cd180000)
 Metaspace       used 8392K, capacity 8774K, committed 8960K, reserved 1056768K
  class space    used 662K, capacity 690K, committed 768K, reserved 1048576K
Event: 71.533 GC heap after
Heap after GC invocations=987 (full 0):
 PSYoungGen      total 50176K, used 224K [0x000000076b800000, 0x00000007a3280000, 0x00000007c0000000)
  eden space 49664K, 0% used [0x000000076b800000,0x000000076b800000,0x000000076e880000)
  from space 512K, 43% used [0x00000007a3180000,0x00000007a31b8000,0x00000007a3200000)
  to   space 512K, 0% used [0x00000007a3200000,0x00000007a3200000,0x00000007a3280000)
 ParOldGen       total 173568K, used 18313K [0x00000006c2800000, 0x00000006cd180000, 0x000000076b800000)
  object space 173568K, 10% used [0x00000006c2800000,0x00000006c39e2408,0x00000006cd180000)
 Metaspace       used 8392K, capacity 8774K, committed 8960K, reserved 1056768K
  class space    used 662K, capacity 690K, committed 768K, reserved 1048576K
}
Event: 71.587 GC heap before
{Heap before GC invocations=988 (full 0):
 PSYoungGen      total 50176K, used 49888K [0x000000076b800000, 0x00000007a3280000, 0x00000007c0000000)
  eden space 49664K, 100% used [0x000000076b800000,0x000000076e880000,0x000000076e880000)
  from space 512K, 43% used [0x00000007a3180000,0x00000007a31b8000,0x00000007a3200000)
  to   space 512K, 0% used [0x00000007a3200000,0x00000007a3200000,0x00000007a3280000)
 ParOldGen       total 173568K, used 18313K [0x00000006c2800000, 0x00000006cd180000, 0x000000076b800000)
  object space 173568K, 10% used [0x00000006c2800000,0x00000006c39e2408,0x00000006cd180000)
 Metaspace       used 8392K, capacity 8774K, committed 8960K, reserved 1056768K
  class space    used 662K, capacity 690K, committed 768K, reserved 1048576K
Event: 71.587 GC heap after
Heap after GC invocations=988 (full 0):
 PSYoungGen      total 49152K, used 224K [0x000000076b800000, 0x00000007a3280000, 0x00000007c0000000)
  eden space 48640K, 0% used [0x000000076b800000,0x000000076b800000,0x000000076e780000)
  from space 512K, 43% used [0x00000007a3200000,0x00000007a3238000,0x00000007a3280000)
  to   space 512K, 0% used [0x00000007a3180000,0x00000007a3180000,0x00000007a3200000)
 ParOldGen       total 173568K, used 18313K [0x00000006c2800000, 0x00000006cd180000, 0x000000076b800000)
  object space 173568K, 10% used [0x00000006c2800000,0x00000006c39e2408,0x00000006cd180000)
 Metaspace       used 8392K, capacity 8774K, committed 8960K, reserved 1056768K
  class space    used 662K, capacity 690K, committed 768K, reserved 1048576K
}
Event: 71.648 GC heap before
{Heap before GC invocations=989 (full 0):
 PSYoungGen      total 49152K, used 48864K [0x000000076b800000, 0x00000007a3280000, 0x00000007c0000000)
  eden space 48640K, 100% used [0x000000076b800000,0x000000076e780000,0x000000076e780000)
  from space 512K, 43% used [0x00000007a3200000,0x00000007a3238000,0x00000007a3280000)
  to   space 512K, 0% used [0x00000007a3180000,0x00000007a3180000,0x00000007a3200000)
 ParOldGen       total 173568K, used 18313K [0x00000006c2800000, 0x00000006cd180000, 0x000000076b800000)
  object space 173568K, 10% used [0x00000006c2800000,0x00000006c39e2408,0x00000006cd180000)
 Metaspace       used 8392K, capacity 8774K, committed 8960K, reserved 1056768K
  class space    used 662K, capacity 690K, committed 768K, reserved 1048576K
Event: 71.649 GC heap after
Heap after GC invocations=989 (full 0):
 PSYoungGen      total 48128K, used 224K [0x000000076b800000, 0x00000007a3280000, 0x00000007c0000000)
  eden space 47616K, 0% used [0x000000076b800000,0x000000076b800000,0x000000076e680000)
  from space 512K, 43% used [0x00000007a3180000,0x00000007a31b8000,0x00000007a3200000)
  to   space 512K, 0% used [0x00000007a3200000,0x00000007a3200000,0x00000007a3280000)
 ParOldGen       total 173568K, used 18313K [0x00000006c2800000, 0x00000006cd180000, 0x000000076b800000)
  object space 173568K, 10% used [0x00000006c2800000,0x00000006c39e2408,0x00000006cd180000)
 Metaspace       used 8392K, capacity 8774K, committed 8960K, reserved 1056768K
  class space    used 662K, capacity 690K, committed 768K, reserved 1048576K
}
Event: 71.702 GC heap before
{Heap before GC invocations=990 (full 0):
 PSYoungGen      total 48128K, used 47840K [0x000000076b800000, 0x00000007a3280000, 0x00000007c0000000)
  eden space 47616K, 100% used [0x000000076b800000,0x000000076e680000,0x000000076e680000)
  from space 512K, 43% used [0x00000007a3180000,0x00000007a31b8000,0x00000007a3200000)
  to   space 512K, 0% used [0x00000007a3200000,0x00000007a3200000,0x00000007a3280000)
 ParOldGen       total 173568K, used 18313K [0x00000006c2800000, 0x00000006cd180000, 0x000000076b800000)
  object space 173568K, 10% used [0x00000006c2800000,0x00000006c39e2408,0x00000006cd180000)
 Metaspace       used 8392K, capacity 8774K, committed 8960K, reserved 1056768K
  class space    used 662K, capacity 690K, committed 768K, reserved 1048576K
Event: 71.702 GC heap after
Heap after GC invocations=990 (full 0):
 PSYoungGen      total 47616K, used 192K [0x000000076b800000, 0x00000007a3280000, 0x00000007c0000000)
  eden space 47104K, 0% used [0x000000076b800000,0x000000076b800000,0x000000076e600000)
  from space 512K, 37% used [0x00000007a3200000,0x00000007a3230000,0x00000007a3280000)
  to   space 512K, 0% used [0x00000007a3180000,0x00000007a3180000,0x00000007a3200000)
 ParOldGen       total 173568K, used 18313K [0x00000006c2800000, 0x00000006cd180000, 0x000000076b800000)
  object space 173568K, 10% used [0x00000006c2800000,0x00000006c39e2408,0x00000006cd180000)
 Metaspace       used 8392K, capacity 8774K, committed 8960K, reserved 1056768K
  class space    used 662K, capacity 690K, committed 768K, reserved 1048576K
}
Event: 71.755 GC heap before
{Heap before GC invocations=991 (full 0):
 PSYoungGen      total 47616K, used 47296K [0x000000076b800000, 0x00000007a3280000, 0x00000007c0000000)
  eden space 47104K, 100% used [0x000000076b800000,0x000000076e600000,0x000000076e600000)
  from space 512K, 37% used [0x00000007a3200000,0x00000007a3230000,0x00000007a3280000)
  to   space 512K, 0% used [0x00000007a3180000,0x00000007a3180000,0x00000007a3200000)
 ParOldGen       total 173568K, used 18313K [0x00000006c2800000, 0x00000006cd180000, 0x000000076b800000)
  object space 173568K, 10% used [0x00000006c2800000,0x00000006c39e2408,0x00000006cd180000)
 Metaspace       used 8392K, capacity 8774K, committed 8960K, reserved 1056768K
  class space    used 662K, capacity 690K, committed 768K, reserved 1048576K
Event: 71.756 GC heap after
Heap after GC invocations=991 (full 0):
 PSYoungGen      total 47104K, used 192K [0x000000076b800000, 0x00000007a3280000, 0x00000007c0000000)
  eden space 46592K, 0% used [0x000000076b800000,0x000000076b800000,0x000000076e580000)
  from space 512K, 37% used [0x00000007a3180000,0x00000007a31b0000,0x00000007a3200000)
  to   space 512K, 0% used [0x00000007a3200000,0x00000007a3200000,0x00000007a3280000)
 ParOldGen       total 173568K, used 18313K [0x00000006c2800000, 0x00000006cd180000, 0x000000076b800000)
  object space 173568K, 10% used [0x00000006c2800000,0x00000006c39e2408,0x00000006cd180000)
 Metaspace       used 8392K, capacity 8774K, committed 8960K, reserved 1056768K
  class space    used 662K, capacity 690K, committed 768K, reserved 1048576K
}

