# JRE version: Java(TM) SE Runtime Environment (8.0_65-b17) (build 1.8.0_65-b17)
# Java VM: Java HotSpot(TM) 64-Bit Server VM (25.65-b01 mixed mode windows-amd64 compressed oops)
Heap:
 PSYoungGen      total 68608K, used 8267K [0x000000076b800000, 0x00000007b8900000, 0x00000007c0000000)
  eden space 68096K, 11% used [0x000000076b800000,0x000000076bff2d40,0x000000076fa80000)
  from space 512K, 25% used [0x00000007b8880000,0x00000007b88a0000,0x00000007b8900000)
  to   space 512K, 0% used [0x00000007b8800000,0x00000007b8800000,0x00000007b8880000)
 ParOldGen       total 173568K, used 17430K [0x00000006c2800000, 0x00000006cd180000, 0x000000076b800000)
  object space 173568K, 10% used [0x00000006c2800000,0x00000006c3905b70,0x00000006cd180000)
 Metaspace       used 8407K, capacity 8774K, committed 8960K, reserved 1056768K
  class space    used 662K, capacity 690K, committed 768K, reserved 1048576K
GC Heap History (10 events):
Event: 91.910 GC heap before
{Heap before GC invocations=1076 (full 0):
 PSYoungGen      total 76800K, used 76512K [0x000000076b800000, 0x00000007b8900000, 0x00000007c0000000)
  eden space 76288K, 100% used [0x000000076b800000,0x0000000770280000,0x0000000770280000)
  from space 512K, 43% used [0x00000007b8800000,0x00000007b8838000,0x00000007b8880000)
  to   space 512K, 0% used [0x00000007b8880000,0x00000007b8880000,0x00000007b8900000)
 ParOldGen       total 173568K, used 17430K [0x00000006c2800000, 0x00000006cd180000, 0x000000076b800000)
  object space 173568K, 10% used [0x00000006c2800000,0x00000006c3905b70,0x00000006cd180000)
 Metaspace       used 8407K, capacity 8774K, committed 8960K, reserved 1056768K
  class space    used 662K, capacity 690K, committed 768K, reserved 1048576K
Event: 91.911 GC heap after
Heap after GC invocations=1076 (full 0):
 PSYoungGen      total 74752K, used 192K [0x000000076b800000, 0x00000007b8900000, 0x00000007c0000000)
  eden space 74240K, 0% used [0x000000076b800000,0x000000076b800000,0x0000000770080000)
  from space 512K, 37% used [0x00000007b8880000,0x00000007b88b0000,0x00000007b8900000)
  to   space 512K, 0% used [0x00000007b8800000,0x00000007b8800000,0x00000007b8880000)
 ParOldGen       total 173568K, used 17430K [0x00000006c2800000, 0x00000006cd180000, 0x000000076b800000)
  object space 173568K, 10% used [0x00000006c2800000,0x00000006c3905b70,0x00000006cd180000)
 Metaspace       used 8407K, capacity 8774K, committed 8960K, reserved 1056768K
  class space    used 662K, capacity 690K, committed 768K, reserved 1048576K
}
Event: 91.968 GC heap before
{Heap before GC invocations=1077 (full 0):
 PSYoungGen      total 74752K, used 74432K [0x000000076b800000, 0x00000007b8900000, 0x00000007c0000000)
  eden space 74240K, 100% used [0x000000076b800000,0x0000000770080000,0x0000000770080000)
  from space 512K, 37% used [0x00000007b8880000,0x00000007b88b0000,0x00000007b8900000)
  to   space 512K, 0% used [0x00000007b8800000,0x00000007b8800000,0x00000007b8880000)
 ParOldGen       total 173568K, used 17430K [0x00000006c2800000, 0x00000006cd180000, 0x000000076b800000)
  object space 173568K, 10% used [0x00000006c2800000,0x00000006c3905b70,0x00000006cd180000)
 Metaspace       used 8407K, capacity 8774K, committed 8960K, reserved 1056768K
  class space    used 662K, capacity 690K, committed 768K, reserved 1048576K
Event: 91.968 GC heap after
Heap after GC invocations=1077 (full 0):
 PSYoungGen      total 73216K, used 224K [0x000000076b800000, 0x00000007b8900000, 0x00000007c0000000)
  eden space 72704K, 0% used [0x000000076b800000,0x000000076b800000,0x000000076ff00000)
  from space 512K, 43% used [0x00000007b8800000,0x00000007b8838000,0x00000007b8880000)
  to   space 512K, 0% used [0x00000007b8880000,0x00000007b8880000,0x00000007b8900000)
 ParOldGen       total 173568K, used 17430K [0x00000006c2800000, 0x00000006cd180000, 0x000000076b800000)
  object space 173568K, 10% used [0x00000006c2800000,0x00000006c3905b70,0x00000006cd180000)
 Metaspace       used 8407K, capacity 8774K, committed 8960K, reserved 1056768K
  class space    used 662K, capacity 690K, committed 768K, reserved 1048576K
}
Event: 92.054 GC heap before
{Heap before GC invocations=1078 (full 0):
 PSYoungGen      total 73216K, used 72928K [0x000000076b800000, 0x00000007b8900000, 0x00000007c0000000)
  eden space 72704K, 100% used [0x000000076b800000,0x000000076ff00000,0x000000076ff00000)
  from space 512K, 43% used [0x00000007b8800000,0x00000007b8838000,0x00000007b8880000)
  to   space 512K, 0% used [0x00000007b8880000,0x00000007b8880000,0x00000007b8900000)
 ParOldGen       total 173568K, used 17430K [0x00000006c2800000, 0x00000006cd180000, 0x000000076b800000)
  object space 173568K, 10% used [0x00000006c2800000,0x00000006c3905b70,0x00000006cd180000)
 Metaspace       used 8407K, capacity 8774K, committed 8960K, reserved 1056768K
  class space    used 662K, capacity 690K, committed 768K, reserved 1048576K
Event: 92.054 GC heap after
Heap after GC invocations=1078 (full 0):
 PSYoungGen      total 71680K, used 224K [0x000000076b800000, 0x00000007b8900000, 0x00000007c0000000)
  eden space 71168K, 0% used [0x000000076b800000,0x000000076b800000,0x000000076fd80000)
  from space 512K, 43% used [0x00000007b8880000,0x00000007b88b8000,0x00000007b8900000)
  to   space 512K, 0% used [0x00000007b8800000,0x00000007b8800000,0x00000007b8880000)
 ParOldGen       total 173568K, used 17430K [0x00000006c2800000, 0x00000006cd180000, 0x000000076b800000)
  object space 173568K, 10% used [0x00000006c2800000,0x00000006c3905b70,0x00000006cd180000)
 Metaspace       used 8407K, capacity 8774K, committed 8960K, reserved 1056768K
  class space    used 662K, capacity 690K, committed 768K, reserved 1048576K
}
Event: 92.140 GC heap before
{Heap before GC invocations=1079 (full 0):
 PSYoungGen      total 71680K, used 71392K [0x000000076b800000, 0x00000007b8900000, 0x00000007c0000000)
  eden space 71168K, 100% used [0x000000076b800000,0x000000076fd80000,0x000000076fd80000)
  from space 512K, 43% used [0x00000007b8880000,0x00000007b88b8000,0x00000007b8900000)
  to   space 512K, 0% used [0x00000007b8800000,0x00000007b8800000,0x00000007b8880000)
 ParOldGen       total 173568K, used 17430K [0x00000006c2800000, 0x00000006cd180000, 0x000000076b800000)
  object space 173568K, 10% used [0x00000006c2800000,0x00000006c3905b70,0x00000006cd180000)
 Metaspace       used 8407K, capacity 8774K, committed 8960K, reserved 1056768K
  class space    used 662K, capacity 690K, committed 768K, reserved 1048576K
Event: 92.140 GC heap after
Heap after GC invocations=1079 (full 0):
 PSYoungGen      total 70144K, used 224K [0x000000076b800000, 0x00000007b8900000, 0x00000007c0000000)
  eden space 69632K, 0% used [0x000000076b800000,0x000000076b800000,0x000000076fc00000)
  from space 512K, 43% used [0x00000007b8800000,0x00000007b8838000,0x00000007b8880000)
  to   space 512K, 0% used [0x00000007b8880000,0x00000007b8880000,0x00000007b8900000)
 ParOldGen       total 173568K, used 17430K [0x00000006c2800000, 0x00000006cd180000, 0x000000076b800000)
  object space 173568K, 10% used [0x00000006c2800000,0x00000006c3905b70,0x00000006cd180000)
 Metaspace       used 8407K, capacity 8774K, committed 8960K, reserved 1056768K
  class space    used 662K, capacity 690K, committed 768K, reserved 1048576K
}
Event: 92.216 GC heap before
{Heap before GC invocations=1080 (full 0):
 PSYoungGen      total 70144K, used 69856K [0x000000076b800000, 0x00000007b8900000, 0x00000007c0000000)
  eden space 69632K, 100% used [0x000000076b800000,0x000000076fc00000,0x000000076fc00000)
  from space 512K, 43% used [0x00000007b8800000,0x00000007b8838000,0x00000007b8880000)
  to   space 512K, 0% used [0x00000007b8880000,0x00000007b8880000,0x00000007b8900000)
 ParOldGen       total 173568K, used 17430K [0x00000006c2800000, 0x00000006cd180000, 0x000000076b800000)
  object space 173568K, 10% used [0x00000006c2800000,0x00000006c3905b70,0x00000006cd180000)
 Metaspace       used 8407K, capacity 8774K, committed 8960K, reserved 1056768K
  class space    used 662K, capacity 690K, committed 768K, reserved 1048576K
Event: 92.217 GC heap after
Heap after GC invocations=1080 (full 0):
 PSYoungGen      total 68608K, used 128K [0x000000076b800000, 0x00000007b8900000, 0x00000007c0000000)
  eden space 68096K, 0% used [0x000000076b800000,0x000000076b800000,0x000000076fa80000)
  from space 512K, 25% used [0x00000007b8880000,0x00000007b88a0000,0x00000007b8900000)
  to   space 512K, 0% used [0x00000007b8800000,0x00000007b8800000,0x00000007b8880000)
 ParOldGen       total 173568K, used 17430K [0x00000006c2800000, 0x00000006cd180000, 0x000000076b800000)
  object space 173568K, 10% used [0x00000006c2800000,0x00000006c3905b70,0x00000006cd180000)
 Metaspace       used 8407K, capacity 8774K, committed 8960K, reserved 1056768K
  class space    used 662K, capacity 690K, committed 768K, reserved 1048576K
}

