# JRE version: Java(TM) SE Runtime Environment (8.0_65-b17) (build 1.8.0_65-b17)
# Java VM: Java HotSpot(TM) 64-Bit Server VM (25.65-b01 mixed mode windows-amd64 compressed oops)
Heap:
 PSYoungGen      total 524288K, used 342386K [0x000000076b800000, 0x000000078bc00000, 0x00000007c0000000)
  eden space 520192K, 65% used [0x000000076b800000,0x0000000780634988,0x000000078b400000)
  from space 4096K, 3% used [0x000000078b800000,0x000000078b828000,0x000000078bc00000)
  to   space 4096K, 0% used [0x000000078b400000,0x000000078b400000,0x000000078b800000)
 ParOldGen       total 173568K, used 1180K [0x00000006c2800000, 0x00000006cd180000, 0x000000076b800000)
  object space 173568K, 0% used [0x00000006c2800000,0x00000006c2927060,0x00000006cd180000)
 Metaspace       used 8273K, capacity 8678K, committed 8960K, reserved 1056768K
  class space    used 678K, capacity 722K, committed 768K, reserved 1048576K
GC Heap History (10 events):
Event: 0.878 GC heap before
{Heap before GC invocations=4 (full 0):
 PSYoungGen      total 75776K, used 66320K [0x000000076b800000, 0x0000000774c00000, 0x00000007c0000000)
  eden space 65024K, 100% used [0x000000076b800000,0x000000076f780000,0x000000076f780000)
  from space 10752K, 12% used [0x000000076f780000,0x000000076f8c4010,0x0000000770200000)
  to   space 10752K, 0% used [0x0000000774180000,0x0000000774180000,0x0000000774c00000)
 ParOldGen       total 173568K, used 24K [0x00000006c2800000, 0x00000006cd180000, 0x000000076b800000)
  object space 173568K, 0% used [0x00000006c2800000,0x00000006c2806000,0x00000006cd180000)
 Metaspace       used 8257K, capacity 8614K, committed 8704K, reserved 1056768K
  class space    used 678K, capacity 722K, committed 768K, reserved 1048576K
Event: 0.879 GC heap after
Heap after GC invocations=4 (full 0):
 PSYoungGen      total 140800K, used 1200K [0x000000076b800000, 0x0000000774c00000, 0x00000007c0000000)
  eden space 130048K, 0% used [0x000000076b800000,0x000000076b800000,0x0000000773700000)
  from space 10752K, 11% used [0x0000000774180000,0x00000007742ac010,0x0000000774c00000)
  to   space 10752K, 0% used [0x0000000773700000,0x0000000773700000,0x0000000774180000)
 ParOldGen       total 173568K, used 24K [0x00000006c2800000, 0x00000006cd180000, 0x000000076b800000)
  object space 173568K, 0% used [0x00000006c2800000,0x00000006c2806000,0x00000006cd180000)
 Metaspace       used 8257K, capacity 8614K, committed 8704K, reserved 1056768K
  class space    used 678K, capacity 722K, committed 768K, reserved 1048576K
}
Event: 0.981 GC heap before
{Heap before GC invocations=5 (full 0):
 PSYoungGen      total 140800K, used 131248K [0x000000076b800000, 0x0000000774c00000, 0x00000007c0000000)
  eden space 130048K, 100% used [0x000000076b800000,0x0000000773700000,0x0000000773700000)
  from space 10752K, 11% used [0x0000000774180000,0x00000007742ac010,0x0000000774c00000)
  to   space 10752K, 0% used [0x0000000773700000,0x0000000773700000,0x0000000774180000)
 ParOldGen       total 173568K, used 24K [0x00000006c2800000, 0x00000006cd180000, 0x000000076b800000)
  object space 173568K, 0% used [0x00000006c2800000,0x00000006c2806000,0x00000006cd180000)
 Metaspace       used 8259K, capacity 8678K, committed 8960K, reserved 1056768K
  class space    used 678K, capacity 722K, committed 768K, reserved 1048576K
Event: 0.982 GC heap after
Heap after GC invocations=5 (full 0):
 PSYoungGen      total 140800K, used 1216K [0x000000076b800000, 0x000000077be00000, 0x00000007c0000000)
  eden space 130048K, 0% used [0x000000076b800000,0x000000076b800000,0x0000000773700000)
  from space 10752K, 11% used [0x0000000773700000,0x0000000773830000,0x0000000774180000)
  to   space 4096K, 0% used [0x000000077ba00000,0x000000077ba00000,0x000000077be00000)
 ParOldGen       total 173568K, used 32K [0x00000006c2800000, 0x00000006cd180000, 0x000000076b800000)
  object space 173568K, 0% used [0x00000006c2800000,0x00000006c2808000,0x00000006cd180000)
 Metaspace       used 8259K, capacity 8678K, committed 8960K, reserved 1056768K
  class space    used 678K, capacity 722K, committed 768K, reserved 1048576K
}
Event: 1.038 GC heap before
{Heap before GC invocations=6 (full 0):
 PSYoungGen      total 140800K, used 131264K [0x000000076b800000, 0x000000077be00000, 0x00000007c0000000)
  eden space 130048K, 100% used [0x000000076b800000,0x0000000773700000,0x0000000773700000)
  from space 10752K, 11% used [0x0000000773700000,0x0000000773830000,0x0000000774180000)
  to   space 4096K, 0% used [0x000000077ba00000,0x000000077ba00000,0x000000077be00000)
 ParOldGen       total 173568K, used 32K [0x00000006c2800000, 0x00000006cd180000, 0x000000076b800000)
  object space 173568K, 0% used [0x00000006c2800000,0x00000006c2808000,0x00000006cd180000)
 Metaspace       used 8259K, capacity 8678K, committed 8960K, reserved 1056768K
  class space    used 678K, capacity 722K, committed 768K, reserved 1048576K
Event: 1.039 GC heap after
Heap after GC invocations=6 (full 0):
 PSYoungGen      total 263168K, used 1216K [0x000000076b800000, 0x000000077bd00000, 0x00000007c0000000)
  eden space 260096K, 0% used [0x000000076b800000,0x000000076b800000,0x000000077b600000)
  from space 3072K, 39% used [0x000000077ba00000,0x000000077bb30000,0x000000077bd00000)
  to   space 3584K, 0% used [0x000000077b600000,0x000000077b600000,0x000000077b980000)
 ParOldGen       total 173568K, used 32K [0x00000006c2800000, 0x00000006cd180000, 0x000000076b800000)
  object space 173568K, 0% used [0x00000006c2800000,0x00000006c2808000,0x00000006cd180000)
 Metaspace       used 8259K, capacity 8678K, committed 8960K, reserved 1056768K
  class space    used 678K, capacity 722K, committed 768K, reserved 1048576K
}
Event: 1.248 GC heap before
{Heap before GC invocations=7 (full 0):
 PSYoungGen      total 263168K, used 261312K [0x000000076b800000, 0x000000077bd00000, 0x00000007c0000000)
  eden space 260096K, 100% used [0x000000076b800000,0x000000077b600000,0x000000077b600000)
  from space 3072K, 39% used [0x000000077ba00000,0x000000077bb30000,0x000000077bd00000)
  to   space 3584K, 0% used [0x000000077b600000,0x000000077b600000,0x000000077b980000)
 ParOldGen       total 173568K, used 32K [0x00000006c2800000, 0x00000006cd180000, 0x000000076b800000)
  object space 173568K, 0% used [0x00000006c2800000,0x00000006c2808000,0x00000006cd180000)
 Metaspace       used 8262K, capacity 8678K, committed 8960K, reserved 1056768K
  class space    used 678K, capacity 722K, committed 768K, reserved 1048576K
Event: 1.250 GC heap after
Heap after GC invocations=7 (full 0):
 PSYoungGen      total 263680K, used 96K [0x000000076b800000, 0x000000078bc00000, 0x00000007c0000000)
  eden space 260096K, 0% used [0x000000076b800000,0x000000076b800000,0x000000077b600000)
  from space 3584K, 2% used [0x000000077b600000,0x000000077b618000,0x000000077b980000)
  to   space 4096K, 0% used [0x000000078b800000,0x000000078b800000,0x000000078bc00000)
 ParOldGen       total 173568K, used 1180K [0x00000006c2800000, 0x00000006cd180000, 0x000000076b800000)
  object space 173568K, 0% used [0x00000006c2800000,0x00000006c2927060,0x00000006cd180000)
 Metaspace       used 8262K, capacity 8678K, committed 8960K, reserved 1056768K
  class space    used 678K, capacity 722K, committed 768K, reserved 1048576K
}
Event: 1.370 GC heap before
{Heap before GC invocations=8 (full 0):
 PSYoungGen      total 263680K, used 260192K [0x000000076b800000, 0x000000078bc00000, 0x00000007c0000000)
  eden space 260096K, 100% used [0x000000076b800000,0x000000077b600000,0x000000077b600000)
  from space 3584K, 2% used [0x000000077b600000,0x000000077b618000,0x000000077b980000)
  to   space 4096K, 0% used [0x000000078b800000,0x000000078b800000,0x000000078bc00000)
 ParOldGen       total 173568K, used 1180K [0x00000006c2800000, 0x00000006cd180000, 0x000000076b800000)
  object space 173568K, 0% used [0x00000006c2800000,0x00000006c2927060,0x00000006cd180000)
 Metaspace       used 8271K, capacity 8678K, committed 8960K, reserved 1056768K
  class space    used 678K, capacity 722K, committed 768K, reserved 1048576K
Event: 1.370 GC heap after
Heap after GC invocations=8 (full 0):
 PSYoungGen      total 524288K, used 160K [0x000000076b800000, 0x000000078bc00000, 0x00000007c0000000)
  eden space 520192K, 0% used [0x000000076b800000,0x000000076b800000,0x000000078b400000)
  from space 4096K, 3% used [0x000000078b800000,0x000000078b828000,0x000000078bc00000)
  to   space 4096K, 0% used [0x000000078b400000,0x000000078b400000,0x000000078b800000)
 ParOldGen       total 173568K, used 1180K [0x00000006c2800000, 0x00000006cd180000, 0x000000076b800000)
  object space 173568K, 0% used [0x00000006c2800000,0x00000006c2927060,0x00000006cd180000)
 Metaspace       used 8271K, capacity 8678K, committed 8960K, reserved 1056768K
  class space    used 678K, capacity 722K, committed 768K, reserved 1048576K
}

