# JRE version: Java(TM) SE Runtime Environment (8.0_65-b17) (build 1.8.0_65-b17)
# Java VM: Java HotSpot(TM) 64-Bit Server VM (25.65-b01 mixed mode windows-amd64 compressed oops)
Heap:
 PSYoungGen      total 69120K, used 44271K [0x000000076b800000, 0x000000079cd80000, 0x00000007c0000000)
  eden space 68608K, 64% used [0x000000076b800000,0x000000076e313e58,0x000000076fb00000)
  from space 512K, 31% used [0x000000079cc80000,0x000000079cca8000,0x000000079cd00000)
  to   space 512K, 0% used [0x000000079cd00000,0x000000079cd00000,0x000000079cd80000)
 ParOldGen       total 173568K, used 3416K [0x00000006c2800000, 0x00000006cd180000, 0x000000076b800000)
  object space 173568K, 1% used [0x00000006c2800000,0x00000006c2b56390,0x00000006cd180000)
 Metaspace       used 8402K, capacity 8774K, committed 8960K, reserved 1056768K
  class space    used 662K, capacity 690K, committed 768K, reserved 1048576K
GC Heap History (10 events):
Event: 17.386 GC heap before
{Heap before GC invocations=153 (full 0):
 PSYoungGen      total 77312K, used 76992K [0x000000076b800000, 0x000000079cd80000, 0x00000007c0000000)
  eden space 76800K, 100% used [0x000000076b800000,0x0000000770300000,0x0000000770300000)
  from space 512K, 37% used [0x000000079cd00000,0x000000079cd30000,0x000000079cd80000)
  to   space 512K, 0% used [0x000000079cc80000,0x000000079cc80000,0x000000079cd00000)
 ParOldGen       total 173568K, used 3416K [0x00000006c2800000, 0x00000006cd180000, 0x000000076b800000)
  object space 173568K, 1% used [0x00000006c2800000,0x00000006c2b56390,0x00000006cd180000)
 Metaspace       used 8402K, capacity 8774K, committed 8960K, reserved 1056768K
  class space    used 662K, capacity 690K, committed 768K, reserved 1048576K
Event: 17.386 GC heap after
Heap after GC invocations=153 (full 0):
 PSYoungGen      total 75264K, used 192K [0x000000076b800000, 0x000000079cd80000, 0x00000007c0000000)
  eden space 74752K, 0% used [0x000000076b800000,0x000000076b800000,0x0000000770100000)
  from space 512K, 37% used [0x000000079cc80000,0x000000079ccb0000,0x000000079cd00000)
  to   space 512K, 0% used [0x000000079cd00000,0x000000079cd00000,0x000000079cd80000)
 ParOldGen       total 173568K, used 3416K [0x00000006c2800000, 0x00000006cd180000, 0x000000076b800000)
  object space 173568K, 1% used [0x00000006c2800000,0x00000006c2b56390,0x00000006cd180000)
 Metaspace       used 8402K, capacity 8774K, committed 8960K, reserved 1056768K
  class space    used 662K, capacity 690K, committed 768K, reserved 1048576K
}
Event: 17.465 GC heap before
{Heap before GC invocations=154 (full 0):
 PSYoungGen      total 75264K, used 74944K [0x000000076b800000, 0x000000079cd80000, 0x00000007c0000000)
  eden space 74752K, 100% used [0x000000076b800000,0x0000000770100000,0x0000000770100000)
  from space 512K, 37% used [0x000000079cc80000,0x000000079ccb0000,0x000000079cd00000)
  to   space 512K, 0% used [0x000000079cd00000,0x000000079cd00000,0x000000079cd80000)
 ParOldGen       total 173568K, used 3416K [0x00000006c2800000, 0x00000006cd180000, 0x000000076b800000)
  object space 173568K, 1% used [0x00000006c2800000,0x00000006c2b56390,0x00000006cd180000)
 Metaspace       used 8402K, capacity 8774K, committed 8960K, reserved 1056768K
  class space    used 662K, capacity 690K, committed 768K, reserved 1048576K
Event: 17.465 GC heap after
Heap after GC invocations=154 (full 0):
 PSYoungGen      total 73728K, used 224K [0x000000076b800000, 0x000000079cd80000, 0x00000007c0000000)
  eden space 73216K, 0% used [0x000000076b800000,0x000000076b800000,0x000000076ff80000)
  from space 512K, 43% used [0x000000079cd00000,0x000000079cd38000,0x000000079cd80000)
  to   space 512K, 0% used [0x000000079cc80000,0x000000079cc80000,0x000000079cd00000)
 ParOldGen       total 173568K, used 3416K [0x00000006c2800000, 0x00000006cd180000, 0x000000076b800000)
  object space 173568K, 1% used [0x00000006c2800000,0x00000006c2b56390,0x00000006cd180000)
 Metaspace       used 8402K, capacity 8774K, committed 8960K, reserved 1056768K
  class space    used 662K, capacity 690K, committed 768K, reserved 1048576K
}
Event: 17.540 GC heap before
{Heap before GC invocations=155 (full 0):
 PSYoungGen      total 73728K, used 73440K [0x000000076b800000, 0x000000079cd80000, 0x00000007c0000000)
  eden space 73216K, 100% used [0x000000076b800000,0x000000076ff80000,0x000000076ff80000)
  from space 512K, 43% used [0x000000079cd00000,0x000000079cd38000,0x000000079cd80000)
  to   space 512K, 0% used [0x000000079cc80000,0x000000079cc80000,0x000000079cd00000)
 ParOldGen       total 173568K, used 3416K [0x00000006c2800000, 0x00000006cd180000, 0x000000076b800000)
  object space 173568K, 1% used [0x00000006c2800000,0x00000006c2b56390,0x00000006cd180000)
 Metaspace       used 8402K, capacity 8774K, committed 8960K, reserved 1056768K
  class space    used 662K, capacity 690K, committed 768K, reserved 1048576K
Event: 17.541 GC heap after
Heap after GC invocations=155 (full 0):
 PSYoungGen      total 72192K, used 192K [0x000000076b800000, 0x000000079cd80000, 0x00000007c0000000)
  eden space 71680K, 0% used [0x000000076b800000,0x000000076b800000,0x000000076fe00000)
  from space 512K, 37% used [0x000000079cc80000,0x000000079ccb0000,0x000000079cd00000)
  to   space 512K, 0% used [0x000000079cd00000,0x000000079cd00000,0x000000079cd80000)
 ParOldGen       total 173568K, used 3416K [0x00000006c2800000, 0x00000006cd180000, 0x000000076b800000)
  object space 173568K, 1% used [0x00000006c2800000,0x00000006c2b56390,0x00000006cd180000)
 Metaspace       used 8402K, capacity 8774K, committed 8960K, reserved 1056768K
  class space    used 662K, capacity 690K, committed 768K, reserved 1048576K
}
Event: 17.607 GC heap before
{Heap before GC invocations=156 (full 0):
 PSYoungGen      total 72192K, used 71872K [0x000000076b800000, 0x000000079cd80000, 0x00000007c0000000)
  eden space 71680K, 100% used [0x000000076b800000,0x000000076fe00000,0x000000076fe00000)
  from space 512K, 37% used [0x000000079cc80000,0x000000079ccb0000,0x000000079cd00000)
  to   space 512K, 0% used [0x000000079cd00000,0x000000079cd00000,0x000000079cd80000)
 ParOldGen       total 173568K, used 3416K [0x00000006c2800000, 0x00000006cd180000, 0x000000076b800000)
  object space 173568K, 1% used [0x00000006c2800000,0x00000006c2b56390,0x00000006cd180000)
 Metaspace       used 8402K, capacity 8774K, committed 8960K, reserved 1056768K
  class space    used 662K, capacity 690K, committed 768K, reserved 1048576K
Event: 17.608 GC heap after
Heap after GC invocations=156 (full 0):
 PSYoungGen      total 70656K, used 160K [0x000000076b800000, 0x000000079cd80000, 0x00000007c0000000)
  eden space 70144K, 0% used [0x000000076b800000,0x000000076b800000,0x000000076fc80000)
  from space 512K, 31% used [0x000000079cd00000,0x000000079cd28000,0x000000079cd80000)
  to   space 512K, 0% used [0x000000079cc80000,0x000000079cc80000,0x000000079cd00000)
 ParOldGen       total 173568K, used 3416K [0x00000006c2800000, 0x00000006cd180000, 0x000000076b800000)
  object space 173568K, 1% used [0x00000006c2800000,0x00000006c2b56390,0x00000006cd180000)
 Metaspace       used 8402K, capacity 8774K, committed 8960K, reserved 1056768K
  class space    used 662K, capacity 690K, committed 768K, reserved 1048576K
}
Event: 17.705 GC heap before
{Heap before GC invocations=157 (full 0):
 PSYoungGen      total 70656K, used 70304K [0x000000076b800000, 0x000000079cd80000, 0x00000007c0000000)
  eden space 70144K, 100% used [0x000000076b800000,0x000000076fc80000,0x000000076fc80000)
  from space 512K, 31% used [0x000000079cd00000,0x000000079cd28000,0x000000079cd80000)
  to   space 512K, 0% used [0x000000079cc80000,0x000000079cc80000,0x000000079cd00000)
 ParOldGen       total 173568K, used 3416K [0x00000006c2800000, 0x00000006cd180000, 0x000000076b800000)
  object space 173568K, 1% used [0x00000006c2800000,0x00000006c2b56390,0x00000006cd180000)
 Metaspace       used 8402K, capacity 8774K, committed 8960K, reserved 1056768K
  class space    used 662K, capacity 690K, committed 768K, reserved 1048576K
Event: 17.705 GC heap after
Heap after GC invocations=157 (full 0):
 PSYoungGen      total 69120K, used 160K [0x000000076b800000, 0x000000079cd80000, 0x00000007c0000000)
  eden space 68608K, 0% used [0x000000076b800000,0x000000076b800000,0x000000076fb00000)
  from space 512K, 31% used [0x000000079cc80000,0x000000079cca8000,0x000000079cd00000)
  to   space 512K, 0% used [0x000000079cd00000,0x000000079cd00000,0x000000079cd80000)
 ParOldGen       total 173568K, used 3416K [0x00000006c2800000, 0x00000006cd180000, 0x000000076b800000)
  object space 173568K, 1% used [0x00000006c2800000,0x00000006c2b56390,0x00000006cd180000)
 Metaspace       used 8402K, capacity 8774K, committed 8960K, reserved 1056768K
  class space    used 662K, capacity 690K, committed 768K, reserved 1048576K
}

