# JRE version: Java(TM) SE Runtime Environment (8.0_65-b17) (build 1.8.0_65-b17)
# Java VM: Java HotSpot(TM) 64-Bit Server VM (25.65-b01 mixed mode windows-amd64 compressed oops)
Heap:
 PSYoungGen      total 117760K, used 97522K [0x000000076b800000, 0x0000000783800000, 0x00000007c0000000)
  eden space 117248K, 83% used [0x000000076b800000,0x000000077171ca60,0x0000000772a80000)
  from space 512K, 25% used [0x0000000783780000,0x00000007837a0000,0x0000000783800000)
  to   space 512K, 0% used [0x0000000783700000,0x0000000783700000,0x0000000783780000)
 ParOldGen       total 173568K, used 5183K [0x00000006c2800000, 0x00000006cd180000, 0x000000076b800000)
  object space 173568K, 2% used [0x00000006c2800000,0x00000006c2d0fd30,0x00000006cd180000)
 Metaspace       used 8241K, capacity 8646K, committed 8960K, reserved 1056768K
  class space    used 655K, capacity 690K, committed 768K, reserved 1048576K
GC Heap History (10 events):
Event: 6.439 GC heap before
{Heap before GC invocations=76 (full 0):
 PSYoungGen      total 138240K, used 137920K [0x000000076b800000, 0x0000000783800000, 0x00000007c0000000)
  eden space 137728K, 100% used [0x000000076b800000,0x0000000773e80000,0x0000000773e80000)
  from space 512K, 37% used [0x0000000783700000,0x0000000783730000,0x0000000783780000)
  to   space 512K, 0% used [0x0000000783780000,0x0000000783780000,0x0000000783800000)
 ParOldGen       total 173568K, used 5183K [0x00000006c2800000, 0x00000006cd180000, 0x000000076b800000)
  object space 173568K, 2% used [0x00000006c2800000,0x00000006c2d0fd30,0x00000006cd180000)
 Metaspace       used 8241K, capacity 8646K, committed 8960K, reserved 1056768K
  class space    used 655K, capacity 690K, committed 768K, reserved 1048576K
Event: 6.440 GC heap after
Heap after GC invocations=76 (full 0):
 PSYoungGen      total 133632K, used 192K [0x000000076b800000, 0x0000000783800000, 0x00000007c0000000)
  eden space 133120K, 0% used [0x000000076b800000,0x000000076b800000,0x0000000773a00000)
  from space 512K, 37% used [0x0000000783780000,0x00000007837b0000,0x0000000783800000)
  to   space 512K, 0% used [0x0000000783700000,0x0000000783700000,0x0000000783780000)
 ParOldGen       total 173568K, used 5183K [0x00000006c2800000, 0x00000006cd180000, 0x000000076b800000)
  object space 173568K, 2% used [0x00000006c2800000,0x00000006c2d0fd30,0x00000006cd180000)
 Metaspace       used 8241K, capacity 8646K, committed 8960K, reserved 1056768K
  class space    used 655K, capacity 690K, committed 768K, reserved 1048576K
}
Event: 6.499 GC heap before
{Heap before GC invocations=77 (full 0):
 PSYoungGen      total 133632K, used 133312K [0x000000076b800000, 0x0000000783800000, 0x00000007c0000000)
  eden space 133120K, 100% used [0x000000076b800000,0x0000000773a00000,0x0000000773a00000)
  from space 512K, 37% used [0x0000000783780000,0x00000007837b0000,0x0000000783800000)
  to   space 512K, 0% used [0x0000000783700000,0x0000000783700000,0x0000000783780000)
 ParOldGen       total 173568K, used 5183K [0x00000006c2800000, 0x00000006cd180000, 0x000000076b800000)
  object space 173568K, 2% used [0x00000006c2800000,0x00000006c2d0fd30,0x00000006cd180000)
 Metaspace       used 8241K, capacity 8646K, committed 8960K, reserved 1056768K
  class space    used 655K, capacity 690K, committed 768K, reserved 1048576K
Event: 6.499 GC heap after
Heap after GC invocations=77 (full 0):
 PSYoungGen      total 129536K, used 192K [0x000000076b800000, 0x0000000783800000, 0x00000007c0000000)
  eden space 129024K, 0% used [0x000000076b800000,0x000000076b800000,0x0000000773600000)
  from space 512K, 37% used [0x0000000783700000,0x0000000783730000,0x0000000783780000)
  to   space 512K, 0% used [0x0000000783780000,0x0000000783780000,0x0000000783800000)
 ParOldGen       total 173568K, used 5183K [0x00000006c2800000, 0x00000006cd180000, 0x000000076b800000)
  object space 173568K, 2% used [0x00000006c2800000,0x00000006c2d0fd30,0x00000006cd180000)
 Metaspace       used 8241K, capacity 8646K, committed 8960K, reserved 1056768K
  class space    used 655K, capacity 690K, committed 768K, reserved 1048576K
}
Event: 6.554 GC heap before
{Heap before GC invocations=78 (full 0):
 PSYoungGen      total 129536K, used 129216K [0x000000076b800000, 0x0000000783800000, 0x00000007c0000000)
  eden space 129024K, 100% used [0x000000076b800000,0x0000000773600000,0x0000000773600000)
  from space 512K, 37% used [0x0000000783700000,0x0000000783730000,0x0000000783780000)
  to   space 512K, 0% used [0x0000000783780000,0x0000000783780000,0x0000000783800000)
 ParOldGen       total 173568K, used 5183K [0x00000006c2800000, 0x00000006cd180000, 0x000000076b800000)
  object space 173568K, 2% used [0x00000006c2800000,0x00000006c2d0fd30,0x00000006cd180000)
 Metaspace       used 8241K, capacity 8646K, committed 8960K, reserved 1056768K
  class space    used 655K, capacity 690K, committed 768K, reserved 1048576K
Event: 6.554 GC heap after
Heap after GC invocations=78 (full 0):
 PSYoungGen      total 125440K, used 192K [0x000000076b800000, 0x0000000783800000, 0x00000007c0000000)
  eden space 124928K, 0% used [0x000000076b800000,0x000000076b800000,0x0000000773200000)
  from space 512K, 37% used [0x0000000783780000,0x00000007837b0000,0x0000000783800000)
  to   space 512K, 0% used [0x0000000783700000,0x0000000783700000,0x0000000783780000)
 ParOldGen       total 173568K, used 5183K [0x00000006c2800000, 0x00000006cd180000, 0x000000076b800000)
  object space 173568K, 2% used [0x00000006c2800000,0x00000006c2d0fd30,0x00000006cd180000)
 Metaspace       used 8241K, capacity 8646K, committed 8960K, reserved 1056768K
  class space    used 655K, capacity 690K, committed 768K, reserved 1048576K
}
Event: 6.609 GC heap before
{Heap before GC invocations=79 (full 0):
 PSYoungGen      total 125440K, used 125120K [0x000000076b800000, 0x0000000783800000, 0x00000007c0000000)
  eden space 124928K, 100% used [0x000000076b800000,0x0000000773200000,0x0000000773200000)
  from space 512K, 37% used [0x0000000783780000,0x00000007837b0000,0x0000000783800000)
  to   space 512K, 0% used [0x0000000783700000,0x0000000783700000,0x0000000783780000)
 ParOldGen       total 173568K, used 5183K [0x00000006c2800000, 0x00000006cd180000, 0x000000076b800000)
  object space 173568K, 2% used [0x00000006c2800000,0x00000006c2d0fd30,0x00000006cd180000)
 Metaspace       used 8241K, capacity 8646K, committed 8960K, reserved 1056768K
  class space    used 655K, capacity 690K, committed 768K, reserved 1048576K
Event: 6.609 GC heap after
Heap after GC invocations=79 (full 0):
 PSYoungGen      total 121344K, used 160K [0x000000076b800000, 0x0000000783800000, 0x00000007c0000000)
  eden space 120832K, 0% used [0x000000076b800000,0x000000076b800000,0x0000000772e00000)
  from space 512K, 31% used [0x0000000783700000,0x0000000783728000,0x0000000783780000)
  to   space 512K, 0% used [0x0000000783780000,0x0000000783780000,0x0000000783800000)
 ParOldGen       total 173568K, used 5183K [0x00000006c2800000, 0x00000006cd180000, 0x000000076b800000)
  object space 173568K, 2% used [0x00000006c2800000,0x00000006c2d0fd30,0x00000006cd180000)
 Metaspace       used 8241K, capacity 8646K, committed 8960K, reserved 1056768K
  class space    used 655K, capacity 690K, committed 768K, reserved 1048576K
}
Event: 6.662 GC heap before
{Heap before GC invocations=80 (full 0):
 PSYoungGen      total 121344K, used 120992K [0x000000076b800000, 0x0000000783800000, 0x00000007c0000000)
  eden space 120832K, 100% used [0x000000076b800000,0x0000000772e00000,0x0000000772e00000)
  from space 512K, 31% used [0x0000000783700000,0x0000000783728000,0x0000000783780000)
  to   space 512K, 0% used [0x0000000783780000,0x0000000783780000,0x0000000783800000)
 ParOldGen       total 173568K, used 5183K [0x00000006c2800000, 0x00000006cd180000, 0x000000076b800000)
  object space 173568K, 2% used [0x00000006c2800000,0x00000006c2d0fd30,0x00000006cd180000)
 Metaspace       used 8241K, capacity 8646K, committed 8960K, reserved 1056768K
  class space    used 655K, capacity 690K, committed 768K, reserved 1048576K
Event: 6.662 GC heap after
Heap after GC invocations=80 (full 0):
 PSYoungGen      total 117760K, used 128K [0x000000076b800000, 0x0000000783800000, 0x00000007c0000000)
  eden space 117248K, 0% used [0x000000076b800000,0x000000076b800000,0x0000000772a80000)
  from space 512K, 25% used [0x0000000783780000,0x00000007837a0000,0x0000000783800000)
  to   space 512K, 0% used [0x0000000783700000,0x0000000783700000,0x0000000783780000)
 ParOldGen       total 173568K, used 5183K [0x00000006c2800000, 0x00000006cd180000, 0x000000076b800000)
  object space 173568K, 2% used [0x00000006c2800000,0x00000006c2d0fd30,0x00000006cd180000)
 Metaspace       used 8241K, capacity 8646K, committed 8960K, reserved 1056768K
  class space    used 655K, capacity 690K, committed 768K, reserved 1048576K
}

