# JRE version: Java(TM) SE Runtime Environment (8.0_65-b17) (build 1.8.0_65-b17)
# Java VM: Java HotSpot(TM) 64-Bit Server VM (25.65-b01 mixed mode windows-amd64 compressed oops)
Heap:
 PSYoungGen      total 208384K, used 46021K [0x000000076b800000, 0x000000078b300000, 0x00000007c0000000)
  eden space 205824K, 22% used [0x000000076b800000,0x000000076e4b97f0,0x0000000778100000)
  from space 2560K, 8% used [0x000000078ae00000,0x000000078ae38000,0x000000078b080000)
  to   space 2560K, 0% used [0x000000078b080000,0x000000078b080000,0x000000078b300000)
 ParOldGen       total 173568K, used 1268K [0x00000006c2800000, 0x00000006cd180000, 0x000000076b800000)
  object space 173568K, 0% used [0x00000006c2800000,0x00000006c293d060,0x00000006cd180000)
 Metaspace       used 8108K, capacity 8646K, committed 8960K, reserved 1056768K
  class space    used 649K, capacity 690K, committed 768K, reserved 1048576K
GC Heap History (10 events):
Event: 1.409 GC heap before
{Heap before GC invocations=9 (full 0):
 PSYoungGen      total 250368K, used 250336K [0x000000076b800000, 0x000000078b700000, 0x00000007c0000000)
  eden space 249856K, 100% used [0x000000076b800000,0x000000077ac00000,0x000000077ac00000)
  from space 512K, 93% used [0x000000078b680000,0x000000078b6f8000,0x000000078b700000)
  to   space 2560K, 0% used [0x000000078b200000,0x000000078b200000,0x000000078b480000)
 ParOldGen       total 173568K, used 816K [0x00000006c2800000, 0x00000006cd180000, 0x000000076b800000)
  object space 173568K, 0% used [0x00000006c2800000,0x00000006c28cc050,0x00000006cd180000)
 Metaspace       used 8082K, capacity 8646K, committed 8960K, reserved 1056768K
  class space    used 649K, capacity 690K, committed 768K, reserved 1048576K
Event: 1.410 GC heap after
Heap after GC invocations=9 (full 0):
 PSYoungGen      total 242688K, used 160K [0x000000076b800000, 0x000000078b700000, 0x00000007c0000000)
  eden space 240128K, 0% used [0x000000076b800000,0x000000076b800000,0x000000077a280000)
  from space 2560K, 6% used [0x000000078b200000,0x000000078b228000,0x000000078b480000)
  to   space 2560K, 0% used [0x000000078b480000,0x000000078b480000,0x000000078b700000)
 ParOldGen       total 173568K, used 1220K [0x00000006c2800000, 0x00000006cd180000, 0x000000076b800000)
  object space 173568K, 0% used [0x00000006c2800000,0x00000006c2931060,0x00000006cd180000)
 Metaspace       used 8082K, capacity 8646K, committed 8960K, reserved 1056768K
  class space    used 649K, capacity 690K, committed 768K, reserved 1048576K
}
Event: 1.588 GC heap before
{Heap before GC invocations=10 (full 0):
 PSYoungGen      total 242688K, used 240288K [0x000000076b800000, 0x000000078b700000, 0x00000007c0000000)
  eden space 240128K, 100% used [0x000000076b800000,0x000000077a280000,0x000000077a280000)
  from space 2560K, 6% used [0x000000078b200000,0x000000078b228000,0x000000078b480000)
  to   space 2560K, 0% used [0x000000078b480000,0x000000078b480000,0x000000078b700000)
 ParOldGen       total 173568K, used 1220K [0x00000006c2800000, 0x00000006cd180000, 0x000000076b800000)
  object space 173568K, 0% used [0x00000006c2800000,0x00000006c2931060,0x00000006cd180000)
 Metaspace       used 8085K, capacity 8646K, committed 8960K, reserved 1056768K
  class space    used 649K, capacity 690K, committed 768K, reserved 1048576K
Event: 1.589 GC heap after
Heap after GC invocations=10 (full 0):
 PSYoungGen      total 231424K, used 160K [0x000000076b800000, 0x000000078b500000, 0x00000007c0000000)
  eden space 230912K, 0% used [0x000000076b800000,0x000000076b800000,0x0000000779980000)
  from space 512K, 31% used [0x000000078b480000,0x000000078b4a8000,0x000000078b500000)
  to   space 2560K, 0% used [0x000000078b000000,0x000000078b000000,0x000000078b280000)
 ParOldGen       total 173568K, used 1228K [0x00000006c2800000, 0x00000006cd180000, 0x000000076b800000)
  object space 173568K, 0% used [0x00000006c2800000,0x00000006c2933060,0x00000006cd180000)
 Metaspace       used 8085K, capacity 8646K, committed 8960K, reserved 1056768K
  class space    used 649K, capacity 690K, committed 768K, reserved 1048576K
}
Event: 1.764 GC heap before
{Heap before GC invocations=11 (full 0):
 PSYoungGen      total 231424K, used 231072K [0x000000076b800000, 0x000000078b500000, 0x00000007c0000000)
  eden space 230912K, 100% used [0x000000076b800000,0x0000000779980000,0x0000000779980000)
  from space 512K, 31% used [0x000000078b480000,0x000000078b4a8000,0x000000078b500000)
  to   space 2560K, 0% used [0x000000078b000000,0x000000078b000000,0x000000078b280000)
 ParOldGen       total 173568K, used 1228K [0x00000006c2800000, 0x00000006cd180000, 0x000000076b800000)
  object space 173568K, 0% used [0x00000006c2800000,0x00000006c2933060,0x00000006cd180000)
 Metaspace       used 8101K, capacity 8646K, committed 8960K, reserved 1056768K
  class space    used 649K, capacity 690K, committed 768K, reserved 1048576K
Event: 1.764 GC heap after
Heap after GC invocations=11 (full 0):
 PSYoungGen      total 224768K, used 192K [0x000000076b800000, 0x000000078b500000, 0x00000007c0000000)
  eden space 222208K, 0% used [0x000000076b800000,0x000000076b800000,0x0000000779100000)
  from space 2560K, 7% used [0x000000078b000000,0x000000078b030000,0x000000078b280000)
  to   space 2560K, 0% used [0x000000078b280000,0x000000078b280000,0x000000078b500000)
 ParOldGen       total 173568K, used 1236K [0x00000006c2800000, 0x00000006cd180000, 0x000000076b800000)
  object space 173568K, 0% used [0x00000006c2800000,0x00000006c2935060,0x00000006cd180000)
 Metaspace       used 8101K, capacity 8646K, committed 8960K, reserved 1056768K
  class space    used 649K, capacity 690K, committed 768K, reserved 1048576K
}
Event: 1.949 GC heap before
{Heap before GC invocations=12 (full 0):
 PSYoungGen      total 224768K, used 222400K [0x000000076b800000, 0x000000078b500000, 0x00000007c0000000)
  eden space 222208K, 100% used [0x000000076b800000,0x0000000779100000,0x0000000779100000)
  from space 2560K, 7% used [0x000000078b000000,0x000000078b030000,0x000000078b280000)
  to   space 2560K, 0% used [0x000000078b280000,0x000000078b280000,0x000000078b500000)
 ParOldGen       total 173568K, used 1236K [0x00000006c2800000, 0x00000006cd180000, 0x000000076b800000)
  object space 173568K, 0% used [0x00000006c2800000,0x00000006c2935060,0x00000006cd180000)
 Metaspace       used 8101K, capacity 8646K, committed 8960K, reserved 1056768K
  class space    used 649K, capacity 690K, committed 768K, reserved 1048576K
Event: 1.950 GC heap after
Heap after GC invocations=12 (full 0):
 PSYoungGen      total 214528K, used 160K [0x000000076b800000, 0x000000078b300000, 0x00000007c0000000)
  eden space 214016K, 0% used [0x000000076b800000,0x000000076b800000,0x0000000778900000)
  from space 512K, 31% used [0x000000078b280000,0x000000078b2a8000,0x000000078b300000)
  to   space 2560K, 0% used [0x000000078ae00000,0x000000078ae00000,0x000000078b080000)
 ParOldGen       total 173568K, used 1268K [0x00000006c2800000, 0x00000006cd180000, 0x000000076b800000)
  object space 173568K, 0% used [0x00000006c2800000,0x00000006c293d060,0x00000006cd180000)
 Metaspace       used 8101K, capacity 8646K, committed 8960K, reserved 1056768K
  class space    used 649K, capacity 690K, committed 768K, reserved 1048576K
}
Event: 2.163 GC heap before
{Heap before GC invocations=13 (full 0):
 PSYoungGen      total 214528K, used 214176K [0x000000076b800000, 0x000000078b300000, 0x00000007c0000000)
  eden space 214016K, 100% used [0x000000076b800000,0x0000000778900000,0x0000000778900000)
  from space 512K, 31% used [0x000000078b280000,0x000000078b2a8000,0x000000078b300000)
  to   space 2560K, 0% used [0x000000078ae00000,0x000000078ae00000,0x000000078b080000)
 ParOldGen       total 173568K, used 1268K [0x00000006c2800000, 0x00000006cd180000, 0x000000076b800000)
  object space 173568K, 0% used [0x00000006c2800000,0x00000006c293d060,0x00000006cd180000)
 Metaspace       used 8107K, capacity 8646K, committed 8960K, reserved 1056768K
  class space    used 649K, capacity 690K, committed 768K, reserved 1048576K
Event: 2.164 GC heap after
Heap after GC invocations=13 (full 0):
 PSYoungGen      total 208384K, used 224K [0x000000076b800000, 0x000000078b300000, 0x00000007c0000000)
  eden space 205824K, 0% used [0x000000076b800000,0x000000076b800000,0x0000000778100000)
  from space 2560K, 8% used [0x000000078ae00000,0x000000078ae38000,0x000000078b080000)
  to   space 2560K, 0% used [0x000000078b080000,0x000000078b080000,0x000000078b300000)
 ParOldGen       total 173568K, used 1268K [0x00000006c2800000, 0x00000006cd180000, 0x000000076b800000)
  object space 173568K, 0% used [0x00000006c2800000,0x00000006c293d060,0x00000006cd180000)
 Metaspace       used 8107K, capacity 8646K, committed 8960K, reserved 1056768K
  class space    used 649K, capacity 690K, committed 768K, reserved 1048576K
}

