# JRE version: Java(TM) SE Runtime Environment (8.0_65-b17) (build 1.8.0_65-b17)
# Java VM: Java HotSpot(TM) 64-Bit Server VM (25.65-b01 mixed mode windows-amd64 compressed oops)
Heap:
 PSYoungGen      total 624128K, used 267092K [0x000000076b800000, 0x00000007bd200000, 0x00000007c0000000)
  eden space 623616K, 42% used [0x000000076b800000,0x000000077bc9d0b0,0x0000000791900000)
  from space 512K, 43% used [0x00000007bd180000,0x00000007bd1b8000,0x00000007bd200000)
  to   space 5632K, 0% used [0x00000007bc700000,0x00000007bc700000,0x00000007bcc80000)
 ParOldGen       total 173568K, used 26456K [0x00000006c2800000, 0x00000006cd180000, 0x000000076b800000)
  object space 173568K, 15% used [0x00000006c2800000,0x00000006c41d6348,0x00000006cd180000)
 Metaspace       used 8399K, capacity 8774K, committed 8960K, reserved 1056768K
  class space    used 662K, capacity 690K, committed 768K, reserved 1048576K
GC Heap History (10 events):
Event: 8.598 GC heap before
{Heap before GC invocations=22 (full 0):
 PSYoungGen      total 795136K, used 787200K [0x000000076b800000, 0x00000007be500000, 0x00000007c0000000)
  eden space 786944K, 100% used [0x000000076b800000,0x000000079b880000,0x000000079b880000)
  from space 8192K, 3% used [0x00000007bd500000,0x00000007bd540000,0x00000007bdd00000)
  to   space 7680K, 0% used [0x00000007bdd80000,0x00000007bdd80000,0x00000007be500000)
 ParOldGen       total 173568K, used 26400K [0x00000006c2800000, 0x00000006cd180000, 0x000000076b800000)
  object space 173568K, 15% used [0x00000006c2800000,0x00000006c41c8348,0x00000006cd180000)
 Metaspace       used 8398K, capacity 8774K, committed 8960K, reserved 1056768K
  class space    used 662K, capacity 690K, committed 768K, reserved 1048576K
Event: 8.599 GC heap after
Heap after GC invocations=22 (full 0):
 PSYoungGen      total 751616K, used 256K [0x000000076b800000, 0x00000007bde00000, 0x00000007c0000000)
  eden space 751104K, 0% used [0x000000076b800000,0x000000076b800000,0x0000000799580000)
  from space 512K, 50% used [0x00000007bdd80000,0x00000007bddc0000,0x00000007bde00000)
  to   space 7168K, 0% used [0x00000007bd000000,0x00000007bd000000,0x00000007bd700000)
 ParOldGen       total 173568K, used 26400K [0x00000006c2800000, 0x00000006cd180000, 0x000000076b800000)
  object space 173568K, 15% used [0x00000006c2800000,0x00000006c41c8348,0x00000006cd180000)
 Metaspace       used 8398K, capacity 8774K, committed 8960K, reserved 1056768K
  class space    used 662K, capacity 690K, committed 768K, reserved 1048576K
}
Event: 9.174 GC heap before
{Heap before GC invocations=23 (full 0):
 PSYoungGen      total 751616K, used 751360K [0x000000076b800000, 0x00000007bde00000, 0x00000007c0000000)
  eden space 751104K, 100% used [0x000000076b800000,0x0000000799580000,0x0000000799580000)
  from space 512K, 50% used [0x00000007bdd80000,0x00000007bddc0000,0x00000007bde00000)
  to   space 7168K, 0% used [0x00000007bd000000,0x00000007bd000000,0x00000007bd700000)
 ParOldGen       total 173568K, used 26400K [0x00000006c2800000, 0x00000006cd180000, 0x000000076b800000)
  object space 173568K, 15% used [0x00000006c2800000,0x00000006c41c8348,0x00000006cd180000)
 Metaspace       used 8398K, capacity 8774K, committed 8960K, reserved 1056768K
  class space    used 662K, capacity 690K, committed 768K, reserved 1048576K
Event: 9.174 GC heap after
Heap after GC invocations=23 (full 0):
 PSYoungGen      total 723968K, used 224K [0x000000076b800000, 0x00000007bde00000, 0x00000007c0000000)
  eden space 716800K, 0% used [0x000000076b800000,0x000000076b800000,0x0000000797400000)
  from space 7168K, 3% used [0x00000007bd000000,0x00000007bd038000,0x00000007bd700000)
  to   space 7168K, 0% used [0x00000007bd700000,0x00000007bd700000,0x00000007bde00000)
 ParOldGen       total 173568K, used 26440K [0x00000006c2800000, 0x00000006cd180000, 0x000000076b800000)
  object space 173568K, 15% used [0x00000006c2800000,0x00000006c41d2348,0x00000006cd180000)
 Metaspace       used 8398K, capacity 8774K, committed 8960K, reserved 1056768K
  class space    used 662K, capacity 690K, committed 768K, reserved 1048576K
}
Event: 9.716 GC heap before
{Heap before GC invocations=24 (full 0):
 PSYoungGen      total 723968K, used 717024K [0x000000076b800000, 0x00000007bde00000, 0x00000007c0000000)
  eden space 716800K, 100% used [0x000000076b800000,0x0000000797400000,0x0000000797400000)
  from space 7168K, 3% used [0x00000007bd000000,0x00000007bd038000,0x00000007bd700000)
  to   space 7168K, 0% used [0x00000007bd700000,0x00000007bd700000,0x00000007bde00000)
 ParOldGen       total 173568K, used 26440K [0x00000006c2800000, 0x00000006cd180000, 0x000000076b800000)
  object space 173568K, 15% used [0x00000006c2800000,0x00000006c41d2348,0x00000006cd180000)
 Metaspace       used 8398K, capacity 8774K, committed 8960K, reserved 1056768K
  class space    used 662K, capacity 690K, committed 768K, reserved 1048576K
Event: 9.717 GC heap after
Heap after GC invocations=24 (full 0):
 PSYoungGen      total 684544K, used 192K [0x000000076b800000, 0x00000007bd780000, 0x00000007c0000000)
  eden space 684032K, 0% used [0x000000076b800000,0x000000076b800000,0x0000000795400000)
  from space 512K, 37% used [0x00000007bd700000,0x00000007bd730000,0x00000007bd780000)
  to   space 6656K, 0% used [0x00000007bca80000,0x00000007bca80000,0x00000007bd100000)
 ParOldGen       total 173568K, used 26448K [0x00000006c2800000, 0x00000006cd180000, 0x000000076b800000)
  object space 173568K, 15% used [0x00000006c2800000,0x00000006c41d4348,0x00000006cd180000)
 Metaspace       used 8398K, capacity 8774K, committed 8960K, reserved 1056768K
  class space    used 662K, capacity 690K, committed 768K, reserved 1048576K
}
Event: 10.249 GC heap before
{Heap before GC invocations=25 (full 0):
 PSYoungGen      total 684544K, used 684224K [0x000000076b800000, 0x00000007bd780000, 0x00000007c0000000)
  eden space 684032K, 100% used [0x000000076b800000,0x0000000795400000,0x0000000795400000)
  from space 512K, 37% used [0x00000007bd700000,0x00000007bd730000,0x00000007bd780000)
  to   space 6656K, 0% used [0x00000007bca80000,0x00000007bca80000,0x00000007bd100000)
 ParOldGen       total 173568K, used 26448K [0x00000006c2800000, 0x00000006cd180000, 0x000000076b800000)
  object space 173568K, 15% used [0x00000006c2800000,0x00000006c41d4348,0x00000006cd180000)
 Metaspace       used 8399K, capacity 8774K, committed 8960K, reserved 1056768K
  class space    used 662K, capacity 690K, committed 768K, reserved 1048576K
Event: 10.250 GC heap after
Heap after GC invocations=25 (full 0):
 PSYoungGen      total 659456K, used 224K [0x000000076b800000, 0x00000007bd780000, 0x00000007c0000000)
  eden space 652800K, 0% used [0x000000076b800000,0x000000076b800000,0x0000000793580000)
  from space 6656K, 3% used [0x00000007bca80000,0x00000007bcab8000,0x00000007bd100000)
  to   space 6144K, 0% used [0x00000007bd180000,0x00000007bd180000,0x00000007bd780000)
 ParOldGen       total 173568K, used 26448K [0x00000006c2800000, 0x00000006cd180000, 0x000000076b800000)
  object space 173568K, 15% used [0x00000006c2800000,0x00000006c41d4348,0x00000006cd180000)
 Metaspace       used 8399K, capacity 8774K, committed 8960K, reserved 1056768K
  class space    used 662K, capacity 690K, committed 768K, reserved 1048576K
}
Event: 10.826 GC heap before
{Heap before GC invocations=26 (full 0):
 PSYoungGen      total 659456K, used 653024K [0x000000076b800000, 0x00000007bd780000, 0x00000007c0000000)
  eden space 652800K, 100% used [0x000000076b800000,0x0000000793580000,0x0000000793580000)
  from space 6656K, 3% used [0x00000007bca80000,0x00000007bcab8000,0x00000007bd100000)
  to   space 6144K, 0% used [0x00000007bd180000,0x00000007bd180000,0x00000007bd780000)
 ParOldGen       total 173568K, used 26448K [0x00000006c2800000, 0x00000006cd180000, 0x000000076b800000)
  object space 173568K, 15% used [0x00000006c2800000,0x00000006c41d4348,0x00000006cd180000)
 Metaspace       used 8399K, capacity 8774K, committed 8960K, reserved 1056768K
  class space    used 662K, capacity 690K, committed 768K, reserved 1048576K
Event: 10.826 GC heap after
Heap after GC invocations=26 (full 0):
 PSYoungGen      total 624128K, used 224K [0x000000076b800000, 0x00000007bd200000, 0x00000007c0000000)
  eden space 623616K, 0% used [0x000000076b800000,0x000000076b800000,0x0000000791900000)
  from space 512K, 43% used [0x00000007bd180000,0x00000007bd1b8000,0x00000007bd200000)
  to   space 5632K, 0% used [0x00000007bc700000,0x00000007bc700000,0x00000007bcc80000)
 ParOldGen       total 173568K, used 26456K [0x00000006c2800000, 0x00000006cd180000, 0x000000076b800000)
  object space 173568K, 15% used [0x00000006c2800000,0x00000006c41d6348,0x00000006cd180000)
 Metaspace       used 8399K, capacity 8774K, committed 8960K, reserved 1056768K
  class space    used 662K, capacity 690K, committed 768K, reserved 1048576K
}

