# JRE version: Java(TM) SE Runtime Environment (8.0_65-b17) (build 1.8.0_65-b17)
# Java VM: Java HotSpot(TM) 64-Bit Server VM (25.65-b01 mixed mode windows-amd64 compressed oops)
Heap:
 PSYoungGen      total 178176K, used 34307K [0x000000076b800000, 0x000000077b180000, 0x00000007c0000000)
  eden space 177664K, 19% used [0x000000076b800000,0x000000076d940e20,0x0000000776580000)
  from space 512K, 50% used [0x000000077b100000,0x000000077b140000,0x000000077b180000)
  to   space 2048K, 0% used [0x000000077ad80000,0x000000077ad80000,0x000000077af80000)
 ParOldGen       total 173568K, used 1687K [0x00000006c2800000, 0x00000006cd180000, 0x000000076b800000)
  object space 173568K, 0% used [0x00000006c2800000,0x00000006c29a5e58,0x00000006cd180000)
 Metaspace       used 8179K, capacity 8710K, committed 8960K, reserved 1056768K
  class space    used 654K, capacity 690K, committed 768K, reserved 1048576K
GC Heap History (10 events):
Event: 1.966 GC heap before
{Heap before GC invocations=12 (full 0):
 PSYoungGen      total 215552K, used 213696K [0x000000076b800000, 0x000000077b600000, 0x00000007c0000000)
  eden space 213504K, 100% used [0x000000076b800000,0x0000000778880000,0x0000000778880000)
  from space 2048K, 9% used [0x000000077b200000,0x000000077b230000,0x000000077b400000)
  to   space 2048K, 0% used [0x000000077b400000,0x000000077b400000,0x000000077b600000)
 ParOldGen       total 173568K, used 1655K [0x00000006c2800000, 0x00000006cd180000, 0x000000076b800000)
  object space 173568K, 0% used [0x00000006c2800000,0x00000006c299de58,0x00000006cd180000)
 Metaspace       used 8170K, capacity 8646K, committed 8960K, reserved 1056768K
  class space    used 654K, capacity 690K, committed 768K, reserved 1048576K
Event: 1.966 GC heap after
Heap after GC invocations=12 (full 0):
 PSYoungGen      total 206336K, used 160K [0x000000076b800000, 0x000000077b480000, 0x00000007c0000000)
  eden space 205824K, 0% used [0x000000076b800000,0x000000076b800000,0x0000000778100000)
  from space 512K, 31% used [0x000000077b400000,0x000000077b428000,0x000000077b480000)
  to   space 2048K, 0% used [0x000000077b080000,0x000000077b080000,0x000000077b280000)
 ParOldGen       total 173568K, used 1663K [0x00000006c2800000, 0x00000006cd180000, 0x000000076b800000)
  object space 173568K, 0% used [0x00000006c2800000,0x00000006c299fe58,0x00000006cd180000)
 Metaspace       used 8170K, capacity 8646K, committed 8960K, reserved 1056768K
  class space    used 654K, capacity 690K, committed 768K, reserved 1048576K
}
Event: 2.114 GC heap before
{Heap before GC invocations=13 (full 0):
 PSYoungGen      total 206336K, used 205984K [0x000000076b800000, 0x000000077b480000, 0x00000007c0000000)
  eden space 205824K, 100% used [0x000000076b800000,0x0000000778100000,0x0000000778100000)
  from space 512K, 31% used [0x000000077b400000,0x000000077b428000,0x000000077b480000)
  to   space 2048K, 0% used [0x000000077b080000,0x000000077b080000,0x000000077b280000)
 ParOldGen       total 173568K, used 1663K [0x00000006c2800000, 0x00000006cd180000, 0x000000076b800000)
  object space 173568K, 0% used [0x00000006c2800000,0x00000006c299fe58,0x00000006cd180000)
 Metaspace       used 8170K, capacity 8646K, committed 8960K, reserved 1056768K
  class space    used 654K, capacity 690K, committed 768K, reserved 1048576K
Event: 2.115 GC heap after
Heap after GC invocations=13 (full 0):
 PSYoungGen      total 200192K, used 224K [0x000000076b800000, 0x000000077b480000, 0x00000007c0000000)
  eden space 198144K, 0% used [0x000000076b800000,0x000000076b800000,0x0000000777980000)
  from space 2048K, 10% used [0x000000077b080000,0x000000077b0b8000,0x000000077b280000)
  to   space 2048K, 0% used [0x000000077b280000,0x000000077b280000,0x000000077b480000)
 ParOldGen       total 173568K, used 1687K [0x00000006c2800000, 0x00000006cd180000, 0x000000076b800000)
  object space 173568K, 0% used [0x00000006c2800000,0x00000006c29a5e58,0x00000006cd180000)
 Metaspace       used 8170K, capacity 8646K, committed 8960K, reserved 1056768K
  class space    used 654K, capacity 690K, committed 768K, reserved 1048576K
}
Event: 2.260 GC heap before
{Heap before GC invocations=14 (full 0):
 PSYoungGen      total 200192K, used 198368K [0x000000076b800000, 0x000000077b480000, 0x00000007c0000000)
  eden space 198144K, 100% used [0x000000076b800000,0x0000000777980000,0x0000000777980000)
  from space 2048K, 10% used [0x000000077b080000,0x000000077b0b8000,0x000000077b280000)
  to   space 2048K, 0% used [0x000000077b280000,0x000000077b280000,0x000000077b480000)
 ParOldGen       total 173568K, used 1687K [0x00000006c2800000, 0x00000006cd180000, 0x000000076b800000)
  object space 173568K, 0% used [0x00000006c2800000,0x00000006c29a5e58,0x00000006cd180000)
 Metaspace       used 8171K, capacity 8646K, committed 8960K, reserved 1056768K
  class space    used 654K, capacity 690K, committed 768K, reserved 1048576K
Event: 2.261 GC heap after
Heap after GC invocations=14 (full 0):
 PSYoungGen      total 191488K, used 160K [0x000000076b800000, 0x000000077b300000, 0x00000007c0000000)
  eden space 190976K, 0% used [0x000000076b800000,0x000000076b800000,0x0000000777280000)
  from space 512K, 31% used [0x000000077b280000,0x000000077b2a8000,0x000000077b300000)
  to   space 2048K, 0% used [0x000000077af00000,0x000000077af00000,0x000000077b100000)
 ParOldGen       total 173568K, used 1687K [0x00000006c2800000, 0x00000006cd180000, 0x000000076b800000)
  object space 173568K, 0% used [0x00000006c2800000,0x00000006c29a5e58,0x00000006cd180000)
 Metaspace       used 8171K, capacity 8646K, committed 8960K, reserved 1056768K
  class space    used 654K, capacity 690K, committed 768K, reserved 1048576K
}
Event: 2.400 GC heap before
{Heap before GC invocations=15 (full 0):
 PSYoungGen      total 191488K, used 191136K [0x000000076b800000, 0x000000077b300000, 0x00000007c0000000)
  eden space 190976K, 100% used [0x000000076b800000,0x0000000777280000,0x0000000777280000)
  from space 512K, 31% used [0x000000077b280000,0x000000077b2a8000,0x000000077b300000)
  to   space 2048K, 0% used [0x000000077af00000,0x000000077af00000,0x000000077b100000)
 ParOldGen       total 173568K, used 1687K [0x00000006c2800000, 0x00000006cd180000, 0x000000076b800000)
  object space 173568K, 0% used [0x00000006c2800000,0x00000006c29a5e58,0x00000006cd180000)
 Metaspace       used 8176K, capacity 8646K, committed 8960K, reserved 1056768K
  class space    used 654K, capacity 690K, committed 768K, reserved 1048576K
Event: 2.401 GC heap after
Heap after GC invocations=15 (full 0):
 PSYoungGen      total 186368K, used 192K [0x000000076b800000, 0x000000077b300000, 0x00000007c0000000)
  eden space 184320K, 0% used [0x000000076b800000,0x000000076b800000,0x0000000776c00000)
  from space 2048K, 9% used [0x000000077af00000,0x000000077af30000,0x000000077b100000)
  to   space 2048K, 0% used [0x000000077b100000,0x000000077b100000,0x000000077b300000)
 ParOldGen       total 173568K, used 1687K [0x00000006c2800000, 0x00000006cd180000, 0x000000076b800000)
  object space 173568K, 0% used [0x00000006c2800000,0x00000006c29a5e58,0x00000006cd180000)
 Metaspace       used 8176K, capacity 8646K, committed 8960K, reserved 1056768K
  class space    used 654K, capacity 690K, committed 768K, reserved 1048576K
}
Event: 2.589 GC heap before
{Heap before GC invocations=16 (full 0):
 PSYoungGen      total 186368K, used 184512K [0x000000076b800000, 0x000000077b300000, 0x00000007c0000000)
  eden space 184320K, 100% used [0x000000076b800000,0x0000000776c00000,0x0000000776c00000)
  from space 2048K, 9% used [0x000000077af00000,0x000000077af30000,0x000000077b100000)
  to   space 2048K, 0% used [0x000000077b100000,0x000000077b100000,0x000000077b300000)
 ParOldGen       total 173568K, used 1687K [0x00000006c2800000, 0x00000006cd180000, 0x000000076b800000)
  object space 173568K, 0% used [0x00000006c2800000,0x00000006c29a5e58,0x00000006cd180000)
 Metaspace       used 8179K, capacity 8710K, committed 8960K, reserved 1056768K
  class space    used 654K, capacity 690K, committed 768K, reserved 1048576K
Event: 2.590 GC heap after
Heap after GC invocations=16 (full 0):
 PSYoungGen      total 178176K, used 256K [0x000000076b800000, 0x000000077b180000, 0x00000007c0000000)
  eden space 177664K, 0% used [0x000000076b800000,0x000000076b800000,0x0000000776580000)
  from space 512K, 50% used [0x000000077b100000,0x000000077b140000,0x000000077b180000)
  to   space 2048K, 0% used [0x000000077ad80000,0x000000077ad80000,0x000000077af80000)
 ParOldGen       total 173568K, used 1687K [0x00000006c2800000, 0x00000006cd180000, 0x000000076b800000)
  object space 173568K, 0% used [0x00000006c2800000,0x00000006c29a5e58,0x00000006cd180000)
 Metaspace       used 8179K, capacity 8710K, committed 8960K, reserved 1056768K
  class space    used 654K, capacity 690K, committed 768K, reserved 1048576K
}

