# JRE version: Java(TM) SE Runtime Environment (8.0_65-b17) (build 1.8.0_65-b17)
# Java VM: Java HotSpot(TM) 64-Bit Server VM (25.65-b01 mixed mode windows-amd64 compressed oops)
Heap:
 PSYoungGen      total 187904K, used 145359K [0x000000076b800000, 0x000000079c880000, 0x00000007c0000000)
  eden space 186880K, 77% used [0x000000076b800000,0x00000007745bbd40,0x0000000776e80000)
  from space 1024K, 21% used [0x000000079c680000,0x000000079c6b8000,0x000000079c780000)
  to   space 1024K, 0% used [0x000000079c780000,0x000000079c780000,0x000000079c880000)
 ParOldGen       total 173568K, used 5817K [0x00000006c2800000, 0x00000006cd180000, 0x000000076b800000)
  object space 173568K, 3% used [0x00000006c2800000,0x00000006c2dae5c0,0x00000006cd180000)
 Metaspace       used 8403K, capacity 8774K, committed 8960K, reserved 1056768K
  class space    used 662K, capacity 690K, committed 768K, reserved 1048576K
GC Heap History (10 events):
Event: 13.908 GC heap before
{Heap before GC invocations=41 (full 0):
 PSYoungGen      total 226304K, used 225952K [0x000000076b800000, 0x000000079c980000, 0x00000007c0000000)
  eden space 225792K, 100% used [0x000000076b800000,0x0000000779480000,0x0000000779480000)
  from space 512K, 31% used [0x000000079c900000,0x000000079c928000,0x000000079c980000)
  to   space 1024K, 0% used [0x000000079c780000,0x000000079c780000,0x000000079c880000)
 ParOldGen       total 173568K, used 5817K [0x00000006c2800000, 0x00000006cd180000, 0x000000076b800000)
  object space 173568K, 3% used [0x00000006c2800000,0x00000006c2dae5c0,0x00000006cd180000)
 Metaspace       used 8403K, capacity 8774K, committed 8960K, reserved 1056768K
  class space    used 662K, capacity 690K, committed 768K, reserved 1048576K
Event: 13.909 GC heap after
Heap after GC invocations=41 (full 0):
 PSYoungGen      total 218112K, used 224K [0x000000076b800000, 0x000000079c980000, 0x00000007c0000000)
  eden space 217088K, 0% used [0x000000076b800000,0x000000076b800000,0x0000000778c00000)
  from space 1024K, 21% used [0x000000079c780000,0x000000079c7b8000,0x000000079c880000)
  to   space 1024K, 0% used [0x000000079c880000,0x000000079c880000,0x000000079c980000)
 ParOldGen       total 173568K, used 5817K [0x00000006c2800000, 0x00000006cd180000, 0x000000076b800000)
  object space 173568K, 3% used [0x00000006c2800000,0x00000006c2dae5c0,0x00000006cd180000)
 Metaspace       used 8403K, capacity 8774K, committed 8960K, reserved 1056768K
  class space    used 662K, capacity 690K, committed 768K, reserved 1048576K
}
Event: 14.091 GC heap before
{Heap before GC invocations=42 (full 0):
 PSYoungGen      total 218112K, used 217312K [0x000000076b800000, 0x000000079c980000, 0x00000007c0000000)
  eden space 217088K, 100% used [0x000000076b800000,0x0000000778c00000,0x0000000778c00000)
  from space 1024K, 21% used [0x000000079c780000,0x000000079c7b8000,0x000000079c880000)
  to   space 1024K, 0% used [0x000000079c880000,0x000000079c880000,0x000000079c980000)
 ParOldGen       total 173568K, used 5817K [0x00000006c2800000, 0x00000006cd180000, 0x000000076b800000)
  object space 173568K, 3% used [0x00000006c2800000,0x00000006c2dae5c0,0x00000006cd180000)
 Metaspace       used 8403K, capacity 8774K, committed 8960K, reserved 1056768K
  class space    used 662K, capacity 690K, committed 768K, reserved 1048576K
Event: 14.092 GC heap after
Heap after GC invocations=42 (full 0):
 PSYoungGen      total 209408K, used 160K [0x000000076b800000, 0x000000079c900000, 0x00000007c0000000)
  eden space 208896K, 0% used [0x000000076b800000,0x000000076b800000,0x0000000778400000)
  from space 512K, 31% used [0x000000079c880000,0x000000079c8a8000,0x000000079c900000)
  to   space 1024K, 0% used [0x000000079c700000,0x000000079c700000,0x000000079c800000)
 ParOldGen       total 173568K, used 5817K [0x00000006c2800000, 0x00000006cd180000, 0x000000076b800000)
  object space 173568K, 3% used [0x00000006c2800000,0x00000006c2dae5c0,0x00000006cd180000)
 Metaspace       used 8403K, capacity 8774K, committed 8960K, reserved 1056768K
  class space    used 662K, capacity 690K, committed 768K, reserved 1048576K
}
Event: 14.254 GC heap before
{Heap before GC invocations=43 (full 0):
 PSYoungGen      total 209408K, used 209056K [0x000000076b800000, 0x000000079c900000, 0x00000007c0000000)
  eden space 208896K, 100% used [0x000000076b800000,0x0000000778400000,0x0000000778400000)
  from space 512K, 31% used [0x000000079c880000,0x000000079c8a8000,0x000000079c900000)
  to   space 1024K, 0% used [0x000000079c700000,0x000000079c700000,0x000000079c800000)
 ParOldGen       total 173568K, used 5817K [0x00000006c2800000, 0x00000006cd180000, 0x000000076b800000)
  object space 173568K, 3% used [0x00000006c2800000,0x00000006c2dae5c0,0x00000006cd180000)
 Metaspace       used 8403K, capacity 8774K, committed 8960K, reserved 1056768K
  class space    used 662K, capacity 690K, committed 768K, reserved 1048576K
Event: 14.254 GC heap after
Heap after GC invocations=43 (full 0):
 PSYoungGen      total 202240K, used 128K [0x000000076b800000, 0x000000079c900000, 0x00000007c0000000)
  eden space 201216K, 0% used [0x000000076b800000,0x000000076b800000,0x0000000777c80000)
  from space 1024K, 12% used [0x000000079c700000,0x000000079c720000,0x000000079c800000)
  to   space 1024K, 0% used [0x000000079c800000,0x000000079c800000,0x000000079c900000)
 ParOldGen       total 173568K, used 5817K [0x00000006c2800000, 0x00000006cd180000, 0x000000076b800000)
  object space 173568K, 3% used [0x00000006c2800000,0x00000006c2dae5c0,0x00000006cd180000)
 Metaspace       used 8403K, capacity 8774K, committed 8960K, reserved 1056768K
  class space    used 662K, capacity 690K, committed 768K, reserved 1048576K
}
Event: 14.403 GC heap before
{Heap before GC invocations=44 (full 0):
 PSYoungGen      total 202240K, used 201344K [0x000000076b800000, 0x000000079c900000, 0x00000007c0000000)
  eden space 201216K, 100% used [0x000000076b800000,0x0000000777c80000,0x0000000777c80000)
  from space 1024K, 12% used [0x000000079c700000,0x000000079c720000,0x000000079c800000)
  to   space 1024K, 0% used [0x000000079c800000,0x000000079c800000,0x000000079c900000)
 ParOldGen       total 173568K, used 5817K [0x00000006c2800000, 0x00000006cd180000, 0x000000076b800000)
  object space 173568K, 3% used [0x00000006c2800000,0x00000006c2dae5c0,0x00000006cd180000)
 Metaspace       used 8403K, capacity 8774K, committed 8960K, reserved 1056768K
  class space    used 662K, capacity 690K, committed 768K, reserved 1048576K
Event: 14.403 GC heap after
Heap after GC invocations=44 (full 0):
 PSYoungGen      total 194560K, used 160K [0x000000076b800000, 0x000000079c880000, 0x00000007c0000000)
  eden space 194048K, 0% used [0x000000076b800000,0x000000076b800000,0x0000000777580000)
  from space 512K, 31% used [0x000000079c800000,0x000000079c828000,0x000000079c880000)
  to   space 1024K, 0% used [0x000000079c680000,0x000000079c680000,0x000000079c780000)
 ParOldGen       total 173568K, used 5817K [0x00000006c2800000, 0x00000006cd180000, 0x000000076b800000)
  object space 173568K, 3% used [0x00000006c2800000,0x00000006c2dae5c0,0x00000006cd180000)
 Metaspace       used 8403K, capacity 8774K, committed 8960K, reserved 1056768K
  class space    used 662K, capacity 690K, committed 768K, reserved 1048576K
}
Event: 14.566 GC heap before
{Heap before GC invocations=45 (full 0):
 PSYoungGen      total 194560K, used 194208K [0x000000076b800000, 0x000000079c880000, 0x00000007c0000000)
  eden space 194048K, 100% used [0x000000076b800000,0x0000000777580000,0x0000000777580000)
  from space 512K, 31% used [0x000000079c800000,0x000000079c828000,0x000000079c880000)
  to   space 1024K, 0% used [0x000000079c680000,0x000000079c680000,0x000000079c780000)
 ParOldGen       total 173568K, used 5817K [0x00000006c2800000, 0x00000006cd180000, 0x000000076b800000)
  object space 173568K, 3% used [0x00000006c2800000,0x00000006c2dae5c0,0x00000006cd180000)
 Metaspace       used 8403K, capacity 8774K, committed 8960K, reserved 1056768K
  class space    used 662K, capacity 690K, committed 768K, reserved 1048576K
Event: 14.566 GC heap after
Heap after GC invocations=45 (full 0):
 PSYoungGen      total 187904K, used 224K [0x000000076b800000, 0x000000079c880000, 0x00000007c0000000)
  eden space 186880K, 0% used [0x000000076b800000,0x000000076b800000,0x0000000776e80000)
  from space 1024K, 21% used [0x000000079c680000,0x000000079c6b8000,0x000000079c780000)
  to   space 1024K, 0% used [0x000000079c780000,0x000000079c780000,0x000000079c880000)
 ParOldGen       total 173568K, used 5817K [0x00000006c2800000, 0x00000006cd180000, 0x000000076b800000)
  object space 173568K, 3% used [0x00000006c2800000,0x00000006c2dae5c0,0x00000006cd180000)
 Metaspace       used 8403K, capacity 8774K, committed 8960K, reserved 1056768K
  class space    used 662K, capacity 690K, committed 768K, reserved 1048576K
}

