# JRE version: Java(TM) SE Runtime Environment (8.0_65-b17) (build 1.8.0_65-b17)
# Java VM: Java HotSpot(TM) 64-Bit Server VM (25.65-b01 mixed mode windows-amd64 compressed oops)
Heap:
 PSYoungGen      total 293376K, used 61147K [0x000000076b800000, 0x00000007b7b80000, 0x00000007c0000000)
  eden space 291840K, 20% used [0x000000076b800000,0x000000076f386f68,0x000000077d500000)
  from space 1536K, 12% used [0x00000007b7880000,0x00000007b78b0000,0x00000007b7a00000)
  to   space 1536K, 0% used [0x00000007b7a00000,0x00000007b7a00000,0x00000007b7b80000)
 ParOldGen       total 173568K, used 20320K [0x00000006c2800000, 0x00000006cd180000, 0x000000076b800000)
  object space 173568K, 11% used [0x00000006c2800000,0x00000006c3bd81a0,0x00000006cd180000)
 Metaspace       used 8337K, capacity 8710K, committed 8960K, reserved 1056768K
  class space    used 659K, capacity 690K, committed 768K, reserved 1048576K
GC Heap History (10 events):
Event: 20.074 GC heap before
{Heap before GC invocations=41 (full 0):
 PSYoungGen      total 359936K, used 359680K [0x000000076b800000, 0x00000007b7e00000, 0x00000007c0000000)
  eden space 359424K, 100% used [0x000000076b800000,0x0000000781700000,0x0000000781700000)
  from space 512K, 50% used [0x00000007b7d80000,0x00000007b7dc0000,0x00000007b7e00000)
  to   space 2048K, 0% used [0x00000007b7a00000,0x00000007b7a00000,0x00000007b7c00000)
 ParOldGen       total 173568K, used 20320K [0x00000006c2800000, 0x00000006cd180000, 0x000000076b800000)
  object space 173568K, 11% used [0x00000006c2800000,0x00000006c3bd81a0,0x00000006cd180000)
 Metaspace       used 8337K, capacity 8710K, committed 8960K, reserved 1056768K
  class space    used 659K, capacity 690K, committed 768K, reserved 1048576K
Event: 20.074 GC heap after
Heap after GC invocations=41 (full 0):
 PSYoungGen      total 346624K, used 224K [0x000000076b800000, 0x00000007b7e00000, 0x00000007c0000000)
  eden space 344576K, 0% used [0x000000076b800000,0x000000076b800000,0x0000000780880000)
  from space 2048K, 10% used [0x00000007b7a00000,0x00000007b7a38000,0x00000007b7c00000)
  to   space 2048K, 0% used [0x00000007b7c00000,0x00000007b7c00000,0x00000007b7e00000)
 ParOldGen       total 173568K, used 20320K [0x00000006c2800000, 0x00000006cd180000, 0x000000076b800000)
  object space 173568K, 11% used [0x00000006c2800000,0x00000006c3bd81a0,0x00000006cd180000)
 Metaspace       used 8337K, capacity 8710K, committed 8960K, reserved 1056768K
  class space    used 659K, capacity 690K, committed 768K, reserved 1048576K
}
Event: 20.336 GC heap before
{Heap before GC invocations=42 (full 0):
 PSYoungGen      total 346624K, used 344800K [0x000000076b800000, 0x00000007b7e00000, 0x00000007c0000000)
  eden space 344576K, 100% used [0x000000076b800000,0x0000000780880000,0x0000000780880000)
  from space 2048K, 10% used [0x00000007b7a00000,0x00000007b7a38000,0x00000007b7c00000)
  to   space 2048K, 0% used [0x00000007b7c00000,0x00000007b7c00000,0x00000007b7e00000)
 ParOldGen       total 173568K, used 20320K [0x00000006c2800000, 0x00000006cd180000, 0x000000076b800000)
  object space 173568K, 11% used [0x00000006c2800000,0x00000006c3bd81a0,0x00000006cd180000)
 Metaspace       used 8337K, capacity 8710K, committed 8960K, reserved 1056768K
  class space    used 659K, capacity 690K, committed 768K, reserved 1048576K
Event: 20.337 GC heap after
Heap after GC invocations=42 (full 0):
 PSYoungGen      total 330752K, used 224K [0x000000076b800000, 0x00000007b7c80000, 0x00000007c0000000)
  eden space 330240K, 0% used [0x000000076b800000,0x000000076b800000,0x000000077fa80000)
  from space 512K, 43% used [0x00000007b7c00000,0x00000007b7c38000,0x00000007b7c80000)
  to   space 2048K, 0% used [0x00000007b7880000,0x00000007b7880000,0x00000007b7a80000)
 ParOldGen       total 173568K, used 20320K [0x00000006c2800000, 0x00000006cd180000, 0x000000076b800000)
  object space 173568K, 11% used [0x00000006c2800000,0x00000006c3bd81a0,0x00000006cd180000)
 Metaspace       used 8337K, capacity 8710K, committed 8960K, reserved 1056768K
  class space    used 659K, capacity 690K, committed 768K, reserved 1048576K
}
Event: 20.589 GC heap before
{Heap before GC invocations=43 (full 0):
 PSYoungGen      total 330752K, used 330464K [0x000000076b800000, 0x00000007b7c80000, 0x00000007c0000000)
  eden space 330240K, 100% used [0x000000076b800000,0x000000077fa80000,0x000000077fa80000)
  from space 512K, 43% used [0x00000007b7c00000,0x00000007b7c38000,0x00000007b7c80000)
  to   space 2048K, 0% used [0x00000007b7880000,0x00000007b7880000,0x00000007b7a80000)
 ParOldGen       total 173568K, used 20320K [0x00000006c2800000, 0x00000006cd180000, 0x000000076b800000)
  object space 173568K, 11% used [0x00000006c2800000,0x00000006c3bd81a0,0x00000006cd180000)
 Metaspace       used 8337K, capacity 8710K, committed 8960K, reserved 1056768K
  class space    used 659K, capacity 690K, committed 768K, reserved 1048576K
Event: 20.589 GC heap after
Heap after GC invocations=43 (full 0):
 PSYoungGen      total 318976K, used 224K [0x000000076b800000, 0x00000007b7c80000, 0x00000007c0000000)
  eden space 316928K, 0% used [0x000000076b800000,0x000000076b800000,0x000000077ed80000)
  from space 2048K, 10% used [0x00000007b7880000,0x00000007b78b8000,0x00000007b7a80000)
  to   space 1536K, 0% used [0x00000007b7b00000,0x00000007b7b00000,0x00000007b7c80000)
 ParOldGen       total 173568K, used 20320K [0x00000006c2800000, 0x00000006cd180000, 0x000000076b800000)
  object space 173568K, 11% used [0x00000006c2800000,0x00000006c3bd81a0,0x00000006cd180000)
 Metaspace       used 8337K, capacity 8710K, committed 8960K, reserved 1056768K
  class space    used 659K, capacity 690K, committed 768K, reserved 1048576K
}
Event: 20.954 GC heap before
{Heap before GC invocations=44 (full 0):
 PSYoungGen      total 318976K, used 317152K [0x000000076b800000, 0x00000007b7c80000, 0x00000007c0000000)
  eden space 316928K, 100% used [0x000000076b800000,0x000000077ed80000,0x000000077ed80000)
  from space 2048K, 10% used [0x00000007b7880000,0x00000007b78b8000,0x00000007b7a80000)
  to   space 1536K, 0% used [0x00000007b7b00000,0x00000007b7b00000,0x00000007b7c80000)
 ParOldGen       total 173568K, used 20320K [0x00000006c2800000, 0x00000006cd180000, 0x000000076b800000)
  object space 173568K, 11% used [0x00000006c2800000,0x00000006c3bd81a0,0x00000006cd180000)
 Metaspace       used 8337K, capacity 8710K, committed 8960K, reserved 1056768K
  class space    used 659K, capacity 690K, committed 768K, reserved 1048576K
Event: 20.954 GC heap after
Heap after GC invocations=44 (full 0):
 PSYoungGen      total 304640K, used 224K [0x000000076b800000, 0x00000007b7b80000, 0x00000007c0000000)
  eden space 304128K, 0% used [0x000000076b800000,0x000000076b800000,0x000000077e100000)
  from space 512K, 43% used [0x00000007b7b00000,0x00000007b7b38000,0x00000007b7b80000)
  to   space 1536K, 0% used [0x00000007b7880000,0x00000007b7880000,0x00000007b7a00000)
 ParOldGen       total 173568K, used 20320K [0x00000006c2800000, 0x00000006cd180000, 0x000000076b800000)
  object space 173568K, 11% used [0x00000006c2800000,0x00000006c3bd81a0,0x00000006cd180000)
 Metaspace       used 8337K, capacity 8710K, committed 8960K, reserved 1056768K
  class space    used 659K, capacity 690K, committed 768K, reserved 1048576K
}
Event: 21.278 GC heap before
{Heap before GC invocations=45 (full 0):
 PSYoungGen      total 304640K, used 304352K [0x000000076b800000, 0x00000007b7b80000, 0x00000007c0000000)
  eden space 304128K, 100% used [0x000000076b800000,0x000000077e100000,0x000000077e100000)
  from space 512K, 43% used [0x00000007b7b00000,0x00000007b7b38000,0x00000007b7b80000)
  to   space 1536K, 0% used [0x00000007b7880000,0x00000007b7880000,0x00000007b7a00000)
 ParOldGen       total 173568K, used 20320K [0x00000006c2800000, 0x00000006cd180000, 0x000000076b800000)
  object space 173568K, 11% used [0x00000006c2800000,0x00000006c3bd81a0,0x00000006cd180000)
 Metaspace       used 8337K, capacity 8710K, committed 8960K, reserved 1056768K
  class space    used 659K, capacity 690K, committed 768K, reserved 1048576K
Event: 21.278 GC heap after
Heap after GC invocations=45 (full 0):
 PSYoungGen      total 293376K, used 192K [0x000000076b800000, 0x00000007b7b80000, 0x00000007c0000000)
  eden space 291840K, 0% used [0x000000076b800000,0x000000076b800000,0x000000077d500000)
  from space 1536K, 12% used [0x00000007b7880000,0x00000007b78b0000,0x00000007b7a00000)
  to   space 1536K, 0% used [0x00000007b7a00000,0x00000007b7a00000,0x00000007b7b80000)
 ParOldGen       total 173568K, used 20320K [0x00000006c2800000, 0x00000006cd180000, 0x000000076b800000)
  object space 173568K, 11% used [0x00000006c2800000,0x00000006c3bd81a0,0x00000006cd180000)
 Metaspace       used 8337K, capacity 8710K, committed 8960K, reserved 1056768K
  class space    used 659K, capacity 690K, committed 768K, reserved 1048576K
}

