# JRE version: Java(TM) SE Runtime Environment (8.0_65-b17) (build 1.8.0_65-b17)
# Java VM: Java HotSpot(TM) 64-Bit Server VM (25.65-b01 mixed mode windows-amd64 compressed oops)
Heap:
 PSYoungGen      total 955392K, used 313959K [0x000000076b800000, 0x00000007abb80000, 0x00000007c0000000)
  eden space 954880K, 32% used [0x000000076b800000,0x000000077ea79f90,0x00000007a5c80000)
  from space 512K, 25% used [0x00000007abb00000,0x00000007abb20000,0x00000007abb80000)
  to   space 7680K, 0% used [0x00000007aac80000,0x00000007aac80000,0x00000007ab400000)
 ParOldGen       total 173568K, used 19562K [0x00000006c2800000, 0x00000006cd180000, 0x000000076b800000)
  object space 173568K, 11% used [0x00000006c2800000,0x00000006c3b1a860,0x00000006cd180000)
 Metaspace       used 8393K, capacity 8774K, committed 8960K, reserved 1056768K
  class space    used 661K, capacity 690K, committed 768K, reserved 1048576K
GC Heap History (10 events):
Event: 2.496 GC heap before
{Heap before GC invocations=12 (full 0):
 PSYoungGen      total 418816K, used 410272K [0x000000076b800000, 0x0000000794a00000, 0x00000007c0000000)
  eden space 410112K, 100% used [0x000000076b800000,0x0000000784880000,0x0000000784880000)
  from space 8704K, 1% used [0x0000000784880000,0x00000007848a8000,0x0000000785100000)
  to   space 8704K, 0% used [0x0000000794180000,0x0000000794180000,0x0000000794a00000)
 ParOldGen       total 173568K, used 19490K [0x00000006c2800000, 0x00000006cd180000, 0x000000076b800000)
  object space 173568K, 11% used [0x00000006c2800000,0x00000006c3b08860,0x00000006cd180000)
 Metaspace       used 8360K, capacity 8774K, committed 8960K, reserved 1056768K
  class space    used 661K, capacity 690K, committed 768K, reserved 1048576K
Event: 2.497 GC heap after
Heap after GC invocations=12 (full 0):
 PSYoungGen      total 665088K, used 160K [0x000000076b800000, 0x0000000794a00000, 0x00000007c0000000)
  eden space 656384K, 0% used [0x000000076b800000,0x000000076b800000,0x0000000793900000)
  from space 8704K, 1% used [0x0000000794180000,0x00000007941a8000,0x0000000794a00000)
  to   space 8704K, 0% used [0x0000000793900000,0x0000000793900000,0x0000000794180000)
 ParOldGen       total 173568K, used 19538K [0x00000006c2800000, 0x00000006cd180000, 0x000000076b800000)
  object space 173568K, 11% used [0x00000006c2800000,0x00000006c3b14860,0x00000006cd180000)
 Metaspace       used 8360K, capacity 8774K, committed 8960K, reserved 1056768K
  class space    used 661K, capacity 690K, committed 768K, reserved 1048576K
}
Event: 3.006 GC heap before
{Heap before GC invocations=13 (full 0):
 PSYoungGen      total 665088K, used 656544K [0x000000076b800000, 0x0000000794a00000, 0x00000007c0000000)
  eden space 656384K, 100% used [0x000000076b800000,0x0000000793900000,0x0000000793900000)
  from space 8704K, 1% used [0x0000000794180000,0x00000007941a8000,0x0000000794a00000)
  to   space 8704K, 0% used [0x0000000793900000,0x0000000793900000,0x0000000794180000)
 ParOldGen       total 173568K, used 19538K [0x00000006c2800000, 0x00000006cd180000, 0x000000076b800000)
  object space 173568K, 11% used [0x00000006c2800000,0x00000006c3b14860,0x00000006cd180000)
 Metaspace       used 8376K, capacity 8774K, committed 8960K, reserved 1056768K
  class space    used 661K, capacity 690K, committed 768K, reserved 1048576K
Event: 3.007 GC heap after
Heap after GC invocations=13 (full 0):
 PSYoungGen      total 665088K, used 128K [0x000000076b800000, 0x00000007acb00000, 0x00000007c0000000)
  eden space 656384K, 0% used [0x000000076b800000,0x000000076b800000,0x0000000793900000)
  from space 8704K, 1% used [0x0000000793900000,0x0000000793920000,0x0000000794180000)
  to   space 8704K, 0% used [0x00000007ac280000,0x00000007ac280000,0x00000007acb00000)
 ParOldGen       total 173568K, used 19554K [0x00000006c2800000, 0x00000006cd180000, 0x000000076b800000)
  object space 173568K, 11% used [0x00000006c2800000,0x00000006c3b18860,0x00000006cd180000)
 Metaspace       used 8376K, capacity 8774K, committed 8960K, reserved 1056768K
  class space    used 661K, capacity 690K, committed 768K, reserved 1048576K
}
Event: 3.511 GC heap before
{Heap before GC invocations=14 (full 0):
 PSYoungGen      total 665088K, used 656512K [0x000000076b800000, 0x00000007acb00000, 0x00000007c0000000)
  eden space 656384K, 100% used [0x000000076b800000,0x0000000793900000,0x0000000793900000)
  from space 8704K, 1% used [0x0000000793900000,0x0000000793920000,0x0000000794180000)
  to   space 8704K, 0% used [0x00000007ac280000,0x00000007ac280000,0x00000007acb00000)
 ParOldGen       total 173568K, used 19554K [0x00000006c2800000, 0x00000006cd180000, 0x000000076b800000)
  object space 173568K, 11% used [0x00000006c2800000,0x00000006c3b18860,0x00000006cd180000)
 Metaspace       used 8383K, capacity 8774K, committed 8960K, reserved 1056768K
  class space    used 661K, capacity 690K, committed 768K, reserved 1048576K
Event: 3.511 GC heap after
Heap after GC invocations=14 (full 0):
 PSYoungGen      total 1058304K, used 128K [0x000000076b800000, 0x00000007aca00000, 0x00000007c0000000)
  eden space 1050624K, 0% used [0x000000076b800000,0x000000076b800000,0x00000007aba00000)
  from space 7680K, 1% used [0x00000007ac280000,0x00000007ac2a0000,0x00000007aca00000)
  to   space 8192K, 0% used [0x00000007aba00000,0x00000007aba00000,0x00000007ac200000)
 ParOldGen       total 173568K, used 19562K [0x00000006c2800000, 0x00000006cd180000, 0x000000076b800000)
  object space 173568K, 11% used [0x00000006c2800000,0x00000006c3b1a860,0x00000006cd180000)
 Metaspace       used 8383K, capacity 8774K, committed 8960K, reserved 1056768K
  class space    used 661K, capacity 690K, committed 768K, reserved 1048576K
}
Event: 4.360 GC heap before
{Heap before GC invocations=15 (full 0):
 PSYoungGen      total 1058304K, used 1050752K [0x000000076b800000, 0x00000007aca00000, 0x00000007c0000000)
  eden space 1050624K, 100% used [0x000000076b800000,0x00000007aba00000,0x00000007aba00000)
  from space 7680K, 1% used [0x00000007ac280000,0x00000007ac2a0000,0x00000007aca00000)
  to   space 8192K, 0% used [0x00000007aba00000,0x00000007aba00000,0x00000007ac200000)
 ParOldGen       total 173568K, used 19562K [0x00000006c2800000, 0x00000006cd180000, 0x000000076b800000)
  object space 173568K, 11% used [0x00000006c2800000,0x00000006c3b1a860,0x00000006cd180000)
 Metaspace       used 8385K, capacity 8774K, committed 8960K, reserved 1056768K
  class space    used 661K, capacity 690K, committed 768K, reserved 1048576K
Event: 4.360 GC heap after
Heap after GC invocations=15 (full 0):
 PSYoungGen      total 1001984K, used 160K [0x000000076b800000, 0x00000007ac300000, 0x00000007c0000000)
  eden space 1001472K, 0% used [0x000000076b800000,0x000000076b800000,0x00000007a8a00000)
  from space 512K, 31% used [0x00000007aba00000,0x00000007aba28000,0x00000007aba80000)
  to   space 8192K, 0% used [0x00000007abb00000,0x00000007abb00000,0x00000007ac300000)
 ParOldGen       total 173568K, used 19562K [0x00000006c2800000, 0x00000006cd180000, 0x000000076b800000)
  object space 173568K, 11% used [0x00000006c2800000,0x00000006c3b1a860,0x00000006cd180000)
 Metaspace       used 8385K, capacity 8774K, committed 8960K, reserved 1056768K
  class space    used 661K, capacity 690K, committed 768K, reserved 1048576K
}
Event: 5.139 GC heap before
{Heap before GC invocations=16 (full 0):
 PSYoungGen      total 1001984K, used 1001632K [0x000000076b800000, 0x00000007ac300000, 0x00000007c0000000)
  eden space 1001472K, 100% used [0x000000076b800000,0x00000007a8a00000,0x00000007a8a00000)
  from space 512K, 31% used [0x00000007aba00000,0x00000007aba28000,0x00000007aba80000)
  to   space 8192K, 0% used [0x00000007abb00000,0x00000007abb00000,0x00000007ac300000)
 ParOldGen       total 173568K, used 19562K [0x00000006c2800000, 0x00000006cd180000, 0x000000076b800000)
  object space 173568K, 11% used [0x00000006c2800000,0x00000006c3b1a860,0x00000006cd180000)
 Metaspace       used 8393K, capacity 8774K, committed 8960K, reserved 1056768K
  class space    used 661K, capacity 690K, committed 768K, reserved 1048576K
Event: 5.140 GC heap after
Heap after GC invocations=16 (full 0):
 PSYoungGen      total 955392K, used 128K [0x000000076b800000, 0x00000007abb80000, 0x00000007c0000000)
  eden space 954880K, 0% used [0x000000076b800000,0x000000076b800000,0x00000007a5c80000)
  from space 512K, 25% used [0x00000007abb00000,0x00000007abb20000,0x00000007abb80000)
  to   space 7680K, 0% used [0x00000007aac80000,0x00000007aac80000,0x00000007ab400000)
 ParOldGen       total 173568K, used 19562K [0x00000006c2800000, 0x00000006cd180000, 0x000000076b800000)
  object space 173568K, 11% used [0x00000006c2800000,0x00000006c3b1a860,0x00000006cd180000)
 Metaspace       used 8393K, capacity 8774K, committed 8960K, reserved 1056768K
  class space    used 661K, capacity 690K, committed 768K, reserved 1048576K
}

