# JRE version: Java(TM) SE Runtime Environment (8.0_65-b17) (build 1.8.0_65-b17)
# Java VM: Java HotSpot(TM) 64-Bit Server VM (25.65-b01 mixed mode windows-amd64 compressed oops)
Heap:
 PSYoungGen      total 1230848K, used 61374K [0x000000076b800000, 0x00000007be680000, 0x00000007c0000000)
  eden space 1230336K, 4% used [0x000000076b800000,0x000000076f3b7b50,0x00000007b6980000)
  from space 512K, 43% used [0x00000007be600000,0x00000007be638000,0x00000007be680000)
  to   space 12288K, 0% used [0x00000007bce80000,0x00000007bce80000,0x00000007bda80000)
 ParOldGen       total 173568K, used 36587K [0x00000006c2800000, 0x00000006cd180000, 0x000000076b800000)
  object space 173568K, 21% used [0x00000006c2800000,0x00000006c4bbacb8,0x00000006cd180000)
 Metaspace       used 8314K, capacity 8710K, committed 8960K, reserved 1056768K
  class space    used 659K, capacity 690K, committed 768K, reserved 1048576K
GC Heap History (10 events):
Event: 2.815 GC heap before
{Heap before GC invocations=14 (full 0):
 PSYoungGen      total 670720K, used 655552K [0x000000076b800000, 0x00000007ad500000, 0x00000007c0000000)
  eden space 655360K, 100% used [0x000000076b800000,0x0000000793800000,0x0000000793800000)
  from space 15360K, 1% used [0x0000000793800000,0x0000000793830000,0x0000000794700000)
  to   space 14848K, 0% used [0x00000007ac680000,0x00000007ac680000,0x00000007ad500000)
 ParOldGen       total 173568K, used 36531K [0x00000006c2800000, 0x00000006cd180000, 0x000000076b800000)
  object space 173568K, 21% used [0x00000006c2800000,0x00000006c4baccb8,0x00000006cd180000)
 Metaspace       used 8299K, capacity 8710K, committed 8960K, reserved 1056768K
  class space    used 659K, capacity 690K, committed 768K, reserved 1048576K
Event: 2.816 GC heap after
Heap after GC invocations=14 (full 0):
 PSYoungGen      total 1062400K, used 224K [0x000000076b800000, 0x00000007ad400000, 0x00000007c0000000)
  eden space 1048576K, 0% used [0x000000076b800000,0x000000076b800000,0x00000007ab800000)
  from space 13824K, 1% used [0x00000007ac680000,0x00000007ac6b8000,0x00000007ad400000)
  to   space 14336K, 0% used [0x00000007ab800000,0x00000007ab800000,0x00000007ac600000)
 ParOldGen       total 173568K, used 36571K [0x00000006c2800000, 0x00000006cd180000, 0x000000076b800000)
  object space 173568K, 21% used [0x00000006c2800000,0x00000006c4bb6cb8,0x00000006cd180000)
 Metaspace       used 8299K, capacity 8710K, committed 8960K, reserved 1056768K
  class space    used 659K, capacity 690K, committed 768K, reserved 1048576K
}
Event: 3.663 GC heap before
{Heap before GC invocations=15 (full 0):
 PSYoungGen      total 1062400K, used 1048800K [0x000000076b800000, 0x00000007ad400000, 0x00000007c0000000)
  eden space 1048576K, 100% used [0x000000076b800000,0x00000007ab800000,0x00000007ab800000)
  from space 13824K, 1% used [0x00000007ac680000,0x00000007ac6b8000,0x00000007ad400000)
  to   space 14336K, 0% used [0x00000007ab800000,0x00000007ab800000,0x00000007ac600000)
 ParOldGen       total 173568K, used 36571K [0x00000006c2800000, 0x00000006cd180000, 0x000000076b800000)
  object space 173568K, 21% used [0x00000006c2800000,0x00000006c4bb6cb8,0x00000006cd180000)
 Metaspace       used 8305K, capacity 8710K, committed 8960K, reserved 1056768K
  class space    used 659K, capacity 690K, committed 768K, reserved 1048576K
Event: 3.664 GC heap after
Heap after GC invocations=15 (full 0):
 PSYoungGen      total 1062912K, used 224K [0x000000076b800000, 0x00000007bff80000, 0x00000007c0000000)
  eden space 1048576K, 0% used [0x000000076b800000,0x000000076b800000,0x00000007ab800000)
  from space 14336K, 1% used [0x00000007ab800000,0x00000007ab838000,0x00000007ac600000)
  to   space 13824K, 0% used [0x00000007bf200000,0x00000007bf200000,0x00000007bff80000)
 ParOldGen       total 173568K, used 36571K [0x00000006c2800000, 0x00000006cd180000, 0x000000076b800000)
  object space 173568K, 21% used [0x00000006c2800000,0x00000006c4bb6cb8,0x00000006cd180000)
 Metaspace       used 8305K, capacity 8710K, committed 8960K, reserved 1056768K
  class space    used 659K, capacity 690K, committed 768K, reserved 1048576K
}
Event: 4.495 GC heap before
{Heap before GC invocations=16 (full 0):
 PSYoungGen      total 1062912K, used 1048800K [0x000000076b800000, 0x00000007bff80000, 0x00000007c0000000)
  eden space 1048576K, 100% used [0x000000076b800000,0x00000007ab800000,0x00000007ab800000)
  from space 14336K, 1% used [0x00000007ab800000,0x00000007ab838000,0x00000007ac600000)
  to   space 13824K, 0% used [0x00000007bf200000,0x00000007bf200000,0x00000007bff80000)
 ParOldGen       total 173568K, used 36571K [0x00000006c2800000, 0x00000006cd180000, 0x000000076b800000)
  object space 173568K, 21% used [0x00000006c2800000,0x00000006c4bb6cb8,0x00000006cd180000)
 Metaspace       used 8306K, capacity 8710K, committed 8960K, reserved 1056768K
  class space    used 659K, capacity 690K, committed 768K, reserved 1048576K
Event: 4.496 GC heap after
Heap after GC invocations=16 (full 0):
 PSYoungGen      total 1369088K, used 192K [0x000000076b800000, 0x00000007bfe80000, 0x00000007c0000000)
  eden space 1356288K, 0% used [0x000000076b800000,0x000000076b800000,0x00000007be480000)
  from space 12800K, 1% used [0x00000007bf200000,0x00000007bf230000,0x00000007bfe80000)
  to   space 13312K, 0% used [0x00000007be480000,0x00000007be480000,0x00000007bf180000)
 ParOldGen       total 173568K, used 36571K [0x00000006c2800000, 0x00000006cd180000, 0x000000076b800000)
  object space 173568K, 21% used [0x00000006c2800000,0x00000006c4bb6cb8,0x00000006cd180000)
 Metaspace       used 8306K, capacity 8710K, committed 8960K, reserved 1056768K
  class space    used 659K, capacity 690K, committed 768K, reserved 1048576K
}
Event: 5.479 GC heap before
{Heap before GC invocations=17 (full 0):
 PSYoungGen      total 1369088K, used 1356480K [0x000000076b800000, 0x00000007bfe80000, 0x00000007c0000000)
  eden space 1356288K, 100% used [0x000000076b800000,0x00000007be480000,0x00000007be480000)
  from space 12800K, 1% used [0x00000007bf200000,0x00000007bf230000,0x00000007bfe80000)
  to   space 13312K, 0% used [0x00000007be480000,0x00000007be480000,0x00000007bf180000)
 ParOldGen       total 173568K, used 36571K [0x00000006c2800000, 0x00000006cd180000, 0x000000076b800000)
  object space 173568K, 21% used [0x00000006c2800000,0x00000006c4bb6cb8,0x00000006cd180000)
 Metaspace       used 8307K, capacity 8710K, committed 8960K, reserved 1056768K
  class space    used 659K, capacity 690K, committed 768K, reserved 1048576K
Event: 5.480 GC heap after
Heap after GC invocations=17 (full 0):
 PSYoungGen      total 1292288K, used 192K [0x000000076b800000, 0x00000007bf280000, 0x00000007c0000000)
  eden space 1291776K, 0% used [0x000000076b800000,0x000000076b800000,0x00000007ba580000)
  from space 512K, 37% used [0x00000007be480000,0x00000007be4b0000,0x00000007be500000)
  to   space 12800K, 0% used [0x00000007be600000,0x00000007be600000,0x00000007bf280000)
 ParOldGen       total 173568K, used 36571K [0x00000006c2800000, 0x00000006cd180000, 0x000000076b800000)
  object space 173568K, 21% used [0x00000006c2800000,0x00000006c4bb6cb8,0x00000006cd180000)
 Metaspace       used 8307K, capacity 8710K, committed 8960K, reserved 1056768K
  class space    used 659K, capacity 690K, committed 768K, reserved 1048576K
}
Event: 6.475 GC heap before
{Heap before GC invocations=18 (full 0):
 PSYoungGen      total 1292288K, used 1291968K [0x000000076b800000, 0x00000007bf280000, 0x00000007c0000000)
  eden space 1291776K, 100% used [0x000000076b800000,0x00000007ba580000,0x00000007ba580000)
  from space 512K, 37% used [0x00000007be480000,0x00000007be4b0000,0x00000007be500000)
  to   space 12800K, 0% used [0x00000007be600000,0x00000007be600000,0x00000007bf280000)
 ParOldGen       total 173568K, used 36571K [0x00000006c2800000, 0x00000006cd180000, 0x000000076b800000)
  object space 173568K, 21% used [0x00000006c2800000,0x00000006c4bb6cb8,0x00000006cd180000)
 Metaspace       used 8314K, capacity 8710K, committed 8960K, reserved 1056768K
  class space    used 659K, capacity 690K, committed 768K, reserved 1048576K
Event: 6.475 GC heap after
Heap after GC invocations=18 (full 0):
 PSYoungGen      total 1230848K, used 224K [0x000000076b800000, 0x00000007be680000, 0x00000007c0000000)
  eden space 1230336K, 0% used [0x000000076b800000,0x000000076b800000,0x00000007b6980000)
  from space 512K, 43% used [0x00000007be600000,0x00000007be638000,0x00000007be680000)
  to   space 12288K, 0% used [0x00000007bce80000,0x00000007bce80000,0x00000007bda80000)
 ParOldGen       total 173568K, used 36587K [0x00000006c2800000, 0x00000006cd180000, 0x000000076b800000)
  object space 173568K, 21% used [0x00000006c2800000,0x00000006c4bbacb8,0x00000006cd180000)
 Metaspace       used 8314K, capacity 8710K, committed 8960K, reserved 1056768K
  class space    used 659K, capacity 690K, committed 768K, reserved 1048576K
}

