# JRE version: Java(TM) SE Runtime Environment (8.0_65-b17) (build 1.8.0_65-b17)
# Java VM: Java HotSpot(TM) 64-Bit Server VM (25.65-b01 mixed mode windows-amd64 compressed oops)
Heap:
 PSYoungGen      total 235008K, used 79265K [0x000000076b800000, 0x00000007baa80000, 0x00000007c0000000)
  eden space 233472K, 33% used [0x000000076b800000,0x0000000770530568,0x0000000779c00000)
  from space 1536K, 14% used [0x00000007ba780000,0x00000007ba7b8000,0x00000007ba900000)
  to   space 1536K, 0% used [0x00000007ba900000,0x00000007ba900000,0x00000007baa80000)
 ParOldGen       total 173568K, used 31600K [0x00000006c2800000, 0x00000006cd180000, 0x000000076b800000)
  object space 173568K, 18% used [0x00000006c2800000,0x00000006c46dc398,0x00000006cd180000)
 Metaspace       used 8399K, capacity 8774K, committed 8960K, reserved 1056768K
  class space    used 662K, capacity 690K, committed 768K, reserved 1048576K
GC Heap History (10 events):
Event: 17.912 GC heap before
{Heap before GC invocations=45 (full 0):
 PSYoungGen      total 285184K, used 284896K [0x000000076b800000, 0x00000007bad00000, 0x00000007c0000000)
  eden space 284672K, 100% used [0x000000076b800000,0x000000077ce00000,0x000000077ce00000)
  from space 512K, 43% used [0x00000007bac80000,0x00000007bacb8000,0x00000007bad00000)
  to   space 2048K, 0% used [0x00000007ba900000,0x00000007ba900000,0x00000007bab00000)
 ParOldGen       total 173568K, used 31592K [0x00000006c2800000, 0x00000006cd180000, 0x000000076b800000)
  object space 173568K, 18% used [0x00000006c2800000,0x00000006c46da398,0x00000006cd180000)
 Metaspace       used 8398K, capacity 8774K, committed 8960K, reserved 1056768K
  class space    used 662K, capacity 690K, committed 768K, reserved 1048576K
Event: 17.912 GC heap after
Heap after GC invocations=45 (full 0):
 PSYoungGen      total 275456K, used 224K [0x000000076b800000, 0x00000007bad00000, 0x00000007c0000000)
  eden space 273408K, 0% used [0x000000076b800000,0x000000076b800000,0x000000077c300000)
  from space 2048K, 10% used [0x00000007ba900000,0x00000007ba938000,0x00000007bab00000)
  to   space 2048K, 0% used [0x00000007bab00000,0x00000007bab00000,0x00000007bad00000)
 ParOldGen       total 173568K, used 31592K [0x00000006c2800000, 0x00000006cd180000, 0x000000076b800000)
  object space 173568K, 18% used [0x00000006c2800000,0x00000006c46da398,0x00000006cd180000)
 Metaspace       used 8398K, capacity 8774K, committed 8960K, reserved 1056768K
  class space    used 662K, capacity 690K, committed 768K, reserved 1048576K
}
Event: 18.216 GC heap before
{Heap before GC invocations=46 (full 0):
 PSYoungGen      total 275456K, used 273632K [0x000000076b800000, 0x00000007bad00000, 0x00000007c0000000)
  eden space 273408K, 100% used [0x000000076b800000,0x000000077c300000,0x000000077c300000)
  from space 2048K, 10% used [0x00000007ba900000,0x00000007ba938000,0x00000007bab00000)
  to   space 2048K, 0% used [0x00000007bab00000,0x00000007bab00000,0x00000007bad00000)
 ParOldGen       total 173568K, used 31592K [0x00000006c2800000, 0x00000006cd180000, 0x000000076b800000)
  object space 173568K, 18% used [0x00000006c2800000,0x00000006c46da398,0x00000006cd180000)
 Metaspace       used 8398K, capacity 8774K, committed 8960K, reserved 1056768K
  class space    used 662K, capacity 690K, committed 768K, reserved 1048576K
Event: 18.216 GC heap after
Heap after GC invocations=46 (full 0):
 PSYoungGen      total 263168K, used 224K [0x000000076b800000, 0x00000007bab80000, 0x00000007c0000000)
  eden space 262656K, 0% used [0x000000076b800000,0x000000076b800000,0x000000077b880000)
  from space 512K, 43% used [0x00000007bab00000,0x00000007bab38000,0x00000007bab80000)
  to   space 1536K, 0% used [0x00000007ba880000,0x00000007ba880000,0x00000007baa00000)
 ParOldGen       total 173568K, used 31592K [0x00000006c2800000, 0x00000006cd180000, 0x000000076b800000)
  object space 173568K, 18% used [0x00000006c2800000,0x00000006c46da398,0x00000006cd180000)
 Metaspace       used 8398K, capacity 8774K, committed 8960K, reserved 1056768K
  class space    used 662K, capacity 690K, committed 768K, reserved 1048576K
}
Event: 18.423 GC heap before
{Heap before GC invocations=47 (full 0):
 PSYoungGen      total 263168K, used 262880K [0x000000076b800000, 0x00000007bab80000, 0x00000007c0000000)
  eden space 262656K, 100% used [0x000000076b800000,0x000000077b880000,0x000000077b880000)
  from space 512K, 43% used [0x00000007bab00000,0x00000007bab38000,0x00000007bab80000)
  to   space 1536K, 0% used [0x00000007ba880000,0x00000007ba880000,0x00000007baa00000)
 ParOldGen       total 173568K, used 31592K [0x00000006c2800000, 0x00000006cd180000, 0x000000076b800000)
  object space 173568K, 18% used [0x00000006c2800000,0x00000006c46da398,0x00000006cd180000)
 Metaspace       used 8398K, capacity 8774K, committed 8960K, reserved 1056768K
  class space    used 662K, capacity 690K, committed 768K, reserved 1048576K
Event: 18.424 GC heap after
Heap after GC invocations=47 (full 0):
 PSYoungGen      total 253952K, used 160K [0x000000076b800000, 0x00000007bab80000, 0x00000007c0000000)
  eden space 252416K, 0% used [0x000000076b800000,0x000000076b800000,0x000000077ae80000)
  from space 1536K, 10% used [0x00000007ba880000,0x00000007ba8a8000,0x00000007baa00000)
  to   space 1536K, 0% used [0x00000007baa00000,0x00000007baa00000,0x00000007bab80000)
 ParOldGen       total 173568K, used 31592K [0x00000006c2800000, 0x00000006cd180000, 0x000000076b800000)
  object space 173568K, 18% used [0x00000006c2800000,0x00000006c46da398,0x00000006cd180000)
 Metaspace       used 8398K, capacity 8774K, committed 8960K, reserved 1056768K
  class space    used 662K, capacity 690K, committed 768K, reserved 1048576K
}
Event: 18.643 GC heap before
{Heap before GC invocations=48 (full 0):
 PSYoungGen      total 253952K, used 252576K [0x000000076b800000, 0x00000007bab80000, 0x00000007c0000000)
  eden space 252416K, 100% used [0x000000076b800000,0x000000077ae80000,0x000000077ae80000)
  from space 1536K, 10% used [0x00000007ba880000,0x00000007ba8a8000,0x00000007baa00000)
  to   space 1536K, 0% used [0x00000007baa00000,0x00000007baa00000,0x00000007bab80000)
 ParOldGen       total 173568K, used 31592K [0x00000006c2800000, 0x00000006cd180000, 0x000000076b800000)
  object space 173568K, 18% used [0x00000006c2800000,0x00000006c46da398,0x00000006cd180000)
 Metaspace       used 8399K, capacity 8774K, committed 8960K, reserved 1056768K
  class space    used 662K, capacity 690K, committed 768K, reserved 1048576K
Event: 18.644 GC heap after
Heap after GC invocations=48 (full 0):
 PSYoungGen      total 243200K, used 224K [0x000000076b800000, 0x00000007baa80000, 0x00000007c0000000)
  eden space 242688K, 0% used [0x000000076b800000,0x000000076b800000,0x000000077a500000)
  from space 512K, 43% used [0x00000007baa00000,0x00000007baa38000,0x00000007baa80000)
  to   space 1536K, 0% used [0x00000007ba780000,0x00000007ba780000,0x00000007ba900000)
 ParOldGen       total 173568K, used 31600K [0x00000006c2800000, 0x00000006cd180000, 0x000000076b800000)
  object space 173568K, 18% used [0x00000006c2800000,0x00000006c46dc398,0x00000006cd180000)
 Metaspace       used 8399K, capacity 8774K, committed 8960K, reserved 1056768K
  class space    used 662K, capacity 690K, committed 768K, reserved 1048576K
}
Event: 18.821 GC heap before
{Heap before GC invocations=49 (full 0):
 PSYoungGen      total 243200K, used 242912K [0x000000076b800000, 0x00000007baa80000, 0x00000007c0000000)
  eden space 242688K, 100% used [0x000000076b800000,0x000000077a500000,0x000000077a500000)
  from space 512K, 43% used [0x00000007baa00000,0x00000007baa38000,0x00000007baa80000)
  to   space 1536K, 0% used [0x00000007ba780000,0x00000007ba780000,0x00000007ba900000)
 ParOldGen       total 173568K, used 31600K [0x00000006c2800000, 0x00000006cd180000, 0x000000076b800000)
  object space 173568K, 18% used [0x00000006c2800000,0x00000006c46dc398,0x00000006cd180000)
 Metaspace       used 8399K, capacity 8774K, committed 8960K, reserved 1056768K
  class space    used 662K, capacity 690K, committed 768K, reserved 1048576K
Event: 18.822 GC heap after
Heap after GC invocations=49 (full 0):
 PSYoungGen      total 235008K, used 224K [0x000000076b800000, 0x00000007baa80000, 0x00000007c0000000)
  eden space 233472K, 0% used [0x000000076b800000,0x000000076b800000,0x0000000779c00000)
  from space 1536K, 14% used [0x00000007ba780000,0x00000007ba7b8000,0x00000007ba900000)
  to   space 1536K, 0% used [0x00000007ba900000,0x00000007ba900000,0x00000007baa80000)
 ParOldGen       total 173568K, used 31600K [0x00000006c2800000, 0x00000006cd180000, 0x000000076b800000)
  object space 173568K, 18% used [0x00000006c2800000,0x00000006c46dc398,0x00000006cd180000)
 Metaspace       used 8399K, capacity 8774K, committed 8960K, reserved 1056768K
  class space    used 662K, capacity 690K, committed 768K, reserved 1048576K
}

