# JRE version: Java(TM) SE Runtime Environment (8.0_65-b17) (build 1.8.0_65-b17)
# Java VM: Java HotSpot(TM) 64-Bit Server VM (25.65-b01 mixed mode windows-amd64 compressed oops)
Heap:
 PSYoungGen      total 235520K, used 58931K [0x000000076b800000, 0x00000007bb680000, 0x00000007c0000000)
  eden space 233984K, 25% used [0x000000076b800000,0x000000076f164eb8,0x0000000779c80000)
  from space 1536K, 10% used [0x00000007bb380000,0x00000007bb3a8000,0x00000007bb500000)
  to   space 1536K, 0% used [0x00000007bb500000,0x00000007bb500000,0x00000007bb680000)
 ParOldGen       total 173568K, used 26434K [0x00000006c2800000, 0x00000006cd180000, 0x000000076b800000)
  object space 173568K, 15% used [0x00000006c2800000,0x00000006c41d0908,0x00000006cd180000)
 Metaspace       used 8363K, capacity 8774K, committed 8960K, reserved 1056768K
  class space    used 659K, capacity 690K, committed 768K, reserved 1048576K
GC Heap History (10 events):
Event: 11.031 GC heap before
{Heap before GC invocations=45 (full 0):
 PSYoungGen      total 285696K, used 285440K [0x000000076b800000, 0x00000007bb880000, 0x00000007c0000000)
  eden space 285184K, 100% used [0x000000076b800000,0x000000077ce80000,0x000000077ce80000)
  from space 512K, 50% used [0x00000007bb800000,0x00000007bb840000,0x00000007bb880000)
  to   space 2048K, 0% used [0x00000007bb480000,0x00000007bb480000,0x00000007bb680000)
 ParOldGen       total 173568K, used 26434K [0x00000006c2800000, 0x00000006cd180000, 0x000000076b800000)
  object space 173568K, 15% used [0x00000006c2800000,0x00000006c41d0908,0x00000006cd180000)
 Metaspace       used 8363K, capacity 8774K, committed 8960K, reserved 1056768K
  class space    used 659K, capacity 690K, committed 768K, reserved 1048576K
Event: 11.031 GC heap after
Heap after GC invocations=45 (full 0):
 PSYoungGen      total 275968K, used 224K [0x000000076b800000, 0x00000007bb880000, 0x00000007c0000000)
  eden space 273920K, 0% used [0x000000076b800000,0x000000076b800000,0x000000077c380000)
  from space 2048K, 10% used [0x00000007bb480000,0x00000007bb4b8000,0x00000007bb680000)
  to   space 1536K, 0% used [0x00000007bb700000,0x00000007bb700000,0x00000007bb880000)
 ParOldGen       total 173568K, used 26434K [0x00000006c2800000, 0x00000006cd180000, 0x000000076b800000)
  object space 173568K, 15% used [0x00000006c2800000,0x00000006c41d0908,0x00000006cd180000)
 Metaspace       used 8363K, capacity 8774K, committed 8960K, reserved 1056768K
  class space    used 659K, capacity 690K, committed 768K, reserved 1048576K
}
Event: 11.155 GC heap before
{Heap before GC invocations=46 (full 0):
 PSYoungGen      total 275968K, used 274144K [0x000000076b800000, 0x00000007bb880000, 0x00000007c0000000)
  eden space 273920K, 100% used [0x000000076b800000,0x000000077c380000,0x000000077c380000)
  from space 2048K, 10% used [0x00000007bb480000,0x00000007bb4b8000,0x00000007bb680000)
  to   space 1536K, 0% used [0x00000007bb700000,0x00000007bb700000,0x00000007bb880000)
 ParOldGen       total 173568K, used 26434K [0x00000006c2800000, 0x00000006cd180000, 0x000000076b800000)
  object space 173568K, 15% used [0x00000006c2800000,0x00000006c41d0908,0x00000006cd180000)
 Metaspace       used 8363K, capacity 8774K, committed 8960K, reserved 1056768K
  class space    used 659K, capacity 690K, committed 768K, reserved 1048576K
Event: 11.155 GC heap after
Heap after GC invocations=46 (full 0):
 PSYoungGen      total 263680K, used 224K [0x000000076b800000, 0x00000007bb780000, 0x00000007c0000000)
  eden space 263168K, 0% used [0x000000076b800000,0x000000076b800000,0x000000077b900000)
  from space 512K, 43% used [0x00000007bb700000,0x00000007bb738000,0x00000007bb780000)
  to   space 1536K, 0% used [0x00000007bb480000,0x00000007bb480000,0x00000007bb600000)
 ParOldGen       total 173568K, used 26434K [0x00000006c2800000, 0x00000006cd180000, 0x000000076b800000)
  object space 173568K, 15% used [0x00000006c2800000,0x00000006c41d0908,0x00000006cd180000)
 Metaspace       used 8363K, capacity 8774K, committed 8960K, reserved 1056768K
  class space    used 659K, capacity 690K, committed 768K, reserved 1048576K
}
Event: 11.321 GC heap before
{Heap before GC invocations=47 (full 0):
 PSYoungGen      total 263680K, used 263392K [0x000000076b800000, 0x00000007bb780000, 0x00000007c0000000)
  eden space 263168K, 100% used [0x000000076b800000,0x000000077b900000,0x000000077b900000)
  from space 512K, 43% used [0x00000007bb700000,0x00000007bb738000,0x00000007bb780000)
  to   space 1536K, 0% used [0x00000007bb480000,0x00000007bb480000,0x00000007bb600000)
 ParOldGen       total 173568K, used 26434K [0x00000006c2800000, 0x00000006cd180000, 0x000000076b800000)
  object space 173568K, 15% used [0x00000006c2800000,0x00000006c41d0908,0x00000006cd180000)
 Metaspace       used 8363K, capacity 8774K, committed 8960K, reserved 1056768K
  class space    used 659K, capacity 690K, committed 768K, reserved 1048576K
Event: 11.322 GC heap after
Heap after GC invocations=47 (full 0):
 PSYoungGen      total 254464K, used 224K [0x000000076b800000, 0x00000007bb780000, 0x00000007c0000000)
  eden space 252928K, 0% used [0x000000076b800000,0x000000076b800000,0x000000077af00000)
  from space 1536K, 14% used [0x00000007bb480000,0x00000007bb4b8000,0x00000007bb600000)
  to   space 1536K, 0% used [0x00000007bb600000,0x00000007bb600000,0x00000007bb780000)
 ParOldGen       total 173568K, used 26434K [0x00000006c2800000, 0x00000006cd180000, 0x000000076b800000)
  object space 173568K, 15% used [0x00000006c2800000,0x00000006c41d0908,0x00000006cd180000)
 Metaspace       used 8363K, capacity 8774K, committed 8960K, reserved 1056768K
  class space    used 659K, capacity 690K, committed 768K, reserved 1048576K
}
Event: 11.448 GC heap before
{Heap before GC invocations=48 (full 0):
 PSYoungGen      total 254464K, used 253152K [0x000000076b800000, 0x00000007bb780000, 0x00000007c0000000)
  eden space 252928K, 100% used [0x000000076b800000,0x000000077af00000,0x000000077af00000)
  from space 1536K, 14% used [0x00000007bb480000,0x00000007bb4b8000,0x00000007bb600000)
  to   space 1536K, 0% used [0x00000007bb600000,0x00000007bb600000,0x00000007bb780000)
 ParOldGen       total 173568K, used 26434K [0x00000006c2800000, 0x00000006cd180000, 0x000000076b800000)
  object space 173568K, 15% used [0x00000006c2800000,0x00000006c41d0908,0x00000006cd180000)
 Metaspace       used 8363K, capacity 8774K, committed 8960K, reserved 1056768K
  class space    used 659K, capacity 690K, committed 768K, reserved 1048576K
Event: 11.449 GC heap after
Heap after GC invocations=48 (full 0):
 PSYoungGen      total 243712K, used 224K [0x000000076b800000, 0x00000007bb680000, 0x00000007c0000000)
  eden space 243200K, 0% used [0x000000076b800000,0x000000076b800000,0x000000077a580000)
  from space 512K, 43% used [0x00000007bb600000,0x00000007bb638000,0x00000007bb680000)
  to   space 1536K, 0% used [0x00000007bb380000,0x00000007bb380000,0x00000007bb500000)
 ParOldGen       total 173568K, used 26434K [0x00000006c2800000, 0x00000006cd180000, 0x000000076b800000)
  object space 173568K, 15% used [0x00000006c2800000,0x00000006c41d0908,0x00000006cd180000)
 Metaspace       used 8363K, capacity 8774K, committed 8960K, reserved 1056768K
  class space    used 659K, capacity 690K, committed 768K, reserved 1048576K
}
Event: 11.556 GC heap before
{Heap before GC invocations=49 (full 0):
 PSYoungGen      total 243712K, used 243424K [0x000000076b800000, 0x00000007bb680000, 0x00000007c0000000)
  eden space 243200K, 100% used [0x000000076b800000,0x000000077a580000,0x000000077a580000)
  from space 512K, 43% used [0x00000007bb600000,0x00000007bb638000,0x00000007bb680000)
  to   space 1536K, 0% used [0x00000007bb380000,0x00000007bb380000,0x00000007bb500000)
 ParOldGen       total 173568K, used 26434K [0x00000006c2800000, 0x00000006cd180000, 0x000000076b800000)
  object space 173568K, 15% used [0x00000006c2800000,0x00000006c41d0908,0x00000006cd180000)
 Metaspace       used 8363K, capacity 8774K, committed 8960K, reserved 1056768K
  class space    used 659K, capacity 690K, committed 768K, reserved 1048576K
Event: 11.557 GC heap after
Heap after GC invocations=49 (full 0):
 PSYoungGen      total 235520K, used 160K [0x000000076b800000, 0x00000007bb680000, 0x00000007c0000000)
  eden space 233984K, 0% used [0x000000076b800000,0x000000076b800000,0x0000000779c80000)
  from space 1536K, 10% used [0x00000007bb380000,0x00000007bb3a8000,0x00000007bb500000)
  to   space 1536K, 0% used [0x00000007bb500000,0x00000007bb500000,0x00000007bb680000)
 ParOldGen       total 173568K, used 26434K [0x00000006c2800000, 0x00000006cd180000, 0x000000076b800000)
  object space 173568K, 15% used [0x00000006c2800000,0x00000006c41d0908,0x00000006cd180000)
 Metaspace       used 8363K, capacity 8774K, committed 8960K, reserved 1056768K
  class space    used 659K, capacity 690K, committed 768K, reserved 1048576K
}

