# JRE version: Java(TM) SE Runtime Environment (8.0_65-b17) (build 1.8.0_65-b17)
# Java VM: Java HotSpot(TM) 64-Bit Server VM (25.65-b01 mixed mode windows-amd64 compressed oops)
Heap:
 PSYoungGen      total 112640K, used 63821K [0x000000076b800000, 0x0000000791e00000, 0x00000007c0000000)
  eden space 112128K, 56% used [0x000000076b800000,0x000000076f623478,0x0000000772580000)
  from space 512K, 37% used [0x0000000791d80000,0x0000000791db0000,0x0000000791e00000)
  to   space 512K, 0% used [0x0000000791d00000,0x0000000791d00000,0x0000000791d80000)
 ParOldGen       total 173568K, used 10286K [0x00000006c2800000, 0x00000006cd180000, 0x000000076b800000)
  object space 173568K, 5% used [0x00000006c2800000,0x00000006c320ba80,0x00000006cd180000)
 Metaspace       used 8422K, capacity 8774K, committed 8960K, reserved 1056768K
  class space    used 662K, capacity 690K, committed 768K, reserved 1048576K
GC Heap History (10 events):
Event: 50.697 GC heap before
{Heap before GC invocations=1034 (full 0):
 PSYoungGen      total 105984K, used 105600K [0x000000076b800000, 0x0000000791e00000, 0x00000007c0000000)
  eden space 105472K, 100% used [0x000000076b800000,0x0000000771f00000,0x0000000771f00000)
  from space 512K, 25% used [0x0000000791d00000,0x0000000791d20000,0x0000000791d80000)
  to   space 512K, 0% used [0x0000000791d80000,0x0000000791d80000,0x0000000791e00000)
 ParOldGen       total 173568K, used 10286K [0x00000006c2800000, 0x00000006cd180000, 0x000000076b800000)
  object space 173568K, 5% used [0x00000006c2800000,0x00000006c320ba80,0x00000006cd180000)
 Metaspace       used 8422K, capacity 8774K, committed 8960K, reserved 1056768K
  class space    used 662K, capacity 690K, committed 768K, reserved 1048576K
Event: 50.698 GC heap after
Heap after GC invocations=1034 (full 0):
 PSYoungGen      total 127488K, used 256K [0x000000076b800000, 0x0000000791e00000, 0x00000007c0000000)
  eden space 126976K, 0% used [0x000000076b800000,0x000000076b800000,0x0000000773400000)
  from space 512K, 50% used [0x0000000791d80000,0x0000000791dc0000,0x0000000791e00000)
  to   space 512K, 0% used [0x0000000791d00000,0x0000000791d00000,0x0000000791d80000)
 ParOldGen       total 173568K, used 10286K [0x00000006c2800000, 0x00000006cd180000, 0x000000076b800000)
  object space 173568K, 5% used [0x00000006c2800000,0x00000006c320ba80,0x00000006cd180000)
 Metaspace       used 8422K, capacity 8774K, committed 8960K, reserved 1056768K
  class space    used 662K, capacity 690K, committed 768K, reserved 1048576K
}
Event: 50.759 GC heap before
{Heap before GC invocations=1035 (full 0):
 PSYoungGen      total 127488K, used 127232K [0x000000076b800000, 0x0000000791e00000, 0x00000007c0000000)
  eden space 126976K, 100% used [0x000000076b800000,0x0000000773400000,0x0000000773400000)
  from space 512K, 50% used [0x0000000791d80000,0x0000000791dc0000,0x0000000791e00000)
  to   space 512K, 0% used [0x0000000791d00000,0x0000000791d00000,0x0000000791d80000)
 ParOldGen       total 173568K, used 10286K [0x00000006c2800000, 0x00000006cd180000, 0x000000076b800000)
  object space 173568K, 5% used [0x00000006c2800000,0x00000006c320ba80,0x00000006cd180000)
 Metaspace       used 8422K, capacity 8774K, committed 8960K, reserved 1056768K
  class space    used 662K, capacity 690K, committed 768K, reserved 1048576K
Event: 50.759 GC heap after
Heap after GC invocations=1035 (full 0):
 PSYoungGen      total 123392K, used 192K [0x000000076b800000, 0x0000000791e00000, 0x00000007c0000000)
  eden space 122880K, 0% used [0x000000076b800000,0x000000076b800000,0x0000000773000000)
  from space 512K, 37% used [0x0000000791d00000,0x0000000791d30000,0x0000000791d80000)
  to   space 512K, 0% used [0x0000000791d80000,0x0000000791d80000,0x0000000791e00000)
 ParOldGen       total 173568K, used 10286K [0x00000006c2800000, 0x00000006cd180000, 0x000000076b800000)
  object space 173568K, 5% used [0x00000006c2800000,0x00000006c320ba80,0x00000006cd180000)
 Metaspace       used 8422K, capacity 8774K, committed 8960K, reserved 1056768K
  class space    used 662K, capacity 690K, committed 768K, reserved 1048576K
}
Event: 50.819 GC heap before
{Heap before GC invocations=1036 (full 0):
 PSYoungGen      total 123392K, used 123072K [0x000000076b800000, 0x0000000791e00000, 0x00000007c0000000)
  eden space 122880K, 100% used [0x000000076b800000,0x0000000773000000,0x0000000773000000)
  from space 512K, 37% used [0x0000000791d00000,0x0000000791d30000,0x0000000791d80000)
  to   space 512K, 0% used [0x0000000791d80000,0x0000000791d80000,0x0000000791e00000)
 ParOldGen       total 173568K, used 10286K [0x00000006c2800000, 0x00000006cd180000, 0x000000076b800000)
  object space 173568K, 5% used [0x00000006c2800000,0x00000006c320ba80,0x00000006cd180000)
 Metaspace       used 8422K, capacity 8774K, committed 8960K, reserved 1056768K
  class space    used 662K, capacity 690K, committed 768K, reserved 1048576K
Event: 50.819 GC heap after
Heap after GC invocations=1036 (full 0):
 PSYoungGen      total 119808K, used 192K [0x000000076b800000, 0x0000000791e00000, 0x00000007c0000000)
  eden space 119296K, 0% used [0x000000076b800000,0x000000076b800000,0x0000000772c80000)
  from space 512K, 37% used [0x0000000791d80000,0x0000000791db0000,0x0000000791e00000)
  to   space 512K, 0% used [0x0000000791d00000,0x0000000791d00000,0x0000000791d80000)
 ParOldGen       total 173568K, used 10286K [0x00000006c2800000, 0x00000006cd180000, 0x000000076b800000)
  object space 173568K, 5% used [0x00000006c2800000,0x00000006c320ba80,0x00000006cd180000)
 Metaspace       used 8422K, capacity 8774K, committed 8960K, reserved 1056768K
  class space    used 662K, capacity 690K, committed 768K, reserved 1048576K
}
Event: 50.871 GC heap before
{Heap before GC invocations=1037 (full 0):
 PSYoungGen      total 119808K, used 119488K [0x000000076b800000, 0x0000000791e00000, 0x00000007c0000000)
  eden space 119296K, 100% used [0x000000076b800000,0x0000000772c80000,0x0000000772c80000)
  from space 512K, 37% used [0x0000000791d80000,0x0000000791db0000,0x0000000791e00000)
  to   space 512K, 0% used [0x0000000791d00000,0x0000000791d00000,0x0000000791d80000)
 ParOldGen       total 173568K, used 10286K [0x00000006c2800000, 0x00000006cd180000, 0x000000076b800000)
  object space 173568K, 5% used [0x00000006c2800000,0x00000006c320ba80,0x00000006cd180000)
 Metaspace       used 8422K, capacity 8774K, committed 8960K, reserved 1056768K
  class space    used 662K, capacity 690K, committed 768K, reserved 1048576K
Event: 50.871 GC heap after
Heap after GC invocations=1037 (full 0):
 PSYoungGen      total 116224K, used 160K [0x000000076b800000, 0x0000000791e00000, 0x00000007c0000000)
  eden space 115712K, 0% used [0x000000076b800000,0x000000076b800000,0x0000000772900000)
  from space 512K, 31% used [0x0000000791d00000,0x0000000791d28000,0x0000000791d80000)
  to   space 512K, 0% used [0x0000000791d80000,0x0000000791d80000,0x0000000791e00000)
 ParOldGen       total 173568K, used 10286K [0x00000006c2800000, 0x00000006cd180000, 0x000000076b800000)
  object space 173568K, 5% used [0x00000006c2800000,0x00000006c320ba80,0x00000006cd180000)
 Metaspace       used 8422K, capacity 8774K, committed 8960K, reserved 1056768K
  class space    used 662K, capacity 690K, committed 768K, reserved 1048576K
}
Event: 50.928 GC heap before
{Heap before GC invocations=1038 (full 0):
 PSYoungGen      total 116224K, used 115872K [0x000000076b800000, 0x0000000791e00000, 0x00000007c0000000)
  eden space 115712K, 100% used [0x000000076b800000,0x0000000772900000,0x0000000772900000)
  from space 512K, 31% used [0x0000000791d00000,0x0000000791d28000,0x0000000791d80000)
  to   space 512K, 0% used [0x0000000791d80000,0x0000000791d80000,0x0000000791e00000)
 ParOldGen       total 173568K, used 10286K [0x00000006c2800000, 0x00000006cd180000, 0x000000076b800000)
  object space 173568K, 5% used [0x00000006c2800000,0x00000006c320ba80,0x00000006cd180000)
 Metaspace       used 8422K, capacity 8774K, committed 8960K, reserved 1056768K
  class space    used 662K, capacity 690K, committed 768K, reserved 1048576K
Event: 50.928 GC heap after
Heap after GC invocations=1038 (full 0):
 PSYoungGen      total 112640K, used 192K [0x000000076b800000, 0x0000000791e00000, 0x00000007c0000000)
  eden space 112128K, 0% used [0x000000076b800000,0x000000076b800000,0x0000000772580000)
  from space 512K, 37% used [0x0000000791d80000,0x0000000791db0000,0x0000000791e00000)
  to   space 512K, 0% used [0x0000000791d00000,0x0000000791d00000,0x0000000791d80000)
 ParOldGen       total 173568K, used 10286K [0x00000006c2800000, 0x00000006cd180000, 0x000000076b800000)
  object space 173568K, 5% used [0x00000006c2800000,0x00000006c320ba80,0x00000006cd180000)
 Metaspace       used 8422K, capacity 8774K, committed 8960K, reserved 1056768K
  class space    used 662K, capacity 690K, committed 768K, reserved 1048576K
}

