# JRE version: Java(TM) SE Runtime Environment (8.0_65-b17) (build 1.8.0_65-b17)
# Java VM: Java HotSpot(TM) 64-Bit Server VM (25.65-b01 mixed mode windows-amd64 compressed oops)
Heap:
 PSYoungGen      total 889856K, used 827481K [0x000000076b800000, 0x00000007bd300000, 0x00000007c0000000)
  eden space 882688K, 93% used [0x000000076b800000,0x000000079dfd6618,0x00000007a1600000)
  from space 7168K, 3% used [0x00000007bc500000,0x00000007bc540000,0x00000007bcc00000)
  to   space 6656K, 0% used [0x00000007bcc80000,0x00000007bcc80000,0x00000007bd300000)
 ParOldGen       total 173568K, used 31525K [0x00000006c2800000, 0x00000006cd180000, 0x000000076b800000)
  object space 173568K, 18% used [0x00000006c2800000,0x00000006c46c9548,0x00000006cd180000)
 Metaspace       used 8274K, capacity 8646K, committed 8960K, reserved 1056768K
  class space    used 654K, capacity 690K, committed 768K, reserved 1048576K
GC Heap History (10 events):
Event: 9.375 GC heap before
{Heap before GC invocations=21 (full 0):
 PSYoungGen      total 1121792K, used 1121472K [0x000000076b800000, 0x00000007be200000, 0x00000007c0000000)
  eden space 1121280K, 100% used [0x000000076b800000,0x00000007aff00000,0x00000007aff00000)
  from space 512K, 37% used [0x00000007be180000,0x00000007be1b0000,0x00000007be200000)
  to   space 9216K, 0% used [0x00000007bd000000,0x00000007bd000000,0x00000007bd900000)
 ParOldGen       total 173568K, used 31517K [0x00000006c2800000, 0x00000006cd180000, 0x000000076b800000)
  object space 173568K, 18% used [0x00000006c2800000,0x00000006c46c7548,0x00000006cd180000)
 Metaspace       used 8272K, capacity 8646K, committed 8960K, reserved 1056768K
  class space    used 654K, capacity 690K, committed 768K, reserved 1048576K
Event: 9.376 GC heap after
Heap after GC invocations=21 (full 0):
 PSYoungGen      total 1077760K, used 160K [0x000000076b800000, 0x00000007be200000, 0x00000007c0000000)
  eden space 1068544K, 0% used [0x000000076b800000,0x000000076b800000,0x00000007acb80000)
  from space 9216K, 1% used [0x00000007bd000000,0x00000007bd028000,0x00000007bd900000)
  to   space 8704K, 0% used [0x00000007bd980000,0x00000007bd980000,0x00000007be200000)
 ParOldGen       total 173568K, used 31525K [0x00000006c2800000, 0x00000006cd180000, 0x000000076b800000)
  object space 173568K, 18% used [0x00000006c2800000,0x00000006c46c9548,0x00000006cd180000)
 Metaspace       used 8272K, capacity 8646K, committed 8960K, reserved 1056768K
  class space    used 654K, capacity 690K, committed 768K, reserved 1048576K
}
Event: 10.274 GC heap before
{Heap before GC invocations=22 (full 0):
 PSYoungGen      total 1077760K, used 1068704K [0x000000076b800000, 0x00000007be200000, 0x00000007c0000000)
  eden space 1068544K, 100% used [0x000000076b800000,0x00000007acb80000,0x00000007acb80000)
  from space 9216K, 1% used [0x00000007bd000000,0x00000007bd028000,0x00000007bd900000)
  to   space 8704K, 0% used [0x00000007bd980000,0x00000007bd980000,0x00000007be200000)
 ParOldGen       total 173568K, used 31525K [0x00000006c2800000, 0x00000006cd180000, 0x000000076b800000)
  object space 173568K, 18% used [0x00000006c2800000,0x00000006c46c9548,0x00000006cd180000)
 Metaspace       used 8272K, capacity 8646K, committed 8960K, reserved 1056768K
  class space    used 654K, capacity 690K, committed 768K, reserved 1048576K
Event: 10.275 GC heap after
Heap after GC invocations=22 (full 0):
 PSYoungGen      total 1018880K, used 128K [0x000000076b800000, 0x00000007bda00000, 0x00000007c0000000)
  eden space 1018368K, 0% used [0x000000076b800000,0x000000076b800000,0x00000007a9a80000)
  from space 512K, 25% used [0x00000007bd980000,0x00000007bd9a0000,0x00000007bda00000)
  to   space 8192K, 0% used [0x00000007bca00000,0x00000007bca00000,0x00000007bd200000)
 ParOldGen       total 173568K, used 31525K [0x00000006c2800000, 0x00000006cd180000, 0x000000076b800000)
  object space 173568K, 18% used [0x00000006c2800000,0x00000006c46c9548,0x00000006cd180000)
 Metaspace       used 8272K, capacity 8646K, committed 8960K, reserved 1056768K
  class space    used 654K, capacity 690K, committed 768K, reserved 1048576K
}
Event: 11.081 GC heap before
{Heap before GC invocations=23 (full 0):
 PSYoungGen      total 1018880K, used 1018496K [0x000000076b800000, 0x00000007bda00000, 0x00000007c0000000)
  eden space 1018368K, 100% used [0x000000076b800000,0x00000007a9a80000,0x00000007a9a80000)
  from space 512K, 25% used [0x00000007bd980000,0x00000007bd9a0000,0x00000007bda00000)
  to   space 8192K, 0% used [0x00000007bca00000,0x00000007bca00000,0x00000007bd200000)
 ParOldGen       total 173568K, used 31525K [0x00000006c2800000, 0x00000006cd180000, 0x000000076b800000)
  object space 173568K, 18% used [0x00000006c2800000,0x00000006c46c9548,0x00000006cd180000)
 Metaspace       used 8272K, capacity 8646K, committed 8960K, reserved 1056768K
  class space    used 654K, capacity 690K, committed 768K, reserved 1048576K
Event: 11.082 GC heap after
Heap after GC invocations=23 (full 0):
 PSYoungGen      total 978944K, used 160K [0x000000076b800000, 0x00000007bda00000, 0x00000007c0000000)
  eden space 970752K, 0% used [0x000000076b800000,0x000000076b800000,0x00000007a6c00000)
  from space 8192K, 1% used [0x00000007bca00000,0x00000007bca28000,0x00000007bd200000)
  to   space 7680K, 0% used [0x00000007bd280000,0x00000007bd280000,0x00000007bda00000)
 ParOldGen       total 173568K, used 31525K [0x00000006c2800000, 0x00000006cd180000, 0x000000076b800000)
  object space 173568K, 18% used [0x00000006c2800000,0x00000006c46c9548,0x00000006cd180000)
 Metaspace       used 8272K, capacity 8646K, committed 8960K, reserved 1056768K
  class space    used 654K, capacity 690K, committed 768K, reserved 1048576K
}
Event: 11.848 GC heap before
{Heap before GC invocations=24 (full 0):
 PSYoungGen      total 978944K, used 970912K [0x000000076b800000, 0x00000007bda00000, 0x00000007c0000000)
  eden space 970752K, 100% used [0x000000076b800000,0x00000007a6c00000,0x00000007a6c00000)
  from space 8192K, 1% used [0x00000007bca00000,0x00000007bca28000,0x00000007bd200000)
  to   space 7680K, 0% used [0x00000007bd280000,0x00000007bd280000,0x00000007bda00000)
 ParOldGen       total 173568K, used 31525K [0x00000006c2800000, 0x00000006cd180000, 0x000000076b800000)
  object space 173568K, 18% used [0x00000006c2800000,0x00000006c46c9548,0x00000006cd180000)
 Metaspace       used 8273K, capacity 8646K, committed 8960K, reserved 1056768K
  class space    used 654K, capacity 690K, committed 768K, reserved 1048576K
Event: 11.849 GC heap after
Heap after GC invocations=24 (full 0):
 PSYoungGen      total 926208K, used 128K [0x000000076b800000, 0x00000007bd300000, 0x00000007c0000000)
  eden space 925696K, 0% used [0x000000076b800000,0x000000076b800000,0x00000007a4000000)
  from space 512K, 25% used [0x00000007bd280000,0x00000007bd2a0000,0x00000007bd300000)
  to   space 7168K, 0% used [0x00000007bc500000,0x00000007bc500000,0x00000007bcc00000)
 ParOldGen       total 173568K, used 31525K [0x00000006c2800000, 0x00000006cd180000, 0x000000076b800000)
  object space 173568K, 18% used [0x00000006c2800000,0x00000006c46c9548,0x00000006cd180000)
 Metaspace       used 8273K, capacity 8646K, committed 8960K, reserved 1056768K
  class space    used 654K, capacity 690K, committed 768K, reserved 1048576K
}
Event: 12.676 GC heap before
{Heap before GC invocations=25 (full 0):
 PSYoungGen      total 926208K, used 925824K [0x000000076b800000, 0x00000007bd300000, 0x00000007c0000000)
  eden space 925696K, 100% used [0x000000076b800000,0x00000007a4000000,0x00000007a4000000)
  from space 512K, 25% used [0x00000007bd280000,0x00000007bd2a0000,0x00000007bd300000)
  to   space 7168K, 0% used [0x00000007bc500000,0x00000007bc500000,0x00000007bcc00000)
 ParOldGen       total 173568K, used 31525K [0x00000006c2800000, 0x00000006cd180000, 0x000000076b800000)
  object space 173568K, 18% used [0x00000006c2800000,0x00000006c46c9548,0x00000006cd180000)
 Metaspace       used 8273K, capacity 8646K, committed 8960K, reserved 1056768K
  class space    used 654K, capacity 690K, committed 768K, reserved 1048576K
Event: 12.677 GC heap after
Heap after GC invocations=25 (full 0):
 PSYoungGen      total 889856K, used 256K [0x000000076b800000, 0x00000007bd300000, 0x00000007c0000000)
  eden space 882688K, 0% used [0x000000076b800000,0x000000076b800000,0x00000007a1600000)
  from space 7168K, 3% used [0x00000007bc500000,0x00000007bc540000,0x00000007bcc00000)
  to   space 6656K, 0% used [0x00000007bcc80000,0x00000007bcc80000,0x00000007bd300000)
 ParOldGen       total 173568K, used 31525K [0x00000006c2800000, 0x00000006cd180000, 0x000000076b800000)
  object space 173568K, 18% used [0x00000006c2800000,0x00000006c46c9548,0x00000006cd180000)
 Metaspace       used 8273K, capacity 8646K, committed 8960K, reserved 1056768K
  class space    used 654K, capacity 690K, committed 768K, reserved 1048576K
}

