# JRE version: Java(TM) SE Runtime Environment (8.0_65-b17) (build 1.8.0_65-b17)
# Java VM: Java HotSpot(TM) 64-Bit Server VM (25.65-b01 mixed mode windows-amd64 compressed oops)
Heap:
 PSYoungGen      total 1371648K, used 27399K [0x000000076b800000, 0x00000007bfe80000, 0x00000007c0000000)
  eden space 1361408K, 1% used [0x000000076b800000,0x000000076d289e38,0x00000007be980000)
  from space 10240K, 2% used [0x00000007bf480000,0x00000007bf4b8000,0x00000007bfe80000)
  to   space 10752K, 0% used [0x00000007be980000,0x00000007be980000,0x00000007bf400000)
 ParOldGen       total 173568K, used 30635K [0x00000006c2800000, 0x00000006cd180000, 0x000000076b800000)
  object space 173568K, 17% used [0x00000006c2800000,0x00000006c45eac10,0x00000006cd180000)
 Metaspace       used 8343K, capacity 8710K, committed 8960K, reserved 1056768K
  class space    used 660K, capacity 690K, committed 768K, reserved 1048576K
GC Heap History (10 events):
Event: 1.684 GC heap before
{Heap before GC invocations=12 (full 0):
 PSYoungGen      total 419328K, used 407200K [0x000000076b800000, 0x0000000794c80000, 0x00000007c0000000)
  eden space 406528K, 100% used [0x000000076b800000,0x0000000784500000,0x0000000784500000)
  from space 12800K, 5% used [0x0000000784500000,0x00000007845a8000,0x0000000785180000)
  to   space 12800K, 0% used [0x0000000794000000,0x0000000794000000,0x0000000794c80000)
 ParOldGen       total 173568K, used 30035K [0x00000006c2800000, 0x00000006cd180000, 0x000000076b800000)
  object space 173568K, 17% used [0x00000006c2800000,0x00000006c4554c10,0x00000006cd180000)
 Metaspace       used 8294K, capacity 8710K, committed 8960K, reserved 1056768K
  class space    used 660K, capacity 690K, committed 768K, reserved 1048576K
Event: 1.685 GC heap after
Heap after GC invocations=12 (full 0):
 PSYoungGen      total 662528K, used 128K [0x000000076b800000, 0x0000000794b80000, 0x00000007c0000000)
  eden space 650752K, 0% used [0x000000076b800000,0x000000076b800000,0x0000000793380000)
  from space 11776K, 1% used [0x0000000794000000,0x0000000794020000,0x0000000794b80000)
  to   space 12288K, 0% used [0x0000000793380000,0x0000000793380000,0x0000000793f80000)
 ParOldGen       total 173568K, used 30587K [0x00000006c2800000, 0x00000006cd180000, 0x000000076b800000)
  object space 173568K, 17% used [0x00000006c2800000,0x00000006c45dec10,0x00000006cd180000)
 Metaspace       used 8294K, capacity 8710K, committed 8960K, reserved 1056768K
  class space    used 660K, capacity 690K, committed 768K, reserved 1048576K
}
Event: 2.173 GC heap before
{Heap before GC invocations=13 (full 0):
 PSYoungGen      total 662528K, used 650880K [0x000000076b800000, 0x0000000794b80000, 0x00000007c0000000)
  eden space 650752K, 100% used [0x000000076b800000,0x0000000793380000,0x0000000793380000)
  from space 11776K, 1% used [0x0000000794000000,0x0000000794020000,0x0000000794b80000)
  to   space 12288K, 0% used [0x0000000793380000,0x0000000793380000,0x0000000793f80000)
 ParOldGen       total 173568K, used 30587K [0x00000006c2800000, 0x00000006cd180000, 0x000000076b800000)
  object space 173568K, 17% used [0x00000006c2800000,0x00000006c45dec10,0x00000006cd180000)
 Metaspace       used 8319K, capacity 8710K, committed 8960K, reserved 1056768K
  class space    used 660K, capacity 690K, committed 768K, reserved 1048576K
Event: 2.174 GC heap after
Heap after GC invocations=13 (full 0):
 PSYoungGen      total 663040K, used 224K [0x000000076b800000, 0x00000007ac900000, 0x00000007c0000000)
  eden space 650752K, 0% used [0x000000076b800000,0x000000076b800000,0x0000000793380000)
  from space 12288K, 1% used [0x0000000793380000,0x00000007933b8000,0x0000000793f80000)
  to   space 12288K, 0% used [0x00000007abd00000,0x00000007abd00000,0x00000007ac900000)
 ParOldGen       total 173568K, used 30587K [0x00000006c2800000, 0x00000006cd180000, 0x000000076b800000)
  object space 173568K, 17% used [0x00000006c2800000,0x00000006c45dec10,0x00000006cd180000)
 Metaspace       used 8319K, capacity 8710K, committed 8960K, reserved 1056768K
  class space    used 660K, capacity 690K, committed 768K, reserved 1048576K
}
Event: 2.656 GC heap before
{Heap before GC invocations=14 (full 0):
 PSYoungGen      total 663040K, used 650976K [0x000000076b800000, 0x00000007ac900000, 0x00000007c0000000)
  eden space 650752K, 100% used [0x000000076b800000,0x0000000793380000,0x0000000793380000)
  from space 12288K, 1% used [0x0000000793380000,0x00000007933b8000,0x0000000793f80000)
  to   space 12288K, 0% used [0x00000007abd00000,0x00000007abd00000,0x00000007ac900000)
 ParOldGen       total 173568K, used 30587K [0x00000006c2800000, 0x00000006cd180000, 0x000000076b800000)
  object space 173568K, 17% used [0x00000006c2800000,0x00000006c45dec10,0x00000006cd180000)
 Metaspace       used 8325K, capacity 8710K, committed 8960K, reserved 1056768K
  class space    used 660K, capacity 690K, committed 768K, reserved 1048576K
Event: 2.656 GC heap after
Heap after GC invocations=14 (full 0):
 PSYoungGen      total 1052672K, used 224K [0x000000076b800000, 0x00000007ac800000, 0x00000007c0000000)
  eden space 1041408K, 0% used [0x000000076b800000,0x000000076b800000,0x00000007ab100000)
  from space 11264K, 1% used [0x00000007abd00000,0x00000007abd38000,0x00000007ac800000)
  to   space 11776K, 0% used [0x00000007ab100000,0x00000007ab100000,0x00000007abc80000)
 ParOldGen       total 173568K, used 30611K [0x00000006c2800000, 0x00000006cd180000, 0x000000076b800000)
  object space 173568K, 17% used [0x00000006c2800000,0x00000006c45e4c10,0x00000006cd180000)
 Metaspace       used 8325K, capacity 8710K, committed 8960K, reserved 1056768K
  class space    used 660K, capacity 690K, committed 768K, reserved 1048576K
}
Event: 3.444 GC heap before
{Heap before GC invocations=15 (full 0):
 PSYoungGen      total 1052672K, used 1041632K [0x000000076b800000, 0x00000007ac800000, 0x00000007c0000000)
  eden space 1041408K, 100% used [0x000000076b800000,0x00000007ab100000,0x00000007ab100000)
  from space 11264K, 1% used [0x00000007abd00000,0x00000007abd38000,0x00000007ac800000)
  to   space 11776K, 0% used [0x00000007ab100000,0x00000007ab100000,0x00000007abc80000)
 ParOldGen       total 173568K, used 30611K [0x00000006c2800000, 0x00000006cd180000, 0x000000076b800000)
  object space 173568K, 17% used [0x00000006c2800000,0x00000006c45e4c10,0x00000006cd180000)
 Metaspace       used 8333K, capacity 8710K, committed 8960K, reserved 1056768K
  class space    used 660K, capacity 690K, committed 768K, reserved 1048576K
Event: 3.445 GC heap after
Heap after GC invocations=15 (full 0):
 PSYoungGen      total 1053184K, used 256K [0x000000076b800000, 0x00000007bff80000, 0x00000007c0000000)
  eden space 1041408K, 0% used [0x000000076b800000,0x000000076b800000,0x00000007ab100000)
  from space 11776K, 2% used [0x00000007ab100000,0x00000007ab140000,0x00000007abc80000)
  to   space 11264K, 0% used [0x00000007bf480000,0x00000007bf480000,0x00000007bff80000)
 ParOldGen       total 173568K, used 30611K [0x00000006c2800000, 0x00000006cd180000, 0x000000076b800000)
  object space 173568K, 17% used [0x00000006c2800000,0x00000006c45e4c10,0x00000006cd180000)
 Metaspace       used 8333K, capacity 8710K, committed 8960K, reserved 1056768K
  class space    used 660K, capacity 690K, committed 768K, reserved 1048576K
}
Event: 4.283 GC heap before
{Heap before GC invocations=16 (full 0):
 PSYoungGen      total 1053184K, used 1041664K [0x000000076b800000, 0x00000007bff80000, 0x00000007c0000000)
  eden space 1041408K, 100% used [0x000000076b800000,0x00000007ab100000,0x00000007ab100000)
  from space 11776K, 2% used [0x00000007ab100000,0x00000007ab140000,0x00000007abc80000)
  to   space 11264K, 0% used [0x00000007bf480000,0x00000007bf480000,0x00000007bff80000)
 ParOldGen       total 173568K, used 30611K [0x00000006c2800000, 0x00000006cd180000, 0x000000076b800000)
  object space 173568K, 17% used [0x00000006c2800000,0x00000006c45e4c10,0x00000006cd180000)
 Metaspace       used 8343K, capacity 8710K, committed 8960K, reserved 1056768K
  class space    used 660K, capacity 690K, committed 768K, reserved 1048576K
Event: 4.284 GC heap after
Heap after GC invocations=16 (full 0):
 PSYoungGen      total 1371648K, used 224K [0x000000076b800000, 0x00000007bfe80000, 0x00000007c0000000)
  eden space 1361408K, 0% used [0x000000076b800000,0x000000076b800000,0x00000007be980000)
  from space 10240K, 2% used [0x00000007bf480000,0x00000007bf4b8000,0x00000007bfe80000)
  to   space 10752K, 0% used [0x00000007be980000,0x00000007be980000,0x00000007bf400000)
 ParOldGen       total 173568K, used 30635K [0x00000006c2800000, 0x00000006cd180000, 0x000000076b800000)
  object space 173568K, 17% used [0x00000006c2800000,0x00000006c45eac10,0x00000006cd180000)
 Metaspace       used 8343K, capacity 8710K, committed 8960K, reserved 1056768K
  class space    used 660K, capacity 690K, committed 768K, reserved 1048576K
}

