# JRE version: Java(TM) SE Runtime Environment (8.0_65-b17) (build 1.8.0_65-b17)
# Java VM: Java HotSpot(TM) 64-Bit Server VM (25.65-b01 mixed mode windows-amd64 compressed oops)
Heap:
 PSYoungGen      total 136192K, used 95300K [0x000000076b800000, 0x0000000784700000, 0x00000007c0000000)
  eden space 134656K, 70% used [0x000000076b800000,0x0000000771501088,0x0000000773b80000)
  from space 1536K, 4% used [0x0000000784400000,0x0000000784410000,0x0000000784580000)
  to   space 1024K, 0% used [0x0000000784600000,0x0000000784600000,0x0000000784700000)
 ParOldGen       total 173568K, used 1236K [0x00000006c2800000, 0x00000006cd180000, 0x000000076b800000)
  object space 173568K, 0% used [0x00000006c2800000,0x00000006c2935060,0x00000006cd180000)
 Metaspace       used 7962K, capacity 8550K, committed 8704K, reserved 1056768K
  class space    used 642K, capacity 658K, committed 768K, reserved 1048576K
GC Heap History (10 events):
Event: 3.365 GC heap before
{Heap before GC invocations=23 (full 0):
 PSYoungGen      total 160256K, used 159808K [0x000000076b800000, 0x0000000784900000, 0x00000007c0000000)
  eden space 159744K, 100% used [0x000000076b800000,0x0000000775400000,0x0000000775400000)
  from space 512K, 12% used [0x0000000784880000,0x0000000784890000,0x0000000784900000)
  to   space 1536K, 0% used [0x0000000784600000,0x0000000784600000,0x0000000784780000)
 ParOldGen       total 173568K, used 1236K [0x00000006c2800000, 0x00000006cd180000, 0x000000076b800000)
  object space 173568K, 0% used [0x00000006c2800000,0x00000006c2935060,0x00000006cd180000)
 Metaspace       used 7962K, capacity 8550K, committed 8704K, reserved 1056768K
  class space    used 642K, capacity 658K, committed 768K, reserved 1048576K
Event: 3.366 GC heap after
Heap after GC invocations=23 (full 0):
 PSYoungGen      total 155648K, used 64K [0x000000076b800000, 0x0000000784900000, 0x00000007c0000000)
  eden space 154112K, 0% used [0x000000076b800000,0x000000076b800000,0x0000000774e80000)
  from space 1536K, 4% used [0x0000000784600000,0x0000000784610000,0x0000000784780000)
  to   space 1536K, 0% used [0x0000000784780000,0x0000000784780000,0x0000000784900000)
 ParOldGen       total 173568K, used 1236K [0x00000006c2800000, 0x00000006cd180000, 0x000000076b800000)
  object space 173568K, 0% used [0x00000006c2800000,0x00000006c2935060,0x00000006cd180000)
 Metaspace       used 7962K, capacity 8550K, committed 8704K, reserved 1056768K
  class space    used 642K, capacity 658K, committed 768K, reserved 1048576K
}
Event: 3.527 GC heap before
{Heap before GC invocations=24 (full 0):
 PSYoungGen      total 155648K, used 154176K [0x000000076b800000, 0x0000000784900000, 0x00000007c0000000)
  eden space 154112K, 100% used [0x000000076b800000,0x0000000774e80000,0x0000000774e80000)
  from space 1536K, 4% used [0x0000000784600000,0x0000000784610000,0x0000000784780000)
  to   space 1536K, 0% used [0x0000000784780000,0x0000000784780000,0x0000000784900000)
 ParOldGen       total 173568K, used 1236K [0x00000006c2800000, 0x00000006cd180000, 0x000000076b800000)
  object space 173568K, 0% used [0x00000006c2800000,0x00000006c2935060,0x00000006cd180000)
 Metaspace       used 7962K, capacity 8550K, committed 8704K, reserved 1056768K
  class space    used 642K, capacity 658K, committed 768K, reserved 1048576K
Event: 3.527 GC heap after
Heap after GC invocations=24 (full 0):
 PSYoungGen      total 149504K, used 32K [0x000000076b800000, 0x0000000784800000, 0x00000007c0000000)
  eden space 148992K, 0% used [0x000000076b800000,0x000000076b800000,0x0000000774980000)
  from space 512K, 6% used [0x0000000784780000,0x0000000784788000,0x0000000784800000)
  to   space 1536K, 0% used [0x0000000784500000,0x0000000784500000,0x0000000784680000)
 ParOldGen       total 173568K, used 1236K [0x00000006c2800000, 0x00000006cd180000, 0x000000076b800000)
  object space 173568K, 0% used [0x00000006c2800000,0x00000006c2935060,0x00000006cd180000)
 Metaspace       used 7962K, capacity 8550K, committed 8704K, reserved 1056768K
  class space    used 642K, capacity 658K, committed 768K, reserved 1048576K
}
Event: 3.651 GC heap before
{Heap before GC invocations=25 (full 0):
 PSYoungGen      total 149504K, used 149024K [0x000000076b800000, 0x0000000784800000, 0x00000007c0000000)
  eden space 148992K, 100% used [0x000000076b800000,0x0000000774980000,0x0000000774980000)
  from space 512K, 6% used [0x0000000784780000,0x0000000784788000,0x0000000784800000)
  to   space 1536K, 0% used [0x0000000784500000,0x0000000784500000,0x0000000784680000)
 ParOldGen       total 173568K, used 1236K [0x00000006c2800000, 0x00000006cd180000, 0x000000076b800000)
  object space 173568K, 0% used [0x00000006c2800000,0x00000006c2935060,0x00000006cd180000)
 Metaspace       used 7962K, capacity 8550K, committed 8704K, reserved 1056768K
  class space    used 642K, capacity 658K, committed 768K, reserved 1048576K
Event: 3.652 GC heap after
Heap after GC invocations=25 (full 0):
 PSYoungGen      total 145408K, used 32K [0x000000076b800000, 0x0000000784800000, 0x00000007c0000000)
  eden space 143872K, 0% used [0x000000076b800000,0x000000076b800000,0x0000000774480000)
  from space 1536K, 2% used [0x0000000784500000,0x0000000784508000,0x0000000784680000)
  to   space 1536K, 0% used [0x0000000784680000,0x0000000784680000,0x0000000784800000)
 ParOldGen       total 173568K, used 1236K [0x00000006c2800000, 0x00000006cd180000, 0x000000076b800000)
  object space 173568K, 0% used [0x00000006c2800000,0x00000006c2935060,0x00000006cd180000)
 Metaspace       used 7962K, capacity 8550K, committed 8704K, reserved 1056768K
  class space    used 642K, capacity 658K, committed 768K, reserved 1048576K
}
Event: 3.768 GC heap before
{Heap before GC invocations=26 (full 0):
 PSYoungGen      total 145408K, used 143904K [0x000000076b800000, 0x0000000784800000, 0x00000007c0000000)
  eden space 143872K, 100% used [0x000000076b800000,0x0000000774480000,0x0000000774480000)
  from space 1536K, 2% used [0x0000000784500000,0x0000000784508000,0x0000000784680000)
  to   space 1536K, 0% used [0x0000000784680000,0x0000000784680000,0x0000000784800000)
 ParOldGen       total 173568K, used 1236K [0x00000006c2800000, 0x00000006cd180000, 0x000000076b800000)
  object space 173568K, 0% used [0x00000006c2800000,0x00000006c2935060,0x00000006cd180000)
 Metaspace       used 7962K, capacity 8550K, committed 8704K, reserved 1056768K
  class space    used 642K, capacity 658K, committed 768K, reserved 1048576K
Event: 3.768 GC heap after
Heap after GC invocations=26 (full 0):
 PSYoungGen      total 139776K, used 64K [0x000000076b800000, 0x0000000784700000, 0x00000007c0000000)
  eden space 139264K, 0% used [0x000000076b800000,0x000000076b800000,0x0000000774000000)
  from space 512K, 12% used [0x0000000784680000,0x0000000784690000,0x0000000784700000)
  to   space 1536K, 0% used [0x0000000784400000,0x0000000784400000,0x0000000784580000)
 ParOldGen       total 173568K, used 1236K [0x00000006c2800000, 0x00000006cd180000, 0x000000076b800000)
  object space 173568K, 0% used [0x00000006c2800000,0x00000006c2935060,0x00000006cd180000)
 Metaspace       used 7962K, capacity 8550K, committed 8704K, reserved 1056768K
  class space    used 642K, capacity 658K, committed 768K, reserved 1048576K
}
Event: 3.919 GC heap before
{Heap before GC invocations=27 (full 0):
 PSYoungGen      total 139776K, used 139328K [0x000000076b800000, 0x0000000784700000, 0x00000007c0000000)
  eden space 139264K, 100% used [0x000000076b800000,0x0000000774000000,0x0000000774000000)
  from space 512K, 12% used [0x0000000784680000,0x0000000784690000,0x0000000784700000)
  to   space 1536K, 0% used [0x0000000784400000,0x0000000784400000,0x0000000784580000)
 ParOldGen       total 173568K, used 1236K [0x00000006c2800000, 0x00000006cd180000, 0x000000076b800000)
  object space 173568K, 0% used [0x00000006c2800000,0x00000006c2935060,0x00000006cd180000)
 Metaspace       used 7962K, capacity 8550K, committed 8704K, reserved 1056768K
  class space    used 642K, capacity 658K, committed 768K, reserved 1048576K
Event: 3.919 GC heap after
Heap after GC invocations=27 (full 0):
 PSYoungGen      total 136192K, used 64K [0x000000076b800000, 0x0000000784700000, 0x00000007c0000000)
  eden space 134656K, 0% used [0x000000076b800000,0x000000076b800000,0x0000000773b80000)
  from space 1536K, 4% used [0x0000000784400000,0x0000000784410000,0x0000000784580000)
  to   space 1024K, 0% used [0x0000000784600000,0x0000000784600000,0x0000000784700000)
 ParOldGen       total 173568K, used 1236K [0x00000006c2800000, 0x00000006cd180000, 0x000000076b800000)
  object space 173568K, 0% used [0x00000006c2800000,0x00000006c2935060,0x00000006cd180000)
 Metaspace       used 7962K, capacity 8550K, committed 8704K, reserved 1056768K
  class space    used 642K, capacity 658K, committed 768K, reserved 1048576K
}

