# JRE version: Java(TM) SE Runtime Environment (8.0_65-b17) (build 1.8.0_65-b17)
# Java VM: Java HotSpot(TM) 64-Bit Server VM (25.65-b01 mixed mode windows-amd64 compressed oops)
Heap:
 PSYoungGen      total 1193472K, used 663115K [0x000000076b800000, 0x00000007bbd80000, 0x00000007c0000000)
  eden space 1192960K, 55% used [0x000000076b800000,0x0000000793f5af98,0x00000007b4500000)
  from space 512K, 43% used [0x00000007bbd00000,0x00000007bbd38000,0x00000007bbd80000)
  to   space 8192K, 0% used [0x00000007bad80000,0x00000007bad80000,0x00000007bb580000)
 ParOldGen       total 173568K, used 16085K [0x00000006c2800000, 0x00000006cd180000, 0x000000076b800000)
  object space 173568K, 9% used [0x00000006c2800000,0x00000006c37b5498,0x00000006cd180000)
 Metaspace       used 8391K, capacity 8774K, committed 8960K, reserved 1056768K
  class space    used 661K, capacity 690K, committed 768K, reserved 1048576K
GC Heap History (10 events):
Event: 1.935 GC heap before
{Heap before GC invocations=10 (full 0):
 PSYoungGen      total 523264K, used 514944K [0x000000076b800000, 0x000000079ec80000, 0x00000007c0000000)
  eden space 513536K, 100% used [0x000000076b800000,0x000000078ad80000,0x000000078ad80000)
  from space 9728K, 14% used [0x000000078ad80000,0x000000078aee0000,0x000000078b700000)
  to   space 9216K, 0% used [0x000000079e380000,0x000000079e380000,0x000000079ec80000)
 ParOldGen       total 173568K, used 14809K [0x00000006c2800000, 0x00000006cd180000, 0x000000076b800000)
  object space 173568K, 8% used [0x00000006c2800000,0x00000006c3676488,0x00000006cd180000)
 Metaspace       used 8355K, capacity 8774K, committed 8960K, reserved 1056768K
  class space    used 661K, capacity 690K, committed 768K, reserved 1048576K
Event: 1.938 GC heap after
Heap after GC invocations=10 (full 0):
 PSYoungGen      total 830976K, used 160K [0x000000076b800000, 0x000000079ec80000, 0x00000007c0000000)
  eden space 821760K, 0% used [0x000000076b800000,0x000000076b800000,0x000000079da80000)
  from space 9216K, 1% used [0x000000079e380000,0x000000079e3a8000,0x000000079ec80000)
  to   space 9216K, 0% used [0x000000079da80000,0x000000079da80000,0x000000079e380000)
 ParOldGen       total 173568K, used 16005K [0x00000006c2800000, 0x00000006cd180000, 0x000000076b800000)
  object space 173568K, 9% used [0x00000006c2800000,0x00000006c37a1498,0x00000006cd180000)
 Metaspace       used 8355K, capacity 8774K, committed 8960K, reserved 1056768K
  class space    used 661K, capacity 690K, committed 768K, reserved 1048576K
}
Event: 2.540 GC heap before
{Heap before GC invocations=11 (full 0):
 PSYoungGen      total 830976K, used 821920K [0x000000076b800000, 0x000000079ec80000, 0x00000007c0000000)
  eden space 821760K, 100% used [0x000000076b800000,0x000000079da80000,0x000000079da80000)
  from space 9216K, 1% used [0x000000079e380000,0x000000079e3a8000,0x000000079ec80000)
  to   space 9216K, 0% used [0x000000079da80000,0x000000079da80000,0x000000079e380000)
 ParOldGen       total 173568K, used 16005K [0x00000006c2800000, 0x00000006cd180000, 0x000000076b800000)
  object space 173568K, 9% used [0x00000006c2800000,0x00000006c37a1498,0x00000006cd180000)
 Metaspace       used 8371K, capacity 8774K, committed 8960K, reserved 1056768K
  class space    used 661K, capacity 690K, committed 768K, reserved 1048576K
Event: 2.541 GC heap after
Heap after GC invocations=11 (full 0):
 PSYoungGen      total 830976K, used 192K [0x000000076b800000, 0x00000007bcd00000, 0x00000007c0000000)
  eden space 821760K, 0% used [0x000000076b800000,0x000000076b800000,0x000000079da80000)
  from space 9216K, 2% used [0x000000079da80000,0x000000079dab0000,0x000000079e380000)
  to   space 8704K, 0% used [0x00000007bc480000,0x00000007bc480000,0x00000007bcd00000)
 ParOldGen       total 173568K, used 16053K [0x00000006c2800000, 0x00000006cd180000, 0x000000076b800000)
  object space 173568K, 9% used [0x00000006c2800000,0x00000006c37ad498,0x00000006cd180000)
 Metaspace       used 8371K, capacity 8774K, committed 8960K, reserved 1056768K
  class space    used 661K, capacity 690K, committed 768K, reserved 1048576K
}
Event: 3.162 GC heap before
{Heap before GC invocations=12 (full 0):
 PSYoungGen      total 830976K, used 821952K [0x000000076b800000, 0x00000007bcd00000, 0x00000007c0000000)
  eden space 821760K, 100% used [0x000000076b800000,0x000000079da80000,0x000000079da80000)
  from space 9216K, 2% used [0x000000079da80000,0x000000079dab0000,0x000000079e380000)
  to   space 8704K, 0% used [0x00000007bc480000,0x00000007bc480000,0x00000007bcd00000)
 ParOldGen       total 173568K, used 16053K [0x00000006c2800000, 0x00000006cd180000, 0x000000076b800000)
  object space 173568K, 9% used [0x00000006c2800000,0x00000006c37ad498,0x00000006cd180000)
 Metaspace       used 8379K, capacity 8774K, committed 8960K, reserved 1056768K
  class space    used 661K, capacity 690K, committed 768K, reserved 1048576K
Event: 3.162 GC heap after
Heap after GC invocations=12 (full 0):
 PSYoungGen      total 1323520K, used 192K [0x000000076b800000, 0x00000007bcd00000, 0x00000007c0000000)
  eden space 1314816K, 0% used [0x000000076b800000,0x000000076b800000,0x00000007bbc00000)
  from space 8704K, 2% used [0x00000007bc480000,0x00000007bc4b0000,0x00000007bcd00000)
  to   space 8704K, 0% used [0x00000007bbc00000,0x00000007bbc00000,0x00000007bc480000)
 ParOldGen       total 173568K, used 16069K [0x00000006c2800000, 0x00000006cd180000, 0x000000076b800000)
  object space 173568K, 9% used [0x00000006c2800000,0x00000006c37b1498,0x00000006cd180000)
 Metaspace       used 8379K, capacity 8774K, committed 8960K, reserved 1056768K
  class space    used 661K, capacity 690K, committed 768K, reserved 1048576K
}
Event: 4.210 GC heap before
{Heap before GC invocations=13 (full 0):
 PSYoungGen      total 1323520K, used 1315008K [0x000000076b800000, 0x00000007bcd00000, 0x00000007c0000000)
  eden space 1314816K, 100% used [0x000000076b800000,0x00000007bbc00000,0x00000007bbc00000)
  from space 8704K, 2% used [0x00000007bc480000,0x00000007bc4b0000,0x00000007bcd00000)
  to   space 8704K, 0% used [0x00000007bbc00000,0x00000007bbc00000,0x00000007bc480000)
 ParOldGen       total 173568K, used 16069K [0x00000006c2800000, 0x00000006cd180000, 0x000000076b800000)
  object space 173568K, 9% used [0x00000006c2800000,0x00000006c37b1498,0x00000006cd180000)
 Metaspace       used 8391K, capacity 8774K, committed 8960K, reserved 1056768K
  class space    used 661K, capacity 690K, committed 768K, reserved 1048576K
Event: 4.211 GC heap after
Heap after GC invocations=13 (full 0):
 PSYoungGen      total 1252864K, used 224K [0x000000076b800000, 0x00000007bc500000, 0x00000007c0000000)
  eden space 1252352K, 0% used [0x000000076b800000,0x000000076b800000,0x00000007b7f00000)
  from space 512K, 43% used [0x00000007bbc00000,0x00000007bbc38000,0x00000007bbc80000)
  to   space 8192K, 0% used [0x00000007bbd00000,0x00000007bbd00000,0x00000007bc500000)
 ParOldGen       total 173568K, used 16069K [0x00000006c2800000, 0x00000006cd180000, 0x000000076b800000)
  object space 173568K, 9% used [0x00000006c2800000,0x00000006c37b1498,0x00000006cd180000)
 Metaspace       used 8391K, capacity 8774K, committed 8960K, reserved 1056768K
  class space    used 661K, capacity 690K, committed 768K, reserved 1048576K
}
Event: 5.127 GC heap before
{Heap before GC invocations=14 (full 0):
 PSYoungGen      total 1252864K, used 1252576K [0x000000076b800000, 0x00000007bc500000, 0x00000007c0000000)
  eden space 1252352K, 100% used [0x000000076b800000,0x00000007b7f00000,0x00000007b7f00000)
  from space 512K, 43% used [0x00000007bbc00000,0x00000007bbc38000,0x00000007bbc80000)
  to   space 8192K, 0% used [0x00000007bbd00000,0x00000007bbd00000,0x00000007bc500000)
 ParOldGen       total 173568K, used 16069K [0x00000006c2800000, 0x00000006cd180000, 0x000000076b800000)
  object space 173568K, 9% used [0x00000006c2800000,0x00000006c37b1498,0x00000006cd180000)
 Metaspace       used 8391K, capacity 8774K, committed 8960K, reserved 1056768K
  class space    used 661K, capacity 690K, committed 768K, reserved 1048576K
Event: 5.128 GC heap after
Heap after GC invocations=14 (full 0):
 PSYoungGen      total 1193472K, used 224K [0x000000076b800000, 0x00000007bbd80000, 0x00000007c0000000)
  eden space 1192960K, 0% used [0x000000076b800000,0x000000076b800000,0x00000007b4500000)
  from space 512K, 43% used [0x00000007bbd00000,0x00000007bbd38000,0x00000007bbd80000)
  to   space 8192K, 0% used [0x00000007bad80000,0x00000007bad80000,0x00000007bb580000)
 ParOldGen       total 173568K, used 16085K [0x00000006c2800000, 0x00000006cd180000, 0x000000076b800000)
  object space 173568K, 9% used [0x00000006c2800000,0x00000006c37b5498,0x00000006cd180000)
 Metaspace       used 8391K, capacity 8774K, committed 8960K, reserved 1056768K
  class space    used 661K, capacity 690K, committed 768K, reserved 1048576K
}

