# JRE version: Java(TM) SE Runtime Environment (8.0_65-b17) (build 1.8.0_65-b17)
# Java VM: Java HotSpot(TM) 64-Bit Server VM (25.65-b01 mixed mode windows-amd64 compressed oops)
Heap:
 PSYoungGen      total 221696K, used 172125K [0x000000076b800000, 0x000000077b400000, 0x00000007c0000000)
  eden space 221184K, 77% used [0x000000076b800000,0x0000000775fef568,0x0000000779000000)
  from space 512K, 31% used [0x000000077b380000,0x000000077b3a8000,0x000000077b400000)
  to   space 2560K, 0% used [0x000000077af00000,0x000000077af00000,0x000000077b180000)
 ParOldGen       total 173568K, used 1320K [0x00000006c2800000, 0x00000006cd180000, 0x000000076b800000)
  object space 173568K, 0% used [0x00000006c2800000,0x00000006c294a2a0,0x00000006cd180000)
 Metaspace       used 8094K, capacity 8646K, committed 8960K, reserved 1056768K
  class space    used 649K, capacity 690K, committed 768K, reserved 1048576K
GC Heap History (10 events):
Event: 0.954 GC heap before
{Heap before GC invocations=8 (full 0):
 PSYoungGen      total 131584K, used 131566K [0x000000076b800000, 0x000000077ba00000, 0x00000007c0000000)
  eden space 129536K, 100% used [0x000000076b800000,0x0000000773680000,0x0000000773680000)
  from space 2048K, 99% used [0x0000000773680000,0x000000077387b960,0x0000000773880000)
  to   space 2560K, 0% used [0x000000077b780000,0x000000077b780000,0x000000077ba00000)
 ParOldGen       total 173568K, used 760K [0x00000006c2800000, 0x00000006cd180000, 0x000000076b800000)
  object space 173568K, 0% used [0x00000006c2800000,0x00000006c28be2a0,0x00000006cd180000)
 Metaspace       used 8076K, capacity 8646K, committed 8960K, reserved 1056768K
  class space    used 649K, capacity 690K, committed 768K, reserved 1048576K
Event: 0.956 GC heap after
Heap after GC invocations=8 (full 0):
 PSYoungGen      total 261632K, used 448K [0x000000076b800000, 0x000000077ba00000, 0x00000007c0000000)
  eden space 259072K, 0% used [0x000000076b800000,0x000000076b800000,0x000000077b500000)
  from space 2560K, 17% used [0x000000077b780000,0x000000077b7f0000,0x000000077ba00000)
  to   space 2560K, 0% used [0x000000077b500000,0x000000077b500000,0x000000077b780000)
 ParOldGen       total 173568K, used 896K [0x00000006c2800000, 0x00000006cd180000, 0x000000076b800000)
  object space 173568K, 0% used [0x00000006c2800000,0x00000006c28e02a0,0x00000006cd180000)
 Metaspace       used 8076K, capacity 8646K, committed 8960K, reserved 1056768K
  class space    used 649K, capacity 690K, committed 768K, reserved 1048576K
}
Event: 1.172 GC heap before
{Heap before GC invocations=9 (full 0):
 PSYoungGen      total 261632K, used 259520K [0x000000076b800000, 0x000000077ba00000, 0x00000007c0000000)
  eden space 259072K, 100% used [0x000000076b800000,0x000000077b500000,0x000000077b500000)
  from space 2560K, 17% used [0x000000077b780000,0x000000077b7f0000,0x000000077ba00000)
  to   space 2560K, 0% used [0x000000077b500000,0x000000077b500000,0x000000077b780000)
 ParOldGen       total 173568K, used 896K [0x00000006c2800000, 0x00000006cd180000, 0x000000076b800000)
  object space 173568K, 0% used [0x00000006c2800000,0x00000006c28e02a0,0x00000006cd180000)
 Metaspace       used 8079K, capacity 8646K, committed 8960K, reserved 1056768K
  class space    used 649K, capacity 690K, committed 768K, reserved 1048576K
Event: 1.173 GC heap after
Heap after GC invocations=9 (full 0):
 PSYoungGen      total 249344K, used 384K [0x000000076b800000, 0x000000077b800000, 0x00000007c0000000)
  eden space 248832K, 0% used [0x000000076b800000,0x000000076b800000,0x000000077ab00000)
  from space 512K, 75% used [0x000000077b500000,0x000000077b560000,0x000000077b580000)
  to   space 2560K, 0% used [0x000000077b580000,0x000000077b580000,0x000000077b800000)
 ParOldGen       total 173568K, used 1056K [0x00000006c2800000, 0x00000006cd180000, 0x000000076b800000)
  object space 173568K, 0% used [0x00000006c2800000,0x00000006c29082a0,0x00000006cd180000)
 Metaspace       used 8079K, capacity 8646K, committed 8960K, reserved 1056768K
  class space    used 649K, capacity 690K, committed 768K, reserved 1048576K
}
Event: 1.281 GC heap before
{Heap before GC invocations=10 (full 0):
 PSYoungGen      total 249344K, used 249216K [0x000000076b800000, 0x000000077b800000, 0x00000007c0000000)
  eden space 248832K, 100% used [0x000000076b800000,0x000000077ab00000,0x000000077ab00000)
  from space 512K, 75% used [0x000000077b500000,0x000000077b560000,0x000000077b580000)
  to   space 2560K, 0% used [0x000000077b580000,0x000000077b580000,0x000000077b800000)
 ParOldGen       total 173568K, used 1056K [0x00000006c2800000, 0x00000006cd180000, 0x000000076b800000)
  object space 173568K, 0% used [0x00000006c2800000,0x00000006c29082a0,0x00000006cd180000)
 Metaspace       used 8081K, capacity 8646K, committed 8960K, reserved 1056768K
  class space    used 649K, capacity 690K, committed 768K, reserved 1048576K
Event: 1.282 GC heap after
Heap after GC invocations=10 (full 0):
 PSYoungGen      total 239616K, used 192K [0x000000076b800000, 0x000000077b600000, 0x00000007c0000000)
  eden space 239104K, 0% used [0x000000076b800000,0x000000076b800000,0x000000077a180000)
  from space 512K, 37% used [0x000000077b580000,0x000000077b5b0000,0x000000077b600000)
  to   space 2560K, 0% used [0x000000077b100000,0x000000077b100000,0x000000077b380000)
 ParOldGen       total 173568K, used 1320K [0x00000006c2800000, 0x00000006cd180000, 0x000000076b800000)
  object space 173568K, 0% used [0x00000006c2800000,0x00000006c294a2a0,0x00000006cd180000)
 Metaspace       used 8081K, capacity 8646K, committed 8960K, reserved 1056768K
  class space    used 649K, capacity 690K, committed 768K, reserved 1048576K
}
Event: 1.382 GC heap before
{Heap before GC invocations=11 (full 0):
 PSYoungGen      total 239616K, used 239296K [0x000000076b800000, 0x000000077b600000, 0x00000007c0000000)
  eden space 239104K, 100% used [0x000000076b800000,0x000000077a180000,0x000000077a180000)
  from space 512K, 37% used [0x000000077b580000,0x000000077b5b0000,0x000000077b600000)
  to   space 2560K, 0% used [0x000000077b100000,0x000000077b100000,0x000000077b380000)
 ParOldGen       total 173568K, used 1320K [0x00000006c2800000, 0x00000006cd180000, 0x000000076b800000)
  object space 173568K, 0% used [0x00000006c2800000,0x00000006c294a2a0,0x00000006cd180000)
 Metaspace       used 8083K, capacity 8646K, committed 8960K, reserved 1056768K
  class space    used 649K, capacity 690K, committed 768K, reserved 1048576K
Event: 1.382 GC heap after
Heap after GC invocations=11 (full 0):
 PSYoungGen      total 232448K, used 192K [0x000000076b800000, 0x000000077b600000, 0x00000007c0000000)
  eden space 229888K, 0% used [0x000000076b800000,0x000000076b800000,0x0000000779880000)
  from space 2560K, 7% used [0x000000077b100000,0x000000077b130000,0x000000077b380000)
  to   space 2560K, 0% used [0x000000077b380000,0x000000077b380000,0x000000077b600000)
 ParOldGen       total 173568K, used 1320K [0x00000006c2800000, 0x00000006cd180000, 0x000000076b800000)
  object space 173568K, 0% used [0x00000006c2800000,0x00000006c294a2a0,0x00000006cd180000)
 Metaspace       used 8083K, capacity 8646K, committed 8960K, reserved 1056768K
  class space    used 649K, capacity 690K, committed 768K, reserved 1048576K
}
Event: 1.488 GC heap before
{Heap before GC invocations=12 (full 0):
 PSYoungGen      total 232448K, used 230080K [0x000000076b800000, 0x000000077b600000, 0x00000007c0000000)
  eden space 229888K, 100% used [0x000000076b800000,0x0000000779880000,0x0000000779880000)
  from space 2560K, 7% used [0x000000077b100000,0x000000077b130000,0x000000077b380000)
  to   space 2560K, 0% used [0x000000077b380000,0x000000077b380000,0x000000077b600000)
 ParOldGen       total 173568K, used 1320K [0x00000006c2800000, 0x00000006cd180000, 0x000000076b800000)
  object space 173568K, 0% used [0x00000006c2800000,0x00000006c294a2a0,0x00000006cd180000)
 Metaspace       used 8090K, capacity 8646K, committed 8960K, reserved 1056768K
  class space    used 649K, capacity 690K, committed 768K, reserved 1048576K
Event: 1.489 GC heap after
Heap after GC invocations=12 (full 0):
 PSYoungGen      total 221696K, used 160K [0x000000076b800000, 0x000000077b400000, 0x00000007c0000000)
  eden space 221184K, 0% used [0x000000076b800000,0x000000076b800000,0x0000000779000000)
  from space 512K, 31% used [0x000000077b380000,0x000000077b3a8000,0x000000077b400000)
  to   space 2560K, 0% used [0x000000077af00000,0x000000077af00000,0x000000077b180000)
 ParOldGen       total 173568K, used 1320K [0x00000006c2800000, 0x00000006cd180000, 0x000000076b800000)
  object space 173568K, 0% used [0x00000006c2800000,0x00000006c294a2a0,0x00000006cd180000)
 Metaspace       used 8090K, capacity 8646K, committed 8960K, reserved 1056768K
  class space    used 649K, capacity 690K, committed 768K, reserved 1048576K
}

