# JRE version: Java(TM) SE Runtime Environment (8.0_65-b17) (build 1.8.0_65-b17)
# Java VM: Java HotSpot(TM) 64-Bit Server VM (25.65-b01 mixed mode windows-amd64 compressed oops)
Heap:
 PSYoungGen      total 41984K, used 21578K [0x000000076b800000, 0x000000077a680000, 0x00000007c0000000)
  eden space 41472K, 51% used [0x000000076b800000,0x000000076ccf2830,0x000000076e080000)
  from space 512K, 25% used [0x000000077a600000,0x000000077a620000,0x000000077a680000)
  to   space 512K, 0% used [0x000000077a580000,0x000000077a580000,0x000000077a600000)
 ParOldGen       total 173568K, used 1412K [0x00000006c2800000, 0x00000006cd180000, 0x000000076b800000)
  object space 173568K, 0% used [0x00000006c2800000,0x00000006c2961060,0x00000006cd180000)
 Metaspace       used 8094K, capacity 8646K, committed 8960K, reserved 1056768K
  class space    used 646K, capacity 690K, committed 768K, reserved 1048576K
GC Heap History (10 events):
Event: 12.192 GC heap before
{Heap before GC invocations=108 (full 0):
 PSYoungGen      total 44544K, used 44224K [0x000000076b800000, 0x000000077a680000, 0x00000007c0000000)
  eden space 44032K, 100% used [0x000000076b800000,0x000000076e300000,0x000000076e300000)
  from space 512K, 37% used [0x000000077a580000,0x000000077a5b0000,0x000000077a600000)
  to   space 512K, 0% used [0x000000077a600000,0x000000077a600000,0x000000077a680000)
 ParOldGen       total 173568K, used 1412K [0x00000006c2800000, 0x00000006cd180000, 0x000000076b800000)
  object space 173568K, 0% used [0x00000006c2800000,0x00000006c2961060,0x00000006cd180000)
 Metaspace       used 8094K, capacity 8646K, committed 8960K, reserved 1056768K
  class space    used 646K, capacity 690K, committed 768K, reserved 1048576K
Event: 12.192 GC heap after
Heap after GC invocations=108 (full 0):
 PSYoungGen      total 44032K, used 224K [0x000000076b800000, 0x000000077a680000, 0x00000007c0000000)
  eden space 43520K, 0% used [0x000000076b800000,0x000000076b800000,0x000000076e280000)
  from space 512K, 43% used [0x000000077a600000,0x000000077a638000,0x000000077a680000)
  to   space 512K, 0% used [0x000000077a580000,0x000000077a580000,0x000000077a600000)
 ParOldGen       total 173568K, used 1412K [0x00000006c2800000, 0x00000006cd180000, 0x000000076b800000)
  object space 173568K, 0% used [0x00000006c2800000,0x00000006c2961060,0x00000006cd180000)
 Metaspace       used 8094K, capacity 8646K, committed 8960K, reserved 1056768K
  class space    used 646K, capacity 690K, committed 768K, reserved 1048576K
}
Event: 12.253 GC heap before
{Heap before GC invocations=109 (full 0):
 PSYoungGen      total 44032K, used 43744K [0x000000076b800000, 0x000000077a680000, 0x00000007c0000000)
  eden space 43520K, 100% used [0x000000076b800000,0x000000076e280000,0x000000076e280000)
  from space 512K, 43% used [0x000000077a600000,0x000000077a638000,0x000000077a680000)
  to   space 512K, 0% used [0x000000077a580000,0x000000077a580000,0x000000077a600000)
 ParOldGen       total 173568K, used 1412K [0x00000006c2800000, 0x00000006cd180000, 0x000000076b800000)
  object space 173568K, 0% used [0x00000006c2800000,0x00000006c2961060,0x00000006cd180000)
 Metaspace       used 8094K, capacity 8646K, committed 8960K, reserved 1056768K
  class space    used 646K, capacity 690K, committed 768K, reserved 1048576K
Event: 12.253 GC heap after
Heap after GC invocations=109 (full 0):
 PSYoungGen      total 43520K, used 192K [0x000000076b800000, 0x000000077a680000, 0x00000007c0000000)
  eden space 43008K, 0% used [0x000000076b800000,0x000000076b800000,0x000000076e200000)
  from space 512K, 37% used [0x000000077a580000,0x000000077a5b0000,0x000000077a600000)
  to   space 512K, 0% used [0x000000077a600000,0x000000077a600000,0x000000077a680000)
 ParOldGen       total 173568K, used 1412K [0x00000006c2800000, 0x00000006cd180000, 0x000000076b800000)
  object space 173568K, 0% used [0x00000006c2800000,0x00000006c2961060,0x00000006cd180000)
 Metaspace       used 8094K, capacity 8646K, committed 8960K, reserved 1056768K
  class space    used 646K, capacity 690K, committed 768K, reserved 1048576K
}
Event: 12.315 GC heap before
{Heap before GC invocations=110 (full 0):
 PSYoungGen      total 43520K, used 43200K [0x000000076b800000, 0x000000077a680000, 0x00000007c0000000)
  eden space 43008K, 100% used [0x000000076b800000,0x000000076e200000,0x000000076e200000)
  from space 512K, 37% used [0x000000077a580000,0x000000077a5b0000,0x000000077a600000)
  to   space 512K, 0% used [0x000000077a600000,0x000000077a600000,0x000000077a680000)
 ParOldGen       total 173568K, used 1412K [0x00000006c2800000, 0x00000006cd180000, 0x000000076b800000)
  object space 173568K, 0% used [0x00000006c2800000,0x00000006c2961060,0x00000006cd180000)
 Metaspace       used 8094K, capacity 8646K, committed 8960K, reserved 1056768K
  class space    used 646K, capacity 690K, committed 768K, reserved 1048576K
Event: 12.316 GC heap after
Heap after GC invocations=110 (full 0):
 PSYoungGen      total 43008K, used 192K [0x000000076b800000, 0x000000077a680000, 0x00000007c0000000)
  eden space 42496K, 0% used [0x000000076b800000,0x000000076b800000,0x000000076e180000)
  from space 512K, 37% used [0x000000077a600000,0x000000077a630000,0x000000077a680000)
  to   space 512K, 0% used [0x000000077a580000,0x000000077a580000,0x000000077a600000)
 ParOldGen       total 173568K, used 1412K [0x00000006c2800000, 0x00000006cd180000, 0x000000076b800000)
  object space 173568K, 0% used [0x00000006c2800000,0x00000006c2961060,0x00000006cd180000)
 Metaspace       used 8094K, capacity 8646K, committed 8960K, reserved 1056768K
  class space    used 646K, capacity 690K, committed 768K, reserved 1048576K
}
Event: 12.372 GC heap before
{Heap before GC invocations=111 (full 0):
 PSYoungGen      total 43008K, used 42688K [0x000000076b800000, 0x000000077a680000, 0x00000007c0000000)
  eden space 42496K, 100% used [0x000000076b800000,0x000000076e180000,0x000000076e180000)
  from space 512K, 37% used [0x000000077a600000,0x000000077a630000,0x000000077a680000)
  to   space 512K, 0% used [0x000000077a580000,0x000000077a580000,0x000000077a600000)
 ParOldGen       total 173568K, used 1412K [0x00000006c2800000, 0x00000006cd180000, 0x000000076b800000)
  object space 173568K, 0% used [0x00000006c2800000,0x00000006c2961060,0x00000006cd180000)
 Metaspace       used 8094K, capacity 8646K, committed 8960K, reserved 1056768K
  class space    used 646K, capacity 690K, committed 768K, reserved 1048576K
Event: 12.372 GC heap after
Heap after GC invocations=111 (full 0):
 PSYoungGen      total 42496K, used 192K [0x000000076b800000, 0x000000077a680000, 0x00000007c0000000)
  eden space 41984K, 0% used [0x000000076b800000,0x000000076b800000,0x000000076e100000)
  from space 512K, 37% used [0x000000077a580000,0x000000077a5b0000,0x000000077a600000)
  to   space 512K, 0% used [0x000000077a600000,0x000000077a600000,0x000000077a680000)
 ParOldGen       total 173568K, used 1412K [0x00000006c2800000, 0x00000006cd180000, 0x000000076b800000)
  object space 173568K, 0% used [0x00000006c2800000,0x00000006c2961060,0x00000006cd180000)
 Metaspace       used 8094K, capacity 8646K, committed 8960K, reserved 1056768K
  class space    used 646K, capacity 690K, committed 768K, reserved 1048576K
}
Event: 12.447 GC heap before
{Heap before GC invocations=112 (full 0):
 PSYoungGen      total 42496K, used 42176K [0x000000076b800000, 0x000000077a680000, 0x00000007c0000000)
  eden space 41984K, 100% used [0x000000076b800000,0x000000076e100000,0x000000076e100000)
  from space 512K, 37% used [0x000000077a580000,0x000000077a5b0000,0x000000077a600000)
  to   space 512K, 0% used [0x000000077a600000,0x000000077a600000,0x000000077a680000)
 ParOldGen       total 173568K, used 1412K [0x00000006c2800000, 0x00000006cd180000, 0x000000076b800000)
  object space 173568K, 0% used [0x00000006c2800000,0x00000006c2961060,0x00000006cd180000)
 Metaspace       used 8094K, capacity 8646K, committed 8960K, reserved 1056768K
  class space    used 646K, capacity 690K, committed 768K, reserved 1048576K
Event: 12.447 GC heap after
Heap after GC invocations=112 (full 0):
 PSYoungGen      total 41984K, used 128K [0x000000076b800000, 0x000000077a680000, 0x00000007c0000000)
  eden space 41472K, 0% used [0x000000076b800000,0x000000076b800000,0x000000076e080000)
  from space 512K, 25% used [0x000000077a600000,0x000000077a620000,0x000000077a680000)
  to   space 512K, 0% used [0x000000077a580000,0x000000077a580000,0x000000077a600000)
 ParOldGen       total 173568K, used 1412K [0x00000006c2800000, 0x00000006cd180000, 0x000000076b800000)
  object space 173568K, 0% used [0x00000006c2800000,0x00000006c2961060,0x00000006cd180000)
 Metaspace       used 8094K, capacity 8646K, committed 8960K, reserved 1056768K
  class space    used 646K, capacity 690K, committed 768K, reserved 1048576K
}

