# JRE version: Java(TM) SE Runtime Environment (8.0_65-b17) (build 1.8.0_65-b17)
# Java VM: Java HotSpot(TM) 64-Bit Server VM (25.65-b01 mixed mode windows-amd64 compressed oops)
Heap:
 PSYoungGen      total 185856K, used 62827K [0x000000076b800000, 0x000000077b180000, 0x00000007c0000000)
  eden space 183808K, 34% used [0x000000076b800000,0x000000076f522d90,0x0000000776b80000)
  from space 2048K, 10% used [0x000000077ad80000,0x000000077adb8000,0x000000077af80000)
  to   space 2048K, 0% used [0x000000077af80000,0x000000077af80000,0x000000077b180000)
 ParOldGen       total 173568K, used 1335K [0x00000006c2800000, 0x00000006cd180000, 0x000000076b800000)
  object space 173568K, 0% used [0x00000006c2800000,0x00000006c294dc90,0x00000006cd180000)
 Metaspace       used 8128K, capacity 8646K, committed 8960K, reserved 1056768K
  class space    used 650K, capacity 690K, committed 768K, reserved 1048576K
GC Heap History (10 events):
Event: 1.789 GC heap before
{Heap before GC invocations=13 (full 0):
 PSYoungGen      total 221696K, used 221376K [0x000000076b800000, 0x000000077b480000, 0x00000007c0000000)
  eden space 221184K, 100% used [0x000000076b800000,0x0000000779000000,0x0000000779000000)
  from space 512K, 37% used [0x000000077b400000,0x000000077b430000,0x000000077b480000)
  to   space 2048K, 0% used [0x000000077b080000,0x000000077b080000,0x000000077b280000)
 ParOldGen       total 173568K, used 1311K [0x00000006c2800000, 0x00000006cd180000, 0x000000076b800000)
  object space 173568K, 0% used [0x00000006c2800000,0x00000006c2947c90,0x00000006cd180000)
 Metaspace       used 8108K, capacity 8646K, committed 8960K, reserved 1056768K
  class space    used 650K, capacity 690K, committed 768K, reserved 1048576K
Event: 1.789 GC heap after
Heap after GC invocations=13 (full 0):
 PSYoungGen      total 215040K, used 192K [0x000000076b800000, 0x000000077b480000, 0x00000007c0000000)
  eden space 212992K, 0% used [0x000000076b800000,0x000000076b800000,0x0000000778800000)
  from space 2048K, 9% used [0x000000077b080000,0x000000077b0b0000,0x000000077b280000)
  to   space 2048K, 0% used [0x000000077b280000,0x000000077b280000,0x000000077b480000)
 ParOldGen       total 173568K, used 1311K [0x00000006c2800000, 0x00000006cd180000, 0x000000076b800000)
  object space 173568K, 0% used [0x00000006c2800000,0x00000006c2947c90,0x00000006cd180000)
 Metaspace       used 8108K, capacity 8646K, committed 8960K, reserved 1056768K
  class space    used 650K, capacity 690K, committed 768K, reserved 1048576K
}
Event: 1.957 GC heap before
{Heap before GC invocations=14 (full 0):
 PSYoungGen      total 215040K, used 213184K [0x000000076b800000, 0x000000077b480000, 0x00000007c0000000)
  eden space 212992K, 100% used [0x000000076b800000,0x0000000778800000,0x0000000778800000)
  from space 2048K, 9% used [0x000000077b080000,0x000000077b0b0000,0x000000077b280000)
  to   space 2048K, 0% used [0x000000077b280000,0x000000077b280000,0x000000077b480000)
 ParOldGen       total 173568K, used 1311K [0x00000006c2800000, 0x00000006cd180000, 0x000000076b800000)
  object space 173568K, 0% used [0x00000006c2800000,0x00000006c2947c90,0x00000006cd180000)
 Metaspace       used 8123K, capacity 8646K, committed 8960K, reserved 1056768K
  class space    used 650K, capacity 690K, committed 768K, reserved 1048576K
Event: 1.958 GC heap after
Heap after GC invocations=14 (full 0):
 PSYoungGen      total 205824K, used 192K [0x000000076b800000, 0x000000077b300000, 0x00000007c0000000)
  eden space 205312K, 0% used [0x000000076b800000,0x000000076b800000,0x0000000778080000)
  from space 512K, 37% used [0x000000077b280000,0x000000077b2b0000,0x000000077b300000)
  to   space 2048K, 0% used [0x000000077af00000,0x000000077af00000,0x000000077b100000)
 ParOldGen       total 173568K, used 1319K [0x00000006c2800000, 0x00000006cd180000, 0x000000076b800000)
  object space 173568K, 0% used [0x00000006c2800000,0x00000006c2949c90,0x00000006cd180000)
 Metaspace       used 8123K, capacity 8646K, committed 8960K, reserved 1056768K
  class space    used 650K, capacity 690K, committed 768K, reserved 1048576K
}
Event: 2.111 GC heap before
{Heap before GC invocations=15 (full 0):
 PSYoungGen      total 205824K, used 205504K [0x000000076b800000, 0x000000077b300000, 0x00000007c0000000)
  eden space 205312K, 100% used [0x000000076b800000,0x0000000778080000,0x0000000778080000)
  from space 512K, 37% used [0x000000077b280000,0x000000077b2b0000,0x000000077b300000)
  to   space 2048K, 0% used [0x000000077af00000,0x000000077af00000,0x000000077b100000)
 ParOldGen       total 173568K, used 1319K [0x00000006c2800000, 0x00000006cd180000, 0x000000076b800000)
  object space 173568K, 0% used [0x00000006c2800000,0x00000006c2949c90,0x00000006cd180000)
 Metaspace       used 8123K, capacity 8646K, committed 8960K, reserved 1056768K
  class space    used 650K, capacity 690K, committed 768K, reserved 1048576K
Event: 2.111 GC heap after
Heap after GC invocations=15 (full 0):
 PSYoungGen      total 199680K, used 192K [0x000000076b800000, 0x000000077b300000, 0x00000007c0000000)
  eden space 197632K, 0% used [0x000000076b800000,0x000000076b800000,0x0000000777900000)
  from space 2048K, 9% used [0x000000077af00000,0x000000077af30000,0x000000077b100000)
  to   space 2048K, 0% used [0x000000077b100000,0x000000077b100000,0x000000077b300000)
 ParOldGen       total 173568K, used 1335K [0x00000006c2800000, 0x00000006cd180000, 0x000000076b800000)
  object space 173568K, 0% used [0x00000006c2800000,0x00000006c294dc90,0x00000006cd180000)
 Metaspace       used 8123K, capacity 8646K, committed 8960K, reserved 1056768K
  class space    used 650K, capacity 690K, committed 768K, reserved 1048576K
}
Event: 2.258 GC heap before
{Heap before GC invocations=16 (full 0):
 PSYoungGen      total 199680K, used 197824K [0x000000076b800000, 0x000000077b300000, 0x00000007c0000000)
  eden space 197632K, 100% used [0x000000076b800000,0x0000000777900000,0x0000000777900000)
  from space 2048K, 9% used [0x000000077af00000,0x000000077af30000,0x000000077b100000)
  to   space 2048K, 0% used [0x000000077b100000,0x000000077b100000,0x000000077b300000)
 ParOldGen       total 173568K, used 1335K [0x00000006c2800000, 0x00000006cd180000, 0x000000076b800000)
  object space 173568K, 0% used [0x00000006c2800000,0x00000006c294dc90,0x00000006cd180000)
 Metaspace       used 8126K, capacity 8646K, committed 8960K, reserved 1056768K
  class space    used 650K, capacity 690K, committed 768K, reserved 1048576K
Event: 2.258 GC heap after
Heap after GC invocations=16 (full 0):
 PSYoungGen      total 190976K, used 256K [0x000000076b800000, 0x000000077b180000, 0x00000007c0000000)
  eden space 190464K, 0% used [0x000000076b800000,0x000000076b800000,0x0000000777200000)
  from space 512K, 50% used [0x000000077b100000,0x000000077b140000,0x000000077b180000)
  to   space 2048K, 0% used [0x000000077ad80000,0x000000077ad80000,0x000000077af80000)
 ParOldGen       total 173568K, used 1335K [0x00000006c2800000, 0x00000006cd180000, 0x000000076b800000)
  object space 173568K, 0% used [0x00000006c2800000,0x00000006c294dc90,0x00000006cd180000)
 Metaspace       used 8126K, capacity 8646K, committed 8960K, reserved 1056768K
  class space    used 650K, capacity 690K, committed 768K, reserved 1048576K
}
Event: 2.436 GC heap before
{Heap before GC invocations=17 (full 0):
 PSYoungGen      total 190976K, used 190720K [0x000000076b800000, 0x000000077b180000, 0x00000007c0000000)
  eden space 190464K, 100% used [0x000000076b800000,0x0000000777200000,0x0000000777200000)
  from space 512K, 50% used [0x000000077b100000,0x000000077b140000,0x000000077b180000)
  to   space 2048K, 0% used [0x000000077ad80000,0x000000077ad80000,0x000000077af80000)
 ParOldGen       total 173568K, used 1335K [0x00000006c2800000, 0x00000006cd180000, 0x000000076b800000)
  object space 173568K, 0% used [0x00000006c2800000,0x00000006c294dc90,0x00000006cd180000)
 Metaspace       used 8127K, capacity 8646K, committed 8960K, reserved 1056768K
  class space    used 650K, capacity 690K, committed 768K, reserved 1048576K
Event: 2.436 GC heap after
Heap after GC invocations=17 (full 0):
 PSYoungGen      total 185856K, used 224K [0x000000076b800000, 0x000000077b180000, 0x00000007c0000000)
  eden space 183808K, 0% used [0x000000076b800000,0x000000076b800000,0x0000000776b80000)
  from space 2048K, 10% used [0x000000077ad80000,0x000000077adb8000,0x000000077af80000)
  to   space 2048K, 0% used [0x000000077af80000,0x000000077af80000,0x000000077b180000)
 ParOldGen       total 173568K, used 1335K [0x00000006c2800000, 0x00000006cd180000, 0x000000076b800000)
  object space 173568K, 0% used [0x00000006c2800000,0x00000006c294dc90,0x00000006cd180000)
 Metaspace       used 8127K, capacity 8646K, committed 8960K, reserved 1056768K
  class space    used 650K, capacity 690K, committed 768K, reserved 1048576K
}

