# JRE version: Java(TM) SE Runtime Environment (8.0_65-b17) (build 1.8.0_65-b17)
# Java VM: Java HotSpot(TM) 64-Bit Server VM (25.65-b01 mixed mode windows-amd64 compressed oops)
Heap:
 PSYoungGen      total 609792K, used 96507K [0x000000076b800000, 0x00000007bb100000, 0x00000007c0000000)
  eden space 604672K, 15% used [0x000000076b800000,0x000000077160ee48,0x0000000790680000)
  from space 5120K, 3% used [0x00000007ba700000,0x00000007ba730000,0x00000007bac00000)
  to   space 5120K, 0% used [0x00000007bac00000,0x00000007bac00000,0x00000007bb100000)
 ParOldGen       total 173568K, used 36927K [0x00000006c2800000, 0x00000006cd180000, 0x000000076b800000)
  object space 173568K, 21% used [0x00000006c2800000,0x00000006c4c0fd30,0x00000006cd180000)
 Metaspace       used 8345K, capacity 8710K, committed 8960K, reserved 1056768K
  class space    used 659K, capacity 690K, committed 768K, reserved 1048576K
GC Heap History (10 events):
Event: 8.896 GC heap before
{Heap before GC invocations=29 (full 0):
 PSYoungGen      total 763392K, used 763104K [0x000000076b800000, 0x00000007bbb80000, 0x00000007c0000000)
  eden space 762880K, 100% used [0x000000076b800000,0x000000079a100000,0x000000079a100000)
  from space 512K, 43% used [0x00000007bbb00000,0x00000007bbb38000,0x00000007bbb80000)
  to   space 6656K, 0% used [0x00000007bae80000,0x00000007bae80000,0x00000007bb500000)
 ParOldGen       total 173568K, used 36927K [0x00000006c2800000, 0x00000006cd180000, 0x000000076b800000)
  object space 173568K, 21% used [0x00000006c2800000,0x00000006c4c0fd30,0x00000006cd180000)
 Metaspace       used 8343K, capacity 8710K, committed 8960K, reserved 1056768K
  class space    used 659K, capacity 690K, committed 768K, reserved 1048576K
Event: 8.896 GC heap after
Heap after GC invocations=29 (full 0):
 PSYoungGen      total 734720K, used 256K [0x000000076b800000, 0x00000007bbb80000, 0x00000007c0000000)
  eden space 728064K, 0% used [0x000000076b800000,0x000000076b800000,0x0000000797f00000)
  from space 6656K, 3% used [0x00000007bae80000,0x00000007baec0000,0x00000007bb500000)
  to   space 6144K, 0% used [0x00000007bb580000,0x00000007bb580000,0x00000007bbb80000)
 ParOldGen       total 173568K, used 36927K [0x00000006c2800000, 0x00000006cd180000, 0x000000076b800000)
  object space 173568K, 21% used [0x00000006c2800000,0x00000006c4c0fd30,0x00000006cd180000)
 Metaspace       used 8343K, capacity 8710K, committed 8960K, reserved 1056768K
  class space    used 659K, capacity 690K, committed 768K, reserved 1048576K
}
Event: 9.208 GC heap before
{Heap before GC invocations=30 (full 0):
 PSYoungGen      total 734720K, used 728320K [0x000000076b800000, 0x00000007bbb80000, 0x00000007c0000000)
  eden space 728064K, 100% used [0x000000076b800000,0x0000000797f00000,0x0000000797f00000)
  from space 6656K, 3% used [0x00000007bae80000,0x00000007baec0000,0x00000007bb500000)
  to   space 6144K, 0% used [0x00000007bb580000,0x00000007bb580000,0x00000007bbb80000)
 ParOldGen       total 173568K, used 36927K [0x00000006c2800000, 0x00000006cd180000, 0x000000076b800000)
  object space 173568K, 21% used [0x00000006c2800000,0x00000006c4c0fd30,0x00000006cd180000)
 Metaspace       used 8343K, capacity 8710K, committed 8960K, reserved 1056768K
  class space    used 659K, capacity 690K, committed 768K, reserved 1048576K
Event: 9.209 GC heap after
Heap after GC invocations=30 (full 0):
 PSYoungGen      total 695296K, used 256K [0x000000076b800000, 0x00000007bb600000, 0x00000007c0000000)
  eden space 694784K, 0% used [0x000000076b800000,0x000000076b800000,0x0000000795e80000)
  from space 512K, 50% used [0x00000007bb580000,0x00000007bb5c0000,0x00000007bb600000)
  to   space 6144K, 0% used [0x00000007baa00000,0x00000007baa00000,0x00000007bb000000)
 ParOldGen       total 173568K, used 36927K [0x00000006c2800000, 0x00000006cd180000, 0x000000076b800000)
  object space 173568K, 21% used [0x00000006c2800000,0x00000006c4c0fd30,0x00000006cd180000)
 Metaspace       used 8343K, capacity 8710K, committed 8960K, reserved 1056768K
  class space    used 659K, capacity 690K, committed 768K, reserved 1048576K
}
Event: 9.502 GC heap before
{Heap before GC invocations=31 (full 0):
 PSYoungGen      total 695296K, used 695040K [0x000000076b800000, 0x00000007bb600000, 0x00000007c0000000)
  eden space 694784K, 100% used [0x000000076b800000,0x0000000795e80000,0x0000000795e80000)
  from space 512K, 50% used [0x00000007bb580000,0x00000007bb5c0000,0x00000007bb600000)
  to   space 6144K, 0% used [0x00000007baa00000,0x00000007baa00000,0x00000007bb000000)
 ParOldGen       total 173568K, used 36927K [0x00000006c2800000, 0x00000006cd180000, 0x000000076b800000)
  object space 173568K, 21% used [0x00000006c2800000,0x00000006c4c0fd30,0x00000006cd180000)
 Metaspace       used 8343K, capacity 8710K, committed 8960K, reserved 1056768K
  class space    used 659K, capacity 690K, committed 768K, reserved 1048576K
Event: 9.502 GC heap after
Heap after GC invocations=31 (full 0):
 PSYoungGen      total 669184K, used 224K [0x000000076b800000, 0x00000007bb600000, 0x00000007c0000000)
  eden space 663040K, 0% used [0x000000076b800000,0x000000076b800000,0x0000000793f80000)
  from space 6144K, 3% used [0x00000007baa00000,0x00000007baa38000,0x00000007bb000000)
  to   space 5632K, 0% used [0x00000007bb080000,0x00000007bb080000,0x00000007bb600000)
 ParOldGen       total 173568K, used 36927K [0x00000006c2800000, 0x00000006cd180000, 0x000000076b800000)
  object space 173568K, 21% used [0x00000006c2800000,0x00000006c4c0fd30,0x00000006cd180000)
 Metaspace       used 8343K, capacity 8710K, committed 8960K, reserved 1056768K
  class space    used 659K, capacity 690K, committed 768K, reserved 1048576K
}
Event: 9.780 GC heap before
{Heap before GC invocations=32 (full 0):
 PSYoungGen      total 669184K, used 663264K [0x000000076b800000, 0x00000007bb600000, 0x00000007c0000000)
  eden space 663040K, 100% used [0x000000076b800000,0x0000000793f80000,0x0000000793f80000)
  from space 6144K, 3% used [0x00000007baa00000,0x00000007baa38000,0x00000007bb000000)
  to   space 5632K, 0% used [0x00000007bb080000,0x00000007bb080000,0x00000007bb600000)
 ParOldGen       total 173568K, used 36927K [0x00000006c2800000, 0x00000006cd180000, 0x000000076b800000)
  object space 173568K, 21% used [0x00000006c2800000,0x00000006c4c0fd30,0x00000006cd180000)
 Metaspace       used 8343K, capacity 8710K, committed 8960K, reserved 1056768K
  class space    used 659K, capacity 690K, committed 768K, reserved 1048576K
Event: 9.781 GC heap after
Heap after GC invocations=32 (full 0):
 PSYoungGen      total 633856K, used 224K [0x000000076b800000, 0x00000007bb100000, 0x00000007c0000000)
  eden space 633344K, 0% used [0x000000076b800000,0x000000076b800000,0x0000000792280000)
  from space 512K, 43% used [0x00000007bb080000,0x00000007bb0b8000,0x00000007bb100000)
  to   space 5120K, 0% used [0x00000007ba700000,0x00000007ba700000,0x00000007bac00000)
 ParOldGen       total 173568K, used 36927K [0x00000006c2800000, 0x00000006cd180000, 0x000000076b800000)
  object space 173568K, 21% used [0x00000006c2800000,0x00000006c4c0fd30,0x00000006cd180000)
 Metaspace       used 8343K, capacity 8710K, committed 8960K, reserved 1056768K
  class space    used 659K, capacity 690K, committed 768K, reserved 1048576K
}
Event: 10.044 GC heap before
{Heap before GC invocations=33 (full 0):
 PSYoungGen      total 633856K, used 633568K [0x000000076b800000, 0x00000007bb100000, 0x00000007c0000000)
  eden space 633344K, 100% used [0x000000076b800000,0x0000000792280000,0x0000000792280000)
  from space 512K, 43% used [0x00000007bb080000,0x00000007bb0b8000,0x00000007bb100000)
  to   space 5120K, 0% used [0x00000007ba700000,0x00000007ba700000,0x00000007bac00000)
 ParOldGen       total 173568K, used 36927K [0x00000006c2800000, 0x00000006cd180000, 0x000000076b800000)
  object space 173568K, 21% used [0x00000006c2800000,0x00000006c4c0fd30,0x00000006cd180000)
 Metaspace       used 8345K, capacity 8710K, committed 8960K, reserved 1056768K
  class space    used 659K, capacity 690K, committed 768K, reserved 1048576K
Event: 10.045 GC heap after
Heap after GC invocations=33 (full 0):
 PSYoungGen      total 609792K, used 192K [0x000000076b800000, 0x00000007bb100000, 0x00000007c0000000)
  eden space 604672K, 0% used [0x000000076b800000,0x000000076b800000,0x0000000790680000)
  from space 5120K, 3% used [0x00000007ba700000,0x00000007ba730000,0x00000007bac00000)
  to   space 5120K, 0% used [0x00000007bac00000,0x00000007bac00000,0x00000007bb100000)
 ParOldGen       total 173568K, used 36927K [0x00000006c2800000, 0x00000006cd180000, 0x000000076b800000)
  object space 173568K, 21% used [0x00000006c2800000,0x00000006c4c0fd30,0x00000006cd180000)
 Metaspace       used 8345K, capacity 8710K, committed 8960K, reserved 1056768K
  class space    used 659K, capacity 690K, committed 768K, reserved 1048576K
}

