# JRE version: Java(TM) SE Runtime Environment (8.0_65-b17) (build 1.8.0_65-b17)
# Java VM: Java HotSpot(TM) 64-Bit Server VM (25.65-b01 mixed mode windows-amd64 compressed oops)
Heap:
 PSYoungGen      total 1144320K, used 643670K [0x000000076b800000, 0x00000007bbd00000, 0x00000007c0000000)
  eden space 1136128K, 56% used [0x000000076b800000,0x0000000792c5d838,0x00000007b0d80000)
  from space 8192K, 2% used [0x00000007bad00000,0x00000007bad38000,0x00000007bb500000)
  to   space 8192K, 0% used [0x00000007bb500000,0x00000007bb500000,0x00000007bbd00000)
 ParOldGen       total 173568K, used 15068K [0x00000006c2800000, 0x00000006cd180000, 0x000000076b800000)
  object space 173568K, 8% used [0x00000006c2800000,0x00000006c36b7228,0x00000006cd180000)
 Metaspace       used 8336K, capacity 8710K, committed 8960K, reserved 1056768K
  class space    used 660K, capacity 690K, committed 768K, reserved 1048576K
GC Heap History (10 events):
Event: 2.093 GC heap before
{Heap before GC invocations=11 (full 0):
 PSYoungGen      total 829952K, used 821472K [0x000000076b800000, 0x000000079ec00000, 0x00000007c0000000)
  eden space 821248K, 100% used [0x000000076b800000,0x000000079da00000,0x000000079da00000)
  from space 8704K, 2% used [0x000000079e380000,0x000000079e3b8000,0x000000079ec00000)
  to   space 9216K, 0% used [0x000000079da00000,0x000000079da00000,0x000000079e300000)
 ParOldGen       total 173568K, used 14980K [0x00000006c2800000, 0x00000006cd180000, 0x000000076b800000)
  object space 173568K, 8% used [0x00000006c2800000,0x00000006c36a1228,0x00000006cd180000)
 Metaspace       used 8300K, capacity 8710K, committed 8960K, reserved 1056768K
  class space    used 660K, capacity 690K, committed 768K, reserved 1048576K
Event: 2.094 GC heap after
Heap after GC invocations=11 (full 0):
 PSYoungGen      total 830464K, used 224K [0x000000076b800000, 0x00000007bcd80000, 0x00000007c0000000)
  eden space 821248K, 0% used [0x000000076b800000,0x000000076b800000,0x000000079da00000)
  from space 9216K, 2% used [0x000000079da00000,0x000000079da38000,0x000000079e300000)
  to   space 9216K, 0% used [0x00000007bc480000,0x00000007bc480000,0x00000007bcd80000)
 ParOldGen       total 173568K, used 15036K [0x00000006c2800000, 0x00000006cd180000, 0x000000076b800000)
  object space 173568K, 8% used [0x00000006c2800000,0x00000006c36af228,0x00000006cd180000)
 Metaspace       used 8300K, capacity 8710K, committed 8960K, reserved 1056768K
  class space    used 660K, capacity 690K, committed 768K, reserved 1048576K
}
Event: 2.431 GC heap before
{Heap before GC invocations=12 (full 0):
 PSYoungGen      total 830464K, used 821472K [0x000000076b800000, 0x00000007bcd80000, 0x00000007c0000000)
  eden space 821248K, 100% used [0x000000076b800000,0x000000079da00000,0x000000079da00000)
  from space 9216K, 2% used [0x000000079da00000,0x000000079da38000,0x000000079e300000)
  to   space 9216K, 0% used [0x00000007bc480000,0x00000007bc480000,0x00000007bcd80000)
 ParOldGen       total 173568K, used 15036K [0x00000006c2800000, 0x00000006cd180000, 0x000000076b800000)
  object space 173568K, 8% used [0x00000006c2800000,0x00000006c36af228,0x00000006cd180000)
 Metaspace       used 8324K, capacity 8710K, committed 8960K, reserved 1056768K
  class space    used 660K, capacity 690K, committed 768K, reserved 1048576K
Event: 2.432 GC heap after
Heap after GC invocations=12 (full 0):
 PSYoungGen      total 1322496K, used 224K [0x000000076b800000, 0x00000007bcc80000, 0x00000007c0000000)
  eden space 1314304K, 0% used [0x000000076b800000,0x000000076b800000,0x00000007bbb80000)
  from space 8192K, 2% used [0x00000007bc480000,0x00000007bc4b8000,0x00000007bcc80000)
  to   space 8704K, 0% used [0x00000007bbb80000,0x00000007bbb80000,0x00000007bc400000)
 ParOldGen       total 173568K, used 15044K [0x00000006c2800000, 0x00000006cd180000, 0x000000076b800000)
  object space 173568K, 8% used [0x00000006c2800000,0x00000006c36b1228,0x00000006cd180000)
 Metaspace       used 8324K, capacity 8710K, committed 8960K, reserved 1056768K
  class space    used 660K, capacity 690K, committed 768K, reserved 1048576K
}
Event: 3.032 GC heap before
{Heap before GC invocations=13 (full 0):
 PSYoungGen      total 1322496K, used 1314528K [0x000000076b800000, 0x00000007bcc80000, 0x00000007c0000000)
  eden space 1314304K, 100% used [0x000000076b800000,0x00000007bbb80000,0x00000007bbb80000)
  from space 8192K, 2% used [0x00000007bc480000,0x00000007bc4b8000,0x00000007bcc80000)
  to   space 8704K, 0% used [0x00000007bbb80000,0x00000007bbb80000,0x00000007bc400000)
 ParOldGen       total 173568K, used 15044K [0x00000006c2800000, 0x00000006cd180000, 0x000000076b800000)
  object space 173568K, 8% used [0x00000006c2800000,0x00000006c36b1228,0x00000006cd180000)
 Metaspace       used 8329K, capacity 8710K, committed 8960K, reserved 1056768K
  class space    used 660K, capacity 690K, committed 768K, reserved 1048576K
Event: 3.032 GC heap after
Heap after GC invocations=13 (full 0):
 PSYoungGen      total 1252352K, used 224K [0x000000076b800000, 0x00000007bc500000, 0x00000007c0000000)
  eden space 1251840K, 0% used [0x000000076b800000,0x000000076b800000,0x00000007b7e80000)
  from space 512K, 43% used [0x00000007bbb80000,0x00000007bbbb8000,0x00000007bbc00000)
  to   space 8704K, 0% used [0x00000007bbc80000,0x00000007bbc80000,0x00000007bc500000)
 ParOldGen       total 173568K, used 15068K [0x00000006c2800000, 0x00000006cd180000, 0x000000076b800000)
  object space 173568K, 8% used [0x00000006c2800000,0x00000006c36b7228,0x00000006cd180000)
 Metaspace       used 8329K, capacity 8710K, committed 8960K, reserved 1056768K
  class space    used 660K, capacity 690K, committed 768K, reserved 1048576K
}
Event: 3.562 GC heap before
{Heap before GC invocations=14 (full 0):
 PSYoungGen      total 1252352K, used 1252064K [0x000000076b800000, 0x00000007bc500000, 0x00000007c0000000)
  eden space 1251840K, 100% used [0x000000076b800000,0x00000007b7e80000,0x00000007b7e80000)
  from space 512K, 43% used [0x00000007bbb80000,0x00000007bbbb8000,0x00000007bbc00000)
  to   space 8704K, 0% used [0x00000007bbc80000,0x00000007bbc80000,0x00000007bc500000)
 ParOldGen       total 173568K, used 15068K [0x00000006c2800000, 0x00000006cd180000, 0x000000076b800000)
  object space 173568K, 8% used [0x00000006c2800000,0x00000006c36b7228,0x00000006cd180000)
 Metaspace       used 8335K, capacity 8710K, committed 8960K, reserved 1056768K
  class space    used 660K, capacity 690K, committed 768K, reserved 1048576K
Event: 3.562 GC heap after
Heap after GC invocations=14 (full 0):
 PSYoungGen      total 1192960K, used 224K [0x000000076b800000, 0x00000007bbd00000, 0x00000007c0000000)
  eden space 1192448K, 0% used [0x000000076b800000,0x000000076b800000,0x00000007b4480000)
  from space 512K, 43% used [0x00000007bbc80000,0x00000007bbcb8000,0x00000007bbd00000)
  to   space 8192K, 0% used [0x00000007bad00000,0x00000007bad00000,0x00000007bb500000)
 ParOldGen       total 173568K, used 15068K [0x00000006c2800000, 0x00000006cd180000, 0x000000076b800000)
  object space 173568K, 8% used [0x00000006c2800000,0x00000006c36b7228,0x00000006cd180000)
 Metaspace       used 8335K, capacity 8710K, committed 8960K, reserved 1056768K
  class space    used 660K, capacity 690K, committed 768K, reserved 1048576K
}
Event: 4.088 GC heap before
{Heap before GC invocations=15 (full 0):
 PSYoungGen      total 1192960K, used 1192672K [0x000000076b800000, 0x00000007bbd00000, 0x00000007c0000000)
  eden space 1192448K, 100% used [0x000000076b800000,0x00000007b4480000,0x00000007b4480000)
  from space 512K, 43% used [0x00000007bbc80000,0x00000007bbcb8000,0x00000007bbd00000)
  to   space 8192K, 0% used [0x00000007bad00000,0x00000007bad00000,0x00000007bb500000)
 ParOldGen       total 173568K, used 15068K [0x00000006c2800000, 0x00000006cd180000, 0x000000076b800000)
  object space 173568K, 8% used [0x00000006c2800000,0x00000006c36b7228,0x00000006cd180000)
 Metaspace       used 8335K, capacity 8710K, committed 8960K, reserved 1056768K
  class space    used 660K, capacity 690K, committed 768K, reserved 1048576K
Event: 4.089 GC heap after
Heap after GC invocations=15 (full 0):
 PSYoungGen      total 1144320K, used 224K [0x000000076b800000, 0x00000007bbd00000, 0x00000007c0000000)
  eden space 1136128K, 0% used [0x000000076b800000,0x000000076b800000,0x00000007b0d80000)
  from space 8192K, 2% used [0x00000007bad00000,0x00000007bad38000,0x00000007bb500000)
  to   space 8192K, 0% used [0x00000007bb500000,0x00000007bb500000,0x00000007bbd00000)
 ParOldGen       total 173568K, used 15068K [0x00000006c2800000, 0x00000006cd180000, 0x000000076b800000)
  object space 173568K, 8% used [0x00000006c2800000,0x00000006c36b7228,0x00000006cd180000)
 Metaspace       used 8335K, capacity 8710K, committed 8960K, reserved 1056768K
  class space    used 660K, capacity 690K, committed 768K, reserved 1048576K
}

