# JRE version: Java(TM) SE Runtime Environment (8.0_65-b17) (build 1.8.0_65-b17)
# Java VM: Java HotSpot(TM) 64-Bit Server VM (25.65-b01 mixed mode windows-amd64 compressed oops)
Heap:
 PSYoungGen      total 666624K, used 519104K [0x000000076b800000, 0x00000007b9780000, 0x00000007c0000000)
  eden space 658432K, 78% used [0x000000076b800000,0x000000078b2b8238,0x0000000793b00000)
  from space 8192K, 2% used [0x00000007b8780000,0x00000007b87b8000,0x00000007b8f80000)
  to   space 7680K, 0% used [0x00000007b9000000,0x00000007b9000000,0x00000007b9780000)
 ParOldGen       total 173568K, used 20352K [0x00000006c2800000, 0x00000006cd180000, 0x000000076b800000)
  object space 173568K, 11% used [0x00000006c2800000,0x00000006c3be0050,0x00000006cd180000)
 Metaspace       used 8545K, capacity 8806K, committed 8960K, reserved 1056768K
  class space    used 687K, capacity 722K, committed 768K, reserved 1048576K
GC Heap History (10 events):
Event: 16.910 GC heap before
{Heap before GC invocations=25 (full 0):
 PSYoungGen      total 832512K, used 832224K [0x000000076b800000, 0x00000007ba980000, 0x00000007c0000000)
  eden space 832000K, 100% used [0x000000076b800000,0x000000079e480000,0x000000079e480000)
  from space 512K, 43% used [0x00000007ba900000,0x00000007ba938000,0x00000007ba980000)
  to   space 10752K, 0% used [0x00000007b9480000,0x00000007b9480000,0x00000007b9f00000)
 ParOldGen       total 173568K, used 20320K [0x00000006c2800000, 0x00000006cd180000, 0x000000076b800000)
  object space 173568K, 11% used [0x00000006c2800000,0x00000006c3bd8050,0x00000006cd180000)
 Metaspace       used 8544K, capacity 8806K, committed 8960K, reserved 1056768K
  class space    used 687K, capacity 722K, committed 768K, reserved 1048576K
Event: 16.911 GC heap after
Heap after GC invocations=25 (full 0):
 PSYoungGen      total 804352K, used 224K [0x000000076b800000, 0x00000007ba980000, 0x00000007c0000000)
  eden space 793600K, 0% used [0x000000076b800000,0x000000076b800000,0x000000079bf00000)
  from space 10752K, 2% used [0x00000007b9480000,0x00000007b94b8000,0x00000007b9f00000)
  to   space 10240K, 0% used [0x00000007b9f80000,0x00000007b9f80000,0x00000007ba980000)
 ParOldGen       total 173568K, used 20320K [0x00000006c2800000, 0x00000006cd180000, 0x000000076b800000)
  object space 173568K, 11% used [0x00000006c2800000,0x00000006c3bd8050,0x00000006cd180000)
 Metaspace       used 8544K, capacity 8806K, committed 8960K, reserved 1056768K
  class space    used 687K, capacity 722K, committed 768K, reserved 1048576K
}
Event: 17.604 GC heap before
{Heap before GC invocations=26 (full 0):
 PSYoungGen      total 804352K, used 793824K [0x000000076b800000, 0x00000007ba980000, 0x00000007c0000000)
  eden space 793600K, 100% used [0x000000076b800000,0x000000079bf00000,0x000000079bf00000)
  from space 10752K, 2% used [0x00000007b9480000,0x00000007b94b8000,0x00000007b9f00000)
  to   space 10240K, 0% used [0x00000007b9f80000,0x00000007b9f80000,0x00000007ba980000)
 ParOldGen       total 173568K, used 20320K [0x00000006c2800000, 0x00000006cd180000, 0x000000076b800000)
  object space 173568K, 11% used [0x00000006c2800000,0x00000006c3bd8050,0x00000006cd180000)
 Metaspace       used 8544K, capacity 8806K, committed 8960K, reserved 1056768K
  class space    used 687K, capacity 722K, committed 768K, reserved 1048576K
Event: 17.606 GC heap after
Heap after GC invocations=26 (full 0):
 PSYoungGen      total 757760K, used 224K [0x000000076b800000, 0x00000007ba000000, 0x00000007c0000000)
  eden space 757248K, 0% used [0x000000076b800000,0x000000076b800000,0x0000000799b80000)
  from space 512K, 43% used [0x00000007b9f80000,0x00000007b9fb8000,0x00000007ba000000)
  to   space 9728K, 0% used [0x00000007b8d00000,0x00000007b8d00000,0x00000007b9680000)
 ParOldGen       total 173568K, used 20344K [0x00000006c2800000, 0x00000006cd180000, 0x000000076b800000)
  object space 173568K, 11% used [0x00000006c2800000,0x00000006c3bde050,0x00000006cd180000)
 Metaspace       used 8544K, capacity 8806K, committed 8960K, reserved 1056768K
  class space    used 687K, capacity 722K, committed 768K, reserved 1048576K
}
Event: 18.325 GC heap before
{Heap before GC invocations=27 (full 0):
 PSYoungGen      total 757760K, used 757472K [0x000000076b800000, 0x00000007ba000000, 0x00000007c0000000)
  eden space 757248K, 100% used [0x000000076b800000,0x0000000799b80000,0x0000000799b80000)
  from space 512K, 43% used [0x00000007b9f80000,0x00000007b9fb8000,0x00000007ba000000)
  to   space 9728K, 0% used [0x00000007b8d00000,0x00000007b8d00000,0x00000007b9680000)
 ParOldGen       total 173568K, used 20344K [0x00000006c2800000, 0x00000006cd180000, 0x000000076b800000)
  object space 173568K, 11% used [0x00000006c2800000,0x00000006c3bde050,0x00000006cd180000)
 Metaspace       used 8544K, capacity 8806K, committed 8960K, reserved 1056768K
  class space    used 687K, capacity 722K, committed 768K, reserved 1048576K
Event: 18.326 GC heap after
Heap after GC invocations=27 (full 0):
 PSYoungGen      total 732160K, used 256K [0x000000076b800000, 0x00000007ba000000, 0x00000007c0000000)
  eden space 722432K, 0% used [0x000000076b800000,0x000000076b800000,0x0000000797980000)
  from space 9728K, 2% used [0x00000007b8d00000,0x00000007b8d40000,0x00000007b9680000)
  to   space 9216K, 0% used [0x00000007b9700000,0x00000007b9700000,0x00000007ba000000)
 ParOldGen       total 173568K, used 20352K [0x00000006c2800000, 0x00000006cd180000, 0x000000076b800000)
  object space 173568K, 11% used [0x00000006c2800000,0x00000006c3be0050,0x00000006cd180000)
 Metaspace       used 8544K, capacity 8806K, committed 8960K, reserved 1056768K
  class space    used 687K, capacity 722K, committed 768K, reserved 1048576K
}
Event: 18.955 GC heap before
{Heap before GC invocations=28 (full 0):
 PSYoungGen      total 732160K, used 722688K [0x000000076b800000, 0x00000007ba000000, 0x00000007c0000000)
  eden space 722432K, 100% used [0x000000076b800000,0x0000000797980000,0x0000000797980000)
  from space 9728K, 2% used [0x00000007b8d00000,0x00000007b8d40000,0x00000007b9680000)
  to   space 9216K, 0% used [0x00000007b9700000,0x00000007b9700000,0x00000007ba000000)
 ParOldGen       total 173568K, used 20352K [0x00000006c2800000, 0x00000006cd180000, 0x000000076b800000)
  object space 173568K, 11% used [0x00000006c2800000,0x00000006c3be0050,0x00000006cd180000)
 Metaspace       used 8544K, capacity 8806K, committed 8960K, reserved 1056768K
  class space    used 687K, capacity 722K, committed 768K, reserved 1048576K
Event: 18.956 GC heap after
Heap after GC invocations=28 (full 0):
 PSYoungGen      total 690176K, used 256K [0x000000076b800000, 0x00000007b9780000, 0x00000007c0000000)
  eden space 689664K, 0% used [0x000000076b800000,0x000000076b800000,0x0000000795980000)
  from space 512K, 50% used [0x00000007b9700000,0x00000007b9740000,0x00000007b9780000)
  to   space 8192K, 0% used [0x00000007b8780000,0x00000007b8780000,0x00000007b8f80000)
 ParOldGen       total 173568K, used 20352K [0x00000006c2800000, 0x00000006cd180000, 0x000000076b800000)
  object space 173568K, 11% used [0x00000006c2800000,0x00000006c3be0050,0x00000006cd180000)
 Metaspace       used 8544K, capacity 8806K, committed 8960K, reserved 1056768K
  class space    used 687K, capacity 722K, committed 768K, reserved 1048576K
}
Event: 19.598 GC heap before
{Heap before GC invocations=29 (full 0):
 PSYoungGen      total 690176K, used 689920K [0x000000076b800000, 0x00000007b9780000, 0x00000007c0000000)
  eden space 689664K, 100% used [0x000000076b800000,0x0000000795980000,0x0000000795980000)
  from space 512K, 50% used [0x00000007b9700000,0x00000007b9740000,0x00000007b9780000)
  to   space 8192K, 0% used [0x00000007b8780000,0x00000007b8780000,0x00000007b8f80000)
 ParOldGen       total 173568K, used 20352K [0x00000006c2800000, 0x00000006cd180000, 0x000000076b800000)
  object space 173568K, 11% used [0x00000006c2800000,0x00000006c3be0050,0x00000006cd180000)
 Metaspace       used 8545K, capacity 8806K, committed 8960K, reserved 1056768K
  class space    used 687K, capacity 722K, committed 768K, reserved 1048576K
Event: 19.599 GC heap after
Heap after GC invocations=29 (full 0):
 PSYoungGen      total 666624K, used 224K [0x000000076b800000, 0x00000007b9780000, 0x00000007c0000000)
  eden space 658432K, 0% used [0x000000076b800000,0x000000076b800000,0x0000000793b00000)
  from space 8192K, 2% used [0x00000007b8780000,0x00000007b87b8000,0x00000007b8f80000)
  to   space 7680K, 0% used [0x00000007b9000000,0x00000007b9000000,0x00000007b9780000)
 ParOldGen       total 173568K, used 20352K [0x00000006c2800000, 0x00000006cd180000, 0x000000076b800000)
  object space 173568K, 11% used [0x00000006c2800000,0x00000006c3be0050,0x00000006cd180000)
 Metaspace       used 8545K, capacity 8806K, committed 8960K, reserved 1056768K
  class space    used 687K, capacity 722K, committed 768K, reserved 1048576K
}

