# JRE version: Java(TM) SE Runtime Environment (8.0_65-b17) (build 1.8.0_65-b17)
# Java VM: Java HotSpot(TM) 64-Bit Server VM (25.65-b01 mixed mode windows-amd64 compressed oops)
Heap:
 PSYoungGen      total 573440K, used 106658K [0x000000076b800000, 0x00000007baf80000, 0x00000007c0000000)
  eden space 566784K, 18% used [0x000000076b800000,0x0000000771ff0810,0x000000078e180000)
  from space 6656K, 3% used [0x00000007ba280000,0x00000007ba2b8000,0x00000007ba900000)
  to   space 6144K, 0% used [0x00000007ba980000,0x00000007ba980000,0x00000007baf80000)
 ParOldGen       total 173568K, used 15116K [0x00000006c2800000, 0x00000006cd180000, 0x000000076b800000)
  object space 173568K, 8% used [0x00000006c2800000,0x00000006c36c3158,0x00000006cd180000)
 Metaspace       used 8391K, capacity 8774K, committed 8960K, reserved 1056768K
  class space    used 661K, capacity 690K, committed 768K, reserved 1048576K
GC Heap History (10 events):
Event: 5.155 GC heap before
{Heap before GC invocations=15 (full 0):
 PSYoungGen      total 713728K, used 713440K [0x000000076b800000, 0x00000007bbd00000, 0x00000007c0000000)
  eden space 713216K, 100% used [0x000000076b800000,0x0000000797080000,0x0000000797080000)
  from space 512K, 43% used [0x00000007bbc80000,0x00000007bbcb8000,0x00000007bbd00000)
  to   space 8192K, 0% used [0x00000007bad00000,0x00000007bad00000,0x00000007bb500000)
 ParOldGen       total 173568K, used 15100K [0x00000006c2800000, 0x00000006cd180000, 0x000000076b800000)
  object space 173568K, 8% used [0x00000006c2800000,0x00000006c36bf158,0x00000006cd180000)
 Metaspace       used 8387K, capacity 8774K, committed 8960K, reserved 1056768K
  class space    used 661K, capacity 690K, committed 768K, reserved 1048576K
Event: 5.156 GC heap after
Heap after GC invocations=15 (full 0):
 PSYoungGen      total 689152K, used 192K [0x000000076b800000, 0x00000007bbd00000, 0x00000007c0000000)
  eden space 680960K, 0% used [0x000000076b800000,0x000000076b800000,0x0000000795100000)
  from space 8192K, 2% used [0x00000007bad00000,0x00000007bad30000,0x00000007bb500000)
  to   space 7680K, 0% used [0x00000007bb580000,0x00000007bb580000,0x00000007bbd00000)
 ParOldGen       total 173568K, used 15116K [0x00000006c2800000, 0x00000006cd180000, 0x000000076b800000)
  object space 173568K, 8% used [0x00000006c2800000,0x00000006c36c3158,0x00000006cd180000)
 Metaspace       used 8387K, capacity 8774K, committed 8960K, reserved 1056768K
  class space    used 661K, capacity 690K, committed 768K, reserved 1048576K
}
Event: 5.698 GC heap before
{Heap before GC invocations=16 (full 0):
 PSYoungGen      total 689152K, used 681152K [0x000000076b800000, 0x00000007bbd00000, 0x00000007c0000000)
  eden space 680960K, 100% used [0x000000076b800000,0x0000000795100000,0x0000000795100000)
  from space 8192K, 2% used [0x00000007bad00000,0x00000007bad30000,0x00000007bb500000)
  to   space 7680K, 0% used [0x00000007bb580000,0x00000007bb580000,0x00000007bbd00000)
 ParOldGen       total 173568K, used 15116K [0x00000006c2800000, 0x00000006cd180000, 0x000000076b800000)
  object space 173568K, 8% used [0x00000006c2800000,0x00000006c36c3158,0x00000006cd180000)
 Metaspace       used 8389K, capacity 8774K, committed 8960K, reserved 1056768K
  class space    used 661K, capacity 690K, committed 768K, reserved 1048576K
Event: 5.699 GC heap after
Heap after GC invocations=16 (full 0):
 PSYoungGen      total 650752K, used 224K [0x000000076b800000, 0x00000007bb600000, 0x00000007c0000000)
  eden space 650240K, 0% used [0x000000076b800000,0x000000076b800000,0x0000000793300000)
  from space 512K, 43% used [0x00000007bb580000,0x00000007bb5b8000,0x00000007bb600000)
  to   space 7168K, 0% used [0x00000007ba800000,0x00000007ba800000,0x00000007baf00000)
 ParOldGen       total 173568K, used 15116K [0x00000006c2800000, 0x00000006cd180000, 0x000000076b800000)
  object space 173568K, 8% used [0x00000006c2800000,0x00000006c36c3158,0x00000006cd180000)
 Metaspace       used 8389K, capacity 8774K, committed 8960K, reserved 1056768K
  class space    used 661K, capacity 690K, committed 768K, reserved 1048576K
}
Event: 6.173 GC heap before
{Heap before GC invocations=17 (full 0):
 PSYoungGen      total 650752K, used 650464K [0x000000076b800000, 0x00000007bb600000, 0x00000007c0000000)
  eden space 650240K, 100% used [0x000000076b800000,0x0000000793300000,0x0000000793300000)
  from space 512K, 43% used [0x00000007bb580000,0x00000007bb5b8000,0x00000007bb600000)
  to   space 7168K, 0% used [0x00000007ba800000,0x00000007ba800000,0x00000007baf00000)
 ParOldGen       total 173568K, used 15116K [0x00000006c2800000, 0x00000006cd180000, 0x000000076b800000)
  object space 173568K, 8% used [0x00000006c2800000,0x00000006c36c3158,0x00000006cd180000)
 Metaspace       used 8390K, capacity 8774K, committed 8960K, reserved 1056768K
  class space    used 661K, capacity 690K, committed 768K, reserved 1048576K
Event: 6.173 GC heap after
Heap after GC invocations=17 (full 0):
 PSYoungGen      total 628224K, used 224K [0x000000076b800000, 0x00000007bb600000, 0x00000007c0000000)
  eden space 621056K, 0% used [0x000000076b800000,0x000000076b800000,0x0000000791680000)
  from space 7168K, 3% used [0x00000007ba800000,0x00000007ba838000,0x00000007baf00000)
  to   space 7168K, 0% used [0x00000007baf00000,0x00000007baf00000,0x00000007bb600000)
 ParOldGen       total 173568K, used 15116K [0x00000006c2800000, 0x00000006cd180000, 0x000000076b800000)
  object space 173568K, 8% used [0x00000006c2800000,0x00000006c36c3158,0x00000006cd180000)
 Metaspace       used 8390K, capacity 8774K, committed 8960K, reserved 1056768K
  class space    used 661K, capacity 690K, committed 768K, reserved 1048576K
}
Event: 6.645 GC heap before
{Heap before GC invocations=18 (full 0):
 PSYoungGen      total 628224K, used 621280K [0x000000076b800000, 0x00000007bb600000, 0x00000007c0000000)
  eden space 621056K, 100% used [0x000000076b800000,0x0000000791680000,0x0000000791680000)
  from space 7168K, 3% used [0x00000007ba800000,0x00000007ba838000,0x00000007baf00000)
  to   space 7168K, 0% used [0x00000007baf00000,0x00000007baf00000,0x00000007bb600000)
 ParOldGen       total 173568K, used 15116K [0x00000006c2800000, 0x00000006cd180000, 0x000000076b800000)
  object space 173568K, 8% used [0x00000006c2800000,0x00000006c36c3158,0x00000006cd180000)
 Metaspace       used 8391K, capacity 8774K, committed 8960K, reserved 1056768K
  class space    used 661K, capacity 690K, committed 768K, reserved 1048576K
Event: 6.645 GC heap after
Heap after GC invocations=18 (full 0):
 PSYoungGen      total 593920K, used 192K [0x000000076b800000, 0x00000007baf80000, 0x00000007c0000000)
  eden space 593408K, 0% used [0x000000076b800000,0x000000076b800000,0x000000078fb80000)
  from space 512K, 37% used [0x00000007baf00000,0x00000007baf30000,0x00000007baf80000)
  to   space 6656K, 0% used [0x00000007ba280000,0x00000007ba280000,0x00000007ba900000)
 ParOldGen       total 173568K, used 15116K [0x00000006c2800000, 0x00000006cd180000, 0x000000076b800000)
  object space 173568K, 8% used [0x00000006c2800000,0x00000006c36c3158,0x00000006cd180000)
 Metaspace       used 8391K, capacity 8774K, committed 8960K, reserved 1056768K
  class space    used 661K, capacity 690K, committed 768K, reserved 1048576K
}
Event: 7.131 GC heap before
{Heap before GC invocations=19 (full 0):
 PSYoungGen      total 593920K, used 593600K [0x000000076b800000, 0x00000007baf80000, 0x00000007c0000000)
  eden space 593408K, 100% used [0x000000076b800000,0x000000078fb80000,0x000000078fb80000)
  from space 512K, 37% used [0x00000007baf00000,0x00000007baf30000,0x00000007baf80000)
  to   space 6656K, 0% used [0x00000007ba280000,0x00000007ba280000,0x00000007ba900000)
 ParOldGen       total 173568K, used 15116K [0x00000006c2800000, 0x00000006cd180000, 0x000000076b800000)
  object space 173568K, 8% used [0x00000006c2800000,0x00000006c36c3158,0x00000006cd180000)
 Metaspace       used 8391K, capacity 8774K, committed 8960K, reserved 1056768K
  class space    used 661K, capacity 690K, committed 768K, reserved 1048576K
Event: 7.131 GC heap after
Heap after GC invocations=19 (full 0):
 PSYoungGen      total 573440K, used 224K [0x000000076b800000, 0x00000007baf80000, 0x00000007c0000000)
  eden space 566784K, 0% used [0x000000076b800000,0x000000076b800000,0x000000078e180000)
  from space 6656K, 3% used [0x00000007ba280000,0x00000007ba2b8000,0x00000007ba900000)
  to   space 6144K, 0% used [0x00000007ba980000,0x00000007ba980000,0x00000007baf80000)
 ParOldGen       total 173568K, used 15116K [0x00000006c2800000, 0x00000006cd180000, 0x000000076b800000)
  object space 173568K, 8% used [0x00000006c2800000,0x00000006c36c3158,0x00000006cd180000)
 Metaspace       used 8391K, capacity 8774K, committed 8960K, reserved 1056768K
  class space    used 661K, capacity 690K, committed 768K, reserved 1048576K
}

