# JRE version: Java(TM) SE Runtime Environment (8.0_65-b17) (build 1.8.0_65-b17)
# Java VM: Java HotSpot(TM) 64-Bit Server VM (25.65-b01 mixed mode windows-amd64 compressed oops)
Heap:
 PSYoungGen      total 121856K, used 15934K [0x000000076b800000, 0x000000077a380000, 0x00000007c0000000)
  eden space 121344K, 13% used [0x000000076b800000,0x000000076c77f978,0x0000000772e80000)
  from space 512K, 12% used [0x000000077a280000,0x000000077a290000,0x000000077a300000)
  to   space 512K, 0% used [0x000000077a300000,0x000000077a300000,0x000000077a380000)
 ParOldGen       total 173568K, used 1548K [0x00000006c2800000, 0x00000006cd180000, 0x000000076b800000)
  object space 173568K, 0% used [0x00000006c2800000,0x00000006c29833c8,0x00000006cd180000)
 Metaspace       used 8096K, capacity 8646K, committed 8960K, reserved 1056768K
  class space    used 646K, capacity 690K, committed 768K, reserved 1048576K
GC Heap History (10 events):
Event: 9.908 GC heap before
{Heap before GC invocations=169 (full 0):
 PSYoungGen      total 143360K, used 142944K [0x000000076b800000, 0x000000077a380000, 0x00000007c0000000)
  eden space 142848K, 100% used [0x000000076b800000,0x0000000774380000,0x0000000774380000)
  from space 512K, 18% used [0x000000077a300000,0x000000077a318000,0x000000077a380000)
  to   space 512K, 0% used [0x000000077a280000,0x000000077a280000,0x000000077a300000)
 ParOldGen       total 173568K, used 1524K [0x00000006c2800000, 0x00000006cd180000, 0x000000076b800000)
  object space 173568K, 0% used [0x00000006c2800000,0x00000006c297d3c8,0x00000006cd180000)
 Metaspace       used 8096K, capacity 8646K, committed 8960K, reserved 1056768K
  class space    used 646K, capacity 690K, committed 768K, reserved 1048576K
Event: 9.909 GC heap after
Heap after GC invocations=169 (full 0):
 PSYoungGen      total 138752K, used 64K [0x000000076b800000, 0x000000077a380000, 0x00000007c0000000)
  eden space 138240K, 0% used [0x000000076b800000,0x000000076b800000,0x0000000773f00000)
  from space 512K, 12% used [0x000000077a280000,0x000000077a290000,0x000000077a300000)
  to   space 512K, 0% used [0x000000077a300000,0x000000077a300000,0x000000077a380000)
 ParOldGen       total 173568K, used 1524K [0x00000006c2800000, 0x00000006cd180000, 0x000000076b800000)
  object space 173568K, 0% used [0x00000006c2800000,0x00000006c297d3c8,0x00000006cd180000)
 Metaspace       used 8096K, capacity 8646K, committed 8960K, reserved 1056768K
  class space    used 646K, capacity 690K, committed 768K, reserved 1048576K
}
Event: 9.971 GC heap before
{Heap before GC invocations=170 (full 0):
 PSYoungGen      total 138752K, used 138304K [0x000000076b800000, 0x000000077a380000, 0x00000007c0000000)
  eden space 138240K, 100% used [0x000000076b800000,0x0000000773f00000,0x0000000773f00000)
  from space 512K, 12% used [0x000000077a280000,0x000000077a290000,0x000000077a300000)
  to   space 512K, 0% used [0x000000077a300000,0x000000077a300000,0x000000077a380000)
 ParOldGen       total 173568K, used 1524K [0x00000006c2800000, 0x00000006cd180000, 0x000000076b800000)
  object space 173568K, 0% used [0x00000006c2800000,0x00000006c297d3c8,0x00000006cd180000)
 Metaspace       used 8096K, capacity 8646K, committed 8960K, reserved 1056768K
  class space    used 646K, capacity 690K, committed 768K, reserved 1048576K
Event: 9.971 GC heap after
Heap after GC invocations=170 (full 0):
 PSYoungGen      total 134144K, used 128K [0x000000076b800000, 0x000000077a380000, 0x00000007c0000000)
  eden space 133632K, 0% used [0x000000076b800000,0x000000076b800000,0x0000000773a80000)
  from space 512K, 25% used [0x000000077a300000,0x000000077a320000,0x000000077a380000)
  to   space 512K, 0% used [0x000000077a280000,0x000000077a280000,0x000000077a300000)
 ParOldGen       total 173568K, used 1524K [0x00000006c2800000, 0x00000006cd180000, 0x000000076b800000)
  object space 173568K, 0% used [0x00000006c2800000,0x00000006c297d3c8,0x00000006cd180000)
 Metaspace       used 8096K, capacity 8646K, committed 8960K, reserved 1056768K
  class space    used 646K, capacity 690K, committed 768K, reserved 1048576K
}
Event: 10.027 GC heap before
{Heap before GC invocations=171 (full 0):
 PSYoungGen      total 134144K, used 133760K [0x000000076b800000, 0x000000077a380000, 0x00000007c0000000)
  eden space 133632K, 100% used [0x000000076b800000,0x0000000773a80000,0x0000000773a80000)
  from space 512K, 25% used [0x000000077a300000,0x000000077a320000,0x000000077a380000)
  to   space 512K, 0% used [0x000000077a280000,0x000000077a280000,0x000000077a300000)
 ParOldGen       total 173568K, used 1524K [0x00000006c2800000, 0x00000006cd180000, 0x000000076b800000)
  object space 173568K, 0% used [0x00000006c2800000,0x00000006c297d3c8,0x00000006cd180000)
 Metaspace       used 8096K, capacity 8646K, committed 8960K, reserved 1056768K
  class space    used 646K, capacity 690K, committed 768K, reserved 1048576K
Event: 10.027 GC heap after
Heap after GC invocations=171 (full 0):
 PSYoungGen      total 130048K, used 160K [0x000000076b800000, 0x000000077a380000, 0x00000007c0000000)
  eden space 129536K, 0% used [0x000000076b800000,0x000000076b800000,0x0000000773680000)
  from space 512K, 31% used [0x000000077a280000,0x000000077a2a8000,0x000000077a300000)
  to   space 512K, 0% used [0x000000077a300000,0x000000077a300000,0x000000077a380000)
 ParOldGen       total 173568K, used 1524K [0x00000006c2800000, 0x00000006cd180000, 0x000000076b800000)
  object space 173568K, 0% used [0x00000006c2800000,0x00000006c297d3c8,0x00000006cd180000)
 Metaspace       used 8096K, capacity 8646K, committed 8960K, reserved 1056768K
  class space    used 646K, capacity 690K, committed 768K, reserved 1048576K
}
Event: 10.081 GC heap before
{Heap before GC invocations=172 (full 0):
 PSYoungGen      total 130048K, used 129696K [0x000000076b800000, 0x000000077a380000, 0x00000007c0000000)
  eden space 129536K, 100% used [0x000000076b800000,0x0000000773680000,0x0000000773680000)
  from space 512K, 31% used [0x000000077a280000,0x000000077a2a8000,0x000000077a300000)
  to   space 512K, 0% used [0x000000077a300000,0x000000077a300000,0x000000077a380000)
 ParOldGen       total 173568K, used 1524K [0x00000006c2800000, 0x00000006cd180000, 0x000000076b800000)
  object space 173568K, 0% used [0x00000006c2800000,0x00000006c297d3c8,0x00000006cd180000)
 Metaspace       used 8096K, capacity 8646K, committed 8960K, reserved 1056768K
  class space    used 646K, capacity 690K, committed 768K, reserved 1048576K
Event: 10.082 GC heap after
Heap after GC invocations=172 (full 0):
 PSYoungGen      total 125952K, used 128K [0x000000076b800000, 0x000000077a380000, 0x00000007c0000000)
  eden space 125440K, 0% used [0x000000076b800000,0x000000076b800000,0x0000000773280000)
  from space 512K, 25% used [0x000000077a300000,0x000000077a320000,0x000000077a380000)
  to   space 512K, 0% used [0x000000077a280000,0x000000077a280000,0x000000077a300000)
 ParOldGen       total 173568K, used 1524K [0x00000006c2800000, 0x00000006cd180000, 0x000000076b800000)
  object space 173568K, 0% used [0x00000006c2800000,0x00000006c297d3c8,0x00000006cd180000)
 Metaspace       used 8096K, capacity 8646K, committed 8960K, reserved 1056768K
  class space    used 646K, capacity 690K, committed 768K, reserved 1048576K
}
Event: 10.136 GC heap before
{Heap before GC invocations=173 (full 0):
 PSYoungGen      total 125952K, used 125568K [0x000000076b800000, 0x000000077a380000, 0x00000007c0000000)
  eden space 125440K, 100% used [0x000000076b800000,0x0000000773280000,0x0000000773280000)
  from space 512K, 25% used [0x000000077a300000,0x000000077a320000,0x000000077a380000)
  to   space 512K, 0% used [0x000000077a280000,0x000000077a280000,0x000000077a300000)
 ParOldGen       total 173568K, used 1524K [0x00000006c2800000, 0x00000006cd180000, 0x000000076b800000)
  object space 173568K, 0% used [0x00000006c2800000,0x00000006c297d3c8,0x00000006cd180000)
 Metaspace       used 8096K, capacity 8646K, committed 8960K, reserved 1056768K
  class space    used 646K, capacity 690K, committed 768K, reserved 1048576K
Event: 10.137 GC heap after
Heap after GC invocations=173 (full 0):
 PSYoungGen      total 121856K, used 64K [0x000000076b800000, 0x000000077a380000, 0x00000007c0000000)
  eden space 121344K, 0% used [0x000000076b800000,0x000000076b800000,0x0000000772e80000)
  from space 512K, 12% used [0x000000077a280000,0x000000077a290000,0x000000077a300000)
  to   space 512K, 0% used [0x000000077a300000,0x000000077a300000,0x000000077a380000)
 ParOldGen       total 173568K, used 1548K [0x00000006c2800000, 0x00000006cd180000, 0x000000076b800000)
  object space 173568K, 0% used [0x00000006c2800000,0x00000006c29833c8,0x00000006cd180000)
 Metaspace       used 8096K, capacity 8646K, committed 8960K, reserved 1056768K
  class space    used 646K, capacity 690K, committed 768K, reserved 1048576K
}

