# JRE version: Java(TM) SE Runtime Environment (8.0_65-b17) (build 1.8.0_65-b17)
# Java VM: Java HotSpot(TM) 64-Bit Server VM (25.65-b01 mixed mode windows-amd64 compressed oops)
Heap:
 PSYoungGen      total 179712K, used 111860K [0x000000076b800000, 0x000000078ae00000, 0x00000007c0000000)
  eden space 177664K, 62% used [0x000000076b800000,0x000000077252d1a8,0x0000000776580000)
  from space 2048K, 3% used [0x000000078aa00000,0x000000078aa10000,0x000000078ac00000)
  to   space 2048K, 0% used [0x000000078ac00000,0x000000078ac00000,0x000000078ae00000)
 ParOldGen       total 173568K, used 1240K [0x00000006c2800000, 0x00000006cd180000, 0x000000076b800000)
  object space 173568K, 0% used [0x00000006c2800000,0x00000006c2936050,0x00000006cd180000)
 Metaspace       used 7968K, capacity 8486K, committed 8704K, reserved 1056768K
  class space    used 642K, capacity 658K, committed 768K, reserved 1048576K
GC Heap History (10 events):
Event: 2.050 GC heap before
{Heap before GC invocations=13 (full 0):
 PSYoungGen      total 214016K, used 213600K [0x000000076b800000, 0x000000078b180000, 0x00000007c0000000)
  eden space 213504K, 100% used [0x000000076b800000,0x0000000778880000,0x0000000778880000)
  from space 512K, 18% used [0x000000078b100000,0x000000078b118000,0x000000078b180000)
  to   space 2560K, 0% used [0x000000078ac80000,0x000000078ac80000,0x000000078af00000)
 ParOldGen       total 173568K, used 1240K [0x00000006c2800000, 0x00000006cd180000, 0x000000076b800000)
  object space 173568K, 0% used [0x00000006c2800000,0x00000006c2936050,0x00000006cd180000)
 Metaspace       used 7965K, capacity 8486K, committed 8704K, reserved 1056768K
  class space    used 642K, capacity 658K, committed 768K, reserved 1048576K
Event: 2.051 GC heap after
Heap after GC invocations=13 (full 0):
 PSYoungGen      total 208384K, used 96K [0x000000076b800000, 0x000000078b180000, 0x00000007c0000000)
  eden space 205824K, 0% used [0x000000076b800000,0x000000076b800000,0x0000000778100000)
  from space 2560K, 3% used [0x000000078ac80000,0x000000078ac98000,0x000000078af00000)
  to   space 2560K, 0% used [0x000000078af00000,0x000000078af00000,0x000000078b180000)
 ParOldGen       total 173568K, used 1240K [0x00000006c2800000, 0x00000006cd180000, 0x000000076b800000)
  object space 173568K, 0% used [0x00000006c2800000,0x00000006c2936050,0x00000006cd180000)
 Metaspace       used 7965K, capacity 8486K, committed 8704K, reserved 1056768K
  class space    used 642K, capacity 658K, committed 768K, reserved 1048576K
}
Event: 2.223 GC heap before
{Heap before GC invocations=14 (full 0):
 PSYoungGen      total 208384K, used 205920K [0x000000076b800000, 0x000000078b180000, 0x00000007c0000000)
  eden space 205824K, 100% used [0x000000076b800000,0x0000000778100000,0x0000000778100000)
  from space 2560K, 3% used [0x000000078ac80000,0x000000078ac98000,0x000000078af00000)
  to   space 2560K, 0% used [0x000000078af00000,0x000000078af00000,0x000000078b180000)
 ParOldGen       total 173568K, used 1240K [0x00000006c2800000, 0x00000006cd180000, 0x000000076b800000)
  object space 173568K, 0% used [0x00000006c2800000,0x00000006c2936050,0x00000006cd180000)
 Metaspace       used 7967K, capacity 8486K, committed 8704K, reserved 1056768K
  class space    used 642K, capacity 658K, committed 768K, reserved 1048576K
Event: 2.223 GC heap after
Heap after GC invocations=14 (full 0):
 PSYoungGen      total 198656K, used 96K [0x000000076b800000, 0x000000078af80000, 0x00000007c0000000)
  eden space 198144K, 0% used [0x000000076b800000,0x000000076b800000,0x0000000777980000)
  from space 512K, 18% used [0x000000078af00000,0x000000078af18000,0x000000078af80000)
  to   space 2560K, 0% used [0x000000078aa80000,0x000000078aa80000,0x000000078ad00000)
 ParOldGen       total 173568K, used 1240K [0x00000006c2800000, 0x00000006cd180000, 0x000000076b800000)
  object space 173568K, 0% used [0x00000006c2800000,0x00000006c2936050,0x00000006cd180000)
 Metaspace       used 7967K, capacity 8486K, committed 8704K, reserved 1056768K
  class space    used 642K, capacity 658K, committed 768K, reserved 1048576K
}
Event: 2.418 GC heap before
{Heap before GC invocations=15 (full 0):
 PSYoungGen      total 198656K, used 198240K [0x000000076b800000, 0x000000078af80000, 0x00000007c0000000)
  eden space 198144K, 100% used [0x000000076b800000,0x0000000777980000,0x0000000777980000)
  from space 512K, 18% used [0x000000078af00000,0x000000078af18000,0x000000078af80000)
  to   space 2560K, 0% used [0x000000078aa80000,0x000000078aa80000,0x000000078ad00000)
 ParOldGen       total 173568K, used 1240K [0x00000006c2800000, 0x00000006cd180000, 0x000000076b800000)
  object space 173568K, 0% used [0x00000006c2800000,0x00000006c2936050,0x00000006cd180000)
 Metaspace       used 7967K, capacity 8486K, committed 8704K, reserved 1056768K
  class space    used 642K, capacity 658K, committed 768K, reserved 1048576K
Event: 2.418 GC heap after
Heap after GC invocations=15 (full 0):
 PSYoungGen      total 193536K, used 64K [0x000000076b800000, 0x000000078af80000, 0x00000007c0000000)
  eden space 190976K, 0% used [0x000000076b800000,0x000000076b800000,0x0000000777280000)
  from space 2560K, 2% used [0x000000078aa80000,0x000000078aa90000,0x000000078ad00000)
  to   space 2048K, 0% used [0x000000078ad80000,0x000000078ad80000,0x000000078af80000)
 ParOldGen       total 173568K, used 1240K [0x00000006c2800000, 0x00000006cd180000, 0x000000076b800000)
  object space 173568K, 0% used [0x00000006c2800000,0x00000006c2936050,0x00000006cd180000)
 Metaspace       used 7967K, capacity 8486K, committed 8704K, reserved 1056768K
  class space    used 642K, capacity 658K, committed 768K, reserved 1048576K
}
Event: 2.565 GC heap before
{Heap before GC invocations=16 (full 0):
 PSYoungGen      total 193536K, used 191040K [0x000000076b800000, 0x000000078af80000, 0x00000007c0000000)
  eden space 190976K, 100% used [0x000000076b800000,0x0000000777280000,0x0000000777280000)
  from space 2560K, 2% used [0x000000078aa80000,0x000000078aa90000,0x000000078ad00000)
  to   space 2048K, 0% used [0x000000078ad80000,0x000000078ad80000,0x000000078af80000)
 ParOldGen       total 173568K, used 1240K [0x00000006c2800000, 0x00000006cd180000, 0x000000076b800000)
  object space 173568K, 0% used [0x00000006c2800000,0x00000006c2936050,0x00000006cd180000)
 Metaspace       used 7967K, capacity 8486K, committed 8704K, reserved 1056768K
  class space    used 642K, capacity 658K, committed 768K, reserved 1048576K
Event: 2.565 GC heap after
Heap after GC invocations=16 (full 0):
 PSYoungGen      total 184832K, used 64K [0x000000076b800000, 0x000000078ae00000, 0x00000007c0000000)
  eden space 184320K, 0% used [0x000000076b800000,0x000000076b800000,0x0000000776c00000)
  from space 512K, 12% used [0x000000078ad80000,0x000000078ad90000,0x000000078ae00000)
  to   space 2048K, 0% used [0x000000078aa00000,0x000000078aa00000,0x000000078ac00000)
 ParOldGen       total 173568K, used 1240K [0x00000006c2800000, 0x00000006cd180000, 0x000000076b800000)
  object space 173568K, 0% used [0x00000006c2800000,0x00000006c2936050,0x00000006cd180000)
 Metaspace       used 7967K, capacity 8486K, committed 8704K, reserved 1056768K
  class space    used 642K, capacity 658K, committed 768K, reserved 1048576K
}
Event: 2.709 GC heap before
{Heap before GC invocations=17 (full 0):
 PSYoungGen      total 184832K, used 184384K [0x000000076b800000, 0x000000078ae00000, 0x00000007c0000000)
  eden space 184320K, 100% used [0x000000076b800000,0x0000000776c00000,0x0000000776c00000)
  from space 512K, 12% used [0x000000078ad80000,0x000000078ad90000,0x000000078ae00000)
  to   space 2048K, 0% used [0x000000078aa00000,0x000000078aa00000,0x000000078ac00000)
 ParOldGen       total 173568K, used 1240K [0x00000006c2800000, 0x00000006cd180000, 0x000000076b800000)
  object space 173568K, 0% used [0x00000006c2800000,0x00000006c2936050,0x00000006cd180000)
 Metaspace       used 7968K, capacity 8486K, committed 8704K, reserved 1056768K
  class space    used 642K, capacity 658K, committed 768K, reserved 1048576K
Event: 2.710 GC heap after
Heap after GC invocations=17 (full 0):
 PSYoungGen      total 179712K, used 64K [0x000000076b800000, 0x000000078ae00000, 0x00000007c0000000)
  eden space 177664K, 0% used [0x000000076b800000,0x000000076b800000,0x0000000776580000)
  from space 2048K, 3% used [0x000000078aa00000,0x000000078aa10000,0x000000078ac00000)
  to   space 2048K, 0% used [0x000000078ac00000,0x000000078ac00000,0x000000078ae00000)
 ParOldGen       total 173568K, used 1240K [0x00000006c2800000, 0x00000006cd180000, 0x000000076b800000)
  object space 173568K, 0% used [0x00000006c2800000,0x00000006c2936050,0x00000006cd180000)
 Metaspace       used 7968K, capacity 8486K, committed 8704K, reserved 1056768K
  class space    used 642K, capacity 658K, committed 768K, reserved 1048576K
}

