# JRE version: Java(TM) SE Runtime Environment (8.0_65-b17) (build 1.8.0_65-b17)
# Java VM: Java HotSpot(TM) 64-Bit Server VM (25.65-b01 mixed mode windows-amd64 compressed oops)
Heap:
 PSYoungGen      total 604160K, used 147132K [0x000000076b800000, 0x0000000793f80000, 0x00000007c0000000)
  eden space 603648K, 24% used [0x000000076b800000,0x0000000774777318,0x0000000790580000)
  from space 512K, 43% used [0x0000000793f00000,0x0000000793f38000,0x0000000793f80000)
  to   space 6656K, 0% used [0x0000000793280000,0x0000000793280000,0x0000000793900000)
 ParOldGen       total 173568K, used 17413K [0x00000006c2800000, 0x00000006cd180000, 0x000000076b800000)
  object space 173568K, 10% used [0x00000006c2800000,0x00000006c3901700,0x00000006cd180000)
 Metaspace       used 8328K, capacity 8710K, committed 8960K, reserved 1056768K
  class space    used 660K, capacity 690K, committed 768K, reserved 1048576K
GC Heap History (10 events):
Event: 1.860 GC heap before
{Heap before GC invocations=12 (full 0):
 PSYoungGen      total 261632K, used 261617K [0x000000076b800000, 0x0000000785980000, 0x00000007c0000000)
  eden space 258048K, 100% used [0x000000076b800000,0x000000077b400000,0x000000077b400000)
  from space 3584K, 99% used [0x000000077b400000,0x000000077b77c5c8,0x000000077b780000)
  to   space 7168K, 0% used [0x0000000785280000,0x0000000785280000,0x0000000785980000)
 ParOldGen       total 173568K, used 14527K [0x00000006c2800000, 0x00000006cd180000, 0x000000076b800000)
  object space 173568K, 8% used [0x00000006c2800000,0x00000006c362ff60,0x00000006cd180000)
 Metaspace       used 8291K, capacity 8710K, committed 8960K, reserved 1056768K
  class space    used 660K, capacity 690K, committed 768K, reserved 1048576K
Event: 1.862 GC heap after
Heap after GC invocations=12 (full 0):
 PSYoungGen      total 420352K, used 288K [0x000000076b800000, 0x0000000785980000, 0x00000007c0000000)
  eden space 413184K, 0% used [0x000000076b800000,0x000000076b800000,0x0000000784b80000)
  from space 7168K, 4% used [0x0000000785280000,0x00000007852c8000,0x0000000785980000)
  to   space 7168K, 0% used [0x0000000784b80000,0x0000000784b80000,0x0000000785280000)
 ParOldGen       total 173568K, used 17277K [0x00000006c2800000, 0x00000006cd180000, 0x000000076b800000)
  object space 173568K, 9% used [0x00000006c2800000,0x00000006c38df700,0x00000006cd180000)
 Metaspace       used 8291K, capacity 8710K, committed 8960K, reserved 1056768K
  class space    used 660K, capacity 690K, committed 768K, reserved 1048576K
}
Event: 2.157 GC heap before
{Heap before GC invocations=13 (full 0):
 PSYoungGen      total 420352K, used 413472K [0x000000076b800000, 0x0000000785980000, 0x00000007c0000000)
  eden space 413184K, 100% used [0x000000076b800000,0x0000000784b80000,0x0000000784b80000)
  from space 7168K, 4% used [0x0000000785280000,0x00000007852c8000,0x0000000785980000)
  to   space 7168K, 0% used [0x0000000784b80000,0x0000000784b80000,0x0000000785280000)
 ParOldGen       total 173568K, used 17277K [0x00000006c2800000, 0x00000006cd180000, 0x000000076b800000)
  object space 173568K, 9% used [0x00000006c2800000,0x00000006c38df700,0x00000006cd180000)
 Metaspace       used 8294K, capacity 8710K, committed 8960K, reserved 1056768K
  class space    used 660K, capacity 690K, committed 768K, reserved 1048576K
Event: 2.158 GC heap after
Heap after GC invocations=13 (full 0):
 PSYoungGen      total 420352K, used 128K [0x000000076b800000, 0x0000000794c00000, 0x00000007c0000000)
  eden space 413184K, 0% used [0x000000076b800000,0x000000076b800000,0x0000000784b80000)
  from space 7168K, 1% used [0x0000000784b80000,0x0000000784ba0000,0x0000000785280000)
  to   space 7168K, 0% used [0x0000000794500000,0x0000000794500000,0x0000000794c00000)
 ParOldGen       total 173568K, used 17373K [0x00000006c2800000, 0x00000006cd180000, 0x000000076b800000)
  object space 173568K, 10% used [0x00000006c2800000,0x00000006c38f7700,0x00000006cd180000)
 Metaspace       used 8294K, capacity 8710K, committed 8960K, reserved 1056768K
  class space    used 660K, capacity 690K, committed 768K, reserved 1048576K
}
Event: 2.474 GC heap before
{Heap before GC invocations=14 (full 0):
 PSYoungGen      total 420352K, used 413312K [0x000000076b800000, 0x0000000794c00000, 0x00000007c0000000)
  eden space 413184K, 100% used [0x000000076b800000,0x0000000784b80000,0x0000000784b80000)
  from space 7168K, 1% used [0x0000000784b80000,0x0000000784ba0000,0x0000000785280000)
  to   space 7168K, 0% used [0x0000000794500000,0x0000000794500000,0x0000000794c00000)
 ParOldGen       total 173568K, used 17373K [0x00000006c2800000, 0x00000006cd180000, 0x000000076b800000)
  object space 173568K, 10% used [0x00000006c2800000,0x00000006c38f7700,0x00000006cd180000)
 Metaspace       used 8299K, capacity 8710K, committed 8960K, reserved 1056768K
  class space    used 660K, capacity 690K, committed 768K, reserved 1048576K
Event: 2.474 GC heap after
Heap after GC invocations=14 (full 0):
 PSYoungGen      total 668672K, used 160K [0x000000076b800000, 0x0000000794c00000, 0x00000007c0000000)
  eden space 661504K, 0% used [0x000000076b800000,0x000000076b800000,0x0000000793e00000)
  from space 7168K, 2% used [0x0000000794500000,0x0000000794528000,0x0000000794c00000)
  to   space 7168K, 0% used [0x0000000793e00000,0x0000000793e00000,0x0000000794500000)
 ParOldGen       total 173568K, used 17373K [0x00000006c2800000, 0x00000006cd180000, 0x000000076b800000)
  object space 173568K, 10% used [0x00000006c2800000,0x00000006c38f7700,0x00000006cd180000)
 Metaspace       used 8299K, capacity 8710K, committed 8960K, reserved 1056768K
  class space    used 660K, capacity 690K, committed 768K, reserved 1048576K
}
Event: 2.969 GC heap before
{Heap before GC invocations=15 (full 0):
 PSYoungGen      total 668672K, used 661664K [0x000000076b800000, 0x0000000794c00000, 0x00000007c0000000)
  eden space 661504K, 100% used [0x000000076b800000,0x0000000793e00000,0x0000000793e00000)
  from space 7168K, 2% used [0x0000000794500000,0x0000000794528000,0x0000000794c00000)
  to   space 7168K, 0% used [0x0000000793e00000,0x0000000793e00000,0x0000000794500000)
 ParOldGen       total 173568K, used 17373K [0x00000006c2800000, 0x00000006cd180000, 0x000000076b800000)
  object space 173568K, 10% used [0x00000006c2800000,0x00000006c38f7700,0x00000006cd180000)
 Metaspace       used 8321K, capacity 8710K, committed 8960K, reserved 1056768K
  class space    used 660K, capacity 690K, committed 768K, reserved 1048576K
Event: 2.970 GC heap after
Heap after GC invocations=15 (full 0):
 PSYoungGen      total 632320K, used 192K [0x000000076b800000, 0x0000000794580000, 0x00000007c0000000)
  eden space 631808K, 0% used [0x000000076b800000,0x000000076b800000,0x0000000792100000)
  from space 512K, 37% used [0x0000000793e00000,0x0000000793e30000,0x0000000793e80000)
  to   space 6656K, 0% used [0x0000000793f00000,0x0000000793f00000,0x0000000794580000)
 ParOldGen       total 173568K, used 17381K [0x00000006c2800000, 0x00000006cd180000, 0x000000076b800000)
  object space 173568K, 10% used [0x00000006c2800000,0x00000006c38f9700,0x00000006cd180000)
 Metaspace       used 8321K, capacity 8710K, committed 8960K, reserved 1056768K
  class space    used 660K, capacity 690K, committed 768K, reserved 1048576K
}
Event: 3.485 GC heap before
{Heap before GC invocations=16 (full 0):
 PSYoungGen      total 632320K, used 632000K [0x000000076b800000, 0x0000000794580000, 0x00000007c0000000)
  eden space 631808K, 100% used [0x000000076b800000,0x0000000792100000,0x0000000792100000)
  from space 512K, 37% used [0x0000000793e00000,0x0000000793e30000,0x0000000793e80000)
  to   space 6656K, 0% used [0x0000000793f00000,0x0000000793f00000,0x0000000794580000)
 ParOldGen       total 173568K, used 17381K [0x00000006c2800000, 0x00000006cd180000, 0x000000076b800000)
  object space 173568K, 10% used [0x00000006c2800000,0x00000006c38f9700,0x00000006cd180000)
 Metaspace       used 8328K, capacity 8710K, committed 8960K, reserved 1056768K
  class space    used 660K, capacity 690K, committed 768K, reserved 1048576K
Event: 3.485 GC heap after
Heap after GC invocations=16 (full 0):
 PSYoungGen      total 604160K, used 224K [0x000000076b800000, 0x0000000793f80000, 0x00000007c0000000)
  eden space 603648K, 0% used [0x000000076b800000,0x000000076b800000,0x0000000790580000)
  from space 512K, 43% used [0x0000000793f00000,0x0000000793f38000,0x0000000793f80000)
  to   space 6656K, 0% used [0x0000000793280000,0x0000000793280000,0x0000000793900000)
 ParOldGen       total 173568K, used 17413K [0x00000006c2800000, 0x00000006cd180000, 0x000000076b800000)
  object space 173568K, 10% used [0x00000006c2800000,0x00000006c3901700,0x00000006cd180000)
 Metaspace       used 8328K, capacity 8710K, committed 8960K, reserved 1056768K
  class space    used 660K, capacity 690K, committed 768K, reserved 1048576K
}

