# JRE version: Java(TM) SE Runtime Environment (8.0_65-b17) (build 1.8.0_65-b17)
# Java VM: Java HotSpot(TM) 64-Bit Server VM (25.65-b01 mixed mode windows-amd64 compressed oops)
Heap:
 PSYoungGen      total 964096K, used 619749K [0x000000076b800000, 0x00000007bf400000, 0x00000007c0000000)
  eden space 952320K, 65% used [0x000000076b800000,0x0000000791509428,0x00000007a5a00000)
  from space 11776K, 1% used [0x00000007bdd00000,0x00000007bdd30000,0x00000007be880000)
  to   space 11264K, 0% used [0x00000007be900000,0x00000007be900000,0x00000007bf400000)
 ParOldGen       total 173568K, used 28180K [0x00000006c2800000, 0x00000006cd180000, 0x000000076b800000)
  object space 173568K, 16% used [0x00000006c2800000,0x00000006c4385240,0x00000006cd180000)
 Metaspace       used 8385K, capacity 8774K, committed 8960K, reserved 1056768K
  class space    used 661K, capacity 690K, committed 768K, reserved 1048576K
GC Heap History (10 events):
Event: 2.068 GC heap before
{Heap before GC invocations=13 (full 0):
 PSYoungGen      total 667648K, used 655072K [0x000000076b800000, 0x0000000795180000, 0x00000007c0000000)
  eden space 654848K, 100% used [0x000000076b800000,0x0000000793780000,0x0000000793780000)
  from space 12800K, 1% used [0x0000000794500000,0x0000000794538000,0x0000000795180000)
  to   space 13312K, 0% used [0x0000000793780000,0x0000000793780000,0x0000000794480000)
 ParOldGen       total 173568K, used 28108K [0x00000006c2800000, 0x00000006cd180000, 0x000000076b800000)
  object space 173568K, 16% used [0x00000006c2800000,0x00000006c4373240,0x00000006cd180000)
 Metaspace       used 8360K, capacity 8774K, committed 8960K, reserved 1056768K
  class space    used 661K, capacity 690K, committed 768K, reserved 1048576K
Event: 2.069 GC heap after
Heap after GC invocations=13 (full 0):
 PSYoungGen      total 668160K, used 224K [0x000000076b800000, 0x00000007ad180000, 0x00000007c0000000)
  eden space 654848K, 0% used [0x000000076b800000,0x000000076b800000,0x0000000793780000)
  from space 13312K, 1% used [0x0000000793780000,0x00000007937b8000,0x0000000794480000)
  to   space 13312K, 0% used [0x00000007ac480000,0x00000007ac480000,0x00000007ad180000)
 ParOldGen       total 173568K, used 28124K [0x00000006c2800000, 0x00000006cd180000, 0x000000076b800000)
  object space 173568K, 16% used [0x00000006c2800000,0x00000006c4377240,0x00000006cd180000)
 Metaspace       used 8360K, capacity 8774K, committed 8960K, reserved 1056768K
  class space    used 661K, capacity 690K, committed 768K, reserved 1048576K
}
Event: 2.367 GC heap before
{Heap before GC invocations=14 (full 0):
 PSYoungGen      total 668160K, used 655072K [0x000000076b800000, 0x00000007ad180000, 0x00000007c0000000)
  eden space 654848K, 100% used [0x000000076b800000,0x0000000793780000,0x0000000793780000)
  from space 13312K, 1% used [0x0000000793780000,0x00000007937b8000,0x0000000794480000)
  to   space 13312K, 0% used [0x00000007ac480000,0x00000007ac480000,0x00000007ad180000)
 ParOldGen       total 173568K, used 28124K [0x00000006c2800000, 0x00000006cd180000, 0x000000076b800000)
  object space 173568K, 16% used [0x00000006c2800000,0x00000006c4377240,0x00000006cd180000)
 Metaspace       used 8365K, capacity 8774K, committed 8960K, reserved 1056768K
  class space    used 661K, capacity 690K, committed 768K, reserved 1048576K
Event: 2.368 GC heap after
Heap after GC invocations=14 (full 0):
 PSYoungGen      total 1060352K, used 224K [0x000000076b800000, 0x00000007ad080000, 0x00000007c0000000)
  eden space 1048064K, 0% used [0x000000076b800000,0x000000076b800000,0x00000007ab780000)
  from space 12288K, 1% used [0x00000007ac480000,0x00000007ac4b8000,0x00000007ad080000)
  to   space 12800K, 0% used [0x00000007ab780000,0x00000007ab780000,0x00000007ac400000)
 ParOldGen       total 173568K, used 28140K [0x00000006c2800000, 0x00000006cd180000, 0x000000076b800000)
  object space 173568K, 16% used [0x00000006c2800000,0x00000006c437b240,0x00000006cd180000)
 Metaspace       used 8365K, capacity 8774K, committed 8960K, reserved 1056768K
  class space    used 661K, capacity 690K, committed 768K, reserved 1048576K
}
Event: 2.893 GC heap before
{Heap before GC invocations=15 (full 0):
 PSYoungGen      total 1060352K, used 1048288K [0x000000076b800000, 0x00000007ad080000, 0x00000007c0000000)
  eden space 1048064K, 100% used [0x000000076b800000,0x00000007ab780000,0x00000007ab780000)
  from space 12288K, 1% used [0x00000007ac480000,0x00000007ac4b8000,0x00000007ad080000)
  to   space 12800K, 0% used [0x00000007ab780000,0x00000007ab780000,0x00000007ac400000)
 ParOldGen       total 173568K, used 28140K [0x00000006c2800000, 0x00000006cd180000, 0x000000076b800000)
  object space 173568K, 16% used [0x00000006c2800000,0x00000006c437b240,0x00000006cd180000)
 Metaspace       used 8372K, capacity 8774K, committed 8960K, reserved 1056768K
  class space    used 661K, capacity 690K, committed 768K, reserved 1048576K
Event: 2.894 GC heap after
Heap after GC invocations=15 (full 0):
 PSYoungGen      total 1060864K, used 224K [0x000000076b800000, 0x00000007bff80000, 0x00000007c0000000)
  eden space 1048064K, 0% used [0x000000076b800000,0x000000076b800000,0x00000007ab780000)
  from space 12800K, 1% used [0x00000007ab780000,0x00000007ab7b8000,0x00000007ac400000)
  to   space 12288K, 0% used [0x00000007bf380000,0x00000007bf380000,0x00000007bff80000)
 ParOldGen       total 173568K, used 28140K [0x00000006c2800000, 0x00000006cd180000, 0x000000076b800000)
  object space 173568K, 16% used [0x00000006c2800000,0x00000006c437b240,0x00000006cd180000)
 Metaspace       used 8372K, capacity 8774K, committed 8960K, reserved 1056768K
  class space    used 661K, capacity 690K, committed 768K, reserved 1048576K
}
Event: 3.366 GC heap before
{Heap before GC invocations=16 (full 0):
 PSYoungGen      total 1060864K, used 1048288K [0x000000076b800000, 0x00000007bff80000, 0x00000007c0000000)
  eden space 1048064K, 100% used [0x000000076b800000,0x00000007ab780000,0x00000007ab780000)
  from space 12800K, 1% used [0x00000007ab780000,0x00000007ab7b8000,0x00000007ac400000)
  to   space 12288K, 0% used [0x00000007bf380000,0x00000007bf380000,0x00000007bff80000)
 ParOldGen       total 173568K, used 28140K [0x00000006c2800000, 0x00000006cd180000, 0x000000076b800000)
  object space 173568K, 16% used [0x00000006c2800000,0x00000006c437b240,0x00000006cd180000)
 Metaspace       used 8375K, capacity 8774K, committed 8960K, reserved 1056768K
  class space    used 661K, capacity 690K, committed 768K, reserved 1048576K
Event: 3.367 GC heap after
Heap after GC invocations=16 (full 0):
 PSYoungGen      total 999424K, used 192K [0x000000076b800000, 0x00000007bf400000, 0x00000007c0000000)
  eden space 998912K, 0% used [0x000000076b800000,0x000000076b800000,0x00000007a8780000)
  from space 512K, 37% used [0x00000007bf380000,0x00000007bf3b0000,0x00000007bf400000)
  to   space 11776K, 0% used [0x00000007bdd00000,0x00000007bdd00000,0x00000007be880000)
 ParOldGen       total 173568K, used 28180K [0x00000006c2800000, 0x00000006cd180000, 0x000000076b800000)
  object space 173568K, 16% used [0x00000006c2800000,0x00000006c4385240,0x00000006cd180000)
 Metaspace       used 8375K, capacity 8774K, committed 8960K, reserved 1056768K
  class space    used 661K, capacity 690K, committed 768K, reserved 1048576K
}
Event: 3.818 GC heap before
{Heap before GC invocations=17 (full 0):
 PSYoungGen      total 999424K, used 999104K [0x000000076b800000, 0x00000007bf400000, 0x00000007c0000000)
  eden space 998912K, 100% used [0x000000076b800000,0x00000007a8780000,0x00000007a8780000)
  from space 512K, 37% used [0x00000007bf380000,0x00000007bf3b0000,0x00000007bf400000)
  to   space 11776K, 0% used [0x00000007bdd00000,0x00000007bdd00000,0x00000007be880000)
 ParOldGen       total 173568K, used 28180K [0x00000006c2800000, 0x00000006cd180000, 0x000000076b800000)
  object space 173568K, 16% used [0x00000006c2800000,0x00000006c4385240,0x00000006cd180000)
 Metaspace       used 8384K, capacity 8774K, committed 8960K, reserved 1056768K
  class space    used 661K, capacity 690K, committed 768K, reserved 1048576K
Event: 3.819 GC heap after
Heap after GC invocations=17 (full 0):
 PSYoungGen      total 964096K, used 192K [0x000000076b800000, 0x00000007bf400000, 0x00000007c0000000)
  eden space 952320K, 0% used [0x000000076b800000,0x000000076b800000,0x00000007a5a00000)
  from space 11776K, 1% used [0x00000007bdd00000,0x00000007bdd30000,0x00000007be880000)
  to   space 11264K, 0% used [0x00000007be900000,0x00000007be900000,0x00000007bf400000)
 ParOldGen       total 173568K, used 28180K [0x00000006c2800000, 0x00000006cd180000, 0x000000076b800000)
  object space 173568K, 16% used [0x00000006c2800000,0x00000006c4385240,0x00000006cd180000)
 Metaspace       used 8384K, capacity 8774K, committed 8960K, reserved 1056768K
  class space    used 661K, capacity 690K, committed 768K, reserved 1048576K
}

