# JRE version: Java(TM) SE Runtime Environment (8.0_65-b17) (build 1.8.0_65-b17)
# Java VM: Java HotSpot(TM) 64-Bit Server VM (25.65-b01 mixed mode windows-amd64 compressed oops)
Heap:
 PSYoungGen      total 236544K, used 14225K [0x000000076b800000, 0x00000007aca80000, 0x00000007c0000000)
  eden space 234496K, 5% used [0x000000076b800000,0x000000076c5b44d8,0x0000000779d00000)
  from space 2048K, 9% used [0x00000007ac680000,0x00000007ac6b0000,0x00000007ac880000)
  to   space 1536K, 0% used [0x00000007ac900000,0x00000007ac900000,0x00000007aca80000)
 ParOldGen       total 173568K, used 27363K [0x00000006c2800000, 0x00000006cd180000, 0x000000076b800000)
  object space 173568K, 15% used [0x00000006c2800000,0x00000006c42b8c00,0x00000006cd180000)
 Metaspace       used 8375K, capacity 8710K, committed 8960K, reserved 1056768K
  class space    used 659K, capacity 690K, committed 768K, reserved 1048576K
GC Heap History (10 events):
Event: 13.559 GC heap before
{Heap before GC invocations=40 (full 0):
 PSYoungGen      total 300032K, used 297600K [0x000000076b800000, 0x00000007acf80000, 0x00000007c0000000)
  eden space 297472K, 100% used [0x000000076b800000,0x000000077da80000,0x000000077da80000)
  from space 2560K, 5% used [0x00000007aca80000,0x00000007acaa0000,0x00000007acd00000)
  to   space 2560K, 0% used [0x00000007acd00000,0x00000007acd00000,0x00000007acf80000)
 ParOldGen       total 173568K, used 27323K [0x00000006c2800000, 0x00000006cd180000, 0x000000076b800000)
  object space 173568K, 15% used [0x00000006c2800000,0x00000006c42aec00,0x00000006cd180000)
 Metaspace       used 8375K, capacity 8710K, committed 8960K, reserved 1056768K
  class space    used 659K, capacity 690K, committed 768K, reserved 1048576K
Event: 13.559 GC heap after
Heap after GC invocations=40 (full 0):
 PSYoungGen      total 286208K, used 224K [0x000000076b800000, 0x00000007acd80000, 0x00000007c0000000)
  eden space 285696K, 0% used [0x000000076b800000,0x000000076b800000,0x000000077cf00000)
  from space 512K, 43% used [0x00000007acd00000,0x00000007acd38000,0x00000007acd80000)
  to   space 2560K, 0% used [0x00000007ac880000,0x00000007ac880000,0x00000007acb00000)
 ParOldGen       total 173568K, used 27323K [0x00000006c2800000, 0x00000006cd180000, 0x000000076b800000)
  object space 173568K, 15% used [0x00000006c2800000,0x00000006c42aec00,0x00000006cd180000)
 Metaspace       used 8375K, capacity 8710K, committed 8960K, reserved 1056768K
  class space    used 659K, capacity 690K, committed 768K, reserved 1048576K
}
Event: 13.876 GC heap before
{Heap before GC invocations=41 (full 0):
 PSYoungGen      total 286208K, used 285920K [0x000000076b800000, 0x00000007acd80000, 0x00000007c0000000)
  eden space 285696K, 100% used [0x000000076b800000,0x000000077cf00000,0x000000077cf00000)
  from space 512K, 43% used [0x00000007acd00000,0x00000007acd38000,0x00000007acd80000)
  to   space 2560K, 0% used [0x00000007ac880000,0x00000007ac880000,0x00000007acb00000)
 ParOldGen       total 173568K, used 27323K [0x00000006c2800000, 0x00000006cd180000, 0x000000076b800000)
  object space 173568K, 15% used [0x00000006c2800000,0x00000006c42aec00,0x00000006cd180000)
 Metaspace       used 8375K, capacity 8710K, committed 8960K, reserved 1056768K
  class space    used 659K, capacity 690K, committed 768K, reserved 1048576K
Event: 13.877 GC heap after
Heap after GC invocations=41 (full 0):
 PSYoungGen      total 276992K, used 224K [0x000000076b800000, 0x00000007acd80000, 0x00000007c0000000)
  eden space 274432K, 0% used [0x000000076b800000,0x000000076b800000,0x000000077c400000)
  from space 2560K, 8% used [0x00000007ac880000,0x00000007ac8b8000,0x00000007acb00000)
  to   space 2048K, 0% used [0x00000007acb80000,0x00000007acb80000,0x00000007acd80000)
 ParOldGen       total 173568K, used 27363K [0x00000006c2800000, 0x00000006cd180000, 0x000000076b800000)
  object space 173568K, 15% used [0x00000006c2800000,0x00000006c42b8c00,0x00000006cd180000)
 Metaspace       used 8375K, capacity 8710K, committed 8960K, reserved 1056768K
  class space    used 659K, capacity 690K, committed 768K, reserved 1048576K
}
Event: 14.142 GC heap before
{Heap before GC invocations=42 (full 0):
 PSYoungGen      total 276992K, used 274656K [0x000000076b800000, 0x00000007acd80000, 0x00000007c0000000)
  eden space 274432K, 100% used [0x000000076b800000,0x000000077c400000,0x000000077c400000)
  from space 2560K, 8% used [0x00000007ac880000,0x00000007ac8b8000,0x00000007acb00000)
  to   space 2048K, 0% used [0x00000007acb80000,0x00000007acb80000,0x00000007acd80000)
 ParOldGen       total 173568K, used 27363K [0x00000006c2800000, 0x00000006cd180000, 0x000000076b800000)
  object space 173568K, 15% used [0x00000006c2800000,0x00000006c42b8c00,0x00000006cd180000)
 Metaspace       used 8375K, capacity 8710K, committed 8960K, reserved 1056768K
  class space    used 659K, capacity 690K, committed 768K, reserved 1048576K
Event: 14.143 GC heap after
Heap after GC invocations=42 (full 0):
 PSYoungGen      total 264192K, used 224K [0x000000076b800000, 0x00000007acc00000, 0x00000007c0000000)
  eden space 263680K, 0% used [0x000000076b800000,0x000000076b800000,0x000000077b980000)
  from space 512K, 43% used [0x00000007acb80000,0x00000007acbb8000,0x00000007acc00000)
  to   space 2048K, 0% used [0x00000007ac800000,0x00000007ac800000,0x00000007aca00000)
 ParOldGen       total 173568K, used 27363K [0x00000006c2800000, 0x00000006cd180000, 0x000000076b800000)
  object space 173568K, 15% used [0x00000006c2800000,0x00000006c42b8c00,0x00000006cd180000)
 Metaspace       used 8375K, capacity 8710K, committed 8960K, reserved 1056768K
  class space    used 659K, capacity 690K, committed 768K, reserved 1048576K
}
Event: 14.393 GC heap before
{Heap before GC invocations=43 (full 0):
 PSYoungGen      total 264192K, used 263904K [0x000000076b800000, 0x00000007acc00000, 0x00000007c0000000)
  eden space 263680K, 100% used [0x000000076b800000,0x000000077b980000,0x000000077b980000)
  from space 512K, 43% used [0x00000007acb80000,0x00000007acbb8000,0x00000007acc00000)
  to   space 2048K, 0% used [0x00000007ac800000,0x00000007ac800000,0x00000007aca00000)
 ParOldGen       total 173568K, used 27363K [0x00000006c2800000, 0x00000006cd180000, 0x000000076b800000)
  object space 173568K, 15% used [0x00000006c2800000,0x00000006c42b8c00,0x00000006cd180000)
 Metaspace       used 8375K, capacity 8710K, committed 8960K, reserved 1056768K
  class space    used 659K, capacity 690K, committed 768K, reserved 1048576K
Event: 14.393 GC heap after
Heap after GC invocations=43 (full 0):
 PSYoungGen      total 255488K, used 224K [0x000000076b800000, 0x00000007acc00000, 0x00000007c0000000)
  eden space 253440K, 0% used [0x000000076b800000,0x000000076b800000,0x000000077af80000)
  from space 2048K, 10% used [0x00000007ac800000,0x00000007ac838000,0x00000007aca00000)
  to   space 2048K, 0% used [0x00000007aca00000,0x00000007aca00000,0x00000007acc00000)
 ParOldGen       total 173568K, used 27363K [0x00000006c2800000, 0x00000006cd180000, 0x000000076b800000)
  object space 173568K, 15% used [0x00000006c2800000,0x00000006c42b8c00,0x00000006cd180000)
 Metaspace       used 8375K, capacity 8710K, committed 8960K, reserved 1056768K
  class space    used 659K, capacity 690K, committed 768K, reserved 1048576K
}
Event: 14.587 GC heap before
{Heap before GC invocations=44 (full 0):
 PSYoungGen      total 255488K, used 253664K [0x000000076b800000, 0x00000007acc00000, 0x00000007c0000000)
  eden space 253440K, 100% used [0x000000076b800000,0x000000077af80000,0x000000077af80000)
  from space 2048K, 10% used [0x00000007ac800000,0x00000007ac838000,0x00000007aca00000)
  to   space 2048K, 0% used [0x00000007aca00000,0x00000007aca00000,0x00000007acc00000)
 ParOldGen       total 173568K, used 27363K [0x00000006c2800000, 0x00000006cd180000, 0x000000076b800000)
  object space 173568K, 15% used [0x00000006c2800000,0x00000006c42b8c00,0x00000006cd180000)
 Metaspace       used 8375K, capacity 8710K, committed 8960K, reserved 1056768K
  class space    used 659K, capacity 690K, committed 768K, reserved 1048576K
Event: 14.588 GC heap after
Heap after GC invocations=44 (full 0):
 PSYoungGen      total 244224K, used 224K [0x000000076b800000, 0x00000007aca80000, 0x00000007c0000000)
  eden space 243712K, 0% used [0x000000076b800000,0x000000076b800000,0x000000077a600000)
  from space 512K, 43% used [0x00000007aca00000,0x00000007aca38000,0x00000007aca80000)
  to   space 2048K, 0% used [0x00000007ac680000,0x00000007ac680000,0x00000007ac880000)
 ParOldGen       total 173568K, used 27363K [0x00000006c2800000, 0x00000006cd180000, 0x000000076b800000)
  object space 173568K, 15% used [0x00000006c2800000,0x00000006c42b8c00,0x00000006cd180000)
 Metaspace       used 8375K, capacity 8710K, committed 8960K, reserved 1056768K
  class space    used 659K, capacity 690K, committed 768K, reserved 1048576K
}

