# JRE version: Java(TM) SE Runtime Environment (8.0_65-b17) (build 1.8.0_65-b17)
# Java VM: Java HotSpot(TM) 64-Bit Server VM (25.65-b01 mixed mode windows-amd64 compressed oops)
Heap:
 PSYoungGen      total 721920K, used 246806K [0x000000076b800000, 0x00000007bcb80000, 0x00000007c0000000)
  eden space 721408K, 34% used [0x000000076b800000,0x000000077a8fdbe0,0x0000000797880000)
  from space 512K, 6% used [0x00000007bcb00000,0x00000007bcb08000,0x00000007bcb80000)
  to   space 2560K, 0% used [0x00000007bc680000,0x00000007bc680000,0x00000007bc900000)
 ParOldGen       total 173568K, used 1204K [0x00000006c2800000, 0x00000006cd180000, 0x000000076b800000)
  object space 173568K, 0% used [0x00000006c2800000,0x00000006c292d060,0x00000006cd180000)
 Metaspace       used 7978K, capacity 8550K, committed 8704K, reserved 1056768K
  class space    used 642K, capacity 658K, committed 768K, reserved 1048576K
GC Heap History (10 events):
Event: 1.704 GC heap before
{Heap before GC invocations=10 (full 0):
 PSYoungGen      total 521216K, used 519424K [0x000000076b800000, 0x000000079e880000, 0x00000007c0000000)
  eden space 519168K, 100% used [0x000000076b800000,0x000000078b300000,0x000000078b300000)
  from space 2048K, 12% used [0x000000078b300000,0x000000078b340000,0x000000078b500000)
  to   space 2560K, 0% used [0x000000079e600000,0x000000079e600000,0x000000079e880000)
 ParOldGen       total 173568K, used 1028K [0x00000006c2800000, 0x00000006cd180000, 0x000000076b800000)
  object space 173568K, 0% used [0x00000006c2800000,0x00000006c2901060,0x00000006cd180000)
 Metaspace       used 7970K, capacity 8550K, committed 8704K, reserved 1056768K
  class space    used 642K, capacity 658K, committed 768K, reserved 1048576K
Event: 1.704 GC heap after
Heap after GC invocations=10 (full 0):
 PSYoungGen      total 833536K, used 64K [0x000000076b800000, 0x000000079e880000, 0x00000007c0000000)
  eden space 830976K, 0% used [0x000000076b800000,0x000000076b800000,0x000000079e380000)
  from space 2560K, 2% used [0x000000079e600000,0x000000079e610000,0x000000079e880000)
  to   space 2560K, 0% used [0x000000079e380000,0x000000079e380000,0x000000079e600000)
 ParOldGen       total 173568K, used 1204K [0x00000006c2800000, 0x00000006cd180000, 0x000000076b800000)
  object space 173568K, 0% used [0x00000006c2800000,0x00000006c292d060,0x00000006cd180000)
 Metaspace       used 7970K, capacity 8550K, committed 8704K, reserved 1056768K
  class space    used 642K, capacity 658K, committed 768K, reserved 1048576K
}
Event: 2.364 GC heap before
{Heap before GC invocations=11 (full 0):
 PSYoungGen      total 833536K, used 831040K [0x000000076b800000, 0x000000079e880000, 0x00000007c0000000)
  eden space 830976K, 100% used [0x000000076b800000,0x000000079e380000,0x000000079e380000)
  from space 2560K, 2% used [0x000000079e600000,0x000000079e610000,0x000000079e880000)
  to   space 2560K, 0% used [0x000000079e380000,0x000000079e380000,0x000000079e600000)
 ParOldGen       total 173568K, used 1204K [0x00000006c2800000, 0x00000006cd180000, 0x000000076b800000)
  object space 173568K, 0% used [0x00000006c2800000,0x00000006c292d060,0x00000006cd180000)
 Metaspace       used 7972K, capacity 8550K, committed 8704K, reserved 1056768K
  class space    used 642K, capacity 658K, committed 768K, reserved 1048576K
Event: 2.365 GC heap after
Heap after GC invocations=11 (full 0):
 PSYoungGen      total 833536K, used 64K [0x000000076b800000, 0x00000007bcf80000, 0x00000007c0000000)
  eden space 830976K, 0% used [0x000000076b800000,0x000000076b800000,0x000000079e380000)
  from space 2560K, 2% used [0x000000079e380000,0x000000079e390000,0x000000079e600000)
  to   space 2560K, 0% used [0x00000007bcd00000,0x00000007bcd00000,0x00000007bcf80000)
 ParOldGen       total 173568K, used 1204K [0x00000006c2800000, 0x00000006cd180000, 0x000000076b800000)
  object space 173568K, 0% used [0x00000006c2800000,0x00000006c292d060,0x00000006cd180000)
 Metaspace       used 7972K, capacity 8550K, committed 8704K, reserved 1056768K
  class space    used 642K, capacity 658K, committed 768K, reserved 1048576K
}
Event: 2.979 GC heap before
{Heap before GC invocations=12 (full 0):
 PSYoungGen      total 833536K, used 831040K [0x000000076b800000, 0x00000007bcf80000, 0x00000007c0000000)
  eden space 830976K, 100% used [0x000000076b800000,0x000000079e380000,0x000000079e380000)
  from space 2560K, 2% used [0x000000079e380000,0x000000079e390000,0x000000079e600000)
  to   space 2560K, 0% used [0x00000007bcd00000,0x00000007bcd00000,0x00000007bcf80000)
 ParOldGen       total 173568K, used 1204K [0x00000006c2800000, 0x00000006cd180000, 0x000000076b800000)
  object space 173568K, 0% used [0x00000006c2800000,0x00000006c292d060,0x00000006cd180000)
 Metaspace       used 7977K, capacity 8550K, committed 8704K, reserved 1056768K
  class space    used 642K, capacity 658K, committed 768K, reserved 1048576K
Event: 2.980 GC heap after
Heap after GC invocations=12 (full 0):
 PSYoungGen      total 793088K, used 96K [0x000000076b800000, 0x00000007bcd80000, 0x00000007c0000000)
  eden space 792576K, 0% used [0x000000076b800000,0x000000076b800000,0x000000079be00000)
  from space 512K, 18% used [0x00000007bcd00000,0x00000007bcd18000,0x00000007bcd80000)
  to   space 2560K, 0% used [0x00000007bc880000,0x00000007bc880000,0x00000007bcb00000)
 ParOldGen       total 173568K, used 1204K [0x00000006c2800000, 0x00000006cd180000, 0x000000076b800000)
  object space 173568K, 0% used [0x00000006c2800000,0x00000006c292d060,0x00000006cd180000)
 Metaspace       used 7977K, capacity 8550K, committed 8704K, reserved 1056768K
  class space    used 642K, capacity 658K, committed 768K, reserved 1048576K
}
Event: 3.606 GC heap before
{Heap before GC invocations=13 (full 0):
 PSYoungGen      total 793088K, used 792672K [0x000000076b800000, 0x00000007bcd80000, 0x00000007c0000000)
  eden space 792576K, 100% used [0x000000076b800000,0x000000079be00000,0x000000079be00000)
  from space 512K, 18% used [0x00000007bcd00000,0x00000007bcd18000,0x00000007bcd80000)
  to   space 2560K, 0% used [0x00000007bc880000,0x00000007bc880000,0x00000007bcb00000)
 ParOldGen       total 173568K, used 1204K [0x00000006c2800000, 0x00000006cd180000, 0x000000076b800000)
  object space 173568K, 0% used [0x00000006c2800000,0x00000006c292d060,0x00000006cd180000)
 Metaspace       used 7977K, capacity 8550K, committed 8704K, reserved 1056768K
  class space    used 642K, capacity 658K, committed 768K, reserved 1048576K
Event: 3.607 GC heap after
Heap after GC invocations=13 (full 0):
 PSYoungGen      total 758784K, used 96K [0x000000076b800000, 0x00000007bcd80000, 0x00000007c0000000)
  eden space 756224K, 0% used [0x000000076b800000,0x000000076b800000,0x0000000799a80000)
  from space 2560K, 3% used [0x00000007bc880000,0x00000007bc898000,0x00000007bcb00000)
  to   space 2560K, 0% used [0x00000007bcb00000,0x00000007bcb00000,0x00000007bcd80000)
 ParOldGen       total 173568K, used 1204K [0x00000006c2800000, 0x00000006cd180000, 0x000000076b800000)
  object space 173568K, 0% used [0x00000006c2800000,0x00000006c292d060,0x00000006cd180000)
 Metaspace       used 7977K, capacity 8550K, committed 8704K, reserved 1056768K
  class space    used 642K, capacity 658K, committed 768K, reserved 1048576K
}
Event: 4.379 GC heap before
{Heap before GC invocations=14 (full 0):
 PSYoungGen      total 758784K, used 756320K [0x000000076b800000, 0x00000007bcd80000, 0x00000007c0000000)
  eden space 756224K, 100% used [0x000000076b800000,0x0000000799a80000,0x0000000799a80000)
  from space 2560K, 3% used [0x00000007bc880000,0x00000007bc898000,0x00000007bcb00000)
  to   space 2560K, 0% used [0x00000007bcb00000,0x00000007bcb00000,0x00000007bcd80000)
 ParOldGen       total 173568K, used 1204K [0x00000006c2800000, 0x00000006cd180000, 0x000000076b800000)
  object space 173568K, 0% used [0x00000006c2800000,0x00000006c292d060,0x00000006cd180000)
 Metaspace       used 7978K, capacity 8550K, committed 8704K, reserved 1056768K
  class space    used 642K, capacity 658K, committed 768K, reserved 1048576K
Event: 4.379 GC heap after
Heap after GC invocations=14 (full 0):
 PSYoungGen      total 721920K, used 32K [0x000000076b800000, 0x00000007bcb80000, 0x00000007c0000000)
  eden space 721408K, 0% used [0x000000076b800000,0x000000076b800000,0x0000000797880000)
  from space 512K, 6% used [0x00000007bcb00000,0x00000007bcb08000,0x00000007bcb80000)
  to   space 2560K, 0% used [0x00000007bc680000,0x00000007bc680000,0x00000007bc900000)
 ParOldGen       total 173568K, used 1204K [0x00000006c2800000, 0x00000006cd180000, 0x000000076b800000)
  object space 173568K, 0% used [0x00000006c2800000,0x00000006c292d060,0x00000006cd180000)
 Metaspace       used 7978K, capacity 8550K, committed 8704K, reserved 1056768K
  class space    used 642K, capacity 658K, committed 768K, reserved 1048576K
}

