# JRE version: Java(TM) SE Runtime Environment (8.0_65-b17) (build 1.8.0_65-b17)
# Java VM: Java HotSpot(TM) 64-Bit Server VM (25.65-b01 mixed mode windows-amd64 compressed oops)
Heap:
 PSYoungGen      total 128512K, used 57496K [0x000000076b800000, 0x0000000781e00000, 0x00000007c0000000)
  eden space 128000K, 44% used [0x000000076b800000,0x000000076f0162f0,0x0000000773500000)
  from space 512K, 12% used [0x0000000781d00000,0x0000000781d10000,0x0000000781d80000)
  to   space 512K, 0% used [0x0000000781d80000,0x0000000781d80000,0x0000000781e00000)
 ParOldGen       total 173568K, used 1448K [0x00000006c2800000, 0x00000006cd180000, 0x000000076b800000)
  object space 173568K, 0% used [0x00000006c2800000,0x00000006c296a050,0x00000006cd180000)
 Metaspace       used 8086K, capacity 8646K, committed 8960K, reserved 1056768K
  class space    used 646K, capacity 690K, committed 768K, reserved 1048576K
GC Heap History (10 events):
Event: 6.878 GC heap before
{Heap before GC invocations=103 (full 0):
 PSYoungGen      total 121856K, used 121536K [0x000000076b800000, 0x0000000781e00000, 0x00000007c0000000)
  eden space 121344K, 100% used [0x000000076b800000,0x0000000772e80000,0x0000000772e80000)
  from space 512K, 37% used [0x0000000781d80000,0x0000000781db0000,0x0000000781e00000)
  to   space 512K, 0% used [0x0000000781d00000,0x0000000781d00000,0x0000000781d80000)
 ParOldGen       total 173568K, used 1424K [0x00000006c2800000, 0x00000006cd180000, 0x000000076b800000)
  object space 173568K, 0% used [0x00000006c2800000,0x00000006c2964050,0x00000006cd180000)
 Metaspace       used 8085K, capacity 8646K, committed 8960K, reserved 1056768K
  class space    used 646K, capacity 690K, committed 768K, reserved 1048576K
Event: 6.879 GC heap after
Heap after GC invocations=103 (full 0):
 PSYoungGen      total 146432K, used 96K [0x000000076b800000, 0x0000000781e00000, 0x00000007c0000000)
  eden space 145920K, 0% used [0x000000076b800000,0x000000076b800000,0x0000000774680000)
  from space 512K, 18% used [0x0000000781d00000,0x0000000781d18000,0x0000000781d80000)
  to   space 512K, 0% used [0x0000000781d80000,0x0000000781d80000,0x0000000781e00000)
 ParOldGen       total 173568K, used 1424K [0x00000006c2800000, 0x00000006cd180000, 0x000000076b800000)
  object space 173568K, 0% used [0x00000006c2800000,0x00000006c2964050,0x00000006cd180000)
 Metaspace       used 8085K, capacity 8646K, committed 8960K, reserved 1056768K
  class space    used 646K, capacity 690K, committed 768K, reserved 1048576K
}
Event: 6.970 GC heap before
{Heap before GC invocations=104 (full 0):
 PSYoungGen      total 146432K, used 146016K [0x000000076b800000, 0x0000000781e00000, 0x00000007c0000000)
  eden space 145920K, 100% used [0x000000076b800000,0x0000000774680000,0x0000000774680000)
  from space 512K, 18% used [0x0000000781d00000,0x0000000781d18000,0x0000000781d80000)
  to   space 512K, 0% used [0x0000000781d80000,0x0000000781d80000,0x0000000781e00000)
 ParOldGen       total 173568K, used 1424K [0x00000006c2800000, 0x00000006cd180000, 0x000000076b800000)
  object space 173568K, 0% used [0x00000006c2800000,0x00000006c2964050,0x00000006cd180000)
 Metaspace       used 8085K, capacity 8646K, committed 8960K, reserved 1056768K
  class space    used 646K, capacity 690K, committed 768K, reserved 1048576K
Event: 6.971 GC heap after
Heap after GC invocations=104 (full 0):
 PSYoungGen      total 141824K, used 192K [0x000000076b800000, 0x0000000781e00000, 0x00000007c0000000)
  eden space 141312K, 0% used [0x000000076b800000,0x000000076b800000,0x0000000774200000)
  from space 512K, 37% used [0x0000000781d80000,0x0000000781db0000,0x0000000781e00000)
  to   space 512K, 0% used [0x0000000781d00000,0x0000000781d00000,0x0000000781d80000)
 ParOldGen       total 173568K, used 1424K [0x00000006c2800000, 0x00000006cd180000, 0x000000076b800000)
  object space 173568K, 0% used [0x00000006c2800000,0x00000006c2964050,0x00000006cd180000)
 Metaspace       used 8085K, capacity 8646K, committed 8960K, reserved 1056768K
  class space    used 646K, capacity 690K, committed 768K, reserved 1048576K
}
Event: 7.034 GC heap before
{Heap before GC invocations=105 (full 0):
 PSYoungGen      total 141824K, used 141504K [0x000000076b800000, 0x0000000781e00000, 0x00000007c0000000)
  eden space 141312K, 100% used [0x000000076b800000,0x0000000774200000,0x0000000774200000)
  from space 512K, 37% used [0x0000000781d80000,0x0000000781db0000,0x0000000781e00000)
  to   space 512K, 0% used [0x0000000781d00000,0x0000000781d00000,0x0000000781d80000)
 ParOldGen       total 173568K, used 1424K [0x00000006c2800000, 0x00000006cd180000, 0x000000076b800000)
  object space 173568K, 0% used [0x00000006c2800000,0x00000006c2964050,0x00000006cd180000)
 Metaspace       used 8085K, capacity 8646K, committed 8960K, reserved 1056768K
  class space    used 646K, capacity 690K, committed 768K, reserved 1048576K
Event: 7.035 GC heap after
Heap after GC invocations=105 (full 0):
 PSYoungGen      total 137216K, used 128K [0x000000076b800000, 0x0000000781e00000, 0x00000007c0000000)
  eden space 136704K, 0% used [0x000000076b800000,0x000000076b800000,0x0000000773d80000)
  from space 512K, 25% used [0x0000000781d00000,0x0000000781d20000,0x0000000781d80000)
  to   space 512K, 0% used [0x0000000781d80000,0x0000000781d80000,0x0000000781e00000)
 ParOldGen       total 173568K, used 1424K [0x00000006c2800000, 0x00000006cd180000, 0x000000076b800000)
  object space 173568K, 0% used [0x00000006c2800000,0x00000006c2964050,0x00000006cd180000)
 Metaspace       used 8085K, capacity 8646K, committed 8960K, reserved 1056768K
  class space    used 646K, capacity 690K, committed 768K, reserved 1048576K
}
Event: 7.109 GC heap before
{Heap before GC invocations=106 (full 0):
 PSYoungGen      total 137216K, used 136832K [0x000000076b800000, 0x0000000781e00000, 0x00000007c0000000)
  eden space 136704K, 100% used [0x000000076b800000,0x0000000773d80000,0x0000000773d80000)
  from space 512K, 25% used [0x0000000781d00000,0x0000000781d20000,0x0000000781d80000)
  to   space 512K, 0% used [0x0000000781d80000,0x0000000781d80000,0x0000000781e00000)
 ParOldGen       total 173568K, used 1424K [0x00000006c2800000, 0x00000006cd180000, 0x000000076b800000)
  object space 173568K, 0% used [0x00000006c2800000,0x00000006c2964050,0x00000006cd180000)
 Metaspace       used 8085K, capacity 8646K, committed 8960K, reserved 1056768K
  class space    used 646K, capacity 690K, committed 768K, reserved 1048576K
Event: 7.110 GC heap after
Heap after GC invocations=106 (full 0):
 PSYoungGen      total 132608K, used 64K [0x000000076b800000, 0x0000000781e00000, 0x00000007c0000000)
  eden space 132096K, 0% used [0x000000076b800000,0x000000076b800000,0x0000000773900000)
  from space 512K, 12% used [0x0000000781d80000,0x0000000781d90000,0x0000000781e00000)
  to   space 512K, 0% used [0x0000000781d00000,0x0000000781d00000,0x0000000781d80000)
 ParOldGen       total 173568K, used 1424K [0x00000006c2800000, 0x00000006cd180000, 0x000000076b800000)
  object space 173568K, 0% used [0x00000006c2800000,0x00000006c2964050,0x00000006cd180000)
 Metaspace       used 8085K, capacity 8646K, committed 8960K, reserved 1056768K
  class space    used 646K, capacity 690K, committed 768K, reserved 1048576K
}
Event: 7.175 GC heap before
{Heap before GC invocations=107 (full 0):
 PSYoungGen      total 132608K, used 132160K [0x000000076b800000, 0x0000000781e00000, 0x00000007c0000000)
  eden space 132096K, 100% used [0x000000076b800000,0x0000000773900000,0x0000000773900000)
  from space 512K, 12% used [0x0000000781d80000,0x0000000781d90000,0x0000000781e00000)
  to   space 512K, 0% used [0x0000000781d00000,0x0000000781d00000,0x0000000781d80000)
 ParOldGen       total 173568K, used 1424K [0x00000006c2800000, 0x00000006cd180000, 0x000000076b800000)
  object space 173568K, 0% used [0x00000006c2800000,0x00000006c2964050,0x00000006cd180000)
 Metaspace       used 8085K, capacity 8646K, committed 8960K, reserved 1056768K
  class space    used 646K, capacity 690K, committed 768K, reserved 1048576K
Event: 7.176 GC heap after
Heap after GC invocations=107 (full 0):
 PSYoungGen      total 128512K, used 64K [0x000000076b800000, 0x0000000781e00000, 0x00000007c0000000)
  eden space 128000K, 0% used [0x000000076b800000,0x000000076b800000,0x0000000773500000)
  from space 512K, 12% used [0x0000000781d00000,0x0000000781d10000,0x0000000781d80000)
  to   space 512K, 0% used [0x0000000781d80000,0x0000000781d80000,0x0000000781e00000)
 ParOldGen       total 173568K, used 1448K [0x00000006c2800000, 0x00000006cd180000, 0x000000076b800000)
  object space 173568K, 0% used [0x00000006c2800000,0x00000006c296a050,0x00000006cd180000)
 Metaspace       used 8085K, capacity 8646K, committed 8960K, reserved 1056768K
  class space    used 646K, capacity 690K, committed 768K, reserved 1048576K
}

