# JRE version: Java(TM) SE Runtime Environment (8.0_65-b17) (build 1.8.0_65-b17)
# Java VM: Java HotSpot(TM) 64-Bit Server VM (25.65-b01 mixed mode windows-amd64 compressed oops)
Heap:
 PSYoungGen      total 170496K, used 68873K [0x000000076b800000, 0x000000077c280000, 0x00000007c0000000)
  eden space 168960K, 40% used [0x000000076b800000,0x000000076fb1a740,0x0000000775d00000)
  from space 1536K, 10% used [0x000000077bf80000,0x000000077bfa8000,0x000000077c100000)
  to   space 1536K, 0% used [0x000000077c100000,0x000000077c100000,0x000000077c280000)
 ParOldGen       total 173568K, used 1260K [0x00000006c2800000, 0x00000006cd180000, 0x000000076b800000)
  object space 173568K, 0% used [0x00000006c2800000,0x00000006c293b060,0x00000006cd180000)
 Metaspace       used 8039K, capacity 8550K, committed 8704K, reserved 1056768K
  class space    used 644K, capacity 658K, committed 768K, reserved 1048576K
GC Heap History (10 events):
Event: 2.433 GC heap before
{Heap before GC invocations=17 (full 0):
 PSYoungGen      total 203264K, used 202912K [0x000000076b800000, 0x000000077c480000, 0x00000007c0000000)
  eden space 202752K, 100% used [0x000000076b800000,0x0000000777e00000,0x0000000777e00000)
  from space 512K, 31% used [0x000000077c400000,0x000000077c428000,0x000000077c480000)
  to   space 1536K, 0% used [0x000000077c180000,0x000000077c180000,0x000000077c300000)
 ParOldGen       total 173568K, used 1260K [0x00000006c2800000, 0x00000006cd180000, 0x000000076b800000)
  object space 173568K, 0% used [0x00000006c2800000,0x00000006c293b060,0x00000006cd180000)
 Metaspace       used 8036K, capacity 8550K, committed 8704K, reserved 1056768K
  class space    used 644K, capacity 658K, committed 768K, reserved 1048576K
Event: 2.433 GC heap after
Heap after GC invocations=17 (full 0):
 PSYoungGen      total 197120K, used 160K [0x000000076b800000, 0x000000077c480000, 0x00000007c0000000)
  eden space 195584K, 0% used [0x000000076b800000,0x000000076b800000,0x0000000777700000)
  from space 1536K, 10% used [0x000000077c180000,0x000000077c1a8000,0x000000077c300000)
  to   space 1536K, 0% used [0x000000077c300000,0x000000077c300000,0x000000077c480000)
 ParOldGen       total 173568K, used 1260K [0x00000006c2800000, 0x00000006cd180000, 0x000000076b800000)
  object space 173568K, 0% used [0x00000006c2800000,0x00000006c293b060,0x00000006cd180000)
 Metaspace       used 8036K, capacity 8550K, committed 8704K, reserved 1056768K
  class space    used 644K, capacity 658K, committed 768K, reserved 1048576K
}
Event: 2.593 GC heap before
{Heap before GC invocations=18 (full 0):
 PSYoungGen      total 197120K, used 195744K [0x000000076b800000, 0x000000077c480000, 0x00000007c0000000)
  eden space 195584K, 100% used [0x000000076b800000,0x0000000777700000,0x0000000777700000)
  from space 1536K, 10% used [0x000000077c180000,0x000000077c1a8000,0x000000077c300000)
  to   space 1536K, 0% used [0x000000077c300000,0x000000077c300000,0x000000077c480000)
 ParOldGen       total 173568K, used 1260K [0x00000006c2800000, 0x00000006cd180000, 0x000000076b800000)
  object space 173568K, 0% used [0x00000006c2800000,0x00000006c293b060,0x00000006cd180000)
 Metaspace       used 8037K, capacity 8550K, committed 8704K, reserved 1056768K
  class space    used 644K, capacity 658K, committed 768K, reserved 1048576K
Event: 2.593 GC heap after
Heap after GC invocations=18 (full 0):
 PSYoungGen      total 188928K, used 160K [0x000000076b800000, 0x000000077c380000, 0x00000007c0000000)
  eden space 188416K, 0% used [0x000000076b800000,0x000000076b800000,0x0000000777000000)
  from space 512K, 31% used [0x000000077c300000,0x000000077c328000,0x000000077c380000)
  to   space 1536K, 0% used [0x000000077c080000,0x000000077c080000,0x000000077c200000)
 ParOldGen       total 173568K, used 1260K [0x00000006c2800000, 0x00000006cd180000, 0x000000076b800000)
  object space 173568K, 0% used [0x00000006c2800000,0x00000006c293b060,0x00000006cd180000)
 Metaspace       used 8037K, capacity 8550K, committed 8704K, reserved 1056768K
  class space    used 644K, capacity 658K, committed 768K, reserved 1048576K
}
Event: 2.772 GC heap before
{Heap before GC invocations=19 (full 0):
 PSYoungGen      total 188928K, used 188576K [0x000000076b800000, 0x000000077c380000, 0x00000007c0000000)
  eden space 188416K, 100% used [0x000000076b800000,0x0000000777000000,0x0000000777000000)
  from space 512K, 31% used [0x000000077c300000,0x000000077c328000,0x000000077c380000)
  to   space 1536K, 0% used [0x000000077c080000,0x000000077c080000,0x000000077c200000)
 ParOldGen       total 173568K, used 1260K [0x00000006c2800000, 0x00000006cd180000, 0x000000076b800000)
  object space 173568K, 0% used [0x00000006c2800000,0x00000006c293b060,0x00000006cd180000)
 Metaspace       used 8037K, capacity 8550K, committed 8704K, reserved 1056768K
  class space    used 644K, capacity 658K, committed 768K, reserved 1048576K
Event: 2.773 GC heap after
Heap after GC invocations=19 (full 0):
 PSYoungGen      total 183296K, used 160K [0x000000076b800000, 0x000000077c380000, 0x00000007c0000000)
  eden space 181760K, 0% used [0x000000076b800000,0x000000076b800000,0x0000000776980000)
  from space 1536K, 10% used [0x000000077c080000,0x000000077c0a8000,0x000000077c200000)
  to   space 1536K, 0% used [0x000000077c200000,0x000000077c200000,0x000000077c380000)
 ParOldGen       total 173568K, used 1260K [0x00000006c2800000, 0x00000006cd180000, 0x000000076b800000)
  object space 173568K, 0% used [0x00000006c2800000,0x00000006c293b060,0x00000006cd180000)
 Metaspace       used 8037K, capacity 8550K, committed 8704K, reserved 1056768K
  class space    used 644K, capacity 658K, committed 768K, reserved 1048576K
}
Event: 2.909 GC heap before
{Heap before GC invocations=20 (full 0):
 PSYoungGen      total 183296K, used 181920K [0x000000076b800000, 0x000000077c380000, 0x00000007c0000000)
  eden space 181760K, 100% used [0x000000076b800000,0x0000000776980000,0x0000000776980000)
  from space 1536K, 10% used [0x000000077c080000,0x000000077c0a8000,0x000000077c200000)
  to   space 1536K, 0% used [0x000000077c200000,0x000000077c200000,0x000000077c380000)
 ParOldGen       total 173568K, used 1260K [0x00000006c2800000, 0x00000006cd180000, 0x000000076b800000)
  object space 173568K, 0% used [0x00000006c2800000,0x00000006c293b060,0x00000006cd180000)
 Metaspace       used 8037K, capacity 8550K, committed 8704K, reserved 1056768K
  class space    used 644K, capacity 658K, committed 768K, reserved 1048576K
Event: 2.910 GC heap after
Heap after GC invocations=20 (full 0):
 PSYoungGen      total 175616K, used 128K [0x000000076b800000, 0x000000077c280000, 0x00000007c0000000)
  eden space 175104K, 0% used [0x000000076b800000,0x000000076b800000,0x0000000776300000)
  from space 512K, 25% used [0x000000077c200000,0x000000077c220000,0x000000077c280000)
  to   space 1536K, 0% used [0x000000077bf80000,0x000000077bf80000,0x000000077c100000)
 ParOldGen       total 173568K, used 1260K [0x00000006c2800000, 0x00000006cd180000, 0x000000076b800000)
  object space 173568K, 0% used [0x00000006c2800000,0x00000006c293b060,0x00000006cd180000)
 Metaspace       used 8037K, capacity 8550K, committed 8704K, reserved 1056768K
  class space    used 644K, capacity 658K, committed 768K, reserved 1048576K
}
Event: 3.038 GC heap before
{Heap before GC invocations=21 (full 0):
 PSYoungGen      total 175616K, used 175232K [0x000000076b800000, 0x000000077c280000, 0x00000007c0000000)
  eden space 175104K, 100% used [0x000000076b800000,0x0000000776300000,0x0000000776300000)
  from space 512K, 25% used [0x000000077c200000,0x000000077c220000,0x000000077c280000)
  to   space 1536K, 0% used [0x000000077bf80000,0x000000077bf80000,0x000000077c100000)
 ParOldGen       total 173568K, used 1260K [0x00000006c2800000, 0x00000006cd180000, 0x000000076b800000)
  object space 173568K, 0% used [0x00000006c2800000,0x00000006c293b060,0x00000006cd180000)
 Metaspace       used 8038K, capacity 8550K, committed 8704K, reserved 1056768K
  class space    used 644K, capacity 658K, committed 768K, reserved 1048576K
Event: 3.038 GC heap after
Heap after GC invocations=21 (full 0):
 PSYoungGen      total 170496K, used 160K [0x000000076b800000, 0x000000077c280000, 0x00000007c0000000)
  eden space 168960K, 0% used [0x000000076b800000,0x000000076b800000,0x0000000775d00000)
  from space 1536K, 10% used [0x000000077bf80000,0x000000077bfa8000,0x000000077c100000)
  to   space 1536K, 0% used [0x000000077c100000,0x000000077c100000,0x000000077c280000)
 ParOldGen       total 173568K, used 1260K [0x00000006c2800000, 0x00000006cd180000, 0x000000076b800000)
  object space 173568K, 0% used [0x00000006c2800000,0x00000006c293b060,0x00000006cd180000)
 Metaspace       used 8038K, capacity 8550K, committed 8704K, reserved 1056768K
  class space    used 644K, capacity 658K, committed 768K, reserved 1048576K
}

