# JRE version: Java(TM) SE Runtime Environment (8.0_65-b17) (build 1.8.0_65-b17)
# Java VM: Java HotSpot(TM) 64-Bit Server VM (25.65-b01 mixed mode windows-amd64 compressed oops)
Heap:
 PSYoungGen      total 439296K, used 113089K [0x000000076b800000, 0x000000079e600000, 0x00000007c0000000)
  eden space 435712K, 25% used [0x000000076b800000,0x0000000772668488,0x0000000786180000)
  from space 3584K, 0% used [0x000000079df00000,0x000000079df08000,0x000000079e280000)
  to   space 3584K, 0% used [0x000000079e280000,0x000000079e280000,0x000000079e600000)
 ParOldGen       total 173568K, used 1184K [0x00000006c2800000, 0x00000006cd180000, 0x000000076b800000)
  object space 173568K, 0% used [0x00000006c2800000,0x00000006c2928070,0x00000006cd180000)
 Metaspace       used 7806K, capacity 8422K, committed 8704K, reserved 1056768K
  class space    used 622K, capacity 658K, committed 768K, reserved 1048576K
GC Heap History (10 events):
Event: 1.965 GC heap before
{Heap before GC invocations=9 (full 0):
 PSYoungGen      total 523776K, used 520224K [0x000000076b800000, 0x000000078bb00000, 0x00000007c0000000)
  eden space 520192K, 100% used [0x000000076b800000,0x000000078b400000,0x000000078b400000)
  from space 3584K, 0% used [0x000000078b780000,0x000000078b788000,0x000000078bb00000)
  to   space 3584K, 0% used [0x000000078b400000,0x000000078b400000,0x000000078b780000)
 ParOldGen       total 173568K, used 1144K [0x00000006c2800000, 0x00000006cd180000, 0x000000076b800000)
  object space 173568K, 0% used [0x00000006c2800000,0x00000006c291e070,0x00000006cd180000)
 Metaspace       used 7804K, capacity 8422K, committed 8704K, reserved 1056768K
  class space    used 622K, capacity 658K, committed 768K, reserved 1048576K
Event: 1.966 GC heap after
Heap after GC invocations=9 (full 0):
 PSYoungGen      total 523776K, used 64K [0x000000076b800000, 0x000000079ec00000, 0x00000007c0000000)
  eden space 520192K, 0% used [0x000000076b800000,0x000000076b800000,0x000000078b400000)
  from space 3584K, 1% used [0x000000078b400000,0x000000078b410000,0x000000078b780000)
  to   space 3584K, 0% used [0x000000079e880000,0x000000079e880000,0x000000079ec00000)
 ParOldGen       total 173568K, used 1152K [0x00000006c2800000, 0x00000006cd180000, 0x000000076b800000)
  object space 173568K, 0% used [0x00000006c2800000,0x00000006c2920070,0x00000006cd180000)
 Metaspace       used 7804K, capacity 8422K, committed 8704K, reserved 1056768K
  class space    used 622K, capacity 658K, committed 768K, reserved 1048576K
}
Event: 2.278 GC heap before
{Heap before GC invocations=10 (full 0):
 PSYoungGen      total 523776K, used 520256K [0x000000076b800000, 0x000000079ec00000, 0x00000007c0000000)
  eden space 520192K, 100% used [0x000000076b800000,0x000000078b400000,0x000000078b400000)
  from space 3584K, 1% used [0x000000078b400000,0x000000078b410000,0x000000078b780000)
  to   space 3584K, 0% used [0x000000079e880000,0x000000079e880000,0x000000079ec00000)
 ParOldGen       total 173568K, used 1152K [0x00000006c2800000, 0x00000006cd180000, 0x000000076b800000)
  object space 173568K, 0% used [0x00000006c2800000,0x00000006c2920070,0x00000006cd180000)
 Metaspace       used 7804K, capacity 8422K, committed 8704K, reserved 1056768K
  class space    used 622K, capacity 658K, committed 768K, reserved 1048576K
Event: 2.279 GC heap after
Heap after GC invocations=10 (full 0):
 PSYoungGen      total 497664K, used 96K [0x000000076b800000, 0x000000079e900000, 0x00000007c0000000)
  eden space 497152K, 0% used [0x000000076b800000,0x000000076b800000,0x0000000789d80000)
  from space 512K, 18% used [0x000000079e880000,0x000000079e898000,0x000000079e900000)
  to   space 3584K, 0% used [0x000000079e200000,0x000000079e200000,0x000000079e580000)
 ParOldGen       total 173568K, used 1160K [0x00000006c2800000, 0x00000006cd180000, 0x000000076b800000)
  object space 173568K, 0% used [0x00000006c2800000,0x00000006c2922070,0x00000006cd180000)
 Metaspace       used 7804K, capacity 8422K, committed 8704K, reserved 1056768K
  class space    used 622K, capacity 658K, committed 768K, reserved 1048576K
}
Event: 2.551 GC heap before
{Heap before GC invocations=11 (full 0):
 PSYoungGen      total 497664K, used 497248K [0x000000076b800000, 0x000000079e900000, 0x00000007c0000000)
  eden space 497152K, 100% used [0x000000076b800000,0x0000000789d80000,0x0000000789d80000)
  from space 512K, 18% used [0x000000079e880000,0x000000079e898000,0x000000079e900000)
  to   space 3584K, 0% used [0x000000079e200000,0x000000079e200000,0x000000079e580000)
 ParOldGen       total 173568K, used 1160K [0x00000006c2800000, 0x00000006cd180000, 0x000000076b800000)
  object space 173568K, 0% used [0x00000006c2800000,0x00000006c2922070,0x00000006cd180000)
 Metaspace       used 7805K, capacity 8422K, committed 8704K, reserved 1056768K
  class space    used 622K, capacity 658K, committed 768K, reserved 1048576K
Event: 2.551 GC heap after
Heap after GC invocations=11 (full 0):
 PSYoungGen      total 479232K, used 32K [0x000000076b800000, 0x000000079e900000, 0x00000007c0000000)
  eden space 475648K, 0% used [0x000000076b800000,0x000000076b800000,0x0000000788880000)
  from space 3584K, 0% used [0x000000079e200000,0x000000079e208000,0x000000079e580000)
  to   space 3584K, 0% used [0x000000079e580000,0x000000079e580000,0x000000079e900000)
 ParOldGen       total 173568K, used 1184K [0x00000006c2800000, 0x00000006cd180000, 0x000000076b800000)
  object space 173568K, 0% used [0x00000006c2800000,0x00000006c2928070,0x00000006cd180000)
 Metaspace       used 7805K, capacity 8422K, committed 8704K, reserved 1056768K
  class space    used 622K, capacity 658K, committed 768K, reserved 1048576K
}
Event: 2.827 GC heap before
{Heap before GC invocations=12 (full 0):
 PSYoungGen      total 479232K, used 475680K [0x000000076b800000, 0x000000079e900000, 0x00000007c0000000)
  eden space 475648K, 100% used [0x000000076b800000,0x0000000788880000,0x0000000788880000)
  from space 3584K, 0% used [0x000000079e200000,0x000000079e208000,0x000000079e580000)
  to   space 3584K, 0% used [0x000000079e580000,0x000000079e580000,0x000000079e900000)
 ParOldGen       total 173568K, used 1184K [0x00000006c2800000, 0x00000006cd180000, 0x000000076b800000)
  object space 173568K, 0% used [0x00000006c2800000,0x00000006c2928070,0x00000006cd180000)
 Metaspace       used 7806K, capacity 8422K, committed 8704K, reserved 1056768K
  class space    used 622K, capacity 658K, committed 768K, reserved 1048576K
Event: 2.827 GC heap after
Heap after GC invocations=12 (full 0):
 PSYoungGen      total 455680K, used 32K [0x000000076b800000, 0x000000079e600000, 0x00000007c0000000)
  eden space 455168K, 0% used [0x000000076b800000,0x000000076b800000,0x0000000787480000)
  from space 512K, 6% used [0x000000079e580000,0x000000079e588000,0x000000079e600000)
  to   space 3584K, 0% used [0x000000079df00000,0x000000079df00000,0x000000079e280000)
 ParOldGen       total 173568K, used 1184K [0x00000006c2800000, 0x00000006cd180000, 0x000000076b800000)
  object space 173568K, 0% used [0x00000006c2800000,0x00000006c2928070,0x00000006cd180000)
 Metaspace       used 7806K, capacity 8422K, committed 8704K, reserved 1056768K
  class space    used 622K, capacity 658K, committed 768K, reserved 1048576K
}
Event: 3.084 GC heap before
{Heap before GC invocations=13 (full 0):
 PSYoungGen      total 455680K, used 455200K [0x000000076b800000, 0x000000079e600000, 0x00000007c0000000)
  eden space 455168K, 100% used [0x000000076b800000,0x0000000787480000,0x0000000787480000)
  from space 512K, 6% used [0x000000079e580000,0x000000079e588000,0x000000079e600000)
  to   space 3584K, 0% used [0x000000079df00000,0x000000079df00000,0x000000079e280000)
 ParOldGen       total 173568K, used 1184K [0x00000006c2800000, 0x00000006cd180000, 0x000000076b800000)
  object space 173568K, 0% used [0x00000006c2800000,0x00000006c2928070,0x00000006cd180000)
 Metaspace       used 7806K, capacity 8422K, committed 8704K, reserved 1056768K
  class space    used 622K, capacity 658K, committed 768K, reserved 1048576K
Event: 3.084 GC heap after
Heap after GC invocations=13 (full 0):
 PSYoungGen      total 439296K, used 32K [0x000000076b800000, 0x000000079e600000, 0x00000007c0000000)
  eden space 435712K, 0% used [0x000000076b800000,0x000000076b800000,0x0000000786180000)
  from space 3584K, 0% used [0x000000079df00000,0x000000079df08000,0x000000079e280000)
  to   space 3584K, 0% used [0x000000079e280000,0x000000079e280000,0x000000079e600000)
 ParOldGen       total 173568K, used 1184K [0x00000006c2800000, 0x00000006cd180000, 0x000000076b800000)
  object space 173568K, 0% used [0x00000006c2800000,0x00000006c2928070,0x00000006cd180000)
 Metaspace       used 7806K, capacity 8422K, committed 8704K, reserved 1056768K
  class space    used 622K, capacity 658K, committed 768K, reserved 1048576K
}

