# JRE version: Java(TM) SE Runtime Environment (8.0_65-b17) (build 1.8.0_65-b17)
# Java VM: Java HotSpot(TM) 64-Bit Server VM (25.65-b01 mixed mode windows-amd64 compressed oops)
Heap:
 PSYoungGen      total 192512K, used 118886K [0x000000076b800000, 0x00000007b9480000, 0x00000007c0000000)
  eden space 192000K, 61% used [0x000000076b800000,0x0000000772be1830,0x0000000777380000)
  from space 512K, 43% used [0x00000007b9400000,0x00000007b9438000,0x00000007b9480000)
  to   space 512K, 0% used [0x00000007b9380000,0x00000007b9380000,0x00000007b9400000)
 ParOldGen       total 173568K, used 36833K [0x00000006c2800000, 0x00000006cd180000, 0x000000076b800000)
  object space 173568K, 21% used [0x00000006c2800000,0x00000006c4bf84d0,0x00000006cd180000)
 Metaspace       used 8341K, capacity 8710K, committed 8960K, reserved 1056768K
  class space    used 659K, capacity 690K, committed 768K, reserved 1048576K
GC Heap History (10 events):
Event: 26.100 GC heap before
{Heap before GC invocations=250 (full 0):
 PSYoungGen      total 118784K, used 118496K [0x000000076b800000, 0x00000007b9480000, 0x00000007c0000000)
  eden space 118272K, 100% used [0x000000076b800000,0x0000000772b80000,0x0000000772b80000)
  from space 512K, 43% used [0x00000007b9380000,0x00000007b93b8000,0x00000007b9400000)
  to   space 512K, 0% used [0x00000007b9400000,0x00000007b9400000,0x00000007b9480000)
 ParOldGen       total 173568K, used 36833K [0x00000006c2800000, 0x00000006cd180000, 0x000000076b800000)
  object space 173568K, 21% used [0x00000006c2800000,0x00000006c4bf84d0,0x00000006cd180000)
 Metaspace       used 8341K, capacity 8710K, committed 8960K, reserved 1056768K
  class space    used 659K, capacity 690K, committed 768K, reserved 1048576K
Event: 26.100 GC heap after
Heap after GC invocations=250 (full 0):
 PSYoungGen      total 115200K, used 224K [0x000000076b800000, 0x00000007b9480000, 0x00000007c0000000)
  eden space 114688K, 0% used [0x000000076b800000,0x000000076b800000,0x0000000772800000)
  from space 512K, 43% used [0x00000007b9400000,0x00000007b9438000,0x00000007b9480000)
  to   space 512K, 0% used [0x00000007b9380000,0x00000007b9380000,0x00000007b9400000)
 ParOldGen       total 173568K, used 36833K [0x00000006c2800000, 0x00000006cd180000, 0x000000076b800000)
  object space 173568K, 21% used [0x00000006c2800000,0x00000006c4bf84d0,0x00000006cd180000)
 Metaspace       used 8341K, capacity 8710K, committed 8960K, reserved 1056768K
  class space    used 659K, capacity 690K, committed 768K, reserved 1048576K
}
Event: 26.149 GC heap before
{Heap before GC invocations=251 (full 0):
 PSYoungGen      total 115200K, used 114912K [0x000000076b800000, 0x00000007b9480000, 0x00000007c0000000)
  eden space 114688K, 100% used [0x000000076b800000,0x0000000772800000,0x0000000772800000)
  from space 512K, 43% used [0x00000007b9400000,0x00000007b9438000,0x00000007b9480000)
  to   space 512K, 0% used [0x00000007b9380000,0x00000007b9380000,0x00000007b9400000)
 ParOldGen       total 173568K, used 36833K [0x00000006c2800000, 0x00000006cd180000, 0x000000076b800000)
  object space 173568K, 21% used [0x00000006c2800000,0x00000006c4bf84d0,0x00000006cd180000)
 Metaspace       used 8341K, capacity 8710K, committed 8960K, reserved 1056768K
  class space    used 659K, capacity 690K, committed 768K, reserved 1048576K
Event: 26.149 GC heap after
Heap after GC invocations=251 (full 0):
 PSYoungGen      total 138240K, used 160K [0x000000076b800000, 0x00000007b9480000, 0x00000007c0000000)
  eden space 137728K, 0% used [0x000000076b800000,0x000000076b800000,0x0000000773e80000)
  from space 512K, 31% used [0x00000007b9380000,0x00000007b93a8000,0x00000007b9400000)
  to   space 512K, 0% used [0x00000007b9400000,0x00000007b9400000,0x00000007b9480000)
 ParOldGen       total 173568K, used 36833K [0x00000006c2800000, 0x00000006cd180000, 0x000000076b800000)
  object space 173568K, 21% used [0x00000006c2800000,0x00000006c4bf84d0,0x00000006cd180000)
 Metaspace       used 8341K, capacity 8710K, committed 8960K, reserved 1056768K
  class space    used 659K, capacity 690K, committed 768K, reserved 1048576K
}
Event: 26.208 GC heap before
{Heap before GC invocations=252 (full 0):
 PSYoungGen      total 138240K, used 137888K [0x000000076b800000, 0x00000007b9480000, 0x00000007c0000000)
  eden space 137728K, 100% used [0x000000076b800000,0x0000000773e80000,0x0000000773e80000)
  from space 512K, 31% used [0x00000007b9380000,0x00000007b93a8000,0x00000007b9400000)
  to   space 512K, 0% used [0x00000007b9400000,0x00000007b9400000,0x00000007b9480000)
 ParOldGen       total 173568K, used 36833K [0x00000006c2800000, 0x00000006cd180000, 0x000000076b800000)
  object space 173568K, 21% used [0x00000006c2800000,0x00000006c4bf84d0,0x00000006cd180000)
 Metaspace       used 8341K, capacity 8710K, committed 8960K, reserved 1056768K
  class space    used 659K, capacity 690K, committed 768K, reserved 1048576K
Event: 26.208 GC heap after
Heap after GC invocations=252 (full 0):
 PSYoungGen      total 133632K, used 256K [0x000000076b800000, 0x00000007b9480000, 0x00000007c0000000)
  eden space 133120K, 0% used [0x000000076b800000,0x000000076b800000,0x0000000773a00000)
  from space 512K, 50% used [0x00000007b9400000,0x00000007b9440000,0x00000007b9480000)
  to   space 512K, 0% used [0x00000007b9380000,0x00000007b9380000,0x00000007b9400000)
 ParOldGen       total 173568K, used 36833K [0x00000006c2800000, 0x00000006cd180000, 0x000000076b800000)
  object space 173568K, 21% used [0x00000006c2800000,0x00000006c4bf84d0,0x00000006cd180000)
 Metaspace       used 8341K, capacity 8710K, committed 8960K, reserved 1056768K
  class space    used 659K, capacity 690K, committed 768K, reserved 1048576K
}
Event: 26.264 GC heap before
{Heap before GC invocations=253 (full 0):
 PSYoungGen      total 133632K, used 133376K [0x000000076b800000, 0x00000007b9480000, 0x00000007c0000000)
  eden space 133120K, 100% used [0x000000076b800000,0x0000000773a00000,0x0000000773a00000)
  from space 512K, 50% used [0x00000007b9400000,0x00000007b9440000,0x00000007b9480000)
  to   space 512K, 0% used [0x00000007b9380000,0x00000007b9380000,0x00000007b9400000)
 ParOldGen       total 173568K, used 36833K [0x00000006c2800000, 0x00000006cd180000, 0x000000076b800000)
  object space 173568K, 21% used [0x00000006c2800000,0x00000006c4bf84d0,0x00000006cd180000)
 Metaspace       used 8341K, capacity 8710K, committed 8960K, reserved 1056768K
  class space    used 659K, capacity 690K, committed 768K, reserved 1048576K
Event: 26.265 GC heap after
Heap after GC invocations=253 (full 0):
 PSYoungGen      total 160256K, used 224K [0x000000076b800000, 0x00000007b9480000, 0x00000007c0000000)
  eden space 159744K, 0% used [0x000000076b800000,0x000000076b800000,0x0000000775400000)
  from space 512K, 43% used [0x00000007b9380000,0x00000007b93b8000,0x00000007b9400000)
  to   space 512K, 0% used [0x00000007b9400000,0x00000007b9400000,0x00000007b9480000)
 ParOldGen       total 173568K, used 36833K [0x00000006c2800000, 0x00000006cd180000, 0x000000076b800000)
  object space 173568K, 21% used [0x00000006c2800000,0x00000006c4bf84d0,0x00000006cd180000)
 Metaspace       used 8341K, capacity 8710K, committed 8960K, reserved 1056768K
  class space    used 659K, capacity 690K, committed 768K, reserved 1048576K
}
Event: 26.330 GC heap before
{Heap before GC invocations=254 (full 0):
 PSYoungGen      total 160256K, used 159968K [0x000000076b800000, 0x00000007b9480000, 0x00000007c0000000)
  eden space 159744K, 100% used [0x000000076b800000,0x0000000775400000,0x0000000775400000)
  from space 512K, 43% used [0x00000007b9380000,0x00000007b93b8000,0x00000007b9400000)
  to   space 512K, 0% used [0x00000007b9400000,0x00000007b9400000,0x00000007b9480000)
 ParOldGen       total 173568K, used 36833K [0x00000006c2800000, 0x00000006cd180000, 0x000000076b800000)
  object space 173568K, 21% used [0x00000006c2800000,0x00000006c4bf84d0,0x00000006cd180000)
 Metaspace       used 8341K, capacity 8710K, committed 8960K, reserved 1056768K
  class space    used 659K, capacity 690K, committed 768K, reserved 1048576K
Event: 26.331 GC heap after
Heap after GC invocations=254 (full 0):
 PSYoungGen      total 192512K, used 224K [0x000000076b800000, 0x00000007b9480000, 0x00000007c0000000)
  eden space 192000K, 0% used [0x000000076b800000,0x000000076b800000,0x0000000777380000)
  from space 512K, 43% used [0x00000007b9400000,0x00000007b9438000,0x00000007b9480000)
  to   space 512K, 0% used [0x00000007b9380000,0x00000007b9380000,0x00000007b9400000)
 ParOldGen       total 173568K, used 36833K [0x00000006c2800000, 0x00000006cd180000, 0x000000076b800000)
  object space 173568K, 21% used [0x00000006c2800000,0x00000006c4bf84d0,0x00000006cd180000)
 Metaspace       used 8341K, capacity 8710K, committed 8960K, reserved 1056768K
  class space    used 659K, capacity 690K, committed 768K, reserved 1048576K
}

