# JRE version: Java(TM) SE Runtime Environment (8.0_65-b17) (build 1.8.0_65-b17)
# Java VM: Java HotSpot(TM) 64-Bit Server VM (25.65-b01 mixed mode windows-amd64 compressed oops)
Heap:
 PSYoungGen      total 127488K, used 29609K [0x000000076b800000, 0x0000000789d00000, 0x00000007c0000000)
  eden space 126976K, 23% used [0x000000076b800000,0x000000076d4da4b0,0x0000000773400000)
  from space 512K, 12% used [0x0000000789c00000,0x0000000789c10000,0x0000000789c80000)
  to   space 512K, 0% used [0x0000000789c80000,0x0000000789c80000,0x0000000789d00000)
 ParOldGen       total 173568K, used 1300K [0x00000006c2800000, 0x00000006cd180000, 0x000000076b800000)
  object space 173568K, 0% used [0x00000006c2800000,0x00000006c2945060,0x00000006cd180000)
 Metaspace       used 8241K, capacity 8614K, committed 8704K, reserved 1056768K
  class space    used 673K, capacity 722K, committed 768K, reserved 1048576K
GC Heap History (10 events):
Event: 4.215 GC heap before
{Heap before GC invocations=47 (full 0):
 PSYoungGen      total 74752K, used 74368K [0x000000076b800000, 0x0000000789d00000, 0x00000007c0000000)
  eden space 74240K, 100% used [0x000000076b800000,0x0000000770080000,0x0000000770080000)
  from space 512K, 25% used [0x0000000789c80000,0x0000000789ca0000,0x0000000789d00000)
  to   space 512K, 0% used [0x0000000789c00000,0x0000000789c00000,0x0000000789c80000)
 ParOldGen       total 173568K, used 1300K [0x00000006c2800000, 0x00000006cd180000, 0x000000076b800000)
  object space 173568K, 0% used [0x00000006c2800000,0x00000006c2945060,0x00000006cd180000)
 Metaspace       used 8241K, capacity 8614K, committed 8704K, reserved 1056768K
  class space    used 673K, capacity 722K, committed 768K, reserved 1048576K
Event: 4.215 GC heap after
Heap after GC invocations=47 (full 0):
 PSYoungGen      total 73216K, used 96K [0x000000076b800000, 0x0000000789d00000, 0x00000007c0000000)
  eden space 72704K, 0% used [0x000000076b800000,0x000000076b800000,0x000000076ff00000)
  from space 512K, 18% used [0x0000000789c00000,0x0000000789c18000,0x0000000789c80000)
  to   space 512K, 0% used [0x0000000789c80000,0x0000000789c80000,0x0000000789d00000)
 ParOldGen       total 173568K, used 1300K [0x00000006c2800000, 0x00000006cd180000, 0x000000076b800000)
  object space 173568K, 0% used [0x00000006c2800000,0x00000006c2945060,0x00000006cd180000)
 Metaspace       used 8241K, capacity 8614K, committed 8704K, reserved 1056768K
  class space    used 673K, capacity 722K, committed 768K, reserved 1048576K
}
Event: 4.246 GC heap before
{Heap before GC invocations=48 (full 0):
 PSYoungGen      total 73216K, used 72800K [0x000000076b800000, 0x0000000789d00000, 0x00000007c0000000)
  eden space 72704K, 100% used [0x000000076b800000,0x000000076ff00000,0x000000076ff00000)
  from space 512K, 18% used [0x0000000789c00000,0x0000000789c18000,0x0000000789c80000)
  to   space 512K, 0% used [0x0000000789c80000,0x0000000789c80000,0x0000000789d00000)
 ParOldGen       total 173568K, used 1300K [0x00000006c2800000, 0x00000006cd180000, 0x000000076b800000)
  object space 173568K, 0% used [0x00000006c2800000,0x00000006c2945060,0x00000006cd180000)
 Metaspace       used 8241K, capacity 8614K, committed 8704K, reserved 1056768K
  class space    used 673K, capacity 722K, committed 768K, reserved 1048576K
Event: 4.247 GC heap after
Heap after GC invocations=48 (full 0):
 PSYoungGen      total 89600K, used 160K [0x000000076b800000, 0x0000000789d00000, 0x00000007c0000000)
  eden space 89088K, 0% used [0x000000076b800000,0x000000076b800000,0x0000000770f00000)
  from space 512K, 31% used [0x0000000789c80000,0x0000000789ca8000,0x0000000789d00000)
  to   space 512K, 0% used [0x0000000789c00000,0x0000000789c00000,0x0000000789c80000)
 ParOldGen       total 173568K, used 1300K [0x00000006c2800000, 0x00000006cd180000, 0x000000076b800000)
  object space 173568K, 0% used [0x00000006c2800000,0x00000006c2945060,0x00000006cd180000)
 Metaspace       used 8241K, capacity 8614K, committed 8704K, reserved 1056768K
  class space    used 673K, capacity 722K, committed 768K, reserved 1048576K
}
Event: 4.296 GC heap before
{Heap before GC invocations=49 (full 0):
 PSYoungGen      total 89600K, used 89248K [0x000000076b800000, 0x0000000789d00000, 0x00000007c0000000)
  eden space 89088K, 100% used [0x000000076b800000,0x0000000770f00000,0x0000000770f00000)
  from space 512K, 31% used [0x0000000789c80000,0x0000000789ca8000,0x0000000789d00000)
  to   space 512K, 0% used [0x0000000789c00000,0x0000000789c00000,0x0000000789c80000)
 ParOldGen       total 173568K, used 1300K [0x00000006c2800000, 0x00000006cd180000, 0x000000076b800000)
  object space 173568K, 0% used [0x00000006c2800000,0x00000006c2945060,0x00000006cd180000)
 Metaspace       used 8241K, capacity 8614K, committed 8704K, reserved 1056768K
  class space    used 673K, capacity 722K, committed 768K, reserved 1048576K
Event: 4.296 GC heap after
Heap after GC invocations=49 (full 0):
 PSYoungGen      total 108544K, used 96K [0x000000076b800000, 0x0000000789d00000, 0x00000007c0000000)
  eden space 108032K, 0% used [0x000000076b800000,0x000000076b800000,0x0000000772180000)
  from space 512K, 18% used [0x0000000789c00000,0x0000000789c18000,0x0000000789c80000)
  to   space 512K, 0% used [0x0000000789c80000,0x0000000789c80000,0x0000000789d00000)
 ParOldGen       total 173568K, used 1300K [0x00000006c2800000, 0x00000006cd180000, 0x000000076b800000)
  object space 173568K, 0% used [0x00000006c2800000,0x00000006c2945060,0x00000006cd180000)
 Metaspace       used 8241K, capacity 8614K, committed 8704K, reserved 1056768K
  class space    used 673K, capacity 722K, committed 768K, reserved 1048576K
}
Event: 4.343 GC heap before
{Heap before GC invocations=50 (full 0):
 PSYoungGen      total 108544K, used 108128K [0x000000076b800000, 0x0000000789d00000, 0x00000007c0000000)
  eden space 108032K, 100% used [0x000000076b800000,0x0000000772180000,0x0000000772180000)
  from space 512K, 18% used [0x0000000789c00000,0x0000000789c18000,0x0000000789c80000)
  to   space 512K, 0% used [0x0000000789c80000,0x0000000789c80000,0x0000000789d00000)
 ParOldGen       total 173568K, used 1300K [0x00000006c2800000, 0x00000006cd180000, 0x000000076b800000)
  object space 173568K, 0% used [0x00000006c2800000,0x00000006c2945060,0x00000006cd180000)
 Metaspace       used 8241K, capacity 8614K, committed 8704K, reserved 1056768K
  class space    used 673K, capacity 722K, committed 768K, reserved 1048576K
Event: 4.343 GC heap after
Heap after GC invocations=50 (full 0):
 PSYoungGen      total 131584K, used 64K [0x000000076b800000, 0x0000000789d00000, 0x00000007c0000000)
  eden space 131072K, 0% used [0x000000076b800000,0x000000076b800000,0x0000000773800000)
  from space 512K, 12% used [0x0000000789c80000,0x0000000789c90000,0x0000000789d00000)
  to   space 512K, 0% used [0x0000000789c00000,0x0000000789c00000,0x0000000789c80000)
 ParOldGen       total 173568K, used 1300K [0x00000006c2800000, 0x00000006cd180000, 0x000000076b800000)
  object space 173568K, 0% used [0x00000006c2800000,0x00000006c2945060,0x00000006cd180000)
 Metaspace       used 8241K, capacity 8614K, committed 8704K, reserved 1056768K
  class space    used 673K, capacity 722K, committed 768K, reserved 1048576K
}
Event: 4.422 GC heap before
{Heap before GC invocations=51 (full 0):
 PSYoungGen      total 131584K, used 131136K [0x000000076b800000, 0x0000000789d00000, 0x00000007c0000000)
  eden space 131072K, 100% used [0x000000076b800000,0x0000000773800000,0x0000000773800000)
  from space 512K, 12% used [0x0000000789c80000,0x0000000789c90000,0x0000000789d00000)
  to   space 512K, 0% used [0x0000000789c00000,0x0000000789c00000,0x0000000789c80000)
 ParOldGen       total 173568K, used 1300K [0x00000006c2800000, 0x00000006cd180000, 0x000000076b800000)
  object space 173568K, 0% used [0x00000006c2800000,0x00000006c2945060,0x00000006cd180000)
 Metaspace       used 8241K, capacity 8614K, committed 8704K, reserved 1056768K
  class space    used 673K, capacity 722K, committed 768K, reserved 1048576K
Event: 4.422 GC heap after
Heap after GC invocations=51 (full 0):
 PSYoungGen      total 127488K, used 64K [0x000000076b800000, 0x0000000789d00000, 0x00000007c0000000)
  eden space 126976K, 0% used [0x000000076b800000,0x000000076b800000,0x0000000773400000)
  from space 512K, 12% used [0x0000000789c00000,0x0000000789c10000,0x0000000789c80000)
  to   space 512K, 0% used [0x0000000789c80000,0x0000000789c80000,0x0000000789d00000)
 ParOldGen       total 173568K, used 1300K [0x00000006c2800000, 0x00000006cd180000, 0x000000076b800000)
  object space 173568K, 0% used [0x00000006c2800000,0x00000006c2945060,0x00000006cd180000)
 Metaspace       used 8241K, capacity 8614K, committed 8704K, reserved 1056768K
  class space    used 673K, capacity 722K, committed 768K, reserved 1048576K
}

