# JRE version: Java(TM) SE Runtime Environment (8.0_65-b17) (build 1.8.0_65-b17)
# Java VM: Java HotSpot(TM) 64-Bit Server VM (25.65-b01 mixed mode windows-amd64 compressed oops)
Heap:
 PSYoungGen      total 143872K, used 27617K [0x000000076b800000, 0x000000077ac80000, 0x00000007c0000000)
  eden space 143360K, 19% used [0x000000076b800000,0x000000076d2d8670,0x0000000774400000)
  from space 512K, 25% used [0x000000077ac00000,0x000000077ac20000,0x000000077ac80000)
  to   space 1536K, 0% used [0x000000077a980000,0x000000077a980000,0x000000077ab00000)
 ParOldGen       total 173568K, used 1518K [0x00000006c2800000, 0x00000006cd180000, 0x000000076b800000)
  object space 173568K, 0% used [0x00000006c2800000,0x00000006c297b9c0,0x00000006cd180000)
 Metaspace       used 8252K, capacity 8710K, committed 8960K, reserved 1056768K
  class space    used 658K, capacity 690K, committed 768K, reserved 1048576K
GC Heap History (10 events):
Event: 2.193 GC heap before
{Heap before GC invocations=20 (full 0):
 PSYoungGen      total 173056K, used 171232K [0x000000076b800000, 0x000000077b000000, 0x00000007c0000000)
  eden space 171008K, 100% used [0x000000076b800000,0x0000000775f00000,0x0000000775f00000)
  from space 2048K, 10% used [0x000000077ac00000,0x000000077ac38000,0x000000077ae00000)
  to   space 2048K, 0% used [0x000000077ae00000,0x000000077ae00000,0x000000077b000000)
 ParOldGen       total 173568K, used 1518K [0x00000006c2800000, 0x00000006cd180000, 0x000000076b800000)
  object space 173568K, 0% used [0x00000006c2800000,0x00000006c297b9c0,0x00000006cd180000)
 Metaspace       used 8244K, capacity 8710K, committed 8960K, reserved 1056768K
  class space    used 658K, capacity 690K, committed 768K, reserved 1048576K
Event: 2.194 GC heap after
Heap after GC invocations=20 (full 0):
 PSYoungGen      total 165376K, used 160K [0x000000076b800000, 0x000000077ae80000, 0x00000007c0000000)
  eden space 164864K, 0% used [0x000000076b800000,0x000000076b800000,0x0000000775900000)
  from space 512K, 31% used [0x000000077ae00000,0x000000077ae28000,0x000000077ae80000)
  to   space 2048K, 0% used [0x000000077aa80000,0x000000077aa80000,0x000000077ac80000)
 ParOldGen       total 173568K, used 1518K [0x00000006c2800000, 0x00000006cd180000, 0x000000076b800000)
  object space 173568K, 0% used [0x00000006c2800000,0x00000006c297b9c0,0x00000006cd180000)
 Metaspace       used 8244K, capacity 8710K, committed 8960K, reserved 1056768K
  class space    used 658K, capacity 690K, committed 768K, reserved 1048576K
}
Event: 2.276 GC heap before
{Heap before GC invocations=21 (full 0):
 PSYoungGen      total 165376K, used 165024K [0x000000076b800000, 0x000000077ae80000, 0x00000007c0000000)
  eden space 164864K, 100% used [0x000000076b800000,0x0000000775900000,0x0000000775900000)
  from space 512K, 31% used [0x000000077ae00000,0x000000077ae28000,0x000000077ae80000)
  to   space 2048K, 0% used [0x000000077aa80000,0x000000077aa80000,0x000000077ac80000)
 ParOldGen       total 173568K, used 1518K [0x00000006c2800000, 0x00000006cd180000, 0x000000076b800000)
  object space 173568K, 0% used [0x00000006c2800000,0x00000006c297b9c0,0x00000006cd180000)
 Metaspace       used 8245K, capacity 8710K, committed 8960K, reserved 1056768K
  class space    used 658K, capacity 690K, committed 768K, reserved 1048576K
Event: 2.276 GC heap after
Heap after GC invocations=21 (full 0):
 PSYoungGen      total 161280K, used 160K [0x000000076b800000, 0x000000077ae80000, 0x00000007c0000000)
  eden space 159232K, 0% used [0x000000076b800000,0x000000076b800000,0x0000000775380000)
  from space 2048K, 7% used [0x000000077aa80000,0x000000077aaa8000,0x000000077ac80000)
  to   space 1536K, 0% used [0x000000077ad00000,0x000000077ad00000,0x000000077ae80000)
 ParOldGen       total 173568K, used 1518K [0x00000006c2800000, 0x00000006cd180000, 0x000000076b800000)
  object space 173568K, 0% used [0x00000006c2800000,0x00000006c297b9c0,0x00000006cd180000)
 Metaspace       used 8245K, capacity 8710K, committed 8960K, reserved 1056768K
  class space    used 658K, capacity 690K, committed 768K, reserved 1048576K
}
Event: 2.347 GC heap before
{Heap before GC invocations=22 (full 0):
 PSYoungGen      total 161280K, used 159392K [0x000000076b800000, 0x000000077ae80000, 0x00000007c0000000)
  eden space 159232K, 100% used [0x000000076b800000,0x0000000775380000,0x0000000775380000)
  from space 2048K, 7% used [0x000000077aa80000,0x000000077aaa8000,0x000000077ac80000)
  to   space 1536K, 0% used [0x000000077ad00000,0x000000077ad00000,0x000000077ae80000)
 ParOldGen       total 173568K, used 1518K [0x00000006c2800000, 0x00000006cd180000, 0x000000076b800000)
  object space 173568K, 0% used [0x00000006c2800000,0x00000006c297b9c0,0x00000006cd180000)
 Metaspace       used 8246K, capacity 8710K, committed 8960K, reserved 1056768K
  class space    used 658K, capacity 690K, committed 768K, reserved 1048576K
Event: 2.348 GC heap after
Heap after GC invocations=22 (full 0):
 PSYoungGen      total 154112K, used 192K [0x000000076b800000, 0x000000077ad80000, 0x00000007c0000000)
  eden space 153600K, 0% used [0x000000076b800000,0x000000076b800000,0x0000000774e00000)
  from space 512K, 37% used [0x000000077ad00000,0x000000077ad30000,0x000000077ad80000)
  to   space 1536K, 0% used [0x000000077aa80000,0x000000077aa80000,0x000000077ac00000)
 ParOldGen       total 173568K, used 1518K [0x00000006c2800000, 0x00000006cd180000, 0x000000076b800000)
  object space 173568K, 0% used [0x00000006c2800000,0x00000006c297b9c0,0x00000006cd180000)
 Metaspace       used 8246K, capacity 8710K, committed 8960K, reserved 1056768K
  class space    used 658K, capacity 690K, committed 768K, reserved 1048576K
}
Event: 2.465 GC heap before
{Heap before GC invocations=23 (full 0):
 PSYoungGen      total 154112K, used 153792K [0x000000076b800000, 0x000000077ad80000, 0x00000007c0000000)
  eden space 153600K, 100% used [0x000000076b800000,0x0000000774e00000,0x0000000774e00000)
  from space 512K, 37% used [0x000000077ad00000,0x000000077ad30000,0x000000077ad80000)
  to   space 1536K, 0% used [0x000000077aa80000,0x000000077aa80000,0x000000077ac00000)
 ParOldGen       total 173568K, used 1518K [0x00000006c2800000, 0x00000006cd180000, 0x000000076b800000)
  object space 173568K, 0% used [0x00000006c2800000,0x00000006c297b9c0,0x00000006cd180000)
 Metaspace       used 8250K, capacity 8710K, committed 8960K, reserved 1056768K
  class space    used 658K, capacity 690K, committed 768K, reserved 1048576K
Event: 2.466 GC heap after
Heap after GC invocations=23 (full 0):
 PSYoungGen      total 150016K, used 160K [0x000000076b800000, 0x000000077ad80000, 0x00000007c0000000)
  eden space 148480K, 0% used [0x000000076b800000,0x000000076b800000,0x0000000774900000)
  from space 1536K, 10% used [0x000000077aa80000,0x000000077aaa8000,0x000000077ac00000)
  to   space 1536K, 0% used [0x000000077ac00000,0x000000077ac00000,0x000000077ad80000)
 ParOldGen       total 173568K, used 1518K [0x00000006c2800000, 0x00000006cd180000, 0x000000076b800000)
  object space 173568K, 0% used [0x00000006c2800000,0x00000006c297b9c0,0x00000006cd180000)
 Metaspace       used 8250K, capacity 8710K, committed 8960K, reserved 1056768K
  class space    used 658K, capacity 690K, committed 768K, reserved 1048576K
}
Event: 2.529 GC heap before
{Heap before GC invocations=24 (full 0):
 PSYoungGen      total 150016K, used 148640K [0x000000076b800000, 0x000000077ad80000, 0x00000007c0000000)
  eden space 148480K, 100% used [0x000000076b800000,0x0000000774900000,0x0000000774900000)
  from space 1536K, 10% used [0x000000077aa80000,0x000000077aaa8000,0x000000077ac00000)
  to   space 1536K, 0% used [0x000000077ac00000,0x000000077ac00000,0x000000077ad80000)
 ParOldGen       total 173568K, used 1518K [0x00000006c2800000, 0x00000006cd180000, 0x000000076b800000)
  object space 173568K, 0% used [0x00000006c2800000,0x00000006c297b9c0,0x00000006cd180000)
 Metaspace       used 8250K, capacity 8710K, committed 8960K, reserved 1056768K
  class space    used 658K, capacity 690K, committed 768K, reserved 1048576K
Event: 2.529 GC heap after
Heap after GC invocations=24 (full 0):
 PSYoungGen      total 143872K, used 128K [0x000000076b800000, 0x000000077ac80000, 0x00000007c0000000)
  eden space 143360K, 0% used [0x000000076b800000,0x000000076b800000,0x0000000774400000)
  from space 512K, 25% used [0x000000077ac00000,0x000000077ac20000,0x000000077ac80000)
  to   space 1536K, 0% used [0x000000077a980000,0x000000077a980000,0x000000077ab00000)
 ParOldGen       total 173568K, used 1518K [0x00000006c2800000, 0x00000006cd180000, 0x000000076b800000)
  object space 173568K, 0% used [0x00000006c2800000,0x00000006c297b9c0,0x00000006cd180000)
 Metaspace       used 8250K, capacity 8710K, committed 8960K, reserved 1056768K
  class space    used 658K, capacity 690K, committed 768K, reserved 1048576K
}

