# JRE version: Java(TM) SE Runtime Environment (8.0_65-b17) (build 1.8.0_65-b17)
# Java VM: Java HotSpot(TM) 64-Bit Server VM (25.65-b01 mixed mode windows-amd64 compressed oops)
Heap:
 PSYoungGen      total 1328640K, used 53685K [0x000000076b800000, 0x00000007bda00000, 0x00000007c0000000)
  eden space 1312768K, 4% used [0x000000076b800000,0x000000076ec2d5b8,0x00000007bba00000)
  from space 15872K, 1% used [0x00000007bca80000,0x00000007bcac0000,0x00000007bda00000)
  to   space 16384K, 0% used [0x00000007bba00000,0x00000007bba00000,0x00000007bca00000)
 ParOldGen       total 173568K, used 6812K [0x00000006c2800000, 0x00000006cd180000, 0x000000076b800000)
  object space 173568K, 3% used [0x00000006c2800000,0x00000006c2ea7060,0x00000006cd180000)
 Metaspace       used 8521K, capacity 8742K, committed 8960K, reserved 1056768K
  class space    used 687K, capacity 722K, committed 768K, reserved 1048576K
GC Heap History (10 events):
Event: 1.723 GC heap before
{Heap before GC invocations=8 (full 0):
 PSYoungGen      total 273920K, used 257024K [0x000000076b800000, 0x000000078cf00000, 0x00000007c0000000)
  eden space 256512K, 100% used [0x000000076b800000,0x000000077b280000,0x000000077b280000)
  from space 17408K, 2% used [0x000000077b280000,0x000000077b300000,0x000000077c380000)
  to   space 17408K, 0% used [0x000000078be00000,0x000000078be00000,0x000000078cf00000)
 ParOldGen       total 173568K, used 6276K [0x00000006c2800000, 0x00000006cd180000, 0x000000076b800000)
  object space 173568K, 3% used [0x00000006c2800000,0x00000006c2e21060,0x00000006cd180000)
 Metaspace       used 8483K, capacity 8742K, committed 8960K, reserved 1056768K
  class space    used 687K, capacity 722K, committed 768K, reserved 1048576K
Event: 1.724 GC heap after
Heap after GC invocations=8 (full 0):
 PSYoungGen      total 529920K, used 256K [0x000000076b800000, 0x000000078d000000, 0x00000007c0000000)
  eden space 512512K, 0% used [0x000000076b800000,0x000000076b800000,0x000000078ac80000)
  from space 17408K, 1% used [0x000000078be00000,0x000000078be40000,0x000000078cf00000)
  to   space 17920K, 0% used [0x000000078ac80000,0x000000078ac80000,0x000000078be00000)
 ParOldGen       total 173568K, used 6644K [0x00000006c2800000, 0x00000006cd180000, 0x000000076b800000)
  object space 173568K, 3% used [0x00000006c2800000,0x00000006c2e7d060,0x00000006cd180000)
 Metaspace       used 8483K, capacity 8742K, committed 8960K, reserved 1056768K
  class space    used 687K, capacity 722K, committed 768K, reserved 1048576K
}
Event: 2.311 GC heap before
{Heap before GC invocations=9 (full 0):
 PSYoungGen      total 529920K, used 512768K [0x000000076b800000, 0x000000078d000000, 0x00000007c0000000)
  eden space 512512K, 100% used [0x000000076b800000,0x000000078ac80000,0x000000078ac80000)
  from space 17408K, 1% used [0x000000078be00000,0x000000078be40000,0x000000078cf00000)
  to   space 17920K, 0% used [0x000000078ac80000,0x000000078ac80000,0x000000078be00000)
 ParOldGen       total 173568K, used 6644K [0x00000006c2800000, 0x00000006cd180000, 0x000000076b800000)
  object space 173568K, 3% used [0x00000006c2800000,0x00000006c2e7d060,0x00000006cd180000)
 Metaspace       used 8501K, capacity 8742K, committed 8960K, reserved 1056768K
  class space    used 687K, capacity 722K, committed 768K, reserved 1048576K
Event: 2.312 GC heap after
Heap after GC invocations=9 (full 0):
 PSYoungGen      total 530432K, used 256K [0x000000076b800000, 0x000000079fb00000, 0x00000007c0000000)
  eden space 512512K, 0% used [0x000000076b800000,0x000000076b800000,0x000000078ac80000)
  from space 17920K, 1% used [0x000000078ac80000,0x000000078acc0000,0x000000078be00000)
  to   space 17408K, 0% used [0x000000079ea00000,0x000000079ea00000,0x000000079fb00000)
 ParOldGen       total 173568K, used 6708K [0x00000006c2800000, 0x00000006cd180000, 0x000000076b800000)
  object space 173568K, 3% used [0x00000006c2800000,0x00000006c2e8d060,0x00000006cd180000)
 Metaspace       used 8501K, capacity 8742K, committed 8960K, reserved 1056768K
  class space    used 687K, capacity 722K, committed 768K, reserved 1048576K
}
Event: 2.809 GC heap before
{Heap before GC invocations=10 (full 0):
 PSYoungGen      total 530432K, used 512768K [0x000000076b800000, 0x000000079fb00000, 0x00000007c0000000)
  eden space 512512K, 100% used [0x000000076b800000,0x000000078ac80000,0x000000078ac80000)
  from space 17920K, 1% used [0x000000078ac80000,0x000000078acc0000,0x000000078be00000)
  to   space 17408K, 0% used [0x000000079ea00000,0x000000079ea00000,0x000000079fb00000)
 ParOldGen       total 173568K, used 6708K [0x00000006c2800000, 0x00000006cd180000, 0x000000076b800000)
  object space 173568K, 3% used [0x00000006c2800000,0x00000006c2e8d060,0x00000006cd180000)
 Metaspace       used 8508K, capacity 8742K, committed 8960K, reserved 1056768K
  class space    used 687K, capacity 722K, committed 768K, reserved 1048576K
Event: 2.809 GC heap after
Heap after GC invocations=10 (full 0):
 PSYoungGen      total 837632K, used 224K [0x000000076b800000, 0x000000079fb00000, 0x00000007c0000000)
  eden space 820224K, 0% used [0x000000076b800000,0x000000076b800000,0x000000079d900000)
  from space 17408K, 1% used [0x000000079ea00000,0x000000079ea38000,0x000000079fb00000)
  to   space 17408K, 0% used [0x000000079d900000,0x000000079d900000,0x000000079ea00000)
 ParOldGen       total 173568K, used 6764K [0x00000006c2800000, 0x00000006cd180000, 0x000000076b800000)
  object space 173568K, 3% used [0x00000006c2800000,0x00000006c2e9b060,0x00000006cd180000)
 Metaspace       used 8508K, capacity 8742K, committed 8960K, reserved 1056768K
  class space    used 687K, capacity 722K, committed 768K, reserved 1048576K
}
Event: 3.693 GC heap before
{Heap before GC invocations=11 (full 0):
 PSYoungGen      total 837632K, used 820448K [0x000000076b800000, 0x000000079fb00000, 0x00000007c0000000)
  eden space 820224K, 100% used [0x000000076b800000,0x000000079d900000,0x000000079d900000)
  from space 17408K, 1% used [0x000000079ea00000,0x000000079ea38000,0x000000079fb00000)
  to   space 17408K, 0% used [0x000000079d900000,0x000000079d900000,0x000000079ea00000)
 ParOldGen       total 173568K, used 6764K [0x00000006c2800000, 0x00000006cd180000, 0x000000076b800000)
  object space 173568K, 3% used [0x00000006c2800000,0x00000006c2e9b060,0x00000006cd180000)
 Metaspace       used 8520K, capacity 8742K, committed 8960K, reserved 1056768K
  class space    used 687K, capacity 722K, committed 768K, reserved 1048576K
Event: 3.694 GC heap after
Heap after GC invocations=11 (full 0):
 PSYoungGen      total 837632K, used 224K [0x000000076b800000, 0x00000007bdb00000, 0x00000007c0000000)
  eden space 820224K, 0% used [0x000000076b800000,0x000000076b800000,0x000000079d900000)
  from space 17408K, 1% used [0x000000079d900000,0x000000079d938000,0x000000079ea00000)
  to   space 16896K, 0% used [0x00000007bca80000,0x00000007bca80000,0x00000007bdb00000)
 ParOldGen       total 173568K, used 6772K [0x00000006c2800000, 0x00000006cd180000, 0x000000076b800000)
  object space 173568K, 3% used [0x00000006c2800000,0x00000006c2e9d060,0x00000006cd180000)
 Metaspace       used 8520K, capacity 8742K, committed 8960K, reserved 1056768K
  class space    used 687K, capacity 722K, committed 768K, reserved 1048576K
}
Event: 4.661 GC heap before
{Heap before GC invocations=12 (full 0):
 PSYoungGen      total 837632K, used 820448K [0x000000076b800000, 0x00000007bdb00000, 0x00000007c0000000)
  eden space 820224K, 100% used [0x000000076b800000,0x000000079d900000,0x000000079d900000)
  from space 17408K, 1% used [0x000000079d900000,0x000000079d938000,0x000000079ea00000)
  to   space 16896K, 0% used [0x00000007bca80000,0x00000007bca80000,0x00000007bdb00000)
 ParOldGen       total 173568K, used 6772K [0x00000006c2800000, 0x00000006cd180000, 0x000000076b800000)
  object space 173568K, 3% used [0x00000006c2800000,0x00000006c2e9d060,0x00000006cd180000)
 Metaspace       used 8521K, capacity 8742K, committed 8960K, reserved 1056768K
  class space    used 687K, capacity 722K, committed 768K, reserved 1048576K
Event: 4.662 GC heap after
Heap after GC invocations=12 (full 0):
 PSYoungGen      total 1328640K, used 256K [0x000000076b800000, 0x00000007bda00000, 0x00000007c0000000)
  eden space 1312768K, 0% used [0x000000076b800000,0x000000076b800000,0x00000007bba00000)
  from space 15872K, 1% used [0x00000007bca80000,0x00000007bcac0000,0x00000007bda00000)
  to   space 16384K, 0% used [0x00000007bba00000,0x00000007bba00000,0x00000007bca00000)
 ParOldGen       total 173568K, used 6812K [0x00000006c2800000, 0x00000006cd180000, 0x000000076b800000)
  object space 173568K, 3% used [0x00000006c2800000,0x00000006c2ea7060,0x00000006cd180000)
 Metaspace       used 8521K, capacity 8742K, committed 8960K, reserved 1056768K
  class space    used 687K, capacity 722K, committed 768K, reserved 1048576K
}

