# JRE version: Java(TM) SE Runtime Environment (8.0_65-b17) (build 1.8.0_65-b17)
# Java VM: Java HotSpot(TM) 64-Bit Server VM (25.65-b01 mixed mode windows-amd64 compressed oops)
Heap:
 PSYoungGen      total 77824K, used 58030K [0x000000076b800000, 0x00000007a9800000, 0x00000007c0000000)
  eden space 77312K, 74% used [0x000000076b800000,0x000000076f083b30,0x0000000770380000)
  from space 512K, 31% used [0x00000007a9780000,0x00000007a97a8000,0x00000007a9800000)
  to   space 512K, 0% used [0x00000007a9700000,0x00000007a9700000,0x00000007a9780000)
 ParOldGen       total 173568K, used 18387K [0x00000006c2800000, 0x00000006cd180000, 0x000000076b800000)
  object space 173568K, 10% used [0x00000006c2800000,0x00000006c39f4f50,0x00000006cd180000)
 Metaspace       used 8401K, capacity 8774K, committed 8960K, reserved 1056768K
  class space    used 662K, capacity 690K, committed 768K, reserved 1048576K
GC Heap History (10 events):
Event: 43.638 GC heap before
{Heap before GC invocations=510 (full 0):
 PSYoungGen      total 47104K, used 46784K [0x000000076b800000, 0x00000007a9800000, 0x00000007c0000000)
  eden space 46592K, 100% used [0x000000076b800000,0x000000076e580000,0x000000076e580000)
  from space 512K, 37% used [0x00000007a9700000,0x00000007a9730000,0x00000007a9780000)
  to   space 512K, 0% used [0x00000007a9780000,0x00000007a9780000,0x00000007a9800000)
 ParOldGen       total 173568K, used 18387K [0x00000006c2800000, 0x00000006cd180000, 0x000000076b800000)
  object space 173568K, 10% used [0x00000006c2800000,0x00000006c39f4f50,0x00000006cd180000)
 Metaspace       used 8401K, capacity 8774K, committed 8960K, reserved 1056768K
  class space    used 662K, capacity 690K, committed 768K, reserved 1048576K
Event: 43.639 GC heap after
Heap after GC invocations=510 (full 0):
 PSYoungGen      total 56832K, used 224K [0x000000076b800000, 0x00000007a9800000, 0x00000007c0000000)
  eden space 56320K, 0% used [0x000000076b800000,0x000000076b800000,0x000000076ef00000)
  from space 512K, 43% used [0x00000007a9780000,0x00000007a97b8000,0x00000007a9800000)
  to   space 512K, 0% used [0x00000007a9700000,0x00000007a9700000,0x00000007a9780000)
 ParOldGen       total 173568K, used 18387K [0x00000006c2800000, 0x00000006cd180000, 0x000000076b800000)
  object space 173568K, 10% used [0x00000006c2800000,0x00000006c39f4f50,0x00000006cd180000)
 Metaspace       used 8401K, capacity 8774K, committed 8960K, reserved 1056768K
  class space    used 662K, capacity 690K, committed 768K, reserved 1048576K
}
Event: 43.696 GC heap before
{Heap before GC invocations=511 (full 0):
 PSYoungGen      total 56832K, used 56544K [0x000000076b800000, 0x00000007a9800000, 0x00000007c0000000)
  eden space 56320K, 100% used [0x000000076b800000,0x000000076ef00000,0x000000076ef00000)
  from space 512K, 43% used [0x00000007a9780000,0x00000007a97b8000,0x00000007a9800000)
  to   space 512K, 0% used [0x00000007a9700000,0x00000007a9700000,0x00000007a9780000)
 ParOldGen       total 173568K, used 18387K [0x00000006c2800000, 0x00000006cd180000, 0x000000076b800000)
  object space 173568K, 10% used [0x00000006c2800000,0x00000006c39f4f50,0x00000006cd180000)
 Metaspace       used 8401K, capacity 8774K, committed 8960K, reserved 1056768K
  class space    used 662K, capacity 690K, committed 768K, reserved 1048576K
Event: 43.697 GC heap after
Heap after GC invocations=511 (full 0):
 PSYoungGen      total 68096K, used 224K [0x000000076b800000, 0x00000007a9800000, 0x00000007c0000000)
  eden space 67584K, 0% used [0x000000076b800000,0x000000076b800000,0x000000076fa00000)
  from space 512K, 43% used [0x00000007a9700000,0x00000007a9738000,0x00000007a9780000)
  to   space 512K, 0% used [0x00000007a9780000,0x00000007a9780000,0x00000007a9800000)
 ParOldGen       total 173568K, used 18387K [0x00000006c2800000, 0x00000006cd180000, 0x000000076b800000)
  object space 173568K, 10% used [0x00000006c2800000,0x00000006c39f4f50,0x00000006cd180000)
 Metaspace       used 8401K, capacity 8774K, committed 8960K, reserved 1056768K
  class space    used 662K, capacity 690K, committed 768K, reserved 1048576K
}
Event: 43.761 GC heap before
{Heap before GC invocations=512 (full 0):
 PSYoungGen      total 68096K, used 67808K [0x000000076b800000, 0x00000007a9800000, 0x00000007c0000000)
  eden space 67584K, 100% used [0x000000076b800000,0x000000076fa00000,0x000000076fa00000)
  from space 512K, 43% used [0x00000007a9700000,0x00000007a9738000,0x00000007a9780000)
  to   space 512K, 0% used [0x00000007a9780000,0x00000007a9780000,0x00000007a9800000)
 ParOldGen       total 173568K, used 18387K [0x00000006c2800000, 0x00000006cd180000, 0x000000076b800000)
  object space 173568K, 10% used [0x00000006c2800000,0x00000006c39f4f50,0x00000006cd180000)
 Metaspace       used 8401K, capacity 8774K, committed 8960K, reserved 1056768K
  class space    used 662K, capacity 690K, committed 768K, reserved 1048576K
Event: 43.761 GC heap after
Heap after GC invocations=512 (full 0):
 PSYoungGen      total 81920K, used 224K [0x000000076b800000, 0x00000007a9800000, 0x00000007c0000000)
  eden space 81408K, 0% used [0x000000076b800000,0x000000076b800000,0x0000000770780000)
  from space 512K, 43% used [0x00000007a9780000,0x00000007a97b8000,0x00000007a9800000)
  to   space 512K, 0% used [0x00000007a9700000,0x00000007a9700000,0x00000007a9780000)
 ParOldGen       total 173568K, used 18387K [0x00000006c2800000, 0x00000006cd180000, 0x000000076b800000)
  object space 173568K, 10% used [0x00000006c2800000,0x00000006c39f4f50,0x00000006cd180000)
 Metaspace       used 8401K, capacity 8774K, committed 8960K, reserved 1056768K
  class space    used 662K, capacity 690K, committed 768K, reserved 1048576K
}
Event: 43.859 GC heap before
{Heap before GC invocations=513 (full 0):
 PSYoungGen      total 81920K, used 81632K [0x000000076b800000, 0x00000007a9800000, 0x00000007c0000000)
  eden space 81408K, 100% used [0x000000076b800000,0x0000000770780000,0x0000000770780000)
  from space 512K, 43% used [0x00000007a9780000,0x00000007a97b8000,0x00000007a9800000)
  to   space 512K, 0% used [0x00000007a9700000,0x00000007a9700000,0x00000007a9780000)
 ParOldGen       total 173568K, used 18387K [0x00000006c2800000, 0x00000006cd180000, 0x000000076b800000)
  object space 173568K, 10% used [0x00000006c2800000,0x00000006c39f4f50,0x00000006cd180000)
 Metaspace       used 8401K, capacity 8774K, committed 8960K, reserved 1056768K
  class space    used 662K, capacity 690K, committed 768K, reserved 1048576K
Event: 43.859 GC heap after
Heap after GC invocations=513 (full 0):
 PSYoungGen      total 79872K, used 192K [0x000000076b800000, 0x00000007a9800000, 0x00000007c0000000)
  eden space 79360K, 0% used [0x000000076b800000,0x000000076b800000,0x0000000770580000)
  from space 512K, 37% used [0x00000007a9700000,0x00000007a9730000,0x00000007a9780000)
  to   space 512K, 0% used [0x00000007a9780000,0x00000007a9780000,0x00000007a9800000)
 ParOldGen       total 173568K, used 18387K [0x00000006c2800000, 0x00000006cd180000, 0x000000076b800000)
  object space 173568K, 10% used [0x00000006c2800000,0x00000006c39f4f50,0x00000006cd180000)
 Metaspace       used 8401K, capacity 8774K, committed 8960K, reserved 1056768K
  class space    used 662K, capacity 690K, committed 768K, reserved 1048576K
}
Event: 43.937 GC heap before
{Heap before GC invocations=514 (full 0):
 PSYoungGen      total 79872K, used 79552K [0x000000076b800000, 0x00000007a9800000, 0x00000007c0000000)
  eden space 79360K, 100% used [0x000000076b800000,0x0000000770580000,0x0000000770580000)
  from space 512K, 37% used [0x00000007a9700000,0x00000007a9730000,0x00000007a9780000)
  to   space 512K, 0% used [0x00000007a9780000,0x00000007a9780000,0x00000007a9800000)
 ParOldGen       total 173568K, used 18387K [0x00000006c2800000, 0x00000006cd180000, 0x000000076b800000)
  object space 173568K, 10% used [0x00000006c2800000,0x00000006c39f4f50,0x00000006cd180000)
 Metaspace       used 8401K, capacity 8774K, committed 8960K, reserved 1056768K
  class space    used 662K, capacity 690K, committed 768K, reserved 1048576K
Event: 43.937 GC heap after
Heap after GC invocations=514 (full 0):
 PSYoungGen      total 77824K, used 160K [0x000000076b800000, 0x00000007a9800000, 0x00000007c0000000)
  eden space 77312K, 0% used [0x000000076b800000,0x000000076b800000,0x0000000770380000)
  from space 512K, 31% used [0x00000007a9780000,0x00000007a97a8000,0x00000007a9800000)
  to   space 512K, 0% used [0x00000007a9700000,0x00000007a9700000,0x00000007a9780000)
 ParOldGen       total 173568K, used 18387K [0x00000006c2800000, 0x00000006cd180000, 0x000000076b800000)
  object space 173568K, 10% used [0x00000006c2800000,0x00000006c39f4f50,0x00000006cd180000)
 Metaspace       used 8401K, capacity 8774K, committed 8960K, reserved 1056768K
  class space    used 662K, capacity 690K, committed 768K, reserved 1048576K
}

