# JRE version: Java(TM) SE Runtime Environment (8.0_65-b17) (build 1.8.0_65-b17)
# Java VM: Java HotSpot(TM) 64-Bit Server VM (25.65-b01 mixed mode windows-amd64 compressed oops)
Heap:
 PSYoungGen      total 366592K, used 25828K [0x000000076b800000, 0x000000078af00000, 0x00000007c0000000)
  eden space 366080K, 7% used [0x000000076b800000,0x000000076d111090,0x0000000781d80000)
  from space 512K, 31% used [0x000000078ae80000,0x000000078aea8000,0x000000078af00000)
  to   space 2048K, 0% used [0x000000078ab00000,0x000000078ab00000,0x000000078ad00000)
 ParOldGen       total 173568K, used 1320K [0x00000006c2800000, 0x00000006cd180000, 0x000000076b800000)
  object space 173568K, 0% used [0x00000006c2800000,0x00000006c294a070,0x00000006cd180000)
 Metaspace       used 8182K, capacity 8710K, committed 8960K, reserved 1056768K
  class space    used 654K, capacity 690K, committed 768K, reserved 1048576K
GC Heap History (10 events):
Event: 2.581 GC heap before
{Heap before GC invocations=12 (full 0):
 PSYoungGen      total 457728K, used 455392K [0x000000076b800000, 0x000000078b500000, 0x00000007c0000000)
  eden space 455168K, 100% used [0x000000076b800000,0x0000000787480000,0x0000000787480000)
  from space 2560K, 8% used [0x000000078b000000,0x000000078b038000,0x000000078b280000)
  to   space 2560K, 0% used [0x000000078b280000,0x000000078b280000,0x000000078b500000)
 ParOldGen       total 173568K, used 1320K [0x00000006c2800000, 0x00000006cd180000, 0x000000076b800000)
  object space 173568K, 0% used [0x00000006c2800000,0x00000006c294a070,0x00000006cd180000)
 Metaspace       used 8175K, capacity 8646K, committed 8960K, reserved 1056768K
  class space    used 654K, capacity 690K, committed 768K, reserved 1048576K
Event: 2.582 GC heap after
Heap after GC invocations=12 (full 0):
 PSYoungGen      total 436224K, used 224K [0x000000076b800000, 0x000000078b300000, 0x00000007c0000000)
  eden space 435712K, 0% used [0x000000076b800000,0x000000076b800000,0x0000000786180000)
  from space 512K, 43% used [0x000000078b280000,0x000000078b2b8000,0x000000078b300000)
  to   space 2560K, 0% used [0x000000078ae00000,0x000000078ae00000,0x000000078b080000)
 ParOldGen       total 173568K, used 1320K [0x00000006c2800000, 0x00000006cd180000, 0x000000076b800000)
  object space 173568K, 0% used [0x00000006c2800000,0x00000006c294a070,0x00000006cd180000)
 Metaspace       used 8175K, capacity 8646K, committed 8960K, reserved 1056768K
  class space    used 654K, capacity 690K, committed 768K, reserved 1048576K
}
Event: 2.899 GC heap before
{Heap before GC invocations=13 (full 0):
 PSYoungGen      total 436224K, used 435936K [0x000000076b800000, 0x000000078b300000, 0x00000007c0000000)
  eden space 435712K, 100% used [0x000000076b800000,0x0000000786180000,0x0000000786180000)
  from space 512K, 43% used [0x000000078b280000,0x000000078b2b8000,0x000000078b300000)
  to   space 2560K, 0% used [0x000000078ae00000,0x000000078ae00000,0x000000078b080000)
 ParOldGen       total 173568K, used 1320K [0x00000006c2800000, 0x00000006cd180000, 0x000000076b800000)
  object space 173568K, 0% used [0x00000006c2800000,0x00000006c294a070,0x00000006cd180000)
 Metaspace       used 8181K, capacity 8710K, committed 8960K, reserved 1056768K
  class space    used 654K, capacity 690K, committed 768K, reserved 1048576K
Event: 2.900 GC heap after
Heap after GC invocations=13 (full 0):
 PSYoungGen      total 419328K, used 224K [0x000000076b800000, 0x000000078b300000, 0x00000007c0000000)
  eden space 416768K, 0% used [0x000000076b800000,0x000000076b800000,0x0000000784f00000)
  from space 2560K, 8% used [0x000000078ae00000,0x000000078ae38000,0x000000078b080000)
  to   space 2560K, 0% used [0x000000078b080000,0x000000078b080000,0x000000078b300000)
 ParOldGen       total 173568K, used 1320K [0x00000006c2800000, 0x00000006cd180000, 0x000000076b800000)
  object space 173568K, 0% used [0x00000006c2800000,0x00000006c294a070,0x00000006cd180000)
 Metaspace       used 8181K, capacity 8710K, committed 8960K, reserved 1056768K
  class space    used 654K, capacity 690K, committed 768K, reserved 1048576K
}
Event: 3.256 GC heap before
{Heap before GC invocations=14 (full 0):
 PSYoungGen      total 419328K, used 416992K [0x000000076b800000, 0x000000078b300000, 0x00000007c0000000)
  eden space 416768K, 100% used [0x000000076b800000,0x0000000784f00000,0x0000000784f00000)
  from space 2560K, 8% used [0x000000078ae00000,0x000000078ae38000,0x000000078b080000)
  to   space 2560K, 0% used [0x000000078b080000,0x000000078b080000,0x000000078b300000)
 ParOldGen       total 173568K, used 1320K [0x00000006c2800000, 0x00000006cd180000, 0x000000076b800000)
  object space 173568K, 0% used [0x00000006c2800000,0x00000006c294a070,0x00000006cd180000)
 Metaspace       used 8181K, capacity 8710K, committed 8960K, reserved 1056768K
  class space    used 654K, capacity 690K, committed 768K, reserved 1048576K
Event: 3.257 GC heap after
Heap after GC invocations=14 (full 0):
 PSYoungGen      total 399360K, used 192K [0x000000076b800000, 0x000000078b100000, 0x00000007c0000000)
  eden space 398848K, 0% used [0x000000076b800000,0x000000076b800000,0x0000000783d80000)
  from space 512K, 37% used [0x000000078b080000,0x000000078b0b0000,0x000000078b100000)
  to   space 2560K, 0% used [0x000000078ac00000,0x000000078ac00000,0x000000078ae80000)
 ParOldGen       total 173568K, used 1320K [0x00000006c2800000, 0x00000006cd180000, 0x000000076b800000)
  object space 173568K, 0% used [0x00000006c2800000,0x00000006c294a070,0x00000006cd180000)
 Metaspace       used 8181K, capacity 8710K, committed 8960K, reserved 1056768K
  class space    used 654K, capacity 690K, committed 768K, reserved 1048576K
}
Event: 3.561 GC heap before
{Heap before GC invocations=15 (full 0):
 PSYoungGen      total 399360K, used 399040K [0x000000076b800000, 0x000000078b100000, 0x00000007c0000000)
  eden space 398848K, 100% used [0x000000076b800000,0x0000000783d80000,0x0000000783d80000)
  from space 512K, 37% used [0x000000078b080000,0x000000078b0b0000,0x000000078b100000)
  to   space 2560K, 0% used [0x000000078ac00000,0x000000078ac00000,0x000000078ae80000)
 ParOldGen       total 173568K, used 1320K [0x00000006c2800000, 0x00000006cd180000, 0x000000076b800000)
  object space 173568K, 0% used [0x00000006c2800000,0x00000006c294a070,0x00000006cd180000)
 Metaspace       used 8181K, capacity 8710K, committed 8960K, reserved 1056768K
  class space    used 654K, capacity 690K, committed 768K, reserved 1048576K
Event: 3.562 GC heap after
Heap after GC invocations=15 (full 0):
 PSYoungGen      total 384512K, used 192K [0x000000076b800000, 0x000000078b100000, 0x00000007c0000000)
  eden space 381952K, 0% used [0x000000076b800000,0x000000076b800000,0x0000000782d00000)
  from space 2560K, 7% used [0x000000078ac00000,0x000000078ac30000,0x000000078ae80000)
  to   space 2560K, 0% used [0x000000078ae80000,0x000000078ae80000,0x000000078b100000)
 ParOldGen       total 173568K, used 1320K [0x00000006c2800000, 0x00000006cd180000, 0x000000076b800000)
  object space 173568K, 0% used [0x00000006c2800000,0x00000006c294a070,0x00000006cd180000)
 Metaspace       used 8181K, capacity 8710K, committed 8960K, reserved 1056768K
  class space    used 654K, capacity 690K, committed 768K, reserved 1048576K
}
Event: 3.844 GC heap before
{Heap before GC invocations=16 (full 0):
 PSYoungGen      total 384512K, used 382144K [0x000000076b800000, 0x000000078b100000, 0x00000007c0000000)
  eden space 381952K, 100% used [0x000000076b800000,0x0000000782d00000,0x0000000782d00000)
  from space 2560K, 7% used [0x000000078ac00000,0x000000078ac30000,0x000000078ae80000)
  to   space 2560K, 0% used [0x000000078ae80000,0x000000078ae80000,0x000000078b100000)
 ParOldGen       total 173568K, used 1320K [0x00000006c2800000, 0x00000006cd180000, 0x000000076b800000)
  object space 173568K, 0% used [0x00000006c2800000,0x00000006c294a070,0x00000006cd180000)
 Metaspace       used 8181K, capacity 8710K, committed 8960K, reserved 1056768K
  class space    used 654K, capacity 690K, committed 768K, reserved 1048576K
Event: 3.845 GC heap after
Heap after GC invocations=16 (full 0):
 PSYoungGen      total 366592K, used 160K [0x000000076b800000, 0x000000078af00000, 0x00000007c0000000)
  eden space 366080K, 0% used [0x000000076b800000,0x000000076b800000,0x0000000781d80000)
  from space 512K, 31% used [0x000000078ae80000,0x000000078aea8000,0x000000078af00000)
  to   space 2048K, 0% used [0x000000078ab00000,0x000000078ab00000,0x000000078ad00000)
 ParOldGen       total 173568K, used 1320K [0x00000006c2800000, 0x00000006cd180000, 0x000000076b800000)
  object space 173568K, 0% used [0x00000006c2800000,0x00000006c294a070,0x00000006cd180000)
 Metaspace       used 8181K, capacity 8710K, committed 8960K, reserved 1056768K
  class space    used 654K, capacity 690K, committed 768K, reserved 1048576K
}

