# JRE version: Java(TM) SE Runtime Environment (8.0_65-b17) (build 1.8.0_65-b17)
# Java VM: Java HotSpot(TM) 64-Bit Server VM (25.65-b01 mixed mode windows-amd64 compressed oops)
Heap:
 PSYoungGen      total 98816K, used 47213K [0x000000076b800000, 0x000000079ad80000, 0x00000007c0000000)
  eden space 98304K, 47% used [0x000000076b800000,0x000000076e5e3618,0x0000000771800000)
  from space 512K, 43% used [0x000000079ac80000,0x000000079acb8000,0x000000079ad00000)
  to   space 512K, 0% used [0x000000079ad00000,0x000000079ad00000,0x000000079ad80000)
 ParOldGen       total 173568K, used 10059K [0x00000006c2800000, 0x00000006cd180000, 0x000000076b800000)
  object space 173568K, 5% used [0x00000006c2800000,0x00000006c31d2c98,0x00000006cd180000)
 Metaspace       used 8393K, capacity 8774K, committed 8960K, reserved 1056768K
  class space    used 662K, capacity 690K, committed 768K, reserved 1048576K
GC Heap History (10 events):
Event: 16.444 GC heap before
{Heap before GC invocations=61 (full 0):
 PSYoungGen      total 114176K, used 113888K [0x000000076b800000, 0x000000079ad80000, 0x00000007c0000000)
  eden space 113664K, 100% used [0x000000076b800000,0x0000000772700000,0x0000000772700000)
  from space 512K, 43% used [0x000000079ad00000,0x000000079ad38000,0x000000079ad80000)
  to   space 512K, 0% used [0x000000079ac80000,0x000000079ac80000,0x000000079ad00000)
 ParOldGen       total 173568K, used 10059K [0x00000006c2800000, 0x00000006cd180000, 0x000000076b800000)
  object space 173568K, 5% used [0x00000006c2800000,0x00000006c31d2c98,0x00000006cd180000)
 Metaspace       used 8393K, capacity 8774K, committed 8960K, reserved 1056768K
  class space    used 662K, capacity 690K, committed 768K, reserved 1048576K
Event: 16.445 GC heap after
Heap after GC invocations=61 (full 0):
 PSYoungGen      total 110592K, used 224K [0x000000076b800000, 0x000000079ad80000, 0x00000007c0000000)
  eden space 110080K, 0% used [0x000000076b800000,0x000000076b800000,0x0000000772380000)
  from space 512K, 43% used [0x000000079ac80000,0x000000079acb8000,0x000000079ad00000)
  to   space 512K, 0% used [0x000000079ad00000,0x000000079ad00000,0x000000079ad80000)
 ParOldGen       total 173568K, used 10059K [0x00000006c2800000, 0x00000006cd180000, 0x000000076b800000)
  object space 173568K, 5% used [0x00000006c2800000,0x00000006c31d2c98,0x00000006cd180000)
 Metaspace       used 8393K, capacity 8774K, committed 8960K, reserved 1056768K
  class space    used 662K, capacity 690K, committed 768K, reserved 1048576K
}
Event: 16.560 GC heap before
{Heap before GC invocations=62 (full 0):
 PSYoungGen      total 110592K, used 110304K [0x000000076b800000, 0x000000079ad80000, 0x00000007c0000000)
  eden space 110080K, 100% used [0x000000076b800000,0x0000000772380000,0x0000000772380000)
  from space 512K, 43% used [0x000000079ac80000,0x000000079acb8000,0x000000079ad00000)
  to   space 512K, 0% used [0x000000079ad00000,0x000000079ad00000,0x000000079ad80000)
 ParOldGen       total 173568K, used 10059K [0x00000006c2800000, 0x00000006cd180000, 0x000000076b800000)
  object space 173568K, 5% used [0x00000006c2800000,0x00000006c31d2c98,0x00000006cd180000)
 Metaspace       used 8393K, capacity 8774K, committed 8960K, reserved 1056768K
  class space    used 662K, capacity 690K, committed 768K, reserved 1048576K
Event: 16.560 GC heap after
Heap after GC invocations=62 (full 0):
 PSYoungGen      total 107520K, used 224K [0x000000076b800000, 0x000000079ad80000, 0x00000007c0000000)
  eden space 107008K, 0% used [0x000000076b800000,0x000000076b800000,0x0000000772080000)
  from space 512K, 43% used [0x000000079ad00000,0x000000079ad38000,0x000000079ad80000)
  to   space 512K, 0% used [0x000000079ac80000,0x000000079ac80000,0x000000079ad00000)
 ParOldGen       total 173568K, used 10059K [0x00000006c2800000, 0x00000006cd180000, 0x000000076b800000)
  object space 173568K, 5% used [0x00000006c2800000,0x00000006c31d2c98,0x00000006cd180000)
 Metaspace       used 8393K, capacity 8774K, committed 8960K, reserved 1056768K
  class space    used 662K, capacity 690K, committed 768K, reserved 1048576K
}
Event: 16.641 GC heap before
{Heap before GC invocations=63 (full 0):
 PSYoungGen      total 107520K, used 107232K [0x000000076b800000, 0x000000079ad80000, 0x00000007c0000000)
  eden space 107008K, 100% used [0x000000076b800000,0x0000000772080000,0x0000000772080000)
  from space 512K, 43% used [0x000000079ad00000,0x000000079ad38000,0x000000079ad80000)
  to   space 512K, 0% used [0x000000079ac80000,0x000000079ac80000,0x000000079ad00000)
 ParOldGen       total 173568K, used 10059K [0x00000006c2800000, 0x00000006cd180000, 0x000000076b800000)
  object space 173568K, 5% used [0x00000006c2800000,0x00000006c31d2c98,0x00000006cd180000)
 Metaspace       used 8393K, capacity 8774K, committed 8960K, reserved 1056768K
  class space    used 662K, capacity 690K, committed 768K, reserved 1048576K
Event: 16.641 GC heap after
Heap after GC invocations=63 (full 0):
 PSYoungGen      total 104448K, used 160K [0x000000076b800000, 0x000000079ad80000, 0x00000007c0000000)
  eden space 103936K, 0% used [0x000000076b800000,0x000000076b800000,0x0000000771d80000)
  from space 512K, 31% used [0x000000079ac80000,0x000000079aca8000,0x000000079ad00000)
  to   space 512K, 0% used [0x000000079ad00000,0x000000079ad00000,0x000000079ad80000)
 ParOldGen       total 173568K, used 10059K [0x00000006c2800000, 0x00000006cd180000, 0x000000076b800000)
  object space 173568K, 5% used [0x00000006c2800000,0x00000006c31d2c98,0x00000006cd180000)
 Metaspace       used 8393K, capacity 8774K, committed 8960K, reserved 1056768K
  class space    used 662K, capacity 690K, committed 768K, reserved 1048576K
}
Event: 16.745 GC heap before
{Heap before GC invocations=64 (full 0):
 PSYoungGen      total 104448K, used 104096K [0x000000076b800000, 0x000000079ad80000, 0x00000007c0000000)
  eden space 103936K, 100% used [0x000000076b800000,0x0000000771d80000,0x0000000771d80000)
  from space 512K, 31% used [0x000000079ac80000,0x000000079aca8000,0x000000079ad00000)
  to   space 512K, 0% used [0x000000079ad00000,0x000000079ad00000,0x000000079ad80000)
 ParOldGen       total 173568K, used 10059K [0x00000006c2800000, 0x00000006cd180000, 0x000000076b800000)
  object space 173568K, 5% used [0x00000006c2800000,0x00000006c31d2c98,0x00000006cd180000)
 Metaspace       used 8393K, capacity 8774K, committed 8960K, reserved 1056768K
  class space    used 662K, capacity 690K, committed 768K, reserved 1048576K
Event: 16.745 GC heap after
Heap after GC invocations=64 (full 0):
 PSYoungGen      total 101376K, used 224K [0x000000076b800000, 0x000000079ad80000, 0x00000007c0000000)
  eden space 100864K, 0% used [0x000000076b800000,0x000000076b800000,0x0000000771a80000)
  from space 512K, 43% used [0x000000079ad00000,0x000000079ad38000,0x000000079ad80000)
  to   space 512K, 0% used [0x000000079ac80000,0x000000079ac80000,0x000000079ad00000)
 ParOldGen       total 173568K, used 10059K [0x00000006c2800000, 0x00000006cd180000, 0x000000076b800000)
  object space 173568K, 5% used [0x00000006c2800000,0x00000006c31d2c98,0x00000006cd180000)
 Metaspace       used 8393K, capacity 8774K, committed 8960K, reserved 1056768K
  class space    used 662K, capacity 690K, committed 768K, reserved 1048576K
}
Event: 16.850 GC heap before
{Heap before GC invocations=65 (full 0):
 PSYoungGen      total 101376K, used 101088K [0x000000076b800000, 0x000000079ad80000, 0x00000007c0000000)
  eden space 100864K, 100% used [0x000000076b800000,0x0000000771a80000,0x0000000771a80000)
  from space 512K, 43% used [0x000000079ad00000,0x000000079ad38000,0x000000079ad80000)
  to   space 512K, 0% used [0x000000079ac80000,0x000000079ac80000,0x000000079ad00000)
 ParOldGen       total 173568K, used 10059K [0x00000006c2800000, 0x00000006cd180000, 0x000000076b800000)
  object space 173568K, 5% used [0x00000006c2800000,0x00000006c31d2c98,0x00000006cd180000)
 Metaspace       used 8393K, capacity 8774K, committed 8960K, reserved 1056768K
  class space    used 662K, capacity 690K, committed 768K, reserved 1048576K
Event: 16.851 GC heap after
Heap after GC invocations=65 (full 0):
 PSYoungGen      total 98816K, used 224K [0x000000076b800000, 0x000000079ad80000, 0x00000007c0000000)
  eden space 98304K, 0% used [0x000000076b800000,0x000000076b800000,0x0000000771800000)
  from space 512K, 43% used [0x000000079ac80000,0x000000079acb8000,0x000000079ad00000)
  to   space 512K, 0% used [0x000000079ad00000,0x000000079ad00000,0x000000079ad80000)
 ParOldGen       total 173568K, used 10059K [0x00000006c2800000, 0x00000006cd180000, 0x000000076b800000)
  object space 173568K, 5% used [0x00000006c2800000,0x00000006c31d2c98,0x00000006cd180000)
 Metaspace       used 8393K, capacity 8774K, committed 8960K, reserved 1056768K
  class space    used 662K, capacity 690K, committed 768K, reserved 1048576K
}

