# JRE version: Java(TM) SE Runtime Environment (8.0_65-b17) (build 1.8.0_65-b17)
# Java VM: Java HotSpot(TM) 64-Bit Server VM (25.65-b01 mixed mode windows-amd64 compressed oops)
Heap:
 PSYoungGen      total 46592K, used 18368K [0x000000076b800000, 0x0000000784000000, 0x00000007c0000000)
  eden space 46080K, 39% used [0x000000076b800000,0x000000076c9e8278,0x000000076e500000)
  from space 512K, 6% used [0x0000000783f80000,0x0000000783f88000,0x0000000784000000)
  to   space 512K, 0% used [0x0000000783f00000,0x0000000783f00000,0x0000000783f80000)
 ParOldGen       total 173568K, used 1580K [0x00000006c2800000, 0x00000006cd180000, 0x000000076b800000)
  object space 173568K, 0% used [0x00000006c2800000,0x00000006c298b060,0x00000006cd180000)
 Metaspace       used 8095K, capacity 8646K, committed 8960K, reserved 1056768K
  class space    used 646K, capacity 690K, committed 768K, reserved 1048576K
GC Heap History (10 events):
Event: 37.346 GC heap before
{Heap before GC invocations=580 (full 0):
 PSYoungGen      total 49664K, used 49344K [0x000000076b800000, 0x0000000784000000, 0x00000007c0000000)
  eden space 49152K, 100% used [0x000000076b800000,0x000000076e800000,0x000000076e800000)
  from space 512K, 37% used [0x0000000783f00000,0x0000000783f30000,0x0000000783f80000)
  to   space 512K, 0% used [0x0000000783f80000,0x0000000783f80000,0x0000000784000000)
 ParOldGen       total 173568K, used 1556K [0x00000006c2800000, 0x00000006cd180000, 0x000000076b800000)
  object space 173568K, 0% used [0x00000006c2800000,0x00000006c2985060,0x00000006cd180000)
 Metaspace       used 8094K, capacity 8646K, committed 8960K, reserved 1056768K
  class space    used 646K, capacity 690K, committed 768K, reserved 1048576K
Event: 37.347 GC heap after
Heap after GC invocations=580 (full 0):
 PSYoungGen      total 48640K, used 128K [0x000000076b800000, 0x0000000784000000, 0x00000007c0000000)
  eden space 48128K, 0% used [0x000000076b800000,0x000000076b800000,0x000000076e700000)
  from space 512K, 25% used [0x0000000783f80000,0x0000000783fa0000,0x0000000784000000)
  to   space 512K, 0% used [0x0000000783f00000,0x0000000783f00000,0x0000000783f80000)
 ParOldGen       total 173568K, used 1556K [0x00000006c2800000, 0x00000006cd180000, 0x000000076b800000)
  object space 173568K, 0% used [0x00000006c2800000,0x00000006c2985060,0x00000006cd180000)
 Metaspace       used 8094K, capacity 8646K, committed 8960K, reserved 1056768K
  class space    used 646K, capacity 690K, committed 768K, reserved 1048576K
}
Event: 37.400 GC heap before
{Heap before GC invocations=581 (full 0):
 PSYoungGen      total 48640K, used 48256K [0x000000076b800000, 0x0000000784000000, 0x00000007c0000000)
  eden space 48128K, 100% used [0x000000076b800000,0x000000076e700000,0x000000076e700000)
  from space 512K, 25% used [0x0000000783f80000,0x0000000783fa0000,0x0000000784000000)
  to   space 512K, 0% used [0x0000000783f00000,0x0000000783f00000,0x0000000783f80000)
 ParOldGen       total 173568K, used 1556K [0x00000006c2800000, 0x00000006cd180000, 0x000000076b800000)
  object space 173568K, 0% used [0x00000006c2800000,0x00000006c2985060,0x00000006cd180000)
 Metaspace       used 8094K, capacity 8646K, committed 8960K, reserved 1056768K
  class space    used 646K, capacity 690K, committed 768K, reserved 1048576K
Event: 37.401 GC heap after
Heap after GC invocations=581 (full 0):
 PSYoungGen      total 48128K, used 160K [0x000000076b800000, 0x0000000784000000, 0x00000007c0000000)
  eden space 47616K, 0% used [0x000000076b800000,0x000000076b800000,0x000000076e680000)
  from space 512K, 31% used [0x0000000783f00000,0x0000000783f28000,0x0000000783f80000)
  to   space 512K, 0% used [0x0000000783f80000,0x0000000783f80000,0x0000000784000000)
 ParOldGen       total 173568K, used 1556K [0x00000006c2800000, 0x00000006cd180000, 0x000000076b800000)
  object space 173568K, 0% used [0x00000006c2800000,0x00000006c2985060,0x00000006cd180000)
 Metaspace       used 8094K, capacity 8646K, committed 8960K, reserved 1056768K
  class space    used 646K, capacity 690K, committed 768K, reserved 1048576K
}
Event: 37.451 GC heap before
{Heap before GC invocations=582 (full 0):
 PSYoungGen      total 48128K, used 47776K [0x000000076b800000, 0x0000000784000000, 0x00000007c0000000)
  eden space 47616K, 100% used [0x000000076b800000,0x000000076e680000,0x000000076e680000)
  from space 512K, 31% used [0x0000000783f00000,0x0000000783f28000,0x0000000783f80000)
  to   space 512K, 0% used [0x0000000783f80000,0x0000000783f80000,0x0000000784000000)
 ParOldGen       total 173568K, used 1556K [0x00000006c2800000, 0x00000006cd180000, 0x000000076b800000)
  object space 173568K, 0% used [0x00000006c2800000,0x00000006c2985060,0x00000006cd180000)
 Metaspace       used 8094K, capacity 8646K, committed 8960K, reserved 1056768K
  class space    used 646K, capacity 690K, committed 768K, reserved 1048576K
Event: 37.452 GC heap after
Heap after GC invocations=582 (full 0):
 PSYoungGen      total 47616K, used 128K [0x000000076b800000, 0x0000000784000000, 0x00000007c0000000)
  eden space 47104K, 0% used [0x000000076b800000,0x000000076b800000,0x000000076e600000)
  from space 512K, 25% used [0x0000000783f80000,0x0000000783fa0000,0x0000000784000000)
  to   space 512K, 0% used [0x0000000783f00000,0x0000000783f00000,0x0000000783f80000)
 ParOldGen       total 173568K, used 1556K [0x00000006c2800000, 0x00000006cd180000, 0x000000076b800000)
  object space 173568K, 0% used [0x00000006c2800000,0x00000006c2985060,0x00000006cd180000)
 Metaspace       used 8094K, capacity 8646K, committed 8960K, reserved 1056768K
  class space    used 646K, capacity 690K, committed 768K, reserved 1048576K
}
Event: 37.510 GC heap before
{Heap before GC invocations=583 (full 0):
 PSYoungGen      total 47616K, used 47232K [0x000000076b800000, 0x0000000784000000, 0x00000007c0000000)
  eden space 47104K, 100% used [0x000000076b800000,0x000000076e600000,0x000000076e600000)
  from space 512K, 25% used [0x0000000783f80000,0x0000000783fa0000,0x0000000784000000)
  to   space 512K, 0% used [0x0000000783f00000,0x0000000783f00000,0x0000000783f80000)
 ParOldGen       total 173568K, used 1556K [0x00000006c2800000, 0x00000006cd180000, 0x000000076b800000)
  object space 173568K, 0% used [0x00000006c2800000,0x00000006c2985060,0x00000006cd180000)
 Metaspace       used 8094K, capacity 8646K, committed 8960K, reserved 1056768K
  class space    used 646K, capacity 690K, committed 768K, reserved 1048576K
Event: 37.511 GC heap after
Heap after GC invocations=583 (full 0):
 PSYoungGen      total 47104K, used 32K [0x000000076b800000, 0x0000000784000000, 0x00000007c0000000)
  eden space 46592K, 0% used [0x000000076b800000,0x000000076b800000,0x000000076e580000)
  from space 512K, 6% used [0x0000000783f00000,0x0000000783f08000,0x0000000783f80000)
  to   space 512K, 0% used [0x0000000783f80000,0x0000000783f80000,0x0000000784000000)
 ParOldGen       total 173568K, used 1580K [0x00000006c2800000, 0x00000006cd180000, 0x000000076b800000)
  object space 173568K, 0% used [0x00000006c2800000,0x00000006c298b060,0x00000006cd180000)
 Metaspace       used 8094K, capacity 8646K, committed 8960K, reserved 1056768K
  class space    used 646K, capacity 690K, committed 768K, reserved 1048576K
}
Event: 37.558 GC heap before
{Heap before GC invocations=584 (full 0):
 PSYoungGen      total 47104K, used 46624K [0x000000076b800000, 0x0000000784000000, 0x00000007c0000000)
  eden space 46592K, 100% used [0x000000076b800000,0x000000076e580000,0x000000076e580000)
  from space 512K, 6% used [0x0000000783f00000,0x0000000783f08000,0x0000000783f80000)
  to   space 512K, 0% used [0x0000000783f80000,0x0000000783f80000,0x0000000784000000)
 ParOldGen       total 173568K, used 1580K [0x00000006c2800000, 0x00000006cd180000, 0x000000076b800000)
  object space 173568K, 0% used [0x00000006c2800000,0x00000006c298b060,0x00000006cd180000)
 Metaspace       used 8094K, capacity 8646K, committed 8960K, reserved 1056768K
  class space    used 646K, capacity 690K, committed 768K, reserved 1048576K
Event: 37.558 GC heap after
Heap after GC invocations=584 (full 0):
 PSYoungGen      total 46592K, used 32K [0x000000076b800000, 0x0000000784000000, 0x00000007c0000000)
  eden space 46080K, 0% used [0x000000076b800000,0x000000076b800000,0x000000076e500000)
  from space 512K, 6% used [0x0000000783f80000,0x0000000783f88000,0x0000000784000000)
  to   space 512K, 0% used [0x0000000783f00000,0x0000000783f00000,0x0000000783f80000)
 ParOldGen       total 173568K, used 1580K [0x00000006c2800000, 0x00000006cd180000, 0x000000076b800000)
  object space 173568K, 0% used [0x00000006c2800000,0x00000006c298b060,0x00000006cd180000)
 Metaspace       used 8094K, capacity 8646K, committed 8960K, reserved 1056768K
  class space    used 646K, capacity 690K, committed 768K, reserved 1048576K
}

