# JRE version: Java(TM) SE Runtime Environment (8.0_65-b17) (build 1.8.0_65-b17)
# Java VM: Java HotSpot(TM) 64-Bit Server VM (25.65-b01 mixed mode windows-amd64 compressed oops)
Heap:
 PSYoungGen      total 604672K, used 60408K [0x000000076b800000, 0x00000007a9c80000, 0x00000007c0000000)
  eden space 604160K, 9% used [0x000000076b800000,0x000000076f2c6108,0x0000000790600000)
  from space 512K, 43% used [0x00000007a9c00000,0x00000007a9c38000,0x00000007a9c80000)
  to   space 6656K, 0% used [0x00000007a8f80000,0x00000007a8f80000,0x00000007a9600000)
 ParOldGen       total 173568K, used 31058K [0x00000006c2800000, 0x00000006cd180000, 0x000000076b800000)
  object space 173568K, 17% used [0x00000006c2800000,0x00000006c4654a08,0x00000006cd180000)
 Metaspace       used 8348K, capacity 8710K, committed 8960K, reserved 1056768K
  class space    used 656K, capacity 690K, committed 768K, reserved 1048576K
GC Heap History (10 events):
Event: 10.065 GC heap before
{Heap before GC invocations=22 (full 0):
 PSYoungGen      total 771584K, used 762048K [0x000000076b800000, 0x00000007ab300000, 0x00000007c0000000)
  eden space 761856K, 100% used [0x000000076b800000,0x000000079a000000,0x000000079a000000)
  from space 9728K, 1% used [0x00000007aa000000,0x00000007aa030000,0x00000007aa980000)
  to   space 9216K, 0% used [0x00000007aaa00000,0x00000007aaa00000,0x00000007ab300000)
 ParOldGen       total 173568K, used 31018K [0x00000006c2800000, 0x00000006cd180000, 0x000000076b800000)
  object space 173568K, 17% used [0x00000006c2800000,0x00000006c464aa08,0x00000006cd180000)
 Metaspace       used 8347K, capacity 8710K, committed 8960K, reserved 1056768K
  class space    used 656K, capacity 690K, committed 768K, reserved 1048576K
Event: 10.067 GC heap after
Heap after GC invocations=22 (full 0):
 PSYoungGen      total 727552K, used 160K [0x000000076b800000, 0x00000007aaa80000, 0x00000007c0000000)
  eden space 727040K, 0% used [0x000000076b800000,0x000000076b800000,0x0000000797e00000)
  from space 512K, 31% used [0x00000007aaa00000,0x00000007aaa28000,0x00000007aaa80000)
  to   space 8704K, 0% used [0x00000007a9980000,0x00000007a9980000,0x00000007aa200000)
 ParOldGen       total 173568K, used 31018K [0x00000006c2800000, 0x00000006cd180000, 0x000000076b800000)
  object space 173568K, 17% used [0x00000006c2800000,0x00000006c464aa08,0x00000006cd180000)
 Metaspace       used 8347K, capacity 8710K, committed 8960K, reserved 1056768K
  class space    used 656K, capacity 690K, committed 768K, reserved 1048576K
}
Event: 10.708 GC heap before
{Heap before GC invocations=23 (full 0):
 PSYoungGen      total 727552K, used 727200K [0x000000076b800000, 0x00000007aaa80000, 0x00000007c0000000)
  eden space 727040K, 100% used [0x000000076b800000,0x0000000797e00000,0x0000000797e00000)
  from space 512K, 31% used [0x00000007aaa00000,0x00000007aaa28000,0x00000007aaa80000)
  to   space 8704K, 0% used [0x00000007a9980000,0x00000007a9980000,0x00000007aa200000)
 ParOldGen       total 173568K, used 31018K [0x00000006c2800000, 0x00000006cd180000, 0x000000076b800000)
  object space 173568K, 17% used [0x00000006c2800000,0x00000006c464aa08,0x00000006cd180000)
 Metaspace       used 8347K, capacity 8710K, committed 8960K, reserved 1056768K
  class space    used 656K, capacity 690K, committed 768K, reserved 1048576K
Event: 10.709 GC heap after
Heap after GC invocations=23 (full 0):
 PSYoungGen      total 702464K, used 224K [0x000000076b800000, 0x00000007aaa80000, 0x00000007c0000000)
  eden space 693760K, 0% used [0x000000076b800000,0x000000076b800000,0x0000000795d80000)
  from space 8704K, 2% used [0x00000007a9980000,0x00000007a99b8000,0x00000007aa200000)
  to   space 8192K, 0% used [0x00000007aa280000,0x00000007aa280000,0x00000007aaa80000)
 ParOldGen       total 173568K, used 31058K [0x00000006c2800000, 0x00000006cd180000, 0x000000076b800000)
  object space 173568K, 17% used [0x00000006c2800000,0x00000006c4654a08,0x00000006cd180000)
 Metaspace       used 8347K, capacity 8710K, committed 8960K, reserved 1056768K
  class space    used 656K, capacity 690K, committed 768K, reserved 1048576K
}
Event: 11.321 GC heap before
{Heap before GC invocations=24 (full 0):
 PSYoungGen      total 702464K, used 693984K [0x000000076b800000, 0x00000007aaa80000, 0x00000007c0000000)
  eden space 693760K, 100% used [0x000000076b800000,0x0000000795d80000,0x0000000795d80000)
  from space 8704K, 2% used [0x00000007a9980000,0x00000007a99b8000,0x00000007aa200000)
  to   space 8192K, 0% used [0x00000007aa280000,0x00000007aa280000,0x00000007aaa80000)
 ParOldGen       total 173568K, used 31058K [0x00000006c2800000, 0x00000006cd180000, 0x000000076b800000)
  object space 173568K, 17% used [0x00000006c2800000,0x00000006c4654a08,0x00000006cd180000)
 Metaspace       used 8347K, capacity 8710K, committed 8960K, reserved 1056768K
  class space    used 656K, capacity 690K, committed 768K, reserved 1048576K
Event: 11.322 GC heap after
Heap after GC invocations=24 (full 0):
 PSYoungGen      total 663040K, used 224K [0x000000076b800000, 0x00000007aa300000, 0x00000007c0000000)
  eden space 662528K, 0% used [0x000000076b800000,0x000000076b800000,0x0000000793f00000)
  from space 512K, 43% used [0x00000007aa280000,0x00000007aa2b8000,0x00000007aa300000)
  to   space 7680K, 0% used [0x00000007a9400000,0x00000007a9400000,0x00000007a9b80000)
 ParOldGen       total 173568K, used 31058K [0x00000006c2800000, 0x00000006cd180000, 0x000000076b800000)
  object space 173568K, 17% used [0x00000006c2800000,0x00000006c4654a08,0x00000006cd180000)
 Metaspace       used 8347K, capacity 8710K, committed 8960K, reserved 1056768K
  class space    used 656K, capacity 690K, committed 768K, reserved 1048576K
}
Event: 11.976 GC heap before
{Heap before GC invocations=25 (full 0):
 PSYoungGen      total 663040K, used 662752K [0x000000076b800000, 0x00000007aa300000, 0x00000007c0000000)
  eden space 662528K, 100% used [0x000000076b800000,0x0000000793f00000,0x0000000793f00000)
  from space 512K, 43% used [0x00000007aa280000,0x00000007aa2b8000,0x00000007aa300000)
  to   space 7680K, 0% used [0x00000007a9400000,0x00000007a9400000,0x00000007a9b80000)
 ParOldGen       total 173568K, used 31058K [0x00000006c2800000, 0x00000006cd180000, 0x000000076b800000)
  object space 173568K, 17% used [0x00000006c2800000,0x00000006c4654a08,0x00000006cd180000)
 Metaspace       used 8347K, capacity 8710K, committed 8960K, reserved 1056768K
  class space    used 656K, capacity 690K, committed 768K, reserved 1048576K
Event: 11.976 GC heap after
Heap after GC invocations=25 (full 0):
 PSYoungGen      total 640512K, used 224K [0x000000076b800000, 0x00000007aa300000, 0x00000007c0000000)
  eden space 632832K, 0% used [0x000000076b800000,0x000000076b800000,0x0000000792200000)
  from space 7680K, 2% used [0x00000007a9400000,0x00000007a9438000,0x00000007a9b80000)
  to   space 7168K, 0% used [0x00000007a9c00000,0x00000007a9c00000,0x00000007aa300000)
 ParOldGen       total 173568K, used 31058K [0x00000006c2800000, 0x00000006cd180000, 0x000000076b800000)
  object space 173568K, 17% used [0x00000006c2800000,0x00000006c4654a08,0x00000006cd180000)
 Metaspace       used 8347K, capacity 8710K, committed 8960K, reserved 1056768K
  class space    used 656K, capacity 690K, committed 768K, reserved 1048576K
}
Event: 12.578 GC heap before
{Heap before GC invocations=26 (full 0):
 PSYoungGen      total 640512K, used 633056K [0x000000076b800000, 0x00000007aa300000, 0x00000007c0000000)
  eden space 632832K, 100% used [0x000000076b800000,0x0000000792200000,0x0000000792200000)
  from space 7680K, 2% used [0x00000007a9400000,0x00000007a9438000,0x00000007a9b80000)
  to   space 7168K, 0% used [0x00000007a9c00000,0x00000007a9c00000,0x00000007aa300000)
 ParOldGen       total 173568K, used 31058K [0x00000006c2800000, 0x00000006cd180000, 0x000000076b800000)
  object space 173568K, 17% used [0x00000006c2800000,0x00000006c4654a08,0x00000006cd180000)
 Metaspace       used 8348K, capacity 8710K, committed 8960K, reserved 1056768K
  class space    used 656K, capacity 690K, committed 768K, reserved 1048576K
Event: 12.579 GC heap after
Heap after GC invocations=26 (full 0):
 PSYoungGen      total 604672K, used 224K [0x000000076b800000, 0x00000007a9c80000, 0x00000007c0000000)
  eden space 604160K, 0% used [0x000000076b800000,0x000000076b800000,0x0000000790600000)
  from space 512K, 43% used [0x00000007a9c00000,0x00000007a9c38000,0x00000007a9c80000)
  to   space 6656K, 0% used [0x00000007a8f80000,0x00000007a8f80000,0x00000007a9600000)
 ParOldGen       total 173568K, used 31058K [0x00000006c2800000, 0x00000006cd180000, 0x000000076b800000)
  object space 173568K, 17% used [0x00000006c2800000,0x00000006c4654a08,0x00000006cd180000)
 Metaspace       used 8348K, capacity 8710K, committed 8960K, reserved 1056768K
  class space    used 656K, capacity 690K, committed 768K, reserved 1048576K
}

