# JRE version: Java(TM) SE Runtime Environment (8.0_65-b17) (build 1.8.0_65-b17)
# Java VM: Java HotSpot(TM) 64-Bit Server VM (25.65-b01 mixed mode windows-amd64 compressed oops)
Heap:
 PSYoungGen      total 188928K, used 86075K [0x000000076b800000, 0x0000000782600000, 0x00000007c0000000)
  eden space 186880K, 46% used [0x000000076b800000,0x0000000770bfeea0,0x0000000776e80000)
  from space 2048K, 3% used [0x0000000782200000,0x0000000782210000,0x0000000782400000)
  to   space 2048K, 0% used [0x0000000782400000,0x0000000782400000,0x0000000782600000)
 ParOldGen       total 173568K, used 1244K [0x00000006c2800000, 0x00000006cd180000, 0x000000076b800000)
  object space 173568K, 0% used [0x00000006c2800000,0x00000006c2937060,0x00000006cd180000)
 Metaspace       used 7960K, capacity 8486K, committed 8704K, reserved 1056768K
  class space    used 642K, capacity 658K, committed 768K, reserved 1048576K
GC Heap History (10 events):
Event: 1.251 GC heap before
{Heap before GC invocations=13 (full 0):
 PSYoungGen      total 226304K, used 225888K [0x000000076b800000, 0x0000000782900000, 0x00000007c0000000)
  eden space 225792K, 100% used [0x000000076b800000,0x0000000779480000,0x0000000779480000)
  from space 512K, 18% used [0x0000000782880000,0x0000000782898000,0x0000000782900000)
  to   space 2048K, 0% used [0x0000000782500000,0x0000000782500000,0x0000000782700000)
 ParOldGen       total 173568K, used 1236K [0x00000006c2800000, 0x00000006cd180000, 0x000000076b800000)
  object space 173568K, 0% used [0x00000006c2800000,0x00000006c2935060,0x00000006cd180000)
 Metaspace       used 7960K, capacity 8486K, committed 8704K, reserved 1056768K
  class space    used 642K, capacity 658K, committed 768K, reserved 1048576K
Event: 1.252 GC heap after
Heap after GC invocations=13 (full 0):
 PSYoungGen      total 219136K, used 64K [0x000000076b800000, 0x0000000782900000, 0x00000007c0000000)
  eden space 217088K, 0% used [0x000000076b800000,0x000000076b800000,0x0000000778c00000)
  from space 2048K, 3% used [0x0000000782500000,0x0000000782510000,0x0000000782700000)
  to   space 2048K, 0% used [0x0000000782700000,0x0000000782700000,0x0000000782900000)
 ParOldGen       total 173568K, used 1236K [0x00000006c2800000, 0x00000006cd180000, 0x000000076b800000)
  object space 173568K, 0% used [0x00000006c2800000,0x00000006c2935060,0x00000006cd180000)
 Metaspace       used 7960K, capacity 8486K, committed 8704K, reserved 1056768K
  class space    used 642K, capacity 658K, committed 768K, reserved 1048576K
}
Event: 1.346 GC heap before
{Heap before GC invocations=14 (full 0):
 PSYoungGen      total 219136K, used 217152K [0x000000076b800000, 0x0000000782900000, 0x00000007c0000000)
  eden space 217088K, 100% used [0x000000076b800000,0x0000000778c00000,0x0000000778c00000)
  from space 2048K, 3% used [0x0000000782500000,0x0000000782510000,0x0000000782700000)
  to   space 2048K, 0% used [0x0000000782700000,0x0000000782700000,0x0000000782900000)
 ParOldGen       total 173568K, used 1236K [0x00000006c2800000, 0x00000006cd180000, 0x000000076b800000)
  object space 173568K, 0% used [0x00000006c2800000,0x00000006c2935060,0x00000006cd180000)
 Metaspace       used 7960K, capacity 8486K, committed 8704K, reserved 1056768K
  class space    used 642K, capacity 658K, committed 768K, reserved 1048576K
Event: 1.346 GC heap after
Heap after GC invocations=14 (full 0):
 PSYoungGen      total 209408K, used 96K [0x000000076b800000, 0x0000000782780000, 0x00000007c0000000)
  eden space 208896K, 0% used [0x000000076b800000,0x000000076b800000,0x0000000778400000)
  from space 512K, 18% used [0x0000000782700000,0x0000000782718000,0x0000000782780000)
  to   space 2048K, 0% used [0x0000000782380000,0x0000000782380000,0x0000000782580000)
 ParOldGen       total 173568K, used 1236K [0x00000006c2800000, 0x00000006cd180000, 0x000000076b800000)
  object space 173568K, 0% used [0x00000006c2800000,0x00000006c2935060,0x00000006cd180000)
 Metaspace       used 7960K, capacity 8486K, committed 8704K, reserved 1056768K
  class space    used 642K, capacity 658K, committed 768K, reserved 1048576K
}
Event: 1.436 GC heap before
{Heap before GC invocations=15 (full 0):
 PSYoungGen      total 209408K, used 208992K [0x000000076b800000, 0x0000000782780000, 0x00000007c0000000)
  eden space 208896K, 100% used [0x000000076b800000,0x0000000778400000,0x0000000778400000)
  from space 512K, 18% used [0x0000000782700000,0x0000000782718000,0x0000000782780000)
  to   space 2048K, 0% used [0x0000000782380000,0x0000000782380000,0x0000000782580000)
 ParOldGen       total 173568K, used 1236K [0x00000006c2800000, 0x00000006cd180000, 0x000000076b800000)
  object space 173568K, 0% used [0x00000006c2800000,0x00000006c2935060,0x00000006cd180000)
 Metaspace       used 7960K, capacity 8486K, committed 8704K, reserved 1056768K
  class space    used 642K, capacity 658K, committed 768K, reserved 1048576K
Event: 1.436 GC heap after
Heap after GC invocations=15 (full 0):
 PSYoungGen      total 203264K, used 64K [0x000000076b800000, 0x0000000782780000, 0x00000007c0000000)
  eden space 201216K, 0% used [0x000000076b800000,0x000000076b800000,0x0000000777c80000)
  from space 2048K, 3% used [0x0000000782380000,0x0000000782390000,0x0000000782580000)
  to   space 2048K, 0% used [0x0000000782580000,0x0000000782580000,0x0000000782780000)
 ParOldGen       total 173568K, used 1236K [0x00000006c2800000, 0x00000006cd180000, 0x000000076b800000)
  object space 173568K, 0% used [0x00000006c2800000,0x00000006c2935060,0x00000006cd180000)
 Metaspace       used 7960K, capacity 8486K, committed 8704K, reserved 1056768K
  class space    used 642K, capacity 658K, committed 768K, reserved 1048576K
}
Event: 1.524 GC heap before
{Heap before GC invocations=16 (full 0):
 PSYoungGen      total 203264K, used 201280K [0x000000076b800000, 0x0000000782780000, 0x00000007c0000000)
  eden space 201216K, 100% used [0x000000076b800000,0x0000000777c80000,0x0000000777c80000)
  from space 2048K, 3% used [0x0000000782380000,0x0000000782390000,0x0000000782580000)
  to   space 2048K, 0% used [0x0000000782580000,0x0000000782580000,0x0000000782780000)
 ParOldGen       total 173568K, used 1236K [0x00000006c2800000, 0x00000006cd180000, 0x000000076b800000)
  object space 173568K, 0% used [0x00000006c2800000,0x00000006c2935060,0x00000006cd180000)
 Metaspace       used 7960K, capacity 8486K, committed 8704K, reserved 1056768K
  class space    used 642K, capacity 658K, committed 768K, reserved 1048576K
Event: 1.525 GC heap after
Heap after GC invocations=16 (full 0):
 PSYoungGen      total 194560K, used 96K [0x000000076b800000, 0x0000000782600000, 0x00000007c0000000)
  eden space 194048K, 0% used [0x000000076b800000,0x000000076b800000,0x0000000777580000)
  from space 512K, 18% used [0x0000000782580000,0x0000000782598000,0x0000000782600000)
  to   space 2048K, 0% used [0x0000000782200000,0x0000000782200000,0x0000000782400000)
 ParOldGen       total 173568K, used 1236K [0x00000006c2800000, 0x00000006cd180000, 0x000000076b800000)
  object space 173568K, 0% used [0x00000006c2800000,0x00000006c2935060,0x00000006cd180000)
 Metaspace       used 7960K, capacity 8486K, committed 8704K, reserved 1056768K
  class space    used 642K, capacity 658K, committed 768K, reserved 1048576K
}
Event: 1.606 GC heap before
{Heap before GC invocations=17 (full 0):
 PSYoungGen      total 194560K, used 194144K [0x000000076b800000, 0x0000000782600000, 0x00000007c0000000)
  eden space 194048K, 100% used [0x000000076b800000,0x0000000777580000,0x0000000777580000)
  from space 512K, 18% used [0x0000000782580000,0x0000000782598000,0x0000000782600000)
  to   space 2048K, 0% used [0x0000000782200000,0x0000000782200000,0x0000000782400000)
 ParOldGen       total 173568K, used 1236K [0x00000006c2800000, 0x00000006cd180000, 0x000000076b800000)
  object space 173568K, 0% used [0x00000006c2800000,0x00000006c2935060,0x00000006cd180000)
 Metaspace       used 7960K, capacity 8486K, committed 8704K, reserved 1056768K
  class space    used 642K, capacity 658K, committed 768K, reserved 1048576K
Event: 1.607 GC heap after
Heap after GC invocations=17 (full 0):
 PSYoungGen      total 188928K, used 64K [0x000000076b800000, 0x0000000782600000, 0x00000007c0000000)
  eden space 186880K, 0% used [0x000000076b800000,0x000000076b800000,0x0000000776e80000)
  from space 2048K, 3% used [0x0000000782200000,0x0000000782210000,0x0000000782400000)
  to   space 2048K, 0% used [0x0000000782400000,0x0000000782400000,0x0000000782600000)
 ParOldGen       total 173568K, used 1244K [0x00000006c2800000, 0x00000006cd180000, 0x000000076b800000)
  object space 173568K, 0% used [0x00000006c2800000,0x00000006c2937060,0x00000006cd180000)
 Metaspace       used 7960K, capacity 8486K, committed 8704K, reserved 1056768K
  class space    used 642K, capacity 658K, committed 768K, reserved 1048576K
}

