# JRE version: Java(TM) SE Runtime Environment (8.0_65-b17) (build 1.8.0_65-b17)
# Java VM: Java HotSpot(TM) 64-Bit Server VM (25.65-b01 mixed mode windows-amd64 compressed oops)
Heap:
 PSYoungGen      total 1054208K, used 601539K [0x000000076b800000, 0x00000007bff80000, 0x00000007c0000000)
  eden space 1039872K, 57% used [0x000000076b800000,0x0000000790338d60,0x00000007aaf80000)
  from space 14336K, 1% used [0x00000007aaf80000,0x00000007aafb8000,0x00000007abd80000)
  to   space 13824K, 0% used [0x00000007bf200000,0x00000007bf200000,0x00000007bff80000)
 ParOldGen       total 173568K, used 36661K [0x00000006c2800000, 0x00000006cd180000, 0x000000076b800000)
  object space 173568K, 21% used [0x00000006c2800000,0x00000006c4bcd4e0,0x00000006cd180000)
 Metaspace       used 8309K, capacity 8710K, committed 8960K, reserved 1056768K
  class space    used 659K, capacity 690K, committed 768K, reserved 1048576K
GC Heap History (10 events):
Event: 1.509 GC heap before
{Heap before GC invocations=11 (full 0):
 PSYoungGen      total 413184K, used 413167K [0x000000076b800000, 0x0000000786c00000, 0x00000007c0000000)
  eden space 406016K, 100% used [0x000000076b800000,0x0000000784480000,0x0000000784480000)
  from space 7168K, 99% used [0x0000000785400000,0x0000000785afbc08,0x0000000785b00000)
  to   space 15872K, 0% used [0x0000000784480000,0x0000000784480000,0x0000000785400000)
 ParOldGen       total 173568K, used 32480K [0x00000006c2800000, 0x00000006cd180000, 0x000000076b800000)
  object space 173568K, 18% used [0x00000006c2800000,0x00000006c47b8080,0x00000006cd180000)
 Metaspace       used 8264K, capacity 8646K, committed 8960K, reserved 1056768K
  class space    used 659K, capacity 690K, committed 768K, reserved 1048576K
Event: 1.516 GC heap after
Heap after GC invocations=11 (full 0):
 PSYoungGen      total 421888K, used 224K [0x000000076b800000, 0x0000000795080000, 0x00000007c0000000)
  eden space 406016K, 0% used [0x000000076b800000,0x000000076b800000,0x0000000784480000)
  from space 15872K, 1% used [0x0000000784480000,0x00000007844b8000,0x0000000785400000)
  to   space 15360K, 0% used [0x0000000794180000,0x0000000794180000,0x0000000795080000)
 ParOldGen       total 173568K, used 36565K [0x00000006c2800000, 0x00000006cd180000, 0x000000076b800000)
  object space 173568K, 21% used [0x00000006c2800000,0x00000006c4bb54e0,0x00000006cd180000)
 Metaspace       used 8264K, capacity 8646K, committed 8960K, reserved 1056768K
  class space    used 659K, capacity 690K, committed 768K, reserved 1048576K
}
Event: 1.807 GC heap before
{Heap before GC invocations=12 (full 0):
 PSYoungGen      total 421888K, used 406240K [0x000000076b800000, 0x0000000795080000, 0x00000007c0000000)
  eden space 406016K, 100% used [0x000000076b800000,0x0000000784480000,0x0000000784480000)
  from space 15872K, 1% used [0x0000000784480000,0x00000007844b8000,0x0000000785400000)
  to   space 15360K, 0% used [0x0000000794180000,0x0000000794180000,0x0000000795080000)
 ParOldGen       total 173568K, used 36565K [0x00000006c2800000, 0x00000006cd180000, 0x000000076b800000)
  object space 173568K, 21% used [0x00000006c2800000,0x00000006c4bb54e0,0x00000006cd180000)
 Metaspace       used 8266K, capacity 8646K, committed 8960K, reserved 1056768K
  class space    used 659K, capacity 690K, committed 768K, reserved 1048576K
Event: 1.807 GC heap after
Heap after GC invocations=12 (full 0):
 PSYoungGen      total 664064K, used 160K [0x000000076b800000, 0x0000000794f80000, 0x00000007c0000000)
  eden space 649728K, 0% used [0x000000076b800000,0x000000076b800000,0x0000000793280000)
  from space 14336K, 1% used [0x0000000794180000,0x00000007941a8000,0x0000000794f80000)
  to   space 14848K, 0% used [0x0000000793280000,0x0000000793280000,0x0000000794100000)
 ParOldGen       total 173568K, used 36597K [0x00000006c2800000, 0x00000006cd180000, 0x000000076b800000)
  object space 173568K, 21% used [0x00000006c2800000,0x00000006c4bbd4e0,0x00000006cd180000)
 Metaspace       used 8266K, capacity 8646K, committed 8960K, reserved 1056768K
  class space    used 659K, capacity 690K, committed 768K, reserved 1048576K
}
Event: 2.294 GC heap before
{Heap before GC invocations=13 (full 0):
 PSYoungGen      total 664064K, used 649888K [0x000000076b800000, 0x0000000794f80000, 0x00000007c0000000)
  eden space 649728K, 100% used [0x000000076b800000,0x0000000793280000,0x0000000793280000)
  from space 14336K, 1% used [0x0000000794180000,0x00000007941a8000,0x0000000794f80000)
  to   space 14848K, 0% used [0x0000000793280000,0x0000000793280000,0x0000000794100000)
 ParOldGen       total 173568K, used 36597K [0x00000006c2800000, 0x00000006cd180000, 0x000000076b800000)
  object space 173568K, 21% used [0x00000006c2800000,0x00000006c4bbd4e0,0x00000006cd180000)
 Metaspace       used 8281K, capacity 8710K, committed 8960K, reserved 1056768K
  class space    used 659K, capacity 690K, committed 768K, reserved 1048576K
Event: 2.295 GC heap after
Heap after GC invocations=13 (full 0):
 PSYoungGen      total 664576K, used 224K [0x000000076b800000, 0x00000007acc80000, 0x00000007c0000000)
  eden space 649728K, 0% used [0x000000076b800000,0x000000076b800000,0x0000000793280000)
  from space 14848K, 1% used [0x0000000793280000,0x00000007932b8000,0x0000000794100000)
  to   space 14848K, 0% used [0x00000007abe00000,0x00000007abe00000,0x00000007acc80000)
 ParOldGen       total 173568K, used 36613K [0x00000006c2800000, 0x00000006cd180000, 0x000000076b800000)
  object space 173568K, 21% used [0x00000006c2800000,0x00000006c4bc14e0,0x00000006cd180000)
 Metaspace       used 8281K, capacity 8710K, committed 8960K, reserved 1056768K
  class space    used 659K, capacity 690K, committed 768K, reserved 1048576K
}
Event: 2.773 GC heap before
{Heap before GC invocations=14 (full 0):
 PSYoungGen      total 664576K, used 649952K [0x000000076b800000, 0x00000007acc80000, 0x00000007c0000000)
  eden space 649728K, 100% used [0x000000076b800000,0x0000000793280000,0x0000000793280000)
  from space 14848K, 1% used [0x0000000793280000,0x00000007932b8000,0x0000000794100000)
  to   space 14848K, 0% used [0x00000007abe00000,0x00000007abe00000,0x00000007acc80000)
 ParOldGen       total 173568K, used 36613K [0x00000006c2800000, 0x00000006cd180000, 0x000000076b800000)
  object space 173568K, 21% used [0x00000006c2800000,0x00000006c4bc14e0,0x00000006cd180000)
 Metaspace       used 8299K, capacity 8710K, committed 8960K, reserved 1056768K
  class space    used 659K, capacity 690K, committed 768K, reserved 1048576K
Event: 2.773 GC heap after
Heap after GC invocations=14 (full 0):
 PSYoungGen      total 1053696K, used 224K [0x000000076b800000, 0x00000007acb80000, 0x00000007c0000000)
  eden space 1039872K, 0% used [0x000000076b800000,0x000000076b800000,0x00000007aaf80000)
  from space 13824K, 1% used [0x00000007abe00000,0x00000007abe38000,0x00000007acb80000)
  to   space 14336K, 0% used [0x00000007aaf80000,0x00000007aaf80000,0x00000007abd80000)
 ParOldGen       total 173568K, used 36637K [0x00000006c2800000, 0x00000006cd180000, 0x000000076b800000)
  object space 173568K, 21% used [0x00000006c2800000,0x00000006c4bc74e0,0x00000006cd180000)
 Metaspace       used 8299K, capacity 8710K, committed 8960K, reserved 1056768K
  class space    used 659K, capacity 690K, committed 768K, reserved 1048576K
}
Event: 3.570 GC heap before
{Heap before GC invocations=15 (full 0):
 PSYoungGen      total 1053696K, used 1040096K [0x000000076b800000, 0x00000007acb80000, 0x00000007c0000000)
  eden space 1039872K, 100% used [0x000000076b800000,0x00000007aaf80000,0x00000007aaf80000)
  from space 13824K, 1% used [0x00000007abe00000,0x00000007abe38000,0x00000007acb80000)
  to   space 14336K, 0% used [0x00000007aaf80000,0x00000007aaf80000,0x00000007abd80000)
 ParOldGen       total 173568K, used 36637K [0x00000006c2800000, 0x00000006cd180000, 0x000000076b800000)
  object space 173568K, 21% used [0x00000006c2800000,0x00000006c4bc74e0,0x00000006cd180000)
 Metaspace       used 8309K, capacity 8710K, committed 8960K, reserved 1056768K
  class space    used 659K, capacity 690K, committed 768K, reserved 1048576K
Event: 3.571 GC heap after
Heap after GC invocations=15 (full 0):
 PSYoungGen      total 1054208K, used 224K [0x000000076b800000, 0x00000007bff80000, 0x00000007c0000000)
  eden space 1039872K, 0% used [0x000000076b800000,0x000000076b800000,0x00000007aaf80000)
  from space 14336K, 1% used [0x00000007aaf80000,0x00000007aafb8000,0x00000007abd80000)
  to   space 13824K, 0% used [0x00000007bf200000,0x00000007bf200000,0x00000007bff80000)
 ParOldGen       total 173568K, used 36661K [0x00000006c2800000, 0x00000006cd180000, 0x000000076b800000)
  object space 173568K, 21% used [0x00000006c2800000,0x00000006c4bcd4e0,0x00000006cd180000)
 Metaspace       used 8309K, capacity 8710K, committed 8960K, reserved 1056768K
  class space    used 659K, capacity 690K, committed 768K, reserved 1048576K
}

