# JRE version: Java(TM) SE Runtime Environment (8.0_65-b17) (build 1.8.0_65-b17)
# Java VM: Java HotSpot(TM) 64-Bit Server VM (25.65-b01 mixed mode windows-amd64 compressed oops)
Heap:
 PSYoungGen      total 186368K, used 141082K [0x000000076b800000, 0x000000077b180000, 0x00000007c0000000)
  eden space 184320K, 76% used [0x000000076b800000,0x000000077418e9b0,0x0000000776c00000)
  from space 2048K, 10% used [0x000000077ad80000,0x000000077adb8000,0x000000077af80000)
  to   space 2048K, 0% used [0x000000077af80000,0x000000077af80000,0x000000077b180000)
 ParOldGen       total 173568K, used 1607K [0x00000006c2800000, 0x00000006cd180000, 0x000000076b800000)
  object space 173568K, 0% used [0x00000006c2800000,0x00000006c2991c70,0x00000006cd180000)
 Metaspace       used 8115K, capacity 8646K, committed 8960K, reserved 1056768K
  class space    used 649K, capacity 690K, committed 768K, reserved 1048576K
GC Heap History (10 events):
Event: 1.720 GC heap before
{Heap before GC invocations=13 (full 0):
 PSYoungGen      total 222720K, used 222432K [0x000000076b800000, 0x000000077b500000, 0x00000007c0000000)
  eden space 222208K, 100% used [0x000000076b800000,0x0000000779100000,0x0000000779100000)
  from space 512K, 43% used [0x000000077b480000,0x000000077b4b8000,0x000000077b500000)
  to   space 2560K, 0% used [0x000000077b000000,0x000000077b000000,0x000000077b280000)
 ParOldGen       total 173568K, used 1575K [0x00000006c2800000, 0x00000006cd180000, 0x000000076b800000)
  object space 173568K, 0% used [0x00000006c2800000,0x00000006c2989c70,0x00000006cd180000)
 Metaspace       used 8089K, capacity 8646K, committed 8960K, reserved 1056768K
  class space    used 649K, capacity 690K, committed 768K, reserved 1048576K
Event: 1.721 GC heap after
Heap after GC invocations=13 (full 0):
 PSYoungGen      total 216576K, used 128K [0x000000076b800000, 0x000000077b500000, 0x00000007c0000000)
  eden space 214016K, 0% used [0x000000076b800000,0x000000076b800000,0x0000000778900000)
  from space 2560K, 5% used [0x000000077b000000,0x000000077b020000,0x000000077b280000)
  to   space 2560K, 0% used [0x000000077b280000,0x000000077b280000,0x000000077b500000)
 ParOldGen       total 173568K, used 1575K [0x00000006c2800000, 0x00000006cd180000, 0x000000076b800000)
  object space 173568K, 0% used [0x00000006c2800000,0x00000006c2989c70,0x00000006cd180000)
 Metaspace       used 8089K, capacity 8646K, committed 8960K, reserved 1056768K
  class space    used 649K, capacity 690K, committed 768K, reserved 1048576K
}
Event: 1.926 GC heap before
{Heap before GC invocations=14 (full 0):
 PSYoungGen      total 216576K, used 214144K [0x000000076b800000, 0x000000077b500000, 0x00000007c0000000)
  eden space 214016K, 100% used [0x000000076b800000,0x0000000778900000,0x0000000778900000)
  from space 2560K, 5% used [0x000000077b000000,0x000000077b020000,0x000000077b280000)
  to   space 2560K, 0% used [0x000000077b280000,0x000000077b280000,0x000000077b500000)
 ParOldGen       total 173568K, used 1575K [0x00000006c2800000, 0x00000006cd180000, 0x000000076b800000)
  object space 173568K, 0% used [0x00000006c2800000,0x00000006c2989c70,0x00000006cd180000)
 Metaspace       used 8106K, capacity 8646K, committed 8960K, reserved 1056768K
  class space    used 649K, capacity 690K, committed 768K, reserved 1048576K
Event: 1.927 GC heap after
Heap after GC invocations=14 (full 0):
 PSYoungGen      total 206336K, used 192K [0x000000076b800000, 0x000000077b300000, 0x00000007c0000000)
  eden space 205824K, 0% used [0x000000076b800000,0x000000076b800000,0x0000000778100000)
  from space 512K, 37% used [0x000000077b280000,0x000000077b2b0000,0x000000077b300000)
  to   space 2560K, 0% used [0x000000077ae00000,0x000000077ae00000,0x000000077b080000)
 ParOldGen       total 173568K, used 1583K [0x00000006c2800000, 0x00000006cd180000, 0x000000076b800000)
  object space 173568K, 0% used [0x00000006c2800000,0x00000006c298bc70,0x00000006cd180000)
 Metaspace       used 8106K, capacity 8646K, committed 8960K, reserved 1056768K
  class space    used 649K, capacity 690K, committed 768K, reserved 1048576K
}
Event: 2.088 GC heap before
{Heap before GC invocations=15 (full 0):
 PSYoungGen      total 206336K, used 206016K [0x000000076b800000, 0x000000077b300000, 0x00000007c0000000)
  eden space 205824K, 100% used [0x000000076b800000,0x0000000778100000,0x0000000778100000)
  from space 512K, 37% used [0x000000077b280000,0x000000077b2b0000,0x000000077b300000)
  to   space 2560K, 0% used [0x000000077ae00000,0x000000077ae00000,0x000000077b080000)
 ParOldGen       total 173568K, used 1583K [0x00000006c2800000, 0x00000006cd180000, 0x000000076b800000)
  object space 173568K, 0% used [0x00000006c2800000,0x00000006c298bc70,0x00000006cd180000)
 Metaspace       used 8107K, capacity 8646K, committed 8960K, reserved 1056768K
  class space    used 649K, capacity 690K, committed 768K, reserved 1048576K
Event: 2.089 GC heap after
Heap after GC invocations=15 (full 0):
 PSYoungGen      total 200704K, used 160K [0x000000076b800000, 0x000000077b300000, 0x00000007c0000000)
  eden space 198144K, 0% used [0x000000076b800000,0x000000076b800000,0x0000000777980000)
  from space 2560K, 6% used [0x000000077ae00000,0x000000077ae28000,0x000000077b080000)
  to   space 2048K, 0% used [0x000000077b100000,0x000000077b100000,0x000000077b300000)
 ParOldGen       total 173568K, used 1607K [0x00000006c2800000, 0x00000006cd180000, 0x000000076b800000)
  object space 173568K, 0% used [0x00000006c2800000,0x00000006c2991c70,0x00000006cd180000)
 Metaspace       used 8107K, capacity 8646K, committed 8960K, reserved 1056768K
  class space    used 649K, capacity 690K, committed 768K, reserved 1048576K
}
Event: 2.266 GC heap before
{Heap before GC invocations=16 (full 0):
 PSYoungGen      total 200704K, used 198304K [0x000000076b800000, 0x000000077b300000, 0x00000007c0000000)
  eden space 198144K, 100% used [0x000000076b800000,0x0000000777980000,0x0000000777980000)
  from space 2560K, 6% used [0x000000077ae00000,0x000000077ae28000,0x000000077b080000)
  to   space 2048K, 0% used [0x000000077b100000,0x000000077b100000,0x000000077b300000)
 ParOldGen       total 173568K, used 1607K [0x00000006c2800000, 0x00000006cd180000, 0x000000076b800000)
  object space 173568K, 0% used [0x00000006c2800000,0x00000006c2991c70,0x00000006cd180000)
 Metaspace       used 8112K, capacity 8646K, committed 8960K, reserved 1056768K
  class space    used 649K, capacity 690K, committed 768K, reserved 1048576K
Event: 2.266 GC heap after
Heap after GC invocations=16 (full 0):
 PSYoungGen      total 191488K, used 192K [0x000000076b800000, 0x000000077b180000, 0x00000007c0000000)
  eden space 190976K, 0% used [0x000000076b800000,0x000000076b800000,0x0000000777280000)
  from space 512K, 37% used [0x000000077b100000,0x000000077b130000,0x000000077b180000)
  to   space 2048K, 0% used [0x000000077ad80000,0x000000077ad80000,0x000000077af80000)
 ParOldGen       total 173568K, used 1607K [0x00000006c2800000, 0x00000006cd180000, 0x000000076b800000)
  object space 173568K, 0% used [0x00000006c2800000,0x00000006c2991c70,0x00000006cd180000)
 Metaspace       used 8112K, capacity 8646K, committed 8960K, reserved 1056768K
  class space    used 649K, capacity 690K, committed 768K, reserved 1048576K
}
Event: 2.445 GC heap before
{Heap before GC invocations=17 (full 0):
 PSYoungGen      total 191488K, used 191168K [0x000000076b800000, 0x000000077b180000, 0x00000007c0000000)
  eden space 190976K, 100% used [0x000000076b800000,0x0000000777280000,0x0000000777280000)
  from space 512K, 37% used [0x000000077b100000,0x000000077b130000,0x000000077b180000)
  to   space 2048K, 0% used [0x000000077ad80000,0x000000077ad80000,0x000000077af80000)
 ParOldGen       total 173568K, used 1607K [0x00000006c2800000, 0x00000006cd180000, 0x000000076b800000)
  object space 173568K, 0% used [0x00000006c2800000,0x00000006c2991c70,0x00000006cd180000)
 Metaspace       used 8114K, capacity 8646K, committed 8960K, reserved 1056768K
  class space    used 649K, capacity 690K, committed 768K, reserved 1048576K
Event: 2.446 GC heap after
Heap after GC invocations=17 (full 0):
 PSYoungGen      total 186368K, used 224K [0x000000076b800000, 0x000000077b180000, 0x00000007c0000000)
  eden space 184320K, 0% used [0x000000076b800000,0x000000076b800000,0x0000000776c00000)
  from space 2048K, 10% used [0x000000077ad80000,0x000000077adb8000,0x000000077af80000)
  to   space 2048K, 0% used [0x000000077af80000,0x000000077af80000,0x000000077b180000)
 ParOldGen       total 173568K, used 1607K [0x00000006c2800000, 0x00000006cd180000, 0x000000076b800000)
  object space 173568K, 0% used [0x00000006c2800000,0x00000006c2991c70,0x00000006cd180000)
 Metaspace       used 8114K, capacity 8646K, committed 8960K, reserved 1056768K
  class space    used 649K, capacity 690K, committed 768K, reserved 1048576K
}

