# JRE version: Java(TM) SE Runtime Environment (8.0_65-b17) (build 1.8.0_65-b17)
# Java VM: Java HotSpot(TM) 64-Bit Server VM (25.65-b01 mixed mode windows-amd64 compressed oops)
Heap:
 PSYoungGen      total 831488K, used 797753K [0x000000076b800000, 0x000000079f900000, 0x00000007c0000000)
  eden space 811008K, 98% used [0x000000076b800000,0x000000079c2de620,0x000000079d000000)
  from space 20480K, 0% used [0x000000079e500000,0x000000079e530000,0x000000079f900000)
  to   space 20992K, 0% used [0x000000079d000000,0x000000079d000000,0x000000079e480000)
 ParOldGen       total 173568K, used 15722K [0x00000006c2800000, 0x00000006cd180000, 0x000000076b800000)
  object space 173568K, 9% used [0x00000006c2800000,0x00000006c375a8e8,0x00000006cd180000)
 Metaspace       used 9727K, capacity 9838K, committed 10112K, reserved 1058816K
  class space    used 778K, capacity 826K, committed 896K, reserved 1048576K
GC Heap History (10 events):
Event: 1.290 GC heap before
{Heap before GC invocations=6 (full 0):
 PSYoungGen      total 140800K, used 140798K [0x000000076b800000, 0x000000077d300000, 0x00000007c0000000)
  eden space 130048K, 100% used [0x000000076b800000,0x0000000773700000,0x0000000773700000)
  from space 10752K, 99% used [0x0000000773700000,0x000000077417fa58,0x0000000774180000)
  to   space 14848K, 0% used [0x000000077c480000,0x000000077c480000,0x000000077d300000)
 ParOldGen       total 173568K, used 5800K [0x00000006c2800000, 0x00000006cd180000, 0x000000076b800000)
  object space 173568K, 3% used [0x00000006c2800000,0x00000006c2daa000,0x00000006cd180000)
 Metaspace       used 9599K, capacity 9774K, committed 9856K, reserved 1058816K
  class space    used 775K, capacity 826K, committed 896K, reserved 1048576K
Event: 1.303 GC heap after
Heap after GC invocations=6 (full 0):
 PSYoungGen      total 268288K, used 14832K [0x000000076b800000, 0x000000077e000000, 0x00000007c0000000)
  eden space 253440K, 0% used [0x000000076b800000,0x000000076b800000,0x000000077af80000)
  from space 14848K, 99% used [0x000000077c480000,0x000000077d2fc2a0,0x000000077d300000)
  to   space 21504K, 0% used [0x000000077af80000,0x000000077af80000,0x000000077c480000)
 ParOldGen       total 173568K, used 11960K [0x00000006c2800000, 0x00000006cd180000, 0x000000076b800000)
  object space 173568K, 6% used [0x00000006c2800000,0x00000006c33ae000,0x00000006cd180000)
 Metaspace       used 9599K, capacity 9774K, committed 9856K, reserved 1058816K
  class space    used 775K, capacity 826K, committed 896K, reserved 1048576K
}
Event: 1.539 GC heap before
{Heap before GC invocations=7 (full 0):
 PSYoungGen      total 268288K, used 268272K [0x000000076b800000, 0x000000077e000000, 0x00000007c0000000)
  eden space 253440K, 100% used [0x000000076b800000,0x000000077af80000,0x000000077af80000)
  from space 14848K, 99% used [0x000000077c480000,0x000000077d2fc2a0,0x000000077d300000)
  to   space 21504K, 0% used [0x000000077af80000,0x000000077af80000,0x000000077c480000)
 ParOldGen       total 173568K, used 11960K [0x00000006c2800000, 0x00000006cd180000, 0x000000076b800000)
  object space 173568K, 6% used [0x00000006c2800000,0x00000006c33ae000,0x00000006cd180000)
 Metaspace       used 9623K, capacity 9774K, committed 9856K, reserved 1058816K
  class space    used 775K, capacity 826K, committed 896K, reserved 1048576K
Event: 1.543 GC heap after
Heap after GC invocations=7 (full 0):
 PSYoungGen      total 274944K, used 832K [0x000000076b800000, 0x000000078d100000, 0x00000007c0000000)
  eden space 253440K, 0% used [0x000000076b800000,0x000000076b800000,0x000000077af80000)
  from space 21504K, 3% used [0x000000077af80000,0x000000077b050000,0x000000077c480000)
  to   space 21504K, 0% used [0x000000078bc00000,0x000000078bc00000,0x000000078d100000)
 ParOldGen       total 173568K, used 14850K [0x00000006c2800000, 0x00000006cd180000, 0x000000076b800000)
  object space 173568K, 8% used [0x00000006c2800000,0x00000006c36808e8,0x00000006cd180000)
 Metaspace       used 9623K, capacity 9774K, committed 9856K, reserved 1058816K
  class space    used 775K, capacity 826K, committed 896K, reserved 1048576K
}
Event: 1.954 GC heap before
{Heap before GC invocations=8 (full 0):
 PSYoungGen      total 274944K, used 254272K [0x000000076b800000, 0x000000078d100000, 0x00000007c0000000)
  eden space 253440K, 100% used [0x000000076b800000,0x000000077af80000,0x000000077af80000)
  from space 21504K, 3% used [0x000000077af80000,0x000000077b050000,0x000000077c480000)
  to   space 21504K, 0% used [0x000000078bc00000,0x000000078bc00000,0x000000078d100000)
 ParOldGen       total 173568K, used 14850K [0x00000006c2800000, 0x00000006cd180000, 0x000000076b800000)
  object space 173568K, 8% used [0x00000006c2800000,0x00000006c36808e8,0x00000006cd180000)
 Metaspace       used 9669K, capacity 9774K, committed 9856K, reserved 1058816K
  class space    used 778K, capacity 826K, committed 896K, reserved 1048576K
Event: 1.957 GC heap after
Heap after GC invocations=8 (full 0):
 PSYoungGen      total 528384K, used 256K [0x000000076b800000, 0x000000078d100000, 0x00000007c0000000)
  eden space 506880K, 0% used [0x000000076b800000,0x000000076b800000,0x000000078a700000)
  from space 21504K, 1% used [0x000000078bc00000,0x000000078bc40000,0x000000078d100000)
  to   space 21504K, 0% used [0x000000078a700000,0x000000078a700000,0x000000078bc00000)
 ParOldGen       total 173568K, used 15594K [0x00000006c2800000, 0x00000006cd180000, 0x000000076b800000)
  object space 173568K, 8% used [0x00000006c2800000,0x00000006c373a8e8,0x00000006cd180000)
 Metaspace       used 9669K, capacity 9774K, committed 9856K, reserved 1058816K
  class space    used 778K, capacity 826K, committed 896K, reserved 1048576K
}
Event: 2.716 GC heap before
{Heap before GC invocations=9 (full 0):
 PSYoungGen      total 528384K, used 507136K [0x000000076b800000, 0x000000078d100000, 0x00000007c0000000)
  eden space 506880K, 100% used [0x000000076b800000,0x000000078a700000,0x000000078a700000)
  from space 21504K, 1% used [0x000000078bc00000,0x000000078bc40000,0x000000078d100000)
  to   space 21504K, 0% used [0x000000078a700000,0x000000078a700000,0x000000078bc00000)
 ParOldGen       total 173568K, used 15594K [0x00000006c2800000, 0x00000006cd180000, 0x000000076b800000)
  object space 173568K, 8% used [0x00000006c2800000,0x00000006c373a8e8,0x00000006cd180000)
 Metaspace       used 9698K, capacity 9838K, committed 10112K, reserved 1058816K
  class space    used 778K, capacity 826K, committed 896K, reserved 1048576K
Event: 2.717 GC heap after
Heap after GC invocations=9 (full 0):
 PSYoungGen      total 528384K, used 224K [0x000000076b800000, 0x000000079fa00000, 0x00000007c0000000)
  eden space 506880K, 0% used [0x000000076b800000,0x000000076b800000,0x000000078a700000)
  from space 21504K, 1% used [0x000000078a700000,0x000000078a738000,0x000000078bc00000)
  to   space 21504K, 0% used [0x000000079e500000,0x000000079e500000,0x000000079fa00000)
 ParOldGen       total 173568K, used 15650K [0x00000006c2800000, 0x00000006cd180000, 0x000000076b800000)
  object space 173568K, 9% used [0x00000006c2800000,0x00000006c37488e8,0x00000006cd180000)
 Metaspace       used 9698K, capacity 9838K, committed 10112K, reserved 1058816K
  class space    used 778K, capacity 826K, committed 896K, reserved 1048576K
}
Event: 3.514 GC heap before
{Heap before GC invocations=10 (full 0):
 PSYoungGen      total 528384K, used 507104K [0x000000076b800000, 0x000000079fa00000, 0x00000007c0000000)
  eden space 506880K, 100% used [0x000000076b800000,0x000000078a700000,0x000000078a700000)
  from space 21504K, 1% used [0x000000078a700000,0x000000078a738000,0x000000078bc00000)
  to   space 21504K, 0% used [0x000000079e500000,0x000000079e500000,0x000000079fa00000)
 ParOldGen       total 173568K, used 15650K [0x00000006c2800000, 0x00000006cd180000, 0x000000076b800000)
  object space 173568K, 9% used [0x00000006c2800000,0x00000006c37488e8,0x00000006cd180000)
 Metaspace       used 9713K, capacity 9838K, committed 10112K, reserved 1058816K
  class space    used 778K, capacity 826K, committed 896K, reserved 1048576K
Event: 3.514 GC heap after
Heap after GC invocations=10 (full 0):
 PSYoungGen      total 831488K, used 192K [0x000000076b800000, 0x000000079f900000, 0x00000007c0000000)
  eden space 811008K, 0% used [0x000000076b800000,0x000000076b800000,0x000000079d000000)
  from space 20480K, 0% used [0x000000079e500000,0x000000079e530000,0x000000079f900000)
  to   space 20992K, 0% used [0x000000079d000000,0x000000079d000000,0x000000079e480000)
 ParOldGen       total 173568K, used 15722K [0x00000006c2800000, 0x00000006cd180000, 0x000000076b800000)
  object space 173568K, 9% used [0x00000006c2800000,0x00000006c375a8e8,0x00000006cd180000)
 Metaspace       used 9713K, capacity 9838K, committed 10112K, reserved 1058816K
  class space    used 778K, capacity 826K, committed 896K, reserved 1048576K
}

