# JRE version: Java(TM) SE Runtime Environment (8.0_65-b17) (build 1.8.0_65-b17)
# Java VM: Java HotSpot(TM) 64-Bit Server VM (25.65-b01 mixed mode windows-amd64 compressed oops)
Heap:
 PSYoungGen      total 196096K, used 142749K [0x000000076b800000, 0x00000007ba480000, 0x00000007c0000000)
  eden space 195584K, 72% used [0x000000076b800000,0x000000077432f640,0x0000000777700000)
  from space 512K, 43% used [0x00000007ba400000,0x00000007ba438000,0x00000007ba480000)
  to   space 1024K, 0% used [0x00000007ba280000,0x00000007ba280000,0x00000007ba380000)
 ParOldGen       total 173568K, used 32401K [0x00000006c2800000, 0x00000006cd180000, 0x000000076b800000)
  object space 173568K, 18% used [0x00000006c2800000,0x00000006c47a44d0,0x00000006cd180000)
 Metaspace       used 8373K, capacity 8710K, committed 8960K, reserved 1056768K
  class space    used 659K, capacity 690K, committed 768K, reserved 1048576K
GC Heap History (10 events):
Event: 14.859 GC heap before
{Heap before GC invocations=56 (full 0):
 PSYoungGen      total 237568K, used 236768K [0x000000076b800000, 0x00000007ba600000, 0x00000007c0000000)
  eden space 236544K, 100% used [0x000000076b800000,0x0000000779f00000,0x0000000779f00000)
  from space 1024K, 21% used [0x00000007ba400000,0x00000007ba438000,0x00000007ba500000)
  to   space 1024K, 0% used [0x00000007ba500000,0x00000007ba500000,0x00000007ba600000)
 ParOldGen       total 173568K, used 32401K [0x00000006c2800000, 0x00000006cd180000, 0x000000076b800000)
  object space 173568K, 18% used [0x00000006c2800000,0x00000006c47a44d0,0x00000006cd180000)
 Metaspace       used 8372K, capacity 8710K, committed 8960K, reserved 1056768K
  class space    used 659K, capacity 690K, committed 768K, reserved 1048576K
Event: 14.860 GC heap after
Heap after GC invocations=56 (full 0):
 PSYoungGen      total 227840K, used 128K [0x000000076b800000, 0x00000007ba580000, 0x00000007c0000000)
  eden space 227328K, 0% used [0x000000076b800000,0x000000076b800000,0x0000000779600000)
  from space 512K, 25% used [0x00000007ba500000,0x00000007ba520000,0x00000007ba580000)
  to   space 1024K, 0% used [0x00000007ba380000,0x00000007ba380000,0x00000007ba480000)
 ParOldGen       total 173568K, used 32401K [0x00000006c2800000, 0x00000006cd180000, 0x000000076b800000)
  object space 173568K, 18% used [0x00000006c2800000,0x00000006c47a44d0,0x00000006cd180000)
 Metaspace       used 8372K, capacity 8710K, committed 8960K, reserved 1056768K
  class space    used 659K, capacity 690K, committed 768K, reserved 1048576K
}
Event: 14.973 GC heap before
{Heap before GC invocations=57 (full 0):
 PSYoungGen      total 227840K, used 227456K [0x000000076b800000, 0x00000007ba580000, 0x00000007c0000000)
  eden space 227328K, 100% used [0x000000076b800000,0x0000000779600000,0x0000000779600000)
  from space 512K, 25% used [0x00000007ba500000,0x00000007ba520000,0x00000007ba580000)
  to   space 1024K, 0% used [0x00000007ba380000,0x00000007ba380000,0x00000007ba480000)
 ParOldGen       total 173568K, used 32401K [0x00000006c2800000, 0x00000006cd180000, 0x000000076b800000)
  object space 173568K, 18% used [0x00000006c2800000,0x00000006c47a44d0,0x00000006cd180000)
 Metaspace       used 8372K, capacity 8710K, committed 8960K, reserved 1056768K
  class space    used 659K, capacity 690K, committed 768K, reserved 1048576K
Event: 14.974 GC heap after
Heap after GC invocations=57 (full 0):
 PSYoungGen      total 219648K, used 160K [0x000000076b800000, 0x00000007ba580000, 0x00000007c0000000)
  eden space 218624K, 0% used [0x000000076b800000,0x000000076b800000,0x0000000778d80000)
  from space 1024K, 15% used [0x00000007ba380000,0x00000007ba3a8000,0x00000007ba480000)
  to   space 1024K, 0% used [0x00000007ba480000,0x00000007ba480000,0x00000007ba580000)
 ParOldGen       total 173568K, used 32401K [0x00000006c2800000, 0x00000006cd180000, 0x000000076b800000)
  object space 173568K, 18% used [0x00000006c2800000,0x00000006c47a44d0,0x00000006cd180000)
 Metaspace       used 8372K, capacity 8710K, committed 8960K, reserved 1056768K
  class space    used 659K, capacity 690K, committed 768K, reserved 1048576K
}
Event: 15.076 GC heap before
{Heap before GC invocations=58 (full 0):
 PSYoungGen      total 219648K, used 218784K [0x000000076b800000, 0x00000007ba580000, 0x00000007c0000000)
  eden space 218624K, 100% used [0x000000076b800000,0x0000000778d80000,0x0000000778d80000)
  from space 1024K, 15% used [0x00000007ba380000,0x00000007ba3a8000,0x00000007ba480000)
  to   space 1024K, 0% used [0x00000007ba480000,0x00000007ba480000,0x00000007ba580000)
 ParOldGen       total 173568K, used 32401K [0x00000006c2800000, 0x00000006cd180000, 0x000000076b800000)
  object space 173568K, 18% used [0x00000006c2800000,0x00000006c47a44d0,0x00000006cd180000)
 Metaspace       used 8372K, capacity 8710K, committed 8960K, reserved 1056768K
  class space    used 659K, capacity 690K, committed 768K, reserved 1048576K
Event: 15.077 GC heap after
Heap after GC invocations=58 (full 0):
 PSYoungGen      total 210944K, used 224K [0x000000076b800000, 0x00000007ba500000, 0x00000007c0000000)
  eden space 210432K, 0% used [0x000000076b800000,0x000000076b800000,0x0000000778580000)
  from space 512K, 43% used [0x00000007ba480000,0x00000007ba4b8000,0x00000007ba500000)
  to   space 1024K, 0% used [0x00000007ba300000,0x00000007ba300000,0x00000007ba400000)
 ParOldGen       total 173568K, used 32401K [0x00000006c2800000, 0x00000006cd180000, 0x000000076b800000)
  object space 173568K, 18% used [0x00000006c2800000,0x00000006c47a44d0,0x00000006cd180000)
 Metaspace       used 8372K, capacity 8710K, committed 8960K, reserved 1056768K
  class space    used 659K, capacity 690K, committed 768K, reserved 1048576K
}
Event: 15.185 GC heap before
{Heap before GC invocations=59 (full 0):
 PSYoungGen      total 210944K, used 210656K [0x000000076b800000, 0x00000007ba500000, 0x00000007c0000000)
  eden space 210432K, 100% used [0x000000076b800000,0x0000000778580000,0x0000000778580000)
  from space 512K, 43% used [0x00000007ba480000,0x00000007ba4b8000,0x00000007ba500000)
  to   space 1024K, 0% used [0x00000007ba300000,0x00000007ba300000,0x00000007ba400000)
 ParOldGen       total 173568K, used 32401K [0x00000006c2800000, 0x00000006cd180000, 0x000000076b800000)
  object space 173568K, 18% used [0x00000006c2800000,0x00000006c47a44d0,0x00000006cd180000)
 Metaspace       used 8372K, capacity 8710K, committed 8960K, reserved 1056768K
  class space    used 659K, capacity 690K, committed 768K, reserved 1048576K
Event: 15.186 GC heap after
Heap after GC invocations=59 (full 0):
 PSYoungGen      total 203776K, used 128K [0x000000076b800000, 0x00000007ba500000, 0x00000007c0000000)
  eden space 202752K, 0% used [0x000000076b800000,0x000000076b800000,0x0000000777e00000)
  from space 1024K, 12% used [0x00000007ba300000,0x00000007ba320000,0x00000007ba400000)
  to   space 1024K, 0% used [0x00000007ba400000,0x00000007ba400000,0x00000007ba500000)
 ParOldGen       total 173568K, used 32401K [0x00000006c2800000, 0x00000006cd180000, 0x000000076b800000)
  object space 173568K, 18% used [0x00000006c2800000,0x00000006c47a44d0,0x00000006cd180000)
 Metaspace       used 8372K, capacity 8710K, committed 8960K, reserved 1056768K
  class space    used 659K, capacity 690K, committed 768K, reserved 1048576K
}
Event: 15.275 GC heap before
{Heap before GC invocations=60 (full 0):
 PSYoungGen      total 203776K, used 202880K [0x000000076b800000, 0x00000007ba500000, 0x00000007c0000000)
  eden space 202752K, 100% used [0x000000076b800000,0x0000000777e00000,0x0000000777e00000)
  from space 1024K, 12% used [0x00000007ba300000,0x00000007ba320000,0x00000007ba400000)
  to   space 1024K, 0% used [0x00000007ba400000,0x00000007ba400000,0x00000007ba500000)
 ParOldGen       total 173568K, used 32401K [0x00000006c2800000, 0x00000006cd180000, 0x000000076b800000)
  object space 173568K, 18% used [0x00000006c2800000,0x00000006c47a44d0,0x00000006cd180000)
 Metaspace       used 8372K, capacity 8710K, committed 8960K, reserved 1056768K
  class space    used 659K, capacity 690K, committed 768K, reserved 1048576K
Event: 15.276 GC heap after
Heap after GC invocations=60 (full 0):
 PSYoungGen      total 196096K, used 224K [0x000000076b800000, 0x00000007ba480000, 0x00000007c0000000)
  eden space 195584K, 0% used [0x000000076b800000,0x000000076b800000,0x0000000777700000)
  from space 512K, 43% used [0x00000007ba400000,0x00000007ba438000,0x00000007ba480000)
  to   space 1024K, 0% used [0x00000007ba280000,0x00000007ba280000,0x00000007ba380000)
 ParOldGen       total 173568K, used 32401K [0x00000006c2800000, 0x00000006cd180000, 0x000000076b800000)
  object space 173568K, 18% used [0x00000006c2800000,0x00000006c47a44d0,0x00000006cd180000)
 Metaspace       used 8372K, capacity 8710K, committed 8960K, reserved 1056768K
  class space    used 659K, capacity 690K, committed 768K, reserved 1048576K
}

