# JRE version: Java(TM) SE Runtime Environment (8.0_65-b17) (build 1.8.0_65-b17)
# Java VM: Java HotSpot(TM) 64-Bit Server VM (25.65-b01 mixed mode windows-amd64 compressed oops)
Heap:
 PSYoungGen      total 922112K, used 183509K [0x000000076b800000, 0x00000007af500000, 0x00000007c0000000)
  eden space 921600K, 19% used [0x000000076b800000,0x0000000776afd770,0x00000007a3c00000)
  from space 512K, 43% used [0x00000007af480000,0x00000007af4b8000,0x00000007af500000)
  to   space 7168K, 0% used [0x00000007ae700000,0x00000007ae700000,0x00000007aee00000)
 ParOldGen       total 173568K, used 19322K [0x00000006c2800000, 0x00000006cd180000, 0x000000076b800000)
  object space 173568K, 11% used [0x00000006c2800000,0x00000006c3ade8e0,0x00000006cd180000)
 Metaspace       used 8321K, capacity 8710K, committed 8960K, reserved 1056768K
  class space    used 660K, capacity 690K, committed 768K, reserved 1048576K
GC Heap History (10 events):
Event: 3.836 GC heap before
{Heap before GC invocations=14 (full 0):
 PSYoungGen      total 706048K, used 697568K [0x000000076b800000, 0x00000007b0a00000, 0x00000007c0000000)
  eden space 697344K, 100% used [0x000000076b800000,0x0000000796100000,0x0000000796100000)
  from space 8704K, 2% used [0x0000000796100000,0x0000000796138000,0x0000000796980000)
  to   space 8192K, 0% used [0x00000007b0200000,0x00000007b0200000,0x00000007b0a00000)
 ParOldGen       total 173568K, used 19290K [0x00000006c2800000, 0x00000006cd180000, 0x000000076b800000)
  object space 173568K, 11% used [0x00000006c2800000,0x00000006c3ad68e0,0x00000006cd180000)
 Metaspace       used 8307K, capacity 8710K, committed 8960K, reserved 1056768K
  class space    used 660K, capacity 690K, committed 768K, reserved 1048576K
Event: 3.837 GC heap after
Heap after GC invocations=14 (full 0):
 PSYoungGen      total 1124352K, used 192K [0x000000076b800000, 0x00000007b0a00000, 0x00000007c0000000)
  eden space 1116160K, 0% used [0x000000076b800000,0x000000076b800000,0x00000007afa00000)
  from space 8192K, 2% used [0x00000007b0200000,0x00000007b0230000,0x00000007b0a00000)
  to   space 8192K, 0% used [0x00000007afa00000,0x00000007afa00000,0x00000007b0200000)
 ParOldGen       total 173568K, used 19290K [0x00000006c2800000, 0x00000006cd180000, 0x000000076b800000)
  object space 173568K, 11% used [0x00000006c2800000,0x00000006c3ad68e0,0x00000006cd180000)
 Metaspace       used 8307K, capacity 8710K, committed 8960K, reserved 1056768K
  class space    used 660K, capacity 690K, committed 768K, reserved 1048576K
}
Event: 5.213 GC heap before
{Heap before GC invocations=15 (full 0):
 PSYoungGen      total 1124352K, used 1116352K [0x000000076b800000, 0x00000007b0a00000, 0x00000007c0000000)
  eden space 1116160K, 100% used [0x000000076b800000,0x00000007afa00000,0x00000007afa00000)
  from space 8192K, 2% used [0x00000007b0200000,0x00000007b0230000,0x00000007b0a00000)
  to   space 8192K, 0% used [0x00000007afa00000,0x00000007afa00000,0x00000007b0200000)
 ParOldGen       total 173568K, used 19290K [0x00000006c2800000, 0x00000006cd180000, 0x000000076b800000)
  object space 173568K, 11% used [0x00000006c2800000,0x00000006c3ad68e0,0x00000006cd180000)
 Metaspace       used 8309K, capacity 8710K, committed 8960K, reserved 1056768K
  class space    used 660K, capacity 690K, committed 768K, reserved 1048576K
Event: 5.214 GC heap after
Heap after GC invocations=15 (full 0):
 PSYoungGen      total 1064448K, used 224K [0x000000076b800000, 0x00000007b0280000, 0x00000007c0000000)
  eden space 1063936K, 0% used [0x000000076b800000,0x000000076b800000,0x00000007ac700000)
  from space 512K, 43% used [0x00000007afa00000,0x00000007afa38000,0x00000007afa80000)
  to   space 7680K, 0% used [0x00000007afb00000,0x00000007afb00000,0x00000007b0280000)
 ParOldGen       total 173568K, used 19322K [0x00000006c2800000, 0x00000006cd180000, 0x000000076b800000)
  object space 173568K, 11% used [0x00000006c2800000,0x00000006c3ade8e0,0x00000006cd180000)
 Metaspace       used 8309K, capacity 8710K, committed 8960K, reserved 1056768K
  class space    used 660K, capacity 690K, committed 768K, reserved 1048576K
}
Event: 6.461 GC heap before
{Heap before GC invocations=16 (full 0):
 PSYoungGen      total 1064448K, used 1064160K [0x000000076b800000, 0x00000007b0280000, 0x00000007c0000000)
  eden space 1063936K, 100% used [0x000000076b800000,0x00000007ac700000,0x00000007ac700000)
  from space 512K, 43% used [0x00000007afa00000,0x00000007afa38000,0x00000007afa80000)
  to   space 7680K, 0% used [0x00000007afb00000,0x00000007afb00000,0x00000007b0280000)
 ParOldGen       total 173568K, used 19322K [0x00000006c2800000, 0x00000006cd180000, 0x000000076b800000)
  object space 173568K, 11% used [0x00000006c2800000,0x00000006c3ade8e0,0x00000006cd180000)
 Metaspace       used 8316K, capacity 8710K, committed 8960K, reserved 1056768K
  class space    used 660K, capacity 690K, committed 768K, reserved 1048576K
Event: 6.462 GC heap after
Heap after GC invocations=16 (full 0):
 PSYoungGen      total 1014784K, used 224K [0x000000076b800000, 0x00000007afb80000, 0x00000007c0000000)
  eden space 1014272K, 0% used [0x000000076b800000,0x000000076b800000,0x00000007a9680000)
  from space 512K, 43% used [0x00000007afb00000,0x00000007afb38000,0x00000007afb80000)
  to   space 7680K, 0% used [0x00000007aec80000,0x00000007aec80000,0x00000007af400000)
 ParOldGen       total 173568K, used 19322K [0x00000006c2800000, 0x00000006cd180000, 0x000000076b800000)
  object space 173568K, 11% used [0x00000006c2800000,0x00000006c3ade8e0,0x00000006cd180000)
 Metaspace       used 8316K, capacity 8710K, committed 8960K, reserved 1056768K
  class space    used 660K, capacity 690K, committed 768K, reserved 1048576K
}
Event: 7.609 GC heap before
{Heap before GC invocations=17 (full 0):
 PSYoungGen      total 1014784K, used 1014496K [0x000000076b800000, 0x00000007afb80000, 0x00000007c0000000)
  eden space 1014272K, 100% used [0x000000076b800000,0x00000007a9680000,0x00000007a9680000)
  from space 512K, 43% used [0x00000007afb00000,0x00000007afb38000,0x00000007afb80000)
  to   space 7680K, 0% used [0x00000007aec80000,0x00000007aec80000,0x00000007af400000)
 ParOldGen       total 173568K, used 19322K [0x00000006c2800000, 0x00000006cd180000, 0x000000076b800000)
  object space 173568K, 11% used [0x00000006c2800000,0x00000006c3ade8e0,0x00000006cd180000)
 Metaspace       used 8316K, capacity 8710K, committed 8960K, reserved 1056768K
  class space    used 660K, capacity 690K, committed 768K, reserved 1048576K
Event: 7.609 GC heap after
Heap after GC invocations=17 (full 0):
 PSYoungGen      total 974336K, used 224K [0x000000076b800000, 0x00000007afb80000, 0x00000007c0000000)
  eden space 966656K, 0% used [0x000000076b800000,0x000000076b800000,0x00000007a6800000)
  from space 7680K, 2% used [0x00000007aec80000,0x00000007aecb8000,0x00000007af400000)
  to   space 7168K, 0% used [0x00000007af480000,0x00000007af480000,0x00000007afb80000)
 ParOldGen       total 173568K, used 19322K [0x00000006c2800000, 0x00000006cd180000, 0x000000076b800000)
  object space 173568K, 11% used [0x00000006c2800000,0x00000006c3ade8e0,0x00000006cd180000)
 Metaspace       used 8316K, capacity 8710K, committed 8960K, reserved 1056768K
  class space    used 660K, capacity 690K, committed 768K, reserved 1048576K
}
Event: 8.804 GC heap before
{Heap before GC invocations=18 (full 0):
 PSYoungGen      total 974336K, used 966880K [0x000000076b800000, 0x00000007afb80000, 0x00000007c0000000)
  eden space 966656K, 100% used [0x000000076b800000,0x00000007a6800000,0x00000007a6800000)
  from space 7680K, 2% used [0x00000007aec80000,0x00000007aecb8000,0x00000007af400000)
  to   space 7168K, 0% used [0x00000007af480000,0x00000007af480000,0x00000007afb80000)
 ParOldGen       total 173568K, used 19322K [0x00000006c2800000, 0x00000006cd180000, 0x000000076b800000)
  object space 173568K, 11% used [0x00000006c2800000,0x00000006c3ade8e0,0x00000006cd180000)
 Metaspace       used 8321K, capacity 8710K, committed 8960K, reserved 1056768K
  class space    used 660K, capacity 690K, committed 768K, reserved 1048576K
Event: 8.805 GC heap after
Heap after GC invocations=18 (full 0):
 PSYoungGen      total 922112K, used 224K [0x000000076b800000, 0x00000007af500000, 0x00000007c0000000)
  eden space 921600K, 0% used [0x000000076b800000,0x000000076b800000,0x00000007a3c00000)
  from space 512K, 43% used [0x00000007af480000,0x00000007af4b8000,0x00000007af500000)
  to   space 7168K, 0% used [0x00000007ae700000,0x00000007ae700000,0x00000007aee00000)
 ParOldGen       total 173568K, used 19322K [0x00000006c2800000, 0x00000006cd180000, 0x000000076b800000)
  object space 173568K, 11% used [0x00000006c2800000,0x00000006c3ade8e0,0x00000006cd180000)
 Metaspace       used 8321K, capacity 8710K, committed 8960K, reserved 1056768K
  class space    used 660K, capacity 690K, committed 768K, reserved 1048576K
}

