# JRE version: Java(TM) SE Runtime Environment (8.0_65-b17) (build 1.8.0_65-b17)
# Java VM: Java HotSpot(TM) 64-Bit Server VM (25.65-b01 mixed mode windows-amd64 compressed oops)
Heap:
 PSYoungGen      total 155648K, used 121591K [0x000000076b800000, 0x0000000784900000, 0x00000007c0000000)
  eden space 154112K, 78% used [0x000000076b800000,0x0000000772e8de60,0x0000000774e80000)
  from space 1536K, 12% used [0x0000000784600000,0x0000000784630000,0x0000000784780000)
  to   space 1536K, 0% used [0x0000000784780000,0x0000000784780000,0x0000000784900000)
 ParOldGen       total 173568K, used 1463K [0x00000006c2800000, 0x00000006cd180000, 0x000000076b800000)
  object space 173568K, 0% used [0x00000006c2800000,0x00000006c296dc30,0x00000006cd180000)
 Metaspace       used 8038K, capacity 8550K, committed 8704K, reserved 1056768K
  class space    used 644K, capacity 658K, committed 768K, reserved 1048576K
GC Heap History (10 events):
Event: 2.898 GC heap before
{Heap before GC invocations=19 (full 0):
 PSYoungGen      total 184832K, used 184512K [0x000000076b800000, 0x0000000784b00000, 0x00000007c0000000)
  eden space 184320K, 100% used [0x000000076b800000,0x0000000776c00000,0x0000000776c00000)
  from space 512K, 37% used [0x0000000784a80000,0x0000000784ab0000,0x0000000784b00000)
  to   space 1536K, 0% used [0x0000000784800000,0x0000000784800000,0x0000000784980000)
 ParOldGen       total 173568K, used 1463K [0x00000006c2800000, 0x00000006cd180000, 0x000000076b800000)
  object space 173568K, 0% used [0x00000006c2800000,0x00000006c296dc30,0x00000006cd180000)
 Metaspace       used 8026K, capacity 8550K, committed 8704K, reserved 1056768K
  class space    used 644K, capacity 658K, committed 768K, reserved 1048576K
Event: 2.898 GC heap after
Heap after GC invocations=19 (full 0):
 PSYoungGen      total 179200K, used 160K [0x000000076b800000, 0x0000000784b00000, 0x00000007c0000000)
  eden space 177664K, 0% used [0x000000076b800000,0x000000076b800000,0x0000000776580000)
  from space 1536K, 10% used [0x0000000784800000,0x0000000784828000,0x0000000784980000)
  to   space 1536K, 0% used [0x0000000784980000,0x0000000784980000,0x0000000784b00000)
 ParOldGen       total 173568K, used 1463K [0x00000006c2800000, 0x00000006cd180000, 0x000000076b800000)
  object space 173568K, 0% used [0x00000006c2800000,0x00000006c296dc30,0x00000006cd180000)
 Metaspace       used 8026K, capacity 8550K, committed 8704K, reserved 1056768K
  class space    used 644K, capacity 658K, committed 768K, reserved 1048576K
}
Event: 3.049 GC heap before
{Heap before GC invocations=20 (full 0):
 PSYoungGen      total 179200K, used 177824K [0x000000076b800000, 0x0000000784b00000, 0x00000007c0000000)
  eden space 177664K, 100% used [0x000000076b800000,0x0000000776580000,0x0000000776580000)
  from space 1536K, 10% used [0x0000000784800000,0x0000000784828000,0x0000000784980000)
  to   space 1536K, 0% used [0x0000000784980000,0x0000000784980000,0x0000000784b00000)
 ParOldGen       total 173568K, used 1463K [0x00000006c2800000, 0x00000006cd180000, 0x000000076b800000)
  object space 173568K, 0% used [0x00000006c2800000,0x00000006c296dc30,0x00000006cd180000)
 Metaspace       used 8037K, capacity 8550K, committed 8704K, reserved 1056768K
  class space    used 644K, capacity 658K, committed 768K, reserved 1048576K
Event: 3.049 GC heap after
Heap after GC invocations=20 (full 0):
 PSYoungGen      total 172032K, used 128K [0x000000076b800000, 0x0000000784a00000, 0x00000007c0000000)
  eden space 171520K, 0% used [0x000000076b800000,0x000000076b800000,0x0000000775f80000)
  from space 512K, 25% used [0x0000000784980000,0x00000007849a0000,0x0000000784a00000)
  to   space 1536K, 0% used [0x0000000784700000,0x0000000784700000,0x0000000784880000)
 ParOldGen       total 173568K, used 1463K [0x00000006c2800000, 0x00000006cd180000, 0x000000076b800000)
  object space 173568K, 0% used [0x00000006c2800000,0x00000006c296dc30,0x00000006cd180000)
 Metaspace       used 8037K, capacity 8550K, committed 8704K, reserved 1056768K
  class space    used 644K, capacity 658K, committed 768K, reserved 1048576K
}
Event: 3.202 GC heap before
{Heap before GC invocations=21 (full 0):
 PSYoungGen      total 172032K, used 171648K [0x000000076b800000, 0x0000000784a00000, 0x00000007c0000000)
  eden space 171520K, 100% used [0x000000076b800000,0x0000000775f80000,0x0000000775f80000)
  from space 512K, 25% used [0x0000000784980000,0x00000007849a0000,0x0000000784a00000)
  to   space 1536K, 0% used [0x0000000784700000,0x0000000784700000,0x0000000784880000)
 ParOldGen       total 173568K, used 1463K [0x00000006c2800000, 0x00000006cd180000, 0x000000076b800000)
  object space 173568K, 0% used [0x00000006c2800000,0x00000006c296dc30,0x00000006cd180000)
 Metaspace       used 8038K, capacity 8550K, committed 8704K, reserved 1056768K
  class space    used 644K, capacity 658K, committed 768K, reserved 1048576K
Event: 3.202 GC heap after
Heap after GC invocations=21 (full 0):
 PSYoungGen      total 166912K, used 192K [0x000000076b800000, 0x0000000784a00000, 0x00000007c0000000)
  eden space 165376K, 0% used [0x000000076b800000,0x000000076b800000,0x0000000775980000)
  from space 1536K, 12% used [0x0000000784700000,0x0000000784730000,0x0000000784880000)
  to   space 1536K, 0% used [0x0000000784880000,0x0000000784880000,0x0000000784a00000)
 ParOldGen       total 173568K, used 1463K [0x00000006c2800000, 0x00000006cd180000, 0x000000076b800000)
  object space 173568K, 0% used [0x00000006c2800000,0x00000006c296dc30,0x00000006cd180000)
 Metaspace       used 8038K, capacity 8550K, committed 8704K, reserved 1056768K
  class space    used 644K, capacity 658K, committed 768K, reserved 1048576K
}
Event: 3.329 GC heap before
{Heap before GC invocations=22 (full 0):
 PSYoungGen      total 166912K, used 165568K [0x000000076b800000, 0x0000000784a00000, 0x00000007c0000000)
  eden space 165376K, 100% used [0x000000076b800000,0x0000000775980000,0x0000000775980000)
  from space 1536K, 12% used [0x0000000784700000,0x0000000784730000,0x0000000784880000)
  to   space 1536K, 0% used [0x0000000784880000,0x0000000784880000,0x0000000784a00000)
 ParOldGen       total 173568K, used 1463K [0x00000006c2800000, 0x00000006cd180000, 0x000000076b800000)
  object space 173568K, 0% used [0x00000006c2800000,0x00000006c296dc30,0x00000006cd180000)
 Metaspace       used 8038K, capacity 8550K, committed 8704K, reserved 1056768K
  class space    used 644K, capacity 658K, committed 768K, reserved 1048576K
Event: 3.329 GC heap after
Heap after GC invocations=22 (full 0):
 PSYoungGen      total 160256K, used 192K [0x000000076b800000, 0x0000000784900000, 0x00000007c0000000)
  eden space 159744K, 0% used [0x000000076b800000,0x000000076b800000,0x0000000775400000)
  from space 512K, 37% used [0x0000000784880000,0x00000007848b0000,0x0000000784900000)
  to   space 1536K, 0% used [0x0000000784600000,0x0000000784600000,0x0000000784780000)
 ParOldGen       total 173568K, used 1463K [0x00000006c2800000, 0x00000006cd180000, 0x000000076b800000)
  object space 173568K, 0% used [0x00000006c2800000,0x00000006c296dc30,0x00000006cd180000)
 Metaspace       used 8038K, capacity 8550K, committed 8704K, reserved 1056768K
  class space    used 644K, capacity 658K, committed 768K, reserved 1048576K
}
Event: 3.483 GC heap before
{Heap before GC invocations=23 (full 0):
 PSYoungGen      total 160256K, used 159936K [0x000000076b800000, 0x0000000784900000, 0x00000007c0000000)
  eden space 159744K, 100% used [0x000000076b800000,0x0000000775400000,0x0000000775400000)
  from space 512K, 37% used [0x0000000784880000,0x00000007848b0000,0x0000000784900000)
  to   space 1536K, 0% used [0x0000000784600000,0x0000000784600000,0x0000000784780000)
 ParOldGen       total 173568K, used 1463K [0x00000006c2800000, 0x00000006cd180000, 0x000000076b800000)
  object space 173568K, 0% used [0x00000006c2800000,0x00000006c296dc30,0x00000006cd180000)
 Metaspace       used 8038K, capacity 8550K, committed 8704K, reserved 1056768K
  class space    used 644K, capacity 658K, committed 768K, reserved 1048576K
Event: 3.484 GC heap after
Heap after GC invocations=23 (full 0):
 PSYoungGen      total 155648K, used 192K [0x000000076b800000, 0x0000000784900000, 0x00000007c0000000)
  eden space 154112K, 0% used [0x000000076b800000,0x000000076b800000,0x0000000774e80000)
  from space 1536K, 12% used [0x0000000784600000,0x0000000784630000,0x0000000784780000)
  to   space 1536K, 0% used [0x0000000784780000,0x0000000784780000,0x0000000784900000)
 ParOldGen       total 173568K, used 1463K [0x00000006c2800000, 0x00000006cd180000, 0x000000076b800000)
  object space 173568K, 0% used [0x00000006c2800000,0x00000006c296dc30,0x00000006cd180000)
 Metaspace       used 8038K, capacity 8550K, committed 8704K, reserved 1056768K
  class space    used 644K, capacity 658K, committed 768K, reserved 1048576K
}

