# JRE version: Java(TM) SE Runtime Environment (8.0_65-b17) (build 1.8.0_65-b17)
# Java VM: Java HotSpot(TM) 64-Bit Server VM (25.65-b01 mixed mode windows-amd64 compressed oops)
Heap:
 PSYoungGen      total 521728K, used 479554K [0x000000076b800000, 0x000000078b800000, 0x00000007c0000000)
  eden space 519168K, 92% used [0x000000076b800000,0x0000000788bc0a00,0x000000078b300000)
  from space 2560K, 22% used [0x000000078b580000,0x000000078b610000,0x000000078b800000)
  to   space 2560K, 0% used [0x000000078b300000,0x000000078b300000,0x000000078b580000)
 ParOldGen       total 173568K, used 747K [0x00000006c2800000, 0x00000006cd180000, 0x000000076b800000)
  object space 173568K, 0% used [0x00000006c2800000,0x00000006c28baf30,0x00000006cd180000)
 Metaspace       used 7956K, capacity 8486K, committed 8704K, reserved 1056768K
  class space    used 642K, capacity 658K, committed 768K, reserved 1048576K
GC Heap History (10 events):
Event: 0.330 GC heap before
{Heap before GC invocations=4 (full 0):
 PSYoungGen      total 75776K, used 65728K [0x000000076b800000, 0x0000000774c00000, 0x00000007c0000000)
  eden space 65024K, 100% used [0x000000076b800000,0x000000076f780000,0x000000076f780000)
  from space 10752K, 6% used [0x000000076f780000,0x000000076f830000,0x0000000770200000)
  to   space 10752K, 0% used [0x0000000774180000,0x0000000774180000,0x0000000774c00000)
 ParOldGen       total 173568K, used 16K [0x00000006c2800000, 0x00000006cd180000, 0x000000076b800000)
  object space 173568K, 0% used [0x00000006c2800000,0x00000006c2804000,0x00000006cd180000)
 Metaspace       used 4110K, capacity 5150K, committed 5376K, reserved 1056768K
  class space    used 448K, capacity 458K, committed 512K, reserved 1048576K
Event: 0.331 GC heap after
Heap after GC invocations=4 (full 0):
 PSYoungGen      total 140800K, used 672K [0x000000076b800000, 0x0000000774c00000, 0x00000007c0000000)
  eden space 130048K, 0% used [0x000000076b800000,0x000000076b800000,0x0000000773700000)
  from space 10752K, 6% used [0x0000000774180000,0x0000000774228000,0x0000000774c00000)
  to   space 10752K, 0% used [0x0000000773700000,0x0000000773700000,0x0000000774180000)
 ParOldGen       total 173568K, used 16K [0x00000006c2800000, 0x00000006cd180000, 0x000000076b800000)
  object space 173568K, 0% used [0x00000006c2800000,0x00000006c2804000,0x00000006cd180000)
 Metaspace       used 4110K, capacity 5150K, committed 5376K, reserved 1056768K
  class space    used 448K, capacity 458K, committed 512K, reserved 1048576K
}
Event: 0.461 GC heap before
{Heap before GC invocations=5 (full 0):
 PSYoungGen      total 140800K, used 130720K [0x000000076b800000, 0x0000000774c00000, 0x00000007c0000000)
  eden space 130048K, 100% used [0x000000076b800000,0x0000000773700000,0x0000000773700000)
  from space 10752K, 6% used [0x0000000774180000,0x0000000774228000,0x0000000774c00000)
  to   space 10752K, 0% used [0x0000000773700000,0x0000000773700000,0x0000000774180000)
 ParOldGen       total 173568K, used 16K [0x00000006c2800000, 0x00000006cd180000, 0x000000076b800000)
  object space 173568K, 0% used [0x00000006c2800000,0x00000006c2804000,0x00000006cd180000)
 Metaspace       used 5691K, capacity 6342K, committed 6528K, reserved 1056768K
  class space    used 525K, capacity 562K, committed 640K, reserved 1048576K
Event: 0.462 GC heap after
Heap after GC invocations=5 (full 0):
 PSYoungGen      total 140800K, used 1540K [0x000000076b800000, 0x000000077ba00000, 0x00000007c0000000)
  eden space 130048K, 0% used [0x000000076b800000,0x000000076b800000,0x0000000773700000)
  from space 10752K, 14% used [0x0000000773700000,0x0000000773881370,0x0000000774180000)
  to   space 2048K, 0% used [0x000000077b800000,0x000000077b800000,0x000000077ba00000)
 ParOldGen       total 173568K, used 24K [0x00000006c2800000, 0x00000006cd180000, 0x000000076b800000)
  object space 173568K, 0% used [0x00000006c2800000,0x00000006c2806000,0x00000006cd180000)
 Metaspace       used 5691K, capacity 6342K, committed 6528K, reserved 1056768K
  class space    used 525K, capacity 562K, committed 640K, reserved 1048576K
}
Event: 0.567 GC heap before
{Heap before GC invocations=6 (full 0):
 PSYoungGen      total 140800K, used 131588K [0x000000076b800000, 0x000000077ba00000, 0x00000007c0000000)
  eden space 130048K, 100% used [0x000000076b800000,0x0000000773700000,0x0000000773700000)
  from space 10752K, 14% used [0x0000000773700000,0x0000000773881370,0x0000000774180000)
  to   space 2048K, 0% used [0x000000077b800000,0x000000077b800000,0x000000077ba00000)
 ParOldGen       total 173568K, used 24K [0x00000006c2800000, 0x00000006cd180000, 0x000000076b800000)
  object space 173568K, 0% used [0x00000006c2800000,0x00000006c2806000,0x00000006cd180000)
 Metaspace       used 7260K, capacity 7878K, committed 8064K, reserved 1056768K
  class space    used 589K, capacity 626K, committed 640K, reserved 1048576K
Event: 0.569 GC heap after
Heap after GC invocations=6 (full 0):
 PSYoungGen      total 261632K, used 2044K [0x000000076b800000, 0x000000077bb00000, 0x00000007c0000000)
  eden space 259584K, 0% used [0x000000076b800000,0x000000076b800000,0x000000077b580000)
  from space 2048K, 99% used [0x000000077b800000,0x000000077b9ff160,0x000000077ba00000)
  to   space 2560K, 0% used [0x000000077b580000,0x000000077b580000,0x000000077b800000)
 ParOldGen       total 173568K, used 111K [0x00000006c2800000, 0x00000006cd180000, 0x000000076b800000)
  object space 173568K, 0% used [0x00000006c2800000,0x00000006c281bed0,0x00000006cd180000)
 Metaspace       used 7260K, capacity 7878K, committed 8064K, reserved 1056768K
  class space    used 589K, capacity 626K, committed 640K, reserved 1048576K
}
Event: 0.875 GC heap before
{Heap before GC invocations=7 (full 0):
 PSYoungGen      total 261632K, used 261628K [0x000000076b800000, 0x000000077bb00000, 0x00000007c0000000)
  eden space 259584K, 100% used [0x000000076b800000,0x000000077b580000,0x000000077b580000)
  from space 2048K, 99% used [0x000000077b800000,0x000000077b9ff160,0x000000077ba00000)
  to   space 2560K, 0% used [0x000000077b580000,0x000000077b580000,0x000000077b800000)
 ParOldGen       total 173568K, used 111K [0x00000006c2800000, 0x00000006cd180000, 0x000000076b800000)
  object space 173568K, 0% used [0x00000006c2800000,0x00000006c281bed0,0x00000006cd180000)
 Metaspace       used 7955K, capacity 8486K, committed 8704K, reserved 1056768K
  class space    used 642K, capacity 658K, committed 768K, reserved 1048576K
Event: 0.877 GC heap after
Heap after GC invocations=7 (full 0):
 PSYoungGen      total 262144K, used 1089K [0x000000076b800000, 0x000000078b800000, 0x00000007c0000000)
  eden space 259584K, 0% used [0x000000076b800000,0x000000076b800000,0x000000077b580000)
  from space 2560K, 42% used [0x000000077b580000,0x000000077b690560,0x000000077b800000)
  to   space 2560K, 0% used [0x000000078b580000,0x000000078b580000,0x000000078b800000)
 ParOldGen       total 173568K, used 747K [0x00000006c2800000, 0x00000006cd180000, 0x000000076b800000)
  object space 173568K, 0% used [0x00000006c2800000,0x00000006c28baf30,0x00000006cd180000)
 Metaspace       used 7955K, capacity 8486K, committed 8704K, reserved 1056768K
  class space    used 642K, capacity 658K, committed 768K, reserved 1048576K
}
Event: 1.059 GC heap before
{Heap before GC invocations=8 (full 0):
 PSYoungGen      total 262144K, used 260673K [0x000000076b800000, 0x000000078b800000, 0x00000007c0000000)
  eden space 259584K, 100% used [0x000000076b800000,0x000000077b580000,0x000000077b580000)
  from space 2560K, 42% used [0x000000077b580000,0x000000077b690560,0x000000077b800000)
  to   space 2560K, 0% used [0x000000078b580000,0x000000078b580000,0x000000078b800000)
 ParOldGen       total 173568K, used 747K [0x00000006c2800000, 0x00000006cd180000, 0x000000076b800000)
  object space 173568K, 0% used [0x00000006c2800000,0x00000006c28baf30,0x00000006cd180000)
 Metaspace       used 7955K, capacity 8486K, committed 8704K, reserved 1056768K
  class space    used 642K, capacity 658K, committed 768K, reserved 1048576K
Event: 1.059 GC heap after
Heap after GC invocations=8 (full 0):
 PSYoungGen      total 521728K, used 576K [0x000000076b800000, 0x000000078b800000, 0x00000007c0000000)
  eden space 519168K, 0% used [0x000000076b800000,0x000000076b800000,0x000000078b300000)
  from space 2560K, 22% used [0x000000078b580000,0x000000078b610000,0x000000078b800000)
  to   space 2560K, 0% used [0x000000078b300000,0x000000078b300000,0x000000078b580000)
 ParOldGen       total 173568K, used 747K [0x00000006c2800000, 0x00000006cd180000, 0x000000076b800000)
  object space 173568K, 0% used [0x00000006c2800000,0x00000006c28baf30,0x00000006cd180000)
 Metaspace       used 7955K, capacity 8486K, committed 8704K, reserved 1056768K
  class space    used 642K, capacity 658K, committed 768K, reserved 1048576K
}

