# JRE version: Java(TM) SE Runtime Environment (8.0_65-b17) (build 1.8.0_65-b17)
# Java VM: Java HotSpot(TM) 64-Bit Server VM (25.65-b01 mixed mode windows-amd64 compressed oops)
Heap:
 PSYoungGen      total 1059840K, used 673917K [0x000000076b800000, 0x00000007acf80000, 0x00000007c0000000)
  eden space 1048064K, 64% used [0x000000076b800000,0x00000007949e7778,0x00000007ab780000)
  from space 11776K, 1% used [0x00000007ac400000,0x00000007ac438000,0x00000007acf80000)
  to   space 12288K, 0% used [0x00000007ab780000,0x00000007ab780000,0x00000007ac380000)
 ParOldGen       total 173568K, used 30852K [0x00000006c2800000, 0x00000006cd180000, 0x000000076b800000)
  object space 173568K, 17% used [0x00000006c2800000,0x00000006c4621240,0x00000006cd180000)
 Metaspace       used 8378K, capacity 8774K, committed 8960K, reserved 1056768K
  class space    used 661K, capacity 690K, committed 768K, reserved 1048576K
GC Heap History (10 events):
Event: 1.279 GC heap before
{Heap before GC invocations=10 (full 0):
 PSYoungGen      total 262144K, used 262123K [0x000000076b800000, 0x0000000785b80000, 0x00000007c0000000)
  eden space 260096K, 100% used [0x000000076b800000,0x000000077b600000,0x000000077b600000)
  from space 2048K, 99% used [0x000000077b600000,0x000000077b7faf60,0x000000077b800000)
  to   space 6656K, 0% used [0x0000000785500000,0x0000000785500000,0x0000000785b80000)
 ParOldGen       total 173568K, used 10916K [0x00000006c2800000, 0x00000006cd180000, 0x000000076b800000)
  object space 173568K, 6% used [0x00000006c2800000,0x00000006c32a9060,0x00000006cd180000)
 Metaspace       used 8236K, capacity 8646K, committed 8960K, reserved 1056768K
  class space    used 655K, capacity 690K, committed 768K, reserved 1048576K
Event: 1.297 GC heap after
Heap after GC invocations=10 (full 0):
 PSYoungGen      total 415744K, used 6642K [0x000000076b800000, 0x0000000786980000, 0x00000007c0000000)
  eden space 409088K, 0% used [0x000000076b800000,0x000000076b800000,0x0000000784780000)
  from space 6656K, 99% used [0x0000000785500000,0x0000000785b7c988,0x0000000785b80000)
  to   space 13824K, 0% used [0x0000000784780000,0x0000000784780000,0x0000000785500000)
 ParOldGen       total 173568K, used 27220K [0x00000006c2800000, 0x00000006cd180000, 0x000000076b800000)
  object space 173568K, 15% used [0x00000006c2800000,0x00000006c4295060,0x00000006cd180000)
 Metaspace       used 8236K, capacity 8646K, committed 8960K, reserved 1056768K
  class space    used 655K, capacity 690K, committed 768K, reserved 1048576K
}
Event: 1.615 GC heap before
{Heap before GC invocations=11 (full 0):
 PSYoungGen      total 415744K, used 415730K [0x000000076b800000, 0x0000000786980000, 0x00000007c0000000)
  eden space 409088K, 100% used [0x000000076b800000,0x0000000784780000,0x0000000784780000)
  from space 6656K, 99% used [0x0000000785500000,0x0000000785b7c988,0x0000000785b80000)
  to   space 13824K, 0% used [0x0000000784780000,0x0000000784780000,0x0000000785500000)
 ParOldGen       total 173568K, used 27220K [0x00000006c2800000, 0x00000006cd180000, 0x000000076b800000)
  object space 173568K, 15% used [0x00000006c2800000,0x00000006c4295060,0x00000006cd180000)
 Metaspace       used 8328K, capacity 8710K, committed 8960K, reserved 1056768K
  class space    used 661K, capacity 690K, committed 768K, reserved 1048576K
Event: 1.621 GC heap after
Heap after GC invocations=11 (full 0):
 PSYoungGen      total 422912K, used 256K [0x000000076b800000, 0x0000000795180000, 0x00000007c0000000)
  eden space 409088K, 0% used [0x000000076b800000,0x000000076b800000,0x0000000784780000)
  from space 13824K, 1% used [0x0000000784780000,0x00000007847c0000,0x0000000785500000)
  to   space 13312K, 0% used [0x0000000794480000,0x0000000794480000,0x0000000795180000)
 ParOldGen       total 173568K, used 30772K [0x00000006c2800000, 0x00000006cd180000, 0x000000076b800000)
  object space 173568K, 17% used [0x00000006c2800000,0x00000006c460d240,0x00000006cd180000)
 Metaspace       used 8328K, capacity 8710K, committed 8960K, reserved 1056768K
  class space    used 661K, capacity 690K, committed 768K, reserved 1048576K
}
Event: 1.790 GC heap before
{Heap before GC invocations=12 (full 0):
 PSYoungGen      total 422912K, used 409344K [0x000000076b800000, 0x0000000795180000, 0x00000007c0000000)
  eden space 409088K, 100% used [0x000000076b800000,0x0000000784780000,0x0000000784780000)
  from space 13824K, 1% used [0x0000000784780000,0x00000007847c0000,0x0000000785500000)
  to   space 13312K, 0% used [0x0000000794480000,0x0000000794480000,0x0000000795180000)
 ParOldGen       total 173568K, used 30772K [0x00000006c2800000, 0x00000006cd180000, 0x000000076b800000)
  object space 173568K, 17% used [0x00000006c2800000,0x00000006c460d240,0x00000006cd180000)
 Metaspace       used 8353K, capacity 8774K, committed 8960K, reserved 1056768K
  class space    used 661K, capacity 690K, committed 768K, reserved 1048576K
Event: 1.790 GC heap after
Heap after GC invocations=12 (full 0):
 PSYoungGen      total 668160K, used 192K [0x000000076b800000, 0x0000000795180000, 0x00000007c0000000)
  eden space 654848K, 0% used [0x000000076b800000,0x000000076b800000,0x0000000793780000)
  from space 13312K, 1% used [0x0000000794480000,0x00000007944b0000,0x0000000795180000)
  to   space 13312K, 0% used [0x0000000793780000,0x0000000793780000,0x0000000794480000)
 ParOldGen       total 173568K, used 30820K [0x00000006c2800000, 0x00000006cd180000, 0x000000076b800000)
  object space 173568K, 17% used [0x00000006c2800000,0x00000006c4619240,0x00000006cd180000)
 Metaspace       used 8353K, capacity 8774K, committed 8960K, reserved 1056768K
  class space    used 661K, capacity 690K, committed 768K, reserved 1048576K
}
Event: 2.287 GC heap before
{Heap before GC invocations=13 (full 0):
 PSYoungGen      total 668160K, used 655040K [0x000000076b800000, 0x0000000795180000, 0x00000007c0000000)
  eden space 654848K, 100% used [0x000000076b800000,0x0000000793780000,0x0000000793780000)
  from space 13312K, 1% used [0x0000000794480000,0x00000007944b0000,0x0000000795180000)
  to   space 13312K, 0% used [0x0000000793780000,0x0000000793780000,0x0000000794480000)
 ParOldGen       total 173568K, used 30820K [0x00000006c2800000, 0x00000006cd180000, 0x000000076b800000)
  object space 173568K, 17% used [0x00000006c2800000,0x00000006c4619240,0x00000006cd180000)
 Metaspace       used 8366K, capacity 8774K, committed 8960K, reserved 1056768K
  class space    used 661K, capacity 690K, committed 768K, reserved 1048576K
Event: 2.288 GC heap after
Heap after GC invocations=13 (full 0):
 PSYoungGen      total 668160K, used 224K [0x000000076b800000, 0x00000007ad080000, 0x00000007c0000000)
  eden space 654848K, 0% used [0x000000076b800000,0x000000076b800000,0x0000000793780000)
  from space 13312K, 1% used [0x0000000793780000,0x00000007937b8000,0x0000000794480000)
  to   space 12800K, 0% used [0x00000007ac400000,0x00000007ac400000,0x00000007ad080000)
 ParOldGen       total 173568K, used 30844K [0x00000006c2800000, 0x00000006cd180000, 0x000000076b800000)
  object space 173568K, 17% used [0x00000006c2800000,0x00000006c461f240,0x00000006cd180000)
 Metaspace       used 8366K, capacity 8774K, committed 8960K, reserved 1056768K
  class space    used 661K, capacity 690K, committed 768K, reserved 1048576K
}
Event: 2.778 GC heap before
{Heap before GC invocations=14 (full 0):
 PSYoungGen      total 668160K, used 655072K [0x000000076b800000, 0x00000007ad080000, 0x00000007c0000000)
  eden space 654848K, 100% used [0x000000076b800000,0x0000000793780000,0x0000000793780000)
  from space 13312K, 1% used [0x0000000793780000,0x00000007937b8000,0x0000000794480000)
  to   space 12800K, 0% used [0x00000007ac400000,0x00000007ac400000,0x00000007ad080000)
 ParOldGen       total 173568K, used 30844K [0x00000006c2800000, 0x00000006cd180000, 0x000000076b800000)
  object space 173568K, 17% used [0x00000006c2800000,0x00000006c461f240,0x00000006cd180000)
 Metaspace       used 8371K, capacity 8774K, committed 8960K, reserved 1056768K
  class space    used 661K, capacity 690K, committed 768K, reserved 1048576K
Event: 2.778 GC heap after
Heap after GC invocations=14 (full 0):
 PSYoungGen      total 1059840K, used 224K [0x000000076b800000, 0x00000007acf80000, 0x00000007c0000000)
  eden space 1048064K, 0% used [0x000000076b800000,0x000000076b800000,0x00000007ab780000)
  from space 11776K, 1% used [0x00000007ac400000,0x00000007ac438000,0x00000007acf80000)
  to   space 12288K, 0% used [0x00000007ab780000,0x00000007ab780000,0x00000007ac380000)
 ParOldGen       total 173568K, used 30852K [0x00000006c2800000, 0x00000006cd180000, 0x000000076b800000)
  object space 173568K, 17% used [0x00000006c2800000,0x00000006c4621240,0x00000006cd180000)
 Metaspace       used 8371K, capacity 8774K, committed 8960K, reserved 1056768K
  class space    used 661K, capacity 690K, committed 768K, reserved 1048576K
}

