# JRE version: Java(TM) SE Runtime Environment (8.0_65-b17) (build 1.8.0_65-b17)
# Java VM: Java HotSpot(TM) 64-Bit Server VM (25.65-b01 mixed mode windows-amd64 compressed oops)
Heap:
 PSYoungGen      total 1360896K, used 894453K [0x000000076b800000, 0x00000007c0000000, 0x00000007c0000000)
  eden space 1339904K, 66% used [0x000000076b800000,0x00000007a214d630,0x00000007bd480000)
  from space 20992K, 0% used [0x00000007bd480000,0x00000007bd4b0000,0x00000007be900000)
  to   space 20480K, 0% used [0x00000007bec00000,0x00000007bec00000,0x00000007c0000000)
 ParOldGen       total 173568K, used 23632K [0x00000006c2800000, 0x00000006cd180000, 0x000000076b800000)
  object space 173568K, 13% used [0x00000006c2800000,0x00000006c3f14070,0x00000006cd180000)
 Metaspace       used 8483K, capacity 8742K, committed 8960K, reserved 1056768K
  class space    used 684K, capacity 722K, committed 768K, reserved 1048576K
GC Heap History (10 events):
Event: 2.501 GC heap before
{Heap before GC invocations=11 (full 0):
 PSYoungGen      total 828928K, used 806560K [0x000000076b800000, 0x000000079f880000, 0x00000007c0000000)
  eden space 806400K, 100% used [0x000000076b800000,0x000000079cb80000,0x000000079cb80000)
  from space 22528K, 0% used [0x000000079e280000,0x000000079e2a8000,0x000000079f880000)
  to   space 23040K, 0% used [0x000000079cb80000,0x000000079cb80000,0x000000079e200000)
 ParOldGen       total 173568K, used 23592K [0x00000006c2800000, 0x00000006cd180000, 0x000000076b800000)
  object space 173568K, 13% used [0x00000006c2800000,0x00000006c3f0a070,0x00000006cd180000)
 Metaspace       used 8463K, capacity 8742K, committed 8960K, reserved 1056768K
  class space    used 684K, capacity 722K, committed 768K, reserved 1048576K
Event: 2.502 GC heap after
Heap after GC invocations=11 (full 0):
 PSYoungGen      total 829440K, used 224K [0x000000076b800000, 0x00000007bd100000, 0x00000007c0000000)
  eden space 806400K, 0% used [0x000000076b800000,0x000000076b800000,0x000000079cb80000)
  from space 23040K, 0% used [0x000000079cb80000,0x000000079cbb8000,0x000000079e200000)
  to   space 23040K, 0% used [0x00000007bba80000,0x00000007bba80000,0x00000007bd100000)
 ParOldGen       total 173568K, used 23600K [0x00000006c2800000, 0x00000006cd180000, 0x000000076b800000)
  object space 173568K, 13% used [0x00000006c2800000,0x00000006c3f0c070,0x00000006cd180000)
 Metaspace       used 8463K, capacity 8742K, committed 8960K, reserved 1056768K
  class space    used 684K, capacity 722K, committed 768K, reserved 1048576K
}
Event: 2.830 GC heap before
{Heap before GC invocations=12 (full 0):
 PSYoungGen      total 829440K, used 806624K [0x000000076b800000, 0x00000007bd100000, 0x00000007c0000000)
  eden space 806400K, 100% used [0x000000076b800000,0x000000079cb80000,0x000000079cb80000)
  from space 23040K, 0% used [0x000000079cb80000,0x000000079cbb8000,0x000000079e200000)
  to   space 23040K, 0% used [0x00000007bba80000,0x00000007bba80000,0x00000007bd100000)
 ParOldGen       total 173568K, used 23600K [0x00000006c2800000, 0x00000006cd180000, 0x000000076b800000)
  object space 173568K, 13% used [0x00000006c2800000,0x00000006c3f0c070,0x00000006cd180000)
 Metaspace       used 8464K, capacity 8742K, committed 8960K, reserved 1056768K
  class space    used 684K, capacity 722K, committed 768K, reserved 1048576K
Event: 2.830 GC heap after
Heap after GC invocations=12 (full 0):
 PSYoungGen      total 1312256K, used 192K [0x000000076b800000, 0x00000007bd000000, 0x00000007c0000000)
  eden space 1290240K, 0% used [0x000000076b800000,0x000000076b800000,0x00000007ba400000)
  from space 22016K, 0% used [0x00000007bba80000,0x00000007bbab0000,0x00000007bd000000)
  to   space 22528K, 0% used [0x00000007ba400000,0x00000007ba400000,0x00000007bba00000)
 ParOldGen       total 173568K, used 23624K [0x00000006c2800000, 0x00000006cd180000, 0x000000076b800000)
  object space 173568K, 13% used [0x00000006c2800000,0x00000006c3f12070,0x00000006cd180000)
 Metaspace       used 8464K, capacity 8742K, committed 8960K, reserved 1056768K
  class space    used 684K, capacity 722K, committed 768K, reserved 1048576K
}
Event: 3.437 GC heap before
{Heap before GC invocations=13 (full 0):
 PSYoungGen      total 1312256K, used 1290432K [0x000000076b800000, 0x00000007bd000000, 0x00000007c0000000)
  eden space 1290240K, 100% used [0x000000076b800000,0x00000007ba400000,0x00000007ba400000)
  from space 22016K, 0% used [0x00000007bba80000,0x00000007bbab0000,0x00000007bd000000)
  to   space 22528K, 0% used [0x00000007ba400000,0x00000007ba400000,0x00000007bba00000)
 ParOldGen       total 173568K, used 23624K [0x00000006c2800000, 0x00000006cd180000, 0x000000076b800000)
  object space 173568K, 13% used [0x00000006c2800000,0x00000006c3f12070,0x00000006cd180000)
 Metaspace       used 8467K, capacity 8742K, committed 8960K, reserved 1056768K
  class space    used 684K, capacity 722K, committed 768K, reserved 1048576K
Event: 3.437 GC heap after
Heap after GC invocations=13 (full 0):
 PSYoungGen      total 1312768K, used 224K [0x000000076b800000, 0x00000007bff80000, 0x00000007c0000000)
  eden space 1290240K, 0% used [0x000000076b800000,0x000000076b800000,0x00000007ba400000)
  from space 22528K, 0% used [0x00000007ba400000,0x00000007ba438000,0x00000007bba00000)
  to   space 22016K, 0% used [0x00000007bea00000,0x00000007bea00000,0x00000007bff80000)
 ParOldGen       total 173568K, used 23624K [0x00000006c2800000, 0x00000006cd180000, 0x000000076b800000)
  object space 173568K, 13% used [0x00000006c2800000,0x00000006c3f12070,0x00000006cd180000)
 Metaspace       used 8467K, capacity 8742K, committed 8960K, reserved 1056768K
  class space    used 684K, capacity 722K, committed 768K, reserved 1048576K
}
Event: 4.040 GC heap before
{Heap before GC invocations=14 (full 0):
 PSYoungGen      total 1312768K, used 1290464K [0x000000076b800000, 0x00000007bff80000, 0x00000007c0000000)
  eden space 1290240K, 100% used [0x000000076b800000,0x00000007ba400000,0x00000007ba400000)
  from space 22528K, 0% used [0x00000007ba400000,0x00000007ba438000,0x00000007bba00000)
  to   space 22016K, 0% used [0x00000007bea00000,0x00000007bea00000,0x00000007bff80000)
 ParOldGen       total 173568K, used 23624K [0x00000006c2800000, 0x00000006cd180000, 0x000000076b800000)
  object space 173568K, 13% used [0x00000006c2800000,0x00000006c3f12070,0x00000006cd180000)
 Metaspace       used 8474K, capacity 8742K, committed 8960K, reserved 1056768K
  class space    used 684K, capacity 722K, committed 768K, reserved 1048576K
Event: 4.041 GC heap after
Heap after GC invocations=14 (full 0):
 PSYoungGen      total 1359872K, used 224K [0x000000076b800000, 0x00000007bfd80000, 0x00000007c0000000)
  eden space 1339904K, 0% used [0x000000076b800000,0x000000076b800000,0x00000007bd480000)
  from space 19968K, 1% used [0x00000007bea00000,0x00000007bea38000,0x00000007bfd80000)
  to   space 20992K, 0% used [0x00000007bd480000,0x00000007bd480000,0x00000007be900000)
 ParOldGen       total 173568K, used 23632K [0x00000006c2800000, 0x00000006cd180000, 0x000000076b800000)
  object space 173568K, 13% used [0x00000006c2800000,0x00000006c3f14070,0x00000006cd180000)
 Metaspace       used 8474K, capacity 8742K, committed 8960K, reserved 1056768K
  class space    used 684K, capacity 722K, committed 768K, reserved 1048576K
}
Event: 4.661 GC heap before
{Heap before GC invocations=15 (full 0):
 PSYoungGen      total 1359872K, used 1340128K [0x000000076b800000, 0x00000007bfd80000, 0x00000007c0000000)
  eden space 1339904K, 100% used [0x000000076b800000,0x00000007bd480000,0x00000007bd480000)
  from space 19968K, 1% used [0x00000007bea00000,0x00000007bea38000,0x00000007bfd80000)
  to   space 20992K, 0% used [0x00000007bd480000,0x00000007bd480000,0x00000007be900000)
 ParOldGen       total 173568K, used 23632K [0x00000006c2800000, 0x00000006cd180000, 0x000000076b800000)
  object space 173568K, 13% used [0x00000006c2800000,0x00000006c3f14070,0x00000006cd180000)
 Metaspace       used 8483K, capacity 8742K, committed 8960K, reserved 1056768K
  class space    used 684K, capacity 722K, committed 768K, reserved 1048576K
Event: 4.662 GC heap after
Heap after GC invocations=15 (full 0):
 PSYoungGen      total 1360896K, used 192K [0x000000076b800000, 0x00000007c0000000, 0x00000007c0000000)
  eden space 1339904K, 0% used [0x000000076b800000,0x000000076b800000,0x00000007bd480000)
  from space 20992K, 0% used [0x00000007bd480000,0x00000007bd4b0000,0x00000007be900000)
  to   space 20480K, 0% used [0x00000007bec00000,0x00000007bec00000,0x00000007c0000000)
 ParOldGen       total 173568K, used 23632K [0x00000006c2800000, 0x00000006cd180000, 0x000000076b800000)
  object space 173568K, 13% used [0x00000006c2800000,0x00000006c3f14070,0x00000006cd180000)
 Metaspace       used 8483K, capacity 8742K, committed 8960K, reserved 1056768K
  class space    used 684K, capacity 722K, committed 768K, reserved 1048576K
}

