# JRE version: Java(TM) SE Runtime Environment (8.0_65-b17) (build 1.8.0_65-b17)
# Java VM: Java HotSpot(TM) 64-Bit Server VM (25.65-b01 mixed mode windows-amd64 compressed oops)
Heap:
 PSYoungGen      total 177152K, used 96221K [0x000000076b800000, 0x00000007b8680000, 0x00000007c0000000)
  eden space 176640K, 54% used [0x000000076b800000,0x00000007715cf798,0x0000000776480000)
  from space 512K, 31% used [0x00000007b8600000,0x00000007b8628000,0x00000007b8680000)
  to   space 512K, 0% used [0x00000007b8580000,0x00000007b8580000,0x00000007b8600000)
 ParOldGen       total 173568K, used 15068K [0x00000006c2800000, 0x00000006cd180000, 0x000000076b800000)
  object space 173568K, 8% used [0x00000006c2800000,0x00000006c36b7250,0x00000006cd180000)
 Metaspace       used 8398K, capacity 8774K, committed 8960K, reserved 1056768K
  class space    used 662K, capacity 690K, committed 768K, reserved 1048576K
GC Heap History (10 events):
Event: 14.638 GC heap before
{Heap before GC invocations=54 (full 0):
 PSYoungGen      total 213504K, used 212640K [0x000000076b800000, 0x00000007b8800000, 0x00000007c0000000)
  eden space 212480K, 100% used [0x000000076b800000,0x0000000778780000,0x0000000778780000)
  from space 1024K, 15% used [0x00000007b8600000,0x00000007b8628000,0x00000007b8700000)
  to   space 1024K, 0% used [0x00000007b8700000,0x00000007b8700000,0x00000007b8800000)
 ParOldGen       total 173568K, used 15036K [0x00000006c2800000, 0x00000006cd180000, 0x000000076b800000)
  object space 173568K, 8% used [0x00000006c2800000,0x00000006c36af250,0x00000006cd180000)
 Metaspace       used 8397K, capacity 8774K, committed 8960K, reserved 1056768K
  class space    used 662K, capacity 690K, committed 768K, reserved 1048576K
Event: 14.638 GC heap after
Heap after GC invocations=54 (full 0):
 PSYoungGen      total 205312K, used 160K [0x000000076b800000, 0x00000007b8780000, 0x00000007c0000000)
  eden space 204800K, 0% used [0x000000076b800000,0x000000076b800000,0x0000000778000000)
  from space 512K, 31% used [0x00000007b8700000,0x00000007b8728000,0x00000007b8780000)
  to   space 1024K, 0% used [0x00000007b8580000,0x00000007b8580000,0x00000007b8680000)
 ParOldGen       total 173568K, used 15068K [0x00000006c2800000, 0x00000006cd180000, 0x000000076b800000)
  object space 173568K, 8% used [0x00000006c2800000,0x00000006c36b7250,0x00000006cd180000)
 Metaspace       used 8397K, capacity 8774K, committed 8960K, reserved 1056768K
  class space    used 662K, capacity 690K, committed 768K, reserved 1048576K
}
Event: 14.723 GC heap before
{Heap before GC invocations=55 (full 0):
 PSYoungGen      total 205312K, used 204960K [0x000000076b800000, 0x00000007b8780000, 0x00000007c0000000)
  eden space 204800K, 100% used [0x000000076b800000,0x0000000778000000,0x0000000778000000)
  from space 512K, 31% used [0x00000007b8700000,0x00000007b8728000,0x00000007b8780000)
  to   space 1024K, 0% used [0x00000007b8580000,0x00000007b8580000,0x00000007b8680000)
 ParOldGen       total 173568K, used 15068K [0x00000006c2800000, 0x00000006cd180000, 0x000000076b800000)
  object space 173568K, 8% used [0x00000006c2800000,0x00000006c36b7250,0x00000006cd180000)
 Metaspace       used 8397K, capacity 8774K, committed 8960K, reserved 1056768K
  class space    used 662K, capacity 690K, committed 768K, reserved 1048576K
Event: 14.724 GC heap after
Heap after GC invocations=55 (full 0):
 PSYoungGen      total 198144K, used 192K [0x000000076b800000, 0x00000007b8780000, 0x00000007c0000000)
  eden space 197120K, 0% used [0x000000076b800000,0x000000076b800000,0x0000000777880000)
  from space 1024K, 18% used [0x00000007b8580000,0x00000007b85b0000,0x00000007b8680000)
  to   space 1024K, 0% used [0x00000007b8680000,0x00000007b8680000,0x00000007b8780000)
 ParOldGen       total 173568K, used 15068K [0x00000006c2800000, 0x00000006cd180000, 0x000000076b800000)
  object space 173568K, 8% used [0x00000006c2800000,0x00000006c36b7250,0x00000006cd180000)
 Metaspace       used 8397K, capacity 8774K, committed 8960K, reserved 1056768K
  class space    used 662K, capacity 690K, committed 768K, reserved 1048576K
}
Event: 14.809 GC heap before
{Heap before GC invocations=56 (full 0):
 PSYoungGen      total 198144K, used 197312K [0x000000076b800000, 0x00000007b8780000, 0x00000007c0000000)
  eden space 197120K, 100% used [0x000000076b800000,0x0000000777880000,0x0000000777880000)
  from space 1024K, 18% used [0x00000007b8580000,0x00000007b85b0000,0x00000007b8680000)
  to   space 1024K, 0% used [0x00000007b8680000,0x00000007b8680000,0x00000007b8780000)
 ParOldGen       total 173568K, used 15068K [0x00000006c2800000, 0x00000006cd180000, 0x000000076b800000)
  object space 173568K, 8% used [0x00000006c2800000,0x00000006c36b7250,0x00000006cd180000)
 Metaspace       used 8397K, capacity 8774K, committed 8960K, reserved 1056768K
  class space    used 662K, capacity 690K, committed 768K, reserved 1048576K
Event: 14.810 GC heap after
Heap after GC invocations=56 (full 0):
 PSYoungGen      total 190464K, used 160K [0x000000076b800000, 0x00000007b8700000, 0x00000007c0000000)
  eden space 189952K, 0% used [0x000000076b800000,0x000000076b800000,0x0000000777180000)
  from space 512K, 31% used [0x00000007b8680000,0x00000007b86a8000,0x00000007b8700000)
  to   space 1024K, 0% used [0x00000007b8500000,0x00000007b8500000,0x00000007b8600000)
 ParOldGen       total 173568K, used 15068K [0x00000006c2800000, 0x00000006cd180000, 0x000000076b800000)
  object space 173568K, 8% used [0x00000006c2800000,0x00000006c36b7250,0x00000006cd180000)
 Metaspace       used 8397K, capacity 8774K, committed 8960K, reserved 1056768K
  class space    used 662K, capacity 690K, committed 768K, reserved 1048576K
}
Event: 14.895 GC heap before
{Heap before GC invocations=57 (full 0):
 PSYoungGen      total 190464K, used 190112K [0x000000076b800000, 0x00000007b8700000, 0x00000007c0000000)
  eden space 189952K, 100% used [0x000000076b800000,0x0000000777180000,0x0000000777180000)
  from space 512K, 31% used [0x00000007b8680000,0x00000007b86a8000,0x00000007b8700000)
  to   space 1024K, 0% used [0x00000007b8500000,0x00000007b8500000,0x00000007b8600000)
 ParOldGen       total 173568K, used 15068K [0x00000006c2800000, 0x00000006cd180000, 0x000000076b800000)
  object space 173568K, 8% used [0x00000006c2800000,0x00000006c36b7250,0x00000006cd180000)
 Metaspace       used 8397K, capacity 8774K, committed 8960K, reserved 1056768K
  class space    used 662K, capacity 690K, committed 768K, reserved 1048576K
Event: 14.896 GC heap after
Heap after GC invocations=57 (full 0):
 PSYoungGen      total 184320K, used 160K [0x000000076b800000, 0x00000007b8700000, 0x00000007c0000000)
  eden space 183296K, 0% used [0x000000076b800000,0x000000076b800000,0x0000000776b00000)
  from space 1024K, 15% used [0x00000007b8500000,0x00000007b8528000,0x00000007b8600000)
  to   space 1024K, 0% used [0x00000007b8600000,0x00000007b8600000,0x00000007b8700000)
 ParOldGen       total 173568K, used 15068K [0x00000006c2800000, 0x00000006cd180000, 0x000000076b800000)
  object space 173568K, 8% used [0x00000006c2800000,0x00000006c36b7250,0x00000006cd180000)
 Metaspace       used 8397K, capacity 8774K, committed 8960K, reserved 1056768K
  class space    used 662K, capacity 690K, committed 768K, reserved 1048576K
}
Event: 14.975 GC heap before
{Heap before GC invocations=58 (full 0):
 PSYoungGen      total 184320K, used 183456K [0x000000076b800000, 0x00000007b8700000, 0x00000007c0000000)
  eden space 183296K, 100% used [0x000000076b800000,0x0000000776b00000,0x0000000776b00000)
  from space 1024K, 15% used [0x00000007b8500000,0x00000007b8528000,0x00000007b8600000)
  to   space 1024K, 0% used [0x00000007b8600000,0x00000007b8600000,0x00000007b8700000)
 ParOldGen       total 173568K, used 15068K [0x00000006c2800000, 0x00000006cd180000, 0x000000076b800000)
  object space 173568K, 8% used [0x00000006c2800000,0x00000006c36b7250,0x00000006cd180000)
 Metaspace       used 8398K, capacity 8774K, committed 8960K, reserved 1056768K
  class space    used 662K, capacity 690K, committed 768K, reserved 1048576K
Event: 14.975 GC heap after
Heap after GC invocations=58 (full 0):
 PSYoungGen      total 177152K, used 160K [0x000000076b800000, 0x00000007b8680000, 0x00000007c0000000)
  eden space 176640K, 0% used [0x000000076b800000,0x000000076b800000,0x0000000776480000)
  from space 512K, 31% used [0x00000007b8600000,0x00000007b8628000,0x00000007b8680000)
  to   space 512K, 0% used [0x00000007b8580000,0x00000007b8580000,0x00000007b8600000)
 ParOldGen       total 173568K, used 15068K [0x00000006c2800000, 0x00000006cd180000, 0x000000076b800000)
  object space 173568K, 8% used [0x00000006c2800000,0x00000006c36b7250,0x00000006cd180000)
 Metaspace       used 8398K, capacity 8774K, committed 8960K, reserved 1056768K
  class space    used 662K, capacity 690K, committed 768K, reserved 1048576K
}

