# JRE version: Java(TM) SE Runtime Environment (8.0_65-b17) (build 1.8.0_65-b17)
# Java VM: Java HotSpot(TM) 64-Bit Server VM (25.65-b01 mixed mode windows-amd64 compressed oops)
Heap:
 PSYoungGen      total 846848K, used 95022K [0x000000076b800000, 0x00000007bec80000, 0x00000007c0000000)
  eden space 821248K, 11% used [0x000000076b800000,0x000000077148b9d8,0x000000079da00000)
  from space 25600K, 1% used [0x000000079da00000,0x000000079da40000,0x000000079f300000)
  to   space 25088K, 0% used [0x00000007bd400000,0x00000007bd400000,0x00000007bec80000)
 ParOldGen       total 173568K, used 18784K [0x00000006c2800000, 0x00000006cd180000, 0x000000076b800000)
  object space 173568K, 10% used [0x00000006c2800000,0x00000006c3a58070,0x00000006cd180000)
 Metaspace       used 8558K, capacity 8742K, committed 8960K, reserved 1056768K
  class space    used 689K, capacity 722K, committed 768K, reserved 1048576K
GC Heap History (10 events):
Event: 1.500 GC heap before
{Heap before GC invocations=7 (full 0):
 PSYoungGen      total 278528K, used 276136K [0x000000076b800000, 0x000000077e800000, 0x00000007c0000000)
  eden space 256512K, 100% used [0x000000076b800000,0x000000077b280000,0x000000077b280000)
  from space 22016K, 89% used [0x000000077cb80000,0x000000077deaa210,0x000000077e100000)
  to   space 25600K, 0% used [0x000000077b280000,0x000000077b280000,0x000000077cb80000)
 ParOldGen       total 173568K, used 13376K [0x00000006c2800000, 0x00000006cd180000, 0x000000076b800000)
  object space 173568K, 7% used [0x00000006c2800000,0x00000006c3510000,0x00000006cd180000)
 Metaspace       used 8496K, capacity 8742K, committed 8960K, reserved 1056768K
  class space    used 689K, capacity 722K, committed 768K, reserved 1048576K
Event: 1.507 GC heap after
Heap after GC invocations=7 (full 0):
 PSYoungGen      total 282112K, used 2592K [0x000000076b800000, 0x000000078df00000, 0x00000007c0000000)
  eden space 256512K, 0% used [0x000000076b800000,0x000000076b800000,0x000000077b280000)
  from space 25600K, 10% used [0x000000077b280000,0x000000077b508000,0x000000077cb80000)
  to   space 25600K, 0% used [0x000000078c600000,0x000000078c600000,0x000000078df00000)
 ParOldGen       total 173568K, used 16208K [0x00000006c2800000, 0x00000006cd180000, 0x000000076b800000)
  object space 173568K, 9% used [0x00000006c2800000,0x00000006c37d4070,0x00000006cd180000)
 Metaspace       used 8496K, capacity 8742K, committed 8960K, reserved 1056768K
  class space    used 689K, capacity 722K, committed 768K, reserved 1048576K
}
Event: 1.758 GC heap before
{Heap before GC invocations=8 (full 0):
 PSYoungGen      total 282112K, used 259104K [0x000000076b800000, 0x000000078df00000, 0x00000007c0000000)
  eden space 256512K, 100% used [0x000000076b800000,0x000000077b280000,0x000000077b280000)
  from space 25600K, 10% used [0x000000077b280000,0x000000077b508000,0x000000077cb80000)
  to   space 25600K, 0% used [0x000000078c600000,0x000000078c600000,0x000000078df00000)
 ParOldGen       total 173568K, used 16208K [0x00000006c2800000, 0x00000006cd180000, 0x000000076b800000)
  object space 173568K, 9% used [0x00000006c2800000,0x00000006c37d4070,0x00000006cd180000)
 Metaspace       used 8519K, capacity 8742K, committed 8960K, reserved 1056768K
  class space    used 689K, capacity 722K, committed 768K, reserved 1048576K
Event: 1.759 GC heap after
Heap after GC invocations=8 (full 0):
 PSYoungGen      total 538624K, used 896K [0x000000076b800000, 0x000000078df00000, 0x00000007c0000000)
  eden space 513024K, 0% used [0x000000076b800000,0x000000076b800000,0x000000078ad00000)
  from space 25600K, 3% used [0x000000078c600000,0x000000078c6e0000,0x000000078df00000)
  to   space 25600K, 0% used [0x000000078ad00000,0x000000078ad00000,0x000000078c600000)
 ParOldGen       total 173568K, used 17928K [0x00000006c2800000, 0x00000006cd180000, 0x000000076b800000)
  object space 173568K, 10% used [0x00000006c2800000,0x00000006c3982070,0x00000006cd180000)
 Metaspace       used 8519K, capacity 8742K, committed 8960K, reserved 1056768K
  class space    used 689K, capacity 722K, committed 768K, reserved 1048576K
}
Event: 2.333 GC heap before
{Heap before GC invocations=9 (full 0):
 PSYoungGen      total 538624K, used 513920K [0x000000076b800000, 0x000000078df00000, 0x00000007c0000000)
  eden space 513024K, 100% used [0x000000076b800000,0x000000078ad00000,0x000000078ad00000)
  from space 25600K, 3% used [0x000000078c600000,0x000000078c6e0000,0x000000078df00000)
  to   space 25600K, 0% used [0x000000078ad00000,0x000000078ad00000,0x000000078c600000)
 ParOldGen       total 173568K, used 17928K [0x00000006c2800000, 0x00000006cd180000, 0x000000076b800000)
  object space 173568K, 10% used [0x00000006c2800000,0x00000006c3982070,0x00000006cd180000)
 Metaspace       used 8538K, capacity 8742K, committed 8960K, reserved 1056768K
  class space    used 689K, capacity 722K, committed 768K, reserved 1048576K
Event: 2.334 GC heap after
Heap after GC invocations=9 (full 0):
 PSYoungGen      total 538624K, used 224K [0x000000076b800000, 0x00000007a0c00000, 0x00000007c0000000)
  eden space 513024K, 0% used [0x000000076b800000,0x000000076b800000,0x000000078ad00000)
  from space 25600K, 0% used [0x000000078ad00000,0x000000078ad38000,0x000000078c600000)
  to   space 25600K, 0% used [0x000000079f300000,0x000000079f300000,0x00000007a0c00000)
 ParOldGen       total 173568K, used 18672K [0x00000006c2800000, 0x00000006cd180000, 0x000000076b800000)
  object space 173568K, 10% used [0x00000006c2800000,0x00000006c3a3c070,0x00000006cd180000)
 Metaspace       used 8538K, capacity 8742K, committed 8960K, reserved 1056768K
  class space    used 689K, capacity 722K, committed 768K, reserved 1048576K
}
Event: 2.844 GC heap before
{Heap before GC invocations=10 (full 0):
 PSYoungGen      total 538624K, used 513248K [0x000000076b800000, 0x00000007a0c00000, 0x00000007c0000000)
  eden space 513024K, 100% used [0x000000076b800000,0x000000078ad00000,0x000000078ad00000)
  from space 25600K, 0% used [0x000000078ad00000,0x000000078ad38000,0x000000078c600000)
  to   space 25600K, 0% used [0x000000079f300000,0x000000079f300000,0x00000007a0c00000)
 ParOldGen       total 173568K, used 18672K [0x00000006c2800000, 0x00000006cd180000, 0x000000076b800000)
  object space 173568K, 10% used [0x00000006c2800000,0x00000006c3a3c070,0x00000006cd180000)
 Metaspace       used 8546K, capacity 8742K, committed 8960K, reserved 1056768K
  class space    used 689K, capacity 722K, committed 768K, reserved 1048576K
Event: 2.844 GC heap after
Heap after GC invocations=10 (full 0):
 PSYoungGen      total 846848K, used 224K [0x000000076b800000, 0x00000007a0c00000, 0x00000007c0000000)
  eden space 821248K, 0% used [0x000000076b800000,0x000000076b800000,0x000000079da00000)
  from space 25600K, 0% used [0x000000079f300000,0x000000079f338000,0x00000007a0c00000)
  to   space 25600K, 0% used [0x000000079da00000,0x000000079da00000,0x000000079f300000)
 ParOldGen       total 173568K, used 18736K [0x00000006c2800000, 0x00000006cd180000, 0x000000076b800000)
  object space 173568K, 10% used [0x00000006c2800000,0x00000006c3a4c070,0x00000006cd180000)
 Metaspace       used 8546K, capacity 8742K, committed 8960K, reserved 1056768K
  class space    used 689K, capacity 722K, committed 768K, reserved 1048576K
}
Event: 3.910 GC heap before
{Heap before GC invocations=11 (full 0):
 PSYoungGen      total 846848K, used 821472K [0x000000076b800000, 0x00000007a0c00000, 0x00000007c0000000)
  eden space 821248K, 100% used [0x000000076b800000,0x000000079da00000,0x000000079da00000)
  from space 25600K, 0% used [0x000000079f300000,0x000000079f338000,0x00000007a0c00000)
  to   space 25600K, 0% used [0x000000079da00000,0x000000079da00000,0x000000079f300000)
 ParOldGen       total 173568K, used 18736K [0x00000006c2800000, 0x00000006cd180000, 0x000000076b800000)
  object space 173568K, 10% used [0x00000006c2800000,0x00000006c3a4c070,0x00000006cd180000)
 Metaspace       used 8558K, capacity 8742K, committed 8960K, reserved 1056768K
  class space    used 689K, capacity 722K, committed 768K, reserved 1048576K
Event: 3.911 GC heap after
Heap after GC invocations=11 (full 0):
 PSYoungGen      total 846848K, used 256K [0x000000076b800000, 0x00000007bec80000, 0x00000007c0000000)
  eden space 821248K, 0% used [0x000000076b800000,0x000000076b800000,0x000000079da00000)
  from space 25600K, 1% used [0x000000079da00000,0x000000079da40000,0x000000079f300000)
  to   space 25088K, 0% used [0x00000007bd400000,0x00000007bd400000,0x00000007bec80000)
 ParOldGen       total 173568K, used 18784K [0x00000006c2800000, 0x00000006cd180000, 0x000000076b800000)
  object space 173568K, 10% used [0x00000006c2800000,0x00000006c3a58070,0x00000006cd180000)
 Metaspace       used 8558K, capacity 8742K, committed 8960K, reserved 1056768K
  class space    used 689K, capacity 722K, committed 768K, reserved 1048576K
}

