# JRE version: Java(TM) SE Runtime Environment (8.0_65-b17) (build 1.8.0_65-b17)
# Java VM: Java HotSpot(TM) 64-Bit Server VM (25.65-b01 mixed mode windows-amd64 compressed oops)
Heap:
 PSYoungGen      total 833536K, used 789856K [0x000000076b800000, 0x00000007ab180000, 0x00000007c0000000)
  eden space 825856K, 95% used [0x000000076b800000,0x000000079bb20338,0x000000079de80000)
  from space 7680K, 2% used [0x00000007aa280000,0x00000007aa2b8000,0x00000007aaa00000)
  to   space 7168K, 0% used [0x00000007aaa80000,0x00000007aaa80000,0x00000007ab180000)
 ParOldGen       total 173568K, used 21501K [0x00000006c2800000, 0x00000006cd180000, 0x000000076b800000)
  object space 173568K, 12% used [0x00000006c2800000,0x00000006c3cff5a0,0x00000006cd180000)
 Metaspace       used 8284K, capacity 8646K, committed 8960K, reserved 1056768K
  class space    used 654K, capacity 690K, committed 768K, reserved 1048576K
GC Heap History (10 events):
Event: 3.454 GC heap before
{Heap before GC invocations=15 (full 0):
 PSYoungGen      total 1057280K, used 1048288K [0x000000076b800000, 0x00000007ac980000, 0x00000007c0000000)
  eden space 1048064K, 100% used [0x000000076b800000,0x00000007ab780000,0x00000007ab780000)
  from space 9216K, 2% used [0x00000007ac080000,0x00000007ac0b8000,0x00000007ac980000)
  to   space 9216K, 0% used [0x00000007ab780000,0x00000007ab780000,0x00000007ac080000)
 ParOldGen       total 173568K, used 21453K [0x00000006c2800000, 0x00000006cd180000, 0x000000076b800000)
  object space 173568K, 12% used [0x00000006c2800000,0x00000006c3cf35a0,0x00000006cd180000)
 Metaspace       used 8276K, capacity 8646K, committed 8960K, reserved 1056768K
  class space    used 654K, capacity 690K, committed 768K, reserved 1048576K
Event: 3.454 GC heap after
Heap after GC invocations=15 (full 0):
 PSYoungGen      total 999424K, used 224K [0x000000076b800000, 0x00000007ac100000, 0x00000007c0000000)
  eden space 998912K, 0% used [0x000000076b800000,0x000000076b800000,0x00000007a8780000)
  from space 512K, 43% used [0x00000007ab780000,0x00000007ab7b8000,0x00000007ab800000)
  to   space 8704K, 0% used [0x00000007ab880000,0x00000007ab880000,0x00000007ac100000)
 ParOldGen       total 173568K, used 21461K [0x00000006c2800000, 0x00000006cd180000, 0x000000076b800000)
  object space 173568K, 12% used [0x00000006c2800000,0x00000006c3cf55a0,0x00000006cd180000)
 Metaspace       used 8276K, capacity 8646K, committed 8960K, reserved 1056768K
  class space    used 654K, capacity 690K, committed 768K, reserved 1048576K
}
Event: 4.183 GC heap before
{Heap before GC invocations=16 (full 0):
 PSYoungGen      total 999424K, used 999136K [0x000000076b800000, 0x00000007ac100000, 0x00000007c0000000)
  eden space 998912K, 100% used [0x000000076b800000,0x00000007a8780000,0x00000007a8780000)
  from space 512K, 43% used [0x00000007ab780000,0x00000007ab7b8000,0x00000007ab800000)
  to   space 8704K, 0% used [0x00000007ab880000,0x00000007ab880000,0x00000007ac100000)
 ParOldGen       total 173568K, used 21461K [0x00000006c2800000, 0x00000006cd180000, 0x000000076b800000)
  object space 173568K, 12% used [0x00000006c2800000,0x00000006c3cf55a0,0x00000006cd180000)
 Metaspace       used 8277K, capacity 8646K, committed 8960K, reserved 1056768K
  class space    used 654K, capacity 690K, committed 768K, reserved 1048576K
Event: 4.184 GC heap after
Heap after GC invocations=16 (full 0):
 PSYoungGen      total 952832K, used 192K [0x000000076b800000, 0x00000007ab900000, 0x00000007c0000000)
  eden space 952320K, 0% used [0x000000076b800000,0x000000076b800000,0x00000007a5a00000)
  from space 512K, 37% used [0x00000007ab880000,0x00000007ab8b0000,0x00000007ab900000)
  to   space 8192K, 0% used [0x00000007aa900000,0x00000007aa900000,0x00000007ab100000)
 ParOldGen       total 173568K, used 21501K [0x00000006c2800000, 0x00000006cd180000, 0x000000076b800000)
  object space 173568K, 12% used [0x00000006c2800000,0x00000006c3cff5a0,0x00000006cd180000)
 Metaspace       used 8277K, capacity 8646K, committed 8960K, reserved 1056768K
  class space    used 654K, capacity 690K, committed 768K, reserved 1048576K
}
Event: 5.110 GC heap before
{Heap before GC invocations=17 (full 0):
 PSYoungGen      total 952832K, used 952512K [0x000000076b800000, 0x00000007ab900000, 0x00000007c0000000)
  eden space 952320K, 100% used [0x000000076b800000,0x00000007a5a00000,0x00000007a5a00000)
  from space 512K, 37% used [0x00000007ab880000,0x00000007ab8b0000,0x00000007ab900000)
  to   space 8192K, 0% used [0x00000007aa900000,0x00000007aa900000,0x00000007ab100000)
 ParOldGen       total 173568K, used 21501K [0x00000006c2800000, 0x00000006cd180000, 0x000000076b800000)
  object space 173568K, 12% used [0x00000006c2800000,0x00000006c3cff5a0,0x00000006cd180000)
 Metaspace       used 8278K, capacity 8646K, committed 8960K, reserved 1056768K
  class space    used 654K, capacity 690K, committed 768K, reserved 1048576K
Event: 5.111 GC heap after
Heap after GC invocations=17 (full 0):
 PSYoungGen      total 915968K, used 224K [0x000000076b800000, 0x00000007ab900000, 0x00000007c0000000)
  eden space 907776K, 0% used [0x000000076b800000,0x000000076b800000,0x00000007a2e80000)
  from space 8192K, 2% used [0x00000007aa900000,0x00000007aa938000,0x00000007ab100000)
  to   space 8192K, 0% used [0x00000007ab100000,0x00000007ab100000,0x00000007ab900000)
 ParOldGen       total 173568K, used 21501K [0x00000006c2800000, 0x00000006cd180000, 0x000000076b800000)
  object space 173568K, 12% used [0x00000006c2800000,0x00000006c3cff5a0,0x00000006cd180000)
 Metaspace       used 8278K, capacity 8646K, committed 8960K, reserved 1056768K
  class space    used 654K, capacity 690K, committed 768K, reserved 1048576K
}
Event: 5.994 GC heap before
{Heap before GC invocations=18 (full 0):
 PSYoungGen      total 915968K, used 908000K [0x000000076b800000, 0x00000007ab900000, 0x00000007c0000000)
  eden space 907776K, 100% used [0x000000076b800000,0x00000007a2e80000,0x00000007a2e80000)
  from space 8192K, 2% used [0x00000007aa900000,0x00000007aa938000,0x00000007ab100000)
  to   space 8192K, 0% used [0x00000007ab100000,0x00000007ab100000,0x00000007ab900000)
 ParOldGen       total 173568K, used 21501K [0x00000006c2800000, 0x00000006cd180000, 0x000000076b800000)
  object space 173568K, 12% used [0x00000006c2800000,0x00000006c3cff5a0,0x00000006cd180000)
 Metaspace       used 8284K, capacity 8646K, committed 8960K, reserved 1056768K
  class space    used 654K, capacity 690K, committed 768K, reserved 1048576K
Event: 5.995 GC heap after
Heap after GC invocations=18 (full 0):
 PSYoungGen      total 866304K, used 224K [0x000000076b800000, 0x00000007ab180000, 0x00000007c0000000)
  eden space 865792K, 0% used [0x000000076b800000,0x000000076b800000,0x00000007a0580000)
  from space 512K, 43% used [0x00000007ab100000,0x00000007ab138000,0x00000007ab180000)
  to   space 7680K, 0% used [0x00000007aa280000,0x00000007aa280000,0x00000007aaa00000)
 ParOldGen       total 173568K, used 21501K [0x00000006c2800000, 0x00000006cd180000, 0x000000076b800000)
  object space 173568K, 12% used [0x00000006c2800000,0x00000006c3cff5a0,0x00000006cd180000)
 Metaspace       used 8284K, capacity 8646K, committed 8960K, reserved 1056768K
  class space    used 654K, capacity 690K, committed 768K, reserved 1048576K
}
Event: 6.750 GC heap before
{Heap before GC invocations=19 (full 0):
 PSYoungGen      total 866304K, used 866016K [0x000000076b800000, 0x00000007ab180000, 0x00000007c0000000)
  eden space 865792K, 100% used [0x000000076b800000,0x00000007a0580000,0x00000007a0580000)
  from space 512K, 43% used [0x00000007ab100000,0x00000007ab138000,0x00000007ab180000)
  to   space 7680K, 0% used [0x00000007aa280000,0x00000007aa280000,0x00000007aaa00000)
 ParOldGen       total 173568K, used 21501K [0x00000006c2800000, 0x00000006cd180000, 0x000000076b800000)
  object space 173568K, 12% used [0x00000006c2800000,0x00000006c3cff5a0,0x00000006cd180000)
 Metaspace       used 8284K, capacity 8646K, committed 8960K, reserved 1056768K
  class space    used 654K, capacity 690K, committed 768K, reserved 1048576K
Event: 6.751 GC heap after
Heap after GC invocations=19 (full 0):
 PSYoungGen      total 833536K, used 224K [0x000000076b800000, 0x00000007ab180000, 0x00000007c0000000)
  eden space 825856K, 0% used [0x000000076b800000,0x000000076b800000,0x000000079de80000)
  from space 7680K, 2% used [0x00000007aa280000,0x00000007aa2b8000,0x00000007aaa00000)
  to   space 7168K, 0% used [0x00000007aaa80000,0x00000007aaa80000,0x00000007ab180000)
 ParOldGen       total 173568K, used 21501K [0x00000006c2800000, 0x00000006cd180000, 0x000000076b800000)
  object space 173568K, 12% used [0x00000006c2800000,0x00000006c3cff5a0,0x00000006cd180000)
 Metaspace       used 8284K, capacity 8646K, committed 8960K, reserved 1056768K
  class space    used 654K, capacity 690K, committed 768K, reserved 1048576K
}

