# JRE version: Java(TM) SE Runtime Environment (8.0_65-b17) (build 1.8.0_65-b17)
# Java VM: Java HotSpot(TM) 64-Bit Server VM (25.65-b01 mixed mode windows-amd64 compressed oops)
Heap:
 PSYoungGen      total 59904K, used 41606K [0x000000076b800000, 0x00000007b9f80000, 0x00000007c0000000)
  eden space 59392K, 69% used [0x000000076b800000,0x000000076e079950,0x000000076f200000)
  from space 512K, 31% used [0x00000007b9e80000,0x00000007b9ea8000,0x00000007b9f00000)
  to   space 512K, 0% used [0x00000007b9f00000,0x00000007b9f00000,0x00000007b9f80000)
 ParOldGen       total 173568K, used 32287K [0x00000006c2800000, 0x00000006cd180000, 0x000000076b800000)
  object space 173568K, 18% used [0x00000006c2800000,0x00000006c4787d38,0x00000006cd180000)
 Metaspace       used 8356K, capacity 8774K, committed 8960K, reserved 1056768K
  class space    used 660K, capacity 690K, committed 768K, reserved 1048576K
GC Heap History (10 events):
Event: 29.411 GC heap before
{Heap before GC invocations=133 (full 0):
 PSYoungGen      total 66048K, used 65664K [0x000000076b800000, 0x00000007b9f80000, 0x00000007c0000000)
  eden space 65536K, 100% used [0x000000076b800000,0x000000076f800000,0x000000076f800000)
  from space 512K, 25% used [0x00000007b9f00000,0x00000007b9f20000,0x00000007b9f80000)
  to   space 512K, 0% used [0x00000007b9e80000,0x00000007b9e80000,0x00000007b9f00000)
 ParOldGen       total 173568K, used 32287K [0x00000006c2800000, 0x00000006cd180000, 0x000000076b800000)
  object space 173568K, 18% used [0x00000006c2800000,0x00000006c4787d38,0x00000006cd180000)
 Metaspace       used 8356K, capacity 8774K, committed 8960K, reserved 1056768K
  class space    used 660K, capacity 690K, committed 768K, reserved 1048576K
Event: 29.411 GC heap after
Heap after GC invocations=133 (full 0):
 PSYoungGen      total 64512K, used 128K [0x000000076b800000, 0x00000007b9f80000, 0x00000007c0000000)
  eden space 64000K, 0% used [0x000000076b800000,0x000000076b800000,0x000000076f680000)
  from space 512K, 25% used [0x00000007b9e80000,0x00000007b9ea0000,0x00000007b9f00000)
  to   space 512K, 0% used [0x00000007b9f00000,0x00000007b9f00000,0x00000007b9f80000)
 ParOldGen       total 173568K, used 32287K [0x00000006c2800000, 0x00000006cd180000, 0x000000076b800000)
  object space 173568K, 18% used [0x00000006c2800000,0x00000006c4787d38,0x00000006cd180000)
 Metaspace       used 8356K, capacity 8774K, committed 8960K, reserved 1056768K
  class space    used 660K, capacity 690K, committed 768K, reserved 1048576K
}
Event: 29.479 GC heap before
{Heap before GC invocations=134 (full 0):
 PSYoungGen      total 64512K, used 64128K [0x000000076b800000, 0x00000007b9f80000, 0x00000007c0000000)
  eden space 64000K, 100% used [0x000000076b800000,0x000000076f680000,0x000000076f680000)
  from space 512K, 25% used [0x00000007b9e80000,0x00000007b9ea0000,0x00000007b9f00000)
  to   space 512K, 0% used [0x00000007b9f00000,0x00000007b9f00000,0x00000007b9f80000)
 ParOldGen       total 173568K, used 32287K [0x00000006c2800000, 0x00000006cd180000, 0x000000076b800000)
  object space 173568K, 18% used [0x00000006c2800000,0x00000006c4787d38,0x00000006cd180000)
 Metaspace       used 8356K, capacity 8774K, committed 8960K, reserved 1056768K
  class space    used 660K, capacity 690K, committed 768K, reserved 1048576K
Event: 29.479 GC heap after
Heap after GC invocations=134 (full 0):
 PSYoungGen      total 62976K, used 256K [0x000000076b800000, 0x00000007b9f80000, 0x00000007c0000000)
  eden space 62464K, 0% used [0x000000076b800000,0x000000076b800000,0x000000076f500000)
  from space 512K, 50% used [0x00000007b9f00000,0x00000007b9f40000,0x00000007b9f80000)
  to   space 512K, 0% used [0x00000007b9e80000,0x00000007b9e80000,0x00000007b9f00000)
 ParOldGen       total 173568K, used 32287K [0x00000006c2800000, 0x00000006cd180000, 0x000000076b800000)
  object space 173568K, 18% used [0x00000006c2800000,0x00000006c4787d38,0x00000006cd180000)
 Metaspace       used 8356K, capacity 8774K, committed 8960K, reserved 1056768K
  class space    used 660K, capacity 690K, committed 768K, reserved 1048576K
}
Event: 29.548 GC heap before
{Heap before GC invocations=135 (full 0):
 PSYoungGen      total 62976K, used 62720K [0x000000076b800000, 0x00000007b9f80000, 0x00000007c0000000)
  eden space 62464K, 100% used [0x000000076b800000,0x000000076f500000,0x000000076f500000)
  from space 512K, 50% used [0x00000007b9f00000,0x00000007b9f40000,0x00000007b9f80000)
  to   space 512K, 0% used [0x00000007b9e80000,0x00000007b9e80000,0x00000007b9f00000)
 ParOldGen       total 173568K, used 32287K [0x00000006c2800000, 0x00000006cd180000, 0x000000076b800000)
  object space 173568K, 18% used [0x00000006c2800000,0x00000006c4787d38,0x00000006cd180000)
 Metaspace       used 8356K, capacity 8774K, committed 8960K, reserved 1056768K
  class space    used 660K, capacity 690K, committed 768K, reserved 1048576K
Event: 29.548 GC heap after
Heap after GC invocations=135 (full 0):
 PSYoungGen      total 61952K, used 192K [0x000000076b800000, 0x00000007b9f80000, 0x00000007c0000000)
  eden space 61440K, 0% used [0x000000076b800000,0x000000076b800000,0x000000076f400000)
  from space 512K, 37% used [0x00000007b9e80000,0x00000007b9eb0000,0x00000007b9f00000)
  to   space 512K, 0% used [0x00000007b9f00000,0x00000007b9f00000,0x00000007b9f80000)
 ParOldGen       total 173568K, used 32287K [0x00000006c2800000, 0x00000006cd180000, 0x000000076b800000)
  object space 173568K, 18% used [0x00000006c2800000,0x00000006c4787d38,0x00000006cd180000)
 Metaspace       used 8356K, capacity 8774K, committed 8960K, reserved 1056768K
  class space    used 660K, capacity 690K, committed 768K, reserved 1048576K
}
Event: 29.612 GC heap before
{Heap before GC invocations=136 (full 0):
 PSYoungGen      total 61952K, used 61632K [0x000000076b800000, 0x00000007b9f80000, 0x00000007c0000000)
  eden space 61440K, 100% used [0x000000076b800000,0x000000076f400000,0x000000076f400000)
  from space 512K, 37% used [0x00000007b9e80000,0x00000007b9eb0000,0x00000007b9f00000)
  to   space 512K, 0% used [0x00000007b9f00000,0x00000007b9f00000,0x00000007b9f80000)
 ParOldGen       total 173568K, used 32287K [0x00000006c2800000, 0x00000006cd180000, 0x000000076b800000)
  object space 173568K, 18% used [0x00000006c2800000,0x00000006c4787d38,0x00000006cd180000)
 Metaspace       used 8356K, capacity 8774K, committed 8960K, reserved 1056768K
  class space    used 660K, capacity 690K, committed 768K, reserved 1048576K
Event: 29.613 GC heap after
Heap after GC invocations=136 (full 0):
 PSYoungGen      total 60928K, used 64K [0x000000076b800000, 0x00000007b9f80000, 0x00000007c0000000)
  eden space 60416K, 0% used [0x000000076b800000,0x000000076b800000,0x000000076f300000)
  from space 512K, 12% used [0x00000007b9f00000,0x00000007b9f10000,0x00000007b9f80000)
  to   space 512K, 0% used [0x00000007b9e80000,0x00000007b9e80000,0x00000007b9f00000)
 ParOldGen       total 173568K, used 32287K [0x00000006c2800000, 0x00000006cd180000, 0x000000076b800000)
  object space 173568K, 18% used [0x00000006c2800000,0x00000006c4787d38,0x00000006cd180000)
 Metaspace       used 8356K, capacity 8774K, committed 8960K, reserved 1056768K
  class space    used 660K, capacity 690K, committed 768K, reserved 1048576K
}
Event: 29.670 GC heap before
{Heap before GC invocations=137 (full 0):
 PSYoungGen      total 60928K, used 60480K [0x000000076b800000, 0x00000007b9f80000, 0x00000007c0000000)
  eden space 60416K, 100% used [0x000000076b800000,0x000000076f300000,0x000000076f300000)
  from space 512K, 12% used [0x00000007b9f00000,0x00000007b9f10000,0x00000007b9f80000)
  to   space 512K, 0% used [0x00000007b9e80000,0x00000007b9e80000,0x00000007b9f00000)
 ParOldGen       total 173568K, used 32287K [0x00000006c2800000, 0x00000006cd180000, 0x000000076b800000)
  object space 173568K, 18% used [0x00000006c2800000,0x00000006c4787d38,0x00000006cd180000)
 Metaspace       used 8356K, capacity 8774K, committed 8960K, reserved 1056768K
  class space    used 660K, capacity 690K, committed 768K, reserved 1048576K
Event: 29.671 GC heap after
Heap after GC invocations=137 (full 0):
 PSYoungGen      total 59904K, used 160K [0x000000076b800000, 0x00000007b9f80000, 0x00000007c0000000)
  eden space 59392K, 0% used [0x000000076b800000,0x000000076b800000,0x000000076f200000)
  from space 512K, 31% used [0x00000007b9e80000,0x00000007b9ea8000,0x00000007b9f00000)
  to   space 512K, 0% used [0x00000007b9f00000,0x00000007b9f00000,0x00000007b9f80000)
 ParOldGen       total 173568K, used 32287K [0x00000006c2800000, 0x00000006cd180000, 0x000000076b800000)
  object space 173568K, 18% used [0x00000006c2800000,0x00000006c4787d38,0x00000006cd180000)
 Metaspace       used 8356K, capacity 8774K, committed 8960K, reserved 1056768K
  class space    used 660K, capacity 690K, committed 768K, reserved 1048576K
}

