# JRE version: Java(TM) SE Runtime Environment (8.0_65-b17) (build 1.8.0_65-b17)
# Java VM: Java HotSpot(TM) 64-Bit Server VM (25.65-b01 mixed mode windows-amd64 compressed oops)
Heap:
 PSYoungGen      total 51712K, used 38820K [0x000000076b800000, 0x00000007a8000000, 0x00000007c0000000)
  eden space 51200K, 75% used [0x000000076b800000,0x000000076dde1210,0x000000076ea00000)
  from space 512K, 6% used [0x00000007a7f00000,0x00000007a7f08000,0x00000007a7f80000)
  to   space 512K, 0% used [0x00000007a7f80000,0x00000007a7f80000,0x00000007a8000000)
 ParOldGen       total 173568K, used 24947K [0x00000006c2800000, 0x00000006cd180000, 0x000000076b800000)
  object space 173568K, 14% used [0x00000006c2800000,0x00000006c405cd70,0x00000006cd180000)
 Metaspace       used 8409K, capacity 8774K, committed 8960K, reserved 1056768K
  class space    used 663K, capacity 690K, committed 768K, reserved 1048576K
GC Heap History (10 events):
Event: 71.062 GC heap before
{Heap before GC invocations=849 (full 0):
 PSYoungGen      total 45056K, used 44576K [0x000000076b800000, 0x00000007a8000000, 0x00000007c0000000)
  eden space 44544K, 100% used [0x000000076b800000,0x000000076e380000,0x000000076e380000)
  from space 512K, 6% used [0x00000007a7f80000,0x00000007a7f88000,0x00000007a8000000)
  to   space 512K, 0% used [0x00000007a7f00000,0x00000007a7f00000,0x00000007a7f80000)
 ParOldGen       total 173568K, used 24947K [0x00000006c2800000, 0x00000006cd180000, 0x000000076b800000)
  object space 173568K, 14% used [0x00000006c2800000,0x00000006c405cd70,0x00000006cd180000)
 Metaspace       used 8409K, capacity 8774K, committed 8960K, reserved 1056768K
  class space    used 663K, capacity 690K, committed 768K, reserved 1048576K
Event: 71.063 GC heap after
Heap after GC invocations=849 (full 0):
 PSYoungGen      total 44544K, used 64K [0x000000076b800000, 0x00000007a8000000, 0x00000007c0000000)
  eden space 44032K, 0% used [0x000000076b800000,0x000000076b800000,0x000000076e300000)
  from space 512K, 12% used [0x00000007a7f00000,0x00000007a7f10000,0x00000007a7f80000)
  to   space 512K, 0% used [0x00000007a7f80000,0x00000007a7f80000,0x00000007a8000000)
 ParOldGen       total 173568K, used 24947K [0x00000006c2800000, 0x00000006cd180000, 0x000000076b800000)
  object space 173568K, 14% used [0x00000006c2800000,0x00000006c405cd70,0x00000006cd180000)
 Metaspace       used 8409K, capacity 8774K, committed 8960K, reserved 1056768K
  class space    used 663K, capacity 690K, committed 768K, reserved 1048576K
}
Event: 71.111 GC heap before
{Heap before GC invocations=850 (full 0):
 PSYoungGen      total 44544K, used 44096K [0x000000076b800000, 0x00000007a8000000, 0x00000007c0000000)
  eden space 44032K, 100% used [0x000000076b800000,0x000000076e300000,0x000000076e300000)
  from space 512K, 12% used [0x00000007a7f00000,0x00000007a7f10000,0x00000007a7f80000)
  to   space 512K, 0% used [0x00000007a7f80000,0x00000007a7f80000,0x00000007a8000000)
 ParOldGen       total 173568K, used 24947K [0x00000006c2800000, 0x00000006cd180000, 0x000000076b800000)
  object space 173568K, 14% used [0x00000006c2800000,0x00000006c405cd70,0x00000006cd180000)
 Metaspace       used 8409K, capacity 8774K, committed 8960K, reserved 1056768K
  class space    used 663K, capacity 690K, committed 768K, reserved 1048576K
Event: 71.111 GC heap after
Heap after GC invocations=850 (full 0):
 PSYoungGen      total 44032K, used 32K [0x000000076b800000, 0x00000007a8000000, 0x00000007c0000000)
  eden space 43520K, 0% used [0x000000076b800000,0x000000076b800000,0x000000076e280000)
  from space 512K, 6% used [0x00000007a7f80000,0x00000007a7f88000,0x00000007a8000000)
  to   space 512K, 0% used [0x00000007a7f00000,0x00000007a7f00000,0x00000007a7f80000)
 ParOldGen       total 173568K, used 24947K [0x00000006c2800000, 0x00000006cd180000, 0x000000076b800000)
  object space 173568K, 14% used [0x00000006c2800000,0x00000006c405cd70,0x00000006cd180000)
 Metaspace       used 8409K, capacity 8774K, committed 8960K, reserved 1056768K
  class space    used 663K, capacity 690K, committed 768K, reserved 1048576K
}
Event: 71.162 GC heap before
{Heap before GC invocations=851 (full 0):
 PSYoungGen      total 44032K, used 43552K [0x000000076b800000, 0x00000007a8000000, 0x00000007c0000000)
  eden space 43520K, 100% used [0x000000076b800000,0x000000076e280000,0x000000076e280000)
  from space 512K, 6% used [0x00000007a7f80000,0x00000007a7f88000,0x00000007a8000000)
  to   space 512K, 0% used [0x00000007a7f00000,0x00000007a7f00000,0x00000007a7f80000)
 ParOldGen       total 173568K, used 24947K [0x00000006c2800000, 0x00000006cd180000, 0x000000076b800000)
  object space 173568K, 14% used [0x00000006c2800000,0x00000006c405cd70,0x00000006cd180000)
 Metaspace       used 8409K, capacity 8774K, committed 8960K, reserved 1056768K
  class space    used 663K, capacity 690K, committed 768K, reserved 1048576K
Event: 71.163 GC heap after
Heap after GC invocations=851 (full 0):
 PSYoungGen      total 43520K, used 32K [0x000000076b800000, 0x00000007a8000000, 0x00000007c0000000)
  eden space 43008K, 0% used [0x000000076b800000,0x000000076b800000,0x000000076e200000)
  from space 512K, 6% used [0x00000007a7f00000,0x00000007a7f08000,0x00000007a7f80000)
  to   space 512K, 0% used [0x00000007a7f80000,0x00000007a7f80000,0x00000007a8000000)
 ParOldGen       total 173568K, used 24947K [0x00000006c2800000, 0x00000006cd180000, 0x000000076b800000)
  object space 173568K, 14% used [0x00000006c2800000,0x00000006c405cd70,0x00000006cd180000)
 Metaspace       used 8409K, capacity 8774K, committed 8960K, reserved 1056768K
  class space    used 663K, capacity 690K, committed 768K, reserved 1048576K
}
Event: 71.216 GC heap before
{Heap before GC invocations=852 (full 0):
 PSYoungGen      total 43520K, used 43040K [0x000000076b800000, 0x00000007a8000000, 0x00000007c0000000)
  eden space 43008K, 100% used [0x000000076b800000,0x000000076e200000,0x000000076e200000)
  from space 512K, 6% used [0x00000007a7f00000,0x00000007a7f08000,0x00000007a7f80000)
  to   space 512K, 0% used [0x00000007a7f80000,0x00000007a7f80000,0x00000007a8000000)
 ParOldGen       total 173568K, used 24947K [0x00000006c2800000, 0x00000006cd180000, 0x000000076b800000)
  object space 173568K, 14% used [0x00000006c2800000,0x00000006c405cd70,0x00000006cd180000)
 Metaspace       used 8409K, capacity 8774K, committed 8960K, reserved 1056768K
  class space    used 663K, capacity 690K, committed 768K, reserved 1048576K
Event: 71.216 GC heap after
Heap after GC invocations=852 (full 0):
 PSYoungGen      total 43008K, used 64K [0x000000076b800000, 0x00000007a8000000, 0x00000007c0000000)
  eden space 42496K, 0% used [0x000000076b800000,0x000000076b800000,0x000000076e180000)
  from space 512K, 12% used [0x00000007a7f80000,0x00000007a7f90000,0x00000007a8000000)
  to   space 512K, 0% used [0x00000007a7f00000,0x00000007a7f00000,0x00000007a7f80000)
 ParOldGen       total 173568K, used 24947K [0x00000006c2800000, 0x00000006cd180000, 0x000000076b800000)
  object space 173568K, 14% used [0x00000006c2800000,0x00000006c405cd70,0x00000006cd180000)
 Metaspace       used 8409K, capacity 8774K, committed 8960K, reserved 1056768K
  class space    used 663K, capacity 690K, committed 768K, reserved 1048576K
}
Event: 71.264 GC heap before
{Heap before GC invocations=853 (full 0):
 PSYoungGen      total 43008K, used 42560K [0x000000076b800000, 0x00000007a8000000, 0x00000007c0000000)
  eden space 42496K, 100% used [0x000000076b800000,0x000000076e180000,0x000000076e180000)
  from space 512K, 12% used [0x00000007a7f80000,0x00000007a7f90000,0x00000007a8000000)
  to   space 512K, 0% used [0x00000007a7f00000,0x00000007a7f00000,0x00000007a7f80000)
 ParOldGen       total 173568K, used 24947K [0x00000006c2800000, 0x00000006cd180000, 0x000000076b800000)
  object space 173568K, 14% used [0x00000006c2800000,0x00000006c405cd70,0x00000006cd180000)
 Metaspace       used 8409K, capacity 8774K, committed 8960K, reserved 1056768K
  class space    used 663K, capacity 690K, committed 768K, reserved 1048576K
Event: 71.265 GC heap after
Heap after GC invocations=853 (full 0):
 PSYoungGen      total 51712K, used 32K [0x000000076b800000, 0x00000007a8000000, 0x00000007c0000000)
  eden space 51200K, 0% used [0x000000076b800000,0x000000076b800000,0x000000076ea00000)
  from space 512K, 6% used [0x00000007a7f00000,0x00000007a7f08000,0x00000007a7f80000)
  to   space 512K, 0% used [0x00000007a7f80000,0x00000007a7f80000,0x00000007a8000000)
 ParOldGen       total 173568K, used 24947K [0x00000006c2800000, 0x00000006cd180000, 0x000000076b800000)
  object space 173568K, 14% used [0x00000006c2800000,0x00000006c405cd70,0x00000006cd180000)
 Metaspace       used 8409K, capacity 8774K, committed 8960K, reserved 1056768K
  class space    used 663K, capacity 690K, committed 768K, reserved 1048576K
}

