# JRE version: Java(TM) SE Runtime Environment (8.0_65-b17) (build 1.8.0_65-b17)
# Java VM: Java HotSpot(TM) 64-Bit Server VM (25.65-b01 mixed mode windows-amd64 compressed oops)
Heap:
 PSYoungGen      total 670720K, used 33779K [0x000000076b800000, 0x00000007b8a00000, 0x00000007c0000000)
  eden space 670208K, 5% used [0x000000076b800000,0x000000076d8c4f08,0x0000000794680000)
  from space 512K, 43% used [0x00000007b8980000,0x00000007b89b8000,0x00000007b8a00000)
  to   space 5632K, 0% used [0x00000007b7f00000,0x00000007b7f00000,0x00000007b8480000)
 ParOldGen       total 173568K, used 21874K [0x00000006c2800000, 0x00000006cd180000, 0x000000076b800000)
  object space 173568K, 12% used [0x00000006c2800000,0x00000006c3d5caf0,0x00000006cd180000)
 Metaspace       used 8364K, capacity 8710K, committed 8960K, reserved 1056768K
  class space    used 658K, capacity 690K, committed 768K, reserved 1048576K
GC Heap History (10 events):
Event: 11.858 GC heap before
{Heap before GC invocations=22 (full 0):
 PSYoungGen      total 855040K, used 847584K [0x000000076b800000, 0x00000007b9b80000, 0x00000007c0000000)
  eden space 847360K, 100% used [0x000000076b800000,0x000000079f380000,0x000000079f380000)
  from space 7680K, 2% used [0x00000007b8c80000,0x00000007b8cb8000,0x00000007b9400000)
  to   space 7168K, 0% used [0x00000007b9480000,0x00000007b9480000,0x00000007b9b80000)
 ParOldGen       total 173568K, used 21834K [0x00000006c2800000, 0x00000006cd180000, 0x000000076b800000)
  object space 173568K, 12% used [0x00000006c2800000,0x00000006c3d52af0,0x00000006cd180000)
 Metaspace       used 8363K, capacity 8710K, committed 8960K, reserved 1056768K
  class space    used 658K, capacity 690K, committed 768K, reserved 1048576K
Event: 11.859 GC heap after
Heap after GC invocations=22 (full 0):
 PSYoungGen      total 808960K, used 224K [0x000000076b800000, 0x00000007b9500000, 0x00000007c0000000)
  eden space 808448K, 0% used [0x000000076b800000,0x000000076b800000,0x000000079cd80000)
  from space 512K, 43% used [0x00000007b9480000,0x00000007b94b8000,0x00000007b9500000)
  to   space 7168K, 0% used [0x00000007b8700000,0x00000007b8700000,0x00000007b8e00000)
 ParOldGen       total 173568K, used 21834K [0x00000006c2800000, 0x00000006cd180000, 0x000000076b800000)
  object space 173568K, 12% used [0x00000006c2800000,0x00000006c3d52af0,0x00000006cd180000)
 Metaspace       used 8363K, capacity 8710K, committed 8960K, reserved 1056768K
  class space    used 658K, capacity 690K, committed 768K, reserved 1048576K
}
Event: 12.488 GC heap before
{Heap before GC invocations=23 (full 0):
 PSYoungGen      total 808960K, used 808672K [0x000000076b800000, 0x00000007b9500000, 0x00000007c0000000)
  eden space 808448K, 100% used [0x000000076b800000,0x000000079cd80000,0x000000079cd80000)
  from space 512K, 43% used [0x00000007b9480000,0x00000007b94b8000,0x00000007b9500000)
  to   space 7168K, 0% used [0x00000007b8700000,0x00000007b8700000,0x00000007b8e00000)
 ParOldGen       total 173568K, used 21834K [0x00000006c2800000, 0x00000006cd180000, 0x000000076b800000)
  object space 173568K, 12% used [0x00000006c2800000,0x00000006c3d52af0,0x00000006cd180000)
 Metaspace       used 8363K, capacity 8710K, committed 8960K, reserved 1056768K
  class space    used 658K, capacity 690K, committed 768K, reserved 1048576K
Event: 12.489 GC heap after
Heap after GC invocations=23 (full 0):
 PSYoungGen      total 778240K, used 224K [0x000000076b800000, 0x00000007b9500000, 0x00000007c0000000)
  eden space 771072K, 0% used [0x000000076b800000,0x000000076b800000,0x000000079a900000)
  from space 7168K, 3% used [0x00000007b8700000,0x00000007b8738000,0x00000007b8e00000)
  to   space 6656K, 0% used [0x00000007b8e80000,0x00000007b8e80000,0x00000007b9500000)
 ParOldGen       total 173568K, used 21834K [0x00000006c2800000, 0x00000006cd180000, 0x000000076b800000)
  object space 173568K, 12% used [0x00000006c2800000,0x00000006c3d52af0,0x00000006cd180000)
 Metaspace       used 8363K, capacity 8710K, committed 8960K, reserved 1056768K
  class space    used 658K, capacity 690K, committed 768K, reserved 1048576K
}
Event: 13.089 GC heap before
{Heap before GC invocations=24 (full 0):
 PSYoungGen      total 778240K, used 771296K [0x000000076b800000, 0x00000007b9500000, 0x00000007c0000000)
  eden space 771072K, 100% used [0x000000076b800000,0x000000079a900000,0x000000079a900000)
  from space 7168K, 3% used [0x00000007b8700000,0x00000007b8738000,0x00000007b8e00000)
  to   space 6656K, 0% used [0x00000007b8e80000,0x00000007b8e80000,0x00000007b9500000)
 ParOldGen       total 173568K, used 21834K [0x00000006c2800000, 0x00000006cd180000, 0x000000076b800000)
  object space 173568K, 12% used [0x00000006c2800000,0x00000006c3d52af0,0x00000006cd180000)
 Metaspace       used 8363K, capacity 8710K, committed 8960K, reserved 1056768K
  class space    used 658K, capacity 690K, committed 768K, reserved 1048576K
Event: 13.090 GC heap after
Heap after GC invocations=24 (full 0):
 PSYoungGen      total 736256K, used 224K [0x000000076b800000, 0x00000007b8f00000, 0x00000007c0000000)
  eden space 735744K, 0% used [0x000000076b800000,0x000000076b800000,0x0000000798680000)
  from space 512K, 43% used [0x00000007b8e80000,0x00000007b8eb8000,0x00000007b8f00000)
  to   space 6144K, 0% used [0x00000007b8300000,0x00000007b8300000,0x00000007b8900000)
 ParOldGen       total 173568K, used 21850K [0x00000006c2800000, 0x00000006cd180000, 0x000000076b800000)
  object space 173568K, 12% used [0x00000006c2800000,0x00000006c3d56af0,0x00000006cd180000)
 Metaspace       used 8363K, capacity 8710K, committed 8960K, reserved 1056768K
  class space    used 658K, capacity 690K, committed 768K, reserved 1048576K
}
Event: 13.652 GC heap before
{Heap before GC invocations=25 (full 0):
 PSYoungGen      total 736256K, used 735968K [0x000000076b800000, 0x00000007b8f00000, 0x00000007c0000000)
  eden space 735744K, 100% used [0x000000076b800000,0x0000000798680000,0x0000000798680000)
  from space 512K, 43% used [0x00000007b8e80000,0x00000007b8eb8000,0x00000007b8f00000)
  to   space 6144K, 0% used [0x00000007b8300000,0x00000007b8300000,0x00000007b8900000)
 ParOldGen       total 173568K, used 21850K [0x00000006c2800000, 0x00000006cd180000, 0x000000076b800000)
  object space 173568K, 12% used [0x00000006c2800000,0x00000006c3d56af0,0x00000006cd180000)
 Metaspace       used 8363K, capacity 8710K, committed 8960K, reserved 1056768K
  class space    used 658K, capacity 690K, committed 768K, reserved 1048576K
Event: 13.653 GC heap after
Heap after GC invocations=25 (full 0):
 PSYoungGen      total 708096K, used 224K [0x000000076b800000, 0x00000007b8f00000, 0x00000007c0000000)
  eden space 701952K, 0% used [0x000000076b800000,0x000000076b800000,0x0000000796580000)
  from space 6144K, 3% used [0x00000007b8300000,0x00000007b8338000,0x00000007b8900000)
  to   space 5632K, 0% used [0x00000007b8980000,0x00000007b8980000,0x00000007b8f00000)
 ParOldGen       total 173568K, used 21850K [0x00000006c2800000, 0x00000006cd180000, 0x000000076b800000)
  object space 173568K, 12% used [0x00000006c2800000,0x00000006c3d56af0,0x00000006cd180000)
 Metaspace       used 8363K, capacity 8710K, committed 8960K, reserved 1056768K
  class space    used 658K, capacity 690K, committed 768K, reserved 1048576K
}
Event: 14.238 GC heap before
{Heap before GC invocations=26 (full 0):
 PSYoungGen      total 708096K, used 702176K [0x000000076b800000, 0x00000007b8f00000, 0x00000007c0000000)
  eden space 701952K, 100% used [0x000000076b800000,0x0000000796580000,0x0000000796580000)
  from space 6144K, 3% used [0x00000007b8300000,0x00000007b8338000,0x00000007b8900000)
  to   space 5632K, 0% used [0x00000007b8980000,0x00000007b8980000,0x00000007b8f00000)
 ParOldGen       total 173568K, used 21850K [0x00000006c2800000, 0x00000006cd180000, 0x000000076b800000)
  object space 173568K, 12% used [0x00000006c2800000,0x00000006c3d56af0,0x00000006cd180000)
 Metaspace       used 8363K, capacity 8710K, committed 8960K, reserved 1056768K
  class space    used 658K, capacity 690K, committed 768K, reserved 1048576K
Event: 14.239 GC heap after
Heap after GC invocations=26 (full 0):
 PSYoungGen      total 670720K, used 224K [0x000000076b800000, 0x00000007b8a00000, 0x00000007c0000000)
  eden space 670208K, 0% used [0x000000076b800000,0x000000076b800000,0x0000000794680000)
  from space 512K, 43% used [0x00000007b8980000,0x00000007b89b8000,0x00000007b8a00000)
  to   space 5632K, 0% used [0x00000007b7f00000,0x00000007b7f00000,0x00000007b8480000)
 ParOldGen       total 173568K, used 21874K [0x00000006c2800000, 0x00000006cd180000, 0x000000076b800000)
  object space 173568K, 12% used [0x00000006c2800000,0x00000006c3d5caf0,0x00000006cd180000)
 Metaspace       used 8363K, capacity 8710K, committed 8960K, reserved 1056768K
  class space    used 658K, capacity 690K, committed 768K, reserved 1048576K
}

