# JRE version: Java(TM) SE Runtime Environment (8.0_65-b17) (build 1.8.0_65-b17)
# Java VM: Java HotSpot(TM) 64-Bit Server VM (25.65-b01 mixed mode windows-amd64 compressed oops)
Heap:
 PSYoungGen      total 1323520K, used 814070K [0x000000076b800000, 0x00000007bff80000, 0x00000007c0000000)
  eden space 1310208K, 62% used [0x000000076b800000,0x000000079d2bd988,0x00000007bb780000)
  from space 13312K, 1% used [0x00000007bb780000,0x00000007bb7c0000,0x00000007bc480000)
  to   space 12800K, 0% used [0x00000007bf300000,0x00000007bf300000,0x00000007bff80000)
 ParOldGen       total 173568K, used 26373K [0x00000006c2800000, 0x00000006cd180000, 0x000000076b800000)
  object space 173568K, 15% used [0x00000006c2800000,0x00000006c41c1538,0x00000006cd180000)
 Metaspace       used 8392K, capacity 8774K, committed 8960K, reserved 1056768K
  class space    used 661K, capacity 690K, committed 768K, reserved 1048576K
GC Heap History (10 events):
Event: 1.729 GC heap before
{Heap before GC invocations=9 (full 0):
 PSYoungGen      total 517632K, used 517625K [0x000000076b800000, 0x000000078d100000, 0x00000007c0000000)
  eden space 511488K, 100% used [0x000000076b800000,0x000000078ab80000,0x000000078ab80000)
  from space 6144K, 99% used [0x000000078ba00000,0x000000078bffe708,0x000000078c000000)
  to   space 14848K, 0% used [0x000000078ab80000,0x000000078ab80000,0x000000078ba00000)
 ParOldGen       total 173568K, used 23261K [0x00000006c2800000, 0x00000006cd180000, 0x000000076b800000)
  object space 173568K, 13% used [0x00000006c2800000,0x00000006c3eb7538,0x00000006cd180000)
 Metaspace       used 8345K, capacity 8710K, committed 8960K, reserved 1056768K
  class space    used 661K, capacity 690K, committed 768K, reserved 1048576K
Event: 1.735 GC heap after
Heap after GC invocations=9 (full 0):
 PSYoungGen      total 526336K, used 2784K [0x000000076b800000, 0x000000079f380000, 0x00000007c0000000)
  eden space 511488K, 0% used [0x000000076b800000,0x000000076b800000,0x000000078ab80000)
  from space 14848K, 18% used [0x000000078ab80000,0x000000078ae38000,0x000000078ba00000)
  to   space 14336K, 0% used [0x000000079e580000,0x000000079e580000,0x000000079f380000)
 ParOldGen       total 173568K, used 23661K [0x00000006c2800000, 0x00000006cd180000, 0x000000076b800000)
  object space 173568K, 13% used [0x00000006c2800000,0x00000006c3f1b538,0x00000006cd180000)
 Metaspace       used 8345K, capacity 8710K, committed 8960K, reserved 1056768K
  class space    used 661K, capacity 690K, committed 768K, reserved 1048576K
}
Event: 2.116 GC heap before
{Heap before GC invocations=10 (full 0):
 PSYoungGen      total 526336K, used 514272K [0x000000076b800000, 0x000000079f380000, 0x00000007c0000000)
  eden space 511488K, 100% used [0x000000076b800000,0x000000078ab80000,0x000000078ab80000)
  from space 14848K, 18% used [0x000000078ab80000,0x000000078ae38000,0x000000078ba00000)
  to   space 14336K, 0% used [0x000000079e580000,0x000000079e580000,0x000000079f380000)
 ParOldGen       total 173568K, used 23661K [0x00000006c2800000, 0x00000006cd180000, 0x000000076b800000)
  object space 173568K, 13% used [0x00000006c2800000,0x00000006c3f1b538,0x00000006cd180000)
 Metaspace       used 8360K, capacity 8774K, committed 8960K, reserved 1056768K
  class space    used 661K, capacity 690K, committed 768K, reserved 1048576K
Event: 2.121 GC heap after
Heap after GC invocations=10 (full 0):
 PSYoungGen      total 832000K, used 896K [0x000000076b800000, 0x000000079f280000, 0x00000007c0000000)
  eden space 818688K, 0% used [0x000000076b800000,0x000000076b800000,0x000000079d780000)
  from space 13312K, 6% used [0x000000079e580000,0x000000079e660000,0x000000079f280000)
  to   space 13824K, 0% used [0x000000079d780000,0x000000079d780000,0x000000079e500000)
 ParOldGen       total 173568K, used 25573K [0x00000006c2800000, 0x00000006cd180000, 0x000000076b800000)
  object space 173568K, 14% used [0x00000006c2800000,0x00000006c40f9538,0x00000006cd180000)
 Metaspace       used 8360K, capacity 8774K, committed 8960K, reserved 1056768K
  class space    used 661K, capacity 690K, committed 768K, reserved 1048576K
}
Event: 2.749 GC heap before
{Heap before GC invocations=11 (full 0):
 PSYoungGen      total 832000K, used 819584K [0x000000076b800000, 0x000000079f280000, 0x00000007c0000000)
  eden space 818688K, 100% used [0x000000076b800000,0x000000079d780000,0x000000079d780000)
  from space 13312K, 6% used [0x000000079e580000,0x000000079e660000,0x000000079f280000)
  to   space 13824K, 0% used [0x000000079d780000,0x000000079d780000,0x000000079e500000)
 ParOldGen       total 173568K, used 25573K [0x00000006c2800000, 0x00000006cd180000, 0x000000076b800000)
  object space 173568K, 14% used [0x00000006c2800000,0x00000006c40f9538,0x00000006cd180000)
 Metaspace       used 8377K, capacity 8774K, committed 8960K, reserved 1056768K
  class space    used 661K, capacity 690K, committed 768K, reserved 1048576K
Event: 2.751 GC heap after
Heap after GC invocations=11 (full 0):
 PSYoungGen      total 832512K, used 224K [0x000000076b800000, 0x00000007bd280000, 0x00000007c0000000)
  eden space 818688K, 0% used [0x000000076b800000,0x000000076b800000,0x000000079d780000)
  from space 13824K, 1% used [0x000000079d780000,0x000000079d7b8000,0x000000079e500000)
  to   space 13824K, 0% used [0x00000007bc500000,0x00000007bc500000,0x00000007bd280000)
 ParOldGen       total 173568K, used 26357K [0x00000006c2800000, 0x00000006cd180000, 0x000000076b800000)
  object space 173568K, 15% used [0x00000006c2800000,0x00000006c41bd538,0x00000006cd180000)
 Metaspace       used 8377K, capacity 8774K, committed 8960K, reserved 1056768K
  class space    used 661K, capacity 690K, committed 768K, reserved 1048576K
}
Event: 3.339 GC heap before
{Heap before GC invocations=12 (full 0):
 PSYoungGen      total 832512K, used 818912K [0x000000076b800000, 0x00000007bd280000, 0x00000007c0000000)
  eden space 818688K, 100% used [0x000000076b800000,0x000000079d780000,0x000000079d780000)
  from space 13824K, 1% used [0x000000079d780000,0x000000079d7b8000,0x000000079e500000)
  to   space 13824K, 0% used [0x00000007bc500000,0x00000007bc500000,0x00000007bd280000)
 ParOldGen       total 173568K, used 26357K [0x00000006c2800000, 0x00000006cd180000, 0x000000076b800000)
  object space 173568K, 15% used [0x00000006c2800000,0x00000006c41bd538,0x00000006cd180000)
 Metaspace       used 8380K, capacity 8774K, committed 8960K, reserved 1056768K
  class space    used 661K, capacity 690K, committed 768K, reserved 1048576K
Event: 3.339 GC heap after
Heap after GC invocations=12 (full 0):
 PSYoungGen      total 1323008K, used 256K [0x000000076b800000, 0x00000007bd180000, 0x00000007c0000000)
  eden space 1310208K, 0% used [0x000000076b800000,0x000000076b800000,0x00000007bb780000)
  from space 12800K, 2% used [0x00000007bc500000,0x00000007bc540000,0x00000007bd180000)
  to   space 13312K, 0% used [0x00000007bb780000,0x00000007bb780000,0x00000007bc480000)
 ParOldGen       total 173568K, used 26357K [0x00000006c2800000, 0x00000006cd180000, 0x000000076b800000)
  object space 173568K, 15% used [0x00000006c2800000,0x00000006c41bd538,0x00000006cd180000)
 Metaspace       used 8380K, capacity 8774K, committed 8960K, reserved 1056768K
  class space    used 661K, capacity 690K, committed 768K, reserved 1048576K
}
Event: 4.414 GC heap before
{Heap before GC invocations=13 (full 0):
 PSYoungGen      total 1323008K, used 1310464K [0x000000076b800000, 0x00000007bd180000, 0x00000007c0000000)
  eden space 1310208K, 100% used [0x000000076b800000,0x00000007bb780000,0x00000007bb780000)
  from space 12800K, 2% used [0x00000007bc500000,0x00000007bc540000,0x00000007bd180000)
  to   space 13312K, 0% used [0x00000007bb780000,0x00000007bb780000,0x00000007bc480000)
 ParOldGen       total 173568K, used 26357K [0x00000006c2800000, 0x00000006cd180000, 0x000000076b800000)
  object space 173568K, 15% used [0x00000006c2800000,0x00000006c41bd538,0x00000006cd180000)
 Metaspace       used 8389K, capacity 8774K, committed 8960K, reserved 1056768K
  class space    used 661K, capacity 690K, committed 768K, reserved 1048576K
Event: 4.414 GC heap after
Heap after GC invocations=13 (full 0):
 PSYoungGen      total 1323520K, used 256K [0x000000076b800000, 0x00000007bff80000, 0x00000007c0000000)
  eden space 1310208K, 0% used [0x000000076b800000,0x000000076b800000,0x00000007bb780000)
  from space 13312K, 1% used [0x00000007bb780000,0x00000007bb7c0000,0x00000007bc480000)
  to   space 12800K, 0% used [0x00000007bf300000,0x00000007bf300000,0x00000007bff80000)
 ParOldGen       total 173568K, used 26373K [0x00000006c2800000, 0x00000006cd180000, 0x000000076b800000)
  object space 173568K, 15% used [0x00000006c2800000,0x00000006c41c1538,0x00000006cd180000)
 Metaspace       used 8389K, capacity 8774K, committed 8960K, reserved 1056768K
  class space    used 661K, capacity 690K, committed 768K, reserved 1048576K
}

