# JRE version: Java(TM) SE Runtime Environment (8.0_65-b17) (build 1.8.0_65-b17)
# Java VM: Java HotSpot(TM) 64-Bit Server VM (25.65-b01 mixed mode windows-amd64 compressed oops)
Heap:
 PSYoungGen      total 47104K, used 30482K [0x000000076b800000, 0x000000077a580000, 0x00000007c0000000)
  eden space 46592K, 65% used [0x000000076b800000,0x000000076d5b4a80,0x000000076e580000)
  from space 512K, 12% used [0x000000077a480000,0x000000077a490000,0x000000077a500000)
  to   space 512K, 0% used [0x000000077a500000,0x000000077a500000,0x000000077a580000)
 ParOldGen       total 173568K, used 1965K [0x00000006c2800000, 0x00000006cd180000, 0x000000076b800000)
  object space 173568K, 1% used [0x00000006c2800000,0x00000006c29eb620,0x00000006cd180000)
 Metaspace       used 8099K, capacity 8646K, committed 8960K, reserved 1056768K
  class space    used 646K, capacity 690K, committed 768K, reserved 1048576K
GC Heap History (10 events):
Event: 34.185 GC heap before
{Heap before GC invocations=555 (full 0):
 PSYoungGen      total 50688K, used 50336K [0x000000076b800000, 0x000000077a580000, 0x00000007c0000000)
  eden space 50176K, 100% used [0x000000076b800000,0x000000076e900000,0x000000076e900000)
  from space 512K, 31% used [0x000000077a500000,0x000000077a528000,0x000000077a580000)
  to   space 512K, 0% used [0x000000077a480000,0x000000077a480000,0x000000077a500000)
 ParOldGen       total 173568K, used 1941K [0x00000006c2800000, 0x00000006cd180000, 0x000000076b800000)
  object space 173568K, 1% used [0x00000006c2800000,0x00000006c29e5620,0x00000006cd180000)
 Metaspace       used 8098K, capacity 8646K, committed 8960K, reserved 1056768K
  class space    used 646K, capacity 690K, committed 768K, reserved 1048576K
Event: 34.186 GC heap after
Heap after GC invocations=555 (full 0):
 PSYoungGen      total 49664K, used 160K [0x000000076b800000, 0x000000077a580000, 0x00000007c0000000)
  eden space 49152K, 0% used [0x000000076b800000,0x000000076b800000,0x000000076e800000)
  from space 512K, 31% used [0x000000077a480000,0x000000077a4a8000,0x000000077a500000)
  to   space 512K, 0% used [0x000000077a500000,0x000000077a500000,0x000000077a580000)
 ParOldGen       total 173568K, used 1941K [0x00000006c2800000, 0x00000006cd180000, 0x000000076b800000)
  object space 173568K, 1% used [0x00000006c2800000,0x00000006c29e5620,0x00000006cd180000)
 Metaspace       used 8098K, capacity 8646K, committed 8960K, reserved 1056768K
  class space    used 646K, capacity 690K, committed 768K, reserved 1048576K
}
Event: 34.238 GC heap before
{Heap before GC invocations=556 (full 0):
 PSYoungGen      total 49664K, used 49312K [0x000000076b800000, 0x000000077a580000, 0x00000007c0000000)
  eden space 49152K, 100% used [0x000000076b800000,0x000000076e800000,0x000000076e800000)
  from space 512K, 31% used [0x000000077a480000,0x000000077a4a8000,0x000000077a500000)
  to   space 512K, 0% used [0x000000077a500000,0x000000077a500000,0x000000077a580000)
 ParOldGen       total 173568K, used 1941K [0x00000006c2800000, 0x00000006cd180000, 0x000000076b800000)
  object space 173568K, 1% used [0x00000006c2800000,0x00000006c29e5620,0x00000006cd180000)
 Metaspace       used 8098K, capacity 8646K, committed 8960K, reserved 1056768K
  class space    used 646K, capacity 690K, committed 768K, reserved 1048576K
Event: 34.239 GC heap after
Heap after GC invocations=556 (full 0):
 PSYoungGen      total 48640K, used 128K [0x000000076b800000, 0x000000077a580000, 0x00000007c0000000)
  eden space 48128K, 0% used [0x000000076b800000,0x000000076b800000,0x000000076e700000)
  from space 512K, 25% used [0x000000077a500000,0x000000077a520000,0x000000077a580000)
  to   space 512K, 0% used [0x000000077a480000,0x000000077a480000,0x000000077a500000)
 ParOldGen       total 173568K, used 1941K [0x00000006c2800000, 0x00000006cd180000, 0x000000076b800000)
  object space 173568K, 1% used [0x00000006c2800000,0x00000006c29e5620,0x00000006cd180000)
 Metaspace       used 8098K, capacity 8646K, committed 8960K, reserved 1056768K
  class space    used 646K, capacity 690K, committed 768K, reserved 1048576K
}
Event: 34.292 GC heap before
{Heap before GC invocations=557 (full 0):
 PSYoungGen      total 48640K, used 48256K [0x000000076b800000, 0x000000077a580000, 0x00000007c0000000)
  eden space 48128K, 100% used [0x000000076b800000,0x000000076e700000,0x000000076e700000)
  from space 512K, 25% used [0x000000077a500000,0x000000077a520000,0x000000077a580000)
  to   space 512K, 0% used [0x000000077a480000,0x000000077a480000,0x000000077a500000)
 ParOldGen       total 173568K, used 1941K [0x00000006c2800000, 0x00000006cd180000, 0x000000076b800000)
  object space 173568K, 1% used [0x00000006c2800000,0x00000006c29e5620,0x00000006cd180000)
 Metaspace       used 8098K, capacity 8646K, committed 8960K, reserved 1056768K
  class space    used 646K, capacity 690K, committed 768K, reserved 1048576K
Event: 34.292 GC heap after
Heap after GC invocations=557 (full 0):
 PSYoungGen      total 48128K, used 96K [0x000000076b800000, 0x000000077a580000, 0x00000007c0000000)
  eden space 47616K, 0% used [0x000000076b800000,0x000000076b800000,0x000000076e680000)
  from space 512K, 18% used [0x000000077a480000,0x000000077a498000,0x000000077a500000)
  to   space 512K, 0% used [0x000000077a500000,0x000000077a500000,0x000000077a580000)
 ParOldGen       total 173568K, used 1941K [0x00000006c2800000, 0x00000006cd180000, 0x000000076b800000)
  object space 173568K, 1% used [0x00000006c2800000,0x00000006c29e5620,0x00000006cd180000)
 Metaspace       used 8098K, capacity 8646K, committed 8960K, reserved 1056768K
  class space    used 646K, capacity 690K, committed 768K, reserved 1048576K
}
Event: 34.344 GC heap before
{Heap before GC invocations=558 (full 0):
 PSYoungGen      total 48128K, used 47712K [0x000000076b800000, 0x000000077a580000, 0x00000007c0000000)
  eden space 47616K, 100% used [0x000000076b800000,0x000000076e680000,0x000000076e680000)
  from space 512K, 18% used [0x000000077a480000,0x000000077a498000,0x000000077a500000)
  to   space 512K, 0% used [0x000000077a500000,0x000000077a500000,0x000000077a580000)
 ParOldGen       total 173568K, used 1941K [0x00000006c2800000, 0x00000006cd180000, 0x000000076b800000)
  object space 173568K, 1% used [0x00000006c2800000,0x00000006c29e5620,0x00000006cd180000)
 Metaspace       used 8098K, capacity 8646K, committed 8960K, reserved 1056768K
  class space    used 646K, capacity 690K, committed 768K, reserved 1048576K
Event: 34.344 GC heap after
Heap after GC invocations=558 (full 0):
 PSYoungGen      total 47616K, used 128K [0x000000076b800000, 0x000000077a580000, 0x00000007c0000000)
  eden space 47104K, 0% used [0x000000076b800000,0x000000076b800000,0x000000076e600000)
  from space 512K, 25% used [0x000000077a500000,0x000000077a520000,0x000000077a580000)
  to   space 512K, 0% used [0x000000077a480000,0x000000077a480000,0x000000077a500000)
 ParOldGen       total 173568K, used 1941K [0x00000006c2800000, 0x00000006cd180000, 0x000000076b800000)
  object space 173568K, 1% used [0x00000006c2800000,0x00000006c29e5620,0x00000006cd180000)
 Metaspace       used 8098K, capacity 8646K, committed 8960K, reserved 1056768K
  class space    used 646K, capacity 690K, committed 768K, reserved 1048576K
}
Event: 34.391 GC heap before
{Heap before GC invocations=559 (full 0):
 PSYoungGen      total 47616K, used 47232K [0x000000076b800000, 0x000000077a580000, 0x00000007c0000000)
  eden space 47104K, 100% used [0x000000076b800000,0x000000076e600000,0x000000076e600000)
  from space 512K, 25% used [0x000000077a500000,0x000000077a520000,0x000000077a580000)
  to   space 512K, 0% used [0x000000077a480000,0x000000077a480000,0x000000077a500000)
 ParOldGen       total 173568K, used 1941K [0x00000006c2800000, 0x00000006cd180000, 0x000000076b800000)
  object space 173568K, 1% used [0x00000006c2800000,0x00000006c29e5620,0x00000006cd180000)
 Metaspace       used 8098K, capacity 8646K, committed 8960K, reserved 1056768K
  class space    used 646K, capacity 690K, committed 768K, reserved 1048576K
Event: 34.392 GC heap after
Heap after GC invocations=559 (full 0):
 PSYoungGen      total 47104K, used 64K [0x000000076b800000, 0x000000077a580000, 0x00000007c0000000)
  eden space 46592K, 0% used [0x000000076b800000,0x000000076b800000,0x000000076e580000)
  from space 512K, 12% used [0x000000077a480000,0x000000077a490000,0x000000077a500000)
  to   space 512K, 0% used [0x000000077a500000,0x000000077a500000,0x000000077a580000)
 ParOldGen       total 173568K, used 1965K [0x00000006c2800000, 0x00000006cd180000, 0x000000076b800000)
  object space 173568K, 1% used [0x00000006c2800000,0x00000006c29eb620,0x00000006cd180000)
 Metaspace       used 8098K, capacity 8646K, committed 8960K, reserved 1056768K
  class space    used 646K, capacity 690K, committed 768K, reserved 1048576K
}

