# JRE version: Java(TM) SE Runtime Environment (8.0_65-b17) (build 1.8.0_65-b17)
# Java VM: Java HotSpot(TM) 64-Bit Server VM (25.65-b01 mixed mode windows-amd64 compressed oops)
Heap:
 PSYoungGen      total 305664K, used 40212K [0x000000076b800000, 0x0000000782680000, 0x00000007c0000000)
  eden space 304128K, 13% used [0x000000076b800000,0x000000076df152b8,0x000000077e100000)
  from space 1536K, 12% used [0x0000000782380000,0x00000007823b0000,0x0000000782500000)
  to   space 1536K, 0% used [0x0000000782500000,0x0000000782500000,0x0000000782680000)
 ParOldGen       total 173568K, used 1308K [0x00000006c2800000, 0x00000006cd180000, 0x000000076b800000)
  object space 173568K, 0% used [0x00000006c2800000,0x00000006c2947060,0x00000006cd180000)
 Metaspace       used 8058K, capacity 8646K, committed 8960K, reserved 1056768K
  class space    used 646K, capacity 690K, committed 768K, reserved 1048576K
GC Heap History (10 events):
Event: 1.687 GC heap before
{Heap before GC invocations=13 (full 0):
 PSYoungGen      total 376832K, used 375488K [0x000000076b800000, 0x0000000782980000, 0x00000007c0000000)
  eden space 375296K, 100% used [0x000000076b800000,0x0000000782680000,0x0000000782680000)
  from space 1536K, 12% used [0x0000000782800000,0x0000000782830000,0x0000000782980000)
  to   space 1536K, 0% used [0x0000000782680000,0x0000000782680000,0x0000000782800000)
 ParOldGen       total 173568K, used 1308K [0x00000006c2800000, 0x00000006cd180000, 0x000000076b800000)
  object space 173568K, 0% used [0x00000006c2800000,0x00000006c2947060,0x00000006cd180000)
 Metaspace       used 8038K, capacity 8582K, committed 8704K, reserved 1056768K
  class space    used 646K, capacity 690K, committed 768K, reserved 1048576K
Event: 1.688 GC heap after
Heap after GC invocations=13 (full 0):
 PSYoungGen      total 359936K, used 256K [0x000000076b800000, 0x0000000782880000, 0x00000007c0000000)
  eden space 359424K, 0% used [0x000000076b800000,0x000000076b800000,0x0000000781700000)
  from space 512K, 50% used [0x0000000782680000,0x00000007826c0000,0x0000000782700000)
  to   space 1536K, 0% used [0x0000000782700000,0x0000000782700000,0x0000000782880000)
 ParOldGen       total 173568K, used 1308K [0x00000006c2800000, 0x00000006cd180000, 0x000000076b800000)
  object space 173568K, 0% used [0x00000006c2800000,0x00000006c2947060,0x00000006cd180000)
 Metaspace       used 8038K, capacity 8582K, committed 8704K, reserved 1056768K
  class space    used 646K, capacity 690K, committed 768K, reserved 1048576K
}
Event: 1.963 GC heap before
{Heap before GC invocations=14 (full 0):
 PSYoungGen      total 359936K, used 359680K [0x000000076b800000, 0x0000000782880000, 0x00000007c0000000)
  eden space 359424K, 100% used [0x000000076b800000,0x0000000781700000,0x0000000781700000)
  from space 512K, 50% used [0x0000000782680000,0x00000007826c0000,0x0000000782700000)
  to   space 1536K, 0% used [0x0000000782700000,0x0000000782700000,0x0000000782880000)
 ParOldGen       total 173568K, used 1308K [0x00000006c2800000, 0x00000006cd180000, 0x000000076b800000)
  object space 173568K, 0% used [0x00000006c2800000,0x00000006c2947060,0x00000006cd180000)
 Metaspace       used 8040K, capacity 8582K, committed 8704K, reserved 1056768K
  class space    used 646K, capacity 690K, committed 768K, reserved 1048576K
Event: 1.964 GC heap after
Heap after GC invocations=14 (full 0):
 PSYoungGen      total 345088K, used 224K [0x000000076b800000, 0x0000000782780000, 0x00000007c0000000)
  eden space 344576K, 0% used [0x000000076b800000,0x000000076b800000,0x0000000780880000)
  from space 512K, 43% used [0x0000000782700000,0x0000000782738000,0x0000000782780000)
  to   space 1536K, 0% used [0x0000000782480000,0x0000000782480000,0x0000000782600000)
 ParOldGen       total 173568K, used 1308K [0x00000006c2800000, 0x00000006cd180000, 0x000000076b800000)
  object space 173568K, 0% used [0x00000006c2800000,0x00000006c2947060,0x00000006cd180000)
 Metaspace       used 8040K, capacity 8582K, committed 8704K, reserved 1056768K
  class space    used 646K, capacity 690K, committed 768K, reserved 1048576K
}
Event: 2.227 GC heap before
{Heap before GC invocations=15 (full 0):
 PSYoungGen      total 345088K, used 344800K [0x000000076b800000, 0x0000000782780000, 0x00000007c0000000)
  eden space 344576K, 100% used [0x000000076b800000,0x0000000780880000,0x0000000780880000)
  from space 512K, 43% used [0x0000000782700000,0x0000000782738000,0x0000000782780000)
  to   space 1536K, 0% used [0x0000000782480000,0x0000000782480000,0x0000000782600000)
 ParOldGen       total 173568K, used 1308K [0x00000006c2800000, 0x00000006cd180000, 0x000000076b800000)
  object space 173568K, 0% used [0x00000006c2800000,0x00000006c2947060,0x00000006cd180000)
 Metaspace       used 8042K, capacity 8646K, committed 8960K, reserved 1056768K
  class space    used 646K, capacity 690K, committed 768K, reserved 1048576K
Event: 2.228 GC heap after
Heap after GC invocations=15 (full 0):
 PSYoungGen      total 331776K, used 160K [0x000000076b800000, 0x0000000782780000, 0x00000007c0000000)
  eden space 330240K, 0% used [0x000000076b800000,0x000000076b800000,0x000000077fa80000)
  from space 1536K, 10% used [0x0000000782480000,0x00000007824a8000,0x0000000782600000)
  to   space 1536K, 0% used [0x0000000782600000,0x0000000782600000,0x0000000782780000)
 ParOldGen       total 173568K, used 1308K [0x00000006c2800000, 0x00000006cd180000, 0x000000076b800000)
  object space 173568K, 0% used [0x00000006c2800000,0x00000006c2947060,0x00000006cd180000)
 Metaspace       used 8042K, capacity 8646K, committed 8960K, reserved 1056768K
  class space    used 646K, capacity 690K, committed 768K, reserved 1048576K
}
Event: 2.471 GC heap before
{Heap before GC invocations=16 (full 0):
 PSYoungGen      total 331776K, used 330400K [0x000000076b800000, 0x0000000782780000, 0x00000007c0000000)
  eden space 330240K, 100% used [0x000000076b800000,0x000000077fa80000,0x000000077fa80000)
  from space 1536K, 10% used [0x0000000782480000,0x00000007824a8000,0x0000000782600000)
  to   space 1536K, 0% used [0x0000000782600000,0x0000000782600000,0x0000000782780000)
 ParOldGen       total 173568K, used 1308K [0x00000006c2800000, 0x00000006cd180000, 0x000000076b800000)
  object space 173568K, 0% used [0x00000006c2800000,0x00000006c2947060,0x00000006cd180000)
 Metaspace       used 8055K, capacity 8646K, committed 8960K, reserved 1056768K
  class space    used 646K, capacity 690K, committed 768K, reserved 1048576K
Event: 2.472 GC heap after
Heap after GC invocations=16 (full 0):
 PSYoungGen      total 317440K, used 224K [0x000000076b800000, 0x0000000782680000, 0x00000007c0000000)
  eden space 316928K, 0% used [0x000000076b800000,0x000000076b800000,0x000000077ed80000)
  from space 512K, 43% used [0x0000000782600000,0x0000000782638000,0x0000000782680000)
  to   space 1536K, 0% used [0x0000000782380000,0x0000000782380000,0x0000000782500000)
 ParOldGen       total 173568K, used 1308K [0x00000006c2800000, 0x00000006cd180000, 0x000000076b800000)
  object space 173568K, 0% used [0x00000006c2800000,0x00000006c2947060,0x00000006cd180000)
 Metaspace       used 8055K, capacity 8646K, committed 8960K, reserved 1056768K
  class space    used 646K, capacity 690K, committed 768K, reserved 1048576K
}
Event: 2.741 GC heap before
{Heap before GC invocations=17 (full 0):
 PSYoungGen      total 317440K, used 317152K [0x000000076b800000, 0x0000000782680000, 0x00000007c0000000)
  eden space 316928K, 100% used [0x000000076b800000,0x000000077ed80000,0x000000077ed80000)
  from space 512K, 43% used [0x0000000782600000,0x0000000782638000,0x0000000782680000)
  to   space 1536K, 0% used [0x0000000782380000,0x0000000782380000,0x0000000782500000)
 ParOldGen       total 173568K, used 1308K [0x00000006c2800000, 0x00000006cd180000, 0x000000076b800000)
  object space 173568K, 0% used [0x00000006c2800000,0x00000006c2947060,0x00000006cd180000)
 Metaspace       used 8058K, capacity 8646K, committed 8960K, reserved 1056768K
  class space    used 646K, capacity 690K, committed 768K, reserved 1048576K
Event: 2.742 GC heap after
Heap after GC invocations=17 (full 0):
 PSYoungGen      total 305664K, used 192K [0x000000076b800000, 0x0000000782680000, 0x00000007c0000000)
  eden space 304128K, 0% used [0x000000076b800000,0x000000076b800000,0x000000077e100000)
  from space 1536K, 12% used [0x0000000782380000,0x00000007823b0000,0x0000000782500000)
  to   space 1536K, 0% used [0x0000000782500000,0x0000000782500000,0x0000000782680000)
 ParOldGen       total 173568K, used 1308K [0x00000006c2800000, 0x00000006cd180000, 0x000000076b800000)
  object space 173568K, 0% used [0x00000006c2800000,0x00000006c2947060,0x00000006cd180000)
 Metaspace       used 8058K, capacity 8646K, committed 8960K, reserved 1056768K
  class space    used 646K, capacity 690K, committed 768K, reserved 1048576K
}

