# JRE version: Java(TM) SE Runtime Environment (8.0_65-b17) (build 1.8.0_65-b17)
# Java VM: Java HotSpot(TM) 64-Bit Server VM (25.65-b01 mixed mode windows-amd64 compressed oops)
Heap:
 PSYoungGen      total 1326592K, used 602915K [0x000000076b800000, 0x00000007bff80000, 0x00000007c0000000)
  eden space 1310720K, 45% used [0x000000076b800000,0x0000000790490ed0,0x00000007bb800000)
  from space 15872K, 1% used [0x00000007bb800000,0x00000007bb838000,0x00000007bc780000)
  to   space 15360K, 0% used [0x00000007bf080000,0x00000007bf080000,0x00000007bff80000)
 ParOldGen       total 173568K, used 29504K [0x00000006c2800000, 0x00000006cd180000, 0x000000076b800000)
  object space 173568K, 16% used [0x00000006c2800000,0x00000006c44d0050,0x00000006cd180000)
 Metaspace       used 8337K, capacity 8710K, committed 8960K, reserved 1056768K
  class space    used 660K, capacity 690K, committed 768K, reserved 1048576K
GC Heap History (10 events):
Event: 1.574 GC heap before
{Heap before GC invocations=9 (full 0):
 PSYoungGen      total 521216K, used 521199K [0x000000076b800000, 0x000000078d600000, 0x00000007c0000000)
  eden space 512000K, 100% used [0x000000076b800000,0x000000078ac00000,0x000000078ac00000)
  from space 9216K, 99% used [0x000000078bd00000,0x000000078c5fbc08,0x000000078c600000)
  to   space 17408K, 0% used [0x000000078ac00000,0x000000078ac00000,0x000000078bd00000)
 ParOldGen       total 173568K, used 25512K [0x00000006c2800000, 0x00000006cd180000, 0x000000076b800000)
  object space 173568K, 14% used [0x00000006c2800000,0x00000006c40ea050,0x00000006cd180000)
 Metaspace       used 8284K, capacity 8710K, committed 8960K, reserved 1056768K
  class space    used 660K, capacity 690K, committed 768K, reserved 1048576K
Event: 1.580 GC heap after
Heap after GC invocations=9 (full 0):
 PSYoungGen      total 529408K, used 3552K [0x000000076b800000, 0x000000079f900000, 0x00000007c0000000)
  eden space 512000K, 0% used [0x000000076b800000,0x000000076b800000,0x000000078ac00000)
  from space 17408K, 20% used [0x000000078ac00000,0x000000078af78000,0x000000078bd00000)
  to   space 16896K, 0% used [0x000000079e880000,0x000000079e880000,0x000000079f900000)
 ParOldGen       total 173568K, used 26008K [0x00000006c2800000, 0x00000006cd180000, 0x000000076b800000)
  object space 173568K, 14% used [0x00000006c2800000,0x00000006c4166050,0x00000006cd180000)
 Metaspace       used 8284K, capacity 8710K, committed 8960K, reserved 1056768K
  class space    used 660K, capacity 690K, committed 768K, reserved 1048576K
}
Event: 1.955 GC heap before
{Heap before GC invocations=10 (full 0):
 PSYoungGen      total 529408K, used 515552K [0x000000076b800000, 0x000000079f900000, 0x00000007c0000000)
  eden space 512000K, 100% used [0x000000076b800000,0x000000078ac00000,0x000000078ac00000)
  from space 17408K, 20% used [0x000000078ac00000,0x000000078af78000,0x000000078bd00000)
  to   space 16896K, 0% used [0x000000079e880000,0x000000079e880000,0x000000079f900000)
 ParOldGen       total 173568K, used 26008K [0x00000006c2800000, 0x00000006cd180000, 0x000000076b800000)
  object space 173568K, 14% used [0x00000006c2800000,0x00000006c4166050,0x00000006cd180000)
 Metaspace       used 8293K, capacity 8710K, committed 8960K, reserved 1056768K
  class space    used 660K, capacity 690K, committed 768K, reserved 1048576K
Event: 1.959 GC heap after
Heap after GC invocations=10 (full 0):
 PSYoungGen      total 835072K, used 192K [0x000000076b800000, 0x000000079f800000, 0x00000007c0000000)
  eden space 819200K, 0% used [0x000000076b800000,0x000000076b800000,0x000000079d800000)
  from space 15872K, 1% used [0x000000079e880000,0x000000079e8b0000,0x000000079f800000)
  to   space 16384K, 0% used [0x000000079d800000,0x000000079d800000,0x000000079e800000)
 ParOldGen       total 173568K, used 29424K [0x00000006c2800000, 0x00000006cd180000, 0x000000076b800000)
  object space 173568K, 16% used [0x00000006c2800000,0x00000006c44bc050,0x00000006cd180000)
 Metaspace       used 8293K, capacity 8710K, committed 8960K, reserved 1056768K
  class space    used 660K, capacity 690K, committed 768K, reserved 1048576K
}
Event: 2.611 GC heap before
{Heap before GC invocations=11 (full 0):
 PSYoungGen      total 835072K, used 819392K [0x000000076b800000, 0x000000079f800000, 0x00000007c0000000)
  eden space 819200K, 100% used [0x000000076b800000,0x000000079d800000,0x000000079d800000)
  from space 15872K, 1% used [0x000000079e880000,0x000000079e8b0000,0x000000079f800000)
  to   space 16384K, 0% used [0x000000079d800000,0x000000079d800000,0x000000079e800000)
 ParOldGen       total 173568K, used 29424K [0x00000006c2800000, 0x00000006cd180000, 0x000000076b800000)
  object space 173568K, 16% used [0x00000006c2800000,0x00000006c44bc050,0x00000006cd180000)
 Metaspace       used 8319K, capacity 8710K, committed 8960K, reserved 1056768K
  class space    used 660K, capacity 690K, committed 768K, reserved 1048576K
Event: 2.612 GC heap after
Heap after GC invocations=11 (full 0):
 PSYoungGen      total 835584K, used 224K [0x000000076b800000, 0x00000007bd800000, 0x00000007c0000000)
  eden space 819200K, 0% used [0x000000076b800000,0x000000076b800000,0x000000079d800000)
  from space 16384K, 1% used [0x000000079d800000,0x000000079d838000,0x000000079e800000)
  to   space 16384K, 0% used [0x00000007bc800000,0x00000007bc800000,0x00000007bd800000)
 ParOldGen       total 173568K, used 29488K [0x00000006c2800000, 0x00000006cd180000, 0x000000076b800000)
  object space 173568K, 16% used [0x00000006c2800000,0x00000006c44cc050,0x00000006cd180000)
 Metaspace       used 8319K, capacity 8710K, committed 8960K, reserved 1056768K
  class space    used 660K, capacity 690K, committed 768K, reserved 1048576K
}
Event: 3.217 GC heap before
{Heap before GC invocations=12 (full 0):
 PSYoungGen      total 835584K, used 819424K [0x000000076b800000, 0x00000007bd800000, 0x00000007c0000000)
  eden space 819200K, 100% used [0x000000076b800000,0x000000079d800000,0x000000079d800000)
  from space 16384K, 1% used [0x000000079d800000,0x000000079d838000,0x000000079e800000)
  to   space 16384K, 0% used [0x00000007bc800000,0x00000007bc800000,0x00000007bd800000)
 ParOldGen       total 173568K, used 29488K [0x00000006c2800000, 0x00000006cd180000, 0x000000076b800000)
  object space 173568K, 16% used [0x00000006c2800000,0x00000006c44cc050,0x00000006cd180000)
 Metaspace       used 8327K, capacity 8710K, committed 8960K, reserved 1056768K
  class space    used 660K, capacity 690K, committed 768K, reserved 1048576K
Event: 3.218 GC heap after
Heap after GC invocations=12 (full 0):
 PSYoungGen      total 1326080K, used 192K [0x000000076b800000, 0x00000007bd700000, 0x00000007c0000000)
  eden space 1310720K, 0% used [0x000000076b800000,0x000000076b800000,0x00000007bb800000)
  from space 15360K, 1% used [0x00000007bc800000,0x00000007bc830000,0x00000007bd700000)
  to   space 15872K, 0% used [0x00000007bb800000,0x00000007bb800000,0x00000007bc780000)
 ParOldGen       total 173568K, used 29504K [0x00000006c2800000, 0x00000006cd180000, 0x000000076b800000)
  object space 173568K, 16% used [0x00000006c2800000,0x00000006c44d0050,0x00000006cd180000)
 Metaspace       used 8327K, capacity 8710K, committed 8960K, reserved 1056768K
  class space    used 660K, capacity 690K, committed 768K, reserved 1048576K
}
Event: 4.210 GC heap before
{Heap before GC invocations=13 (full 0):
 PSYoungGen      total 1326080K, used 1310912K [0x000000076b800000, 0x00000007bd700000, 0x00000007c0000000)
  eden space 1310720K, 100% used [0x000000076b800000,0x00000007bb800000,0x00000007bb800000)
  from space 15360K, 1% used [0x00000007bc800000,0x00000007bc830000,0x00000007bd700000)
  to   space 15872K, 0% used [0x00000007bb800000,0x00000007bb800000,0x00000007bc780000)
 ParOldGen       total 173568K, used 29504K [0x00000006c2800000, 0x00000006cd180000, 0x000000076b800000)
  object space 173568K, 16% used [0x00000006c2800000,0x00000006c44d0050,0x00000006cd180000)
 Metaspace       used 8336K, capacity 8710K, committed 8960K, reserved 1056768K
  class space    used 660K, capacity 690K, committed 768K, reserved 1048576K
Event: 4.211 GC heap after
Heap after GC invocations=13 (full 0):
 PSYoungGen      total 1326592K, used 224K [0x000000076b800000, 0x00000007bff80000, 0x00000007c0000000)
  eden space 1310720K, 0% used [0x000000076b800000,0x000000076b800000,0x00000007bb800000)
  from space 15872K, 1% used [0x00000007bb800000,0x00000007bb838000,0x00000007bc780000)
  to   space 15360K, 0% used [0x00000007bf080000,0x00000007bf080000,0x00000007bff80000)
 ParOldGen       total 173568K, used 29504K [0x00000006c2800000, 0x00000006cd180000, 0x000000076b800000)
  object space 173568K, 16% used [0x00000006c2800000,0x00000006c44d0050,0x00000006cd180000)
 Metaspace       used 8336K, capacity 8710K, committed 8960K, reserved 1056768K
  class space    used 660K, capacity 690K, committed 768K, reserved 1048576K
}

