# JRE version: Java(TM) SE Runtime Environment (8.0_65-b17) (build 1.8.0_65-b17)
# Java VM: Java HotSpot(TM) 64-Bit Server VM (25.65-b01 mixed mode windows-amd64 compressed oops)
Heap:
 PSYoungGen      total 366080K, used 201036K [0x000000076b800000, 0x0000000784e00000, 0x00000007c0000000)
  eden space 364032K, 55% used [0x000000076b800000,0x0000000777c23358,0x0000000781b80000)
  from space 2048K, 9% used [0x0000000784a00000,0x0000000784a30000,0x0000000784c00000)
  to   space 2048K, 0% used [0x0000000784c00000,0x0000000784c00000,0x0000000784e00000)
 ParOldGen       total 173568K, used 1413K [0x00000006c2800000, 0x00000006cd180000, 0x000000076b800000)
  object space 173568K, 0% used [0x00000006c2800000,0x00000006c29617e8,0x00000006cd180000)
 Metaspace       used 8118K, capacity 8646K, committed 8960K, reserved 1056768K
  class space    used 649K, capacity 690K, committed 768K, reserved 1048576K
GC Heap History (10 events):
Event: 1.131 GC heap before
{Heap before GC invocations=9 (full 0):
 PSYoungGen      total 261120K, used 259857K [0x000000076b800000, 0x000000077b900000, 0x00000007c0000000)
  eden space 259072K, 100% used [0x000000076b800000,0x000000077b500000,0x000000077b500000)
  from space 2048K, 38% used [0x000000077b700000,0x000000077b7c4638,0x000000077b900000)
  to   space 2048K, 0% used [0x000000077b500000,0x000000077b500000,0x000000077b700000)
 ParOldGen       total 173568K, used 829K [0x00000006c2800000, 0x00000006cd180000, 0x000000076b800000)
  object space 173568K, 0% used [0x00000006c2800000,0x00000006c28cf7e8,0x00000006cd180000)
 Metaspace       used 8082K, capacity 8646K, committed 8960K, reserved 1056768K
  class space    used 649K, capacity 690K, committed 768K, reserved 1048576K
Event: 1.132 GC heap after
Heap after GC invocations=9 (full 0):
 PSYoungGen      total 261120K, used 769K [0x000000076b800000, 0x0000000785100000, 0x00000007c0000000)
  eden space 259072K, 0% used [0x000000076b800000,0x000000076b800000,0x000000077b500000)
  from space 2048K, 37% used [0x000000077b500000,0x000000077b5c0560,0x000000077b700000)
  to   space 2048K, 0% used [0x0000000784f00000,0x0000000784f00000,0x0000000785100000)
 ParOldGen       total 173568K, used 1109K [0x00000006c2800000, 0x00000006cd180000, 0x000000076b800000)
  object space 173568K, 0% used [0x00000006c2800000,0x00000006c29157e8,0x00000006cd180000)
 Metaspace       used 8082K, capacity 8646K, committed 8960K, reserved 1056768K
  class space    used 649K, capacity 690K, committed 768K, reserved 1048576K
}
Event: 1.231 GC heap before
{Heap before GC invocations=10 (full 0):
 PSYoungGen      total 261120K, used 259841K [0x000000076b800000, 0x0000000785100000, 0x00000007c0000000)
  eden space 259072K, 100% used [0x000000076b800000,0x000000077b500000,0x000000077b500000)
  from space 2048K, 37% used [0x000000077b500000,0x000000077b5c0560,0x000000077b700000)
  to   space 2048K, 0% used [0x0000000784f00000,0x0000000784f00000,0x0000000785100000)
 ParOldGen       total 173568K, used 1109K [0x00000006c2800000, 0x00000006cd180000, 0x000000076b800000)
  object space 173568K, 0% used [0x00000006c2800000,0x00000006c29157e8,0x00000006cd180000)
 Metaspace       used 8084K, capacity 8646K, committed 8960K, reserved 1056768K
  class space    used 649K, capacity 690K, committed 768K, reserved 1048576K
Event: 1.232 GC heap after
Heap after GC invocations=10 (full 0):
 PSYoungGen      total 416768K, used 256K [0x000000076b800000, 0x0000000785100000, 0x00000007c0000000)
  eden space 414720K, 0% used [0x000000076b800000,0x000000076b800000,0x0000000784d00000)
  from space 2048K, 12% used [0x0000000784f00000,0x0000000784f40000,0x0000000785100000)
  to   space 2048K, 0% used [0x0000000784d00000,0x0000000784d00000,0x0000000784f00000)
 ParOldGen       total 173568K, used 1301K [0x00000006c2800000, 0x00000006cd180000, 0x000000076b800000)
  object space 173568K, 0% used [0x00000006c2800000,0x00000006c29457e8,0x00000006cd180000)
 Metaspace       used 8084K, capacity 8646K, committed 8960K, reserved 1056768K
  class space    used 649K, capacity 690K, committed 768K, reserved 1048576K
}
Event: 1.542 GC heap before
{Heap before GC invocations=11 (full 0):
 PSYoungGen      total 416768K, used 414976K [0x000000076b800000, 0x0000000785100000, 0x00000007c0000000)
  eden space 414720K, 100% used [0x000000076b800000,0x0000000784d00000,0x0000000784d00000)
  from space 2048K, 12% used [0x0000000784f00000,0x0000000784f40000,0x0000000785100000)
  to   space 2048K, 0% used [0x0000000784d00000,0x0000000784d00000,0x0000000784f00000)
 ParOldGen       total 173568K, used 1301K [0x00000006c2800000, 0x00000006cd180000, 0x000000076b800000)
  object space 173568K, 0% used [0x00000006c2800000,0x00000006c29457e8,0x00000006cd180000)
 Metaspace       used 8089K, capacity 8646K, committed 8960K, reserved 1056768K
  class space    used 649K, capacity 690K, committed 768K, reserved 1048576K
Event: 1.542 GC heap after
Heap after GC invocations=11 (full 0):
 PSYoungGen      total 397312K, used 192K [0x000000076b800000, 0x0000000784f80000, 0x00000007c0000000)
  eden space 396800K, 0% used [0x000000076b800000,0x000000076b800000,0x0000000783b80000)
  from space 512K, 37% used [0x0000000784d00000,0x0000000784d30000,0x0000000784d80000)
  to   space 2048K, 0% used [0x0000000784d80000,0x0000000784d80000,0x0000000784f80000)
 ParOldGen       total 173568K, used 1413K [0x00000006c2800000, 0x00000006cd180000, 0x000000076b800000)
  object space 173568K, 0% used [0x00000006c2800000,0x00000006c29617e8,0x00000006cd180000)
 Metaspace       used 8089K, capacity 8646K, committed 8960K, reserved 1056768K
  class space    used 649K, capacity 690K, committed 768K, reserved 1048576K
}
Event: 1.865 GC heap before
{Heap before GC invocations=12 (full 0):
 PSYoungGen      total 397312K, used 396992K [0x000000076b800000, 0x0000000784f80000, 0x00000007c0000000)
  eden space 396800K, 100% used [0x000000076b800000,0x0000000783b80000,0x0000000783b80000)
  from space 512K, 37% used [0x0000000784d00000,0x0000000784d30000,0x0000000784d80000)
  to   space 2048K, 0% used [0x0000000784d80000,0x0000000784d80000,0x0000000784f80000)
 ParOldGen       total 173568K, used 1413K [0x00000006c2800000, 0x00000006cd180000, 0x000000076b800000)
  object space 173568K, 0% used [0x00000006c2800000,0x00000006c29617e8,0x00000006cd180000)
 Metaspace       used 8099K, capacity 8646K, committed 8960K, reserved 1056768K
  class space    used 649K, capacity 690K, committed 768K, reserved 1048576K
Event: 1.866 GC heap after
Heap after GC invocations=12 (full 0):
 PSYoungGen      total 380416K, used 224K [0x000000076b800000, 0x0000000784e00000, 0x00000007c0000000)
  eden space 379904K, 0% used [0x000000076b800000,0x000000076b800000,0x0000000782b00000)
  from space 512K, 43% used [0x0000000784d80000,0x0000000784db8000,0x0000000784e00000)
  to   space 2048K, 0% used [0x0000000784a00000,0x0000000784a00000,0x0000000784c00000)
 ParOldGen       total 173568K, used 1413K [0x00000006c2800000, 0x00000006cd180000, 0x000000076b800000)
  object space 173568K, 0% used [0x00000006c2800000,0x00000006c29617e8,0x00000006cd180000)
 Metaspace       used 8099K, capacity 8646K, committed 8960K, reserved 1056768K
  class space    used 649K, capacity 690K, committed 768K, reserved 1048576K
}
Event: 2.135 GC heap before
{Heap before GC invocations=13 (full 0):
 PSYoungGen      total 380416K, used 380128K [0x000000076b800000, 0x0000000784e00000, 0x00000007c0000000)
  eden space 379904K, 100% used [0x000000076b800000,0x0000000782b00000,0x0000000782b00000)
  from space 512K, 43% used [0x0000000784d80000,0x0000000784db8000,0x0000000784e00000)
  to   space 2048K, 0% used [0x0000000784a00000,0x0000000784a00000,0x0000000784c00000)
 ParOldGen       total 173568K, used 1413K [0x00000006c2800000, 0x00000006cd180000, 0x000000076b800000)
  object space 173568K, 0% used [0x00000006c2800000,0x00000006c29617e8,0x00000006cd180000)
 Metaspace       used 8117K, capacity 8646K, committed 8960K, reserved 1056768K
  class space    used 649K, capacity 690K, committed 768K, reserved 1048576K
Event: 2.135 GC heap after
Heap after GC invocations=13 (full 0):
 PSYoungGen      total 366080K, used 192K [0x000000076b800000, 0x0000000784e00000, 0x00000007c0000000)
  eden space 364032K, 0% used [0x000000076b800000,0x000000076b800000,0x0000000781b80000)
  from space 2048K, 9% used [0x0000000784a00000,0x0000000784a30000,0x0000000784c00000)
  to   space 2048K, 0% used [0x0000000784c00000,0x0000000784c00000,0x0000000784e00000)
 ParOldGen       total 173568K, used 1413K [0x00000006c2800000, 0x00000006cd180000, 0x000000076b800000)
  object space 173568K, 0% used [0x00000006c2800000,0x00000006c29617e8,0x00000006cd180000)
 Metaspace       used 8117K, capacity 8646K, committed 8960K, reserved 1056768K
  class space    used 649K, capacity 690K, committed 768K, reserved 1048576K
}

