# JRE version: Java(TM) SE Runtime Environment (8.0_65-b17) (build 1.8.0_65-b17)
# Java VM: Java HotSpot(TM) 64-Bit Server VM (25.65-b01 mixed mode windows-amd64 compressed oops)
Heap:
 PSYoungGen      total 47616K, used 15250K [0x000000076b800000, 0x00000007a5000000, 0x00000007c0000000)
  eden space 47104K, 32% used [0x000000076b800000,0x000000076c6d4a00,0x000000076e600000)
  from space 512K, 12% used [0x00000007a4f00000,0x00000007a4f10000,0x00000007a4f80000)
  to   space 512K, 0% used [0x00000007a4f80000,0x00000007a4f80000,0x00000007a5000000)
 ParOldGen       total 173568K, used 25597K [0x00000006c2800000, 0x00000006cd180000, 0x000000076b800000)
  object space 173568K, 14% used [0x00000006c2800000,0x00000006c40ff778,0x00000006cd180000)
 Metaspace       used 8402K, capacity 8774K, committed 8960K, reserved 1056768K
  class space    used 662K, capacity 690K, committed 768K, reserved 1048576K
GC Heap History (10 events):
Event: 45.184 GC heap before
{Heap before GC invocations=551 (full 0):
 PSYoungGen      total 52224K, used 51904K [0x000000076b800000, 0x00000007a5000000, 0x00000007c0000000)
  eden space 51712K, 100% used [0x000000076b800000,0x000000076ea80000,0x000000076ea80000)
  from space 512K, 37% used [0x00000007a4f80000,0x00000007a4fb0000,0x00000007a5000000)
  to   space 512K, 0% used [0x00000007a4f00000,0x00000007a4f00000,0x00000007a4f80000)
 ParOldGen       total 173568K, used 25589K [0x00000006c2800000, 0x00000006cd180000, 0x000000076b800000)
  object space 173568K, 14% used [0x00000006c2800000,0x00000006c40fd778,0x00000006cd180000)
 Metaspace       used 8402K, capacity 8774K, committed 8960K, reserved 1056768K
  class space    used 662K, capacity 690K, committed 768K, reserved 1048576K
Event: 45.184 GC heap after
Heap after GC invocations=551 (full 0):
 PSYoungGen      total 51200K, used 224K [0x000000076b800000, 0x00000007a5000000, 0x00000007c0000000)
  eden space 50688K, 0% used [0x000000076b800000,0x000000076b800000,0x000000076e980000)
  from space 512K, 43% used [0x00000007a4f00000,0x00000007a4f38000,0x00000007a4f80000)
  to   space 512K, 0% used [0x00000007a4f80000,0x00000007a4f80000,0x00000007a5000000)
 ParOldGen       total 173568K, used 25589K [0x00000006c2800000, 0x00000006cd180000, 0x000000076b800000)
  object space 173568K, 14% used [0x00000006c2800000,0x00000006c40fd778,0x00000006cd180000)
 Metaspace       used 8402K, capacity 8774K, committed 8960K, reserved 1056768K
  class space    used 662K, capacity 690K, committed 768K, reserved 1048576K
}
Event: 45.245 GC heap before
{Heap before GC invocations=552 (full 0):
 PSYoungGen      total 51200K, used 50912K [0x000000076b800000, 0x00000007a5000000, 0x00000007c0000000)
  eden space 50688K, 100% used [0x000000076b800000,0x000000076e980000,0x000000076e980000)
  from space 512K, 43% used [0x00000007a4f00000,0x00000007a4f38000,0x00000007a4f80000)
  to   space 512K, 0% used [0x00000007a4f80000,0x00000007a4f80000,0x00000007a5000000)
 ParOldGen       total 173568K, used 25589K [0x00000006c2800000, 0x00000006cd180000, 0x000000076b800000)
  object space 173568K, 14% used [0x00000006c2800000,0x00000006c40fd778,0x00000006cd180000)
 Metaspace       used 8402K, capacity 8774K, committed 8960K, reserved 1056768K
  class space    used 662K, capacity 690K, committed 768K, reserved 1048576K
Event: 45.245 GC heap after
Heap after GC invocations=552 (full 0):
 PSYoungGen      total 50176K, used 224K [0x000000076b800000, 0x00000007a5000000, 0x00000007c0000000)
  eden space 49664K, 0% used [0x000000076b800000,0x000000076b800000,0x000000076e880000)
  from space 512K, 43% used [0x00000007a4f80000,0x00000007a4fb8000,0x00000007a5000000)
  to   space 512K, 0% used [0x00000007a4f00000,0x00000007a4f00000,0x00000007a4f80000)
 ParOldGen       total 173568K, used 25589K [0x00000006c2800000, 0x00000006cd180000, 0x000000076b800000)
  object space 173568K, 14% used [0x00000006c2800000,0x00000006c40fd778,0x00000006cd180000)
 Metaspace       used 8402K, capacity 8774K, committed 8960K, reserved 1056768K
  class space    used 662K, capacity 690K, committed 768K, reserved 1048576K
}
Event: 45.302 GC heap before
{Heap before GC invocations=553 (full 0):
 PSYoungGen      total 50176K, used 49888K [0x000000076b800000, 0x00000007a5000000, 0x00000007c0000000)
  eden space 49664K, 100% used [0x000000076b800000,0x000000076e880000,0x000000076e880000)
  from space 512K, 43% used [0x00000007a4f80000,0x00000007a4fb8000,0x00000007a5000000)
  to   space 512K, 0% used [0x00000007a4f00000,0x00000007a4f00000,0x00000007a4f80000)
 ParOldGen       total 173568K, used 25589K [0x00000006c2800000, 0x00000006cd180000, 0x000000076b800000)
  object space 173568K, 14% used [0x00000006c2800000,0x00000006c40fd778,0x00000006cd180000)
 Metaspace       used 8402K, capacity 8774K, committed 8960K, reserved 1056768K
  class space    used 662K, capacity 690K, committed 768K, reserved 1048576K
Event: 45.303 GC heap after
Heap after GC invocations=553 (full 0):
 PSYoungGen      total 49152K, used 224K [0x000000076b800000, 0x00000007a5000000, 0x00000007c0000000)
  eden space 48640K, 0% used [0x000000076b800000,0x000000076b800000,0x000000076e780000)
  from space 512K, 43% used [0x00000007a4f00000,0x00000007a4f38000,0x00000007a4f80000)
  to   space 512K, 0% used [0x00000007a4f80000,0x00000007a4f80000,0x00000007a5000000)
 ParOldGen       total 173568K, used 25589K [0x00000006c2800000, 0x00000006cd180000, 0x000000076b800000)
  object space 173568K, 14% used [0x00000006c2800000,0x00000006c40fd778,0x00000006cd180000)
 Metaspace       used 8402K, capacity 8774K, committed 8960K, reserved 1056768K
  class space    used 662K, capacity 690K, committed 768K, reserved 1048576K
}
Event: 45.343 GC heap before
{Heap before GC invocations=554 (full 0):
 PSYoungGen      total 49152K, used 48864K [0x000000076b800000, 0x00000007a5000000, 0x00000007c0000000)
  eden space 48640K, 100% used [0x000000076b800000,0x000000076e780000,0x000000076e780000)
  from space 512K, 43% used [0x00000007a4f00000,0x00000007a4f38000,0x00000007a4f80000)
  to   space 512K, 0% used [0x00000007a4f80000,0x00000007a4f80000,0x00000007a5000000)
 ParOldGen       total 173568K, used 25589K [0x00000006c2800000, 0x00000006cd180000, 0x000000076b800000)
  object space 173568K, 14% used [0x00000006c2800000,0x00000006c40fd778,0x00000006cd180000)
 Metaspace       used 8402K, capacity 8774K, committed 8960K, reserved 1056768K
  class space    used 662K, capacity 690K, committed 768K, reserved 1048576K
Event: 45.344 GC heap after
Heap after GC invocations=554 (full 0):
 PSYoungGen      total 48128K, used 224K [0x000000076b800000, 0x00000007a5000000, 0x00000007c0000000)
  eden space 47616K, 0% used [0x000000076b800000,0x000000076b800000,0x000000076e680000)
  from space 512K, 43% used [0x00000007a4f80000,0x00000007a4fb8000,0x00000007a5000000)
  to   space 512K, 0% used [0x00000007a4f00000,0x00000007a4f00000,0x00000007a4f80000)
 ParOldGen       total 173568K, used 25589K [0x00000006c2800000, 0x00000006cd180000, 0x000000076b800000)
  object space 173568K, 14% used [0x00000006c2800000,0x00000006c40fd778,0x00000006cd180000)
 Metaspace       used 8402K, capacity 8774K, committed 8960K, reserved 1056768K
  class space    used 662K, capacity 690K, committed 768K, reserved 1048576K
}
Event: 45.397 GC heap before
{Heap before GC invocations=555 (full 0):
 PSYoungGen      total 48128K, used 47840K [0x000000076b800000, 0x00000007a5000000, 0x00000007c0000000)
  eden space 47616K, 100% used [0x000000076b800000,0x000000076e680000,0x000000076e680000)
  from space 512K, 43% used [0x00000007a4f80000,0x00000007a4fb8000,0x00000007a5000000)
  to   space 512K, 0% used [0x00000007a4f00000,0x00000007a4f00000,0x00000007a4f80000)
 ParOldGen       total 173568K, used 25589K [0x00000006c2800000, 0x00000006cd180000, 0x000000076b800000)
  object space 173568K, 14% used [0x00000006c2800000,0x00000006c40fd778,0x00000006cd180000)
 Metaspace       used 8402K, capacity 8774K, committed 8960K, reserved 1056768K
  class space    used 662K, capacity 690K, committed 768K, reserved 1048576K
Event: 45.398 GC heap after
Heap after GC invocations=555 (full 0):
 PSYoungGen      total 47616K, used 64K [0x000000076b800000, 0x00000007a5000000, 0x00000007c0000000)
  eden space 47104K, 0% used [0x000000076b800000,0x000000076b800000,0x000000076e600000)
  from space 512K, 12% used [0x00000007a4f00000,0x00000007a4f10000,0x00000007a4f80000)
  to   space 512K, 0% used [0x00000007a4f80000,0x00000007a4f80000,0x00000007a5000000)
 ParOldGen       total 173568K, used 25597K [0x00000006c2800000, 0x00000006cd180000, 0x000000076b800000)
  object space 173568K, 14% used [0x00000006c2800000,0x00000006c40ff778,0x00000006cd180000)
 Metaspace       used 8402K, capacity 8774K, committed 8960K, reserved 1056768K
  class space    used 662K, capacity 690K, committed 768K, reserved 1048576K
}

