# JRE version: Java(TM) SE Runtime Environment (8.0_65-b17) (build 1.8.0_65-b17)
# Java VM: Java HotSpot(TM) 64-Bit Server VM (25.65-b01 mixed mode windows-amd64 compressed oops)
Heap:
 PSYoungGen      total 45568K, used 19452K [0x000000076b800000, 0x000000078a500000, 0x00000007c0000000)
  eden space 45056K, 43% used [0x000000076b800000,0x000000076caf72f8,0x000000076e400000)
  from space 512K, 6% used [0x000000078a400000,0x000000078a408000,0x000000078a480000)
  to   space 512K, 0% used [0x000000078a480000,0x000000078a480000,0x000000078a500000)
 ParOldGen       total 173568K, used 1591K [0x00000006c2800000, 0x00000006cd180000, 0x000000076b800000)
  object space 173568K, 0% used [0x00000006c2800000,0x00000006c298dc20,0x00000006cd180000)
 Metaspace       used 8085K, capacity 8614K, committed 8960K, reserved 1056768K
  class space    used 644K, capacity 658K, committed 768K, reserved 1048576K
GC Heap History (10 events):
Event: 8.565 GC heap before
{Heap before GC invocations=99 (full 0):
 PSYoungGen      total 48128K, used 47744K [0x000000076b800000, 0x000000078a500000, 0x00000007c0000000)
  eden space 47616K, 100% used [0x000000076b800000,0x000000076e680000,0x000000076e680000)
  from space 512K, 25% used [0x000000078a480000,0x000000078a4a0000,0x000000078a500000)
  to   space 512K, 0% used [0x000000078a400000,0x000000078a400000,0x000000078a480000)
 ParOldGen       total 173568K, used 1583K [0x00000006c2800000, 0x00000006cd180000, 0x000000076b800000)
  object space 173568K, 0% used [0x00000006c2800000,0x00000006c298bc20,0x00000006cd180000)
 Metaspace       used 8085K, capacity 8614K, committed 8960K, reserved 1056768K
  class space    used 644K, capacity 658K, committed 768K, reserved 1048576K
Event: 8.566 GC heap after
Heap after GC invocations=99 (full 0):
 PSYoungGen      total 47616K, used 128K [0x000000076b800000, 0x000000078a500000, 0x00000007c0000000)
  eden space 47104K, 0% used [0x000000076b800000,0x000000076b800000,0x000000076e600000)
  from space 512K, 25% used [0x000000078a400000,0x000000078a420000,0x000000078a480000)
  to   space 512K, 0% used [0x000000078a480000,0x000000078a480000,0x000000078a500000)
 ParOldGen       total 173568K, used 1583K [0x00000006c2800000, 0x00000006cd180000, 0x000000076b800000)
  object space 173568K, 0% used [0x00000006c2800000,0x00000006c298bc20,0x00000006cd180000)
 Metaspace       used 8085K, capacity 8614K, committed 8960K, reserved 1056768K
  class space    used 644K, capacity 658K, committed 768K, reserved 1048576K
}
Event: 8.615 GC heap before
{Heap before GC invocations=100 (full 0):
 PSYoungGen      total 47616K, used 47232K [0x000000076b800000, 0x000000078a500000, 0x00000007c0000000)
  eden space 47104K, 100% used [0x000000076b800000,0x000000076e600000,0x000000076e600000)
  from space 512K, 25% used [0x000000078a400000,0x000000078a420000,0x000000078a480000)
  to   space 512K, 0% used [0x000000078a480000,0x000000078a480000,0x000000078a500000)
 ParOldGen       total 173568K, used 1583K [0x00000006c2800000, 0x00000006cd180000, 0x000000076b800000)
  object space 173568K, 0% used [0x00000006c2800000,0x00000006c298bc20,0x00000006cd180000)
 Metaspace       used 8085K, capacity 8614K, committed 8960K, reserved 1056768K
  class space    used 644K, capacity 658K, committed 768K, reserved 1048576K
Event: 8.615 GC heap after
Heap after GC invocations=100 (full 0):
 PSYoungGen      total 47104K, used 160K [0x000000076b800000, 0x000000078a500000, 0x00000007c0000000)
  eden space 46592K, 0% used [0x000000076b800000,0x000000076b800000,0x000000076e580000)
  from space 512K, 31% used [0x000000078a480000,0x000000078a4a8000,0x000000078a500000)
  to   space 512K, 0% used [0x000000078a400000,0x000000078a400000,0x000000078a480000)
 ParOldGen       total 173568K, used 1583K [0x00000006c2800000, 0x00000006cd180000, 0x000000076b800000)
  object space 173568K, 0% used [0x00000006c2800000,0x00000006c298bc20,0x00000006cd180000)
 Metaspace       used 8085K, capacity 8614K, committed 8960K, reserved 1056768K
  class space    used 644K, capacity 658K, committed 768K, reserved 1048576K
}
Event: 8.664 GC heap before
{Heap before GC invocations=101 (full 0):
 PSYoungGen      total 47104K, used 46752K [0x000000076b800000, 0x000000078a500000, 0x00000007c0000000)
  eden space 46592K, 100% used [0x000000076b800000,0x000000076e580000,0x000000076e580000)
  from space 512K, 31% used [0x000000078a480000,0x000000078a4a8000,0x000000078a500000)
  to   space 512K, 0% used [0x000000078a400000,0x000000078a400000,0x000000078a480000)
 ParOldGen       total 173568K, used 1583K [0x00000006c2800000, 0x00000006cd180000, 0x000000076b800000)
  object space 173568K, 0% used [0x00000006c2800000,0x00000006c298bc20,0x00000006cd180000)
 Metaspace       used 8085K, capacity 8614K, committed 8960K, reserved 1056768K
  class space    used 644K, capacity 658K, committed 768K, reserved 1048576K
Event: 8.665 GC heap after
Heap after GC invocations=101 (full 0):
 PSYoungGen      total 46592K, used 96K [0x000000076b800000, 0x000000078a500000, 0x00000007c0000000)
  eden space 46080K, 0% used [0x000000076b800000,0x000000076b800000,0x000000076e500000)
  from space 512K, 18% used [0x000000078a400000,0x000000078a418000,0x000000078a480000)
  to   space 512K, 0% used [0x000000078a480000,0x000000078a480000,0x000000078a500000)
 ParOldGen       total 173568K, used 1583K [0x00000006c2800000, 0x00000006cd180000, 0x000000076b800000)
  object space 173568K, 0% used [0x00000006c2800000,0x00000006c298bc20,0x00000006cd180000)
 Metaspace       used 8085K, capacity 8614K, committed 8960K, reserved 1056768K
  class space    used 644K, capacity 658K, committed 768K, reserved 1048576K
}
Event: 8.702 GC heap before
{Heap before GC invocations=102 (full 0):
 PSYoungGen      total 46592K, used 46176K [0x000000076b800000, 0x000000078a500000, 0x00000007c0000000)
  eden space 46080K, 100% used [0x000000076b800000,0x000000076e500000,0x000000076e500000)
  from space 512K, 18% used [0x000000078a400000,0x000000078a418000,0x000000078a480000)
  to   space 512K, 0% used [0x000000078a480000,0x000000078a480000,0x000000078a500000)
 ParOldGen       total 173568K, used 1583K [0x00000006c2800000, 0x00000006cd180000, 0x000000076b800000)
  object space 173568K, 0% used [0x00000006c2800000,0x00000006c298bc20,0x00000006cd180000)
 Metaspace       used 8085K, capacity 8614K, committed 8960K, reserved 1056768K
  class space    used 644K, capacity 658K, committed 768K, reserved 1048576K
Event: 8.702 GC heap after
Heap after GC invocations=102 (full 0):
 PSYoungGen      total 46080K, used 128K [0x000000076b800000, 0x000000078a500000, 0x00000007c0000000)
  eden space 45568K, 0% used [0x000000076b800000,0x000000076b800000,0x000000076e480000)
  from space 512K, 25% used [0x000000078a480000,0x000000078a4a0000,0x000000078a500000)
  to   space 512K, 0% used [0x000000078a400000,0x000000078a400000,0x000000078a480000)
 ParOldGen       total 173568K, used 1583K [0x00000006c2800000, 0x00000006cd180000, 0x000000076b800000)
  object space 173568K, 0% used [0x00000006c2800000,0x00000006c298bc20,0x00000006cd180000)
 Metaspace       used 8085K, capacity 8614K, committed 8960K, reserved 1056768K
  class space    used 644K, capacity 658K, committed 768K, reserved 1048576K
}
Event: 8.750 GC heap before
{Heap before GC invocations=103 (full 0):
 PSYoungGen      total 46080K, used 45696K [0x000000076b800000, 0x000000078a500000, 0x00000007c0000000)
  eden space 45568K, 100% used [0x000000076b800000,0x000000076e480000,0x000000076e480000)
  from space 512K, 25% used [0x000000078a480000,0x000000078a4a0000,0x000000078a500000)
  to   space 512K, 0% used [0x000000078a400000,0x000000078a400000,0x000000078a480000)
 ParOldGen       total 173568K, used 1583K [0x00000006c2800000, 0x00000006cd180000, 0x000000076b800000)
  object space 173568K, 0% used [0x00000006c2800000,0x00000006c298bc20,0x00000006cd180000)
 Metaspace       used 8085K, capacity 8614K, committed 8960K, reserved 1056768K
  class space    used 644K, capacity 658K, committed 768K, reserved 1048576K
Event: 8.750 GC heap after
Heap after GC invocations=103 (full 0):
 PSYoungGen      total 45568K, used 32K [0x000000076b800000, 0x000000078a500000, 0x00000007c0000000)
  eden space 45056K, 0% used [0x000000076b800000,0x000000076b800000,0x000000076e400000)
  from space 512K, 6% used [0x000000078a400000,0x000000078a408000,0x000000078a480000)
  to   space 512K, 0% used [0x000000078a480000,0x000000078a480000,0x000000078a500000)
 ParOldGen       total 173568K, used 1591K [0x00000006c2800000, 0x00000006cd180000, 0x000000076b800000)
  object space 173568K, 0% used [0x00000006c2800000,0x00000006c298dc20,0x00000006cd180000)
 Metaspace       used 8085K, capacity 8614K, committed 8960K, reserved 1056768K
  class space    used 644K, capacity 658K, committed 768K, reserved 1048576K
}

