# JRE version: Java(TM) SE Runtime Environment (8.0_65-b17) (build 1.8.0_65-b17)
# Java VM: Java HotSpot(TM) 64-Bit Server VM (25.65-b01 mixed mode windows-amd64 compressed oops)
Heap:
 PSYoungGen      total 231424K, used 15085K [0x000000076b800000, 0x000000078b500000, 0x00000007c0000000)
  eden space 230912K, 6% used [0x000000076b800000,0x000000076c6934d0,0x0000000779980000)
  from space 512K, 31% used [0x000000078b480000,0x000000078b4a8000,0x000000078b500000)
  to   space 2560K, 0% used [0x000000078b000000,0x000000078b000000,0x000000078b280000)
 ParOldGen       total 173568K, used 1244K [0x00000006c2800000, 0x00000006cd180000, 0x000000076b800000)
  object space 173568K, 0% used [0x00000006c2800000,0x00000006c2937060,0x00000006cd180000)
 Metaspace       used 8093K, capacity 8646K, committed 8960K, reserved 1056768K
  class space    used 649K, capacity 690K, committed 768K, reserved 1048576K
GC Heap History (10 events):
Event: 0.654 GC heap before
{Heap before GC invocations=6 (full 0):
 PSYoungGen      total 140800K, used 132223K [0x000000076b800000, 0x000000077bb00000, 0x00000007c0000000)
  eden space 130048K, 100% used [0x000000076b800000,0x0000000773700000,0x0000000773700000)
  from space 10752K, 20% used [0x0000000773700000,0x000000077391fe48,0x0000000774180000)
  to   space 2560K, 0% used [0x000000077b880000,0x000000077b880000,0x000000077bb00000)
 ParOldGen       total 173568K, used 32K [0x00000006c2800000, 0x00000006cd180000, 0x000000076b800000)
  object space 173568K, 0% used [0x00000006c2800000,0x00000006c2808000,0x00000006cd180000)
 Metaspace       used 7834K, capacity 8422K, committed 8704K, reserved 1056768K
  class space    used 627K, capacity 658K, committed 768K, reserved 1048576K
Event: 0.656 GC heap after
Heap after GC invocations=6 (full 0):
 PSYoungGen      total 262656K, used 2027K [0x000000076b800000, 0x000000077bb00000, 0x00000007c0000000)
  eden space 260096K, 0% used [0x000000076b800000,0x000000076b800000,0x000000077b600000)
  from space 2560K, 79% used [0x000000077b880000,0x000000077ba7acd8,0x000000077bb00000)
  to   space 2560K, 0% used [0x000000077b600000,0x000000077b600000,0x000000077b880000)
 ParOldGen       total 173568K, used 40K [0x00000006c2800000, 0x00000006cd180000, 0x000000076b800000)
  object space 173568K, 0% used [0x00000006c2800000,0x00000006c280a000,0x00000006cd180000)
 Metaspace       used 7834K, capacity 8422K, committed 8704K, reserved 1056768K
  class space    used 627K, capacity 658K, committed 768K, reserved 1048576K
}
Event: 0.992 GC heap before
{Heap before GC invocations=7 (full 0):
 PSYoungGen      total 262656K, used 262123K [0x000000076b800000, 0x000000077bb00000, 0x00000007c0000000)
  eden space 260096K, 100% used [0x000000076b800000,0x000000077b600000,0x000000077b600000)
  from space 2560K, 79% used [0x000000077b880000,0x000000077ba7acd8,0x000000077bb00000)
  to   space 2560K, 0% used [0x000000077b600000,0x000000077b600000,0x000000077b880000)
 ParOldGen       total 173568K, used 40K [0x00000006c2800000, 0x00000006cd180000, 0x000000076b800000)
  object space 173568K, 0% used [0x00000006c2800000,0x00000006c280a000,0x00000006cd180000)
 Metaspace       used 8077K, capacity 8646K, committed 8960K, reserved 1056768K
  class space    used 649K, capacity 690K, committed 768K, reserved 1048576K
Event: 0.993 GC heap after
Heap after GC invocations=7 (full 0):
 PSYoungGen      total 262656K, used 704K [0x000000076b800000, 0x000000078b900000, 0x00000007c0000000)
  eden space 260096K, 0% used [0x000000076b800000,0x000000076b800000,0x000000077b600000)
  from space 2560K, 27% used [0x000000077b600000,0x000000077b6b0000,0x000000077b880000)
  to   space 2560K, 0% used [0x000000078b680000,0x000000078b680000,0x000000078b900000)
 ParOldGen       total 173568K, used 668K [0x00000006c2800000, 0x00000006cd180000, 0x000000076b800000)
  object space 173568K, 0% used [0x00000006c2800000,0x00000006c28a7060,0x00000006cd180000)
 Metaspace       used 8077K, capacity 8646K, committed 8960K, reserved 1056768K
  class space    used 649K, capacity 690K, committed 768K, reserved 1048576K
}
Event: 1.103 GC heap before
{Heap before GC invocations=8 (full 0):
 PSYoungGen      total 262656K, used 260800K [0x000000076b800000, 0x000000078b900000, 0x00000007c0000000)
  eden space 260096K, 100% used [0x000000076b800000,0x000000077b600000,0x000000077b600000)
  from space 2560K, 27% used [0x000000077b600000,0x000000077b6b0000,0x000000077b880000)
  to   space 2560K, 0% used [0x000000078b680000,0x000000078b680000,0x000000078b900000)
 ParOldGen       total 173568K, used 668K [0x00000006c2800000, 0x00000006cd180000, 0x000000076b800000)
  object space 173568K, 0% used [0x00000006c2800000,0x00000006c28a7060,0x00000006cd180000)
 Metaspace       used 8080K, capacity 8646K, committed 8960K, reserved 1056768K
  class space    used 649K, capacity 690K, committed 768K, reserved 1048576K
Event: 1.104 GC heap after
Heap after GC invocations=8 (full 0):
 PSYoungGen      total 250368K, used 480K [0x000000076b800000, 0x000000078b700000, 0x00000007c0000000)
  eden space 249856K, 0% used [0x000000076b800000,0x000000076b800000,0x000000077ac00000)
  from space 512K, 93% used [0x000000078b680000,0x000000078b6f8000,0x000000078b700000)
  to   space 2560K, 0% used [0x000000078b200000,0x000000078b200000,0x000000078b480000)
 ParOldGen       total 173568K, used 852K [0x00000006c2800000, 0x00000006cd180000, 0x000000076b800000)
  object space 173568K, 0% used [0x00000006c2800000,0x00000006c28d5060,0x00000006cd180000)
 Metaspace       used 8080K, capacity 8646K, committed 8960K, reserved 1056768K
  class space    used 649K, capacity 690K, committed 768K, reserved 1048576K
}
Event: 1.299 GC heap before
{Heap before GC invocations=9 (full 0):
 PSYoungGen      total 250368K, used 250336K [0x000000076b800000, 0x000000078b700000, 0x00000007c0000000)
  eden space 249856K, 100% used [0x000000076b800000,0x000000077ac00000,0x000000077ac00000)
  from space 512K, 93% used [0x000000078b680000,0x000000078b6f8000,0x000000078b700000)
  to   space 2560K, 0% used [0x000000078b200000,0x000000078b200000,0x000000078b480000)
 ParOldGen       total 173568K, used 852K [0x00000006c2800000, 0x00000006cd180000, 0x000000076b800000)
  object space 173568K, 0% used [0x00000006c2800000,0x00000006c28d5060,0x00000006cd180000)
 Metaspace       used 8082K, capacity 8646K, committed 8960K, reserved 1056768K
  class space    used 649K, capacity 690K, committed 768K, reserved 1048576K
Event: 1.300 GC heap after
Heap after GC invocations=9 (full 0):
 PSYoungGen      total 242688K, used 256K [0x000000076b800000, 0x000000078b700000, 0x00000007c0000000)
  eden space 240128K, 0% used [0x000000076b800000,0x000000076b800000,0x000000077a280000)
  from space 2560K, 10% used [0x000000078b200000,0x000000078b240000,0x000000078b480000)
  to   space 2560K, 0% used [0x000000078b480000,0x000000078b480000,0x000000078b700000)
 ParOldGen       total 173568K, used 1180K [0x00000006c2800000, 0x00000006cd180000, 0x000000076b800000)
  object space 173568K, 0% used [0x00000006c2800000,0x00000006c2927060,0x00000006cd180000)
 Metaspace       used 8082K, capacity 8646K, committed 8960K, reserved 1056768K
  class space    used 649K, capacity 690K, committed 768K, reserved 1048576K
}
Event: 1.475 GC heap before
{Heap before GC invocations=10 (full 0):
 PSYoungGen      total 242688K, used 240384K [0x000000076b800000, 0x000000078b700000, 0x00000007c0000000)
  eden space 240128K, 100% used [0x000000076b800000,0x000000077a280000,0x000000077a280000)
  from space 2560K, 10% used [0x000000078b200000,0x000000078b240000,0x000000078b480000)
  to   space 2560K, 0% used [0x000000078b480000,0x000000078b480000,0x000000078b700000)
 ParOldGen       total 173568K, used 1180K [0x00000006c2800000, 0x00000006cd180000, 0x000000076b800000)
  object space 173568K, 0% used [0x00000006c2800000,0x00000006c2927060,0x00000006cd180000)
 Metaspace       used 8092K, capacity 8646K, committed 8960K, reserved 1056768K
  class space    used 649K, capacity 690K, committed 768K, reserved 1048576K
Event: 1.475 GC heap after
Heap after GC invocations=10 (full 0):
 PSYoungGen      total 231424K, used 160K [0x000000076b800000, 0x000000078b500000, 0x00000007c0000000)
  eden space 230912K, 0% used [0x000000076b800000,0x000000076b800000,0x0000000779980000)
  from space 512K, 31% used [0x000000078b480000,0x000000078b4a8000,0x000000078b500000)
  to   space 2560K, 0% used [0x000000078b000000,0x000000078b000000,0x000000078b280000)
 ParOldGen       total 173568K, used 1244K [0x00000006c2800000, 0x00000006cd180000, 0x000000076b800000)
  object space 173568K, 0% used [0x00000006c2800000,0x00000006c2937060,0x00000006cd180000)
 Metaspace       used 8092K, capacity 8646K, committed 8960K, reserved 1056768K
  class space    used 649K, capacity 690K, committed 768K, reserved 1048576K
}

