# JRE version: Java(TM) SE Runtime Environment (8.0_65-b17) (build 1.8.0_65-b17)
# Java VM: Java HotSpot(TM) 64-Bit Server VM (25.65-b01 mixed mode windows-amd64 compressed oops)
Heap:
 PSYoungGen      total 355840K, used 53123K [0x000000076b800000, 0x00000007a4a80000, 0x00000007c0000000)
  eden space 351232K, 15% used [0x000000076b800000,0x000000076ebb0fc0,0x0000000780f00000)
  from space 4608K, 4% used [0x00000007a4180000,0x00000007a41b0000,0x00000007a4600000)
  to   space 4096K, 0% used [0x00000007a4680000,0x00000007a4680000,0x00000007a4a80000)
 ParOldGen       total 173568K, used 18239K [0x00000006c2800000, 0x00000006cd180000, 0x000000076b800000)
  object space 173568K, 10% used [0x00000006c2800000,0x00000006c39cfe38,0x00000006cd180000)
 Metaspace       used 8377K, capacity 8710K, committed 8960K, reserved 1056768K
  class space    used 661K, capacity 690K, committed 768K, reserved 1048576K
GC Heap History (10 events):
Event: 6.127 GC heap before
{Heap before GC invocations=23 (full 0):
 PSYoungGen      total 436736K, used 436448K [0x000000076b800000, 0x00000007a5300000, 0x00000007c0000000)
  eden space 436224K, 100% used [0x000000076b800000,0x0000000786200000,0x0000000786200000)
  from space 512K, 43% used [0x00000007a5280000,0x00000007a52b8000,0x00000007a5300000)
  to   space 5632K, 0% used [0x00000007a4800000,0x00000007a4800000,0x00000007a4d80000)
 ParOldGen       total 173568K, used 18239K [0x00000006c2800000, 0x00000006cd180000, 0x000000076b800000)
  object space 173568K, 10% used [0x00000006c2800000,0x00000006c39cfe38,0x00000006cd180000)
 Metaspace       used 8377K, capacity 8710K, committed 8960K, reserved 1056768K
  class space    used 661K, capacity 690K, committed 768K, reserved 1048576K
Event: 6.128 GC heap after
Heap after GC invocations=23 (full 0):
 PSYoungGen      total 422912K, used 224K [0x000000076b800000, 0x00000007a5300000, 0x00000007c0000000)
  eden space 417280K, 0% used [0x000000076b800000,0x000000076b800000,0x0000000784f80000)
  from space 5632K, 3% used [0x00000007a4800000,0x00000007a4838000,0x00000007a4d80000)
  to   space 5120K, 0% used [0x00000007a4e00000,0x00000007a4e00000,0x00000007a5300000)
 ParOldGen       total 173568K, used 18239K [0x00000006c2800000, 0x00000006cd180000, 0x000000076b800000)
  object space 173568K, 10% used [0x00000006c2800000,0x00000006c39cfe38,0x00000006cd180000)
 Metaspace       used 8377K, capacity 8710K, committed 8960K, reserved 1056768K
  class space    used 661K, capacity 690K, committed 768K, reserved 1048576K
}
Event: 6.531 GC heap before
{Heap before GC invocations=24 (full 0):
 PSYoungGen      total 422912K, used 417504K [0x000000076b800000, 0x00000007a5300000, 0x00000007c0000000)
  eden space 417280K, 100% used [0x000000076b800000,0x0000000784f80000,0x0000000784f80000)
  from space 5632K, 3% used [0x00000007a4800000,0x00000007a4838000,0x00000007a4d80000)
  to   space 5120K, 0% used [0x00000007a4e00000,0x00000007a4e00000,0x00000007a5300000)
 ParOldGen       total 173568K, used 18239K [0x00000006c2800000, 0x00000006cd180000, 0x000000076b800000)
  object space 173568K, 10% used [0x00000006c2800000,0x00000006c39cfe38,0x00000006cd180000)
 Metaspace       used 8377K, capacity 8710K, committed 8960K, reserved 1056768K
  class space    used 661K, capacity 690K, committed 768K, reserved 1048576K
Event: 6.531 GC heap after
Heap after GC invocations=24 (full 0):
 PSYoungGen      total 399872K, used 224K [0x000000076b800000, 0x00000007a4e80000, 0x00000007c0000000)
  eden space 399360K, 0% used [0x000000076b800000,0x000000076b800000,0x0000000783e00000)
  from space 512K, 43% used [0x00000007a4e00000,0x00000007a4e38000,0x00000007a4e80000)
  to   space 5120K, 0% used [0x00000007a4480000,0x00000007a4480000,0x00000007a4980000)
 ParOldGen       total 173568K, used 18239K [0x00000006c2800000, 0x00000006cd180000, 0x000000076b800000)
  object space 173568K, 10% used [0x00000006c2800000,0x00000006c39cfe38,0x00000006cd180000)
 Metaspace       used 8377K, capacity 8710K, committed 8960K, reserved 1056768K
  class space    used 661K, capacity 690K, committed 768K, reserved 1048576K
}
Event: 6.894 GC heap before
{Heap before GC invocations=25 (full 0):
 PSYoungGen      total 399872K, used 399584K [0x000000076b800000, 0x00000007a4e80000, 0x00000007c0000000)
  eden space 399360K, 100% used [0x000000076b800000,0x0000000783e00000,0x0000000783e00000)
  from space 512K, 43% used [0x00000007a4e00000,0x00000007a4e38000,0x00000007a4e80000)
  to   space 5120K, 0% used [0x00000007a4480000,0x00000007a4480000,0x00000007a4980000)
 ParOldGen       total 173568K, used 18239K [0x00000006c2800000, 0x00000006cd180000, 0x000000076b800000)
  object space 173568K, 10% used [0x00000006c2800000,0x00000006c39cfe38,0x00000006cd180000)
 Metaspace       used 8377K, capacity 8710K, committed 8960K, reserved 1056768K
  class space    used 661K, capacity 690K, committed 768K, reserved 1048576K
Event: 6.895 GC heap after
Heap after GC invocations=25 (full 0):
 PSYoungGen      total 387584K, used 224K [0x000000076b800000, 0x00000007a4e80000, 0x00000007c0000000)
  eden space 382464K, 0% used [0x000000076b800000,0x000000076b800000,0x0000000782d80000)
  from space 5120K, 4% used [0x00000007a4480000,0x00000007a44b8000,0x00000007a4980000)
  to   space 4608K, 0% used [0x00000007a4a00000,0x00000007a4a00000,0x00000007a4e80000)
 ParOldGen       total 173568K, used 18239K [0x00000006c2800000, 0x00000006cd180000, 0x000000076b800000)
  object space 173568K, 10% used [0x00000006c2800000,0x00000006c39cfe38,0x00000006cd180000)
 Metaspace       used 8377K, capacity 8710K, committed 8960K, reserved 1056768K
  class space    used 661K, capacity 690K, committed 768K, reserved 1048576K
}
Event: 7.174 GC heap before
{Heap before GC invocations=26 (full 0):
 PSYoungGen      total 387584K, used 382688K [0x000000076b800000, 0x00000007a4e80000, 0x00000007c0000000)
  eden space 382464K, 100% used [0x000000076b800000,0x0000000782d80000,0x0000000782d80000)
  from space 5120K, 4% used [0x00000007a4480000,0x00000007a44b8000,0x00000007a4980000)
  to   space 4608K, 0% used [0x00000007a4a00000,0x00000007a4a00000,0x00000007a4e80000)
 ParOldGen       total 173568K, used 18239K [0x00000006c2800000, 0x00000006cd180000, 0x000000076b800000)
  object space 173568K, 10% used [0x00000006c2800000,0x00000006c39cfe38,0x00000006cd180000)
 Metaspace       used 8377K, capacity 8710K, committed 8960K, reserved 1056768K
  class space    used 661K, capacity 690K, committed 768K, reserved 1048576K
Event: 7.175 GC heap after
Heap after GC invocations=26 (full 0):
 PSYoungGen      total 367104K, used 224K [0x000000076b800000, 0x00000007a4a80000, 0x00000007c0000000)
  eden space 366592K, 0% used [0x000000076b800000,0x000000076b800000,0x0000000781e00000)
  from space 512K, 43% used [0x00000007a4a00000,0x00000007a4a38000,0x00000007a4a80000)
  to   space 4608K, 0% used [0x00000007a4180000,0x00000007a4180000,0x00000007a4600000)
 ParOldGen       total 173568K, used 18239K [0x00000006c2800000, 0x00000006cd180000, 0x000000076b800000)
  object space 173568K, 10% used [0x00000006c2800000,0x00000006c39cfe38,0x00000006cd180000)
 Metaspace       used 8377K, capacity 8710K, committed 8960K, reserved 1056768K
  class space    used 661K, capacity 690K, committed 768K, reserved 1048576K
}
Event: 7.470 GC heap before
{Heap before GC invocations=27 (full 0):
 PSYoungGen      total 367104K, used 366816K [0x000000076b800000, 0x00000007a4a80000, 0x00000007c0000000)
  eden space 366592K, 100% used [0x000000076b800000,0x0000000781e00000,0x0000000781e00000)
  from space 512K, 43% used [0x00000007a4a00000,0x00000007a4a38000,0x00000007a4a80000)
  to   space 4608K, 0% used [0x00000007a4180000,0x00000007a4180000,0x00000007a4600000)
 ParOldGen       total 173568K, used 18239K [0x00000006c2800000, 0x00000006cd180000, 0x000000076b800000)
  object space 173568K, 10% used [0x00000006c2800000,0x00000006c39cfe38,0x00000006cd180000)
 Metaspace       used 8377K, capacity 8710K, committed 8960K, reserved 1056768K
  class space    used 661K, capacity 690K, committed 768K, reserved 1048576K
Event: 7.470 GC heap after
Heap after GC invocations=27 (full 0):
 PSYoungGen      total 355840K, used 192K [0x000000076b800000, 0x00000007a4a80000, 0x00000007c0000000)
  eden space 351232K, 0% used [0x000000076b800000,0x000000076b800000,0x0000000780f00000)
  from space 4608K, 4% used [0x00000007a4180000,0x00000007a41b0000,0x00000007a4600000)
  to   space 4096K, 0% used [0x00000007a4680000,0x00000007a4680000,0x00000007a4a80000)
 ParOldGen       total 173568K, used 18239K [0x00000006c2800000, 0x00000006cd180000, 0x000000076b800000)
  object space 173568K, 10% used [0x00000006c2800000,0x00000006c39cfe38,0x00000006cd180000)
 Metaspace       used 8377K, capacity 8710K, committed 8960K, reserved 1056768K
  class space    used 661K, capacity 690K, committed 768K, reserved 1048576K
}

