# JRE version: Java(TM) SE Runtime Environment (8.0_65-b17) (build 1.8.0_65-b17)
# Java VM: Java HotSpot(TM) 64-Bit Server VM (25.65-b01 mixed mode windows-amd64 compressed oops)
Heap:
 PSYoungGen      total 1210368K, used 897246K [0x000000076b800000, 0x00000007bf080000, 0x00000007c0000000)
  eden space 1195008K, 75% used [0x000000076b800000,0x00000007a240f870,0x00000007b4700000)
  from space 15360K, 1% used [0x00000007bd280000,0x00000007bd2a8000,0x00000007be180000)
  to   space 14848K, 0% used [0x00000007be200000,0x00000007be200000,0x00000007bf080000)
 ParOldGen       total 173568K, used 6628K [0x00000006c2800000, 0x00000006cd180000, 0x000000076b800000)
  object space 173568K, 3% used [0x00000006c2800000,0x00000006c2e79060,0x00000006cd180000)
 Metaspace       used 8525K, capacity 8742K, committed 8960K, reserved 1056768K
  class space    used 687K, capacity 722K, committed 768K, reserved 1048576K
GC Heap History (10 events):
Event: 2.821 GC heap before
{Heap before GC invocations=11 (full 0):
 PSYoungGen      total 840192K, used 822912K [0x000000076b800000, 0x000000079fd80000, 0x00000007c0000000)
  eden space 822784K, 100% used [0x000000076b800000,0x000000079db80000,0x000000079db80000)
  from space 17408K, 0% used [0x000000079ec80000,0x000000079eca0000,0x000000079fd80000)
  to   space 17408K, 0% used [0x000000079db80000,0x000000079db80000,0x000000079ec80000)
 ParOldGen       total 173568K, used 6588K [0x00000006c2800000, 0x00000006cd180000, 0x000000076b800000)
  object space 173568K, 3% used [0x00000006c2800000,0x00000006c2e6f060,0x00000006cd180000)
 Metaspace       used 8509K, capacity 8742K, committed 8960K, reserved 1056768K
  class space    used 687K, capacity 722K, committed 768K, reserved 1048576K
Event: 2.822 GC heap after
Heap after GC invocations=11 (full 0):
 PSYoungGen      total 840192K, used 192K [0x000000076b800000, 0x00000007bdf00000, 0x00000007c0000000)
  eden space 822784K, 0% used [0x000000076b800000,0x000000076b800000,0x000000079db80000)
  from space 17408K, 1% used [0x000000079db80000,0x000000079dbb0000,0x000000079ec80000)
  to   space 16896K, 0% used [0x00000007bce80000,0x00000007bce80000,0x00000007bdf00000)
 ParOldGen       total 173568K, used 6596K [0x00000006c2800000, 0x00000006cd180000, 0x000000076b800000)
  object space 173568K, 3% used [0x00000006c2800000,0x00000006c2e71060,0x00000006cd180000)
 Metaspace       used 8509K, capacity 8742K, committed 8960K, reserved 1056768K
  class space    used 687K, capacity 722K, committed 768K, reserved 1048576K
}
Event: 3.204 GC heap before
{Heap before GC invocations=12 (full 0):
 PSYoungGen      total 840192K, used 822976K [0x000000076b800000, 0x00000007bdf00000, 0x00000007c0000000)
  eden space 822784K, 100% used [0x000000076b800000,0x000000079db80000,0x000000079db80000)
  from space 17408K, 1% used [0x000000079db80000,0x000000079dbb0000,0x000000079ec80000)
  to   space 16896K, 0% used [0x00000007bce80000,0x00000007bce80000,0x00000007bdf00000)
 ParOldGen       total 173568K, used 6596K [0x00000006c2800000, 0x00000006cd180000, 0x000000076b800000)
  object space 173568K, 3% used [0x00000006c2800000,0x00000006c2e71060,0x00000006cd180000)
 Metaspace       used 8512K, capacity 8742K, committed 8960K, reserved 1056768K
  class space    used 687K, capacity 722K, committed 768K, reserved 1048576K
Event: 3.205 GC heap after
Heap after GC invocations=12 (full 0):
 PSYoungGen      total 1332736K, used 224K [0x000000076b800000, 0x00000007bde00000, 0x00000007c0000000)
  eden space 1316864K, 0% used [0x000000076b800000,0x000000076b800000,0x00000007bbe00000)
  from space 15872K, 1% used [0x00000007bce80000,0x00000007bceb8000,0x00000007bde00000)
  to   space 16384K, 0% used [0x00000007bbe00000,0x00000007bbe00000,0x00000007bce00000)
 ParOldGen       total 173568K, used 6596K [0x00000006c2800000, 0x00000006cd180000, 0x000000076b800000)
  object space 173568K, 3% used [0x00000006c2800000,0x00000006c2e71060,0x00000006cd180000)
 Metaspace       used 8512K, capacity 8742K, committed 8960K, reserved 1056768K
  class space    used 687K, capacity 722K, committed 768K, reserved 1048576K
}
Event: 3.902 GC heap before
{Heap before GC invocations=13 (full 0):
 PSYoungGen      total 1332736K, used 1317088K [0x000000076b800000, 0x00000007bde00000, 0x00000007c0000000)
  eden space 1316864K, 100% used [0x000000076b800000,0x00000007bbe00000,0x00000007bbe00000)
  from space 15872K, 1% used [0x00000007bce80000,0x00000007bceb8000,0x00000007bde00000)
  to   space 16384K, 0% used [0x00000007bbe00000,0x00000007bbe00000,0x00000007bce00000)
 ParOldGen       total 173568K, used 6596K [0x00000006c2800000, 0x00000006cd180000, 0x000000076b800000)
  object space 173568K, 3% used [0x00000006c2800000,0x00000006c2e71060,0x00000006cd180000)
 Metaspace       used 8522K, capacity 8742K, committed 8960K, reserved 1056768K
  class space    used 687K, capacity 722K, committed 768K, reserved 1048576K
Event: 3.902 GC heap after
Heap after GC invocations=13 (full 0):
 PSYoungGen      total 1333248K, used 192K [0x000000076b800000, 0x00000007bff80000, 0x00000007c0000000)
  eden space 1316864K, 0% used [0x000000076b800000,0x000000076b800000,0x00000007bbe00000)
  from space 16384K, 1% used [0x00000007bbe00000,0x00000007bbe30000,0x00000007bce00000)
  to   space 15872K, 0% used [0x00000007bf000000,0x00000007bf000000,0x00000007bff80000)
 ParOldGen       total 173568K, used 6596K [0x00000006c2800000, 0x00000006cd180000, 0x000000076b800000)
  object space 173568K, 3% used [0x00000006c2800000,0x00000006c2e71060,0x00000006cd180000)
 Metaspace       used 8522K, capacity 8742K, committed 8960K, reserved 1056768K
  class space    used 687K, capacity 722K, committed 768K, reserved 1048576K
}
Event: 4.581 GC heap before
{Heap before GC invocations=14 (full 0):
 PSYoungGen      total 1333248K, used 1317056K [0x000000076b800000, 0x00000007bff80000, 0x00000007c0000000)
  eden space 1316864K, 100% used [0x000000076b800000,0x00000007bbe00000,0x00000007bbe00000)
  from space 16384K, 1% used [0x00000007bbe00000,0x00000007bbe30000,0x00000007bce00000)
  to   space 15872K, 0% used [0x00000007bf000000,0x00000007bf000000,0x00000007bff80000)
 ParOldGen       total 173568K, used 6596K [0x00000006c2800000, 0x00000006cd180000, 0x000000076b800000)
  object space 173568K, 3% used [0x00000006c2800000,0x00000006c2e71060,0x00000006cd180000)
 Metaspace       used 8522K, capacity 8742K, committed 8960K, reserved 1056768K
  class space    used 687K, capacity 722K, committed 768K, reserved 1048576K
Event: 4.582 GC heap after
Heap after GC invocations=14 (full 0):
 PSYoungGen      total 1254912K, used 160K [0x000000076b800000, 0x00000007bf080000, 0x00000007c0000000)
  eden space 1254400K, 0% used [0x000000076b800000,0x000000076b800000,0x00000007b8100000)
  from space 512K, 31% used [0x00000007bf000000,0x00000007bf028000,0x00000007bf080000)
  to   space 15360K, 0% used [0x00000007bd280000,0x00000007bd280000,0x00000007be180000)
 ParOldGen       total 173568K, used 6620K [0x00000006c2800000, 0x00000006cd180000, 0x000000076b800000)
  object space 173568K, 3% used [0x00000006c2800000,0x00000006c2e77060,0x00000006cd180000)
 Metaspace       used 8522K, capacity 8742K, committed 8960K, reserved 1056768K
  class space    used 687K, capacity 722K, committed 768K, reserved 1048576K
}
Event: 5.168 GC heap before
{Heap before GC invocations=15 (full 0):
 PSYoungGen      total 1254912K, used 1254560K [0x000000076b800000, 0x00000007bf080000, 0x00000007c0000000)
  eden space 1254400K, 100% used [0x000000076b800000,0x00000007b8100000,0x00000007b8100000)
  from space 512K, 31% used [0x00000007bf000000,0x00000007bf028000,0x00000007bf080000)
  to   space 15360K, 0% used [0x00000007bd280000,0x00000007bd280000,0x00000007be180000)
 ParOldGen       total 173568K, used 6620K [0x00000006c2800000, 0x00000006cd180000, 0x000000076b800000)
  object space 173568K, 3% used [0x00000006c2800000,0x00000006c2e77060,0x00000006cd180000)
 Metaspace       used 8524K, capacity 8742K, committed 8960K, reserved 1056768K
  class space    used 687K, capacity 722K, committed 768K, reserved 1048576K
Event: 5.168 GC heap after
Heap after GC invocations=15 (full 0):
 PSYoungGen      total 1210368K, used 160K [0x000000076b800000, 0x00000007bf080000, 0x00000007c0000000)
  eden space 1195008K, 0% used [0x000000076b800000,0x000000076b800000,0x00000007b4700000)
  from space 15360K, 1% used [0x00000007bd280000,0x00000007bd2a8000,0x00000007be180000)
  to   space 14848K, 0% used [0x00000007be200000,0x00000007be200000,0x00000007bf080000)
 ParOldGen       total 173568K, used 6628K [0x00000006c2800000, 0x00000006cd180000, 0x000000076b800000)
  object space 173568K, 3% used [0x00000006c2800000,0x00000006c2e79060,0x00000006cd180000)
 Metaspace       used 8524K, capacity 8742K, committed 8960K, reserved 1056768K
  class space    used 687K, capacity 722K, committed 768K, reserved 1048576K
}

