# JRE version: Java(TM) SE Runtime Environment (8.0_65-b17) (build 1.8.0_65-b17)
# Java VM: Java HotSpot(TM) 64-Bit Server VM (25.65-b01 mixed mode windows-amd64 compressed oops)
Heap:
 PSYoungGen      total 1052672K, used 646983K [0x000000076b800000, 0x00000007aca80000, 0x00000007c0000000)
  eden space 1038848K, 62% used [0x000000076b800000,0x0000000792fa9c48,0x00000007aae80000)
  from space 13824K, 1% used [0x00000007abd00000,0x00000007abd28000,0x00000007aca80000)
  to   space 14336K, 0% used [0x00000007aae80000,0x00000007aae80000,0x00000007abc80000)
 ParOldGen       total 173568K, used 36657K [0x00000006c2800000, 0x00000006cd180000, 0x000000076b800000)
  object space 173568K, 21% used [0x00000006c2800000,0x00000006c4bcc4d0,0x00000006cd180000)
 Metaspace       used 8311K, capacity 8710K, committed 8960K, reserved 1056768K
  class space    used 659K, capacity 690K, committed 768K, reserved 1048576K
GC Heap History (10 events):
Event: 1.268 GC heap before
{Heap before GC invocations=10 (full 0):
 PSYoungGen      total 261120K, used 261096K [0x000000076b800000, 0x0000000785b00000, 0x00000007c0000000)
  eden space 258560K, 100% used [0x000000076b800000,0x000000077b480000,0x000000077b480000)
  from space 2560K, 99% used [0x000000077b480000,0x000000077b6fa1e0,0x000000077b700000)
  to   space 7680K, 0% used [0x0000000785380000,0x0000000785380000,0x0000000785b00000)
 ParOldGen       total 173568K, used 13200K [0x00000006c2800000, 0x00000006cd180000, 0x000000076b800000)
  object space 173568K, 7% used [0x00000006c2800000,0x00000006c34e4050,0x00000006cd180000)
 Metaspace       used 8224K, capacity 8646K, committed 8960K, reserved 1056768K
  class space    used 655K, capacity 690K, committed 768K, reserved 1048576K
Event: 1.287 GC heap after
Heap after GC invocations=10 (full 0):
 PSYoungGen      total 413184K, used 7663K [0x000000076b800000, 0x0000000786b00000, 0x00000007c0000000)
  eden space 405504K, 0% used [0x000000076b800000,0x000000076b800000,0x0000000784400000)
  from space 7680K, 99% used [0x0000000785380000,0x0000000785afbc08,0x0000000785b00000)
  to   space 15872K, 0% used [0x0000000784400000,0x0000000784400000,0x0000000785380000)
 ParOldGen       total 173568K, used 31996K [0x00000006c2800000, 0x00000006cd180000, 0x000000076b800000)
  object space 173568K, 18% used [0x00000006c2800000,0x00000006c473f070,0x00000006cd180000)
 Metaspace       used 8224K, capacity 8646K, committed 8960K, reserved 1056768K
  class space    used 655K, capacity 690K, committed 768K, reserved 1048576K
}
Event: 1.543 GC heap before
{Heap before GC invocations=11 (full 0):
 PSYoungGen      total 413184K, used 413167K [0x000000076b800000, 0x0000000786b00000, 0x00000007c0000000)
  eden space 405504K, 100% used [0x000000076b800000,0x0000000784400000,0x0000000784400000)
  from space 7680K, 99% used [0x0000000785380000,0x0000000785afbc08,0x0000000785b00000)
  to   space 15872K, 0% used [0x0000000784400000,0x0000000784400000,0x0000000785380000)
 ParOldGen       total 173568K, used 31996K [0x00000006c2800000, 0x00000006cd180000, 0x000000076b800000)
  object space 173568K, 18% used [0x00000006c2800000,0x00000006c473f070,0x00000006cd180000)
 Metaspace       used 8259K, capacity 8646K, committed 8960K, reserved 1056768K
  class space    used 659K, capacity 690K, committed 768K, reserved 1048576K
Event: 1.549 GC heap after
Heap after GC invocations=11 (full 0):
 PSYoungGen      total 421376K, used 256K [0x000000076b800000, 0x0000000795100000, 0x00000007c0000000)
  eden space 405504K, 0% used [0x000000076b800000,0x000000076b800000,0x0000000784400000)
  from space 15872K, 1% used [0x0000000784400000,0x0000000784440000,0x0000000785380000)
  to   space 15872K, 0% used [0x0000000794180000,0x0000000794180000,0x0000000795100000)
 ParOldGen       total 173568K, used 36553K [0x00000006c2800000, 0x00000006cd180000, 0x000000076b800000)
  object space 173568K, 21% used [0x00000006c2800000,0x00000006c4bb24d0,0x00000006cd180000)
 Metaspace       used 8259K, capacity 8646K, committed 8960K, reserved 1056768K
  class space    used 659K, capacity 690K, committed 768K, reserved 1048576K
}
Event: 1.900 GC heap before
{Heap before GC invocations=12 (full 0):
 PSYoungGen      total 421376K, used 405760K [0x000000076b800000, 0x0000000795100000, 0x00000007c0000000)
  eden space 405504K, 100% used [0x000000076b800000,0x0000000784400000,0x0000000784400000)
  from space 15872K, 1% used [0x0000000784400000,0x0000000784440000,0x0000000785380000)
  to   space 15872K, 0% used [0x0000000794180000,0x0000000794180000,0x0000000795100000)
 ParOldGen       total 173568K, used 36553K [0x00000006c2800000, 0x00000006cd180000, 0x000000076b800000)
  object space 173568K, 21% used [0x00000006c2800000,0x00000006c4bb24d0,0x00000006cd180000)
 Metaspace       used 8264K, capacity 8646K, committed 8960K, reserved 1056768K
  class space    used 659K, capacity 690K, committed 768K, reserved 1048576K
Event: 1.900 GC heap after
Heap after GC invocations=12 (full 0):
 PSYoungGen      total 664064K, used 224K [0x000000076b800000, 0x0000000795000000, 0x00000007c0000000)
  eden space 649216K, 0% used [0x000000076b800000,0x000000076b800000,0x0000000793200000)
  from space 14848K, 1% used [0x0000000794180000,0x00000007941b8000,0x0000000795000000)
  to   space 15360K, 0% used [0x0000000793200000,0x0000000793200000,0x0000000794100000)
 ParOldGen       total 173568K, used 36609K [0x00000006c2800000, 0x00000006cd180000, 0x000000076b800000)
  object space 173568K, 21% used [0x00000006c2800000,0x00000006c4bc04d0,0x00000006cd180000)
 Metaspace       used 8264K, capacity 8646K, committed 8960K, reserved 1056768K
  class space    used 659K, capacity 690K, committed 768K, reserved 1048576K
}
Event: 2.411 GC heap before
{Heap before GC invocations=13 (full 0):
 PSYoungGen      total 664064K, used 649440K [0x000000076b800000, 0x0000000795000000, 0x00000007c0000000)
  eden space 649216K, 100% used [0x000000076b800000,0x0000000793200000,0x0000000793200000)
  from space 14848K, 1% used [0x0000000794180000,0x00000007941b8000,0x0000000795000000)
  to   space 15360K, 0% used [0x0000000793200000,0x0000000793200000,0x0000000794100000)
 ParOldGen       total 173568K, used 36609K [0x00000006c2800000, 0x00000006cd180000, 0x000000076b800000)
  object space 173568K, 21% used [0x00000006c2800000,0x00000006c4bc04d0,0x00000006cd180000)
 Metaspace       used 8292K, capacity 8710K, committed 8960K, reserved 1056768K
  class space    used 659K, capacity 690K, committed 768K, reserved 1048576K
Event: 2.412 GC heap after
Heap after GC invocations=13 (full 0):
 PSYoungGen      total 664576K, used 224K [0x000000076b800000, 0x00000007acb80000, 0x00000007c0000000)
  eden space 649216K, 0% used [0x000000076b800000,0x000000076b800000,0x0000000793200000)
  from space 15360K, 1% used [0x0000000793200000,0x0000000793238000,0x0000000794100000)
  to   space 14848K, 0% used [0x00000007abd00000,0x00000007abd00000,0x00000007acb80000)
 ParOldGen       total 173568K, used 36625K [0x00000006c2800000, 0x00000006cd180000, 0x000000076b800000)
  object space 173568K, 21% used [0x00000006c2800000,0x00000006c4bc44d0,0x00000006cd180000)
 Metaspace       used 8292K, capacity 8710K, committed 8960K, reserved 1056768K
  class space    used 659K, capacity 690K, committed 768K, reserved 1048576K
}
Event: 2.880 GC heap before
{Heap before GC invocations=14 (full 0):
 PSYoungGen      total 664576K, used 649440K [0x000000076b800000, 0x00000007acb80000, 0x00000007c0000000)
  eden space 649216K, 100% used [0x000000076b800000,0x0000000793200000,0x0000000793200000)
  from space 15360K, 1% used [0x0000000793200000,0x0000000793238000,0x0000000794100000)
  to   space 14848K, 0% used [0x00000007abd00000,0x00000007abd00000,0x00000007acb80000)
 ParOldGen       total 173568K, used 36625K [0x00000006c2800000, 0x00000006cd180000, 0x000000076b800000)
  object space 173568K, 21% used [0x00000006c2800000,0x00000006c4bc44d0,0x00000006cd180000)
 Metaspace       used 8308K, capacity 8710K, committed 8960K, reserved 1056768K
  class space    used 659K, capacity 690K, committed 768K, reserved 1048576K
Event: 2.881 GC heap after
Heap after GC invocations=14 (full 0):
 PSYoungGen      total 1052672K, used 160K [0x000000076b800000, 0x00000007aca80000, 0x00000007c0000000)
  eden space 1038848K, 0% used [0x000000076b800000,0x000000076b800000,0x00000007aae80000)
  from space 13824K, 1% used [0x00000007abd00000,0x00000007abd28000,0x00000007aca80000)
  to   space 14336K, 0% used [0x00000007aae80000,0x00000007aae80000,0x00000007abc80000)
 ParOldGen       total 173568K, used 36657K [0x00000006c2800000, 0x00000006cd180000, 0x000000076b800000)
  object space 173568K, 21% used [0x00000006c2800000,0x00000006c4bcc4d0,0x00000006cd180000)
 Metaspace       used 8308K, capacity 8710K, committed 8960K, reserved 1056768K
  class space    used 659K, capacity 690K, committed 768K, reserved 1048576K
}

