# JRE version: Java(TM) SE Runtime Environment (8.0_65-b17) (build 1.8.0_65-b17)
# Java VM: Java HotSpot(TM) 64-Bit Server VM (25.65-b01 mixed mode windows-amd64 compressed oops)
Heap:
 PSYoungGen      total 62464K, used 36137K [0x000000076b800000, 0x00000007bb780000, 0x00000007c0000000)
  eden space 61952K, 57% used [0x000000076b800000,0x000000076db12770,0x000000076f480000)
  from space 512K, 43% used [0x00000007bb700000,0x00000007bb738000,0x00000007bb780000)
  to   space 512K, 0% used [0x00000007bb680000,0x00000007bb680000,0x00000007bb700000)
 ParOldGen       total 173568K, used 18962K [0x00000006c2800000, 0x00000006cd180000, 0x000000076b800000)
  object space 173568K, 10% used [0x00000006c2800000,0x00000006c3a84b48,0x00000006cd180000)
 Metaspace       used 8406K, capacity 8774K, committed 8960K, reserved 1056768K
  class space    used 662K, capacity 690K, committed 768K, reserved 1048576K
GC Heap History (10 events):
Event: 28.195 GC heap before
{Heap before GC invocations=92 (full 0):
 PSYoungGen      total 70144K, used 69824K [0x000000076b800000, 0x00000007bb780000, 0x00000007c0000000)
  eden space 69632K, 100% used [0x000000076b800000,0x000000076fc00000,0x000000076fc00000)
  from space 512K, 37% used [0x00000007bb680000,0x00000007bb6b0000,0x00000007bb700000)
  to   space 512K, 0% used [0x00000007bb700000,0x00000007bb700000,0x00000007bb780000)
 ParOldGen       total 173568K, used 18962K [0x00000006c2800000, 0x00000006cd180000, 0x000000076b800000)
  object space 173568K, 10% used [0x00000006c2800000,0x00000006c3a84b48,0x00000006cd180000)
 Metaspace       used 8406K, capacity 8774K, committed 8960K, reserved 1056768K
  class space    used 662K, capacity 690K, committed 768K, reserved 1048576K
Event: 28.196 GC heap after
Heap after GC invocations=92 (full 0):
 PSYoungGen      total 68608K, used 192K [0x000000076b800000, 0x00000007bb780000, 0x00000007c0000000)
  eden space 68096K, 0% used [0x000000076b800000,0x000000076b800000,0x000000076fa80000)
  from space 512K, 37% used [0x00000007bb700000,0x00000007bb730000,0x00000007bb780000)
  to   space 512K, 0% used [0x00000007bb680000,0x00000007bb680000,0x00000007bb700000)
 ParOldGen       total 173568K, used 18962K [0x00000006c2800000, 0x00000006cd180000, 0x000000076b800000)
  object space 173568K, 10% used [0x00000006c2800000,0x00000006c3a84b48,0x00000006cd180000)
 Metaspace       used 8406K, capacity 8774K, committed 8960K, reserved 1056768K
  class space    used 662K, capacity 690K, committed 768K, reserved 1048576K
}
Event: 28.259 GC heap before
{Heap before GC invocations=93 (full 0):
 PSYoungGen      total 68608K, used 68288K [0x000000076b800000, 0x00000007bb780000, 0x00000007c0000000)
  eden space 68096K, 100% used [0x000000076b800000,0x000000076fa80000,0x000000076fa80000)
  from space 512K, 37% used [0x00000007bb700000,0x00000007bb730000,0x00000007bb780000)
  to   space 512K, 0% used [0x00000007bb680000,0x00000007bb680000,0x00000007bb700000)
 ParOldGen       total 173568K, used 18962K [0x00000006c2800000, 0x00000006cd180000, 0x000000076b800000)
  object space 173568K, 10% used [0x00000006c2800000,0x00000006c3a84b48,0x00000006cd180000)
 Metaspace       used 8406K, capacity 8774K, committed 8960K, reserved 1056768K
  class space    used 662K, capacity 690K, committed 768K, reserved 1048576K
Event: 28.260 GC heap after
Heap after GC invocations=93 (full 0):
 PSYoungGen      total 67072K, used 224K [0x000000076b800000, 0x00000007bb780000, 0x00000007c0000000)
  eden space 66560K, 0% used [0x000000076b800000,0x000000076b800000,0x000000076f900000)
  from space 512K, 43% used [0x00000007bb680000,0x00000007bb6b8000,0x00000007bb700000)
  to   space 512K, 0% used [0x00000007bb700000,0x00000007bb700000,0x00000007bb780000)
 ParOldGen       total 173568K, used 18962K [0x00000006c2800000, 0x00000006cd180000, 0x000000076b800000)
  object space 173568K, 10% used [0x00000006c2800000,0x00000006c3a84b48,0x00000006cd180000)
 Metaspace       used 8406K, capacity 8774K, committed 8960K, reserved 1056768K
  class space    used 662K, capacity 690K, committed 768K, reserved 1048576K
}
Event: 28.320 GC heap before
{Heap before GC invocations=94 (full 0):
 PSYoungGen      total 67072K, used 66784K [0x000000076b800000, 0x00000007bb780000, 0x00000007c0000000)
  eden space 66560K, 100% used [0x000000076b800000,0x000000076f900000,0x000000076f900000)
  from space 512K, 43% used [0x00000007bb680000,0x00000007bb6b8000,0x00000007bb700000)
  to   space 512K, 0% used [0x00000007bb700000,0x00000007bb700000,0x00000007bb780000)
 ParOldGen       total 173568K, used 18962K [0x00000006c2800000, 0x00000006cd180000, 0x000000076b800000)
  object space 173568K, 10% used [0x00000006c2800000,0x00000006c3a84b48,0x00000006cd180000)
 Metaspace       used 8406K, capacity 8774K, committed 8960K, reserved 1056768K
  class space    used 662K, capacity 690K, committed 768K, reserved 1048576K
Event: 28.321 GC heap after
Heap after GC invocations=94 (full 0):
 PSYoungGen      total 65536K, used 256K [0x000000076b800000, 0x00000007bb780000, 0x00000007c0000000)
  eden space 65024K, 0% used [0x000000076b800000,0x000000076b800000,0x000000076f780000)
  from space 512K, 50% used [0x00000007bb700000,0x00000007bb740000,0x00000007bb780000)
  to   space 512K, 0% used [0x00000007bb680000,0x00000007bb680000,0x00000007bb700000)
 ParOldGen       total 173568K, used 18962K [0x00000006c2800000, 0x00000006cd180000, 0x000000076b800000)
  object space 173568K, 10% used [0x00000006c2800000,0x00000006c3a84b48,0x00000006cd180000)
 Metaspace       used 8406K, capacity 8774K, committed 8960K, reserved 1056768K
  class space    used 662K, capacity 690K, committed 768K, reserved 1048576K
}
Event: 28.395 GC heap before
{Heap before GC invocations=95 (full 0):
 PSYoungGen      total 65536K, used 65280K [0x000000076b800000, 0x00000007bb780000, 0x00000007c0000000)
  eden space 65024K, 100% used [0x000000076b800000,0x000000076f780000,0x000000076f780000)
  from space 512K, 50% used [0x00000007bb700000,0x00000007bb740000,0x00000007bb780000)
  to   space 512K, 0% used [0x00000007bb680000,0x00000007bb680000,0x00000007bb700000)
 ParOldGen       total 173568K, used 18962K [0x00000006c2800000, 0x00000006cd180000, 0x000000076b800000)
  object space 173568K, 10% used [0x00000006c2800000,0x00000006c3a84b48,0x00000006cd180000)
 Metaspace       used 8406K, capacity 8774K, committed 8960K, reserved 1056768K
  class space    used 662K, capacity 690K, committed 768K, reserved 1048576K
Event: 28.395 GC heap after
Heap after GC invocations=95 (full 0):
 PSYoungGen      total 64000K, used 224K [0x000000076b800000, 0x00000007bb780000, 0x00000007c0000000)
  eden space 63488K, 0% used [0x000000076b800000,0x000000076b800000,0x000000076f600000)
  from space 512K, 43% used [0x00000007bb680000,0x00000007bb6b8000,0x00000007bb700000)
  to   space 512K, 0% used [0x00000007bb700000,0x00000007bb700000,0x00000007bb780000)
 ParOldGen       total 173568K, used 18962K [0x00000006c2800000, 0x00000006cd180000, 0x000000076b800000)
  object space 173568K, 10% used [0x00000006c2800000,0x00000006c3a84b48,0x00000006cd180000)
 Metaspace       used 8406K, capacity 8774K, committed 8960K, reserved 1056768K
  class space    used 662K, capacity 690K, committed 768K, reserved 1048576K
}
Event: 28.445 GC heap before
{Heap before GC invocations=96 (full 0):
 PSYoungGen      total 64000K, used 63712K [0x000000076b800000, 0x00000007bb780000, 0x00000007c0000000)
  eden space 63488K, 100% used [0x000000076b800000,0x000000076f600000,0x000000076f600000)
  from space 512K, 43% used [0x00000007bb680000,0x00000007bb6b8000,0x00000007bb700000)
  to   space 512K, 0% used [0x00000007bb700000,0x00000007bb700000,0x00000007bb780000)
 ParOldGen       total 173568K, used 18962K [0x00000006c2800000, 0x00000006cd180000, 0x000000076b800000)
  object space 173568K, 10% used [0x00000006c2800000,0x00000006c3a84b48,0x00000006cd180000)
 Metaspace       used 8406K, capacity 8774K, committed 8960K, reserved 1056768K
  class space    used 662K, capacity 690K, committed 768K, reserved 1048576K
Event: 28.445 GC heap after
Heap after GC invocations=96 (full 0):
 PSYoungGen      total 62464K, used 224K [0x000000076b800000, 0x00000007bb780000, 0x00000007c0000000)
  eden space 61952K, 0% used [0x000000076b800000,0x000000076b800000,0x000000076f480000)
  from space 512K, 43% used [0x00000007bb700000,0x00000007bb738000,0x00000007bb780000)
  to   space 512K, 0% used [0x00000007bb680000,0x00000007bb680000,0x00000007bb700000)
 ParOldGen       total 173568K, used 18962K [0x00000006c2800000, 0x00000006cd180000, 0x000000076b800000)
  object space 173568K, 10% used [0x00000006c2800000,0x00000006c3a84b48,0x00000006cd180000)
 Metaspace       used 8406K, capacity 8774K, committed 8960K, reserved 1056768K
  class space    used 662K, capacity 690K, committed 768K, reserved 1048576K
}

