# JRE version: Java(TM) SE Runtime Environment (8.0_65-b17) (build 1.8.0_65-b17)
# Java VM: Java HotSpot(TM) 64-Bit Server VM (25.65-b01 mixed mode windows-amd64 compressed oops)
Heap:
 PSYoungGen      total 601088K, used 396528K [0x000000076b800000, 0x00000007bcb80000, 0x00000007c0000000)
  eden space 594432K, 66% used [0x000000076b800000,0x0000000783b04190,0x000000078fc80000)
  from space 6656K, 3% used [0x00000007bbe80000,0x00000007bbeb8000,0x00000007bc500000)
  to   space 6144K, 0% used [0x00000007bc580000,0x00000007bc580000,0x00000007bcb80000)
 ParOldGen       total 173568K, used 31045K [0x00000006c2800000, 0x00000006cd180000, 0x000000076b800000)
  object space 173568K, 17% used [0x00000006c2800000,0x00000006c46516f8,0x00000006cd180000)
 Metaspace       used 8371K, capacity 8710K, committed 8960K, reserved 1056768K
  class space    used 658K, capacity 690K, committed 768K, reserved 1048576K
GC Heap History (10 events):
Event: 9.301 GC heap before
{Heap before GC invocations=23 (full 0):
 PSYoungGen      total 749568K, used 749280K [0x000000076b800000, 0x00000007bd980000, 0x00000007c0000000)
  eden space 749056K, 100% used [0x000000076b800000,0x0000000799380000,0x0000000799380000)
  from space 512K, 43% used [0x00000007bd900000,0x00000007bd938000,0x00000007bd980000)
  to   space 8192K, 0% used [0x00000007bc980000,0x00000007bc980000,0x00000007bd180000)
 ParOldGen       total 173568K, used 31029K [0x00000006c2800000, 0x00000006cd180000, 0x000000076b800000)
  object space 173568K, 17% used [0x00000006c2800000,0x00000006c464d6f8,0x00000006cd180000)
 Metaspace       used 8363K, capacity 8710K, committed 8960K, reserved 1056768K
  class space    used 658K, capacity 690K, committed 768K, reserved 1048576K
Event: 9.302 GC heap after
Heap after GC invocations=23 (full 0):
 PSYoungGen      total 722944K, used 224K [0x000000076b800000, 0x00000007bd980000, 0x00000007c0000000)
  eden space 714752K, 0% used [0x000000076b800000,0x000000076b800000,0x0000000797200000)
  from space 8192K, 2% used [0x00000007bc980000,0x00000007bc9b8000,0x00000007bd180000)
  to   space 8192K, 0% used [0x00000007bd180000,0x00000007bd180000,0x00000007bd980000)
 ParOldGen       total 173568K, used 31029K [0x00000006c2800000, 0x00000006cd180000, 0x000000076b800000)
  object space 173568K, 17% used [0x00000006c2800000,0x00000006c464d6f8,0x00000006cd180000)
 Metaspace       used 8363K, capacity 8710K, committed 8960K, reserved 1056768K
  class space    used 658K, capacity 690K, committed 768K, reserved 1048576K
}
Event: 9.825 GC heap before
{Heap before GC invocations=24 (full 0):
 PSYoungGen      total 722944K, used 714976K [0x000000076b800000, 0x00000007bd980000, 0x00000007c0000000)
  eden space 714752K, 100% used [0x000000076b800000,0x0000000797200000,0x0000000797200000)
  from space 8192K, 2% used [0x00000007bc980000,0x00000007bc9b8000,0x00000007bd180000)
  to   space 8192K, 0% used [0x00000007bd180000,0x00000007bd180000,0x00000007bd980000)
 ParOldGen       total 173568K, used 31029K [0x00000006c2800000, 0x00000006cd180000, 0x000000076b800000)
  object space 173568K, 17% used [0x00000006c2800000,0x00000006c464d6f8,0x00000006cd180000)
 Metaspace       used 8363K, capacity 8710K, committed 8960K, reserved 1056768K
  class space    used 658K, capacity 690K, committed 768K, reserved 1048576K
Event: 9.826 GC heap after
Heap after GC invocations=24 (full 0):
 PSYoungGen      total 683008K, used 224K [0x000000076b800000, 0x00000007bd200000, 0x00000007c0000000)
  eden space 682496K, 0% used [0x000000076b800000,0x000000076b800000,0x0000000795280000)
  from space 512K, 43% used [0x00000007bd180000,0x00000007bd1b8000,0x00000007bd200000)
  to   space 7680K, 0% used [0x00000007bc300000,0x00000007bc300000,0x00000007bca80000)
 ParOldGen       total 173568K, used 31029K [0x00000006c2800000, 0x00000006cd180000, 0x000000076b800000)
  object space 173568K, 17% used [0x00000006c2800000,0x00000006c464d6f8,0x00000006cd180000)
 Metaspace       used 8363K, capacity 8710K, committed 8960K, reserved 1056768K
  class space    used 658K, capacity 690K, committed 768K, reserved 1048576K
}
Event: 10.366 GC heap before
{Heap before GC invocations=25 (full 0):
 PSYoungGen      total 683008K, used 682720K [0x000000076b800000, 0x00000007bd200000, 0x00000007c0000000)
  eden space 682496K, 100% used [0x000000076b800000,0x0000000795280000,0x0000000795280000)
  from space 512K, 43% used [0x00000007bd180000,0x00000007bd1b8000,0x00000007bd200000)
  to   space 7680K, 0% used [0x00000007bc300000,0x00000007bc300000,0x00000007bca80000)
 ParOldGen       total 173568K, used 31029K [0x00000006c2800000, 0x00000006cd180000, 0x000000076b800000)
  object space 173568K, 17% used [0x00000006c2800000,0x00000006c464d6f8,0x00000006cd180000)
 Metaspace       used 8371K, capacity 8710K, committed 8960K, reserved 1056768K
  class space    used 658K, capacity 690K, committed 768K, reserved 1048576K
Event: 10.366 GC heap after
Heap after GC invocations=25 (full 0):
 PSYoungGen      total 659456K, used 224K [0x000000076b800000, 0x00000007bd200000, 0x00000007c0000000)
  eden space 651776K, 0% used [0x000000076b800000,0x000000076b800000,0x0000000793480000)
  from space 7680K, 2% used [0x00000007bc300000,0x00000007bc338000,0x00000007bca80000)
  to   space 7168K, 0% used [0x00000007bcb00000,0x00000007bcb00000,0x00000007bd200000)
 ParOldGen       total 173568K, used 31045K [0x00000006c2800000, 0x00000006cd180000, 0x000000076b800000)
  object space 173568K, 17% used [0x00000006c2800000,0x00000006c46516f8,0x00000006cd180000)
 Metaspace       used 8371K, capacity 8710K, committed 8960K, reserved 1056768K
  class space    used 658K, capacity 690K, committed 768K, reserved 1048576K
}
Event: 10.885 GC heap before
{Heap before GC invocations=26 (full 0):
 PSYoungGen      total 659456K, used 652000K [0x000000076b800000, 0x00000007bd200000, 0x00000007c0000000)
  eden space 651776K, 100% used [0x000000076b800000,0x0000000793480000,0x0000000793480000)
  from space 7680K, 2% used [0x00000007bc300000,0x00000007bc338000,0x00000007bca80000)
  to   space 7168K, 0% used [0x00000007bcb00000,0x00000007bcb00000,0x00000007bd200000)
 ParOldGen       total 173568K, used 31045K [0x00000006c2800000, 0x00000006cd180000, 0x000000076b800000)
  object space 173568K, 17% used [0x00000006c2800000,0x00000006c46516f8,0x00000006cd180000)
 Metaspace       used 8371K, capacity 8710K, committed 8960K, reserved 1056768K
  class space    used 658K, capacity 690K, committed 768K, reserved 1048576K
Event: 10.886 GC heap after
Heap after GC invocations=26 (full 0):
 PSYoungGen      total 623104K, used 224K [0x000000076b800000, 0x00000007bcb80000, 0x00000007c0000000)
  eden space 622592K, 0% used [0x000000076b800000,0x000000076b800000,0x0000000791800000)
  from space 512K, 43% used [0x00000007bcb00000,0x00000007bcb38000,0x00000007bcb80000)
  to   space 6656K, 0% used [0x00000007bbe80000,0x00000007bbe80000,0x00000007bc500000)
 ParOldGen       total 173568K, used 31045K [0x00000006c2800000, 0x00000006cd180000, 0x000000076b800000)
  object space 173568K, 17% used [0x00000006c2800000,0x00000006c46516f8,0x00000006cd180000)
 Metaspace       used 8371K, capacity 8710K, committed 8960K, reserved 1056768K
  class space    used 658K, capacity 690K, committed 768K, reserved 1048576K
}
Event: 11.374 GC heap before
{Heap before GC invocations=27 (full 0):
 PSYoungGen      total 623104K, used 622816K [0x000000076b800000, 0x00000007bcb80000, 0x00000007c0000000)
  eden space 622592K, 100% used [0x000000076b800000,0x0000000791800000,0x0000000791800000)
  from space 512K, 43% used [0x00000007bcb00000,0x00000007bcb38000,0x00000007bcb80000)
  to   space 6656K, 0% used [0x00000007bbe80000,0x00000007bbe80000,0x00000007bc500000)
 ParOldGen       total 173568K, used 31045K [0x00000006c2800000, 0x00000006cd180000, 0x000000076b800000)
  object space 173568K, 17% used [0x00000006c2800000,0x00000006c46516f8,0x00000006cd180000)
 Metaspace       used 8371K, capacity 8710K, committed 8960K, reserved 1056768K
  class space    used 658K, capacity 690K, committed 768K, reserved 1048576K
Event: 11.375 GC heap after
Heap after GC invocations=27 (full 0):
 PSYoungGen      total 601088K, used 224K [0x000000076b800000, 0x00000007bcb80000, 0x00000007c0000000)
  eden space 594432K, 0% used [0x000000076b800000,0x000000076b800000,0x000000078fc80000)
  from space 6656K, 3% used [0x00000007bbe80000,0x00000007bbeb8000,0x00000007bc500000)
  to   space 6144K, 0% used [0x00000007bc580000,0x00000007bc580000,0x00000007bcb80000)
 ParOldGen       total 173568K, used 31045K [0x00000006c2800000, 0x00000006cd180000, 0x000000076b800000)
  object space 173568K, 17% used [0x00000006c2800000,0x00000006c46516f8,0x00000006cd180000)
 Metaspace       used 8371K, capacity 8710K, committed 8960K, reserved 1056768K
  class space    used 658K, capacity 690K, committed 768K, reserved 1048576K
}

