# JRE version: Java(TM) SE Runtime Environment (8.0_65-b17) (build 1.8.0_65-b17)
# Java VM: Java HotSpot(TM) 64-Bit Server VM (25.65-b01 mixed mode windows-amd64 compressed oops)
Heap:
 PSYoungGen      total 313344K, used 311432K [0x000000076b800000, 0x00000007b8100000, 0x00000007c0000000)
  eden space 312832K, 99% used [0x000000076b800000,0x000000077e7e2330,0x000000077e980000)
  from space 512K, 50% used [0x00000007b8080000,0x00000007b80c0000,0x00000007b8100000)
  to   space 2048K, 0% used [0x00000007b7d00000,0x00000007b7d00000,0x00000007b7f00000)
 ParOldGen       total 173568K, used 33983K [0x00000006c2800000, 0x00000006cd180000, 0x000000076b800000)
  object space 173568K, 19% used [0x00000006c2800000,0x00000006c492ffd8,0x00000006cd180000)
 Metaspace       used 8331K, capacity 8710K, committed 8960K, reserved 1056768K
  class space    used 659K, capacity 690K, committed 768K, reserved 1048576K
GC Heap History (10 events):
Event: 12.531 GC heap before
{Heap before GC invocations=42 (full 0):
 PSYoungGen      total 389632K, used 386720K [0x000000076b800000, 0x00000007b8780000, 0x00000007c0000000)
  eden space 386560K, 100% used [0x000000076b800000,0x0000000783180000,0x0000000783180000)
  from space 3072K, 5% used [0x00000007b8180000,0x00000007b81a8000,0x00000007b8480000)
  to   space 3072K, 0% used [0x00000007b8480000,0x00000007b8480000,0x00000007b8780000)
 ParOldGen       total 173568K, used 33975K [0x00000006c2800000, 0x00000006cd180000, 0x000000076b800000)
  object space 173568K, 19% used [0x00000006c2800000,0x00000006c492dfd8,0x00000006cd180000)
 Metaspace       used 8331K, capacity 8710K, committed 8960K, reserved 1056768K
  class space    used 659K, capacity 690K, committed 768K, reserved 1048576K
Event: 12.532 GC heap after
Heap after GC invocations=42 (full 0):
 PSYoungGen      total 370688K, used 256K [0x000000076b800000, 0x00000007b8500000, 0x00000007c0000000)
  eden space 370176K, 0% used [0x000000076b800000,0x000000076b800000,0x0000000782180000)
  from space 512K, 50% used [0x00000007b8480000,0x00000007b84c0000,0x00000007b8500000)
  to   space 3072K, 0% used [0x00000007b7f00000,0x00000007b7f00000,0x00000007b8200000)
 ParOldGen       total 173568K, used 33975K [0x00000006c2800000, 0x00000006cd180000, 0x000000076b800000)
  object space 173568K, 19% used [0x00000006c2800000,0x00000006c492dfd8,0x00000006cd180000)
 Metaspace       used 8331K, capacity 8710K, committed 8960K, reserved 1056768K
  class space    used 659K, capacity 690K, committed 768K, reserved 1048576K
}
Event: 12.683 GC heap before
{Heap before GC invocations=43 (full 0):
 PSYoungGen      total 370688K, used 370432K [0x000000076b800000, 0x00000007b8500000, 0x00000007c0000000)
  eden space 370176K, 100% used [0x000000076b800000,0x0000000782180000,0x0000000782180000)
  from space 512K, 50% used [0x00000007b8480000,0x00000007b84c0000,0x00000007b8500000)
  to   space 3072K, 0% used [0x00000007b7f00000,0x00000007b7f00000,0x00000007b8200000)
 ParOldGen       total 173568K, used 33975K [0x00000006c2800000, 0x00000006cd180000, 0x000000076b800000)
  object space 173568K, 19% used [0x00000006c2800000,0x00000006c492dfd8,0x00000006cd180000)
 Metaspace       used 8331K, capacity 8710K, committed 8960K, reserved 1056768K
  class space    used 659K, capacity 690K, committed 768K, reserved 1048576K
Event: 12.684 GC heap after
Heap after GC invocations=43 (full 0):
 PSYoungGen      total 357888K, used 224K [0x000000076b800000, 0x00000007b8500000, 0x00000007c0000000)
  eden space 354816K, 0% used [0x000000076b800000,0x000000076b800000,0x0000000781280000)
  from space 3072K, 7% used [0x00000007b7f00000,0x00000007b7f38000,0x00000007b8200000)
  to   space 2560K, 0% used [0x00000007b8280000,0x00000007b8280000,0x00000007b8500000)
 ParOldGen       total 173568K, used 33975K [0x00000006c2800000, 0x00000006cd180000, 0x000000076b800000)
  object space 173568K, 19% used [0x00000006c2800000,0x00000006c492dfd8,0x00000006cd180000)
 Metaspace       used 8331K, capacity 8710K, committed 8960K, reserved 1056768K
  class space    used 659K, capacity 690K, committed 768K, reserved 1048576K
}
Event: 12.830 GC heap before
{Heap before GC invocations=44 (full 0):
 PSYoungGen      total 357888K, used 355040K [0x000000076b800000, 0x00000007b8500000, 0x00000007c0000000)
  eden space 354816K, 100% used [0x000000076b800000,0x0000000781280000,0x0000000781280000)
  from space 3072K, 7% used [0x00000007b7f00000,0x00000007b7f38000,0x00000007b8200000)
  to   space 2560K, 0% used [0x00000007b8280000,0x00000007b8280000,0x00000007b8500000)
 ParOldGen       total 173568K, used 33975K [0x00000006c2800000, 0x00000006cd180000, 0x000000076b800000)
  object space 173568K, 19% used [0x00000006c2800000,0x00000006c492dfd8,0x00000006cd180000)
 Metaspace       used 8331K, capacity 8710K, committed 8960K, reserved 1056768K
  class space    used 659K, capacity 690K, committed 768K, reserved 1048576K
Event: 12.830 GC heap after
Heap after GC invocations=44 (full 0):
 PSYoungGen      total 340480K, used 160K [0x000000076b800000, 0x00000007b8300000, 0x00000007c0000000)
  eden space 339968K, 0% used [0x000000076b800000,0x000000076b800000,0x0000000780400000)
  from space 512K, 31% used [0x00000007b8280000,0x00000007b82a8000,0x00000007b8300000)
  to   space 2560K, 0% used [0x00000007b7e00000,0x00000007b7e00000,0x00000007b8080000)
 ParOldGen       total 173568K, used 33983K [0x00000006c2800000, 0x00000006cd180000, 0x000000076b800000)
  object space 173568K, 19% used [0x00000006c2800000,0x00000006c492ffd8,0x00000006cd180000)
 Metaspace       used 8331K, capacity 8710K, committed 8960K, reserved 1056768K
  class space    used 659K, capacity 690K, committed 768K, reserved 1048576K
}
Event: 12.969 GC heap before
{Heap before GC invocations=45 (full 0):
 PSYoungGen      total 340480K, used 340128K [0x000000076b800000, 0x00000007b8300000, 0x00000007c0000000)
  eden space 339968K, 100% used [0x000000076b800000,0x0000000780400000,0x0000000780400000)
  from space 512K, 31% used [0x00000007b8280000,0x00000007b82a8000,0x00000007b8300000)
  to   space 2560K, 0% used [0x00000007b7e00000,0x00000007b7e00000,0x00000007b8080000)
 ParOldGen       total 173568K, used 33983K [0x00000006c2800000, 0x00000006cd180000, 0x000000076b800000)
  object space 173568K, 19% used [0x00000006c2800000,0x00000006c492ffd8,0x00000006cd180000)
 Metaspace       used 8331K, capacity 8710K, committed 8960K, reserved 1056768K
  class space    used 659K, capacity 690K, committed 768K, reserved 1048576K
Event: 12.970 GC heap after
Heap after GC invocations=45 (full 0):
 PSYoungGen      total 328704K, used 256K [0x000000076b800000, 0x00000007b8300000, 0x00000007c0000000)
  eden space 326144K, 0% used [0x000000076b800000,0x000000076b800000,0x000000077f680000)
  from space 2560K, 10% used [0x00000007b7e00000,0x00000007b7e40000,0x00000007b8080000)
  to   space 2560K, 0% used [0x00000007b8080000,0x00000007b8080000,0x00000007b8300000)
 ParOldGen       total 173568K, used 33983K [0x00000006c2800000, 0x00000006cd180000, 0x000000076b800000)
  object space 173568K, 19% used [0x00000006c2800000,0x00000006c492ffd8,0x00000006cd180000)
 Metaspace       used 8331K, capacity 8710K, committed 8960K, reserved 1056768K
  class space    used 659K, capacity 690K, committed 768K, reserved 1048576K
}
Event: 13.104 GC heap before
{Heap before GC invocations=46 (full 0):
 PSYoungGen      total 328704K, used 326400K [0x000000076b800000, 0x00000007b8300000, 0x00000007c0000000)
  eden space 326144K, 100% used [0x000000076b800000,0x000000077f680000,0x000000077f680000)
  from space 2560K, 10% used [0x00000007b7e00000,0x00000007b7e40000,0x00000007b8080000)
  to   space 2560K, 0% used [0x00000007b8080000,0x00000007b8080000,0x00000007b8300000)
 ParOldGen       total 173568K, used 33983K [0x00000006c2800000, 0x00000006cd180000, 0x000000076b800000)
  object space 173568K, 19% used [0x00000006c2800000,0x00000006c492ffd8,0x00000006cd180000)
 Metaspace       used 8331K, capacity 8710K, committed 8960K, reserved 1056768K
  class space    used 659K, capacity 690K, committed 768K, reserved 1048576K
Event: 13.104 GC heap after
Heap after GC invocations=46 (full 0):
 PSYoungGen      total 313344K, used 256K [0x000000076b800000, 0x00000007b8100000, 0x00000007c0000000)
  eden space 312832K, 0% used [0x000000076b800000,0x000000076b800000,0x000000077e980000)
  from space 512K, 50% used [0x00000007b8080000,0x00000007b80c0000,0x00000007b8100000)
  to   space 2048K, 0% used [0x00000007b7d00000,0x00000007b7d00000,0x00000007b7f00000)
 ParOldGen       total 173568K, used 33983K [0x00000006c2800000, 0x00000006cd180000, 0x000000076b800000)
  object space 173568K, 19% used [0x00000006c2800000,0x00000006c492ffd8,0x00000006cd180000)
 Metaspace       used 8331K, capacity 8710K, committed 8960K, reserved 1056768K
  class space    used 659K, capacity 690K, committed 768K, reserved 1048576K
}

