# JRE version: Java(TM) SE Runtime Environment (8.0_65-b17) (build 1.8.0_65-b17)
# Java VM: Java HotSpot(TM) 64-Bit Server VM (25.65-b01 mixed mode windows-amd64 compressed oops)
Heap:
 PSYoungGen      total 109568K, used 18669K [0x000000076b800000, 0x000000077e600000, 0x00000007c0000000)
  eden space 109056K, 17% used [0x000000076b800000,0x000000076ca2b6e8,0x0000000772280000)
  from space 512K, 12% used [0x000000077e580000,0x000000077e590000,0x000000077e600000)
  to   space 512K, 0% used [0x000000077e500000,0x000000077e500000,0x000000077e580000)
 ParOldGen       total 173568K, used 1528K [0x00000006c2800000, 0x00000006cd180000, 0x000000076b800000)
  object space 173568K, 0% used [0x00000006c2800000,0x00000006c297e050,0x00000006cd180000)
 Metaspace       used 8100K, capacity 8646K, committed 8960K, reserved 1056768K
  class space    used 646K, capacity 690K, committed 768K, reserved 1048576K
GC Heap History (10 events):
Event: 14.260 GC heap before
{Heap before GC invocations=224 (full 0):
 PSYoungGen      total 81920K, used 81600K [0x000000076b800000, 0x000000077e600000, 0x00000007c0000000)
  eden space 81408K, 100% used [0x000000076b800000,0x0000000770780000,0x0000000770780000)
  from space 512K, 37% used [0x000000077e500000,0x000000077e530000,0x000000077e580000)
  to   space 512K, 0% used [0x000000077e580000,0x000000077e580000,0x000000077e600000)
 ParOldGen       total 173568K, used 1504K [0x00000006c2800000, 0x00000006cd180000, 0x000000076b800000)
  object space 173568K, 0% used [0x00000006c2800000,0x00000006c2978050,0x00000006cd180000)
 Metaspace       used 8100K, capacity 8646K, committed 8960K, reserved 1056768K
  class space    used 646K, capacity 690K, committed 768K, reserved 1048576K
Event: 14.260 GC heap after
Heap after GC invocations=224 (full 0):
 PSYoungGen      total 79872K, used 96K [0x000000076b800000, 0x000000077e600000, 0x00000007c0000000)
  eden space 79360K, 0% used [0x000000076b800000,0x000000076b800000,0x0000000770580000)
  from space 512K, 18% used [0x000000077e580000,0x000000077e598000,0x000000077e600000)
  to   space 512K, 0% used [0x000000077e500000,0x000000077e500000,0x000000077e580000)
 ParOldGen       total 173568K, used 1504K [0x00000006c2800000, 0x00000006cd180000, 0x000000076b800000)
  object space 173568K, 0% used [0x00000006c2800000,0x00000006c2978050,0x00000006cd180000)
 Metaspace       used 8100K, capacity 8646K, committed 8960K, reserved 1056768K
  class space    used 646K, capacity 690K, committed 768K, reserved 1048576K
}
Event: 14.325 GC heap before
{Heap before GC invocations=225 (full 0):
 PSYoungGen      total 79872K, used 79456K [0x000000076b800000, 0x000000077e600000, 0x00000007c0000000)
  eden space 79360K, 100% used [0x000000076b800000,0x0000000770580000,0x0000000770580000)
  from space 512K, 18% used [0x000000077e580000,0x000000077e598000,0x000000077e600000)
  to   space 512K, 0% used [0x000000077e500000,0x000000077e500000,0x000000077e580000)
 ParOldGen       total 173568K, used 1504K [0x00000006c2800000, 0x00000006cd180000, 0x000000076b800000)
  object space 173568K, 0% used [0x00000006c2800000,0x00000006c2978050,0x00000006cd180000)
 Metaspace       used 8100K, capacity 8646K, committed 8960K, reserved 1056768K
  class space    used 646K, capacity 690K, committed 768K, reserved 1048576K
Event: 14.325 GC heap after
Heap after GC invocations=225 (full 0):
 PSYoungGen      total 77824K, used 96K [0x000000076b800000, 0x000000077e600000, 0x00000007c0000000)
  eden space 77312K, 0% used [0x000000076b800000,0x000000076b800000,0x0000000770380000)
  from space 512K, 18% used [0x000000077e500000,0x000000077e518000,0x000000077e580000)
  to   space 512K, 0% used [0x000000077e580000,0x000000077e580000,0x000000077e600000)
 ParOldGen       total 173568K, used 1504K [0x00000006c2800000, 0x00000006cd180000, 0x000000076b800000)
  object space 173568K, 0% used [0x00000006c2800000,0x00000006c2978050,0x00000006cd180000)
 Metaspace       used 8100K, capacity 8646K, committed 8960K, reserved 1056768K
  class space    used 646K, capacity 690K, committed 768K, reserved 1048576K
}
Event: 14.358 GC heap before
{Heap before GC invocations=226 (full 0):
 PSYoungGen      total 77824K, used 77408K [0x000000076b800000, 0x000000077e600000, 0x00000007c0000000)
  eden space 77312K, 100% used [0x000000076b800000,0x0000000770380000,0x0000000770380000)
  from space 512K, 18% used [0x000000077e500000,0x000000077e518000,0x000000077e580000)
  to   space 512K, 0% used [0x000000077e580000,0x000000077e580000,0x000000077e600000)
 ParOldGen       total 173568K, used 1504K [0x00000006c2800000, 0x00000006cd180000, 0x000000076b800000)
  object space 173568K, 0% used [0x00000006c2800000,0x00000006c2978050,0x00000006cd180000)
 Metaspace       used 8100K, capacity 8646K, committed 8960K, reserved 1056768K
  class space    used 646K, capacity 690K, committed 768K, reserved 1048576K
Event: 14.359 GC heap after
Heap after GC invocations=226 (full 0):
 PSYoungGen      total 75776K, used 32K [0x000000076b800000, 0x000000077e600000, 0x00000007c0000000)
  eden space 75264K, 0% used [0x000000076b800000,0x000000076b800000,0x0000000770180000)
  from space 512K, 6% used [0x000000077e580000,0x000000077e588000,0x000000077e600000)
  to   space 512K, 0% used [0x000000077e500000,0x000000077e500000,0x000000077e580000)
 ParOldGen       total 173568K, used 1528K [0x00000006c2800000, 0x00000006cd180000, 0x000000076b800000)
  object space 173568K, 0% used [0x00000006c2800000,0x00000006c297e050,0x00000006cd180000)
 Metaspace       used 8100K, capacity 8646K, committed 8960K, reserved 1056768K
  class space    used 646K, capacity 690K, committed 768K, reserved 1048576K
}
Event: 14.392 GC heap before
{Heap before GC invocations=227 (full 0):
 PSYoungGen      total 75776K, used 75296K [0x000000076b800000, 0x000000077e600000, 0x00000007c0000000)
  eden space 75264K, 100% used [0x000000076b800000,0x0000000770180000,0x0000000770180000)
  from space 512K, 6% used [0x000000077e580000,0x000000077e588000,0x000000077e600000)
  to   space 512K, 0% used [0x000000077e500000,0x000000077e500000,0x000000077e580000)
 ParOldGen       total 173568K, used 1528K [0x00000006c2800000, 0x00000006cd180000, 0x000000076b800000)
  object space 173568K, 0% used [0x00000006c2800000,0x00000006c297e050,0x00000006cd180000)
 Metaspace       used 8100K, capacity 8646K, committed 8960K, reserved 1056768K
  class space    used 646K, capacity 690K, committed 768K, reserved 1048576K
Event: 14.392 GC heap after
Heap after GC invocations=227 (full 0):
 PSYoungGen      total 91136K, used 32K [0x000000076b800000, 0x000000077e600000, 0x00000007c0000000)
  eden space 90624K, 0% used [0x000000076b800000,0x000000076b800000,0x0000000771080000)
  from space 512K, 6% used [0x000000077e500000,0x000000077e508000,0x000000077e580000)
  to   space 512K, 0% used [0x000000077e580000,0x000000077e580000,0x000000077e600000)
 ParOldGen       total 173568K, used 1528K [0x00000006c2800000, 0x00000006cd180000, 0x000000076b800000)
  object space 173568K, 0% used [0x00000006c2800000,0x00000006c297e050,0x00000006cd180000)
 Metaspace       used 8100K, capacity 8646K, committed 8960K, reserved 1056768K
  class space    used 646K, capacity 690K, committed 768K, reserved 1048576K
}
Event: 14.441 GC heap before
{Heap before GC invocations=228 (full 0):
 PSYoungGen      total 91136K, used 90656K [0x000000076b800000, 0x000000077e600000, 0x00000007c0000000)
  eden space 90624K, 100% used [0x000000076b800000,0x0000000771080000,0x0000000771080000)
  from space 512K, 6% used [0x000000077e500000,0x000000077e508000,0x000000077e580000)
  to   space 512K, 0% used [0x000000077e580000,0x000000077e580000,0x000000077e600000)
 ParOldGen       total 173568K, used 1528K [0x00000006c2800000, 0x00000006cd180000, 0x000000076b800000)
  object space 173568K, 0% used [0x00000006c2800000,0x00000006c297e050,0x00000006cd180000)
 Metaspace       used 8100K, capacity 8646K, committed 8960K, reserved 1056768K
  class space    used 646K, capacity 690K, committed 768K, reserved 1048576K
Event: 14.442 GC heap after
Heap after GC invocations=228 (full 0):
 PSYoungGen      total 109568K, used 64K [0x000000076b800000, 0x000000077e600000, 0x00000007c0000000)
  eden space 109056K, 0% used [0x000000076b800000,0x000000076b800000,0x0000000772280000)
  from space 512K, 12% used [0x000000077e580000,0x000000077e590000,0x000000077e600000)
  to   space 512K, 0% used [0x000000077e500000,0x000000077e500000,0x000000077e580000)
 ParOldGen       total 173568K, used 1528K [0x00000006c2800000, 0x00000006cd180000, 0x000000076b800000)
  object space 173568K, 0% used [0x00000006c2800000,0x00000006c297e050,0x00000006cd180000)
 Metaspace       used 8100K, capacity 8646K, committed 8960K, reserved 1056768K
  class space    used 646K, capacity 690K, committed 768K, reserved 1048576K
}

