# JRE version: Java(TM) SE Runtime Environment (8.0_65-b17) (build 1.8.0_65-b17)
# Java VM: Java HotSpot(TM) 64-Bit Server VM (25.65-b01 mixed mode windows-amd64 compressed oops)
Heap:
 PSYoungGen      total 1053184K, used 930089K [0x000000076b800000, 0x00000007aca80000, 0x00000007c0000000)
  eden space 1039872K, 89% used [0x000000076b800000,0x00000007a441a700,0x00000007aaf80000)
  from space 13312K, 1% used [0x00000007abd80000,0x00000007abdb0000,0x00000007aca80000)
  to   space 13824K, 0% used [0x00000007aaf80000,0x00000007aaf80000,0x00000007abd00000)
 ParOldGen       total 173568K, used 34867K [0x00000006c2800000, 0x00000006cd180000, 0x000000076b800000)
  object space 173568K, 20% used [0x00000006c2800000,0x00000006c4a0cc78,0x00000006cd180000)
 Metaspace       used 8346K, capacity 8710K, committed 8960K, reserved 1056768K
  class space    used 660K, capacity 690K, committed 768K, reserved 1048576K
GC Heap History (10 events):
Event: 1.284 GC heap before
{Heap before GC invocations=10 (full 0):
 PSYoungGen      total 262144K, used 262113K [0x000000076b800000, 0x0000000785880000, 0x00000007c0000000)
  eden space 260096K, 100% used [0x000000076b800000,0x000000077b600000,0x000000077b600000)
  from space 2048K, 98% used [0x000000077b600000,0x000000077b7f8630,0x000000077b800000)
  to   space 5120K, 0% used [0x0000000785380000,0x0000000785380000,0x0000000785880000)
 ParOldGen       total 173568K, used 7492K [0x00000006c2800000, 0x00000006cd180000, 0x000000076b800000)
  object space 173568K, 4% used [0x00000006c2800000,0x00000006c2f51060,0x00000006cd180000)
 Metaspace       used 8239K, capacity 8646K, committed 8960K, reserved 1056768K
  class space    used 655K, capacity 690K, committed 768K, reserved 1048576K
Event: 1.307 GC heap after
Heap after GC invocations=10 (full 0):
 PSYoungGen      total 411136K, used 5093K [0x000000076b800000, 0x0000000786c80000, 0x00000007c0000000)
  eden space 406016K, 0% used [0x000000076b800000,0x000000076b800000,0x0000000784480000)
  from space 5120K, 99% used [0x0000000785380000,0x0000000785879480,0x0000000785880000)
  to   space 15360K, 0% used [0x0000000784480000,0x0000000784480000,0x0000000785380000)
 ParOldGen       total 173568K, used 32174K [0x00000006c2800000, 0x00000006cd180000, 0x000000076b800000)
  object space 173568K, 18% used [0x00000006c2800000,0x00000006c476b818,0x00000006cd180000)
 Metaspace       used 8239K, capacity 8646K, committed 8960K, reserved 1056768K
  class space    used 655K, capacity 690K, committed 768K, reserved 1048576K
}
Event: 1.583 GC heap before
{Heap before GC invocations=11 (full 0):
 PSYoungGen      total 411136K, used 411109K [0x000000076b800000, 0x0000000786c80000, 0x00000007c0000000)
  eden space 406016K, 100% used [0x000000076b800000,0x0000000784480000,0x0000000784480000)
  from space 5120K, 99% used [0x0000000785380000,0x0000000785879480,0x0000000785880000)
  to   space 15360K, 0% used [0x0000000784480000,0x0000000784480000,0x0000000785380000)
 ParOldGen       total 173568K, used 32174K [0x00000006c2800000, 0x00000006cd180000, 0x000000076b800000)
  object space 173568K, 18% used [0x00000006c2800000,0x00000006c476b818,0x00000006cd180000)
 Metaspace       used 8293K, capacity 8710K, committed 8960K, reserved 1056768K
  class space    used 660K, capacity 690K, committed 768K, reserved 1048576K
Event: 1.590 GC heap after
Heap after GC invocations=11 (full 0):
 PSYoungGen      total 421376K, used 736K [0x000000076b800000, 0x0000000794f80000, 0x00000007c0000000)
  eden space 406016K, 0% used [0x000000076b800000,0x000000076b800000,0x0000000784480000)
  from space 15360K, 4% used [0x0000000784480000,0x0000000784538000,0x0000000785380000)
  to   space 14848K, 0% used [0x0000000794100000,0x0000000794100000,0x0000000794f80000)
 ParOldGen       total 173568K, used 34211K [0x00000006c2800000, 0x00000006cd180000, 0x000000076b800000)
  object space 173568K, 19% used [0x00000006c2800000,0x00000006c4968c78,0x00000006cd180000)
 Metaspace       used 8293K, capacity 8710K, committed 8960K, reserved 1056768K
  class space    used 660K, capacity 690K, committed 768K, reserved 1048576K
}
Event: 1.885 GC heap before
{Heap before GC invocations=12 (full 0):
 PSYoungGen      total 421376K, used 406752K [0x000000076b800000, 0x0000000794f80000, 0x00000007c0000000)
  eden space 406016K, 100% used [0x000000076b800000,0x0000000784480000,0x0000000784480000)
  from space 15360K, 4% used [0x0000000784480000,0x0000000784538000,0x0000000785380000)
  to   space 14848K, 0% used [0x0000000794100000,0x0000000794100000,0x0000000794f80000)
 ParOldGen       total 173568K, used 34211K [0x00000006c2800000, 0x00000006cd180000, 0x000000076b800000)
  object space 173568K, 19% used [0x00000006c2800000,0x00000006c4968c78,0x00000006cd180000)
 Metaspace       used 8301K, capacity 8710K, committed 8960K, reserved 1056768K
  class space    used 660K, capacity 690K, committed 768K, reserved 1048576K
Event: 1.887 GC heap after
Heap after GC invocations=12 (full 0):
 PSYoungGen      total 663552K, used 192K [0x000000076b800000, 0x0000000794e80000, 0x00000007c0000000)
  eden space 649728K, 0% used [0x000000076b800000,0x000000076b800000,0x0000000793280000)
  from space 13824K, 1% used [0x0000000794100000,0x0000000794130000,0x0000000794e80000)
  to   space 14336K, 0% used [0x0000000793280000,0x0000000793280000,0x0000000794080000)
 ParOldGen       total 173568K, used 34827K [0x00000006c2800000, 0x00000006cd180000, 0x000000076b800000)
  object space 173568K, 20% used [0x00000006c2800000,0x00000006c4a02c78,0x00000006cd180000)
 Metaspace       used 8301K, capacity 8710K, committed 8960K, reserved 1056768K
  class space    used 660K, capacity 690K, committed 768K, reserved 1048576K
}
Event: 2.419 GC heap before
{Heap before GC invocations=13 (full 0):
 PSYoungGen      total 663552K, used 649920K [0x000000076b800000, 0x0000000794e80000, 0x00000007c0000000)
  eden space 649728K, 100% used [0x000000076b800000,0x0000000793280000,0x0000000793280000)
  from space 13824K, 1% used [0x0000000794100000,0x0000000794130000,0x0000000794e80000)
  to   space 14336K, 0% used [0x0000000793280000,0x0000000793280000,0x0000000794080000)
 ParOldGen       total 173568K, used 34827K [0x00000006c2800000, 0x00000006cd180000, 0x000000076b800000)
  object space 173568K, 20% used [0x00000006c2800000,0x00000006c4a02c78,0x00000006cd180000)
 Metaspace       used 8326K, capacity 8710K, committed 8960K, reserved 1056768K
  class space    used 660K, capacity 690K, committed 768K, reserved 1048576K
Event: 2.421 GC heap after
Heap after GC invocations=13 (full 0):
 PSYoungGen      total 664064K, used 192K [0x000000076b800000, 0x00000007acb80000, 0x00000007c0000000)
  eden space 649728K, 0% used [0x000000076b800000,0x000000076b800000,0x0000000793280000)
  from space 14336K, 1% used [0x0000000793280000,0x00000007932b0000,0x0000000794080000)
  to   space 14336K, 0% used [0x00000007abd80000,0x00000007abd80000,0x00000007acb80000)
 ParOldGen       total 173568K, used 34835K [0x00000006c2800000, 0x00000006cd180000, 0x000000076b800000)
  object space 173568K, 20% used [0x00000006c2800000,0x00000006c4a04c78,0x00000006cd180000)
 Metaspace       used 8326K, capacity 8710K, committed 8960K, reserved 1056768K
  class space    used 660K, capacity 690K, committed 768K, reserved 1048576K
}
Event: 2.890 GC heap before
{Heap before GC invocations=14 (full 0):
 PSYoungGen      total 664064K, used 649920K [0x000000076b800000, 0x00000007acb80000, 0x00000007c0000000)
  eden space 649728K, 100% used [0x000000076b800000,0x0000000793280000,0x0000000793280000)
  from space 14336K, 1% used [0x0000000793280000,0x00000007932b0000,0x0000000794080000)
  to   space 14336K, 0% used [0x00000007abd80000,0x00000007abd80000,0x00000007acb80000)
 ParOldGen       total 173568K, used 34835K [0x00000006c2800000, 0x00000006cd180000, 0x000000076b800000)
  object space 173568K, 20% used [0x00000006c2800000,0x00000006c4a04c78,0x00000006cd180000)
 Metaspace       used 8333K, capacity 8710K, committed 8960K, reserved 1056768K
  class space    used 660K, capacity 690K, committed 768K, reserved 1048576K
Event: 2.891 GC heap after
Heap after GC invocations=14 (full 0):
 PSYoungGen      total 1053184K, used 192K [0x000000076b800000, 0x00000007aca80000, 0x00000007c0000000)
  eden space 1039872K, 0% used [0x000000076b800000,0x000000076b800000,0x00000007aaf80000)
  from space 13312K, 1% used [0x00000007abd80000,0x00000007abdb0000,0x00000007aca80000)
  to   space 13824K, 0% used [0x00000007aaf80000,0x00000007aaf80000,0x00000007abd00000)
 ParOldGen       total 173568K, used 34867K [0x00000006c2800000, 0x00000006cd180000, 0x000000076b800000)
  object space 173568K, 20% used [0x00000006c2800000,0x00000006c4a0cc78,0x00000006cd180000)
 Metaspace       used 8333K, capacity 8710K, committed 8960K, reserved 1056768K
  class space    used 660K, capacity 690K, committed 768K, reserved 1048576K
}

