# JRE version: Java(TM) SE Runtime Environment (8.0_65-b17) (build 1.8.0_65-b17)
# Java VM: Java HotSpot(TM) 64-Bit Server VM (25.65-b01 mixed mode windows-amd64 compressed oops)
Heap:
 PSYoungGen      total 951296K, used 445917K [0x000000076b800000, 0x00000007ab800000, 0x00000007c0000000)
  eden space 950784K, 46% used [0x000000076b800000,0x0000000786b3f428,0x00000007a5880000)
  from space 512K, 43% used [0x00000007ab780000,0x00000007ab7b8000,0x00000007ab800000)
  to   space 8704K, 0% used [0x00000007aa700000,0x00000007aa700000,0x00000007aaf80000)
 ParOldGen       total 173568K, used 22357K [0x00000006c2800000, 0x00000006cd180000, 0x000000076b800000)
  object space 173568K, 12% used [0x00000006c2800000,0x00000006c3dd55a0,0x00000006cd180000)
 Metaspace       used 8307K, capacity 8710K, committed 8960K, reserved 1056768K
  class space    used 660K, capacity 690K, committed 768K, reserved 1048576K
GC Heap History (10 events):
Event: 1.740 GC heap before
{Heap before GC invocations=12 (full 0):
 PSYoungGen      total 418816K, used 408832K [0x000000076b800000, 0x0000000794a80000, 0x00000007c0000000)
  eden space 408576K, 100% used [0x000000076b800000,0x0000000784700000,0x0000000784700000)
  from space 10240K, 2% used [0x0000000784700000,0x0000000784740000,0x0000000785100000)
  to   space 10240K, 0% used [0x0000000794080000,0x0000000794080000,0x0000000794a80000)
 ParOldGen       total 173568K, used 22253K [0x00000006c2800000, 0x00000006cd180000, 0x000000076b800000)
  object space 173568K, 12% used [0x00000006c2800000,0x00000006c3dbb5a0,0x00000006cd180000)
 Metaspace       used 8269K, capacity 8646K, committed 8960K, reserved 1056768K
  class space    used 660K, capacity 690K, committed 768K, reserved 1048576K
Event: 1.741 GC heap after
Heap after GC invocations=12 (full 0):
 PSYoungGen      total 663040K, used 224K [0x000000076b800000, 0x0000000794980000, 0x00000007c0000000)
  eden space 653824K, 0% used [0x000000076b800000,0x000000076b800000,0x0000000793680000)
  from space 9216K, 2% used [0x0000000794080000,0x00000007940b8000,0x0000000794980000)
  to   space 9728K, 0% used [0x0000000793680000,0x0000000793680000,0x0000000794000000)
 ParOldGen       total 173568K, used 22309K [0x00000006c2800000, 0x00000006cd180000, 0x000000076b800000)
  object space 173568K, 12% used [0x00000006c2800000,0x00000006c3dc95a0,0x00000006cd180000)
 Metaspace       used 8269K, capacity 8646K, committed 8960K, reserved 1056768K
  class space    used 660K, capacity 690K, committed 768K, reserved 1048576K
}
Event: 2.238 GC heap before
{Heap before GC invocations=13 (full 0):
 PSYoungGen      total 663040K, used 654048K [0x000000076b800000, 0x0000000794980000, 0x00000007c0000000)
  eden space 653824K, 100% used [0x000000076b800000,0x0000000793680000,0x0000000793680000)
  from space 9216K, 2% used [0x0000000794080000,0x00000007940b8000,0x0000000794980000)
  to   space 9728K, 0% used [0x0000000793680000,0x0000000793680000,0x0000000794000000)
 ParOldGen       total 173568K, used 22309K [0x00000006c2800000, 0x00000006cd180000, 0x000000076b800000)
  object space 173568K, 12% used [0x00000006c2800000,0x00000006c3dc95a0,0x00000006cd180000)
 Metaspace       used 8274K, capacity 8646K, committed 8960K, reserved 1056768K
  class space    used 660K, capacity 690K, committed 768K, reserved 1048576K
Event: 2.239 GC heap after
Heap after GC invocations=13 (full 0):
 PSYoungGen      total 663552K, used 224K [0x000000076b800000, 0x00000007ac900000, 0x00000007c0000000)
  eden space 653824K, 0% used [0x000000076b800000,0x000000076b800000,0x0000000793680000)
  from space 9728K, 2% used [0x0000000793680000,0x00000007936b8000,0x0000000794000000)
  to   space 9728K, 0% used [0x00000007abf80000,0x00000007abf80000,0x00000007ac900000)
 ParOldGen       total 173568K, used 22317K [0x00000006c2800000, 0x00000006cd180000, 0x000000076b800000)
  object space 173568K, 12% used [0x00000006c2800000,0x00000006c3dcb5a0,0x00000006cd180000)
 Metaspace       used 8274K, capacity 8646K, committed 8960K, reserved 1056768K
  class space    used 660K, capacity 690K, committed 768K, reserved 1048576K
}
Event: 2.727 GC heap before
{Heap before GC invocations=14 (full 0):
 PSYoungGen      total 663552K, used 654048K [0x000000076b800000, 0x00000007ac900000, 0x00000007c0000000)
  eden space 653824K, 100% used [0x000000076b800000,0x0000000793680000,0x0000000793680000)
  from space 9728K, 2% used [0x0000000793680000,0x00000007936b8000,0x0000000794000000)
  to   space 9728K, 0% used [0x00000007abf80000,0x00000007abf80000,0x00000007ac900000)
 ParOldGen       total 173568K, used 22317K [0x00000006c2800000, 0x00000006cd180000, 0x000000076b800000)
  object space 173568K, 12% used [0x00000006c2800000,0x00000006c3dcb5a0,0x00000006cd180000)
 Metaspace       used 8278K, capacity 8646K, committed 8960K, reserved 1056768K
  class space    used 660K, capacity 690K, committed 768K, reserved 1048576K
Event: 2.728 GC heap after
Heap after GC invocations=14 (full 0):
 PSYoungGen      total 1055232K, used 224K [0x000000076b800000, 0x00000007ac800000, 0x00000007c0000000)
  eden space 1046528K, 0% used [0x000000076b800000,0x000000076b800000,0x00000007ab600000)
  from space 8704K, 2% used [0x00000007abf80000,0x00000007abfb8000,0x00000007ac800000)
  to   space 9216K, 0% used [0x00000007ab600000,0x00000007ab600000,0x00000007abf00000)
 ParOldGen       total 173568K, used 22317K [0x00000006c2800000, 0x00000006cd180000, 0x000000076b800000)
  object space 173568K, 12% used [0x00000006c2800000,0x00000006c3dcb5a0,0x00000006cd180000)
 Metaspace       used 8278K, capacity 8646K, committed 8960K, reserved 1056768K
  class space    used 660K, capacity 690K, committed 768K, reserved 1048576K
}
Event: 3.537 GC heap before
{Heap before GC invocations=15 (full 0):
 PSYoungGen      total 1055232K, used 1046752K [0x000000076b800000, 0x00000007ac800000, 0x00000007c0000000)
  eden space 1046528K, 100% used [0x000000076b800000,0x00000007ab600000,0x00000007ab600000)
  from space 8704K, 2% used [0x00000007abf80000,0x00000007abfb8000,0x00000007ac800000)
  to   space 9216K, 0% used [0x00000007ab600000,0x00000007ab600000,0x00000007abf00000)
 ParOldGen       total 173568K, used 22317K [0x00000006c2800000, 0x00000006cd180000, 0x000000076b800000)
  object space 173568K, 12% used [0x00000006c2800000,0x00000006c3dcb5a0,0x00000006cd180000)
 Metaspace       used 8306K, capacity 8710K, committed 8960K, reserved 1056768K
  class space    used 660K, capacity 690K, committed 768K, reserved 1048576K
Event: 3.538 GC heap after
Heap after GC invocations=15 (full 0):
 PSYoungGen      total 997888K, used 224K [0x000000076b800000, 0x00000007ac000000, 0x00000007c0000000)
  eden space 997376K, 0% used [0x000000076b800000,0x000000076b800000,0x00000007a8600000)
  from space 512K, 43% used [0x00000007ab600000,0x00000007ab638000,0x00000007ab680000)
  to   space 8704K, 0% used [0x00000007ab780000,0x00000007ab780000,0x00000007ac000000)
 ParOldGen       total 173568K, used 22325K [0x00000006c2800000, 0x00000006cd180000, 0x000000076b800000)
  object space 173568K, 12% used [0x00000006c2800000,0x00000006c3dcd5a0,0x00000006cd180000)
 Metaspace       used 8306K, capacity 8710K, committed 8960K, reserved 1056768K
  class space    used 660K, capacity 690K, committed 768K, reserved 1048576K
}
Event: 4.421 GC heap before
{Heap before GC invocations=16 (full 0):
 PSYoungGen      total 997888K, used 997600K [0x000000076b800000, 0x00000007ac000000, 0x00000007c0000000)
  eden space 997376K, 100% used [0x000000076b800000,0x00000007a8600000,0x00000007a8600000)
  from space 512K, 43% used [0x00000007ab600000,0x00000007ab638000,0x00000007ab680000)
  to   space 8704K, 0% used [0x00000007ab780000,0x00000007ab780000,0x00000007ac000000)
 ParOldGen       total 173568K, used 22325K [0x00000006c2800000, 0x00000006cd180000, 0x000000076b800000)
  object space 173568K, 12% used [0x00000006c2800000,0x00000006c3dcd5a0,0x00000006cd180000)
 Metaspace       used 8306K, capacity 8710K, committed 8960K, reserved 1056768K
  class space    used 660K, capacity 690K, committed 768K, reserved 1048576K
Event: 4.421 GC heap after
Heap after GC invocations=16 (full 0):
 PSYoungGen      total 951296K, used 224K [0x000000076b800000, 0x00000007ab800000, 0x00000007c0000000)
  eden space 950784K, 0% used [0x000000076b800000,0x000000076b800000,0x00000007a5880000)
  from space 512K, 43% used [0x00000007ab780000,0x00000007ab7b8000,0x00000007ab800000)
  to   space 8704K, 0% used [0x00000007aa700000,0x00000007aa700000,0x00000007aaf80000)
 ParOldGen       total 173568K, used 22357K [0x00000006c2800000, 0x00000006cd180000, 0x000000076b800000)
  object space 173568K, 12% used [0x00000006c2800000,0x00000006c3dd55a0,0x00000006cd180000)
 Metaspace       used 8306K, capacity 8710K, committed 8960K, reserved 1056768K
  class space    used 660K, capacity 690K, committed 768K, reserved 1048576K
}

