# JRE version: Java(TM) SE Runtime Environment (8.0_65-b17) (build 1.8.0_65-b17)
# Java VM: Java HotSpot(TM) 64-Bit Server VM (25.65-b01 mixed mode windows-amd64 compressed oops)
Heap:
 PSYoungGen      total 160256K, used 159936K [0x000000076b800000, 0x0000000784880000, 0x00000007c0000000)
  eden space 159744K, 100% used [0x000000076b800000,0x0000000775400000,0x0000000775400000)
  from space 512K, 37% used [0x0000000784800000,0x0000000784830000,0x0000000784880000)
  to   space 1536K, 0% used [0x0000000784580000,0x0000000784580000,0x0000000784700000)
 ParOldGen       total 173568K, used 1440K [0x00000006c2800000, 0x00000006cd180000, 0x000000076b800000)
  object space 173568K, 0% used [0x00000006c2800000,0x00000006c2968380,0x00000006cd180000)
 Metaspace       used 8164K, capacity 8646K, committed 8960K, reserved 1056768K
  class space    used 654K, capacity 690K, committed 768K, reserved 1048576K
GC Heap History (10 events):
Event: 1.968 GC heap before
{Heap before GC invocations=18 (full 0):
 PSYoungGen      total 193024K, used 191136K [0x000000076b800000, 0x0000000784c80000, 0x00000007c0000000)
  eden space 190976K, 100% used [0x000000076b800000,0x0000000777280000,0x0000000777280000)
  from space 2048K, 7% used [0x0000000784880000,0x00000007848a8000,0x0000000784a80000)
  to   space 2048K, 0% used [0x0000000784a80000,0x0000000784a80000,0x0000000784c80000)
 ParOldGen       total 173568K, used 1408K [0x00000006c2800000, 0x00000006cd180000, 0x000000076b800000)
  object space 173568K, 0% used [0x00000006c2800000,0x00000006c2960380,0x00000006cd180000)
 Metaspace       used 8157K, capacity 8646K, committed 8960K, reserved 1056768K
  class space    used 654K, capacity 690K, committed 768K, reserved 1048576K
Event: 1.969 GC heap after
Heap after GC invocations=18 (full 0):
 PSYoungGen      total 184832K, used 160K [0x000000076b800000, 0x0000000784b00000, 0x00000007c0000000)
  eden space 184320K, 0% used [0x000000076b800000,0x000000076b800000,0x0000000776c00000)
  from space 512K, 31% used [0x0000000784a80000,0x0000000784aa8000,0x0000000784b00000)
  to   space 2048K, 0% used [0x0000000784700000,0x0000000784700000,0x0000000784900000)
 ParOldGen       total 173568K, used 1416K [0x00000006c2800000, 0x00000006cd180000, 0x000000076b800000)
  object space 173568K, 0% used [0x00000006c2800000,0x00000006c2962380,0x00000006cd180000)
 Metaspace       used 8157K, capacity 8646K, committed 8960K, reserved 1056768K
  class space    used 654K, capacity 690K, committed 768K, reserved 1048576K
}
Event: 2.051 GC heap before
{Heap before GC invocations=19 (full 0):
 PSYoungGen      total 184832K, used 184480K [0x000000076b800000, 0x0000000784b00000, 0x00000007c0000000)
  eden space 184320K, 100% used [0x000000076b800000,0x0000000776c00000,0x0000000776c00000)
  from space 512K, 31% used [0x0000000784a80000,0x0000000784aa8000,0x0000000784b00000)
  to   space 2048K, 0% used [0x0000000784700000,0x0000000784700000,0x0000000784900000)
 ParOldGen       total 173568K, used 1416K [0x00000006c2800000, 0x00000006cd180000, 0x000000076b800000)
  object space 173568K, 0% used [0x00000006c2800000,0x00000006c2962380,0x00000006cd180000)
 Metaspace       used 8158K, capacity 8646K, committed 8960K, reserved 1056768K
  class space    used 654K, capacity 690K, committed 768K, reserved 1048576K
Event: 2.052 GC heap after
Heap after GC invocations=19 (full 0):
 PSYoungGen      total 179712K, used 160K [0x000000076b800000, 0x0000000784b00000, 0x00000007c0000000)
  eden space 177664K, 0% used [0x000000076b800000,0x000000076b800000,0x0000000776580000)
  from space 2048K, 7% used [0x0000000784700000,0x0000000784728000,0x0000000784900000)
  to   space 2048K, 0% used [0x0000000784900000,0x0000000784900000,0x0000000784b00000)
 ParOldGen       total 173568K, used 1440K [0x00000006c2800000, 0x00000006cd180000, 0x000000076b800000)
  object space 173568K, 0% used [0x00000006c2800000,0x00000006c2968380,0x00000006cd180000)
 Metaspace       used 8158K, capacity 8646K, committed 8960K, reserved 1056768K
  class space    used 654K, capacity 690K, committed 768K, reserved 1048576K
}
Event: 2.143 GC heap before
{Heap before GC invocations=20 (full 0):
 PSYoungGen      total 179712K, used 177824K [0x000000076b800000, 0x0000000784b00000, 0x00000007c0000000)
  eden space 177664K, 100% used [0x000000076b800000,0x0000000776580000,0x0000000776580000)
  from space 2048K, 7% used [0x0000000784700000,0x0000000784728000,0x0000000784900000)
  to   space 2048K, 0% used [0x0000000784900000,0x0000000784900000,0x0000000784b00000)
 ParOldGen       total 173568K, used 1440K [0x00000006c2800000, 0x00000006cd180000, 0x000000076b800000)
  object space 173568K, 0% used [0x00000006c2800000,0x00000006c2968380,0x00000006cd180000)
 Metaspace       used 8158K, capacity 8646K, committed 8960K, reserved 1056768K
  class space    used 654K, capacity 690K, committed 768K, reserved 1048576K
Event: 2.143 GC heap after
Heap after GC invocations=20 (full 0):
 PSYoungGen      total 172032K, used 224K [0x000000076b800000, 0x0000000784980000, 0x00000007c0000000)
  eden space 171520K, 0% used [0x000000076b800000,0x000000076b800000,0x0000000775f80000)
  from space 512K, 43% used [0x0000000784900000,0x0000000784938000,0x0000000784980000)
  to   space 1536K, 0% used [0x0000000784680000,0x0000000784680000,0x0000000784800000)
 ParOldGen       total 173568K, used 1440K [0x00000006c2800000, 0x00000006cd180000, 0x000000076b800000)
  object space 173568K, 0% used [0x00000006c2800000,0x00000006c2968380,0x00000006cd180000)
 Metaspace       used 8158K, capacity 8646K, committed 8960K, reserved 1056768K
  class space    used 654K, capacity 690K, committed 768K, reserved 1048576K
}
Event: 2.221 GC heap before
{Heap before GC invocations=21 (full 0):
 PSYoungGen      total 172032K, used 171744K [0x000000076b800000, 0x0000000784980000, 0x00000007c0000000)
  eden space 171520K, 100% used [0x000000076b800000,0x0000000775f80000,0x0000000775f80000)
  from space 512K, 43% used [0x0000000784900000,0x0000000784938000,0x0000000784980000)
  to   space 1536K, 0% used [0x0000000784680000,0x0000000784680000,0x0000000784800000)
 ParOldGen       total 173568K, used 1440K [0x00000006c2800000, 0x00000006cd180000, 0x000000076b800000)
  object space 173568K, 0% used [0x00000006c2800000,0x00000006c2968380,0x00000006cd180000)
 Metaspace       used 8158K, capacity 8646K, committed 8960K, reserved 1056768K
  class space    used 654K, capacity 690K, committed 768K, reserved 1048576K
Event: 2.221 GC heap after
Heap after GC invocations=21 (full 0):
 PSYoungGen      total 166912K, used 192K [0x000000076b800000, 0x0000000784980000, 0x00000007c0000000)
  eden space 165376K, 0% used [0x000000076b800000,0x000000076b800000,0x0000000775980000)
  from space 1536K, 12% used [0x0000000784680000,0x00000007846b0000,0x0000000784800000)
  to   space 1536K, 0% used [0x0000000784800000,0x0000000784800000,0x0000000784980000)
 ParOldGen       total 173568K, used 1440K [0x00000006c2800000, 0x00000006cd180000, 0x000000076b800000)
  object space 173568K, 0% used [0x00000006c2800000,0x00000006c2968380,0x00000006cd180000)
 Metaspace       used 8158K, capacity 8646K, committed 8960K, reserved 1056768K
  class space    used 654K, capacity 690K, committed 768K, reserved 1048576K
}
Event: 2.297 GC heap before
{Heap before GC invocations=22 (full 0):
 PSYoungGen      total 166912K, used 165568K [0x000000076b800000, 0x0000000784980000, 0x00000007c0000000)
  eden space 165376K, 100% used [0x000000076b800000,0x0000000775980000,0x0000000775980000)
  from space 1536K, 12% used [0x0000000784680000,0x00000007846b0000,0x0000000784800000)
  to   space 1536K, 0% used [0x0000000784800000,0x0000000784800000,0x0000000784980000)
 ParOldGen       total 173568K, used 1440K [0x00000006c2800000, 0x00000006cd180000, 0x000000076b800000)
  object space 173568K, 0% used [0x00000006c2800000,0x00000006c2968380,0x00000006cd180000)
 Metaspace       used 8163K, capacity 8646K, committed 8960K, reserved 1056768K
  class space    used 654K, capacity 690K, committed 768K, reserved 1048576K
Event: 2.298 GC heap after
Heap after GC invocations=22 (full 0):
 PSYoungGen      total 160256K, used 192K [0x000000076b800000, 0x0000000784880000, 0x00000007c0000000)
  eden space 159744K, 0% used [0x000000076b800000,0x000000076b800000,0x0000000775400000)
  from space 512K, 37% used [0x0000000784800000,0x0000000784830000,0x0000000784880000)
  to   space 1536K, 0% used [0x0000000784580000,0x0000000784580000,0x0000000784700000)
 ParOldGen       total 173568K, used 1440K [0x00000006c2800000, 0x00000006cd180000, 0x000000076b800000)
  object space 173568K, 0% used [0x00000006c2800000,0x00000006c2968380,0x00000006cd180000)
 Metaspace       used 8163K, capacity 8646K, committed 8960K, reserved 1056768K
  class space    used 654K, capacity 690K, committed 768K, reserved 1048576K
}

