# JRE version: Java(TM) SE Runtime Environment (8.0_65-b17) (build 1.8.0_65-b17)
# Java VM: Java HotSpot(TM) 64-Bit Server VM (25.65-b01 mixed mode windows-amd64 compressed oops)
Heap:
 PSYoungGen      total 794624K, used 156917K [0x000000076b800000, 0x00000007be680000, 0x00000007c0000000)
  eden space 786944K, 19% used [0x000000076b800000,0x0000000775105668,0x000000079b880000)
  from space 7680K, 2% used [0x00000007bd780000,0x00000007bd7b8000,0x00000007bdf00000)
  to   space 7680K, 0% used [0x00000007bdf00000,0x00000007bdf00000,0x00000007be680000)
 ParOldGen       total 173568K, used 24752K [0x00000006c2800000, 0x00000006cd180000, 0x000000076b800000)
  object space 173568K, 14% used [0x00000006c2800000,0x00000006c402c2d8,0x00000006cd180000)
 Metaspace       used 8387K, capacity 8774K, committed 8960K, reserved 1056768K
  class space    used 661K, capacity 690K, committed 768K, reserved 1048576K
GC Heap History (10 events):
Event: 3.889 GC heap before
{Heap before GC invocations=17 (full 0):
 PSYoungGen      total 997888K, used 997600K [0x000000076b800000, 0x00000007bf680000, 0x00000007c0000000)
  eden space 997376K, 100% used [0x000000076b800000,0x00000007a8600000,0x00000007a8600000)
  from space 512K, 43% used [0x00000007bf600000,0x00000007bf638000,0x00000007bf680000)
  to   space 9728K, 0% used [0x00000007be380000,0x00000007be380000,0x00000007bed00000)
 ParOldGen       total 173568K, used 24744K [0x00000006c2800000, 0x00000006cd180000, 0x000000076b800000)
  object space 173568K, 14% used [0x00000006c2800000,0x00000006c402a2d8,0x00000006cd180000)
 Metaspace       used 8384K, capacity 8774K, committed 8960K, reserved 1056768K
  class space    used 661K, capacity 690K, committed 768K, reserved 1048576K
Event: 3.889 GC heap after
Heap after GC invocations=17 (full 0):
 PSYoungGen      total 960512K, used 224K [0x000000076b800000, 0x00000007bf680000, 0x00000007c0000000)
  eden space 950784K, 0% used [0x000000076b800000,0x000000076b800000,0x00000007a5880000)
  from space 9728K, 2% used [0x00000007be380000,0x00000007be3b8000,0x00000007bed00000)
  to   space 9216K, 0% used [0x00000007bed80000,0x00000007bed80000,0x00000007bf680000)
 ParOldGen       total 173568K, used 24752K [0x00000006c2800000, 0x00000006cd180000, 0x000000076b800000)
  object space 173568K, 14% used [0x00000006c2800000,0x00000006c402c2d8,0x00000006cd180000)
 Metaspace       used 8384K, capacity 8774K, committed 8960K, reserved 1056768K
  class space    used 661K, capacity 690K, committed 768K, reserved 1048576K
}
Event: 4.328 GC heap before
{Heap before GC invocations=18 (full 0):
 PSYoungGen      total 960512K, used 951008K [0x000000076b800000, 0x00000007bf680000, 0x00000007c0000000)
  eden space 950784K, 100% used [0x000000076b800000,0x00000007a5880000,0x00000007a5880000)
  from space 9728K, 2% used [0x00000007be380000,0x00000007be3b8000,0x00000007bed00000)
  to   space 9216K, 0% used [0x00000007bed80000,0x00000007bed80000,0x00000007bf680000)
 ParOldGen       total 173568K, used 24752K [0x00000006c2800000, 0x00000006cd180000, 0x000000076b800000)
  object space 173568K, 14% used [0x00000006c2800000,0x00000006c402c2d8,0x00000006cd180000)
 Metaspace       used 8384K, capacity 8774K, committed 8960K, reserved 1056768K
  class space    used 661K, capacity 690K, committed 768K, reserved 1048576K
Event: 4.329 GC heap after
Heap after GC invocations=18 (full 0):
 PSYoungGen      total 907264K, used 224K [0x000000076b800000, 0x00000007bee00000, 0x00000007c0000000)
  eden space 906752K, 0% used [0x000000076b800000,0x000000076b800000,0x00000007a2d80000)
  from space 512K, 43% used [0x00000007bed80000,0x00000007bedb8000,0x00000007bee00000)
  to   space 8704K, 0% used [0x00000007bdd00000,0x00000007bdd00000,0x00000007be580000)
 ParOldGen       total 173568K, used 24752K [0x00000006c2800000, 0x00000006cd180000, 0x000000076b800000)
  object space 173568K, 14% used [0x00000006c2800000,0x00000006c402c2d8,0x00000006cd180000)
 Metaspace       used 8384K, capacity 8774K, committed 8960K, reserved 1056768K
  class space    used 661K, capacity 690K, committed 768K, reserved 1048576K
}
Event: 4.741 GC heap before
{Heap before GC invocations=19 (full 0):
 PSYoungGen      total 907264K, used 906976K [0x000000076b800000, 0x00000007bee00000, 0x00000007c0000000)
  eden space 906752K, 100% used [0x000000076b800000,0x00000007a2d80000,0x00000007a2d80000)
  from space 512K, 43% used [0x00000007bed80000,0x00000007bedb8000,0x00000007bee00000)
  to   space 8704K, 0% used [0x00000007bdd00000,0x00000007bdd00000,0x00000007be580000)
 ParOldGen       total 173568K, used 24752K [0x00000006c2800000, 0x00000006cd180000, 0x000000076b800000)
  object space 173568K, 14% used [0x00000006c2800000,0x00000006c402c2d8,0x00000006cd180000)
 Metaspace       used 8385K, capacity 8774K, committed 8960K, reserved 1056768K
  class space    used 661K, capacity 690K, committed 768K, reserved 1048576K
Event: 4.742 GC heap after
Heap after GC invocations=19 (full 0):
 PSYoungGen      total 873472K, used 160K [0x000000076b800000, 0x00000007bee00000, 0x00000007c0000000)
  eden space 864768K, 0% used [0x000000076b800000,0x000000076b800000,0x00000007a0480000)
  from space 8704K, 1% used [0x00000007bdd00000,0x00000007bdd28000,0x00000007be580000)
  to   space 8192K, 0% used [0x00000007be600000,0x00000007be600000,0x00000007bee00000)
 ParOldGen       total 173568K, used 24752K [0x00000006c2800000, 0x00000006cd180000, 0x000000076b800000)
  object space 173568K, 14% used [0x00000006c2800000,0x00000006c402c2d8,0x00000006cd180000)
 Metaspace       used 8385K, capacity 8774K, committed 8960K, reserved 1056768K
  class space    used 661K, capacity 690K, committed 768K, reserved 1048576K
}
Event: 5.146 GC heap before
{Heap before GC invocations=20 (full 0):
 PSYoungGen      total 873472K, used 864928K [0x000000076b800000, 0x00000007bee00000, 0x00000007c0000000)
  eden space 864768K, 100% used [0x000000076b800000,0x00000007a0480000,0x00000007a0480000)
  from space 8704K, 1% used [0x00000007bdd00000,0x00000007bdd28000,0x00000007be580000)
  to   space 8192K, 0% used [0x00000007be600000,0x00000007be600000,0x00000007bee00000)
 ParOldGen       total 173568K, used 24752K [0x00000006c2800000, 0x00000006cd180000, 0x000000076b800000)
  object space 173568K, 14% used [0x00000006c2800000,0x00000006c402c2d8,0x00000006cd180000)
 Metaspace       used 8387K, capacity 8774K, committed 8960K, reserved 1056768K
  class space    used 661K, capacity 690K, committed 768K, reserved 1048576K
Event: 5.146 GC heap after
Heap after GC invocations=20 (full 0):
 PSYoungGen      total 825344K, used 224K [0x000000076b800000, 0x00000007be680000, 0x00000007c0000000)
  eden space 824832K, 0% used [0x000000076b800000,0x000000076b800000,0x000000079dd80000)
  from space 512K, 43% used [0x00000007be600000,0x00000007be638000,0x00000007be680000)
  to   space 7680K, 0% used [0x00000007bd780000,0x00000007bd780000,0x00000007bdf00000)
 ParOldGen       total 173568K, used 24752K [0x00000006c2800000, 0x00000006cd180000, 0x000000076b800000)
  object space 173568K, 14% used [0x00000006c2800000,0x00000006c402c2d8,0x00000006cd180000)
 Metaspace       used 8387K, capacity 8774K, committed 8960K, reserved 1056768K
  class space    used 661K, capacity 690K, committed 768K, reserved 1048576K
}
Event: 5.500 GC heap before
{Heap before GC invocations=21 (full 0):
 PSYoungGen      total 825344K, used 825056K [0x000000076b800000, 0x00000007be680000, 0x00000007c0000000)
  eden space 824832K, 100% used [0x000000076b800000,0x000000079dd80000,0x000000079dd80000)
  from space 512K, 43% used [0x00000007be600000,0x00000007be638000,0x00000007be680000)
  to   space 7680K, 0% used [0x00000007bd780000,0x00000007bd780000,0x00000007bdf00000)
 ParOldGen       total 173568K, used 24752K [0x00000006c2800000, 0x00000006cd180000, 0x000000076b800000)
  object space 173568K, 14% used [0x00000006c2800000,0x00000006c402c2d8,0x00000006cd180000)
 Metaspace       used 8387K, capacity 8774K, committed 8960K, reserved 1056768K
  class space    used 661K, capacity 690K, committed 768K, reserved 1048576K
Event: 5.501 GC heap after
Heap after GC invocations=21 (full 0):
 PSYoungGen      total 794624K, used 224K [0x000000076b800000, 0x00000007be680000, 0x00000007c0000000)
  eden space 786944K, 0% used [0x000000076b800000,0x000000076b800000,0x000000079b880000)
  from space 7680K, 2% used [0x00000007bd780000,0x00000007bd7b8000,0x00000007bdf00000)
  to   space 7680K, 0% used [0x00000007bdf00000,0x00000007bdf00000,0x00000007be680000)
 ParOldGen       total 173568K, used 24752K [0x00000006c2800000, 0x00000006cd180000, 0x000000076b800000)
  object space 173568K, 14% used [0x00000006c2800000,0x00000006c402c2d8,0x00000006cd180000)
 Metaspace       used 8387K, capacity 8774K, committed 8960K, reserved 1056768K
  class space    used 661K, capacity 690K, committed 768K, reserved 1048576K
}

