# JRE version: Java(TM) SE Runtime Environment (8.0_65-b17) (build 1.8.0_65-b17)
# Java VM: Java HotSpot(TM) 64-Bit Server VM (25.65-b01 mixed mode windows-amd64 compressed oops)
Heap:
 PSYoungGen      total 105984K, used 30658K [0x000000076b800000, 0x000000077a700000, 0x00000007c0000000)
  eden space 105472K, 28% used [0x000000076b800000,0x000000076d5d8a50,0x0000000771f00000)
  from space 512K, 18% used [0x000000077a680000,0x000000077a698000,0x000000077a700000)
  to   space 1024K, 0% used [0x000000077a500000,0x000000077a500000,0x000000077a600000)
 ParOldGen       total 173568K, used 1329K [0x00000006c2800000, 0x00000006cd180000, 0x000000076b800000)
  object space 173568K, 0% used [0x00000006c2800000,0x00000006c294c490,0x00000006cd180000)
 Metaspace       used 7984K, capacity 8550K, committed 8704K, reserved 1056768K
  class space    used 642K, capacity 658K, committed 768K, reserved 1048576K
GC Heap History (10 events):
Event: 4.126 GC heap before
{Heap before GC invocations=28 (full 0):
 PSYoungGen      total 123904K, used 122432K [0x000000076b800000, 0x000000077a900000, 0x00000007c0000000)
  eden space 122368K, 100% used [0x000000076b800000,0x0000000772f80000,0x0000000772f80000)
  from space 1536K, 4% used [0x000000077a600000,0x000000077a610000,0x000000077a780000)
  to   space 1536K, 0% used [0x000000077a780000,0x000000077a780000,0x000000077a900000)
 ParOldGen       total 173568K, used 1329K [0x00000006c2800000, 0x00000006cd180000, 0x000000076b800000)
  object space 173568K, 0% used [0x00000006c2800000,0x00000006c294c490,0x00000006cd180000)
 Metaspace       used 7984K, capacity 8550K, committed 8704K, reserved 1056768K
  class space    used 642K, capacity 658K, committed 768K, reserved 1048576K
Event: 4.127 GC heap after
Heap after GC invocations=28 (full 0):
 PSYoungGen      total 119296K, used 64K [0x000000076b800000, 0x000000077a800000, 0x00000007c0000000)
  eden space 118784K, 0% used [0x000000076b800000,0x000000076b800000,0x0000000772c00000)
  from space 512K, 12% used [0x000000077a780000,0x000000077a790000,0x000000077a800000)
  to   space 1536K, 0% used [0x000000077a500000,0x000000077a500000,0x000000077a680000)
 ParOldGen       total 173568K, used 1329K [0x00000006c2800000, 0x00000006cd180000, 0x000000076b800000)
  object space 173568K, 0% used [0x00000006c2800000,0x00000006c294c490,0x00000006cd180000)
 Metaspace       used 7984K, capacity 8550K, committed 8704K, reserved 1056768K
  class space    used 642K, capacity 658K, committed 768K, reserved 1048576K
}
Event: 4.248 GC heap before
{Heap before GC invocations=29 (full 0):
 PSYoungGen      total 119296K, used 118848K [0x000000076b800000, 0x000000077a800000, 0x00000007c0000000)
  eden space 118784K, 100% used [0x000000076b800000,0x0000000772c00000,0x0000000772c00000)
  from space 512K, 12% used [0x000000077a780000,0x000000077a790000,0x000000077a800000)
  to   space 1536K, 0% used [0x000000077a500000,0x000000077a500000,0x000000077a680000)
 ParOldGen       total 173568K, used 1329K [0x00000006c2800000, 0x00000006cd180000, 0x000000076b800000)
  object space 173568K, 0% used [0x00000006c2800000,0x00000006c294c490,0x00000006cd180000)
 Metaspace       used 7984K, capacity 8550K, committed 8704K, reserved 1056768K
  class space    used 642K, capacity 658K, committed 768K, reserved 1048576K
Event: 4.248 GC heap after
Heap after GC invocations=29 (full 0):
 PSYoungGen      total 116736K, used 64K [0x000000076b800000, 0x000000077a800000, 0x00000007c0000000)
  eden space 115200K, 0% used [0x000000076b800000,0x000000076b800000,0x0000000772880000)
  from space 1536K, 4% used [0x000000077a500000,0x000000077a510000,0x000000077a680000)
  to   space 1024K, 0% used [0x000000077a700000,0x000000077a700000,0x000000077a800000)
 ParOldGen       total 173568K, used 1329K [0x00000006c2800000, 0x00000006cd180000, 0x000000076b800000)
  object space 173568K, 0% used [0x00000006c2800000,0x00000006c294c490,0x00000006cd180000)
 Metaspace       used 7984K, capacity 8550K, committed 8704K, reserved 1056768K
  class space    used 642K, capacity 658K, committed 768K, reserved 1048576K
}
Event: 4.370 GC heap before
{Heap before GC invocations=30 (full 0):
 PSYoungGen      total 116736K, used 115264K [0x000000076b800000, 0x000000077a800000, 0x00000007c0000000)
  eden space 115200K, 100% used [0x000000076b800000,0x0000000772880000,0x0000000772880000)
  from space 1536K, 4% used [0x000000077a500000,0x000000077a510000,0x000000077a680000)
  to   space 1024K, 0% used [0x000000077a700000,0x000000077a700000,0x000000077a800000)
 ParOldGen       total 173568K, used 1329K [0x00000006c2800000, 0x00000006cd180000, 0x000000076b800000)
  object space 173568K, 0% used [0x00000006c2800000,0x00000006c294c490,0x00000006cd180000)
 Metaspace       used 7984K, capacity 8550K, committed 8704K, reserved 1056768K
  class space    used 642K, capacity 658K, committed 768K, reserved 1048576K
Event: 4.371 GC heap after
Heap after GC invocations=30 (full 0):
 PSYoungGen      total 112128K, used 64K [0x000000076b800000, 0x000000077a780000, 0x00000007c0000000)
  eden space 111616K, 0% used [0x000000076b800000,0x000000076b800000,0x0000000772500000)
  from space 512K, 12% used [0x000000077a700000,0x000000077a710000,0x000000077a780000)
  to   space 1024K, 0% used [0x000000077a580000,0x000000077a580000,0x000000077a680000)
 ParOldGen       total 173568K, used 1329K [0x00000006c2800000, 0x00000006cd180000, 0x000000076b800000)
  object space 173568K, 0% used [0x00000006c2800000,0x00000006c294c490,0x00000006cd180000)
 Metaspace       used 7984K, capacity 8550K, committed 8704K, reserved 1056768K
  class space    used 642K, capacity 658K, committed 768K, reserved 1048576K
}
Event: 4.490 GC heap before
{Heap before GC invocations=31 (full 0):
 PSYoungGen      total 112128K, used 111680K [0x000000076b800000, 0x000000077a780000, 0x00000007c0000000)
  eden space 111616K, 100% used [0x000000076b800000,0x0000000772500000,0x0000000772500000)
  from space 512K, 12% used [0x000000077a700000,0x000000077a710000,0x000000077a780000)
  to   space 1024K, 0% used [0x000000077a580000,0x000000077a580000,0x000000077a680000)
 ParOldGen       total 173568K, used 1329K [0x00000006c2800000, 0x00000006cd180000, 0x000000076b800000)
  object space 173568K, 0% used [0x00000006c2800000,0x00000006c294c490,0x00000006cd180000)
 Metaspace       used 7984K, capacity 8550K, committed 8704K, reserved 1056768K
  class space    used 642K, capacity 658K, committed 768K, reserved 1048576K
Event: 4.490 GC heap after
Heap after GC invocations=31 (full 0):
 PSYoungGen      total 109568K, used 96K [0x000000076b800000, 0x000000077a780000, 0x00000007c0000000)
  eden space 108544K, 0% used [0x000000076b800000,0x000000076b800000,0x0000000772200000)
  from space 1024K, 9% used [0x000000077a580000,0x000000077a598000,0x000000077a680000)
  to   space 1024K, 0% used [0x000000077a680000,0x000000077a680000,0x000000077a780000)
 ParOldGen       total 173568K, used 1329K [0x00000006c2800000, 0x00000006cd180000, 0x000000076b800000)
  object space 173568K, 0% used [0x00000006c2800000,0x00000006c294c490,0x00000006cd180000)
 Metaspace       used 7984K, capacity 8550K, committed 8704K, reserved 1056768K
  class space    used 642K, capacity 658K, committed 768K, reserved 1048576K
}
Event: 4.595 GC heap before
{Heap before GC invocations=32 (full 0):
 PSYoungGen      total 109568K, used 108640K [0x000000076b800000, 0x000000077a780000, 0x00000007c0000000)
  eden space 108544K, 100% used [0x000000076b800000,0x0000000772200000,0x0000000772200000)
  from space 1024K, 9% used [0x000000077a580000,0x000000077a598000,0x000000077a680000)
  to   space 1024K, 0% used [0x000000077a680000,0x000000077a680000,0x000000077a780000)
 ParOldGen       total 173568K, used 1329K [0x00000006c2800000, 0x00000006cd180000, 0x000000076b800000)
  object space 173568K, 0% used [0x00000006c2800000,0x00000006c294c490,0x00000006cd180000)
 Metaspace       used 7984K, capacity 8550K, committed 8704K, reserved 1056768K
  class space    used 642K, capacity 658K, committed 768K, reserved 1048576K
Event: 4.595 GC heap after
Heap after GC invocations=32 (full 0):
 PSYoungGen      total 105984K, used 96K [0x000000076b800000, 0x000000077a700000, 0x00000007c0000000)
  eden space 105472K, 0% used [0x000000076b800000,0x000000076b800000,0x0000000771f00000)
  from space 512K, 18% used [0x000000077a680000,0x000000077a698000,0x000000077a700000)
  to   space 1024K, 0% used [0x000000077a500000,0x000000077a500000,0x000000077a600000)
 ParOldGen       total 173568K, used 1329K [0x00000006c2800000, 0x00000006cd180000, 0x000000076b800000)
  object space 173568K, 0% used [0x00000006c2800000,0x00000006c294c490,0x00000006cd180000)
 Metaspace       used 7984K, capacity 8550K, committed 8704K, reserved 1056768K
  class space    used 642K, capacity 658K, committed 768K, reserved 1048576K
}

