# JRE version: Java(TM) SE Runtime Environment (8.0_65-b17) (build 1.8.0_65-b17)
# Java VM: Java HotSpot(TM) 64-Bit Server VM (25.65-b01 mixed mode windows-amd64 compressed oops)
Heap:
 PSYoungGen      total 986112K, used 49126K [0x000000076b800000, 0x00000007be280000, 0x00000007c0000000)
  eden space 977408K, 4% used [0x000000076b800000,0x000000076e7b98d8,0x00000007a7280000)
  from space 8704K, 2% used [0x00000007bd180000,0x00000007bd1c0000,0x00000007bda00000)
  to   space 8704K, 0% used [0x00000007bda00000,0x00000007bda00000,0x00000007be280000)
 ParOldGen       total 173568K, used 22429K [0x00000006c2800000, 0x00000006cd180000, 0x000000076b800000)
  object space 173568K, 12% used [0x00000006c2800000,0x00000006c3de74b8,0x00000006cd180000)
 Metaspace       used 8346K, capacity 8710K, committed 8960K, reserved 1056768K
  class space    used 659K, capacity 690K, committed 768K, reserved 1048576K
GC Heap History (10 events):
Event: 5.955 GC heap before
{Heap before GC invocations=15 (full 0):
 PSYoungGen      total 1244672K, used 1244384K [0x000000076b800000, 0x00000007bf480000, 0x00000007c0000000)
  eden space 1244160K, 100% used [0x000000076b800000,0x00000007b7700000,0x00000007b7700000)
  from space 512K, 43% used [0x00000007bf400000,0x00000007bf438000,0x00000007bf480000)
  to   space 10752K, 0% used [0x00000007bdf80000,0x00000007bdf80000,0x00000007bea00000)
 ParOldGen       total 173568K, used 22349K [0x00000006c2800000, 0x00000006cd180000, 0x000000076b800000)
  object space 173568K, 12% used [0x00000006c2800000,0x00000006c3dd34b8,0x00000006cd180000)
 Metaspace       used 8331K, capacity 8710K, committed 8960K, reserved 1056768K
  class space    used 659K, capacity 690K, committed 768K, reserved 1048576K
Event: 5.956 GC heap after
Heap after GC invocations=15 (full 0):
 PSYoungGen      total 1196032K, used 224K [0x000000076b800000, 0x00000007bf480000, 0x00000007c0000000)
  eden space 1185280K, 0% used [0x000000076b800000,0x000000076b800000,0x00000007b3d80000)
  from space 10752K, 2% used [0x00000007bdf80000,0x00000007bdfb8000,0x00000007bea00000)
  to   space 10240K, 0% used [0x00000007bea80000,0x00000007bea80000,0x00000007bf480000)
 ParOldGen       total 173568K, used 22357K [0x00000006c2800000, 0x00000006cd180000, 0x000000076b800000)
  object space 173568K, 12% used [0x00000006c2800000,0x00000006c3dd54b8,0x00000006cd180000)
 Metaspace       used 8331K, capacity 8710K, committed 8960K, reserved 1056768K
  class space    used 659K, capacity 690K, committed 768K, reserved 1048576K
}
Event: 6.987 GC heap before
{Heap before GC invocations=16 (full 0):
 PSYoungGen      total 1196032K, used 1185504K [0x000000076b800000, 0x00000007bf480000, 0x00000007c0000000)
  eden space 1185280K, 100% used [0x000000076b800000,0x00000007b3d80000,0x00000007b3d80000)
  from space 10752K, 2% used [0x00000007bdf80000,0x00000007bdfb8000,0x00000007bea00000)
  to   space 10240K, 0% used [0x00000007bea80000,0x00000007bea80000,0x00000007bf480000)
 ParOldGen       total 173568K, used 22357K [0x00000006c2800000, 0x00000006cd180000, 0x000000076b800000)
  object space 173568K, 12% used [0x00000006c2800000,0x00000006c3dd54b8,0x00000006cd180000)
 Metaspace       used 8331K, capacity 8710K, committed 8960K, reserved 1056768K
  class space    used 659K, capacity 690K, committed 768K, reserved 1048576K
Event: 6.988 GC heap after
Heap after GC invocations=16 (full 0):
 PSYoungGen      total 1129984K, used 224K [0x000000076b800000, 0x00000007beb00000, 0x00000007c0000000)
  eden space 1129472K, 0% used [0x000000076b800000,0x000000076b800000,0x00000007b0700000)
  from space 512K, 43% used [0x00000007bea80000,0x00000007beab8000,0x00000007beb00000)
  to   space 9728K, 0% used [0x00000007bd800000,0x00000007bd800000,0x00000007be180000)
 ParOldGen       total 173568K, used 22373K [0x00000006c2800000, 0x00000006cd180000, 0x000000076b800000)
  object space 173568K, 12% used [0x00000006c2800000,0x00000006c3dd94b8,0x00000006cd180000)
 Metaspace       used 8331K, capacity 8710K, committed 8960K, reserved 1056768K
  class space    used 659K, capacity 690K, committed 768K, reserved 1048576K
}
Event: 7.854 GC heap before
{Heap before GC invocations=17 (full 0):
 PSYoungGen      total 1129984K, used 1129696K [0x000000076b800000, 0x00000007beb00000, 0x00000007c0000000)
  eden space 1129472K, 100% used [0x000000076b800000,0x00000007b0700000,0x00000007b0700000)
  from space 512K, 43% used [0x00000007bea80000,0x00000007beab8000,0x00000007beb00000)
  to   space 9728K, 0% used [0x00000007bd800000,0x00000007bd800000,0x00000007be180000)
 ParOldGen       total 173568K, used 22373K [0x00000006c2800000, 0x00000006cd180000, 0x000000076b800000)
  object space 173568K, 12% used [0x00000006c2800000,0x00000006c3dd94b8,0x00000006cd180000)
 Metaspace       used 8337K, capacity 8710K, committed 8960K, reserved 1056768K
  class space    used 659K, capacity 690K, committed 768K, reserved 1048576K
Event: 7.854 GC heap after
Heap after GC invocations=17 (full 0):
 PSYoungGen      total 1085952K, used 224K [0x000000076b800000, 0x00000007beb00000, 0x00000007c0000000)
  eden space 1076224K, 0% used [0x000000076b800000,0x000000076b800000,0x00000007ad300000)
  from space 9728K, 2% used [0x00000007bd800000,0x00000007bd838000,0x00000007be180000)
  to   space 9216K, 0% used [0x00000007be200000,0x00000007be200000,0x00000007beb00000)
 ParOldGen       total 173568K, used 22381K [0x00000006c2800000, 0x00000006cd180000, 0x000000076b800000)
  object space 173568K, 12% used [0x00000006c2800000,0x00000006c3ddb4b8,0x00000006cd180000)
 Metaspace       used 8337K, capacity 8710K, committed 8960K, reserved 1056768K
  class space    used 659K, capacity 690K, committed 768K, reserved 1048576K
}
Event: 8.879 GC heap before
{Heap before GC invocations=18 (full 0):
 PSYoungGen      total 1085952K, used 1076448K [0x000000076b800000, 0x00000007beb00000, 0x00000007c0000000)
  eden space 1076224K, 100% used [0x000000076b800000,0x00000007ad300000,0x00000007ad300000)
  from space 9728K, 2% used [0x00000007bd800000,0x00000007bd838000,0x00000007be180000)
  to   space 9216K, 0% used [0x00000007be200000,0x00000007be200000,0x00000007beb00000)
 ParOldGen       total 173568K, used 22381K [0x00000006c2800000, 0x00000006cd180000, 0x000000076b800000)
  object space 173568K, 12% used [0x00000006c2800000,0x00000006c3ddb4b8,0x00000006cd180000)
 Metaspace       used 8346K, capacity 8710K, committed 8960K, reserved 1056768K
  class space    used 659K, capacity 690K, committed 768K, reserved 1048576K
Event: 8.879 GC heap after
Heap after GC invocations=18 (full 0):
 PSYoungGen      total 1026048K, used 224K [0x000000076b800000, 0x00000007be280000, 0x00000007c0000000)
  eden space 1025536K, 0% used [0x000000076b800000,0x000000076b800000,0x00000007aa180000)
  from space 512K, 43% used [0x00000007be200000,0x00000007be238000,0x00000007be280000)
  to   space 8704K, 0% used [0x00000007bd180000,0x00000007bd180000,0x00000007bda00000)
 ParOldGen       total 173568K, used 22381K [0x00000006c2800000, 0x00000006cd180000, 0x000000076b800000)
  object space 173568K, 12% used [0x00000006c2800000,0x00000006c3ddb4b8,0x00000006cd180000)
 Metaspace       used 8346K, capacity 8710K, committed 8960K, reserved 1056768K
  class space    used 659K, capacity 690K, committed 768K, reserved 1048576K
}
Event: 9.747 GC heap before
{Heap before GC invocations=19 (full 0):
 PSYoungGen      total 1026048K, used 1025760K [0x000000076b800000, 0x00000007be280000, 0x00000007c0000000)
  eden space 1025536K, 100% used [0x000000076b800000,0x00000007aa180000,0x00000007aa180000)
  from space 512K, 43% used [0x00000007be200000,0x00000007be238000,0x00000007be280000)
  to   space 8704K, 0% used [0x00000007bd180000,0x00000007bd180000,0x00000007bda00000)
 ParOldGen       total 173568K, used 22381K [0x00000006c2800000, 0x00000006cd180000, 0x000000076b800000)
  object space 173568K, 12% used [0x00000006c2800000,0x00000006c3ddb4b8,0x00000006cd180000)
 Metaspace       used 8346K, capacity 8710K, committed 8960K, reserved 1056768K
  class space    used 659K, capacity 690K, committed 768K, reserved 1048576K
Event: 9.747 GC heap after
Heap after GC invocations=19 (full 0):
 PSYoungGen      total 986112K, used 256K [0x000000076b800000, 0x00000007be280000, 0x00000007c0000000)
  eden space 977408K, 0% used [0x000000076b800000,0x000000076b800000,0x00000007a7280000)
  from space 8704K, 2% used [0x00000007bd180000,0x00000007bd1c0000,0x00000007bda00000)
  to   space 8704K, 0% used [0x00000007bda00000,0x00000007bda00000,0x00000007be280000)
 ParOldGen       total 173568K, used 22429K [0x00000006c2800000, 0x00000006cd180000, 0x000000076b800000)
  object space 173568K, 12% used [0x00000006c2800000,0x00000006c3de74b8,0x00000006cd180000)
 Metaspace       used 8346K, capacity 8710K, committed 8960K, reserved 1056768K
  class space    used 659K, capacity 690K, committed 768K, reserved 1048576K
}

