# JRE version: Java(TM) SE Runtime Environment (8.0_65-b17) (build 1.8.0_65-b17)
# Java VM: Java HotSpot(TM) 64-Bit Server VM (25.65-b01 mixed mode windows-amd64 compressed oops)
Heap:
 PSYoungGen      total 52736K, used 38140K [0x000000076b800000, 0x00000007ba300000, 0x00000007c0000000)
  eden space 52224K, 72% used [0x000000076b800000,0x000000076dd172c0,0x000000076eb00000)
  from space 512K, 31% used [0x00000007ba280000,0x00000007ba2a8000,0x00000007ba300000)
  to   space 512K, 0% used [0x00000007ba200000,0x00000007ba200000,0x00000007ba280000)
 ParOldGen       total 173568K, used 31105K [0x00000006c2800000, 0x00000006cd180000, 0x000000076b800000)
  object space 173568K, 17% used [0x00000006c2800000,0x00000006c4660768,0x00000006cd180000)
 Metaspace       used 8404K, capacity 8774K, committed 8960K, reserved 1056768K
  class space    used 662K, capacity 690K, committed 768K, reserved 1048576K
GC Heap History (10 events):
Event: 29.320 GC heap before
{Heap before GC invocations=172 (full 0):
 PSYoungGen      total 57856K, used 57600K [0x000000076b800000, 0x00000007ba300000, 0x00000007c0000000)
  eden space 57344K, 100% used [0x000000076b800000,0x000000076f000000,0x000000076f000000)
  from space 512K, 50% used [0x00000007ba200000,0x00000007ba240000,0x00000007ba280000)
  to   space 512K, 0% used [0x00000007ba280000,0x00000007ba280000,0x00000007ba300000)
 ParOldGen       total 173568K, used 31081K [0x00000006c2800000, 0x00000006cd180000, 0x000000076b800000)
  object space 173568K, 17% used [0x00000006c2800000,0x00000006c465a768,0x00000006cd180000)
 Metaspace       used 8404K, capacity 8774K, committed 8960K, reserved 1056768K
  class space    used 662K, capacity 690K, committed 768K, reserved 1048576K
Event: 29.320 GC heap after
Heap after GC invocations=172 (full 0):
 PSYoungGen      total 56832K, used 160K [0x000000076b800000, 0x00000007ba300000, 0x00000007c0000000)
  eden space 56320K, 0% used [0x000000076b800000,0x000000076b800000,0x000000076ef00000)
  from space 512K, 31% used [0x00000007ba280000,0x00000007ba2a8000,0x00000007ba300000)
  to   space 512K, 0% used [0x00000007ba200000,0x00000007ba200000,0x00000007ba280000)
 ParOldGen       total 173568K, used 31081K [0x00000006c2800000, 0x00000006cd180000, 0x000000076b800000)
  object space 173568K, 17% used [0x00000006c2800000,0x00000006c465a768,0x00000006cd180000)
 Metaspace       used 8404K, capacity 8774K, committed 8960K, reserved 1056768K
  class space    used 662K, capacity 690K, committed 768K, reserved 1048576K
}
Event: 29.382 GC heap before
{Heap before GC invocations=173 (full 0):
 PSYoungGen      total 56832K, used 56480K [0x000000076b800000, 0x00000007ba300000, 0x00000007c0000000)
  eden space 56320K, 100% used [0x000000076b800000,0x000000076ef00000,0x000000076ef00000)
  from space 512K, 31% used [0x00000007ba280000,0x00000007ba2a8000,0x00000007ba300000)
  to   space 512K, 0% used [0x00000007ba200000,0x00000007ba200000,0x00000007ba280000)
 ParOldGen       total 173568K, used 31081K [0x00000006c2800000, 0x00000006cd180000, 0x000000076b800000)
  object space 173568K, 17% used [0x00000006c2800000,0x00000006c465a768,0x00000006cd180000)
 Metaspace       used 8404K, capacity 8774K, committed 8960K, reserved 1056768K
  class space    used 662K, capacity 690K, committed 768K, reserved 1048576K
Event: 29.383 GC heap after
Heap after GC invocations=173 (full 0):
 PSYoungGen      total 55808K, used 224K [0x000000076b800000, 0x00000007ba300000, 0x00000007c0000000)
  eden space 55296K, 0% used [0x000000076b800000,0x000000076b800000,0x000000076ee00000)
  from space 512K, 43% used [0x00000007ba200000,0x00000007ba238000,0x00000007ba280000)
  to   space 512K, 0% used [0x00000007ba280000,0x00000007ba280000,0x00000007ba300000)
 ParOldGen       total 173568K, used 31105K [0x00000006c2800000, 0x00000006cd180000, 0x000000076b800000)
  object space 173568K, 17% used [0x00000006c2800000,0x00000006c4660768,0x00000006cd180000)
 Metaspace       used 8404K, capacity 8774K, committed 8960K, reserved 1056768K
  class space    used 662K, capacity 690K, committed 768K, reserved 1048576K
}
Event: 29.452 GC heap before
{Heap before GC invocations=174 (full 0):
 PSYoungGen      total 55808K, used 55520K [0x000000076b800000, 0x00000007ba300000, 0x00000007c0000000)
  eden space 55296K, 100% used [0x000000076b800000,0x000000076ee00000,0x000000076ee00000)
  from space 512K, 43% used [0x00000007ba200000,0x00000007ba238000,0x00000007ba280000)
  to   space 512K, 0% used [0x00000007ba280000,0x00000007ba280000,0x00000007ba300000)
 ParOldGen       total 173568K, used 31105K [0x00000006c2800000, 0x00000006cd180000, 0x000000076b800000)
  object space 173568K, 17% used [0x00000006c2800000,0x00000006c4660768,0x00000006cd180000)
 Metaspace       used 8404K, capacity 8774K, committed 8960K, reserved 1056768K
  class space    used 662K, capacity 690K, committed 768K, reserved 1048576K
Event: 29.452 GC heap after
Heap after GC invocations=174 (full 0):
 PSYoungGen      total 54784K, used 224K [0x000000076b800000, 0x00000007ba300000, 0x00000007c0000000)
  eden space 54272K, 0% used [0x000000076b800000,0x000000076b800000,0x000000076ed00000)
  from space 512K, 43% used [0x00000007ba280000,0x00000007ba2b8000,0x00000007ba300000)
  to   space 512K, 0% used [0x00000007ba200000,0x00000007ba200000,0x00000007ba280000)
 ParOldGen       total 173568K, used 31105K [0x00000006c2800000, 0x00000006cd180000, 0x000000076b800000)
  object space 173568K, 17% used [0x00000006c2800000,0x00000006c4660768,0x00000006cd180000)
 Metaspace       used 8404K, capacity 8774K, committed 8960K, reserved 1056768K
  class space    used 662K, capacity 690K, committed 768K, reserved 1048576K
}
Event: 29.499 GC heap before
{Heap before GC invocations=175 (full 0):
 PSYoungGen      total 54784K, used 54496K [0x000000076b800000, 0x00000007ba300000, 0x00000007c0000000)
  eden space 54272K, 100% used [0x000000076b800000,0x000000076ed00000,0x000000076ed00000)
  from space 512K, 43% used [0x00000007ba280000,0x00000007ba2b8000,0x00000007ba300000)
  to   space 512K, 0% used [0x00000007ba200000,0x00000007ba200000,0x00000007ba280000)
 ParOldGen       total 173568K, used 31105K [0x00000006c2800000, 0x00000006cd180000, 0x000000076b800000)
  object space 173568K, 17% used [0x00000006c2800000,0x00000006c4660768,0x00000006cd180000)
 Metaspace       used 8404K, capacity 8774K, committed 8960K, reserved 1056768K
  class space    used 662K, capacity 690K, committed 768K, reserved 1048576K
Event: 29.499 GC heap after
Heap after GC invocations=175 (full 0):
 PSYoungGen      total 53760K, used 224K [0x000000076b800000, 0x00000007ba300000, 0x00000007c0000000)
  eden space 53248K, 0% used [0x000000076b800000,0x000000076b800000,0x000000076ec00000)
  from space 512K, 43% used [0x00000007ba200000,0x00000007ba238000,0x00000007ba280000)
  to   space 512K, 0% used [0x00000007ba280000,0x00000007ba280000,0x00000007ba300000)
 ParOldGen       total 173568K, used 31105K [0x00000006c2800000, 0x00000006cd180000, 0x000000076b800000)
  object space 173568K, 17% used [0x00000006c2800000,0x00000006c4660768,0x00000006cd180000)
 Metaspace       used 8404K, capacity 8774K, committed 8960K, reserved 1056768K
  class space    used 662K, capacity 690K, committed 768K, reserved 1048576K
}
Event: 29.551 GC heap before
{Heap before GC invocations=176 (full 0):
 PSYoungGen      total 53760K, used 53472K [0x000000076b800000, 0x00000007ba300000, 0x00000007c0000000)
  eden space 53248K, 100% used [0x000000076b800000,0x000000076ec00000,0x000000076ec00000)
  from space 512K, 43% used [0x00000007ba200000,0x00000007ba238000,0x00000007ba280000)
  to   space 512K, 0% used [0x00000007ba280000,0x00000007ba280000,0x00000007ba300000)
 ParOldGen       total 173568K, used 31105K [0x00000006c2800000, 0x00000006cd180000, 0x000000076b800000)
  object space 173568K, 17% used [0x00000006c2800000,0x00000006c4660768,0x00000006cd180000)
 Metaspace       used 8404K, capacity 8774K, committed 8960K, reserved 1056768K
  class space    used 662K, capacity 690K, committed 768K, reserved 1048576K
Event: 29.552 GC heap after
Heap after GC invocations=176 (full 0):
 PSYoungGen      total 52736K, used 160K [0x000000076b800000, 0x00000007ba300000, 0x00000007c0000000)
  eden space 52224K, 0% used [0x000000076b800000,0x000000076b800000,0x000000076eb00000)
  from space 512K, 31% used [0x00000007ba280000,0x00000007ba2a8000,0x00000007ba300000)
  to   space 512K, 0% used [0x00000007ba200000,0x00000007ba200000,0x00000007ba280000)
 ParOldGen       total 173568K, used 31105K [0x00000006c2800000, 0x00000006cd180000, 0x000000076b800000)
  object space 173568K, 17% used [0x00000006c2800000,0x00000006c4660768,0x00000006cd180000)
 Metaspace       used 8404K, capacity 8774K, committed 8960K, reserved 1056768K
  class space    used 662K, capacity 690K, committed 768K, reserved 1048576K
}

