# JRE version: Java(TM) SE Runtime Environment (8.0_65-b17) (build 1.8.0_65-b17)
# Java VM: Java HotSpot(TM) 64-Bit Server VM (25.65-b01 mixed mode windows-amd64 compressed oops)
Heap:
 PSYoungGen      total 130560K, used 101055K [0x000000076b800000, 0x0000000779e00000, 0x00000007c0000000)
  eden space 128512K, 78% used [0x000000076b800000,0x0000000771a87eb0,0x0000000773580000)
  from space 2048K, 7% used [0x0000000779a00000,0x0000000779a28000,0x0000000779c00000)
  to   space 2048K, 0% used [0x0000000779c00000,0x0000000779c00000,0x0000000779e00000)
 ParOldGen       total 173568K, used 1252K [0x00000006c2800000, 0x00000006cd180000, 0x000000076b800000)
  object space 173568K, 0% used [0x00000006c2800000,0x00000006c2939060,0x00000006cd180000)
 Metaspace       used 8104K, capacity 8646K, committed 8960K, reserved 1056768K
  class space    used 649K, capacity 690K, committed 768K, reserved 1048576K
GC Heap History (10 events):
Event: 0.960 GC heap before
{Heap before GC invocations=9 (full 0):
 PSYoungGen      total 147968K, used 147592K [0x000000076b800000, 0x0000000774a00000, 0x00000007c0000000)
  eden space 146432K, 100% used [0x000000076b800000,0x0000000774700000,0x0000000774700000)
  from space 1536K, 75% used [0x0000000774880000,0x00000007749a2200,0x0000000774a00000)
  to   space 1536K, 0% used [0x0000000774700000,0x0000000774700000,0x0000000774880000)
 ParOldGen       total 173568K, used 668K [0x00000006c2800000, 0x00000006cd180000, 0x000000076b800000)
  object space 173568K, 0% used [0x00000006c2800000,0x00000006c28a7060,0x00000006cd180000)
 Metaspace       used 8086K, capacity 8646K, committed 8960K, reserved 1056768K
  class space    used 649K, capacity 690K, committed 768K, reserved 1048576K
Event: 0.961 GC heap after
Heap after GC invocations=9 (full 0):
 PSYoungGen      total 147968K, used 993K [0x000000076b800000, 0x000000077a000000, 0x00000007c0000000)
  eden space 146432K, 0% used [0x000000076b800000,0x000000076b800000,0x0000000774700000)
  from space 1536K, 64% used [0x0000000774700000,0x00000007747f8560,0x0000000774880000)
  to   space 1536K, 0% used [0x0000000779e80000,0x0000000779e80000,0x000000077a000000)
 ParOldGen       total 173568K, used 892K [0x00000006c2800000, 0x00000006cd180000, 0x000000076b800000)
  object space 173568K, 0% used [0x00000006c2800000,0x00000006c28df060,0x00000006cd180000)
 Metaspace       used 8086K, capacity 8646K, committed 8960K, reserved 1056768K
  class space    used 649K, capacity 690K, committed 768K, reserved 1048576K
}
Event: 1.115 GC heap before
{Heap before GC invocations=10 (full 0):
 PSYoungGen      total 147968K, used 147425K [0x000000076b800000, 0x000000077a000000, 0x00000007c0000000)
  eden space 146432K, 100% used [0x000000076b800000,0x0000000774700000,0x0000000774700000)
  from space 1536K, 64% used [0x0000000774700000,0x00000007747f8560,0x0000000774880000)
  to   space 1536K, 0% used [0x0000000779e80000,0x0000000779e80000,0x000000077a000000)
 ParOldGen       total 173568K, used 892K [0x00000006c2800000, 0x00000006cd180000, 0x000000076b800000)
  object space 173568K, 0% used [0x00000006c2800000,0x00000006c28df060,0x00000006cd180000)
 Metaspace       used 8089K, capacity 8646K, committed 8960K, reserved 1056768K
  class space    used 649K, capacity 690K, committed 768K, reserved 1048576K
Event: 1.116 GC heap after
Heap after GC invocations=10 (full 0):
 PSYoungGen      total 142336K, used 256K [0x000000076b800000, 0x0000000779f00000, 0x00000007c0000000)
  eden space 141824K, 0% used [0x000000076b800000,0x000000076b800000,0x0000000774280000)
  from space 512K, 50% used [0x0000000779e80000,0x0000000779ec0000,0x0000000779f00000)
  to   space 1536K, 0% used [0x0000000779c00000,0x0000000779c00000,0x0000000779d80000)
 ParOldGen       total 173568K, used 1068K [0x00000006c2800000, 0x00000006cd180000, 0x000000076b800000)
  object space 173568K, 0% used [0x00000006c2800000,0x00000006c290b060,0x00000006cd180000)
 Metaspace       used 8089K, capacity 8646K, committed 8960K, reserved 1056768K
  class space    used 649K, capacity 690K, committed 768K, reserved 1048576K
}
Event: 1.237 GC heap before
{Heap before GC invocations=11 (full 0):
 PSYoungGen      total 142336K, used 142080K [0x000000076b800000, 0x0000000779f00000, 0x00000007c0000000)
  eden space 141824K, 100% used [0x000000076b800000,0x0000000774280000,0x0000000774280000)
  from space 512K, 50% used [0x0000000779e80000,0x0000000779ec0000,0x0000000779f00000)
  to   space 1536K, 0% used [0x0000000779c00000,0x0000000779c00000,0x0000000779d80000)
 ParOldGen       total 173568K, used 1068K [0x00000006c2800000, 0x00000006cd180000, 0x000000076b800000)
  object space 173568K, 0% used [0x00000006c2800000,0x00000006c290b060,0x00000006cd180000)
 Metaspace       used 8091K, capacity 8646K, committed 8960K, reserved 1056768K
  class space    used 649K, capacity 690K, committed 768K, reserved 1048576K
Event: 1.238 GC heap after
Heap after GC invocations=11 (full 0):
 PSYoungGen      total 138752K, used 160K [0x000000076b800000, 0x0000000779f00000, 0x00000007c0000000)
  eden space 137216K, 0% used [0x000000076b800000,0x000000076b800000,0x0000000773e00000)
  from space 1536K, 10% used [0x0000000779c00000,0x0000000779c28000,0x0000000779d80000)
  to   space 1536K, 0% used [0x0000000779d80000,0x0000000779d80000,0x0000000779f00000)
 ParOldGen       total 173568K, used 1252K [0x00000006c2800000, 0x00000006cd180000, 0x000000076b800000)
  object space 173568K, 0% used [0x00000006c2800000,0x00000006c2939060,0x00000006cd180000)
 Metaspace       used 8091K, capacity 8646K, committed 8960K, reserved 1056768K
  class space    used 649K, capacity 690K, committed 768K, reserved 1048576K
}
Event: 1.358 GC heap before
{Heap before GC invocations=12 (full 0):
 PSYoungGen      total 138752K, used 137376K [0x000000076b800000, 0x0000000779f00000, 0x00000007c0000000)
  eden space 137216K, 100% used [0x000000076b800000,0x0000000773e00000,0x0000000773e00000)
  from space 1536K, 10% used [0x0000000779c00000,0x0000000779c28000,0x0000000779d80000)
  to   space 1536K, 0% used [0x0000000779d80000,0x0000000779d80000,0x0000000779f00000)
 ParOldGen       total 173568K, used 1252K [0x00000006c2800000, 0x00000006cd180000, 0x000000076b800000)
  object space 173568K, 0% used [0x00000006c2800000,0x00000006c2939060,0x00000006cd180000)
 Metaspace       used 8093K, capacity 8646K, committed 8960K, reserved 1056768K
  class space    used 649K, capacity 690K, committed 768K, reserved 1048576K
Event: 1.359 GC heap after
Heap after GC invocations=12 (full 0):
 PSYoungGen      total 133120K, used 160K [0x000000076b800000, 0x0000000779e00000, 0x00000007c0000000)
  eden space 132608K, 0% used [0x000000076b800000,0x000000076b800000,0x0000000773980000)
  from space 512K, 31% used [0x0000000779d80000,0x0000000779da8000,0x0000000779e00000)
  to   space 2048K, 0% used [0x0000000779a00000,0x0000000779a00000,0x0000000779c00000)
 ParOldGen       total 173568K, used 1252K [0x00000006c2800000, 0x00000006cd180000, 0x000000076b800000)
  object space 173568K, 0% used [0x00000006c2800000,0x00000006c2939060,0x00000006cd180000)
 Metaspace       used 8093K, capacity 8646K, committed 8960K, reserved 1056768K
  class space    used 649K, capacity 690K, committed 768K, reserved 1048576K
}
Event: 1.468 GC heap before
{Heap before GC invocations=13 (full 0):
 PSYoungGen      total 133120K, used 132768K [0x000000076b800000, 0x0000000779e00000, 0x00000007c0000000)
  eden space 132608K, 100% used [0x000000076b800000,0x0000000773980000,0x0000000773980000)
  from space 512K, 31% used [0x0000000779d80000,0x0000000779da8000,0x0000000779e00000)
  to   space 2048K, 0% used [0x0000000779a00000,0x0000000779a00000,0x0000000779c00000)
 ParOldGen       total 173568K, used 1252K [0x00000006c2800000, 0x00000006cd180000, 0x000000076b800000)
  object space 173568K, 0% used [0x00000006c2800000,0x00000006c2939060,0x00000006cd180000)
 Metaspace       used 8095K, capacity 8646K, committed 8960K, reserved 1056768K
  class space    used 649K, capacity 690K, committed 768K, reserved 1048576K
Event: 1.469 GC heap after
Heap after GC invocations=13 (full 0):
 PSYoungGen      total 130560K, used 160K [0x000000076b800000, 0x0000000779e00000, 0x00000007c0000000)
  eden space 128512K, 0% used [0x000000076b800000,0x000000076b800000,0x0000000773580000)
  from space 2048K, 7% used [0x0000000779a00000,0x0000000779a28000,0x0000000779c00000)
  to   space 2048K, 0% used [0x0000000779c00000,0x0000000779c00000,0x0000000779e00000)
 ParOldGen       total 173568K, used 1252K [0x00000006c2800000, 0x00000006cd180000, 0x000000076b800000)
  object space 173568K, 0% used [0x00000006c2800000,0x00000006c2939060,0x00000006cd180000)
 Metaspace       used 8095K, capacity 8646K, committed 8960K, reserved 1056768K
  class space    used 649K, capacity 690K, committed 768K, reserved 1048576K
}

