# JRE version: Java(TM) SE Runtime Environment (8.0_65-b17) (build 1.8.0_65-b17)
# Java VM: Java HotSpot(TM) 64-Bit Server VM (25.65-b01 mixed mode windows-amd64 compressed oops)
Heap:
 PSYoungGen      total 71680K, used 62165K [0x000000076b800000, 0x00000007bb080000, 0x00000007c0000000)
  eden space 71168K, 87% used [0x000000076b800000,0x000000076f48d580,0x000000076fd80000)
  from space 512K, 31% used [0x00000007bb000000,0x00000007bb028000,0x00000007bb080000)
  to   space 512K, 0% used [0x00000007baf80000,0x00000007baf80000,0x00000007bb000000)
 ParOldGen       total 173568K, used 28976K [0x00000006c2800000, 0x00000006cd180000, 0x000000076b800000)
  object space 173568K, 16% used [0x00000006c2800000,0x00000006c444c3d0,0x00000006cd180000)
 Metaspace       used 8396K, capacity 8774K, committed 8960K, reserved 1056768K
  class space    used 662K, capacity 690K, committed 768K, reserved 1048576K
GC Heap History (10 events):
Event: 18.949 GC heap before
{Heap before GC invocations=162 (full 0):
 PSYoungGen      total 80896K, used 80608K [0x000000076b800000, 0x00000007bb080000, 0x00000007c0000000)
  eden space 80384K, 100% used [0x000000076b800000,0x0000000770680000,0x0000000770680000)
  from space 512K, 43% used [0x00000007baf80000,0x00000007bafb8000,0x00000007bb000000)
  to   space 512K, 0% used [0x00000007bb000000,0x00000007bb000000,0x00000007bb080000)
 ParOldGen       total 173568K, used 28976K [0x00000006c2800000, 0x00000006cd180000, 0x000000076b800000)
  object space 173568K, 16% used [0x00000006c2800000,0x00000006c444c3d0,0x00000006cd180000)
 Metaspace       used 8396K, capacity 8774K, committed 8960K, reserved 1056768K
  class space    used 662K, capacity 690K, committed 768K, reserved 1048576K
Event: 18.950 GC heap after
Heap after GC invocations=162 (full 0):
 PSYoungGen      total 78848K, used 192K [0x000000076b800000, 0x00000007bb080000, 0x00000007c0000000)
  eden space 78336K, 0% used [0x000000076b800000,0x000000076b800000,0x0000000770480000)
  from space 512K, 37% used [0x00000007bb000000,0x00000007bb030000,0x00000007bb080000)
  to   space 512K, 0% used [0x00000007baf80000,0x00000007baf80000,0x00000007bb000000)
 ParOldGen       total 173568K, used 28976K [0x00000006c2800000, 0x00000006cd180000, 0x000000076b800000)
  object space 173568K, 16% used [0x00000006c2800000,0x00000006c444c3d0,0x00000006cd180000)
 Metaspace       used 8396K, capacity 8774K, committed 8960K, reserved 1056768K
  class space    used 662K, capacity 690K, committed 768K, reserved 1048576K
}
Event: 19.015 GC heap before
{Heap before GC invocations=163 (full 0):
 PSYoungGen      total 78848K, used 78528K [0x000000076b800000, 0x00000007bb080000, 0x00000007c0000000)
  eden space 78336K, 100% used [0x000000076b800000,0x0000000770480000,0x0000000770480000)
  from space 512K, 37% used [0x00000007bb000000,0x00000007bb030000,0x00000007bb080000)
  to   space 512K, 0% used [0x00000007baf80000,0x00000007baf80000,0x00000007bb000000)
 ParOldGen       total 173568K, used 28976K [0x00000006c2800000, 0x00000006cd180000, 0x000000076b800000)
  object space 173568K, 16% used [0x00000006c2800000,0x00000006c444c3d0,0x00000006cd180000)
 Metaspace       used 8396K, capacity 8774K, committed 8960K, reserved 1056768K
  class space    used 662K, capacity 690K, committed 768K, reserved 1048576K
Event: 19.015 GC heap after
Heap after GC invocations=163 (full 0):
 PSYoungGen      total 76800K, used 224K [0x000000076b800000, 0x00000007bb080000, 0x00000007c0000000)
  eden space 76288K, 0% used [0x000000076b800000,0x000000076b800000,0x0000000770280000)
  from space 512K, 43% used [0x00000007baf80000,0x00000007bafb8000,0x00000007bb000000)
  to   space 512K, 0% used [0x00000007bb000000,0x00000007bb000000,0x00000007bb080000)
 ParOldGen       total 173568K, used 28976K [0x00000006c2800000, 0x00000006cd180000, 0x000000076b800000)
  object space 173568K, 16% used [0x00000006c2800000,0x00000006c444c3d0,0x00000006cd180000)
 Metaspace       used 8396K, capacity 8774K, committed 8960K, reserved 1056768K
  class space    used 662K, capacity 690K, committed 768K, reserved 1048576K
}
Event: 19.048 GC heap before
{Heap before GC invocations=164 (full 0):
 PSYoungGen      total 76800K, used 76512K [0x000000076b800000, 0x00000007bb080000, 0x00000007c0000000)
  eden space 76288K, 100% used [0x000000076b800000,0x0000000770280000,0x0000000770280000)
  from space 512K, 43% used [0x00000007baf80000,0x00000007bafb8000,0x00000007bb000000)
  to   space 512K, 0% used [0x00000007bb000000,0x00000007bb000000,0x00000007bb080000)
 ParOldGen       total 173568K, used 28976K [0x00000006c2800000, 0x00000006cd180000, 0x000000076b800000)
  object space 173568K, 16% used [0x00000006c2800000,0x00000006c444c3d0,0x00000006cd180000)
 Metaspace       used 8396K, capacity 8774K, committed 8960K, reserved 1056768K
  class space    used 662K, capacity 690K, committed 768K, reserved 1048576K
Event: 19.049 GC heap after
Heap after GC invocations=164 (full 0):
 PSYoungGen      total 74752K, used 224K [0x000000076b800000, 0x00000007bb080000, 0x00000007c0000000)
  eden space 74240K, 0% used [0x000000076b800000,0x000000076b800000,0x0000000770080000)
  from space 512K, 43% used [0x00000007bb000000,0x00000007bb038000,0x00000007bb080000)
  to   space 512K, 0% used [0x00000007baf80000,0x00000007baf80000,0x00000007bb000000)
 ParOldGen       total 173568K, used 28976K [0x00000006c2800000, 0x00000006cd180000, 0x000000076b800000)
  object space 173568K, 16% used [0x00000006c2800000,0x00000006c444c3d0,0x00000006cd180000)
 Metaspace       used 8396K, capacity 8774K, committed 8960K, reserved 1056768K
  class space    used 662K, capacity 690K, committed 768K, reserved 1048576K
}
Event: 19.101 GC heap before
{Heap before GC invocations=165 (full 0):
 PSYoungGen      total 74752K, used 74464K [0x000000076b800000, 0x00000007bb080000, 0x00000007c0000000)
  eden space 74240K, 100% used [0x000000076b800000,0x0000000770080000,0x0000000770080000)
  from space 512K, 43% used [0x00000007bb000000,0x00000007bb038000,0x00000007bb080000)
  to   space 512K, 0% used [0x00000007baf80000,0x00000007baf80000,0x00000007bb000000)
 ParOldGen       total 173568K, used 28976K [0x00000006c2800000, 0x00000006cd180000, 0x000000076b800000)
  object space 173568K, 16% used [0x00000006c2800000,0x00000006c444c3d0,0x00000006cd180000)
 Metaspace       used 8396K, capacity 8774K, committed 8960K, reserved 1056768K
  class space    used 662K, capacity 690K, committed 768K, reserved 1048576K
Event: 19.102 GC heap after
Heap after GC invocations=165 (full 0):
 PSYoungGen      total 73216K, used 128K [0x000000076b800000, 0x00000007bb080000, 0x00000007c0000000)
  eden space 72704K, 0% used [0x000000076b800000,0x000000076b800000,0x000000076ff00000)
  from space 512K, 25% used [0x00000007baf80000,0x00000007bafa0000,0x00000007bb000000)
  to   space 512K, 0% used [0x00000007bb000000,0x00000007bb000000,0x00000007bb080000)
 ParOldGen       total 173568K, used 28976K [0x00000006c2800000, 0x00000006cd180000, 0x000000076b800000)
  object space 173568K, 16% used [0x00000006c2800000,0x00000006c444c3d0,0x00000006cd180000)
 Metaspace       used 8396K, capacity 8774K, committed 8960K, reserved 1056768K
  class space    used 662K, capacity 690K, committed 768K, reserved 1048576K
}
Event: 19.173 GC heap before
{Heap before GC invocations=166 (full 0):
 PSYoungGen      total 73216K, used 72832K [0x000000076b800000, 0x00000007bb080000, 0x00000007c0000000)
  eden space 72704K, 100% used [0x000000076b800000,0x000000076ff00000,0x000000076ff00000)
  from space 512K, 25% used [0x00000007baf80000,0x00000007bafa0000,0x00000007bb000000)
  to   space 512K, 0% used [0x00000007bb000000,0x00000007bb000000,0x00000007bb080000)
 ParOldGen       total 173568K, used 28976K [0x00000006c2800000, 0x00000006cd180000, 0x000000076b800000)
  object space 173568K, 16% used [0x00000006c2800000,0x00000006c444c3d0,0x00000006cd180000)
 Metaspace       used 8396K, capacity 8774K, committed 8960K, reserved 1056768K
  class space    used 662K, capacity 690K, committed 768K, reserved 1048576K
Event: 19.173 GC heap after
Heap after GC invocations=166 (full 0):
 PSYoungGen      total 71680K, used 160K [0x000000076b800000, 0x00000007bb080000, 0x00000007c0000000)
  eden space 71168K, 0% used [0x000000076b800000,0x000000076b800000,0x000000076fd80000)
  from space 512K, 31% used [0x00000007bb000000,0x00000007bb028000,0x00000007bb080000)
  to   space 512K, 0% used [0x00000007baf80000,0x00000007baf80000,0x00000007bb000000)
 ParOldGen       total 173568K, used 28976K [0x00000006c2800000, 0x00000006cd180000, 0x000000076b800000)
  object space 173568K, 16% used [0x00000006c2800000,0x00000006c444c3d0,0x00000006cd180000)
 Metaspace       used 8396K, capacity 8774K, committed 8960K, reserved 1056768K
  class space    used 662K, capacity 690K, committed 768K, reserved 1048576K
}

