# JRE version: Java(TM) SE Runtime Environment (8.0_65-b17) (build 1.8.0_65-b17)
# Java VM: Java HotSpot(TM) 64-Bit Server VM (25.65-b01 mixed mode windows-amd64 compressed oops)
Heap:
 PSYoungGen      total 122368K, used 30664K [0x000000076b800000, 0x0000000789c80000, 0x00000007c0000000)
  eden space 121856K, 25% used [0x000000076b800000,0x000000076d5c2308,0x0000000772f00000)
  from space 512K, 37% used [0x0000000789c00000,0x0000000789c30000,0x0000000789c80000)
  to   space 512K, 0% used [0x0000000789b80000,0x0000000789b80000,0x0000000789c00000)
 ParOldGen       total 173568K, used 5057K [0x00000006c2800000, 0x00000006cd180000, 0x000000076b800000)
  object space 173568K, 2% used [0x00000006c2800000,0x00000006c2cf0750,0x00000006cd180000)
 Metaspace       used 8409K, capacity 8774K, committed 8960K, reserved 1056768K
  class space    used 662K, capacity 690K, committed 768K, reserved 1048576K
GC Heap History (10 events):
Event: 22.110 GC heap before
{Heap before GC invocations=312 (full 0):
 PSYoungGen      total 91648K, used 91328K [0x000000076b800000, 0x0000000789c80000, 0x00000007c0000000)
  eden space 91136K, 100% used [0x000000076b800000,0x0000000771100000,0x0000000771100000)
  from space 512K, 37% used [0x0000000789b80000,0x0000000789bb0000,0x0000000789c00000)
  to   space 512K, 0% used [0x0000000789c00000,0x0000000789c00000,0x0000000789c80000)
 ParOldGen       total 173568K, used 4985K [0x00000006c2800000, 0x00000006cd180000, 0x000000076b800000)
  object space 173568K, 2% used [0x00000006c2800000,0x00000006c2cde750,0x00000006cd180000)
 Metaspace       used 8409K, capacity 8774K, committed 8960K, reserved 1056768K
  class space    used 662K, capacity 690K, committed 768K, reserved 1048576K
Event: 22.110 GC heap after
Heap after GC invocations=312 (full 0):
 PSYoungGen      total 89088K, used 128K [0x000000076b800000, 0x0000000789c80000, 0x00000007c0000000)
  eden space 88576K, 0% used [0x000000076b800000,0x000000076b800000,0x0000000770e80000)
  from space 512K, 25% used [0x0000000789c00000,0x0000000789c20000,0x0000000789c80000)
  to   space 512K, 0% used [0x0000000789b80000,0x0000000789b80000,0x0000000789c00000)
 ParOldGen       total 173568K, used 5025K [0x00000006c2800000, 0x00000006cd180000, 0x000000076b800000)
  object space 173568K, 2% used [0x00000006c2800000,0x00000006c2ce8750,0x00000006cd180000)
 Metaspace       used 8409K, capacity 8774K, committed 8960K, reserved 1056768K
  class space    used 662K, capacity 690K, committed 768K, reserved 1048576K
}
Event: 22.155 GC heap before
{Heap before GC invocations=313 (full 0):
 PSYoungGen      total 89088K, used 88704K [0x000000076b800000, 0x0000000789c80000, 0x00000007c0000000)
  eden space 88576K, 100% used [0x000000076b800000,0x0000000770e80000,0x0000000770e80000)
  from space 512K, 25% used [0x0000000789c00000,0x0000000789c20000,0x0000000789c80000)
  to   space 512K, 0% used [0x0000000789b80000,0x0000000789b80000,0x0000000789c00000)
 ParOldGen       total 173568K, used 5025K [0x00000006c2800000, 0x00000006cd180000, 0x000000076b800000)
  object space 173568K, 2% used [0x00000006c2800000,0x00000006c2ce8750,0x00000006cd180000)
 Metaspace       used 8409K, capacity 8774K, committed 8960K, reserved 1056768K
  class space    used 662K, capacity 690K, committed 768K, reserved 1048576K
Event: 22.155 GC heap after
Heap after GC invocations=313 (full 0):
 PSYoungGen      total 87040K, used 256K [0x000000076b800000, 0x0000000789c80000, 0x00000007c0000000)
  eden space 86528K, 0% used [0x000000076b800000,0x000000076b800000,0x0000000770c80000)
  from space 512K, 50% used [0x0000000789b80000,0x0000000789bc0000,0x0000000789c00000)
  to   space 512K, 0% used [0x0000000789c00000,0x0000000789c00000,0x0000000789c80000)
 ParOldGen       total 173568K, used 5025K [0x00000006c2800000, 0x00000006cd180000, 0x000000076b800000)
  object space 173568K, 2% used [0x00000006c2800000,0x00000006c2ce8750,0x00000006cd180000)
 Metaspace       used 8409K, capacity 8774K, committed 8960K, reserved 1056768K
  class space    used 662K, capacity 690K, committed 768K, reserved 1048576K
}
Event: 22.210 GC heap before
{Heap before GC invocations=314 (full 0):
 PSYoungGen      total 87040K, used 86784K [0x000000076b800000, 0x0000000789c80000, 0x00000007c0000000)
  eden space 86528K, 100% used [0x000000076b800000,0x0000000770c80000,0x0000000770c80000)
  from space 512K, 50% used [0x0000000789b80000,0x0000000789bc0000,0x0000000789c00000)
  to   space 512K, 0% used [0x0000000789c00000,0x0000000789c00000,0x0000000789c80000)
 ParOldGen       total 173568K, used 5025K [0x00000006c2800000, 0x00000006cd180000, 0x000000076b800000)
  object space 173568K, 2% used [0x00000006c2800000,0x00000006c2ce8750,0x00000006cd180000)
 Metaspace       used 8409K, capacity 8774K, committed 8960K, reserved 1056768K
  class space    used 662K, capacity 690K, committed 768K, reserved 1048576K
Event: 22.210 GC heap after
Heap after GC invocations=314 (full 0):
 PSYoungGen      total 84992K, used 192K [0x000000076b800000, 0x0000000789c80000, 0x00000007c0000000)
  eden space 84480K, 0% used [0x000000076b800000,0x000000076b800000,0x0000000770a80000)
  from space 512K, 37% used [0x0000000789c00000,0x0000000789c30000,0x0000000789c80000)
  to   space 512K, 0% used [0x0000000789b80000,0x0000000789b80000,0x0000000789c00000)
 ParOldGen       total 173568K, used 5025K [0x00000006c2800000, 0x00000006cd180000, 0x000000076b800000)
  object space 173568K, 2% used [0x00000006c2800000,0x00000006c2ce8750,0x00000006cd180000)
 Metaspace       used 8409K, capacity 8774K, committed 8960K, reserved 1056768K
  class space    used 662K, capacity 690K, committed 768K, reserved 1048576K
}
Event: 22.251 GC heap before
{Heap before GC invocations=315 (full 0):
 PSYoungGen      total 84992K, used 84672K [0x000000076b800000, 0x0000000789c80000, 0x00000007c0000000)
  eden space 84480K, 100% used [0x000000076b800000,0x0000000770a80000,0x0000000770a80000)
  from space 512K, 37% used [0x0000000789c00000,0x0000000789c30000,0x0000000789c80000)
  to   space 512K, 0% used [0x0000000789b80000,0x0000000789b80000,0x0000000789c00000)
 ParOldGen       total 173568K, used 5025K [0x00000006c2800000, 0x00000006cd180000, 0x000000076b800000)
  object space 173568K, 2% used [0x00000006c2800000,0x00000006c2ce8750,0x00000006cd180000)
 Metaspace       used 8409K, capacity 8774K, committed 8960K, reserved 1056768K
  class space    used 662K, capacity 690K, committed 768K, reserved 1048576K
Event: 22.251 GC heap after
Heap after GC invocations=315 (full 0):
 PSYoungGen      total 101888K, used 192K [0x000000076b800000, 0x0000000789c80000, 0x00000007c0000000)
  eden space 101376K, 0% used [0x000000076b800000,0x000000076b800000,0x0000000771b00000)
  from space 512K, 37% used [0x0000000789b80000,0x0000000789bb0000,0x0000000789c00000)
  to   space 512K, 0% used [0x0000000789c00000,0x0000000789c00000,0x0000000789c80000)
 ParOldGen       total 173568K, used 5025K [0x00000006c2800000, 0x00000006cd180000, 0x000000076b800000)
  object space 173568K, 2% used [0x00000006c2800000,0x00000006c2ce8750,0x00000006cd180000)
 Metaspace       used 8409K, capacity 8774K, committed 8960K, reserved 1056768K
  class space    used 662K, capacity 690K, committed 768K, reserved 1048576K
}
Event: 22.316 GC heap before
{Heap before GC invocations=316 (full 0):
 PSYoungGen      total 101888K, used 101568K [0x000000076b800000, 0x0000000789c80000, 0x00000007c0000000)
  eden space 101376K, 100% used [0x000000076b800000,0x0000000771b00000,0x0000000771b00000)
  from space 512K, 37% used [0x0000000789b80000,0x0000000789bb0000,0x0000000789c00000)
  to   space 512K, 0% used [0x0000000789c00000,0x0000000789c00000,0x0000000789c80000)
 ParOldGen       total 173568K, used 5025K [0x00000006c2800000, 0x00000006cd180000, 0x000000076b800000)
  object space 173568K, 2% used [0x00000006c2800000,0x00000006c2ce8750,0x00000006cd180000)
 Metaspace       used 8409K, capacity 8774K, committed 8960K, reserved 1056768K
  class space    used 662K, capacity 690K, committed 768K, reserved 1048576K
Event: 22.316 GC heap after
Heap after GC invocations=316 (full 0):
 PSYoungGen      total 122368K, used 192K [0x000000076b800000, 0x0000000789c80000, 0x00000007c0000000)
  eden space 121856K, 0% used [0x000000076b800000,0x000000076b800000,0x0000000772f00000)
  from space 512K, 37% used [0x0000000789c00000,0x0000000789c30000,0x0000000789c80000)
  to   space 512K, 0% used [0x0000000789b80000,0x0000000789b80000,0x0000000789c00000)
 ParOldGen       total 173568K, used 5057K [0x00000006c2800000, 0x00000006cd180000, 0x000000076b800000)
  object space 173568K, 2% used [0x00000006c2800000,0x00000006c2cf0750,0x00000006cd180000)
 Metaspace       used 8409K, capacity 8774K, committed 8960K, reserved 1056768K
  class space    used 662K, capacity 690K, committed 768K, reserved 1048576K
}

