# JRE version: Java(TM) SE Runtime Environment (8.0_65-b17) (build 1.8.0_65-b17)
# Java VM: Java HotSpot(TM) 64-Bit Server VM (25.65-b01 mixed mode windows-amd64 compressed oops)
Heap:
 PSYoungGen      total 99328K, used 14725K [0x000000076b800000, 0x0000000781f00000, 0x00000007c0000000)
  eden space 98304K, 14% used [0x000000076b800000,0x000000076c6594f8,0x0000000771800000)
  from space 1024K, 3% used [0x0000000781d00000,0x0000000781d08000,0x0000000781e00000)
  to   space 1024K, 0% used [0x0000000781e00000,0x0000000781e00000,0x0000000781f00000)
 ParOldGen       total 173568K, used 1372K [0x00000006c2800000, 0x00000006cd180000, 0x000000076b800000)
  object space 173568K, 0% used [0x00000006c2800000,0x00000006c2957060,0x00000006cd180000)
 Metaspace       used 8225K, capacity 8646K, committed 8960K, reserved 1056768K
  class space    used 655K, capacity 690K, committed 768K, reserved 1048576K
GC Heap History (10 events):
Event: 4.238 GC heap before
{Heap before GC invocations=32 (full 0):
 PSYoungGen      total 118272K, used 117408K [0x000000076b800000, 0x0000000782080000, 0x00000007c0000000)
  eden space 117248K, 100% used [0x000000076b800000,0x0000000772a80000,0x0000000772a80000)
  from space 1024K, 15% used [0x0000000781e80000,0x0000000781ea8000,0x0000000781f80000)
  to   space 1024K, 0% used [0x0000000781f80000,0x0000000781f80000,0x0000000782080000)
 ParOldGen       total 173568K, used 1340K [0x00000006c2800000, 0x00000006cd180000, 0x000000076b800000)
  object space 173568K, 0% used [0x00000006c2800000,0x00000006c294f060,0x00000006cd180000)
 Metaspace       used 8224K, capacity 8646K, committed 8960K, reserved 1056768K
  class space    used 655K, capacity 690K, committed 768K, reserved 1048576K
Event: 4.238 GC heap after
Heap after GC invocations=32 (full 0):
 PSYoungGen      total 114176K, used 192K [0x000000076b800000, 0x0000000782000000, 0x00000007c0000000)
  eden space 113664K, 0% used [0x000000076b800000,0x000000076b800000,0x0000000772700000)
  from space 512K, 37% used [0x0000000781f80000,0x0000000781fb0000,0x0000000782000000)
  to   space 1024K, 0% used [0x0000000781e00000,0x0000000781e00000,0x0000000781f00000)
 ParOldGen       total 173568K, used 1340K [0x00000006c2800000, 0x00000006cd180000, 0x000000076b800000)
  object space 173568K, 0% used [0x00000006c2800000,0x00000006c294f060,0x00000006cd180000)
 Metaspace       used 8224K, capacity 8646K, committed 8960K, reserved 1056768K
  class space    used 655K, capacity 690K, committed 768K, reserved 1048576K
}
Event: 4.324 GC heap before
{Heap before GC invocations=33 (full 0):
 PSYoungGen      total 114176K, used 113856K [0x000000076b800000, 0x0000000782000000, 0x00000007c0000000)
  eden space 113664K, 100% used [0x000000076b800000,0x0000000772700000,0x0000000772700000)
  from space 512K, 37% used [0x0000000781f80000,0x0000000781fb0000,0x0000000782000000)
  to   space 1024K, 0% used [0x0000000781e00000,0x0000000781e00000,0x0000000781f00000)
 ParOldGen       total 173568K, used 1340K [0x00000006c2800000, 0x00000006cd180000, 0x000000076b800000)
  object space 173568K, 0% used [0x00000006c2800000,0x00000006c294f060,0x00000006cd180000)
 Metaspace       used 8224K, capacity 8646K, committed 8960K, reserved 1056768K
  class space    used 655K, capacity 690K, committed 768K, reserved 1048576K
Event: 4.324 GC heap after
Heap after GC invocations=33 (full 0):
 PSYoungGen      total 111104K, used 160K [0x000000076b800000, 0x0000000782000000, 0x00000007c0000000)
  eden space 110080K, 0% used [0x000000076b800000,0x000000076b800000,0x0000000772380000)
  from space 1024K, 15% used [0x0000000781e00000,0x0000000781e28000,0x0000000781f00000)
  to   space 1024K, 0% used [0x0000000781f00000,0x0000000781f00000,0x0000000782000000)
 ParOldGen       total 173568K, used 1340K [0x00000006c2800000, 0x00000006cd180000, 0x000000076b800000)
  object space 173568K, 0% used [0x00000006c2800000,0x00000006c294f060,0x00000006cd180000)
 Metaspace       used 8224K, capacity 8646K, committed 8960K, reserved 1056768K
  class space    used 655K, capacity 690K, committed 768K, reserved 1048576K
}
Event: 4.445 GC heap before
{Heap before GC invocations=34 (full 0):
 PSYoungGen      total 111104K, used 110240K [0x000000076b800000, 0x0000000782000000, 0x00000007c0000000)
  eden space 110080K, 100% used [0x000000076b800000,0x0000000772380000,0x0000000772380000)
  from space 1024K, 15% used [0x0000000781e00000,0x0000000781e28000,0x0000000781f00000)
  to   space 1024K, 0% used [0x0000000781f00000,0x0000000781f00000,0x0000000782000000)
 ParOldGen       total 173568K, used 1340K [0x00000006c2800000, 0x00000006cd180000, 0x000000076b800000)
  object space 173568K, 0% used [0x00000006c2800000,0x00000006c294f060,0x00000006cd180000)
 Metaspace       used 8224K, capacity 8646K, committed 8960K, reserved 1056768K
  class space    used 655K, capacity 690K, committed 768K, reserved 1048576K
Event: 4.445 GC heap after
Heap after GC invocations=34 (full 0):
 PSYoungGen      total 107520K, used 96K [0x000000076b800000, 0x0000000781f80000, 0x00000007c0000000)
  eden space 107008K, 0% used [0x000000076b800000,0x000000076b800000,0x0000000772080000)
  from space 512K, 18% used [0x0000000781f00000,0x0000000781f18000,0x0000000781f80000)
  to   space 1024K, 0% used [0x0000000781d80000,0x0000000781d80000,0x0000000781e80000)
 ParOldGen       total 173568K, used 1340K [0x00000006c2800000, 0x00000006cd180000, 0x000000076b800000)
  object space 173568K, 0% used [0x00000006c2800000,0x00000006c294f060,0x00000006cd180000)
 Metaspace       used 8224K, capacity 8646K, committed 8960K, reserved 1056768K
  class space    used 655K, capacity 690K, committed 768K, reserved 1048576K
}
Event: 4.570 GC heap before
{Heap before GC invocations=35 (full 0):
 PSYoungGen      total 107520K, used 107104K [0x000000076b800000, 0x0000000781f80000, 0x00000007c0000000)
  eden space 107008K, 100% used [0x000000076b800000,0x0000000772080000,0x0000000772080000)
  from space 512K, 18% used [0x0000000781f00000,0x0000000781f18000,0x0000000781f80000)
  to   space 1024K, 0% used [0x0000000781d80000,0x0000000781d80000,0x0000000781e80000)
 ParOldGen       total 173568K, used 1340K [0x00000006c2800000, 0x00000006cd180000, 0x000000076b800000)
  object space 173568K, 0% used [0x00000006c2800000,0x00000006c294f060,0x00000006cd180000)
 Metaspace       used 8224K, capacity 8646K, committed 8960K, reserved 1056768K
  class space    used 655K, capacity 690K, committed 768K, reserved 1048576K
Event: 4.571 GC heap after
Heap after GC invocations=35 (full 0):
 PSYoungGen      total 104960K, used 192K [0x000000076b800000, 0x0000000781f80000, 0x00000007c0000000)
  eden space 103936K, 0% used [0x000000076b800000,0x000000076b800000,0x0000000771d80000)
  from space 1024K, 18% used [0x0000000781d80000,0x0000000781db0000,0x0000000781e80000)
  to   space 1024K, 0% used [0x0000000781e80000,0x0000000781e80000,0x0000000781f80000)
 ParOldGen       total 173568K, used 1340K [0x00000006c2800000, 0x00000006cd180000, 0x000000076b800000)
  object space 173568K, 0% used [0x00000006c2800000,0x00000006c294f060,0x00000006cd180000)
 Metaspace       used 8224K, capacity 8646K, committed 8960K, reserved 1056768K
  class space    used 655K, capacity 690K, committed 768K, reserved 1048576K
}
Event: 4.654 GC heap before
{Heap before GC invocations=36 (full 0):
 PSYoungGen      total 104960K, used 104128K [0x000000076b800000, 0x0000000781f80000, 0x00000007c0000000)
  eden space 103936K, 100% used [0x000000076b800000,0x0000000771d80000,0x0000000771d80000)
  from space 1024K, 18% used [0x0000000781d80000,0x0000000781db0000,0x0000000781e80000)
  to   space 1024K, 0% used [0x0000000781e80000,0x0000000781e80000,0x0000000781f80000)
 ParOldGen       total 173568K, used 1340K [0x00000006c2800000, 0x00000006cd180000, 0x000000076b800000)
  object space 173568K, 0% used [0x00000006c2800000,0x00000006c294f060,0x00000006cd180000)
 Metaspace       used 8225K, capacity 8646K, committed 8960K, reserved 1056768K
  class space    used 655K, capacity 690K, committed 768K, reserved 1048576K
Event: 4.654 GC heap after
Heap after GC invocations=36 (full 0):
 PSYoungGen      total 101376K, used 64K [0x000000076b800000, 0x0000000781f00000, 0x00000007c0000000)
  eden space 100864K, 0% used [0x000000076b800000,0x000000076b800000,0x0000000771a80000)
  from space 512K, 12% used [0x0000000781e80000,0x0000000781e90000,0x0000000781f00000)
  to   space 1024K, 0% used [0x0000000781d00000,0x0000000781d00000,0x0000000781e00000)
 ParOldGen       total 173568K, used 1364K [0x00000006c2800000, 0x00000006cd180000, 0x000000076b800000)
  object space 173568K, 0% used [0x00000006c2800000,0x00000006c2955060,0x00000006cd180000)
 Metaspace       used 8225K, capacity 8646K, committed 8960K, reserved 1056768K
  class space    used 655K, capacity 690K, committed 768K, reserved 1048576K
}

