# JRE version: Java(TM) SE Runtime Environment (8.0_65-b17) (build 1.8.0_65-b17)
# Java VM: Java HotSpot(TM) 64-Bit Server VM (25.65-b01 mixed mode windows-amd64 compressed oops)
Heap:
 PSYoungGen      total 80896K, used 7935K [0x000000076b800000, 0x0000000777380000, 0x00000007c0000000)
  eden space 79360K, 9% used [0x000000076b800000,0x000000076bfaffa8,0x0000000770580000)
  from space 1536K, 4% used [0x0000000777080000,0x0000000777090000,0x0000000777200000)
  to   space 1536K, 0% used [0x0000000777200000,0x0000000777200000,0x0000000777380000)
 ParOldGen       total 173568K, used 1248K [0x00000006c2800000, 0x00000006cd180000, 0x000000076b800000)
  object space 173568K, 0% used [0x00000006c2800000,0x00000006c2938050,0x00000006cd180000)
 Metaspace       used 7963K, capacity 8486K, committed 8704K, reserved 1056768K
  class space    used 642K, capacity 658K, committed 768K, reserved 1048576K
GC Heap History (10 events):
Event: 1.955 GC heap before
{Heap before GC invocations=21 (full 0):
 PSYoungGen      total 90624K, used 90176K [0x000000076b800000, 0x0000000777580000, 0x00000007c0000000)
  eden space 90112K, 100% used [0x000000076b800000,0x0000000771000000,0x0000000771000000)
  from space 512K, 12% used [0x0000000777500000,0x0000000777510000,0x0000000777580000)
  to   space 1536K, 0% used [0x0000000777280000,0x0000000777280000,0x0000000777400000)
 ParOldGen       total 173568K, used 1240K [0x00000006c2800000, 0x00000006cd180000, 0x000000076b800000)
  object space 173568K, 0% used [0x00000006c2800000,0x00000006c2936050,0x00000006cd180000)
 Metaspace       used 7963K, capacity 8486K, committed 8704K, reserved 1056768K
  class space    used 642K, capacity 658K, committed 768K, reserved 1048576K
Event: 1.955 GC heap after
Heap after GC invocations=21 (full 0):
 PSYoungGen      total 89088K, used 64K [0x000000076b800000, 0x0000000777580000, 0x00000007c0000000)
  eden space 87552K, 0% used [0x000000076b800000,0x000000076b800000,0x0000000770d80000)
  from space 1536K, 4% used [0x0000000777280000,0x0000000777290000,0x0000000777400000)
  to   space 1536K, 0% used [0x0000000777400000,0x0000000777400000,0x0000000777580000)
 ParOldGen       total 173568K, used 1240K [0x00000006c2800000, 0x00000006cd180000, 0x000000076b800000)
  object space 173568K, 0% used [0x00000006c2800000,0x00000006c2936050,0x00000006cd180000)
 Metaspace       used 7963K, capacity 8486K, committed 8704K, reserved 1056768K
  class space    used 642K, capacity 658K, committed 768K, reserved 1048576K
}
Event: 2.056 GC heap before
{Heap before GC invocations=22 (full 0):
 PSYoungGen      total 89088K, used 87616K [0x000000076b800000, 0x0000000777580000, 0x00000007c0000000)
  eden space 87552K, 100% used [0x000000076b800000,0x0000000770d80000,0x0000000770d80000)
  from space 1536K, 4% used [0x0000000777280000,0x0000000777290000,0x0000000777400000)
  to   space 1536K, 0% used [0x0000000777400000,0x0000000777400000,0x0000000777580000)
 ParOldGen       total 173568K, used 1240K [0x00000006c2800000, 0x00000006cd180000, 0x000000076b800000)
  object space 173568K, 0% used [0x00000006c2800000,0x00000006c2936050,0x00000006cd180000)
 Metaspace       used 7963K, capacity 8486K, committed 8704K, reserved 1056768K
  class space    used 642K, capacity 658K, committed 768K, reserved 1048576K
Event: 2.057 GC heap after
Heap after GC invocations=22 (full 0):
 PSYoungGen      total 86016K, used 64K [0x000000076b800000, 0x0000000777480000, 0x00000007c0000000)
  eden space 85504K, 0% used [0x000000076b800000,0x000000076b800000,0x0000000770b80000)
  from space 512K, 12% used [0x0000000777400000,0x0000000777410000,0x0000000777480000)
  to   space 1536K, 0% used [0x0000000777180000,0x0000000777180000,0x0000000777300000)
 ParOldGen       total 173568K, used 1240K [0x00000006c2800000, 0x00000006cd180000, 0x000000076b800000)
  object space 173568K, 0% used [0x00000006c2800000,0x00000006c2936050,0x00000006cd180000)
 Metaspace       used 7963K, capacity 8486K, committed 8704K, reserved 1056768K
  class space    used 642K, capacity 658K, committed 768K, reserved 1048576K
}
Event: 2.122 GC heap before
{Heap before GC invocations=23 (full 0):
 PSYoungGen      total 86016K, used 85568K [0x000000076b800000, 0x0000000777480000, 0x00000007c0000000)
  eden space 85504K, 100% used [0x000000076b800000,0x0000000770b80000,0x0000000770b80000)
  from space 512K, 12% used [0x0000000777400000,0x0000000777410000,0x0000000777480000)
  to   space 1536K, 0% used [0x0000000777180000,0x0000000777180000,0x0000000777300000)
 ParOldGen       total 173568K, used 1240K [0x00000006c2800000, 0x00000006cd180000, 0x000000076b800000)
  object space 173568K, 0% used [0x00000006c2800000,0x00000006c2936050,0x00000006cd180000)
 Metaspace       used 7963K, capacity 8486K, committed 8704K, reserved 1056768K
  class space    used 642K, capacity 658K, committed 768K, reserved 1048576K
Event: 2.122 GC heap after
Heap after GC invocations=23 (full 0):
 PSYoungGen      total 84992K, used 64K [0x000000076b800000, 0x0000000777480000, 0x00000007c0000000)
  eden space 83456K, 0% used [0x000000076b800000,0x000000076b800000,0x0000000770980000)
  from space 1536K, 4% used [0x0000000777180000,0x0000000777190000,0x0000000777300000)
  to   space 1536K, 0% used [0x0000000777300000,0x0000000777300000,0x0000000777480000)
 ParOldGen       total 173568K, used 1240K [0x00000006c2800000, 0x00000006cd180000, 0x000000076b800000)
  object space 173568K, 0% used [0x00000006c2800000,0x00000006c2936050,0x00000006cd180000)
 Metaspace       used 7963K, capacity 8486K, committed 8704K, reserved 1056768K
  class space    used 642K, capacity 658K, committed 768K, reserved 1048576K
}
Event: 2.183 GC heap before
{Heap before GC invocations=24 (full 0):
 PSYoungGen      total 84992K, used 83520K [0x000000076b800000, 0x0000000777480000, 0x00000007c0000000)
  eden space 83456K, 100% used [0x000000076b800000,0x0000000770980000,0x0000000770980000)
  from space 1536K, 4% used [0x0000000777180000,0x0000000777190000,0x0000000777300000)
  to   space 1536K, 0% used [0x0000000777300000,0x0000000777300000,0x0000000777480000)
 ParOldGen       total 173568K, used 1240K [0x00000006c2800000, 0x00000006cd180000, 0x000000076b800000)
  object space 173568K, 0% used [0x00000006c2800000,0x00000006c2936050,0x00000006cd180000)
 Metaspace       used 7963K, capacity 8486K, committed 8704K, reserved 1056768K
  class space    used 642K, capacity 658K, committed 768K, reserved 1048576K
Event: 2.183 GC heap after
Heap after GC invocations=24 (full 0):
 PSYoungGen      total 81920K, used 64K [0x000000076b800000, 0x0000000777380000, 0x00000007c0000000)
  eden space 81408K, 0% used [0x000000076b800000,0x000000076b800000,0x0000000770780000)
  from space 512K, 12% used [0x0000000777300000,0x0000000777310000,0x0000000777380000)
  to   space 1536K, 0% used [0x0000000777080000,0x0000000777080000,0x0000000777200000)
 ParOldGen       total 173568K, used 1240K [0x00000006c2800000, 0x00000006cd180000, 0x000000076b800000)
  object space 173568K, 0% used [0x00000006c2800000,0x00000006c2936050,0x00000006cd180000)
 Metaspace       used 7963K, capacity 8486K, committed 8704K, reserved 1056768K
  class space    used 642K, capacity 658K, committed 768K, reserved 1048576K
}
Event: 2.245 GC heap before
{Heap before GC invocations=25 (full 0):
 PSYoungGen      total 81920K, used 81472K [0x000000076b800000, 0x0000000777380000, 0x00000007c0000000)
  eden space 81408K, 100% used [0x000000076b800000,0x0000000770780000,0x0000000770780000)
  from space 512K, 12% used [0x0000000777300000,0x0000000777310000,0x0000000777380000)
  to   space 1536K, 0% used [0x0000000777080000,0x0000000777080000,0x0000000777200000)
 ParOldGen       total 173568K, used 1240K [0x00000006c2800000, 0x00000006cd180000, 0x000000076b800000)
  object space 173568K, 0% used [0x00000006c2800000,0x00000006c2936050,0x00000006cd180000)
 Metaspace       used 7963K, capacity 8486K, committed 8704K, reserved 1056768K
  class space    used 642K, capacity 658K, committed 768K, reserved 1048576K
Event: 2.246 GC heap after
Heap after GC invocations=25 (full 0):
 PSYoungGen      total 80896K, used 64K [0x000000076b800000, 0x0000000777380000, 0x00000007c0000000)
  eden space 79360K, 0% used [0x000000076b800000,0x000000076b800000,0x0000000770580000)
  from space 1536K, 4% used [0x0000000777080000,0x0000000777090000,0x0000000777200000)
  to   space 1536K, 0% used [0x0000000777200000,0x0000000777200000,0x0000000777380000)
 ParOldGen       total 173568K, used 1248K [0x00000006c2800000, 0x00000006cd180000, 0x000000076b800000)
  object space 173568K, 0% used [0x00000006c2800000,0x00000006c2938050,0x00000006cd180000)
 Metaspace       used 7963K, capacity 8486K, committed 8704K, reserved 1056768K
  class space    used 642K, capacity 658K, committed 768K, reserved 1048576K
}

