# JRE version: Java(TM) SE Runtime Environment (8.0_65-b17) (build 1.8.0_65-b17)
# Java VM: Java HotSpot(TM) 64-Bit Server VM (25.65-b01 mixed mode windows-amd64 compressed oops)
Heap:
 PSYoungGen      total 58368K, used 32968K [0x000000076b800000, 0x00000007b9780000, 0x00000007c0000000)
  eden space 57856K, 56% used [0x000000076b800000,0x000000076d7f20d8,0x000000076f080000)
  from space 512K, 50% used [0x00000007b9700000,0x00000007b9740000,0x00000007b9780000)
  to   space 512K, 0% used [0x00000007b9680000,0x00000007b9680000,0x00000007b9700000)
 ParOldGen       total 173568K, used 36094K [0x00000006c2800000, 0x00000006cd180000, 0x000000076b800000)
  object space 173568K, 20% used [0x00000006c2800000,0x00000006c4b3fbc8,0x00000006cd180000)
 Metaspace       used 8363K, capacity 8710K, committed 8960K, reserved 1056768K
  class space    used 659K, capacity 690K, committed 768K, reserved 1048576K
GC Heap History (10 events):
Event: 25.365 GC heap before
{Heap before GC invocations=104 (full 0):
 PSYoungGen      total 52736K, used 52480K [0x000000076b800000, 0x00000007b9780000, 0x00000007c0000000)
  eden space 52224K, 100% used [0x000000076b800000,0x000000076eb00000,0x000000076eb00000)
  from space 512K, 50% used [0x00000007b9680000,0x00000007b96c0000,0x00000007b9700000)
  to   space 512K, 0% used [0x00000007b9700000,0x00000007b9700000,0x00000007b9780000)
 ParOldGen       total 173568K, used 36094K [0x00000006c2800000, 0x00000006cd180000, 0x000000076b800000)
  object space 173568K, 20% used [0x00000006c2800000,0x00000006c4b3fbc8,0x00000006cd180000)
 Metaspace       used 8363K, capacity 8710K, committed 8960K, reserved 1056768K
  class space    used 659K, capacity 690K, committed 768K, reserved 1048576K
Event: 25.366 GC heap after
Heap after GC invocations=104 (full 0):
 PSYoungGen      total 51712K, used 192K [0x000000076b800000, 0x00000007b9780000, 0x00000007c0000000)
  eden space 51200K, 0% used [0x000000076b800000,0x000000076b800000,0x000000076ea00000)
  from space 512K, 37% used [0x00000007b9700000,0x00000007b9730000,0x00000007b9780000)
  to   space 512K, 0% used [0x00000007b9680000,0x00000007b9680000,0x00000007b9700000)
 ParOldGen       total 173568K, used 36094K [0x00000006c2800000, 0x00000006cd180000, 0x000000076b800000)
  object space 173568K, 20% used [0x00000006c2800000,0x00000006c4b3fbc8,0x00000006cd180000)
 Metaspace       used 8363K, capacity 8710K, committed 8960K, reserved 1056768K
  class space    used 659K, capacity 690K, committed 768K, reserved 1048576K
}
Event: 25.430 GC heap before
{Heap before GC invocations=105 (full 0):
 PSYoungGen      total 51712K, used 51392K [0x000000076b800000, 0x00000007b9780000, 0x00000007c0000000)
  eden space 51200K, 100% used [0x000000076b800000,0x000000076ea00000,0x000000076ea00000)
  from space 512K, 37% used [0x00000007b9700000,0x00000007b9730000,0x00000007b9780000)
  to   space 512K, 0% used [0x00000007b9680000,0x00000007b9680000,0x00000007b9700000)
 ParOldGen       total 173568K, used 36094K [0x00000006c2800000, 0x00000006cd180000, 0x000000076b800000)
  object space 173568K, 20% used [0x00000006c2800000,0x00000006c4b3fbc8,0x00000006cd180000)
 Metaspace       used 8363K, capacity 8710K, committed 8960K, reserved 1056768K
  class space    used 659K, capacity 690K, committed 768K, reserved 1048576K
Event: 25.430 GC heap after
Heap after GC invocations=105 (full 0):
 PSYoungGen      total 50688K, used 160K [0x000000076b800000, 0x00000007b9780000, 0x00000007c0000000)
  eden space 50176K, 0% used [0x000000076b800000,0x000000076b800000,0x000000076e900000)
  from space 512K, 31% used [0x00000007b9680000,0x00000007b96a8000,0x00000007b9700000)
  to   space 512K, 0% used [0x00000007b9700000,0x00000007b9700000,0x00000007b9780000)
 ParOldGen       total 173568K, used 36094K [0x00000006c2800000, 0x00000006cd180000, 0x000000076b800000)
  object space 173568K, 20% used [0x00000006c2800000,0x00000006c4b3fbc8,0x00000006cd180000)
 Metaspace       used 8363K, capacity 8710K, committed 8960K, reserved 1056768K
  class space    used 659K, capacity 690K, committed 768K, reserved 1048576K
}
Event: 25.489 GC heap before
{Heap before GC invocations=106 (full 0):
 PSYoungGen      total 50688K, used 50336K [0x000000076b800000, 0x00000007b9780000, 0x00000007c0000000)
  eden space 50176K, 100% used [0x000000076b800000,0x000000076e900000,0x000000076e900000)
  from space 512K, 31% used [0x00000007b9680000,0x00000007b96a8000,0x00000007b9700000)
  to   space 512K, 0% used [0x00000007b9700000,0x00000007b9700000,0x00000007b9780000)
 ParOldGen       total 173568K, used 36094K [0x00000006c2800000, 0x00000006cd180000, 0x000000076b800000)
  object space 173568K, 20% used [0x00000006c2800000,0x00000006c4b3fbc8,0x00000006cd180000)
 Metaspace       used 8363K, capacity 8710K, committed 8960K, reserved 1056768K
  class space    used 659K, capacity 690K, committed 768K, reserved 1048576K
Event: 25.489 GC heap after
Heap after GC invocations=106 (full 0):
 PSYoungGen      total 49664K, used 224K [0x000000076b800000, 0x00000007b9780000, 0x00000007c0000000)
  eden space 49152K, 0% used [0x000000076b800000,0x000000076b800000,0x000000076e800000)
  from space 512K, 43% used [0x00000007b9700000,0x00000007b9738000,0x00000007b9780000)
  to   space 512K, 0% used [0x00000007b9680000,0x00000007b9680000,0x00000007b9700000)
 ParOldGen       total 173568K, used 36094K [0x00000006c2800000, 0x00000006cd180000, 0x000000076b800000)
  object space 173568K, 20% used [0x00000006c2800000,0x00000006c4b3fbc8,0x00000006cd180000)
 Metaspace       used 8363K, capacity 8710K, committed 8960K, reserved 1056768K
  class space    used 659K, capacity 690K, committed 768K, reserved 1048576K
}
Event: 25.529 GC heap before
{Heap before GC invocations=107 (full 0):
 PSYoungGen      total 49664K, used 49376K [0x000000076b800000, 0x00000007b9780000, 0x00000007c0000000)
  eden space 49152K, 100% used [0x000000076b800000,0x000000076e800000,0x000000076e800000)
  from space 512K, 43% used [0x00000007b9700000,0x00000007b9738000,0x00000007b9780000)
  to   space 512K, 0% used [0x00000007b9680000,0x00000007b9680000,0x00000007b9700000)
 ParOldGen       total 173568K, used 36094K [0x00000006c2800000, 0x00000006cd180000, 0x000000076b800000)
  object space 173568K, 20% used [0x00000006c2800000,0x00000006c4b3fbc8,0x00000006cd180000)
 Metaspace       used 8363K, capacity 8710K, committed 8960K, reserved 1056768K
  class space    used 659K, capacity 690K, committed 768K, reserved 1048576K
Event: 25.530 GC heap after
Heap after GC invocations=107 (full 0):
 PSYoungGen      total 48640K, used 160K [0x000000076b800000, 0x00000007b9780000, 0x00000007c0000000)
  eden space 48128K, 0% used [0x000000076b800000,0x000000076b800000,0x000000076e700000)
  from space 512K, 31% used [0x00000007b9680000,0x00000007b96a8000,0x00000007b9700000)
  to   space 512K, 0% used [0x00000007b9700000,0x00000007b9700000,0x00000007b9780000)
 ParOldGen       total 173568K, used 36094K [0x00000006c2800000, 0x00000006cd180000, 0x000000076b800000)
  object space 173568K, 20% used [0x00000006c2800000,0x00000006c4b3fbc8,0x00000006cd180000)
 Metaspace       used 8363K, capacity 8710K, committed 8960K, reserved 1056768K
  class space    used 659K, capacity 690K, committed 768K, reserved 1048576K
}
Event: 25.574 GC heap before
{Heap before GC invocations=108 (full 0):
 PSYoungGen      total 48640K, used 48288K [0x000000076b800000, 0x00000007b9780000, 0x00000007c0000000)
  eden space 48128K, 100% used [0x000000076b800000,0x000000076e700000,0x000000076e700000)
  from space 512K, 31% used [0x00000007b9680000,0x00000007b96a8000,0x00000007b9700000)
  to   space 512K, 0% used [0x00000007b9700000,0x00000007b9700000,0x00000007b9780000)
 ParOldGen       total 173568K, used 36094K [0x00000006c2800000, 0x00000006cd180000, 0x000000076b800000)
  object space 173568K, 20% used [0x00000006c2800000,0x00000006c4b3fbc8,0x00000006cd180000)
 Metaspace       used 8363K, capacity 8710K, committed 8960K, reserved 1056768K
  class space    used 659K, capacity 690K, committed 768K, reserved 1048576K
Event: 25.574 GC heap after
Heap after GC invocations=108 (full 0):
 PSYoungGen      total 58368K, used 256K [0x000000076b800000, 0x00000007b9780000, 0x00000007c0000000)
  eden space 57856K, 0% used [0x000000076b800000,0x000000076b800000,0x000000076f080000)
  from space 512K, 50% used [0x00000007b9700000,0x00000007b9740000,0x00000007b9780000)
  to   space 512K, 0% used [0x00000007b9680000,0x00000007b9680000,0x00000007b9700000)
 ParOldGen       total 173568K, used 36094K [0x00000006c2800000, 0x00000006cd180000, 0x000000076b800000)
  object space 173568K, 20% used [0x00000006c2800000,0x00000006c4b3fbc8,0x00000006cd180000)
 Metaspace       used 8363K, capacity 8710K, committed 8960K, reserved 1056768K
  class space    used 659K, capacity 690K, committed 768K, reserved 1048576K
}

