# JRE version: Java(TM) SE Runtime Environment (8.0_65-b17) (build 1.8.0_65-b17)
# Java VM: Java HotSpot(TM) 64-Bit Server VM (25.65-b01 mixed mode windows-amd64 compressed oops)
Heap:
 PSYoungGen      total 524288K, used 58547K [0x000000076b800000, 0x000000079ec00000, 0x00000007c0000000)
  eden space 520192K, 11% used [0x000000076b800000,0x000000076f114d58,0x000000078b400000)
  from space 4096K, 2% used [0x000000078b400000,0x000000078b418000,0x000000078b800000)
  to   space 3584K, 0% used [0x000000079e880000,0x000000079e880000,0x000000079ec00000)
 ParOldGen       total 173568K, used 1212K [0x00000006c2800000, 0x00000006cd180000, 0x000000076b800000)
  object space 173568K, 0% used [0x00000006c2800000,0x00000006c292f060,0x00000006cd180000)
 Metaspace       used 8138K, capacity 8518K, committed 8704K, reserved 1056768K
  class space    used 670K, capacity 690K, committed 768K, reserved 1048576K
GC Heap History (10 events):
Event: 1.097 GC heap before
{Heap before GC invocations=5 (full 0):
 PSYoungGen      total 140800K, used 131264K [0x000000076b800000, 0x0000000774c00000, 0x00000007c0000000)
  eden space 130048K, 100% used [0x000000076b800000,0x0000000773700000,0x0000000773700000)
  from space 10752K, 11% used [0x0000000774180000,0x00000007742b0000,0x0000000774c00000)
  to   space 10752K, 0% used [0x0000000773700000,0x0000000773700000,0x0000000774180000)
 ParOldGen       total 173568K, used 24K [0x00000006c2800000, 0x00000006cd180000, 0x000000076b800000)
  object space 173568K, 0% used [0x00000006c2800000,0x00000006c2806000,0x00000006cd180000)
 Metaspace       used 8138K, capacity 8518K, committed 8704K, reserved 1056768K
  class space    used 670K, capacity 690K, committed 768K, reserved 1048576K
Event: 1.098 GC heap after
Heap after GC invocations=5 (full 0):
 PSYoungGen      total 140800K, used 1216K [0x000000076b800000, 0x000000077be00000, 0x00000007c0000000)
  eden space 130048K, 0% used [0x000000076b800000,0x000000076b800000,0x0000000773700000)
  from space 10752K, 11% used [0x0000000773700000,0x0000000773830000,0x0000000774180000)
  to   space 4096K, 0% used [0x000000077ba00000,0x000000077ba00000,0x000000077be00000)
 ParOldGen       total 173568K, used 32K [0x00000006c2800000, 0x00000006cd180000, 0x000000076b800000)
  object space 173568K, 0% used [0x00000006c2800000,0x00000006c2808000,0x00000006cd180000)
 Metaspace       used 8138K, capacity 8518K, committed 8704K, reserved 1056768K
  class space    used 670K, capacity 690K, committed 768K, reserved 1048576K
}
Event: 1.212 GC heap before
{Heap before GC invocations=6 (full 0):
 PSYoungGen      total 140800K, used 131264K [0x000000076b800000, 0x000000077be00000, 0x00000007c0000000)
  eden space 130048K, 100% used [0x000000076b800000,0x0000000773700000,0x0000000773700000)
  from space 10752K, 11% used [0x0000000773700000,0x0000000773830000,0x0000000774180000)
  to   space 4096K, 0% used [0x000000077ba00000,0x000000077ba00000,0x000000077be00000)
 ParOldGen       total 173568K, used 32K [0x00000006c2800000, 0x00000006cd180000, 0x000000076b800000)
  object space 173568K, 0% used [0x00000006c2800000,0x00000006c2808000,0x00000006cd180000)
 Metaspace       used 8138K, capacity 8518K, committed 8704K, reserved 1056768K
  class space    used 670K, capacity 690K, committed 768K, reserved 1048576K
Event: 1.214 GC heap after
Heap after GC invocations=6 (full 0):
 PSYoungGen      total 263168K, used 1248K [0x000000076b800000, 0x000000077bd00000, 0x00000007c0000000)
  eden space 260096K, 0% used [0x000000076b800000,0x000000076b800000,0x000000077b600000)
  from space 3072K, 40% used [0x000000077ba00000,0x000000077bb38000,0x000000077bd00000)
  to   space 3584K, 0% used [0x000000077b600000,0x000000077b600000,0x000000077b980000)
 ParOldGen       total 173568K, used 32K [0x00000006c2800000, 0x00000006cd180000, 0x000000076b800000)
  object space 173568K, 0% used [0x00000006c2800000,0x00000006c2808000,0x00000006cd180000)
 Metaspace       used 8138K, capacity 8518K, committed 8704K, reserved 1056768K
  class space    used 670K, capacity 690K, committed 768K, reserved 1048576K
}
Event: 1.346 GC heap before
{Heap before GC invocations=7 (full 0):
 PSYoungGen      total 263168K, used 261344K [0x000000076b800000, 0x000000077bd00000, 0x00000007c0000000)
  eden space 260096K, 100% used [0x000000076b800000,0x000000077b600000,0x000000077b600000)
  from space 3072K, 40% used [0x000000077ba00000,0x000000077bb38000,0x000000077bd00000)
  to   space 3584K, 0% used [0x000000077b600000,0x000000077b600000,0x000000077b980000)
 ParOldGen       total 173568K, used 32K [0x00000006c2800000, 0x00000006cd180000, 0x000000076b800000)
  object space 173568K, 0% used [0x00000006c2800000,0x00000006c2808000,0x00000006cd180000)
 Metaspace       used 8138K, capacity 8518K, committed 8704K, reserved 1056768K
  class space    used 670K, capacity 690K, committed 768K, reserved 1048576K
Event: 1.348 GC heap after
Heap after GC invocations=7 (full 0):
 PSYoungGen      total 263680K, used 64K [0x000000076b800000, 0x000000078bc00000, 0x00000007c0000000)
  eden space 260096K, 0% used [0x000000076b800000,0x000000076b800000,0x000000077b600000)
  from space 3584K, 1% used [0x000000077b600000,0x000000077b610000,0x000000077b980000)
  to   space 4096K, 0% used [0x000000078b800000,0x000000078b800000,0x000000078bc00000)
 ParOldGen       total 173568K, used 1188K [0x00000006c2800000, 0x00000006cd180000, 0x000000076b800000)
  object space 173568K, 0% used [0x00000006c2800000,0x00000006c2929060,0x00000006cd180000)
 Metaspace       used 8138K, capacity 8518K, committed 8704K, reserved 1056768K
  class space    used 670K, capacity 690K, committed 768K, reserved 1048576K
}
Event: 1.466 GC heap before
{Heap before GC invocations=8 (full 0):
 PSYoungGen      total 263680K, used 260160K [0x000000076b800000, 0x000000078bc00000, 0x00000007c0000000)
  eden space 260096K, 100% used [0x000000076b800000,0x000000077b600000,0x000000077b600000)
  from space 3584K, 1% used [0x000000077b600000,0x000000077b610000,0x000000077b980000)
  to   space 4096K, 0% used [0x000000078b800000,0x000000078b800000,0x000000078bc00000)
 ParOldGen       total 173568K, used 1188K [0x00000006c2800000, 0x00000006cd180000, 0x000000076b800000)
  object space 173568K, 0% used [0x00000006c2800000,0x00000006c2929060,0x00000006cd180000)
 Metaspace       used 8138K, capacity 8518K, committed 8704K, reserved 1056768K
  class space    used 670K, capacity 690K, committed 768K, reserved 1048576K
Event: 1.466 GC heap after
Heap after GC invocations=8 (full 0):
 PSYoungGen      total 524288K, used 96K [0x000000076b800000, 0x000000078bc00000, 0x00000007c0000000)
  eden space 520192K, 0% used [0x000000076b800000,0x000000076b800000,0x000000078b400000)
  from space 4096K, 2% used [0x000000078b800000,0x000000078b818000,0x000000078bc00000)
  to   space 4096K, 0% used [0x000000078b400000,0x000000078b400000,0x000000078b800000)
 ParOldGen       total 173568K, used 1204K [0x00000006c2800000, 0x00000006cd180000, 0x000000076b800000)
  object space 173568K, 0% used [0x00000006c2800000,0x00000006c292d060,0x00000006cd180000)
 Metaspace       used 8138K, capacity 8518K, committed 8704K, reserved 1056768K
  class space    used 670K, capacity 690K, committed 768K, reserved 1048576K
}
Event: 1.699 GC heap before
{Heap before GC invocations=9 (full 0):
 PSYoungGen      total 524288K, used 520288K [0x000000076b800000, 0x000000078bc00000, 0x00000007c0000000)
  eden space 520192K, 100% used [0x000000076b800000,0x000000078b400000,0x000000078b400000)
  from space 4096K, 2% used [0x000000078b800000,0x000000078b818000,0x000000078bc00000)
  to   space 4096K, 0% used [0x000000078b400000,0x000000078b400000,0x000000078b800000)
 ParOldGen       total 173568K, used 1204K [0x00000006c2800000, 0x00000006cd180000, 0x000000076b800000)
  object space 173568K, 0% used [0x00000006c2800000,0x00000006c292d060,0x00000006cd180000)
 Metaspace       used 8138K, capacity 8518K, committed 8704K, reserved 1056768K
  class space    used 670K, capacity 690K, committed 768K, reserved 1048576K
Event: 1.700 GC heap after
Heap after GC invocations=9 (full 0):
 PSYoungGen      total 524288K, used 96K [0x000000076b800000, 0x000000079ec00000, 0x00000007c0000000)
  eden space 520192K, 0% used [0x000000076b800000,0x000000076b800000,0x000000078b400000)
  from space 4096K, 2% used [0x000000078b400000,0x000000078b418000,0x000000078b800000)
  to   space 3584K, 0% used [0x000000079e880000,0x000000079e880000,0x000000079ec00000)
 ParOldGen       total 173568K, used 1212K [0x00000006c2800000, 0x00000006cd180000, 0x000000076b800000)
  object space 173568K, 0% used [0x00000006c2800000,0x00000006c292f060,0x00000006cd180000)
 Metaspace       used 8138K, capacity 8518K, committed 8704K, reserved 1056768K
  class space    used 670K, capacity 690K, committed 768K, reserved 1048576K
}

