# JRE version: Java(TM) SE Runtime Environment (8.0_65-b17) (build 1.8.0_65-b17)
# Java VM: Java HotSpot(TM) 64-Bit Server VM (25.65-b01 mixed mode windows-amd64 compressed oops)
Heap:
 PSYoungGen      total 361472K, used 46671K [0x000000076b800000, 0x00000007bc100000, 0x00000007c0000000)
  eden space 359424K, 12% used [0x000000076b800000,0x000000076e55bf70,0x0000000781700000)
  from space 2048K, 10% used [0x00000007bbd00000,0x00000007bbd38000,0x00000007bbf00000)
  to   space 1536K, 0% used [0x00000007bbf80000,0x00000007bbf80000,0x00000007bc100000)
 ParOldGen       total 173568K, used 17511K [0x00000006c2800000, 0x00000006cd180000, 0x000000076b800000)
  object space 173568K, 10% used [0x00000006c2800000,0x00000006c3919ce0,0x00000006cd180000)
 Metaspace       used 8345K, capacity 8710K, committed 8960K, reserved 1056768K
  class space    used 656K, capacity 690K, committed 768K, reserved 1048576K
GC Heap History (10 events):
Event: 18.889 GC heap before
{Heap before GC invocations=37 (full 0):
 PSYoungGen      total 447488K, used 447200K [0x000000076b800000, 0x00000007bc400000, 0x00000007c0000000)
  eden space 446976K, 100% used [0x000000076b800000,0x0000000786c80000,0x0000000786c80000)
  from space 512K, 43% used [0x00000007bc380000,0x00000007bc3b8000,0x00000007bc400000)
  to   space 2560K, 0% used [0x00000007bbf00000,0x00000007bbf00000,0x00000007bc180000)
 ParOldGen       total 173568K, used 17479K [0x00000006c2800000, 0x00000006cd180000, 0x000000076b800000)
  object space 173568K, 10% used [0x00000006c2800000,0x00000006c3911ce0,0x00000006cd180000)
 Metaspace       used 8344K, capacity 8710K, committed 8960K, reserved 1056768K
  class space    used 656K, capacity 690K, committed 768K, reserved 1048576K
Event: 18.890 GC heap after
Heap after GC invocations=37 (full 0):
 PSYoungGen      total 430080K, used 192K [0x000000076b800000, 0x00000007bc400000, 0x00000007c0000000)
  eden space 427520K, 0% used [0x000000076b800000,0x000000076b800000,0x0000000785980000)
  from space 2560K, 7% used [0x00000007bbf00000,0x00000007bbf30000,0x00000007bc180000)
  to   space 2048K, 0% used [0x00000007bc200000,0x00000007bc200000,0x00000007bc400000)
 ParOldGen       total 173568K, used 17479K [0x00000006c2800000, 0x00000006cd180000, 0x000000076b800000)
  object space 173568K, 10% used [0x00000006c2800000,0x00000006c3911ce0,0x00000006cd180000)
 Metaspace       used 8344K, capacity 8710K, committed 8960K, reserved 1056768K
  class space    used 656K, capacity 690K, committed 768K, reserved 1048576K
}
Event: 19.250 GC heap before
{Heap before GC invocations=38 (full 0):
 PSYoungGen      total 430080K, used 427712K [0x000000076b800000, 0x00000007bc400000, 0x00000007c0000000)
  eden space 427520K, 100% used [0x000000076b800000,0x0000000785980000,0x0000000785980000)
  from space 2560K, 7% used [0x00000007bbf00000,0x00000007bbf30000,0x00000007bc180000)
  to   space 2048K, 0% used [0x00000007bc200000,0x00000007bc200000,0x00000007bc400000)
 ParOldGen       total 173568K, used 17479K [0x00000006c2800000, 0x00000006cd180000, 0x000000076b800000)
  object space 173568K, 10% used [0x00000006c2800000,0x00000006c3911ce0,0x00000006cd180000)
 Metaspace       used 8344K, capacity 8710K, committed 8960K, reserved 1056768K
  class space    used 656K, capacity 690K, committed 768K, reserved 1048576K
Event: 19.251 GC heap after
Heap after GC invocations=38 (full 0):
 PSYoungGen      total 409600K, used 224K [0x000000076b800000, 0x00000007bc280000, 0x00000007c0000000)
  eden space 409088K, 0% used [0x000000076b800000,0x000000076b800000,0x0000000784780000)
  from space 512K, 43% used [0x00000007bc200000,0x00000007bc238000,0x00000007bc280000)
  to   space 2048K, 0% used [0x00000007bbe80000,0x00000007bbe80000,0x00000007bc080000)
 ParOldGen       total 173568K, used 17479K [0x00000006c2800000, 0x00000006cd180000, 0x000000076b800000)
  object space 173568K, 10% used [0x00000006c2800000,0x00000006c3911ce0,0x00000006cd180000)
 Metaspace       used 8344K, capacity 8710K, committed 8960K, reserved 1056768K
  class space    used 656K, capacity 690K, committed 768K, reserved 1048576K
}
Event: 19.606 GC heap before
{Heap before GC invocations=39 (full 0):
 PSYoungGen      total 409600K, used 409312K [0x000000076b800000, 0x00000007bc280000, 0x00000007c0000000)
  eden space 409088K, 100% used [0x000000076b800000,0x0000000784780000,0x0000000784780000)
  from space 512K, 43% used [0x00000007bc200000,0x00000007bc238000,0x00000007bc280000)
  to   space 2048K, 0% used [0x00000007bbe80000,0x00000007bbe80000,0x00000007bc080000)
 ParOldGen       total 173568K, used 17479K [0x00000006c2800000, 0x00000006cd180000, 0x000000076b800000)
  object space 173568K, 10% used [0x00000006c2800000,0x00000006c3911ce0,0x00000006cd180000)
 Metaspace       used 8344K, capacity 8710K, committed 8960K, reserved 1056768K
  class space    used 656K, capacity 690K, committed 768K, reserved 1048576K
Event: 19.607 GC heap after
Heap after GC invocations=39 (full 0):
 PSYoungGen      total 393728K, used 224K [0x000000076b800000, 0x00000007bc280000, 0x00000007c0000000)
  eden space 391680K, 0% used [0x000000076b800000,0x000000076b800000,0x0000000783680000)
  from space 2048K, 10% used [0x00000007bbe80000,0x00000007bbeb8000,0x00000007bc080000)
  to   space 2048K, 0% used [0x00000007bc080000,0x00000007bc080000,0x00000007bc280000)
 ParOldGen       total 173568K, used 17511K [0x00000006c2800000, 0x00000006cd180000, 0x000000076b800000)
  object space 173568K, 10% used [0x00000006c2800000,0x00000006c3919ce0,0x00000006cd180000)
 Metaspace       used 8344K, capacity 8710K, committed 8960K, reserved 1056768K
  class space    used 656K, capacity 690K, committed 768K, reserved 1048576K
}
Event: 19.911 GC heap before
{Heap before GC invocations=40 (full 0):
 PSYoungGen      total 393728K, used 391904K [0x000000076b800000, 0x00000007bc280000, 0x00000007c0000000)
  eden space 391680K, 100% used [0x000000076b800000,0x0000000783680000,0x0000000783680000)
  from space 2048K, 10% used [0x00000007bbe80000,0x00000007bbeb8000,0x00000007bc080000)
  to   space 2048K, 0% used [0x00000007bc080000,0x00000007bc080000,0x00000007bc280000)
 ParOldGen       total 173568K, used 17511K [0x00000006c2800000, 0x00000006cd180000, 0x000000076b800000)
  object space 173568K, 10% used [0x00000006c2800000,0x00000006c3919ce0,0x00000006cd180000)
 Metaspace       used 8344K, capacity 8710K, committed 8960K, reserved 1056768K
  class space    used 656K, capacity 690K, committed 768K, reserved 1048576K
Event: 19.912 GC heap after
Heap after GC invocations=40 (full 0):
 PSYoungGen      total 375808K, used 192K [0x000000076b800000, 0x00000007bc100000, 0x00000007c0000000)
  eden space 375296K, 0% used [0x000000076b800000,0x000000076b800000,0x0000000782680000)
  from space 512K, 37% used [0x00000007bc080000,0x00000007bc0b0000,0x00000007bc100000)
  to   space 2048K, 0% used [0x00000007bbd00000,0x00000007bbd00000,0x00000007bbf00000)
 ParOldGen       total 173568K, used 17511K [0x00000006c2800000, 0x00000006cd180000, 0x000000076b800000)
  object space 173568K, 10% used [0x00000006c2800000,0x00000006c3919ce0,0x00000006cd180000)
 Metaspace       used 8344K, capacity 8710K, committed 8960K, reserved 1056768K
  class space    used 656K, capacity 690K, committed 768K, reserved 1048576K
}
Event: 20.186 GC heap before
{Heap before GC invocations=41 (full 0):
 PSYoungGen      total 375808K, used 375488K [0x000000076b800000, 0x00000007bc100000, 0x00000007c0000000)
  eden space 375296K, 100% used [0x000000076b800000,0x0000000782680000,0x0000000782680000)
  from space 512K, 37% used [0x00000007bc080000,0x00000007bc0b0000,0x00000007bc100000)
  to   space 2048K, 0% used [0x00000007bbd00000,0x00000007bbd00000,0x00000007bbf00000)
 ParOldGen       total 173568K, used 17511K [0x00000006c2800000, 0x00000006cd180000, 0x000000076b800000)
  object space 173568K, 10% used [0x00000006c2800000,0x00000006c3919ce0,0x00000006cd180000)
 Metaspace       used 8344K, capacity 8710K, committed 8960K, reserved 1056768K
  class space    used 656K, capacity 690K, committed 768K, reserved 1048576K
Event: 20.187 GC heap after
Heap after GC invocations=41 (full 0):
 PSYoungGen      total 361472K, used 224K [0x000000076b800000, 0x00000007bc100000, 0x00000007c0000000)
  eden space 359424K, 0% used [0x000000076b800000,0x000000076b800000,0x0000000781700000)
  from space 2048K, 10% used [0x00000007bbd00000,0x00000007bbd38000,0x00000007bbf00000)
  to   space 1536K, 0% used [0x00000007bbf80000,0x00000007bbf80000,0x00000007bc100000)
 ParOldGen       total 173568K, used 17511K [0x00000006c2800000, 0x00000006cd180000, 0x000000076b800000)
  object space 173568K, 10% used [0x00000006c2800000,0x00000006c3919ce0,0x00000006cd180000)
 Metaspace       used 8344K, capacity 8710K, committed 8960K, reserved 1056768K
  class space    used 656K, capacity 690K, committed 768K, reserved 1048576K
}

