# JRE version: Java(TM) SE Runtime Environment (8.0_65-b17) (build 1.8.0_65-b17)
# Java VM: Java HotSpot(TM) 64-Bit Server VM (25.65-b01 mixed mode windows-amd64 compressed oops)
Heap:
 PSYoungGen      total 910336K, used 775878K [0x000000076b800000, 0x00000007a6380000, 0x00000007c0000000)
  eden space 909824K, 85% used [0x000000076b800000,0x000000079ad89908,0x00000007a3080000)
  from space 512K, 31% used [0x00000007a5c00000,0x00000007a5c28000,0x00000007a5c80000)
  to   space 6656K, 0% used [0x00000007a5d00000,0x00000007a5d00000,0x00000007a6380000)
 ParOldGen       total 173568K, used 17444K [0x00000006c2800000, 0x00000006cd180000, 0x000000076b800000)
  object space 173568K, 10% used [0x00000006c2800000,0x00000006c3909370,0x00000006cd180000)
 Metaspace       used 8334K, capacity 8710K, committed 8960K, reserved 1056768K
  class space    used 660K, capacity 690K, committed 768K, reserved 1048576K
GC Heap History (10 events):
Event: 1.887 GC heap before
{Heap before GC invocations=13 (full 0):
 PSYoungGen      total 374784K, used 374772K [0x000000076b800000, 0x0000000782f80000, 0x00000007c0000000)
  eden space 372736K, 100% used [0x000000076b800000,0x0000000782400000,0x0000000782400000)
  from space 2048K, 99% used [0x0000000782880000,0x0000000782a7d338,0x0000000782a80000)
  to   space 4608K, 0% used [0x0000000782400000,0x0000000782400000,0x0000000782880000)
 ParOldGen       total 173568K, used 8109K [0x00000006c2800000, 0x00000006cd180000, 0x000000076b800000)
  object space 173568K, 4% used [0x00000006c2800000,0x00000006c2feb6b0,0x00000006cd180000)
 Metaspace       used 8280K, capacity 8710K, committed 8960K, reserved 1056768K
  class space    used 660K, capacity 690K, committed 768K, reserved 1048576K
Event: 1.895 GC heap after
Heap after GC invocations=13 (full 0):
 PSYoungGen      total 377344K, used 4597K [0x000000076b800000, 0x0000000790c80000, 0x00000007c0000000)
  eden space 372736K, 0% used [0x000000076b800000,0x000000076b800000,0x0000000782400000)
  from space 4608K, 99% used [0x0000000782400000,0x000000078287d7a0,0x0000000782880000)
  to   space 7168K, 0% used [0x0000000790580000,0x0000000790580000,0x0000000790c80000)
 ParOldGen       total 173568K, used 12798K [0x00000006c2800000, 0x00000006cd180000, 0x000000076b800000)
  object space 173568K, 7% used [0x00000006c2800000,0x00000006c347fbd0,0x00000006cd180000)
 Metaspace       used 8280K, capacity 8710K, committed 8960K, reserved 1056768K
  class space    used 660K, capacity 690K, committed 768K, reserved 1048576K
}
Event: 2.162 GC heap before
{Heap before GC invocations=14 (full 0):
 PSYoungGen      total 377344K, used 377333K [0x000000076b800000, 0x0000000790c80000, 0x00000007c0000000)
  eden space 372736K, 100% used [0x000000076b800000,0x0000000782400000,0x0000000782400000)
  from space 4608K, 99% used [0x0000000782400000,0x000000078287d7a0,0x0000000782880000)
  to   space 7168K, 0% used [0x0000000790580000,0x0000000790580000,0x0000000790c80000)
 ParOldGen       total 173568K, used 12798K [0x00000006c2800000, 0x00000006cd180000, 0x000000076b800000)
  object space 173568K, 7% used [0x00000006c2800000,0x00000006c347fbd0,0x00000006cd180000)
 Metaspace       used 8284K, capacity 8710K, committed 8960K, reserved 1056768K
  class space    used 660K, capacity 690K, committed 768K, reserved 1048576K
Event: 2.165 GC heap after
Heap after GC invocations=14 (full 0):
 PSYoungGen      total 603648K, used 192K [0x000000076b800000, 0x0000000790c80000, 0x00000007c0000000)
  eden space 596480K, 0% used [0x000000076b800000,0x000000076b800000,0x000000078fe80000)
  from space 7168K, 2% used [0x0000000790580000,0x00000007905b0000,0x0000000790c80000)
  to   space 7168K, 0% used [0x000000078fe80000,0x000000078fe80000,0x0000000790580000)
 ParOldGen       total 173568K, used 17412K [0x00000006c2800000, 0x00000006cd180000, 0x000000076b800000)
  object space 173568K, 10% used [0x00000006c2800000,0x00000006c3901370,0x00000006cd180000)
 Metaspace       used 8284K, capacity 8710K, committed 8960K, reserved 1056768K
  class space    used 660K, capacity 690K, committed 768K, reserved 1048576K
}
Event: 2.641 GC heap before
{Heap before GC invocations=15 (full 0):
 PSYoungGen      total 603648K, used 596672K [0x000000076b800000, 0x0000000790c80000, 0x00000007c0000000)
  eden space 596480K, 100% used [0x000000076b800000,0x000000078fe80000,0x000000078fe80000)
  from space 7168K, 2% used [0x0000000790580000,0x00000007905b0000,0x0000000790c80000)
  to   space 7168K, 0% used [0x000000078fe80000,0x000000078fe80000,0x0000000790580000)
 ParOldGen       total 173568K, used 17412K [0x00000006c2800000, 0x00000006cd180000, 0x000000076b800000)
  object space 173568K, 10% used [0x00000006c2800000,0x00000006c3901370,0x00000006cd180000)
 Metaspace       used 8296K, capacity 8710K, committed 8960K, reserved 1056768K
  class space    used 660K, capacity 690K, committed 768K, reserved 1048576K
Event: 2.642 GC heap after
Heap after GC invocations=15 (full 0):
 PSYoungGen      total 603648K, used 160K [0x000000076b800000, 0x00000007a6a00000, 0x00000007c0000000)
  eden space 596480K, 0% used [0x000000076b800000,0x000000076b800000,0x000000078fe80000)
  from space 7168K, 2% used [0x000000078fe80000,0x000000078fea8000,0x0000000790580000)
  to   space 7168K, 0% used [0x00000007a6300000,0x00000007a6300000,0x00000007a6a00000)
 ParOldGen       total 173568K, used 17412K [0x00000006c2800000, 0x00000006cd180000, 0x000000076b800000)
  object space 173568K, 10% used [0x00000006c2800000,0x00000006c3901370,0x00000006cd180000)
 Metaspace       used 8296K, capacity 8710K, committed 8960K, reserved 1056768K
  class space    used 660K, capacity 690K, committed 768K, reserved 1048576K
}
Event: 3.069 GC heap before
{Heap before GC invocations=16 (full 0):
 PSYoungGen      total 603648K, used 596640K [0x000000076b800000, 0x00000007a6a00000, 0x00000007c0000000)
  eden space 596480K, 100% used [0x000000076b800000,0x000000078fe80000,0x000000078fe80000)
  from space 7168K, 2% used [0x000000078fe80000,0x000000078fea8000,0x0000000790580000)
  to   space 7168K, 0% used [0x00000007a6300000,0x00000007a6300000,0x00000007a6a00000)
 ParOldGen       total 173568K, used 17412K [0x00000006c2800000, 0x00000006cd180000, 0x000000076b800000)
  object space 173568K, 10% used [0x00000006c2800000,0x00000006c3901370,0x00000006cd180000)
 Metaspace       used 8318K, capacity 8710K, committed 8960K, reserved 1056768K
  class space    used 660K, capacity 690K, committed 768K, reserved 1048576K
Event: 3.069 GC heap after
Heap after GC invocations=16 (full 0):
 PSYoungGen      total 960512K, used 96K [0x000000076b800000, 0x00000007a6900000, 0x00000007c0000000)
  eden space 954368K, 0% used [0x000000076b800000,0x000000076b800000,0x00000007a5c00000)
  from space 6144K, 1% used [0x00000007a6300000,0x00000007a6318000,0x00000007a6900000)
  to   space 6656K, 0% used [0x00000007a5c00000,0x00000007a5c00000,0x00000007a6280000)
 ParOldGen       total 173568K, used 17420K [0x00000006c2800000, 0x00000006cd180000, 0x000000076b800000)
  object space 173568K, 10% used [0x00000006c2800000,0x00000006c3903370,0x00000006cd180000)
 Metaspace       used 8318K, capacity 8710K, committed 8960K, reserved 1056768K
  class space    used 660K, capacity 690K, committed 768K, reserved 1048576K
}
Event: 3.784 GC heap before
{Heap before GC invocations=17 (full 0):
 PSYoungGen      total 960512K, used 954464K [0x000000076b800000, 0x00000007a6900000, 0x00000007c0000000)
  eden space 954368K, 100% used [0x000000076b800000,0x00000007a5c00000,0x00000007a5c00000)
  from space 6144K, 1% used [0x00000007a6300000,0x00000007a6318000,0x00000007a6900000)
  to   space 6656K, 0% used [0x00000007a5c00000,0x00000007a5c00000,0x00000007a6280000)
 ParOldGen       total 173568K, used 17420K [0x00000006c2800000, 0x00000006cd180000, 0x000000076b800000)
  object space 173568K, 10% used [0x00000006c2800000,0x00000006c3903370,0x00000006cd180000)
 Metaspace       used 8325K, capacity 8710K, committed 8960K, reserved 1056768K
  class space    used 660K, capacity 690K, committed 768K, reserved 1048576K
Event: 3.785 GC heap after
Heap after GC invocations=17 (full 0):
 PSYoungGen      total 910336K, used 160K [0x000000076b800000, 0x00000007a6380000, 0x00000007c0000000)
  eden space 909824K, 0% used [0x000000076b800000,0x000000076b800000,0x00000007a3080000)
  from space 512K, 31% used [0x00000007a5c00000,0x00000007a5c28000,0x00000007a5c80000)
  to   space 6656K, 0% used [0x00000007a5d00000,0x00000007a5d00000,0x00000007a6380000)
 ParOldGen       total 173568K, used 17444K [0x00000006c2800000, 0x00000006cd180000, 0x000000076b800000)
  object space 173568K, 10% used [0x00000006c2800000,0x00000006c3909370,0x00000006cd180000)
 Metaspace       used 8325K, capacity 8710K, committed 8960K, reserved 1056768K
  class space    used 660K, capacity 690K, committed 768K, reserved 1048576K
}

