# JRE version: Java(TM) SE Runtime Environment (8.0_65-b17) (build 1.8.0_65-b17)
# Java VM: Java HotSpot(TM) 64-Bit Server VM (25.65-b01 mixed mode windows-amd64 compressed oops)
Heap:
 PSYoungGen      total 607232K, used 147605K [0x000000076b800000, 0x0000000794380000, 0x00000007c0000000)
  eden space 606720K, 24% used [0x000000076b800000,0x00000007747ed5c8,0x0000000790880000)
  from space 512K, 43% used [0x0000000794300000,0x0000000794338000,0x0000000794380000)
  to   space 6656K, 0% used [0x0000000793680000,0x0000000793680000,0x0000000793d00000)
 ParOldGen       total 173568K, used 12481K [0x00000006c2800000, 0x00000006cd180000, 0x000000076b800000)
  object space 173568K, 7% used [0x00000006c2800000,0x00000006c34307f8,0x00000006cd180000)
 Metaspace       used 8364K, capacity 8774K, committed 8960K, reserved 1056768K
  class space    used 661K, capacity 690K, committed 768K, reserved 1048576K
GC Heap History (10 events):
Event: 1.309 GC heap before
{Heap before GC invocations=10 (full 0):
 PSYoungGen      total 262144K, used 262120K [0x000000076b800000, 0x0000000785c00000, 0x00000007c0000000)
  eden space 259584K, 100% used [0x000000076b800000,0x000000077b580000,0x000000077b580000)
  from space 2560K, 99% used [0x000000077b580000,0x000000077b7fa1e0,0x000000077b800000)
  to   space 7168K, 0% used [0x0000000785500000,0x0000000785500000,0x0000000785c00000)
 ParOldGen       total 173568K, used 11129K [0x00000006c2800000, 0x00000006cd180000, 0x000000076b800000)
  object space 173568K, 6% used [0x00000006c2800000,0x00000006c32de7d8,0x00000006cd180000)
 Metaspace       used 8266K, capacity 8646K, committed 8960K, reserved 1056768K
  class space    used 657K, capacity 690K, committed 768K, reserved 1048576K
Event: 1.312 GC heap after
Heap after GC invocations=10 (full 0):
 PSYoungGen      total 422912K, used 288K [0x000000076b800000, 0x0000000785c00000, 0x00000007c0000000)
  eden space 415744K, 0% used [0x000000076b800000,0x000000076b800000,0x0000000784e00000)
  from space 7168K, 4% used [0x0000000785500000,0x0000000785548000,0x0000000785c00000)
  to   space 7168K, 0% used [0x0000000784e00000,0x0000000784e00000,0x0000000785500000)
 ParOldGen       total 173568K, used 12193K [0x00000006c2800000, 0x00000006cd180000, 0x000000076b800000)
  object space 173568K, 7% used [0x00000006c2800000,0x00000006c33e87f8,0x00000006cd180000)
 Metaspace       used 8266K, capacity 8646K, committed 8960K, reserved 1056768K
  class space    used 657K, capacity 690K, committed 768K, reserved 1048576K
}
Event: 1.608 GC heap before
{Heap before GC invocations=11 (full 0):
 PSYoungGen      total 422912K, used 416032K [0x000000076b800000, 0x0000000785c00000, 0x00000007c0000000)
  eden space 415744K, 100% used [0x000000076b800000,0x0000000784e00000,0x0000000784e00000)
  from space 7168K, 4% used [0x0000000785500000,0x0000000785548000,0x0000000785c00000)
  to   space 7168K, 0% used [0x0000000784e00000,0x0000000784e00000,0x0000000785500000)
 ParOldGen       total 173568K, used 12193K [0x00000006c2800000, 0x00000006cd180000, 0x000000076b800000)
  object space 173568K, 7% used [0x00000006c2800000,0x00000006c33e87f8,0x00000006cd180000)
 Metaspace       used 8314K, capacity 8710K, committed 8960K, reserved 1056768K
  class space    used 661K, capacity 690K, committed 768K, reserved 1048576K
Event: 1.609 GC heap after
Heap after GC invocations=11 (full 0):
 PSYoungGen      total 422912K, used 224K [0x000000076b800000, 0x0000000795000000, 0x00000007c0000000)
  eden space 415744K, 0% used [0x000000076b800000,0x000000076b800000,0x0000000784e00000)
  from space 7168K, 3% used [0x0000000784e00000,0x0000000784e38000,0x0000000785500000)
  to   space 7168K, 0% used [0x0000000794900000,0x0000000794900000,0x0000000795000000)
 ParOldGen       total 173568K, used 12369K [0x00000006c2800000, 0x00000006cd180000, 0x000000076b800000)
  object space 173568K, 7% used [0x00000006c2800000,0x00000006c34147f8,0x00000006cd180000)
 Metaspace       used 8314K, capacity 8710K, committed 8960K, reserved 1056768K
  class space    used 661K, capacity 690K, committed 768K, reserved 1048576K
}
Event: 1.924 GC heap before
{Heap before GC invocations=12 (full 0):
 PSYoungGen      total 422912K, used 415968K [0x000000076b800000, 0x0000000795000000, 0x00000007c0000000)
  eden space 415744K, 100% used [0x000000076b800000,0x0000000784e00000,0x0000000784e00000)
  from space 7168K, 3% used [0x0000000784e00000,0x0000000784e38000,0x0000000785500000)
  to   space 7168K, 0% used [0x0000000794900000,0x0000000794900000,0x0000000795000000)
 ParOldGen       total 173568K, used 12369K [0x00000006c2800000, 0x00000006cd180000, 0x000000076b800000)
  object space 173568K, 7% used [0x00000006c2800000,0x00000006c34147f8,0x00000006cd180000)
 Metaspace       used 8337K, capacity 8710K, committed 8960K, reserved 1056768K
  class space    used 661K, capacity 690K, committed 768K, reserved 1048576K
Event: 1.925 GC heap after
Heap after GC invocations=12 (full 0):
 PSYoungGen      total 671744K, used 224K [0x000000076b800000, 0x0000000794f00000, 0x00000007c0000000)
  eden space 665600K, 0% used [0x000000076b800000,0x000000076b800000,0x0000000794200000)
  from space 6144K, 3% used [0x0000000794900000,0x0000000794938000,0x0000000794f00000)
  to   space 6656K, 0% used [0x0000000794200000,0x0000000794200000,0x0000000794880000)
 ParOldGen       total 173568K, used 12433K [0x00000006c2800000, 0x00000006cd180000, 0x000000076b800000)
  object space 173568K, 7% used [0x00000006c2800000,0x00000006c34247f8,0x00000006cd180000)
 Metaspace       used 8337K, capacity 8710K, committed 8960K, reserved 1056768K
  class space    used 661K, capacity 690K, committed 768K, reserved 1048576K
}
Event: 2.422 GC heap before
{Heap before GC invocations=13 (full 0):
 PSYoungGen      total 671744K, used 665824K [0x000000076b800000, 0x0000000794f00000, 0x00000007c0000000)
  eden space 665600K, 100% used [0x000000076b800000,0x0000000794200000,0x0000000794200000)
  from space 6144K, 3% used [0x0000000794900000,0x0000000794938000,0x0000000794f00000)
  to   space 6656K, 0% used [0x0000000794200000,0x0000000794200000,0x0000000794880000)
 ParOldGen       total 173568K, used 12433K [0x00000006c2800000, 0x00000006cd180000, 0x000000076b800000)
  object space 173568K, 7% used [0x00000006c2800000,0x00000006c34247f8,0x00000006cd180000)
 Metaspace       used 8355K, capacity 8710K, committed 8960K, reserved 1056768K
  class space    used 661K, capacity 690K, committed 768K, reserved 1048576K
Event: 2.423 GC heap after
Heap after GC invocations=13 (full 0):
 PSYoungGen      total 635904K, used 224K [0x000000076b800000, 0x0000000794980000, 0x00000007c0000000)
  eden space 635392K, 0% used [0x000000076b800000,0x000000076b800000,0x0000000792480000)
  from space 512K, 43% used [0x0000000794200000,0x0000000794238000,0x0000000794280000)
  to   space 6656K, 0% used [0x0000000794300000,0x0000000794300000,0x0000000794980000)
 ParOldGen       total 173568K, used 12465K [0x00000006c2800000, 0x00000006cd180000, 0x000000076b800000)
  object space 173568K, 7% used [0x00000006c2800000,0x00000006c342c7f8,0x00000006cd180000)
 Metaspace       used 8355K, capacity 8710K, committed 8960K, reserved 1056768K
  class space    used 661K, capacity 690K, committed 768K, reserved 1048576K
}
Event: 2.900 GC heap before
{Heap before GC invocations=14 (full 0):
 PSYoungGen      total 635904K, used 635616K [0x000000076b800000, 0x0000000794980000, 0x00000007c0000000)
  eden space 635392K, 100% used [0x000000076b800000,0x0000000792480000,0x0000000792480000)
  from space 512K, 43% used [0x0000000794200000,0x0000000794238000,0x0000000794280000)
  to   space 6656K, 0% used [0x0000000794300000,0x0000000794300000,0x0000000794980000)
 ParOldGen       total 173568K, used 12465K [0x00000006c2800000, 0x00000006cd180000, 0x000000076b800000)
  object space 173568K, 7% used [0x00000006c2800000,0x00000006c342c7f8,0x00000006cd180000)
 Metaspace       used 8363K, capacity 8774K, committed 8960K, reserved 1056768K
  class space    used 661K, capacity 690K, committed 768K, reserved 1048576K
Event: 2.900 GC heap after
Heap after GC invocations=14 (full 0):
 PSYoungGen      total 607232K, used 224K [0x000000076b800000, 0x0000000794380000, 0x00000007c0000000)
  eden space 606720K, 0% used [0x000000076b800000,0x000000076b800000,0x0000000790880000)
  from space 512K, 43% used [0x0000000794300000,0x0000000794338000,0x0000000794380000)
  to   space 6656K, 0% used [0x0000000793680000,0x0000000793680000,0x0000000793d00000)
 ParOldGen       total 173568K, used 12481K [0x00000006c2800000, 0x00000006cd180000, 0x000000076b800000)
  object space 173568K, 7% used [0x00000006c2800000,0x00000006c34307f8,0x00000006cd180000)
 Metaspace       used 8363K, capacity 8774K, committed 8960K, reserved 1056768K
  class space    used 661K, capacity 690K, committed 768K, reserved 1048576K
}

