# JRE version: Java(TM) SE Runtime Environment (8.0_65-b17) (build 1.8.0_65-b17)
# Java VM: Java HotSpot(TM) 64-Bit Server VM (25.65-b01 mixed mode windows-amd64 compressed oops)
Heap:
 PSYoungGen      total 134656K, used 99220K [0x000000076b800000, 0x00000007a9b80000, 0x00000007c0000000)
  eden space 133632K, 74% used [0x000000076b800000,0x00000007718ad028,0x0000000773a80000)
  from space 1024K, 21% used [0x00000007a9980000,0x00000007a99b8000,0x00000007a9a80000)
  to   space 1024K, 0% used [0x00000007a9a80000,0x00000007a9a80000,0x00000007a9b80000)
 ParOldGen       total 173568K, used 12537K [0x00000006c2800000, 0x00000006cd180000, 0x000000076b800000)
  object space 173568K, 7% used [0x00000006c2800000,0x00000006c343e470,0x00000006cd180000)
 Metaspace       used 8386K, capacity 8774K, committed 8960K, reserved 1056768K
  class space    used 662K, capacity 690K, committed 768K, reserved 1048576K
GC Heap History (10 events):
Event: 12.900 GC heap before
{Heap before GC invocations=49 (full 0):
 PSYoungGen      total 158208K, used 157920K [0x000000076b800000, 0x00000007a9c80000, 0x00000007c0000000)
  eden space 157696K, 100% used [0x000000076b800000,0x0000000775200000,0x0000000775200000)
  from space 512K, 43% used [0x00000007a9c00000,0x00000007a9c38000,0x00000007a9c80000)
  to   space 1024K, 0% used [0x00000007a9a80000,0x00000007a9a80000,0x00000007a9b80000)
 ParOldGen       total 173568K, used 12537K [0x00000006c2800000, 0x00000006cd180000, 0x000000076b800000)
  object space 173568K, 7% used [0x00000006c2800000,0x00000006c343e470,0x00000006cd180000)
 Metaspace       used 8385K, capacity 8774K, committed 8960K, reserved 1056768K
  class space    used 662K, capacity 690K, committed 768K, reserved 1048576K
Event: 12.900 GC heap after
Heap after GC invocations=49 (full 0):
 PSYoungGen      total 153600K, used 192K [0x000000076b800000, 0x00000007a9c80000, 0x00000007c0000000)
  eden space 152576K, 0% used [0x000000076b800000,0x000000076b800000,0x0000000774d00000)
  from space 1024K, 18% used [0x00000007a9a80000,0x00000007a9ab0000,0x00000007a9b80000)
  to   space 1024K, 0% used [0x00000007a9b80000,0x00000007a9b80000,0x00000007a9c80000)
 ParOldGen       total 173568K, used 12537K [0x00000006c2800000, 0x00000006cd180000, 0x000000076b800000)
  object space 173568K, 7% used [0x00000006c2800000,0x00000006c343e470,0x00000006cd180000)
 Metaspace       used 8385K, capacity 8774K, committed 8960K, reserved 1056768K
  class space    used 662K, capacity 690K, committed 768K, reserved 1048576K
}
Event: 13.016 GC heap before
{Heap before GC invocations=50 (full 0):
 PSYoungGen      total 153600K, used 152768K [0x000000076b800000, 0x00000007a9c80000, 0x00000007c0000000)
  eden space 152576K, 100% used [0x000000076b800000,0x0000000774d00000,0x0000000774d00000)
  from space 1024K, 18% used [0x00000007a9a80000,0x00000007a9ab0000,0x00000007a9b80000)
  to   space 1024K, 0% used [0x00000007a9b80000,0x00000007a9b80000,0x00000007a9c80000)
 ParOldGen       total 173568K, used 12537K [0x00000006c2800000, 0x00000006cd180000, 0x000000076b800000)
  object space 173568K, 7% used [0x00000006c2800000,0x00000006c343e470,0x00000006cd180000)
 Metaspace       used 8385K, capacity 8774K, committed 8960K, reserved 1056768K
  class space    used 662K, capacity 690K, committed 768K, reserved 1048576K
Event: 13.016 GC heap after
Heap after GC invocations=50 (full 0):
 PSYoungGen      total 147968K, used 224K [0x000000076b800000, 0x00000007a9c00000, 0x00000007c0000000)
  eden space 147456K, 0% used [0x000000076b800000,0x000000076b800000,0x0000000774800000)
  from space 512K, 43% used [0x00000007a9b80000,0x00000007a9bb8000,0x00000007a9c00000)
  to   space 1024K, 0% used [0x00000007a9a00000,0x00000007a9a00000,0x00000007a9b00000)
 ParOldGen       total 173568K, used 12537K [0x00000006c2800000, 0x00000006cd180000, 0x000000076b800000)
  object space 173568K, 7% used [0x00000006c2800000,0x00000006c343e470,0x00000006cd180000)
 Metaspace       used 8385K, capacity 8774K, committed 8960K, reserved 1056768K
  class space    used 662K, capacity 690K, committed 768K, reserved 1048576K
}
Event: 13.135 GC heap before
{Heap before GC invocations=51 (full 0):
 PSYoungGen      total 147968K, used 147680K [0x000000076b800000, 0x00000007a9c00000, 0x00000007c0000000)
  eden space 147456K, 100% used [0x000000076b800000,0x0000000774800000,0x0000000774800000)
  from space 512K, 43% used [0x00000007a9b80000,0x00000007a9bb8000,0x00000007a9c00000)
  to   space 1024K, 0% used [0x00000007a9a00000,0x00000007a9a00000,0x00000007a9b00000)
 ParOldGen       total 173568K, used 12537K [0x00000006c2800000, 0x00000006cd180000, 0x000000076b800000)
  object space 173568K, 7% used [0x00000006c2800000,0x00000006c343e470,0x00000006cd180000)
 Metaspace       used 8385K, capacity 8774K, committed 8960K, reserved 1056768K
  class space    used 662K, capacity 690K, committed 768K, reserved 1048576K
Event: 13.136 GC heap after
Heap after GC invocations=51 (full 0):
 PSYoungGen      total 143872K, used 224K [0x000000076b800000, 0x00000007a9c00000, 0x00000007c0000000)
  eden space 142848K, 0% used [0x000000076b800000,0x000000076b800000,0x0000000774380000)
  from space 1024K, 21% used [0x00000007a9a00000,0x00000007a9a38000,0x00000007a9b00000)
  to   space 1024K, 0% used [0x00000007a9b00000,0x00000007a9b00000,0x00000007a9c00000)
 ParOldGen       total 173568K, used 12537K [0x00000006c2800000, 0x00000006cd180000, 0x000000076b800000)
  object space 173568K, 7% used [0x00000006c2800000,0x00000006c343e470,0x00000006cd180000)
 Metaspace       used 8385K, capacity 8774K, committed 8960K, reserved 1056768K
  class space    used 662K, capacity 690K, committed 768K, reserved 1048576K
}
Event: 13.287 GC heap before
{Heap before GC invocations=52 (full 0):
 PSYoungGen      total 143872K, used 143072K [0x000000076b800000, 0x00000007a9c00000, 0x00000007c0000000)
  eden space 142848K, 100% used [0x000000076b800000,0x0000000774380000,0x0000000774380000)
  from space 1024K, 21% used [0x00000007a9a00000,0x00000007a9a38000,0x00000007a9b00000)
  to   space 1024K, 0% used [0x00000007a9b00000,0x00000007a9b00000,0x00000007a9c00000)
 ParOldGen       total 173568K, used 12537K [0x00000006c2800000, 0x00000006cd180000, 0x000000076b800000)
  object space 173568K, 7% used [0x00000006c2800000,0x00000006c343e470,0x00000006cd180000)
 Metaspace       used 8385K, capacity 8774K, committed 8960K, reserved 1056768K
  class space    used 662K, capacity 690K, committed 768K, reserved 1048576K
Event: 13.288 GC heap after
Heap after GC invocations=52 (full 0):
 PSYoungGen      total 138752K, used 224K [0x000000076b800000, 0x00000007a9b80000, 0x00000007c0000000)
  eden space 138240K, 0% used [0x000000076b800000,0x000000076b800000,0x0000000773f00000)
  from space 512K, 43% used [0x00000007a9b00000,0x00000007a9b38000,0x00000007a9b80000)
  to   space 1024K, 0% used [0x00000007a9980000,0x00000007a9980000,0x00000007a9a80000)
 ParOldGen       total 173568K, used 12537K [0x00000006c2800000, 0x00000006cd180000, 0x000000076b800000)
  object space 173568K, 7% used [0x00000006c2800000,0x00000006c343e470,0x00000006cd180000)
 Metaspace       used 8385K, capacity 8774K, committed 8960K, reserved 1056768K
  class space    used 662K, capacity 690K, committed 768K, reserved 1048576K
}
Event: 13.433 GC heap before
{Heap before GC invocations=53 (full 0):
 PSYoungGen      total 138752K, used 138464K [0x000000076b800000, 0x00000007a9b80000, 0x00000007c0000000)
  eden space 138240K, 100% used [0x000000076b800000,0x0000000773f00000,0x0000000773f00000)
  from space 512K, 43% used [0x00000007a9b00000,0x00000007a9b38000,0x00000007a9b80000)
  to   space 1024K, 0% used [0x00000007a9980000,0x00000007a9980000,0x00000007a9a80000)
 ParOldGen       total 173568K, used 12537K [0x00000006c2800000, 0x00000006cd180000, 0x000000076b800000)
  object space 173568K, 7% used [0x00000006c2800000,0x00000006c343e470,0x00000006cd180000)
 Metaspace       used 8385K, capacity 8774K, committed 8960K, reserved 1056768K
  class space    used 662K, capacity 690K, committed 768K, reserved 1048576K
Event: 13.433 GC heap after
Heap after GC invocations=53 (full 0):
 PSYoungGen      total 134656K, used 224K [0x000000076b800000, 0x00000007a9b80000, 0x00000007c0000000)
  eden space 133632K, 0% used [0x000000076b800000,0x000000076b800000,0x0000000773a80000)
  from space 1024K, 21% used [0x00000007a9980000,0x00000007a99b8000,0x00000007a9a80000)
  to   space 1024K, 0% used [0x00000007a9a80000,0x00000007a9a80000,0x00000007a9b80000)
 ParOldGen       total 173568K, used 12537K [0x00000006c2800000, 0x00000006cd180000, 0x000000076b800000)
  object space 173568K, 7% used [0x00000006c2800000,0x00000006c343e470,0x00000006cd180000)
 Metaspace       used 8385K, capacity 8774K, committed 8960K, reserved 1056768K
  class space    used 662K, capacity 690K, committed 768K, reserved 1048576K
}

