# JRE version: Java(TM) SE Runtime Environment (8.0_65-b17) (build 1.8.0_65-b17)
# Java VM: Java HotSpot(TM) 64-Bit Server VM (25.65-b01 mixed mode windows-amd64 compressed oops)
Heap:
 PSYoungGen      total 52736K, used 40301K [0x000000076b800000, 0x00000007a9180000, 0x00000007c0000000)
  eden space 52224K, 76% used [0x000000076b800000,0x000000076df2b4e0,0x000000076eb00000)
  from space 512K, 37% used [0x00000007a9100000,0x00000007a9130000,0x00000007a9180000)
  to   space 512K, 0% used [0x00000007a9080000,0x00000007a9080000,0x00000007a9100000)
 ParOldGen       total 173568K, used 14529K [0x00000006c2800000, 0x00000006cd180000, 0x000000076b800000)
  object space 173568K, 8% used [0x00000006c2800000,0x00000006c3630520,0x00000006cd180000)
 Metaspace       used 8401K, capacity 8774K, committed 8960K, reserved 1056768K
  class space    used 662K, capacity 690K, committed 768K, reserved 1048576K
GC Heap History (10 events):
Event: 30.244 GC heap before
{Heap before GC invocations=230 (full 0):
 PSYoungGen      total 57856K, used 57568K [0x000000076b800000, 0x00000007a9180000, 0x00000007c0000000)
  eden space 57344K, 100% used [0x000000076b800000,0x000000076f000000,0x000000076f000000)
  from space 512K, 43% used [0x00000007a9080000,0x00000007a90b8000,0x00000007a9100000)
  to   space 512K, 0% used [0x00000007a9100000,0x00000007a9100000,0x00000007a9180000)
 ParOldGen       total 173568K, used 14529K [0x00000006c2800000, 0x00000006cd180000, 0x000000076b800000)
  object space 173568K, 8% used [0x00000006c2800000,0x00000006c3630520,0x00000006cd180000)
 Metaspace       used 8401K, capacity 8774K, committed 8960K, reserved 1056768K
  class space    used 662K, capacity 690K, committed 768K, reserved 1048576K
Event: 30.244 GC heap after
Heap after GC invocations=230 (full 0):
 PSYoungGen      total 56832K, used 224K [0x000000076b800000, 0x00000007a9180000, 0x00000007c0000000)
  eden space 56320K, 0% used [0x000000076b800000,0x000000076b800000,0x000000076ef00000)
  from space 512K, 43% used [0x00000007a9100000,0x00000007a9138000,0x00000007a9180000)
  to   space 512K, 0% used [0x00000007a9080000,0x00000007a9080000,0x00000007a9100000)
 ParOldGen       total 173568K, used 14529K [0x00000006c2800000, 0x00000006cd180000, 0x000000076b800000)
  object space 173568K, 8% used [0x00000006c2800000,0x00000006c3630520,0x00000006cd180000)
 Metaspace       used 8401K, capacity 8774K, committed 8960K, reserved 1056768K
  class space    used 662K, capacity 690K, committed 768K, reserved 1048576K
}
Event: 30.304 GC heap before
{Heap before GC invocations=231 (full 0):
 PSYoungGen      total 56832K, used 56544K [0x000000076b800000, 0x00000007a9180000, 0x00000007c0000000)
  eden space 56320K, 100% used [0x000000076b800000,0x000000076ef00000,0x000000076ef00000)
  from space 512K, 43% used [0x00000007a9100000,0x00000007a9138000,0x00000007a9180000)
  to   space 512K, 0% used [0x00000007a9080000,0x00000007a9080000,0x00000007a9100000)
 ParOldGen       total 173568K, used 14529K [0x00000006c2800000, 0x00000006cd180000, 0x000000076b800000)
  object space 173568K, 8% used [0x00000006c2800000,0x00000006c3630520,0x00000006cd180000)
 Metaspace       used 8401K, capacity 8774K, committed 8960K, reserved 1056768K
  class space    used 662K, capacity 690K, committed 768K, reserved 1048576K
Event: 30.304 GC heap after
Heap after GC invocations=231 (full 0):
 PSYoungGen      total 55808K, used 224K [0x000000076b800000, 0x00000007a9180000, 0x00000007c0000000)
  eden space 55296K, 0% used [0x000000076b800000,0x000000076b800000,0x000000076ee00000)
  from space 512K, 43% used [0x00000007a9080000,0x00000007a90b8000,0x00000007a9100000)
  to   space 512K, 0% used [0x00000007a9100000,0x00000007a9100000,0x00000007a9180000)
 ParOldGen       total 173568K, used 14529K [0x00000006c2800000, 0x00000006cd180000, 0x000000076b800000)
  object space 173568K, 8% used [0x00000006c2800000,0x00000006c3630520,0x00000006cd180000)
 Metaspace       used 8401K, capacity 8774K, committed 8960K, reserved 1056768K
  class space    used 662K, capacity 690K, committed 768K, reserved 1048576K
}
Event: 30.362 GC heap before
{Heap before GC invocations=232 (full 0):
 PSYoungGen      total 55808K, used 55520K [0x000000076b800000, 0x00000007a9180000, 0x00000007c0000000)
  eden space 55296K, 100% used [0x000000076b800000,0x000000076ee00000,0x000000076ee00000)
  from space 512K, 43% used [0x00000007a9080000,0x00000007a90b8000,0x00000007a9100000)
  to   space 512K, 0% used [0x00000007a9100000,0x00000007a9100000,0x00000007a9180000)
 ParOldGen       total 173568K, used 14529K [0x00000006c2800000, 0x00000006cd180000, 0x000000076b800000)
  object space 173568K, 8% used [0x00000006c2800000,0x00000006c3630520,0x00000006cd180000)
 Metaspace       used 8401K, capacity 8774K, committed 8960K, reserved 1056768K
  class space    used 662K, capacity 690K, committed 768K, reserved 1048576K
Event: 30.362 GC heap after
Heap after GC invocations=232 (full 0):
 PSYoungGen      total 54784K, used 224K [0x000000076b800000, 0x00000007a9180000, 0x00000007c0000000)
  eden space 54272K, 0% used [0x000000076b800000,0x000000076b800000,0x000000076ed00000)
  from space 512K, 43% used [0x00000007a9100000,0x00000007a9138000,0x00000007a9180000)
  to   space 512K, 0% used [0x00000007a9080000,0x00000007a9080000,0x00000007a9100000)
 ParOldGen       total 173568K, used 14529K [0x00000006c2800000, 0x00000006cd180000, 0x000000076b800000)
  object space 173568K, 8% used [0x00000006c2800000,0x00000006c3630520,0x00000006cd180000)
 Metaspace       used 8401K, capacity 8774K, committed 8960K, reserved 1056768K
  class space    used 662K, capacity 690K, committed 768K, reserved 1048576K
}
Event: 30.419 GC heap before
{Heap before GC invocations=233 (full 0):
 PSYoungGen      total 54784K, used 54496K [0x000000076b800000, 0x00000007a9180000, 0x00000007c0000000)
  eden space 54272K, 100% used [0x000000076b800000,0x000000076ed00000,0x000000076ed00000)
  from space 512K, 43% used [0x00000007a9100000,0x00000007a9138000,0x00000007a9180000)
  to   space 512K, 0% used [0x00000007a9080000,0x00000007a9080000,0x00000007a9100000)
 ParOldGen       total 173568K, used 14529K [0x00000006c2800000, 0x00000006cd180000, 0x000000076b800000)
  object space 173568K, 8% used [0x00000006c2800000,0x00000006c3630520,0x00000006cd180000)
 Metaspace       used 8401K, capacity 8774K, committed 8960K, reserved 1056768K
  class space    used 662K, capacity 690K, committed 768K, reserved 1048576K
Event: 30.420 GC heap after
Heap after GC invocations=233 (full 0):
 PSYoungGen      total 53760K, used 224K [0x000000076b800000, 0x00000007a9180000, 0x00000007c0000000)
  eden space 53248K, 0% used [0x000000076b800000,0x000000076b800000,0x000000076ec00000)
  from space 512K, 43% used [0x00000007a9080000,0x00000007a90b8000,0x00000007a9100000)
  to   space 512K, 0% used [0x00000007a9100000,0x00000007a9100000,0x00000007a9180000)
 ParOldGen       total 173568K, used 14529K [0x00000006c2800000, 0x00000006cd180000, 0x000000076b800000)
  object space 173568K, 8% used [0x00000006c2800000,0x00000006c3630520,0x00000006cd180000)
 Metaspace       used 8401K, capacity 8774K, committed 8960K, reserved 1056768K
  class space    used 662K, capacity 690K, committed 768K, reserved 1048576K
}
Event: 30.475 GC heap before
{Heap before GC invocations=234 (full 0):
 PSYoungGen      total 53760K, used 53472K [0x000000076b800000, 0x00000007a9180000, 0x00000007c0000000)
  eden space 53248K, 100% used [0x000000076b800000,0x000000076ec00000,0x000000076ec00000)
  from space 512K, 43% used [0x00000007a9080000,0x00000007a90b8000,0x00000007a9100000)
  to   space 512K, 0% used [0x00000007a9100000,0x00000007a9100000,0x00000007a9180000)
 ParOldGen       total 173568K, used 14529K [0x00000006c2800000, 0x00000006cd180000, 0x000000076b800000)
  object space 173568K, 8% used [0x00000006c2800000,0x00000006c3630520,0x00000006cd180000)
 Metaspace       used 8401K, capacity 8774K, committed 8960K, reserved 1056768K
  class space    used 662K, capacity 690K, committed 768K, reserved 1048576K
Event: 30.475 GC heap after
Heap after GC invocations=234 (full 0):
 PSYoungGen      total 52736K, used 192K [0x000000076b800000, 0x00000007a9180000, 0x00000007c0000000)
  eden space 52224K, 0% used [0x000000076b800000,0x000000076b800000,0x000000076eb00000)
  from space 512K, 37% used [0x00000007a9100000,0x00000007a9130000,0x00000007a9180000)
  to   space 512K, 0% used [0x00000007a9080000,0x00000007a9080000,0x00000007a9100000)
 ParOldGen       total 173568K, used 14529K [0x00000006c2800000, 0x00000006cd180000, 0x000000076b800000)
  object space 173568K, 8% used [0x00000006c2800000,0x00000006c3630520,0x00000006cd180000)
 Metaspace       used 8401K, capacity 8774K, committed 8960K, reserved 1056768K
  class space    used 662K, capacity 690K, committed 768K, reserved 1048576K
}

