# JRE version: Java(TM) SE Runtime Environment (8.0_65-b17) (build 1.8.0_65-b17)
# Java VM: Java HotSpot(TM) 64-Bit Server VM (25.65-b01 mixed mode windows-amd64 compressed oops)
Heap:
 PSYoungGen      total 34816K, used 34121K [0x000000076b800000, 0x000000077a880000, 0x00000007c0000000)
  eden space 34304K, 99% used [0x000000076b800000,0x000000076d94a4c8,0x000000076d980000)
  from space 512K, 6% used [0x000000077a800000,0x000000077a808000,0x000000077a880000)
  to   space 512K, 0% used [0x000000077a780000,0x000000077a780000,0x000000077a800000)
 ParOldGen       total 173568K, used 1320K [0x00000006c2800000, 0x00000006cd180000, 0x000000076b800000)
  object space 173568K, 0% used [0x00000006c2800000,0x00000006c294a050,0x00000006cd180000)
 Metaspace       used 7998K, capacity 8550K, committed 8704K, reserved 1056768K
  class space    used 642K, capacity 658K, committed 768K, reserved 1048576K
GC Heap History (10 events):
Event: 41.907 GC heap before
{Heap before GC invocations=654 (full 0):
 PSYoungGen      total 37376K, used 36960K [0x000000076b800000, 0x000000077a880000, 0x00000007c0000000)
  eden space 36864K, 100% used [0x000000076b800000,0x000000076dc00000,0x000000076dc00000)
  from space 512K, 18% used [0x000000077a780000,0x000000077a798000,0x000000077a800000)
  to   space 512K, 0% used [0x000000077a800000,0x000000077a800000,0x000000077a880000)
 ParOldGen       total 173568K, used 1312K [0x00000006c2800000, 0x00000006cd180000, 0x000000076b800000)
  object space 173568K, 0% used [0x00000006c2800000,0x00000006c2948050,0x00000006cd180000)
 Metaspace       used 7998K, capacity 8550K, committed 8704K, reserved 1056768K
  class space    used 642K, capacity 658K, committed 768K, reserved 1048576K
Event: 41.907 GC heap after
Heap after GC invocations=654 (full 0):
 PSYoungGen      total 36864K, used 32K [0x000000076b800000, 0x000000077a880000, 0x00000007c0000000)
  eden space 36352K, 0% used [0x000000076b800000,0x000000076b800000,0x000000076db80000)
  from space 512K, 6% used [0x000000077a800000,0x000000077a808000,0x000000077a880000)
  to   space 512K, 0% used [0x000000077a780000,0x000000077a780000,0x000000077a800000)
 ParOldGen       total 173568K, used 1312K [0x00000006c2800000, 0x00000006cd180000, 0x000000076b800000)
  object space 173568K, 0% used [0x00000006c2800000,0x00000006c2948050,0x00000006cd180000)
 Metaspace       used 7998K, capacity 8550K, committed 8704K, reserved 1056768K
  class space    used 642K, capacity 658K, committed 768K, reserved 1048576K
}
Event: 41.960 GC heap before
{Heap before GC invocations=655 (full 0):
 PSYoungGen      total 36864K, used 36384K [0x000000076b800000, 0x000000077a880000, 0x00000007c0000000)
  eden space 36352K, 100% used [0x000000076b800000,0x000000076db80000,0x000000076db80000)
  from space 512K, 6% used [0x000000077a800000,0x000000077a808000,0x000000077a880000)
  to   space 512K, 0% used [0x000000077a780000,0x000000077a780000,0x000000077a800000)
 ParOldGen       total 173568K, used 1312K [0x00000006c2800000, 0x00000006cd180000, 0x000000076b800000)
  object space 173568K, 0% used [0x00000006c2800000,0x00000006c2948050,0x00000006cd180000)
 Metaspace       used 7998K, capacity 8550K, committed 8704K, reserved 1056768K
  class space    used 642K, capacity 658K, committed 768K, reserved 1048576K
Event: 41.960 GC heap after
Heap after GC invocations=655 (full 0):
 PSYoungGen      total 36352K, used 64K [0x000000076b800000, 0x000000077a880000, 0x00000007c0000000)
  eden space 35840K, 0% used [0x000000076b800000,0x000000076b800000,0x000000076db00000)
  from space 512K, 12% used [0x000000077a780000,0x000000077a790000,0x000000077a800000)
  to   space 512K, 0% used [0x000000077a800000,0x000000077a800000,0x000000077a880000)
 ParOldGen       total 173568K, used 1312K [0x00000006c2800000, 0x00000006cd180000, 0x000000076b800000)
  object space 173568K, 0% used [0x00000006c2800000,0x00000006c2948050,0x00000006cd180000)
 Metaspace       used 7998K, capacity 8550K, committed 8704K, reserved 1056768K
  class space    used 642K, capacity 658K, committed 768K, reserved 1048576K
}
Event: 42.013 GC heap before
{Heap before GC invocations=656 (full 0):
 PSYoungGen      total 36352K, used 35904K [0x000000076b800000, 0x000000077a880000, 0x00000007c0000000)
  eden space 35840K, 100% used [0x000000076b800000,0x000000076db00000,0x000000076db00000)
  from space 512K, 12% used [0x000000077a780000,0x000000077a790000,0x000000077a800000)
  to   space 512K, 0% used [0x000000077a800000,0x000000077a800000,0x000000077a880000)
 ParOldGen       total 173568K, used 1312K [0x00000006c2800000, 0x00000006cd180000, 0x000000076b800000)
  object space 173568K, 0% used [0x00000006c2800000,0x00000006c2948050,0x00000006cd180000)
 Metaspace       used 7998K, capacity 8550K, committed 8704K, reserved 1056768K
  class space    used 642K, capacity 658K, committed 768K, reserved 1048576K
Event: 42.014 GC heap after
Heap after GC invocations=656 (full 0):
 PSYoungGen      total 35840K, used 32K [0x000000076b800000, 0x000000077a880000, 0x00000007c0000000)
  eden space 35328K, 0% used [0x000000076b800000,0x000000076b800000,0x000000076da80000)
  from space 512K, 6% used [0x000000077a800000,0x000000077a808000,0x000000077a880000)
  to   space 512K, 0% used [0x000000077a780000,0x000000077a780000,0x000000077a800000)
 ParOldGen       total 173568K, used 1312K [0x00000006c2800000, 0x00000006cd180000, 0x000000076b800000)
  object space 173568K, 0% used [0x00000006c2800000,0x00000006c2948050,0x00000006cd180000)
 Metaspace       used 7998K, capacity 8550K, committed 8704K, reserved 1056768K
  class space    used 642K, capacity 658K, committed 768K, reserved 1048576K
}
Event: 42.066 GC heap before
{Heap before GC invocations=657 (full 0):
 PSYoungGen      total 35840K, used 35360K [0x000000076b800000, 0x000000077a880000, 0x00000007c0000000)
  eden space 35328K, 100% used [0x000000076b800000,0x000000076da80000,0x000000076da80000)
  from space 512K, 6% used [0x000000077a800000,0x000000077a808000,0x000000077a880000)
  to   space 512K, 0% used [0x000000077a780000,0x000000077a780000,0x000000077a800000)
 ParOldGen       total 173568K, used 1312K [0x00000006c2800000, 0x00000006cd180000, 0x000000076b800000)
  object space 173568K, 0% used [0x00000006c2800000,0x00000006c2948050,0x00000006cd180000)
 Metaspace       used 7998K, capacity 8550K, committed 8704K, reserved 1056768K
  class space    used 642K, capacity 658K, committed 768K, reserved 1048576K
Event: 42.067 GC heap after
Heap after GC invocations=657 (full 0):
 PSYoungGen      total 35328K, used 96K [0x000000076b800000, 0x000000077a880000, 0x00000007c0000000)
  eden space 34816K, 0% used [0x000000076b800000,0x000000076b800000,0x000000076da00000)
  from space 512K, 18% used [0x000000077a780000,0x000000077a798000,0x000000077a800000)
  to   space 512K, 0% used [0x000000077a800000,0x000000077a800000,0x000000077a880000)
 ParOldGen       total 173568K, used 1312K [0x00000006c2800000, 0x00000006cd180000, 0x000000076b800000)
  object space 173568K, 0% used [0x00000006c2800000,0x00000006c2948050,0x00000006cd180000)
 Metaspace       used 7998K, capacity 8550K, committed 8704K, reserved 1056768K
  class space    used 642K, capacity 658K, committed 768K, reserved 1048576K
}
Event: 42.117 GC heap before
{Heap before GC invocations=658 (full 0):
 PSYoungGen      total 35328K, used 34912K [0x000000076b800000, 0x000000077a880000, 0x00000007c0000000)
  eden space 34816K, 100% used [0x000000076b800000,0x000000076da00000,0x000000076da00000)
  from space 512K, 18% used [0x000000077a780000,0x000000077a798000,0x000000077a800000)
  to   space 512K, 0% used [0x000000077a800000,0x000000077a800000,0x000000077a880000)
 ParOldGen       total 173568K, used 1312K [0x00000006c2800000, 0x00000006cd180000, 0x000000076b800000)
  object space 173568K, 0% used [0x00000006c2800000,0x00000006c2948050,0x00000006cd180000)
 Metaspace       used 7998K, capacity 8550K, committed 8704K, reserved 1056768K
  class space    used 642K, capacity 658K, committed 768K, reserved 1048576K
Event: 42.118 GC heap after
Heap after GC invocations=658 (full 0):
 PSYoungGen      total 34816K, used 32K [0x000000076b800000, 0x000000077a880000, 0x00000007c0000000)
  eden space 34304K, 0% used [0x000000076b800000,0x000000076b800000,0x000000076d980000)
  from space 512K, 6% used [0x000000077a800000,0x000000077a808000,0x000000077a880000)
  to   space 512K, 0% used [0x000000077a780000,0x000000077a780000,0x000000077a800000)
 ParOldGen       total 173568K, used 1320K [0x00000006c2800000, 0x00000006cd180000, 0x000000076b800000)
  object space 173568K, 0% used [0x00000006c2800000,0x00000006c294a050,0x00000006cd180000)
 Metaspace       used 7998K, capacity 8550K, committed 8704K, reserved 1056768K
  class space    used 642K, capacity 658K, committed 768K, reserved 1048576K
}

