# JRE version: Java(TM) SE Runtime Environment (8.0_65-b17) (build 1.8.0_65-b17)
# Java VM: Java HotSpot(TM) 64-Bit Server VM (25.65-b01 mixed mode windows-amd64 compressed oops)
Heap:
 PSYoungGen      total 61952K, used 60244K [0x000000076b800000, 0x0000000784280000, 0x00000007c0000000)
  eden space 61440K, 98% used [0x000000076b800000,0x000000076f2cd3c8,0x000000076f400000)
  from space 512K, 6% used [0x0000000784180000,0x0000000784188000,0x0000000784200000)
  to   space 512K, 0% used [0x0000000784200000,0x0000000784200000,0x0000000784280000)
 ParOldGen       total 173568K, used 1404K [0x00000006c2800000, 0x00000006cd180000, 0x000000076b800000)
  object space 173568K, 0% used [0x00000006c2800000,0x00000006c295f0e8,0x00000006cd180000)
 Metaspace       used 8000K, capacity 8550K, committed 8704K, reserved 1056768K
  class space    used 642K, capacity 658K, committed 768K, reserved 1048576K
GC Heap History (10 events):
Event: 30.907 GC heap before
{Heap before GC invocations=485 (full 0):
 PSYoungGen      total 69632K, used 69152K [0x000000076b800000, 0x0000000784280000, 0x00000007c0000000)
  eden space 69120K, 100% used [0x000000076b800000,0x000000076fb80000,0x000000076fb80000)
  from space 512K, 6% used [0x0000000784200000,0x0000000784208000,0x0000000784280000)
  to   space 512K, 0% used [0x0000000784180000,0x0000000784180000,0x0000000784200000)
 ParOldGen       total 173568K, used 1396K [0x00000006c2800000, 0x00000006cd180000, 0x000000076b800000)
  object space 173568K, 0% used [0x00000006c2800000,0x00000006c295d0e8,0x00000006cd180000)
 Metaspace       used 8000K, capacity 8550K, committed 8704K, reserved 1056768K
  class space    used 642K, capacity 658K, committed 768K, reserved 1048576K
Event: 30.907 GC heap after
Heap after GC invocations=485 (full 0):
 PSYoungGen      total 68096K, used 96K [0x000000076b800000, 0x0000000784280000, 0x00000007c0000000)
  eden space 67584K, 0% used [0x000000076b800000,0x000000076b800000,0x000000076fa00000)
  from space 512K, 18% used [0x0000000784180000,0x0000000784198000,0x0000000784200000)
  to   space 512K, 0% used [0x0000000784200000,0x0000000784200000,0x0000000784280000)
 ParOldGen       total 173568K, used 1396K [0x00000006c2800000, 0x00000006cd180000, 0x000000076b800000)
  object space 173568K, 0% used [0x00000006c2800000,0x00000006c295d0e8,0x00000006cd180000)
 Metaspace       used 8000K, capacity 8550K, committed 8704K, reserved 1056768K
  class space    used 642K, capacity 658K, committed 768K, reserved 1048576K
}
Event: 30.983 GC heap before
{Heap before GC invocations=486 (full 0):
 PSYoungGen      total 68096K, used 67680K [0x000000076b800000, 0x0000000784280000, 0x00000007c0000000)
  eden space 67584K, 100% used [0x000000076b800000,0x000000076fa00000,0x000000076fa00000)
  from space 512K, 18% used [0x0000000784180000,0x0000000784198000,0x0000000784200000)
  to   space 512K, 0% used [0x0000000784200000,0x0000000784200000,0x0000000784280000)
 ParOldGen       total 173568K, used 1396K [0x00000006c2800000, 0x00000006cd180000, 0x000000076b800000)
  object space 173568K, 0% used [0x00000006c2800000,0x00000006c295d0e8,0x00000006cd180000)
 Metaspace       used 8000K, capacity 8550K, committed 8704K, reserved 1056768K
  class space    used 642K, capacity 658K, committed 768K, reserved 1048576K
Event: 30.983 GC heap after
Heap after GC invocations=486 (full 0):
 PSYoungGen      total 66560K, used 64K [0x000000076b800000, 0x0000000784280000, 0x00000007c0000000)
  eden space 66048K, 0% used [0x000000076b800000,0x000000076b800000,0x000000076f880000)
  from space 512K, 12% used [0x0000000784200000,0x0000000784210000,0x0000000784280000)
  to   space 512K, 0% used [0x0000000784180000,0x0000000784180000,0x0000000784200000)
 ParOldGen       total 173568K, used 1396K [0x00000006c2800000, 0x00000006cd180000, 0x000000076b800000)
  object space 173568K, 0% used [0x00000006c2800000,0x00000006c295d0e8,0x00000006cd180000)
 Metaspace       used 8000K, capacity 8550K, committed 8704K, reserved 1056768K
  class space    used 642K, capacity 658K, committed 768K, reserved 1048576K
}
Event: 31.056 GC heap before
{Heap before GC invocations=487 (full 0):
 PSYoungGen      total 66560K, used 66112K [0x000000076b800000, 0x0000000784280000, 0x00000007c0000000)
  eden space 66048K, 100% used [0x000000076b800000,0x000000076f880000,0x000000076f880000)
  from space 512K, 12% used [0x0000000784200000,0x0000000784210000,0x0000000784280000)
  to   space 512K, 0% used [0x0000000784180000,0x0000000784180000,0x0000000784200000)
 ParOldGen       total 173568K, used 1396K [0x00000006c2800000, 0x00000006cd180000, 0x000000076b800000)
  object space 173568K, 0% used [0x00000006c2800000,0x00000006c295d0e8,0x00000006cd180000)
 Metaspace       used 8000K, capacity 8550K, committed 8704K, reserved 1056768K
  class space    used 642K, capacity 658K, committed 768K, reserved 1048576K
Event: 31.057 GC heap after
Heap after GC invocations=487 (full 0):
 PSYoungGen      total 65024K, used 64K [0x000000076b800000, 0x0000000784280000, 0x00000007c0000000)
  eden space 64512K, 0% used [0x000000076b800000,0x000000076b800000,0x000000076f700000)
  from space 512K, 12% used [0x0000000784180000,0x0000000784190000,0x0000000784200000)
  to   space 512K, 0% used [0x0000000784200000,0x0000000784200000,0x0000000784280000)
 ParOldGen       total 173568K, used 1396K [0x00000006c2800000, 0x00000006cd180000, 0x000000076b800000)
  object space 173568K, 0% used [0x00000006c2800000,0x00000006c295d0e8,0x00000006cd180000)
 Metaspace       used 8000K, capacity 8550K, committed 8704K, reserved 1056768K
  class space    used 642K, capacity 658K, committed 768K, reserved 1048576K
}
Event: 31.130 GC heap before
{Heap before GC invocations=488 (full 0):
 PSYoungGen      total 65024K, used 64576K [0x000000076b800000, 0x0000000784280000, 0x00000007c0000000)
  eden space 64512K, 100% used [0x000000076b800000,0x000000076f700000,0x000000076f700000)
  from space 512K, 12% used [0x0000000784180000,0x0000000784190000,0x0000000784200000)
  to   space 512K, 0% used [0x0000000784200000,0x0000000784200000,0x0000000784280000)
 ParOldGen       total 173568K, used 1396K [0x00000006c2800000, 0x00000006cd180000, 0x000000076b800000)
  object space 173568K, 0% used [0x00000006c2800000,0x00000006c295d0e8,0x00000006cd180000)
 Metaspace       used 8000K, capacity 8550K, committed 8704K, reserved 1056768K
  class space    used 642K, capacity 658K, committed 768K, reserved 1048576K
Event: 31.131 GC heap after
Heap after GC invocations=488 (full 0):
 PSYoungGen      total 63488K, used 64K [0x000000076b800000, 0x0000000784280000, 0x00000007c0000000)
  eden space 62976K, 0% used [0x000000076b800000,0x000000076b800000,0x000000076f580000)
  from space 512K, 12% used [0x0000000784200000,0x0000000784210000,0x0000000784280000)
  to   space 512K, 0% used [0x0000000784180000,0x0000000784180000,0x0000000784200000)
 ParOldGen       total 173568K, used 1396K [0x00000006c2800000, 0x00000006cd180000, 0x000000076b800000)
  object space 173568K, 0% used [0x00000006c2800000,0x00000006c295d0e8,0x00000006cd180000)
 Metaspace       used 8000K, capacity 8550K, committed 8704K, reserved 1056768K
  class space    used 642K, capacity 658K, committed 768K, reserved 1048576K
}
Event: 31.198 GC heap before
{Heap before GC invocations=489 (full 0):
 PSYoungGen      total 63488K, used 63040K [0x000000076b800000, 0x0000000784280000, 0x00000007c0000000)
  eden space 62976K, 100% used [0x000000076b800000,0x000000076f580000,0x000000076f580000)
  from space 512K, 12% used [0x0000000784200000,0x0000000784210000,0x0000000784280000)
  to   space 512K, 0% used [0x0000000784180000,0x0000000784180000,0x0000000784200000)
 ParOldGen       total 173568K, used 1396K [0x00000006c2800000, 0x00000006cd180000, 0x000000076b800000)
  object space 173568K, 0% used [0x00000006c2800000,0x00000006c295d0e8,0x00000006cd180000)
 Metaspace       used 8000K, capacity 8550K, committed 8704K, reserved 1056768K
  class space    used 642K, capacity 658K, committed 768K, reserved 1048576K
Event: 31.199 GC heap after
Heap after GC invocations=489 (full 0):
 PSYoungGen      total 61952K, used 32K [0x000000076b800000, 0x0000000784280000, 0x00000007c0000000)
  eden space 61440K, 0% used [0x000000076b800000,0x000000076b800000,0x000000076f400000)
  from space 512K, 6% used [0x0000000784180000,0x0000000784188000,0x0000000784200000)
  to   space 512K, 0% used [0x0000000784200000,0x0000000784200000,0x0000000784280000)
 ParOldGen       total 173568K, used 1404K [0x00000006c2800000, 0x00000006cd180000, 0x000000076b800000)
  object space 173568K, 0% used [0x00000006c2800000,0x00000006c295f0e8,0x00000006cd180000)
 Metaspace       used 8000K, capacity 8550K, committed 8704K, reserved 1056768K
  class space    used 642K, capacity 658K, committed 768K, reserved 1048576K
}

