# JRE version: Java(TM) SE Runtime Environment (8.0_65-b17) (build 1.8.0_65-b17)
# Java VM: Java HotSpot(TM) 64-Bit Server VM (25.65-b01 mixed mode windows-amd64 compressed oops)
Heap:
 PSYoungGen      total 57344K, used 56780K [0x000000076b800000, 0x000000077a700000, 0x00000007c0000000)
  eden space 56832K, 99% used [0x000000076b800000,0x000000076ef5b108,0x000000076ef80000)
  from space 512K, 18% used [0x000000077a600000,0x000000077a618000,0x000000077a680000)
  to   space 512K, 0% used [0x000000077a680000,0x000000077a680000,0x000000077a700000)
 ParOldGen       total 173568K, used 1428K [0x00000006c2800000, 0x00000006cd180000, 0x000000076b800000)
  object space 173568K, 0% used [0x00000006c2800000,0x00000006c2965060,0x00000006cd180000)
 Metaspace       used 8180K, capacity 8710K, committed 8960K, reserved 1056768K
  class space    used 651K, capacity 690K, committed 768K, reserved 1048576K
GC Heap History (10 events):
Event: 11.414 GC heap before
{Heap before GC invocations=137 (full 0):
 PSYoungGen      total 62464K, used 62144K [0x000000076b800000, 0x000000077a700000, 0x00000007c0000000)
  eden space 61952K, 100% used [0x000000076b800000,0x000000076f480000,0x000000076f480000)
  from space 512K, 37% used [0x000000077a680000,0x000000077a6b0000,0x000000077a700000)
  to   space 512K, 0% used [0x000000077a600000,0x000000077a600000,0x000000077a680000)
 ParOldGen       total 173568K, used 1428K [0x00000006c2800000, 0x00000006cd180000, 0x000000076b800000)
  object space 173568K, 0% used [0x00000006c2800000,0x00000006c2965060,0x00000006cd180000)
 Metaspace       used 8179K, capacity 8710K, committed 8960K, reserved 1056768K
  class space    used 651K, capacity 690K, committed 768K, reserved 1048576K
Event: 11.414 GC heap after
Heap after GC invocations=137 (full 0):
 PSYoungGen      total 61440K, used 160K [0x000000076b800000, 0x000000077a700000, 0x00000007c0000000)
  eden space 60928K, 0% used [0x000000076b800000,0x000000076b800000,0x000000076f380000)
  from space 512K, 31% used [0x000000077a600000,0x000000077a628000,0x000000077a680000)
  to   space 512K, 0% used [0x000000077a680000,0x000000077a680000,0x000000077a700000)
 ParOldGen       total 173568K, used 1428K [0x00000006c2800000, 0x00000006cd180000, 0x000000076b800000)
  object space 173568K, 0% used [0x00000006c2800000,0x00000006c2965060,0x00000006cd180000)
 Metaspace       used 8179K, capacity 8710K, committed 8960K, reserved 1056768K
  class space    used 651K, capacity 690K, committed 768K, reserved 1048576K
}
Event: 11.486 GC heap before
{Heap before GC invocations=138 (full 0):
 PSYoungGen      total 61440K, used 61088K [0x000000076b800000, 0x000000077a700000, 0x00000007c0000000)
  eden space 60928K, 100% used [0x000000076b800000,0x000000076f380000,0x000000076f380000)
  from space 512K, 31% used [0x000000077a600000,0x000000077a628000,0x000000077a680000)
  to   space 512K, 0% used [0x000000077a680000,0x000000077a680000,0x000000077a700000)
 ParOldGen       total 173568K, used 1428K [0x00000006c2800000, 0x00000006cd180000, 0x000000076b800000)
  object space 173568K, 0% used [0x00000006c2800000,0x00000006c2965060,0x00000006cd180000)
 Metaspace       used 8179K, capacity 8710K, committed 8960K, reserved 1056768K
  class space    used 651K, capacity 690K, committed 768K, reserved 1048576K
Event: 11.487 GC heap after
Heap after GC invocations=138 (full 0):
 PSYoungGen      total 60416K, used 192K [0x000000076b800000, 0x000000077a700000, 0x00000007c0000000)
  eden space 59904K, 0% used [0x000000076b800000,0x000000076b800000,0x000000076f280000)
  from space 512K, 37% used [0x000000077a680000,0x000000077a6b0000,0x000000077a700000)
  to   space 512K, 0% used [0x000000077a600000,0x000000077a600000,0x000000077a680000)
 ParOldGen       total 173568K, used 1428K [0x00000006c2800000, 0x00000006cd180000, 0x000000076b800000)
  object space 173568K, 0% used [0x00000006c2800000,0x00000006c2965060,0x00000006cd180000)
 Metaspace       used 8179K, capacity 8710K, committed 8960K, reserved 1056768K
  class space    used 651K, capacity 690K, committed 768K, reserved 1048576K
}
Event: 11.532 GC heap before
{Heap before GC invocations=139 (full 0):
 PSYoungGen      total 60416K, used 60096K [0x000000076b800000, 0x000000077a700000, 0x00000007c0000000)
  eden space 59904K, 100% used [0x000000076b800000,0x000000076f280000,0x000000076f280000)
  from space 512K, 37% used [0x000000077a680000,0x000000077a6b0000,0x000000077a700000)
  to   space 512K, 0% used [0x000000077a600000,0x000000077a600000,0x000000077a680000)
 ParOldGen       total 173568K, used 1428K [0x00000006c2800000, 0x00000006cd180000, 0x000000076b800000)
  object space 173568K, 0% used [0x00000006c2800000,0x00000006c2965060,0x00000006cd180000)
 Metaspace       used 8179K, capacity 8710K, committed 8960K, reserved 1056768K
  class space    used 651K, capacity 690K, committed 768K, reserved 1048576K
Event: 11.532 GC heap after
Heap after GC invocations=139 (full 0):
 PSYoungGen      total 59392K, used 224K [0x000000076b800000, 0x000000077a700000, 0x00000007c0000000)
  eden space 58880K, 0% used [0x000000076b800000,0x000000076b800000,0x000000076f180000)
  from space 512K, 43% used [0x000000077a600000,0x000000077a638000,0x000000077a680000)
  to   space 512K, 0% used [0x000000077a680000,0x000000077a680000,0x000000077a700000)
 ParOldGen       total 173568K, used 1428K [0x00000006c2800000, 0x00000006cd180000, 0x000000076b800000)
  object space 173568K, 0% used [0x00000006c2800000,0x00000006c2965060,0x00000006cd180000)
 Metaspace       used 8179K, capacity 8710K, committed 8960K, reserved 1056768K
  class space    used 651K, capacity 690K, committed 768K, reserved 1048576K
}
Event: 11.585 GC heap before
{Heap before GC invocations=140 (full 0):
 PSYoungGen      total 59392K, used 59104K [0x000000076b800000, 0x000000077a700000, 0x00000007c0000000)
  eden space 58880K, 100% used [0x000000076b800000,0x000000076f180000,0x000000076f180000)
  from space 512K, 43% used [0x000000077a600000,0x000000077a638000,0x000000077a680000)
  to   space 512K, 0% used [0x000000077a680000,0x000000077a680000,0x000000077a700000)
 ParOldGen       total 173568K, used 1428K [0x00000006c2800000, 0x00000006cd180000, 0x000000076b800000)
  object space 173568K, 0% used [0x00000006c2800000,0x00000006c2965060,0x00000006cd180000)
 Metaspace       used 8179K, capacity 8710K, committed 8960K, reserved 1056768K
  class space    used 651K, capacity 690K, committed 768K, reserved 1048576K
Event: 11.586 GC heap after
Heap after GC invocations=140 (full 0):
 PSYoungGen      total 58368K, used 128K [0x000000076b800000, 0x000000077a700000, 0x00000007c0000000)
  eden space 57856K, 0% used [0x000000076b800000,0x000000076b800000,0x000000076f080000)
  from space 512K, 25% used [0x000000077a680000,0x000000077a6a0000,0x000000077a700000)
  to   space 512K, 0% used [0x000000077a600000,0x000000077a600000,0x000000077a680000)
 ParOldGen       total 173568K, used 1428K [0x00000006c2800000, 0x00000006cd180000, 0x000000076b800000)
  object space 173568K, 0% used [0x00000006c2800000,0x00000006c2965060,0x00000006cd180000)
 Metaspace       used 8179K, capacity 8710K, committed 8960K, reserved 1056768K
  class space    used 651K, capacity 690K, committed 768K, reserved 1048576K
}
Event: 11.648 GC heap before
{Heap before GC invocations=141 (full 0):
 PSYoungGen      total 58368K, used 57984K [0x000000076b800000, 0x000000077a700000, 0x00000007c0000000)
  eden space 57856K, 100% used [0x000000076b800000,0x000000076f080000,0x000000076f080000)
  from space 512K, 25% used [0x000000077a680000,0x000000077a6a0000,0x000000077a700000)
  to   space 512K, 0% used [0x000000077a600000,0x000000077a600000,0x000000077a680000)
 ParOldGen       total 173568K, used 1428K [0x00000006c2800000, 0x00000006cd180000, 0x000000076b800000)
  object space 173568K, 0% used [0x00000006c2800000,0x00000006c2965060,0x00000006cd180000)
 Metaspace       used 8180K, capacity 8710K, committed 8960K, reserved 1056768K
  class space    used 651K, capacity 690K, committed 768K, reserved 1048576K
Event: 11.648 GC heap after
Heap after GC invocations=141 (full 0):
 PSYoungGen      total 57344K, used 96K [0x000000076b800000, 0x000000077a700000, 0x00000007c0000000)
  eden space 56832K, 0% used [0x000000076b800000,0x000000076b800000,0x000000076ef80000)
  from space 512K, 18% used [0x000000077a600000,0x000000077a618000,0x000000077a680000)
  to   space 512K, 0% used [0x000000077a680000,0x000000077a680000,0x000000077a700000)
 ParOldGen       total 173568K, used 1428K [0x00000006c2800000, 0x00000006cd180000, 0x000000076b800000)
  object space 173568K, 0% used [0x00000006c2800000,0x00000006c2965060,0x00000006cd180000)
 Metaspace       used 8180K, capacity 8710K, committed 8960K, reserved 1056768K
  class space    used 651K, capacity 690K, committed 768K, reserved 1048576K
}

