# JRE version: Java(TM) SE Runtime Environment (8.0_65-b17) (build 1.8.0_65-b17)
# Java VM: Java HotSpot(TM) 64-Bit Server VM (25.65-b01 mixed mode windows-amd64 compressed oops)
Heap:
 PSYoungGen      total 641536K, used 217543K [0x000000076b800000, 0x00000007bc180000, 0x00000007c0000000)
  eden space 641024K, 33% used [0x000000076b800000,0x0000000778c39ce8,0x0000000792a00000)
  from space 512K, 43% used [0x00000007bc100000,0x00000007bc138000,0x00000007bc180000)
  to   space 5120K, 0% used [0x00000007bb780000,0x00000007bb780000,0x00000007bbc80000)
 ParOldGen       total 173568K, used 22862K [0x00000006c2800000, 0x00000006cd180000, 0x000000076b800000)
  object space 173568K, 13% used [0x00000006c2800000,0x00000006c3e53968,0x00000006cd180000)
 Metaspace       used 8316K, capacity 8710K, committed 8960K, reserved 1056768K
  class space    used 654K, capacity 690K, committed 768K, reserved 1048576K
GC Heap History (10 events):
Event: 13.692 GC heap before
{Heap before GC invocations=24 (full 0):
 PSYoungGen      total 817152K, used 809696K [0x000000076b800000, 0x00000007bd280000, 0x00000007c0000000)
  eden space 809472K, 100% used [0x000000076b800000,0x000000079ce80000,0x000000079ce80000)
  from space 7680K, 2% used [0x00000007bc380000,0x00000007bc3b8000,0x00000007bcb00000)
  to   space 7168K, 0% used [0x00000007bcb80000,0x00000007bcb80000,0x00000007bd280000)
 ParOldGen       total 173568K, used 22846K [0x00000006c2800000, 0x00000006cd180000, 0x000000076b800000)
  object space 173568K, 13% used [0x00000006c2800000,0x00000006c3e4f968,0x00000006cd180000)
 Metaspace       used 8315K, capacity 8710K, committed 8960K, reserved 1056768K
  class space    used 654K, capacity 690K, committed 768K, reserved 1048576K
Event: 13.693 GC heap after
Heap after GC invocations=24 (full 0):
 PSYoungGen      total 772608K, used 224K [0x000000076b800000, 0x00000007bcc00000, 0x00000007c0000000)
  eden space 772096K, 0% used [0x000000076b800000,0x000000076b800000,0x000000079aa00000)
  from space 512K, 43% used [0x00000007bcb80000,0x00000007bcbb8000,0x00000007bcc00000)
  to   space 6656K, 0% used [0x00000007bbf00000,0x00000007bbf00000,0x00000007bc580000)
 ParOldGen       total 173568K, used 22854K [0x00000006c2800000, 0x00000006cd180000, 0x000000076b800000)
  object space 173568K, 13% used [0x00000006c2800000,0x00000006c3e51968,0x00000006cd180000)
 Metaspace       used 8315K, capacity 8710K, committed 8960K, reserved 1056768K
  class space    used 654K, capacity 690K, committed 768K, reserved 1048576K
}
Event: 14.283 GC heap before
{Heap before GC invocations=25 (full 0):
 PSYoungGen      total 772608K, used 772320K [0x000000076b800000, 0x00000007bcc00000, 0x00000007c0000000)
  eden space 772096K, 100% used [0x000000076b800000,0x000000079aa00000,0x000000079aa00000)
  from space 512K, 43% used [0x00000007bcb80000,0x00000007bcbb8000,0x00000007bcc00000)
  to   space 6656K, 0% used [0x00000007bbf00000,0x00000007bbf00000,0x00000007bc580000)
 ParOldGen       total 173568K, used 22854K [0x00000006c2800000, 0x00000006cd180000, 0x000000076b800000)
  object space 173568K, 13% used [0x00000006c2800000,0x00000006c3e51968,0x00000006cd180000)
 Metaspace       used 8316K, capacity 8710K, committed 8960K, reserved 1056768K
  class space    used 654K, capacity 690K, committed 768K, reserved 1048576K
Event: 14.284 GC heap after
Heap after GC invocations=25 (full 0):
 PSYoungGen      total 743424K, used 224K [0x000000076b800000, 0x00000007bcc00000, 0x00000007c0000000)
  eden space 736768K, 0% used [0x000000076b800000,0x000000076b800000,0x0000000798780000)
  from space 6656K, 3% used [0x00000007bbf00000,0x00000007bbf38000,0x00000007bc580000)
  to   space 6144K, 0% used [0x00000007bc600000,0x00000007bc600000,0x00000007bcc00000)
 ParOldGen       total 173568K, used 22854K [0x00000006c2800000, 0x00000006cd180000, 0x000000076b800000)
  object space 173568K, 13% used [0x00000006c2800000,0x00000006c3e51968,0x00000006cd180000)
 Metaspace       used 8316K, capacity 8710K, committed 8960K, reserved 1056768K
  class space    used 654K, capacity 690K, committed 768K, reserved 1048576K
}
Event: 14.869 GC heap before
{Heap before GC invocations=26 (full 0):
 PSYoungGen      total 743424K, used 736992K [0x000000076b800000, 0x00000007bcc00000, 0x00000007c0000000)
  eden space 736768K, 100% used [0x000000076b800000,0x0000000798780000,0x0000000798780000)
  from space 6656K, 3% used [0x00000007bbf00000,0x00000007bbf38000,0x00000007bc580000)
  to   space 6144K, 0% used [0x00000007bc600000,0x00000007bc600000,0x00000007bcc00000)
 ParOldGen       total 173568K, used 22854K [0x00000006c2800000, 0x00000006cd180000, 0x000000076b800000)
  object space 173568K, 13% used [0x00000006c2800000,0x00000006c3e51968,0x00000006cd180000)
 Metaspace       used 8316K, capacity 8710K, committed 8960K, reserved 1056768K
  class space    used 654K, capacity 690K, committed 768K, reserved 1048576K
Event: 14.869 GC heap after
Heap after GC invocations=26 (full 0):
 PSYoungGen      total 703488K, used 224K [0x000000076b800000, 0x00000007bc680000, 0x00000007c0000000)
  eden space 702976K, 0% used [0x000000076b800000,0x000000076b800000,0x0000000796680000)
  from space 512K, 43% used [0x00000007bc600000,0x00000007bc638000,0x00000007bc680000)
  to   space 5632K, 0% used [0x00000007bbb80000,0x00000007bbb80000,0x00000007bc100000)
 ParOldGen       total 173568K, used 22862K [0x00000006c2800000, 0x00000006cd180000, 0x000000076b800000)
  object space 173568K, 13% used [0x00000006c2800000,0x00000006c3e53968,0x00000006cd180000)
 Metaspace       used 8316K, capacity 8710K, committed 8960K, reserved 1056768K
  class space    used 654K, capacity 690K, committed 768K, reserved 1048576K
}
Event: 15.447 GC heap before
{Heap before GC invocations=27 (full 0):
 PSYoungGen      total 703488K, used 703200K [0x000000076b800000, 0x00000007bc680000, 0x00000007c0000000)
  eden space 702976K, 100% used [0x000000076b800000,0x0000000796680000,0x0000000796680000)
  from space 512K, 43% used [0x00000007bc600000,0x00000007bc638000,0x00000007bc680000)
  to   space 5632K, 0% used [0x00000007bbb80000,0x00000007bbb80000,0x00000007bc100000)
 ParOldGen       total 173568K, used 22862K [0x00000006c2800000, 0x00000006cd180000, 0x000000076b800000)
  object space 173568K, 13% used [0x00000006c2800000,0x00000006c3e53968,0x00000006cd180000)
 Metaspace       used 8316K, capacity 8710K, committed 8960K, reserved 1056768K
  class space    used 654K, capacity 690K, committed 768K, reserved 1048576K
Event: 15.447 GC heap after
Heap after GC invocations=27 (full 0):
 PSYoungGen      total 676864K, used 224K [0x000000076b800000, 0x00000007bc680000, 0x00000007c0000000)
  eden space 671232K, 0% used [0x000000076b800000,0x000000076b800000,0x0000000794780000)
  from space 5632K, 3% used [0x00000007bbb80000,0x00000007bbbb8000,0x00000007bc100000)
  to   space 5632K, 0% used [0x00000007bc100000,0x00000007bc100000,0x00000007bc680000)
 ParOldGen       total 173568K, used 22862K [0x00000006c2800000, 0x00000006cd180000, 0x000000076b800000)
  object space 173568K, 13% used [0x00000006c2800000,0x00000006c3e53968,0x00000006cd180000)
 Metaspace       used 8316K, capacity 8710K, committed 8960K, reserved 1056768K
  class space    used 654K, capacity 690K, committed 768K, reserved 1048576K
}
Event: 16.037 GC heap before
{Heap before GC invocations=28 (full 0):
 PSYoungGen      total 676864K, used 671456K [0x000000076b800000, 0x00000007bc680000, 0x00000007c0000000)
  eden space 671232K, 100% used [0x000000076b800000,0x0000000794780000,0x0000000794780000)
  from space 5632K, 3% used [0x00000007bbb80000,0x00000007bbbb8000,0x00000007bc100000)
  to   space 5632K, 0% used [0x00000007bc100000,0x00000007bc100000,0x00000007bc680000)
 ParOldGen       total 173568K, used 22862K [0x00000006c2800000, 0x00000006cd180000, 0x000000076b800000)
  object space 173568K, 13% used [0x00000006c2800000,0x00000006c3e53968,0x00000006cd180000)
 Metaspace       used 8316K, capacity 8710K, committed 8960K, reserved 1056768K
  class space    used 654K, capacity 690K, committed 768K, reserved 1048576K
Event: 16.038 GC heap after
Heap after GC invocations=28 (full 0):
 PSYoungGen      total 641536K, used 224K [0x000000076b800000, 0x00000007bc180000, 0x00000007c0000000)
  eden space 641024K, 0% used [0x000000076b800000,0x000000076b800000,0x0000000792a00000)
  from space 512K, 43% used [0x00000007bc100000,0x00000007bc138000,0x00000007bc180000)
  to   space 5120K, 0% used [0x00000007bb780000,0x00000007bb780000,0x00000007bbc80000)
 ParOldGen       total 173568K, used 22862K [0x00000006c2800000, 0x00000006cd180000, 0x000000076b800000)
  object space 173568K, 13% used [0x00000006c2800000,0x00000006c3e53968,0x00000006cd180000)
 Metaspace       used 8316K, capacity 8710K, committed 8960K, reserved 1056768K
  class space    used 654K, capacity 690K, committed 768K, reserved 1048576K
}

