# JRE version: Java(TM) SE Runtime Environment (8.0_65-b17) (build 1.8.0_65-b17)
# Java VM: Java HotSpot(TM) 64-Bit Server VM (25.65-b01 mixed mode windows-amd64 compressed oops)
Heap:
 PSYoungGen      total 1192960K, used 23977K [0x000000076b800000, 0x00000007bbd00000, 0x00000007c0000000)
  eden space 1192448K, 1% used [0x000000076b800000,0x000000076cf324b8,0x00000007b4480000)
  from space 512K, 43% used [0x00000007bbc80000,0x00000007bbcb8000,0x00000007bbd00000)
  to   space 8192K, 0% used [0x00000007bad00000,0x00000007bad00000,0x00000007bb500000)
 ParOldGen       total 173568K, used 14966K [0x00000006c2800000, 0x00000006cd180000, 0x000000076b800000)
  object space 173568K, 8% used [0x00000006c2800000,0x00000006c369d960,0x00000006cd180000)
 Metaspace       used 8339K, capacity 8710K, committed 8960K, reserved 1056768K
  class space    used 660K, capacity 690K, committed 768K, reserved 1048576K
GC Heap History (10 events):
Event: 1.538 GC heap before
{Heap before GC invocations=9 (full 0):
 PSYoungGen      total 516608K, used 516581K [0x000000076b800000, 0x000000078c600000, 0x00000007c0000000)
  eden space 513024K, 100% used [0x000000076b800000,0x000000078ad00000,0x000000078ad00000)
  from space 3584K, 99% used [0x000000078b680000,0x000000078b9f9460,0x000000078ba00000)
  to   space 9728K, 0% used [0x000000078ad00000,0x000000078ad00000,0x000000078b680000)
 ParOldGen       total 173568K, used 13746K [0x00000006c2800000, 0x00000006cd180000, 0x000000076b800000)
  object space 173568K, 7% used [0x00000006c2800000,0x00000006c356c950,0x00000006cd180000)
 Metaspace       used 8285K, capacity 8710K, committed 8960K, reserved 1056768K
  class space    used 660K, capacity 690K, committed 768K, reserved 1048576K
Event: 1.541 GC heap after
Heap after GC invocations=9 (full 0):
 PSYoungGen      total 522752K, used 896K [0x000000076b800000, 0x000000079ec00000, 0x00000007c0000000)
  eden space 513024K, 0% used [0x000000076b800000,0x000000076b800000,0x000000078ad00000)
  from space 9728K, 9% used [0x000000078ad00000,0x000000078ade0000,0x000000078b680000)
  to   space 9216K, 0% used [0x000000079e300000,0x000000079e300000,0x000000079ec00000)
 ParOldGen       total 173568K, used 14094K [0x00000006c2800000, 0x00000006cd180000, 0x000000076b800000)
  object space 173568K, 8% used [0x00000006c2800000,0x00000006c35c3960,0x00000006cd180000)
 Metaspace       used 8285K, capacity 8710K, committed 8960K, reserved 1056768K
  class space    used 660K, capacity 690K, committed 768K, reserved 1048576K
}
Event: 1.910 GC heap before
{Heap before GC invocations=10 (full 0):
 PSYoungGen      total 522752K, used 513920K [0x000000076b800000, 0x000000079ec00000, 0x00000007c0000000)
  eden space 513024K, 100% used [0x000000076b800000,0x000000078ad00000,0x000000078ad00000)
  from space 9728K, 9% used [0x000000078ad00000,0x000000078ade0000,0x000000078b680000)
  to   space 9216K, 0% used [0x000000079e300000,0x000000079e300000,0x000000079ec00000)
 ParOldGen       total 173568K, used 14094K [0x00000006c2800000, 0x00000006cd180000, 0x000000076b800000)
  object space 173568K, 8% used [0x00000006c2800000,0x00000006c35c3960,0x00000006cd180000)
 Metaspace       used 8295K, capacity 8710K, committed 8960K, reserved 1056768K
  class space    used 660K, capacity 690K, committed 768K, reserved 1048576K
Event: 1.912 GC heap after
Heap after GC invocations=10 (full 0):
 PSYoungGen      total 830464K, used 256K [0x000000076b800000, 0x000000079ec00000, 0x00000007c0000000)
  eden space 821248K, 0% used [0x000000076b800000,0x000000076b800000,0x000000079da00000)
  from space 9216K, 2% used [0x000000079e300000,0x000000079e340000,0x000000079ec00000)
  to   space 9216K, 0% used [0x000000079da00000,0x000000079da00000,0x000000079e300000)
 ParOldGen       total 173568K, used 14862K [0x00000006c2800000, 0x00000006cd180000, 0x000000076b800000)
  object space 173568K, 8% used [0x00000006c2800000,0x00000006c3683960,0x00000006cd180000)
 Metaspace       used 8295K, capacity 8710K, committed 8960K, reserved 1056768K
  class space    used 660K, capacity 690K, committed 768K, reserved 1048576K
}
Event: 2.535 GC heap before
{Heap before GC invocations=11 (full 0):
 PSYoungGen      total 830464K, used 821504K [0x000000076b800000, 0x000000079ec00000, 0x00000007c0000000)
  eden space 821248K, 100% used [0x000000076b800000,0x000000079da00000,0x000000079da00000)
  from space 9216K, 2% used [0x000000079e300000,0x000000079e340000,0x000000079ec00000)
  to   space 9216K, 0% used [0x000000079da00000,0x000000079da00000,0x000000079e300000)
 ParOldGen       total 173568K, used 14862K [0x00000006c2800000, 0x00000006cd180000, 0x000000076b800000)
  object space 173568K, 8% used [0x00000006c2800000,0x00000006c3683960,0x00000006cd180000)
 Metaspace       used 8320K, capacity 8710K, committed 8960K, reserved 1056768K
  class space    used 660K, capacity 690K, committed 768K, reserved 1048576K
Event: 2.536 GC heap after
Heap after GC invocations=11 (full 0):
 PSYoungGen      total 830464K, used 224K [0x000000076b800000, 0x00000007bcd80000, 0x00000007c0000000)
  eden space 821248K, 0% used [0x000000076b800000,0x000000076b800000,0x000000079da00000)
  from space 9216K, 2% used [0x000000079da00000,0x000000079da38000,0x000000079e300000)
  to   space 9216K, 0% used [0x00000007bc480000,0x00000007bc480000,0x00000007bcd80000)
 ParOldGen       total 173568K, used 14918K [0x00000006c2800000, 0x00000006cd180000, 0x000000076b800000)
  object space 173568K, 8% used [0x00000006c2800000,0x00000006c3691960,0x00000006cd180000)
 Metaspace       used 8320K, capacity 8710K, committed 8960K, reserved 1056768K
  class space    used 660K, capacity 690K, committed 768K, reserved 1048576K
}
Event: 3.162 GC heap before
{Heap before GC invocations=12 (full 0):
 PSYoungGen      total 830464K, used 821472K [0x000000076b800000, 0x00000007bcd80000, 0x00000007c0000000)
  eden space 821248K, 100% used [0x000000076b800000,0x000000079da00000,0x000000079da00000)
  from space 9216K, 2% used [0x000000079da00000,0x000000079da38000,0x000000079e300000)
  to   space 9216K, 0% used [0x00000007bc480000,0x00000007bc480000,0x00000007bcd80000)
 ParOldGen       total 173568K, used 14918K [0x00000006c2800000, 0x00000006cd180000, 0x000000076b800000)
  object space 173568K, 8% used [0x00000006c2800000,0x00000006c3691960,0x00000006cd180000)
 Metaspace       used 8328K, capacity 8710K, committed 8960K, reserved 1056768K
  class space    used 660K, capacity 690K, committed 768K, reserved 1048576K
Event: 3.163 GC heap after
Heap after GC invocations=12 (full 0):
 PSYoungGen      total 1322496K, used 224K [0x000000076b800000, 0x00000007bcc80000, 0x00000007c0000000)
  eden space 1314304K, 0% used [0x000000076b800000,0x000000076b800000,0x00000007bbb80000)
  from space 8192K, 2% used [0x00000007bc480000,0x00000007bc4b8000,0x00000007bcc80000)
  to   space 8704K, 0% used [0x00000007bbb80000,0x00000007bbb80000,0x00000007bc400000)
 ParOldGen       total 173568K, used 14942K [0x00000006c2800000, 0x00000006cd180000, 0x000000076b800000)
  object space 173568K, 8% used [0x00000006c2800000,0x00000006c3697960,0x00000006cd180000)
 Metaspace       used 8328K, capacity 8710K, committed 8960K, reserved 1056768K
  class space    used 660K, capacity 690K, committed 768K, reserved 1048576K
}
Event: 4.238 GC heap before
{Heap before GC invocations=13 (full 0):
 PSYoungGen      total 1322496K, used 1314528K [0x000000076b800000, 0x00000007bcc80000, 0x00000007c0000000)
  eden space 1314304K, 100% used [0x000000076b800000,0x00000007bbb80000,0x00000007bbb80000)
  from space 8192K, 2% used [0x00000007bc480000,0x00000007bc4b8000,0x00000007bcc80000)
  to   space 8704K, 0% used [0x00000007bbb80000,0x00000007bbb80000,0x00000007bc400000)
 ParOldGen       total 173568K, used 14942K [0x00000006c2800000, 0x00000006cd180000, 0x000000076b800000)
  object space 173568K, 8% used [0x00000006c2800000,0x00000006c3697960,0x00000006cd180000)
 Metaspace       used 8338K, capacity 8710K, committed 8960K, reserved 1056768K
  class space    used 660K, capacity 690K, committed 768K, reserved 1048576K
Event: 4.238 GC heap after
Heap after GC invocations=13 (full 0):
 PSYoungGen      total 1252352K, used 256K [0x000000076b800000, 0x00000007bc500000, 0x00000007c0000000)
  eden space 1251840K, 0% used [0x000000076b800000,0x000000076b800000,0x00000007b7e80000)
  from space 512K, 50% used [0x00000007bbb80000,0x00000007bbbc0000,0x00000007bbc00000)
  to   space 8704K, 0% used [0x00000007bbc80000,0x00000007bbc80000,0x00000007bc500000)
 ParOldGen       total 173568K, used 14942K [0x00000006c2800000, 0x00000006cd180000, 0x000000076b800000)
  object space 173568K, 8% used [0x00000006c2800000,0x00000006c3697960,0x00000006cd180000)
 Metaspace       used 8338K, capacity 8710K, committed 8960K, reserved 1056768K
  class space    used 660K, capacity 690K, committed 768K, reserved 1048576K
}

