# JRE version: Java(TM) SE Runtime Environment (8.0_65-b17) (build 1.8.0_65-b17)
# Java VM: Java HotSpot(TM) 64-Bit Server VM (25.65-b01 mixed mode windows-amd64 compressed oops)
Heap:
 PSYoungGen      total 116736K, used 53629K [0x000000076b800000, 0x00000007bc100000, 0x00000007c0000000)
  eden space 116224K, 46% used [0x000000076b800000,0x000000076ec37590,0x0000000772980000)
  from space 512K, 31% used [0x00000007bc000000,0x00000007bc028000,0x00000007bc080000)
  to   space 512K, 0% used [0x00000007bc080000,0x00000007bc080000,0x00000007bc100000)
 ParOldGen       total 173568K, used 21172K [0x00000006c2800000, 0x00000006cd180000, 0x000000076b800000)
  object space 173568K, 12% used [0x00000006c2800000,0x00000006c3cad2c8,0x00000006cd180000)
 Metaspace       used 8363K, capacity 8774K, committed 8960K, reserved 1056768K
  class space    used 660K, capacity 690K, committed 768K, reserved 1048576K
GC Heap History (10 events):
Event: 11.670 GC heap before
{Heap before GC invocations=65 (full 0):
 PSYoungGen      total 136704K, used 136352K [0x000000076b800000, 0x00000007bc100000, 0x00000007c0000000)
  eden space 136192K, 100% used [0x000000076b800000,0x0000000773d00000,0x0000000773d00000)
  from space 512K, 31% used [0x00000007bc080000,0x00000007bc0a8000,0x00000007bc100000)
  to   space 512K, 0% used [0x00000007bc000000,0x00000007bc000000,0x00000007bc080000)
 ParOldGen       total 173568K, used 21172K [0x00000006c2800000, 0x00000006cd180000, 0x000000076b800000)
  object space 173568K, 12% used [0x00000006c2800000,0x00000006c3cad2c8,0x00000006cd180000)
 Metaspace       used 8363K, capacity 8774K, committed 8960K, reserved 1056768K
  class space    used 660K, capacity 690K, committed 768K, reserved 1048576K
Event: 11.670 GC heap after
Heap after GC invocations=65 (full 0):
 PSYoungGen      total 132096K, used 192K [0x000000076b800000, 0x00000007bc100000, 0x00000007c0000000)
  eden space 131584K, 0% used [0x000000076b800000,0x000000076b800000,0x0000000773880000)
  from space 512K, 37% used [0x00000007bc000000,0x00000007bc030000,0x00000007bc080000)
  to   space 512K, 0% used [0x00000007bc080000,0x00000007bc080000,0x00000007bc100000)
 ParOldGen       total 173568K, used 21172K [0x00000006c2800000, 0x00000006cd180000, 0x000000076b800000)
  object space 173568K, 12% used [0x00000006c2800000,0x00000006c3cad2c8,0x00000006cd180000)
 Metaspace       used 8363K, capacity 8774K, committed 8960K, reserved 1056768K
  class space    used 660K, capacity 690K, committed 768K, reserved 1048576K
}
Event: 11.725 GC heap before
{Heap before GC invocations=66 (full 0):
 PSYoungGen      total 132096K, used 131776K [0x000000076b800000, 0x00000007bc100000, 0x00000007c0000000)
  eden space 131584K, 100% used [0x000000076b800000,0x0000000773880000,0x0000000773880000)
  from space 512K, 37% used [0x00000007bc000000,0x00000007bc030000,0x00000007bc080000)
  to   space 512K, 0% used [0x00000007bc080000,0x00000007bc080000,0x00000007bc100000)
 ParOldGen       total 173568K, used 21172K [0x00000006c2800000, 0x00000006cd180000, 0x000000076b800000)
  object space 173568K, 12% used [0x00000006c2800000,0x00000006c3cad2c8,0x00000006cd180000)
 Metaspace       used 8363K, capacity 8774K, committed 8960K, reserved 1056768K
  class space    used 660K, capacity 690K, committed 768K, reserved 1048576K
Event: 11.726 GC heap after
Heap after GC invocations=66 (full 0):
 PSYoungGen      total 128000K, used 192K [0x000000076b800000, 0x00000007bc100000, 0x00000007c0000000)
  eden space 127488K, 0% used [0x000000076b800000,0x000000076b800000,0x0000000773480000)
  from space 512K, 37% used [0x00000007bc080000,0x00000007bc0b0000,0x00000007bc100000)
  to   space 512K, 0% used [0x00000007bc000000,0x00000007bc000000,0x00000007bc080000)
 ParOldGen       total 173568K, used 21172K [0x00000006c2800000, 0x00000006cd180000, 0x000000076b800000)
  object space 173568K, 12% used [0x00000006c2800000,0x00000006c3cad2c8,0x00000006cd180000)
 Metaspace       used 8363K, capacity 8774K, committed 8960K, reserved 1056768K
  class space    used 660K, capacity 690K, committed 768K, reserved 1048576K
}
Event: 11.779 GC heap before
{Heap before GC invocations=67 (full 0):
 PSYoungGen      total 128000K, used 127680K [0x000000076b800000, 0x00000007bc100000, 0x00000007c0000000)
  eden space 127488K, 100% used [0x000000076b800000,0x0000000773480000,0x0000000773480000)
  from space 512K, 37% used [0x00000007bc080000,0x00000007bc0b0000,0x00000007bc100000)
  to   space 512K, 0% used [0x00000007bc000000,0x00000007bc000000,0x00000007bc080000)
 ParOldGen       total 173568K, used 21172K [0x00000006c2800000, 0x00000006cd180000, 0x000000076b800000)
  object space 173568K, 12% used [0x00000006c2800000,0x00000006c3cad2c8,0x00000006cd180000)
 Metaspace       used 8363K, capacity 8774K, committed 8960K, reserved 1056768K
  class space    used 660K, capacity 690K, committed 768K, reserved 1048576K
Event: 11.779 GC heap after
Heap after GC invocations=67 (full 0):
 PSYoungGen      total 123904K, used 192K [0x000000076b800000, 0x00000007bc100000, 0x00000007c0000000)
  eden space 123392K, 0% used [0x000000076b800000,0x000000076b800000,0x0000000773080000)
  from space 512K, 37% used [0x00000007bc000000,0x00000007bc030000,0x00000007bc080000)
  to   space 512K, 0% used [0x00000007bc080000,0x00000007bc080000,0x00000007bc100000)
 ParOldGen       total 173568K, used 21172K [0x00000006c2800000, 0x00000006cd180000, 0x000000076b800000)
  object space 173568K, 12% used [0x00000006c2800000,0x00000006c3cad2c8,0x00000006cd180000)
 Metaspace       used 8363K, capacity 8774K, committed 8960K, reserved 1056768K
  class space    used 660K, capacity 690K, committed 768K, reserved 1048576K
}
Event: 11.833 GC heap before
{Heap before GC invocations=68 (full 0):
 PSYoungGen      total 123904K, used 123584K [0x000000076b800000, 0x00000007bc100000, 0x00000007c0000000)
  eden space 123392K, 100% used [0x000000076b800000,0x0000000773080000,0x0000000773080000)
  from space 512K, 37% used [0x00000007bc000000,0x00000007bc030000,0x00000007bc080000)
  to   space 512K, 0% used [0x00000007bc080000,0x00000007bc080000,0x00000007bc100000)
 ParOldGen       total 173568K, used 21172K [0x00000006c2800000, 0x00000006cd180000, 0x000000076b800000)
  object space 173568K, 12% used [0x00000006c2800000,0x00000006c3cad2c8,0x00000006cd180000)
 Metaspace       used 8363K, capacity 8774K, committed 8960K, reserved 1056768K
  class space    used 660K, capacity 690K, committed 768K, reserved 1048576K
Event: 11.834 GC heap after
Heap after GC invocations=68 (full 0):
 PSYoungGen      total 120320K, used 224K [0x000000076b800000, 0x00000007bc100000, 0x00000007c0000000)
  eden space 119808K, 0% used [0x000000076b800000,0x000000076b800000,0x0000000772d00000)
  from space 512K, 43% used [0x00000007bc080000,0x00000007bc0b8000,0x00000007bc100000)
  to   space 512K, 0% used [0x00000007bc000000,0x00000007bc000000,0x00000007bc080000)
 ParOldGen       total 173568K, used 21172K [0x00000006c2800000, 0x00000006cd180000, 0x000000076b800000)
  object space 173568K, 12% used [0x00000006c2800000,0x00000006c3cad2c8,0x00000006cd180000)
 Metaspace       used 8363K, capacity 8774K, committed 8960K, reserved 1056768K
  class space    used 660K, capacity 690K, committed 768K, reserved 1048576K
}
Event: 11.885 GC heap before
{Heap before GC invocations=69 (full 0):
 PSYoungGen      total 120320K, used 120032K [0x000000076b800000, 0x00000007bc100000, 0x00000007c0000000)
  eden space 119808K, 100% used [0x000000076b800000,0x0000000772d00000,0x0000000772d00000)
  from space 512K, 43% used [0x00000007bc080000,0x00000007bc0b8000,0x00000007bc100000)
  to   space 512K, 0% used [0x00000007bc000000,0x00000007bc000000,0x00000007bc080000)
 ParOldGen       total 173568K, used 21172K [0x00000006c2800000, 0x00000006cd180000, 0x000000076b800000)
  object space 173568K, 12% used [0x00000006c2800000,0x00000006c3cad2c8,0x00000006cd180000)
 Metaspace       used 8363K, capacity 8774K, committed 8960K, reserved 1056768K
  class space    used 660K, capacity 690K, committed 768K, reserved 1048576K
Event: 11.885 GC heap after
Heap after GC invocations=69 (full 0):
 PSYoungGen      total 116736K, used 160K [0x000000076b800000, 0x00000007bc100000, 0x00000007c0000000)
  eden space 116224K, 0% used [0x000000076b800000,0x000000076b800000,0x0000000772980000)
  from space 512K, 31% used [0x00000007bc000000,0x00000007bc028000,0x00000007bc080000)
  to   space 512K, 0% used [0x00000007bc080000,0x00000007bc080000,0x00000007bc100000)
 ParOldGen       total 173568K, used 21172K [0x00000006c2800000, 0x00000006cd180000, 0x000000076b800000)
  object space 173568K, 12% used [0x00000006c2800000,0x00000006c3cad2c8,0x00000006cd180000)
 Metaspace       used 8363K, capacity 8774K, committed 8960K, reserved 1056768K
  class space    used 660K, capacity 690K, committed 768K, reserved 1048576K
}

