# JRE version: Java(TM) SE Runtime Environment (8.0_65-b17) (build 1.8.0_65-b17)
# Java VM: Java HotSpot(TM) 64-Bit Server VM (25.65-b01 mixed mode windows-amd64 compressed oops)
Heap:
 PSYoungGen      total 134656K, used 83973K [0x000000076b800000, 0x000000078a280000, 0x00000007c0000000)
  eden space 134144K, 62% used [0x000000076b800000,0x00000007709f97b8,0x0000000773b00000)
  from space 512K, 6% used [0x000000078a200000,0x000000078a208000,0x000000078a280000)
  to   space 512K, 0% used [0x000000078a180000,0x000000078a180000,0x000000078a200000)
 ParOldGen       total 173568K, used 1625K [0x00000006c2800000, 0x00000006cd180000, 0x000000076b800000)
  object space 173568K, 0% used [0x00000006c2800000,0x00000006c2996498,0x00000006cd180000)
 Metaspace       used 7976K, capacity 8550K, committed 8704K, reserved 1056768K
  class space    used 642K, capacity 658K, committed 768K, reserved 1048576K
GC Heap History (10 events):
Event: 12.132 GC heap before
{Heap before GC invocations=226 (full 0):
 PSYoungGen      total 159232K, used 158784K [0x000000076b800000, 0x000000078a280000, 0x00000007c0000000)
  eden space 158720K, 100% used [0x000000076b800000,0x0000000775300000,0x0000000775300000)
  from space 512K, 12% used [0x000000078a180000,0x000000078a190000,0x000000078a200000)
  to   space 512K, 0% used [0x000000078a200000,0x000000078a200000,0x000000078a280000)
 ParOldGen       total 173568K, used 1617K [0x00000006c2800000, 0x00000006cd180000, 0x000000076b800000)
  object space 173568K, 0% used [0x00000006c2800000,0x00000006c2994498,0x00000006cd180000)
 Metaspace       used 7976K, capacity 8550K, committed 8704K, reserved 1056768K
  class space    used 642K, capacity 658K, committed 768K, reserved 1048576K
Event: 12.132 GC heap after
Heap after GC invocations=226 (full 0):
 PSYoungGen      total 154112K, used 96K [0x000000076b800000, 0x000000078a280000, 0x00000007c0000000)
  eden space 153600K, 0% used [0x000000076b800000,0x000000076b800000,0x0000000774e00000)
  from space 512K, 18% used [0x000000078a200000,0x000000078a218000,0x000000078a280000)
  to   space 512K, 0% used [0x000000078a180000,0x000000078a180000,0x000000078a200000)
 ParOldGen       total 173568K, used 1617K [0x00000006c2800000, 0x00000006cd180000, 0x000000076b800000)
  object space 173568K, 0% used [0x00000006c2800000,0x00000006c2994498,0x00000006cd180000)
 Metaspace       used 7976K, capacity 8550K, committed 8704K, reserved 1056768K
  class space    used 642K, capacity 658K, committed 768K, reserved 1048576K
}
Event: 12.199 GC heap before
{Heap before GC invocations=227 (full 0):
 PSYoungGen      total 154112K, used 153696K [0x000000076b800000, 0x000000078a280000, 0x00000007c0000000)
  eden space 153600K, 100% used [0x000000076b800000,0x0000000774e00000,0x0000000774e00000)
  from space 512K, 18% used [0x000000078a200000,0x000000078a218000,0x000000078a280000)
  to   space 512K, 0% used [0x000000078a180000,0x000000078a180000,0x000000078a200000)
 ParOldGen       total 173568K, used 1617K [0x00000006c2800000, 0x00000006cd180000, 0x000000076b800000)
  object space 173568K, 0% used [0x00000006c2800000,0x00000006c2994498,0x00000006cd180000)
 Metaspace       used 7976K, capacity 8550K, committed 8704K, reserved 1056768K
  class space    used 642K, capacity 658K, committed 768K, reserved 1048576K
Event: 12.199 GC heap after
Heap after GC invocations=227 (full 0):
 PSYoungGen      total 148992K, used 64K [0x000000076b800000, 0x000000078a280000, 0x00000007c0000000)
  eden space 148480K, 0% used [0x000000076b800000,0x000000076b800000,0x0000000774900000)
  from space 512K, 12% used [0x000000078a180000,0x000000078a190000,0x000000078a200000)
  to   space 512K, 0% used [0x000000078a200000,0x000000078a200000,0x000000078a280000)
 ParOldGen       total 173568K, used 1617K [0x00000006c2800000, 0x00000006cd180000, 0x000000076b800000)
  object space 173568K, 0% used [0x00000006c2800000,0x00000006c2994498,0x00000006cd180000)
 Metaspace       used 7976K, capacity 8550K, committed 8704K, reserved 1056768K
  class space    used 642K, capacity 658K, committed 768K, reserved 1048576K
}
Event: 12.261 GC heap before
{Heap before GC invocations=228 (full 0):
 PSYoungGen      total 148992K, used 148544K [0x000000076b800000, 0x000000078a280000, 0x00000007c0000000)
  eden space 148480K, 100% used [0x000000076b800000,0x0000000774900000,0x0000000774900000)
  from space 512K, 12% used [0x000000078a180000,0x000000078a190000,0x000000078a200000)
  to   space 512K, 0% used [0x000000078a200000,0x000000078a200000,0x000000078a280000)
 ParOldGen       total 173568K, used 1617K [0x00000006c2800000, 0x00000006cd180000, 0x000000076b800000)
  object space 173568K, 0% used [0x00000006c2800000,0x00000006c2994498,0x00000006cd180000)
 Metaspace       used 7976K, capacity 8550K, committed 8704K, reserved 1056768K
  class space    used 642K, capacity 658K, committed 768K, reserved 1048576K
Event: 12.261 GC heap after
Heap after GC invocations=228 (full 0):
 PSYoungGen      total 143872K, used 64K [0x000000076b800000, 0x000000078a280000, 0x00000007c0000000)
  eden space 143360K, 0% used [0x000000076b800000,0x000000076b800000,0x0000000774400000)
  from space 512K, 12% used [0x000000078a200000,0x000000078a210000,0x000000078a280000)
  to   space 512K, 0% used [0x000000078a180000,0x000000078a180000,0x000000078a200000)
 ParOldGen       total 173568K, used 1617K [0x00000006c2800000, 0x00000006cd180000, 0x000000076b800000)
  object space 173568K, 0% used [0x00000006c2800000,0x00000006c2994498,0x00000006cd180000)
 Metaspace       used 7976K, capacity 8550K, committed 8704K, reserved 1056768K
  class space    used 642K, capacity 658K, committed 768K, reserved 1048576K
}
Event: 12.321 GC heap before
{Heap before GC invocations=229 (full 0):
 PSYoungGen      total 143872K, used 143424K [0x000000076b800000, 0x000000078a280000, 0x00000007c0000000)
  eden space 143360K, 100% used [0x000000076b800000,0x0000000774400000,0x0000000774400000)
  from space 512K, 12% used [0x000000078a200000,0x000000078a210000,0x000000078a280000)
  to   space 512K, 0% used [0x000000078a180000,0x000000078a180000,0x000000078a200000)
 ParOldGen       total 173568K, used 1617K [0x00000006c2800000, 0x00000006cd180000, 0x000000076b800000)
  object space 173568K, 0% used [0x00000006c2800000,0x00000006c2994498,0x00000006cd180000)
 Metaspace       used 7976K, capacity 8550K, committed 8704K, reserved 1056768K
  class space    used 642K, capacity 658K, committed 768K, reserved 1048576K
Event: 12.322 GC heap after
Heap after GC invocations=229 (full 0):
 PSYoungGen      total 139264K, used 64K [0x000000076b800000, 0x000000078a280000, 0x00000007c0000000)
  eden space 138752K, 0% used [0x000000076b800000,0x000000076b800000,0x0000000773f80000)
  from space 512K, 12% used [0x000000078a180000,0x000000078a190000,0x000000078a200000)
  to   space 512K, 0% used [0x000000078a200000,0x000000078a200000,0x000000078a280000)
 ParOldGen       total 173568K, used 1625K [0x00000006c2800000, 0x00000006cd180000, 0x000000076b800000)
  object space 173568K, 0% used [0x00000006c2800000,0x00000006c2996498,0x00000006cd180000)
 Metaspace       used 7976K, capacity 8550K, committed 8704K, reserved 1056768K
  class space    used 642K, capacity 658K, committed 768K, reserved 1048576K
}
Event: 12.379 GC heap before
{Heap before GC invocations=230 (full 0):
 PSYoungGen      total 139264K, used 138816K [0x000000076b800000, 0x000000078a280000, 0x00000007c0000000)
  eden space 138752K, 100% used [0x000000076b800000,0x0000000773f80000,0x0000000773f80000)
  from space 512K, 12% used [0x000000078a180000,0x000000078a190000,0x000000078a200000)
  to   space 512K, 0% used [0x000000078a200000,0x000000078a200000,0x000000078a280000)
 ParOldGen       total 173568K, used 1625K [0x00000006c2800000, 0x00000006cd180000, 0x000000076b800000)
  object space 173568K, 0% used [0x00000006c2800000,0x00000006c2996498,0x00000006cd180000)
 Metaspace       used 7976K, capacity 8550K, committed 8704K, reserved 1056768K
  class space    used 642K, capacity 658K, committed 768K, reserved 1048576K
Event: 12.379 GC heap after
Heap after GC invocations=230 (full 0):
 PSYoungGen      total 134656K, used 32K [0x000000076b800000, 0x000000078a280000, 0x00000007c0000000)
  eden space 134144K, 0% used [0x000000076b800000,0x000000076b800000,0x0000000773b00000)
  from space 512K, 6% used [0x000000078a200000,0x000000078a208000,0x000000078a280000)
  to   space 512K, 0% used [0x000000078a180000,0x000000078a180000,0x000000078a200000)
 ParOldGen       total 173568K, used 1625K [0x00000006c2800000, 0x00000006cd180000, 0x000000076b800000)
  object space 173568K, 0% used [0x00000006c2800000,0x00000006c2996498,0x00000006cd180000)
 Metaspace       used 7976K, capacity 8550K, committed 8704K, reserved 1056768K
  class space    used 642K, capacity 658K, committed 768K, reserved 1048576K
}

