# JRE version: Java(TM) SE Runtime Environment (8.0_65-b17) (build 1.8.0_65-b17)
# Java VM: Java HotSpot(TM) 64-Bit Server VM (25.65-b01 mixed mode windows-amd64 compressed oops)
Heap:
 PSYoungGen      total 685568K, used 423645K [0x000000076b800000, 0x00000007bcd80000, 0x00000007c0000000)
  eden space 685056K, 61% used [0x000000076b800000,0x000000078557f690,0x0000000795500000)
  from space 512K, 43% used [0x00000007bcd00000,0x00000007bcd38000,0x00000007bcd80000)
  to   space 8192K, 0% used [0x00000007bbd80000,0x00000007bbd80000,0x00000007bc580000)
 ParOldGen       total 173568K, used 31729K [0x00000006c2800000, 0x00000006cd180000, 0x000000076b800000)
  object space 173568K, 18% used [0x00000006c2800000,0x00000006c46fc4d0,0x00000006cd180000)
 Metaspace       used 8359K, capacity 8774K, committed 8960K, reserved 1056768K
  class space    used 659K, capacity 690K, committed 768K, reserved 1048576K
GC Heap History (10 events):
Event: 7.312 GC heap before
{Heap before GC invocations=20 (full 0):
 PSYoungGen      total 877568K, used 866528K [0x000000076b800000, 0x00000007be880000, 0x00000007c0000000)
  eden space 866304K, 100% used [0x000000076b800000,0x00000007a0600000,0x00000007a0600000)
  from space 11264K, 1% used [0x00000007bd280000,0x00000007bd2b8000,0x00000007bdd80000)
  to   space 10752K, 0% used [0x00000007bde00000,0x00000007bde00000,0x00000007be880000)
 ParOldGen       total 173568K, used 31697K [0x00000006c2800000, 0x00000006cd180000, 0x000000076b800000)
  object space 173568K, 18% used [0x00000006c2800000,0x00000006c46f44d0,0x00000006cd180000)
 Metaspace       used 8343K, capacity 8710K, committed 8960K, reserved 1056768K
  class space    used 659K, capacity 690K, committed 768K, reserved 1048576K
Event: 7.313 GC heap after
Heap after GC invocations=20 (full 0):
 PSYoungGen      total 826880K, used 224K [0x000000076b800000, 0x00000007bde80000, 0x00000007c0000000)
  eden space 826368K, 0% used [0x000000076b800000,0x000000076b800000,0x000000079df00000)
  from space 512K, 43% used [0x00000007bde00000,0x00000007bde38000,0x00000007bde80000)
  to   space 10240K, 0% used [0x00000007bca80000,0x00000007bca80000,0x00000007bd480000)
 ParOldGen       total 173568K, used 31729K [0x00000006c2800000, 0x00000006cd180000, 0x000000076b800000)
  object space 173568K, 18% used [0x00000006c2800000,0x00000006c46fc4d0,0x00000006cd180000)
 Metaspace       used 8343K, capacity 8710K, committed 8960K, reserved 1056768K
  class space    used 659K, capacity 690K, committed 768K, reserved 1048576K
}
Event: 7.951 GC heap before
{Heap before GC invocations=21 (full 0):
 PSYoungGen      total 826880K, used 826592K [0x000000076b800000, 0x00000007bde80000, 0x00000007c0000000)
  eden space 826368K, 100% used [0x000000076b800000,0x000000079df00000,0x000000079df00000)
  from space 512K, 43% used [0x00000007bde00000,0x00000007bde38000,0x00000007bde80000)
  to   space 10240K, 0% used [0x00000007bca80000,0x00000007bca80000,0x00000007bd480000)
 ParOldGen       total 173568K, used 31729K [0x00000006c2800000, 0x00000006cd180000, 0x000000076b800000)
  object space 173568K, 18% used [0x00000006c2800000,0x00000006c46fc4d0,0x00000006cd180000)
 Metaspace       used 8357K, capacity 8774K, committed 8960K, reserved 1056768K
  class space    used 659K, capacity 690K, committed 768K, reserved 1048576K
Event: 7.952 GC heap after
Heap after GC invocations=21 (full 0):
 PSYoungGen      total 798720K, used 224K [0x000000076b800000, 0x00000007bde80000, 0x00000007c0000000)
  eden space 788480K, 0% used [0x000000076b800000,0x000000076b800000,0x000000079ba00000)
  from space 10240K, 2% used [0x00000007bca80000,0x00000007bcab8000,0x00000007bd480000)
  to   space 9728K, 0% used [0x00000007bd500000,0x00000007bd500000,0x00000007bde80000)
 ParOldGen       total 173568K, used 31729K [0x00000006c2800000, 0x00000006cd180000, 0x000000076b800000)
  object space 173568K, 18% used [0x00000006c2800000,0x00000006c46fc4d0,0x00000006cd180000)
 Metaspace       used 8357K, capacity 8774K, committed 8960K, reserved 1056768K
  class space    used 659K, capacity 690K, committed 768K, reserved 1048576K
}
Event: 8.541 GC heap before
{Heap before GC invocations=22 (full 0):
 PSYoungGen      total 798720K, used 788704K [0x000000076b800000, 0x00000007bde80000, 0x00000007c0000000)
  eden space 788480K, 100% used [0x000000076b800000,0x000000079ba00000,0x000000079ba00000)
  from space 10240K, 2% used [0x00000007bca80000,0x00000007bcab8000,0x00000007bd480000)
  to   space 9728K, 0% used [0x00000007bd500000,0x00000007bd500000,0x00000007bde80000)
 ParOldGen       total 173568K, used 31729K [0x00000006c2800000, 0x00000006cd180000, 0x000000076b800000)
  object space 173568K, 18% used [0x00000006c2800000,0x00000006c46fc4d0,0x00000006cd180000)
 Metaspace       used 8357K, capacity 8774K, committed 8960K, reserved 1056768K
  class space    used 659K, capacity 690K, committed 768K, reserved 1048576K
Event: 8.542 GC heap after
Heap after GC invocations=22 (full 0):
 PSYoungGen      total 752640K, used 224K [0x000000076b800000, 0x00000007bd580000, 0x00000007c0000000)
  eden space 752128K, 0% used [0x000000076b800000,0x000000076b800000,0x0000000799680000)
  from space 512K, 43% used [0x00000007bd500000,0x00000007bd538000,0x00000007bd580000)
  to   space 9216K, 0% used [0x00000007bc380000,0x00000007bc380000,0x00000007bcc80000)
 ParOldGen       total 173568K, used 31729K [0x00000006c2800000, 0x00000006cd180000, 0x000000076b800000)
  object space 173568K, 18% used [0x00000006c2800000,0x00000006c46fc4d0,0x00000006cd180000)
 Metaspace       used 8357K, capacity 8774K, committed 8960K, reserved 1056768K
  class space    used 659K, capacity 690K, committed 768K, reserved 1048576K
}
Event: 9.097 GC heap before
{Heap before GC invocations=23 (full 0):
 PSYoungGen      total 752640K, used 752352K [0x000000076b800000, 0x00000007bd580000, 0x00000007c0000000)
  eden space 752128K, 100% used [0x000000076b800000,0x0000000799680000,0x0000000799680000)
  from space 512K, 43% used [0x00000007bd500000,0x00000007bd538000,0x00000007bd580000)
  to   space 9216K, 0% used [0x00000007bc380000,0x00000007bc380000,0x00000007bcc80000)
 ParOldGen       total 173568K, used 31729K [0x00000006c2800000, 0x00000006cd180000, 0x000000076b800000)
  object space 173568K, 18% used [0x00000006c2800000,0x00000006c46fc4d0,0x00000006cd180000)
 Metaspace       used 8357K, capacity 8774K, committed 8960K, reserved 1056768K
  class space    used 659K, capacity 690K, committed 768K, reserved 1048576K
Event: 9.097 GC heap after
Heap after GC invocations=23 (full 0):
 PSYoungGen      total 727040K, used 224K [0x000000076b800000, 0x00000007bd580000, 0x00000007c0000000)
  eden space 717824K, 0% used [0x000000076b800000,0x000000076b800000,0x0000000797500000)
  from space 9216K, 2% used [0x00000007bc380000,0x00000007bc3b8000,0x00000007bcc80000)
  to   space 8704K, 0% used [0x00000007bcd00000,0x00000007bcd00000,0x00000007bd580000)
 ParOldGen       total 173568K, used 31729K [0x00000006c2800000, 0x00000006cd180000, 0x000000076b800000)
  object space 173568K, 18% used [0x00000006c2800000,0x00000006c46fc4d0,0x00000006cd180000)
 Metaspace       used 8357K, capacity 8774K, committed 8960K, reserved 1056768K
  class space    used 659K, capacity 690K, committed 768K, reserved 1048576K
}
Event: 9.641 GC heap before
{Heap before GC invocations=24 (full 0):
 PSYoungGen      total 727040K, used 718048K [0x000000076b800000, 0x00000007bd580000, 0x00000007c0000000)
  eden space 717824K, 100% used [0x000000076b800000,0x0000000797500000,0x0000000797500000)
  from space 9216K, 2% used [0x00000007bc380000,0x00000007bc3b8000,0x00000007bcc80000)
  to   space 8704K, 0% used [0x00000007bcd00000,0x00000007bcd00000,0x00000007bd580000)
 ParOldGen       total 173568K, used 31729K [0x00000006c2800000, 0x00000006cd180000, 0x000000076b800000)
  object space 173568K, 18% used [0x00000006c2800000,0x00000006c46fc4d0,0x00000006cd180000)
 Metaspace       used 8357K, capacity 8774K, committed 8960K, reserved 1056768K
  class space    used 659K, capacity 690K, committed 768K, reserved 1048576K
Event: 9.642 GC heap after
Heap after GC invocations=24 (full 0):
 PSYoungGen      total 685568K, used 224K [0x000000076b800000, 0x00000007bcd80000, 0x00000007c0000000)
  eden space 685056K, 0% used [0x000000076b800000,0x000000076b800000,0x0000000795500000)
  from space 512K, 43% used [0x00000007bcd00000,0x00000007bcd38000,0x00000007bcd80000)
  to   space 8192K, 0% used [0x00000007bbd80000,0x00000007bbd80000,0x00000007bc580000)
 ParOldGen       total 173568K, used 31729K [0x00000006c2800000, 0x00000006cd180000, 0x000000076b800000)
  object space 173568K, 18% used [0x00000006c2800000,0x00000006c46fc4d0,0x00000006cd180000)
 Metaspace       used 8357K, capacity 8774K, committed 8960K, reserved 1056768K
  class space    used 659K, capacity 690K, committed 768K, reserved 1048576K
}

