# JRE version: Java(TM) SE Runtime Environment (8.0_65-b17) (build 1.8.0_65-b17)
# Java VM: Java HotSpot(TM) 64-Bit Server VM (25.65-b01 mixed mode windows-amd64 compressed oops)
Heap:
 PSYoungGen      total 144384K, used 53777K [0x000000076b800000, 0x000000077ab00000, 0x00000007c0000000)
  eden space 143872K, 37% used [0x000000076b800000,0x000000076ec747f0,0x0000000774480000)
  from space 512K, 12% used [0x000000077aa80000,0x000000077aa90000,0x000000077ab00000)
  to   space 2048K, 0% used [0x000000077a700000,0x000000077a700000,0x000000077a900000)
 ParOldGen       total 173568K, used 1546K [0x00000006c2800000, 0x00000006cd180000, 0x000000076b800000)
  object space 173568K, 0% used [0x00000006c2800000,0x00000006c29829a8,0x00000006cd180000)
 Metaspace       used 8226K, capacity 8646K, committed 8960K, reserved 1056768K
  class space    used 655K, capacity 690K, committed 768K, reserved 1048576K
GC Heap History (10 events):
Event: 2.930 GC heap before
{Heap before GC invocations=18 (full 0):
 PSYoungGen      total 173568K, used 171616K [0x000000076b800000, 0x000000077af80000, 0x00000007c0000000)
  eden space 171520K, 100% used [0x000000076b800000,0x0000000775f80000,0x0000000775f80000)
  from space 2048K, 4% used [0x000000077ab80000,0x000000077ab98000,0x000000077ad80000)
  to   space 2048K, 0% used [0x000000077ad80000,0x000000077ad80000,0x000000077af80000)
 ParOldGen       total 173568K, used 1498K [0x00000006c2800000, 0x00000006cd180000, 0x000000076b800000)
  object space 173568K, 0% used [0x00000006c2800000,0x00000006c29769a8,0x00000006cd180000)
 Metaspace       used 8221K, capacity 8646K, committed 8960K, reserved 1056768K
  class space    used 655K, capacity 690K, committed 768K, reserved 1048576K
Event: 2.930 GC heap after
Heap after GC invocations=18 (full 0):
 PSYoungGen      total 165888K, used 224K [0x000000076b800000, 0x000000077ae00000, 0x00000007c0000000)
  eden space 165376K, 0% used [0x000000076b800000,0x000000076b800000,0x0000000775980000)
  from space 512K, 43% used [0x000000077ad80000,0x000000077adb8000,0x000000077ae00000)
  to   space 2048K, 0% used [0x000000077aa00000,0x000000077aa00000,0x000000077ac00000)
 ParOldGen       total 173568K, used 1498K [0x00000006c2800000, 0x00000006cd180000, 0x000000076b800000)
  object space 173568K, 0% used [0x00000006c2800000,0x00000006c29769a8,0x00000006cd180000)
 Metaspace       used 8221K, capacity 8646K, committed 8960K, reserved 1056768K
  class space    used 655K, capacity 690K, committed 768K, reserved 1048576K
}
Event: 3.093 GC heap before
{Heap before GC invocations=19 (full 0):
 PSYoungGen      total 165888K, used 165600K [0x000000076b800000, 0x000000077ae00000, 0x00000007c0000000)
  eden space 165376K, 100% used [0x000000076b800000,0x0000000775980000,0x0000000775980000)
  from space 512K, 43% used [0x000000077ad80000,0x000000077adb8000,0x000000077ae00000)
  to   space 2048K, 0% used [0x000000077aa00000,0x000000077aa00000,0x000000077ac00000)
 ParOldGen       total 173568K, used 1498K [0x00000006c2800000, 0x00000006cd180000, 0x000000076b800000)
  object space 173568K, 0% used [0x00000006c2800000,0x00000006c29769a8,0x00000006cd180000)
 Metaspace       used 8226K, capacity 8646K, committed 8960K, reserved 1056768K
  class space    used 655K, capacity 690K, committed 768K, reserved 1048576K
Event: 3.093 GC heap after
Heap after GC invocations=19 (full 0):
 PSYoungGen      total 161792K, used 192K [0x000000076b800000, 0x000000077ae00000, 0x00000007c0000000)
  eden space 159744K, 0% used [0x000000076b800000,0x000000076b800000,0x0000000775400000)
  from space 2048K, 9% used [0x000000077aa00000,0x000000077aa30000,0x000000077ac00000)
  to   space 2048K, 0% used [0x000000077ac00000,0x000000077ac00000,0x000000077ae00000)
 ParOldGen       total 173568K, used 1506K [0x00000006c2800000, 0x00000006cd180000, 0x000000076b800000)
  object space 173568K, 0% used [0x00000006c2800000,0x00000006c29789a8,0x00000006cd180000)
 Metaspace       used 8226K, capacity 8646K, committed 8960K, reserved 1056768K
  class space    used 655K, capacity 690K, committed 768K, reserved 1048576K
}
Event: 3.231 GC heap before
{Heap before GC invocations=20 (full 0):
 PSYoungGen      total 161792K, used 159936K [0x000000076b800000, 0x000000077ae00000, 0x00000007c0000000)
  eden space 159744K, 100% used [0x000000076b800000,0x0000000775400000,0x0000000775400000)
  from space 2048K, 9% used [0x000000077aa00000,0x000000077aa30000,0x000000077ac00000)
  to   space 2048K, 0% used [0x000000077ac00000,0x000000077ac00000,0x000000077ae00000)
 ParOldGen       total 173568K, used 1506K [0x00000006c2800000, 0x00000006cd180000, 0x000000076b800000)
  object space 173568K, 0% used [0x00000006c2800000,0x00000006c29789a8,0x00000006cd180000)
 Metaspace       used 8226K, capacity 8646K, committed 8960K, reserved 1056768K
  class space    used 655K, capacity 690K, committed 768K, reserved 1048576K
Event: 3.231 GC heap after
Heap after GC invocations=20 (full 0):
 PSYoungGen      total 154624K, used 160K [0x000000076b800000, 0x000000077ac80000, 0x00000007c0000000)
  eden space 154112K, 0% used [0x000000076b800000,0x000000076b800000,0x0000000774e80000)
  from space 512K, 31% used [0x000000077ac00000,0x000000077ac28000,0x000000077ac80000)
  to   space 2048K, 0% used [0x000000077a880000,0x000000077a880000,0x000000077aa80000)
 ParOldGen       total 173568K, used 1522K [0x00000006c2800000, 0x00000006cd180000, 0x000000076b800000)
  object space 173568K, 0% used [0x00000006c2800000,0x00000006c297c9a8,0x00000006cd180000)
 Metaspace       used 8226K, capacity 8646K, committed 8960K, reserved 1056768K
  class space    used 655K, capacity 690K, committed 768K, reserved 1048576K
}
Event: 3.401 GC heap before
{Heap before GC invocations=21 (full 0):
 PSYoungGen      total 154624K, used 154272K [0x000000076b800000, 0x000000077ac80000, 0x00000007c0000000)
  eden space 154112K, 100% used [0x000000076b800000,0x0000000774e80000,0x0000000774e80000)
  from space 512K, 31% used [0x000000077ac00000,0x000000077ac28000,0x000000077ac80000)
  to   space 2048K, 0% used [0x000000077a880000,0x000000077a880000,0x000000077aa80000)
 ParOldGen       total 173568K, used 1522K [0x00000006c2800000, 0x00000006cd180000, 0x000000076b800000)
  object space 173568K, 0% used [0x00000006c2800000,0x00000006c297c9a8,0x00000006cd180000)
 Metaspace       used 8226K, capacity 8646K, committed 8960K, reserved 1056768K
  class space    used 655K, capacity 690K, committed 768K, reserved 1048576K
Event: 3.401 GC heap after
Heap after GC invocations=21 (full 0):
 PSYoungGen      total 151040K, used 160K [0x000000076b800000, 0x000000077ac80000, 0x00000007c0000000)
  eden space 148992K, 0% used [0x000000076b800000,0x000000076b800000,0x0000000774980000)
  from space 2048K, 7% used [0x000000077a880000,0x000000077a8a8000,0x000000077aa80000)
  to   space 2048K, 0% used [0x000000077aa80000,0x000000077aa80000,0x000000077ac80000)
 ParOldGen       total 173568K, used 1522K [0x00000006c2800000, 0x00000006cd180000, 0x000000076b800000)
  object space 173568K, 0% used [0x00000006c2800000,0x00000006c297c9a8,0x00000006cd180000)
 Metaspace       used 8226K, capacity 8646K, committed 8960K, reserved 1056768K
  class space    used 655K, capacity 690K, committed 768K, reserved 1048576K
}
Event: 3.526 GC heap before
{Heap before GC invocations=22 (full 0):
 PSYoungGen      total 151040K, used 149152K [0x000000076b800000, 0x000000077ac80000, 0x00000007c0000000)
  eden space 148992K, 100% used [0x000000076b800000,0x0000000774980000,0x0000000774980000)
  from space 2048K, 7% used [0x000000077a880000,0x000000077a8a8000,0x000000077aa80000)
  to   space 2048K, 0% used [0x000000077aa80000,0x000000077aa80000,0x000000077ac80000)
 ParOldGen       total 173568K, used 1522K [0x00000006c2800000, 0x00000006cd180000, 0x000000076b800000)
  object space 173568K, 0% used [0x00000006c2800000,0x00000006c297c9a8,0x00000006cd180000)
 Metaspace       used 8226K, capacity 8646K, committed 8960K, reserved 1056768K
  class space    used 655K, capacity 690K, committed 768K, reserved 1048576K
Event: 3.527 GC heap after
Heap after GC invocations=22 (full 0):
 PSYoungGen      total 144384K, used 64K [0x000000076b800000, 0x000000077ab00000, 0x00000007c0000000)
  eden space 143872K, 0% used [0x000000076b800000,0x000000076b800000,0x0000000774480000)
  from space 512K, 12% used [0x000000077aa80000,0x000000077aa90000,0x000000077ab00000)
  to   space 2048K, 0% used [0x000000077a700000,0x000000077a700000,0x000000077a900000)
 ParOldGen       total 173568K, used 1546K [0x00000006c2800000, 0x00000006cd180000, 0x000000076b800000)
  object space 173568K, 0% used [0x00000006c2800000,0x00000006c29829a8,0x00000006cd180000)
 Metaspace       used 8226K, capacity 8646K, committed 8960K, reserved 1056768K
  class space    used 655K, capacity 690K, committed 768K, reserved 1048576K
}

