# JRE version: Java(TM) SE Runtime Environment (8.0_65-b17) (build 1.8.0_65-b17)
# Java VM: Java HotSpot(TM) 64-Bit Server VM (25.65-b01 mixed mode windows-amd64 compressed oops)
Heap:
 PSYoungGen      total 919040K, used 64329K [0x000000076b800000, 0x00000007abd00000, 0x00000007c0000000)
  eden space 911872K, 7% used [0x000000076b800000,0x000000076f692548,0x00000007a3280000)
  from space 7168K, 3% used [0x00000007aaf00000,0x00000007aaf40000,0x00000007ab600000)
  to   space 7168K, 0% used [0x00000007ab600000,0x00000007ab600000,0x00000007abd00000)
 ParOldGen       total 173568K, used 17559K [0x00000006c2800000, 0x00000006cd180000, 0x000000076b800000)
  object space 173568K, 10% used [0x00000006c2800000,0x00000006c3925f10,0x00000006cd180000)
 Metaspace       used 8374K, capacity 8774K, committed 8960K, reserved 1056768K
  class space    used 661K, capacity 690K, committed 768K, reserved 1048576K
GC Heap History (10 events):
Event: 2.300 GC heap before
{Heap before GC invocations=13 (full 0):
 PSYoungGen      total 665600K, used 657632K [0x000000076b800000, 0x0000000794a00000, 0x00000007c0000000)
  eden space 657408K, 100% used [0x000000076b800000,0x0000000793a00000,0x0000000793a00000)
  from space 8192K, 2% used [0x0000000794200000,0x0000000794238000,0x0000000794a00000)
  to   space 8192K, 0% used [0x0000000793a00000,0x0000000793a00000,0x0000000794200000)
 ParOldGen       total 173568K, used 17479K [0x00000006c2800000, 0x00000006cd180000, 0x000000076b800000)
  object space 173568K, 10% used [0x00000006c2800000,0x00000006c3911f10,0x00000006cd180000)
 Metaspace       used 8352K, capacity 8710K, committed 8960K, reserved 1056768K
  class space    used 661K, capacity 690K, committed 768K, reserved 1048576K
Event: 2.301 GC heap after
Heap after GC invocations=13 (full 0):
 PSYoungGen      total 665600K, used 224K [0x000000076b800000, 0x00000007acb80000, 0x00000007c0000000)
  eden space 657408K, 0% used [0x000000076b800000,0x000000076b800000,0x0000000793a00000)
  from space 8192K, 2% used [0x0000000793a00000,0x0000000793a38000,0x0000000794200000)
  to   space 8192K, 0% used [0x00000007ac380000,0x00000007ac380000,0x00000007acb80000)
 ParOldGen       total 173568K, used 17511K [0x00000006c2800000, 0x00000006cd180000, 0x000000076b800000)
  object space 173568K, 10% used [0x00000006c2800000,0x00000006c3919f10,0x00000006cd180000)
 Metaspace       used 8352K, capacity 8710K, committed 8960K, reserved 1056768K
  class space    used 661K, capacity 690K, committed 768K, reserved 1048576K
}
Event: 2.787 GC heap before
{Heap before GC invocations=14 (full 0):
 PSYoungGen      total 665600K, used 657632K [0x000000076b800000, 0x00000007acb80000, 0x00000007c0000000)
  eden space 657408K, 100% used [0x000000076b800000,0x0000000793a00000,0x0000000793a00000)
  from space 8192K, 2% used [0x0000000793a00000,0x0000000793a38000,0x0000000794200000)
  to   space 8192K, 0% used [0x00000007ac380000,0x00000007ac380000,0x00000007acb80000)
 ParOldGen       total 173568K, used 17511K [0x00000006c2800000, 0x00000006cd180000, 0x000000076b800000)
  object space 173568K, 10% used [0x00000006c2800000,0x00000006c3919f10,0x00000006cd180000)
 Metaspace       used 8359K, capacity 8774K, committed 8960K, reserved 1056768K
  class space    used 661K, capacity 690K, committed 768K, reserved 1048576K
Event: 2.788 GC heap after
Heap after GC invocations=14 (full 0):
 PSYoungGen      total 1059328K, used 224K [0x000000076b800000, 0x00000007aca80000, 0x00000007c0000000)
  eden space 1052160K, 0% used [0x000000076b800000,0x000000076b800000,0x00000007abb80000)
  from space 7168K, 3% used [0x00000007ac380000,0x00000007ac3b8000,0x00000007aca80000)
  to   space 7680K, 0% used [0x00000007abb80000,0x00000007abb80000,0x00000007ac300000)
 ParOldGen       total 173568K, used 17511K [0x00000006c2800000, 0x00000006cd180000, 0x000000076b800000)
  object space 173568K, 10% used [0x00000006c2800000,0x00000006c3919f10,0x00000006cd180000)
 Metaspace       used 8359K, capacity 8774K, committed 8960K, reserved 1056768K
  class space    used 661K, capacity 690K, committed 768K, reserved 1048576K
}
Event: 3.573 GC heap before
{Heap before GC invocations=15 (full 0):
 PSYoungGen      total 1059328K, used 1052384K [0x000000076b800000, 0x00000007aca80000, 0x00000007c0000000)
  eden space 1052160K, 100% used [0x000000076b800000,0x00000007abb80000,0x00000007abb80000)
  from space 7168K, 3% used [0x00000007ac380000,0x00000007ac3b8000,0x00000007aca80000)
  to   space 7680K, 0% used [0x00000007abb80000,0x00000007abb80000,0x00000007ac300000)
 ParOldGen       total 173568K, used 17511K [0x00000006c2800000, 0x00000006cd180000, 0x000000076b800000)
  object space 173568K, 10% used [0x00000006c2800000,0x00000006c3919f10,0x00000006cd180000)
 Metaspace       used 8371K, capacity 8774K, committed 8960K, reserved 1056768K
  class space    used 661K, capacity 690K, committed 768K, reserved 1048576K
Event: 3.574 GC heap after
Heap after GC invocations=15 (full 0):
 PSYoungGen      total 1003520K, used 256K [0x000000076b800000, 0x00000007ac400000, 0x00000007c0000000)
  eden space 1003008K, 0% used [0x000000076b800000,0x000000076b800000,0x00000007a8b80000)
  from space 512K, 50% used [0x00000007abb80000,0x00000007abbc0000,0x00000007abc00000)
  to   space 7680K, 0% used [0x00000007abc80000,0x00000007abc80000,0x00000007ac400000)
 ParOldGen       total 173568K, used 17511K [0x00000006c2800000, 0x00000006cd180000, 0x000000076b800000)
  object space 173568K, 10% used [0x00000006c2800000,0x00000006c3919f10,0x00000006cd180000)
 Metaspace       used 8371K, capacity 8774K, committed 8960K, reserved 1056768K
  class space    used 661K, capacity 690K, committed 768K, reserved 1048576K
}
Event: 4.338 GC heap before
{Heap before GC invocations=16 (full 0):
 PSYoungGen      total 1003520K, used 1003264K [0x000000076b800000, 0x00000007ac400000, 0x00000007c0000000)
  eden space 1003008K, 100% used [0x000000076b800000,0x00000007a8b80000,0x00000007a8b80000)
  from space 512K, 50% used [0x00000007abb80000,0x00000007abbc0000,0x00000007abc00000)
  to   space 7680K, 0% used [0x00000007abc80000,0x00000007abc80000,0x00000007ac400000)
 ParOldGen       total 173568K, used 17511K [0x00000006c2800000, 0x00000006cd180000, 0x000000076b800000)
  object space 173568K, 10% used [0x00000006c2800000,0x00000006c3919f10,0x00000006cd180000)
 Metaspace       used 8371K, capacity 8774K, committed 8960K, reserved 1056768K
  class space    used 661K, capacity 690K, committed 768K, reserved 1048576K
Event: 4.339 GC heap after
Heap after GC invocations=16 (full 0):
 PSYoungGen      total 956928K, used 256K [0x000000076b800000, 0x00000007abd00000, 0x00000007c0000000)
  eden space 956416K, 0% used [0x000000076b800000,0x000000076b800000,0x00000007a5e00000)
  from space 512K, 50% used [0x00000007abc80000,0x00000007abcc0000,0x00000007abd00000)
  to   space 7168K, 0% used [0x00000007aaf00000,0x00000007aaf00000,0x00000007ab600000)
 ParOldGen       total 173568K, used 17551K [0x00000006c2800000, 0x00000006cd180000, 0x000000076b800000)
  object space 173568K, 10% used [0x00000006c2800000,0x00000006c3923f10,0x00000006cd180000)
 Metaspace       used 8371K, capacity 8774K, committed 8960K, reserved 1056768K
  class space    used 661K, capacity 690K, committed 768K, reserved 1048576K
}
Event: 5.100 GC heap before
{Heap before GC invocations=17 (full 0):
 PSYoungGen      total 956928K, used 956672K [0x000000076b800000, 0x00000007abd00000, 0x00000007c0000000)
  eden space 956416K, 100% used [0x000000076b800000,0x00000007a5e00000,0x00000007a5e00000)
  from space 512K, 50% used [0x00000007abc80000,0x00000007abcc0000,0x00000007abd00000)
  to   space 7168K, 0% used [0x00000007aaf00000,0x00000007aaf00000,0x00000007ab600000)
 ParOldGen       total 173568K, used 17551K [0x00000006c2800000, 0x00000006cd180000, 0x000000076b800000)
  object space 173568K, 10% used [0x00000006c2800000,0x00000006c3923f10,0x00000006cd180000)
 Metaspace       used 8374K, capacity 8774K, committed 8960K, reserved 1056768K
  class space    used 661K, capacity 690K, committed 768K, reserved 1048576K
Event: 5.101 GC heap after
Heap after GC invocations=17 (full 0):
 PSYoungGen      total 919040K, used 256K [0x000000076b800000, 0x00000007abd00000, 0x00000007c0000000)
  eden space 911872K, 0% used [0x000000076b800000,0x000000076b800000,0x00000007a3280000)
  from space 7168K, 3% used [0x00000007aaf00000,0x00000007aaf40000,0x00000007ab600000)
  to   space 7168K, 0% used [0x00000007ab600000,0x00000007ab600000,0x00000007abd00000)
 ParOldGen       total 173568K, used 17559K [0x00000006c2800000, 0x00000006cd180000, 0x000000076b800000)
  object space 173568K, 10% used [0x00000006c2800000,0x00000006c3925f10,0x00000006cd180000)
 Metaspace       used 8374K, capacity 8774K, committed 8960K, reserved 1056768K
  class space    used 661K, capacity 690K, committed 768K, reserved 1048576K
}

