# JRE version: Java(TM) SE Runtime Environment (8.0_65-b17) (build 1.8.0_65-b17)
# Java VM: Java HotSpot(TM) 64-Bit Server VM (25.65-b01 mixed mode windows-amd64 compressed oops)
Heap:
 PSYoungGen      total 67072K, used 26160K [0x000000076b800000, 0x0000000783e80000, 0x00000007c0000000)
  eden space 66560K, 39% used [0x000000076b800000,0x000000076d164320,0x000000076f900000)
  from space 512K, 31% used [0x0000000783d80000,0x0000000783da8000,0x0000000783e00000)
  to   space 512K, 0% used [0x0000000783e00000,0x0000000783e00000,0x0000000783e80000)
 ParOldGen       total 173568K, used 1360K [0x00000006c2800000, 0x00000006cd180000, 0x000000076b800000)
  object space 173568K, 0% used [0x00000006c2800000,0x00000006c2954070,0x00000006cd180000)
 Metaspace       used 8267K, capacity 8710K, committed 8960K, reserved 1056768K
  class space    used 658K, capacity 690K, committed 768K, reserved 1048576K
GC Heap History (10 events):
Event: 5.009 GC heap before
{Heap before GC invocations=65 (full 0):
 PSYoungGen      total 74752K, used 74432K [0x000000076b800000, 0x0000000783e80000, 0x00000007c0000000)
  eden space 74240K, 100% used [0x000000076b800000,0x0000000770080000,0x0000000770080000)
  from space 512K, 37% used [0x0000000783e00000,0x0000000783e30000,0x0000000783e80000)
  to   space 512K, 0% used [0x0000000783d80000,0x0000000783d80000,0x0000000783e00000)
 ParOldGen       total 173568K, used 1312K [0x00000006c2800000, 0x00000006cd180000, 0x000000076b800000)
  object space 173568K, 0% used [0x00000006c2800000,0x00000006c2948070,0x00000006cd180000)
 Metaspace       used 8267K, capacity 8710K, committed 8960K, reserved 1056768K
  class space    used 658K, capacity 690K, committed 768K, reserved 1048576K
Event: 5.010 GC heap after
Heap after GC invocations=65 (full 0):
 PSYoungGen      total 73216K, used 224K [0x000000076b800000, 0x0000000783e80000, 0x00000007c0000000)
  eden space 72704K, 0% used [0x000000076b800000,0x000000076b800000,0x000000076ff00000)
  from space 512K, 43% used [0x0000000783d80000,0x0000000783db8000,0x0000000783e00000)
  to   space 512K, 0% used [0x0000000783e00000,0x0000000783e00000,0x0000000783e80000)
 ParOldGen       total 173568K, used 1312K [0x00000006c2800000, 0x00000006cd180000, 0x000000076b800000)
  object space 173568K, 0% used [0x00000006c2800000,0x00000006c2948070,0x00000006cd180000)
 Metaspace       used 8267K, capacity 8710K, committed 8960K, reserved 1056768K
  class space    used 658K, capacity 690K, committed 768K, reserved 1048576K
}
Event: 5.059 GC heap before
{Heap before GC invocations=66 (full 0):
 PSYoungGen      total 73216K, used 72928K [0x000000076b800000, 0x0000000783e80000, 0x00000007c0000000)
  eden space 72704K, 100% used [0x000000076b800000,0x000000076ff00000,0x000000076ff00000)
  from space 512K, 43% used [0x0000000783d80000,0x0000000783db8000,0x0000000783e00000)
  to   space 512K, 0% used [0x0000000783e00000,0x0000000783e00000,0x0000000783e80000)
 ParOldGen       total 173568K, used 1312K [0x00000006c2800000, 0x00000006cd180000, 0x000000076b800000)
  object space 173568K, 0% used [0x00000006c2800000,0x00000006c2948070,0x00000006cd180000)
 Metaspace       used 8267K, capacity 8710K, committed 8960K, reserved 1056768K
  class space    used 658K, capacity 690K, committed 768K, reserved 1048576K
Event: 5.060 GC heap after
Heap after GC invocations=66 (full 0):
 PSYoungGen      total 71680K, used 160K [0x000000076b800000, 0x0000000783e80000, 0x00000007c0000000)
  eden space 71168K, 0% used [0x000000076b800000,0x000000076b800000,0x000000076fd80000)
  from space 512K, 31% used [0x0000000783e00000,0x0000000783e28000,0x0000000783e80000)
  to   space 512K, 0% used [0x0000000783d80000,0x0000000783d80000,0x0000000783e00000)
 ParOldGen       total 173568K, used 1360K [0x00000006c2800000, 0x00000006cd180000, 0x000000076b800000)
  object space 173568K, 0% used [0x00000006c2800000,0x00000006c2954070,0x00000006cd180000)
 Metaspace       used 8267K, capacity 8710K, committed 8960K, reserved 1056768K
  class space    used 658K, capacity 690K, committed 768K, reserved 1048576K
}
Event: 5.108 GC heap before
{Heap before GC invocations=67 (full 0):
 PSYoungGen      total 71680K, used 71328K [0x000000076b800000, 0x0000000783e80000, 0x00000007c0000000)
  eden space 71168K, 100% used [0x000000076b800000,0x000000076fd80000,0x000000076fd80000)
  from space 512K, 31% used [0x0000000783e00000,0x0000000783e28000,0x0000000783e80000)
  to   space 512K, 0% used [0x0000000783d80000,0x0000000783d80000,0x0000000783e00000)
 ParOldGen       total 173568K, used 1360K [0x00000006c2800000, 0x00000006cd180000, 0x000000076b800000)
  object space 173568K, 0% used [0x00000006c2800000,0x00000006c2954070,0x00000006cd180000)
 Metaspace       used 8267K, capacity 8710K, committed 8960K, reserved 1056768K
  class space    used 658K, capacity 690K, committed 768K, reserved 1048576K
Event: 5.109 GC heap after
Heap after GC invocations=67 (full 0):
 PSYoungGen      total 70144K, used 128K [0x000000076b800000, 0x0000000783e80000, 0x00000007c0000000)
  eden space 69632K, 0% used [0x000000076b800000,0x000000076b800000,0x000000076fc00000)
  from space 512K, 25% used [0x0000000783d80000,0x0000000783da0000,0x0000000783e00000)
  to   space 512K, 0% used [0x0000000783e00000,0x0000000783e00000,0x0000000783e80000)
 ParOldGen       total 173568K, used 1360K [0x00000006c2800000, 0x00000006cd180000, 0x000000076b800000)
  object space 173568K, 0% used [0x00000006c2800000,0x00000006c2954070,0x00000006cd180000)
 Metaspace       used 8267K, capacity 8710K, committed 8960K, reserved 1056768K
  class space    used 658K, capacity 690K, committed 768K, reserved 1048576K
}
Event: 5.167 GC heap before
{Heap before GC invocations=68 (full 0):
 PSYoungGen      total 70144K, used 69760K [0x000000076b800000, 0x0000000783e80000, 0x00000007c0000000)
  eden space 69632K, 100% used [0x000000076b800000,0x000000076fc00000,0x000000076fc00000)
  from space 512K, 25% used [0x0000000783d80000,0x0000000783da0000,0x0000000783e00000)
  to   space 512K, 0% used [0x0000000783e00000,0x0000000783e00000,0x0000000783e80000)
 ParOldGen       total 173568K, used 1360K [0x00000006c2800000, 0x00000006cd180000, 0x000000076b800000)
  object space 173568K, 0% used [0x00000006c2800000,0x00000006c2954070,0x00000006cd180000)
 Metaspace       used 8267K, capacity 8710K, committed 8960K, reserved 1056768K
  class space    used 658K, capacity 690K, committed 768K, reserved 1048576K
Event: 5.168 GC heap after
Heap after GC invocations=68 (full 0):
 PSYoungGen      total 68608K, used 160K [0x000000076b800000, 0x0000000783e80000, 0x00000007c0000000)
  eden space 68096K, 0% used [0x000000076b800000,0x000000076b800000,0x000000076fa80000)
  from space 512K, 31% used [0x0000000783e00000,0x0000000783e28000,0x0000000783e80000)
  to   space 512K, 0% used [0x0000000783d80000,0x0000000783d80000,0x0000000783e00000)
 ParOldGen       total 173568K, used 1360K [0x00000006c2800000, 0x00000006cd180000, 0x000000076b800000)
  object space 173568K, 0% used [0x00000006c2800000,0x00000006c2954070,0x00000006cd180000)
 Metaspace       used 8267K, capacity 8710K, committed 8960K, reserved 1056768K
  class space    used 658K, capacity 690K, committed 768K, reserved 1048576K
}
Event: 5.209 GC heap before
{Heap before GC invocations=69 (full 0):
 PSYoungGen      total 68608K, used 68256K [0x000000076b800000, 0x0000000783e80000, 0x00000007c0000000)
  eden space 68096K, 100% used [0x000000076b800000,0x000000076fa80000,0x000000076fa80000)
  from space 512K, 31% used [0x0000000783e00000,0x0000000783e28000,0x0000000783e80000)
  to   space 512K, 0% used [0x0000000783d80000,0x0000000783d80000,0x0000000783e00000)
 ParOldGen       total 173568K, used 1360K [0x00000006c2800000, 0x00000006cd180000, 0x000000076b800000)
  object space 173568K, 0% used [0x00000006c2800000,0x00000006c2954070,0x00000006cd180000)
 Metaspace       used 8267K, capacity 8710K, committed 8960K, reserved 1056768K
  class space    used 658K, capacity 690K, committed 768K, reserved 1048576K
Event: 5.210 GC heap after
Heap after GC invocations=69 (full 0):
 PSYoungGen      total 67072K, used 160K [0x000000076b800000, 0x0000000783e80000, 0x00000007c0000000)
  eden space 66560K, 0% used [0x000000076b800000,0x000000076b800000,0x000000076f900000)
  from space 512K, 31% used [0x0000000783d80000,0x0000000783da8000,0x0000000783e00000)
  to   space 512K, 0% used [0x0000000783e00000,0x0000000783e00000,0x0000000783e80000)
 ParOldGen       total 173568K, used 1360K [0x00000006c2800000, 0x00000006cd180000, 0x000000076b800000)
  object space 173568K, 0% used [0x00000006c2800000,0x00000006c2954070,0x00000006cd180000)
 Metaspace       used 8267K, capacity 8710K, committed 8960K, reserved 1056768K
  class space    used 658K, capacity 690K, committed 768K, reserved 1048576K
}

