# JRE version: Java(TM) SE Runtime Environment (8.0_65-b17) (build 1.8.0_65-b17)
# Java VM: Java HotSpot(TM) 64-Bit Server VM (25.65-b01 mixed mode windows-amd64 compressed oops)
Heap:
 PSYoungGen      total 398336K, used 8168K [0x000000076b800000, 0x000000078af80000, 0x00000007c0000000)
  eden space 397824K, 2% used [0x000000076b800000,0x000000076bfda070,0x0000000783c80000)
  from space 512K, 25% used [0x000000078af00000,0x000000078af20000,0x000000078af80000)
  to   space 2048K, 0% used [0x000000078ab80000,0x000000078ab80000,0x000000078ad80000)
 ParOldGen       total 173568K, used 1744K [0x00000006c2800000, 0x00000006cd180000, 0x000000076b800000)
  object space 173568K, 1% used [0x00000006c2800000,0x00000006c29b4260,0x00000006cd180000)
 Metaspace       used 8046K, capacity 8582K, committed 8704K, reserved 1056768K
  class space    used 646K, capacity 690K, committed 768K, reserved 1048576K
GC Heap History (10 events):
Event: 1.521 GC heap before
{Heap before GC invocations=10 (full 0):
 PSYoungGen      total 496128K, used 495872K [0x000000076b800000, 0x000000078b480000, 0x00000007c0000000)
  eden space 495616K, 100% used [0x000000076b800000,0x0000000789c00000,0x0000000789c00000)
  from space 512K, 50% used [0x000000078b200000,0x000000078b240000,0x000000078b280000)
  to   space 2048K, 0% used [0x000000078b280000,0x000000078b280000,0x000000078b480000)
 ParOldGen       total 173568K, used 1568K [0x00000006c2800000, 0x00000006cd180000, 0x000000076b800000)
  object space 173568K, 0% used [0x00000006c2800000,0x00000006c2988240,0x00000006cd180000)
 Metaspace       used 8028K, capacity 8582K, committed 8704K, reserved 1056768K
  class space    used 646K, capacity 690K, committed 768K, reserved 1048576K
Event: 1.521 GC heap after
Heap after GC invocations=10 (full 0):
 PSYoungGen      total 474624K, used 96K [0x000000076b800000, 0x000000078b300000, 0x00000007c0000000)
  eden space 474112K, 0% used [0x000000076b800000,0x000000076b800000,0x0000000788700000)
  from space 512K, 18% used [0x000000078b280000,0x000000078b298000,0x000000078b300000)
  to   space 2560K, 0% used [0x000000078ae00000,0x000000078ae00000,0x000000078b080000)
 ParOldGen       total 173568K, used 1744K [0x00000006c2800000, 0x00000006cd180000, 0x000000076b800000)
  object space 173568K, 1% used [0x00000006c2800000,0x00000006c29b4260,0x00000006cd180000)
 Metaspace       used 8028K, capacity 8582K, committed 8704K, reserved 1056768K
  class space    used 646K, capacity 690K, committed 768K, reserved 1048576K
}
Event: 1.749 GC heap before
{Heap before GC invocations=11 (full 0):
 PSYoungGen      total 474624K, used 474208K [0x000000076b800000, 0x000000078b300000, 0x00000007c0000000)
  eden space 474112K, 100% used [0x000000076b800000,0x0000000788700000,0x0000000788700000)
  from space 512K, 18% used [0x000000078b280000,0x000000078b298000,0x000000078b300000)
  to   space 2560K, 0% used [0x000000078ae00000,0x000000078ae00000,0x000000078b080000)
 ParOldGen       total 173568K, used 1744K [0x00000006c2800000, 0x00000006cd180000, 0x000000076b800000)
  object space 173568K, 1% used [0x00000006c2800000,0x00000006c29b4260,0x00000006cd180000)
 Metaspace       used 8031K, capacity 8582K, committed 8704K, reserved 1056768K
  class space    used 646K, capacity 690K, committed 768K, reserved 1048576K
Event: 1.749 GC heap after
Heap after GC invocations=11 (full 0):
 PSYoungGen      total 456192K, used 192K [0x000000076b800000, 0x000000078b300000, 0x00000007c0000000)
  eden space 453632K, 0% used [0x000000076b800000,0x000000076b800000,0x0000000787300000)
  from space 2560K, 7% used [0x000000078ae00000,0x000000078ae30000,0x000000078b080000)
  to   space 2560K, 0% used [0x000000078b080000,0x000000078b080000,0x000000078b300000)
 ParOldGen       total 173568K, used 1744K [0x00000006c2800000, 0x00000006cd180000, 0x000000076b800000)
  object space 173568K, 1% used [0x00000006c2800000,0x00000006c29b4260,0x00000006cd180000)
 Metaspace       used 8031K, capacity 8582K, committed 8704K, reserved 1056768K
  class space    used 646K, capacity 690K, committed 768K, reserved 1048576K
}
Event: 1.940 GC heap before
{Heap before GC invocations=12 (full 0):
 PSYoungGen      total 456192K, used 453824K [0x000000076b800000, 0x000000078b300000, 0x00000007c0000000)
  eden space 453632K, 100% used [0x000000076b800000,0x0000000787300000,0x0000000787300000)
  from space 2560K, 7% used [0x000000078ae00000,0x000000078ae30000,0x000000078b080000)
  to   space 2560K, 0% used [0x000000078b080000,0x000000078b080000,0x000000078b300000)
 ParOldGen       total 173568K, used 1744K [0x00000006c2800000, 0x00000006cd180000, 0x000000076b800000)
  object space 173568K, 1% used [0x00000006c2800000,0x00000006c29b4260,0x00000006cd180000)
 Metaspace       used 8034K, capacity 8582K, committed 8704K, reserved 1056768K
  class space    used 646K, capacity 690K, committed 768K, reserved 1048576K
Event: 1.941 GC heap after
Heap after GC invocations=12 (full 0):
 PSYoungGen      total 434688K, used 128K [0x000000076b800000, 0x000000078b100000, 0x00000007c0000000)
  eden space 434176K, 0% used [0x000000076b800000,0x000000076b800000,0x0000000786000000)
  from space 512K, 25% used [0x000000078b080000,0x000000078b0a0000,0x000000078b100000)
  to   space 2560K, 0% used [0x000000078ac00000,0x000000078ac00000,0x000000078ae80000)
 ParOldGen       total 173568K, used 1744K [0x00000006c2800000, 0x00000006cd180000, 0x000000076b800000)
  object space 173568K, 1% used [0x00000006c2800000,0x00000006c29b4260,0x00000006cd180000)
 Metaspace       used 8034K, capacity 8582K, committed 8704K, reserved 1056768K
  class space    used 646K, capacity 690K, committed 768K, reserved 1048576K
}
Event: 2.138 GC heap before
{Heap before GC invocations=13 (full 0):
 PSYoungGen      total 434688K, used 434304K [0x000000076b800000, 0x000000078b100000, 0x00000007c0000000)
  eden space 434176K, 100% used [0x000000076b800000,0x0000000786000000,0x0000000786000000)
  from space 512K, 25% used [0x000000078b080000,0x000000078b0a0000,0x000000078b100000)
  to   space 2560K, 0% used [0x000000078ac00000,0x000000078ac00000,0x000000078ae80000)
 ParOldGen       total 173568K, used 1744K [0x00000006c2800000, 0x00000006cd180000, 0x000000076b800000)
  object space 173568K, 1% used [0x00000006c2800000,0x00000006c29b4260,0x00000006cd180000)
 Metaspace       used 8035K, capacity 8582K, committed 8704K, reserved 1056768K
  class space    used 646K, capacity 690K, committed 768K, reserved 1048576K
Event: 2.139 GC heap after
Heap after GC invocations=13 (full 0):
 PSYoungGen      total 418304K, used 160K [0x000000076b800000, 0x000000078b100000, 0x00000007c0000000)
  eden space 415744K, 0% used [0x000000076b800000,0x000000076b800000,0x0000000784e00000)
  from space 2560K, 6% used [0x000000078ac00000,0x000000078ac28000,0x000000078ae80000)
  to   space 2048K, 0% used [0x000000078af00000,0x000000078af00000,0x000000078b100000)
 ParOldGen       total 173568K, used 1744K [0x00000006c2800000, 0x00000006cd180000, 0x000000076b800000)
  object space 173568K, 1% used [0x00000006c2800000,0x00000006c29b4260,0x00000006cd180000)
 Metaspace       used 8035K, capacity 8582K, committed 8704K, reserved 1056768K
  class space    used 646K, capacity 690K, committed 768K, reserved 1048576K
}
Event: 2.311 GC heap before
{Heap before GC invocations=14 (full 0):
 PSYoungGen      total 418304K, used 415904K [0x000000076b800000, 0x000000078b100000, 0x00000007c0000000)
  eden space 415744K, 100% used [0x000000076b800000,0x0000000784e00000,0x0000000784e00000)
  from space 2560K, 6% used [0x000000078ac00000,0x000000078ac28000,0x000000078ae80000)
  to   space 2048K, 0% used [0x000000078af00000,0x000000078af00000,0x000000078b100000)
 ParOldGen       total 173568K, used 1744K [0x00000006c2800000, 0x00000006cd180000, 0x000000076b800000)
  object space 173568K, 1% used [0x00000006c2800000,0x00000006c29b4260,0x00000006cd180000)
 Metaspace       used 8045K, capacity 8582K, committed 8704K, reserved 1056768K
  class space    used 646K, capacity 690K, committed 768K, reserved 1048576K
Event: 2.312 GC heap after
Heap after GC invocations=14 (full 0):
 PSYoungGen      total 398336K, used 128K [0x000000076b800000, 0x000000078af80000, 0x00000007c0000000)
  eden space 397824K, 0% used [0x000000076b800000,0x000000076b800000,0x0000000783c80000)
  from space 512K, 25% used [0x000000078af00000,0x000000078af20000,0x000000078af80000)
  to   space 2048K, 0% used [0x000000078ab80000,0x000000078ab80000,0x000000078ad80000)
 ParOldGen       total 173568K, used 1744K [0x00000006c2800000, 0x00000006cd180000, 0x000000076b800000)
  object space 173568K, 1% used [0x00000006c2800000,0x00000006c29b4260,0x00000006cd180000)
 Metaspace       used 8045K, capacity 8582K, committed 8704K, reserved 1056768K
  class space    used 646K, capacity 690K, committed 768K, reserved 1048576K
}

