# JRE version: Java(TM) SE Runtime Environment (8.0_65-b17) (build 1.8.0_65-b17)
# Java VM: Java HotSpot(TM) 64-Bit Server VM (25.65-b01 mixed mode windows-amd64 compressed oops)
Heap:
 PSYoungGen      total 132096K, used 110624K [0x000000076b800000, 0x000000079da80000, 0x00000007c0000000)
  eden space 131584K, 84% used [0x000000076b800000,0x00000007723f8268,0x0000000773880000)
  from space 512K, 12% used [0x000000079da00000,0x000000079da10000,0x000000079da80000)
  to   space 512K, 0% used [0x000000079d980000,0x000000079d980000,0x000000079da00000)
 ParOldGen       total 173568K, used 1239K [0x00000006c2800000, 0x00000006cd180000, 0x000000076b800000)
  object space 173568K, 0% used [0x00000006c2800000,0x00000006c2935ec0,0x00000006cd180000)
 Metaspace       used 7644K, capacity 8390K, committed 8576K, reserved 1056768K
  class space    used 595K, capacity 626K, committed 640K, reserved 1048576K
GC Heap History (10 events):
Event: 4.481 GC heap before
{Heap before GC invocations=54 (full 0):
 PSYoungGen      total 155648K, used 155168K [0x000000076b800000, 0x000000079da80000, 0x00000007c0000000)
  eden space 155136K, 100% used [0x000000076b800000,0x0000000774f80000,0x0000000774f80000)
  from space 512K, 6% used [0x000000079d980000,0x000000079d988000,0x000000079da00000)
  to   space 512K, 0% used [0x000000079da00000,0x000000079da00000,0x000000079da80000)
 ParOldGen       total 173568K, used 1239K [0x00000006c2800000, 0x00000006cd180000, 0x000000076b800000)
  object space 173568K, 0% used [0x00000006c2800000,0x00000006c2935ec0,0x00000006cd180000)
 Metaspace       used 7644K, capacity 8390K, committed 8576K, reserved 1056768K
  class space    used 595K, capacity 626K, committed 640K, reserved 1048576K
Event: 4.481 GC heap after
Heap after GC invocations=54 (full 0):
 PSYoungGen      total 150528K, used 32K [0x000000076b800000, 0x000000079da80000, 0x00000007c0000000)
  eden space 150016K, 0% used [0x000000076b800000,0x000000076b800000,0x0000000774a80000)
  from space 512K, 6% used [0x000000079da00000,0x000000079da08000,0x000000079da80000)
  to   space 512K, 0% used [0x000000079d980000,0x000000079d980000,0x000000079da00000)
 ParOldGen       total 173568K, used 1239K [0x00000006c2800000, 0x00000006cd180000, 0x000000076b800000)
  object space 173568K, 0% used [0x00000006c2800000,0x00000006c2935ec0,0x00000006cd180000)
 Metaspace       used 7644K, capacity 8390K, committed 8576K, reserved 1056768K
  class space    used 595K, capacity 626K, committed 640K, reserved 1048576K
}
Event: 4.528 GC heap before
{Heap before GC invocations=55 (full 0):
 PSYoungGen      total 150528K, used 150048K [0x000000076b800000, 0x000000079da80000, 0x00000007c0000000)
  eden space 150016K, 100% used [0x000000076b800000,0x0000000774a80000,0x0000000774a80000)
  from space 512K, 6% used [0x000000079da00000,0x000000079da08000,0x000000079da80000)
  to   space 512K, 0% used [0x000000079d980000,0x000000079d980000,0x000000079da00000)
 ParOldGen       total 173568K, used 1239K [0x00000006c2800000, 0x00000006cd180000, 0x000000076b800000)
  object space 173568K, 0% used [0x00000006c2800000,0x00000006c2935ec0,0x00000006cd180000)
 Metaspace       used 7644K, capacity 8390K, committed 8576K, reserved 1056768K
  class space    used 595K, capacity 626K, committed 640K, reserved 1048576K
Event: 4.529 GC heap after
Heap after GC invocations=55 (full 0):
 PSYoungGen      total 145408K, used 64K [0x000000076b800000, 0x000000079da80000, 0x00000007c0000000)
  eden space 144896K, 0% used [0x000000076b800000,0x000000076b800000,0x0000000774580000)
  from space 512K, 12% used [0x000000079d980000,0x000000079d990000,0x000000079da00000)
  to   space 512K, 0% used [0x000000079da00000,0x000000079da00000,0x000000079da80000)
 ParOldGen       total 173568K, used 1239K [0x00000006c2800000, 0x00000006cd180000, 0x000000076b800000)
  object space 173568K, 0% used [0x00000006c2800000,0x00000006c2935ec0,0x00000006cd180000)
 Metaspace       used 7644K, capacity 8390K, committed 8576K, reserved 1056768K
  class space    used 595K, capacity 626K, committed 640K, reserved 1048576K
}
Event: 4.577 GC heap before
{Heap before GC invocations=56 (full 0):
 PSYoungGen      total 145408K, used 144960K [0x000000076b800000, 0x000000079da80000, 0x00000007c0000000)
  eden space 144896K, 100% used [0x000000076b800000,0x0000000774580000,0x0000000774580000)
  from space 512K, 12% used [0x000000079d980000,0x000000079d990000,0x000000079da00000)
  to   space 512K, 0% used [0x000000079da00000,0x000000079da00000,0x000000079da80000)
 ParOldGen       total 173568K, used 1239K [0x00000006c2800000, 0x00000006cd180000, 0x000000076b800000)
  object space 173568K, 0% used [0x00000006c2800000,0x00000006c2935ec0,0x00000006cd180000)
 Metaspace       used 7644K, capacity 8390K, committed 8576K, reserved 1056768K
  class space    used 595K, capacity 626K, committed 640K, reserved 1048576K
Event: 4.577 GC heap after
Heap after GC invocations=56 (full 0):
 PSYoungGen      total 140800K, used 64K [0x000000076b800000, 0x000000079da80000, 0x00000007c0000000)
  eden space 140288K, 0% used [0x000000076b800000,0x000000076b800000,0x0000000774100000)
  from space 512K, 12% used [0x000000079da00000,0x000000079da10000,0x000000079da80000)
  to   space 512K, 0% used [0x000000079d980000,0x000000079d980000,0x000000079da00000)
 ParOldGen       total 173568K, used 1239K [0x00000006c2800000, 0x00000006cd180000, 0x000000076b800000)
  object space 173568K, 0% used [0x00000006c2800000,0x00000006c2935ec0,0x00000006cd180000)
 Metaspace       used 7644K, capacity 8390K, committed 8576K, reserved 1056768K
  class space    used 595K, capacity 626K, committed 640K, reserved 1048576K
}
Event: 4.625 GC heap before
{Heap before GC invocations=57 (full 0):
 PSYoungGen      total 140800K, used 140352K [0x000000076b800000, 0x000000079da80000, 0x00000007c0000000)
  eden space 140288K, 100% used [0x000000076b800000,0x0000000774100000,0x0000000774100000)
  from space 512K, 12% used [0x000000079da00000,0x000000079da10000,0x000000079da80000)
  to   space 512K, 0% used [0x000000079d980000,0x000000079d980000,0x000000079da00000)
 ParOldGen       total 173568K, used 1239K [0x00000006c2800000, 0x00000006cd180000, 0x000000076b800000)
  object space 173568K, 0% used [0x00000006c2800000,0x00000006c2935ec0,0x00000006cd180000)
 Metaspace       used 7644K, capacity 8390K, committed 8576K, reserved 1056768K
  class space    used 595K, capacity 626K, committed 640K, reserved 1048576K
Event: 4.626 GC heap after
Heap after GC invocations=57 (full 0):
 PSYoungGen      total 136192K, used 32K [0x000000076b800000, 0x000000079da80000, 0x00000007c0000000)
  eden space 135680K, 0% used [0x000000076b800000,0x000000076b800000,0x0000000773c80000)
  from space 512K, 6% used [0x000000079d980000,0x000000079d988000,0x000000079da00000)
  to   space 512K, 0% used [0x000000079da00000,0x000000079da00000,0x000000079da80000)
 ParOldGen       total 173568K, used 1239K [0x00000006c2800000, 0x00000006cd180000, 0x000000076b800000)
  object space 173568K, 0% used [0x00000006c2800000,0x00000006c2935ec0,0x00000006cd180000)
 Metaspace       used 7644K, capacity 8390K, committed 8576K, reserved 1056768K
  class space    used 595K, capacity 626K, committed 640K, reserved 1048576K
}
Event: 4.674 GC heap before
{Heap before GC invocations=58 (full 0):
 PSYoungGen      total 136192K, used 135712K [0x000000076b800000, 0x000000079da80000, 0x00000007c0000000)
  eden space 135680K, 100% used [0x000000076b800000,0x0000000773c80000,0x0000000773c80000)
  from space 512K, 6% used [0x000000079d980000,0x000000079d988000,0x000000079da00000)
  to   space 512K, 0% used [0x000000079da00000,0x000000079da00000,0x000000079da80000)
 ParOldGen       total 173568K, used 1239K [0x00000006c2800000, 0x00000006cd180000, 0x000000076b800000)
  object space 173568K, 0% used [0x00000006c2800000,0x00000006c2935ec0,0x00000006cd180000)
 Metaspace       used 7644K, capacity 8390K, committed 8576K, reserved 1056768K
  class space    used 595K, capacity 626K, committed 640K, reserved 1048576K
Event: 4.674 GC heap after
Heap after GC invocations=58 (full 0):
 PSYoungGen      total 132096K, used 64K [0x000000076b800000, 0x000000079da80000, 0x00000007c0000000)
  eden space 131584K, 0% used [0x000000076b800000,0x000000076b800000,0x0000000773880000)
  from space 512K, 12% used [0x000000079da00000,0x000000079da10000,0x000000079da80000)
  to   space 512K, 0% used [0x000000079d980000,0x000000079d980000,0x000000079da00000)
 ParOldGen       total 173568K, used 1239K [0x00000006c2800000, 0x00000006cd180000, 0x000000076b800000)
  object space 173568K, 0% used [0x00000006c2800000,0x00000006c2935ec0,0x00000006cd180000)
 Metaspace       used 7644K, capacity 8390K, committed 8576K, reserved 1056768K
  class space    used 595K, capacity 626K, committed 640K, reserved 1048576K
}

