# JRE version: Java(TM) SE Runtime Environment (8.0_65-b17) (build 1.8.0_65-b17)
# Java VM: Java HotSpot(TM) 64-Bit Server VM (25.65-b01 mixed mode windows-amd64 compressed oops)
Heap:
 PSYoungGen      total 1040896K, used 320481K [0x000000076b800000, 0x00000007bb900000, 0x00000007c0000000)
  eden space 1034240K, 30% used [0x000000076b800000,0x000000077f0b85e0,0x00000007aaa00000)
  from space 6656K, 3% used [0x00000007bac00000,0x00000007bac40000,0x00000007bb280000)
  to   space 6144K, 0% used [0x00000007bb300000,0x00000007bb300000,0x00000007bb900000)
 ParOldGen       total 173568K, used 13764K [0x00000006c2800000, 0x00000006cd180000, 0x000000076b800000)
  object space 173568K, 7% used [0x00000006c2800000,0x00000006c3571150,0x00000006cd180000)
 Metaspace       used 8403K, capacity 8774K, committed 8960K, reserved 1056768K
  class space    used 662K, capacity 690K, committed 768K, reserved 1048576K
GC Heap History (10 events):
Event: 4.501 GC heap before
{Heap before GC invocations=13 (full 0):
 PSYoungGen      total 1325056K, used 1317632K [0x000000076b800000, 0x00000007bcd80000, 0x00000007c0000000)
  eden space 1317376K, 100% used [0x000000076b800000,0x00000007bbe80000,0x00000007bbe80000)
  from space 7680K, 3% used [0x00000007bc600000,0x00000007bc640000,0x00000007bcd80000)
  to   space 7680K, 0% used [0x00000007bbe80000,0x00000007bbe80000,0x00000007bc600000)
 ParOldGen       total 173568K, used 13708K [0x00000006c2800000, 0x00000006cd180000, 0x000000076b800000)
  object space 173568K, 7% used [0x00000006c2800000,0x00000006c3563150,0x00000006cd180000)
 Metaspace       used 8386K, capacity 8774K, committed 8960K, reserved 1056768K
  class space    used 661K, capacity 690K, committed 768K, reserved 1048576K
Event: 4.501 GC heap after
Heap after GC invocations=13 (full 0):
 PSYoungGen      total 1255424K, used 224K [0x000000076b800000, 0x00000007bc680000, 0x00000007c0000000)
  eden space 1254912K, 0% used [0x000000076b800000,0x000000076b800000,0x00000007b8180000)
  from space 512K, 43% used [0x00000007bbe80000,0x00000007bbeb8000,0x00000007bbf00000)
  to   space 7680K, 0% used [0x00000007bbf00000,0x00000007bbf00000,0x00000007bc680000)
 ParOldGen       total 173568K, used 13716K [0x00000006c2800000, 0x00000006cd180000, 0x000000076b800000)
  object space 173568K, 7% used [0x00000006c2800000,0x00000006c3565150,0x00000006cd180000)
 Metaspace       used 8386K, capacity 8774K, committed 8960K, reserved 1056768K
  class space    used 661K, capacity 690K, committed 768K, reserved 1048576K
}
Event: 5.473 GC heap before
{Heap before GC invocations=14 (full 0):
 PSYoungGen      total 1255424K, used 1255136K [0x000000076b800000, 0x00000007bc680000, 0x00000007c0000000)
  eden space 1254912K, 100% used [0x000000076b800000,0x00000007b8180000,0x00000007b8180000)
  from space 512K, 43% used [0x00000007bbe80000,0x00000007bbeb8000,0x00000007bbf00000)
  to   space 7680K, 0% used [0x00000007bbf00000,0x00000007bbf00000,0x00000007bc680000)
 ParOldGen       total 173568K, used 13716K [0x00000006c2800000, 0x00000006cd180000, 0x000000076b800000)
  object space 173568K, 7% used [0x00000006c2800000,0x00000006c3565150,0x00000006cd180000)
 Metaspace       used 8389K, capacity 8774K, committed 8960K, reserved 1056768K
  class space    used 661K, capacity 690K, committed 768K, reserved 1048576K
Event: 5.473 GC heap after
Heap after GC invocations=14 (full 0):
 PSYoungGen      total 1196032K, used 224K [0x000000076b800000, 0x00000007bbf80000, 0x00000007c0000000)
  eden space 1195520K, 0% used [0x000000076b800000,0x000000076b800000,0x00000007b4780000)
  from space 512K, 43% used [0x00000007bbf00000,0x00000007bbf38000,0x00000007bbf80000)
  to   space 7168K, 0% used [0x00000007bb180000,0x00000007bb180000,0x00000007bb880000)
 ParOldGen       total 173568K, used 13740K [0x00000006c2800000, 0x00000006cd180000, 0x000000076b800000)
  object space 173568K, 7% used [0x00000006c2800000,0x00000006c356b150,0x00000006cd180000)
 Metaspace       used 8389K, capacity 8774K, committed 8960K, reserved 1056768K
  class space    used 661K, capacity 690K, committed 768K, reserved 1048576K
}
Event: 6.397 GC heap before
{Heap before GC invocations=15 (full 0):
 PSYoungGen      total 1196032K, used 1195744K [0x000000076b800000, 0x00000007bbf80000, 0x00000007c0000000)
  eden space 1195520K, 100% used [0x000000076b800000,0x00000007b4780000,0x00000007b4780000)
  from space 512K, 43% used [0x00000007bbf00000,0x00000007bbf38000,0x00000007bbf80000)
  to   space 7168K, 0% used [0x00000007bb180000,0x00000007bb180000,0x00000007bb880000)
 ParOldGen       total 173568K, used 13740K [0x00000006c2800000, 0x00000006cd180000, 0x000000076b800000)
  object space 173568K, 7% used [0x00000006c2800000,0x00000006c356b150,0x00000006cd180000)
 Metaspace       used 8395K, capacity 8774K, committed 8960K, reserved 1056768K
  class space    used 661K, capacity 690K, committed 768K, reserved 1048576K
Event: 6.397 GC heap after
Heap after GC invocations=15 (full 0):
 PSYoungGen      total 1146368K, used 224K [0x000000076b800000, 0x00000007bbf80000, 0x00000007c0000000)
  eden space 1139200K, 0% used [0x000000076b800000,0x000000076b800000,0x00000007b1080000)
  from space 7168K, 3% used [0x00000007bb180000,0x00000007bb1b8000,0x00000007bb880000)
  to   space 7168K, 0% used [0x00000007bb880000,0x00000007bb880000,0x00000007bbf80000)
 ParOldGen       total 173568K, used 13740K [0x00000006c2800000, 0x00000006cd180000, 0x000000076b800000)
  object space 173568K, 7% used [0x00000006c2800000,0x00000006c356b150,0x00000006cd180000)
 Metaspace       used 8395K, capacity 8774K, committed 8960K, reserved 1056768K
  class space    used 661K, capacity 690K, committed 768K, reserved 1048576K
}
Event: 7.233 GC heap before
{Heap before GC invocations=16 (full 0):
 PSYoungGen      total 1146368K, used 1139424K [0x000000076b800000, 0x00000007bbf80000, 0x00000007c0000000)
  eden space 1139200K, 100% used [0x000000076b800000,0x00000007b1080000,0x00000007b1080000)
  from space 7168K, 3% used [0x00000007bb180000,0x00000007bb1b8000,0x00000007bb880000)
  to   space 7168K, 0% used [0x00000007bb880000,0x00000007bb880000,0x00000007bbf80000)
 ParOldGen       total 173568K, used 13740K [0x00000006c2800000, 0x00000006cd180000, 0x000000076b800000)
  object space 173568K, 7% used [0x00000006c2800000,0x00000006c356b150,0x00000006cd180000)
 Metaspace       used 8395K, capacity 8774K, committed 8960K, reserved 1056768K
  class space    used 661K, capacity 690K, committed 768K, reserved 1048576K
Event: 7.234 GC heap after
Heap after GC invocations=16 (full 0):
 PSYoungGen      total 1085952K, used 128K [0x000000076b800000, 0x00000007bb900000, 0x00000007c0000000)
  eden space 1085440K, 0% used [0x000000076b800000,0x000000076b800000,0x00000007adc00000)
  from space 512K, 25% used [0x00000007bb880000,0x00000007bb8a0000,0x00000007bb900000)
  to   space 6656K, 0% used [0x00000007bac00000,0x00000007bac00000,0x00000007bb280000)
 ParOldGen       total 173568K, used 13764K [0x00000006c2800000, 0x00000006cd180000, 0x000000076b800000)
  object space 173568K, 7% used [0x00000006c2800000,0x00000006c3571150,0x00000006cd180000)
 Metaspace       used 8395K, capacity 8774K, committed 8960K, reserved 1056768K
  class space    used 661K, capacity 690K, committed 768K, reserved 1048576K
}
Event: 8.037 GC heap before
{Heap before GC invocations=17 (full 0):
 PSYoungGen      total 1085952K, used 1085568K [0x000000076b800000, 0x00000007bb900000, 0x00000007c0000000)
  eden space 1085440K, 100% used [0x000000076b800000,0x00000007adc00000,0x00000007adc00000)
  from space 512K, 25% used [0x00000007bb880000,0x00000007bb8a0000,0x00000007bb900000)
  to   space 6656K, 0% used [0x00000007bac00000,0x00000007bac00000,0x00000007bb280000)
 ParOldGen       total 173568K, used 13764K [0x00000006c2800000, 0x00000006cd180000, 0x000000076b800000)
  object space 173568K, 7% used [0x00000006c2800000,0x00000006c3571150,0x00000006cd180000)
 Metaspace       used 8402K, capacity 8774K, committed 8960K, reserved 1056768K
  class space    used 661K, capacity 690K, committed 768K, reserved 1048576K
Event: 8.037 GC heap after
Heap after GC invocations=17 (full 0):
 PSYoungGen      total 1040896K, used 256K [0x000000076b800000, 0x00000007bb900000, 0x00000007c0000000)
  eden space 1034240K, 0% used [0x000000076b800000,0x000000076b800000,0x00000007aaa00000)
  from space 6656K, 3% used [0x00000007bac00000,0x00000007bac40000,0x00000007bb280000)
  to   space 6144K, 0% used [0x00000007bb300000,0x00000007bb300000,0x00000007bb900000)
 ParOldGen       total 173568K, used 13764K [0x00000006c2800000, 0x00000006cd180000, 0x000000076b800000)
  object space 173568K, 7% used [0x00000006c2800000,0x00000006c3571150,0x00000006cd180000)
 Metaspace       used 8402K, capacity 8774K, committed 8960K, reserved 1056768K
  class space    used 661K, capacity 690K, committed 768K, reserved 1048576K
}

