# JRE version: Java(TM) SE Runtime Environment (8.0_65-b17) (build 1.8.0_65-b17)
# Java VM: Java HotSpot(TM) 64-Bit Server VM (25.65-b01 mixed mode windows-amd64 compressed oops)
Heap:
 PSYoungGen      total 345088K, used 130061K [0x000000076b800000, 0x0000000792c80000, 0x00000007c0000000)
  eden space 342016K, 37% used [0x000000076b800000,0x00000007736d36c8,0x0000000780600000)
  from space 3072K, 6% used [0x0000000792680000,0x00000007926b0000,0x0000000792980000)
  to   space 3072K, 0% used [0x0000000792980000,0x0000000792980000,0x0000000792c80000)
 ParOldGen       total 173568K, used 10268K [0x00000006c2800000, 0x00000006cd180000, 0x000000076b800000)
  object space 173568K, 5% used [0x00000006c2800000,0x00000006c3207380,0x00000006cd180000)
 Metaspace       used 8385K, capacity 8774K, committed 8960K, reserved 1056768K
  class space    used 662K, capacity 690K, committed 768K, reserved 1048576K
GC Heap History (10 events):
Event: 6.853 GC heap before
{Heap before GC invocations=23 (full 0):
 PSYoungGen      total 424448K, used 424160K [0x000000076b800000, 0x0000000793280000, 0x00000007c0000000)
  eden space 423936K, 100% used [0x000000076b800000,0x0000000785600000,0x0000000785600000)
  from space 512K, 43% used [0x0000000793200000,0x0000000793238000,0x0000000793280000)
  to   space 4096K, 0% used [0x0000000792a80000,0x0000000792a80000,0x0000000792e80000)
 ParOldGen       total 173568K, used 10244K [0x00000006c2800000, 0x00000006cd180000, 0x000000076b800000)
  object space 173568K, 5% used [0x00000006c2800000,0x00000006c3201380,0x00000006cd180000)
 Metaspace       used 8379K, capacity 8774K, committed 8960K, reserved 1056768K
  class space    used 661K, capacity 690K, committed 768K, reserved 1048576K
Event: 6.854 GC heap after
Heap after GC invocations=23 (full 0):
 PSYoungGen      total 410112K, used 224K [0x000000076b800000, 0x0000000793280000, 0x00000007c0000000)
  eden space 406016K, 0% used [0x000000076b800000,0x000000076b800000,0x0000000784480000)
  from space 4096K, 5% used [0x0000000792a80000,0x0000000792ab8000,0x0000000792e80000)
  to   space 3584K, 0% used [0x0000000792f00000,0x0000000792f00000,0x0000000793280000)
 ParOldGen       total 173568K, used 10268K [0x00000006c2800000, 0x00000006cd180000, 0x000000076b800000)
  object space 173568K, 5% used [0x00000006c2800000,0x00000006c3207380,0x00000006cd180000)
 Metaspace       used 8379K, capacity 8774K, committed 8960K, reserved 1056768K
  class space    used 661K, capacity 690K, committed 768K, reserved 1048576K
}
Event: 7.178 GC heap before
{Heap before GC invocations=24 (full 0):
 PSYoungGen      total 410112K, used 406240K [0x000000076b800000, 0x0000000793280000, 0x00000007c0000000)
  eden space 406016K, 100% used [0x000000076b800000,0x0000000784480000,0x0000000784480000)
  from space 4096K, 5% used [0x0000000792a80000,0x0000000792ab8000,0x0000000792e80000)
  to   space 3584K, 0% used [0x0000000792f00000,0x0000000792f00000,0x0000000793280000)
 ParOldGen       total 173568K, used 10268K [0x00000006c2800000, 0x00000006cd180000, 0x000000076b800000)
  object space 173568K, 5% used [0x00000006c2800000,0x00000006c3207380,0x00000006cd180000)
 Metaspace       used 8379K, capacity 8774K, committed 8960K, reserved 1056768K
  class space    used 661K, capacity 690K, committed 768K, reserved 1048576K
Event: 7.178 GC heap after
Heap after GC invocations=24 (full 0):
 PSYoungGen      total 389120K, used 192K [0x000000076b800000, 0x0000000792f80000, 0x00000007c0000000)
  eden space 388608K, 0% used [0x000000076b800000,0x000000076b800000,0x0000000783380000)
  from space 512K, 37% used [0x0000000792f00000,0x0000000792f30000,0x0000000792f80000)
  to   space 3584K, 0% used [0x0000000792880000,0x0000000792880000,0x0000000792c00000)
 ParOldGen       total 173568K, used 10268K [0x00000006c2800000, 0x00000006cd180000, 0x000000076b800000)
  object space 173568K, 5% used [0x00000006c2800000,0x00000006c3207380,0x00000006cd180000)
 Metaspace       used 8379K, capacity 8774K, committed 8960K, reserved 1056768K
  class space    used 661K, capacity 690K, committed 768K, reserved 1048576K
}
Event: 7.494 GC heap before
{Heap before GC invocations=25 (full 0):
 PSYoungGen      total 389120K, used 388800K [0x000000076b800000, 0x0000000792f80000, 0x00000007c0000000)
  eden space 388608K, 100% used [0x000000076b800000,0x0000000783380000,0x0000000783380000)
  from space 512K, 37% used [0x0000000792f00000,0x0000000792f30000,0x0000000792f80000)
  to   space 3584K, 0% used [0x0000000792880000,0x0000000792880000,0x0000000792c00000)
 ParOldGen       total 173568K, used 10268K [0x00000006c2800000, 0x00000006cd180000, 0x000000076b800000)
  object space 173568K, 5% used [0x00000006c2800000,0x00000006c3207380,0x00000006cd180000)
 Metaspace       used 8379K, capacity 8774K, committed 8960K, reserved 1056768K
  class space    used 661K, capacity 690K, committed 768K, reserved 1048576K
Event: 7.495 GC heap after
Heap after GC invocations=25 (full 0):
 PSYoungGen      total 375808K, used 192K [0x000000076b800000, 0x0000000792f80000, 0x00000007c0000000)
  eden space 372224K, 0% used [0x000000076b800000,0x000000076b800000,0x0000000782380000)
  from space 3584K, 5% used [0x0000000792880000,0x00000007928b0000,0x0000000792c00000)
  to   space 3584K, 0% used [0x0000000792c00000,0x0000000792c00000,0x0000000792f80000)
 ParOldGen       total 173568K, used 10268K [0x00000006c2800000, 0x00000006cd180000, 0x000000076b800000)
  object space 173568K, 5% used [0x00000006c2800000,0x00000006c3207380,0x00000006cd180000)
 Metaspace       used 8379K, capacity 8774K, committed 8960K, reserved 1056768K
  class space    used 661K, capacity 690K, committed 768K, reserved 1048576K
}
Event: 7.831 GC heap before
{Heap before GC invocations=26 (full 0):
 PSYoungGen      total 375808K, used 372416K [0x000000076b800000, 0x0000000792f80000, 0x00000007c0000000)
  eden space 372224K, 100% used [0x000000076b800000,0x0000000782380000,0x0000000782380000)
  from space 3584K, 5% used [0x0000000792880000,0x00000007928b0000,0x0000000792c00000)
  to   space 3584K, 0% used [0x0000000792c00000,0x0000000792c00000,0x0000000792f80000)
 ParOldGen       total 173568K, used 10268K [0x00000006c2800000, 0x00000006cd180000, 0x000000076b800000)
  object space 173568K, 5% used [0x00000006c2800000,0x00000006c3207380,0x00000006cd180000)
 Metaspace       used 8384K, capacity 8774K, committed 8960K, reserved 1056768K
  class space    used 661K, capacity 690K, committed 768K, reserved 1048576K
Event: 7.832 GC heap after
Heap after GC invocations=26 (full 0):
 PSYoungGen      total 357376K, used 224K [0x000000076b800000, 0x0000000792c80000, 0x00000007c0000000)
  eden space 356864K, 0% used [0x000000076b800000,0x000000076b800000,0x0000000781480000)
  from space 512K, 43% used [0x0000000792c00000,0x0000000792c38000,0x0000000792c80000)
  to   space 3072K, 0% used [0x0000000792680000,0x0000000792680000,0x0000000792980000)
 ParOldGen       total 173568K, used 10268K [0x00000006c2800000, 0x00000006cd180000, 0x000000076b800000)
  object space 173568K, 5% used [0x00000006c2800000,0x00000006c3207380,0x00000006cd180000)
 Metaspace       used 8384K, capacity 8774K, committed 8960K, reserved 1056768K
  class space    used 661K, capacity 690K, committed 768K, reserved 1048576K
}
Event: 8.174 GC heap before
{Heap before GC invocations=27 (full 0):
 PSYoungGen      total 357376K, used 357088K [0x000000076b800000, 0x0000000792c80000, 0x00000007c0000000)
  eden space 356864K, 100% used [0x000000076b800000,0x0000000781480000,0x0000000781480000)
  from space 512K, 43% used [0x0000000792c00000,0x0000000792c38000,0x0000000792c80000)
  to   space 3072K, 0% used [0x0000000792680000,0x0000000792680000,0x0000000792980000)
 ParOldGen       total 173568K, used 10268K [0x00000006c2800000, 0x00000006cd180000, 0x000000076b800000)
  object space 173568K, 5% used [0x00000006c2800000,0x00000006c3207380,0x00000006cd180000)
 Metaspace       used 8384K, capacity 8774K, committed 8960K, reserved 1056768K
  class space    used 662K, capacity 690K, committed 768K, reserved 1048576K
Event: 8.174 GC heap after
Heap after GC invocations=27 (full 0):
 PSYoungGen      total 345088K, used 192K [0x000000076b800000, 0x0000000792c80000, 0x00000007c0000000)
  eden space 342016K, 0% used [0x000000076b800000,0x000000076b800000,0x0000000780600000)
  from space 3072K, 6% used [0x0000000792680000,0x00000007926b0000,0x0000000792980000)
  to   space 3072K, 0% used [0x0000000792980000,0x0000000792980000,0x0000000792c80000)
 ParOldGen       total 173568K, used 10268K [0x00000006c2800000, 0x00000006cd180000, 0x000000076b800000)
  object space 173568K, 5% used [0x00000006c2800000,0x00000006c3207380,0x00000006cd180000)
 Metaspace       used 8384K, capacity 8774K, committed 8960K, reserved 1056768K
  class space    used 662K, capacity 690K, committed 768K, reserved 1048576K
}

