# JRE version: Java(TM) SE Runtime Environment (8.0_65-b17) (build 1.8.0_65-b17)
# Java VM: Java HotSpot(TM) 64-Bit Server VM (25.65-b01 mixed mode windows-amd64 compressed oops)
Heap:
 PSYoungGen      total 445952K, used 97110K [0x000000076b800000, 0x00000007af680000, 0x00000007c0000000)
  eden space 445440K, 21% used [0x000000076b800000,0x000000077169d928,0x0000000786b00000)
  from space 512K, 43% used [0x00000007af600000,0x00000007af638000,0x00000007af680000)
  to   space 3072K, 0% used [0x00000007af080000,0x00000007af080000,0x00000007af380000)
 ParOldGen       total 173568K, used 16529K [0x00000006c2800000, 0x00000006cd180000, 0x000000076b800000)
  object space 173568K, 9% used [0x00000006c2800000,0x00000006c38244b8,0x00000006cd180000)
 Metaspace       used 8354K, capacity 8774K, committed 8960K, reserved 1056768K
  class space    used 660K, capacity 690K, committed 768K, reserved 1048576K
GC Heap History (10 events):
Event: 6.603 GC heap before
{Heap before GC invocations=26 (full 0):
 PSYoungGen      total 561152K, used 557248K [0x000000076b800000, 0x00000007aff80000, 0x00000007c0000000)
  eden space 557056K, 100% used [0x000000076b800000,0x000000078d800000,0x000000078d800000)
  from space 4096K, 4% used [0x00000007af780000,0x00000007af7b0000,0x00000007afb80000)
  to   space 4096K, 0% used [0x00000007afb80000,0x00000007afb80000,0x00000007aff80000)
 ParOldGen       total 173568K, used 16497K [0x00000006c2800000, 0x00000006cd180000, 0x000000076b800000)
  object space 173568K, 9% used [0x00000006c2800000,0x00000006c381c4b8,0x00000006cd180000)
 Metaspace       used 8342K, capacity 8774K, committed 8960K, reserved 1056768K
  class space    used 660K, capacity 690K, committed 768K, reserved 1048576K
Event: 6.603 GC heap after
Heap after GC invocations=26 (full 0):
 PSYoungGen      total 532992K, used 224K [0x000000076b800000, 0x00000007afc00000, 0x00000007c0000000)
  eden space 532480K, 0% used [0x000000076b800000,0x000000076b800000,0x000000078c000000)
  from space 512K, 43% used [0x00000007afb80000,0x00000007afbb8000,0x00000007afc00000)
  to   space 3584K, 0% used [0x00000007af500000,0x00000007af500000,0x00000007af880000)
 ParOldGen       total 173568K, used 16521K [0x00000006c2800000, 0x00000006cd180000, 0x000000076b800000)
  object space 173568K, 9% used [0x00000006c2800000,0x00000006c38224b8,0x00000006cd180000)
 Metaspace       used 8342K, capacity 8774K, committed 8960K, reserved 1056768K
  class space    used 660K, capacity 690K, committed 768K, reserved 1048576K
}
Event: 7.038 GC heap before
{Heap before GC invocations=27 (full 0):
 PSYoungGen      total 532992K, used 532704K [0x000000076b800000, 0x00000007afc00000, 0x00000007c0000000)
  eden space 532480K, 100% used [0x000000076b800000,0x000000078c000000,0x000000078c000000)
  from space 512K, 43% used [0x00000007afb80000,0x00000007afbb8000,0x00000007afc00000)
  to   space 3584K, 0% used [0x00000007af500000,0x00000007af500000,0x00000007af880000)
 ParOldGen       total 173568K, used 16521K [0x00000006c2800000, 0x00000006cd180000, 0x000000076b800000)
  object space 173568K, 9% used [0x00000006c2800000,0x00000006c38224b8,0x00000006cd180000)
 Metaspace       used 8343K, capacity 8774K, committed 8960K, reserved 1056768K
  class space    used 660K, capacity 690K, committed 768K, reserved 1048576K
Event: 7.038 GC heap after
Heap after GC invocations=27 (full 0):
 PSYoungGen      total 512512K, used 224K [0x000000076b800000, 0x00000007afc00000, 0x00000007c0000000)
  eden space 508928K, 0% used [0x000000076b800000,0x000000076b800000,0x000000078a900000)
  from space 3584K, 6% used [0x00000007af500000,0x00000007af538000,0x00000007af880000)
  to   space 3584K, 0% used [0x00000007af880000,0x00000007af880000,0x00000007afc00000)
 ParOldGen       total 173568K, used 16521K [0x00000006c2800000, 0x00000006cd180000, 0x000000076b800000)
  object space 173568K, 9% used [0x00000006c2800000,0x00000006c38224b8,0x00000006cd180000)
 Metaspace       used 8343K, capacity 8774K, committed 8960K, reserved 1056768K
  class space    used 660K, capacity 690K, committed 768K, reserved 1048576K
}
Event: 7.428 GC heap before
{Heap before GC invocations=28 (full 0):
 PSYoungGen      total 512512K, used 509152K [0x000000076b800000, 0x00000007afc00000, 0x00000007c0000000)
  eden space 508928K, 100% used [0x000000076b800000,0x000000078a900000,0x000000078a900000)
  from space 3584K, 6% used [0x00000007af500000,0x00000007af538000,0x00000007af880000)
  to   space 3584K, 0% used [0x00000007af880000,0x00000007af880000,0x00000007afc00000)
 ParOldGen       total 173568K, used 16521K [0x00000006c2800000, 0x00000006cd180000, 0x000000076b800000)
  object space 173568K, 9% used [0x00000006c2800000,0x00000006c38224b8,0x00000006cd180000)
 Metaspace       used 8343K, capacity 8774K, committed 8960K, reserved 1056768K
  class space    used 660K, capacity 690K, committed 768K, reserved 1048576K
Event: 7.428 GC heap after
Heap after GC invocations=28 (full 0):
 PSYoungGen      total 486912K, used 192K [0x000000076b800000, 0x00000007af900000, 0x00000007c0000000)
  eden space 486400K, 0% used [0x000000076b800000,0x000000076b800000,0x0000000789300000)
  from space 512K, 37% used [0x00000007af880000,0x00000007af8b0000,0x00000007af900000)
  to   space 3584K, 0% used [0x00000007af200000,0x00000007af200000,0x00000007af580000)
 ParOldGen       total 173568K, used 16521K [0x00000006c2800000, 0x00000006cd180000, 0x000000076b800000)
  object space 173568K, 9% used [0x00000006c2800000,0x00000006c38224b8,0x00000006cd180000)
 Metaspace       used 8343K, capacity 8774K, committed 8960K, reserved 1056768K
  class space    used 660K, capacity 690K, committed 768K, reserved 1048576K
}
Event: 7.798 GC heap before
{Heap before GC invocations=29 (full 0):
 PSYoungGen      total 486912K, used 486592K [0x000000076b800000, 0x00000007af900000, 0x00000007c0000000)
  eden space 486400K, 100% used [0x000000076b800000,0x0000000789300000,0x0000000789300000)
  from space 512K, 37% used [0x00000007af880000,0x00000007af8b0000,0x00000007af900000)
  to   space 3584K, 0% used [0x00000007af200000,0x00000007af200000,0x00000007af580000)
 ParOldGen       total 173568K, used 16521K [0x00000006c2800000, 0x00000006cd180000, 0x000000076b800000)
  object space 173568K, 9% used [0x00000006c2800000,0x00000006c38224b8,0x00000006cd180000)
 Metaspace       used 8343K, capacity 8774K, committed 8960K, reserved 1056768K
  class space    used 660K, capacity 690K, committed 768K, reserved 1048576K
Event: 7.799 GC heap after
Heap after GC invocations=29 (full 0):
 PSYoungGen      total 468992K, used 192K [0x000000076b800000, 0x00000007af900000, 0x00000007c0000000)
  eden space 465408K, 0% used [0x000000076b800000,0x000000076b800000,0x0000000787e80000)
  from space 3584K, 5% used [0x00000007af200000,0x00000007af230000,0x00000007af580000)
  to   space 3072K, 0% used [0x00000007af600000,0x00000007af600000,0x00000007af900000)
 ParOldGen       total 173568K, used 16521K [0x00000006c2800000, 0x00000006cd180000, 0x000000076b800000)
  object space 173568K, 9% used [0x00000006c2800000,0x00000006c38224b8,0x00000006cd180000)
 Metaspace       used 8343K, capacity 8774K, committed 8960K, reserved 1056768K
  class space    used 660K, capacity 690K, committed 768K, reserved 1048576K
}
Event: 8.168 GC heap before
{Heap before GC invocations=30 (full 0):
 PSYoungGen      total 468992K, used 465600K [0x000000076b800000, 0x00000007af900000, 0x00000007c0000000)
  eden space 465408K, 100% used [0x000000076b800000,0x0000000787e80000,0x0000000787e80000)
  from space 3584K, 5% used [0x00000007af200000,0x00000007af230000,0x00000007af580000)
  to   space 3072K, 0% used [0x00000007af600000,0x00000007af600000,0x00000007af900000)
 ParOldGen       total 173568K, used 16521K [0x00000006c2800000, 0x00000006cd180000, 0x000000076b800000)
  object space 173568K, 9% used [0x00000006c2800000,0x00000006c38224b8,0x00000006cd180000)
 Metaspace       used 8354K, capacity 8774K, committed 8960K, reserved 1056768K
  class space    used 660K, capacity 690K, committed 768K, reserved 1048576K
Event: 8.168 GC heap after
Heap after GC invocations=30 (full 0):
 PSYoungGen      total 445952K, used 224K [0x000000076b800000, 0x00000007af680000, 0x00000007c0000000)
  eden space 445440K, 0% used [0x000000076b800000,0x000000076b800000,0x0000000786b00000)
  from space 512K, 43% used [0x00000007af600000,0x00000007af638000,0x00000007af680000)
  to   space 3072K, 0% used [0x00000007af080000,0x00000007af080000,0x00000007af380000)
 ParOldGen       total 173568K, used 16529K [0x00000006c2800000, 0x00000006cd180000, 0x000000076b800000)
  object space 173568K, 9% used [0x00000006c2800000,0x00000006c38244b8,0x00000006cd180000)
 Metaspace       used 8354K, capacity 8774K, committed 8960K, reserved 1056768K
  class space    used 660K, capacity 690K, committed 768K, reserved 1048576K
}

