# JRE version: Java(TM) SE Runtime Environment (8.0_65-b17) (build 1.8.0_65-b17)
# Java VM: Java HotSpot(TM) 64-Bit Server VM (25.65-b01 mixed mode windows-amd64 compressed oops)
Heap:
 PSYoungGen      total 525312K, used 321362K [0x000000076b800000, 0x000000078be00000, 0x00000007c0000000)
  eden space 520192K, 61% used [0x000000076b800000,0x000000077f1a4b40,0x000000078b400000)
  from space 5120K, 3% used [0x000000078b900000,0x000000078b930000,0x000000078be00000)
  to   space 5120K, 0% used [0x000000078b400000,0x000000078b400000,0x000000078b900000)
 ParOldGen       total 173568K, used 2074K [0x00000006c2800000, 0x00000006cd180000, 0x000000076b800000)
  object space 173568K, 1% used [0x00000006c2800000,0x00000006c2a068e8,0x00000006cd180000)
 Metaspace       used 9535K, capacity 9710K, committed 9856K, reserved 1058816K
  class space    used 772K, capacity 826K, committed 896K, reserved 1048576K
GC Heap History (10 events):
Event: 1.257 GC heap before
{Heap before GC invocations=4 (full 0):
 PSYoungGen      total 75776K, used 67094K [0x000000076b800000, 0x0000000774c00000, 0x00000007c0000000)
  eden space 65024K, 100% used [0x000000076b800000,0x000000076f780000,0x000000076f780000)
  from space 10752K, 19% used [0x000000076f780000,0x000000076f985878,0x0000000770200000)
  to   space 10752K, 0% used [0x0000000774180000,0x0000000774180000,0x0000000774c00000)
 ParOldGen       total 173568K, used 32K [0x00000006c2800000, 0x00000006cd180000, 0x000000076b800000)
  object space 173568K, 0% used [0x00000006c2800000,0x00000006c2808000,0x00000006cd180000)
 Metaspace       used 9515K, capacity 9646K, committed 9856K, reserved 1058816K
  class space    used 772K, capacity 826K, committed 896K, reserved 1048576K
Event: 1.258 GC heap after
Heap after GC invocations=4 (full 0):
 PSYoungGen      total 140800K, used 2118K [0x000000076b800000, 0x0000000774c00000, 0x00000007c0000000)
  eden space 130048K, 0% used [0x000000076b800000,0x000000076b800000,0x0000000773700000)
  from space 10752K, 19% used [0x0000000774180000,0x0000000774391868,0x0000000774c00000)
  to   space 10752K, 0% used [0x0000000773700000,0x0000000773700000,0x0000000774180000)
 ParOldGen       total 173568K, used 32K [0x00000006c2800000, 0x00000006cd180000, 0x000000076b800000)
  object space 173568K, 0% used [0x00000006c2800000,0x00000006c2808000,0x00000006cd180000)
 Metaspace       used 9515K, capacity 9646K, committed 9856K, reserved 1058816K
  class space    used 772K, capacity 826K, committed 896K, reserved 1048576K
}
Event: 1.356 GC heap before
{Heap before GC invocations=5 (full 0):
 PSYoungGen      total 140800K, used 132166K [0x000000076b800000, 0x0000000774c00000, 0x00000007c0000000)
  eden space 130048K, 100% used [0x000000076b800000,0x0000000773700000,0x0000000773700000)
  from space 10752K, 19% used [0x0000000774180000,0x0000000774391868,0x0000000774c00000)
  to   space 10752K, 0% used [0x0000000773700000,0x0000000773700000,0x0000000774180000)
 ParOldGen       total 173568K, used 32K [0x00000006c2800000, 0x00000006cd180000, 0x000000076b800000)
  object space 173568K, 0% used [0x00000006c2800000,0x00000006c2808000,0x00000006cd180000)
 Metaspace       used 9517K, capacity 9646K, committed 9856K, reserved 1058816K
  class space    used 772K, capacity 826K, committed 896K, reserved 1048576K
Event: 1.358 GC heap after
Heap after GC invocations=5 (full 0):
 PSYoungGen      total 140800K, used 2134K [0x000000076b800000, 0x000000077c000000, 0x00000007c0000000)
  eden space 130048K, 0% used [0x000000076b800000,0x000000076b800000,0x0000000773700000)
  from space 10752K, 19% used [0x0000000773700000,0x0000000773915878,0x0000000774180000)
  to   space 5120K, 0% used [0x000000077bb00000,0x000000077bb00000,0x000000077c000000)
 ParOldGen       total 173568K, used 40K [0x00000006c2800000, 0x00000006cd180000, 0x000000076b800000)
  object space 173568K, 0% used [0x00000006c2800000,0x00000006c280a000,0x00000006cd180000)
 Metaspace       used 9517K, capacity 9646K, committed 9856K, reserved 1058816K
  class space    used 772K, capacity 826K, committed 896K, reserved 1048576K
}
Event: 1.446 GC heap before
{Heap before GC invocations=6 (full 0):
 PSYoungGen      total 140800K, used 132182K [0x000000076b800000, 0x000000077c000000, 0x00000007c0000000)
  eden space 130048K, 100% used [0x000000076b800000,0x0000000773700000,0x0000000773700000)
  from space 10752K, 19% used [0x0000000773700000,0x0000000773915878,0x0000000774180000)
  to   space 5120K, 0% used [0x000000077bb00000,0x000000077bb00000,0x000000077c000000)
 ParOldGen       total 173568K, used 40K [0x00000006c2800000, 0x00000006cd180000, 0x000000076b800000)
  object space 173568K, 0% used [0x00000006c2800000,0x00000006c280a000,0x00000006cd180000)
 Metaspace       used 9517K, capacity 9646K, committed 9856K, reserved 1058816K
  class space    used 772K, capacity 826K, committed 896K, reserved 1048576K
Event: 1.448 GC heap after
Heap after GC invocations=6 (full 0):
 PSYoungGen      total 264192K, used 2134K [0x000000076b800000, 0x000000077bf00000, 0x00000007c0000000)
  eden space 260096K, 0% used [0x000000076b800000,0x000000076b800000,0x000000077b600000)
  from space 4096K, 52% used [0x000000077bb00000,0x000000077bd15878,0x000000077bf00000)
  to   space 4608K, 0% used [0x000000077b600000,0x000000077b600000,0x000000077ba80000)
 ParOldGen       total 173568K, used 48K [0x00000006c2800000, 0x00000006cd180000, 0x000000076b800000)
  object space 173568K, 0% used [0x00000006c2800000,0x00000006c280c000,0x00000006cd180000)
 Metaspace       used 9517K, capacity 9646K, committed 9856K, reserved 1058816K
  class space    used 772K, capacity 826K, committed 896K, reserved 1048576K
}
Event: 1.641 GC heap before
{Heap before GC invocations=7 (full 0):
 PSYoungGen      total 264192K, used 262230K [0x000000076b800000, 0x000000077bf00000, 0x00000007c0000000)
  eden space 260096K, 100% used [0x000000076b800000,0x000000077b600000,0x000000077b600000)
  from space 4096K, 52% used [0x000000077bb00000,0x000000077bd15878,0x000000077bf00000)
  to   space 4608K, 0% used [0x000000077b600000,0x000000077b600000,0x000000077ba80000)
 ParOldGen       total 173568K, used 48K [0x00000006c2800000, 0x00000006cd180000, 0x000000076b800000)
  object space 173568K, 0% used [0x00000006c2800000,0x00000006c280c000,0x00000006cd180000)
 Metaspace       used 9520K, capacity 9710K, committed 9856K, reserved 1058816K
  class space    used 772K, capacity 826K, committed 896K, reserved 1048576K
Event: 1.643 GC heap after
Heap after GC invocations=7 (full 0):
 PSYoungGen      total 264704K, used 96K [0x000000076b800000, 0x000000078be00000, 0x00000007c0000000)
  eden space 260096K, 0% used [0x000000076b800000,0x000000076b800000,0x000000077b600000)
  from space 4608K, 2% used [0x000000077b600000,0x000000077b618000,0x000000077ba80000)
  to   space 5120K, 0% used [0x000000078b900000,0x000000078b900000,0x000000078be00000)
 ParOldGen       total 173568K, used 2074K [0x00000006c2800000, 0x00000006cd180000, 0x000000076b800000)
  object space 173568K, 1% used [0x00000006c2800000,0x00000006c2a068e8,0x00000006cd180000)
 Metaspace       used 9520K, capacity 9710K, committed 9856K, reserved 1058816K
  class space    used 772K, capacity 826K, committed 896K, reserved 1048576K
}
Event: 1.813 GC heap before
{Heap before GC invocations=8 (full 0):
 PSYoungGen      total 264704K, used 260192K [0x000000076b800000, 0x000000078be00000, 0x00000007c0000000)
  eden space 260096K, 100% used [0x000000076b800000,0x000000077b600000,0x000000077b600000)
  from space 4608K, 2% used [0x000000077b600000,0x000000077b618000,0x000000077ba80000)
  to   space 5120K, 0% used [0x000000078b900000,0x000000078b900000,0x000000078be00000)
 ParOldGen       total 173568K, used 2074K [0x00000006c2800000, 0x00000006cd180000, 0x000000076b800000)
  object space 173568K, 1% used [0x00000006c2800000,0x00000006c2a068e8,0x00000006cd180000)
 Metaspace       used 9530K, capacity 9710K, committed 9856K, reserved 1058816K
  class space    used 772K, capacity 826K, committed 896K, reserved 1048576K
Event: 1.813 GC heap after
Heap after GC invocations=8 (full 0):
 PSYoungGen      total 525312K, used 192K [0x000000076b800000, 0x000000078be00000, 0x00000007c0000000)
  eden space 520192K, 0% used [0x000000076b800000,0x000000076b800000,0x000000078b400000)
  from space 5120K, 3% used [0x000000078b900000,0x000000078b930000,0x000000078be00000)
  to   space 5120K, 0% used [0x000000078b400000,0x000000078b400000,0x000000078b900000)
 ParOldGen       total 173568K, used 2074K [0x00000006c2800000, 0x00000006cd180000, 0x000000076b800000)
  object space 173568K, 1% used [0x00000006c2800000,0x00000006c2a068e8,0x00000006cd180000)
 Metaspace       used 9530K, capacity 9710K, committed 9856K, reserved 1058816K
  class space    used 772K, capacity 826K, committed 896K, reserved 1048576K
}

