# JRE version: Java(TM) SE Runtime Environment (8.0_65-b17) (build 1.8.0_65-b17)
# Java VM: Java HotSpot(TM) 64-Bit Server VM (25.65-b01 mixed mode windows-amd64 compressed oops)
Heap:
 PSYoungGen      total 73216K, used 30537K [0x000000076b800000, 0x000000078a780000, 0x00000007c0000000)
  eden space 72704K, 42% used [0x000000076b800000,0x000000076d5d2790,0x000000076ff00000)
  from space 512K, 0% used [0x000000078a680000,0x000000078a680000,0x000000078a700000)
  to   space 512K, 0% used [0x000000078a700000,0x000000078a700000,0x000000078a780000)
 ParOldGen       total 173568K, used 1272K [0x00000006c2800000, 0x00000006cd180000, 0x000000076b800000)
  object space 173568K, 0% used [0x00000006c2800000,0x00000006c293e050,0x00000006cd180000)
 Metaspace       used 7610K, capacity 8390K, committed 8576K, reserved 1056768K
  class space    used 592K, capacity 626K, committed 640K, reserved 1048576K
GC Heap History (10 events):
Event: 4.715 GC heap before
{Heap before GC invocations=43 (full 0):
 PSYoungGen      total 82944K, used 82432K [0x000000076b800000, 0x000000078a780000, 0x00000007c0000000)
  eden space 82432K, 100% used [0x000000076b800000,0x0000000770880000,0x0000000770880000)
  from space 512K, 0% used [0x000000078a700000,0x000000078a700000,0x000000078a780000)
  to   space 512K, 0% used [0x000000078a680000,0x000000078a680000,0x000000078a700000)
 ParOldGen       total 173568K, used 1272K [0x00000006c2800000, 0x00000006cd180000, 0x000000076b800000)
  object space 173568K, 0% used [0x00000006c2800000,0x00000006c293e050,0x00000006cd180000)
 Metaspace       used 7610K, capacity 8390K, committed 8576K, reserved 1056768K
  class space    used 592K, capacity 626K, committed 640K, reserved 1048576K
Event: 4.715 GC heap after
Heap after GC invocations=43 (full 0):
 PSYoungGen      total 80896K, used 0K [0x000000076b800000, 0x000000078a780000, 0x00000007c0000000)
  eden space 80384K, 0% used [0x000000076b800000,0x000000076b800000,0x0000000770680000)
  from space 512K, 0% used [0x000000078a680000,0x000000078a680000,0x000000078a700000)
  to   space 512K, 0% used [0x000000078a700000,0x000000078a700000,0x000000078a780000)
 ParOldGen       total 173568K, used 1272K [0x00000006c2800000, 0x00000006cd180000, 0x000000076b800000)
  object space 173568K, 0% used [0x00000006c2800000,0x00000006c293e050,0x00000006cd180000)
 Metaspace       used 7610K, capacity 8390K, committed 8576K, reserved 1056768K
  class space    used 592K, capacity 626K, committed 640K, reserved 1048576K
}
Event: 4.789 GC heap before
{Heap before GC invocations=44 (full 0):
 PSYoungGen      total 80896K, used 80384K [0x000000076b800000, 0x000000078a780000, 0x00000007c0000000)
  eden space 80384K, 100% used [0x000000076b800000,0x0000000770680000,0x0000000770680000)
  from space 512K, 0% used [0x000000078a680000,0x000000078a680000,0x000000078a700000)
  to   space 512K, 0% used [0x000000078a700000,0x000000078a700000,0x000000078a780000)
 ParOldGen       total 173568K, used 1272K [0x00000006c2800000, 0x00000006cd180000, 0x000000076b800000)
  object space 173568K, 0% used [0x00000006c2800000,0x00000006c293e050,0x00000006cd180000)
 Metaspace       used 7610K, capacity 8390K, committed 8576K, reserved 1056768K
  class space    used 592K, capacity 626K, committed 640K, reserved 1048576K
Event: 4.789 GC heap after
Heap after GC invocations=44 (full 0):
 PSYoungGen      total 78848K, used 0K [0x000000076b800000, 0x000000078a780000, 0x00000007c0000000)
  eden space 78336K, 0% used [0x000000076b800000,0x000000076b800000,0x0000000770480000)
  from space 512K, 0% used [0x000000078a700000,0x000000078a700000,0x000000078a780000)
  to   space 512K, 0% used [0x000000078a680000,0x000000078a680000,0x000000078a700000)
 ParOldGen       total 173568K, used 1272K [0x00000006c2800000, 0x00000006cd180000, 0x000000076b800000)
  object space 173568K, 0% used [0x00000006c2800000,0x00000006c293e050,0x00000006cd180000)
 Metaspace       used 7610K, capacity 8390K, committed 8576K, reserved 1056768K
  class space    used 592K, capacity 626K, committed 640K, reserved 1048576K
}
Event: 4.861 GC heap before
{Heap before GC invocations=45 (full 0):
 PSYoungGen      total 78848K, used 78336K [0x000000076b800000, 0x000000078a780000, 0x00000007c0000000)
  eden space 78336K, 100% used [0x000000076b800000,0x0000000770480000,0x0000000770480000)
  from space 512K, 0% used [0x000000078a700000,0x000000078a700000,0x000000078a780000)
  to   space 512K, 0% used [0x000000078a680000,0x000000078a680000,0x000000078a700000)
 ParOldGen       total 173568K, used 1272K [0x00000006c2800000, 0x00000006cd180000, 0x000000076b800000)
  object space 173568K, 0% used [0x00000006c2800000,0x00000006c293e050,0x00000006cd180000)
 Metaspace       used 7610K, capacity 8390K, committed 8576K, reserved 1056768K
  class space    used 592K, capacity 626K, committed 640K, reserved 1048576K
Event: 4.862 GC heap after
Heap after GC invocations=45 (full 0):
 PSYoungGen      total 76800K, used 0K [0x000000076b800000, 0x000000078a780000, 0x00000007c0000000)
  eden space 76288K, 0% used [0x000000076b800000,0x000000076b800000,0x0000000770280000)
  from space 512K, 0% used [0x000000078a680000,0x000000078a680000,0x000000078a700000)
  to   space 512K, 0% used [0x000000078a700000,0x000000078a700000,0x000000078a780000)
 ParOldGen       total 173568K, used 1272K [0x00000006c2800000, 0x00000006cd180000, 0x000000076b800000)
  object space 173568K, 0% used [0x00000006c2800000,0x00000006c293e050,0x00000006cd180000)
 Metaspace       used 7610K, capacity 8390K, committed 8576K, reserved 1056768K
  class space    used 592K, capacity 626K, committed 640K, reserved 1048576K
}
Event: 4.932 GC heap before
{Heap before GC invocations=46 (full 0):
 PSYoungGen      total 76800K, used 76288K [0x000000076b800000, 0x000000078a780000, 0x00000007c0000000)
  eden space 76288K, 100% used [0x000000076b800000,0x0000000770280000,0x0000000770280000)
  from space 512K, 0% used [0x000000078a680000,0x000000078a680000,0x000000078a700000)
  to   space 512K, 0% used [0x000000078a700000,0x000000078a700000,0x000000078a780000)
 ParOldGen       total 173568K, used 1272K [0x00000006c2800000, 0x00000006cd180000, 0x000000076b800000)
  object space 173568K, 0% used [0x00000006c2800000,0x00000006c293e050,0x00000006cd180000)
 Metaspace       used 7610K, capacity 8390K, committed 8576K, reserved 1056768K
  class space    used 592K, capacity 626K, committed 640K, reserved 1048576K
Event: 4.932 GC heap after
Heap after GC invocations=46 (full 0):
 PSYoungGen      total 74752K, used 0K [0x000000076b800000, 0x000000078a780000, 0x00000007c0000000)
  eden space 74240K, 0% used [0x000000076b800000,0x000000076b800000,0x0000000770080000)
  from space 512K, 0% used [0x000000078a700000,0x000000078a700000,0x000000078a780000)
  to   space 512K, 0% used [0x000000078a680000,0x000000078a680000,0x000000078a700000)
 ParOldGen       total 173568K, used 1272K [0x00000006c2800000, 0x00000006cd180000, 0x000000076b800000)
  object space 173568K, 0% used [0x00000006c2800000,0x00000006c293e050,0x00000006cd180000)
 Metaspace       used 7610K, capacity 8390K, committed 8576K, reserved 1056768K
  class space    used 592K, capacity 626K, committed 640K, reserved 1048576K
}
Event: 4.999 GC heap before
{Heap before GC invocations=47 (full 0):
 PSYoungGen      total 74752K, used 74240K [0x000000076b800000, 0x000000078a780000, 0x00000007c0000000)
  eden space 74240K, 100% used [0x000000076b800000,0x0000000770080000,0x0000000770080000)
  from space 512K, 0% used [0x000000078a700000,0x000000078a700000,0x000000078a780000)
  to   space 512K, 0% used [0x000000078a680000,0x000000078a680000,0x000000078a700000)
 ParOldGen       total 173568K, used 1272K [0x00000006c2800000, 0x00000006cd180000, 0x000000076b800000)
  object space 173568K, 0% used [0x00000006c2800000,0x00000006c293e050,0x00000006cd180000)
 Metaspace       used 7610K, capacity 8390K, committed 8576K, reserved 1056768K
  class space    used 592K, capacity 626K, committed 640K, reserved 1048576K
Event: 5.000 GC heap after
Heap after GC invocations=47 (full 0):
 PSYoungGen      total 73216K, used 0K [0x000000076b800000, 0x000000078a780000, 0x00000007c0000000)
  eden space 72704K, 0% used [0x000000076b800000,0x000000076b800000,0x000000076ff00000)
  from space 512K, 0% used [0x000000078a680000,0x000000078a680000,0x000000078a700000)
  to   space 512K, 0% used [0x000000078a700000,0x000000078a700000,0x000000078a780000)
 ParOldGen       total 173568K, used 1272K [0x00000006c2800000, 0x00000006cd180000, 0x000000076b800000)
  object space 173568K, 0% used [0x00000006c2800000,0x00000006c293e050,0x00000006cd180000)
 Metaspace       used 7610K, capacity 8390K, committed 8576K, reserved 1056768K
  class space    used 592K, capacity 626K, committed 640K, reserved 1048576K
}

