# JRE version: Java(TM) SE Runtime Environment (8.0_65-b17) (build 1.8.0_65-b17)
# Java VM: Java HotSpot(TM) 64-Bit Server VM (25.65-b01 mixed mode windows-amd64 compressed oops)
Heap:
 PSYoungGen      total 875008K, used 426425K [0x000000076b800000, 0x00000007aba80000, 0x00000007c0000000)
  eden space 874496K, 48% used [0x000000076b800000,0x0000000785836458,0x00000007a0e00000)
  from space 512K, 43% used [0x00000007aba00000,0x00000007aba38000,0x00000007aba80000)
  to   space 9728K, 0% used [0x00000007aa780000,0x00000007aa780000,0x00000007ab100000)
 ParOldGen       total 173568K, used 25722K [0x00000006c2800000, 0x00000006cd180000, 0x000000076b800000)
  object space 173568K, 14% used [0x00000006c2800000,0x00000006c411ea70,0x00000006cd180000)
 Metaspace       used 8287K, capacity 8710K, committed 8960K, reserved 1056768K
  class space    used 656K, capacity 690K, committed 768K, reserved 1048576K
GC Heap History (10 events):
Event: 2.790 GC heap before
{Heap before GC invocations=14 (full 0):
 PSYoungGen      total 674304K, used 661728K [0x000000076b800000, 0x00000007ada00000, 0x00000007c0000000)
  eden space 661504K, 100% used [0x000000076b800000,0x0000000793e00000,0x0000000793e00000)
  from space 12800K, 1% used [0x0000000793e00000,0x0000000793e38000,0x0000000794a80000)
  to   space 12288K, 0% used [0x00000007ace00000,0x00000007ace00000,0x00000007ada00000)
 ParOldGen       total 173568K, used 25674K [0x00000006c2800000, 0x00000006cd180000, 0x000000076b800000)
  object space 173568K, 14% used [0x00000006c2800000,0x00000006c4112a70,0x00000006cd180000)
 Metaspace       used 8257K, capacity 8646K, committed 8960K, reserved 1056768K
  class space    used 656K, capacity 690K, committed 768K, reserved 1048576K
Event: 2.790 GC heap after
Heap after GC invocations=14 (full 0):
 PSYoungGen      total 1070080K, used 224K [0x000000076b800000, 0x00000007ad900000, 0x00000007c0000000)
  eden space 1058816K, 0% used [0x000000076b800000,0x000000076b800000,0x00000007ac200000)
  from space 11264K, 1% used [0x00000007ace00000,0x00000007ace38000,0x00000007ad900000)
  to   space 11776K, 0% used [0x00000007ac200000,0x00000007ac200000,0x00000007acd80000)
 ParOldGen       total 173568K, used 25674K [0x00000006c2800000, 0x00000006cd180000, 0x000000076b800000)
  object space 173568K, 14% used [0x00000006c2800000,0x00000006c4112a70,0x00000006cd180000)
 Metaspace       used 8257K, capacity 8646K, committed 8960K, reserved 1056768K
  class space    used 656K, capacity 690K, committed 768K, reserved 1048576K
}
Event: 3.682 GC heap before
{Heap before GC invocations=15 (full 0):
 PSYoungGen      total 1070080K, used 1059040K [0x000000076b800000, 0x00000007ad900000, 0x00000007c0000000)
  eden space 1058816K, 100% used [0x000000076b800000,0x00000007ac200000,0x00000007ac200000)
  from space 11264K, 1% used [0x00000007ace00000,0x00000007ace38000,0x00000007ad900000)
  to   space 11776K, 0% used [0x00000007ac200000,0x00000007ac200000,0x00000007acd80000)
 ParOldGen       total 173568K, used 25674K [0x00000006c2800000, 0x00000006cd180000, 0x000000076b800000)
  object space 173568K, 14% used [0x00000006c2800000,0x00000006c4112a70,0x00000006cd180000)
 Metaspace       used 8279K, capacity 8710K, committed 8960K, reserved 1056768K
  class space    used 656K, capacity 690K, committed 768K, reserved 1048576K
Event: 3.683 GC heap after
Heap after GC invocations=15 (full 0):
 PSYoungGen      total 1009664K, used 160K [0x000000076b800000, 0x00000007ace80000, 0x00000007c0000000)
  eden space 1009152K, 0% used [0x000000076b800000,0x000000076b800000,0x00000007a9180000)
  from space 512K, 31% used [0x00000007ac200000,0x00000007ac228000,0x00000007ac280000)
  to   space 11264K, 0% used [0x00000007ac380000,0x00000007ac380000,0x00000007ace80000)
 ParOldGen       total 173568K, used 25682K [0x00000006c2800000, 0x00000006cd180000, 0x000000076b800000)
  object space 173568K, 14% used [0x00000006c2800000,0x00000006c4114a70,0x00000006cd180000)
 Metaspace       used 8279K, capacity 8710K, committed 8960K, reserved 1056768K
  class space    used 656K, capacity 690K, committed 768K, reserved 1048576K
}
Event: 4.462 GC heap before
{Heap before GC invocations=16 (full 0):
 PSYoungGen      total 1009664K, used 1009312K [0x000000076b800000, 0x00000007ace80000, 0x00000007c0000000)
  eden space 1009152K, 100% used [0x000000076b800000,0x00000007a9180000,0x00000007a9180000)
  from space 512K, 31% used [0x00000007ac200000,0x00000007ac228000,0x00000007ac280000)
  to   space 11264K, 0% used [0x00000007ac380000,0x00000007ac380000,0x00000007ace80000)
 ParOldGen       total 173568K, used 25682K [0x00000006c2800000, 0x00000006cd180000, 0x000000076b800000)
  object space 173568K, 14% used [0x00000006c2800000,0x00000006c4114a70,0x00000006cd180000)
 Metaspace       used 8281K, capacity 8710K, committed 8960K, reserved 1056768K
  class space    used 656K, capacity 690K, committed 768K, reserved 1048576K
Event: 4.463 GC heap after
Heap after GC invocations=16 (full 0):
 PSYoungGen      total 962560K, used 224K [0x000000076b800000, 0x00000007ac400000, 0x00000007c0000000)
  eden space 962048K, 0% used [0x000000076b800000,0x000000076b800000,0x00000007a6380000)
  from space 512K, 43% used [0x00000007ac380000,0x00000007ac3b8000,0x00000007ac400000)
  to   space 10752K, 0% used [0x00000007aaf00000,0x00000007aaf00000,0x00000007ab980000)
 ParOldGen       total 173568K, used 25714K [0x00000006c2800000, 0x00000006cd180000, 0x000000076b800000)
  object space 173568K, 14% used [0x00000006c2800000,0x00000006c411ca70,0x00000006cd180000)
 Metaspace       used 8281K, capacity 8710K, committed 8960K, reserved 1056768K
  class space    used 656K, capacity 690K, committed 768K, reserved 1048576K
}
Event: 5.191 GC heap before
{Heap before GC invocations=17 (full 0):
 PSYoungGen      total 962560K, used 962272K [0x000000076b800000, 0x00000007ac400000, 0x00000007c0000000)
  eden space 962048K, 100% used [0x000000076b800000,0x00000007a6380000,0x00000007a6380000)
  from space 512K, 43% used [0x00000007ac380000,0x00000007ac3b8000,0x00000007ac400000)
  to   space 10752K, 0% used [0x00000007aaf00000,0x00000007aaf00000,0x00000007ab980000)
 ParOldGen       total 173568K, used 25714K [0x00000006c2800000, 0x00000006cd180000, 0x000000076b800000)
  object space 173568K, 14% used [0x00000006c2800000,0x00000006c411ca70,0x00000006cd180000)
 Metaspace       used 8281K, capacity 8710K, committed 8960K, reserved 1056768K
  class space    used 656K, capacity 690K, committed 768K, reserved 1048576K
Event: 5.192 GC heap after
Heap after GC invocations=17 (full 0):
 PSYoungGen      total 927744K, used 224K [0x000000076b800000, 0x00000007ac400000, 0x00000007c0000000)
  eden space 916992K, 0% used [0x000000076b800000,0x000000076b800000,0x00000007a3780000)
  from space 10752K, 2% used [0x00000007aaf00000,0x00000007aaf38000,0x00000007ab980000)
  to   space 10240K, 0% used [0x00000007aba00000,0x00000007aba00000,0x00000007ac400000)
 ParOldGen       total 173568K, used 25722K [0x00000006c2800000, 0x00000006cd180000, 0x000000076b800000)
  object space 173568K, 14% used [0x00000006c2800000,0x00000006c411ea70,0x00000006cd180000)
 Metaspace       used 8281K, capacity 8710K, committed 8960K, reserved 1056768K
  class space    used 656K, capacity 690K, committed 768K, reserved 1048576K
}
Event: 5.894 GC heap before
{Heap before GC invocations=18 (full 0):
 PSYoungGen      total 927744K, used 917216K [0x000000076b800000, 0x00000007ac400000, 0x00000007c0000000)
  eden space 916992K, 100% used [0x000000076b800000,0x00000007a3780000,0x00000007a3780000)
  from space 10752K, 2% used [0x00000007aaf00000,0x00000007aaf38000,0x00000007ab980000)
  to   space 10240K, 0% used [0x00000007aba00000,0x00000007aba00000,0x00000007ac400000)
 ParOldGen       total 173568K, used 25722K [0x00000006c2800000, 0x00000006cd180000, 0x000000076b800000)
  object space 173568K, 14% used [0x00000006c2800000,0x00000006c411ea70,0x00000006cd180000)
 Metaspace       used 8286K, capacity 8710K, committed 8960K, reserved 1056768K
  class space    used 656K, capacity 690K, committed 768K, reserved 1048576K
Event: 5.895 GC heap after
Heap after GC invocations=18 (full 0):
 PSYoungGen      total 875008K, used 224K [0x000000076b800000, 0x00000007aba80000, 0x00000007c0000000)
  eden space 874496K, 0% used [0x000000076b800000,0x000000076b800000,0x00000007a0e00000)
  from space 512K, 43% used [0x00000007aba00000,0x00000007aba38000,0x00000007aba80000)
  to   space 9728K, 0% used [0x00000007aa780000,0x00000007aa780000,0x00000007ab100000)
 ParOldGen       total 173568K, used 25722K [0x00000006c2800000, 0x00000006cd180000, 0x000000076b800000)
  object space 173568K, 14% used [0x00000006c2800000,0x00000006c411ea70,0x00000006cd180000)
 Metaspace       used 8286K, capacity 8710K, committed 8960K, reserved 1056768K
  class space    used 656K, capacity 690K, committed 768K, reserved 1048576K
}

