# JRE version: Java(TM) SE Runtime Environment (8.0_65-b17) (build 1.8.0_65-b17)
# Java VM: Java HotSpot(TM) 64-Bit Server VM (25.65-b01 mixed mode windows-amd64 compressed oops)
Heap:
 PSYoungGen      total 354304K, used 74360K [0x000000076b800000, 0x00000007a9b00000, 0x00000007c0000000)
  eden space 353792K, 20% used [0x000000076b800000,0x000000077006e058,0x0000000781180000)
  from space 512K, 37% used [0x00000007a9a80000,0x00000007a9ab0000,0x00000007a9b00000)
  to   space 2048K, 0% used [0x00000007a9700000,0x00000007a9700000,0x00000007a9900000)
 ParOldGen       total 173568K, used 17769K [0x00000006c2800000, 0x00000006cd180000, 0x000000076b800000)
  object space 173568K, 10% used [0x00000006c2800000,0x00000006c395a5f0,0x00000006cd180000)
 Metaspace       used 8347K, capacity 8774K, committed 8960K, reserved 1056768K
  class space    used 658K, capacity 690K, committed 768K, reserved 1048576K
GC Heap History (10 events):
Event: 14.228 GC heap before
{Heap before GC invocations=34 (full 0):
 PSYoungGen      total 442368K, used 439520K [0x000000076b800000, 0x00000007aa100000, 0x00000007c0000000)
  eden space 439296K, 100% used [0x000000076b800000,0x0000000786500000,0x0000000786500000)
  from space 3072K, 7% used [0x00000007a9b00000,0x00000007a9b38000,0x00000007a9e00000)
  to   space 3072K, 0% used [0x00000007a9e00000,0x00000007a9e00000,0x00000007aa100000)
 ParOldGen       total 173568K, used 17745K [0x00000006c2800000, 0x00000006cd180000, 0x000000076b800000)
  object space 173568K, 10% used [0x00000006c2800000,0x00000006c39545f0,0x00000006cd180000)
 Metaspace       used 8347K, capacity 8710K, committed 8960K, reserved 1056768K
  class space    used 658K, capacity 690K, committed 768K, reserved 1048576K
Event: 14.229 GC heap after
Heap after GC invocations=34 (full 0):
 PSYoungGen      total 420864K, used 224K [0x000000076b800000, 0x00000007a9e80000, 0x00000007c0000000)
  eden space 420352K, 0% used [0x000000076b800000,0x000000076b800000,0x0000000785280000)
  from space 512K, 43% used [0x00000007a9e00000,0x00000007a9e38000,0x00000007a9e80000)
  to   space 2560K, 0% used [0x00000007a9980000,0x00000007a9980000,0x00000007a9c00000)
 ParOldGen       total 173568K, used 17769K [0x00000006c2800000, 0x00000006cd180000, 0x000000076b800000)
  object space 173568K, 10% used [0x00000006c2800000,0x00000006c395a5f0,0x00000006cd180000)
 Metaspace       used 8347K, capacity 8710K, committed 8960K, reserved 1056768K
  class space    used 658K, capacity 690K, committed 768K, reserved 1048576K
}
Event: 14.551 GC heap before
{Heap before GC invocations=35 (full 0):
 PSYoungGen      total 420864K, used 420576K [0x000000076b800000, 0x00000007a9e80000, 0x00000007c0000000)
  eden space 420352K, 100% used [0x000000076b800000,0x0000000785280000,0x0000000785280000)
  from space 512K, 43% used [0x00000007a9e00000,0x00000007a9e38000,0x00000007a9e80000)
  to   space 2560K, 0% used [0x00000007a9980000,0x00000007a9980000,0x00000007a9c00000)
 ParOldGen       total 173568K, used 17769K [0x00000006c2800000, 0x00000006cd180000, 0x000000076b800000)
  object space 173568K, 10% used [0x00000006c2800000,0x00000006c395a5f0,0x00000006cd180000)
 Metaspace       used 8347K, capacity 8710K, committed 8960K, reserved 1056768K
  class space    used 658K, capacity 690K, committed 768K, reserved 1048576K
Event: 14.552 GC heap after
Heap after GC invocations=35 (full 0):
 PSYoungGen      total 404992K, used 256K [0x000000076b800000, 0x00000007a9e80000, 0x00000007c0000000)
  eden space 402432K, 0% used [0x000000076b800000,0x000000076b800000,0x0000000784100000)
  from space 2560K, 10% used [0x00000007a9980000,0x00000007a99c0000,0x00000007a9c00000)
  to   space 2560K, 0% used [0x00000007a9c00000,0x00000007a9c00000,0x00000007a9e80000)
 ParOldGen       total 173568K, used 17769K [0x00000006c2800000, 0x00000006cd180000, 0x000000076b800000)
  object space 173568K, 10% used [0x00000006c2800000,0x00000006c395a5f0,0x00000006cd180000)
 Metaspace       used 8347K, capacity 8710K, committed 8960K, reserved 1056768K
  class space    used 658K, capacity 690K, committed 768K, reserved 1048576K
}
Event: 14.885 GC heap before
{Heap before GC invocations=36 (full 0):
 PSYoungGen      total 404992K, used 402688K [0x000000076b800000, 0x00000007a9e80000, 0x00000007c0000000)
  eden space 402432K, 100% used [0x000000076b800000,0x0000000784100000,0x0000000784100000)
  from space 2560K, 10% used [0x00000007a9980000,0x00000007a99c0000,0x00000007a9c00000)
  to   space 2560K, 0% used [0x00000007a9c00000,0x00000007a9c00000,0x00000007a9e80000)
 ParOldGen       total 173568K, used 17769K [0x00000006c2800000, 0x00000006cd180000, 0x000000076b800000)
  object space 173568K, 10% used [0x00000006c2800000,0x00000006c395a5f0,0x00000006cd180000)
 Metaspace       used 8347K, capacity 8710K, committed 8960K, reserved 1056768K
  class space    used 658K, capacity 690K, committed 768K, reserved 1048576K
Event: 14.886 GC heap after
Heap after GC invocations=36 (full 0):
 PSYoungGen      total 386048K, used 224K [0x000000076b800000, 0x00000007a9c80000, 0x00000007c0000000)
  eden space 385536K, 0% used [0x000000076b800000,0x000000076b800000,0x0000000783080000)
  from space 512K, 43% used [0x00000007a9c00000,0x00000007a9c38000,0x00000007a9c80000)
  to   space 2560K, 0% used [0x00000007a9780000,0x00000007a9780000,0x00000007a9a00000)
 ParOldGen       total 173568K, used 17769K [0x00000006c2800000, 0x00000006cd180000, 0x000000076b800000)
  object space 173568K, 10% used [0x00000006c2800000,0x00000006c395a5f0,0x00000006cd180000)
 Metaspace       used 8347K, capacity 8710K, committed 8960K, reserved 1056768K
  class space    used 658K, capacity 690K, committed 768K, reserved 1048576K
}
Event: 15.189 GC heap before
{Heap before GC invocations=37 (full 0):
 PSYoungGen      total 386048K, used 385760K [0x000000076b800000, 0x00000007a9c80000, 0x00000007c0000000)
  eden space 385536K, 100% used [0x000000076b800000,0x0000000783080000,0x0000000783080000)
  from space 512K, 43% used [0x00000007a9c00000,0x00000007a9c38000,0x00000007a9c80000)
  to   space 2560K, 0% used [0x00000007a9780000,0x00000007a9780000,0x00000007a9a00000)
 ParOldGen       total 173568K, used 17769K [0x00000006c2800000, 0x00000006cd180000, 0x000000076b800000)
  object space 173568K, 10% used [0x00000006c2800000,0x00000006c395a5f0,0x00000006cd180000)
 Metaspace       used 8347K, capacity 8710K, committed 8960K, reserved 1056768K
  class space    used 658K, capacity 690K, committed 768K, reserved 1048576K
Event: 15.189 GC heap after
Heap after GC invocations=37 (full 0):
 PSYoungGen      total 371712K, used 224K [0x000000076b800000, 0x00000007a9c80000, 0x00000007c0000000)
  eden space 369152K, 0% used [0x000000076b800000,0x000000076b800000,0x0000000782080000)
  from space 2560K, 8% used [0x00000007a9780000,0x00000007a97b8000,0x00000007a9a00000)
  to   space 2048K, 0% used [0x00000007a9a80000,0x00000007a9a80000,0x00000007a9c80000)
 ParOldGen       total 173568K, used 17769K [0x00000006c2800000, 0x00000006cd180000, 0x000000076b800000)
  object space 173568K, 10% used [0x00000006c2800000,0x00000006c395a5f0,0x00000006cd180000)
 Metaspace       used 8347K, capacity 8710K, committed 8960K, reserved 1056768K
  class space    used 658K, capacity 690K, committed 768K, reserved 1048576K
}
Event: 15.462 GC heap before
{Heap before GC invocations=38 (full 0):
 PSYoungGen      total 371712K, used 369376K [0x000000076b800000, 0x00000007a9c80000, 0x00000007c0000000)
  eden space 369152K, 100% used [0x000000076b800000,0x0000000782080000,0x0000000782080000)
  from space 2560K, 8% used [0x00000007a9780000,0x00000007a97b8000,0x00000007a9a00000)
  to   space 2048K, 0% used [0x00000007a9a80000,0x00000007a9a80000,0x00000007a9c80000)
 ParOldGen       total 173568K, used 17769K [0x00000006c2800000, 0x00000006cd180000, 0x000000076b800000)
  object space 173568K, 10% used [0x00000006c2800000,0x00000006c395a5f0,0x00000006cd180000)
 Metaspace       used 8347K, capacity 8710K, committed 8960K, reserved 1056768K
  class space    used 658K, capacity 690K, committed 768K, reserved 1048576K
Event: 15.463 GC heap after
Heap after GC invocations=38 (full 0):
 PSYoungGen      total 354304K, used 192K [0x000000076b800000, 0x00000007a9b00000, 0x00000007c0000000)
  eden space 353792K, 0% used [0x000000076b800000,0x000000076b800000,0x0000000781180000)
  from space 512K, 37% used [0x00000007a9a80000,0x00000007a9ab0000,0x00000007a9b00000)
  to   space 2048K, 0% used [0x00000007a9700000,0x00000007a9700000,0x00000007a9900000)
 ParOldGen       total 173568K, used 17769K [0x00000006c2800000, 0x00000006cd180000, 0x000000076b800000)
  object space 173568K, 10% used [0x00000006c2800000,0x00000006c395a5f0,0x00000006cd180000)
 Metaspace       used 8347K, capacity 8710K, committed 8960K, reserved 1056768K
  class space    used 658K, capacity 690K, committed 768K, reserved 1048576K
}

