# JRE version: Java(TM) SE Runtime Environment (8.0_65-b17) (build 1.8.0_65-b17)
# Java VM: Java HotSpot(TM) 64-Bit Server VM (25.65-b01 mixed mode windows-amd64 compressed oops)
Heap:
 PSYoungGen      total 62464K, used 33371K [0x000000076b800000, 0x0000000784100000, 0x00000007c0000000)
  eden space 61952K, 53% used [0x000000076b800000,0x000000076d87ed70,0x000000076f480000)
  from space 512K, 18% used [0x0000000784080000,0x0000000784098000,0x0000000784100000)
  to   space 512K, 0% used [0x0000000784000000,0x0000000784000000,0x0000000784080000)
 ParOldGen       total 173568K, used 1348K [0x00000006c2800000, 0x00000006cd180000, 0x000000076b800000)
  object space 173568K, 0% used [0x00000006c2800000,0x00000006c2951060,0x00000006cd180000)
 Metaspace       used 8035K, capacity 8582K, committed 8704K, reserved 1056768K
  class space    used 645K, capacity 690K, committed 768K, reserved 1048576K
GC Heap History (10 events):
Event: 6.440 GC heap before
{Heap before GC invocations=52 (full 0):
 PSYoungGen      total 70144K, used 69760K [0x000000076b800000, 0x0000000784100000, 0x00000007c0000000)
  eden space 69632K, 100% used [0x000000076b800000,0x000000076fc00000,0x000000076fc00000)
  from space 512K, 25% used [0x0000000784000000,0x0000000784020000,0x0000000784080000)
  to   space 512K, 0% used [0x0000000784080000,0x0000000784080000,0x0000000784100000)
 ParOldGen       total 173568K, used 1348K [0x00000006c2800000, 0x00000006cd180000, 0x000000076b800000)
  object space 173568K, 0% used [0x00000006c2800000,0x00000006c2951060,0x00000006cd180000)
 Metaspace       used 8035K, capacity 8582K, committed 8704K, reserved 1056768K
  class space    used 645K, capacity 690K, committed 768K, reserved 1048576K
Event: 6.441 GC heap after
Heap after GC invocations=52 (full 0):
 PSYoungGen      total 68608K, used 128K [0x000000076b800000, 0x0000000784100000, 0x00000007c0000000)
  eden space 68096K, 0% used [0x000000076b800000,0x000000076b800000,0x000000076fa80000)
  from space 512K, 25% used [0x0000000784080000,0x00000007840a0000,0x0000000784100000)
  to   space 512K, 0% used [0x0000000784000000,0x0000000784000000,0x0000000784080000)
 ParOldGen       total 173568K, used 1348K [0x00000006c2800000, 0x00000006cd180000, 0x000000076b800000)
  object space 173568K, 0% used [0x00000006c2800000,0x00000006c2951060,0x00000006cd180000)
 Metaspace       used 8035K, capacity 8582K, committed 8704K, reserved 1056768K
  class space    used 645K, capacity 690K, committed 768K, reserved 1048576K
}
Event: 6.517 GC heap before
{Heap before GC invocations=53 (full 0):
 PSYoungGen      total 68608K, used 68224K [0x000000076b800000, 0x0000000784100000, 0x00000007c0000000)
  eden space 68096K, 100% used [0x000000076b800000,0x000000076fa80000,0x000000076fa80000)
  from space 512K, 25% used [0x0000000784080000,0x00000007840a0000,0x0000000784100000)
  to   space 512K, 0% used [0x0000000784000000,0x0000000784000000,0x0000000784080000)
 ParOldGen       total 173568K, used 1348K [0x00000006c2800000, 0x00000006cd180000, 0x000000076b800000)
  object space 173568K, 0% used [0x00000006c2800000,0x00000006c2951060,0x00000006cd180000)
 Metaspace       used 8035K, capacity 8582K, committed 8704K, reserved 1056768K
  class space    used 645K, capacity 690K, committed 768K, reserved 1048576K
Event: 6.518 GC heap after
Heap after GC invocations=53 (full 0):
 PSYoungGen      total 67072K, used 160K [0x000000076b800000, 0x0000000784100000, 0x00000007c0000000)
  eden space 66560K, 0% used [0x000000076b800000,0x000000076b800000,0x000000076f900000)
  from space 512K, 31% used [0x0000000784000000,0x0000000784028000,0x0000000784080000)
  to   space 512K, 0% used [0x0000000784080000,0x0000000784080000,0x0000000784100000)
 ParOldGen       total 173568K, used 1348K [0x00000006c2800000, 0x00000006cd180000, 0x000000076b800000)
  object space 173568K, 0% used [0x00000006c2800000,0x00000006c2951060,0x00000006cd180000)
 Metaspace       used 8035K, capacity 8582K, committed 8704K, reserved 1056768K
  class space    used 645K, capacity 690K, committed 768K, reserved 1048576K
}
Event: 6.592 GC heap before
{Heap before GC invocations=54 (full 0):
 PSYoungGen      total 67072K, used 66720K [0x000000076b800000, 0x0000000784100000, 0x00000007c0000000)
  eden space 66560K, 100% used [0x000000076b800000,0x000000076f900000,0x000000076f900000)
  from space 512K, 31% used [0x0000000784000000,0x0000000784028000,0x0000000784080000)
  to   space 512K, 0% used [0x0000000784080000,0x0000000784080000,0x0000000784100000)
 ParOldGen       total 173568K, used 1348K [0x00000006c2800000, 0x00000006cd180000, 0x000000076b800000)
  object space 173568K, 0% used [0x00000006c2800000,0x00000006c2951060,0x00000006cd180000)
 Metaspace       used 8035K, capacity 8582K, committed 8704K, reserved 1056768K
  class space    used 645K, capacity 690K, committed 768K, reserved 1048576K
Event: 6.593 GC heap after
Heap after GC invocations=54 (full 0):
 PSYoungGen      total 65536K, used 128K [0x000000076b800000, 0x0000000784100000, 0x00000007c0000000)
  eden space 65024K, 0% used [0x000000076b800000,0x000000076b800000,0x000000076f780000)
  from space 512K, 25% used [0x0000000784080000,0x00000007840a0000,0x0000000784100000)
  to   space 512K, 0% used [0x0000000784000000,0x0000000784000000,0x0000000784080000)
 ParOldGen       total 173568K, used 1348K [0x00000006c2800000, 0x00000006cd180000, 0x000000076b800000)
  object space 173568K, 0% used [0x00000006c2800000,0x00000006c2951060,0x00000006cd180000)
 Metaspace       used 8035K, capacity 8582K, committed 8704K, reserved 1056768K
  class space    used 645K, capacity 690K, committed 768K, reserved 1048576K
}
Event: 6.655 GC heap before
{Heap before GC invocations=55 (full 0):
 PSYoungGen      total 65536K, used 65152K [0x000000076b800000, 0x0000000784100000, 0x00000007c0000000)
  eden space 65024K, 100% used [0x000000076b800000,0x000000076f780000,0x000000076f780000)
  from space 512K, 25% used [0x0000000784080000,0x00000007840a0000,0x0000000784100000)
  to   space 512K, 0% used [0x0000000784000000,0x0000000784000000,0x0000000784080000)
 ParOldGen       total 173568K, used 1348K [0x00000006c2800000, 0x00000006cd180000, 0x000000076b800000)
  object space 173568K, 0% used [0x00000006c2800000,0x00000006c2951060,0x00000006cd180000)
 Metaspace       used 8035K, capacity 8582K, committed 8704K, reserved 1056768K
  class space    used 645K, capacity 690K, committed 768K, reserved 1048576K
Event: 6.656 GC heap after
Heap after GC invocations=55 (full 0):
 PSYoungGen      total 64000K, used 128K [0x000000076b800000, 0x0000000784100000, 0x00000007c0000000)
  eden space 63488K, 0% used [0x000000076b800000,0x000000076b800000,0x000000076f600000)
  from space 512K, 25% used [0x0000000784000000,0x0000000784020000,0x0000000784080000)
  to   space 512K, 0% used [0x0000000784080000,0x0000000784080000,0x0000000784100000)
 ParOldGen       total 173568K, used 1348K [0x00000006c2800000, 0x00000006cd180000, 0x000000076b800000)
  object space 173568K, 0% used [0x00000006c2800000,0x00000006c2951060,0x00000006cd180000)
 Metaspace       used 8035K, capacity 8582K, committed 8704K, reserved 1056768K
  class space    used 645K, capacity 690K, committed 768K, reserved 1048576K
}
Event: 6.713 GC heap before
{Heap before GC invocations=56 (full 0):
 PSYoungGen      total 64000K, used 63616K [0x000000076b800000, 0x0000000784100000, 0x00000007c0000000)
  eden space 63488K, 100% used [0x000000076b800000,0x000000076f600000,0x000000076f600000)
  from space 512K, 25% used [0x0000000784000000,0x0000000784020000,0x0000000784080000)
  to   space 512K, 0% used [0x0000000784080000,0x0000000784080000,0x0000000784100000)
 ParOldGen       total 173568K, used 1348K [0x00000006c2800000, 0x00000006cd180000, 0x000000076b800000)
  object space 173568K, 0% used [0x00000006c2800000,0x00000006c2951060,0x00000006cd180000)
 Metaspace       used 8035K, capacity 8582K, committed 8704K, reserved 1056768K
  class space    used 645K, capacity 690K, committed 768K, reserved 1048576K
Event: 6.714 GC heap after
Heap after GC invocations=56 (full 0):
 PSYoungGen      total 62464K, used 96K [0x000000076b800000, 0x0000000784100000, 0x00000007c0000000)
  eden space 61952K, 0% used [0x000000076b800000,0x000000076b800000,0x000000076f480000)
  from space 512K, 18% used [0x0000000784080000,0x0000000784098000,0x0000000784100000)
  to   space 512K, 0% used [0x0000000784000000,0x0000000784000000,0x0000000784080000)
 ParOldGen       total 173568K, used 1348K [0x00000006c2800000, 0x00000006cd180000, 0x000000076b800000)
  object space 173568K, 0% used [0x00000006c2800000,0x00000006c2951060,0x00000006cd180000)
 Metaspace       used 8035K, capacity 8582K, committed 8704K, reserved 1056768K
  class space    used 645K, capacity 690K, committed 768K, reserved 1048576K
}

