# JRE version: Java(TM) SE Runtime Environment (8.0_65-b17) (build 1.8.0_65-b17)
# Java VM: Java HotSpot(TM) 64-Bit Server VM (25.65-b01 mixed mode windows-amd64 compressed oops)
Heap:
 PSYoungGen      total 200704K, used 161332K [0x000000076b800000, 0x000000077b480000, 0x00000007c0000000)
  eden space 198144K, 81% used [0x000000076b800000,0x0000000775565010,0x0000000777980000)
  from space 2560K, 6% used [0x000000077af80000,0x000000077afa8000,0x000000077b200000)
  to   space 2560K, 0% used [0x000000077b200000,0x000000077b200000,0x000000077b480000)
 ParOldGen       total 173568K, used 1820K [0x00000006c2800000, 0x00000006cd180000, 0x000000076b800000)
  object space 173568K, 1% used [0x00000006c2800000,0x00000006c29c7370,0x00000006cd180000)
 Metaspace       used 8025K, capacity 8550K, committed 8704K, reserved 1056768K
  class space    used 644K, capacity 658K, committed 768K, reserved 1048576K
GC Heap History (10 events):
Event: 1.312 GC heap before
{Heap before GC invocations=9 (full 0):
 PSYoungGen      total 240640K, used 240640K [0x000000076b800000, 0x000000077b800000, 0x00000007c0000000)
  eden space 240128K, 100% used [0x000000076b800000,0x000000077a280000,0x000000077a280000)
  from space 512K, 100% used [0x000000077b780000,0x000000077b800000,0x000000077b800000)
  to   space 2048K, 0% used [0x000000077b400000,0x000000077b400000,0x000000077b600000)
 ParOldGen       total 173568K, used 1260K [0x00000006c2800000, 0x00000006cd180000, 0x000000076b800000)
  object space 173568K, 0% used [0x00000006c2800000,0x00000006c293b350,0x00000006cd180000)
 Metaspace       used 8020K, capacity 8550K, committed 8704K, reserved 1056768K
  class space    used 644K, capacity 658K, committed 768K, reserved 1048576K
Event: 1.313 GC heap after
Heap after GC invocations=9 (full 0):
 PSYoungGen      total 232960K, used 416K [0x000000076b800000, 0x000000077b800000, 0x00000007c0000000)
  eden space 230912K, 0% used [0x000000076b800000,0x000000076b800000,0x0000000779980000)
  from space 2048K, 20% used [0x000000077b400000,0x000000077b468000,0x000000077b600000)
  to   space 2048K, 0% used [0x000000077b600000,0x000000077b600000,0x000000077b800000)
 ParOldGen       total 173568K, used 1516K [0x00000006c2800000, 0x00000006cd180000, 0x000000076b800000)
  object space 173568K, 0% used [0x00000006c2800000,0x00000006c297b350,0x00000006cd180000)
 Metaspace       used 8020K, capacity 8550K, committed 8704K, reserved 1056768K
  class space    used 644K, capacity 658K, committed 768K, reserved 1048576K
}
Event: 1.521 GC heap before
{Heap before GC invocations=10 (full 0):
 PSYoungGen      total 232960K, used 231328K [0x000000076b800000, 0x000000077b800000, 0x00000007c0000000)
  eden space 230912K, 100% used [0x000000076b800000,0x0000000779980000,0x0000000779980000)
  from space 2048K, 20% used [0x000000077b400000,0x000000077b468000,0x000000077b600000)
  to   space 2048K, 0% used [0x000000077b600000,0x000000077b600000,0x000000077b800000)
 ParOldGen       total 173568K, used 1516K [0x00000006c2800000, 0x00000006cd180000, 0x000000076b800000)
  object space 173568K, 0% used [0x00000006c2800000,0x00000006c297b350,0x00000006cd180000)
 Metaspace       used 8020K, capacity 8550K, committed 8704K, reserved 1056768K
  class space    used 644K, capacity 658K, committed 768K, reserved 1048576K
Event: 1.521 GC heap after
Heap after GC invocations=10 (full 0):
 PSYoungGen      total 222720K, used 160K [0x000000076b800000, 0x000000077b680000, 0x00000007c0000000)
  eden space 222208K, 0% used [0x000000076b800000,0x000000076b800000,0x0000000779100000)
  from space 512K, 31% used [0x000000077b600000,0x000000077b628000,0x000000077b680000)
  to   space 2560K, 0% used [0x000000077b180000,0x000000077b180000,0x000000077b400000)
 ParOldGen       total 173568K, used 1796K [0x00000006c2800000, 0x00000006cd180000, 0x000000076b800000)
  object space 173568K, 1% used [0x00000006c2800000,0x00000006c29c1370,0x00000006cd180000)
 Metaspace       used 8020K, capacity 8550K, committed 8704K, reserved 1056768K
  class space    used 644K, capacity 658K, committed 768K, reserved 1048576K
}
Event: 1.684 GC heap before
{Heap before GC invocations=11 (full 0):
 PSYoungGen      total 222720K, used 222368K [0x000000076b800000, 0x000000077b680000, 0x00000007c0000000)
  eden space 222208K, 100% used [0x000000076b800000,0x0000000779100000,0x0000000779100000)
  from space 512K, 31% used [0x000000077b600000,0x000000077b628000,0x000000077b680000)
  to   space 2560K, 0% used [0x000000077b180000,0x000000077b180000,0x000000077b400000)
 ParOldGen       total 173568K, used 1796K [0x00000006c2800000, 0x00000006cd180000, 0x000000076b800000)
  object space 173568K, 1% used [0x00000006c2800000,0x00000006c29c1370,0x00000006cd180000)
 Metaspace       used 8020K, capacity 8550K, committed 8704K, reserved 1056768K
  class space    used 644K, capacity 658K, committed 768K, reserved 1048576K
Event: 1.685 GC heap after
Heap after GC invocations=11 (full 0):
 PSYoungGen      total 216576K, used 192K [0x000000076b800000, 0x000000077b680000, 0x00000007c0000000)
  eden space 214016K, 0% used [0x000000076b800000,0x000000076b800000,0x0000000778900000)
  from space 2560K, 7% used [0x000000077b180000,0x000000077b1b0000,0x000000077b400000)
  to   space 2560K, 0% used [0x000000077b400000,0x000000077b400000,0x000000077b680000)
 ParOldGen       total 173568K, used 1820K [0x00000006c2800000, 0x00000006cd180000, 0x000000076b800000)
  object space 173568K, 1% used [0x00000006c2800000,0x00000006c29c7370,0x00000006cd180000)
 Metaspace       used 8020K, capacity 8550K, committed 8704K, reserved 1056768K
  class space    used 644K, capacity 658K, committed 768K, reserved 1048576K
}
Event: 1.876 GC heap before
{Heap before GC invocations=12 (full 0):
 PSYoungGen      total 216576K, used 214208K [0x000000076b800000, 0x000000077b680000, 0x00000007c0000000)
  eden space 214016K, 100% used [0x000000076b800000,0x0000000778900000,0x0000000778900000)
  from space 2560K, 7% used [0x000000077b180000,0x000000077b1b0000,0x000000077b400000)
  to   space 2560K, 0% used [0x000000077b400000,0x000000077b400000,0x000000077b680000)
 ParOldGen       total 173568K, used 1820K [0x00000006c2800000, 0x00000006cd180000, 0x000000076b800000)
  object space 173568K, 1% used [0x00000006c2800000,0x00000006c29c7370,0x00000006cd180000)
 Metaspace       used 8022K, capacity 8550K, committed 8704K, reserved 1056768K
  class space    used 644K, capacity 658K, committed 768K, reserved 1048576K
Event: 1.877 GC heap after
Heap after GC invocations=12 (full 0):
 PSYoungGen      total 206336K, used 128K [0x000000076b800000, 0x000000077b480000, 0x00000007c0000000)
  eden space 205824K, 0% used [0x000000076b800000,0x000000076b800000,0x0000000778100000)
  from space 512K, 25% used [0x000000077b400000,0x000000077b420000,0x000000077b480000)
  to   space 2560K, 0% used [0x000000077af80000,0x000000077af80000,0x000000077b200000)
 ParOldGen       total 173568K, used 1820K [0x00000006c2800000, 0x00000006cd180000, 0x000000076b800000)
  object space 173568K, 1% used [0x00000006c2800000,0x00000006c29c7370,0x00000006cd180000)
 Metaspace       used 8022K, capacity 8550K, committed 8704K, reserved 1056768K
  class space    used 644K, capacity 658K, committed 768K, reserved 1048576K
}
Event: 2.029 GC heap before
{Heap before GC invocations=13 (full 0):
 PSYoungGen      total 206336K, used 205952K [0x000000076b800000, 0x000000077b480000, 0x00000007c0000000)
  eden space 205824K, 100% used [0x000000076b800000,0x0000000778100000,0x0000000778100000)
  from space 512K, 25% used [0x000000077b400000,0x000000077b420000,0x000000077b480000)
  to   space 2560K, 0% used [0x000000077af80000,0x000000077af80000,0x000000077b200000)
 ParOldGen       total 173568K, used 1820K [0x00000006c2800000, 0x00000006cd180000, 0x000000076b800000)
  object space 173568K, 1% used [0x00000006c2800000,0x00000006c29c7370,0x00000006cd180000)
 Metaspace       used 8025K, capacity 8550K, committed 8704K, reserved 1056768K
  class space    used 644K, capacity 658K, committed 768K, reserved 1048576K
Event: 2.029 GC heap after
Heap after GC invocations=13 (full 0):
 PSYoungGen      total 200704K, used 160K [0x000000076b800000, 0x000000077b480000, 0x00000007c0000000)
  eden space 198144K, 0% used [0x000000076b800000,0x000000076b800000,0x0000000777980000)
  from space 2560K, 6% used [0x000000077af80000,0x000000077afa8000,0x000000077b200000)
  to   space 2560K, 0% used [0x000000077b200000,0x000000077b200000,0x000000077b480000)
 ParOldGen       total 173568K, used 1820K [0x00000006c2800000, 0x00000006cd180000, 0x000000076b800000)
  object space 173568K, 1% used [0x00000006c2800000,0x00000006c29c7370,0x00000006cd180000)
 Metaspace       used 8025K, capacity 8550K, committed 8704K, reserved 1056768K
  class space    used 644K, capacity 658K, committed 768K, reserved 1048576K
}

