# JRE version: Java(TM) SE Runtime Environment (8.0_65-b17) (build 1.8.0_65-b17)
# Java VM: Java HotSpot(TM) 64-Bit Server VM (25.65-b01 mixed mode windows-amd64 compressed oops)
Heap:
 PSYoungGen      total 1054720K, used 1037504K [0x000000076b800000, 0x00000007bff80000, 0x00000007c0000000)
  eden space 1043968K, 99% used [0x000000076b800000,0x00000007aacf80b8,0x00000007ab380000)
  from space 10752K, 2% used [0x00000007ab380000,0x00000007ab3b8000,0x00000007abe00000)
  to   space 10240K, 0% used [0x00000007bf580000,0x00000007bf580000,0x00000007bff80000)
 ParOldGen       total 173568K, used 28029K [0x00000006c2800000, 0x00000006cd180000, 0x000000076b800000)
  object space 173568K, 16% used [0x00000006c2800000,0x00000006c435f4c0,0x00000006cd180000)
 Metaspace       used 8343K, capacity 8710K, committed 8960K, reserved 1056768K
  class space    used 660K, capacity 690K, committed 768K, reserved 1048576K
GC Heap History (10 events):
Event: 1.556 GC heap before
{Heap before GC invocations=11 (full 0):
 PSYoungGen      total 412160K, used 412150K [0x000000076b800000, 0x0000000786400000, 0x00000007c0000000)
  eden space 407552K, 100% used [0x000000076b800000,0x0000000784600000,0x0000000784600000)
  from space 4608K, 99% used [0x0000000785180000,0x00000007855fd988,0x0000000785600000)
  to   space 11776K, 0% used [0x0000000784600000,0x0000000784600000,0x0000000785180000)
 ParOldGen       total 173568K, used 24224K [0x00000006c2800000, 0x00000006cd180000, 0x000000076b800000)
  object space 173568K, 13% used [0x00000006c2800000,0x00000006c3fa8060,0x00000006cd180000)
 Metaspace       used 8288K, capacity 8710K, committed 8960K, reserved 1056768K
  class space    used 660K, capacity 690K, committed 768K, reserved 1048576K
Event: 1.562 GC heap after
Heap after GC invocations=11 (full 0):
 PSYoungGen      total 419328K, used 1024K [0x000000076b800000, 0x0000000794c00000, 0x00000007c0000000)
  eden space 407552K, 0% used [0x000000076b800000,0x000000076b800000,0x0000000784600000)
  from space 11776K, 8% used [0x0000000784600000,0x0000000784700000,0x0000000785180000)
  to   space 11776K, 0% used [0x0000000794080000,0x0000000794080000,0x0000000794c00000)
 ParOldGen       total 173568K, used 27125K [0x00000006c2800000, 0x00000006cd180000, 0x000000076b800000)
  object space 173568K, 15% used [0x00000006c2800000,0x00000006c427d4c0,0x00000006cd180000)
 Metaspace       used 8288K, capacity 8710K, committed 8960K, reserved 1056768K
  class space    used 660K, capacity 690K, committed 768K, reserved 1048576K
}
Event: 1.908 GC heap before
{Heap before GC invocations=12 (full 0):
 PSYoungGen      total 419328K, used 408576K [0x000000076b800000, 0x0000000794c00000, 0x00000007c0000000)
  eden space 407552K, 100% used [0x000000076b800000,0x0000000784600000,0x0000000784600000)
  from space 11776K, 8% used [0x0000000784600000,0x0000000784700000,0x0000000785180000)
  to   space 11776K, 0% used [0x0000000794080000,0x0000000794080000,0x0000000794c00000)
 ParOldGen       total 173568K, used 27125K [0x00000006c2800000, 0x00000006cd180000, 0x000000076b800000)
  object space 173568K, 15% used [0x00000006c2800000,0x00000006c427d4c0,0x00000006cd180000)
 Metaspace       used 8308K, capacity 8710K, committed 8960K, reserved 1056768K
  class space    used 660K, capacity 690K, committed 768K, reserved 1048576K
Event: 1.909 GC heap after
Heap after GC invocations=12 (full 0):
 PSYoungGen      total 663040K, used 160K [0x000000076b800000, 0x0000000794b00000, 0x00000007c0000000)
  eden space 652288K, 0% used [0x000000076b800000,0x000000076b800000,0x0000000793500000)
  from space 10752K, 1% used [0x0000000794080000,0x00000007940a8000,0x0000000794b00000)
  to   space 11264K, 0% used [0x0000000793500000,0x0000000793500000,0x0000000794000000)
 ParOldGen       total 173568K, used 28005K [0x00000006c2800000, 0x00000006cd180000, 0x000000076b800000)
  object space 173568K, 16% used [0x00000006c2800000,0x00000006c43594c0,0x00000006cd180000)
 Metaspace       used 8308K, capacity 8710K, committed 8960K, reserved 1056768K
  class space    used 660K, capacity 690K, committed 768K, reserved 1048576K
}
Event: 2.447 GC heap before
{Heap before GC invocations=13 (full 0):
 PSYoungGen      total 663040K, used 652448K [0x000000076b800000, 0x0000000794b00000, 0x00000007c0000000)
  eden space 652288K, 100% used [0x000000076b800000,0x0000000793500000,0x0000000793500000)
  from space 10752K, 1% used [0x0000000794080000,0x00000007940a8000,0x0000000794b00000)
  to   space 11264K, 0% used [0x0000000793500000,0x0000000793500000,0x0000000794000000)
 ParOldGen       total 173568K, used 28005K [0x00000006c2800000, 0x00000006cd180000, 0x000000076b800000)
  object space 173568K, 16% used [0x00000006c2800000,0x00000006c43594c0,0x00000006cd180000)
 Metaspace       used 8322K, capacity 8710K, committed 8960K, reserved 1056768K
  class space    used 660K, capacity 690K, committed 768K, reserved 1048576K
Event: 2.448 GC heap after
Heap after GC invocations=13 (full 0):
 PSYoungGen      total 663552K, used 224K [0x000000076b800000, 0x00000007ac980000, 0x00000007c0000000)
  eden space 652288K, 0% used [0x000000076b800000,0x000000076b800000,0x0000000793500000)
  from space 11264K, 1% used [0x0000000793500000,0x0000000793538000,0x0000000794000000)
  to   space 11264K, 0% used [0x00000007abe80000,0x00000007abe80000,0x00000007ac980000)
 ParOldGen       total 173568K, used 28021K [0x00000006c2800000, 0x00000006cd180000, 0x000000076b800000)
  object space 173568K, 16% used [0x00000006c2800000,0x00000006c435d4c0,0x00000006cd180000)
 Metaspace       used 8322K, capacity 8710K, committed 8960K, reserved 1056768K
  class space    used 660K, capacity 690K, committed 768K, reserved 1048576K
}
Event: 2.916 GC heap before
{Heap before GC invocations=14 (full 0):
 PSYoungGen      total 663552K, used 652512K [0x000000076b800000, 0x00000007ac980000, 0x00000007c0000000)
  eden space 652288K, 100% used [0x000000076b800000,0x0000000793500000,0x0000000793500000)
  from space 11264K, 1% used [0x0000000793500000,0x0000000793538000,0x0000000794000000)
  to   space 11264K, 0% used [0x00000007abe80000,0x00000007abe80000,0x00000007ac980000)
 ParOldGen       total 173568K, used 28021K [0x00000006c2800000, 0x00000006cd180000, 0x000000076b800000)
  object space 173568K, 16% used [0x00000006c2800000,0x00000006c435d4c0,0x00000006cd180000)
 Metaspace       used 8330K, capacity 8710K, committed 8960K, reserved 1056768K
  class space    used 660K, capacity 690K, committed 768K, reserved 1048576K
Event: 2.917 GC heap after
Heap after GC invocations=14 (full 0):
 PSYoungGen      total 1054208K, used 224K [0x000000076b800000, 0x00000007ac880000, 0x00000007c0000000)
  eden space 1043968K, 0% used [0x000000076b800000,0x000000076b800000,0x00000007ab380000)
  from space 10240K, 2% used [0x00000007abe80000,0x00000007abeb8000,0x00000007ac880000)
  to   space 10752K, 0% used [0x00000007ab380000,0x00000007ab380000,0x00000007abe00000)
 ParOldGen       total 173568K, used 28029K [0x00000006c2800000, 0x00000006cd180000, 0x000000076b800000)
  object space 173568K, 16% used [0x00000006c2800000,0x00000006c435f4c0,0x00000006cd180000)
 Metaspace       used 8330K, capacity 8710K, committed 8960K, reserved 1056768K
  class space    used 660K, capacity 690K, committed 768K, reserved 1048576K
}
Event: 3.759 GC heap before
{Heap before GC invocations=15 (full 0):
 PSYoungGen      total 1054208K, used 1044192K [0x000000076b800000, 0x00000007ac880000, 0x00000007c0000000)
  eden space 1043968K, 100% used [0x000000076b800000,0x00000007ab380000,0x00000007ab380000)
  from space 10240K, 2% used [0x00000007abe80000,0x00000007abeb8000,0x00000007ac880000)
  to   space 10752K, 0% used [0x00000007ab380000,0x00000007ab380000,0x00000007abe00000)
 ParOldGen       total 173568K, used 28029K [0x00000006c2800000, 0x00000006cd180000, 0x000000076b800000)
  object space 173568K, 16% used [0x00000006c2800000,0x00000006c435f4c0,0x00000006cd180000)
 Metaspace       used 8342K, capacity 8710K, committed 8960K, reserved 1056768K
  class space    used 660K, capacity 690K, committed 768K, reserved 1048576K
Event: 3.760 GC heap after
Heap after GC invocations=15 (full 0):
 PSYoungGen      total 1054720K, used 224K [0x000000076b800000, 0x00000007bff80000, 0x00000007c0000000)
  eden space 1043968K, 0% used [0x000000076b800000,0x000000076b800000,0x00000007ab380000)
  from space 10752K, 2% used [0x00000007ab380000,0x00000007ab3b8000,0x00000007abe00000)
  to   space 10240K, 0% used [0x00000007bf580000,0x00000007bf580000,0x00000007bff80000)
 ParOldGen       total 173568K, used 28029K [0x00000006c2800000, 0x00000006cd180000, 0x000000076b800000)
  object space 173568K, 16% used [0x00000006c2800000,0x00000006c435f4c0,0x00000006cd180000)
 Metaspace       used 8342K, capacity 8710K, committed 8960K, reserved 1056768K
  class space    used 660K, capacity 690K, committed 768K, reserved 1048576K
}

