# JRE version: Java(TM) SE Runtime Environment (8.0_65-b17) (build 1.8.0_65-b17)
# Java VM: Java HotSpot(TM) 64-Bit Server VM (25.65-b01 mixed mode windows-amd64 compressed oops)
Heap:
 PSYoungGen      total 38912K, used 5434K [0x000000076b800000, 0x00000007a5d00000, 0x00000007c0000000)
  eden space 38400K, 13% used [0x000000076b800000,0x000000076bd36b28,0x000000076dd80000)
  from space 512K, 18% used [0x00000007a5c00000,0x00000007a5c18000,0x00000007a5c80000)
  to   space 512K, 0% used [0x00000007a5c80000,0x00000007a5c80000,0x00000007a5d00000)
 ParOldGen       total 173568K, used 27760K [0x00000006c2800000, 0x00000006cd180000, 0x000000076b800000)
  object space 173568K, 15% used [0x00000006c2800000,0x00000006c431c020,0x00000006cd180000)
 Metaspace       used 8416K, capacity 8774K, committed 8960K, reserved 1056768K
  class space    used 662K, capacity 690K, committed 768K, reserved 1048576K
GC Heap History (10 events):
Event: 35.449 GC heap before
{Heap before GC invocations=361 (full 0):
 PSYoungGen      total 41472K, used 41152K [0x000000076b800000, 0x00000007a5d00000, 0x00000007c0000000)
  eden space 40960K, 100% used [0x000000076b800000,0x000000076e000000,0x000000076e000000)
  from space 512K, 37% used [0x00000007a5c80000,0x00000007a5cb0000,0x00000007a5d00000)
  to   space 512K, 0% used [0x00000007a5c00000,0x00000007a5c00000,0x00000007a5c80000)
 ParOldGen       total 173568K, used 27744K [0x00000006c2800000, 0x00000006cd180000, 0x000000076b800000)
  object space 173568K, 15% used [0x00000006c2800000,0x00000006c4318020,0x00000006cd180000)
 Metaspace       used 8416K, capacity 8774K, committed 8960K, reserved 1056768K
  class space    used 662K, capacity 690K, committed 768K, reserved 1048576K
Event: 35.450 GC heap after
Heap after GC invocations=361 (full 0):
 PSYoungGen      total 40960K, used 224K [0x000000076b800000, 0x00000007a5d00000, 0x00000007c0000000)
  eden space 40448K, 0% used [0x000000076b800000,0x000000076b800000,0x000000076df80000)
  from space 512K, 43% used [0x00000007a5c00000,0x00000007a5c38000,0x00000007a5c80000)
  to   space 512K, 0% used [0x00000007a5c80000,0x00000007a5c80000,0x00000007a5d00000)
 ParOldGen       total 173568K, used 27744K [0x00000006c2800000, 0x00000006cd180000, 0x000000076b800000)
  object space 173568K, 15% used [0x00000006c2800000,0x00000006c4318020,0x00000006cd180000)
 Metaspace       used 8416K, capacity 8774K, committed 8960K, reserved 1056768K
  class space    used 662K, capacity 690K, committed 768K, reserved 1048576K
}
Event: 35.508 GC heap before
{Heap before GC invocations=362 (full 0):
 PSYoungGen      total 40960K, used 40672K [0x000000076b800000, 0x00000007a5d00000, 0x00000007c0000000)
  eden space 40448K, 100% used [0x000000076b800000,0x000000076df80000,0x000000076df80000)
  from space 512K, 43% used [0x00000007a5c00000,0x00000007a5c38000,0x00000007a5c80000)
  to   space 512K, 0% used [0x00000007a5c80000,0x00000007a5c80000,0x00000007a5d00000)
 ParOldGen       total 173568K, used 27744K [0x00000006c2800000, 0x00000006cd180000, 0x000000076b800000)
  object space 173568K, 15% used [0x00000006c2800000,0x00000006c4318020,0x00000006cd180000)
 Metaspace       used 8416K, capacity 8774K, committed 8960K, reserved 1056768K
  class space    used 662K, capacity 690K, committed 768K, reserved 1048576K
Event: 35.508 GC heap after
Heap after GC invocations=362 (full 0):
 PSYoungGen      total 40448K, used 96K [0x000000076b800000, 0x00000007a5d00000, 0x00000007c0000000)
  eden space 39936K, 0% used [0x000000076b800000,0x000000076b800000,0x000000076df00000)
  from space 512K, 18% used [0x00000007a5c80000,0x00000007a5c98000,0x00000007a5d00000)
  to   space 512K, 0% used [0x00000007a5c00000,0x00000007a5c00000,0x00000007a5c80000)
 ParOldGen       total 173568K, used 27744K [0x00000006c2800000, 0x00000006cd180000, 0x000000076b800000)
  object space 173568K, 15% used [0x00000006c2800000,0x00000006c4318020,0x00000006cd180000)
 Metaspace       used 8416K, capacity 8774K, committed 8960K, reserved 1056768K
  class space    used 662K, capacity 690K, committed 768K, reserved 1048576K
}
Event: 35.545 GC heap before
{Heap before GC invocations=363 (full 0):
 PSYoungGen      total 40448K, used 40032K [0x000000076b800000, 0x00000007a5d00000, 0x00000007c0000000)
  eden space 39936K, 100% used [0x000000076b800000,0x000000076df00000,0x000000076df00000)
  from space 512K, 18% used [0x00000007a5c80000,0x00000007a5c98000,0x00000007a5d00000)
  to   space 512K, 0% used [0x00000007a5c00000,0x00000007a5c00000,0x00000007a5c80000)
 ParOldGen       total 173568K, used 27744K [0x00000006c2800000, 0x00000006cd180000, 0x000000076b800000)
  object space 173568K, 15% used [0x00000006c2800000,0x00000006c4318020,0x00000006cd180000)
 Metaspace       used 8416K, capacity 8774K, committed 8960K, reserved 1056768K
  class space    used 662K, capacity 690K, committed 768K, reserved 1048576K
Event: 35.545 GC heap after
Heap after GC invocations=363 (full 0):
 PSYoungGen      total 39936K, used 192K [0x000000076b800000, 0x00000007a5d00000, 0x00000007c0000000)
  eden space 39424K, 0% used [0x000000076b800000,0x000000076b800000,0x000000076de80000)
  from space 512K, 37% used [0x00000007a5c00000,0x00000007a5c30000,0x00000007a5c80000)
  to   space 512K, 0% used [0x00000007a5c80000,0x00000007a5c80000,0x00000007a5d00000)
 ParOldGen       total 173568K, used 27744K [0x00000006c2800000, 0x00000006cd180000, 0x000000076b800000)
  object space 173568K, 15% used [0x00000006c2800000,0x00000006c4318020,0x00000006cd180000)
 Metaspace       used 8416K, capacity 8774K, committed 8960K, reserved 1056768K
  class space    used 662K, capacity 690K, committed 768K, reserved 1048576K
}
Event: 35.581 GC heap before
{Heap before GC invocations=364 (full 0):
 PSYoungGen      total 39936K, used 39616K [0x000000076b800000, 0x00000007a5d00000, 0x00000007c0000000)
  eden space 39424K, 100% used [0x000000076b800000,0x000000076de80000,0x000000076de80000)
  from space 512K, 37% used [0x00000007a5c00000,0x00000007a5c30000,0x00000007a5c80000)
  to   space 512K, 0% used [0x00000007a5c80000,0x00000007a5c80000,0x00000007a5d00000)
 ParOldGen       total 173568K, used 27744K [0x00000006c2800000, 0x00000006cd180000, 0x000000076b800000)
  object space 173568K, 15% used [0x00000006c2800000,0x00000006c4318020,0x00000006cd180000)
 Metaspace       used 8416K, capacity 8774K, committed 8960K, reserved 1056768K
  class space    used 662K, capacity 690K, committed 768K, reserved 1048576K
Event: 35.582 GC heap after
Heap after GC invocations=364 (full 0):
 PSYoungGen      total 39424K, used 192K [0x000000076b800000, 0x00000007a5d00000, 0x00000007c0000000)
  eden space 38912K, 0% used [0x000000076b800000,0x000000076b800000,0x000000076de00000)
  from space 512K, 37% used [0x00000007a5c80000,0x00000007a5cb0000,0x00000007a5d00000)
  to   space 512K, 0% used [0x00000007a5c00000,0x00000007a5c00000,0x00000007a5c80000)
 ParOldGen       total 173568K, used 27744K [0x00000006c2800000, 0x00000006cd180000, 0x000000076b800000)
  object space 173568K, 15% used [0x00000006c2800000,0x00000006c4318020,0x00000006cd180000)
 Metaspace       used 8416K, capacity 8774K, committed 8960K, reserved 1056768K
  class space    used 662K, capacity 690K, committed 768K, reserved 1048576K
}
Event: 35.629 GC heap before
{Heap before GC invocations=365 (full 0):
 PSYoungGen      total 39424K, used 39104K [0x000000076b800000, 0x00000007a5d00000, 0x00000007c0000000)
  eden space 38912K, 100% used [0x000000076b800000,0x000000076de00000,0x000000076de00000)
  from space 512K, 37% used [0x00000007a5c80000,0x00000007a5cb0000,0x00000007a5d00000)
  to   space 512K, 0% used [0x00000007a5c00000,0x00000007a5c00000,0x00000007a5c80000)
 ParOldGen       total 173568K, used 27744K [0x00000006c2800000, 0x00000006cd180000, 0x000000076b800000)
  object space 173568K, 15% used [0x00000006c2800000,0x00000006c4318020,0x00000006cd180000)
 Metaspace       used 8416K, capacity 8774K, committed 8960K, reserved 1056768K
  class space    used 662K, capacity 690K, committed 768K, reserved 1048576K
Event: 35.629 GC heap after
Heap after GC invocations=365 (full 0):
 PSYoungGen      total 38912K, used 96K [0x000000076b800000, 0x00000007a5d00000, 0x00000007c0000000)
  eden space 38400K, 0% used [0x000000076b800000,0x000000076b800000,0x000000076dd80000)
  from space 512K, 18% used [0x00000007a5c00000,0x00000007a5c18000,0x00000007a5c80000)
  to   space 512K, 0% used [0x00000007a5c80000,0x00000007a5c80000,0x00000007a5d00000)
 ParOldGen       total 173568K, used 27760K [0x00000006c2800000, 0x00000006cd180000, 0x000000076b800000)
  object space 173568K, 15% used [0x00000006c2800000,0x00000006c431c020,0x00000006cd180000)
 Metaspace       used 8416K, capacity 8774K, committed 8960K, reserved 1056768K
  class space    used 662K, capacity 690K, committed 768K, reserved 1048576K
}

