# JRE version: Java(TM) SE Runtime Environment (8.0_65-b17) (build 1.8.0_65-b17)
# Java VM: Java HotSpot(TM) 64-Bit Server VM (25.65-b01 mixed mode windows-amd64 compressed oops)
Heap:
 PSYoungGen      total 393216K, used 78567K [0x000000076b800000, 0x00000007b8980000, 0x00000007c0000000)
  eden space 392704K, 19% used [0x000000076b800000,0x0000000770479de0,0x0000000783780000)
  from space 512K, 50% used [0x00000007b8900000,0x00000007b8940000,0x00000007b8980000)
  to   space 2048K, 0% used [0x00000007b8580000,0x00000007b8580000,0x00000007b8780000)
 ParOldGen       total 173568K, used 16624K [0x00000006c2800000, 0x00000006cd180000, 0x000000076b800000)
  object space 173568K, 9% used [0x00000006c2800000,0x00000006c383c008,0x00000006cd180000)
 Metaspace       used 8402K, capacity 8774K, committed 8960K, reserved 1056768K
  class space    used 662K, capacity 690K, committed 768K, reserved 1048576K
GC Heap History (10 events):
Event: 17.913 GC heap before
{Heap before GC invocations=34 (full 0):
 PSYoungGen      total 493056K, used 490240K [0x000000076b800000, 0x00000007b8f80000, 0x00000007c0000000)
  eden space 489984K, 100% used [0x000000076b800000,0x0000000789680000,0x0000000789680000)
  from space 3072K, 8% used [0x00000007b8980000,0x00000007b89c0000,0x00000007b8c80000)
  to   space 3072K, 0% used [0x00000007b8c80000,0x00000007b8c80000,0x00000007b8f80000)
 ParOldGen       total 173568K, used 16624K [0x00000006c2800000, 0x00000006cd180000, 0x000000076b800000)
  object space 173568K, 9% used [0x00000006c2800000,0x00000006c383c008,0x00000006cd180000)
 Metaspace       used 8401K, capacity 8774K, committed 8960K, reserved 1056768K
  class space    used 662K, capacity 690K, committed 768K, reserved 1048576K
Event: 17.914 GC heap after
Heap after GC invocations=34 (full 0):
 PSYoungGen      total 468992K, used 224K [0x000000076b800000, 0x00000007b8d00000, 0x00000007c0000000)
  eden space 468480K, 0% used [0x000000076b800000,0x000000076b800000,0x0000000788180000)
  from space 512K, 43% used [0x00000007b8c80000,0x00000007b8cb8000,0x00000007b8d00000)
  to   space 2560K, 0% used [0x00000007b8800000,0x00000007b8800000,0x00000007b8a80000)
 ParOldGen       total 173568K, used 16624K [0x00000006c2800000, 0x00000006cd180000, 0x000000076b800000)
  object space 173568K, 9% used [0x00000006c2800000,0x00000006c383c008,0x00000006cd180000)
 Metaspace       used 8401K, capacity 8774K, committed 8960K, reserved 1056768K
  class space    used 662K, capacity 690K, committed 768K, reserved 1048576K
}
Event: 18.321 GC heap before
{Heap before GC invocations=35 (full 0):
 PSYoungGen      total 468992K, used 468704K [0x000000076b800000, 0x00000007b8d00000, 0x00000007c0000000)
  eden space 468480K, 100% used [0x000000076b800000,0x0000000788180000,0x0000000788180000)
  from space 512K, 43% used [0x00000007b8c80000,0x00000007b8cb8000,0x00000007b8d00000)
  to   space 2560K, 0% used [0x00000007b8800000,0x00000007b8800000,0x00000007b8a80000)
 ParOldGen       total 173568K, used 16624K [0x00000006c2800000, 0x00000006cd180000, 0x000000076b800000)
  object space 173568K, 9% used [0x00000006c2800000,0x00000006c383c008,0x00000006cd180000)
 Metaspace       used 8401K, capacity 8774K, committed 8960K, reserved 1056768K
  class space    used 662K, capacity 690K, committed 768K, reserved 1048576K
Event: 18.321 GC heap after
Heap after GC invocations=35 (full 0):
 PSYoungGen      total 450560K, used 256K [0x000000076b800000, 0x00000007b8d00000, 0x00000007c0000000)
  eden space 448000K, 0% used [0x000000076b800000,0x000000076b800000,0x0000000786d80000)
  from space 2560K, 10% used [0x00000007b8800000,0x00000007b8840000,0x00000007b8a80000)
  to   space 2560K, 0% used [0x00000007b8a80000,0x00000007b8a80000,0x00000007b8d00000)
 ParOldGen       total 173568K, used 16624K [0x00000006c2800000, 0x00000006cd180000, 0x000000076b800000)
  object space 173568K, 9% used [0x00000006c2800000,0x00000006c383c008,0x00000006cd180000)
 Metaspace       used 8401K, capacity 8774K, committed 8960K, reserved 1056768K
  class space    used 662K, capacity 690K, committed 768K, reserved 1048576K
}
Event: 18.696 GC heap before
{Heap before GC invocations=36 (full 0):
 PSYoungGen      total 450560K, used 448256K [0x000000076b800000, 0x00000007b8d00000, 0x00000007c0000000)
  eden space 448000K, 100% used [0x000000076b800000,0x0000000786d80000,0x0000000786d80000)
  from space 2560K, 10% used [0x00000007b8800000,0x00000007b8840000,0x00000007b8a80000)
  to   space 2560K, 0% used [0x00000007b8a80000,0x00000007b8a80000,0x00000007b8d00000)
 ParOldGen       total 173568K, used 16624K [0x00000006c2800000, 0x00000006cd180000, 0x000000076b800000)
  object space 173568K, 9% used [0x00000006c2800000,0x00000006c383c008,0x00000006cd180000)
 Metaspace       used 8401K, capacity 8774K, committed 8960K, reserved 1056768K
  class space    used 662K, capacity 690K, committed 768K, reserved 1048576K
Event: 18.697 GC heap after
Heap after GC invocations=36 (full 0):
 PSYoungGen      total 429056K, used 224K [0x000000076b800000, 0x00000007b8b00000, 0x00000007c0000000)
  eden space 428544K, 0% used [0x000000076b800000,0x000000076b800000,0x0000000785a80000)
  from space 512K, 43% used [0x00000007b8a80000,0x00000007b8ab8000,0x00000007b8b00000)
  to   space 2560K, 0% used [0x00000007b8600000,0x00000007b8600000,0x00000007b8880000)
 ParOldGen       total 173568K, used 16624K [0x00000006c2800000, 0x00000006cd180000, 0x000000076b800000)
  object space 173568K, 9% used [0x00000006c2800000,0x00000006c383c008,0x00000006cd180000)
 Metaspace       used 8401K, capacity 8774K, committed 8960K, reserved 1056768K
  class space    used 662K, capacity 690K, committed 768K, reserved 1048576K
}
Event: 19.024 GC heap before
{Heap before GC invocations=37 (full 0):
 PSYoungGen      total 429056K, used 428768K [0x000000076b800000, 0x00000007b8b00000, 0x00000007c0000000)
  eden space 428544K, 100% used [0x000000076b800000,0x0000000785a80000,0x0000000785a80000)
  from space 512K, 43% used [0x00000007b8a80000,0x00000007b8ab8000,0x00000007b8b00000)
  to   space 2560K, 0% used [0x00000007b8600000,0x00000007b8600000,0x00000007b8880000)
 ParOldGen       total 173568K, used 16624K [0x00000006c2800000, 0x00000006cd180000, 0x000000076b800000)
  object space 173568K, 9% used [0x00000006c2800000,0x00000006c383c008,0x00000006cd180000)
 Metaspace       used 8402K, capacity 8774K, committed 8960K, reserved 1056768K
  class space    used 662K, capacity 690K, committed 768K, reserved 1048576K
Event: 19.025 GC heap after
Heap after GC invocations=37 (full 0):
 PSYoungGen      total 412672K, used 224K [0x000000076b800000, 0x00000007b8b00000, 0x00000007c0000000)
  eden space 410112K, 0% used [0x000000076b800000,0x000000076b800000,0x0000000784880000)
  from space 2560K, 8% used [0x00000007b8600000,0x00000007b8638000,0x00000007b8880000)
  to   space 2048K, 0% used [0x00000007b8900000,0x00000007b8900000,0x00000007b8b00000)
 ParOldGen       total 173568K, used 16624K [0x00000006c2800000, 0x00000006cd180000, 0x000000076b800000)
  object space 173568K, 9% used [0x00000006c2800000,0x00000006c383c008,0x00000006cd180000)
 Metaspace       used 8402K, capacity 8774K, committed 8960K, reserved 1056768K
  class space    used 662K, capacity 690K, committed 768K, reserved 1048576K
}
Event: 19.319 GC heap before
{Heap before GC invocations=38 (full 0):
 PSYoungGen      total 412672K, used 410336K [0x000000076b800000, 0x00000007b8b00000, 0x00000007c0000000)
  eden space 410112K, 100% used [0x000000076b800000,0x0000000784880000,0x0000000784880000)
  from space 2560K, 8% used [0x00000007b8600000,0x00000007b8638000,0x00000007b8880000)
  to   space 2048K, 0% used [0x00000007b8900000,0x00000007b8900000,0x00000007b8b00000)
 ParOldGen       total 173568K, used 16624K [0x00000006c2800000, 0x00000006cd180000, 0x000000076b800000)
  object space 173568K, 9% used [0x00000006c2800000,0x00000006c383c008,0x00000006cd180000)
 Metaspace       used 8402K, capacity 8774K, committed 8960K, reserved 1056768K
  class space    used 662K, capacity 690K, committed 768K, reserved 1048576K
Event: 19.320 GC heap after
Heap after GC invocations=38 (full 0):
 PSYoungGen      total 393216K, used 256K [0x000000076b800000, 0x00000007b8980000, 0x00000007c0000000)
  eden space 392704K, 0% used [0x000000076b800000,0x000000076b800000,0x0000000783780000)
  from space 512K, 50% used [0x00000007b8900000,0x00000007b8940000,0x00000007b8980000)
  to   space 2048K, 0% used [0x00000007b8580000,0x00000007b8580000,0x00000007b8780000)
 ParOldGen       total 173568K, used 16624K [0x00000006c2800000, 0x00000006cd180000, 0x000000076b800000)
  object space 173568K, 9% used [0x00000006c2800000,0x00000006c383c008,0x00000006cd180000)
 Metaspace       used 8402K, capacity 8774K, committed 8960K, reserved 1056768K
  class space    used 662K, capacity 690K, committed 768K, reserved 1048576K
}

