# JRE version: Java(TM) SE Runtime Environment (8.0_65-b17) (build 1.8.0_65-b17)
# Java VM: Java HotSpot(TM) 64-Bit Server VM (25.65-b01 mixed mode windows-amd64 compressed oops)
Heap:
 PSYoungGen      total 216576K, used 107255K [0x000000076b800000, 0x00000007b8e00000, 0x00000007c0000000)
  eden space 215040K, 49% used [0x000000076b800000,0x0000000772085fe8,0x0000000778a00000)
  from space 1536K, 14% used [0x00000007b8b00000,0x00000007b8b38000,0x00000007b8c80000)
  to   space 1536K, 0% used [0x00000007b8c80000,0x00000007b8c80000,0x00000007b8e00000)
 ParOldGen       total 173568K, used 29665K [0x00000006c2800000, 0x00000006cd180000, 0x000000076b800000)
  object space 173568K, 17% used [0x00000006c2800000,0x00000006c44f86b8,0x00000006cd180000)
 Metaspace       used 8405K, capacity 8774K, committed 8960K, reserved 1056768K
  class space    used 662K, capacity 690K, committed 768K, reserved 1048576K
GC Heap History (10 events):
Event: 16.890 GC heap before
{Heap before GC invocations=47 (full 0):
 PSYoungGen      total 261632K, used 261344K [0x000000076b800000, 0x00000007b9000000, 0x00000007c0000000)
  eden space 261120K, 100% used [0x000000076b800000,0x000000077b700000,0x000000077b700000)
  from space 512K, 43% used [0x00000007b8f80000,0x00000007b8fb8000,0x00000007b9000000)
  to   space 2048K, 0% used [0x00000007b8c00000,0x00000007b8c00000,0x00000007b8e00000)
 ParOldGen       total 173568K, used 29593K [0x00000006c2800000, 0x00000006cd180000, 0x000000076b800000)
  object space 173568K, 17% used [0x00000006c2800000,0x00000006c44e66b8,0x00000006cd180000)
 Metaspace       used 8405K, capacity 8774K, committed 8960K, reserved 1056768K
  class space    used 662K, capacity 690K, committed 768K, reserved 1048576K
Event: 16.891 GC heap after
Heap after GC invocations=47 (full 0):
 PSYoungGen      total 252928K, used 256K [0x000000076b800000, 0x00000007b9000000, 0x00000007c0000000)
  eden space 250880K, 0% used [0x000000076b800000,0x000000076b800000,0x000000077ad00000)
  from space 2048K, 12% used [0x00000007b8c00000,0x00000007b8c40000,0x00000007b8e00000)
  to   space 1536K, 0% used [0x00000007b8e80000,0x00000007b8e80000,0x00000007b9000000)
 ParOldGen       total 173568K, used 29609K [0x00000006c2800000, 0x00000006cd180000, 0x000000076b800000)
  object space 173568K, 17% used [0x00000006c2800000,0x00000006c44ea6b8,0x00000006cd180000)
 Metaspace       used 8405K, capacity 8774K, committed 8960K, reserved 1056768K
  class space    used 662K, capacity 690K, committed 768K, reserved 1048576K
}
Event: 17.085 GC heap before
{Heap before GC invocations=48 (full 0):
 PSYoungGen      total 252928K, used 251136K [0x000000076b800000, 0x00000007b9000000, 0x00000007c0000000)
  eden space 250880K, 100% used [0x000000076b800000,0x000000077ad00000,0x000000077ad00000)
  from space 2048K, 12% used [0x00000007b8c00000,0x00000007b8c40000,0x00000007b8e00000)
  to   space 1536K, 0% used [0x00000007b8e80000,0x00000007b8e80000,0x00000007b9000000)
 ParOldGen       total 173568K, used 29609K [0x00000006c2800000, 0x00000006cd180000, 0x000000076b800000)
  object space 173568K, 17% used [0x00000006c2800000,0x00000006c44ea6b8,0x00000006cd180000)
 Metaspace       used 8405K, capacity 8774K, committed 8960K, reserved 1056768K
  class space    used 662K, capacity 690K, committed 768K, reserved 1048576K
Event: 17.086 GC heap after
Heap after GC invocations=48 (full 0):
 PSYoungGen      total 241664K, used 256K [0x000000076b800000, 0x00000007b8f00000, 0x00000007c0000000)
  eden space 241152K, 0% used [0x000000076b800000,0x000000076b800000,0x000000077a380000)
  from space 512K, 50% used [0x00000007b8e80000,0x00000007b8ec0000,0x00000007b8f00000)
  to   space 1536K, 0% used [0x00000007b8c00000,0x00000007b8c00000,0x00000007b8d80000)
 ParOldGen       total 173568K, used 29641K [0x00000006c2800000, 0x00000006cd180000, 0x000000076b800000)
  object space 173568K, 17% used [0x00000006c2800000,0x00000006c44f26b8,0x00000006cd180000)
 Metaspace       used 8405K, capacity 8774K, committed 8960K, reserved 1056768K
  class space    used 662K, capacity 690K, committed 768K, reserved 1048576K
}
Event: 17.340 GC heap before
{Heap before GC invocations=49 (full 0):
 PSYoungGen      total 241664K, used 241408K [0x000000076b800000, 0x00000007b8f00000, 0x00000007c0000000)
  eden space 241152K, 100% used [0x000000076b800000,0x000000077a380000,0x000000077a380000)
  from space 512K, 50% used [0x00000007b8e80000,0x00000007b8ec0000,0x00000007b8f00000)
  to   space 1536K, 0% used [0x00000007b8c00000,0x00000007b8c00000,0x00000007b8d80000)
 ParOldGen       total 173568K, used 29641K [0x00000006c2800000, 0x00000006cd180000, 0x000000076b800000)
  object space 173568K, 17% used [0x00000006c2800000,0x00000006c44f26b8,0x00000006cd180000)
 Metaspace       used 8405K, capacity 8774K, committed 8960K, reserved 1056768K
  class space    used 662K, capacity 690K, committed 768K, reserved 1048576K
Event: 17.341 GC heap after
Heap after GC invocations=49 (full 0):
 PSYoungGen      total 233472K, used 256K [0x000000076b800000, 0x00000007b8f00000, 0x00000007c0000000)
  eden space 231936K, 0% used [0x000000076b800000,0x000000076b800000,0x0000000779a80000)
  from space 1536K, 16% used [0x00000007b8c00000,0x00000007b8c40000,0x00000007b8d80000)
  to   space 1536K, 0% used [0x00000007b8d80000,0x00000007b8d80000,0x00000007b8f00000)
 ParOldGen       total 173568K, used 29641K [0x00000006c2800000, 0x00000006cd180000, 0x000000076b800000)
  object space 173568K, 17% used [0x00000006c2800000,0x00000006c44f26b8,0x00000006cd180000)
 Metaspace       used 8405K, capacity 8774K, committed 8960K, reserved 1056768K
  class space    used 662K, capacity 690K, committed 768K, reserved 1048576K
}
Event: 17.514 GC heap before
{Heap before GC invocations=50 (full 0):
 PSYoungGen      total 233472K, used 232192K [0x000000076b800000, 0x00000007b8f00000, 0x00000007c0000000)
  eden space 231936K, 100% used [0x000000076b800000,0x0000000779a80000,0x0000000779a80000)
  from space 1536K, 16% used [0x00000007b8c00000,0x00000007b8c40000,0x00000007b8d80000)
  to   space 1536K, 0% used [0x00000007b8d80000,0x00000007b8d80000,0x00000007b8f00000)
 ParOldGen       total 173568K, used 29641K [0x00000006c2800000, 0x00000006cd180000, 0x000000076b800000)
  object space 173568K, 17% used [0x00000006c2800000,0x00000006c44f26b8,0x00000006cd180000)
 Metaspace       used 8405K, capacity 8774K, committed 8960K, reserved 1056768K
  class space    used 662K, capacity 690K, committed 768K, reserved 1048576K
Event: 17.515 GC heap after
Heap after GC invocations=50 (full 0):
 PSYoungGen      total 223744K, used 256K [0x000000076b800000, 0x00000007b8e00000, 0x00000007c0000000)
  eden space 223232K, 0% used [0x000000076b800000,0x000000076b800000,0x0000000779200000)
  from space 512K, 50% used [0x00000007b8d80000,0x00000007b8dc0000,0x00000007b8e00000)
  to   space 1536K, 0% used [0x00000007b8b00000,0x00000007b8b00000,0x00000007b8c80000)
 ParOldGen       total 173568K, used 29665K [0x00000006c2800000, 0x00000006cd180000, 0x000000076b800000)
  object space 173568K, 17% used [0x00000006c2800000,0x00000006c44f86b8,0x00000006cd180000)
 Metaspace       used 8405K, capacity 8774K, committed 8960K, reserved 1056768K
  class space    used 662K, capacity 690K, committed 768K, reserved 1048576K
}
Event: 17.700 GC heap before
{Heap before GC invocations=51 (full 0):
 PSYoungGen      total 223744K, used 223488K [0x000000076b800000, 0x00000007b8e00000, 0x00000007c0000000)
  eden space 223232K, 100% used [0x000000076b800000,0x0000000779200000,0x0000000779200000)
  from space 512K, 50% used [0x00000007b8d80000,0x00000007b8dc0000,0x00000007b8e00000)
  to   space 1536K, 0% used [0x00000007b8b00000,0x00000007b8b00000,0x00000007b8c80000)
 ParOldGen       total 173568K, used 29665K [0x00000006c2800000, 0x00000006cd180000, 0x000000076b800000)
  object space 173568K, 17% used [0x00000006c2800000,0x00000006c44f86b8,0x00000006cd180000)
 Metaspace       used 8405K, capacity 8774K, committed 8960K, reserved 1056768K
  class space    used 662K, capacity 690K, committed 768K, reserved 1048576K
Event: 17.701 GC heap after
Heap after GC invocations=51 (full 0):
 PSYoungGen      total 216576K, used 224K [0x000000076b800000, 0x00000007b8e00000, 0x00000007c0000000)
  eden space 215040K, 0% used [0x000000076b800000,0x000000076b800000,0x0000000778a00000)
  from space 1536K, 14% used [0x00000007b8b00000,0x00000007b8b38000,0x00000007b8c80000)
  to   space 1536K, 0% used [0x00000007b8c80000,0x00000007b8c80000,0x00000007b8e00000)
 ParOldGen       total 173568K, used 29665K [0x00000006c2800000, 0x00000006cd180000, 0x000000076b800000)
  object space 173568K, 17% used [0x00000006c2800000,0x00000006c44f86b8,0x00000006cd180000)
 Metaspace       used 8405K, capacity 8774K, committed 8960K, reserved 1056768K
  class space    used 662K, capacity 690K, committed 768K, reserved 1048576K
}

