# JRE version: Java(TM) SE Runtime Environment (8.0_65-b17) (build 1.8.0_65-b17)
# Java VM: Java HotSpot(TM) 64-Bit Server VM (25.65-b01 mixed mode windows-amd64 compressed oops)
Heap:
 PSYoungGen      total 206336K, used 133479K [0x000000076b800000, 0x000000077b400000, 0x00000007c0000000)
  eden space 205824K, 64% used [0x000000076b800000,0x0000000773a41f20,0x0000000778100000)
  from space 512K, 18% used [0x000000077b380000,0x000000077b398000,0x000000077b400000)
  to   space 2560K, 0% used [0x000000077af00000,0x000000077af00000,0x000000077b180000)
 ParOldGen       total 173568K, used 1432K [0x00000006c2800000, 0x00000006cd180000, 0x000000076b800000)
  object space 173568K, 0% used [0x00000006c2800000,0x00000006c29660c8,0x00000006cd180000)
 Metaspace       used 7961K, capacity 8486K, committed 8704K, reserved 1056768K
  class space    used 642K, capacity 658K, committed 768K, reserved 1048576K
GC Heap History (10 events):
Event: 1.132 GC heap before
{Heap before GC invocations=8 (full 0):
 PSYoungGen      total 251392K, used 251150K [0x000000076b800000, 0x000000077b800000, 0x00000007c0000000)
  eden space 249344K, 100% used [0x000000076b800000,0x000000077ab80000,0x000000077ab80000)
  from space 2048K, 88% used [0x000000077b580000,0x000000077b743bf0,0x000000077b780000)
  to   space 512K, 0% used [0x000000077b780000,0x000000077b780000,0x000000077b800000)
 ParOldGen       total 173568K, used 864K [0x00000006c2800000, 0x00000006cd180000, 0x000000076b800000)
  object space 173568K, 0% used [0x00000006c2800000,0x00000006c28d80c8,0x00000006cd180000)
 Metaspace       used 7959K, capacity 8486K, committed 8704K, reserved 1056768K
  class space    used 642K, capacity 658K, committed 768K, reserved 1048576K
Event: 1.132 GC heap after
Heap after GC invocations=8 (full 0):
 PSYoungGen      total 240128K, used 512K [0x000000076b800000, 0x000000077b800000, 0x00000007c0000000)
  eden space 239616K, 0% used [0x000000076b800000,0x000000076b800000,0x000000077a200000)
  from space 512K, 100% used [0x000000077b780000,0x000000077b800000,0x000000077b800000)
  to   space 2560K, 0% used [0x000000077b300000,0x000000077b300000,0x000000077b580000)
 ParOldGen       total 173568K, used 888K [0x00000006c2800000, 0x00000006cd180000, 0x000000076b800000)
  object space 173568K, 0% used [0x00000006c2800000,0x00000006c28de0c8,0x00000006cd180000)
 Metaspace       used 7959K, capacity 8486K, committed 8704K, reserved 1056768K
  class space    used 642K, capacity 658K, committed 768K, reserved 1048576K
}
Event: 1.329 GC heap before
{Heap before GC invocations=9 (full 0):
 PSYoungGen      total 240128K, used 240128K [0x000000076b800000, 0x000000077b800000, 0x00000007c0000000)
  eden space 239616K, 100% used [0x000000076b800000,0x000000077a200000,0x000000077a200000)
  from space 512K, 100% used [0x000000077b780000,0x000000077b800000,0x000000077b800000)
  to   space 2560K, 0% used [0x000000077b300000,0x000000077b300000,0x000000077b580000)
 ParOldGen       total 173568K, used 888K [0x00000006c2800000, 0x00000006cd180000, 0x000000076b800000)
  object space 173568K, 0% used [0x00000006c2800000,0x00000006c28de0c8,0x00000006cd180000)
 Metaspace       used 7959K, capacity 8486K, committed 8704K, reserved 1056768K
  class space    used 642K, capacity 658K, committed 768K, reserved 1048576K
Event: 1.330 GC heap after
Heap after GC invocations=9 (full 0):
 PSYoungGen      total 232960K, used 352K [0x000000076b800000, 0x000000077b800000, 0x00000007c0000000)
  eden space 230400K, 0% used [0x000000076b800000,0x000000076b800000,0x0000000779900000)
  from space 2560K, 13% used [0x000000077b300000,0x000000077b358000,0x000000077b580000)
  to   space 2560K, 0% used [0x000000077b580000,0x000000077b580000,0x000000077b800000)
 ParOldGen       total 173568K, used 1184K [0x00000006c2800000, 0x00000006cd180000, 0x000000076b800000)
  object space 173568K, 0% used [0x00000006c2800000,0x00000006c29280c8,0x00000006cd180000)
 Metaspace       used 7959K, capacity 8486K, committed 8704K, reserved 1056768K
  class space    used 642K, capacity 658K, committed 768K, reserved 1048576K
}
Event: 1.499 GC heap before
{Heap before GC invocations=10 (full 0):
 PSYoungGen      total 232960K, used 230752K [0x000000076b800000, 0x000000077b800000, 0x00000007c0000000)
  eden space 230400K, 100% used [0x000000076b800000,0x0000000779900000,0x0000000779900000)
  from space 2560K, 13% used [0x000000077b300000,0x000000077b358000,0x000000077b580000)
  to   space 2560K, 0% used [0x000000077b580000,0x000000077b580000,0x000000077b800000)
 ParOldGen       total 173568K, used 1184K [0x00000006c2800000, 0x00000006cd180000, 0x000000076b800000)
  object space 173568K, 0% used [0x00000006c2800000,0x00000006c29280c8,0x00000006cd180000)
 Metaspace       used 7960K, capacity 8486K, committed 8704K, reserved 1056768K
  class space    used 642K, capacity 658K, committed 768K, reserved 1048576K
Event: 1.500 GC heap after
Heap after GC invocations=10 (full 0):
 PSYoungGen      total 222208K, used 64K [0x000000076b800000, 0x000000077b600000, 0x00000007c0000000)
  eden space 221696K, 0% used [0x000000076b800000,0x000000076b800000,0x0000000779080000)
  from space 512K, 12% used [0x000000077b580000,0x000000077b590000,0x000000077b600000)
  to   space 2560K, 0% used [0x000000077b100000,0x000000077b100000,0x000000077b380000)
 ParOldGen       total 173568K, used 1432K [0x00000006c2800000, 0x00000006cd180000, 0x000000076b800000)
  object space 173568K, 0% used [0x00000006c2800000,0x00000006c29660c8,0x00000006cd180000)
 Metaspace       used 7960K, capacity 8486K, committed 8704K, reserved 1056768K
  class space    used 642K, capacity 658K, committed 768K, reserved 1048576K
}
Event: 1.659 GC heap before
{Heap before GC invocations=11 (full 0):
 PSYoungGen      total 222208K, used 221760K [0x000000076b800000, 0x000000077b600000, 0x00000007c0000000)
  eden space 221696K, 100% used [0x000000076b800000,0x0000000779080000,0x0000000779080000)
  from space 512K, 12% used [0x000000077b580000,0x000000077b590000,0x000000077b600000)
  to   space 2560K, 0% used [0x000000077b100000,0x000000077b100000,0x000000077b380000)
 ParOldGen       total 173568K, used 1432K [0x00000006c2800000, 0x00000006cd180000, 0x000000076b800000)
  object space 173568K, 0% used [0x00000006c2800000,0x00000006c29660c8,0x00000006cd180000)
 Metaspace       used 7960K, capacity 8486K, committed 8704K, reserved 1056768K
  class space    used 642K, capacity 658K, committed 768K, reserved 1048576K
Event: 1.659 GC heap after
Heap after GC invocations=11 (full 0):
 PSYoungGen      total 216064K, used 64K [0x000000076b800000, 0x000000077b600000, 0x00000007c0000000)
  eden space 213504K, 0% used [0x000000076b800000,0x000000076b800000,0x0000000778880000)
  from space 2560K, 2% used [0x000000077b100000,0x000000077b110000,0x000000077b380000)
  to   space 2560K, 0% used [0x000000077b380000,0x000000077b380000,0x000000077b600000)
 ParOldGen       total 173568K, used 1432K [0x00000006c2800000, 0x00000006cd180000, 0x000000076b800000)
  object space 173568K, 0% used [0x00000006c2800000,0x00000006c29660c8,0x00000006cd180000)
 Metaspace       used 7960K, capacity 8486K, committed 8704K, reserved 1056768K
  class space    used 642K, capacity 658K, committed 768K, reserved 1048576K
}
Event: 1.823 GC heap before
{Heap before GC invocations=12 (full 0):
 PSYoungGen      total 216064K, used 213568K [0x000000076b800000, 0x000000077b600000, 0x00000007c0000000)
  eden space 213504K, 100% used [0x000000076b800000,0x0000000778880000,0x0000000778880000)
  from space 2560K, 2% used [0x000000077b100000,0x000000077b110000,0x000000077b380000)
  to   space 2560K, 0% used [0x000000077b380000,0x000000077b380000,0x000000077b600000)
 ParOldGen       total 173568K, used 1432K [0x00000006c2800000, 0x00000006cd180000, 0x000000076b800000)
  object space 173568K, 0% used [0x00000006c2800000,0x00000006c29660c8,0x00000006cd180000)
 Metaspace       used 7961K, capacity 8486K, committed 8704K, reserved 1056768K
  class space    used 642K, capacity 658K, committed 768K, reserved 1048576K
Event: 1.823 GC heap after
Heap after GC invocations=12 (full 0):
 PSYoungGen      total 206336K, used 96K [0x000000076b800000, 0x000000077b400000, 0x00000007c0000000)
  eden space 205824K, 0% used [0x000000076b800000,0x000000076b800000,0x0000000778100000)
  from space 512K, 18% used [0x000000077b380000,0x000000077b398000,0x000000077b400000)
  to   space 2560K, 0% used [0x000000077af00000,0x000000077af00000,0x000000077b180000)
 ParOldGen       total 173568K, used 1432K [0x00000006c2800000, 0x00000006cd180000, 0x000000076b800000)
  object space 173568K, 0% used [0x00000006c2800000,0x00000006c29660c8,0x00000006cd180000)
 Metaspace       used 7961K, capacity 8486K, committed 8704K, reserved 1056768K
  class space    used 642K, capacity 658K, committed 768K, reserved 1048576K
}

