# JRE version: Java(TM) SE Runtime Environment (8.0_65-b17) (build 1.8.0_65-b17)
# Java VM: Java HotSpot(TM) 64-Bit Server VM (25.65-b01 mixed mode windows-amd64 compressed oops)
Heap:
 PSYoungGen      total 107008K, used 68410K [0x000000076b800000, 0x00000007a8e80000, 0x00000007c0000000)
  eden space 106496K, 64% used [0x000000076b800000,0x000000076fa9eaa8,0x0000000772000000)
  from space 512K, 37% used [0x00000007a8d80000,0x00000007a8db0000,0x00000007a8e00000)
  to   space 512K, 0% used [0x00000007a8e00000,0x00000007a8e00000,0x00000007a8e80000)
 ParOldGen       total 173568K, used 17831K [0x00000006c2800000, 0x00000006cd180000, 0x000000076b800000)
  object space 173568K, 10% used [0x00000006c2800000,0x00000006c3969c88,0x00000006cd180000)
 Metaspace       used 8400K, capacity 8774K, committed 8960K, reserved 1056768K
  class space    used 662K, capacity 690K, committed 768K, reserved 1048576K
GC Heap History (10 events):
Event: 12.409 GC heap before
{Heap before GC invocations=81 (full 0):
 PSYoungGen      total 123904K, used 123616K [0x000000076b800000, 0x00000007a8e80000, 0x00000007c0000000)
  eden space 123392K, 100% used [0x000000076b800000,0x0000000773080000,0x0000000773080000)
  from space 512K, 43% used [0x00000007a8e00000,0x00000007a8e38000,0x00000007a8e80000)
  to   space 512K, 0% used [0x00000007a8d80000,0x00000007a8d80000,0x00000007a8e00000)
 ParOldGen       total 173568K, used 17831K [0x00000006c2800000, 0x00000006cd180000, 0x000000076b800000)
  object space 173568K, 10% used [0x00000006c2800000,0x00000006c3969c88,0x00000006cd180000)
 Metaspace       used 8399K, capacity 8774K, committed 8960K, reserved 1056768K
  class space    used 662K, capacity 690K, committed 768K, reserved 1048576K
Event: 12.410 GC heap after
Heap after GC invocations=81 (full 0):
 PSYoungGen      total 120320K, used 192K [0x000000076b800000, 0x00000007a8e80000, 0x00000007c0000000)
  eden space 119808K, 0% used [0x000000076b800000,0x000000076b800000,0x0000000772d00000)
  from space 512K, 37% used [0x00000007a8d80000,0x00000007a8db0000,0x00000007a8e00000)
  to   space 512K, 0% used [0x00000007a8e00000,0x00000007a8e00000,0x00000007a8e80000)
 ParOldGen       total 173568K, used 17831K [0x00000006c2800000, 0x00000006cd180000, 0x000000076b800000)
  object space 173568K, 10% used [0x00000006c2800000,0x00000006c3969c88,0x00000006cd180000)
 Metaspace       used 8399K, capacity 8774K, committed 8960K, reserved 1056768K
  class space    used 662K, capacity 690K, committed 768K, reserved 1048576K
}
Event: 12.462 GC heap before
{Heap before GC invocations=82 (full 0):
 PSYoungGen      total 120320K, used 120000K [0x000000076b800000, 0x00000007a8e80000, 0x00000007c0000000)
  eden space 119808K, 100% used [0x000000076b800000,0x0000000772d00000,0x0000000772d00000)
  from space 512K, 37% used [0x00000007a8d80000,0x00000007a8db0000,0x00000007a8e00000)
  to   space 512K, 0% used [0x00000007a8e00000,0x00000007a8e00000,0x00000007a8e80000)
 ParOldGen       total 173568K, used 17831K [0x00000006c2800000, 0x00000006cd180000, 0x000000076b800000)
  object space 173568K, 10% used [0x00000006c2800000,0x00000006c3969c88,0x00000006cd180000)
 Metaspace       used 8399K, capacity 8774K, committed 8960K, reserved 1056768K
  class space    used 662K, capacity 690K, committed 768K, reserved 1048576K
Event: 12.463 GC heap after
Heap after GC invocations=82 (full 0):
 PSYoungGen      total 116736K, used 224K [0x000000076b800000, 0x00000007a8e80000, 0x00000007c0000000)
  eden space 116224K, 0% used [0x000000076b800000,0x000000076b800000,0x0000000772980000)
  from space 512K, 43% used [0x00000007a8e00000,0x00000007a8e38000,0x00000007a8e80000)
  to   space 512K, 0% used [0x00000007a8d80000,0x00000007a8d80000,0x00000007a8e00000)
 ParOldGen       total 173568K, used 17831K [0x00000006c2800000, 0x00000006cd180000, 0x000000076b800000)
  object space 173568K, 10% used [0x00000006c2800000,0x00000006c3969c88,0x00000006cd180000)
 Metaspace       used 8399K, capacity 8774K, committed 8960K, reserved 1056768K
  class space    used 662K, capacity 690K, committed 768K, reserved 1048576K
}
Event: 12.518 GC heap before
{Heap before GC invocations=83 (full 0):
 PSYoungGen      total 116736K, used 116448K [0x000000076b800000, 0x00000007a8e80000, 0x00000007c0000000)
  eden space 116224K, 100% used [0x000000076b800000,0x0000000772980000,0x0000000772980000)
  from space 512K, 43% used [0x00000007a8e00000,0x00000007a8e38000,0x00000007a8e80000)
  to   space 512K, 0% used [0x00000007a8d80000,0x00000007a8d80000,0x00000007a8e00000)
 ParOldGen       total 173568K, used 17831K [0x00000006c2800000, 0x00000006cd180000, 0x000000076b800000)
  object space 173568K, 10% used [0x00000006c2800000,0x00000006c3969c88,0x00000006cd180000)
 Metaspace       used 8399K, capacity 8774K, committed 8960K, reserved 1056768K
  class space    used 662K, capacity 690K, committed 768K, reserved 1048576K
Event: 12.518 GC heap after
Heap after GC invocations=83 (full 0):
 PSYoungGen      total 113152K, used 224K [0x000000076b800000, 0x00000007a8e80000, 0x00000007c0000000)
  eden space 112640K, 0% used [0x000000076b800000,0x000000076b800000,0x0000000772600000)
  from space 512K, 43% used [0x00000007a8d80000,0x00000007a8db8000,0x00000007a8e00000)
  to   space 512K, 0% used [0x00000007a8e00000,0x00000007a8e00000,0x00000007a8e80000)
 ParOldGen       total 173568K, used 17831K [0x00000006c2800000, 0x00000006cd180000, 0x000000076b800000)
  object space 173568K, 10% used [0x00000006c2800000,0x00000006c3969c88,0x00000006cd180000)
 Metaspace       used 8399K, capacity 8774K, committed 8960K, reserved 1056768K
  class space    used 662K, capacity 690K, committed 768K, reserved 1048576K
}
Event: 12.566 GC heap before
{Heap before GC invocations=84 (full 0):
 PSYoungGen      total 113152K, used 112864K [0x000000076b800000, 0x00000007a8e80000, 0x00000007c0000000)
  eden space 112640K, 100% used [0x000000076b800000,0x0000000772600000,0x0000000772600000)
  from space 512K, 43% used [0x00000007a8d80000,0x00000007a8db8000,0x00000007a8e00000)
  to   space 512K, 0% used [0x00000007a8e00000,0x00000007a8e00000,0x00000007a8e80000)
 ParOldGen       total 173568K, used 17831K [0x00000006c2800000, 0x00000006cd180000, 0x000000076b800000)
  object space 173568K, 10% used [0x00000006c2800000,0x00000006c3969c88,0x00000006cd180000)
 Metaspace       used 8399K, capacity 8774K, committed 8960K, reserved 1056768K
  class space    used 662K, capacity 690K, committed 768K, reserved 1048576K
Event: 12.567 GC heap after
Heap after GC invocations=84 (full 0):
 PSYoungGen      total 110080K, used 224K [0x000000076b800000, 0x00000007a8e80000, 0x00000007c0000000)
  eden space 109568K, 0% used [0x000000076b800000,0x000000076b800000,0x0000000772300000)
  from space 512K, 43% used [0x00000007a8e00000,0x00000007a8e38000,0x00000007a8e80000)
  to   space 512K, 0% used [0x00000007a8d80000,0x00000007a8d80000,0x00000007a8e00000)
 ParOldGen       total 173568K, used 17831K [0x00000006c2800000, 0x00000006cd180000, 0x000000076b800000)
  object space 173568K, 10% used [0x00000006c2800000,0x00000006c3969c88,0x00000006cd180000)
 Metaspace       used 8399K, capacity 8774K, committed 8960K, reserved 1056768K
  class space    used 662K, capacity 690K, committed 768K, reserved 1048576K
}
Event: 12.616 GC heap before
{Heap before GC invocations=85 (full 0):
 PSYoungGen      total 110080K, used 109792K [0x000000076b800000, 0x00000007a8e80000, 0x00000007c0000000)
  eden space 109568K, 100% used [0x000000076b800000,0x0000000772300000,0x0000000772300000)
  from space 512K, 43% used [0x00000007a8e00000,0x00000007a8e38000,0x00000007a8e80000)
  to   space 512K, 0% used [0x00000007a8d80000,0x00000007a8d80000,0x00000007a8e00000)
 ParOldGen       total 173568K, used 17831K [0x00000006c2800000, 0x00000006cd180000, 0x000000076b800000)
  object space 173568K, 10% used [0x00000006c2800000,0x00000006c3969c88,0x00000006cd180000)
 Metaspace       used 8399K, capacity 8774K, committed 8960K, reserved 1056768K
  class space    used 662K, capacity 690K, committed 768K, reserved 1048576K
Event: 12.617 GC heap after
Heap after GC invocations=85 (full 0):
 PSYoungGen      total 107008K, used 192K [0x000000076b800000, 0x00000007a8e80000, 0x00000007c0000000)
  eden space 106496K, 0% used [0x000000076b800000,0x000000076b800000,0x0000000772000000)
  from space 512K, 37% used [0x00000007a8d80000,0x00000007a8db0000,0x00000007a8e00000)
  to   space 512K, 0% used [0x00000007a8e00000,0x00000007a8e00000,0x00000007a8e80000)
 ParOldGen       total 173568K, used 17831K [0x00000006c2800000, 0x00000006cd180000, 0x000000076b800000)
  object space 173568K, 10% used [0x00000006c2800000,0x00000006c3969c88,0x00000006cd180000)
 Metaspace       used 8399K, capacity 8774K, committed 8960K, reserved 1056768K
  class space    used 662K, capacity 690K, committed 768K, reserved 1048576K
}

