# JRE version: Java(TM) SE Runtime Environment (8.0_65-b17) (build 1.8.0_65-b17)
# Java VM: Java HotSpot(TM) 64-Bit Server VM (25.65-b01 mixed mode windows-amd64 compressed oops)
Heap:
 PSYoungGen      total 173568K, used 32733K [0x000000076b800000, 0x000000077b200000, 0x00000007c0000000)
  eden space 171520K, 19% used [0x000000076b800000,0x000000076d7e7638,0x0000000775f80000)
  from space 2048K, 3% used [0x000000077ae00000,0x000000077ae10000,0x000000077b000000)
  to   space 1536K, 0% used [0x000000077b080000,0x000000077b080000,0x000000077b200000)
 ParOldGen       total 173568K, used 1268K [0x00000006c2800000, 0x00000006cd180000, 0x000000076b800000)
  object space 173568K, 0% used [0x00000006c2800000,0x00000006c293d060,0x00000006cd180000)
 Metaspace       used 7956K, capacity 8486K, committed 8704K, reserved 1056768K
  class space    used 641K, capacity 658K, committed 768K, reserved 1048576K
GC Heap History (10 events):
Event: 2.185 GC heap before
{Heap before GC invocations=15 (full 0):
 PSYoungGen      total 206336K, used 205888K [0x000000076b800000, 0x000000077b500000, 0x00000007c0000000)
  eden space 205824K, 100% used [0x000000076b800000,0x0000000778100000,0x0000000778100000)
  from space 512K, 12% used [0x000000077b480000,0x000000077b490000,0x000000077b500000)
  to   space 2048K, 0% used [0x000000077b100000,0x000000077b100000,0x000000077b300000)
 ParOldGen       total 173568K, used 1268K [0x00000006c2800000, 0x00000006cd180000, 0x000000076b800000)
  object space 173568K, 0% used [0x00000006c2800000,0x00000006c293d060,0x00000006cd180000)
 Metaspace       used 7954K, capacity 8486K, committed 8704K, reserved 1056768K
  class space    used 641K, capacity 658K, committed 768K, reserved 1048576K
Event: 2.186 GC heap after
Heap after GC invocations=15 (full 0):
 PSYoungGen      total 200192K, used 64K [0x000000076b800000, 0x000000077b500000, 0x00000007c0000000)
  eden space 198144K, 0% used [0x000000076b800000,0x000000076b800000,0x0000000777980000)
  from space 2048K, 3% used [0x000000077b100000,0x000000077b110000,0x000000077b300000)
  to   space 2048K, 0% used [0x000000077b300000,0x000000077b300000,0x000000077b500000)
 ParOldGen       total 173568K, used 1268K [0x00000006c2800000, 0x00000006cd180000, 0x000000076b800000)
  object space 173568K, 0% used [0x00000006c2800000,0x00000006c293d060,0x00000006cd180000)
 Metaspace       used 7954K, capacity 8486K, committed 8704K, reserved 1056768K
  class space    used 641K, capacity 658K, committed 768K, reserved 1048576K
}
Event: 2.335 GC heap before
{Heap before GC invocations=16 (full 0):
 PSYoungGen      total 200192K, used 198208K [0x000000076b800000, 0x000000077b500000, 0x00000007c0000000)
  eden space 198144K, 100% used [0x000000076b800000,0x0000000777980000,0x0000000777980000)
  from space 2048K, 3% used [0x000000077b100000,0x000000077b110000,0x000000077b300000)
  to   space 2048K, 0% used [0x000000077b300000,0x000000077b300000,0x000000077b500000)
 ParOldGen       total 173568K, used 1268K [0x00000006c2800000, 0x00000006cd180000, 0x000000076b800000)
  object space 173568K, 0% used [0x00000006c2800000,0x00000006c293d060,0x00000006cd180000)
 Metaspace       used 7954K, capacity 8486K, committed 8704K, reserved 1056768K
  class space    used 641K, capacity 658K, committed 768K, reserved 1048576K
Event: 2.336 GC heap after
Heap after GC invocations=16 (full 0):
 PSYoungGen      total 191488K, used 64K [0x000000076b800000, 0x000000077b380000, 0x00000007c0000000)
  eden space 190976K, 0% used [0x000000076b800000,0x000000076b800000,0x0000000777280000)
  from space 512K, 12% used [0x000000077b300000,0x000000077b310000,0x000000077b380000)
  to   space 2048K, 0% used [0x000000077af80000,0x000000077af80000,0x000000077b180000)
 ParOldGen       total 173568K, used 1268K [0x00000006c2800000, 0x00000006cd180000, 0x000000076b800000)
  object space 173568K, 0% used [0x00000006c2800000,0x00000006c293d060,0x00000006cd180000)
 Metaspace       used 7954K, capacity 8486K, committed 8704K, reserved 1056768K
  class space    used 641K, capacity 658K, committed 768K, reserved 1048576K
}
Event: 2.494 GC heap before
{Heap before GC invocations=17 (full 0):
 PSYoungGen      total 191488K, used 191040K [0x000000076b800000, 0x000000077b380000, 0x00000007c0000000)
  eden space 190976K, 100% used [0x000000076b800000,0x0000000777280000,0x0000000777280000)
  from space 512K, 12% used [0x000000077b300000,0x000000077b310000,0x000000077b380000)
  to   space 2048K, 0% used [0x000000077af80000,0x000000077af80000,0x000000077b180000)
 ParOldGen       total 173568K, used 1268K [0x00000006c2800000, 0x00000006cd180000, 0x000000076b800000)
  object space 173568K, 0% used [0x00000006c2800000,0x00000006c293d060,0x00000006cd180000)
 Metaspace       used 7956K, capacity 8486K, committed 8704K, reserved 1056768K
  class space    used 641K, capacity 658K, committed 768K, reserved 1048576K
Event: 2.494 GC heap after
Heap after GC invocations=17 (full 0):
 PSYoungGen      total 186368K, used 64K [0x000000076b800000, 0x000000077b380000, 0x00000007c0000000)
  eden space 184320K, 0% used [0x000000076b800000,0x000000076b800000,0x0000000776c00000)
  from space 2048K, 3% used [0x000000077af80000,0x000000077af90000,0x000000077b180000)
  to   space 2048K, 0% used [0x000000077b180000,0x000000077b180000,0x000000077b380000)
 ParOldGen       total 173568K, used 1268K [0x00000006c2800000, 0x00000006cd180000, 0x000000076b800000)
  object space 173568K, 0% used [0x00000006c2800000,0x00000006c293d060,0x00000006cd180000)
 Metaspace       used 7956K, capacity 8486K, committed 8704K, reserved 1056768K
  class space    used 641K, capacity 658K, committed 768K, reserved 1048576K
}
Event: 2.695 GC heap before
{Heap before GC invocations=18 (full 0):
 PSYoungGen      total 186368K, used 184384K [0x000000076b800000, 0x000000077b380000, 0x00000007c0000000)
  eden space 184320K, 100% used [0x000000076b800000,0x0000000776c00000,0x0000000776c00000)
  from space 2048K, 3% used [0x000000077af80000,0x000000077af90000,0x000000077b180000)
  to   space 2048K, 0% used [0x000000077b180000,0x000000077b180000,0x000000077b380000)
 ParOldGen       total 173568K, used 1268K [0x00000006c2800000, 0x00000006cd180000, 0x000000076b800000)
  object space 173568K, 0% used [0x00000006c2800000,0x00000006c293d060,0x00000006cd180000)
 Metaspace       used 7956K, capacity 8486K, committed 8704K, reserved 1056768K
  class space    used 641K, capacity 658K, committed 768K, reserved 1048576K
Event: 2.696 GC heap after
Heap after GC invocations=18 (full 0):
 PSYoungGen      total 178176K, used 64K [0x000000076b800000, 0x000000077b200000, 0x00000007c0000000)
  eden space 177664K, 0% used [0x000000076b800000,0x000000076b800000,0x0000000776580000)
  from space 512K, 12% used [0x000000077b180000,0x000000077b190000,0x000000077b200000)
  to   space 2048K, 0% used [0x000000077ae00000,0x000000077ae00000,0x000000077b000000)
 ParOldGen       total 173568K, used 1268K [0x00000006c2800000, 0x00000006cd180000, 0x000000076b800000)
  object space 173568K, 0% used [0x00000006c2800000,0x00000006c293d060,0x00000006cd180000)
 Metaspace       used 7956K, capacity 8486K, committed 8704K, reserved 1056768K
  class space    used 641K, capacity 658K, committed 768K, reserved 1048576K
}
Event: 2.892 GC heap before
{Heap before GC invocations=19 (full 0):
 PSYoungGen      total 178176K, used 177728K [0x000000076b800000, 0x000000077b200000, 0x00000007c0000000)
  eden space 177664K, 100% used [0x000000076b800000,0x0000000776580000,0x0000000776580000)
  from space 512K, 12% used [0x000000077b180000,0x000000077b190000,0x000000077b200000)
  to   space 2048K, 0% used [0x000000077ae00000,0x000000077ae00000,0x000000077b000000)
 ParOldGen       total 173568K, used 1268K [0x00000006c2800000, 0x00000006cd180000, 0x000000076b800000)
  object space 173568K, 0% used [0x00000006c2800000,0x00000006c293d060,0x00000006cd180000)
 Metaspace       used 7956K, capacity 8486K, committed 8704K, reserved 1056768K
  class space    used 641K, capacity 658K, committed 768K, reserved 1048576K
Event: 2.892 GC heap after
Heap after GC invocations=19 (full 0):
 PSYoungGen      total 173568K, used 64K [0x000000076b800000, 0x000000077b200000, 0x00000007c0000000)
  eden space 171520K, 0% used [0x000000076b800000,0x000000076b800000,0x0000000775f80000)
  from space 2048K, 3% used [0x000000077ae00000,0x000000077ae10000,0x000000077b000000)
  to   space 1536K, 0% used [0x000000077b080000,0x000000077b080000,0x000000077b200000)
 ParOldGen       total 173568K, used 1268K [0x00000006c2800000, 0x00000006cd180000, 0x000000076b800000)
  object space 173568K, 0% used [0x00000006c2800000,0x00000006c293d060,0x00000006cd180000)
 Metaspace       used 7956K, capacity 8486K, committed 8704K, reserved 1056768K
  class space    used 641K, capacity 658K, committed 768K, reserved 1048576K
}

