# JRE version: Java(TM) SE Runtime Environment (8.0_65-b17) (build 1.8.0_65-b17)
# Java VM: Java HotSpot(TM) 64-Bit Server VM (25.65-b01 mixed mode windows-amd64 compressed oops)
Heap:
 PSYoungGen      total 807424K, used 733158K [0x000000076b800000, 0x00000007bbd00000, 0x00000007c0000000)
  eden space 799232K, 91% used [0x000000076b800000,0x00000007983c1950,0x000000079c480000)
  from space 8192K, 2% used [0x00000007bad00000,0x00000007bad38000,0x00000007bb500000)
  to   space 7680K, 0% used [0x00000007bb580000,0x00000007bb580000,0x00000007bbd00000)
 ParOldGen       total 173568K, used 29995K [0x00000006c2800000, 0x00000006cd180000, 0x000000076b800000)
  object space 173568K, 17% used [0x00000006c2800000,0x00000006c454af88,0x00000006cd180000)
 Metaspace       used 8336K, capacity 8710K, committed 8960K, reserved 1056768K
  class space    used 659K, capacity 690K, committed 768K, reserved 1048576K
GC Heap History (10 events):
Event: 11.411 GC heap before
{Heap before GC invocations=21 (full 0):
 PSYoungGen      total 1014272K, used 1013984K [0x000000076b800000, 0x00000007bce80000, 0x00000007c0000000)
  eden space 1013760K, 100% used [0x000000076b800000,0x00000007a9600000,0x00000007a9600000)
  from space 512K, 43% used [0x00000007bce00000,0x00000007bce38000,0x00000007bce80000)
  to   space 10752K, 0% used [0x00000007bb980000,0x00000007bb980000,0x00000007bc400000)
 ParOldGen       total 173568K, used 29947K [0x00000006c2800000, 0x00000006cd180000, 0x000000076b800000)
  object space 173568K, 17% used [0x00000006c2800000,0x00000006c453ef88,0x00000006cd180000)
 Metaspace       used 8334K, capacity 8710K, committed 8960K, reserved 1056768K
  class space    used 659K, capacity 690K, committed 768K, reserved 1048576K
Event: 11.411 GC heap after
Heap after GC invocations=21 (full 0):
 PSYoungGen      total 976896K, used 224K [0x000000076b800000, 0x00000007bce80000, 0x00000007c0000000)
  eden space 966144K, 0% used [0x000000076b800000,0x000000076b800000,0x00000007a6780000)
  from space 10752K, 2% used [0x00000007bb980000,0x00000007bb9b8000,0x00000007bc400000)
  to   space 10240K, 0% used [0x00000007bc480000,0x00000007bc480000,0x00000007bce80000)
 ParOldGen       total 173568K, used 29947K [0x00000006c2800000, 0x00000006cd180000, 0x000000076b800000)
  object space 173568K, 17% used [0x00000006c2800000,0x00000006c453ef88,0x00000006cd180000)
 Metaspace       used 8334K, capacity 8710K, committed 8960K, reserved 1056768K
  class space    used 659K, capacity 690K, committed 768K, reserved 1048576K
}
Event: 12.164 GC heap before
{Heap before GC invocations=22 (full 0):
 PSYoungGen      total 976896K, used 966368K [0x000000076b800000, 0x00000007bce80000, 0x00000007c0000000)
  eden space 966144K, 100% used [0x000000076b800000,0x00000007a6780000,0x00000007a6780000)
  from space 10752K, 2% used [0x00000007bb980000,0x00000007bb9b8000,0x00000007bc400000)
  to   space 10240K, 0% used [0x00000007bc480000,0x00000007bc480000,0x00000007bce80000)
 ParOldGen       total 173568K, used 29947K [0x00000006c2800000, 0x00000006cd180000, 0x000000076b800000)
  object space 173568K, 17% used [0x00000006c2800000,0x00000006c453ef88,0x00000006cd180000)
 Metaspace       used 8335K, capacity 8710K, committed 8960K, reserved 1056768K
  class space    used 659K, capacity 690K, committed 768K, reserved 1048576K
Event: 12.165 GC heap after
Heap after GC invocations=22 (full 0):
 PSYoungGen      total 921600K, used 256K [0x000000076b800000, 0x00000007bc500000, 0x00000007c0000000)
  eden space 921088K, 0% used [0x000000076b800000,0x000000076b800000,0x00000007a3b80000)
  from space 512K, 50% used [0x00000007bc480000,0x00000007bc4c0000,0x00000007bc500000)
  to   space 9728K, 0% used [0x00000007bb200000,0x00000007bb200000,0x00000007bbb80000)
 ParOldGen       total 173568K, used 29947K [0x00000006c2800000, 0x00000006cd180000, 0x000000076b800000)
  object space 173568K, 17% used [0x00000006c2800000,0x00000006c453ef88,0x00000006cd180000)
 Metaspace       used 8335K, capacity 8710K, committed 8960K, reserved 1056768K
  class space    used 659K, capacity 690K, committed 768K, reserved 1048576K
}
Event: 12.890 GC heap before
{Heap before GC invocations=23 (full 0):
 PSYoungGen      total 921600K, used 921344K [0x000000076b800000, 0x00000007bc500000, 0x00000007c0000000)
  eden space 921088K, 100% used [0x000000076b800000,0x00000007a3b80000,0x00000007a3b80000)
  from space 512K, 50% used [0x00000007bc480000,0x00000007bc4c0000,0x00000007bc500000)
  to   space 9728K, 0% used [0x00000007bb200000,0x00000007bb200000,0x00000007bbb80000)
 ParOldGen       total 173568K, used 29947K [0x00000006c2800000, 0x00000006cd180000, 0x000000076b800000)
  object space 173568K, 17% used [0x00000006c2800000,0x00000006c453ef88,0x00000006cd180000)
 Metaspace       used 8335K, capacity 8710K, committed 8960K, reserved 1056768K
  class space    used 659K, capacity 690K, committed 768K, reserved 1048576K
Event: 12.891 GC heap after
Heap after GC invocations=23 (full 0):
 PSYoungGen      total 887808K, used 224K [0x000000076b800000, 0x00000007bc500000, 0x00000007c0000000)
  eden space 878080K, 0% used [0x000000076b800000,0x000000076b800000,0x00000007a1180000)
  from space 9728K, 2% used [0x00000007bb200000,0x00000007bb238000,0x00000007bbb80000)
  to   space 8704K, 0% used [0x00000007bbc80000,0x00000007bbc80000,0x00000007bc500000)
 ParOldGen       total 173568K, used 29963K [0x00000006c2800000, 0x00000006cd180000, 0x000000076b800000)
  object space 173568K, 17% used [0x00000006c2800000,0x00000006c4542f88,0x00000006cd180000)
 Metaspace       used 8335K, capacity 8710K, committed 8960K, reserved 1056768K
  class space    used 659K, capacity 690K, committed 768K, reserved 1048576K
}
Event: 13.594 GC heap before
{Heap before GC invocations=24 (full 0):
 PSYoungGen      total 887808K, used 878304K [0x000000076b800000, 0x00000007bc500000, 0x00000007c0000000)
  eden space 878080K, 100% used [0x000000076b800000,0x00000007a1180000,0x00000007a1180000)
  from space 9728K, 2% used [0x00000007bb200000,0x00000007bb238000,0x00000007bbb80000)
  to   space 8704K, 0% used [0x00000007bbc80000,0x00000007bbc80000,0x00000007bc500000)
 ParOldGen       total 173568K, used 29963K [0x00000006c2800000, 0x00000006cd180000, 0x000000076b800000)
  object space 173568K, 17% used [0x00000006c2800000,0x00000006c4542f88,0x00000006cd180000)
 Metaspace       used 8335K, capacity 8710K, committed 8960K, reserved 1056768K
  class space    used 659K, capacity 690K, committed 768K, reserved 1048576K
Event: 13.595 GC heap after
Heap after GC invocations=24 (full 0):
 PSYoungGen      total 838144K, used 224K [0x000000076b800000, 0x00000007bbd00000, 0x00000007c0000000)
  eden space 837632K, 0% used [0x000000076b800000,0x000000076b800000,0x000000079ea00000)
  from space 512K, 43% used [0x00000007bbc80000,0x00000007bbcb8000,0x00000007bbd00000)
  to   space 8192K, 0% used [0x00000007bad00000,0x00000007bad00000,0x00000007bb500000)
 ParOldGen       total 173568K, used 29971K [0x00000006c2800000, 0x00000006cd180000, 0x000000076b800000)
  object space 173568K, 17% used [0x00000006c2800000,0x00000006c4544f88,0x00000006cd180000)
 Metaspace       used 8335K, capacity 8710K, committed 8960K, reserved 1056768K
  class space    used 659K, capacity 690K, committed 768K, reserved 1048576K
}
Event: 14.223 GC heap before
{Heap before GC invocations=25 (full 0):
 PSYoungGen      total 838144K, used 837856K [0x000000076b800000, 0x00000007bbd00000, 0x00000007c0000000)
  eden space 837632K, 100% used [0x000000076b800000,0x000000079ea00000,0x000000079ea00000)
  from space 512K, 43% used [0x00000007bbc80000,0x00000007bbcb8000,0x00000007bbd00000)
  to   space 8192K, 0% used [0x00000007bad00000,0x00000007bad00000,0x00000007bb500000)
 ParOldGen       total 173568K, used 29971K [0x00000006c2800000, 0x00000006cd180000, 0x000000076b800000)
  object space 173568K, 17% used [0x00000006c2800000,0x00000006c4544f88,0x00000006cd180000)
 Metaspace       used 8335K, capacity 8710K, committed 8960K, reserved 1056768K
  class space    used 659K, capacity 690K, committed 768K, reserved 1048576K
Event: 14.223 GC heap after
Heap after GC invocations=25 (full 0):
 PSYoungGen      total 807424K, used 224K [0x000000076b800000, 0x00000007bbd00000, 0x00000007c0000000)
  eden space 799232K, 0% used [0x000000076b800000,0x000000076b800000,0x000000079c480000)
  from space 8192K, 2% used [0x00000007bad00000,0x00000007bad38000,0x00000007bb500000)
  to   space 7680K, 0% used [0x00000007bb580000,0x00000007bb580000,0x00000007bbd00000)
 ParOldGen       total 173568K, used 29995K [0x00000006c2800000, 0x00000006cd180000, 0x000000076b800000)
  object space 173568K, 17% used [0x00000006c2800000,0x00000006c454af88,0x00000006cd180000)
 Metaspace       used 8335K, capacity 8710K, committed 8960K, reserved 1056768K
  class space    used 659K, capacity 690K, committed 768K, reserved 1048576K
}

