# JRE version: Java(TM) SE Runtime Environment (8.0_65-b17) (build 1.8.0_65-b17)
# Java VM: Java HotSpot(TM) 64-Bit Server VM (25.65-b01 mixed mode windows-amd64 compressed oops)
Heap:
 PSYoungGen      total 671232K, used 576961K [0x000000076b800000, 0x0000000794e00000, 0x00000007c0000000)
  eden space 665600K, 86% used [0x000000076b800000,0x000000078eb40468,0x0000000794200000)
  from space 5632K, 3% used [0x0000000794880000,0x00000007948b0000,0x0000000794e00000)
  to   space 6144K, 0% used [0x0000000794200000,0x0000000794200000,0x0000000794800000)
 ParOldGen       total 173568K, used 11428K [0x00000006c2800000, 0x00000006cd180000, 0x000000076b800000)
  object space 173568K, 6% used [0x00000006c2800000,0x00000006c3329060,0x00000006cd180000)
 Metaspace       used 8315K, capacity 8710K, committed 8960K, reserved 1056768K
  class space    used 660K, capacity 690K, committed 768K, reserved 1048576K
GC Heap History (10 events):
Event: 0.958 GC heap before
{Heap before GC invocations=8 (full 0):
 PSYoungGen      total 132096K, used 131282K [0x000000076b800000, 0x000000077ba00000, 0x00000007c0000000)
  eden space 130048K, 100% used [0x000000076b800000,0x0000000773700000,0x0000000773700000)
  from space 2048K, 60% used [0x0000000773700000,0x0000000773834bd8,0x0000000773900000)
  to   space 2048K, 0% used [0x000000077b800000,0x000000077b800000,0x000000077ba00000)
 ParOldGen       total 173568K, used 652K [0x00000006c2800000, 0x00000006cd180000, 0x000000076b800000)
  object space 173568K, 0% used [0x00000006c2800000,0x00000006c28a3060,0x00000006cd180000)
 Metaspace       used 8204K, capacity 8646K, committed 8960K, reserved 1056768K
  class space    used 655K, capacity 690K, committed 768K, reserved 1048576K
Event: 0.961 GC heap after
Heap after GC invocations=8 (full 0):
 PSYoungGen      total 261632K, used 1995K [0x000000076b800000, 0x000000077bb00000, 0x00000007c0000000)
  eden space 259584K, 0% used [0x000000076b800000,0x000000076b800000,0x000000077b580000)
  from space 2048K, 97% used [0x000000077b800000,0x000000077b9f2e90,0x000000077ba00000)
  to   space 2560K, 0% used [0x000000077b580000,0x000000077b580000,0x000000077b800000)
 ParOldGen       total 173568K, used 860K [0x00000006c2800000, 0x00000006cd180000, 0x000000076b800000)
  object space 173568K, 0% used [0x00000006c2800000,0x00000006c28d7060,0x00000006cd180000)
 Metaspace       used 8204K, capacity 8646K, committed 8960K, reserved 1056768K
  class space    used 655K, capacity 690K, committed 768K, reserved 1048576K
}
Event: 1.098 GC heap before
{Heap before GC invocations=9 (full 0):
 PSYoungGen      total 261632K, used 261579K [0x000000076b800000, 0x000000077bb00000, 0x00000007c0000000)
  eden space 259584K, 100% used [0x000000076b800000,0x000000077b580000,0x000000077b580000)
  from space 2048K, 97% used [0x000000077b800000,0x000000077b9f2e90,0x000000077ba00000)
  to   space 2560K, 0% used [0x000000077b580000,0x000000077b580000,0x000000077b800000)
 ParOldGen       total 173568K, used 860K [0x00000006c2800000, 0x00000006cd180000, 0x000000076b800000)
  object space 173568K, 0% used [0x00000006c2800000,0x00000006c28d7060,0x00000006cd180000)
 Metaspace       used 8229K, capacity 8646K, committed 8960K, reserved 1056768K
  class space    used 655K, capacity 690K, committed 768K, reserved 1048576K
Event: 1.107 GC heap after
Heap after GC invocations=9 (full 0):
 PSYoungGen      total 262144K, used 2536K [0x000000076b800000, 0x0000000785b00000, 0x00000007c0000000)
  eden space 259584K, 0% used [0x000000076b800000,0x000000076b800000,0x000000077b580000)
  from space 2560K, 99% used [0x000000077b580000,0x000000077b7fa1e0,0x000000077b800000)
  to   space 6656K, 0% used [0x0000000785480000,0x0000000785480000,0x0000000785b00000)
 ParOldGen       total 173568K, used 10260K [0x00000006c2800000, 0x00000006cd180000, 0x000000076b800000)
  object space 173568K, 5% used [0x00000006c2800000,0x00000006c3205060,0x00000006cd180000)
 Metaspace       used 8229K, capacity 8646K, committed 8960K, reserved 1056768K
  class space    used 655K, capacity 690K, committed 768K, reserved 1048576K
}
Event: 1.306 GC heap before
{Heap before GC invocations=10 (full 0):
 PSYoungGen      total 262144K, used 262120K [0x000000076b800000, 0x0000000785b00000, 0x00000007c0000000)
  eden space 259584K, 100% used [0x000000076b800000,0x000000077b580000,0x000000077b580000)
  from space 2560K, 99% used [0x000000077b580000,0x000000077b7fa1e0,0x000000077b800000)
  to   space 6656K, 0% used [0x0000000785480000,0x0000000785480000,0x0000000785b00000)
 ParOldGen       total 173568K, used 10260K [0x00000006c2800000, 0x00000006cd180000, 0x000000076b800000)
  object space 173568K, 5% used [0x00000006c2800000,0x00000006c3205060,0x00000006cd180000)
 Metaspace       used 8285K, capacity 8710K, committed 8960K, reserved 1056768K
  class space    used 660K, capacity 690K, committed 768K, reserved 1048576K
Event: 1.308 GC heap after
Heap after GC invocations=10 (full 0):
 PSYoungGen      total 422400K, used 544K [0x000000076b800000, 0x0000000785b00000, 0x00000007c0000000)
  eden space 415744K, 0% used [0x000000076b800000,0x000000076b800000,0x0000000784e00000)
  from space 6656K, 8% used [0x0000000785480000,0x0000000785508000,0x0000000785b00000)
  to   space 6656K, 0% used [0x0000000784e00000,0x0000000784e00000,0x0000000785480000)
 ParOldGen       total 173568K, used 11092K [0x00000006c2800000, 0x00000006cd180000, 0x000000076b800000)
  object space 173568K, 6% used [0x00000006c2800000,0x00000006c32d5060,0x00000006cd180000)
 Metaspace       used 8285K, capacity 8710K, committed 8960K, reserved 1056768K
  class space    used 660K, capacity 690K, committed 768K, reserved 1048576K
}
Event: 1.681 GC heap before
{Heap before GC invocations=11 (full 0):
 PSYoungGen      total 422400K, used 416288K [0x000000076b800000, 0x0000000785b00000, 0x00000007c0000000)
  eden space 415744K, 100% used [0x000000076b800000,0x0000000784e00000,0x0000000784e00000)
  from space 6656K, 8% used [0x0000000785480000,0x0000000785508000,0x0000000785b00000)
  to   space 6656K, 0% used [0x0000000784e00000,0x0000000784e00000,0x0000000785480000)
 ParOldGen       total 173568K, used 11092K [0x00000006c2800000, 0x00000006cd180000, 0x000000076b800000)
  object space 173568K, 6% used [0x00000006c2800000,0x00000006c32d5060,0x00000006cd180000)
 Metaspace       used 8288K, capacity 8710K, committed 8960K, reserved 1056768K
  class space    used 660K, capacity 690K, committed 768K, reserved 1048576K
Event: 1.683 GC heap after
Heap after GC invocations=11 (full 0):
 PSYoungGen      total 422400K, used 192K [0x000000076b800000, 0x0000000794f00000, 0x00000007c0000000)
  eden space 415744K, 0% used [0x000000076b800000,0x000000076b800000,0x0000000784e00000)
  from space 6656K, 2% used [0x0000000784e00000,0x0000000784e30000,0x0000000785480000)
  to   space 6656K, 0% used [0x0000000794880000,0x0000000794880000,0x0000000794f00000)
 ParOldGen       total 173568K, used 11428K [0x00000006c2800000, 0x00000006cd180000, 0x000000076b800000)
  object space 173568K, 6% used [0x00000006c2800000,0x00000006c3329060,0x00000006cd180000)
 Metaspace       used 8288K, capacity 8710K, committed 8960K, reserved 1056768K
  class space    used 660K, capacity 690K, committed 768K, reserved 1048576K
}
Event: 1.988 GC heap before
{Heap before GC invocations=12 (full 0):
 PSYoungGen      total 422400K, used 415936K [0x000000076b800000, 0x0000000794f00000, 0x00000007c0000000)
  eden space 415744K, 100% used [0x000000076b800000,0x0000000784e00000,0x0000000784e00000)
  from space 6656K, 2% used [0x0000000784e00000,0x0000000784e30000,0x0000000785480000)
  to   space 6656K, 0% used [0x0000000794880000,0x0000000794880000,0x0000000794f00000)
 ParOldGen       total 173568K, used 11428K [0x00000006c2800000, 0x00000006cd180000, 0x000000076b800000)
  object space 173568K, 6% used [0x00000006c2800000,0x00000006c3329060,0x00000006cd180000)
 Metaspace       used 8292K, capacity 8710K, committed 8960K, reserved 1056768K
  class space    used 660K, capacity 690K, committed 768K, reserved 1048576K
Event: 1.989 GC heap after
Heap after GC invocations=12 (full 0):
 PSYoungGen      total 671232K, used 192K [0x000000076b800000, 0x0000000794e00000, 0x00000007c0000000)
  eden space 665600K, 0% used [0x000000076b800000,0x000000076b800000,0x0000000794200000)
  from space 5632K, 3% used [0x0000000794880000,0x00000007948b0000,0x0000000794e00000)
  to   space 6144K, 0% used [0x0000000794200000,0x0000000794200000,0x0000000794800000)
 ParOldGen       total 173568K, used 11428K [0x00000006c2800000, 0x00000006cd180000, 0x000000076b800000)
  object space 173568K, 6% used [0x00000006c2800000,0x00000006c3329060,0x00000006cd180000)
 Metaspace       used 8292K, capacity 8710K, committed 8960K, reserved 1056768K
  class space    used 660K, capacity 690K, committed 768K, reserved 1048576K
}

