# JRE version: Java(TM) SE Runtime Environment (8.0_65-b17) (build 1.8.0_65-b17)
# Java VM: Java HotSpot(TM) 64-Bit Server VM (25.65-b01 mixed mode windows-amd64 compressed oops)
Heap:
 PSYoungGen      total 186368K, used 114106K [0x000000076b800000, 0x000000077b280000, 0x00000007c0000000)
  eden space 184320K, 61% used [0x000000076b800000,0x0000000772746850,0x0000000776c00000)
  from space 2048K, 7% used [0x000000077ae80000,0x000000077aea8000,0x000000077b080000)
  to   space 2048K, 0% used [0x000000077b080000,0x000000077b080000,0x000000077b280000)
 ParOldGen       total 173568K, used 1571K [0x00000006c2800000, 0x00000006cd180000, 0x000000076b800000)
  object space 173568K, 0% used [0x00000006c2800000,0x00000006c2988fb8,0x00000006cd180000)
 Metaspace       used 8115K, capacity 8646K, committed 8960K, reserved 1056768K
  class space    used 649K, capacity 690K, committed 768K, reserved 1048576K
GC Heap History (10 events):
Event: 1.518 GC heap before
{Heap before GC invocations=11 (full 0):
 PSYoungGen      total 222208K, used 221856K [0x000000076b800000, 0x000000077b600000, 0x00000007c0000000)
  eden space 221696K, 100% used [0x000000076b800000,0x0000000779080000,0x0000000779080000)
  from space 512K, 31% used [0x000000077b580000,0x000000077b5a8000,0x000000077b600000)
  to   space 2048K, 0% used [0x000000077b200000,0x000000077b200000,0x000000077b400000)
 ParOldGen       total 173568K, used 1571K [0x00000006c2800000, 0x00000006cd180000, 0x000000076b800000)
  object space 173568K, 0% used [0x00000006c2800000,0x00000006c2988fb8,0x00000006cd180000)
 Metaspace       used 8087K, capacity 8646K, committed 8960K, reserved 1056768K
  class space    used 649K, capacity 690K, committed 768K, reserved 1048576K
Event: 1.519 GC heap after
Heap after GC invocations=11 (full 0):
 PSYoungGen      total 214016K, used 128K [0x000000076b800000, 0x000000077b600000, 0x00000007c0000000)
  eden space 213504K, 0% used [0x000000076b800000,0x000000076b800000,0x0000000778880000)
  from space 512K, 25% used [0x000000077b200000,0x000000077b220000,0x000000077b280000)
  to   space 2560K, 0% used [0x000000077b380000,0x000000077b380000,0x000000077b600000)
 ParOldGen       total 173568K, used 1571K [0x00000006c2800000, 0x00000006cd180000, 0x000000076b800000)
  object space 173568K, 0% used [0x00000006c2800000,0x00000006c2988fb8,0x00000006cd180000)
 Metaspace       used 8087K, capacity 8646K, committed 8960K, reserved 1056768K
  class space    used 649K, capacity 690K, committed 768K, reserved 1048576K
}
Event: 1.649 GC heap before
{Heap before GC invocations=12 (full 0):
 PSYoungGen      total 214016K, used 213632K [0x000000076b800000, 0x000000077b600000, 0x00000007c0000000)
  eden space 213504K, 100% used [0x000000076b800000,0x0000000778880000,0x0000000778880000)
  from space 512K, 25% used [0x000000077b200000,0x000000077b220000,0x000000077b280000)
  to   space 2560K, 0% used [0x000000077b380000,0x000000077b380000,0x000000077b600000)
 ParOldGen       total 173568K, used 1571K [0x00000006c2800000, 0x00000006cd180000, 0x000000076b800000)
  object space 173568K, 0% used [0x00000006c2800000,0x00000006c2988fb8,0x00000006cd180000)
 Metaspace       used 8097K, capacity 8646K, committed 8960K, reserved 1056768K
  class space    used 649K, capacity 690K, committed 768K, reserved 1048576K
Event: 1.650 GC heap after
Heap after GC invocations=12 (full 0):
 PSYoungGen      total 206336K, used 160K [0x000000076b800000, 0x000000077b400000, 0x00000007c0000000)
  eden space 205824K, 0% used [0x000000076b800000,0x000000076b800000,0x0000000778100000)
  from space 512K, 31% used [0x000000077b380000,0x000000077b3a8000,0x000000077b400000)
  to   space 2560K, 0% used [0x000000077af00000,0x000000077af00000,0x000000077b180000)
 ParOldGen       total 173568K, used 1571K [0x00000006c2800000, 0x00000006cd180000, 0x000000076b800000)
  object space 173568K, 0% used [0x00000006c2800000,0x00000006c2988fb8,0x00000006cd180000)
 Metaspace       used 8097K, capacity 8646K, committed 8960K, reserved 1056768K
  class space    used 649K, capacity 690K, committed 768K, reserved 1048576K
}
Event: 1.738 GC heap before
{Heap before GC invocations=13 (full 0):
 PSYoungGen      total 206336K, used 205984K [0x000000076b800000, 0x000000077b400000, 0x00000007c0000000)
  eden space 205824K, 100% used [0x000000076b800000,0x0000000778100000,0x0000000778100000)
  from space 512K, 31% used [0x000000077b380000,0x000000077b3a8000,0x000000077b400000)
  to   space 2560K, 0% used [0x000000077af00000,0x000000077af00000,0x000000077b180000)
 ParOldGen       total 173568K, used 1571K [0x00000006c2800000, 0x00000006cd180000, 0x000000076b800000)
  object space 173568K, 0% used [0x00000006c2800000,0x00000006c2988fb8,0x00000006cd180000)
 Metaspace       used 8099K, capacity 8646K, committed 8960K, reserved 1056768K
  class space    used 649K, capacity 690K, committed 768K, reserved 1048576K
Event: 1.739 GC heap after
Heap after GC invocations=13 (full 0):
 PSYoungGen      total 200704K, used 192K [0x000000076b800000, 0x000000077b400000, 0x00000007c0000000)
  eden space 198144K, 0% used [0x000000076b800000,0x000000076b800000,0x0000000777980000)
  from space 2560K, 7% used [0x000000077af00000,0x000000077af30000,0x000000077b180000)
  to   space 2048K, 0% used [0x000000077b200000,0x000000077b200000,0x000000077b400000)
 ParOldGen       total 173568K, used 1571K [0x00000006c2800000, 0x00000006cd180000, 0x000000076b800000)
  object space 173568K, 0% used [0x00000006c2800000,0x00000006c2988fb8,0x00000006cd180000)
 Metaspace       used 8099K, capacity 8646K, committed 8960K, reserved 1056768K
  class space    used 649K, capacity 690K, committed 768K, reserved 1048576K
}
Event: 1.839 GC heap before
{Heap before GC invocations=14 (full 0):
 PSYoungGen      total 200704K, used 198336K [0x000000076b800000, 0x000000077b400000, 0x00000007c0000000)
  eden space 198144K, 100% used [0x000000076b800000,0x0000000777980000,0x0000000777980000)
  from space 2560K, 7% used [0x000000077af00000,0x000000077af30000,0x000000077b180000)
  to   space 2048K, 0% used [0x000000077b200000,0x000000077b200000,0x000000077b400000)
 ParOldGen       total 173568K, used 1571K [0x00000006c2800000, 0x00000006cd180000, 0x000000076b800000)
  object space 173568K, 0% used [0x00000006c2800000,0x00000006c2988fb8,0x00000006cd180000)
 Metaspace       used 8099K, capacity 8646K, committed 8960K, reserved 1056768K
  class space    used 649K, capacity 690K, committed 768K, reserved 1048576K
Event: 1.840 GC heap after
Heap after GC invocations=14 (full 0):
 PSYoungGen      total 191488K, used 128K [0x000000076b800000, 0x000000077b280000, 0x00000007c0000000)
  eden space 190976K, 0% used [0x000000076b800000,0x000000076b800000,0x0000000777280000)
  from space 512K, 25% used [0x000000077b200000,0x000000077b220000,0x000000077b280000)
  to   space 2048K, 0% used [0x000000077ae80000,0x000000077ae80000,0x000000077b080000)
 ParOldGen       total 173568K, used 1571K [0x00000006c2800000, 0x00000006cd180000, 0x000000076b800000)
  object space 173568K, 0% used [0x00000006c2800000,0x00000006c2988fb8,0x00000006cd180000)
 Metaspace       used 8099K, capacity 8646K, committed 8960K, reserved 1056768K
  class space    used 649K, capacity 690K, committed 768K, reserved 1048576K
}
Event: 1.927 GC heap before
{Heap before GC invocations=15 (full 0):
 PSYoungGen      total 191488K, used 191104K [0x000000076b800000, 0x000000077b280000, 0x00000007c0000000)
  eden space 190976K, 100% used [0x000000076b800000,0x0000000777280000,0x0000000777280000)
  from space 512K, 25% used [0x000000077b200000,0x000000077b220000,0x000000077b280000)
  to   space 2048K, 0% used [0x000000077ae80000,0x000000077ae80000,0x000000077b080000)
 ParOldGen       total 173568K, used 1571K [0x00000006c2800000, 0x00000006cd180000, 0x000000076b800000)
  object space 173568K, 0% used [0x00000006c2800000,0x00000006c2988fb8,0x00000006cd180000)
 Metaspace       used 8099K, capacity 8646K, committed 8960K, reserved 1056768K
  class space    used 649K, capacity 690K, committed 768K, reserved 1048576K
Event: 1.927 GC heap after
Heap after GC invocations=15 (full 0):
 PSYoungGen      total 186368K, used 160K [0x000000076b800000, 0x000000077b280000, 0x00000007c0000000)
  eden space 184320K, 0% used [0x000000076b800000,0x000000076b800000,0x0000000776c00000)
  from space 2048K, 7% used [0x000000077ae80000,0x000000077aea8000,0x000000077b080000)
  to   space 2048K, 0% used [0x000000077b080000,0x000000077b080000,0x000000077b280000)
 ParOldGen       total 173568K, used 1571K [0x00000006c2800000, 0x00000006cd180000, 0x000000076b800000)
  object space 173568K, 0% used [0x00000006c2800000,0x00000006c2988fb8,0x00000006cd180000)
 Metaspace       used 8099K, capacity 8646K, committed 8960K, reserved 1056768K
  class space    used 649K, capacity 690K, committed 768K, reserved 1048576K
}

