# JRE version: Java(TM) SE Runtime Environment (8.0_65-b17) (build 1.8.0_65-b17)
# Java VM: Java HotSpot(TM) 64-Bit Server VM (25.65-b01 mixed mode windows-amd64 compressed oops)
Heap:
 PSYoungGen      total 750080K, used 693039K [0x000000076b800000, 0x00000007bd200000, 0x00000007c0000000)
  eden space 743936K, 93% used [0x000000076b800000,0x0000000795c9bd40,0x0000000798e80000)
  from space 6144K, 3% used [0x00000007bc600000,0x00000007bc630000,0x00000007bcc00000)
  to   space 6144K, 0% used [0x00000007bcc00000,0x00000007bcc00000,0x00000007bd200000)
 ParOldGen       total 173568K, used 27824K [0x00000006c2800000, 0x00000006cd180000, 0x000000076b800000)
  object space 173568K, 16% used [0x00000006c2800000,0x00000006c432c300,0x00000006cd180000)
 Metaspace       used 8346K, capacity 8710K, committed 8960K, reserved 1056768K
  class space    used 655K, capacity 690K, committed 768K, reserved 1048576K
GC Heap History (10 events):
Event: 11.266 GC heap before
{Heap before GC invocations=23 (full 0):
 PSYoungGen      total 942592K, used 942208K [0x000000076b800000, 0x00000007bdf00000, 0x00000007c0000000)
  eden space 942080K, 100% used [0x000000076b800000,0x00000007a5000000,0x00000007a5000000)
  from space 512K, 25% used [0x00000007bde80000,0x00000007bdea0000,0x00000007bdf00000)
  to   space 7680K, 0% used [0x00000007bd000000,0x00000007bd000000,0x00000007bd780000)
 ParOldGen       total 173568K, used 27776K [0x00000006c2800000, 0x00000006cd180000, 0x000000076b800000)
  object space 173568K, 16% used [0x00000006c2800000,0x00000006c4320300,0x00000006cd180000)
 Metaspace       used 8335K, capacity 8710K, committed 8960K, reserved 1056768K
  class space    used 655K, capacity 690K, committed 768K, reserved 1048576K
Event: 11.266 GC heap after
Heap after GC invocations=23 (full 0):
 PSYoungGen      total 905728K, used 224K [0x000000076b800000, 0x00000007bdf00000, 0x00000007c0000000)
  eden space 898048K, 0% used [0x000000076b800000,0x000000076b800000,0x00000007a2500000)
  from space 7680K, 2% used [0x00000007bd000000,0x00000007bd038000,0x00000007bd780000)
  to   space 7680K, 0% used [0x00000007bd780000,0x00000007bd780000,0x00000007bdf00000)
 ParOldGen       total 173568K, used 27776K [0x00000006c2800000, 0x00000006cd180000, 0x000000076b800000)
  object space 173568K, 16% used [0x00000006c2800000,0x00000006c4320300,0x00000006cd180000)
 Metaspace       used 8335K, capacity 8710K, committed 8960K, reserved 1056768K
  class space    used 655K, capacity 690K, committed 768K, reserved 1048576K
}
Event: 11.940 GC heap before
{Heap before GC invocations=24 (full 0):
 PSYoungGen      total 905728K, used 898272K [0x000000076b800000, 0x00000007bdf00000, 0x00000007c0000000)
  eden space 898048K, 100% used [0x000000076b800000,0x00000007a2500000,0x00000007a2500000)
  from space 7680K, 2% used [0x00000007bd000000,0x00000007bd038000,0x00000007bd780000)
  to   space 7680K, 0% used [0x00000007bd780000,0x00000007bd780000,0x00000007bdf00000)
 ParOldGen       total 173568K, used 27776K [0x00000006c2800000, 0x00000006cd180000, 0x000000076b800000)
  object space 173568K, 16% used [0x00000006c2800000,0x00000006c4320300,0x00000006cd180000)
 Metaspace       used 8346K, capacity 8710K, committed 8960K, reserved 1056768K
  class space    used 655K, capacity 690K, committed 768K, reserved 1048576K
Event: 11.940 GC heap after
Heap after GC invocations=24 (full 0):
 PSYoungGen      total 857088K, used 224K [0x000000076b800000, 0x00000007bd800000, 0x00000007c0000000)
  eden space 856576K, 0% used [0x000000076b800000,0x000000076b800000,0x000000079fc80000)
  from space 512K, 43% used [0x00000007bd780000,0x00000007bd7b8000,0x00000007bd800000)
  to   space 7168K, 0% used [0x00000007bca00000,0x00000007bca00000,0x00000007bd100000)
 ParOldGen       total 173568K, used 27784K [0x00000006c2800000, 0x00000006cd180000, 0x000000076b800000)
  object space 173568K, 16% used [0x00000006c2800000,0x00000006c4322300,0x00000006cd180000)
 Metaspace       used 8346K, capacity 8710K, committed 8960K, reserved 1056768K
  class space    used 655K, capacity 690K, committed 768K, reserved 1048576K
}
Event: 12.574 GC heap before
{Heap before GC invocations=25 (full 0):
 PSYoungGen      total 857088K, used 856800K [0x000000076b800000, 0x00000007bd800000, 0x00000007c0000000)
  eden space 856576K, 100% used [0x000000076b800000,0x000000079fc80000,0x000000079fc80000)
  from space 512K, 43% used [0x00000007bd780000,0x00000007bd7b8000,0x00000007bd800000)
  to   space 7168K, 0% used [0x00000007bca00000,0x00000007bca00000,0x00000007bd100000)
 ParOldGen       total 173568K, used 27784K [0x00000006c2800000, 0x00000006cd180000, 0x000000076b800000)
  object space 173568K, 16% used [0x00000006c2800000,0x00000006c4322300,0x00000006cd180000)
 Metaspace       used 8346K, capacity 8710K, committed 8960K, reserved 1056768K
  class space    used 655K, capacity 690K, committed 768K, reserved 1048576K
Event: 12.575 GC heap after
Heap after GC invocations=25 (full 0):
 PSYoungGen      total 824320K, used 192K [0x000000076b800000, 0x00000007bd800000, 0x00000007c0000000)
  eden space 817152K, 0% used [0x000000076b800000,0x000000076b800000,0x000000079d600000)
  from space 7168K, 2% used [0x00000007bca00000,0x00000007bca30000,0x00000007bd100000)
  to   space 6656K, 0% used [0x00000007bd180000,0x00000007bd180000,0x00000007bd800000)
 ParOldGen       total 173568K, used 27824K [0x00000006c2800000, 0x00000006cd180000, 0x000000076b800000)
  object space 173568K, 16% used [0x00000006c2800000,0x00000006c432c300,0x00000006cd180000)
 Metaspace       used 8346K, capacity 8710K, committed 8960K, reserved 1056768K
  class space    used 655K, capacity 690K, committed 768K, reserved 1048576K
}
Event: 13.250 GC heap before
{Heap before GC invocations=26 (full 0):
 PSYoungGen      total 824320K, used 817344K [0x000000076b800000, 0x00000007bd800000, 0x00000007c0000000)
  eden space 817152K, 100% used [0x000000076b800000,0x000000079d600000,0x000000079d600000)
  from space 7168K, 2% used [0x00000007bca00000,0x00000007bca30000,0x00000007bd100000)
  to   space 6656K, 0% used [0x00000007bd180000,0x00000007bd180000,0x00000007bd800000)
 ParOldGen       total 173568K, used 27824K [0x00000006c2800000, 0x00000006cd180000, 0x000000076b800000)
  object space 173568K, 16% used [0x00000006c2800000,0x00000006c432c300,0x00000006cd180000)
 Metaspace       used 8346K, capacity 8710K, committed 8960K, reserved 1056768K
  class space    used 655K, capacity 690K, committed 768K, reserved 1048576K
Event: 13.251 GC heap after
Heap after GC invocations=26 (full 0):
 PSYoungGen      total 780288K, used 128K [0x000000076b800000, 0x00000007bd200000, 0x00000007c0000000)
  eden space 779776K, 0% used [0x000000076b800000,0x000000076b800000,0x000000079b180000)
  from space 512K, 25% used [0x00000007bd180000,0x00000007bd1a0000,0x00000007bd200000)
  to   space 6144K, 0% used [0x00000007bc600000,0x00000007bc600000,0x00000007bcc00000)
 ParOldGen       total 173568K, used 27824K [0x00000006c2800000, 0x00000006cd180000, 0x000000076b800000)
  object space 173568K, 16% used [0x00000006c2800000,0x00000006c432c300,0x00000006cd180000)
 Metaspace       used 8346K, capacity 8710K, committed 8960K, reserved 1056768K
  class space    used 655K, capacity 690K, committed 768K, reserved 1048576K
}
Event: 13.922 GC heap before
{Heap before GC invocations=27 (full 0):
 PSYoungGen      total 780288K, used 779904K [0x000000076b800000, 0x00000007bd200000, 0x00000007c0000000)
  eden space 779776K, 100% used [0x000000076b800000,0x000000079b180000,0x000000079b180000)
  from space 512K, 25% used [0x00000007bd180000,0x00000007bd1a0000,0x00000007bd200000)
  to   space 6144K, 0% used [0x00000007bc600000,0x00000007bc600000,0x00000007bcc00000)
 ParOldGen       total 173568K, used 27824K [0x00000006c2800000, 0x00000006cd180000, 0x000000076b800000)
  object space 173568K, 16% used [0x00000006c2800000,0x00000006c432c300,0x00000006cd180000)
 Metaspace       used 8346K, capacity 8710K, committed 8960K, reserved 1056768K
  class space    used 655K, capacity 690K, committed 768K, reserved 1048576K
Event: 13.922 GC heap after
Heap after GC invocations=27 (full 0):
 PSYoungGen      total 750080K, used 192K [0x000000076b800000, 0x00000007bd200000, 0x00000007c0000000)
  eden space 743936K, 0% used [0x000000076b800000,0x000000076b800000,0x0000000798e80000)
  from space 6144K, 3% used [0x00000007bc600000,0x00000007bc630000,0x00000007bcc00000)
  to   space 6144K, 0% used [0x00000007bcc00000,0x00000007bcc00000,0x00000007bd200000)
 ParOldGen       total 173568K, used 27824K [0x00000006c2800000, 0x00000006cd180000, 0x000000076b800000)
  object space 173568K, 16% used [0x00000006c2800000,0x00000006c432c300,0x00000006cd180000)
 Metaspace       used 8346K, capacity 8710K, committed 8960K, reserved 1056768K
  class space    used 655K, capacity 690K, committed 768K, reserved 1048576K
}

