# JRE version: Java(TM) SE Runtime Environment (8.0_65-b17) (build 1.8.0_65-b17)
# Java VM: Java HotSpot(TM) 64-Bit Server VM (25.65-b01 mixed mode windows-amd64 compressed oops)
Heap:
 PSYoungGen      total 1294336K, used 259161K [0x000000076b800000, 0x00000007bf380000, 0x00000007c0000000)
  eden space 1293824K, 20% used [0x000000076b800000,0x000000077b4e6618,0x00000007ba780000)
  from space 512K, 37% used [0x00000007be680000,0x00000007be6b0000,0x00000007be700000)
  to   space 11776K, 0% used [0x00000007be800000,0x00000007be800000,0x00000007bf380000)
 ParOldGen       total 173568K, used 30185K [0x00000006c2800000, 0x00000006cd180000, 0x000000076b800000)
  object space 173568K, 17% used [0x00000006c2800000,0x00000006c457a6c0,0x00000006cd180000)
 Metaspace       used 8379K, capacity 8710K, committed 8960K, reserved 1056768K
  class space    used 663K, capacity 690K, committed 768K, reserved 1048576K
GC Heap History (10 events):
Event: 2.732 GC heap before
{Heap before GC invocations=13 (full 0):
 PSYoungGen      total 667648K, used 654080K [0x000000076b800000, 0x0000000795280000, 0x00000007c0000000)
  eden space 653824K, 100% used [0x000000076b800000,0x0000000793680000,0x0000000793680000)
  from space 13824K, 1% used [0x0000000794500000,0x0000000794540000,0x0000000795280000)
  to   space 14336K, 0% used [0x0000000793680000,0x0000000793680000,0x0000000794480000)
 ParOldGen       total 173568K, used 30137K [0x00000006c2800000, 0x00000006cd180000, 0x000000076b800000)
  object space 173568K, 17% used [0x00000006c2800000,0x00000006c456e6c0,0x00000006cd180000)
 Metaspace       used 8352K, capacity 8710K, committed 8960K, reserved 1056768K
  class space    used 663K, capacity 690K, committed 768K, reserved 1048576K
Event: 2.733 GC heap after
Heap after GC invocations=13 (full 0):
 PSYoungGen      total 668160K, used 224K [0x000000076b800000, 0x00000007ad100000, 0x00000007c0000000)
  eden space 653824K, 0% used [0x000000076b800000,0x000000076b800000,0x0000000793680000)
  from space 14336K, 1% used [0x0000000793680000,0x00000007936b8000,0x0000000794480000)
  to   space 13824K, 0% used [0x00000007ac380000,0x00000007ac380000,0x00000007ad100000)
 ParOldGen       total 173568K, used 30145K [0x00000006c2800000, 0x00000006cd180000, 0x000000076b800000)
  object space 173568K, 17% used [0x00000006c2800000,0x00000006c45706c0,0x00000006cd180000)
 Metaspace       used 8352K, capacity 8710K, committed 8960K, reserved 1056768K
  class space    used 663K, capacity 690K, committed 768K, reserved 1048576K
}
Event: 3.218 GC heap before
{Heap before GC invocations=14 (full 0):
 PSYoungGen      total 668160K, used 654048K [0x000000076b800000, 0x00000007ad100000, 0x00000007c0000000)
  eden space 653824K, 100% used [0x000000076b800000,0x0000000793680000,0x0000000793680000)
  from space 14336K, 1% used [0x0000000793680000,0x00000007936b8000,0x0000000794480000)
  to   space 13824K, 0% used [0x00000007ac380000,0x00000007ac380000,0x00000007ad100000)
 ParOldGen       total 173568K, used 30145K [0x00000006c2800000, 0x00000006cd180000, 0x000000076b800000)
  object space 173568K, 17% used [0x00000006c2800000,0x00000006c45706c0,0x00000006cd180000)
 Metaspace       used 8359K, capacity 8710K, committed 8960K, reserved 1056768K
  class space    used 663K, capacity 690K, committed 768K, reserved 1048576K
Event: 3.219 GC heap after
Heap after GC invocations=14 (full 0):
 PSYoungGen      total 1059328K, used 224K [0x000000076b800000, 0x00000007ad000000, 0x00000007c0000000)
  eden space 1046528K, 0% used [0x000000076b800000,0x000000076b800000,0x00000007ab600000)
  from space 12800K, 1% used [0x00000007ac380000,0x00000007ac3b8000,0x00000007ad000000)
  to   space 13312K, 0% used [0x00000007ab600000,0x00000007ab600000,0x00000007ac300000)
 ParOldGen       total 173568K, used 30169K [0x00000006c2800000, 0x00000006cd180000, 0x000000076b800000)
  object space 173568K, 17% used [0x00000006c2800000,0x00000006c45766c0,0x00000006cd180000)
 Metaspace       used 8359K, capacity 8710K, committed 8960K, reserved 1056768K
  class space    used 663K, capacity 690K, committed 768K, reserved 1048576K
}
Event: 4.003 GC heap before
{Heap before GC invocations=15 (full 0):
 PSYoungGen      total 1059328K, used 1046752K [0x000000076b800000, 0x00000007ad000000, 0x00000007c0000000)
  eden space 1046528K, 100% used [0x000000076b800000,0x00000007ab600000,0x00000007ab600000)
  from space 12800K, 1% used [0x00000007ac380000,0x00000007ac3b8000,0x00000007ad000000)
  to   space 13312K, 0% used [0x00000007ab600000,0x00000007ab600000,0x00000007ac300000)
 ParOldGen       total 173568K, used 30169K [0x00000006c2800000, 0x00000006cd180000, 0x000000076b800000)
  object space 173568K, 17% used [0x00000006c2800000,0x00000006c45766c0,0x00000006cd180000)
 Metaspace       used 8372K, capacity 8710K, committed 8960K, reserved 1056768K
  class space    used 663K, capacity 690K, committed 768K, reserved 1048576K
Event: 4.004 GC heap after
Heap after GC invocations=15 (full 0):
 PSYoungGen      total 1059840K, used 224K [0x000000076b800000, 0x00000007bff80000, 0x00000007c0000000)
  eden space 1046528K, 0% used [0x000000076b800000,0x000000076b800000,0x00000007ab600000)
  from space 13312K, 1% used [0x00000007ab600000,0x00000007ab638000,0x00000007ac300000)
  to   space 12800K, 0% used [0x00000007bf300000,0x00000007bf300000,0x00000007bff80000)
 ParOldGen       total 173568K, used 30169K [0x00000006c2800000, 0x00000006cd180000, 0x000000076b800000)
  object space 173568K, 17% used [0x00000006c2800000,0x00000006c45766c0,0x00000006cd180000)
 Metaspace       used 8372K, capacity 8710K, committed 8960K, reserved 1056768K
  class space    used 663K, capacity 690K, committed 768K, reserved 1048576K
}
Event: 4.896 GC heap before
{Heap before GC invocations=16 (full 0):
 PSYoungGen      total 1059840K, used 1046752K [0x000000076b800000, 0x00000007bff80000, 0x00000007c0000000)
  eden space 1046528K, 100% used [0x000000076b800000,0x00000007ab600000,0x00000007ab600000)
  from space 13312K, 1% used [0x00000007ab600000,0x00000007ab638000,0x00000007ac300000)
  to   space 12800K, 0% used [0x00000007bf300000,0x00000007bf300000,0x00000007bff80000)
 ParOldGen       total 173568K, used 30169K [0x00000006c2800000, 0x00000006cd180000, 0x000000076b800000)
  object space 173568K, 17% used [0x00000006c2800000,0x00000006c45766c0,0x00000006cd180000)
 Metaspace       used 8372K, capacity 8710K, committed 8960K, reserved 1056768K
  class space    used 663K, capacity 690K, committed 768K, reserved 1048576K
Event: 4.896 GC heap after
Heap after GC invocations=16 (full 0):
 PSYoungGen      total 1370112K, used 224K [0x000000076b800000, 0x00000007bfe80000, 0x00000007c0000000)
  eden space 1358336K, 0% used [0x000000076b800000,0x000000076b800000,0x00000007be680000)
  from space 11776K, 1% used [0x00000007bf300000,0x00000007bf338000,0x00000007bfe80000)
  to   space 12288K, 0% used [0x00000007be680000,0x00000007be680000,0x00000007bf280000)
 ParOldGen       total 173568K, used 30169K [0x00000006c2800000, 0x00000006cd180000, 0x000000076b800000)
  object space 173568K, 17% used [0x00000006c2800000,0x00000006c45766c0,0x00000006cd180000)
 Metaspace       used 8372K, capacity 8710K, committed 8960K, reserved 1056768K
  class space    used 663K, capacity 690K, committed 768K, reserved 1048576K
}
Event: 5.904 GC heap before
{Heap before GC invocations=17 (full 0):
 PSYoungGen      total 1370112K, used 1358560K [0x000000076b800000, 0x00000007bfe80000, 0x00000007c0000000)
  eden space 1358336K, 100% used [0x000000076b800000,0x00000007be680000,0x00000007be680000)
  from space 11776K, 1% used [0x00000007bf300000,0x00000007bf338000,0x00000007bfe80000)
  to   space 12288K, 0% used [0x00000007be680000,0x00000007be680000,0x00000007bf280000)
 ParOldGen       total 173568K, used 30169K [0x00000006c2800000, 0x00000006cd180000, 0x000000076b800000)
  object space 173568K, 17% used [0x00000006c2800000,0x00000006c45766c0,0x00000006cd180000)
 Metaspace       used 8374K, capacity 8710K, committed 8960K, reserved 1056768K
  class space    used 663K, capacity 690K, committed 768K, reserved 1048576K
Event: 5.905 GC heap after
Heap after GC invocations=17 (full 0):
 PSYoungGen      total 1294336K, used 192K [0x000000076b800000, 0x00000007bf380000, 0x00000007c0000000)
  eden space 1293824K, 0% used [0x000000076b800000,0x000000076b800000,0x00000007ba780000)
  from space 512K, 37% used [0x00000007be680000,0x00000007be6b0000,0x00000007be700000)
  to   space 11776K, 0% used [0x00000007be800000,0x00000007be800000,0x00000007bf380000)
 ParOldGen       total 173568K, used 30185K [0x00000006c2800000, 0x00000006cd180000, 0x000000076b800000)
  object space 173568K, 17% used [0x00000006c2800000,0x00000006c457a6c0,0x00000006cd180000)
 Metaspace       used 8374K, capacity 8710K, committed 8960K, reserved 1056768K
  class space    used 663K, capacity 690K, committed 768K, reserved 1048576K
}

