# JRE version: Java(TM) SE Runtime Environment (8.0_65-b17) (build 1.8.0_65-b17)
# Java VM: Java HotSpot(TM) 64-Bit Server VM (25.65-b01 mixed mode windows-amd64 compressed oops)
Heap:
 PSYoungGen      total 154624K, used 98003K [0x000000076b800000, 0x000000077b200000, 0x00000007c0000000)
  eden space 154112K, 63% used [0x000000076b800000,0x000000077178ceb8,0x0000000774e80000)
  from space 512K, 31% used [0x000000077b180000,0x000000077b1a8000,0x000000077b200000)
  to   space 1536K, 0% used [0x000000077af00000,0x000000077af00000,0x000000077b080000)
 ParOldGen       total 173568K, used 1288K [0x00000006c2800000, 0x00000006cd180000, 0x000000076b800000)
  object space 173568K, 0% used [0x00000006c2800000,0x00000006c2942050,0x00000006cd180000)
 Metaspace       used 8082K, capacity 8646K, committed 8960K, reserved 1056768K
  class space    used 646K, capacity 690K, committed 768K, reserved 1048576K
GC Heap History (10 events):
Event: 2.575 GC heap before
{Heap before GC invocations=18 (full 0):
 PSYoungGen      total 185856K, used 184512K [0x000000076b800000, 0x000000077b500000, 0x00000007c0000000)
  eden space 184320K, 100% used [0x000000076b800000,0x0000000776c00000,0x0000000776c00000)
  from space 1536K, 12% used [0x000000077b200000,0x000000077b230000,0x000000077b380000)
  to   space 1536K, 0% used [0x000000077b380000,0x000000077b380000,0x000000077b500000)
 ParOldGen       total 173568K, used 1256K [0x00000006c2800000, 0x00000006cd180000, 0x000000076b800000)
  object space 173568K, 0% used [0x00000006c2800000,0x00000006c293a050,0x00000006cd180000)
 Metaspace       used 8075K, capacity 8646K, committed 8960K, reserved 1056768K
  class space    used 646K, capacity 690K, committed 768K, reserved 1048576K
Event: 2.576 GC heap after
Heap after GC invocations=18 (full 0):
 PSYoungGen      total 178176K, used 160K [0x000000076b800000, 0x000000077b400000, 0x00000007c0000000)
  eden space 177664K, 0% used [0x000000076b800000,0x000000076b800000,0x0000000776580000)
  from space 512K, 31% used [0x000000077b380000,0x000000077b3a8000,0x000000077b400000)
  to   space 1536K, 0% used [0x000000077b100000,0x000000077b100000,0x000000077b280000)
 ParOldGen       total 173568K, used 1280K [0x00000006c2800000, 0x00000006cd180000, 0x000000076b800000)
  object space 173568K, 0% used [0x00000006c2800000,0x00000006c2940050,0x00000006cd180000)
 Metaspace       used 8075K, capacity 8646K, committed 8960K, reserved 1056768K
  class space    used 646K, capacity 690K, committed 768K, reserved 1048576K
}
Event: 2.706 GC heap before
{Heap before GC invocations=19 (full 0):
 PSYoungGen      total 178176K, used 177824K [0x000000076b800000, 0x000000077b400000, 0x00000007c0000000)
  eden space 177664K, 100% used [0x000000076b800000,0x0000000776580000,0x0000000776580000)
  from space 512K, 31% used [0x000000077b380000,0x000000077b3a8000,0x000000077b400000)
  to   space 1536K, 0% used [0x000000077b100000,0x000000077b100000,0x000000077b280000)
 ParOldGen       total 173568K, used 1280K [0x00000006c2800000, 0x00000006cd180000, 0x000000076b800000)
  object space 173568K, 0% used [0x00000006c2800000,0x00000006c2940050,0x00000006cd180000)
 Metaspace       used 8076K, capacity 8646K, committed 8960K, reserved 1056768K
  class space    used 646K, capacity 690K, committed 768K, reserved 1048576K
Event: 2.707 GC heap after
Heap after GC invocations=19 (full 0):
 PSYoungGen      total 173056K, used 128K [0x000000076b800000, 0x000000077b400000, 0x00000007c0000000)
  eden space 171520K, 0% used [0x000000076b800000,0x000000076b800000,0x0000000775f80000)
  from space 1536K, 8% used [0x000000077b100000,0x000000077b120000,0x000000077b280000)
  to   space 1536K, 0% used [0x000000077b280000,0x000000077b280000,0x000000077b400000)
 ParOldGen       total 173568K, used 1280K [0x00000006c2800000, 0x00000006cd180000, 0x000000076b800000)
  object space 173568K, 0% used [0x00000006c2800000,0x00000006c2940050,0x00000006cd180000)
 Metaspace       used 8076K, capacity 8646K, committed 8960K, reserved 1056768K
  class space    used 646K, capacity 690K, committed 768K, reserved 1048576K
}
Event: 2.835 GC heap before
{Heap before GC invocations=20 (full 0):
 PSYoungGen      total 173056K, used 171648K [0x000000076b800000, 0x000000077b400000, 0x00000007c0000000)
  eden space 171520K, 100% used [0x000000076b800000,0x0000000775f80000,0x0000000775f80000)
  from space 1536K, 8% used [0x000000077b100000,0x000000077b120000,0x000000077b280000)
  to   space 1536K, 0% used [0x000000077b280000,0x000000077b280000,0x000000077b400000)
 ParOldGen       total 173568K, used 1280K [0x00000006c2800000, 0x00000006cd180000, 0x000000076b800000)
  object space 173568K, 0% used [0x00000006c2800000,0x00000006c2940050,0x00000006cd180000)
 Metaspace       used 8076K, capacity 8646K, committed 8960K, reserved 1056768K
  class space    used 646K, capacity 690K, committed 768K, reserved 1048576K
Event: 2.836 GC heap after
Heap after GC invocations=20 (full 0):
 PSYoungGen      total 165888K, used 160K [0x000000076b800000, 0x000000077b300000, 0x00000007c0000000)
  eden space 165376K, 0% used [0x000000076b800000,0x000000076b800000,0x0000000775980000)
  from space 512K, 31% used [0x000000077b280000,0x000000077b2a8000,0x000000077b300000)
  to   space 1536K, 0% used [0x000000077b000000,0x000000077b000000,0x000000077b180000)
 ParOldGen       total 173568K, used 1280K [0x00000006c2800000, 0x00000006cd180000, 0x000000076b800000)
  object space 173568K, 0% used [0x00000006c2800000,0x00000006c2940050,0x00000006cd180000)
 Metaspace       used 8076K, capacity 8646K, committed 8960K, reserved 1056768K
  class space    used 646K, capacity 690K, committed 768K, reserved 1048576K
}
Event: 2.988 GC heap before
{Heap before GC invocations=21 (full 0):
 PSYoungGen      total 165888K, used 165536K [0x000000076b800000, 0x000000077b300000, 0x00000007c0000000)
  eden space 165376K, 100% used [0x000000076b800000,0x0000000775980000,0x0000000775980000)
  from space 512K, 31% used [0x000000077b280000,0x000000077b2a8000,0x000000077b300000)
  to   space 1536K, 0% used [0x000000077b000000,0x000000077b000000,0x000000077b180000)
 ParOldGen       total 173568K, used 1280K [0x00000006c2800000, 0x00000006cd180000, 0x000000076b800000)
  object space 173568K, 0% used [0x00000006c2800000,0x00000006c2940050,0x00000006cd180000)
 Metaspace       used 8077K, capacity 8646K, committed 8960K, reserved 1056768K
  class space    used 646K, capacity 690K, committed 768K, reserved 1048576K
Event: 2.989 GC heap after
Heap after GC invocations=21 (full 0):
 PSYoungGen      total 161280K, used 224K [0x000000076b800000, 0x000000077b300000, 0x00000007c0000000)
  eden space 159744K, 0% used [0x000000076b800000,0x000000076b800000,0x0000000775400000)
  from space 1536K, 14% used [0x000000077b000000,0x000000077b038000,0x000000077b180000)
  to   space 1536K, 0% used [0x000000077b180000,0x000000077b180000,0x000000077b300000)
 ParOldGen       total 173568K, used 1280K [0x00000006c2800000, 0x00000006cd180000, 0x000000076b800000)
  object space 173568K, 0% used [0x00000006c2800000,0x00000006c2940050,0x00000006cd180000)
 Metaspace       used 8077K, capacity 8646K, committed 8960K, reserved 1056768K
  class space    used 646K, capacity 690K, committed 768K, reserved 1048576K
}
Event: 3.109 GC heap before
{Heap before GC invocations=22 (full 0):
 PSYoungGen      total 161280K, used 159968K [0x000000076b800000, 0x000000077b300000, 0x00000007c0000000)
  eden space 159744K, 100% used [0x000000076b800000,0x0000000775400000,0x0000000775400000)
  from space 1536K, 14% used [0x000000077b000000,0x000000077b038000,0x000000077b180000)
  to   space 1536K, 0% used [0x000000077b180000,0x000000077b180000,0x000000077b300000)
 ParOldGen       total 173568K, used 1280K [0x00000006c2800000, 0x00000006cd180000, 0x000000076b800000)
  object space 173568K, 0% used [0x00000006c2800000,0x00000006c2940050,0x00000006cd180000)
 Metaspace       used 8081K, capacity 8646K, committed 8960K, reserved 1056768K
  class space    used 646K, capacity 690K, committed 768K, reserved 1048576K
Event: 3.110 GC heap after
Heap after GC invocations=22 (full 0):
 PSYoungGen      total 154624K, used 160K [0x000000076b800000, 0x000000077b200000, 0x00000007c0000000)
  eden space 154112K, 0% used [0x000000076b800000,0x000000076b800000,0x0000000774e80000)
  from space 512K, 31% used [0x000000077b180000,0x000000077b1a8000,0x000000077b200000)
  to   space 1536K, 0% used [0x000000077af00000,0x000000077af00000,0x000000077b080000)
 ParOldGen       total 173568K, used 1288K [0x00000006c2800000, 0x00000006cd180000, 0x000000076b800000)
  object space 173568K, 0% used [0x00000006c2800000,0x00000006c2942050,0x00000006cd180000)
 Metaspace       used 8081K, capacity 8646K, committed 8960K, reserved 1056768K
  class space    used 646K, capacity 690K, committed 768K, reserved 1048576K
}

