# JRE version: Java(TM) SE Runtime Environment (8.0_65-b17) (build 1.8.0_65-b17)
# Java VM: Java HotSpot(TM) 64-Bit Server VM (25.65-b01 mixed mode windows-amd64 compressed oops)
Heap:
 PSYoungGen      total 77824K, used 48783K [0x000000076b800000, 0x00000007b9980000, 0x00000007c0000000)
  eden space 77312K, 62% used [0x000000076b800000,0x000000076e77bd18,0x0000000770380000)
  from space 512K, 31% used [0x00000007b9880000,0x00000007b98a8000,0x00000007b9900000)
  to   space 512K, 0% used [0x00000007b9900000,0x00000007b9900000,0x00000007b9980000)
 ParOldGen       total 173568K, used 11245K [0x00000006c2800000, 0x00000006cd180000, 0x000000076b800000)
  object space 173568K, 6% used [0x00000006c2800000,0x00000006c32fb688,0x00000006cd180000)
 Metaspace       used 8401K, capacity 8774K, committed 8960K, reserved 1056768K
  class space    used 662K, capacity 690K, committed 768K, reserved 1048576K
GC Heap History (10 events):
Event: 12.164 GC heap before
{Heap before GC invocations=71 (full 0):
 PSYoungGen      total 88064K, used 87744K [0x000000076b800000, 0x00000007b9980000, 0x00000007c0000000)
  eden space 87552K, 100% used [0x000000076b800000,0x0000000770d80000,0x0000000770d80000)
  from space 512K, 37% used [0x00000007b9900000,0x00000007b9930000,0x00000007b9980000)
  to   space 512K, 0% used [0x00000007b9880000,0x00000007b9880000,0x00000007b9900000)
 ParOldGen       total 173568K, used 11245K [0x00000006c2800000, 0x00000006cd180000, 0x000000076b800000)
  object space 173568K, 6% used [0x00000006c2800000,0x00000006c32fb688,0x00000006cd180000)
 Metaspace       used 8401K, capacity 8774K, committed 8960K, reserved 1056768K
  class space    used 662K, capacity 690K, committed 768K, reserved 1048576K
Event: 12.164 GC heap after
Heap after GC invocations=71 (full 0):
 PSYoungGen      total 86016K, used 192K [0x000000076b800000, 0x00000007b9980000, 0x00000007c0000000)
  eden space 85504K, 0% used [0x000000076b800000,0x000000076b800000,0x0000000770b80000)
  from space 512K, 37% used [0x00000007b9880000,0x00000007b98b0000,0x00000007b9900000)
  to   space 512K, 0% used [0x00000007b9900000,0x00000007b9900000,0x00000007b9980000)
 ParOldGen       total 173568K, used 11245K [0x00000006c2800000, 0x00000006cd180000, 0x000000076b800000)
  object space 173568K, 6% used [0x00000006c2800000,0x00000006c32fb688,0x00000006cd180000)
 Metaspace       used 8401K, capacity 8774K, committed 8960K, reserved 1056768K
  class space    used 662K, capacity 690K, committed 768K, reserved 1048576K
}
Event: 12.200 GC heap before
{Heap before GC invocations=72 (full 0):
 PSYoungGen      total 86016K, used 85696K [0x000000076b800000, 0x00000007b9980000, 0x00000007c0000000)
  eden space 85504K, 100% used [0x000000076b800000,0x0000000770b80000,0x0000000770b80000)
  from space 512K, 37% used [0x00000007b9880000,0x00000007b98b0000,0x00000007b9900000)
  to   space 512K, 0% used [0x00000007b9900000,0x00000007b9900000,0x00000007b9980000)
 ParOldGen       total 173568K, used 11245K [0x00000006c2800000, 0x00000006cd180000, 0x000000076b800000)
  object space 173568K, 6% used [0x00000006c2800000,0x00000006c32fb688,0x00000006cd180000)
 Metaspace       used 8401K, capacity 8774K, committed 8960K, reserved 1056768K
  class space    used 662K, capacity 690K, committed 768K, reserved 1048576K
Event: 12.200 GC heap after
Heap after GC invocations=72 (full 0):
 PSYoungGen      total 83968K, used 192K [0x000000076b800000, 0x00000007b9980000, 0x00000007c0000000)
  eden space 83456K, 0% used [0x000000076b800000,0x000000076b800000,0x0000000770980000)
  from space 512K, 37% used [0x00000007b9900000,0x00000007b9930000,0x00000007b9980000)
  to   space 512K, 0% used [0x00000007b9880000,0x00000007b9880000,0x00000007b9900000)
 ParOldGen       total 173568K, used 11245K [0x00000006c2800000, 0x00000006cd180000, 0x000000076b800000)
  object space 173568K, 6% used [0x00000006c2800000,0x00000006c32fb688,0x00000006cd180000)
 Metaspace       used 8401K, capacity 8774K, committed 8960K, reserved 1056768K
  class space    used 662K, capacity 690K, committed 768K, reserved 1048576K
}
Event: 12.273 GC heap before
{Heap before GC invocations=73 (full 0):
 PSYoungGen      total 83968K, used 83648K [0x000000076b800000, 0x00000007b9980000, 0x00000007c0000000)
  eden space 83456K, 100% used [0x000000076b800000,0x0000000770980000,0x0000000770980000)
  from space 512K, 37% used [0x00000007b9900000,0x00000007b9930000,0x00000007b9980000)
  to   space 512K, 0% used [0x00000007b9880000,0x00000007b9880000,0x00000007b9900000)
 ParOldGen       total 173568K, used 11245K [0x00000006c2800000, 0x00000006cd180000, 0x000000076b800000)
  object space 173568K, 6% used [0x00000006c2800000,0x00000006c32fb688,0x00000006cd180000)
 Metaspace       used 8401K, capacity 8774K, committed 8960K, reserved 1056768K
  class space    used 662K, capacity 690K, committed 768K, reserved 1048576K
Event: 12.274 GC heap after
Heap after GC invocations=73 (full 0):
 PSYoungGen      total 81920K, used 192K [0x000000076b800000, 0x00000007b9980000, 0x00000007c0000000)
  eden space 81408K, 0% used [0x000000076b800000,0x000000076b800000,0x0000000770780000)
  from space 512K, 37% used [0x00000007b9880000,0x00000007b98b0000,0x00000007b9900000)
  to   space 512K, 0% used [0x00000007b9900000,0x00000007b9900000,0x00000007b9980000)
 ParOldGen       total 173568K, used 11245K [0x00000006c2800000, 0x00000006cd180000, 0x000000076b800000)
  object space 173568K, 6% used [0x00000006c2800000,0x00000006c32fb688,0x00000006cd180000)
 Metaspace       used 8401K, capacity 8774K, committed 8960K, reserved 1056768K
  class space    used 662K, capacity 690K, committed 768K, reserved 1048576K
}
Event: 12.358 GC heap before
{Heap before GC invocations=74 (full 0):
 PSYoungGen      total 81920K, used 81600K [0x000000076b800000, 0x00000007b9980000, 0x00000007c0000000)
  eden space 81408K, 100% used [0x000000076b800000,0x0000000770780000,0x0000000770780000)
  from space 512K, 37% used [0x00000007b9880000,0x00000007b98b0000,0x00000007b9900000)
  to   space 512K, 0% used [0x00000007b9900000,0x00000007b9900000,0x00000007b9980000)
 ParOldGen       total 173568K, used 11245K [0x00000006c2800000, 0x00000006cd180000, 0x000000076b800000)
  object space 173568K, 6% used [0x00000006c2800000,0x00000006c32fb688,0x00000006cd180000)
 Metaspace       used 8401K, capacity 8774K, committed 8960K, reserved 1056768K
  class space    used 662K, capacity 690K, committed 768K, reserved 1048576K
Event: 12.358 GC heap after
Heap after GC invocations=74 (full 0):
 PSYoungGen      total 79872K, used 192K [0x000000076b800000, 0x00000007b9980000, 0x00000007c0000000)
  eden space 79360K, 0% used [0x000000076b800000,0x000000076b800000,0x0000000770580000)
  from space 512K, 37% used [0x00000007b9900000,0x00000007b9930000,0x00000007b9980000)
  to   space 512K, 0% used [0x00000007b9880000,0x00000007b9880000,0x00000007b9900000)
 ParOldGen       total 173568K, used 11245K [0x00000006c2800000, 0x00000006cd180000, 0x000000076b800000)
  object space 173568K, 6% used [0x00000006c2800000,0x00000006c32fb688,0x00000006cd180000)
 Metaspace       used 8401K, capacity 8774K, committed 8960K, reserved 1056768K
  class space    used 662K, capacity 690K, committed 768K, reserved 1048576K
}
Event: 12.425 GC heap before
{Heap before GC invocations=75 (full 0):
 PSYoungGen      total 79872K, used 79552K [0x000000076b800000, 0x00000007b9980000, 0x00000007c0000000)
  eden space 79360K, 100% used [0x000000076b800000,0x0000000770580000,0x0000000770580000)
  from space 512K, 37% used [0x00000007b9900000,0x00000007b9930000,0x00000007b9980000)
  to   space 512K, 0% used [0x00000007b9880000,0x00000007b9880000,0x00000007b9900000)
 ParOldGen       total 173568K, used 11245K [0x00000006c2800000, 0x00000006cd180000, 0x000000076b800000)
  object space 173568K, 6% used [0x00000006c2800000,0x00000006c32fb688,0x00000006cd180000)
 Metaspace       used 8401K, capacity 8774K, committed 8960K, reserved 1056768K
  class space    used 662K, capacity 690K, committed 768K, reserved 1048576K
Event: 12.425 GC heap after
Heap after GC invocations=75 (full 0):
 PSYoungGen      total 77824K, used 160K [0x000000076b800000, 0x00000007b9980000, 0x00000007c0000000)
  eden space 77312K, 0% used [0x000000076b800000,0x000000076b800000,0x0000000770380000)
  from space 512K, 31% used [0x00000007b9880000,0x00000007b98a8000,0x00000007b9900000)
  to   space 512K, 0% used [0x00000007b9900000,0x00000007b9900000,0x00000007b9980000)
 ParOldGen       total 173568K, used 11245K [0x00000006c2800000, 0x00000006cd180000, 0x000000076b800000)
  object space 173568K, 6% used [0x00000006c2800000,0x00000006c32fb688,0x00000006cd180000)
 Metaspace       used 8401K, capacity 8774K, committed 8960K, reserved 1056768K
  class space    used 662K, capacity 690K, committed 768K, reserved 1048576K
}

