# JRE version: Java(TM) SE Runtime Environment (8.0_65-b17) (build 1.8.0_65-b17)
# Java VM: Java HotSpot(TM) 64-Bit Server VM (25.65-b01 mixed mode windows-amd64 compressed oops)
Heap:
 PSYoungGen      total 498688K, used 29764K [0x000000076b800000, 0x00000007bcb80000, 0x00000007c0000000)
  eden space 494592K, 5% used [0x000000076b800000,0x000000076d4d90f8,0x0000000789b00000)
  from space 4096K, 5% used [0x00000007bc380000,0x00000007bc3b8000,0x00000007bc780000)
  to   space 4096K, 0% used [0x00000007bc780000,0x00000007bc780000,0x00000007bcb80000)
 ParOldGen       total 173568K, used 26397K [0x00000006c2800000, 0x00000006cd180000, 0x000000076b800000)
  object space 173568K, 15% used [0x00000006c2800000,0x00000006c41c7530,0x00000006cd180000)
 Metaspace       used 8404K, capacity 8710K, committed 8960K, reserved 1056768K
  class space    used 662K, capacity 690K, committed 768K, reserved 1048576K
GC Heap History (10 events):
Event: 11.577 GC heap before
{Heap before GC invocations=27 (full 0):
 PSYoungGen      total 621056K, used 620768K [0x000000076b800000, 0x00000007bd400000, 0x00000007c0000000)
  eden space 620544K, 100% used [0x000000076b800000,0x0000000791600000,0x0000000791600000)
  from space 512K, 43% used [0x00000007bd380000,0x00000007bd3b8000,0x00000007bd400000)
  to   space 5632K, 0% used [0x00000007bc900000,0x00000007bc900000,0x00000007bce80000)
 ParOldGen       total 173568K, used 26381K [0x00000006c2800000, 0x00000006cd180000, 0x000000076b800000)
  object space 173568K, 15% used [0x00000006c2800000,0x00000006c41c3530,0x00000006cd180000)
 Metaspace       used 8403K, capacity 8710K, committed 8960K, reserved 1056768K
  class space    used 662K, capacity 690K, committed 768K, reserved 1048576K
Event: 11.577 GC heap after
Heap after GC invocations=27 (full 0):
 PSYoungGen      total 598528K, used 192K [0x000000076b800000, 0x00000007bd400000, 0x00000007c0000000)
  eden space 592896K, 0% used [0x000000076b800000,0x000000076b800000,0x000000078fb00000)
  from space 5632K, 3% used [0x00000007bc900000,0x00000007bc930000,0x00000007bce80000)
  to   space 5120K, 0% used [0x00000007bcf00000,0x00000007bcf00000,0x00000007bd400000)
 ParOldGen       total 173568K, used 26381K [0x00000006c2800000, 0x00000006cd180000, 0x000000076b800000)
  object space 173568K, 15% used [0x00000006c2800000,0x00000006c41c3530,0x00000006cd180000)
 Metaspace       used 8403K, capacity 8710K, committed 8960K, reserved 1056768K
  class space    used 662K, capacity 690K, committed 768K, reserved 1048576K
}
Event: 12.057 GC heap before
{Heap before GC invocations=28 (full 0):
 PSYoungGen      total 598528K, used 593088K [0x000000076b800000, 0x00000007bd400000, 0x00000007c0000000)
  eden space 592896K, 100% used [0x000000076b800000,0x000000078fb00000,0x000000078fb00000)
  from space 5632K, 3% used [0x00000007bc900000,0x00000007bc930000,0x00000007bce80000)
  to   space 5120K, 0% used [0x00000007bcf00000,0x00000007bcf00000,0x00000007bd400000)
 ParOldGen       total 173568K, used 26381K [0x00000006c2800000, 0x00000006cd180000, 0x000000076b800000)
  object space 173568K, 15% used [0x00000006c2800000,0x00000006c41c3530,0x00000006cd180000)
 Metaspace       used 8404K, capacity 8710K, committed 8960K, reserved 1056768K
  class space    used 662K, capacity 690K, committed 768K, reserved 1048576K
Event: 12.057 GC heap after
Heap after GC invocations=28 (full 0):
 PSYoungGen      total 566784K, used 192K [0x000000076b800000, 0x00000007bcf80000, 0x00000007c0000000)
  eden space 566272K, 0% used [0x000000076b800000,0x000000076b800000,0x000000078e100000)
  from space 512K, 37% used [0x00000007bcf00000,0x00000007bcf30000,0x00000007bcf80000)
  to   space 5120K, 0% used [0x00000007bc580000,0x00000007bc580000,0x00000007bca80000)
 ParOldGen       total 173568K, used 26381K [0x00000006c2800000, 0x00000006cd180000, 0x000000076b800000)
  object space 173568K, 15% used [0x00000006c2800000,0x00000006c41c3530,0x00000006cd180000)
 Metaspace       used 8404K, capacity 8710K, committed 8960K, reserved 1056768K
  class space    used 662K, capacity 690K, committed 768K, reserved 1048576K
}
Event: 12.599 GC heap before
{Heap before GC invocations=29 (full 0):
 PSYoungGen      total 566784K, used 566464K [0x000000076b800000, 0x00000007bcf80000, 0x00000007c0000000)
  eden space 566272K, 100% used [0x000000076b800000,0x000000078e100000,0x000000078e100000)
  from space 512K, 37% used [0x00000007bcf00000,0x00000007bcf30000,0x00000007bcf80000)
  to   space 5120K, 0% used [0x00000007bc580000,0x00000007bc580000,0x00000007bca80000)
 ParOldGen       total 173568K, used 26381K [0x00000006c2800000, 0x00000006cd180000, 0x000000076b800000)
  object space 173568K, 15% used [0x00000006c2800000,0x00000006c41c3530,0x00000006cd180000)
 Metaspace       used 8404K, capacity 8710K, committed 8960K, reserved 1056768K
  class space    used 662K, capacity 690K, committed 768K, reserved 1048576K
Event: 12.600 GC heap after
Heap after GC invocations=29 (full 0):
 PSYoungGen      total 546304K, used 160K [0x000000076b800000, 0x00000007bcf80000, 0x00000007c0000000)
  eden space 541184K, 0% used [0x000000076b800000,0x000000076b800000,0x000000078c880000)
  from space 5120K, 3% used [0x00000007bc580000,0x00000007bc5a8000,0x00000007bca80000)
  to   space 4608K, 0% used [0x00000007bcb00000,0x00000007bcb00000,0x00000007bcf80000)
 ParOldGen       total 173568K, used 26389K [0x00000006c2800000, 0x00000006cd180000, 0x000000076b800000)
  object space 173568K, 15% used [0x00000006c2800000,0x00000006c41c5530,0x00000006cd180000)
 Metaspace       used 8404K, capacity 8710K, committed 8960K, reserved 1056768K
  class space    used 662K, capacity 690K, committed 768K, reserved 1048576K
}
Event: 13.122 GC heap before
{Heap before GC invocations=30 (full 0):
 PSYoungGen      total 546304K, used 541344K [0x000000076b800000, 0x00000007bcf80000, 0x00000007c0000000)
  eden space 541184K, 100% used [0x000000076b800000,0x000000078c880000,0x000000078c880000)
  from space 5120K, 3% used [0x00000007bc580000,0x00000007bc5a8000,0x00000007bca80000)
  to   space 4608K, 0% used [0x00000007bcb00000,0x00000007bcb00000,0x00000007bcf80000)
 ParOldGen       total 173568K, used 26389K [0x00000006c2800000, 0x00000006cd180000, 0x000000076b800000)
  object space 173568K, 15% used [0x00000006c2800000,0x00000006c41c5530,0x00000006cd180000)
 Metaspace       used 8404K, capacity 8710K, committed 8960K, reserved 1056768K
  class space    used 662K, capacity 690K, committed 768K, reserved 1048576K
Event: 13.123 GC heap after
Heap after GC invocations=30 (full 0):
 PSYoungGen      total 517632K, used 224K [0x000000076b800000, 0x00000007bcb80000, 0x00000007c0000000)
  eden space 517120K, 0% used [0x000000076b800000,0x000000076b800000,0x000000078b100000)
  from space 512K, 43% used [0x00000007bcb00000,0x00000007bcb38000,0x00000007bcb80000)
  to   space 4096K, 0% used [0x00000007bc380000,0x00000007bc380000,0x00000007bc780000)
 ParOldGen       total 173568K, used 26397K [0x00000006c2800000, 0x00000006cd180000, 0x000000076b800000)
  object space 173568K, 15% used [0x00000006c2800000,0x00000006c41c7530,0x00000006cd180000)
 Metaspace       used 8404K, capacity 8710K, committed 8960K, reserved 1056768K
  class space    used 662K, capacity 690K, committed 768K, reserved 1048576K
}
Event: 13.672 GC heap before
{Heap before GC invocations=31 (full 0):
 PSYoungGen      total 517632K, used 517344K [0x000000076b800000, 0x00000007bcb80000, 0x00000007c0000000)
  eden space 517120K, 100% used [0x000000076b800000,0x000000078b100000,0x000000078b100000)
  from space 512K, 43% used [0x00000007bcb00000,0x00000007bcb38000,0x00000007bcb80000)
  to   space 4096K, 0% used [0x00000007bc380000,0x00000007bc380000,0x00000007bc780000)
 ParOldGen       total 173568K, used 26397K [0x00000006c2800000, 0x00000006cd180000, 0x000000076b800000)
  object space 173568K, 15% used [0x00000006c2800000,0x00000006c41c7530,0x00000006cd180000)
 Metaspace       used 8404K, capacity 8710K, committed 8960K, reserved 1056768K
  class space    used 662K, capacity 690K, committed 768K, reserved 1048576K
Event: 13.673 GC heap after
Heap after GC invocations=31 (full 0):
 PSYoungGen      total 498688K, used 224K [0x000000076b800000, 0x00000007bcb80000, 0x00000007c0000000)
  eden space 494592K, 0% used [0x000000076b800000,0x000000076b800000,0x0000000789b00000)
  from space 4096K, 5% used [0x00000007bc380000,0x00000007bc3b8000,0x00000007bc780000)
  to   space 4096K, 0% used [0x00000007bc780000,0x00000007bc780000,0x00000007bcb80000)
 ParOldGen       total 173568K, used 26397K [0x00000006c2800000, 0x00000006cd180000, 0x000000076b800000)
  object space 173568K, 15% used [0x00000006c2800000,0x00000006c41c7530,0x00000006cd180000)
 Metaspace       used 8404K, capacity 8710K, committed 8960K, reserved 1056768K
  class space    used 662K, capacity 690K, committed 768K, reserved 1048576K
}

