# JRE version: Java(TM) SE Runtime Environment (8.0_65-b17) (build 1.8.0_65-b17)
# Java VM: Java HotSpot(TM) 64-Bit Server VM (25.65-b01 mixed mode windows-amd64 compressed oops)
Heap:
 PSYoungGen      total 1231872K, used 98776K [0x000000076b800000, 0x00000007be780000, 0x00000007c0000000)
  eden space 1231360K, 8% used [0x000000076b800000,0x000000077183e2c0,0x00000007b6a80000)
  from space 512K, 43% used [0x00000007be700000,0x00000007be738000,0x00000007be780000)
  to   space 11776K, 0% used [0x00000007bd080000,0x00000007bd080000,0x00000007bdc00000)
 ParOldGen       total 173568K, used 35724K [0x00000006c2800000, 0x00000006cd180000, 0x000000076b800000)
  object space 173568K, 20% used [0x00000006c2800000,0x00000006c4ae3190,0x00000006cd180000)
 Metaspace       used 8327K, capacity 8710K, committed 8960K, reserved 1056768K
  class space    used 658K, capacity 690K, committed 768K, reserved 1048576K
GC Heap History (10 events):
Event: 2.410 GC heap before
{Heap before GC invocations=14 (full 0):
 PSYoungGen      total 663040K, used 648416K [0x000000076b800000, 0x00000007ac900000, 0x00000007c0000000)
  eden space 648192K, 100% used [0x000000076b800000,0x0000000793100000,0x0000000793100000)
  from space 14848K, 1% used [0x0000000793100000,0x0000000793138000,0x0000000793f80000)
  to   space 14336K, 0% used [0x00000007abb00000,0x00000007abb00000,0x00000007ac900000)
 ParOldGen       total 173568K, used 35676K [0x00000006c2800000, 0x00000006cd180000, 0x000000076b800000)
  object space 173568K, 20% used [0x00000006c2800000,0x00000006c4ad7190,0x00000006cd180000)
 Metaspace       used 8286K, capacity 8646K, committed 8960K, reserved 1056768K
  class space    used 658K, capacity 690K, committed 768K, reserved 1048576K
Event: 2.411 GC heap after
Heap after GC invocations=14 (full 0):
 PSYoungGen      total 1050624K, used 224K [0x000000076b800000, 0x00000007ac800000, 0x00000007c0000000)
  eden space 1037312K, 0% used [0x000000076b800000,0x000000076b800000,0x00000007aad00000)
  from space 13312K, 1% used [0x00000007abb00000,0x00000007abb38000,0x00000007ac800000)
  to   space 13824K, 0% used [0x00000007aad00000,0x00000007aad00000,0x00000007aba80000)
 ParOldGen       total 173568K, used 35684K [0x00000006c2800000, 0x00000006cd180000, 0x000000076b800000)
  object space 173568K, 20% used [0x00000006c2800000,0x00000006c4ad9190,0x00000006cd180000)
 Metaspace       used 8286K, capacity 8646K, committed 8960K, reserved 1056768K
  class space    used 658K, capacity 690K, committed 768K, reserved 1048576K
}
Event: 2.894 GC heap before
{Heap before GC invocations=15 (full 0):
 PSYoungGen      total 1050624K, used 1037536K [0x000000076b800000, 0x00000007ac800000, 0x00000007c0000000)
  eden space 1037312K, 100% used [0x000000076b800000,0x00000007aad00000,0x00000007aad00000)
  from space 13312K, 1% used [0x00000007abb00000,0x00000007abb38000,0x00000007ac800000)
  to   space 13824K, 0% used [0x00000007aad00000,0x00000007aad00000,0x00000007aba80000)
 ParOldGen       total 173568K, used 35684K [0x00000006c2800000, 0x00000006cd180000, 0x000000076b800000)
  object space 173568K, 20% used [0x00000006c2800000,0x00000006c4ad9190,0x00000006cd180000)
 Metaspace       used 8307K, capacity 8710K, committed 8960K, reserved 1056768K
  class space    used 658K, capacity 690K, committed 768K, reserved 1048576K
Event: 2.895 GC heap after
Heap after GC invocations=15 (full 0):
 PSYoungGen      total 1051136K, used 224K [0x000000076b800000, 0x00000007bff80000, 0x00000007c0000000)
  eden space 1037312K, 0% used [0x000000076b800000,0x000000076b800000,0x00000007aad00000)
  from space 13824K, 1% used [0x00000007aad00000,0x00000007aad38000,0x00000007aba80000)
  to   space 13312K, 0% used [0x00000007bf280000,0x00000007bf280000,0x00000007bff80000)
 ParOldGen       total 173568K, used 35700K [0x00000006c2800000, 0x00000006cd180000, 0x000000076b800000)
  object space 173568K, 20% used [0x00000006c2800000,0x00000006c4add190,0x00000006cd180000)
 Metaspace       used 8307K, capacity 8710K, committed 8960K, reserved 1056768K
  class space    used 658K, capacity 690K, committed 768K, reserved 1048576K
}
Event: 3.380 GC heap before
{Heap before GC invocations=16 (full 0):
 PSYoungGen      total 1051136K, used 1037536K [0x000000076b800000, 0x00000007bff80000, 0x00000007c0000000)
  eden space 1037312K, 100% used [0x000000076b800000,0x00000007aad00000,0x00000007aad00000)
  from space 13824K, 1% used [0x00000007aad00000,0x00000007aad38000,0x00000007aba80000)
  to   space 13312K, 0% used [0x00000007bf280000,0x00000007bf280000,0x00000007bff80000)
 ParOldGen       total 173568K, used 35700K [0x00000006c2800000, 0x00000006cd180000, 0x000000076b800000)
  object space 173568K, 20% used [0x00000006c2800000,0x00000006c4add190,0x00000006cd180000)
 Metaspace       used 8312K, capacity 8710K, committed 8960K, reserved 1056768K
  class space    used 658K, capacity 690K, committed 768K, reserved 1048576K
Event: 3.381 GC heap after
Heap after GC invocations=16 (full 0):
 PSYoungGen      total 1369600K, used 160K [0x000000076b800000, 0x00000007bfe80000, 0x00000007c0000000)
  eden space 1357312K, 0% used [0x000000076b800000,0x000000076b800000,0x00000007be580000)
  from space 12288K, 1% used [0x00000007bf280000,0x00000007bf2a8000,0x00000007bfe80000)
  to   space 12800K, 0% used [0x00000007be580000,0x00000007be580000,0x00000007bf200000)
 ParOldGen       total 173568K, used 35724K [0x00000006c2800000, 0x00000006cd180000, 0x000000076b800000)
  object space 173568K, 20% used [0x00000006c2800000,0x00000006c4ae3190,0x00000006cd180000)
 Metaspace       used 8312K, capacity 8710K, committed 8960K, reserved 1056768K
  class space    used 658K, capacity 690K, committed 768K, reserved 1048576K
}
Event: 4.027 GC heap before
{Heap before GC invocations=17 (full 0):
 PSYoungGen      total 1369600K, used 1357472K [0x000000076b800000, 0x00000007bfe80000, 0x00000007c0000000)
  eden space 1357312K, 100% used [0x000000076b800000,0x00000007be580000,0x00000007be580000)
  from space 12288K, 1% used [0x00000007bf280000,0x00000007bf2a8000,0x00000007bfe80000)
  to   space 12800K, 0% used [0x00000007be580000,0x00000007be580000,0x00000007bf200000)
 ParOldGen       total 173568K, used 35724K [0x00000006c2800000, 0x00000006cd180000, 0x000000076b800000)
  object space 173568K, 20% used [0x00000006c2800000,0x00000006c4ae3190,0x00000006cd180000)
 Metaspace       used 8320K, capacity 8710K, committed 8960K, reserved 1056768K
  class space    used 658K, capacity 690K, committed 768K, reserved 1048576K
Event: 4.028 GC heap after
Heap after GC invocations=17 (full 0):
 PSYoungGen      total 1293312K, used 96K [0x000000076b800000, 0x00000007bf300000, 0x00000007c0000000)
  eden space 1292800K, 0% used [0x000000076b800000,0x000000076b800000,0x00000007ba680000)
  from space 512K, 18% used [0x00000007be580000,0x00000007be598000,0x00000007be600000)
  to   space 12288K, 0% used [0x00000007be700000,0x00000007be700000,0x00000007bf300000)
 ParOldGen       total 173568K, used 35724K [0x00000006c2800000, 0x00000006cd180000, 0x000000076b800000)
  object space 173568K, 20% used [0x00000006c2800000,0x00000006c4ae3190,0x00000006cd180000)
 Metaspace       used 8320K, capacity 8710K, committed 8960K, reserved 1056768K
  class space    used 658K, capacity 690K, committed 768K, reserved 1048576K
}
Event: 4.648 GC heap before
{Heap before GC invocations=18 (full 0):
 PSYoungGen      total 1293312K, used 1292896K [0x000000076b800000, 0x00000007bf300000, 0x00000007c0000000)
  eden space 1292800K, 100% used [0x000000076b800000,0x00000007ba680000,0x00000007ba680000)
  from space 512K, 18% used [0x00000007be580000,0x00000007be598000,0x00000007be600000)
  to   space 12288K, 0% used [0x00000007be700000,0x00000007be700000,0x00000007bf300000)
 ParOldGen       total 173568K, used 35724K [0x00000006c2800000, 0x00000006cd180000, 0x000000076b800000)
  object space 173568K, 20% used [0x00000006c2800000,0x00000006c4ae3190,0x00000006cd180000)
 Metaspace       used 8327K, capacity 8710K, committed 8960K, reserved 1056768K
  class space    used 658K, capacity 690K, committed 768K, reserved 1048576K
Event: 4.649 GC heap after
Heap after GC invocations=18 (full 0):
 PSYoungGen      total 1231872K, used 224K [0x000000076b800000, 0x00000007be780000, 0x00000007c0000000)
  eden space 1231360K, 0% used [0x000000076b800000,0x000000076b800000,0x00000007b6a80000)
  from space 512K, 43% used [0x00000007be700000,0x00000007be738000,0x00000007be780000)
  to   space 11776K, 0% used [0x00000007bd080000,0x00000007bd080000,0x00000007bdc00000)
 ParOldGen       total 173568K, used 35724K [0x00000006c2800000, 0x00000006cd180000, 0x000000076b800000)
  object space 173568K, 20% used [0x00000006c2800000,0x00000006c4ae3190,0x00000006cd180000)
 Metaspace       used 8327K, capacity 8710K, committed 8960K, reserved 1056768K
  class space    used 658K, capacity 690K, committed 768K, reserved 1048576K
}

