# JRE version: Java(TM) SE Runtime Environment (8.0_65-b17) (build 1.8.0_65-b17)
# Java VM: Java HotSpot(TM) 64-Bit Server VM (25.65-b01 mixed mode windows-amd64 compressed oops)
Heap:
 PSYoungGen      total 1216000K, used 193592K [0x000000076b800000, 0x00000007bd600000, 0x00000007c0000000)
  eden space 1215488K, 15% used [0x000000076b800000,0x00000007774c6200,0x00000007b5b00000)
  from space 512K, 56% used [0x00000007bd580000,0x00000007bd5c8000,0x00000007bd600000)
  to   space 19456K, 0% used [0x00000007bb000000,0x00000007bb000000,0x00000007bc300000)
 ParOldGen       total 173568K, used 19704K [0x00000006c2800000, 0x00000006cd180000, 0x000000076b800000)
  object space 173568K, 11% used [0x00000006c2800000,0x00000006c3b3e050,0x00000006cd180000)
 Metaspace       used 8540K, capacity 8806K, committed 8960K, reserved 1056768K
  class space    used 687K, capacity 722K, committed 768K, reserved 1048576K
GC Heap History (10 events):
Event: 8.116 GC heap before
{Heap before GC invocations=12 (full 0):
 PSYoungGen      total 833536K, used 809696K [0x000000076b800000, 0x00000007bd700000, 0x00000007c0000000)
  eden space 809472K, 100% used [0x000000076b800000,0x000000079ce80000,0x000000079ce80000)
  from space 24064K, 0% used [0x000000079ce80000,0x000000079ceb8000,0x000000079e600000)
  to   space 23552K, 0% used [0x00000007bc000000,0x00000007bc000000,0x00000007bd700000)
 ParOldGen       total 173568K, used 19640K [0x00000006c2800000, 0x00000006cd180000, 0x000000076b800000)
  object space 173568K, 11% used [0x00000006c2800000,0x00000006c3b2e050,0x00000006cd180000)
 Metaspace       used 8537K, capacity 8806K, committed 8960K, reserved 1056768K
  class space    used 687K, capacity 722K, committed 768K, reserved 1048576K
Event: 8.117 GC heap after
Heap after GC invocations=12 (full 0):
 PSYoungGen      total 1317888K, used 224K [0x000000076b800000, 0x00000007bd600000, 0x00000007c0000000)
  eden space 1295360K, 0% used [0x000000076b800000,0x000000076b800000,0x00000007ba900000)
  from space 22528K, 0% used [0x00000007bc000000,0x00000007bc038000,0x00000007bd600000)
  to   space 23040K, 0% used [0x00000007ba900000,0x00000007ba900000,0x00000007bbf80000)
 ParOldGen       total 173568K, used 19648K [0x00000006c2800000, 0x00000006cd180000, 0x000000076b800000)
  object space 173568K, 11% used [0x00000006c2800000,0x00000006c3b30050,0x00000006cd180000)
 Metaspace       used 8537K, capacity 8806K, committed 8960K, reserved 1056768K
  class space    used 687K, capacity 722K, committed 768K, reserved 1048576K
}
Event: 11.659 GC heap before
{Heap before GC invocations=13 (full 0):
 PSYoungGen      total 1317888K, used 1295584K [0x000000076b800000, 0x00000007bd600000, 0x00000007c0000000)
  eden space 1295360K, 100% used [0x000000076b800000,0x00000007ba900000,0x00000007ba900000)
  from space 22528K, 0% used [0x00000007bc000000,0x00000007bc038000,0x00000007bd600000)
  to   space 23040K, 0% used [0x00000007ba900000,0x00000007ba900000,0x00000007bbf80000)
 ParOldGen       total 173568K, used 19648K [0x00000006c2800000, 0x00000006cd180000, 0x000000076b800000)
  object space 173568K, 11% used [0x00000006c2800000,0x00000006c3b30050,0x00000006cd180000)
 Metaspace       used 8540K, capacity 8806K, committed 8960K, reserved 1056768K
  class space    used 687K, capacity 722K, committed 768K, reserved 1048576K
Event: 11.660 GC heap after
Heap after GC invocations=13 (full 0):
 PSYoungGen      total 1318400K, used 320K [0x000000076b800000, 0x00000007bfe80000, 0x00000007c0000000)
  eden space 1295360K, 0% used [0x000000076b800000,0x000000076b800000,0x00000007ba900000)
  from space 23040K, 1% used [0x00000007ba900000,0x00000007ba950000,0x00000007bbf80000)
  to   space 22016K, 0% used [0x00000007be900000,0x00000007be900000,0x00000007bfe80000)
 ParOldGen       total 173568K, used 19656K [0x00000006c2800000, 0x00000006cd180000, 0x000000076b800000)
  object space 173568K, 11% used [0x00000006c2800000,0x00000006c3b32050,0x00000006cd180000)
 Metaspace       used 8540K, capacity 8806K, committed 8960K, reserved 1056768K
  class space    used 687K, capacity 722K, committed 768K, reserved 1048576K
}
Event: 15.271 GC heap before
{Heap before GC invocations=14 (full 0):
 PSYoungGen      total 1318400K, used 1295680K [0x000000076b800000, 0x00000007bfe80000, 0x00000007c0000000)
  eden space 1295360K, 100% used [0x000000076b800000,0x00000007ba900000,0x00000007ba900000)
  from space 23040K, 1% used [0x00000007ba900000,0x00000007ba950000,0x00000007bbf80000)
  to   space 22016K, 0% used [0x00000007be900000,0x00000007be900000,0x00000007bfe80000)
 ParOldGen       total 173568K, used 19656K [0x00000006c2800000, 0x00000006cd180000, 0x000000076b800000)
  object space 173568K, 11% used [0x00000006c2800000,0x00000006c3b32050,0x00000006cd180000)
 Metaspace       used 8540K, capacity 8806K, committed 8960K, reserved 1056768K
  class space    used 687K, capacity 722K, committed 768K, reserved 1048576K
Event: 15.272 GC heap after
Heap after GC invocations=14 (full 0):
 PSYoungGen      total 1360896K, used 352K [0x000000076b800000, 0x00000007bfe00000, 0x00000007c0000000)
  eden space 1339392K, 0% used [0x000000076b800000,0x000000076b800000,0x00000007bd400000)
  from space 21504K, 1% used [0x00000007be900000,0x00000007be958000,0x00000007bfe00000)
  to   space 21504K, 0% used [0x00000007bd400000,0x00000007bd400000,0x00000007be900000)
 ParOldGen       total 173568K, used 19688K [0x00000006c2800000, 0x00000006cd180000, 0x000000076b800000)
  object space 173568K, 11% used [0x00000006c2800000,0x00000006c3b3a050,0x00000006cd180000)
 Metaspace       used 8540K, capacity 8806K, committed 8960K, reserved 1056768K
  class space    used 687K, capacity 722K, committed 768K, reserved 1048576K
}
Event: 19.433 GC heap before
{Heap before GC invocations=15 (full 0):
 PSYoungGen      total 1360896K, used 1339744K [0x000000076b800000, 0x00000007bfe00000, 0x00000007c0000000)
  eden space 1339392K, 100% used [0x000000076b800000,0x00000007bd400000,0x00000007bd400000)
  from space 21504K, 1% used [0x00000007be900000,0x00000007be958000,0x00000007bfe00000)
  to   space 21504K, 0% used [0x00000007bd400000,0x00000007bd400000,0x00000007be900000)
 ParOldGen       total 173568K, used 19688K [0x00000006c2800000, 0x00000006cd180000, 0x000000076b800000)
  object space 173568K, 11% used [0x00000006c2800000,0x00000006c3b3a050,0x00000006cd180000)
 Metaspace       used 8540K, capacity 8806K, committed 8960K, reserved 1056768K
  class space    used 687K, capacity 722K, committed 768K, reserved 1048576K
Event: 19.434 GC heap after
Heap after GC invocations=15 (full 0):
 PSYoungGen      total 1276416K, used 416K [0x000000076b800000, 0x00000007be980000, 0x00000007c0000000)
  eden space 1275904K, 0% used [0x000000076b800000,0x000000076b800000,0x00000007b9600000)
  from space 512K, 81% used [0x00000007bd400000,0x00000007bd468000,0x00000007bd480000)
  to   space 20480K, 0% used [0x00000007bd580000,0x00000007bd580000,0x00000007be980000)
 ParOldGen       total 173568K, used 19688K [0x00000006c2800000, 0x00000006cd180000, 0x000000076b800000)
  object space 173568K, 11% used [0x00000006c2800000,0x00000006c3b3a050,0x00000006cd180000)
 Metaspace       used 8540K, capacity 8806K, committed 8960K, reserved 1056768K
  class space    used 687K, capacity 722K, committed 768K, reserved 1048576K
}
Event: 22.634 GC heap before
{Heap before GC invocations=16 (full 0):
 PSYoungGen      total 1276416K, used 1276320K [0x000000076b800000, 0x00000007be980000, 0x00000007c0000000)
  eden space 1275904K, 100% used [0x000000076b800000,0x00000007b9600000,0x00000007b9600000)
  from space 512K, 81% used [0x00000007bd400000,0x00000007bd468000,0x00000007bd480000)
  to   space 20480K, 0% used [0x00000007bd580000,0x00000007bd580000,0x00000007be980000)
 ParOldGen       total 173568K, used 19688K [0x00000006c2800000, 0x00000006cd180000, 0x000000076b800000)
  object space 173568K, 11% used [0x00000006c2800000,0x00000006c3b3a050,0x00000006cd180000)
 Metaspace       used 8540K, capacity 8806K, committed 8960K, reserved 1056768K
  class space    used 687K, capacity 722K, committed 768K, reserved 1048576K
Event: 22.635 GC heap after
Heap after GC invocations=16 (full 0):
 PSYoungGen      total 1216000K, used 288K [0x000000076b800000, 0x00000007bd600000, 0x00000007c0000000)
  eden space 1215488K, 0% used [0x000000076b800000,0x000000076b800000,0x00000007b5b00000)
  from space 512K, 56% used [0x00000007bd580000,0x00000007bd5c8000,0x00000007bd600000)
  to   space 19456K, 0% used [0x00000007bb000000,0x00000007bb000000,0x00000007bc300000)
 ParOldGen       total 173568K, used 19704K [0x00000006c2800000, 0x00000006cd180000, 0x000000076b800000)
  object space 173568K, 11% used [0x00000006c2800000,0x00000006c3b3e050,0x00000006cd180000)
 Metaspace       used 8540K, capacity 8806K, committed 8960K, reserved 1056768K
  class space    used 687K, capacity 722K, committed 768K, reserved 1048576K
}

