# JRE version: Java(TM) SE Runtime Environment (8.0_65-b17) (build 1.8.0_65-b17)
# Java VM: Java HotSpot(TM) 64-Bit Server VM (25.65-b01 mixed mode windows-amd64 compressed oops)
Heap:
 PSYoungGen      total 700416K, used 48810K [0x000000076b800000, 0x00000007ab880000, 0x00000007c0000000)
  eden space 694784K, 7% used [0x000000076b800000,0x000000076e7a28d8,0x0000000795e80000)
  from space 5632K, 0% used [0x00000007aad80000,0x00000007aad88000,0x00000007ab300000)
  to   space 5120K, 0% used [0x00000007ab380000,0x00000007ab380000,0x00000007ab880000)
 ParOldGen       total 173568K, used 16860K [0x00000006c2800000, 0x00000006cd180000, 0x000000076b800000)
  object space 173568K, 9% used [0x00000006c2800000,0x00000006c3877060,0x00000006cd180000)
 Metaspace       used 8394K, capacity 8774K, committed 8960K, reserved 1056768K
  class space    used 661K, capacity 690K, committed 768K, reserved 1048576K
GC Heap History (10 events):
Event: 6.844 GC heap before
{Heap before GC invocations=19 (full 0):
 PSYoungGen      total 879616K, used 879296K [0x000000076b800000, 0x00000007ac300000, 0x00000007c0000000)
  eden space 879104K, 100% used [0x000000076b800000,0x00000007a1280000,0x00000007a1280000)
  from space 512K, 37% used [0x00000007ac280000,0x00000007ac2b0000,0x00000007ac300000)
  to   space 6656K, 0% used [0x00000007ab600000,0x00000007ab600000,0x00000007abc80000)
 ParOldGen       total 173568K, used 16764K [0x00000006c2800000, 0x00000006cd180000, 0x000000076b800000)
  object space 173568K, 9% used [0x00000006c2800000,0x00000006c385f060,0x00000006cd180000)
 Metaspace       used 8394K, capacity 8774K, committed 8960K, reserved 1056768K
  class space    used 661K, capacity 690K, committed 768K, reserved 1048576K
Event: 6.845 GC heap after
Heap after GC invocations=19 (full 0):
 PSYoungGen      total 845312K, used 224K [0x000000076b800000, 0x00000007ac300000, 0x00000007c0000000)
  eden space 838656K, 0% used [0x000000076b800000,0x000000076b800000,0x000000079eb00000)
  from space 6656K, 3% used [0x00000007ab600000,0x00000007ab638000,0x00000007abc80000)
  to   space 6144K, 0% used [0x00000007abd00000,0x00000007abd00000,0x00000007ac300000)
 ParOldGen       total 173568K, used 16804K [0x00000006c2800000, 0x00000006cd180000, 0x000000076b800000)
  object space 173568K, 9% used [0x00000006c2800000,0x00000006c3869060,0x00000006cd180000)
 Metaspace       used 8394K, capacity 8774K, committed 8960K, reserved 1056768K
  class space    used 661K, capacity 690K, committed 768K, reserved 1048576K
}
Event: 7.591 GC heap before
{Heap before GC invocations=20 (full 0):
 PSYoungGen      total 845312K, used 838880K [0x000000076b800000, 0x00000007ac300000, 0x00000007c0000000)
  eden space 838656K, 100% used [0x000000076b800000,0x000000079eb00000,0x000000079eb00000)
  from space 6656K, 3% used [0x00000007ab600000,0x00000007ab638000,0x00000007abc80000)
  to   space 6144K, 0% used [0x00000007abd00000,0x00000007abd00000,0x00000007ac300000)
 ParOldGen       total 173568K, used 16804K [0x00000006c2800000, 0x00000006cd180000, 0x000000076b800000)
  object space 173568K, 9% used [0x00000006c2800000,0x00000006c3869060,0x00000006cd180000)
 Metaspace       used 8394K, capacity 8774K, committed 8960K, reserved 1056768K
  class space    used 661K, capacity 690K, committed 768K, reserved 1048576K
Event: 7.592 GC heap after
Heap after GC invocations=20 (full 0):
 PSYoungGen      total 800256K, used 32K [0x000000076b800000, 0x00000007abd80000, 0x00000007c0000000)
  eden space 799744K, 0% used [0x000000076b800000,0x000000076b800000,0x000000079c500000)
  from space 512K, 6% used [0x00000007abd00000,0x00000007abd08000,0x00000007abd80000)
  to   space 6144K, 0% used [0x00000007ab180000,0x00000007ab180000,0x00000007ab780000)
 ParOldGen       total 173568K, used 16860K [0x00000006c2800000, 0x00000006cd180000, 0x000000076b800000)
  object space 173568K, 9% used [0x00000006c2800000,0x00000006c3877060,0x00000006cd180000)
 Metaspace       used 8394K, capacity 8774K, committed 8960K, reserved 1056768K
  class space    used 661K, capacity 690K, committed 768K, reserved 1048576K
}
Event: 8.344 GC heap before
{Heap before GC invocations=21 (full 0):
 PSYoungGen      total 800256K, used 799776K [0x000000076b800000, 0x00000007abd80000, 0x00000007c0000000)
  eden space 799744K, 100% used [0x000000076b800000,0x000000079c500000,0x000000079c500000)
  from space 512K, 6% used [0x00000007abd00000,0x00000007abd08000,0x00000007abd80000)
  to   space 6144K, 0% used [0x00000007ab180000,0x00000007ab180000,0x00000007ab780000)
 ParOldGen       total 173568K, used 16860K [0x00000006c2800000, 0x00000006cd180000, 0x000000076b800000)
  object space 173568K, 9% used [0x00000006c2800000,0x00000006c3877060,0x00000006cd180000)
 Metaspace       used 8394K, capacity 8774K, committed 8960K, reserved 1056768K
  class space    used 661K, capacity 690K, committed 768K, reserved 1048576K
Event: 8.345 GC heap after
Heap after GC invocations=21 (full 0):
 PSYoungGen      total 769024K, used 32K [0x000000076b800000, 0x00000007abd80000, 0x00000007c0000000)
  eden space 762880K, 0% used [0x000000076b800000,0x000000076b800000,0x000000079a100000)
  from space 6144K, 0% used [0x00000007ab180000,0x00000007ab188000,0x00000007ab780000)
  to   space 5632K, 0% used [0x00000007ab800000,0x00000007ab800000,0x00000007abd80000)
 ParOldGen       total 173568K, used 16860K [0x00000006c2800000, 0x00000006cd180000, 0x000000076b800000)
  object space 173568K, 9% used [0x00000006c2800000,0x00000006c3877060,0x00000006cd180000)
 Metaspace       used 8394K, capacity 8774K, committed 8960K, reserved 1056768K
  class space    used 661K, capacity 690K, committed 768K, reserved 1048576K
}
Event: 8.917 GC heap before
{Heap before GC invocations=22 (full 0):
 PSYoungGen      total 769024K, used 762912K [0x000000076b800000, 0x00000007abd80000, 0x00000007c0000000)
  eden space 762880K, 100% used [0x000000076b800000,0x000000079a100000,0x000000079a100000)
  from space 6144K, 0% used [0x00000007ab180000,0x00000007ab188000,0x00000007ab780000)
  to   space 5632K, 0% used [0x00000007ab800000,0x00000007ab800000,0x00000007abd80000)
 ParOldGen       total 173568K, used 16860K [0x00000006c2800000, 0x00000006cd180000, 0x000000076b800000)
  object space 173568K, 9% used [0x00000006c2800000,0x00000006c3877060,0x00000006cd180000)
 Metaspace       used 8394K, capacity 8774K, committed 8960K, reserved 1056768K
  class space    used 661K, capacity 690K, committed 768K, reserved 1048576K
Event: 8.918 GC heap after
Heap after GC invocations=22 (full 0):
 PSYoungGen      total 728576K, used 32K [0x000000076b800000, 0x00000007ab880000, 0x00000007c0000000)
  eden space 728064K, 0% used [0x000000076b800000,0x000000076b800000,0x0000000797f00000)
  from space 512K, 6% used [0x00000007ab800000,0x00000007ab808000,0x00000007ab880000)
  to   space 5632K, 0% used [0x00000007aad80000,0x00000007aad80000,0x00000007ab300000)
 ParOldGen       total 173568K, used 16860K [0x00000006c2800000, 0x00000006cd180000, 0x000000076b800000)
  object space 173568K, 9% used [0x00000006c2800000,0x00000006c3877060,0x00000006cd180000)
 Metaspace       used 8394K, capacity 8774K, committed 8960K, reserved 1056768K
  class space    used 661K, capacity 690K, committed 768K, reserved 1048576K
}
Event: 9.474 GC heap before
{Heap before GC invocations=23 (full 0):
 PSYoungGen      total 728576K, used 728096K [0x000000076b800000, 0x00000007ab880000, 0x00000007c0000000)
  eden space 728064K, 100% used [0x000000076b800000,0x0000000797f00000,0x0000000797f00000)
  from space 512K, 6% used [0x00000007ab800000,0x00000007ab808000,0x00000007ab880000)
  to   space 5632K, 0% used [0x00000007aad80000,0x00000007aad80000,0x00000007ab300000)
 ParOldGen       total 173568K, used 16860K [0x00000006c2800000, 0x00000006cd180000, 0x000000076b800000)
  object space 173568K, 9% used [0x00000006c2800000,0x00000006c3877060,0x00000006cd180000)
 Metaspace       used 8394K, capacity 8774K, committed 8960K, reserved 1056768K
  class space    used 661K, capacity 690K, committed 768K, reserved 1048576K
Event: 9.475 GC heap after
Heap after GC invocations=23 (full 0):
 PSYoungGen      total 700416K, used 32K [0x000000076b800000, 0x00000007ab880000, 0x00000007c0000000)
  eden space 694784K, 0% used [0x000000076b800000,0x000000076b800000,0x0000000795e80000)
  from space 5632K, 0% used [0x00000007aad80000,0x00000007aad88000,0x00000007ab300000)
  to   space 5120K, 0% used [0x00000007ab380000,0x00000007ab380000,0x00000007ab880000)
 ParOldGen       total 173568K, used 16860K [0x00000006c2800000, 0x00000006cd180000, 0x000000076b800000)
  object space 173568K, 9% used [0x00000006c2800000,0x00000006c3877060,0x00000006cd180000)
 Metaspace       used 8394K, capacity 8774K, committed 8960K, reserved 1056768K
  class space    used 661K, capacity 690K, committed 768K, reserved 1048576K
}

