# JRE version: Java(TM) SE Runtime Environment (8.0_65-b17) (build 1.8.0_65-b17)
# Java VM: Java HotSpot(TM) 64-Bit Server VM (25.65-b01 mixed mode windows-amd64 compressed oops)
Heap:
 PSYoungGen      total 1119232K, used 211234K [0x000000076b800000, 0x00000007bde00000, 0x00000007c0000000)
  eden space 1118720K, 18% used [0x000000076b800000,0x0000000778620840,0x00000007afc80000)
  from space 512K, 31% used [0x00000007bdd80000,0x00000007bdda8000,0x00000007bde00000)
  to   space 9728K, 0% used [0x00000007bcb00000,0x00000007bcb00000,0x00000007bd480000)
 ParOldGen       total 173568K, used 34621K [0x00000006c2800000, 0x00000006cd180000, 0x000000076b800000)
  object space 173568K, 19% used [0x00000006c2800000,0x00000006c49cf4e0,0x00000006cd180000)
 Metaspace       used 8273K, capacity 8646K, committed 8960K, reserved 1056768K
  class space    used 654K, capacity 690K, committed 768K, reserved 1048576K
GC Heap History (10 events):
Event: 3.008 GC heap before
{Heap before GC invocations=16 (full 0):
 PSYoungGen      total 1053184K, used 1040000K [0x000000076b800000, 0x00000007bff00000, 0x00000007c0000000)
  eden space 1039872K, 100% used [0x000000076b800000,0x00000007aaf80000,0x00000007aaf80000)
  from space 13312K, 0% used [0x00000007aaf80000,0x00000007aafa0000,0x00000007abc80000)
  to   space 12800K, 0% used [0x00000007bf280000,0x00000007bf280000,0x00000007bff00000)
 ParOldGen       total 173568K, used 34597K [0x00000006c2800000, 0x00000006cd180000, 0x000000076b800000)
  object space 173568K, 19% used [0x00000006c2800000,0x00000006c49c94e0,0x00000006cd180000)
 Metaspace       used 8237K, capacity 8646K, committed 8960K, reserved 1056768K
  class space    used 654K, capacity 690K, committed 768K, reserved 1048576K
Event: 3.009 GC heap after
Heap after GC invocations=16 (full 0):
 PSYoungGen      total 1370624K, used 224K [0x000000076b800000, 0x00000007bfe80000, 0x00000007c0000000)
  eden space 1358336K, 0% used [0x000000076b800000,0x000000076b800000,0x00000007be680000)
  from space 12288K, 1% used [0x00000007bf280000,0x00000007bf2b8000,0x00000007bfe80000)
  to   space 12288K, 0% used [0x00000007be680000,0x00000007be680000,0x00000007bf280000)
 ParOldGen       total 173568K, used 34605K [0x00000006c2800000, 0x00000006cd180000, 0x000000076b800000)
  object space 173568K, 19% used [0x00000006c2800000,0x00000006c49cb4e0,0x00000006cd180000)
 Metaspace       used 8237K, capacity 8646K, committed 8960K, reserved 1056768K
  class space    used 654K, capacity 690K, committed 768K, reserved 1048576K
}
Event: 3.782 GC heap before
{Heap before GC invocations=17 (full 0):
 PSYoungGen      total 1370624K, used 1358560K [0x000000076b800000, 0x00000007bfe80000, 0x00000007c0000000)
  eden space 1358336K, 100% used [0x000000076b800000,0x00000007be680000,0x00000007be680000)
  from space 12288K, 1% used [0x00000007bf280000,0x00000007bf2b8000,0x00000007bfe80000)
  to   space 12288K, 0% used [0x00000007be680000,0x00000007be680000,0x00000007bf280000)
 ParOldGen       total 173568K, used 34605K [0x00000006c2800000, 0x00000006cd180000, 0x000000076b800000)
  object space 173568K, 19% used [0x00000006c2800000,0x00000006c49cb4e0,0x00000006cd180000)
 Metaspace       used 8241K, capacity 8646K, committed 8960K, reserved 1056768K
  class space    used 654K, capacity 690K, committed 768K, reserved 1048576K
Event: 3.783 GC heap after
Heap after GC invocations=17 (full 0):
 PSYoungGen      total 1294336K, used 224K [0x000000076b800000, 0x00000007bf300000, 0x00000007c0000000)
  eden space 1293824K, 0% used [0x000000076b800000,0x000000076b800000,0x00000007ba780000)
  from space 512K, 43% used [0x00000007be680000,0x00000007be6b8000,0x00000007be700000)
  to   space 11776K, 0% used [0x00000007be780000,0x00000007be780000,0x00000007bf300000)
 ParOldGen       total 173568K, used 34613K [0x00000006c2800000, 0x00000006cd180000, 0x000000076b800000)
  object space 173568K, 19% used [0x00000006c2800000,0x00000006c49cd4e0,0x00000006cd180000)
 Metaspace       used 8241K, capacity 8646K, committed 8960K, reserved 1056768K
  class space    used 654K, capacity 690K, committed 768K, reserved 1048576K
}
Event: 4.516 GC heap before
{Heap before GC invocations=18 (full 0):
 PSYoungGen      total 1294336K, used 1294048K [0x000000076b800000, 0x00000007bf300000, 0x00000007c0000000)
  eden space 1293824K, 100% used [0x000000076b800000,0x00000007ba780000,0x00000007ba780000)
  from space 512K, 43% used [0x00000007be680000,0x00000007be6b8000,0x00000007be700000)
  to   space 11776K, 0% used [0x00000007be780000,0x00000007be780000,0x00000007bf300000)
 ParOldGen       total 173568K, used 34613K [0x00000006c2800000, 0x00000006cd180000, 0x000000076b800000)
  object space 173568K, 19% used [0x00000006c2800000,0x00000006c49cd4e0,0x00000006cd180000)
 Metaspace       used 8242K, capacity 8646K, committed 8960K, reserved 1056768K
  class space    used 654K, capacity 690K, committed 768K, reserved 1048576K
Event: 4.517 GC heap after
Heap after GC invocations=18 (full 0):
 PSYoungGen      total 1232896K, used 224K [0x000000076b800000, 0x00000007be800000, 0x00000007c0000000)
  eden space 1232384K, 0% used [0x000000076b800000,0x000000076b800000,0x00000007b6b80000)
  from space 512K, 43% used [0x00000007be780000,0x00000007be7b8000,0x00000007be800000)
  to   space 11264K, 0% used [0x00000007bd200000,0x00000007bd200000,0x00000007bdd00000)
 ParOldGen       total 173568K, used 34613K [0x00000006c2800000, 0x00000006cd180000, 0x000000076b800000)
  object space 173568K, 19% used [0x00000006c2800000,0x00000006c49cd4e0,0x00000006cd180000)
 Metaspace       used 8242K, capacity 8646K, committed 8960K, reserved 1056768K
  class space    used 654K, capacity 690K, committed 768K, reserved 1048576K
}
Event: 5.427 GC heap before
{Heap before GC invocations=19 (full 0):
 PSYoungGen      total 1232896K, used 1232608K [0x000000076b800000, 0x00000007be800000, 0x00000007c0000000)
  eden space 1232384K, 100% used [0x000000076b800000,0x00000007b6b80000,0x00000007b6b80000)
  from space 512K, 43% used [0x00000007be780000,0x00000007be7b8000,0x00000007be800000)
  to   space 11264K, 0% used [0x00000007bd200000,0x00000007bd200000,0x00000007bdd00000)
 ParOldGen       total 173568K, used 34613K [0x00000006c2800000, 0x00000006cd180000, 0x000000076b800000)
  object space 173568K, 19% used [0x00000006c2800000,0x00000006c49cd4e0,0x00000006cd180000)
 Metaspace       used 8248K, capacity 8646K, committed 8960K, reserved 1056768K
  class space    used 654K, capacity 690K, committed 768K, reserved 1048576K
Event: 5.428 GC heap after
Heap after GC invocations=19 (full 0):
 PSYoungGen      total 1185280K, used 224K [0x000000076b800000, 0x00000007be800000, 0x00000007c0000000)
  eden space 1174016K, 0% used [0x000000076b800000,0x000000076b800000,0x00000007b3280000)
  from space 11264K, 1% used [0x00000007bd200000,0x00000007bd238000,0x00000007bdd00000)
  to   space 10752K, 0% used [0x00000007bdd80000,0x00000007bdd80000,0x00000007be800000)
 ParOldGen       total 173568K, used 34613K [0x00000006c2800000, 0x00000006cd180000, 0x000000076b800000)
  object space 173568K, 19% used [0x00000006c2800000,0x00000006c49cd4e0,0x00000006cd180000)
 Metaspace       used 8248K, capacity 8646K, committed 8960K, reserved 1056768K
  class space    used 654K, capacity 690K, committed 768K, reserved 1048576K
}
Event: 6.470 GC heap before
{Heap before GC invocations=20 (full 0):
 PSYoungGen      total 1185280K, used 1174240K [0x000000076b800000, 0x00000007be800000, 0x00000007c0000000)
  eden space 1174016K, 100% used [0x000000076b800000,0x00000007b3280000,0x00000007b3280000)
  from space 11264K, 1% used [0x00000007bd200000,0x00000007bd238000,0x00000007bdd00000)
  to   space 10752K, 0% used [0x00000007bdd80000,0x00000007bdd80000,0x00000007be800000)
 ParOldGen       total 173568K, used 34613K [0x00000006c2800000, 0x00000006cd180000, 0x000000076b800000)
  object space 173568K, 19% used [0x00000006c2800000,0x00000006c49cd4e0,0x00000006cd180000)
 Metaspace       used 8272K, capacity 8646K, committed 8960K, reserved 1056768K
  class space    used 654K, capacity 690K, committed 768K, reserved 1048576K
Event: 6.471 GC heap after
Heap after GC invocations=20 (full 0):
 PSYoungGen      total 1119232K, used 160K [0x000000076b800000, 0x00000007bde00000, 0x00000007c0000000)
  eden space 1118720K, 0% used [0x000000076b800000,0x000000076b800000,0x00000007afc80000)
  from space 512K, 31% used [0x00000007bdd80000,0x00000007bdda8000,0x00000007bde00000)
  to   space 9728K, 0% used [0x00000007bcb00000,0x00000007bcb00000,0x00000007bd480000)
 ParOldGen       total 173568K, used 34621K [0x00000006c2800000, 0x00000006cd180000, 0x000000076b800000)
  object space 173568K, 19% used [0x00000006c2800000,0x00000006c49cf4e0,0x00000006cd180000)
 Metaspace       used 8272K, capacity 8646K, committed 8960K, reserved 1056768K
  class space    used 654K, capacity 690K, committed 768K, reserved 1048576K
}

