# JRE version: Java(TM) SE Runtime Environment (8.0_65-b17) (build 1.8.0_65-b17)
# Java VM: Java HotSpot(TM) 64-Bit Server VM (25.65-b01 mixed mode windows-amd64 compressed oops)
Heap:
 PSYoungGen      total 1321472K, used 596227K [0x000000076b800000, 0x00000007bff80000, 0x00000007c0000000)
  eden space 1308672K, 45% used [0x000000076b800000,0x000000078fe00ee0,0x00000007bb600000)
  from space 12800K, 2% used [0x00000007bb600000,0x00000007bb640000,0x00000007bc280000)
  to   space 12288K, 0% used [0x00000007bf380000,0x00000007bf380000,0x00000007bff80000)
 ParOldGen       total 173568K, used 23066K [0x00000006c2800000, 0x00000006cd180000, 0x000000076b800000)
  object space 173568K, 13% used [0x00000006c2800000,0x00000006c3e86b90,0x00000006cd180000)
 Metaspace       used 8321K, capacity 8710K, committed 8960K, reserved 1056768K
  class space    used 658K, capacity 690K, committed 768K, reserved 1048576K
GC Heap History (10 events):
Event: 1.565 GC heap before
{Heap before GC invocations=9 (full 0):
 PSYoungGen      total 516608K, used 516581K [0x000000076b800000, 0x000000078ce00000, 0x00000007c0000000)
  eden space 510976K, 100% used [0x000000076b800000,0x000000078ab00000,0x000000078ab00000)
  from space 5632K, 99% used [0x000000078b880000,0x000000078bdf9470,0x000000078be00000)
  to   space 13824K, 0% used [0x000000078ab00000,0x000000078ab00000,0x000000078b880000)
 ParOldGen       total 173568K, used 21958K [0x00000006c2800000, 0x00000006cd180000, 0x000000076b800000)
  object space 173568K, 12% used [0x00000006c2800000,0x00000006c3d71b80,0x00000006cd180000)
 Metaspace       used 8261K, capacity 8646K, committed 8960K, reserved 1056768K
  class space    used 658K, capacity 690K, committed 768K, reserved 1048576K
Event: 1.568 GC heap after
Heap after GC invocations=9 (full 0):
 PSYoungGen      total 524800K, used 800K [0x000000076b800000, 0x000000079f180000, 0x00000007c0000000)
  eden space 510976K, 0% used [0x000000076b800000,0x000000076b800000,0x000000078ab00000)
  from space 13824K, 5% used [0x000000078ab00000,0x000000078abc8000,0x000000078b880000)
  to   space 13824K, 0% used [0x000000079e400000,0x000000079e400000,0x000000079f180000)
 ParOldGen       total 173568K, used 22338K [0x00000006c2800000, 0x00000006cd180000, 0x000000076b800000)
  object space 173568K, 12% used [0x00000006c2800000,0x00000006c3dd0b90,0x00000006cd180000)
 Metaspace       used 8261K, capacity 8646K, committed 8960K, reserved 1056768K
  class space    used 658K, capacity 690K, committed 768K, reserved 1048576K
}
Event: 1.926 GC heap before
{Heap before GC invocations=10 (full 0):
 PSYoungGen      total 524800K, used 511776K [0x000000076b800000, 0x000000079f180000, 0x00000007c0000000)
  eden space 510976K, 100% used [0x000000076b800000,0x000000078ab00000,0x000000078ab00000)
  from space 13824K, 5% used [0x000000078ab00000,0x000000078abc8000,0x000000078b880000)
  to   space 13824K, 0% used [0x000000079e400000,0x000000079e400000,0x000000079f180000)
 ParOldGen       total 173568K, used 22338K [0x00000006c2800000, 0x00000006cd180000, 0x000000076b800000)
  object space 173568K, 12% used [0x00000006c2800000,0x00000006c3dd0b90,0x00000006cd180000)
 Metaspace       used 8265K, capacity 8646K, committed 8960K, reserved 1056768K
  class space    used 658K, capacity 690K, committed 768K, reserved 1048576K
Event: 1.928 GC heap after
Heap after GC invocations=10 (full 0):
 PSYoungGen      total 830464K, used 256K [0x000000076b800000, 0x000000079f080000, 0x00000007c0000000)
  eden space 817664K, 0% used [0x000000076b800000,0x000000076b800000,0x000000079d680000)
  from space 12800K, 2% used [0x000000079e400000,0x000000079e440000,0x000000079f080000)
  to   space 13312K, 0% used [0x000000079d680000,0x000000079d680000,0x000000079e380000)
 ParOldGen       total 173568K, used 22978K [0x00000006c2800000, 0x00000006cd180000, 0x000000076b800000)
  object space 173568K, 13% used [0x00000006c2800000,0x00000006c3e70b90,0x00000006cd180000)
 Metaspace       used 8265K, capacity 8646K, committed 8960K, reserved 1056768K
  class space    used 658K, capacity 690K, committed 768K, reserved 1048576K
}
Event: 2.533 GC heap before
{Heap before GC invocations=11 (full 0):
 PSYoungGen      total 830464K, used 817920K [0x000000076b800000, 0x000000079f080000, 0x00000007c0000000)
  eden space 817664K, 100% used [0x000000076b800000,0x000000079d680000,0x000000079d680000)
  from space 12800K, 2% used [0x000000079e400000,0x000000079e440000,0x000000079f080000)
  to   space 13312K, 0% used [0x000000079d680000,0x000000079d680000,0x000000079e380000)
 ParOldGen       total 173568K, used 22978K [0x00000006c2800000, 0x00000006cd180000, 0x000000076b800000)
  object space 173568K, 13% used [0x00000006c2800000,0x00000006c3e70b90,0x00000006cd180000)
 Metaspace       used 8290K, capacity 8710K, committed 8960K, reserved 1056768K
  class space    used 658K, capacity 690K, committed 768K, reserved 1048576K
Event: 2.534 GC heap after
Heap after GC invocations=11 (full 0):
 PSYoungGen      total 830976K, used 160K [0x000000076b800000, 0x00000007bd000000, 0x00000007c0000000)
  eden space 817664K, 0% used [0x000000076b800000,0x000000076b800000,0x000000079d680000)
  from space 13312K, 1% used [0x000000079d680000,0x000000079d6a8000,0x000000079e380000)
  to   space 13312K, 0% used [0x00000007bc300000,0x00000007bc300000,0x00000007bd000000)
 ParOldGen       total 173568K, used 23034K [0x00000006c2800000, 0x00000006cd180000, 0x000000076b800000)
  object space 173568K, 13% used [0x00000006c2800000,0x00000006c3e7eb90,0x00000006cd180000)
 Metaspace       used 8290K, capacity 8710K, committed 8960K, reserved 1056768K
  class space    used 658K, capacity 690K, committed 768K, reserved 1048576K
}
Event: 3.123 GC heap before
{Heap before GC invocations=12 (full 0):
 PSYoungGen      total 830976K, used 817824K [0x000000076b800000, 0x00000007bd000000, 0x00000007c0000000)
  eden space 817664K, 100% used [0x000000076b800000,0x000000079d680000,0x000000079d680000)
  from space 13312K, 1% used [0x000000079d680000,0x000000079d6a8000,0x000000079e380000)
  to   space 13312K, 0% used [0x00000007bc300000,0x00000007bc300000,0x00000007bd000000)
 ParOldGen       total 173568K, used 23034K [0x00000006c2800000, 0x00000006cd180000, 0x000000076b800000)
  object space 173568K, 13% used [0x00000006c2800000,0x00000006c3e7eb90,0x00000006cd180000)
 Metaspace       used 8302K, capacity 8710K, committed 8960K, reserved 1056768K
  class space    used 658K, capacity 690K, committed 768K, reserved 1048576K
Event: 3.123 GC heap after
Heap after GC invocations=12 (full 0):
 PSYoungGen      total 1320960K, used 192K [0x000000076b800000, 0x00000007bcf00000, 0x00000007c0000000)
  eden space 1308672K, 0% used [0x000000076b800000,0x000000076b800000,0x00000007bb600000)
  from space 12288K, 1% used [0x00000007bc300000,0x00000007bc330000,0x00000007bcf00000)
  to   space 12800K, 0% used [0x00000007bb600000,0x00000007bb600000,0x00000007bc280000)
 ParOldGen       total 173568K, used 23066K [0x00000006c2800000, 0x00000006cd180000, 0x000000076b800000)
  object space 173568K, 13% used [0x00000006c2800000,0x00000006c3e86b90,0x00000006cd180000)
 Metaspace       used 8302K, capacity 8710K, committed 8960K, reserved 1056768K
  class space    used 658K, capacity 690K, committed 768K, reserved 1048576K
}
Event: 4.155 GC heap before
{Heap before GC invocations=13 (full 0):
 PSYoungGen      total 1320960K, used 1308864K [0x000000076b800000, 0x00000007bcf00000, 0x00000007c0000000)
  eden space 1308672K, 100% used [0x000000076b800000,0x00000007bb600000,0x00000007bb600000)
  from space 12288K, 1% used [0x00000007bc300000,0x00000007bc330000,0x00000007bcf00000)
  to   space 12800K, 0% used [0x00000007bb600000,0x00000007bb600000,0x00000007bc280000)
 ParOldGen       total 173568K, used 23066K [0x00000006c2800000, 0x00000006cd180000, 0x000000076b800000)
  object space 173568K, 13% used [0x00000006c2800000,0x00000006c3e86b90,0x00000006cd180000)
 Metaspace       used 8311K, capacity 8710K, committed 8960K, reserved 1056768K
  class space    used 658K, capacity 690K, committed 768K, reserved 1048576K
Event: 4.155 GC heap after
Heap after GC invocations=13 (full 0):
 PSYoungGen      total 1321472K, used 256K [0x000000076b800000, 0x00000007bff80000, 0x00000007c0000000)
  eden space 1308672K, 0% used [0x000000076b800000,0x000000076b800000,0x00000007bb600000)
  from space 12800K, 2% used [0x00000007bb600000,0x00000007bb640000,0x00000007bc280000)
  to   space 12288K, 0% used [0x00000007bf380000,0x00000007bf380000,0x00000007bff80000)
 ParOldGen       total 173568K, used 23066K [0x00000006c2800000, 0x00000006cd180000, 0x000000076b800000)
  object space 173568K, 13% used [0x00000006c2800000,0x00000006c3e86b90,0x00000006cd180000)
 Metaspace       used 8311K, capacity 8710K, committed 8960K, reserved 1056768K
  class space    used 658K, capacity 690K, committed 768K, reserved 1048576K
}

