# JRE version: Java(TM) SE Runtime Environment (8.0_65-b17) (build 1.8.0_65-b17)
# Java VM: Java HotSpot(TM) 64-Bit Server VM (25.65-b01 mixed mode windows-amd64 compressed oops)
Heap:
 PSYoungGen      total 986112K, used 549443K [0x000000076b800000, 0x00000007bb180000, 0x00000007c0000000)
  eden space 985600K, 55% used [0x000000076b800000,0x000000078d060f98,0x00000007a7a80000)
  from space 512K, 37% used [0x00000007bb100000,0x00000007bb130000,0x00000007bb180000)
  to   space 7168K, 0% used [0x00000007ba380000,0x00000007ba380000,0x00000007baa80000)
 ParOldGen       total 173568K, used 16070K [0x00000006c2800000, 0x00000006cd180000, 0x000000076b800000)
  object space 173568K, 9% used [0x00000006c2800000,0x00000006c37b1ac8,0x00000006cd180000)
 Metaspace       used 8358K, capacity 8774K, committed 8960K, reserved 1056768K
  class space    used 659K, capacity 690K, committed 768K, reserved 1048576K
GC Heap History (10 events):
Event: 5.009 GC heap before
{Heap before GC invocations=14 (full 0):
 PSYoungGen      total 1254912K, used 1254656K [0x000000076b800000, 0x00000007bc780000, 0x00000007c0000000)
  eden space 1254400K, 100% used [0x000000076b800000,0x00000007b8100000,0x00000007b8100000)
  from space 512K, 50% used [0x00000007bbe00000,0x00000007bbe40000,0x00000007bbe80000)
  to   space 8704K, 0% used [0x00000007bbf00000,0x00000007bbf00000,0x00000007bc780000)
 ParOldGen       total 173568K, used 15998K [0x00000006c2800000, 0x00000006cd180000, 0x000000076b800000)
  object space 173568K, 9% used [0x00000006c2800000,0x00000006c379fac8,0x00000006cd180000)
 Metaspace       used 8338K, capacity 8710K, committed 8960K, reserved 1056768K
  class space    used 659K, capacity 690K, committed 768K, reserved 1048576K
Event: 5.010 GC heap after
Heap after GC invocations=14 (full 0):
 PSYoungGen      total 1195520K, used 224K [0x000000076b800000, 0x00000007bbf80000, 0x00000007c0000000)
  eden space 1195008K, 0% used [0x000000076b800000,0x000000076b800000,0x00000007b4700000)
  from space 512K, 43% used [0x00000007bbf00000,0x00000007bbf38000,0x00000007bbf80000)
  to   space 8192K, 0% used [0x00000007baf80000,0x00000007baf80000,0x00000007bb780000)
 ParOldGen       total 173568K, used 15998K [0x00000006c2800000, 0x00000006cd180000, 0x000000076b800000)
  object space 173568K, 9% used [0x00000006c2800000,0x00000006c379fac8,0x00000006cd180000)
 Metaspace       used 8338K, capacity 8710K, committed 8960K, reserved 1056768K
  class space    used 659K, capacity 690K, committed 768K, reserved 1048576K
}
Event: 5.920 GC heap before
{Heap before GC invocations=15 (full 0):
 PSYoungGen      total 1195520K, used 1195232K [0x000000076b800000, 0x00000007bbf80000, 0x00000007c0000000)
  eden space 1195008K, 100% used [0x000000076b800000,0x00000007b4700000,0x00000007b4700000)
  from space 512K, 43% used [0x00000007bbf00000,0x00000007bbf38000,0x00000007bbf80000)
  to   space 8192K, 0% used [0x00000007baf80000,0x00000007baf80000,0x00000007bb780000)
 ParOldGen       total 173568K, used 15998K [0x00000006c2800000, 0x00000006cd180000, 0x000000076b800000)
  object space 173568K, 9% used [0x00000006c2800000,0x00000006c379fac8,0x00000006cd180000)
 Metaspace       used 8344K, capacity 8710K, committed 8960K, reserved 1056768K
  class space    used 659K, capacity 690K, committed 768K, reserved 1048576K
Event: 5.921 GC heap after
Heap after GC invocations=15 (full 0):
 PSYoungGen      total 1146880K, used 224K [0x000000076b800000, 0x00000007bbf80000, 0x00000007c0000000)
  eden space 1138688K, 0% used [0x000000076b800000,0x000000076b800000,0x00000007b1000000)
  from space 8192K, 2% used [0x00000007baf80000,0x00000007bafb8000,0x00000007bb780000)
  to   space 8192K, 0% used [0x00000007bb780000,0x00000007bb780000,0x00000007bbf80000)
 ParOldGen       total 173568K, used 15998K [0x00000006c2800000, 0x00000006cd180000, 0x000000076b800000)
  object space 173568K, 9% used [0x00000006c2800000,0x00000006c379fac8,0x00000006cd180000)
 Metaspace       used 8344K, capacity 8710K, committed 8960K, reserved 1056768K
  class space    used 659K, capacity 690K, committed 768K, reserved 1048576K
}
Event: 6.767 GC heap before
{Heap before GC invocations=16 (full 0):
 PSYoungGen      total 1146880K, used 1138912K [0x000000076b800000, 0x00000007bbf80000, 0x00000007c0000000)
  eden space 1138688K, 100% used [0x000000076b800000,0x00000007b1000000,0x00000007b1000000)
  from space 8192K, 2% used [0x00000007baf80000,0x00000007bafb8000,0x00000007bb780000)
  to   space 8192K, 0% used [0x00000007bb780000,0x00000007bb780000,0x00000007bbf80000)
 ParOldGen       total 173568K, used 15998K [0x00000006c2800000, 0x00000006cd180000, 0x000000076b800000)
  object space 173568K, 9% used [0x00000006c2800000,0x00000006c379fac8,0x00000006cd180000)
 Metaspace       used 8344K, capacity 8710K, committed 8960K, reserved 1056768K
  class space    used 659K, capacity 690K, committed 768K, reserved 1048576K
Event: 6.767 GC heap after
Heap after GC invocations=16 (full 0):
 PSYoungGen      total 1085440K, used 224K [0x000000076b800000, 0x00000007bb800000, 0x00000007c0000000)
  eden space 1084928K, 0% used [0x000000076b800000,0x000000076b800000,0x00000007adb80000)
  from space 512K, 43% used [0x00000007bb780000,0x00000007bb7b8000,0x00000007bb800000)
  to   space 7680K, 0% used [0x00000007ba900000,0x00000007ba900000,0x00000007bb080000)
 ParOldGen       total 173568K, used 16006K [0x00000006c2800000, 0x00000006cd180000, 0x000000076b800000)
  object space 173568K, 9% used [0x00000006c2800000,0x00000006c37a1ac8,0x00000006cd180000)
 Metaspace       used 8344K, capacity 8710K, committed 8960K, reserved 1056768K
  class space    used 659K, capacity 690K, committed 768K, reserved 1048576K
}
Event: 7.571 GC heap before
{Heap before GC invocations=17 (full 0):
 PSYoungGen      total 1085440K, used 1085152K [0x000000076b800000, 0x00000007bb800000, 0x00000007c0000000)
  eden space 1084928K, 100% used [0x000000076b800000,0x00000007adb80000,0x00000007adb80000)
  from space 512K, 43% used [0x00000007bb780000,0x00000007bb7b8000,0x00000007bb800000)
  to   space 7680K, 0% used [0x00000007ba900000,0x00000007ba900000,0x00000007bb080000)
 ParOldGen       total 173568K, used 16006K [0x00000006c2800000, 0x00000006cd180000, 0x000000076b800000)
  object space 173568K, 9% used [0x00000006c2800000,0x00000006c37a1ac8,0x00000006cd180000)
 Metaspace       used 8347K, capacity 8774K, committed 8960K, reserved 1056768K
  class space    used 659K, capacity 690K, committed 768K, reserved 1048576K
Event: 7.572 GC heap after
Heap after GC invocations=17 (full 0):
 PSYoungGen      total 1041920K, used 224K [0x000000076b800000, 0x00000007bb800000, 0x00000007c0000000)
  eden space 1034240K, 0% used [0x000000076b800000,0x000000076b800000,0x00000007aaa00000)
  from space 7680K, 2% used [0x00000007ba900000,0x00000007ba938000,0x00000007bb080000)
  to   space 7168K, 0% used [0x00000007bb100000,0x00000007bb100000,0x00000007bb800000)
 ParOldGen       total 173568K, used 16046K [0x00000006c2800000, 0x00000006cd180000, 0x000000076b800000)
  object space 173568K, 9% used [0x00000006c2800000,0x00000006c37abac8,0x00000006cd180000)
 Metaspace       used 8347K, capacity 8774K, committed 8960K, reserved 1056768K
  class space    used 659K, capacity 690K, committed 768K, reserved 1048576K
}
Event: 8.362 GC heap before
{Heap before GC invocations=18 (full 0):
 PSYoungGen      total 1041920K, used 1034464K [0x000000076b800000, 0x00000007bb800000, 0x00000007c0000000)
  eden space 1034240K, 100% used [0x000000076b800000,0x00000007aaa00000,0x00000007aaa00000)
  from space 7680K, 2% used [0x00000007ba900000,0x00000007ba938000,0x00000007bb080000)
  to   space 7168K, 0% used [0x00000007bb100000,0x00000007bb100000,0x00000007bb800000)
 ParOldGen       total 173568K, used 16046K [0x00000006c2800000, 0x00000006cd180000, 0x000000076b800000)
  object space 173568K, 9% used [0x00000006c2800000,0x00000006c37abac8,0x00000006cd180000)
 Metaspace       used 8358K, capacity 8774K, committed 8960K, reserved 1056768K
  class space    used 659K, capacity 690K, committed 768K, reserved 1048576K
Event: 8.363 GC heap after
Heap after GC invocations=18 (full 0):
 PSYoungGen      total 986112K, used 192K [0x000000076b800000, 0x00000007bb180000, 0x00000007c0000000)
  eden space 985600K, 0% used [0x000000076b800000,0x000000076b800000,0x00000007a7a80000)
  from space 512K, 37% used [0x00000007bb100000,0x00000007bb130000,0x00000007bb180000)
  to   space 7168K, 0% used [0x00000007ba380000,0x00000007ba380000,0x00000007baa80000)
 ParOldGen       total 173568K, used 16070K [0x00000006c2800000, 0x00000006cd180000, 0x000000076b800000)
  object space 173568K, 9% used [0x00000006c2800000,0x00000006c37b1ac8,0x00000006cd180000)
 Metaspace       used 8358K, capacity 8774K, committed 8960K, reserved 1056768K
  class space    used 659K, capacity 690K, committed 768K, reserved 1048576K
}

