# JRE version: Java(TM) SE Runtime Environment (8.0_65-b17) (build 1.8.0_65-b17)
# Java VM: Java HotSpot(TM) 64-Bit Server VM (25.65-b01 mixed mode windows-amd64 compressed oops)
Heap:
 PSYoungGen      total 53760K, used 4329K [0x000000076b800000, 0x000000078a600000, 0x00000007c0000000)
  eden space 53248K, 8% used [0x000000076b800000,0x000000076bc2a4a8,0x000000076ec00000)
  from space 512K, 12% used [0x000000078a500000,0x000000078a510000,0x000000078a580000)
  to   space 512K, 0% used [0x000000078a580000,0x000000078a580000,0x000000078a600000)
 ParOldGen       total 173568K, used 1384K [0x00000006c2800000, 0x00000006cd180000, 0x000000076b800000)
  object space 173568K, 0% used [0x00000006c2800000,0x00000006c295a070,0x00000006cd180000)
 Metaspace       used 8043K, capacity 8614K, committed 8960K, reserved 1056768K
  class space    used 643K, capacity 658K, committed 768K, reserved 1048576K
GC Heap History (10 events):
Event: 58.965 GC heap before
{Heap before GC invocations=932 (full 0):
 PSYoungGen      total 59904K, used 59456K [0x000000076b800000, 0x000000078a600000, 0x00000007c0000000)
  eden space 59392K, 100% used [0x000000076b800000,0x000000076f200000,0x000000076f200000)
  from space 512K, 12% used [0x000000078a500000,0x000000078a510000,0x000000078a580000)
  to   space 512K, 0% used [0x000000078a580000,0x000000078a580000,0x000000078a600000)
 ParOldGen       total 173568K, used 1376K [0x00000006c2800000, 0x00000006cd180000, 0x000000076b800000)
  object space 173568K, 0% used [0x00000006c2800000,0x00000006c2958070,0x00000006cd180000)
 Metaspace       used 8042K, capacity 8614K, committed 8960K, reserved 1056768K
  class space    used 643K, capacity 658K, committed 768K, reserved 1048576K
Event: 58.965 GC heap after
Heap after GC invocations=932 (full 0):
 PSYoungGen      total 58880K, used 64K [0x000000076b800000, 0x000000078a600000, 0x00000007c0000000)
  eden space 58368K, 0% used [0x000000076b800000,0x000000076b800000,0x000000076f100000)
  from space 512K, 12% used [0x000000078a580000,0x000000078a590000,0x000000078a600000)
  to   space 512K, 0% used [0x000000078a500000,0x000000078a500000,0x000000078a580000)
 ParOldGen       total 173568K, used 1376K [0x00000006c2800000, 0x00000006cd180000, 0x000000076b800000)
  object space 173568K, 0% used [0x00000006c2800000,0x00000006c2958070,0x00000006cd180000)
 Metaspace       used 8042K, capacity 8614K, committed 8960K, reserved 1056768K
  class space    used 643K, capacity 658K, committed 768K, reserved 1048576K
}
Event: 59.032 GC heap before
{Heap before GC invocations=933 (full 0):
 PSYoungGen      total 58880K, used 58432K [0x000000076b800000, 0x000000078a600000, 0x00000007c0000000)
  eden space 58368K, 100% used [0x000000076b800000,0x000000076f100000,0x000000076f100000)
  from space 512K, 12% used [0x000000078a580000,0x000000078a590000,0x000000078a600000)
  to   space 512K, 0% used [0x000000078a500000,0x000000078a500000,0x000000078a580000)
 ParOldGen       total 173568K, used 1376K [0x00000006c2800000, 0x00000006cd180000, 0x000000076b800000)
  object space 173568K, 0% used [0x00000006c2800000,0x00000006c2958070,0x00000006cd180000)
 Metaspace       used 8042K, capacity 8614K, committed 8960K, reserved 1056768K
  class space    used 643K, capacity 658K, committed 768K, reserved 1048576K
Event: 59.033 GC heap after
Heap after GC invocations=933 (full 0):
 PSYoungGen      total 57856K, used 96K [0x000000076b800000, 0x000000078a600000, 0x00000007c0000000)
  eden space 57344K, 0% used [0x000000076b800000,0x000000076b800000,0x000000076f000000)
  from space 512K, 18% used [0x000000078a500000,0x000000078a518000,0x000000078a580000)
  to   space 512K, 0% used [0x000000078a580000,0x000000078a580000,0x000000078a600000)
 ParOldGen       total 173568K, used 1376K [0x00000006c2800000, 0x00000006cd180000, 0x000000076b800000)
  object space 173568K, 0% used [0x00000006c2800000,0x00000006c2958070,0x00000006cd180000)
 Metaspace       used 8042K, capacity 8614K, committed 8960K, reserved 1056768K
  class space    used 643K, capacity 658K, committed 768K, reserved 1048576K
}
Event: 59.084 GC heap before
{Heap before GC invocations=934 (full 0):
 PSYoungGen      total 57856K, used 57440K [0x000000076b800000, 0x000000078a600000, 0x00000007c0000000)
  eden space 57344K, 100% used [0x000000076b800000,0x000000076f000000,0x000000076f000000)
  from space 512K, 18% used [0x000000078a500000,0x000000078a518000,0x000000078a580000)
  to   space 512K, 0% used [0x000000078a580000,0x000000078a580000,0x000000078a600000)
 ParOldGen       total 173568K, used 1376K [0x00000006c2800000, 0x00000006cd180000, 0x000000076b800000)
  object space 173568K, 0% used [0x00000006c2800000,0x00000006c2958070,0x00000006cd180000)
 Metaspace       used 8042K, capacity 8614K, committed 8960K, reserved 1056768K
  class space    used 643K, capacity 658K, committed 768K, reserved 1048576K
Event: 59.085 GC heap after
Heap after GC invocations=934 (full 0):
 PSYoungGen      total 56832K, used 64K [0x000000076b800000, 0x000000078a600000, 0x00000007c0000000)
  eden space 56320K, 0% used [0x000000076b800000,0x000000076b800000,0x000000076ef00000)
  from space 512K, 12% used [0x000000078a580000,0x000000078a590000,0x000000078a600000)
  to   space 512K, 0% used [0x000000078a500000,0x000000078a500000,0x000000078a580000)
 ParOldGen       total 173568K, used 1376K [0x00000006c2800000, 0x00000006cd180000, 0x000000076b800000)
  object space 173568K, 0% used [0x00000006c2800000,0x00000006c2958070,0x00000006cd180000)
 Metaspace       used 8042K, capacity 8614K, committed 8960K, reserved 1056768K
  class space    used 643K, capacity 658K, committed 768K, reserved 1048576K
}
Event: 59.156 GC heap before
{Heap before GC invocations=935 (full 0):
 PSYoungGen      total 56832K, used 56384K [0x000000076b800000, 0x000000078a600000, 0x00000007c0000000)
  eden space 56320K, 100% used [0x000000076b800000,0x000000076ef00000,0x000000076ef00000)
  from space 512K, 12% used [0x000000078a580000,0x000000078a590000,0x000000078a600000)
  to   space 512K, 0% used [0x000000078a500000,0x000000078a500000,0x000000078a580000)
 ParOldGen       total 173568K, used 1376K [0x00000006c2800000, 0x00000006cd180000, 0x000000076b800000)
  object space 173568K, 0% used [0x00000006c2800000,0x00000006c2958070,0x00000006cd180000)
 Metaspace       used 8042K, capacity 8614K, committed 8960K, reserved 1056768K
  class space    used 643K, capacity 658K, committed 768K, reserved 1048576K
Event: 59.156 GC heap after
Heap after GC invocations=935 (full 0):
 PSYoungGen      total 55808K, used 64K [0x000000076b800000, 0x000000078a600000, 0x00000007c0000000)
  eden space 55296K, 0% used [0x000000076b800000,0x000000076b800000,0x000000076ee00000)
  from space 512K, 12% used [0x000000078a500000,0x000000078a510000,0x000000078a580000)
  to   space 512K, 0% used [0x000000078a580000,0x000000078a580000,0x000000078a600000)
 ParOldGen       total 173568K, used 1376K [0x00000006c2800000, 0x00000006cd180000, 0x000000076b800000)
  object space 173568K, 0% used [0x00000006c2800000,0x00000006c2958070,0x00000006cd180000)
 Metaspace       used 8042K, capacity 8614K, committed 8960K, reserved 1056768K
  class space    used 643K, capacity 658K, committed 768K, reserved 1048576K
}
Event: 59.197 GC heap before
{Heap before GC invocations=936 (full 0):
 PSYoungGen      total 55808K, used 55360K [0x000000076b800000, 0x000000078a600000, 0x00000007c0000000)
  eden space 55296K, 100% used [0x000000076b800000,0x000000076ee00000,0x000000076ee00000)
  from space 512K, 12% used [0x000000078a500000,0x000000078a510000,0x000000078a580000)
  to   space 512K, 0% used [0x000000078a580000,0x000000078a580000,0x000000078a600000)
 ParOldGen       total 173568K, used 1376K [0x00000006c2800000, 0x00000006cd180000, 0x000000076b800000)
  object space 173568K, 0% used [0x00000006c2800000,0x00000006c2958070,0x00000006cd180000)
 Metaspace       used 8042K, capacity 8614K, committed 8960K, reserved 1056768K
  class space    used 643K, capacity 658K, committed 768K, reserved 1048576K
Event: 59.198 GC heap after
Heap after GC invocations=936 (full 0):
 PSYoungGen      total 54784K, used 64K [0x000000076b800000, 0x000000078a600000, 0x00000007c0000000)
  eden space 54272K, 0% used [0x000000076b800000,0x000000076b800000,0x000000076ed00000)
  from space 512K, 12% used [0x000000078a580000,0x000000078a590000,0x000000078a600000)
  to   space 512K, 0% used [0x000000078a500000,0x000000078a500000,0x000000078a580000)
 ParOldGen       total 173568K, used 1384K [0x00000006c2800000, 0x00000006cd180000, 0x000000076b800000)
  object space 173568K, 0% used [0x00000006c2800000,0x00000006c295a070,0x00000006cd180000)
 Metaspace       used 8042K, capacity 8614K, committed 8960K, reserved 1056768K
  class space    used 643K, capacity 658K, committed 768K, reserved 1048576K
}

