# JRE version: Java(TM) SE Runtime Environment (8.0_65-b17) (build 1.8.0_65-b17)
# Java VM: Java HotSpot(TM) 64-Bit Server VM (25.65-b01 mixed mode windows-amd64 compressed oops)
Heap:
 PSYoungGen      total 241152K, used 196709K [0x000000076b800000, 0x0000000784f80000, 0x00000007c0000000)
  eden space 239104K, 82% used [0x000000076b800000,0x0000000777801408,0x000000077a180000)
  from space 2048K, 4% used [0x0000000784b80000,0x0000000784b98000,0x0000000784d80000)
  to   space 2048K, 0% used [0x0000000784d80000,0x0000000784d80000,0x0000000784f80000)
 ParOldGen       total 173568K, used 1272K [0x00000006c2800000, 0x00000006cd180000, 0x000000076b800000)
  object space 173568K, 0% used [0x00000006c2800000,0x00000006c293e070,0x00000006cd180000)
 Metaspace       used 8002K, capacity 8486K, committed 8704K, reserved 1056768K
  class space    used 644K, capacity 658K, committed 768K, reserved 1048576K
GC Heap History (10 events):
Event: 0.640 GC heap before
{Heap before GC invocations=7 (full 0):
 PSYoungGen      total 131072K, used 131022K [0x000000076b800000, 0x0000000773b00000, 0x00000007c0000000)
  eden space 129536K, 100% used [0x000000076b800000,0x0000000773680000,0x0000000773680000)
  from space 1536K, 96% used [0x0000000773880000,0x00000007739f3bb8,0x0000000773a00000)
  to   space 2048K, 0% used [0x0000000773680000,0x0000000773680000,0x0000000773880000)
 ParOldGen       total 173568K, used 24K [0x00000006c2800000, 0x00000006cd180000, 0x000000076b800000)
  object space 173568K, 0% used [0x00000006c2800000,0x00000006c2806000,0x00000006cd180000)
 Metaspace       used 6948K, capacity 7558K, committed 7808K, reserved 1056768K
  class space    used 584K, capacity 626K, committed 640K, reserved 1048576K
Event: 0.642 GC heap after
Heap after GC invocations=7 (full 0):
 PSYoungGen      total 131584K, used 1434K [0x000000076b800000, 0x000000077b900000, 0x00000007c0000000)
  eden space 129536K, 0% used [0x000000076b800000,0x000000076b800000,0x0000000773680000)
  from space 2048K, 70% used [0x0000000773680000,0x00000007737e6a70,0x0000000773880000)
  to   space 2048K, 0% used [0x000000077b700000,0x000000077b700000,0x000000077b900000)
 ParOldGen       total 173568K, used 692K [0x00000006c2800000, 0x00000006cd180000, 0x000000076b800000)
  object space 173568K, 0% used [0x00000006c2800000,0x00000006c28ad060,0x00000006cd180000)
 Metaspace       used 6948K, capacity 7558K, committed 7808K, reserved 1056768K
  class space    used 584K, capacity 626K, committed 640K, reserved 1048576K
}
Event: 0.899 GC heap before
{Heap before GC invocations=8 (full 0):
 PSYoungGen      total 131584K, used 130970K [0x000000076b800000, 0x000000077b900000, 0x00000007c0000000)
  eden space 129536K, 100% used [0x000000076b800000,0x0000000773680000,0x0000000773680000)
  from space 2048K, 70% used [0x0000000773680000,0x00000007737e6a70,0x0000000773880000)
  to   space 2048K, 0% used [0x000000077b700000,0x000000077b700000,0x000000077b900000)
 ParOldGen       total 173568K, used 692K [0x00000006c2800000, 0x00000006cd180000, 0x000000076b800000)
  object space 173568K, 0% used [0x00000006c2800000,0x00000006c28ad060,0x00000006cd180000)
 Metaspace       used 7999K, capacity 8486K, committed 8704K, reserved 1056768K
  class space    used 644K, capacity 658K, committed 768K, reserved 1048576K
Event: 0.900 GC heap after
Heap after GC invocations=8 (full 0):
 PSYoungGen      total 261120K, used 1202K [0x000000076b800000, 0x000000077b900000, 0x00000007c0000000)
  eden space 259072K, 0% used [0x000000076b800000,0x000000076b800000,0x000000077b500000)
  from space 2048K, 58% used [0x000000077b700000,0x000000077b82cb98,0x000000077b900000)
  to   space 2048K, 0% used [0x000000077b500000,0x000000077b500000,0x000000077b700000)
 ParOldGen       total 173568K, used 700K [0x00000006c2800000, 0x00000006cd180000, 0x000000076b800000)
  object space 173568K, 0% used [0x00000006c2800000,0x00000006c28af060,0x00000006cd180000)
 Metaspace       used 7999K, capacity 8486K, committed 8704K, reserved 1056768K
  class space    used 644K, capacity 658K, committed 768K, reserved 1048576K
}
Event: 1.106 GC heap before
{Heap before GC invocations=9 (full 0):
 PSYoungGen      total 261120K, used 260274K [0x000000076b800000, 0x000000077b900000, 0x00000007c0000000)
  eden space 259072K, 100% used [0x000000076b800000,0x000000077b500000,0x000000077b500000)
  from space 2048K, 58% used [0x000000077b700000,0x000000077b82cb98,0x000000077b900000)
  to   space 2048K, 0% used [0x000000077b500000,0x000000077b500000,0x000000077b700000)
 ParOldGen       total 173568K, used 700K [0x00000006c2800000, 0x00000006cd180000, 0x000000076b800000)
  object space 173568K, 0% used [0x00000006c2800000,0x00000006c28af060,0x00000006cd180000)
 Metaspace       used 8002K, capacity 8486K, committed 8704K, reserved 1056768K
  class space    used 644K, capacity 658K, committed 768K, reserved 1048576K
Event: 1.107 GC heap after
Heap after GC invocations=9 (full 0):
 PSYoungGen      total 261120K, used 384K [0x000000076b800000, 0x0000000785100000, 0x00000007c0000000)
  eden space 259072K, 0% used [0x000000076b800000,0x000000076b800000,0x000000077b500000)
  from space 2048K, 18% used [0x000000077b500000,0x000000077b560000,0x000000077b700000)
  to   space 2048K, 0% used [0x0000000784f00000,0x0000000784f00000,0x0000000785100000)
 ParOldGen       total 173568K, used 956K [0x00000006c2800000, 0x00000006cd180000, 0x000000076b800000)
  object space 173568K, 0% used [0x00000006c2800000,0x00000006c28ef060,0x00000006cd180000)
 Metaspace       used 8002K, capacity 8486K, committed 8704K, reserved 1056768K
  class space    used 644K, capacity 658K, committed 768K, reserved 1048576K
}
Event: 1.302 GC heap before
{Heap before GC invocations=10 (full 0):
 PSYoungGen      total 261120K, used 259456K [0x000000076b800000, 0x0000000785100000, 0x00000007c0000000)
  eden space 259072K, 100% used [0x000000076b800000,0x000000077b500000,0x000000077b500000)
  from space 2048K, 18% used [0x000000077b500000,0x000000077b560000,0x000000077b700000)
  to   space 2048K, 0% used [0x0000000784f00000,0x0000000784f00000,0x0000000785100000)
 ParOldGen       total 173568K, used 956K [0x00000006c2800000, 0x00000006cd180000, 0x000000076b800000)
  object space 173568K, 0% used [0x00000006c2800000,0x00000006c28ef060,0x00000006cd180000)
 Metaspace       used 8002K, capacity 8486K, committed 8704K, reserved 1056768K
  class space    used 644K, capacity 658K, committed 768K, reserved 1048576K
Event: 1.302 GC heap after
Heap after GC invocations=10 (full 0):
 PSYoungGen      total 249344K, used 128K [0x000000076b800000, 0x0000000784f80000, 0x00000007c0000000)
  eden space 248832K, 0% used [0x000000076b800000,0x000000076b800000,0x000000077ab00000)
  from space 512K, 25% used [0x0000000784f00000,0x0000000784f20000,0x0000000784f80000)
  to   space 2048K, 0% used [0x0000000784b80000,0x0000000784b80000,0x0000000784d80000)
 ParOldGen       total 173568K, used 1240K [0x00000006c2800000, 0x00000006cd180000, 0x000000076b800000)
  object space 173568K, 0% used [0x00000006c2800000,0x00000006c2936070,0x00000006cd180000)
 Metaspace       used 8002K, capacity 8486K, committed 8704K, reserved 1056768K
  class space    used 644K, capacity 658K, committed 768K, reserved 1048576K
}
Event: 1.507 GC heap before
{Heap before GC invocations=11 (full 0):
 PSYoungGen      total 249344K, used 248960K [0x000000076b800000, 0x0000000784f80000, 0x00000007c0000000)
  eden space 248832K, 100% used [0x000000076b800000,0x000000077ab00000,0x000000077ab00000)
  from space 512K, 25% used [0x0000000784f00000,0x0000000784f20000,0x0000000784f80000)
  to   space 2048K, 0% used [0x0000000784b80000,0x0000000784b80000,0x0000000784d80000)
 ParOldGen       total 173568K, used 1240K [0x00000006c2800000, 0x00000006cd180000, 0x000000076b800000)
  object space 173568K, 0% used [0x00000006c2800000,0x00000006c2936070,0x00000006cd180000)
 Metaspace       used 8002K, capacity 8486K, committed 8704K, reserved 1056768K
  class space    used 644K, capacity 658K, committed 768K, reserved 1048576K
Event: 1.508 GC heap after
Heap after GC invocations=11 (full 0):
 PSYoungGen      total 241152K, used 96K [0x000000076b800000, 0x0000000784f80000, 0x00000007c0000000)
  eden space 239104K, 0% used [0x000000076b800000,0x000000076b800000,0x000000077a180000)
  from space 2048K, 4% used [0x0000000784b80000,0x0000000784b98000,0x0000000784d80000)
  to   space 2048K, 0% used [0x0000000784d80000,0x0000000784d80000,0x0000000784f80000)
 ParOldGen       total 173568K, used 1272K [0x00000006c2800000, 0x00000006cd180000, 0x000000076b800000)
  object space 173568K, 0% used [0x00000006c2800000,0x00000006c293e070,0x00000006cd180000)
 Metaspace       used 8002K, capacity 8486K, committed 8704K, reserved 1056768K
  class space    used 644K, capacity 658K, committed 768K, reserved 1048576K
}

