# JRE version: Java(TM) SE Runtime Environment (8.0_65-b17) (build 1.8.0_65-b17)
# Java VM: Java HotSpot(TM) 64-Bit Server VM (25.65-b01 mixed mode windows-amd64 compressed oops)
Heap:
 PSYoungGen      total 367616K, used 325511K [0x000000076b800000, 0x0000000784f80000, 0x00000007c0000000)
  eden space 365568K, 88% used [0x000000076b800000,0x000000077f5a9c60,0x0000000781d00000)
  from space 2048K, 10% used [0x0000000784b80000,0x0000000784bb8000,0x0000000784d80000)
  to   space 2048K, 0% used [0x0000000784d80000,0x0000000784d80000,0x0000000784f80000)
 ParOldGen       total 173568K, used 1376K [0x00000006c2800000, 0x00000006cd180000, 0x000000076b800000)
  object space 173568K, 0% used [0x00000006c2800000,0x00000006c2958070,0x00000006cd180000)
 Metaspace       used 8208K, capacity 8646K, committed 8960K, reserved 1056768K
  class space    used 654K, capacity 690K, committed 768K, reserved 1048576K
GC Heap History (10 events):
Event: 1.050 GC heap before
{Heap before GC invocations=9 (full 0):
 PSYoungGen      total 262144K, used 260993K [0x000000076b800000, 0x000000077ba00000, 0x00000007c0000000)
  eden space 260096K, 100% used [0x000000076b800000,0x000000077b600000,0x000000077b600000)
  from space 2048K, 43% used [0x000000077b800000,0x000000077b8e0560,0x000000077ba00000)
  to   space 2048K, 0% used [0x000000077b600000,0x000000077b600000,0x000000077b800000)
 ParOldGen       total 173568K, used 836K [0x00000006c2800000, 0x00000006cd180000, 0x000000076b800000)
  object space 173568K, 0% used [0x00000006c2800000,0x00000006c28d1060,0x00000006cd180000)
 Metaspace       used 8144K, capacity 8646K, committed 8960K, reserved 1056768K
  class space    used 654K, capacity 690K, committed 768K, reserved 1048576K
Event: 1.051 GC heap after
Heap after GC invocations=9 (full 0):
 PSYoungGen      total 262144K, used 480K [0x000000076b800000, 0x0000000785280000, 0x00000007c0000000)
  eden space 260096K, 0% used [0x000000076b800000,0x000000076b800000,0x000000077b600000)
  from space 2048K, 23% used [0x000000077b600000,0x000000077b678000,0x000000077b800000)
  to   space 2048K, 0% used [0x0000000785080000,0x0000000785080000,0x0000000785280000)
 ParOldGen       total 173568K, used 996K [0x00000006c2800000, 0x00000006cd180000, 0x000000076b800000)
  object space 173568K, 0% used [0x00000006c2800000,0x00000006c28f9060,0x00000006cd180000)
 Metaspace       used 8144K, capacity 8646K, committed 8960K, reserved 1056768K
  class space    used 654K, capacity 690K, committed 768K, reserved 1048576K
}
Event: 1.165 GC heap before
{Heap before GC invocations=10 (full 0):
 PSYoungGen      total 262144K, used 260576K [0x000000076b800000, 0x0000000785280000, 0x00000007c0000000)
  eden space 260096K, 100% used [0x000000076b800000,0x000000077b600000,0x000000077b600000)
  from space 2048K, 23% used [0x000000077b600000,0x000000077b678000,0x000000077b800000)
  to   space 2048K, 0% used [0x0000000785080000,0x0000000785080000,0x0000000785280000)
 ParOldGen       total 173568K, used 996K [0x00000006c2800000, 0x00000006cd180000, 0x000000076b800000)
  object space 173568K, 0% used [0x00000006c2800000,0x00000006c28f9060,0x00000006cd180000)
 Metaspace       used 8156K, capacity 8646K, committed 8960K, reserved 1056768K
  class space    used 654K, capacity 690K, committed 768K, reserved 1048576K
Event: 1.165 GC heap after
Heap after GC invocations=10 (full 0):
 PSYoungGen      total 418304K, used 256K [0x000000076b800000, 0x0000000785280000, 0x00000007c0000000)
  eden space 416256K, 0% used [0x000000076b800000,0x000000076b800000,0x0000000784e80000)
  from space 2048K, 12% used [0x0000000785080000,0x00000007850c0000,0x0000000785280000)
  to   space 2048K, 0% used [0x0000000784e80000,0x0000000784e80000,0x0000000785080000)
 ParOldGen       total 173568K, used 1248K [0x00000006c2800000, 0x00000006cd180000, 0x000000076b800000)
  object space 173568K, 0% used [0x00000006c2800000,0x00000006c2938070,0x00000006cd180000)
 Metaspace       used 8156K, capacity 8646K, committed 8960K, reserved 1056768K
  class space    used 654K, capacity 690K, committed 768K, reserved 1048576K
}
Event: 1.478 GC heap before
{Heap before GC invocations=11 (full 0):
 PSYoungGen      total 418304K, used 416512K [0x000000076b800000, 0x0000000785280000, 0x00000007c0000000)
  eden space 416256K, 100% used [0x000000076b800000,0x0000000784e80000,0x0000000784e80000)
  from space 2048K, 12% used [0x0000000785080000,0x00000007850c0000,0x0000000785280000)
  to   space 2048K, 0% used [0x0000000784e80000,0x0000000784e80000,0x0000000785080000)
 ParOldGen       total 173568K, used 1248K [0x00000006c2800000, 0x00000006cd180000, 0x000000076b800000)
  object space 173568K, 0% used [0x00000006c2800000,0x00000006c2938070,0x00000006cd180000)
 Metaspace       used 8176K, capacity 8646K, committed 8960K, reserved 1056768K
  class space    used 654K, capacity 690K, committed 768K, reserved 1048576K
Event: 1.479 GC heap after
Heap after GC invocations=11 (full 0):
 PSYoungGen      total 398848K, used 224K [0x000000076b800000, 0x0000000785100000, 0x00000007c0000000)
  eden space 398336K, 0% used [0x000000076b800000,0x000000076b800000,0x0000000783d00000)
  from space 512K, 43% used [0x0000000784e80000,0x0000000784eb8000,0x0000000784f00000)
  to   space 2048K, 0% used [0x0000000784f00000,0x0000000784f00000,0x0000000785100000)
 ParOldGen       total 173568K, used 1352K [0x00000006c2800000, 0x00000006cd180000, 0x000000076b800000)
  object space 173568K, 0% used [0x00000006c2800000,0x00000006c2952070,0x00000006cd180000)
 Metaspace       used 8176K, capacity 8646K, committed 8960K, reserved 1056768K
  class space    used 654K, capacity 690K, committed 768K, reserved 1048576K
}
Event: 1.775 GC heap before
{Heap before GC invocations=12 (full 0):
 PSYoungGen      total 398848K, used 398560K [0x000000076b800000, 0x0000000785100000, 0x00000007c0000000)
  eden space 398336K, 100% used [0x000000076b800000,0x0000000783d00000,0x0000000783d00000)
  from space 512K, 43% used [0x0000000784e80000,0x0000000784eb8000,0x0000000784f00000)
  to   space 2048K, 0% used [0x0000000784f00000,0x0000000784f00000,0x0000000785100000)
 ParOldGen       total 173568K, used 1352K [0x00000006c2800000, 0x00000006cd180000, 0x000000076b800000)
  object space 173568K, 0% used [0x00000006c2800000,0x00000006c2952070,0x00000006cd180000)
 Metaspace       used 8185K, capacity 8646K, committed 8960K, reserved 1056768K
  class space    used 654K, capacity 690K, committed 768K, reserved 1048576K
Event: 1.775 GC heap after
Heap after GC invocations=12 (full 0):
 PSYoungGen      total 381952K, used 224K [0x000000076b800000, 0x0000000784f80000, 0x00000007c0000000)
  eden space 381440K, 0% used [0x000000076b800000,0x000000076b800000,0x0000000782c80000)
  from space 512K, 43% used [0x0000000784f00000,0x0000000784f38000,0x0000000784f80000)
  to   space 2048K, 0% used [0x0000000784b80000,0x0000000784b80000,0x0000000784d80000)
 ParOldGen       total 173568K, used 1360K [0x00000006c2800000, 0x00000006cd180000, 0x000000076b800000)
  object space 173568K, 0% used [0x00000006c2800000,0x00000006c2954070,0x00000006cd180000)
 Metaspace       used 8185K, capacity 8646K, committed 8960K, reserved 1056768K
  class space    used 654K, capacity 690K, committed 768K, reserved 1048576K
}
Event: 2.037 GC heap before
{Heap before GC invocations=13 (full 0):
 PSYoungGen      total 381952K, used 381664K [0x000000076b800000, 0x0000000784f80000, 0x00000007c0000000)
  eden space 381440K, 100% used [0x000000076b800000,0x0000000782c80000,0x0000000782c80000)
  from space 512K, 43% used [0x0000000784f00000,0x0000000784f38000,0x0000000784f80000)
  to   space 2048K, 0% used [0x0000000784b80000,0x0000000784b80000,0x0000000784d80000)
 ParOldGen       total 173568K, used 1360K [0x00000006c2800000, 0x00000006cd180000, 0x000000076b800000)
  object space 173568K, 0% used [0x00000006c2800000,0x00000006c2954070,0x00000006cd180000)
 Metaspace       used 8206K, capacity 8646K, committed 8960K, reserved 1056768K
  class space    used 654K, capacity 690K, committed 768K, reserved 1048576K
Event: 2.038 GC heap after
Heap after GC invocations=13 (full 0):
 PSYoungGen      total 367616K, used 224K [0x000000076b800000, 0x0000000784f80000, 0x00000007c0000000)
  eden space 365568K, 0% used [0x000000076b800000,0x000000076b800000,0x0000000781d00000)
  from space 2048K, 10% used [0x0000000784b80000,0x0000000784bb8000,0x0000000784d80000)
  to   space 2048K, 0% used [0x0000000784d80000,0x0000000784d80000,0x0000000784f80000)
 ParOldGen       total 173568K, used 1376K [0x00000006c2800000, 0x00000006cd180000, 0x000000076b800000)
  object space 173568K, 0% used [0x00000006c2800000,0x00000006c2958070,0x00000006cd180000)
 Metaspace       used 8206K, capacity 8646K, committed 8960K, reserved 1056768K
  class space    used 654K, capacity 690K, committed 768K, reserved 1048576K
}

