# JRE version: Java(TM) SE Runtime Environment (8.0_65-b17) (build 1.8.0_65-b17)
# Java VM: Java HotSpot(TM) 64-Bit Server VM (25.65-b01 mixed mode windows-amd64 compressed oops)
Heap:
 PSYoungGen      total 548352K, used 411647K [0x000000076b800000, 0x00000007bcd00000, 0x00000007c0000000)
  eden space 543232K, 75% used [0x000000076b800000,0x00000007849bff78,0x000000078ca80000)
  from space 5120K, 5% used [0x00000007bc300000,0x00000007bc340000,0x00000007bc800000)
  to   space 4608K, 0% used [0x00000007bc880000,0x00000007bc880000,0x00000007bcd00000)
 ParOldGen       total 173568K, used 27537K [0x00000006c2800000, 0x00000006cd180000, 0x000000076b800000)
  object space 173568K, 15% used [0x00000006c2800000,0x00000006c42e4500,0x00000006cd180000)
 Metaspace       used 8364K, capacity 8774K, committed 8960K, reserved 1056768K
  class space    used 659K, capacity 690K, committed 768K, reserved 1048576K
GC Heap History (10 events):
Event: 11.217 GC heap before
{Heap before GC invocations=25 (full 0):
 PSYoungGen      total 683520K, used 683264K [0x000000076b800000, 0x00000007bd780000, 0x00000007c0000000)
  eden space 683008K, 100% used [0x000000076b800000,0x0000000795300000,0x0000000795300000)
  from space 512K, 50% used [0x00000007bd700000,0x00000007bd740000,0x00000007bd780000)
  to   space 6656K, 0% used [0x00000007bca80000,0x00000007bca80000,0x00000007bd100000)
 ParOldGen       total 173568K, used 27473K [0x00000006c2800000, 0x00000006cd180000, 0x000000076b800000)
  object space 173568K, 15% used [0x00000006c2800000,0x00000006c42d4500,0x00000006cd180000)
 Metaspace       used 8362K, capacity 8774K, committed 8960K, reserved 1056768K
  class space    used 659K, capacity 690K, committed 768K, reserved 1048576K
Event: 11.217 GC heap after
Heap after GC invocations=25 (full 0):
 PSYoungGen      total 658944K, used 224K [0x000000076b800000, 0x00000007bd780000, 0x00000007c0000000)
  eden space 652288K, 0% used [0x000000076b800000,0x000000076b800000,0x0000000793500000)
  from space 6656K, 3% used [0x00000007bca80000,0x00000007bcab8000,0x00000007bd100000)
  to   space 6144K, 0% used [0x00000007bd180000,0x00000007bd180000,0x00000007bd780000)
 ParOldGen       total 173568K, used 27505K [0x00000006c2800000, 0x00000006cd180000, 0x000000076b800000)
  object space 173568K, 15% used [0x00000006c2800000,0x00000006c42dc500,0x00000006cd180000)
 Metaspace       used 8362K, capacity 8774K, committed 8960K, reserved 1056768K
  class space    used 659K, capacity 690K, committed 768K, reserved 1048576K
}
Event: 11.725 GC heap before
{Heap before GC invocations=26 (full 0):
 PSYoungGen      total 658944K, used 652512K [0x000000076b800000, 0x00000007bd780000, 0x00000007c0000000)
  eden space 652288K, 100% used [0x000000076b800000,0x0000000793500000,0x0000000793500000)
  from space 6656K, 3% used [0x00000007bca80000,0x00000007bcab8000,0x00000007bd100000)
  to   space 6144K, 0% used [0x00000007bd180000,0x00000007bd180000,0x00000007bd780000)
 ParOldGen       total 173568K, used 27505K [0x00000006c2800000, 0x00000006cd180000, 0x000000076b800000)
  object space 173568K, 15% used [0x00000006c2800000,0x00000006c42dc500,0x00000006cd180000)
 Metaspace       used 8363K, capacity 8774K, committed 8960K, reserved 1056768K
  class space    used 659K, capacity 690K, committed 768K, reserved 1048576K
Event: 11.726 GC heap after
Heap after GC invocations=26 (full 0):
 PSYoungGen      total 623616K, used 224K [0x000000076b800000, 0x00000007bd200000, 0x00000007c0000000)
  eden space 623104K, 0% used [0x000000076b800000,0x000000076b800000,0x0000000791880000)
  from space 512K, 43% used [0x00000007bd180000,0x00000007bd1b8000,0x00000007bd200000)
  to   space 5632K, 0% used [0x00000007bc700000,0x00000007bc700000,0x00000007bcc80000)
 ParOldGen       total 173568K, used 27505K [0x00000006c2800000, 0x00000006cd180000, 0x000000076b800000)
  object space 173568K, 15% used [0x00000006c2800000,0x00000006c42dc500,0x00000006cd180000)
 Metaspace       used 8363K, capacity 8774K, committed 8960K, reserved 1056768K
  class space    used 659K, capacity 690K, committed 768K, reserved 1048576K
}
Event: 12.264 GC heap before
{Heap before GC invocations=27 (full 0):
 PSYoungGen      total 623616K, used 623328K [0x000000076b800000, 0x00000007bd200000, 0x00000007c0000000)
  eden space 623104K, 100% used [0x000000076b800000,0x0000000791880000,0x0000000791880000)
  from space 512K, 43% used [0x00000007bd180000,0x00000007bd1b8000,0x00000007bd200000)
  to   space 5632K, 0% used [0x00000007bc700000,0x00000007bc700000,0x00000007bcc80000)
 ParOldGen       total 173568K, used 27505K [0x00000006c2800000, 0x00000006cd180000, 0x000000076b800000)
  object space 173568K, 15% used [0x00000006c2800000,0x00000006c42dc500,0x00000006cd180000)
 Metaspace       used 8363K, capacity 8774K, committed 8960K, reserved 1056768K
  class space    used 659K, capacity 690K, committed 768K, reserved 1048576K
Event: 12.265 GC heap after
Heap after GC invocations=27 (full 0):
 PSYoungGen      total 600576K, used 224K [0x000000076b800000, 0x00000007bd200000, 0x00000007c0000000)
  eden space 594944K, 0% used [0x000000076b800000,0x000000076b800000,0x000000078fd00000)
  from space 5632K, 3% used [0x00000007bc700000,0x00000007bc738000,0x00000007bcc80000)
  to   space 5632K, 0% used [0x00000007bcc80000,0x00000007bcc80000,0x00000007bd200000)
 ParOldGen       total 173568K, used 27505K [0x00000006c2800000, 0x00000006cd180000, 0x000000076b800000)
  object space 173568K, 15% used [0x00000006c2800000,0x00000006c42dc500,0x00000006cd180000)
 Metaspace       used 8363K, capacity 8774K, committed 8960K, reserved 1056768K
  class space    used 659K, capacity 690K, committed 768K, reserved 1048576K
}
Event: 12.723 GC heap before
{Heap before GC invocations=28 (full 0):
 PSYoungGen      total 600576K, used 595168K [0x000000076b800000, 0x00000007bd200000, 0x00000007c0000000)
  eden space 594944K, 100% used [0x000000076b800000,0x000000078fd00000,0x000000078fd00000)
  from space 5632K, 3% used [0x00000007bc700000,0x00000007bc738000,0x00000007bcc80000)
  to   space 5632K, 0% used [0x00000007bcc80000,0x00000007bcc80000,0x00000007bd200000)
 ParOldGen       total 173568K, used 27505K [0x00000006c2800000, 0x00000006cd180000, 0x000000076b800000)
  object space 173568K, 15% used [0x00000006c2800000,0x00000006c42dc500,0x00000006cd180000)
 Metaspace       used 8363K, capacity 8774K, committed 8960K, reserved 1056768K
  class space    used 659K, capacity 690K, committed 768K, reserved 1048576K
Event: 12.724 GC heap after
Heap after GC invocations=28 (full 0):
 PSYoungGen      total 568832K, used 224K [0x000000076b800000, 0x00000007bcd00000, 0x00000007c0000000)
  eden space 568320K, 0% used [0x000000076b800000,0x000000076b800000,0x000000078e300000)
  from space 512K, 43% used [0x00000007bcc80000,0x00000007bccb8000,0x00000007bcd00000)
  to   space 5120K, 0% used [0x00000007bc300000,0x00000007bc300000,0x00000007bc800000)
 ParOldGen       total 173568K, used 27529K [0x00000006c2800000, 0x00000006cd180000, 0x000000076b800000)
  object space 173568K, 15% used [0x00000006c2800000,0x00000006c42e2500,0x00000006cd180000)
 Metaspace       used 8363K, capacity 8774K, committed 8960K, reserved 1056768K
  class space    used 659K, capacity 690K, committed 768K, reserved 1048576K
}
Event: 13.151 GC heap before
{Heap before GC invocations=29 (full 0):
 PSYoungGen      total 568832K, used 568544K [0x000000076b800000, 0x00000007bcd00000, 0x00000007c0000000)
  eden space 568320K, 100% used [0x000000076b800000,0x000000078e300000,0x000000078e300000)
  from space 512K, 43% used [0x00000007bcc80000,0x00000007bccb8000,0x00000007bcd00000)
  to   space 5120K, 0% used [0x00000007bc300000,0x00000007bc300000,0x00000007bc800000)
 ParOldGen       total 173568K, used 27529K [0x00000006c2800000, 0x00000006cd180000, 0x000000076b800000)
  object space 173568K, 15% used [0x00000006c2800000,0x00000006c42e2500,0x00000006cd180000)
 Metaspace       used 8364K, capacity 8774K, committed 8960K, reserved 1056768K
  class space    used 659K, capacity 690K, committed 768K, reserved 1048576K
Event: 13.152 GC heap after
Heap after GC invocations=29 (full 0):
 PSYoungGen      total 548352K, used 256K [0x000000076b800000, 0x00000007bcd00000, 0x00000007c0000000)
  eden space 543232K, 0% used [0x000000076b800000,0x000000076b800000,0x000000078ca80000)
  from space 5120K, 5% used [0x00000007bc300000,0x00000007bc340000,0x00000007bc800000)
  to   space 4608K, 0% used [0x00000007bc880000,0x00000007bc880000,0x00000007bcd00000)
 ParOldGen       total 173568K, used 27537K [0x00000006c2800000, 0x00000006cd180000, 0x000000076b800000)
  object space 173568K, 15% used [0x00000006c2800000,0x00000006c42e4500,0x00000006cd180000)
 Metaspace       used 8364K, capacity 8774K, committed 8960K, reserved 1056768K
  class space    used 659K, capacity 690K, committed 768K, reserved 1048576K
}

