# JRE version: Java(TM) SE Runtime Environment (8.0_65-b17) (build 1.8.0_65-b17)
# Java VM: Java HotSpot(TM) 64-Bit Server VM (25.65-b01 mixed mode windows-amd64 compressed oops)
Heap:
 PSYoungGen      total 489472K, used 488445K [0x000000076b800000, 0x00000007bb700000, 0x00000007c0000000)
  eden space 488960K, 99% used [0x000000076b800000,0x00000007894cf5e8,0x0000000789580000)
  from space 512K, 37% used [0x00000007bb680000,0x00000007bb6b0000,0x00000007bb700000)
  to   space 3584K, 0% used [0x00000007bb000000,0x00000007bb000000,0x00000007bb380000)
 ParOldGen       total 173568K, used 22111K [0x00000006c2800000, 0x00000006cd180000, 0x000000076b800000)
  object space 173568K, 12% used [0x00000006c2800000,0x00000006c3d97ca0,0x00000006cd180000)
 Metaspace       used 8410K, capacity 8774K, committed 8960K, reserved 1056768K
  class space    used 662K, capacity 690K, committed 768K, reserved 1048576K
GC Heap History (10 events):
Event: 16.653 GC heap before
{Heap before GC invocations=30 (full 0):
 PSYoungGen      total 619008K, used 614112K [0x000000076b800000, 0x00000007bc180000, 0x00000007c0000000)
  eden space 613888K, 100% used [0x000000076b800000,0x0000000790f80000,0x0000000790f80000)
  from space 5120K, 4% used [0x00000007bb780000,0x00000007bb7b8000,0x00000007bbc80000)
  to   space 4608K, 0% used [0x00000007bbd00000,0x00000007bbd00000,0x00000007bc180000)
 ParOldGen       total 173568K, used 22087K [0x00000006c2800000, 0x00000006cd180000, 0x000000076b800000)
  object space 173568K, 12% used [0x00000006c2800000,0x00000006c3d91ca0,0x00000006cd180000)
 Metaspace       used 8410K, capacity 8774K, committed 8960K, reserved 1056768K
  class space    used 662K, capacity 690K, committed 768K, reserved 1048576K
Event: 16.654 GC heap after
Heap after GC invocations=30 (full 0):
 PSYoungGen      total 586752K, used 224K [0x000000076b800000, 0x00000007bbd80000, 0x00000007c0000000)
  eden space 586240K, 0% used [0x000000076b800000,0x000000076b800000,0x000000078f480000)
  from space 512K, 43% used [0x00000007bbd00000,0x00000007bbd38000,0x00000007bbd80000)
  to   space 4608K, 0% used [0x00000007bb480000,0x00000007bb480000,0x00000007bb900000)
 ParOldGen       total 173568K, used 22087K [0x00000006c2800000, 0x00000006cd180000, 0x000000076b800000)
  object space 173568K, 12% used [0x00000006c2800000,0x00000006c3d91ca0,0x00000006cd180000)
 Metaspace       used 8410K, capacity 8774K, committed 8960K, reserved 1056768K
  class space    used 662K, capacity 690K, committed 768K, reserved 1048576K
}
Event: 17.071 GC heap before
{Heap before GC invocations=31 (full 0):
 PSYoungGen      total 586752K, used 586464K [0x000000076b800000, 0x00000007bbd80000, 0x00000007c0000000)
  eden space 586240K, 100% used [0x000000076b800000,0x000000078f480000,0x000000078f480000)
  from space 512K, 43% used [0x00000007bbd00000,0x00000007bbd38000,0x00000007bbd80000)
  to   space 4608K, 0% used [0x00000007bb480000,0x00000007bb480000,0x00000007bb900000)
 ParOldGen       total 173568K, used 22087K [0x00000006c2800000, 0x00000006cd180000, 0x000000076b800000)
  object space 173568K, 12% used [0x00000006c2800000,0x00000006c3d91ca0,0x00000006cd180000)
 Metaspace       used 8410K, capacity 8774K, committed 8960K, reserved 1056768K
  class space    used 662K, capacity 690K, committed 768K, reserved 1048576K
Event: 17.072 GC heap after
Heap after GC invocations=31 (full 0):
 PSYoungGen      total 564736K, used 256K [0x000000076b800000, 0x00000007bbd80000, 0x00000007c0000000)
  eden space 560128K, 0% used [0x000000076b800000,0x000000076b800000,0x000000078db00000)
  from space 4608K, 5% used [0x00000007bb480000,0x00000007bb4c0000,0x00000007bb900000)
  to   space 4096K, 0% used [0x00000007bb980000,0x00000007bb980000,0x00000007bbd80000)
 ParOldGen       total 173568K, used 22087K [0x00000006c2800000, 0x00000006cd180000, 0x000000076b800000)
  object space 173568K, 12% used [0x00000006c2800000,0x00000006c3d91ca0,0x00000006cd180000)
 Metaspace       used 8410K, capacity 8774K, committed 8960K, reserved 1056768K
  class space    used 662K, capacity 690K, committed 768K, reserved 1048576K
}
Event: 17.561 GC heap before
{Heap before GC invocations=32 (full 0):
 PSYoungGen      total 564736K, used 560384K [0x000000076b800000, 0x00000007bbd80000, 0x00000007c0000000)
  eden space 560128K, 100% used [0x000000076b800000,0x000000078db00000,0x000000078db00000)
  from space 4608K, 5% used [0x00000007bb480000,0x00000007bb4c0000,0x00000007bb900000)
  to   space 4096K, 0% used [0x00000007bb980000,0x00000007bb980000,0x00000007bbd80000)
 ParOldGen       total 173568K, used 22087K [0x00000006c2800000, 0x00000006cd180000, 0x000000076b800000)
  object space 173568K, 12% used [0x00000006c2800000,0x00000006c3d91ca0,0x00000006cd180000)
 Metaspace       used 8410K, capacity 8774K, committed 8960K, reserved 1056768K
  class space    used 662K, capacity 690K, committed 768K, reserved 1048576K
Event: 17.561 GC heap after
Heap after GC invocations=32 (full 0):
 PSYoungGen      total 535552K, used 224K [0x000000076b800000, 0x00000007bba00000, 0x00000007c0000000)
  eden space 535040K, 0% used [0x000000076b800000,0x000000076b800000,0x000000078c280000)
  from space 512K, 43% used [0x00000007bb980000,0x00000007bb9b8000,0x00000007bba00000)
  to   space 4096K, 0% used [0x00000007bb200000,0x00000007bb200000,0x00000007bb600000)
 ParOldGen       total 173568K, used 22087K [0x00000006c2800000, 0x00000006cd180000, 0x000000076b800000)
  object space 173568K, 12% used [0x00000006c2800000,0x00000006c3d91ca0,0x00000006cd180000)
 Metaspace       used 8410K, capacity 8774K, committed 8960K, reserved 1056768K
  class space    used 662K, capacity 690K, committed 768K, reserved 1048576K
}
Event: 17.980 GC heap before
{Heap before GC invocations=33 (full 0):
 PSYoungGen      total 535552K, used 535264K [0x000000076b800000, 0x00000007bba00000, 0x00000007c0000000)
  eden space 535040K, 100% used [0x000000076b800000,0x000000078c280000,0x000000078c280000)
  from space 512K, 43% used [0x00000007bb980000,0x00000007bb9b8000,0x00000007bba00000)
  to   space 4096K, 0% used [0x00000007bb200000,0x00000007bb200000,0x00000007bb600000)
 ParOldGen       total 173568K, used 22087K [0x00000006c2800000, 0x00000006cd180000, 0x000000076b800000)
  object space 173568K, 12% used [0x00000006c2800000,0x00000006c3d91ca0,0x00000006cd180000)
 Metaspace       used 8410K, capacity 8774K, committed 8960K, reserved 1056768K
  class space    used 662K, capacity 690K, committed 768K, reserved 1048576K
Event: 17.980 GC heap after
Heap after GC invocations=33 (full 0):
 PSYoungGen      total 515584K, used 224K [0x000000076b800000, 0x00000007bba00000, 0x00000007c0000000)
  eden space 511488K, 0% used [0x000000076b800000,0x000000076b800000,0x000000078ab80000)
  from space 4096K, 5% used [0x00000007bb200000,0x00000007bb238000,0x00000007bb600000)
  to   space 3584K, 0% used [0x00000007bb680000,0x00000007bb680000,0x00000007bba00000)
 ParOldGen       total 173568K, used 22087K [0x00000006c2800000, 0x00000006cd180000, 0x000000076b800000)
  object space 173568K, 12% used [0x00000006c2800000,0x00000006c3d91ca0,0x00000006cd180000)
 Metaspace       used 8410K, capacity 8774K, committed 8960K, reserved 1056768K
  class space    used 662K, capacity 690K, committed 768K, reserved 1048576K
}
Event: 18.404 GC heap before
{Heap before GC invocations=34 (full 0):
 PSYoungGen      total 515584K, used 511712K [0x000000076b800000, 0x00000007bba00000, 0x00000007c0000000)
  eden space 511488K, 100% used [0x000000076b800000,0x000000078ab80000,0x000000078ab80000)
  from space 4096K, 5% used [0x00000007bb200000,0x00000007bb238000,0x00000007bb600000)
  to   space 3584K, 0% used [0x00000007bb680000,0x00000007bb680000,0x00000007bba00000)
 ParOldGen       total 173568K, used 22087K [0x00000006c2800000, 0x00000006cd180000, 0x000000076b800000)
  object space 173568K, 12% used [0x00000006c2800000,0x00000006c3d91ca0,0x00000006cd180000)
 Metaspace       used 8410K, capacity 8774K, committed 8960K, reserved 1056768K
  class space    used 662K, capacity 690K, committed 768K, reserved 1048576K
Event: 18.404 GC heap after
Heap after GC invocations=34 (full 0):
 PSYoungGen      total 489472K, used 192K [0x000000076b800000, 0x00000007bb700000, 0x00000007c0000000)
  eden space 488960K, 0% used [0x000000076b800000,0x000000076b800000,0x0000000789580000)
  from space 512K, 37% used [0x00000007bb680000,0x00000007bb6b0000,0x00000007bb700000)
  to   space 3584K, 0% used [0x00000007bb000000,0x00000007bb000000,0x00000007bb380000)
 ParOldGen       total 173568K, used 22111K [0x00000006c2800000, 0x00000006cd180000, 0x000000076b800000)
  object space 173568K, 12% used [0x00000006c2800000,0x00000006c3d97ca0,0x00000006cd180000)
 Metaspace       used 8410K, capacity 8774K, committed 8960K, reserved 1056768K
  class space    used 662K, capacity 690K, committed 768K, reserved 1048576K
}

