# JRE version: Java(TM) SE Runtime Environment (8.0_65-b17) (build 1.8.0_65-b17)
# Java VM: Java HotSpot(TM) 64-Bit Server VM (25.65-b01 mixed mode windows-amd64 compressed oops)
Heap:
 PSYoungGen      total 475136K, used 175400K [0x000000076b800000, 0x00000007bd300000, 0x00000007c0000000)
  eden space 474624K, 36% used [0x000000076b800000,0x0000000776312260,0x0000000788780000)
  from space 512K, 43% used [0x00000007bd280000,0x00000007bd2b8000,0x00000007bd300000)
  to   space 3072K, 0% used [0x00000007bcd00000,0x00000007bcd00000,0x00000007bd000000)
 ParOldGen       total 173568K, used 19028K [0x00000006c2800000, 0x00000006cd180000, 0x000000076b800000)
  object space 173568K, 10% used [0x00000006c2800000,0x00000006c3a95338,0x00000006cd180000)
 Metaspace       used 8371K, capacity 8774K, committed 8960K, reserved 1056768K
  class space    used 660K, capacity 690K, committed 768K, reserved 1048576K
GC Heap History (10 events):
Event: 11.624 GC heap before
{Heap before GC invocations=28 (full 0):
 PSYoungGen      total 599552K, used 595168K [0x000000076b800000, 0x00000007bdc80000, 0x00000007c0000000)
  eden space 594944K, 100% used [0x000000076b800000,0x000000078fd00000,0x000000078fd00000)
  from space 4608K, 4% used [0x00000007bd380000,0x00000007bd3b8000,0x00000007bd800000)
  to   space 4096K, 0% used [0x00000007bd880000,0x00000007bd880000,0x00000007bdc80000)
 ParOldGen       total 173568K, used 19004K [0x00000006c2800000, 0x00000006cd180000, 0x000000076b800000)
  object space 173568K, 10% used [0x00000006c2800000,0x00000006c3a8f338,0x00000006cd180000)
 Metaspace       used 8371K, capacity 8774K, committed 8960K, reserved 1056768K
  class space    used 660K, capacity 690K, committed 768K, reserved 1048576K
Event: 11.625 GC heap after
Heap after GC invocations=28 (full 0):
 PSYoungGen      total 568832K, used 256K [0x000000076b800000, 0x00000007bd900000, 0x00000007c0000000)
  eden space 568320K, 0% used [0x000000076b800000,0x000000076b800000,0x000000078e300000)
  from space 512K, 50% used [0x00000007bd880000,0x00000007bd8c0000,0x00000007bd900000)
  to   space 4096K, 0% used [0x00000007bd100000,0x00000007bd100000,0x00000007bd500000)
 ParOldGen       total 173568K, used 19004K [0x00000006c2800000, 0x00000006cd180000, 0x000000076b800000)
  object space 173568K, 10% used [0x00000006c2800000,0x00000006c3a8f338,0x00000006cd180000)
 Metaspace       used 8371K, capacity 8774K, committed 8960K, reserved 1056768K
  class space    used 660K, capacity 690K, committed 768K, reserved 1048576K
}
Event: 12.071 GC heap before
{Heap before GC invocations=29 (full 0):
 PSYoungGen      total 568832K, used 568576K [0x000000076b800000, 0x00000007bd900000, 0x00000007c0000000)
  eden space 568320K, 100% used [0x000000076b800000,0x000000078e300000,0x000000078e300000)
  from space 512K, 50% used [0x00000007bd880000,0x00000007bd8c0000,0x00000007bd900000)
  to   space 4096K, 0% used [0x00000007bd100000,0x00000007bd100000,0x00000007bd500000)
 ParOldGen       total 173568K, used 19004K [0x00000006c2800000, 0x00000006cd180000, 0x000000076b800000)
  object space 173568K, 10% used [0x00000006c2800000,0x00000006c3a8f338,0x00000006cd180000)
 Metaspace       used 8371K, capacity 8774K, committed 8960K, reserved 1056768K
  class space    used 660K, capacity 690K, committed 768K, reserved 1048576K
Event: 12.072 GC heap after
Heap after GC invocations=29 (full 0):
 PSYoungGen      total 547328K, used 192K [0x000000076b800000, 0x00000007bd900000, 0x00000007c0000000)
  eden space 543232K, 0% used [0x000000076b800000,0x000000076b800000,0x000000078ca80000)
  from space 4096K, 4% used [0x00000007bd100000,0x00000007bd130000,0x00000007bd500000)
  to   space 3584K, 0% used [0x00000007bd580000,0x00000007bd580000,0x00000007bd900000)
 ParOldGen       total 173568K, used 19020K [0x00000006c2800000, 0x00000006cd180000, 0x000000076b800000)
  object space 173568K, 10% used [0x00000006c2800000,0x00000006c3a93338,0x00000006cd180000)
 Metaspace       used 8371K, capacity 8774K, committed 8960K, reserved 1056768K
  class space    used 660K, capacity 690K, committed 768K, reserved 1048576K
}
Event: 12.653 GC heap before
{Heap before GC invocations=30 (full 0):
 PSYoungGen      total 547328K, used 543424K [0x000000076b800000, 0x00000007bd900000, 0x00000007c0000000)
  eden space 543232K, 100% used [0x000000076b800000,0x000000078ca80000,0x000000078ca80000)
  from space 4096K, 4% used [0x00000007bd100000,0x00000007bd130000,0x00000007bd500000)
  to   space 3584K, 0% used [0x00000007bd580000,0x00000007bd580000,0x00000007bd900000)
 ParOldGen       total 173568K, used 19020K [0x00000006c2800000, 0x00000006cd180000, 0x000000076b800000)
  object space 173568K, 10% used [0x00000006c2800000,0x00000006c3a93338,0x00000006cd180000)
 Metaspace       used 8371K, capacity 8774K, committed 8960K, reserved 1056768K
  class space    used 660K, capacity 690K, committed 768K, reserved 1048576K
Event: 12.654 GC heap after
Heap after GC invocations=30 (full 0):
 PSYoungGen      total 519680K, used 224K [0x000000076b800000, 0x00000007bd600000, 0x00000007c0000000)
  eden space 519168K, 0% used [0x000000076b800000,0x000000076b800000,0x000000078b300000)
  from space 512K, 43% used [0x00000007bd580000,0x00000007bd5b8000,0x00000007bd600000)
  to   space 3584K, 0% used [0x00000007bcf00000,0x00000007bcf00000,0x00000007bd280000)
 ParOldGen       total 173568K, used 19020K [0x00000006c2800000, 0x00000006cd180000, 0x000000076b800000)
  object space 173568K, 10% used [0x00000006c2800000,0x00000006c3a93338,0x00000006cd180000)
 Metaspace       used 8371K, capacity 8774K, committed 8960K, reserved 1056768K
  class space    used 660K, capacity 690K, committed 768K, reserved 1048576K
}
Event: 13.061 GC heap before
{Heap before GC invocations=31 (full 0):
 PSYoungGen      total 519680K, used 519392K [0x000000076b800000, 0x00000007bd600000, 0x00000007c0000000)
  eden space 519168K, 100% used [0x000000076b800000,0x000000078b300000,0x000000078b300000)
  from space 512K, 43% used [0x00000007bd580000,0x00000007bd5b8000,0x00000007bd600000)
  to   space 3584K, 0% used [0x00000007bcf00000,0x00000007bcf00000,0x00000007bd280000)
 ParOldGen       total 173568K, used 19020K [0x00000006c2800000, 0x00000006cd180000, 0x000000076b800000)
  object space 173568K, 10% used [0x00000006c2800000,0x00000006c3a93338,0x00000006cd180000)
 Metaspace       used 8371K, capacity 8774K, committed 8960K, reserved 1056768K
  class space    used 660K, capacity 690K, committed 768K, reserved 1048576K
Event: 13.062 GC heap after
Heap after GC invocations=31 (full 0):
 PSYoungGen      total 499712K, used 192K [0x000000076b800000, 0x00000007bd600000, 0x00000007c0000000)
  eden space 496128K, 0% used [0x000000076b800000,0x000000076b800000,0x0000000789c80000)
  from space 3584K, 5% used [0x00000007bcf00000,0x00000007bcf30000,0x00000007bd280000)
  to   space 3584K, 0% used [0x00000007bd280000,0x00000007bd280000,0x00000007bd600000)
 ParOldGen       total 173568K, used 19028K [0x00000006c2800000, 0x00000006cd180000, 0x000000076b800000)
  object space 173568K, 10% used [0x00000006c2800000,0x00000006c3a95338,0x00000006cd180000)
 Metaspace       used 8371K, capacity 8774K, committed 8960K, reserved 1056768K
  class space    used 660K, capacity 690K, committed 768K, reserved 1048576K
}
Event: 13.465 GC heap before
{Heap before GC invocations=32 (full 0):
 PSYoungGen      total 499712K, used 496320K [0x000000076b800000, 0x00000007bd600000, 0x00000007c0000000)
  eden space 496128K, 100% used [0x000000076b800000,0x0000000789c80000,0x0000000789c80000)
  from space 3584K, 5% used [0x00000007bcf00000,0x00000007bcf30000,0x00000007bd280000)
  to   space 3584K, 0% used [0x00000007bd280000,0x00000007bd280000,0x00000007bd600000)
 ParOldGen       total 173568K, used 19028K [0x00000006c2800000, 0x00000006cd180000, 0x000000076b800000)
  object space 173568K, 10% used [0x00000006c2800000,0x00000006c3a95338,0x00000006cd180000)
 Metaspace       used 8371K, capacity 8774K, committed 8960K, reserved 1056768K
  class space    used 660K, capacity 690K, committed 768K, reserved 1048576K
Event: 13.465 GC heap after
Heap after GC invocations=32 (full 0):
 PSYoungGen      total 475136K, used 224K [0x000000076b800000, 0x00000007bd300000, 0x00000007c0000000)
  eden space 474624K, 0% used [0x000000076b800000,0x000000076b800000,0x0000000788780000)
  from space 512K, 43% used [0x00000007bd280000,0x00000007bd2b8000,0x00000007bd300000)
  to   space 3072K, 0% used [0x00000007bcd00000,0x00000007bcd00000,0x00000007bd000000)
 ParOldGen       total 173568K, used 19028K [0x00000006c2800000, 0x00000006cd180000, 0x000000076b800000)
  object space 173568K, 10% used [0x00000006c2800000,0x00000006c3a95338,0x00000006cd180000)
 Metaspace       used 8371K, capacity 8774K, committed 8960K, reserved 1056768K
  class space    used 660K, capacity 690K, committed 768K, reserved 1048576K
}

