# JRE version: Java(TM) SE Runtime Environment (8.0_65-b17) (build 1.8.0_65-b17)
# Java VM: Java HotSpot(TM) 64-Bit Server VM (25.65-b01 mixed mode windows-amd64 compressed oops)
Heap:
 PSYoungGen      total 1296384K, used 1106521K [0x000000076b800000, 0x00000007bf480000, 0x00000007c0000000)
  eden space 1295872K, 85% used [0x000000076b800000,0x00000007af06e4c0,0x00000007ba980000)
  from space 512K, 31% used [0x00000007be880000,0x00000007be8a8000,0x00000007be900000)
  to   space 10752K, 0% used [0x00000007bea00000,0x00000007bea00000,0x00000007bf480000)
 ParOldGen       total 173568K, used 31120K [0x00000006c2800000, 0x00000006cd180000, 0x000000076b800000)
  object space 173568K, 17% used [0x00000006c2800000,0x00000006c4664208,0x00000006cd180000)
 Metaspace       used 8349K, capacity 8710K, committed 8960K, reserved 1056768K
  class space    used 660K, capacity 690K, committed 768K, reserved 1048576K
GC Heap History (10 events):
Event: 1.979 GC heap before
{Heap before GC invocations=13 (full 0):
 PSYoungGen      total 663552K, used 651456K [0x000000076b800000, 0x0000000794d00000, 0x00000007c0000000)
  eden space 651264K, 100% used [0x000000076b800000,0x0000000793400000,0x0000000793400000)
  from space 12288K, 1% used [0x0000000794100000,0x0000000794130000,0x0000000794d00000)
  to   space 12800K, 0% used [0x0000000793400000,0x0000000793400000,0x0000000794080000)
 ParOldGen       total 173568K, used 31072K [0x00000006c2800000, 0x00000006cd180000, 0x000000076b800000)
  object space 173568K, 17% used [0x00000006c2800000,0x00000006c4658208,0x00000006cd180000)
 Metaspace       used 8305K, capacity 8710K, committed 8960K, reserved 1056768K
  class space    used 660K, capacity 690K, committed 768K, reserved 1048576K
Event: 1.980 GC heap after
Heap after GC invocations=13 (full 0):
 PSYoungGen      total 664064K, used 224K [0x000000076b800000, 0x00000007acb00000, 0x00000007c0000000)
  eden space 651264K, 0% used [0x000000076b800000,0x000000076b800000,0x0000000793400000)
  from space 12800K, 1% used [0x0000000793400000,0x0000000793438000,0x0000000794080000)
  to   space 12800K, 0% used [0x00000007abe80000,0x00000007abe80000,0x00000007acb00000)
 ParOldGen       total 173568K, used 31072K [0x00000006c2800000, 0x00000006cd180000, 0x000000076b800000)
  object space 173568K, 17% used [0x00000006c2800000,0x00000006c4658208,0x00000006cd180000)
 Metaspace       used 8305K, capacity 8710K, committed 8960K, reserved 1056768K
  class space    used 660K, capacity 690K, committed 768K, reserved 1048576K
}
Event: 2.251 GC heap before
{Heap before GC invocations=14 (full 0):
 PSYoungGen      total 664064K, used 651488K [0x000000076b800000, 0x00000007acb00000, 0x00000007c0000000)
  eden space 651264K, 100% used [0x000000076b800000,0x0000000793400000,0x0000000793400000)
  from space 12800K, 1% used [0x0000000793400000,0x0000000793438000,0x0000000794080000)
  to   space 12800K, 0% used [0x00000007abe80000,0x00000007abe80000,0x00000007acb00000)
 ParOldGen       total 173568K, used 31072K [0x00000006c2800000, 0x00000006cd180000, 0x000000076b800000)
  object space 173568K, 17% used [0x00000006c2800000,0x00000006c4658208,0x00000006cd180000)
 Metaspace       used 8328K, capacity 8710K, committed 8960K, reserved 1056768K
  class space    used 660K, capacity 690K, committed 768K, reserved 1048576K
Event: 2.252 GC heap after
Heap after GC invocations=14 (full 0):
 PSYoungGen      total 1054208K, used 224K [0x000000076b800000, 0x00000007aca00000, 0x00000007c0000000)
  eden space 1042432K, 0% used [0x000000076b800000,0x000000076b800000,0x00000007ab200000)
  from space 11776K, 1% used [0x00000007abe80000,0x00000007abeb8000,0x00000007aca00000)
  to   space 12288K, 0% used [0x00000007ab200000,0x00000007ab200000,0x00000007abe00000)
 ParOldGen       total 173568K, used 31080K [0x00000006c2800000, 0x00000006cd180000, 0x000000076b800000)
  object space 173568K, 17% used [0x00000006c2800000,0x00000006c465a208,0x00000006cd180000)
 Metaspace       used 8328K, capacity 8710K, committed 8960K, reserved 1056768K
  class space    used 660K, capacity 690K, committed 768K, reserved 1048576K
}
Event: 2.726 GC heap before
{Heap before GC invocations=15 (full 0):
 PSYoungGen      total 1054208K, used 1042656K [0x000000076b800000, 0x00000007aca00000, 0x00000007c0000000)
  eden space 1042432K, 100% used [0x000000076b800000,0x00000007ab200000,0x00000007ab200000)
  from space 11776K, 1% used [0x00000007abe80000,0x00000007abeb8000,0x00000007aca00000)
  to   space 12288K, 0% used [0x00000007ab200000,0x00000007ab200000,0x00000007abe00000)
 ParOldGen       total 173568K, used 31080K [0x00000006c2800000, 0x00000006cd180000, 0x000000076b800000)
  object space 173568K, 17% used [0x00000006c2800000,0x00000006c465a208,0x00000006cd180000)
 Metaspace       used 8332K, capacity 8710K, committed 8960K, reserved 1056768K
  class space    used 660K, capacity 690K, committed 768K, reserved 1048576K
Event: 2.726 GC heap after
Heap after GC invocations=15 (full 0):
 PSYoungGen      total 1054720K, used 224K [0x000000076b800000, 0x00000007bff80000, 0x00000007c0000000)
  eden space 1042432K, 0% used [0x000000076b800000,0x000000076b800000,0x00000007ab200000)
  from space 12288K, 1% used [0x00000007ab200000,0x00000007ab238000,0x00000007abe00000)
  to   space 11776K, 0% used [0x00000007bf400000,0x00000007bf400000,0x00000007bff80000)
 ParOldGen       total 173568K, used 31120K [0x00000006c2800000, 0x00000006cd180000, 0x000000076b800000)
  object space 173568K, 17% used [0x00000006c2800000,0x00000006c4664208,0x00000006cd180000)
 Metaspace       used 8332K, capacity 8710K, committed 8960K, reserved 1056768K
  class space    used 660K, capacity 690K, committed 768K, reserved 1048576K
}
Event: 3.154 GC heap before
{Heap before GC invocations=16 (full 0):
 PSYoungGen      total 1054720K, used 1042656K [0x000000076b800000, 0x00000007bff80000, 0x00000007c0000000)
  eden space 1042432K, 100% used [0x000000076b800000,0x00000007ab200000,0x00000007ab200000)
  from space 12288K, 1% used [0x00000007ab200000,0x00000007ab238000,0x00000007abe00000)
  to   space 11776K, 0% used [0x00000007bf400000,0x00000007bf400000,0x00000007bff80000)
 ParOldGen       total 173568K, used 31120K [0x00000006c2800000, 0x00000006cd180000, 0x000000076b800000)
  object space 173568K, 17% used [0x00000006c2800000,0x00000006c4664208,0x00000006cd180000)
 Metaspace       used 8340K, capacity 8710K, committed 8960K, reserved 1056768K
  class space    used 660K, capacity 690K, committed 768K, reserved 1048576K
Event: 3.154 GC heap after
Heap after GC invocations=16 (full 0):
 PSYoungGen      total 1371136K, used 224K [0x000000076b800000, 0x00000007bfe80000, 0x00000007c0000000)
  eden space 1360384K, 0% used [0x000000076b800000,0x000000076b800000,0x00000007be880000)
  from space 10752K, 2% used [0x00000007bf400000,0x00000007bf438000,0x00000007bfe80000)
  to   space 11264K, 0% used [0x00000007be880000,0x00000007be880000,0x00000007bf380000)
 ParOldGen       total 173568K, used 31120K [0x00000006c2800000, 0x00000006cd180000, 0x000000076b800000)
  object space 173568K, 17% used [0x00000006c2800000,0x00000006c4664208,0x00000006cd180000)
 Metaspace       used 8340K, capacity 8710K, committed 8960K, reserved 1056768K
  class space    used 660K, capacity 690K, committed 768K, reserved 1048576K
}
Event: 3.771 GC heap before
{Heap before GC invocations=17 (full 0):
 PSYoungGen      total 1371136K, used 1360608K [0x000000076b800000, 0x00000007bfe80000, 0x00000007c0000000)
  eden space 1360384K, 100% used [0x000000076b800000,0x00000007be880000,0x00000007be880000)
  from space 10752K, 2% used [0x00000007bf400000,0x00000007bf438000,0x00000007bfe80000)
  to   space 11264K, 0% used [0x00000007be880000,0x00000007be880000,0x00000007bf380000)
 ParOldGen       total 173568K, used 31120K [0x00000006c2800000, 0x00000006cd180000, 0x000000076b800000)
  object space 173568K, 17% used [0x00000006c2800000,0x00000006c4664208,0x00000006cd180000)
 Metaspace       used 8348K, capacity 8710K, committed 8960K, reserved 1056768K
  class space    used 660K, capacity 690K, committed 768K, reserved 1048576K
Event: 3.772 GC heap after
Heap after GC invocations=17 (full 0):
 PSYoungGen      total 1296384K, used 160K [0x000000076b800000, 0x00000007bf480000, 0x00000007c0000000)
  eden space 1295872K, 0% used [0x000000076b800000,0x000000076b800000,0x00000007ba980000)
  from space 512K, 31% used [0x00000007be880000,0x00000007be8a8000,0x00000007be900000)
  to   space 10752K, 0% used [0x00000007bea00000,0x00000007bea00000,0x00000007bf480000)
 ParOldGen       total 173568K, used 31120K [0x00000006c2800000, 0x00000006cd180000, 0x000000076b800000)
  object space 173568K, 17% used [0x00000006c2800000,0x00000006c4664208,0x00000006cd180000)
 Metaspace       used 8348K, capacity 8710K, committed 8960K, reserved 1056768K
  class space    used 660K, capacity 690K, committed 768K, reserved 1048576K
}

