# JRE version: Java(TM) SE Runtime Environment (8.0_65-b17) (build 1.8.0_65-b17)
# Java VM: Java HotSpot(TM) 64-Bit Server VM (25.65-b01 mixed mode windows-amd64 compressed oops)
Heap:
 PSYoungGen      total 835072K, used 241038K [0x000000076b800000, 0x000000079ea00000, 0x00000007c0000000)
  eden space 832512K, 28% used [0x000000076b800000,0x000000077a333af0,0x000000079e500000)
  from space 2560K, 7% used [0x000000079e780000,0x000000079e7b0000,0x000000079ea00000)
  to   space 2560K, 0% used [0x000000079e500000,0x000000079e500000,0x000000079e780000)
 ParOldGen       total 173568K, used 1264K [0x00000006c2800000, 0x00000006cd180000, 0x000000076b800000)
  object space 173568K, 0% used [0x00000006c2800000,0x00000006c293c070,0x00000006cd180000)
 Metaspace       used 8139K, capacity 8710K, committed 8960K, reserved 1056768K
  class space    used 651K, capacity 690K, committed 768K, reserved 1048576K
GC Heap History (10 events):
Event: 0.699 GC heap before
{Heap before GC invocations=6 (full 0):
 PSYoungGen      total 140800K, used 131636K [0x000000076b800000, 0x000000077ba00000, 0x00000007c0000000)
  eden space 130048K, 100% used [0x000000076b800000,0x0000000773700000,0x0000000773700000)
  from space 10752K, 14% used [0x0000000773700000,0x000000077388d380,0x0000000774180000)
  to   space 2048K, 0% used [0x000000077b800000,0x000000077b800000,0x000000077ba00000)
 ParOldGen       total 173568K, used 24K [0x00000006c2800000, 0x00000006cd180000, 0x000000076b800000)
  object space 173568K, 0% used [0x00000006c2800000,0x00000006c2806000,0x00000006cd180000)
 Metaspace       used 6581K, capacity 7206K, committed 7296K, reserved 1056768K
  class space    used 573K, capacity 594K, committed 640K, reserved 1048576K
Event: 0.700 GC heap after
Heap after GC invocations=6 (full 0):
 PSYoungGen      total 262144K, used 1674K [0x000000076b800000, 0x000000077ba00000, 0x00000007c0000000)
  eden space 260096K, 0% used [0x000000076b800000,0x000000076b800000,0x000000077b600000)
  from space 2048K, 81% used [0x000000077b800000,0x000000077b9a29e0,0x000000077ba00000)
  to   space 2048K, 0% used [0x000000077b600000,0x000000077b600000,0x000000077b800000)
 ParOldGen       total 173568K, used 32K [0x00000006c2800000, 0x00000006cd180000, 0x000000076b800000)
  object space 173568K, 0% used [0x00000006c2800000,0x00000006c2808000,0x00000006cd180000)
 Metaspace       used 6581K, capacity 7206K, committed 7296K, reserved 1056768K
  class space    used 573K, capacity 594K, committed 640K, reserved 1048576K
}
Event: 1.028 GC heap before
{Heap before GC invocations=7 (full 0):
 PSYoungGen      total 262144K, used 261770K [0x000000076b800000, 0x000000077ba00000, 0x00000007c0000000)
  eden space 260096K, 100% used [0x000000076b800000,0x000000077b600000,0x000000077b600000)
  from space 2048K, 81% used [0x000000077b800000,0x000000077b9a29e0,0x000000077ba00000)
  to   space 2048K, 0% used [0x000000077b600000,0x000000077b600000,0x000000077b800000)
 ParOldGen       total 173568K, used 32K [0x00000006c2800000, 0x00000006cd180000, 0x000000076b800000)
  object space 173568K, 0% used [0x00000006c2800000,0x00000006c2808000,0x00000006cd180000)
 Metaspace       used 8099K, capacity 8646K, committed 8960K, reserved 1056768K
  class space    used 651K, capacity 690K, committed 768K, reserved 1048576K
Event: 1.030 GC heap after
Heap after GC invocations=7 (full 0):
 PSYoungGen      total 262144K, used 1573K [0x000000076b800000, 0x000000078b800000, 0x00000007c0000000)
  eden space 260096K, 0% used [0x000000076b800000,0x000000076b800000,0x000000077b600000)
  from space 2048K, 76% used [0x000000077b600000,0x000000077b7894c0,0x000000077b800000)
  to   space 2048K, 0% used [0x000000078b600000,0x000000078b600000,0x000000078b800000)
 ParOldGen       total 173568K, used 668K [0x00000006c2800000, 0x00000006cd180000, 0x000000076b800000)
  object space 173568K, 0% used [0x00000006c2800000,0x00000006c28a7060,0x00000006cd180000)
 Metaspace       used 8099K, capacity 8646K, committed 8960K, reserved 1056768K
  class space    used 651K, capacity 690K, committed 768K, reserved 1048576K
}
Event: 1.220 GC heap before
{Heap before GC invocations=8 (full 0):
 PSYoungGen      total 262144K, used 261669K [0x000000076b800000, 0x000000078b800000, 0x00000007c0000000)
  eden space 260096K, 100% used [0x000000076b800000,0x000000077b600000,0x000000077b600000)
  from space 2048K, 76% used [0x000000077b600000,0x000000077b7894c0,0x000000077b800000)
  to   space 2048K, 0% used [0x000000078b600000,0x000000078b600000,0x000000078b800000)
 ParOldGen       total 173568K, used 668K [0x00000006c2800000, 0x00000006cd180000, 0x000000076b800000)
  object space 173568K, 0% used [0x00000006c2800000,0x00000006c28a7060,0x00000006cd180000)
 Metaspace       used 8104K, capacity 8646K, committed 8960K, reserved 1056768K
  class space    used 651K, capacity 690K, committed 768K, reserved 1048576K
Event: 1.221 GC heap after
Heap after GC invocations=8 (full 0):
 PSYoungGen      total 522240K, used 480K [0x000000076b800000, 0x000000078b800000, 0x00000007c0000000)
  eden space 520192K, 0% used [0x000000076b800000,0x000000076b800000,0x000000078b400000)
  from space 2048K, 23% used [0x000000078b600000,0x000000078b678000,0x000000078b800000)
  to   space 2048K, 0% used [0x000000078b400000,0x000000078b400000,0x000000078b600000)
 ParOldGen       total 173568K, used 828K [0x00000006c2800000, 0x00000006cd180000, 0x000000076b800000)
  object space 173568K, 0% used [0x00000006c2800000,0x00000006c28cf060,0x00000006cd180000)
 Metaspace       used 8104K, capacity 8646K, committed 8960K, reserved 1056768K
  class space    used 651K, capacity 690K, committed 768K, reserved 1048576K
}
Event: 1.633 GC heap before
{Heap before GC invocations=9 (full 0):
 PSYoungGen      total 522240K, used 520672K [0x000000076b800000, 0x000000078b800000, 0x00000007c0000000)
  eden space 520192K, 100% used [0x000000076b800000,0x000000078b400000,0x000000078b400000)
  from space 2048K, 23% used [0x000000078b600000,0x000000078b678000,0x000000078b800000)
  to   space 2048K, 0% used [0x000000078b400000,0x000000078b400000,0x000000078b600000)
 ParOldGen       total 173568K, used 828K [0x00000006c2800000, 0x00000006cd180000, 0x000000076b800000)
  object space 173568K, 0% used [0x00000006c2800000,0x00000006c28cf060,0x00000006cd180000)
 Metaspace       used 8117K, capacity 8646K, committed 8960K, reserved 1056768K
  class space    used 651K, capacity 690K, committed 768K, reserved 1048576K
Event: 1.635 GC heap after
Heap after GC invocations=9 (full 0):
 PSYoungGen      total 522240K, used 288K [0x000000076b800000, 0x000000079ea00000, 0x00000007c0000000)
  eden space 520192K, 0% used [0x000000076b800000,0x000000076b800000,0x000000078b400000)
  from space 2048K, 14% used [0x000000078b400000,0x000000078b448000,0x000000078b600000)
  to   space 2560K, 0% used [0x000000079e780000,0x000000079e780000,0x000000079ea00000)
 ParOldGen       total 173568K, used 1036K [0x00000006c2800000, 0x00000006cd180000, 0x000000076b800000)
  object space 173568K, 0% used [0x00000006c2800000,0x00000006c2903060,0x00000006cd180000)
 Metaspace       used 8117K, capacity 8646K, committed 8960K, reserved 1056768K
  class space    used 651K, capacity 690K, committed 768K, reserved 1048576K
}
Event: 2.041 GC heap before
{Heap before GC invocations=10 (full 0):
 PSYoungGen      total 522240K, used 520480K [0x000000076b800000, 0x000000079ea00000, 0x00000007c0000000)
  eden space 520192K, 100% used [0x000000076b800000,0x000000078b400000,0x000000078b400000)
  from space 2048K, 14% used [0x000000078b400000,0x000000078b448000,0x000000078b600000)
  to   space 2560K, 0% used [0x000000079e780000,0x000000079e780000,0x000000079ea00000)
 ParOldGen       total 173568K, used 1036K [0x00000006c2800000, 0x00000006cd180000, 0x000000076b800000)
  object space 173568K, 0% used [0x00000006c2800000,0x00000006c2903060,0x00000006cd180000)
 Metaspace       used 8136K, capacity 8710K, committed 8960K, reserved 1056768K
  class space    used 651K, capacity 690K, committed 768K, reserved 1048576K
Event: 2.041 GC heap after
Heap after GC invocations=10 (full 0):
 PSYoungGen      total 835072K, used 192K [0x000000076b800000, 0x000000079ea00000, 0x00000007c0000000)
  eden space 832512K, 0% used [0x000000076b800000,0x000000076b800000,0x000000079e500000)
  from space 2560K, 7% used [0x000000079e780000,0x000000079e7b0000,0x000000079ea00000)
  to   space 2560K, 0% used [0x000000079e500000,0x000000079e500000,0x000000079e780000)
 ParOldGen       total 173568K, used 1264K [0x00000006c2800000, 0x00000006cd180000, 0x000000076b800000)
  object space 173568K, 0% used [0x00000006c2800000,0x00000006c293c070,0x00000006cd180000)
 Metaspace       used 8136K, capacity 8710K, committed 8960K, reserved 1056768K
  class space    used 651K, capacity 690K, committed 768K, reserved 1048576K
}

