# JRE version: Java(TM) SE Runtime Environment (8.0_65-b17) (build 1.8.0_65-b17)
# Java VM: Java HotSpot(TM) 64-Bit Server VM (25.65-b01 mixed mode windows-amd64 compressed oops)
Heap:
 PSYoungGen      total 562688K, used 219242K [0x000000076b800000, 0x00000007b9980000, 0x00000007c0000000)
  eden space 562176K, 38% used [0x000000076b800000,0x0000000778ddaa18,0x000000078dd00000)
  from space 512K, 50% used [0x00000007b9900000,0x00000007b9940000,0x00000007b9980000)
  to   space 3072K, 0% used [0x00000007b9380000,0x00000007b9380000,0x00000007b9680000)
 ParOldGen       total 173568K, used 13176K [0x00000006c2800000, 0x00000006cd180000, 0x000000076b800000)
  object space 173568K, 7% used [0x00000006c2800000,0x00000006c34de2a0,0x00000006cd180000)
 Metaspace       used 8393K, capacity 8774K, committed 8960K, reserved 1056768K
  class space    used 662K, capacity 690K, committed 768K, reserved 1048576K
GC Heap History (10 events):
Event: 14.360 GC heap before
{Heap before GC invocations=26 (full 0):
 PSYoungGen      total 712704K, used 708320K [0x000000076b800000, 0x00000007ba400000, 0x00000007c0000000)
  eden space 708096K, 100% used [0x000000076b800000,0x0000000796b80000,0x0000000796b80000)
  from space 4608K, 4% used [0x00000007b9b00000,0x00000007b9b38000,0x00000007b9f80000)
  to   space 4608K, 0% used [0x00000007b9f80000,0x00000007b9f80000,0x00000007ba400000)
 ParOldGen       total 173568K, used 13152K [0x00000006c2800000, 0x00000006cd180000, 0x000000076b800000)
  object space 173568K, 7% used [0x00000006c2800000,0x00000006c34d82a0,0x00000006cd180000)
 Metaspace       used 8393K, capacity 8774K, committed 8960K, reserved 1056768K
  class space    used 662K, capacity 690K, committed 768K, reserved 1048576K
Event: 14.360 GC heap after
Heap after GC invocations=26 (full 0):
 PSYoungGen      total 676352K, used 192K [0x000000076b800000, 0x00000007ba000000, 0x00000007c0000000)
  eden space 675840K, 0% used [0x000000076b800000,0x000000076b800000,0x0000000794c00000)
  from space 512K, 37% used [0x00000007b9f80000,0x00000007b9fb0000,0x00000007ba000000)
  to   space 4096K, 0% used [0x00000007b9800000,0x00000007b9800000,0x00000007b9c00000)
 ParOldGen       total 173568K, used 13152K [0x00000006c2800000, 0x00000006cd180000, 0x000000076b800000)
  object space 173568K, 7% used [0x00000006c2800000,0x00000006c34d82a0,0x00000006cd180000)
 Metaspace       used 8393K, capacity 8774K, committed 8960K, reserved 1056768K
  class space    used 662K, capacity 690K, committed 768K, reserved 1048576K
}
Event: 14.877 GC heap before
{Heap before GC invocations=27 (full 0):
 PSYoungGen      total 676352K, used 676032K [0x000000076b800000, 0x00000007ba000000, 0x00000007c0000000)
  eden space 675840K, 100% used [0x000000076b800000,0x0000000794c00000,0x0000000794c00000)
  from space 512K, 37% used [0x00000007b9f80000,0x00000007b9fb0000,0x00000007ba000000)
  to   space 4096K, 0% used [0x00000007b9800000,0x00000007b9800000,0x00000007b9c00000)
 ParOldGen       total 173568K, used 13152K [0x00000006c2800000, 0x00000006cd180000, 0x000000076b800000)
  object space 173568K, 7% used [0x00000006c2800000,0x00000006c34d82a0,0x00000006cd180000)
 Metaspace       used 8393K, capacity 8774K, committed 8960K, reserved 1056768K
  class space    used 662K, capacity 690K, committed 768K, reserved 1048576K
Event: 14.878 GC heap after
Heap after GC invocations=27 (full 0):
 PSYoungGen      total 649216K, used 192K [0x000000076b800000, 0x00000007ba000000, 0x00000007c0000000)
  eden space 645120K, 0% used [0x000000076b800000,0x000000076b800000,0x0000000792e00000)
  from space 4096K, 4% used [0x00000007b9800000,0x00000007b9830000,0x00000007b9c00000)
  to   space 4096K, 0% used [0x00000007b9c00000,0x00000007b9c00000,0x00000007ba000000)
 ParOldGen       total 173568K, used 13176K [0x00000006c2800000, 0x00000006cd180000, 0x000000076b800000)
  object space 173568K, 7% used [0x00000006c2800000,0x00000006c34de2a0,0x00000006cd180000)
 Metaspace       used 8393K, capacity 8774K, committed 8960K, reserved 1056768K
  class space    used 662K, capacity 690K, committed 768K, reserved 1048576K
}
Event: 15.408 GC heap before
{Heap before GC invocations=28 (full 0):
 PSYoungGen      total 649216K, used 645312K [0x000000076b800000, 0x00000007ba000000, 0x00000007c0000000)
  eden space 645120K, 100% used [0x000000076b800000,0x0000000792e00000,0x0000000792e00000)
  from space 4096K, 4% used [0x00000007b9800000,0x00000007b9830000,0x00000007b9c00000)
  to   space 4096K, 0% used [0x00000007b9c00000,0x00000007b9c00000,0x00000007ba000000)
 ParOldGen       total 173568K, used 13176K [0x00000006c2800000, 0x00000006cd180000, 0x000000076b800000)
  object space 173568K, 7% used [0x00000006c2800000,0x00000006c34de2a0,0x00000006cd180000)
 Metaspace       used 8393K, capacity 8774K, committed 8960K, reserved 1056768K
  class space    used 662K, capacity 690K, committed 768K, reserved 1048576K
Event: 15.409 GC heap after
Heap after GC invocations=28 (full 0):
 PSYoungGen      total 616448K, used 224K [0x000000076b800000, 0x00000007b9c80000, 0x00000007c0000000)
  eden space 615936K, 0% used [0x000000076b800000,0x000000076b800000,0x0000000791180000)
  from space 512K, 43% used [0x00000007b9c00000,0x00000007b9c38000,0x00000007b9c80000)
  to   space 3584K, 0% used [0x00000007b9580000,0x00000007b9580000,0x00000007b9900000)
 ParOldGen       total 173568K, used 13176K [0x00000006c2800000, 0x00000006cd180000, 0x000000076b800000)
  object space 173568K, 7% used [0x00000006c2800000,0x00000006c34de2a0,0x00000006cd180000)
 Metaspace       used 8393K, capacity 8774K, committed 8960K, reserved 1056768K
  class space    used 662K, capacity 690K, committed 768K, reserved 1048576K
}
Event: 15.924 GC heap before
{Heap before GC invocations=29 (full 0):
 PSYoungGen      total 616448K, used 616160K [0x000000076b800000, 0x00000007b9c80000, 0x00000007c0000000)
  eden space 615936K, 100% used [0x000000076b800000,0x0000000791180000,0x0000000791180000)
  from space 512K, 43% used [0x00000007b9c00000,0x00000007b9c38000,0x00000007b9c80000)
  to   space 3584K, 0% used [0x00000007b9580000,0x00000007b9580000,0x00000007b9900000)
 ParOldGen       total 173568K, used 13176K [0x00000006c2800000, 0x00000006cd180000, 0x000000076b800000)
  object space 173568K, 7% used [0x00000006c2800000,0x00000006c34de2a0,0x00000006cd180000)
 Metaspace       used 8393K, capacity 8774K, committed 8960K, reserved 1056768K
  class space    used 662K, capacity 690K, committed 768K, reserved 1048576K
Event: 15.925 GC heap after
Heap after GC invocations=29 (full 0):
 PSYoungGen      total 591872K, used 224K [0x000000076b800000, 0x00000007b9c80000, 0x00000007c0000000)
  eden space 588288K, 0% used [0x000000076b800000,0x000000076b800000,0x000000078f680000)
  from space 3584K, 6% used [0x00000007b9580000,0x00000007b95b8000,0x00000007b9900000)
  to   space 3584K, 0% used [0x00000007b9900000,0x00000007b9900000,0x00000007b9c80000)
 ParOldGen       total 173568K, used 13176K [0x00000006c2800000, 0x00000006cd180000, 0x000000076b800000)
  object space 173568K, 7% used [0x00000006c2800000,0x00000006c34de2a0,0x00000006cd180000)
 Metaspace       used 8393K, capacity 8774K, committed 8960K, reserved 1056768K
  class space    used 662K, capacity 690K, committed 768K, reserved 1048576K
}
Event: 16.577 GC heap before
{Heap before GC invocations=30 (full 0):
 PSYoungGen      total 591872K, used 588512K [0x000000076b800000, 0x00000007b9c80000, 0x00000007c0000000)
  eden space 588288K, 100% used [0x000000076b800000,0x000000078f680000,0x000000078f680000)
  from space 3584K, 6% used [0x00000007b9580000,0x00000007b95b8000,0x00000007b9900000)
  to   space 3584K, 0% used [0x00000007b9900000,0x00000007b9900000,0x00000007b9c80000)
 ParOldGen       total 173568K, used 13176K [0x00000006c2800000, 0x00000006cd180000, 0x000000076b800000)
  object space 173568K, 7% used [0x00000006c2800000,0x00000006c34de2a0,0x00000006cd180000)
 Metaspace       used 8393K, capacity 8774K, committed 8960K, reserved 1056768K
  class space    used 662K, capacity 690K, committed 768K, reserved 1048576K
Event: 16.578 GC heap after
Heap after GC invocations=30 (full 0):
 PSYoungGen      total 562688K, used 256K [0x000000076b800000, 0x00000007b9980000, 0x00000007c0000000)
  eden space 562176K, 0% used [0x000000076b800000,0x000000076b800000,0x000000078dd00000)
  from space 512K, 50% used [0x00000007b9900000,0x00000007b9940000,0x00000007b9980000)
  to   space 3072K, 0% used [0x00000007b9380000,0x00000007b9380000,0x00000007b9680000)
 ParOldGen       total 173568K, used 13176K [0x00000006c2800000, 0x00000006cd180000, 0x000000076b800000)
  object space 173568K, 7% used [0x00000006c2800000,0x00000006c34de2a0,0x00000006cd180000)
 Metaspace       used 8393K, capacity 8774K, committed 8960K, reserved 1056768K
  class space    used 662K, capacity 690K, committed 768K, reserved 1048576K
}

