# JRE version: Java(TM) SE Runtime Environment (8.0_65-b17) (build 1.8.0_65-b17)
# Java VM: Java HotSpot(TM) 64-Bit Server VM (25.65-b01 mixed mode windows-amd64 compressed oops)
Heap:
 PSYoungGen      total 744960K, used 384359K [0x000000076b800000, 0x00000007bd180000, 0x00000007c0000000)
  eden space 738816K, 51% used [0x000000076b800000,0x0000000782f21d40,0x0000000798980000)
  from space 6144K, 3% used [0x00000007bc580000,0x00000007bc5b8000,0x00000007bcb80000)
  to   space 5632K, 0% used [0x00000007bcc00000,0x00000007bcc00000,0x00000007bd180000)
 ParOldGen       total 173568K, used 20169K [0x00000006c2800000, 0x00000006cd180000, 0x000000076b800000)
  object space 173568K, 11% used [0x00000006c2800000,0x00000006c3bb24f0,0x00000006cd180000)
 Metaspace       used 8369K, capacity 8710K, committed 8960K, reserved 1056768K
  class space    used 659K, capacity 690K, committed 768K, reserved 1048576K
GC Heap History (10 events):
Event: 11.058 GC heap before
{Heap before GC invocations=21 (full 0):
 PSYoungGen      total 936448K, used 936160K [0x000000076b800000, 0x00000007bdd80000, 0x00000007c0000000)
  eden space 935936K, 100% used [0x000000076b800000,0x00000007a4a00000,0x00000007a4a00000)
  from space 512K, 43% used [0x00000007bdd00000,0x00000007bdd38000,0x00000007bdd80000)
  to   space 7680K, 0% used [0x00000007bce80000,0x00000007bce80000,0x00000007bd600000)
 ParOldGen       total 173568K, used 20097K [0x00000006c2800000, 0x00000006cd180000, 0x000000076b800000)
  object space 173568K, 11% used [0x00000006c2800000,0x00000006c3ba04f0,0x00000006cd180000)
 Metaspace       used 8366K, capacity 8710K, committed 8960K, reserved 1056768K
  class space    used 659K, capacity 690K, committed 768K, reserved 1048576K
Event: 11.058 GC heap after
Heap after GC invocations=21 (full 0):
 PSYoungGen      total 900096K, used 224K [0x000000076b800000, 0x00000007bdd80000, 0x00000007c0000000)
  eden space 892416K, 0% used [0x000000076b800000,0x000000076b800000,0x00000007a1f80000)
  from space 7680K, 2% used [0x00000007bce80000,0x00000007bceb8000,0x00000007bd600000)
  to   space 7168K, 0% used [0x00000007bd680000,0x00000007bd680000,0x00000007bdd80000)
 ParOldGen       total 173568K, used 20137K [0x00000006c2800000, 0x00000006cd180000, 0x000000076b800000)
  object space 173568K, 11% used [0x00000006c2800000,0x00000006c3baa4f0,0x00000006cd180000)
 Metaspace       used 8366K, capacity 8710K, committed 8960K, reserved 1056768K
  class space    used 659K, capacity 690K, committed 768K, reserved 1048576K
}
Event: 11.804 GC heap before
{Heap before GC invocations=22 (full 0):
 PSYoungGen      total 900096K, used 892640K [0x000000076b800000, 0x00000007bdd80000, 0x00000007c0000000)
  eden space 892416K, 100% used [0x000000076b800000,0x00000007a1f80000,0x00000007a1f80000)
  from space 7680K, 2% used [0x00000007bce80000,0x00000007bceb8000,0x00000007bd600000)
  to   space 7168K, 0% used [0x00000007bd680000,0x00000007bd680000,0x00000007bdd80000)
 ParOldGen       total 173568K, used 20137K [0x00000006c2800000, 0x00000006cd180000, 0x000000076b800000)
  object space 173568K, 11% used [0x00000006c2800000,0x00000006c3baa4f0,0x00000006cd180000)
 Metaspace       used 8368K, capacity 8710K, committed 8960K, reserved 1056768K
  class space    used 659K, capacity 690K, committed 768K, reserved 1048576K
Event: 11.804 GC heap after
Heap after GC invocations=22 (full 0):
 PSYoungGen      total 851456K, used 224K [0x000000076b800000, 0x00000007bd700000, 0x00000007c0000000)
  eden space 850944K, 0% used [0x000000076b800000,0x000000076b800000,0x000000079f700000)
  from space 512K, 43% used [0x00000007bd680000,0x00000007bd6b8000,0x00000007bd700000)
  to   space 6656K, 0% used [0x00000007bca00000,0x00000007bca00000,0x00000007bd080000)
 ParOldGen       total 173568K, used 20145K [0x00000006c2800000, 0x00000006cd180000, 0x000000076b800000)
  object space 173568K, 11% used [0x00000006c2800000,0x00000006c3bac4f0,0x00000006cd180000)
 Metaspace       used 8368K, capacity 8710K, committed 8960K, reserved 1056768K
  class space    used 659K, capacity 690K, committed 768K, reserved 1048576K
}
Event: 12.446 GC heap before
{Heap before GC invocations=23 (full 0):
 PSYoungGen      total 851456K, used 851168K [0x000000076b800000, 0x00000007bd700000, 0x00000007c0000000)
  eden space 850944K, 100% used [0x000000076b800000,0x000000079f700000,0x000000079f700000)
  from space 512K, 43% used [0x00000007bd680000,0x00000007bd6b8000,0x00000007bd700000)
  to   space 6656K, 0% used [0x00000007bca00000,0x00000007bca00000,0x00000007bd080000)
 ParOldGen       total 173568K, used 20145K [0x00000006c2800000, 0x00000006cd180000, 0x000000076b800000)
  object space 173568K, 11% used [0x00000006c2800000,0x00000006c3bac4f0,0x00000006cd180000)
 Metaspace       used 8369K, capacity 8710K, committed 8960K, reserved 1056768K
  class space    used 659K, capacity 690K, committed 768K, reserved 1048576K
Event: 12.446 GC heap after
Heap after GC invocations=23 (full 0):
 PSYoungGen      total 818176K, used 192K [0x000000076b800000, 0x00000007bd700000, 0x00000007c0000000)
  eden space 811520K, 0% used [0x000000076b800000,0x000000076b800000,0x000000079d080000)
  from space 6656K, 2% used [0x00000007bca00000,0x00000007bca30000,0x00000007bd080000)
  to   space 6144K, 0% used [0x00000007bd100000,0x00000007bd100000,0x00000007bd700000)
 ParOldGen       total 173568K, used 20145K [0x00000006c2800000, 0x00000006cd180000, 0x000000076b800000)
  object space 173568K, 11% used [0x00000006c2800000,0x00000006c3bac4f0,0x00000006cd180000)
 Metaspace       used 8369K, capacity 8710K, committed 8960K, reserved 1056768K
  class space    used 659K, capacity 690K, committed 768K, reserved 1048576K
}
Event: 13.078 GC heap before
{Heap before GC invocations=24 (full 0):
 PSYoungGen      total 818176K, used 811712K [0x000000076b800000, 0x00000007bd700000, 0x00000007c0000000)
  eden space 811520K, 100% used [0x000000076b800000,0x000000079d080000,0x000000079d080000)
  from space 6656K, 2% used [0x00000007bca00000,0x00000007bca30000,0x00000007bd080000)
  to   space 6144K, 0% used [0x00000007bd100000,0x00000007bd100000,0x00000007bd700000)
 ParOldGen       total 173568K, used 20145K [0x00000006c2800000, 0x00000006cd180000, 0x000000076b800000)
  object space 173568K, 11% used [0x00000006c2800000,0x00000006c3bac4f0,0x00000006cd180000)
 Metaspace       used 8369K, capacity 8710K, committed 8960K, reserved 1056768K
  class space    used 659K, capacity 690K, committed 768K, reserved 1048576K
Event: 13.078 GC heap after
Heap after GC invocations=24 (full 0):
 PSYoungGen      total 774656K, used 224K [0x000000076b800000, 0x00000007bd180000, 0x00000007c0000000)
  eden space 774144K, 0% used [0x000000076b800000,0x000000076b800000,0x000000079ac00000)
  from space 512K, 43% used [0x00000007bd100000,0x00000007bd138000,0x00000007bd180000)
  to   space 6144K, 0% used [0x00000007bc580000,0x00000007bc580000,0x00000007bcb80000)
 ParOldGen       total 173568K, used 20161K [0x00000006c2800000, 0x00000006cd180000, 0x000000076b800000)
  object space 173568K, 11% used [0x00000006c2800000,0x00000006c3bb04f0,0x00000006cd180000)
 Metaspace       used 8369K, capacity 8710K, committed 8960K, reserved 1056768K
  class space    used 659K, capacity 690K, committed 768K, reserved 1048576K
}
Event: 13.903 GC heap before
{Heap before GC invocations=25 (full 0):
 PSYoungGen      total 774656K, used 774368K [0x000000076b800000, 0x00000007bd180000, 0x00000007c0000000)
  eden space 774144K, 100% used [0x000000076b800000,0x000000079ac00000,0x000000079ac00000)
  from space 512K, 43% used [0x00000007bd100000,0x00000007bd138000,0x00000007bd180000)
  to   space 6144K, 0% used [0x00000007bc580000,0x00000007bc580000,0x00000007bcb80000)
 ParOldGen       total 173568K, used 20161K [0x00000006c2800000, 0x00000006cd180000, 0x000000076b800000)
  object space 173568K, 11% used [0x00000006c2800000,0x00000006c3bb04f0,0x00000006cd180000)
 Metaspace       used 8369K, capacity 8710K, committed 8960K, reserved 1056768K
  class space    used 659K, capacity 690K, committed 768K, reserved 1048576K
Event: 13.904 GC heap after
Heap after GC invocations=25 (full 0):
 PSYoungGen      total 744960K, used 224K [0x000000076b800000, 0x00000007bd180000, 0x00000007c0000000)
  eden space 738816K, 0% used [0x000000076b800000,0x000000076b800000,0x0000000798980000)
  from space 6144K, 3% used [0x00000007bc580000,0x00000007bc5b8000,0x00000007bcb80000)
  to   space 5632K, 0% used [0x00000007bcc00000,0x00000007bcc00000,0x00000007bd180000)
 ParOldGen       total 173568K, used 20169K [0x00000006c2800000, 0x00000006cd180000, 0x000000076b800000)
  object space 173568K, 11% used [0x00000006c2800000,0x00000006c3bb24f0,0x00000006cd180000)
 Metaspace       used 8369K, capacity 8710K, committed 8960K, reserved 1056768K
  class space    used 659K, capacity 690K, committed 768K, reserved 1048576K
}

