# JRE version: Java(TM) SE Runtime Environment (8.0_65-b17) (build 1.8.0_65-b17)
# Java VM: Java HotSpot(TM) 64-Bit Server VM (25.65-b01 mixed mode windows-amd64 compressed oops)
Heap:
 PSYoungGen      total 1081856K, used 539990K [0x000000076b800000, 0x00000007bb200000, 0x00000007c0000000)
  eden space 1081344K, 49% used [0x000000076b800000,0x000000078c71da68,0x00000007ad800000)
  from space 512K, 43% used [0x00000007bb180000,0x00000007bb1b8000,0x00000007bb200000)
  to   space 10240K, 0% used [0x00000007b9e00000,0x00000007b9e00000,0x00000007ba800000)
 ParOldGen       total 173568K, used 36343K [0x00000006c2800000, 0x00000006cd180000, 0x000000076b800000)
  object space 173568K, 20% used [0x00000006c2800000,0x00000006c4b7dc18,0x00000006cd180000)
 Metaspace       used 8328K, capacity 8710K, committed 8960K, reserved 1056768K
  class space    used 658K, capacity 690K, committed 768K, reserved 1048576K
GC Heap History (10 events):
Event: 3.304 GC heap before
{Heap before GC invocations=18 (full 0):
 PSYoungGen      total 951296K, used 937696K [0x000000076b800000, 0x00000007bd400000, 0x00000007c0000000)
  eden space 937472K, 100% used [0x000000076b800000,0x00000007a4b80000,0x00000007a4b80000)
  from space 13824K, 1% used [0x00000007a4b80000,0x00000007a4bb8000,0x00000007a5900000)
  to   space 13312K, 0% used [0x00000007bc700000,0x00000007bc700000,0x00000007bd400000)
 ParOldGen       total 173568K, used 36343K [0x00000006c2800000, 0x00000006cd180000, 0x000000076b800000)
  object space 173568K, 20% used [0x00000006c2800000,0x00000006c4b7dc18,0x00000006cd180000)
 Metaspace       used 8297K, capacity 8710K, committed 8960K, reserved 1056768K
  class space    used 658K, capacity 690K, committed 768K, reserved 1048576K
Event: 3.305 GC heap after
Heap after GC invocations=18 (full 0):
 PSYoungGen      total 1325056K, used 160K [0x000000076b800000, 0x00000007bd300000, 0x00000007c0000000)
  eden space 1312768K, 0% used [0x000000076b800000,0x000000076b800000,0x00000007bba00000)
  from space 12288K, 1% used [0x00000007bc700000,0x00000007bc728000,0x00000007bd300000)
  to   space 12800K, 0% used [0x00000007bba00000,0x00000007bba00000,0x00000007bc680000)
 ParOldGen       total 173568K, used 36343K [0x00000006c2800000, 0x00000006cd180000, 0x000000076b800000)
  object space 173568K, 20% used [0x00000006c2800000,0x00000006c4b7dc18,0x00000006cd180000)
 Metaspace       used 8297K, capacity 8710K, committed 8960K, reserved 1056768K
  class space    used 658K, capacity 690K, committed 768K, reserved 1048576K
}
Event: 3.973 GC heap before
{Heap before GC invocations=19 (full 0):
 PSYoungGen      total 1325056K, used 1312928K [0x000000076b800000, 0x00000007bd300000, 0x00000007c0000000)
  eden space 1312768K, 100% used [0x000000076b800000,0x00000007bba00000,0x00000007bba00000)
  from space 12288K, 1% used [0x00000007bc700000,0x00000007bc728000,0x00000007bd300000)
  to   space 12800K, 0% used [0x00000007bba00000,0x00000007bba00000,0x00000007bc680000)
 ParOldGen       total 173568K, used 36343K [0x00000006c2800000, 0x00000006cd180000, 0x000000076b800000)
  object space 173568K, 20% used [0x00000006c2800000,0x00000006c4b7dc18,0x00000006cd180000)
 Metaspace       used 8303K, capacity 8710K, committed 8960K, reserved 1056768K
  class space    used 658K, capacity 690K, committed 768K, reserved 1048576K
Event: 3.974 GC heap after
Heap after GC invocations=19 (full 0):
 PSYoungGen      total 1250816K, used 192K [0x000000076b800000, 0x00000007bc780000, 0x00000007c0000000)
  eden space 1250304K, 0% used [0x000000076b800000,0x000000076b800000,0x00000007b7d00000)
  from space 512K, 37% used [0x00000007bba00000,0x00000007bba30000,0x00000007bba80000)
  to   space 12288K, 0% used [0x00000007bbb80000,0x00000007bbb80000,0x00000007bc780000)
 ParOldGen       total 173568K, used 36343K [0x00000006c2800000, 0x00000006cd180000, 0x000000076b800000)
  object space 173568K, 20% used [0x00000006c2800000,0x00000006c4b7dc18,0x00000006cd180000)
 Metaspace       used 8303K, capacity 8710K, committed 8960K, reserved 1056768K
  class space    used 658K, capacity 690K, committed 768K, reserved 1048576K
}
Event: 4.627 GC heap before
{Heap before GC invocations=20 (full 0):
 PSYoungGen      total 1250816K, used 1250496K [0x000000076b800000, 0x00000007bc780000, 0x00000007c0000000)
  eden space 1250304K, 100% used [0x000000076b800000,0x00000007b7d00000,0x00000007b7d00000)
  from space 512K, 37% used [0x00000007bba00000,0x00000007bba30000,0x00000007bba80000)
  to   space 12288K, 0% used [0x00000007bbb80000,0x00000007bbb80000,0x00000007bc780000)
 ParOldGen       total 173568K, used 36343K [0x00000006c2800000, 0x00000006cd180000, 0x000000076b800000)
  object space 173568K, 20% used [0x00000006c2800000,0x00000006c4b7dc18,0x00000006cd180000)
 Metaspace       used 8311K, capacity 8710K, committed 8960K, reserved 1056768K
  class space    used 658K, capacity 690K, committed 768K, reserved 1048576K
Event: 4.634 GC heap after
Heap after GC invocations=20 (full 0):
 PSYoungGen      total 1191424K, used 224K [0x000000076b800000, 0x00000007bbc00000, 0x00000007c0000000)
  eden space 1190912K, 0% used [0x000000076b800000,0x000000076b800000,0x00000007b4300000)
  from space 512K, 43% used [0x00000007bbb80000,0x00000007bbbb8000,0x00000007bbc00000)
  to   space 11776K, 0% used [0x00000007ba500000,0x00000007ba500000,0x00000007bb080000)
 ParOldGen       total 173568K, used 36343K [0x00000006c2800000, 0x00000006cd180000, 0x000000076b800000)
  object space 173568K, 20% used [0x00000006c2800000,0x00000006c4b7dc18,0x00000006cd180000)
 Metaspace       used 8311K, capacity 8710K, committed 8960K, reserved 1056768K
  class space    used 658K, capacity 690K, committed 768K, reserved 1048576K
}
Event: 5.174 GC heap before
{Heap before GC invocations=21 (full 0):
 PSYoungGen      total 1191424K, used 1191136K [0x000000076b800000, 0x00000007bbc00000, 0x00000007c0000000)
  eden space 1190912K, 100% used [0x000000076b800000,0x00000007b4300000,0x00000007b4300000)
  from space 512K, 43% used [0x00000007bbb80000,0x00000007bbbb8000,0x00000007bbc00000)
  to   space 11776K, 0% used [0x00000007ba500000,0x00000007ba500000,0x00000007bb080000)
 ParOldGen       total 173568K, used 36343K [0x00000006c2800000, 0x00000006cd180000, 0x000000076b800000)
  object space 173568K, 20% used [0x00000006c2800000,0x00000006c4b7dc18,0x00000006cd180000)
 Metaspace       used 8312K, capacity 8710K, committed 8960K, reserved 1056768K
  class space    used 658K, capacity 690K, committed 768K, reserved 1048576K
Event: 5.174 GC heap after
Heap after GC invocations=21 (full 0):
 PSYoungGen      total 1146368K, used 160K [0x000000076b800000, 0x00000007bbc00000, 0x00000007c0000000)
  eden space 1134592K, 0% used [0x000000076b800000,0x000000076b800000,0x00000007b0c00000)
  from space 11776K, 1% used [0x00000007ba500000,0x00000007ba528000,0x00000007bb080000)
  to   space 10752K, 0% used [0x00000007bb180000,0x00000007bb180000,0x00000007bbc00000)
 ParOldGen       total 173568K, used 36343K [0x00000006c2800000, 0x00000006cd180000, 0x000000076b800000)
  object space 173568K, 20% used [0x00000006c2800000,0x00000006c4b7dc18,0x00000006cd180000)
 Metaspace       used 8312K, capacity 8710K, committed 8960K, reserved 1056768K
  class space    used 658K, capacity 690K, committed 768K, reserved 1048576K
}
Event: 5.770 GC heap before
{Heap before GC invocations=22 (full 0):
 PSYoungGen      total 1146368K, used 1134752K [0x000000076b800000, 0x00000007bbc00000, 0x00000007c0000000)
  eden space 1134592K, 100% used [0x000000076b800000,0x00000007b0c00000,0x00000007b0c00000)
  from space 11776K, 1% used [0x00000007ba500000,0x00000007ba528000,0x00000007bb080000)
  to   space 10752K, 0% used [0x00000007bb180000,0x00000007bb180000,0x00000007bbc00000)
 ParOldGen       total 173568K, used 36343K [0x00000006c2800000, 0x00000006cd180000, 0x000000076b800000)
  object space 173568K, 20% used [0x00000006c2800000,0x00000006c4b7dc18,0x00000006cd180000)
 Metaspace       used 8328K, capacity 8710K, committed 8960K, reserved 1056768K
  class space    used 658K, capacity 690K, committed 768K, reserved 1048576K
Event: 5.770 GC heap after
Heap after GC invocations=22 (full 0):
 PSYoungGen      total 1081856K, used 224K [0x000000076b800000, 0x00000007bb200000, 0x00000007c0000000)
  eden space 1081344K, 0% used [0x000000076b800000,0x000000076b800000,0x00000007ad800000)
  from space 512K, 43% used [0x00000007bb180000,0x00000007bb1b8000,0x00000007bb200000)
  to   space 10240K, 0% used [0x00000007b9e00000,0x00000007b9e00000,0x00000007ba800000)
 ParOldGen       total 173568K, used 36343K [0x00000006c2800000, 0x00000006cd180000, 0x000000076b800000)
  object space 173568K, 20% used [0x00000006c2800000,0x00000006c4b7dc18,0x00000006cd180000)
 Metaspace       used 8328K, capacity 8710K, committed 8960K, reserved 1056768K
  class space    used 658K, capacity 690K, committed 768K, reserved 1048576K
}

