# JRE version: Java(TM) SE Runtime Environment (8.0_65-b17) (build 1.8.0_65-b17)
# Java VM: Java HotSpot(TM) 64-Bit Server VM (25.65-b01 mixed mode windows-amd64 compressed oops)
Heap:
 PSYoungGen      total 1369088K, used 1135712K [0x000000076b800000, 0x00000007bfe00000, 0x00000007c0000000)
  eden space 1355776K, 83% used [0x000000076b800000,0x00000007b0ce0108,0x00000007be400000)
  from space 13312K, 1% used [0x00000007bf100000,0x00000007bf138000,0x00000007bfe00000)
  to   space 13312K, 0% used [0x00000007be400000,0x00000007be400000,0x00000007bf100000)
 ParOldGen       total 173568K, used 36677K [0x00000006c2800000, 0x00000006cd180000, 0x000000076b800000)
  object space 173568K, 21% used [0x00000006c2800000,0x00000006c4bd1470,0x00000006cd180000)
 Metaspace       used 8311K, capacity 8710K, committed 8960K, reserved 1056768K
  class space    used 659K, capacity 690K, committed 768K, reserved 1048576K
GC Heap History (10 events):
Event: 1.643 GC heap before
{Heap before GC invocations=12 (full 0):
 PSYoungGen      total 421376K, used 405248K [0x000000076b800000, 0x0000000795000000, 0x00000007c0000000)
  eden space 404992K, 100% used [0x000000076b800000,0x0000000784380000,0x0000000784380000)
  from space 16384K, 1% used [0x0000000784380000,0x00000007843c0000,0x0000000785380000)
  to   space 15872K, 0% used [0x0000000794080000,0x0000000794080000,0x0000000795000000)
 ParOldGen       total 173568K, used 36581K [0x00000006c2800000, 0x00000006cd180000, 0x000000076b800000)
  object space 173568K, 21% used [0x00000006c2800000,0x00000006c4bb9470,0x00000006cd180000)
 Metaspace       used 8266K, capacity 8646K, committed 8960K, reserved 1056768K
  class space    used 659K, capacity 690K, committed 768K, reserved 1048576K
Event: 1.644 GC heap after
Heap after GC invocations=12 (full 0):
 PSYoungGen      total 663040K, used 256K [0x000000076b800000, 0x0000000794f00000, 0x00000007c0000000)
  eden space 648192K, 0% used [0x000000076b800000,0x000000076b800000,0x0000000793100000)
  from space 14848K, 1% used [0x0000000794080000,0x00000007940c0000,0x0000000794f00000)
  to   space 15360K, 0% used [0x0000000793100000,0x0000000793100000,0x0000000794000000)
 ParOldGen       total 173568K, used 36629K [0x00000006c2800000, 0x00000006cd180000, 0x000000076b800000)
  object space 173568K, 21% used [0x00000006c2800000,0x00000006c4bc5470,0x00000006cd180000)
 Metaspace       used 8266K, capacity 8646K, committed 8960K, reserved 1056768K
  class space    used 659K, capacity 690K, committed 768K, reserved 1048576K
}
Event: 2.184 GC heap before
{Heap before GC invocations=13 (full 0):
 PSYoungGen      total 663040K, used 648448K [0x000000076b800000, 0x0000000794f00000, 0x00000007c0000000)
  eden space 648192K, 100% used [0x000000076b800000,0x0000000793100000,0x0000000793100000)
  from space 14848K, 1% used [0x0000000794080000,0x00000007940c0000,0x0000000794f00000)
  to   space 15360K, 0% used [0x0000000793100000,0x0000000793100000,0x0000000794000000)
 ParOldGen       total 173568K, used 36629K [0x00000006c2800000, 0x00000006cd180000, 0x000000076b800000)
  object space 173568K, 21% used [0x00000006c2800000,0x00000006c4bc5470,0x00000006cd180000)
 Metaspace       used 8275K, capacity 8646K, committed 8960K, reserved 1056768K
  class space    used 659K, capacity 690K, committed 768K, reserved 1048576K
Event: 2.185 GC heap after
Heap after GC invocations=13 (full 0):
 PSYoungGen      total 663552K, used 224K [0x000000076b800000, 0x00000007acb00000, 0x00000007c0000000)
  eden space 648192K, 0% used [0x000000076b800000,0x000000076b800000,0x0000000793100000)
  from space 15360K, 1% used [0x0000000793100000,0x0000000793138000,0x0000000794000000)
  to   space 15360K, 0% used [0x00000007abc00000,0x00000007abc00000,0x00000007acb00000)
 ParOldGen       total 173568K, used 36637K [0x00000006c2800000, 0x00000006cd180000, 0x000000076b800000)
  object space 173568K, 21% used [0x00000006c2800000,0x00000006c4bc7470,0x00000006cd180000)
 Metaspace       used 8275K, capacity 8646K, committed 8960K, reserved 1056768K
  class space    used 659K, capacity 690K, committed 768K, reserved 1048576K
}
Event: 2.664 GC heap before
{Heap before GC invocations=14 (full 0):
 PSYoungGen      total 663552K, used 648416K [0x000000076b800000, 0x00000007acb00000, 0x00000007c0000000)
  eden space 648192K, 100% used [0x000000076b800000,0x0000000793100000,0x0000000793100000)
  from space 15360K, 1% used [0x0000000793100000,0x0000000793138000,0x0000000794000000)
  to   space 15360K, 0% used [0x00000007abc00000,0x00000007abc00000,0x00000007acb00000)
 ParOldGen       total 173568K, used 36637K [0x00000006c2800000, 0x00000006cd180000, 0x000000076b800000)
  object space 173568K, 21% used [0x00000006c2800000,0x00000006c4bc7470,0x00000006cd180000)
 Metaspace       used 8298K, capacity 8710K, committed 8960K, reserved 1056768K
  class space    used 659K, capacity 690K, committed 768K, reserved 1048576K
Event: 2.665 GC heap after
Heap after GC invocations=14 (full 0):
 PSYoungGen      total 1051648K, used 224K [0x000000076b800000, 0x00000007aca00000, 0x00000007c0000000)
  eden space 1037312K, 0% used [0x000000076b800000,0x000000076b800000,0x00000007aad00000)
  from space 14336K, 1% used [0x00000007abc00000,0x00000007abc38000,0x00000007aca00000)
  to   space 14848K, 0% used [0x00000007aad00000,0x00000007aad00000,0x00000007abb80000)
 ParOldGen       total 173568K, used 36653K [0x00000006c2800000, 0x00000006cd180000, 0x000000076b800000)
  object space 173568K, 21% used [0x00000006c2800000,0x00000006c4bcb470,0x00000006cd180000)
 Metaspace       used 8298K, capacity 8710K, committed 8960K, reserved 1056768K
  class space    used 659K, capacity 690K, committed 768K, reserved 1048576K
}
Event: 3.482 GC heap before
{Heap before GC invocations=15 (full 0):
 PSYoungGen      total 1051648K, used 1037536K [0x000000076b800000, 0x00000007aca00000, 0x00000007c0000000)
  eden space 1037312K, 100% used [0x000000076b800000,0x00000007aad00000,0x00000007aad00000)
  from space 14336K, 1% used [0x00000007abc00000,0x00000007abc38000,0x00000007aca00000)
  to   space 14848K, 0% used [0x00000007aad00000,0x00000007aad00000,0x00000007abb80000)
 ParOldGen       total 173568K, used 36653K [0x00000006c2800000, 0x00000006cd180000, 0x000000076b800000)
  object space 173568K, 21% used [0x00000006c2800000,0x00000006c4bcb470,0x00000006cd180000)
 Metaspace       used 8310K, capacity 8710K, committed 8960K, reserved 1056768K
  class space    used 659K, capacity 690K, committed 768K, reserved 1048576K
Event: 3.483 GC heap after
Heap after GC invocations=15 (full 0):
 PSYoungGen      total 1052160K, used 224K [0x000000076b800000, 0x00000007bfe80000, 0x00000007c0000000)
  eden space 1037312K, 0% used [0x000000076b800000,0x000000076b800000,0x00000007aad00000)
  from space 14848K, 1% used [0x00000007aad00000,0x00000007aad38000,0x00000007abb80000)
  to   space 13824K, 0% used [0x00000007bf100000,0x00000007bf100000,0x00000007bfe80000)
 ParOldGen       total 173568K, used 36677K [0x00000006c2800000, 0x00000006cd180000, 0x000000076b800000)
  object space 173568K, 21% used [0x00000006c2800000,0x00000006c4bd1470,0x00000006cd180000)
 Metaspace       used 8310K, capacity 8710K, committed 8960K, reserved 1056768K
  class space    used 659K, capacity 690K, committed 768K, reserved 1048576K
}
Event: 4.296 GC heap before
{Heap before GC invocations=16 (full 0):
 PSYoungGen      total 1052160K, used 1037536K [0x000000076b800000, 0x00000007bfe80000, 0x00000007c0000000)
  eden space 1037312K, 100% used [0x000000076b800000,0x00000007aad00000,0x00000007aad00000)
  from space 14848K, 1% used [0x00000007aad00000,0x00000007aad38000,0x00000007abb80000)
  to   space 13824K, 0% used [0x00000007bf100000,0x00000007bf100000,0x00000007bfe80000)
 ParOldGen       total 173568K, used 36677K [0x00000006c2800000, 0x00000006cd180000, 0x000000076b800000)
  object space 173568K, 21% used [0x00000006c2800000,0x00000006c4bd1470,0x00000006cd180000)
 Metaspace       used 8310K, capacity 8710K, committed 8960K, reserved 1056768K
  class space    used 659K, capacity 690K, committed 768K, reserved 1048576K
Event: 4.296 GC heap after
Heap after GC invocations=16 (full 0):
 PSYoungGen      total 1369088K, used 224K [0x000000076b800000, 0x00000007bfe00000, 0x00000007c0000000)
  eden space 1355776K, 0% used [0x000000076b800000,0x000000076b800000,0x00000007be400000)
  from space 13312K, 1% used [0x00000007bf100000,0x00000007bf138000,0x00000007bfe00000)
  to   space 13312K, 0% used [0x00000007be400000,0x00000007be400000,0x00000007bf100000)
 ParOldGen       total 173568K, used 36677K [0x00000006c2800000, 0x00000006cd180000, 0x000000076b800000)
  object space 173568K, 21% used [0x00000006c2800000,0x00000006c4bd1470,0x00000006cd180000)
 Metaspace       used 8310K, capacity 8710K, committed 8960K, reserved 1056768K
  class space    used 659K, capacity 690K, committed 768K, reserved 1048576K
}

