# JRE version: Java(TM) SE Runtime Environment (8.0_65-b17) (build 1.8.0_65-b17)
# Java VM: Java HotSpot(TM) 64-Bit Server VM (25.65-b01 mixed mode windows-amd64 compressed oops)
Heap:
 PSYoungGen      total 125440K, used 51955K [0x000000076b800000, 0x000000079da00000, 0x00000007c0000000)
  eden space 124928K, 41% used [0x000000076b800000,0x000000076eaacc68,0x0000000773200000)
  from space 512K, 12% used [0x000000079d900000,0x000000079d910000,0x000000079d980000)
  to   space 512K, 0% used [0x000000079d980000,0x000000079d980000,0x000000079da00000)
 ParOldGen       total 173568K, used 1280K [0x00000006c2800000, 0x00000006cd180000, 0x000000076b800000)
  object space 173568K, 0% used [0x00000006c2800000,0x00000006c2940050,0x00000006cd180000)
 Metaspace       used 7547K, capacity 8390K, committed 8576K, reserved 1056768K
  class space    used 583K, capacity 626K, committed 640K, reserved 1048576K
GC Heap History (10 events):
Event: 8.015 GC heap before
{Heap before GC invocations=125 (full 0):
 PSYoungGen      total 117760K, used 117280K [0x000000076b800000, 0x000000079da00000, 0x00000007c0000000)
  eden space 117248K, 100% used [0x000000076b800000,0x0000000772a80000,0x0000000772a80000)
  from space 512K, 6% used [0x000000079d980000,0x000000079d988000,0x000000079da00000)
  to   space 512K, 0% used [0x000000079d900000,0x000000079d900000,0x000000079d980000)
 ParOldGen       total 173568K, used 1280K [0x00000006c2800000, 0x00000006cd180000, 0x000000076b800000)
  object space 173568K, 0% used [0x00000006c2800000,0x00000006c2940050,0x00000006cd180000)
 Metaspace       used 7547K, capacity 8390K, committed 8576K, reserved 1056768K
  class space    used 583K, capacity 626K, committed 640K, reserved 1048576K
Event: 8.016 GC heap after
Heap after GC invocations=125 (full 0):
 PSYoungGen      total 114176K, used 64K [0x000000076b800000, 0x000000079da00000, 0x00000007c0000000)
  eden space 113664K, 0% used [0x000000076b800000,0x000000076b800000,0x0000000772700000)
  from space 512K, 12% used [0x000000079d900000,0x000000079d910000,0x000000079d980000)
  to   space 512K, 0% used [0x000000079d980000,0x000000079d980000,0x000000079da00000)
 ParOldGen       total 173568K, used 1280K [0x00000006c2800000, 0x00000006cd180000, 0x000000076b800000)
  object space 173568K, 0% used [0x00000006c2800000,0x00000006c2940050,0x00000006cd180000)
 Metaspace       used 7547K, capacity 8390K, committed 8576K, reserved 1056768K
  class space    used 583K, capacity 626K, committed 640K, reserved 1048576K
}
Event: 8.065 GC heap before
{Heap before GC invocations=126 (full 0):
 PSYoungGen      total 114176K, used 113728K [0x000000076b800000, 0x000000079da00000, 0x00000007c0000000)
  eden space 113664K, 100% used [0x000000076b800000,0x0000000772700000,0x0000000772700000)
  from space 512K, 12% used [0x000000079d900000,0x000000079d910000,0x000000079d980000)
  to   space 512K, 0% used [0x000000079d980000,0x000000079d980000,0x000000079da00000)
 ParOldGen       total 173568K, used 1280K [0x00000006c2800000, 0x00000006cd180000, 0x000000076b800000)
  object space 173568K, 0% used [0x00000006c2800000,0x00000006c2940050,0x00000006cd180000)
 Metaspace       used 7547K, capacity 8390K, committed 8576K, reserved 1056768K
  class space    used 583K, capacity 626K, committed 640K, reserved 1048576K
Event: 8.066 GC heap after
Heap after GC invocations=126 (full 0):
 PSYoungGen      total 110592K, used 32K [0x000000076b800000, 0x000000079da00000, 0x00000007c0000000)
  eden space 110080K, 0% used [0x000000076b800000,0x000000076b800000,0x0000000772380000)
  from space 512K, 6% used [0x000000079d980000,0x000000079d988000,0x000000079da00000)
  to   space 512K, 0% used [0x000000079d900000,0x000000079d900000,0x000000079d980000)
 ParOldGen       total 173568K, used 1280K [0x00000006c2800000, 0x00000006cd180000, 0x000000076b800000)
  object space 173568K, 0% used [0x00000006c2800000,0x00000006c2940050,0x00000006cd180000)
 Metaspace       used 7547K, capacity 8390K, committed 8576K, reserved 1056768K
  class space    used 583K, capacity 626K, committed 640K, reserved 1048576K
}
Event: 8.114 GC heap before
{Heap before GC invocations=127 (full 0):
 PSYoungGen      total 110592K, used 110112K [0x000000076b800000, 0x000000079da00000, 0x00000007c0000000)
  eden space 110080K, 100% used [0x000000076b800000,0x0000000772380000,0x0000000772380000)
  from space 512K, 6% used [0x000000079d980000,0x000000079d988000,0x000000079da00000)
  to   space 512K, 0% used [0x000000079d900000,0x000000079d900000,0x000000079d980000)
 ParOldGen       total 173568K, used 1280K [0x00000006c2800000, 0x00000006cd180000, 0x000000076b800000)
  object space 173568K, 0% used [0x00000006c2800000,0x00000006c2940050,0x00000006cd180000)
 Metaspace       used 7547K, capacity 8390K, committed 8576K, reserved 1056768K
  class space    used 583K, capacity 626K, committed 640K, reserved 1048576K
Event: 8.114 GC heap after
Heap after GC invocations=127 (full 0):
 PSYoungGen      total 107520K, used 32K [0x000000076b800000, 0x000000079da00000, 0x00000007c0000000)
  eden space 107008K, 0% used [0x000000076b800000,0x000000076b800000,0x0000000772080000)
  from space 512K, 6% used [0x000000079d900000,0x000000079d908000,0x000000079d980000)
  to   space 512K, 0% used [0x000000079d980000,0x000000079d980000,0x000000079da00000)
 ParOldGen       total 173568K, used 1280K [0x00000006c2800000, 0x00000006cd180000, 0x000000076b800000)
  object space 173568K, 0% used [0x00000006c2800000,0x00000006c2940050,0x00000006cd180000)
 Metaspace       used 7547K, capacity 8390K, committed 8576K, reserved 1056768K
  class space    used 583K, capacity 626K, committed 640K, reserved 1048576K
}
Event: 8.151 GC heap before
{Heap before GC invocations=128 (full 0):
 PSYoungGen      total 107520K, used 107040K [0x000000076b800000, 0x000000079da00000, 0x00000007c0000000)
  eden space 107008K, 100% used [0x000000076b800000,0x0000000772080000,0x0000000772080000)
  from space 512K, 6% used [0x000000079d900000,0x000000079d908000,0x000000079d980000)
  to   space 512K, 0% used [0x000000079d980000,0x000000079d980000,0x000000079da00000)
 ParOldGen       total 173568K, used 1280K [0x00000006c2800000, 0x00000006cd180000, 0x000000076b800000)
  object space 173568K, 0% used [0x00000006c2800000,0x00000006c2940050,0x00000006cd180000)
 Metaspace       used 7547K, capacity 8390K, committed 8576K, reserved 1056768K
  class space    used 583K, capacity 626K, committed 640K, reserved 1048576K
Event: 8.152 GC heap after
Heap after GC invocations=128 (full 0):
 PSYoungGen      total 104448K, used 64K [0x000000076b800000, 0x000000079da00000, 0x00000007c0000000)
  eden space 103936K, 0% used [0x000000076b800000,0x000000076b800000,0x0000000771d80000)
  from space 512K, 12% used [0x000000079d980000,0x000000079d990000,0x000000079da00000)
  to   space 512K, 0% used [0x000000079d900000,0x000000079d900000,0x000000079d980000)
 ParOldGen       total 173568K, used 1280K [0x00000006c2800000, 0x00000006cd180000, 0x000000076b800000)
  object space 173568K, 0% used [0x00000006c2800000,0x00000006c2940050,0x00000006cd180000)
 Metaspace       used 7547K, capacity 8390K, committed 8576K, reserved 1056768K
  class space    used 583K, capacity 626K, committed 640K, reserved 1048576K
}
Event: 8.186 GC heap before
{Heap before GC invocations=129 (full 0):
 PSYoungGen      total 104448K, used 104000K [0x000000076b800000, 0x000000079da00000, 0x00000007c0000000)
  eden space 103936K, 100% used [0x000000076b800000,0x0000000771d80000,0x0000000771d80000)
  from space 512K, 12% used [0x000000079d980000,0x000000079d990000,0x000000079da00000)
  to   space 512K, 0% used [0x000000079d900000,0x000000079d900000,0x000000079d980000)
 ParOldGen       total 173568K, used 1280K [0x00000006c2800000, 0x00000006cd180000, 0x000000076b800000)
  object space 173568K, 0% used [0x00000006c2800000,0x00000006c2940050,0x00000006cd180000)
 Metaspace       used 7547K, capacity 8390K, committed 8576K, reserved 1056768K
  class space    used 583K, capacity 626K, committed 640K, reserved 1048576K
Event: 8.187 GC heap after
Heap after GC invocations=129 (full 0):
 PSYoungGen      total 125440K, used 64K [0x000000076b800000, 0x000000079da00000, 0x00000007c0000000)
  eden space 124928K, 0% used [0x000000076b800000,0x000000076b800000,0x0000000773200000)
  from space 512K, 12% used [0x000000079d900000,0x000000079d910000,0x000000079d980000)
  to   space 512K, 0% used [0x000000079d980000,0x000000079d980000,0x000000079da00000)
 ParOldGen       total 173568K, used 1280K [0x00000006c2800000, 0x00000006cd180000, 0x000000076b800000)
  object space 173568K, 0% used [0x00000006c2800000,0x00000006c2940050,0x00000006cd180000)
 Metaspace       used 7547K, capacity 8390K, committed 8576K, reserved 1056768K
  class space    used 583K, capacity 626K, committed 640K, reserved 1048576K
}

