# JRE version: Java(TM) SE Runtime Environment (8.0_65-b17) (build 1.8.0_65-b17)
# Java VM: Java HotSpot(TM) 64-Bit Server VM (25.65-b01 mixed mode windows-amd64 compressed oops)
Heap:
 PSYoungGen      total 1139200K, used 369645K [0x000000076b800000, 0x00000007bb500000, 0x00000007c0000000)
  eden space 1129472K, 32% used [0x000000076b800000,0x00000007820bb4b0,0x00000007b0700000)
  from space 9728K, 2% used [0x00000007ba200000,0x00000007ba240000,0x00000007bab80000)
  to   space 9216K, 0% used [0x00000007bac00000,0x00000007bac00000,0x00000007bb500000)
 ParOldGen       total 173568K, used 20298K [0x00000006c2800000, 0x00000006cd180000, 0x000000076b800000)
  object space 173568K, 11% used [0x00000006c2800000,0x00000006c3bd2820,0x00000006cd180000)
 Metaspace       used 8335K, capacity 8710K, committed 8960K, reserved 1056768K
  class space    used 658K, capacity 690K, committed 768K, reserved 1048576K
GC Heap History (10 events):
Event: 2.335 GC heap before
{Heap before GC invocations=11 (full 0):
 PSYoungGen      total 827392K, used 816352K [0x000000076b800000, 0x000000079eb00000, 0x00000007c0000000)
  eden space 816128K, 100% used [0x000000076b800000,0x000000079d500000,0x000000079d500000)
  from space 11264K, 1% used [0x000000079e000000,0x000000079e038000,0x000000079eb00000)
  to   space 11264K, 0% used [0x000000079d500000,0x000000079d500000,0x000000079e000000)
 ParOldGen       total 173568K, used 20226K [0x00000006c2800000, 0x00000006cd180000, 0x000000076b800000)
  object space 173568K, 11% used [0x00000006c2800000,0x00000006c3bc0820,0x00000006cd180000)
 Metaspace       used 8273K, capacity 8646K, committed 8960K, reserved 1056768K
  class space    used 658K, capacity 690K, committed 768K, reserved 1048576K
Event: 2.336 GC heap after
Heap after GC invocations=11 (full 0):
 PSYoungGen      total 827392K, used 224K [0x000000076b800000, 0x00000007bc880000, 0x00000007c0000000)
  eden space 816128K, 0% used [0x000000076b800000,0x000000076b800000,0x000000079d500000)
  from space 11264K, 1% used [0x000000079d500000,0x000000079d538000,0x000000079e000000)
  to   space 10752K, 0% used [0x00000007bbe00000,0x00000007bbe00000,0x00000007bc880000)
 ParOldGen       total 173568K, used 20282K [0x00000006c2800000, 0x00000006cd180000, 0x000000076b800000)
  object space 173568K, 11% used [0x00000006c2800000,0x00000006c3bce820,0x00000006cd180000)
 Metaspace       used 8273K, capacity 8646K, committed 8960K, reserved 1056768K
  class space    used 658K, capacity 690K, committed 768K, reserved 1048576K
}
Event: 2.955 GC heap before
{Heap before GC invocations=12 (full 0):
 PSYoungGen      total 827392K, used 816352K [0x000000076b800000, 0x00000007bc880000, 0x00000007c0000000)
  eden space 816128K, 100% used [0x000000076b800000,0x000000079d500000,0x000000079d500000)
  from space 11264K, 1% used [0x000000079d500000,0x000000079d538000,0x000000079e000000)
  to   space 10752K, 0% used [0x00000007bbe00000,0x00000007bbe00000,0x00000007bc880000)
 ParOldGen       total 173568K, used 20282K [0x00000006c2800000, 0x00000006cd180000, 0x000000076b800000)
  object space 173568K, 11% used [0x00000006c2800000,0x00000006c3bce820,0x00000006cd180000)
 Metaspace       used 8296K, capacity 8710K, committed 8960K, reserved 1056768K
  class space    used 658K, capacity 690K, committed 768K, reserved 1048576K
Event: 2.956 GC heap after
Heap after GC invocations=12 (full 0):
 PSYoungGen      total 1316864K, used 224K [0x000000076b800000, 0x00000007bc880000, 0x00000007c0000000)
  eden space 1306112K, 0% used [0x000000076b800000,0x000000076b800000,0x00000007bb380000)
  from space 10752K, 2% used [0x00000007bbe00000,0x00000007bbe38000,0x00000007bc880000)
  to   space 10752K, 0% used [0x00000007bb380000,0x00000007bb380000,0x00000007bbe00000)
 ParOldGen       total 173568K, used 20290K [0x00000006c2800000, 0x00000006cd180000, 0x000000076b800000)
  object space 173568K, 11% used [0x00000006c2800000,0x00000006c3bd0820,0x00000006cd180000)
 Metaspace       used 8296K, capacity 8710K, committed 8960K, reserved 1056768K
  class space    used 658K, capacity 690K, committed 768K, reserved 1048576K
}
Event: 4.137 GC heap before
{Heap before GC invocations=13 (full 0):
 PSYoungGen      total 1316864K, used 1306336K [0x000000076b800000, 0x00000007bc880000, 0x00000007c0000000)
  eden space 1306112K, 100% used [0x000000076b800000,0x00000007bb380000,0x00000007bb380000)
  from space 10752K, 2% used [0x00000007bbe00000,0x00000007bbe38000,0x00000007bc880000)
  to   space 10752K, 0% used [0x00000007bb380000,0x00000007bb380000,0x00000007bbe00000)
 ParOldGen       total 173568K, used 20290K [0x00000006c2800000, 0x00000006cd180000, 0x000000076b800000)
  object space 173568K, 11% used [0x00000006c2800000,0x00000006c3bd0820,0x00000006cd180000)
 Metaspace       used 8306K, capacity 8710K, committed 8960K, reserved 1056768K
  class space    used 658K, capacity 690K, committed 768K, reserved 1048576K
Event: 4.137 GC heap after
Heap after GC invocations=13 (full 0):
 PSYoungGen      total 1244672K, used 224K [0x000000076b800000, 0x00000007bbe80000, 0x00000007c0000000)
  eden space 1244160K, 0% used [0x000000076b800000,0x000000076b800000,0x00000007b7700000)
  from space 512K, 43% used [0x00000007bb380000,0x00000007bb3b8000,0x00000007bb400000)
  to   space 10240K, 0% used [0x00000007bb480000,0x00000007bb480000,0x00000007bbe80000)
 ParOldGen       total 173568K, used 20298K [0x00000006c2800000, 0x00000006cd180000, 0x000000076b800000)
  object space 173568K, 11% used [0x00000006c2800000,0x00000006c3bd2820,0x00000006cd180000)
 Metaspace       used 8306K, capacity 8710K, committed 8960K, reserved 1056768K
  class space    used 658K, capacity 690K, committed 768K, reserved 1048576K
}
Event: 5.074 GC heap before
{Heap before GC invocations=14 (full 0):
 PSYoungGen      total 1244672K, used 1244384K [0x000000076b800000, 0x00000007bbe80000, 0x00000007c0000000)
  eden space 1244160K, 100% used [0x000000076b800000,0x00000007b7700000,0x00000007b7700000)
  from space 512K, 43% used [0x00000007bb380000,0x00000007bb3b8000,0x00000007bb400000)
  to   space 10240K, 0% used [0x00000007bb480000,0x00000007bb480000,0x00000007bbe80000)
 ParOldGen       total 173568K, used 20298K [0x00000006c2800000, 0x00000006cd180000, 0x000000076b800000)
  object space 173568K, 11% used [0x00000006c2800000,0x00000006c3bd2820,0x00000006cd180000)
 Metaspace       used 8313K, capacity 8710K, committed 8960K, reserved 1056768K
  class space    used 658K, capacity 690K, committed 768K, reserved 1048576K
Event: 5.075 GC heap after
Heap after GC invocations=14 (full 0):
 PSYoungGen      total 1185792K, used 192K [0x000000076b800000, 0x00000007bb500000, 0x00000007c0000000)
  eden space 1185280K, 0% used [0x000000076b800000,0x000000076b800000,0x00000007b3d80000)
  from space 512K, 37% used [0x00000007bb480000,0x00000007bb4b0000,0x00000007bb500000)
  to   space 9728K, 0% used [0x00000007ba200000,0x00000007ba200000,0x00000007bab80000)
 ParOldGen       total 173568K, used 20298K [0x00000006c2800000, 0x00000006cd180000, 0x000000076b800000)
  object space 173568K, 11% used [0x00000006c2800000,0x00000006c3bd2820,0x00000006cd180000)
 Metaspace       used 8313K, capacity 8710K, committed 8960K, reserved 1056768K
  class space    used 658K, capacity 690K, committed 768K, reserved 1048576K
}
Event: 6.099 GC heap before
{Heap before GC invocations=15 (full 0):
 PSYoungGen      total 1185792K, used 1185472K [0x000000076b800000, 0x00000007bb500000, 0x00000007c0000000)
  eden space 1185280K, 100% used [0x000000076b800000,0x00000007b3d80000,0x00000007b3d80000)
  from space 512K, 37% used [0x00000007bb480000,0x00000007bb4b0000,0x00000007bb500000)
  to   space 9728K, 0% used [0x00000007ba200000,0x00000007ba200000,0x00000007bab80000)
 ParOldGen       total 173568K, used 20298K [0x00000006c2800000, 0x00000006cd180000, 0x000000076b800000)
  object space 173568K, 11% used [0x00000006c2800000,0x00000006c3bd2820,0x00000006cd180000)
 Metaspace       used 8335K, capacity 8710K, committed 8960K, reserved 1056768K
  class space    used 658K, capacity 690K, committed 768K, reserved 1048576K
Event: 6.100 GC heap after
Heap after GC invocations=15 (full 0):
 PSYoungGen      total 1139200K, used 256K [0x000000076b800000, 0x00000007bb500000, 0x00000007c0000000)
  eden space 1129472K, 0% used [0x000000076b800000,0x000000076b800000,0x00000007b0700000)
  from space 9728K, 2% used [0x00000007ba200000,0x00000007ba240000,0x00000007bab80000)
  to   space 9216K, 0% used [0x00000007bac00000,0x00000007bac00000,0x00000007bb500000)
 ParOldGen       total 173568K, used 20298K [0x00000006c2800000, 0x00000006cd180000, 0x000000076b800000)
  object space 173568K, 11% used [0x00000006c2800000,0x00000006c3bd2820,0x00000006cd180000)
 Metaspace       used 8335K, capacity 8710K, committed 8960K, reserved 1056768K
  class space    used 658K, capacity 690K, committed 768K, reserved 1048576K
}

