# JRE version: Java(TM) SE Runtime Environment (8.0_65-b17) (build 1.8.0_65-b17)
# Java VM: Java HotSpot(TM) 64-Bit Server VM (25.65-b01 mixed mode windows-amd64 compressed oops)
Heap:
 PSYoungGen      total 47616K, used 28673K [0x000000076b800000, 0x0000000784080000, 0x00000007c0000000)
  eden space 47104K, 60% used [0x000000076b800000,0x000000076d3f04d0,0x000000076e600000)
  from space 512K, 12% used [0x0000000784000000,0x0000000784010000,0x0000000784080000)
  to   space 512K, 0% used [0x0000000783f80000,0x0000000783f80000,0x0000000784000000)
 ParOldGen       total 173568K, used 1356K [0x00000006c2800000, 0x00000006cd180000, 0x000000076b800000)
  object space 173568K, 0% used [0x00000006c2800000,0x00000006c29533b8,0x00000006cd180000)
 Metaspace       used 7976K, capacity 8550K, committed 8704K, reserved 1056768K
  class space    used 638K, capacity 658K, committed 768K, reserved 1048576K
GC Heap History (10 events):
Event: 13.342 GC heap before
{Heap before GC invocations=168 (full 0):
 PSYoungGen      total 51712K, used 51296K [0x000000076b800000, 0x0000000784080000, 0x00000007c0000000)
  eden space 51200K, 100% used [0x000000076b800000,0x000000076ea00000,0x000000076ea00000)
  from space 512K, 18% used [0x0000000783f80000,0x0000000783f98000,0x0000000784000000)
  to   space 512K, 0% used [0x0000000784000000,0x0000000784000000,0x0000000784080000)
 ParOldGen       total 173568K, used 1348K [0x00000006c2800000, 0x00000006cd180000, 0x000000076b800000)
  object space 173568K, 0% used [0x00000006c2800000,0x00000006c29513b8,0x00000006cd180000)
 Metaspace       used 7976K, capacity 8550K, committed 8704K, reserved 1056768K
  class space    used 638K, capacity 658K, committed 768K, reserved 1048576K
Event: 13.343 GC heap after
Heap after GC invocations=168 (full 0):
 PSYoungGen      total 50688K, used 64K [0x000000076b800000, 0x0000000784080000, 0x00000007c0000000)
  eden space 50176K, 0% used [0x000000076b800000,0x000000076b800000,0x000000076e900000)
  from space 512K, 12% used [0x0000000784000000,0x0000000784010000,0x0000000784080000)
  to   space 512K, 0% used [0x0000000783f80000,0x0000000783f80000,0x0000000784000000)
 ParOldGen       total 173568K, used 1348K [0x00000006c2800000, 0x00000006cd180000, 0x000000076b800000)
  object space 173568K, 0% used [0x00000006c2800000,0x00000006c29513b8,0x00000006cd180000)
 Metaspace       used 7976K, capacity 8550K, committed 8704K, reserved 1056768K
  class space    used 638K, capacity 658K, committed 768K, reserved 1048576K
}
Event: 13.389 GC heap before
{Heap before GC invocations=169 (full 0):
 PSYoungGen      total 50688K, used 50240K [0x000000076b800000, 0x0000000784080000, 0x00000007c0000000)
  eden space 50176K, 100% used [0x000000076b800000,0x000000076e900000,0x000000076e900000)
  from space 512K, 12% used [0x0000000784000000,0x0000000784010000,0x0000000784080000)
  to   space 512K, 0% used [0x0000000783f80000,0x0000000783f80000,0x0000000784000000)
 ParOldGen       total 173568K, used 1348K [0x00000006c2800000, 0x00000006cd180000, 0x000000076b800000)
  object space 173568K, 0% used [0x00000006c2800000,0x00000006c29513b8,0x00000006cd180000)
 Metaspace       used 7976K, capacity 8550K, committed 8704K, reserved 1056768K
  class space    used 638K, capacity 658K, committed 768K, reserved 1048576K
Event: 13.390 GC heap after
Heap after GC invocations=169 (full 0):
 PSYoungGen      total 49664K, used 64K [0x000000076b800000, 0x0000000784080000, 0x00000007c0000000)
  eden space 49152K, 0% used [0x000000076b800000,0x000000076b800000,0x000000076e800000)
  from space 512K, 12% used [0x0000000783f80000,0x0000000783f90000,0x0000000784000000)
  to   space 512K, 0% used [0x0000000784000000,0x0000000784000000,0x0000000784080000)
 ParOldGen       total 173568K, used 1348K [0x00000006c2800000, 0x00000006cd180000, 0x000000076b800000)
  object space 173568K, 0% used [0x00000006c2800000,0x00000006c29513b8,0x00000006cd180000)
 Metaspace       used 7976K, capacity 8550K, committed 8704K, reserved 1056768K
  class space    used 638K, capacity 658K, committed 768K, reserved 1048576K
}
Event: 13.449 GC heap before
{Heap before GC invocations=170 (full 0):
 PSYoungGen      total 49664K, used 49216K [0x000000076b800000, 0x0000000784080000, 0x00000007c0000000)
  eden space 49152K, 100% used [0x000000076b800000,0x000000076e800000,0x000000076e800000)
  from space 512K, 12% used [0x0000000783f80000,0x0000000783f90000,0x0000000784000000)
  to   space 512K, 0% used [0x0000000784000000,0x0000000784000000,0x0000000784080000)
 ParOldGen       total 173568K, used 1348K [0x00000006c2800000, 0x00000006cd180000, 0x000000076b800000)
  object space 173568K, 0% used [0x00000006c2800000,0x00000006c29513b8,0x00000006cd180000)
 Metaspace       used 7976K, capacity 8550K, committed 8704K, reserved 1056768K
  class space    used 638K, capacity 658K, committed 768K, reserved 1048576K
Event: 13.450 GC heap after
Heap after GC invocations=170 (full 0):
 PSYoungGen      total 48640K, used 64K [0x000000076b800000, 0x0000000784080000, 0x00000007c0000000)
  eden space 48128K, 0% used [0x000000076b800000,0x000000076b800000,0x000000076e700000)
  from space 512K, 12% used [0x0000000784000000,0x0000000784010000,0x0000000784080000)
  to   space 512K, 0% used [0x0000000783f80000,0x0000000783f80000,0x0000000784000000)
 ParOldGen       total 173568K, used 1348K [0x00000006c2800000, 0x00000006cd180000, 0x000000076b800000)
  object space 173568K, 0% used [0x00000006c2800000,0x00000006c29513b8,0x00000006cd180000)
 Metaspace       used 7976K, capacity 8550K, committed 8704K, reserved 1056768K
  class space    used 638K, capacity 658K, committed 768K, reserved 1048576K
}
Event: 13.505 GC heap before
{Heap before GC invocations=171 (full 0):
 PSYoungGen      total 48640K, used 48192K [0x000000076b800000, 0x0000000784080000, 0x00000007c0000000)
  eden space 48128K, 100% used [0x000000076b800000,0x000000076e700000,0x000000076e700000)
  from space 512K, 12% used [0x0000000784000000,0x0000000784010000,0x0000000784080000)
  to   space 512K, 0% used [0x0000000783f80000,0x0000000783f80000,0x0000000784000000)
 ParOldGen       total 173568K, used 1348K [0x00000006c2800000, 0x00000006cd180000, 0x000000076b800000)
  object space 173568K, 0% used [0x00000006c2800000,0x00000006c29513b8,0x00000006cd180000)
 Metaspace       used 7976K, capacity 8550K, committed 8704K, reserved 1056768K
  class space    used 638K, capacity 658K, committed 768K, reserved 1048576K
Event: 13.505 GC heap after
Heap after GC invocations=171 (full 0):
 PSYoungGen      total 48128K, used 32K [0x000000076b800000, 0x0000000784080000, 0x00000007c0000000)
  eden space 47616K, 0% used [0x000000076b800000,0x000000076b800000,0x000000076e680000)
  from space 512K, 6% used [0x0000000783f80000,0x0000000783f88000,0x0000000784000000)
  to   space 512K, 0% used [0x0000000784000000,0x0000000784000000,0x0000000784080000)
 ParOldGen       total 173568K, used 1356K [0x00000006c2800000, 0x00000006cd180000, 0x000000076b800000)
  object space 173568K, 0% used [0x00000006c2800000,0x00000006c29533b8,0x00000006cd180000)
 Metaspace       used 7976K, capacity 8550K, committed 8704K, reserved 1056768K
  class space    used 638K, capacity 658K, committed 768K, reserved 1048576K
}
Event: 13.559 GC heap before
{Heap before GC invocations=172 (full 0):
 PSYoungGen      total 48128K, used 47648K [0x000000076b800000, 0x0000000784080000, 0x00000007c0000000)
  eden space 47616K, 100% used [0x000000076b800000,0x000000076e680000,0x000000076e680000)
  from space 512K, 6% used [0x0000000783f80000,0x0000000783f88000,0x0000000784000000)
  to   space 512K, 0% used [0x0000000784000000,0x0000000784000000,0x0000000784080000)
 ParOldGen       total 173568K, used 1356K [0x00000006c2800000, 0x00000006cd180000, 0x000000076b800000)
  object space 173568K, 0% used [0x00000006c2800000,0x00000006c29533b8,0x00000006cd180000)
 Metaspace       used 7976K, capacity 8550K, committed 8704K, reserved 1056768K
  class space    used 638K, capacity 658K, committed 768K, reserved 1048576K
Event: 13.559 GC heap after
Heap after GC invocations=172 (full 0):
 PSYoungGen      total 47616K, used 64K [0x000000076b800000, 0x0000000784080000, 0x00000007c0000000)
  eden space 47104K, 0% used [0x000000076b800000,0x000000076b800000,0x000000076e600000)
  from space 512K, 12% used [0x0000000784000000,0x0000000784010000,0x0000000784080000)
  to   space 512K, 0% used [0x0000000783f80000,0x0000000783f80000,0x0000000784000000)
 ParOldGen       total 173568K, used 1356K [0x00000006c2800000, 0x00000006cd180000, 0x000000076b800000)
  object space 173568K, 0% used [0x00000006c2800000,0x00000006c29533b8,0x00000006cd180000)
 Metaspace       used 7976K, capacity 8550K, committed 8704K, reserved 1056768K
  class space    used 638K, capacity 658K, committed 768K, reserved 1048576K
}

