# JRE version: Java(TM) SE Runtime Environment (8.0_65-b17) (build 1.8.0_65-b17)
# Java VM: Java HotSpot(TM) 64-Bit Server VM (25.65-b01 mixed mode windows-amd64 compressed oops)
Heap:
 PSYoungGen      total 1336320K, used 979436K [0x000000076b800000, 0x00000007c0000000, 0x00000007c0000000)
  eden space 1326592K, 73% used [0x000000076b800000,0x00000007a7453318,0x00000007bc780000)
  from space 9728K, 1% used [0x00000007bc780000,0x00000007bc7a8000,0x00000007bd100000)
  to   space 9728K, 0% used [0x00000007bf680000,0x00000007bf680000,0x00000007c0000000)
 ParOldGen       total 173568K, used 21727K [0x00000006c2800000, 0x00000006cd180000, 0x000000076b800000)
  object space 173568K, 12% used [0x00000006c2800000,0x00000006c3d37cd8,0x00000006cd180000)
 Metaspace       used 8411K, capacity 8774K, committed 8960K, reserved 1056768K
  class space    used 661K, capacity 690K, committed 768K, reserved 1048576K
GC Heap History (10 events):
Event: 1.958 GC heap before
{Heap before GC invocations=9 (full 0):
 PSYoungGen      total 522240K, used 522226K [0x000000076b800000, 0x000000078bc00000, 0x00000007c0000000)
  eden space 519168K, 100% used [0x000000076b800000,0x000000078b300000,0x000000078b300000)
  from space 3072K, 99% used [0x000000078b700000,0x000000078b9fca40,0x000000078ba00000)
  to   space 4096K, 0% used [0x000000078b300000,0x000000078b300000,0x000000078b700000)
 ParOldGen       total 173568K, used 2066K [0x00000006c2800000, 0x00000006cd180000, 0x000000076b800000)
  object space 173568K, 1% used [0x00000006c2800000,0x00000006c2a04ac8,0x00000006cd180000)
 Metaspace       used 8231K, capacity 8646K, committed 8960K, reserved 1056768K
  class space    used 654K, capacity 690K, committed 768K, reserved 1048576K
Event: 1.962 GC heap after
Heap after GC invocations=9 (full 0):
 PSYoungGen      total 523264K, used 4089K [0x000000076b800000, 0x000000079ed80000, 0x00000007c0000000)
  eden space 519168K, 0% used [0x000000076b800000,0x000000076b800000,0x000000078b300000)
  from space 4096K, 99% used [0x000000078b300000,0x000000078b6fe5f8,0x000000078b700000)
  to   space 5120K, 0% used [0x000000079e880000,0x000000079e880000,0x000000079ed80000)
 ParOldGen       total 173568K, used 2378K [0x00000006c2800000, 0x00000006cd180000, 0x000000076b800000)
  object space 173568K, 1% used [0x00000006c2800000,0x00000006c2a52ac8,0x00000006cd180000)
 Metaspace       used 8231K, capacity 8646K, committed 8960K, reserved 1056768K
  class space    used 654K, capacity 690K, committed 768K, reserved 1048576K
}
Event: 2.297 GC heap before
{Heap before GC invocations=10 (full 0):
 PSYoungGen      total 523264K, used 523257K [0x000000076b800000, 0x000000079ed80000, 0x00000007c0000000)
  eden space 519168K, 100% used [0x000000076b800000,0x000000078b300000,0x000000078b300000)
  from space 4096K, 99% used [0x000000078b300000,0x000000078b6fe5f8,0x000000078b700000)
  to   space 5120K, 0% used [0x000000079e880000,0x000000079e880000,0x000000079ed80000)
 ParOldGen       total 173568K, used 2378K [0x00000006c2800000, 0x00000006cd180000, 0x000000076b800000)
  object space 173568K, 1% used [0x00000006c2800000,0x00000006c2a52ac8,0x00000006cd180000)
 Metaspace       used 8239K, capacity 8646K, committed 8960K, reserved 1056768K
  class space    used 654K, capacity 690K, committed 768K, reserved 1048576K
Event: 2.303 GC heap after
Heap after GC invocations=10 (full 0):
 PSYoungGen      total 834048K, used 5115K [0x000000076b800000, 0x000000079f180000, 0x00000007c0000000)
  eden space 828928K, 0% used [0x000000076b800000,0x000000076b800000,0x000000079e180000)
  from space 5120K, 99% used [0x000000079e880000,0x000000079ed7ee18,0x000000079ed80000)
  to   space 7168K, 0% used [0x000000079e180000,0x000000079e180000,0x000000079e880000)
 ParOldGen       total 173568K, used 5537K [0x00000006c2800000, 0x00000006cd180000, 0x000000076b800000)
  object space 173568K, 3% used [0x00000006c2800000,0x00000006c2d68538,0x00000006cd180000)
 Metaspace       used 8239K, capacity 8646K, committed 8960K, reserved 1056768K
  class space    used 654K, capacity 690K, committed 768K, reserved 1048576K
}
Event: 2.857 GC heap before
{Heap before GC invocations=11 (full 0):
 PSYoungGen      total 834048K, used 834043K [0x000000076b800000, 0x000000079f180000, 0x00000007c0000000)
  eden space 828928K, 100% used [0x000000076b800000,0x000000079e180000,0x000000079e180000)
  from space 5120K, 99% used [0x000000079e880000,0x000000079ed7ee18,0x000000079ed80000)
  to   space 7168K, 0% used [0x000000079e180000,0x000000079e180000,0x000000079e880000)
 ParOldGen       total 173568K, used 5537K [0x00000006c2800000, 0x00000006cd180000, 0x000000076b800000)
  object space 173568K, 3% used [0x00000006c2800000,0x00000006c2d68538,0x00000006cd180000)
 Metaspace       used 8239K, capacity 8646K, committed 8960K, reserved 1056768K
  class space    used 654K, capacity 690K, committed 768K, reserved 1048576K
Event: 2.866 GC heap after
Heap after GC invocations=11 (full 0):
 PSYoungGen      total 836096K, used 7157K [0x000000076b800000, 0x00000007bdb80000, 0x00000007c0000000)
  eden space 828928K, 0% used [0x000000076b800000,0x000000076b800000,0x000000079e180000)
  from space 7168K, 99% used [0x000000079e180000,0x000000079e87d7a0,0x000000079e880000)
  to   space 10240K, 0% used [0x00000007bd180000,0x00000007bd180000,0x00000007bdb80000)
 ParOldGen       total 173568K, used 10841K [0x00000006c2800000, 0x00000006cd180000, 0x000000076b800000)
  object space 173568K, 6% used [0x00000006c2800000,0x00000006c3296538,0x00000006cd180000)
 Metaspace       used 8239K, capacity 8646K, committed 8960K, reserved 1056768K
  class space    used 654K, capacity 690K, committed 768K, reserved 1048576K
}
Event: 3.509 GC heap before
{Heap before GC invocations=12 (full 0):
 PSYoungGen      total 836096K, used 836085K [0x000000076b800000, 0x00000007bdb80000, 0x00000007c0000000)
  eden space 828928K, 100% used [0x000000076b800000,0x000000079e180000,0x000000079e180000)
  from space 7168K, 99% used [0x000000079e180000,0x000000079e87d7a0,0x000000079e880000)
  to   space 10240K, 0% used [0x00000007bd180000,0x00000007bd180000,0x00000007bdb80000)
 ParOldGen       total 173568K, used 10841K [0x00000006c2800000, 0x00000006cd180000, 0x000000076b800000)
  object space 173568K, 6% used [0x00000006c2800000,0x00000006c3296538,0x00000006cd180000)
 Metaspace       used 8360K, capacity 8710K, committed 8960K, reserved 1056768K
  class space    used 661K, capacity 690K, committed 768K, reserved 1048576K
Event: 3.516 GC heap after
Heap after GC invocations=12 (full 0):
 PSYoungGen      total 1335808K, used 3840K [0x000000076b800000, 0x00000007bda80000, 0x00000007c0000000)
  eden space 1326592K, 0% used [0x000000076b800000,0x000000076b800000,0x00000007bc780000)
  from space 9216K, 41% used [0x00000007bd180000,0x00000007bd540000,0x00000007bda80000)
  to   space 9728K, 0% used [0x00000007bc780000,0x00000007bc780000,0x00000007bd100000)
 ParOldGen       total 173568K, used 17983K [0x00000006c2800000, 0x00000006cd180000, 0x000000076b800000)
  object space 173568K, 10% used [0x00000006c2800000,0x00000006c398fcd8,0x00000006cd180000)
 Metaspace       used 8360K, capacity 8710K, committed 8960K, reserved 1056768K
  class space    used 661K, capacity 690K, committed 768K, reserved 1048576K
}
Event: 4.212 GC heap before
{Heap before GC invocations=13 (full 0):
 PSYoungGen      total 1335808K, used 1330432K [0x000000076b800000, 0x00000007bda80000, 0x00000007c0000000)
  eden space 1326592K, 100% used [0x000000076b800000,0x00000007bc780000,0x00000007bc780000)
  from space 9216K, 41% used [0x00000007bd180000,0x00000007bd540000,0x00000007bda80000)
  to   space 9728K, 0% used [0x00000007bc780000,0x00000007bc780000,0x00000007bd100000)
 ParOldGen       total 173568K, used 17983K [0x00000006c2800000, 0x00000006cd180000, 0x000000076b800000)
  object space 173568K, 10% used [0x00000006c2800000,0x00000006c398fcd8,0x00000006cd180000)
 Metaspace       used 8399K, capacity 8774K, committed 8960K, reserved 1056768K
  class space    used 661K, capacity 690K, committed 768K, reserved 1048576K
Event: 4.215 GC heap after
Heap after GC invocations=13 (full 0):
 PSYoungGen      total 1336320K, used 160K [0x000000076b800000, 0x00000007c0000000, 0x00000007c0000000)
  eden space 1326592K, 0% used [0x000000076b800000,0x000000076b800000,0x00000007bc780000)
  from space 9728K, 1% used [0x00000007bc780000,0x00000007bc7a8000,0x00000007bd100000)
  to   space 9728K, 0% used [0x00000007bf680000,0x00000007bf680000,0x00000007c0000000)
 ParOldGen       total 173568K, used 21727K [0x00000006c2800000, 0x00000006cd180000, 0x000000076b800000)
  object space 173568K, 12% used [0x00000006c2800000,0x00000006c3d37cd8,0x00000006cd180000)
 Metaspace       used 8399K, capacity 8774K, committed 8960K, reserved 1056768K
  class space    used 661K, capacity 690K, committed 768K, reserved 1048576K
}

