# JRE version: Java(TM) SE Runtime Environment (8.0_65-b17) (build 1.8.0_65-b17)
# Java VM: Java HotSpot(TM) 64-Bit Server VM (25.65-b01 mixed mode windows-amd64 compressed oops)
Heap:
 PSYoungGen      total 503296K, used 402061K [0x000000076b800000, 0x00000007a9c00000, 0x00000007c0000000)
  eden space 502784K, 79% used [0x000000076b800000,0x000000078406b5b8,0x000000078a300000)
  from space 512K, 43% used [0x00000007a9b80000,0x00000007a9bb8000,0x00000007a9c00000)
  to   space 4096K, 0% used [0x00000007a9400000,0x00000007a9400000,0x00000007a9800000)
 ParOldGen       total 173568K, used 23915K [0x00000006c2800000, 0x00000006cd180000, 0x000000076b800000)
  object space 173568K, 13% used [0x00000006c2800000,0x00000006c3f5afa8,0x00000006cd180000)
 Metaspace       used 8367K, capacity 8774K, committed 8960K, reserved 1056768K
  class space    used 660K, capacity 690K, committed 768K, reserved 1048576K
GC Heap History (10 events):
Event: 10.929 GC heap before
{Heap before GC invocations=26 (full 0):
 PSYoungGen      total 637440K, used 631488K [0x000000076b800000, 0x00000007aa980000, 0x00000007c0000000)
  eden space 631296K, 100% used [0x000000076b800000,0x0000000792080000,0x0000000792080000)
  from space 6144K, 3% used [0x00000007a9d80000,0x00000007a9db0000,0x00000007aa380000)
  to   space 5632K, 0% used [0x00000007aa400000,0x00000007aa400000,0x00000007aa980000)
 ParOldGen       total 173568K, used 23811K [0x00000006c2800000, 0x00000006cd180000, 0x000000076b800000)
  object space 173568K, 13% used [0x00000006c2800000,0x00000006c3f40fa8,0x00000006cd180000)
 Metaspace       used 8366K, capacity 8774K, committed 8960K, reserved 1056768K
  class space    used 660K, capacity 690K, committed 768K, reserved 1048576K
Event: 10.930 GC heap after
Heap after GC invocations=26 (full 0):
 PSYoungGen      total 603648K, used 224K [0x000000076b800000, 0x00000007aa480000, 0x00000007c0000000)
  eden space 603136K, 0% used [0x000000076b800000,0x000000076b800000,0x0000000790500000)
  from space 512K, 43% used [0x00000007aa400000,0x00000007aa438000,0x00000007aa480000)
  to   space 5120K, 0% used [0x00000007a9a80000,0x00000007a9a80000,0x00000007a9f80000)
 ParOldGen       total 173568K, used 23819K [0x00000006c2800000, 0x00000006cd180000, 0x000000076b800000)
  object space 173568K, 13% used [0x00000006c2800000,0x00000006c3f42fa8,0x00000006cd180000)
 Metaspace       used 8366K, capacity 8774K, committed 8960K, reserved 1056768K
  class space    used 660K, capacity 690K, committed 768K, reserved 1048576K
}
Event: 11.579 GC heap before
{Heap before GC invocations=27 (full 0):
 PSYoungGen      total 603648K, used 603360K [0x000000076b800000, 0x00000007aa480000, 0x00000007c0000000)
  eden space 603136K, 100% used [0x000000076b800000,0x0000000790500000,0x0000000790500000)
  from space 512K, 43% used [0x00000007aa400000,0x00000007aa438000,0x00000007aa480000)
  to   space 5120K, 0% used [0x00000007a9a80000,0x00000007a9a80000,0x00000007a9f80000)
 ParOldGen       total 173568K, used 23819K [0x00000006c2800000, 0x00000006cd180000, 0x000000076b800000)
  object space 173568K, 13% used [0x00000006c2800000,0x00000006c3f42fa8,0x00000006cd180000)
 Metaspace       used 8366K, capacity 8774K, committed 8960K, reserved 1056768K
  class space    used 660K, capacity 690K, committed 768K, reserved 1048576K
Event: 11.580 GC heap after
Heap after GC invocations=27 (full 0):
 PSYoungGen      total 581120K, used 224K [0x000000076b800000, 0x00000007aa480000, 0x00000007c0000000)
  eden space 576000K, 0% used [0x000000076b800000,0x000000076b800000,0x000000078ea80000)
  from space 5120K, 4% used [0x00000007a9a80000,0x00000007a9ab8000,0x00000007a9f80000)
  to   space 5120K, 0% used [0x00000007a9f80000,0x00000007a9f80000,0x00000007aa480000)
 ParOldGen       total 173568K, used 23843K [0x00000006c2800000, 0x00000006cd180000, 0x000000076b800000)
  object space 173568K, 13% used [0x00000006c2800000,0x00000006c3f48fa8,0x00000006cd180000)
 Metaspace       used 8366K, capacity 8774K, committed 8960K, reserved 1056768K
  class space    used 660K, capacity 690K, committed 768K, reserved 1048576K
}
Event: 12.074 GC heap before
{Heap before GC invocations=28 (full 0):
 PSYoungGen      total 581120K, used 576224K [0x000000076b800000, 0x00000007aa480000, 0x00000007c0000000)
  eden space 576000K, 100% used [0x000000076b800000,0x000000078ea80000,0x000000078ea80000)
  from space 5120K, 4% used [0x00000007a9a80000,0x00000007a9ab8000,0x00000007a9f80000)
  to   space 5120K, 0% used [0x00000007a9f80000,0x00000007a9f80000,0x00000007aa480000)
 ParOldGen       total 173568K, used 23843K [0x00000006c2800000, 0x00000006cd180000, 0x000000076b800000)
  object space 173568K, 13% used [0x00000006c2800000,0x00000006c3f48fa8,0x00000006cd180000)
 Metaspace       used 8367K, capacity 8774K, committed 8960K, reserved 1056768K
  class space    used 660K, capacity 690K, committed 768K, reserved 1048576K
Event: 12.074 GC heap after
Heap after GC invocations=28 (full 0):
 PSYoungGen      total 550912K, used 256K [0x000000076b800000, 0x00000007aa000000, 0x00000007c0000000)
  eden space 550400K, 0% used [0x000000076b800000,0x000000076b800000,0x000000078d180000)
  from space 512K, 50% used [0x00000007a9f80000,0x00000007a9fc0000,0x00000007aa000000)
  to   space 4608K, 0% used [0x00000007a9700000,0x00000007a9700000,0x00000007a9b80000)
 ParOldGen       total 173568K, used 23867K [0x00000006c2800000, 0x00000006cd180000, 0x000000076b800000)
  object space 173568K, 13% used [0x00000006c2800000,0x00000006c3f4efa8,0x00000006cd180000)
 Metaspace       used 8367K, capacity 8774K, committed 8960K, reserved 1056768K
  class space    used 660K, capacity 690K, committed 768K, reserved 1048576K
}
Event: 12.670 GC heap before
{Heap before GC invocations=29 (full 0):
 PSYoungGen      total 550912K, used 550656K [0x000000076b800000, 0x00000007aa000000, 0x00000007c0000000)
  eden space 550400K, 100% used [0x000000076b800000,0x000000078d180000,0x000000078d180000)
  from space 512K, 50% used [0x00000007a9f80000,0x00000007a9fc0000,0x00000007aa000000)
  to   space 4608K, 0% used [0x00000007a9700000,0x00000007a9700000,0x00000007a9b80000)
 ParOldGen       total 173568K, used 23867K [0x00000006c2800000, 0x00000006cd180000, 0x000000076b800000)
  object space 173568K, 13% used [0x00000006c2800000,0x00000006c3f4efa8,0x00000006cd180000)
 Metaspace       used 8367K, capacity 8774K, committed 8960K, reserved 1056768K
  class space    used 660K, capacity 690K, committed 768K, reserved 1048576K
Event: 12.671 GC heap after
Heap after GC invocations=29 (full 0):
 PSYoungGen      total 530432K, used 256K [0x000000076b800000, 0x00000007aa000000, 0x00000007c0000000)
  eden space 525824K, 0% used [0x000000076b800000,0x000000076b800000,0x000000078b980000)
  from space 4608K, 5% used [0x00000007a9700000,0x00000007a9740000,0x00000007a9b80000)
  to   space 4608K, 0% used [0x00000007a9b80000,0x00000007a9b80000,0x00000007aa000000)
 ParOldGen       total 173568K, used 23883K [0x00000006c2800000, 0x00000006cd180000, 0x000000076b800000)
  object space 173568K, 13% used [0x00000006c2800000,0x00000006c3f52fa8,0x00000006cd180000)
 Metaspace       used 8367K, capacity 8774K, committed 8960K, reserved 1056768K
  class space    used 660K, capacity 690K, committed 768K, reserved 1048576K
}
Event: 13.169 GC heap before
{Heap before GC invocations=30 (full 0):
 PSYoungGen      total 530432K, used 526080K [0x000000076b800000, 0x00000007aa000000, 0x00000007c0000000)
  eden space 525824K, 100% used [0x000000076b800000,0x000000078b980000,0x000000078b980000)
  from space 4608K, 5% used [0x00000007a9700000,0x00000007a9740000,0x00000007a9b80000)
  to   space 4608K, 0% used [0x00000007a9b80000,0x00000007a9b80000,0x00000007aa000000)
 ParOldGen       total 173568K, used 23883K [0x00000006c2800000, 0x00000006cd180000, 0x000000076b800000)
  object space 173568K, 13% used [0x00000006c2800000,0x00000006c3f52fa8,0x00000006cd180000)
 Metaspace       used 8367K, capacity 8774K, committed 8960K, reserved 1056768K
  class space    used 660K, capacity 690K, committed 768K, reserved 1048576K
Event: 13.170 GC heap after
Heap after GC invocations=30 (full 0):
 PSYoungGen      total 503296K, used 224K [0x000000076b800000, 0x00000007a9c00000, 0x00000007c0000000)
  eden space 502784K, 0% used [0x000000076b800000,0x000000076b800000,0x000000078a300000)
  from space 512K, 43% used [0x00000007a9b80000,0x00000007a9bb8000,0x00000007a9c00000)
  to   space 4096K, 0% used [0x00000007a9400000,0x00000007a9400000,0x00000007a9800000)
 ParOldGen       total 173568K, used 23915K [0x00000006c2800000, 0x00000006cd180000, 0x000000076b800000)
  object space 173568K, 13% used [0x00000006c2800000,0x00000006c3f5afa8,0x00000006cd180000)
 Metaspace       used 8367K, capacity 8774K, committed 8960K, reserved 1056768K
  class space    used 660K, capacity 690K, committed 768K, reserved 1048576K
}

