# JRE version: Java(TM) SE Runtime Environment (8.0_65-b17) (build 1.8.0_65-b17)
# Java VM: Java HotSpot(TM) 64-Bit Server VM (25.65-b01 mixed mode windows-amd64 compressed oops)
Heap:
 PSYoungGen      total 1083392K, used 151092K [0x000000076b800000, 0x00000007bb600000, 0x00000007c0000000)
  eden space 1082880K, 13% used [0x000000076b800000,0x0000000774b550f8,0x00000007ad980000)
  from space 512K, 43% used [0x00000007bb580000,0x00000007bb5b8000,0x00000007bb600000)
  to   space 7680K, 0% used [0x00000007ba700000,0x00000007ba700000,0x00000007bae80000)
 ParOldGen       total 173568K, used 15800K [0x00000006c2800000, 0x00000006cd180000, 0x000000076b800000)
  object space 173568K, 9% used [0x00000006c2800000,0x00000006c376e0d8,0x00000006cd180000)
 Metaspace       used 8359K, capacity 8774K, committed 8960K, reserved 1056768K
  class space    used 659K, capacity 690K, committed 768K, reserved 1048576K
GC Heap History (10 events):
Event: 3.053 GC heap before
{Heap before GC invocations=12 (full 0):
 PSYoungGen      total 830464K, used 821472K [0x000000076b800000, 0x00000007bcc80000, 0x00000007c0000000)
  eden space 821248K, 100% used [0x000000076b800000,0x000000079da00000,0x000000079da00000)
  from space 9216K, 2% used [0x000000079da00000,0x000000079da38000,0x000000079e300000)
  to   space 8704K, 0% used [0x00000007bc400000,0x00000007bc400000,0x00000007bcc80000)
 ParOldGen       total 173568K, used 15712K [0x00000006c2800000, 0x00000006cd180000, 0x000000076b800000)
  object space 173568K, 9% used [0x00000006c2800000,0x00000006c37580d8,0x00000006cd180000)
 Metaspace       used 8337K, capacity 8710K, committed 8960K, reserved 1056768K
  class space    used 659K, capacity 690K, committed 768K, reserved 1048576K
Event: 3.054 GC heap after
Heap after GC invocations=12 (full 0):
 PSYoungGen      total 1323008K, used 224K [0x000000076b800000, 0x00000007bcc80000, 0x00000007c0000000)
  eden space 1314304K, 0% used [0x000000076b800000,0x000000076b800000,0x00000007bbb80000)
  from space 8704K, 2% used [0x00000007bc400000,0x00000007bc438000,0x00000007bcc80000)
  to   space 8704K, 0% used [0x00000007bbb80000,0x00000007bbb80000,0x00000007bc400000)
 ParOldGen       total 173568K, used 15752K [0x00000006c2800000, 0x00000006cd180000, 0x000000076b800000)
  object space 173568K, 9% used [0x00000006c2800000,0x00000006c37620d8,0x00000006cd180000)
 Metaspace       used 8337K, capacity 8710K, committed 8960K, reserved 1056768K
  class space    used 659K, capacity 690K, committed 768K, reserved 1048576K
}
Event: 4.091 GC heap before
{Heap before GC invocations=13 (full 0):
 PSYoungGen      total 1323008K, used 1314528K [0x000000076b800000, 0x00000007bcc80000, 0x00000007c0000000)
  eden space 1314304K, 100% used [0x000000076b800000,0x00000007bbb80000,0x00000007bbb80000)
  from space 8704K, 2% used [0x00000007bc400000,0x00000007bc438000,0x00000007bcc80000)
  to   space 8704K, 0% used [0x00000007bbb80000,0x00000007bbb80000,0x00000007bc400000)
 ParOldGen       total 173568K, used 15752K [0x00000006c2800000, 0x00000006cd180000, 0x000000076b800000)
  object space 173568K, 9% used [0x00000006c2800000,0x00000006c37620d8,0x00000006cd180000)
 Metaspace       used 8343K, capacity 8710K, committed 8960K, reserved 1056768K
  class space    used 659K, capacity 690K, committed 768K, reserved 1048576K
Event: 4.092 GC heap after
Heap after GC invocations=13 (full 0):
 PSYoungGen      total 1252352K, used 224K [0x000000076b800000, 0x00000007bc480000, 0x00000007c0000000)
  eden space 1251840K, 0% used [0x000000076b800000,0x000000076b800000,0x00000007b7e80000)
  from space 512K, 43% used [0x00000007bbb80000,0x00000007bbbb8000,0x00000007bbc00000)
  to   space 8192K, 0% used [0x00000007bbc80000,0x00000007bbc80000,0x00000007bc480000)
 ParOldGen       total 173568K, used 15752K [0x00000006c2800000, 0x00000006cd180000, 0x000000076b800000)
  object space 173568K, 9% used [0x00000006c2800000,0x00000006c37620d8,0x00000006cd180000)
 Metaspace       used 8343K, capacity 8710K, committed 8960K, reserved 1056768K
  class space    used 659K, capacity 690K, committed 768K, reserved 1048576K
}
Event: 5.135 GC heap before
{Heap before GC invocations=14 (full 0):
 PSYoungGen      total 1252352K, used 1252064K [0x000000076b800000, 0x00000007bc480000, 0x00000007c0000000)
  eden space 1251840K, 100% used [0x000000076b800000,0x00000007b7e80000,0x00000007b7e80000)
  from space 512K, 43% used [0x00000007bbb80000,0x00000007bbbb8000,0x00000007bbc00000)
  to   space 8192K, 0% used [0x00000007bbc80000,0x00000007bbc80000,0x00000007bc480000)
 ParOldGen       total 173568K, used 15752K [0x00000006c2800000, 0x00000006cd180000, 0x000000076b800000)
  object space 173568K, 9% used [0x00000006c2800000,0x00000006c37620d8,0x00000006cd180000)
 Metaspace       used 8352K, capacity 8710K, committed 8960K, reserved 1056768K
  class space    used 659K, capacity 690K, committed 768K, reserved 1048576K
Event: 5.135 GC heap after
Heap after GC invocations=14 (full 0):
 PSYoungGen      total 1192960K, used 224K [0x000000076b800000, 0x00000007bbd00000, 0x00000007c0000000)
  eden space 1192448K, 0% used [0x000000076b800000,0x000000076b800000,0x00000007b4480000)
  from space 512K, 43% used [0x00000007bbc80000,0x00000007bbcb8000,0x00000007bbd00000)
  to   space 8192K, 0% used [0x00000007bad00000,0x00000007bad00000,0x00000007bb500000)
 ParOldGen       total 173568K, used 15792K [0x00000006c2800000, 0x00000006cd180000, 0x000000076b800000)
  object space 173568K, 9% used [0x00000006c2800000,0x00000006c376c0d8,0x00000006cd180000)
 Metaspace       used 8352K, capacity 8710K, committed 8960K, reserved 1056768K
  class space    used 659K, capacity 690K, committed 768K, reserved 1048576K
}
Event: 6.012 GC heap before
{Heap before GC invocations=15 (full 0):
 PSYoungGen      total 1192960K, used 1192672K [0x000000076b800000, 0x00000007bbd00000, 0x00000007c0000000)
  eden space 1192448K, 100% used [0x000000076b800000,0x00000007b4480000,0x00000007b4480000)
  from space 512K, 43% used [0x00000007bbc80000,0x00000007bbcb8000,0x00000007bbd00000)
  to   space 8192K, 0% used [0x00000007bad00000,0x00000007bad00000,0x00000007bb500000)
 ParOldGen       total 173568K, used 15792K [0x00000006c2800000, 0x00000006cd180000, 0x000000076b800000)
  object space 173568K, 9% used [0x00000006c2800000,0x00000006c376c0d8,0x00000006cd180000)
 Metaspace       used 8359K, capacity 8774K, committed 8960K, reserved 1056768K
  class space    used 659K, capacity 690K, committed 768K, reserved 1048576K
Event: 6.013 GC heap after
Heap after GC invocations=15 (full 0):
 PSYoungGen      total 1144320K, used 224K [0x000000076b800000, 0x00000007bbd00000, 0x00000007c0000000)
  eden space 1136128K, 0% used [0x000000076b800000,0x000000076b800000,0x00000007b0d80000)
  from space 8192K, 2% used [0x00000007bad00000,0x00000007bad38000,0x00000007bb500000)
  to   space 7680K, 0% used [0x00000007bb580000,0x00000007bb580000,0x00000007bbd00000)
 ParOldGen       total 173568K, used 15792K [0x00000006c2800000, 0x00000006cd180000, 0x000000076b800000)
  object space 173568K, 9% used [0x00000006c2800000,0x00000006c376c0d8,0x00000006cd180000)
 Metaspace       used 8359K, capacity 8774K, committed 8960K, reserved 1056768K
  class space    used 659K, capacity 690K, committed 768K, reserved 1048576K
}
Event: 6.887 GC heap before
{Heap before GC invocations=16 (full 0):
 PSYoungGen      total 1144320K, used 1136352K [0x000000076b800000, 0x00000007bbd00000, 0x00000007c0000000)
  eden space 1136128K, 100% used [0x000000076b800000,0x00000007b0d80000,0x00000007b0d80000)
  from space 8192K, 2% used [0x00000007bad00000,0x00000007bad38000,0x00000007bb500000)
  to   space 7680K, 0% used [0x00000007bb580000,0x00000007bb580000,0x00000007bbd00000)
 ParOldGen       total 173568K, used 15792K [0x00000006c2800000, 0x00000006cd180000, 0x000000076b800000)
  object space 173568K, 9% used [0x00000006c2800000,0x00000006c376c0d8,0x00000006cd180000)
 Metaspace       used 8359K, capacity 8774K, committed 8960K, reserved 1056768K
  class space    used 659K, capacity 690K, committed 768K, reserved 1048576K
Event: 6.890 GC heap after
Heap after GC invocations=16 (full 0):
 PSYoungGen      total 1083392K, used 224K [0x000000076b800000, 0x00000007bb600000, 0x00000007c0000000)
  eden space 1082880K, 0% used [0x000000076b800000,0x000000076b800000,0x00000007ad980000)
  from space 512K, 43% used [0x00000007bb580000,0x00000007bb5b8000,0x00000007bb600000)
  to   space 7680K, 0% used [0x00000007ba700000,0x00000007ba700000,0x00000007bae80000)
 ParOldGen       total 173568K, used 15800K [0x00000006c2800000, 0x00000006cd180000, 0x000000076b800000)
  object space 173568K, 9% used [0x00000006c2800000,0x00000006c376e0d8,0x00000006cd180000)
 Metaspace       used 8359K, capacity 8774K, committed 8960K, reserved 1056768K
  class space    used 659K, capacity 690K, committed 768K, reserved 1048576K
}

