# JRE version: Java(TM) SE Runtime Environment (8.0_65-b17) (build 1.8.0_65-b17)
# Java VM: Java HotSpot(TM) 64-Bit Server VM (25.65-b01 mixed mode windows-amd64 compressed oops)
Heap:
 PSYoungGen      total 120320K, used 88935K [0x000000076b800000, 0x00000007a9900000, 0x00000007c0000000)
  eden space 119808K, 74% used [0x000000076b800000,0x0000000770eb9dc8,0x0000000772d00000)
  from space 512K, 25% used [0x00000007a9800000,0x00000007a9820000,0x00000007a9880000)
  to   space 512K, 0% used [0x00000007a9880000,0x00000007a9880000,0x00000007a9900000)
 ParOldGen       total 173568K, used 14314K [0x00000006c2800000, 0x00000006cd180000, 0x000000076b800000)
  object space 173568K, 8% used [0x00000006c2800000,0x00000006c35faac0,0x00000006cd180000)
 Metaspace       used 8395K, capacity 8774K, committed 8960K, reserved 1056768K
  class space    used 661K, capacity 690K, committed 768K, reserved 1048576K
GC Heap History (10 events):
Event: 11.460 GC heap before
{Heap before GC invocations=89 (full 0):
 PSYoungGen      total 140800K, used 140512K [0x000000076b800000, 0x00000007a9900000, 0x00000007c0000000)
  eden space 140288K, 100% used [0x000000076b800000,0x0000000774100000,0x0000000774100000)
  from space 512K, 43% used [0x00000007a9880000,0x00000007a98b8000,0x00000007a9900000)
  to   space 512K, 0% used [0x00000007a9800000,0x00000007a9800000,0x00000007a9880000)
 ParOldGen       total 173568K, used 14282K [0x00000006c2800000, 0x00000006cd180000, 0x000000076b800000)
  object space 173568K, 8% used [0x00000006c2800000,0x00000006c35f2ac0,0x00000006cd180000)
 Metaspace       used 8395K, capacity 8774K, committed 8960K, reserved 1056768K
  class space    used 661K, capacity 690K, committed 768K, reserved 1048576K
Event: 11.460 GC heap after
Heap after GC invocations=89 (full 0):
 PSYoungGen      total 136192K, used 224K [0x000000076b800000, 0x00000007a9900000, 0x00000007c0000000)
  eden space 135680K, 0% used [0x000000076b800000,0x000000076b800000,0x0000000773c80000)
  from space 512K, 43% used [0x00000007a9800000,0x00000007a9838000,0x00000007a9880000)
  to   space 512K, 0% used [0x00000007a9880000,0x00000007a9880000,0x00000007a9900000)
 ParOldGen       total 173568K, used 14282K [0x00000006c2800000, 0x00000006cd180000, 0x000000076b800000)
  object space 173568K, 8% used [0x00000006c2800000,0x00000006c35f2ac0,0x00000006cd180000)
 Metaspace       used 8395K, capacity 8774K, committed 8960K, reserved 1056768K
  class space    used 661K, capacity 690K, committed 768K, reserved 1048576K
}
Event: 11.537 GC heap before
{Heap before GC invocations=90 (full 0):
 PSYoungGen      total 136192K, used 135904K [0x000000076b800000, 0x00000007a9900000, 0x00000007c0000000)
  eden space 135680K, 100% used [0x000000076b800000,0x0000000773c80000,0x0000000773c80000)
  from space 512K, 43% used [0x00000007a9800000,0x00000007a9838000,0x00000007a9880000)
  to   space 512K, 0% used [0x00000007a9880000,0x00000007a9880000,0x00000007a9900000)
 ParOldGen       total 173568K, used 14282K [0x00000006c2800000, 0x00000006cd180000, 0x000000076b800000)
  object space 173568K, 8% used [0x00000006c2800000,0x00000006c35f2ac0,0x00000006cd180000)
 Metaspace       used 8395K, capacity 8774K, committed 8960K, reserved 1056768K
  class space    used 661K, capacity 690K, committed 768K, reserved 1048576K
Event: 11.538 GC heap after
Heap after GC invocations=90 (full 0):
 PSYoungGen      total 132096K, used 192K [0x000000076b800000, 0x00000007a9900000, 0x00000007c0000000)
  eden space 131584K, 0% used [0x000000076b800000,0x000000076b800000,0x0000000773880000)
  from space 512K, 37% used [0x00000007a9880000,0x00000007a98b0000,0x00000007a9900000)
  to   space 512K, 0% used [0x00000007a9800000,0x00000007a9800000,0x00000007a9880000)
 ParOldGen       total 173568K, used 14282K [0x00000006c2800000, 0x00000006cd180000, 0x000000076b800000)
  object space 173568K, 8% used [0x00000006c2800000,0x00000006c35f2ac0,0x00000006cd180000)
 Metaspace       used 8395K, capacity 8774K, committed 8960K, reserved 1056768K
  class space    used 661K, capacity 690K, committed 768K, reserved 1048576K
}
Event: 11.601 GC heap before
{Heap before GC invocations=91 (full 0):
 PSYoungGen      total 132096K, used 131776K [0x000000076b800000, 0x00000007a9900000, 0x00000007c0000000)
  eden space 131584K, 100% used [0x000000076b800000,0x0000000773880000,0x0000000773880000)
  from space 512K, 37% used [0x00000007a9880000,0x00000007a98b0000,0x00000007a9900000)
  to   space 512K, 0% used [0x00000007a9800000,0x00000007a9800000,0x00000007a9880000)
 ParOldGen       total 173568K, used 14282K [0x00000006c2800000, 0x00000006cd180000, 0x000000076b800000)
  object space 173568K, 8% used [0x00000006c2800000,0x00000006c35f2ac0,0x00000006cd180000)
 Metaspace       used 8395K, capacity 8774K, committed 8960K, reserved 1056768K
  class space    used 661K, capacity 690K, committed 768K, reserved 1048576K
Event: 11.602 GC heap after
Heap after GC invocations=91 (full 0):
 PSYoungGen      total 128000K, used 224K [0x000000076b800000, 0x00000007a9900000, 0x00000007c0000000)
  eden space 127488K, 0% used [0x000000076b800000,0x000000076b800000,0x0000000773480000)
  from space 512K, 43% used [0x00000007a9800000,0x00000007a9838000,0x00000007a9880000)
  to   space 512K, 0% used [0x00000007a9880000,0x00000007a9880000,0x00000007a9900000)
 ParOldGen       total 173568K, used 14282K [0x00000006c2800000, 0x00000006cd180000, 0x000000076b800000)
  object space 173568K, 8% used [0x00000006c2800000,0x00000006c35f2ac0,0x00000006cd180000)
 Metaspace       used 8395K, capacity 8774K, committed 8960K, reserved 1056768K
  class space    used 661K, capacity 690K, committed 768K, reserved 1048576K
}
Event: 11.663 GC heap before
{Heap before GC invocations=92 (full 0):
 PSYoungGen      total 128000K, used 127712K [0x000000076b800000, 0x00000007a9900000, 0x00000007c0000000)
  eden space 127488K, 100% used [0x000000076b800000,0x0000000773480000,0x0000000773480000)
  from space 512K, 43% used [0x00000007a9800000,0x00000007a9838000,0x00000007a9880000)
  to   space 512K, 0% used [0x00000007a9880000,0x00000007a9880000,0x00000007a9900000)
 ParOldGen       total 173568K, used 14282K [0x00000006c2800000, 0x00000006cd180000, 0x000000076b800000)
  object space 173568K, 8% used [0x00000006c2800000,0x00000006c35f2ac0,0x00000006cd180000)
 Metaspace       used 8395K, capacity 8774K, committed 8960K, reserved 1056768K
  class space    used 661K, capacity 690K, committed 768K, reserved 1048576K
Event: 11.664 GC heap after
Heap after GC invocations=92 (full 0):
 PSYoungGen      total 123904K, used 128K [0x000000076b800000, 0x00000007a9900000, 0x00000007c0000000)
  eden space 123392K, 0% used [0x000000076b800000,0x000000076b800000,0x0000000773080000)
  from space 512K, 25% used [0x00000007a9880000,0x00000007a98a0000,0x00000007a9900000)
  to   space 512K, 0% used [0x00000007a9800000,0x00000007a9800000,0x00000007a9880000)
 ParOldGen       total 173568K, used 14282K [0x00000006c2800000, 0x00000006cd180000, 0x000000076b800000)
  object space 173568K, 8% used [0x00000006c2800000,0x00000006c35f2ac0,0x00000006cd180000)
 Metaspace       used 8395K, capacity 8774K, committed 8960K, reserved 1056768K
  class space    used 661K, capacity 690K, committed 768K, reserved 1048576K
}
Event: 11.731 GC heap before
{Heap before GC invocations=93 (full 0):
 PSYoungGen      total 123904K, used 123520K [0x000000076b800000, 0x00000007a9900000, 0x00000007c0000000)
  eden space 123392K, 100% used [0x000000076b800000,0x0000000773080000,0x0000000773080000)
  from space 512K, 25% used [0x00000007a9880000,0x00000007a98a0000,0x00000007a9900000)
  to   space 512K, 0% used [0x00000007a9800000,0x00000007a9800000,0x00000007a9880000)
 ParOldGen       total 173568K, used 14282K [0x00000006c2800000, 0x00000006cd180000, 0x000000076b800000)
  object space 173568K, 8% used [0x00000006c2800000,0x00000006c35f2ac0,0x00000006cd180000)
 Metaspace       used 8395K, capacity 8774K, committed 8960K, reserved 1056768K
  class space    used 661K, capacity 690K, committed 768K, reserved 1048576K
Event: 11.731 GC heap after
Heap after GC invocations=93 (full 0):
 PSYoungGen      total 120320K, used 128K [0x000000076b800000, 0x00000007a9900000, 0x00000007c0000000)
  eden space 119808K, 0% used [0x000000076b800000,0x000000076b800000,0x0000000772d00000)
  from space 512K, 25% used [0x00000007a9800000,0x00000007a9820000,0x00000007a9880000)
  to   space 512K, 0% used [0x00000007a9880000,0x00000007a9880000,0x00000007a9900000)
 ParOldGen       total 173568K, used 14314K [0x00000006c2800000, 0x00000006cd180000, 0x000000076b800000)
  object space 173568K, 8% used [0x00000006c2800000,0x00000006c35faac0,0x00000006cd180000)
 Metaspace       used 8395K, capacity 8774K, committed 8960K, reserved 1056768K
  class space    used 661K, capacity 690K, committed 768K, reserved 1048576K
}

