# JRE version: Java(TM) SE Runtime Environment (8.0_65-b17) (build 1.8.0_65-b17)
# Java VM: Java HotSpot(TM) 64-Bit Server VM (25.65-b01 mixed mode windows-amd64 compressed oops)
Heap:
 PSYoungGen      total 181248K, used 14527K [0x000000076b800000, 0x00000007a9180000, 0x00000007c0000000)
  eden space 180224K, 7% used [0x000000076b800000,0x000000076c60fe28,0x0000000776800000)
  from space 1024K, 12% used [0x00000007a8f80000,0x00000007a8fa0000,0x00000007a9080000)
  to   space 1024K, 0% used [0x00000007a9080000,0x00000007a9080000,0x00000007a9180000)
 ParOldGen       total 173568K, used 16147K [0x00000006c2800000, 0x00000006cd180000, 0x000000076b800000)
  object space 173568K, 9% used [0x00000006c2800000,0x00000006c37c4f80,0x00000006cd180000)
 Metaspace       used 8388K, capacity 8774K, committed 8960K, reserved 1056768K
  class space    used 662K, capacity 690K, committed 768K, reserved 1048576K
GC Heap History (10 events):
Event: 18.298 GC heap before
{Heap before GC invocations=51 (full 0):
 PSYoungGen      total 217600K, used 217280K [0x000000076b800000, 0x00000007a9280000, 0x00000007c0000000)
  eden space 217088K, 100% used [0x000000076b800000,0x0000000778c00000,0x0000000778c00000)
  from space 512K, 37% used [0x00000007a9200000,0x00000007a9230000,0x00000007a9280000)
  to   space 1024K, 0% used [0x00000007a9080000,0x00000007a9080000,0x00000007a9180000)
 ParOldGen       total 173568K, used 16099K [0x00000006c2800000, 0x00000006cd180000, 0x000000076b800000)
  object space 173568K, 9% used [0x00000006c2800000,0x00000006c37b8f80,0x00000006cd180000)
 Metaspace       used 8388K, capacity 8774K, committed 8960K, reserved 1056768K
  class space    used 662K, capacity 690K, committed 768K, reserved 1048576K
Event: 18.299 GC heap after
Heap after GC invocations=51 (full 0):
 PSYoungGen      total 209920K, used 224K [0x000000076b800000, 0x00000007a9280000, 0x00000007c0000000)
  eden space 208896K, 0% used [0x000000076b800000,0x000000076b800000,0x0000000778400000)
  from space 1024K, 21% used [0x00000007a9080000,0x00000007a90b8000,0x00000007a9180000)
  to   space 1024K, 0% used [0x00000007a9180000,0x00000007a9180000,0x00000007a9280000)
 ParOldGen       total 173568K, used 16107K [0x00000006c2800000, 0x00000006cd180000, 0x000000076b800000)
  object space 173568K, 9% used [0x00000006c2800000,0x00000006c37baf80,0x00000006cd180000)
 Metaspace       used 8388K, capacity 8774K, committed 8960K, reserved 1056768K
  class space    used 662K, capacity 690K, committed 768K, reserved 1048576K
}
Event: 18.536 GC heap before
{Heap before GC invocations=52 (full 0):
 PSYoungGen      total 209920K, used 209120K [0x000000076b800000, 0x00000007a9280000, 0x00000007c0000000)
  eden space 208896K, 100% used [0x000000076b800000,0x0000000778400000,0x0000000778400000)
  from space 1024K, 21% used [0x00000007a9080000,0x00000007a90b8000,0x00000007a9180000)
  to   space 1024K, 0% used [0x00000007a9180000,0x00000007a9180000,0x00000007a9280000)
 ParOldGen       total 173568K, used 16107K [0x00000006c2800000, 0x00000006cd180000, 0x000000076b800000)
  object space 173568K, 9% used [0x00000006c2800000,0x00000006c37baf80,0x00000006cd180000)
 Metaspace       used 8388K, capacity 8774K, committed 8960K, reserved 1056768K
  class space    used 662K, capacity 690K, committed 768K, reserved 1048576K
Event: 18.537 GC heap after
Heap after GC invocations=52 (full 0):
 PSYoungGen      total 201728K, used 256K [0x000000076b800000, 0x00000007a9200000, 0x00000007c0000000)
  eden space 201216K, 0% used [0x000000076b800000,0x000000076b800000,0x0000000777c80000)
  from space 512K, 50% used [0x00000007a9180000,0x00000007a91c0000,0x00000007a9200000)
  to   space 1024K, 0% used [0x00000007a9000000,0x00000007a9000000,0x00000007a9100000)
 ParOldGen       total 173568K, used 16107K [0x00000006c2800000, 0x00000006cd180000, 0x000000076b800000)
  object space 173568K, 9% used [0x00000006c2800000,0x00000006c37baf80,0x00000006cd180000)
 Metaspace       used 8388K, capacity 8774K, committed 8960K, reserved 1056768K
  class space    used 662K, capacity 690K, committed 768K, reserved 1048576K
}
Event: 18.755 GC heap before
{Heap before GC invocations=53 (full 0):
 PSYoungGen      total 201728K, used 201472K [0x000000076b800000, 0x00000007a9200000, 0x00000007c0000000)
  eden space 201216K, 100% used [0x000000076b800000,0x0000000777c80000,0x0000000777c80000)
  from space 512K, 50% used [0x00000007a9180000,0x00000007a91c0000,0x00000007a9200000)
  to   space 1024K, 0% used [0x00000007a9000000,0x00000007a9000000,0x00000007a9100000)
 ParOldGen       total 173568K, used 16107K [0x00000006c2800000, 0x00000006cd180000, 0x000000076b800000)
  object space 173568K, 9% used [0x00000006c2800000,0x00000006c37baf80,0x00000006cd180000)
 Metaspace       used 8388K, capacity 8774K, committed 8960K, reserved 1056768K
  class space    used 662K, capacity 690K, committed 768K, reserved 1048576K
Event: 18.755 GC heap after
Heap after GC invocations=53 (full 0):
 PSYoungGen      total 195072K, used 192K [0x000000076b800000, 0x00000007a9200000, 0x00000007c0000000)
  eden space 194048K, 0% used [0x000000076b800000,0x000000076b800000,0x0000000777580000)
  from space 1024K, 18% used [0x00000007a9000000,0x00000007a9030000,0x00000007a9100000)
  to   space 1024K, 0% used [0x00000007a9100000,0x00000007a9100000,0x00000007a9200000)
 ParOldGen       total 173568K, used 16147K [0x00000006c2800000, 0x00000006cd180000, 0x000000076b800000)
  object space 173568K, 9% used [0x00000006c2800000,0x00000006c37c4f80,0x00000006cd180000)
 Metaspace       used 8388K, capacity 8774K, committed 8960K, reserved 1056768K
  class space    used 662K, capacity 690K, committed 768K, reserved 1048576K
}
Event: 18.967 GC heap before
{Heap before GC invocations=54 (full 0):
 PSYoungGen      total 195072K, used 194240K [0x000000076b800000, 0x00000007a9200000, 0x00000007c0000000)
  eden space 194048K, 100% used [0x000000076b800000,0x0000000777580000,0x0000000777580000)
  from space 1024K, 18% used [0x00000007a9000000,0x00000007a9030000,0x00000007a9100000)
  to   space 1024K, 0% used [0x00000007a9100000,0x00000007a9100000,0x00000007a9200000)
 ParOldGen       total 173568K, used 16147K [0x00000006c2800000, 0x00000006cd180000, 0x000000076b800000)
  object space 173568K, 9% used [0x00000006c2800000,0x00000006c37c4f80,0x00000006cd180000)
 Metaspace       used 8388K, capacity 8774K, committed 8960K, reserved 1056768K
  class space    used 662K, capacity 690K, committed 768K, reserved 1048576K
Event: 18.968 GC heap after
Heap after GC invocations=54 (full 0):
 PSYoungGen      total 187392K, used 256K [0x000000076b800000, 0x00000007a9180000, 0x00000007c0000000)
  eden space 186880K, 0% used [0x000000076b800000,0x000000076b800000,0x0000000776e80000)
  from space 512K, 50% used [0x00000007a9100000,0x00000007a9140000,0x00000007a9180000)
  to   space 1024K, 0% used [0x00000007a8f80000,0x00000007a8f80000,0x00000007a9080000)
 ParOldGen       total 173568K, used 16147K [0x00000006c2800000, 0x00000006cd180000, 0x000000076b800000)
  object space 173568K, 9% used [0x00000006c2800000,0x00000006c37c4f80,0x00000006cd180000)
 Metaspace       used 8388K, capacity 8774K, committed 8960K, reserved 1056768K
  class space    used 662K, capacity 690K, committed 768K, reserved 1048576K
}
Event: 19.150 GC heap before
{Heap before GC invocations=55 (full 0):
 PSYoungGen      total 187392K, used 187136K [0x000000076b800000, 0x00000007a9180000, 0x00000007c0000000)
  eden space 186880K, 100% used [0x000000076b800000,0x0000000776e80000,0x0000000776e80000)
  from space 512K, 50% used [0x00000007a9100000,0x00000007a9140000,0x00000007a9180000)
  to   space 1024K, 0% used [0x00000007a8f80000,0x00000007a8f80000,0x00000007a9080000)
 ParOldGen       total 173568K, used 16147K [0x00000006c2800000, 0x00000006cd180000, 0x000000076b800000)
  object space 173568K, 9% used [0x00000006c2800000,0x00000006c37c4f80,0x00000006cd180000)
 Metaspace       used 8388K, capacity 8774K, committed 8960K, reserved 1056768K
  class space    used 662K, capacity 690K, committed 768K, reserved 1048576K
Event: 19.151 GC heap after
Heap after GC invocations=55 (full 0):
 PSYoungGen      total 181248K, used 128K [0x000000076b800000, 0x00000007a9180000, 0x00000007c0000000)
  eden space 180224K, 0% used [0x000000076b800000,0x000000076b800000,0x0000000776800000)
  from space 1024K, 12% used [0x00000007a8f80000,0x00000007a8fa0000,0x00000007a9080000)
  to   space 1024K, 0% used [0x00000007a9080000,0x00000007a9080000,0x00000007a9180000)
 ParOldGen       total 173568K, used 16147K [0x00000006c2800000, 0x00000006cd180000, 0x000000076b800000)
  object space 173568K, 9% used [0x00000006c2800000,0x00000006c37c4f80,0x00000006cd180000)
 Metaspace       used 8388K, capacity 8774K, committed 8960K, reserved 1056768K
  class space    used 662K, capacity 690K, committed 768K, reserved 1048576K
}

