# JRE version: Java(TM) SE Runtime Environment (8.0_65-b17) (build 1.8.0_65-b17)
# Java VM: Java HotSpot(TM) 64-Bit Server VM (25.65-b01 mixed mode windows-amd64 compressed oops)
Heap:
 PSYoungGen      total 848384K, used 605260K [0x000000076b800000, 0x00000007bdb00000, 0x00000007c0000000)
  eden space 842752K, 71% used [0x000000076b800000,0x00000007906db3f0,0x000000079ef00000)
  from space 5632K, 3% used [0x00000007bd000000,0x00000007bd038000,0x00000007bd580000)
  to   space 5632K, 0% used [0x00000007bd580000,0x00000007bd580000,0x00000007bdb00000)
 ParOldGen       total 173568K, used 30363K [0x00000006c2800000, 0x00000006cd180000, 0x000000076b800000)
  object space 173568K, 17% used [0x00000006c2800000,0x00000006c45a6f00,0x00000006cd180000)
 Metaspace       used 8298K, capacity 8710K, committed 8960K, reserved 1056768K
  class space    used 656K, capacity 690K, committed 768K, reserved 1048576K
GC Heap History (10 events):
Event: 7.957 GC heap before
{Heap before GC invocations=25 (full 0):
 PSYoungGen      total 1070080K, used 1069792K [0x000000076b800000, 0x00000007be700000, 0x00000007c0000000)
  eden space 1069568K, 100% used [0x000000076b800000,0x00000007acc80000,0x00000007acc80000)
  from space 512K, 43% used [0x00000007be680000,0x00000007be6b8000,0x00000007be700000)
  to   space 7680K, 0% used [0x00000007bd800000,0x00000007bd800000,0x00000007bdf80000)
 ParOldGen       total 173568K, used 30363K [0x00000006c2800000, 0x00000006cd180000, 0x000000076b800000)
  object space 173568K, 17% used [0x00000006c2800000,0x00000006c45a6f00,0x00000006cd180000)
 Metaspace       used 8297K, capacity 8710K, committed 8960K, reserved 1056768K
  class space    used 656K, capacity 690K, committed 768K, reserved 1048576K
Event: 7.957 GC heap after
Heap after GC invocations=25 (full 0):
 PSYoungGen      total 1027072K, used 160K [0x000000076b800000, 0x00000007be700000, 0x00000007c0000000)
  eden space 1019392K, 0% used [0x000000076b800000,0x000000076b800000,0x00000007a9b80000)
  from space 7680K, 2% used [0x00000007bd800000,0x00000007bd828000,0x00000007bdf80000)
  to   space 7168K, 0% used [0x00000007be000000,0x00000007be000000,0x00000007be700000)
 ParOldGen       total 173568K, used 30363K [0x00000006c2800000, 0x00000006cd180000, 0x000000076b800000)
  object space 173568K, 17% used [0x00000006c2800000,0x00000006c45a6f00,0x00000006cd180000)
 Metaspace       used 8297K, capacity 8710K, committed 8960K, reserved 1056768K
  class space    used 656K, capacity 690K, committed 768K, reserved 1048576K
}
Event: 8.383 GC heap before
{Heap before GC invocations=26 (full 0):
 PSYoungGen      total 1027072K, used 1019552K [0x000000076b800000, 0x00000007be700000, 0x00000007c0000000)
  eden space 1019392K, 100% used [0x000000076b800000,0x00000007a9b80000,0x00000007a9b80000)
  from space 7680K, 2% used [0x00000007bd800000,0x00000007bd828000,0x00000007bdf80000)
  to   space 7168K, 0% used [0x00000007be000000,0x00000007be000000,0x00000007be700000)
 ParOldGen       total 173568K, used 30363K [0x00000006c2800000, 0x00000006cd180000, 0x000000076b800000)
  object space 173568K, 17% used [0x00000006c2800000,0x00000006c45a6f00,0x00000006cd180000)
 Metaspace       used 8297K, capacity 8710K, committed 8960K, reserved 1056768K
  class space    used 656K, capacity 690K, committed 768K, reserved 1048576K
Event: 8.384 GC heap after
Heap after GC invocations=26 (full 0):
 PSYoungGen      total 972288K, used 224K [0x000000076b800000, 0x00000007be080000, 0x00000007c0000000)
  eden space 971776K, 0% used [0x000000076b800000,0x000000076b800000,0x00000007a6d00000)
  from space 512K, 43% used [0x00000007be000000,0x00000007be038000,0x00000007be080000)
  to   space 6656K, 0% used [0x00000007bd380000,0x00000007bd380000,0x00000007bda00000)
 ParOldGen       total 173568K, used 30363K [0x00000006c2800000, 0x00000006cd180000, 0x000000076b800000)
  object space 173568K, 17% used [0x00000006c2800000,0x00000006c45a6f00,0x00000006cd180000)
 Metaspace       used 8297K, capacity 8710K, committed 8960K, reserved 1056768K
  class space    used 656K, capacity 690K, committed 768K, reserved 1048576K
}
Event: 8.790 GC heap before
{Heap before GC invocations=27 (full 0):
 PSYoungGen      total 972288K, used 972000K [0x000000076b800000, 0x00000007be080000, 0x00000007c0000000)
  eden space 971776K, 100% used [0x000000076b800000,0x00000007a6d00000,0x00000007a6d00000)
  from space 512K, 43% used [0x00000007be000000,0x00000007be038000,0x00000007be080000)
  to   space 6656K, 0% used [0x00000007bd380000,0x00000007bd380000,0x00000007bda00000)
 ParOldGen       total 173568K, used 30363K [0x00000006c2800000, 0x00000006cd180000, 0x000000076b800000)
  object space 173568K, 17% used [0x00000006c2800000,0x00000006c45a6f00,0x00000006cd180000)
 Metaspace       used 8297K, capacity 8710K, committed 8960K, reserved 1056768K
  class space    used 656K, capacity 690K, committed 768K, reserved 1048576K
Event: 8.791 GC heap after
Heap after GC invocations=27 (full 0):
 PSYoungGen      total 933376K, used 192K [0x000000076b800000, 0x00000007be080000, 0x00000007c0000000)
  eden space 926720K, 0% used [0x000000076b800000,0x000000076b800000,0x00000007a4100000)
  from space 6656K, 2% used [0x00000007bd380000,0x00000007bd3b0000,0x00000007bda00000)
  to   space 6144K, 0% used [0x00000007bda80000,0x00000007bda80000,0x00000007be080000)
 ParOldGen       total 173568K, used 30363K [0x00000006c2800000, 0x00000006cd180000, 0x000000076b800000)
  object space 173568K, 17% used [0x00000006c2800000,0x00000006c45a6f00,0x00000006cd180000)
 Metaspace       used 8297K, capacity 8710K, committed 8960K, reserved 1056768K
  class space    used 656K, capacity 690K, committed 768K, reserved 1048576K
}
Event: 9.177 GC heap before
{Heap before GC invocations=28 (full 0):
 PSYoungGen      total 933376K, used 926912K [0x000000076b800000, 0x00000007be080000, 0x00000007c0000000)
  eden space 926720K, 100% used [0x000000076b800000,0x00000007a4100000,0x00000007a4100000)
  from space 6656K, 2% used [0x00000007bd380000,0x00000007bd3b0000,0x00000007bda00000)
  to   space 6144K, 0% used [0x00000007bda80000,0x00000007bda80000,0x00000007be080000)
 ParOldGen       total 173568K, used 30363K [0x00000006c2800000, 0x00000006cd180000, 0x000000076b800000)
  object space 173568K, 17% used [0x00000006c2800000,0x00000006c45a6f00,0x00000006cd180000)
 Metaspace       used 8297K, capacity 8710K, committed 8960K, reserved 1056768K
  class space    used 656K, capacity 690K, committed 768K, reserved 1048576K
Event: 9.178 GC heap after
Heap after GC invocations=28 (full 0):
 PSYoungGen      total 884224K, used 224K [0x000000076b800000, 0x00000007bdb00000, 0x00000007c0000000)
  eden space 883712K, 0% used [0x000000076b800000,0x000000076b800000,0x00000007a1700000)
  from space 512K, 43% used [0x00000007bda80000,0x00000007bdab8000,0x00000007bdb00000)
  to   space 5632K, 0% used [0x00000007bd000000,0x00000007bd000000,0x00000007bd580000)
 ParOldGen       total 173568K, used 30363K [0x00000006c2800000, 0x00000006cd180000, 0x000000076b800000)
  object space 173568K, 17% used [0x00000006c2800000,0x00000006c45a6f00,0x00000006cd180000)
 Metaspace       used 8297K, capacity 8710K, committed 8960K, reserved 1056768K
  class space    used 656K, capacity 690K, committed 768K, reserved 1048576K
}
Event: 9.566 GC heap before
{Heap before GC invocations=29 (full 0):
 PSYoungGen      total 884224K, used 883936K [0x000000076b800000, 0x00000007bdb00000, 0x00000007c0000000)
  eden space 883712K, 100% used [0x000000076b800000,0x00000007a1700000,0x00000007a1700000)
  from space 512K, 43% used [0x00000007bda80000,0x00000007bdab8000,0x00000007bdb00000)
  to   space 5632K, 0% used [0x00000007bd000000,0x00000007bd000000,0x00000007bd580000)
 ParOldGen       total 173568K, used 30363K [0x00000006c2800000, 0x00000006cd180000, 0x000000076b800000)
  object space 173568K, 17% used [0x00000006c2800000,0x00000006c45a6f00,0x00000006cd180000)
 Metaspace       used 8297K, capacity 8710K, committed 8960K, reserved 1056768K
  class space    used 656K, capacity 690K, committed 768K, reserved 1048576K
Event: 9.566 GC heap after
Heap after GC invocations=29 (full 0):
 PSYoungGen      total 848384K, used 224K [0x000000076b800000, 0x00000007bdb00000, 0x00000007c0000000)
  eden space 842752K, 0% used [0x000000076b800000,0x000000076b800000,0x000000079ef00000)
  from space 5632K, 3% used [0x00000007bd000000,0x00000007bd038000,0x00000007bd580000)
  to   space 5632K, 0% used [0x00000007bd580000,0x00000007bd580000,0x00000007bdb00000)
 ParOldGen       total 173568K, used 30363K [0x00000006c2800000, 0x00000006cd180000, 0x000000076b800000)
  object space 173568K, 17% used [0x00000006c2800000,0x00000006c45a6f00,0x00000006cd180000)
 Metaspace       used 8297K, capacity 8710K, committed 8960K, reserved 1056768K
  class space    used 656K, capacity 690K, committed 768K, reserved 1048576K
}

