# JRE version: Java(TM) SE Runtime Environment (8.0_65-b17) (build 1.8.0_65-b17)
# Java VM: Java HotSpot(TM) 64-Bit Server VM (25.65-b01 mixed mode windows-amd64 compressed oops)
Heap:
 PSYoungGen      total 65536K, used 55747K [0x000000076b800000, 0x00000007bb580000, 0x00000007c0000000)
  eden space 65024K, 85% used [0x000000076b800000,0x000000076ee48f70,0x000000076f780000)
  from space 512K, 31% used [0x00000007bb500000,0x00000007bb528000,0x00000007bb580000)
  to   space 512K, 0% used [0x00000007bb480000,0x00000007bb480000,0x00000007bb500000)
 ParOldGen       total 173568K, used 25372K [0x00000006c2800000, 0x00000006cd180000, 0x000000076b800000)
  object space 173568K, 14% used [0x00000006c2800000,0x00000006c40c7060,0x00000006cd180000)
 Metaspace       used 8395K, capacity 8774K, committed 8960K, reserved 1056768K
  class space    used 662K, capacity 690K, committed 768K, reserved 1048576K
GC Heap History (10 events):
Event: 31.381 GC heap before
{Heap before GC invocations=222 (full 0):
 PSYoungGen      total 73216K, used 72832K [0x000000076b800000, 0x00000007bb580000, 0x00000007c0000000)
  eden space 72704K, 100% used [0x000000076b800000,0x000000076ff00000,0x000000076ff00000)
  from space 512K, 25% used [0x00000007bb480000,0x00000007bb4a0000,0x00000007bb500000)
  to   space 512K, 0% used [0x00000007bb500000,0x00000007bb500000,0x00000007bb580000)
 ParOldGen       total 173568K, used 25332K [0x00000006c2800000, 0x00000006cd180000, 0x000000076b800000)
  object space 173568K, 14% used [0x00000006c2800000,0x00000006c40bd060,0x00000006cd180000)
 Metaspace       used 8395K, capacity 8774K, committed 8960K, reserved 1056768K
  class space    used 662K, capacity 690K, committed 768K, reserved 1048576K
Event: 31.381 GC heap after
Heap after GC invocations=222 (full 0):
 PSYoungGen      total 71680K, used 192K [0x000000076b800000, 0x00000007bb580000, 0x00000007c0000000)
  eden space 71168K, 0% used [0x000000076b800000,0x000000076b800000,0x000000076fd80000)
  from space 512K, 37% used [0x00000007bb500000,0x00000007bb530000,0x00000007bb580000)
  to   space 512K, 0% used [0x00000007bb480000,0x00000007bb480000,0x00000007bb500000)
 ParOldGen       total 173568K, used 25332K [0x00000006c2800000, 0x00000006cd180000, 0x000000076b800000)
  object space 173568K, 14% used [0x00000006c2800000,0x00000006c40bd060,0x00000006cd180000)
 Metaspace       used 8395K, capacity 8774K, committed 8960K, reserved 1056768K
  class space    used 662K, capacity 690K, committed 768K, reserved 1048576K
}
Event: 31.454 GC heap before
{Heap before GC invocations=223 (full 0):
 PSYoungGen      total 71680K, used 71360K [0x000000076b800000, 0x00000007bb580000, 0x00000007c0000000)
  eden space 71168K, 100% used [0x000000076b800000,0x000000076fd80000,0x000000076fd80000)
  from space 512K, 37% used [0x00000007bb500000,0x00000007bb530000,0x00000007bb580000)
  to   space 512K, 0% used [0x00000007bb480000,0x00000007bb480000,0x00000007bb500000)
 ParOldGen       total 173568K, used 25332K [0x00000006c2800000, 0x00000006cd180000, 0x000000076b800000)
  object space 173568K, 14% used [0x00000006c2800000,0x00000006c40bd060,0x00000006cd180000)
 Metaspace       used 8395K, capacity 8774K, committed 8960K, reserved 1056768K
  class space    used 662K, capacity 690K, committed 768K, reserved 1048576K
Event: 31.454 GC heap after
Heap after GC invocations=223 (full 0):
 PSYoungGen      total 70144K, used 160K [0x000000076b800000, 0x00000007bb580000, 0x00000007c0000000)
  eden space 69632K, 0% used [0x000000076b800000,0x000000076b800000,0x000000076fc00000)
  from space 512K, 31% used [0x00000007bb480000,0x00000007bb4a8000,0x00000007bb500000)
  to   space 512K, 0% used [0x00000007bb500000,0x00000007bb500000,0x00000007bb580000)
 ParOldGen       total 173568K, used 25332K [0x00000006c2800000, 0x00000006cd180000, 0x000000076b800000)
  object space 173568K, 14% used [0x00000006c2800000,0x00000006c40bd060,0x00000006cd180000)
 Metaspace       used 8395K, capacity 8774K, committed 8960K, reserved 1056768K
  class space    used 662K, capacity 690K, committed 768K, reserved 1048576K
}
Event: 31.543 GC heap before
{Heap before GC invocations=224 (full 0):
 PSYoungGen      total 70144K, used 69792K [0x000000076b800000, 0x00000007bb580000, 0x00000007c0000000)
  eden space 69632K, 100% used [0x000000076b800000,0x000000076fc00000,0x000000076fc00000)
  from space 512K, 31% used [0x00000007bb480000,0x00000007bb4a8000,0x00000007bb500000)
  to   space 512K, 0% used [0x00000007bb500000,0x00000007bb500000,0x00000007bb580000)
 ParOldGen       total 173568K, used 25332K [0x00000006c2800000, 0x00000006cd180000, 0x000000076b800000)
  object space 173568K, 14% used [0x00000006c2800000,0x00000006c40bd060,0x00000006cd180000)
 Metaspace       used 8395K, capacity 8774K, committed 8960K, reserved 1056768K
  class space    used 662K, capacity 690K, committed 768K, reserved 1048576K
Event: 31.543 GC heap after
Heap after GC invocations=224 (full 0):
 PSYoungGen      total 68608K, used 192K [0x000000076b800000, 0x00000007bb580000, 0x00000007c0000000)
  eden space 68096K, 0% used [0x000000076b800000,0x000000076b800000,0x000000076fa80000)
  from space 512K, 37% used [0x00000007bb500000,0x00000007bb530000,0x00000007bb580000)
  to   space 512K, 0% used [0x00000007bb480000,0x00000007bb480000,0x00000007bb500000)
 ParOldGen       total 173568K, used 25332K [0x00000006c2800000, 0x00000006cd180000, 0x000000076b800000)
  object space 173568K, 14% used [0x00000006c2800000,0x00000006c40bd060,0x00000006cd180000)
 Metaspace       used 8395K, capacity 8774K, committed 8960K, reserved 1056768K
  class space    used 662K, capacity 690K, committed 768K, reserved 1048576K
}
Event: 31.598 GC heap before
{Heap before GC invocations=225 (full 0):
 PSYoungGen      total 68608K, used 68288K [0x000000076b800000, 0x00000007bb580000, 0x00000007c0000000)
  eden space 68096K, 100% used [0x000000076b800000,0x000000076fa80000,0x000000076fa80000)
  from space 512K, 37% used [0x00000007bb500000,0x00000007bb530000,0x00000007bb580000)
  to   space 512K, 0% used [0x00000007bb480000,0x00000007bb480000,0x00000007bb500000)
 ParOldGen       total 173568K, used 25332K [0x00000006c2800000, 0x00000006cd180000, 0x000000076b800000)
  object space 173568K, 14% used [0x00000006c2800000,0x00000006c40bd060,0x00000006cd180000)
 Metaspace       used 8395K, capacity 8774K, committed 8960K, reserved 1056768K
  class space    used 662K, capacity 690K, committed 768K, reserved 1048576K
Event: 31.599 GC heap after
Heap after GC invocations=225 (full 0):
 PSYoungGen      total 67072K, used 32K [0x000000076b800000, 0x00000007bb580000, 0x00000007c0000000)
  eden space 66560K, 0% used [0x000000076b800000,0x000000076b800000,0x000000076f900000)
  from space 512K, 6% used [0x00000007bb480000,0x00000007bb488000,0x00000007bb500000)
  to   space 512K, 0% used [0x00000007bb500000,0x00000007bb500000,0x00000007bb580000)
 ParOldGen       total 173568K, used 25372K [0x00000006c2800000, 0x00000006cd180000, 0x000000076b800000)
  object space 173568K, 14% used [0x00000006c2800000,0x00000006c40c7060,0x00000006cd180000)
 Metaspace       used 8395K, capacity 8774K, committed 8960K, reserved 1056768K
  class space    used 662K, capacity 690K, committed 768K, reserved 1048576K
}
Event: 31.653 GC heap before
{Heap before GC invocations=226 (full 0):
 PSYoungGen      total 67072K, used 66592K [0x000000076b800000, 0x00000007bb580000, 0x00000007c0000000)
  eden space 66560K, 100% used [0x000000076b800000,0x000000076f900000,0x000000076f900000)
  from space 512K, 6% used [0x00000007bb480000,0x00000007bb488000,0x00000007bb500000)
  to   space 512K, 0% used [0x00000007bb500000,0x00000007bb500000,0x00000007bb580000)
 ParOldGen       total 173568K, used 25372K [0x00000006c2800000, 0x00000006cd180000, 0x000000076b800000)
  object space 173568K, 14% used [0x00000006c2800000,0x00000006c40c7060,0x00000006cd180000)
 Metaspace       used 8395K, capacity 8774K, committed 8960K, reserved 1056768K
  class space    used 662K, capacity 690K, committed 768K, reserved 1048576K
Event: 31.654 GC heap after
Heap after GC invocations=226 (full 0):
 PSYoungGen      total 65536K, used 160K [0x000000076b800000, 0x00000007bb580000, 0x00000007c0000000)
  eden space 65024K, 0% used [0x000000076b800000,0x000000076b800000,0x000000076f780000)
  from space 512K, 31% used [0x00000007bb500000,0x00000007bb528000,0x00000007bb580000)
  to   space 512K, 0% used [0x00000007bb480000,0x00000007bb480000,0x00000007bb500000)
 ParOldGen       total 173568K, used 25372K [0x00000006c2800000, 0x00000006cd180000, 0x000000076b800000)
  object space 173568K, 14% used [0x00000006c2800000,0x00000006c40c7060,0x00000006cd180000)
 Metaspace       used 8395K, capacity 8774K, committed 8960K, reserved 1056768K
  class space    used 662K, capacity 690K, committed 768K, reserved 1048576K
}

