# JRE version: Java(TM) SE Runtime Environment (8.0_65-b17) (build 1.8.0_65-b17)
# Java VM: Java HotSpot(TM) 64-Bit Server VM (25.65-b01 mixed mode windows-amd64 compressed oops)
Heap:
 PSYoungGen      total 722944K, used 555139K [0x000000076b800000, 0x00000007bd900000, 0x00000007c0000000)
  eden space 714752K, 77% used [0x000000076b800000,0x000000078d5e8cc0,0x0000000797200000)
  from space 8192K, 2% used [0x00000007bc900000,0x00000007bc938000,0x00000007bd100000)
  to   space 7680K, 0% used [0x00000007bd180000,0x00000007bd180000,0x00000007bd900000)
 ParOldGen       total 173568K, used 30816K [0x00000006c2800000, 0x00000006cd180000, 0x000000076b800000)
  object space 173568K, 17% used [0x00000006c2800000,0x00000006c46182b0,0x00000006cd180000)
 Metaspace       used 8347K, capacity 8774K, committed 8960K, reserved 1056768K
  class space    used 659K, capacity 690K, committed 768K, reserved 1048576K
GC Heap History (10 events):
Event: 6.560 GC heap before
{Heap before GC invocations=19 (full 0):
 PSYoungGen      total 905216K, used 904928K [0x000000076b800000, 0x00000007bea00000, 0x00000007c0000000)
  eden space 904704K, 100% used [0x000000076b800000,0x00000007a2b80000,0x00000007a2b80000)
  from space 512K, 43% used [0x00000007be980000,0x00000007be9b8000,0x00000007bea00000)
  to   space 10240K, 0% used [0x00000007bd600000,0x00000007bd600000,0x00000007be000000)
 ParOldGen       total 173568K, used 30800K [0x00000006c2800000, 0x00000006cd180000, 0x000000076b800000)
  object space 173568K, 17% used [0x00000006c2800000,0x00000006c46142b0,0x00000006cd180000)
 Metaspace       used 8335K, capacity 8710K, committed 8960K, reserved 1056768K
  class space    used 659K, capacity 690K, committed 768K, reserved 1048576K
Event: 6.561 GC heap after
Heap after GC invocations=19 (full 0):
 PSYoungGen      total 872960K, used 224K [0x000000076b800000, 0x00000007bea00000, 0x00000007c0000000)
  eden space 862720K, 0% used [0x000000076b800000,0x000000076b800000,0x00000007a0280000)
  from space 10240K, 2% used [0x00000007bd600000,0x00000007bd638000,0x00000007be000000)
  to   space 9728K, 0% used [0x00000007be080000,0x00000007be080000,0x00000007bea00000)
 ParOldGen       total 173568K, used 30816K [0x00000006c2800000, 0x00000006cd180000, 0x000000076b800000)
  object space 173568K, 17% used [0x00000006c2800000,0x00000006c46182b0,0x00000006cd180000)
 Metaspace       used 8335K, capacity 8710K, committed 8960K, reserved 1056768K
  class space    used 659K, capacity 690K, committed 768K, reserved 1048576K
}
Event: 7.210 GC heap before
{Heap before GC invocations=20 (full 0):
 PSYoungGen      total 872960K, used 862944K [0x000000076b800000, 0x00000007bea00000, 0x00000007c0000000)
  eden space 862720K, 100% used [0x000000076b800000,0x00000007a0280000,0x00000007a0280000)
  from space 10240K, 2% used [0x00000007bd600000,0x00000007bd638000,0x00000007be000000)
  to   space 9728K, 0% used [0x00000007be080000,0x00000007be080000,0x00000007bea00000)
 ParOldGen       total 173568K, used 30816K [0x00000006c2800000, 0x00000006cd180000, 0x000000076b800000)
  object space 173568K, 17% used [0x00000006c2800000,0x00000006c46182b0,0x00000006cd180000)
 Metaspace       used 8336K, capacity 8710K, committed 8960K, reserved 1056768K
  class space    used 659K, capacity 690K, committed 768K, reserved 1048576K
Event: 7.210 GC heap after
Heap after GC invocations=20 (full 0):
 PSYoungGen      total 823296K, used 224K [0x000000076b800000, 0x00000007be100000, 0x00000007c0000000)
  eden space 822784K, 0% used [0x000000076b800000,0x000000076b800000,0x000000079db80000)
  from space 512K, 43% used [0x00000007be080000,0x00000007be0b8000,0x00000007be100000)
  to   space 9216K, 0% used [0x00000007bcf00000,0x00000007bcf00000,0x00000007bd800000)
 ParOldGen       total 173568K, used 30816K [0x00000006c2800000, 0x00000006cd180000, 0x000000076b800000)
  object space 173568K, 17% used [0x00000006c2800000,0x00000006c46182b0,0x00000006cd180000)
 Metaspace       used 8336K, capacity 8710K, committed 8960K, reserved 1056768K
  class space    used 659K, capacity 690K, committed 768K, reserved 1048576K
}
Event: 7.806 GC heap before
{Heap before GC invocations=21 (full 0):
 PSYoungGen      total 823296K, used 823008K [0x000000076b800000, 0x00000007be100000, 0x00000007c0000000)
  eden space 822784K, 100% used [0x000000076b800000,0x000000079db80000,0x000000079db80000)
  from space 512K, 43% used [0x00000007be080000,0x00000007be0b8000,0x00000007be100000)
  to   space 9216K, 0% used [0x00000007bcf00000,0x00000007bcf00000,0x00000007bd800000)
 ParOldGen       total 173568K, used 30816K [0x00000006c2800000, 0x00000006cd180000, 0x000000076b800000)
  object space 173568K, 17% used [0x00000006c2800000,0x00000006c46182b0,0x00000006cd180000)
 Metaspace       used 8337K, capacity 8710K, committed 8960K, reserved 1056768K
  class space    used 659K, capacity 690K, committed 768K, reserved 1048576K
Event: 7.807 GC heap after
Heap after GC invocations=21 (full 0):
 PSYoungGen      total 794112K, used 224K [0x000000076b800000, 0x00000007be100000, 0x00000007c0000000)
  eden space 784896K, 0% used [0x000000076b800000,0x000000076b800000,0x000000079b680000)
  from space 9216K, 2% used [0x00000007bcf00000,0x00000007bcf38000,0x00000007bd800000)
  to   space 8704K, 0% used [0x00000007bd880000,0x00000007bd880000,0x00000007be100000)
 ParOldGen       total 173568K, used 30816K [0x00000006c2800000, 0x00000006cd180000, 0x000000076b800000)
  object space 173568K, 17% used [0x00000006c2800000,0x00000006c46182b0,0x00000006cd180000)
 Metaspace       used 8337K, capacity 8710K, committed 8960K, reserved 1056768K
  class space    used 659K, capacity 690K, committed 768K, reserved 1048576K
}
Event: 8.541 GC heap before
{Heap before GC invocations=22 (full 0):
 PSYoungGen      total 794112K, used 785120K [0x000000076b800000, 0x00000007be100000, 0x00000007c0000000)
  eden space 784896K, 100% used [0x000000076b800000,0x000000079b680000,0x000000079b680000)
  from space 9216K, 2% used [0x00000007bcf00000,0x00000007bcf38000,0x00000007bd800000)
  to   space 8704K, 0% used [0x00000007bd880000,0x00000007bd880000,0x00000007be100000)
 ParOldGen       total 173568K, used 30816K [0x00000006c2800000, 0x00000006cd180000, 0x000000076b800000)
  object space 173568K, 17% used [0x00000006c2800000,0x00000006c46182b0,0x00000006cd180000)
 Metaspace       used 8347K, capacity 8774K, committed 8960K, reserved 1056768K
  class space    used 659K, capacity 690K, committed 768K, reserved 1048576K
Event: 8.542 GC heap after
Heap after GC invocations=22 (full 0):
 PSYoungGen      total 749568K, used 224K [0x000000076b800000, 0x00000007bd900000, 0x00000007c0000000)
  eden space 749056K, 0% used [0x000000076b800000,0x000000076b800000,0x0000000799380000)
  from space 512K, 43% used [0x00000007bd880000,0x00000007bd8b8000,0x00000007bd900000)
  to   space 8192K, 0% used [0x00000007bc900000,0x00000007bc900000,0x00000007bd100000)
 ParOldGen       total 173568K, used 30816K [0x00000006c2800000, 0x00000006cd180000, 0x000000076b800000)
  object space 173568K, 17% used [0x00000006c2800000,0x00000006c46182b0,0x00000006cd180000)
 Metaspace       used 8347K, capacity 8774K, committed 8960K, reserved 1056768K
  class space    used 659K, capacity 690K, committed 768K, reserved 1048576K
}
Event: 9.083 GC heap before
{Heap before GC invocations=23 (full 0):
 PSYoungGen      total 749568K, used 749280K [0x000000076b800000, 0x00000007bd900000, 0x00000007c0000000)
  eden space 749056K, 100% used [0x000000076b800000,0x0000000799380000,0x0000000799380000)
  from space 512K, 43% used [0x00000007bd880000,0x00000007bd8b8000,0x00000007bd900000)
  to   space 8192K, 0% used [0x00000007bc900000,0x00000007bc900000,0x00000007bd100000)
 ParOldGen       total 173568K, used 30816K [0x00000006c2800000, 0x00000006cd180000, 0x000000076b800000)
  object space 173568K, 17% used [0x00000006c2800000,0x00000006c46182b0,0x00000006cd180000)
 Metaspace       used 8347K, capacity 8774K, committed 8960K, reserved 1056768K
  class space    used 659K, capacity 690K, committed 768K, reserved 1048576K
Event: 9.084 GC heap after
Heap after GC invocations=23 (full 0):
 PSYoungGen      total 722944K, used 224K [0x000000076b800000, 0x00000007bd900000, 0x00000007c0000000)
  eden space 714752K, 0% used [0x000000076b800000,0x000000076b800000,0x0000000797200000)
  from space 8192K, 2% used [0x00000007bc900000,0x00000007bc938000,0x00000007bd100000)
  to   space 7680K, 0% used [0x00000007bd180000,0x00000007bd180000,0x00000007bd900000)
 ParOldGen       total 173568K, used 30816K [0x00000006c2800000, 0x00000006cd180000, 0x000000076b800000)
  object space 173568K, 17% used [0x00000006c2800000,0x00000006c46182b0,0x00000006cd180000)
 Metaspace       used 8347K, capacity 8774K, committed 8960K, reserved 1056768K
  class space    used 659K, capacity 690K, committed 768K, reserved 1048576K
}

