# JRE version: Java(TM) SE Runtime Environment (8.0_65-b17) (build 1.8.0_65-b17)
# Java VM: Java HotSpot(TM) 64-Bit Server VM (25.65-b01 mixed mode windows-amd64 compressed oops)
Heap:
 PSYoungGen      total 832000K, used 339457K [0x000000076b800000, 0x00000007bce80000, 0x00000007c0000000)
  eden space 825856K, 41% used [0x000000076b800000,0x0000000780358638,0x000000079de80000)
  from space 6144K, 2% used [0x000000079de80000,0x000000079dea8000,0x000000079e480000)
  to   space 6144K, 0% used [0x00000007bc880000,0x00000007bc880000,0x00000007bce80000)
 ParOldGen       total 173568K, used 9668K [0x00000006c2800000, 0x00000006cd180000, 0x000000076b800000)
  object space 173568K, 5% used [0x00000006c2800000,0x00000006c3171060,0x00000006cd180000)
 Metaspace       used 8257K, capacity 8646K, committed 8960K, reserved 1056768K
  class space    used 655K, capacity 690K, committed 768K, reserved 1048576K
GC Heap History (10 events):
Event: 1.109 GC heap before
{Heap before GC invocations=7 (full 0):
 PSYoungGen      total 262144K, used 261946K [0x000000076b800000, 0x000000077ba00000, 0x00000007c0000000)
  eden space 260096K, 100% used [0x000000076b800000,0x000000077b600000,0x000000077b600000)
  from space 2048K, 90% used [0x000000077b800000,0x000000077b9ceaf8,0x000000077ba00000)
  to   space 2048K, 0% used [0x000000077b600000,0x000000077b600000,0x000000077b800000)
 ParOldGen       total 173568K, used 32K [0x00000006c2800000, 0x00000006cd180000, 0x000000076b800000)
  object space 173568K, 0% used [0x00000006c2800000,0x00000006c2808000,0x00000006cd180000)
 Metaspace       used 8147K, capacity 8550K, committed 8704K, reserved 1056768K
  class space    used 649K, capacity 658K, committed 768K, reserved 1048576K
Event: 1.112 GC heap after
Heap after GC invocations=7 (full 0):
 PSYoungGen      total 262144K, used 2006K [0x000000076b800000, 0x000000078b900000, 0x00000007c0000000)
  eden space 260096K, 0% used [0x000000076b800000,0x000000076b800000,0x000000077b600000)
  from space 2048K, 97% used [0x000000077b600000,0x000000077b7f5b80,0x000000077b800000)
  to   space 2560K, 0% used [0x000000078b680000,0x000000078b680000,0x000000078b900000)
 ParOldGen       total 173568K, used 684K [0x00000006c2800000, 0x00000006cd180000, 0x000000076b800000)
  object space 173568K, 0% used [0x00000006c2800000,0x00000006c28ab060,0x00000006cd180000)
 Metaspace       used 8147K, capacity 8550K, committed 8704K, reserved 1056768K
  class space    used 649K, capacity 658K, committed 768K, reserved 1048576K
}
Event: 1.287 GC heap before
{Heap before GC invocations=8 (full 0):
 PSYoungGen      total 262144K, used 262102K [0x000000076b800000, 0x000000078b900000, 0x00000007c0000000)
  eden space 260096K, 100% used [0x000000076b800000,0x000000077b600000,0x000000077b600000)
  from space 2048K, 97% used [0x000000077b600000,0x000000077b7f5b80,0x000000077b800000)
  to   space 2560K, 0% used [0x000000078b680000,0x000000078b680000,0x000000078b900000)
 ParOldGen       total 173568K, used 684K [0x00000006c2800000, 0x00000006cd180000, 0x000000076b800000)
  object space 173568K, 0% used [0x00000006c2800000,0x00000006c28ab060,0x00000006cd180000)
 Metaspace       used 8184K, capacity 8550K, committed 8704K, reserved 1056768K
  class space    used 651K, capacity 658K, committed 768K, reserved 1048576K
Event: 1.296 GC heap after
Heap after GC invocations=8 (full 0):
 PSYoungGen      total 518656K, used 2538K [0x000000076b800000, 0x000000078c100000, 0x00000007c0000000)
  eden space 516096K, 0% used [0x000000076b800000,0x000000076b800000,0x000000078b000000)
  from space 2560K, 99% used [0x000000078b680000,0x000000078b8faad8,0x000000078b900000)
  to   space 6656K, 0% used [0x000000078b000000,0x000000078b000000,0x000000078b680000)
 ParOldGen       total 173568K, used 8708K [0x00000006c2800000, 0x00000006cd180000, 0x000000076b800000)
  object space 173568K, 5% used [0x00000006c2800000,0x00000006c3081060,0x00000006cd180000)
 Metaspace       used 8184K, capacity 8550K, committed 8704K, reserved 1056768K
  class space    used 651K, capacity 658K, committed 768K, reserved 1048576K
}
Event: 1.733 GC heap before
{Heap before GC invocations=9 (full 0):
 PSYoungGen      total 518656K, used 518634K [0x000000076b800000, 0x000000078c100000, 0x00000007c0000000)
  eden space 516096K, 100% used [0x000000076b800000,0x000000078b000000,0x000000078b000000)
  from space 2560K, 99% used [0x000000078b680000,0x000000078b8faad8,0x000000078b900000)
  to   space 6656K, 0% used [0x000000078b000000,0x000000078b000000,0x000000078b680000)
 ParOldGen       total 173568K, used 8708K [0x00000006c2800000, 0x00000006cd180000, 0x000000076b800000)
  object space 173568K, 5% used [0x00000006c2800000,0x00000006c3081060,0x00000006cd180000)
 Metaspace       used 8250K, capacity 8646K, committed 8960K, reserved 1056768K
  class space    used 655K, capacity 690K, committed 768K, reserved 1048576K
Event: 1.736 GC heap after
Heap after GC invocations=9 (full 0):
 PSYoungGen      total 522752K, used 704K [0x000000076b800000, 0x000000079eb80000, 0x00000007c0000000)
  eden space 516096K, 0% used [0x000000076b800000,0x000000076b800000,0x000000078b000000)
  from space 6656K, 10% used [0x000000078b000000,0x000000078b0b0000,0x000000078b680000)
  to   space 6656K, 0% used [0x000000079e500000,0x000000079e500000,0x000000079eb80000)
 ParOldGen       total 173568K, used 9044K [0x00000006c2800000, 0x00000006cd180000, 0x000000076b800000)
  object space 173568K, 5% used [0x00000006c2800000,0x00000006c30d5060,0x00000006cd180000)
 Metaspace       used 8250K, capacity 8646K, committed 8960K, reserved 1056768K
  class space    used 655K, capacity 690K, committed 768K, reserved 1048576K
}
Event: 2.154 GC heap before
{Heap before GC invocations=10 (full 0):
 PSYoungGen      total 522752K, used 516800K [0x000000076b800000, 0x000000079eb80000, 0x00000007c0000000)
  eden space 516096K, 100% used [0x000000076b800000,0x000000078b000000,0x000000078b000000)
  from space 6656K, 10% used [0x000000078b000000,0x000000078b0b0000,0x000000078b680000)
  to   space 6656K, 0% used [0x000000079e500000,0x000000079e500000,0x000000079eb80000)
 ParOldGen       total 173568K, used 9044K [0x00000006c2800000, 0x00000006cd180000, 0x000000076b800000)
  object space 173568K, 5% used [0x00000006c2800000,0x00000006c30d5060,0x00000006cd180000)
 Metaspace       used 8251K, capacity 8646K, committed 8960K, reserved 1056768K
  class space    used 655K, capacity 690K, committed 768K, reserved 1048576K
Event: 2.156 GC heap after
Heap after GC invocations=10 (full 0):
 PSYoungGen      total 831488K, used 160K [0x000000076b800000, 0x000000079ea80000, 0x00000007c0000000)
  eden space 825856K, 0% used [0x000000076b800000,0x000000076b800000,0x000000079de80000)
  from space 5632K, 2% used [0x000000079e500000,0x000000079e528000,0x000000079ea80000)
  to   space 6144K, 0% used [0x000000079de80000,0x000000079de80000,0x000000079e480000)
 ParOldGen       total 173568K, used 9628K [0x00000006c2800000, 0x00000006cd180000, 0x000000076b800000)
  object space 173568K, 5% used [0x00000006c2800000,0x00000006c3167060,0x00000006cd180000)
 Metaspace       used 8251K, capacity 8646K, committed 8960K, reserved 1056768K
  class space    used 655K, capacity 690K, committed 768K, reserved 1048576K
}
Event: 2.787 GC heap before
{Heap before GC invocations=11 (full 0):
 PSYoungGen      total 831488K, used 826016K [0x000000076b800000, 0x000000079ea80000, 0x00000007c0000000)
  eden space 825856K, 100% used [0x000000076b800000,0x000000079de80000,0x000000079de80000)
  from space 5632K, 2% used [0x000000079e500000,0x000000079e528000,0x000000079ea80000)
  to   space 6144K, 0% used [0x000000079de80000,0x000000079de80000,0x000000079e480000)
 ParOldGen       total 173568K, used 9628K [0x00000006c2800000, 0x00000006cd180000, 0x000000076b800000)
  object space 173568K, 5% used [0x00000006c2800000,0x00000006c3167060,0x00000006cd180000)
 Metaspace       used 8256K, capacity 8646K, committed 8960K, reserved 1056768K
  class space    used 655K, capacity 690K, committed 768K, reserved 1048576K
Event: 2.788 GC heap after
Heap after GC invocations=11 (full 0):
 PSYoungGen      total 832000K, used 160K [0x000000076b800000, 0x00000007bce80000, 0x00000007c0000000)
  eden space 825856K, 0% used [0x000000076b800000,0x000000076b800000,0x000000079de80000)
  from space 6144K, 2% used [0x000000079de80000,0x000000079dea8000,0x000000079e480000)
  to   space 6144K, 0% used [0x00000007bc880000,0x00000007bc880000,0x00000007bce80000)
 ParOldGen       total 173568K, used 9668K [0x00000006c2800000, 0x00000006cd180000, 0x000000076b800000)
  object space 173568K, 5% used [0x00000006c2800000,0x00000006c3171060,0x00000006cd180000)
 Metaspace       used 8256K, capacity 8646K, committed 8960K, reserved 1056768K
  class space    used 655K, capacity 690K, committed 768K, reserved 1048576K
}

