# JRE version: Java(TM) SE Runtime Environment (8.0_65-b17) (build 1.8.0_65-b17)
# Java VM: Java HotSpot(TM) 64-Bit Server VM (25.65-b01 mixed mode windows-amd64 compressed oops)
Heap:
 PSYoungGen      total 60416K, used 2549K [0x000000076b800000, 0x00000007a8f80000, 0x00000007c0000000)
  eden space 59904K, 3% used [0x000000076b800000,0x000000076badd398,0x000000076f280000)
  from space 512K, 31% used [0x00000007a8f00000,0x00000007a8f28000,0x00000007a8f80000)
  to   space 512K, 0% used [0x00000007a8e80000,0x00000007a8e80000,0x00000007a8f00000)
 ParOldGen       total 173568K, used 15642K [0x00000006c2800000, 0x00000006cd180000, 0x000000076b800000)
  object space 173568K, 9% used [0x00000006c2800000,0x00000006c3746a80,0x00000006cd180000)
 Metaspace       used 8401K, capacity 8774K, committed 8960K, reserved 1056768K
  class space    used 662K, capacity 690K, committed 768K, reserved 1048576K
GC Heap History (10 events):
Event: 28.405 GC heap before
{Heap before GC invocations=299 (full 0):
 PSYoungGen      total 68608K, used 68320K [0x000000076b800000, 0x00000007a8f80000, 0x00000007c0000000)
  eden space 68096K, 100% used [0x000000076b800000,0x000000076fa80000,0x000000076fa80000)
  from space 512K, 43% used [0x00000007a8f00000,0x00000007a8f38000,0x00000007a8f80000)
  to   space 512K, 0% used [0x00000007a8e80000,0x00000007a8e80000,0x00000007a8f00000)
 ParOldGen       total 173568K, used 15642K [0x00000006c2800000, 0x00000006cd180000, 0x000000076b800000)
  object space 173568K, 9% used [0x00000006c2800000,0x00000006c3746a80,0x00000006cd180000)
 Metaspace       used 8401K, capacity 8774K, committed 8960K, reserved 1056768K
  class space    used 662K, capacity 690K, committed 768K, reserved 1048576K
Event: 28.406 GC heap after
Heap after GC invocations=299 (full 0):
 PSYoungGen      total 67072K, used 224K [0x000000076b800000, 0x00000007a8f80000, 0x00000007c0000000)
  eden space 66560K, 0% used [0x000000076b800000,0x000000076b800000,0x000000076f900000)
  from space 512K, 43% used [0x00000007a8e80000,0x00000007a8eb8000,0x00000007a8f00000)
  to   space 512K, 0% used [0x00000007a8f00000,0x00000007a8f00000,0x00000007a8f80000)
 ParOldGen       total 173568K, used 15642K [0x00000006c2800000, 0x00000006cd180000, 0x000000076b800000)
  object space 173568K, 9% used [0x00000006c2800000,0x00000006c3746a80,0x00000006cd180000)
 Metaspace       used 8401K, capacity 8774K, committed 8960K, reserved 1056768K
  class space    used 662K, capacity 690K, committed 768K, reserved 1048576K
}
Event: 28.472 GC heap before
{Heap before GC invocations=300 (full 0):
 PSYoungGen      total 67072K, used 66784K [0x000000076b800000, 0x00000007a8f80000, 0x00000007c0000000)
  eden space 66560K, 100% used [0x000000076b800000,0x000000076f900000,0x000000076f900000)
  from space 512K, 43% used [0x00000007a8e80000,0x00000007a8eb8000,0x00000007a8f00000)
  to   space 512K, 0% used [0x00000007a8f00000,0x00000007a8f00000,0x00000007a8f80000)
 ParOldGen       total 173568K, used 15642K [0x00000006c2800000, 0x00000006cd180000, 0x000000076b800000)
  object space 173568K, 9% used [0x00000006c2800000,0x00000006c3746a80,0x00000006cd180000)
 Metaspace       used 8401K, capacity 8774K, committed 8960K, reserved 1056768K
  class space    used 662K, capacity 690K, committed 768K, reserved 1048576K
Event: 28.472 GC heap after
Heap after GC invocations=300 (full 0):
 PSYoungGen      total 65536K, used 224K [0x000000076b800000, 0x00000007a8f80000, 0x00000007c0000000)
  eden space 65024K, 0% used [0x000000076b800000,0x000000076b800000,0x000000076f780000)
  from space 512K, 43% used [0x00000007a8f00000,0x00000007a8f38000,0x00000007a8f80000)
  to   space 512K, 0% used [0x00000007a8e80000,0x00000007a8e80000,0x00000007a8f00000)
 ParOldGen       total 173568K, used 15642K [0x00000006c2800000, 0x00000006cd180000, 0x000000076b800000)
  object space 173568K, 9% used [0x00000006c2800000,0x00000006c3746a80,0x00000006cd180000)
 Metaspace       used 8401K, capacity 8774K, committed 8960K, reserved 1056768K
  class space    used 662K, capacity 690K, committed 768K, reserved 1048576K
}
Event: 28.540 GC heap before
{Heap before GC invocations=301 (full 0):
 PSYoungGen      total 65536K, used 65248K [0x000000076b800000, 0x00000007a8f80000, 0x00000007c0000000)
  eden space 65024K, 100% used [0x000000076b800000,0x000000076f780000,0x000000076f780000)
  from space 512K, 43% used [0x00000007a8f00000,0x00000007a8f38000,0x00000007a8f80000)
  to   space 512K, 0% used [0x00000007a8e80000,0x00000007a8e80000,0x00000007a8f00000)
 ParOldGen       total 173568K, used 15642K [0x00000006c2800000, 0x00000006cd180000, 0x000000076b800000)
  object space 173568K, 9% used [0x00000006c2800000,0x00000006c3746a80,0x00000006cd180000)
 Metaspace       used 8401K, capacity 8774K, committed 8960K, reserved 1056768K
  class space    used 662K, capacity 690K, committed 768K, reserved 1048576K
Event: 28.540 GC heap after
Heap after GC invocations=301 (full 0):
 PSYoungGen      total 64000K, used 224K [0x000000076b800000, 0x00000007a8f80000, 0x00000007c0000000)
  eden space 63488K, 0% used [0x000000076b800000,0x000000076b800000,0x000000076f600000)
  from space 512K, 43% used [0x00000007a8e80000,0x00000007a8eb8000,0x00000007a8f00000)
  to   space 512K, 0% used [0x00000007a8f00000,0x00000007a8f00000,0x00000007a8f80000)
 ParOldGen       total 173568K, used 15642K [0x00000006c2800000, 0x00000006cd180000, 0x000000076b800000)
  object space 173568K, 9% used [0x00000006c2800000,0x00000006c3746a80,0x00000006cd180000)
 Metaspace       used 8401K, capacity 8774K, committed 8960K, reserved 1056768K
  class space    used 662K, capacity 690K, committed 768K, reserved 1048576K
}
Event: 28.609 GC heap before
{Heap before GC invocations=302 (full 0):
 PSYoungGen      total 64000K, used 63712K [0x000000076b800000, 0x00000007a8f80000, 0x00000007c0000000)
  eden space 63488K, 100% used [0x000000076b800000,0x000000076f600000,0x000000076f600000)
  from space 512K, 43% used [0x00000007a8e80000,0x00000007a8eb8000,0x00000007a8f00000)
  to   space 512K, 0% used [0x00000007a8f00000,0x00000007a8f00000,0x00000007a8f80000)
 ParOldGen       total 173568K, used 15642K [0x00000006c2800000, 0x00000006cd180000, 0x000000076b800000)
  object space 173568K, 9% used [0x00000006c2800000,0x00000006c3746a80,0x00000006cd180000)
 Metaspace       used 8401K, capacity 8774K, committed 8960K, reserved 1056768K
  class space    used 662K, capacity 690K, committed 768K, reserved 1048576K
Event: 28.610 GC heap after
Heap after GC invocations=302 (full 0):
 PSYoungGen      total 62464K, used 224K [0x000000076b800000, 0x00000007a8f80000, 0x00000007c0000000)
  eden space 61952K, 0% used [0x000000076b800000,0x000000076b800000,0x000000076f480000)
  from space 512K, 43% used [0x00000007a8f00000,0x00000007a8f38000,0x00000007a8f80000)
  to   space 512K, 0% used [0x00000007a8e80000,0x00000007a8e80000,0x00000007a8f00000)
 ParOldGen       total 173568K, used 15642K [0x00000006c2800000, 0x00000006cd180000, 0x000000076b800000)
  object space 173568K, 9% used [0x00000006c2800000,0x00000006c3746a80,0x00000006cd180000)
 Metaspace       used 8401K, capacity 8774K, committed 8960K, reserved 1056768K
  class space    used 662K, capacity 690K, committed 768K, reserved 1048576K
}
Event: 28.675 GC heap before
{Heap before GC invocations=303 (full 0):
 PSYoungGen      total 62464K, used 62176K [0x000000076b800000, 0x00000007a8f80000, 0x00000007c0000000)
  eden space 61952K, 100% used [0x000000076b800000,0x000000076f480000,0x000000076f480000)
  from space 512K, 43% used [0x00000007a8f00000,0x00000007a8f38000,0x00000007a8f80000)
  to   space 512K, 0% used [0x00000007a8e80000,0x00000007a8e80000,0x00000007a8f00000)
 ParOldGen       total 173568K, used 15642K [0x00000006c2800000, 0x00000006cd180000, 0x000000076b800000)
  object space 173568K, 9% used [0x00000006c2800000,0x00000006c3746a80,0x00000006cd180000)
 Metaspace       used 8401K, capacity 8774K, committed 8960K, reserved 1056768K
  class space    used 662K, capacity 690K, committed 768K, reserved 1048576K
Event: 28.675 GC heap after
Heap after GC invocations=303 (full 0):
 PSYoungGen      total 61440K, used 256K [0x000000076b800000, 0x00000007a8f80000, 0x00000007c0000000)
  eden space 60928K, 0% used [0x000000076b800000,0x000000076b800000,0x000000076f380000)
  from space 512K, 50% used [0x00000007a8e80000,0x00000007a8ec0000,0x00000007a8f00000)
  to   space 512K, 0% used [0x00000007a8f00000,0x00000007a8f00000,0x00000007a8f80000)
 ParOldGen       total 173568K, used 15642K [0x00000006c2800000, 0x00000006cd180000, 0x000000076b800000)
  object space 173568K, 9% used [0x00000006c2800000,0x00000006c3746a80,0x00000006cd180000)
 Metaspace       used 8401K, capacity 8774K, committed 8960K, reserved 1056768K
  class space    used 662K, capacity 690K, committed 768K, reserved 1048576K
}

