# JRE version: Java(TM) SE Runtime Environment (8.0_65-b17) (build 1.8.0_65-b17)
# Java VM: Java HotSpot(TM) 64-Bit Server VM (25.65-b01 mixed mode windows-amd64 compressed oops)
Heap:
 PSYoungGen      total 1063424K, used 621189K [0x000000076b800000, 0x00000007bd800000, 0x00000007c0000000)
  eden space 1062912K, 58% used [0x000000076b800000,0x0000000791661538,0x00000007ac600000)
  from space 512K, 50% used [0x00000007bd780000,0x00000007bd7c0000,0x00000007bd800000)
  to   space 12288K, 0% used [0x00000007bc000000,0x00000007bc000000,0x00000007bcc00000)
 ParOldGen       total 173568K, used 36766K [0x00000006c2800000, 0x00000006cd180000, 0x000000076b800000)
  object space 173568K, 21% used [0x00000006c2800000,0x00000006c4be7aa0,0x00000006cd180000)
 Metaspace       used 8340K, capacity 8710K, committed 8960K, reserved 1056768K
  class space    used 655K, capacity 690K, committed 768K, reserved 1048576K
GC Heap History (10 events):
Event: 5.734 GC heap before
{Heap before GC invocations=18 (full 0):
 PSYoungGen      total 1354240K, used 1353920K [0x000000076b800000, 0x00000007bff00000, 0x00000007c0000000)
  eden space 1353728K, 100% used [0x000000076b800000,0x00000007be200000,0x00000007be200000)
  from space 512K, 37% used [0x00000007be200000,0x00000007be230000,0x00000007be280000)
  to   space 14848K, 0% used [0x00000007bf080000,0x00000007bf080000,0x00000007bff00000)
 ParOldGen       total 173568K, used 36710K [0x00000006c2800000, 0x00000006cd180000, 0x000000076b800000)
  object space 173568K, 21% used [0x00000006c2800000,0x00000006c4bd9aa0,0x00000006cd180000)
 Metaspace       used 8324K, capacity 8646K, committed 8960K, reserved 1056768K
  class space    used 655K, capacity 690K, committed 768K, reserved 1048576K
Event: 5.735 GC heap after
Heap after GC invocations=18 (full 0):
 PSYoungGen      total 1289728K, used 224K [0x000000076b800000, 0x00000007bf100000, 0x00000007c0000000)
  eden space 1289216K, 0% used [0x000000076b800000,0x000000076b800000,0x00000007ba300000)
  from space 512K, 43% used [0x00000007bf080000,0x00000007bf0b8000,0x00000007bf100000)
  to   space 14336K, 0% used [0x00000007bd500000,0x00000007bd500000,0x00000007be300000)
 ParOldGen       total 173568K, used 36742K [0x00000006c2800000, 0x00000006cd180000, 0x000000076b800000)
  object space 173568K, 21% used [0x00000006c2800000,0x00000006c4be1aa0,0x00000006cd180000)
 Metaspace       used 8324K, capacity 8646K, committed 8960K, reserved 1056768K
  class space    used 655K, capacity 690K, committed 768K, reserved 1048576K
}
Event: 6.653 GC heap before
{Heap before GC invocations=19 (full 0):
 PSYoungGen      total 1289728K, used 1289440K [0x000000076b800000, 0x00000007bf100000, 0x00000007c0000000)
  eden space 1289216K, 100% used [0x000000076b800000,0x00000007ba300000,0x00000007ba300000)
  from space 512K, 43% used [0x00000007bf080000,0x00000007bf0b8000,0x00000007bf100000)
  to   space 14336K, 0% used [0x00000007bd500000,0x00000007bd500000,0x00000007be300000)
 ParOldGen       total 173568K, used 36742K [0x00000006c2800000, 0x00000006cd180000, 0x000000076b800000)
  object space 173568K, 21% used [0x00000006c2800000,0x00000006c4be1aa0,0x00000006cd180000)
 Metaspace       used 8326K, capacity 8646K, committed 8960K, reserved 1056768K
  class space    used 655K, capacity 690K, committed 768K, reserved 1048576K
Event: 6.654 GC heap after
Heap after GC invocations=19 (full 0):
 PSYoungGen      total 1242624K, used 224K [0x000000076b800000, 0x00000007bf100000, 0x00000007c0000000)
  eden space 1228288K, 0% used [0x000000076b800000,0x000000076b800000,0x00000007b6780000)
  from space 14336K, 1% used [0x00000007bd500000,0x00000007bd538000,0x00000007be300000)
  to   space 13824K, 0% used [0x00000007be380000,0x00000007be380000,0x00000007bf100000)
 ParOldGen       total 173568K, used 36742K [0x00000006c2800000, 0x00000006cd180000, 0x000000076b800000)
  object space 173568K, 21% used [0x00000006c2800000,0x00000006c4be1aa0,0x00000006cd180000)
 Metaspace       used 8326K, capacity 8646K, committed 8960K, reserved 1056768K
  class space    used 655K, capacity 690K, committed 768K, reserved 1048576K
}
Event: 7.643 GC heap before
{Heap before GC invocations=20 (full 0):
 PSYoungGen      total 1242624K, used 1228512K [0x000000076b800000, 0x00000007bf100000, 0x00000007c0000000)
  eden space 1228288K, 100% used [0x000000076b800000,0x00000007b6780000,0x00000007b6780000)
  from space 14336K, 1% used [0x00000007bd500000,0x00000007bd538000,0x00000007be300000)
  to   space 13824K, 0% used [0x00000007be380000,0x00000007be380000,0x00000007bf100000)
 ParOldGen       total 173568K, used 36742K [0x00000006c2800000, 0x00000006cd180000, 0x000000076b800000)
  object space 173568K, 21% used [0x00000006c2800000,0x00000006c4be1aa0,0x00000006cd180000)
 Metaspace       used 8334K, capacity 8710K, committed 8960K, reserved 1056768K
  class space    used 655K, capacity 690K, committed 768K, reserved 1048576K
Event: 7.644 GC heap after
Heap after GC invocations=20 (full 0):
 PSYoungGen      total 1170944K, used 224K [0x000000076b800000, 0x00000007be400000, 0x00000007c0000000)
  eden space 1170432K, 0% used [0x000000076b800000,0x000000076b800000,0x00000007b2f00000)
  from space 512K, 43% used [0x00000007be380000,0x00000007be3b8000,0x00000007be400000)
  to   space 13312K, 0% used [0x00000007bca00000,0x00000007bca00000,0x00000007bd700000)
 ParOldGen       total 173568K, used 36742K [0x00000006c2800000, 0x00000006cd180000, 0x000000076b800000)
  object space 173568K, 21% used [0x00000006c2800000,0x00000006c4be1aa0,0x00000006cd180000)
 Metaspace       used 8334K, capacity 8710K, committed 8960K, reserved 1056768K
  class space    used 655K, capacity 690K, committed 768K, reserved 1048576K
}
Event: 8.556 GC heap before
{Heap before GC invocations=21 (full 0):
 PSYoungGen      total 1170944K, used 1170656K [0x000000076b800000, 0x00000007be400000, 0x00000007c0000000)
  eden space 1170432K, 100% used [0x000000076b800000,0x00000007b2f00000,0x00000007b2f00000)
  from space 512K, 43% used [0x00000007be380000,0x00000007be3b8000,0x00000007be400000)
  to   space 13312K, 0% used [0x00000007bca00000,0x00000007bca00000,0x00000007bd700000)
 ParOldGen       total 173568K, used 36742K [0x00000006c2800000, 0x00000006cd180000, 0x000000076b800000)
  object space 173568K, 21% used [0x00000006c2800000,0x00000006c4be1aa0,0x00000006cd180000)
 Metaspace       used 8334K, capacity 8710K, committed 8960K, reserved 1056768K
  class space    used 655K, capacity 690K, committed 768K, reserved 1048576K
Event: 8.556 GC heap after
Heap after GC invocations=21 (full 0):
 PSYoungGen      total 1128448K, used 224K [0x000000076b800000, 0x00000007be400000, 0x00000007c0000000)
  eden space 1115136K, 0% used [0x000000076b800000,0x000000076b800000,0x00000007af900000)
  from space 13312K, 1% used [0x00000007bca00000,0x00000007bca38000,0x00000007bd700000)
  to   space 12800K, 0% used [0x00000007bd780000,0x00000007bd780000,0x00000007be400000)
 ParOldGen       total 173568K, used 36766K [0x00000006c2800000, 0x00000006cd180000, 0x000000076b800000)
  object space 173568K, 21% used [0x00000006c2800000,0x00000006c4be7aa0,0x00000006cd180000)
 Metaspace       used 8334K, capacity 8710K, committed 8960K, reserved 1056768K
  class space    used 655K, capacity 690K, committed 768K, reserved 1048576K
}
Event: 9.698 GC heap before
{Heap before GC invocations=22 (full 0):
 PSYoungGen      total 1128448K, used 1115360K [0x000000076b800000, 0x00000007be400000, 0x00000007c0000000)
  eden space 1115136K, 100% used [0x000000076b800000,0x00000007af900000,0x00000007af900000)
  from space 13312K, 1% used [0x00000007bca00000,0x00000007bca38000,0x00000007bd700000)
  to   space 12800K, 0% used [0x00000007bd780000,0x00000007bd780000,0x00000007be400000)
 ParOldGen       total 173568K, used 36766K [0x00000006c2800000, 0x00000006cd180000, 0x000000076b800000)
  object space 173568K, 21% used [0x00000006c2800000,0x00000006c4be7aa0,0x00000006cd180000)
 Metaspace       used 8339K, capacity 8710K, committed 8960K, reserved 1056768K
  class space    used 655K, capacity 690K, committed 768K, reserved 1048576K
Event: 9.699 GC heap after
Heap after GC invocations=22 (full 0):
 PSYoungGen      total 1063424K, used 256K [0x000000076b800000, 0x00000007bd800000, 0x00000007c0000000)
  eden space 1062912K, 0% used [0x000000076b800000,0x000000076b800000,0x00000007ac600000)
  from space 512K, 50% used [0x00000007bd780000,0x00000007bd7c0000,0x00000007bd800000)
  to   space 12288K, 0% used [0x00000007bc000000,0x00000007bc000000,0x00000007bcc00000)
 ParOldGen       total 173568K, used 36766K [0x00000006c2800000, 0x00000006cd180000, 0x000000076b800000)
  object space 173568K, 21% used [0x00000006c2800000,0x00000006c4be7aa0,0x00000006cd180000)
 Metaspace       used 8339K, capacity 8710K, committed 8960K, reserved 1056768K
  class space    used 655K, capacity 690K, committed 768K, reserved 1048576K
}

