# JRE version: Java(TM) SE Runtime Environment (8.0_65-b17) (build 1.8.0_65-b17)
# Java VM: Java HotSpot(TM) 64-Bit Server VM (25.65-b01 mixed mode windows-amd64 compressed oops)
Heap:
 PSYoungGen      total 1120256K, used 849067K [0x000000076b800000, 0x00000007be000000, 0x00000007c0000000)
  eden space 1119744K, 75% used [0x000000076b800000,0x000000079f4f2e98,0x00000007afd80000)
  from space 512K, 43% used [0x00000007bdf80000,0x00000007bdfb8000,0x00000007be000000)
  to   space 9728K, 0% used [0x00000007bcd00000,0x00000007bcd00000,0x00000007bd680000)
 ParOldGen       total 173568K, used 34127K [0x00000006c2800000, 0x00000006cd180000, 0x000000076b800000)
  object space 173568K, 19% used [0x00000006c2800000,0x00000006c4953c68,0x00000006cd180000)
 Metaspace       used 8366K, capacity 8710K, committed 8960K, reserved 1056768K
  class space    used 659K, capacity 690K, committed 768K, reserved 1048576K
GC Heap History (10 events):
Event: 4.407 GC heap before
{Heap before GC invocations=16 (full 0):
 PSYoungGen      total 1052672K, used 1040096K [0x000000076b800000, 0x00000007bff80000, 0x00000007c0000000)
  eden space 1039872K, 100% used [0x000000076b800000,0x00000007aaf80000,0x00000007aaf80000)
  from space 12800K, 1% used [0x00000007aaf80000,0x00000007aafb8000,0x00000007abc00000)
  to   space 12288K, 0% used [0x00000007bf380000,0x00000007bf380000,0x00000007bff80000)
 ParOldGen       total 173568K, used 34087K [0x00000006c2800000, 0x00000006cd180000, 0x000000076b800000)
  object space 173568K, 19% used [0x00000006c2800000,0x00000006c4949c68,0x00000006cd180000)
 Metaspace       used 8329K, capacity 8710K, committed 8960K, reserved 1056768K
  class space    used 659K, capacity 690K, committed 768K, reserved 1048576K
Event: 4.408 GC heap after
Heap after GC invocations=16 (full 0):
 PSYoungGen      total 1370624K, used 224K [0x000000076b800000, 0x00000007bfe80000, 0x00000007c0000000)
  eden space 1359360K, 0% used [0x000000076b800000,0x000000076b800000,0x00000007be780000)
  from space 11264K, 1% used [0x00000007bf380000,0x00000007bf3b8000,0x00000007bfe80000)
  to   space 11776K, 0% used [0x00000007be780000,0x00000007be780000,0x00000007bf300000)
 ParOldGen       total 173568K, used 34087K [0x00000006c2800000, 0x00000006cd180000, 0x000000076b800000)
  object space 173568K, 19% used [0x00000006c2800000,0x00000006c4949c68,0x00000006cd180000)
 Metaspace       used 8329K, capacity 8710K, committed 8960K, reserved 1056768K
  class space    used 659K, capacity 690K, committed 768K, reserved 1048576K
}
Event: 5.488 GC heap before
{Heap before GC invocations=17 (full 0):
 PSYoungGen      total 1370624K, used 1359584K [0x000000076b800000, 0x00000007bfe80000, 0x00000007c0000000)
  eden space 1359360K, 100% used [0x000000076b800000,0x00000007be780000,0x00000007be780000)
  from space 11264K, 1% used [0x00000007bf380000,0x00000007bf3b8000,0x00000007bfe80000)
  to   space 11776K, 0% used [0x00000007be780000,0x00000007be780000,0x00000007bf300000)
 ParOldGen       total 173568K, used 34087K [0x00000006c2800000, 0x00000006cd180000, 0x000000076b800000)
  object space 173568K, 19% used [0x00000006c2800000,0x00000006c4949c68,0x00000006cd180000)
 Metaspace       used 8337K, capacity 8710K, committed 8960K, reserved 1056768K
  class space    used 659K, capacity 690K, committed 768K, reserved 1048576K
Event: 5.489 GC heap after
Heap after GC invocations=17 (full 0):
 PSYoungGen      total 1295360K, used 224K [0x000000076b800000, 0x00000007bf400000, 0x00000007c0000000)
  eden space 1294848K, 0% used [0x000000076b800000,0x000000076b800000,0x00000007ba880000)
  from space 512K, 43% used [0x00000007be780000,0x00000007be7b8000,0x00000007be800000)
  to   space 11264K, 0% used [0x00000007be900000,0x00000007be900000,0x00000007bf400000)
 ParOldGen       total 173568K, used 34087K [0x00000006c2800000, 0x00000006cd180000, 0x000000076b800000)
  object space 173568K, 19% used [0x00000006c2800000,0x00000006c4949c68,0x00000006cd180000)
 Metaspace       used 8337K, capacity 8710K, committed 8960K, reserved 1056768K
  class space    used 659K, capacity 690K, committed 768K, reserved 1048576K
}
Event: 6.559 GC heap before
{Heap before GC invocations=18 (full 0):
 PSYoungGen      total 1295360K, used 1295072K [0x000000076b800000, 0x00000007bf400000, 0x00000007c0000000)
  eden space 1294848K, 100% used [0x000000076b800000,0x00000007ba880000,0x00000007ba880000)
  from space 512K, 43% used [0x00000007be780000,0x00000007be7b8000,0x00000007be800000)
  to   space 11264K, 0% used [0x00000007be900000,0x00000007be900000,0x00000007bf400000)
 ParOldGen       total 173568K, used 34087K [0x00000006c2800000, 0x00000006cd180000, 0x000000076b800000)
  object space 173568K, 19% used [0x00000006c2800000,0x00000006c4949c68,0x00000006cd180000)
 Metaspace       used 8343K, capacity 8710K, committed 8960K, reserved 1056768K
  class space    used 659K, capacity 690K, committed 768K, reserved 1048576K
Event: 6.560 GC heap after
Heap after GC invocations=18 (full 0):
 PSYoungGen      total 1233920K, used 224K [0x000000076b800000, 0x00000007be980000, 0x00000007c0000000)
  eden space 1233408K, 0% used [0x000000076b800000,0x000000076b800000,0x00000007b6c80000)
  from space 512K, 43% used [0x00000007be900000,0x00000007be938000,0x00000007be980000)
  to   space 10752K, 0% used [0x00000007bd480000,0x00000007bd480000,0x00000007bdf00000)
 ParOldGen       total 173568K, used 34095K [0x00000006c2800000, 0x00000006cd180000, 0x000000076b800000)
  object space 173568K, 19% used [0x00000006c2800000,0x00000006c494bc68,0x00000006cd180000)
 Metaspace       used 8343K, capacity 8710K, committed 8960K, reserved 1056768K
  class space    used 659K, capacity 690K, committed 768K, reserved 1048576K
}
Event: 7.706 GC heap before
{Heap before GC invocations=19 (full 0):
 PSYoungGen      total 1233920K, used 1233632K [0x000000076b800000, 0x00000007be980000, 0x00000007c0000000)
  eden space 1233408K, 100% used [0x000000076b800000,0x00000007b6c80000,0x00000007b6c80000)
  from space 512K, 43% used [0x00000007be900000,0x00000007be938000,0x00000007be980000)
  to   space 10752K, 0% used [0x00000007bd480000,0x00000007bd480000,0x00000007bdf00000)
 ParOldGen       total 173568K, used 34095K [0x00000006c2800000, 0x00000006cd180000, 0x000000076b800000)
  object space 173568K, 19% used [0x00000006c2800000,0x00000006c494bc68,0x00000006cd180000)
 Metaspace       used 8358K, capacity 8710K, committed 8960K, reserved 1056768K
  class space    used 659K, capacity 690K, committed 768K, reserved 1048576K
Event: 7.706 GC heap after
Heap after GC invocations=19 (full 0):
 PSYoungGen      total 1185792K, used 224K [0x000000076b800000, 0x00000007be980000, 0x00000007c0000000)
  eden space 1175040K, 0% used [0x000000076b800000,0x000000076b800000,0x00000007b3380000)
  from space 10752K, 2% used [0x00000007bd480000,0x00000007bd4b8000,0x00000007bdf00000)
  to   space 10240K, 0% used [0x00000007bdf80000,0x00000007bdf80000,0x00000007be980000)
 ParOldGen       total 173568K, used 34095K [0x00000006c2800000, 0x00000006cd180000, 0x000000076b800000)
  object space 173568K, 19% used [0x00000006c2800000,0x00000006c494bc68,0x00000006cd180000)
 Metaspace       used 8358K, capacity 8710K, committed 8960K, reserved 1056768K
  class space    used 659K, capacity 690K, committed 768K, reserved 1048576K
}
Event: 8.610 GC heap before
{Heap before GC invocations=20 (full 0):
 PSYoungGen      total 1185792K, used 1175264K [0x000000076b800000, 0x00000007be980000, 0x00000007c0000000)
  eden space 1175040K, 100% used [0x000000076b800000,0x00000007b3380000,0x00000007b3380000)
  from space 10752K, 2% used [0x00000007bd480000,0x00000007bd4b8000,0x00000007bdf00000)
  to   space 10240K, 0% used [0x00000007bdf80000,0x00000007bdf80000,0x00000007be980000)
 ParOldGen       total 173568K, used 34095K [0x00000006c2800000, 0x00000006cd180000, 0x000000076b800000)
  object space 173568K, 19% used [0x00000006c2800000,0x00000006c494bc68,0x00000006cd180000)
 Metaspace       used 8365K, capacity 8710K, committed 8960K, reserved 1056768K
  class space    used 659K, capacity 690K, committed 768K, reserved 1048576K
Event: 8.611 GC heap after
Heap after GC invocations=20 (full 0):
 PSYoungGen      total 1120256K, used 224K [0x000000076b800000, 0x00000007be000000, 0x00000007c0000000)
  eden space 1119744K, 0% used [0x000000076b800000,0x000000076b800000,0x00000007afd80000)
  from space 512K, 43% used [0x00000007bdf80000,0x00000007bdfb8000,0x00000007be000000)
  to   space 9728K, 0% used [0x00000007bcd00000,0x00000007bcd00000,0x00000007bd680000)
 ParOldGen       total 173568K, used 34127K [0x00000006c2800000, 0x00000006cd180000, 0x000000076b800000)
  object space 173568K, 19% used [0x00000006c2800000,0x00000006c4953c68,0x00000006cd180000)
 Metaspace       used 8365K, capacity 8710K, committed 8960K, reserved 1056768K
  class space    used 659K, capacity 690K, committed 768K, reserved 1048576K
}

