# JRE version: Java(TM) SE Runtime Environment (8.0_65-b17) (build 1.8.0_65-b17)
# Java VM: Java HotSpot(TM) 64-Bit Server VM (25.65-b01 mixed mode windows-amd64 compressed oops)
Heap:
 PSYoungGen      total 472576K, used 227997K [0x000000076b800000, 0x00000007ba380000, 0x00000007c0000000)
  eden space 472064K, 48% used [0x000000076b800000,0x000000077967f568,0x0000000788500000)
  from space 512K, 31% used [0x00000007ba300000,0x00000007ba328000,0x00000007ba380000)
  to   space 4096K, 0% used [0x00000007b9b80000,0x00000007b9b80000,0x00000007b9f80000)
 ParOldGen       total 173568K, used 27480K [0x00000006c2800000, 0x00000006cd180000, 0x000000076b800000)
  object space 173568K, 15% used [0x00000006c2800000,0x00000006c42d6270,0x00000006cd180000)
 Metaspace       used 8391K, capacity 8774K, committed 8960K, reserved 1056768K
  class space    used 662K, capacity 690K, committed 768K, reserved 1048576K
GC Heap History (10 events):
Event: 13.186 GC heap before
{Heap before GC invocations=28 (full 0):
 PSYoungGen      total 598016K, used 592064K [0x000000076b800000, 0x00000007bb100000, 0x00000007c0000000)
  eden space 591872K, 100% used [0x000000076b800000,0x000000078fa00000,0x000000078fa00000)
  from space 6144K, 3% used [0x00000007ba500000,0x00000007ba530000,0x00000007bab00000)
  to   space 5632K, 0% used [0x00000007bab80000,0x00000007bab80000,0x00000007bb100000)
 ParOldGen       total 173568K, used 27432K [0x00000006c2800000, 0x00000006cd180000, 0x000000076b800000)
  object space 173568K, 15% used [0x00000006c2800000,0x00000006c42ca270,0x00000006cd180000)
 Metaspace       used 8390K, capacity 8774K, committed 8960K, reserved 1056768K
  class space    used 662K, capacity 690K, committed 768K, reserved 1048576K
Event: 13.187 GC heap after
Heap after GC invocations=28 (full 0):
 PSYoungGen      total 565760K, used 224K [0x000000076b800000, 0x00000007bac00000, 0x00000007c0000000)
  eden space 565248K, 0% used [0x000000076b800000,0x000000076b800000,0x000000078e000000)
  from space 512K, 43% used [0x00000007bab80000,0x00000007babb8000,0x00000007bac00000)
  to   space 5632K, 0% used [0x00000007ba100000,0x00000007ba100000,0x00000007ba680000)
 ParOldGen       total 173568K, used 27432K [0x00000006c2800000, 0x00000006cd180000, 0x000000076b800000)
  object space 173568K, 15% used [0x00000006c2800000,0x00000006c42ca270,0x00000006cd180000)
 Metaspace       used 8390K, capacity 8774K, committed 8960K, reserved 1056768K
  class space    used 662K, capacity 690K, committed 768K, reserved 1048576K
}
Event: 13.751 GC heap before
{Heap before GC invocations=29 (full 0):
 PSYoungGen      total 565760K, used 565472K [0x000000076b800000, 0x00000007bac00000, 0x00000007c0000000)
  eden space 565248K, 100% used [0x000000076b800000,0x000000078e000000,0x000000078e000000)
  from space 512K, 43% used [0x00000007bab80000,0x00000007babb8000,0x00000007bac00000)
  to   space 5632K, 0% used [0x00000007ba100000,0x00000007ba100000,0x00000007ba680000)
 ParOldGen       total 173568K, used 27432K [0x00000006c2800000, 0x00000006cd180000, 0x000000076b800000)
  object space 173568K, 15% used [0x00000006c2800000,0x00000006c42ca270,0x00000006cd180000)
 Metaspace       used 8390K, capacity 8774K, committed 8960K, reserved 1056768K
  class space    used 662K, capacity 690K, committed 768K, reserved 1048576K
Event: 13.751 GC heap after
Heap after GC invocations=29 (full 0):
 PSYoungGen      total 545792K, used 192K [0x000000076b800000, 0x00000007bac00000, 0x00000007c0000000)
  eden space 540160K, 0% used [0x000000076b800000,0x000000076b800000,0x000000078c780000)
  from space 5632K, 3% used [0x00000007ba100000,0x00000007ba130000,0x00000007ba680000)
  to   space 5120K, 0% used [0x00000007ba700000,0x00000007ba700000,0x00000007bac00000)
 ParOldGen       total 173568K, used 27432K [0x00000006c2800000, 0x00000006cd180000, 0x000000076b800000)
  object space 173568K, 15% used [0x00000006c2800000,0x00000006c42ca270,0x00000006cd180000)
 Metaspace       used 8390K, capacity 8774K, committed 8960K, reserved 1056768K
  class space    used 662K, capacity 690K, committed 768K, reserved 1048576K
}
Event: 14.250 GC heap before
{Heap before GC invocations=30 (full 0):
 PSYoungGen      total 545792K, used 540352K [0x000000076b800000, 0x00000007bac00000, 0x00000007c0000000)
  eden space 540160K, 100% used [0x000000076b800000,0x000000078c780000,0x000000078c780000)
  from space 5632K, 3% used [0x00000007ba100000,0x00000007ba130000,0x00000007ba680000)
  to   space 5120K, 0% used [0x00000007ba700000,0x00000007ba700000,0x00000007bac00000)
 ParOldGen       total 173568K, used 27432K [0x00000006c2800000, 0x00000006cd180000, 0x000000076b800000)
  object space 173568K, 15% used [0x00000006c2800000,0x00000006c42ca270,0x00000006cd180000)
 Metaspace       used 8390K, capacity 8774K, committed 8960K, reserved 1056768K
  class space    used 662K, capacity 690K, committed 768K, reserved 1048576K
Event: 14.250 GC heap after
Heap after GC invocations=30 (full 0):
 PSYoungGen      total 516608K, used 192K [0x000000076b800000, 0x00000007ba780000, 0x00000007c0000000)
  eden space 516096K, 0% used [0x000000076b800000,0x000000076b800000,0x000000078b000000)
  from space 512K, 37% used [0x00000007ba700000,0x00000007ba730000,0x00000007ba780000)
  to   space 4608K, 0% used [0x00000007b9e80000,0x00000007b9e80000,0x00000007ba300000)
 ParOldGen       total 173568K, used 27456K [0x00000006c2800000, 0x00000006cd180000, 0x000000076b800000)
  object space 173568K, 15% used [0x00000006c2800000,0x00000006c42d0270,0x00000006cd180000)
 Metaspace       used 8390K, capacity 8774K, committed 8960K, reserved 1056768K
  class space    used 662K, capacity 690K, committed 768K, reserved 1048576K
}
Event: 14.817 GC heap before
{Heap before GC invocations=31 (full 0):
 PSYoungGen      total 516608K, used 516288K [0x000000076b800000, 0x00000007ba780000, 0x00000007c0000000)
  eden space 516096K, 100% used [0x000000076b800000,0x000000078b000000,0x000000078b000000)
  from space 512K, 37% used [0x00000007ba700000,0x00000007ba730000,0x00000007ba780000)
  to   space 4608K, 0% used [0x00000007b9e80000,0x00000007b9e80000,0x00000007ba300000)
 ParOldGen       total 173568K, used 27456K [0x00000006c2800000, 0x00000006cd180000, 0x000000076b800000)
  object space 173568K, 15% used [0x00000006c2800000,0x00000006c42d0270,0x00000006cd180000)
 Metaspace       used 8390K, capacity 8774K, committed 8960K, reserved 1056768K
  class space    used 662K, capacity 690K, committed 768K, reserved 1048576K
Event: 14.818 GC heap after
Heap after GC invocations=31 (full 0):
 PSYoungGen      total 498176K, used 192K [0x000000076b800000, 0x00000007ba780000, 0x00000007c0000000)
  eden space 493568K, 0% used [0x000000076b800000,0x000000076b800000,0x0000000789a00000)
  from space 4608K, 4% used [0x00000007b9e80000,0x00000007b9eb0000,0x00000007ba300000)
  to   space 4608K, 0% used [0x00000007ba300000,0x00000007ba300000,0x00000007ba780000)
 ParOldGen       total 173568K, used 27456K [0x00000006c2800000, 0x00000006cd180000, 0x000000076b800000)
  object space 173568K, 15% used [0x00000006c2800000,0x00000006c42d0270,0x00000006cd180000)
 Metaspace       used 8390K, capacity 8774K, committed 8960K, reserved 1056768K
  class space    used 662K, capacity 690K, committed 768K, reserved 1048576K
}
Event: 15.401 GC heap before
{Heap before GC invocations=32 (full 0):
 PSYoungGen      total 498176K, used 493760K [0x000000076b800000, 0x00000007ba780000, 0x00000007c0000000)
  eden space 493568K, 100% used [0x000000076b800000,0x0000000789a00000,0x0000000789a00000)
  from space 4608K, 4% used [0x00000007b9e80000,0x00000007b9eb0000,0x00000007ba300000)
  to   space 4608K, 0% used [0x00000007ba300000,0x00000007ba300000,0x00000007ba780000)
 ParOldGen       total 173568K, used 27456K [0x00000006c2800000, 0x00000006cd180000, 0x000000076b800000)
  object space 173568K, 15% used [0x00000006c2800000,0x00000006c42d0270,0x00000006cd180000)
 Metaspace       used 8390K, capacity 8774K, committed 8960K, reserved 1056768K
  class space    used 662K, capacity 690K, committed 768K, reserved 1048576K
Event: 15.401 GC heap after
Heap after GC invocations=32 (full 0):
 PSYoungGen      total 472576K, used 160K [0x000000076b800000, 0x00000007ba380000, 0x00000007c0000000)
  eden space 472064K, 0% used [0x000000076b800000,0x000000076b800000,0x0000000788500000)
  from space 512K, 31% used [0x00000007ba300000,0x00000007ba328000,0x00000007ba380000)
  to   space 4096K, 0% used [0x00000007b9b80000,0x00000007b9b80000,0x00000007b9f80000)
 ParOldGen       total 173568K, used 27480K [0x00000006c2800000, 0x00000006cd180000, 0x000000076b800000)
  object space 173568K, 15% used [0x00000006c2800000,0x00000006c42d6270,0x00000006cd180000)
 Metaspace       used 8390K, capacity 8774K, committed 8960K, reserved 1056768K
  class space    used 662K, capacity 690K, committed 768K, reserved 1048576K
}

