# JRE version: Java(TM) SE Runtime Environment (8.0_65-b17) (build 1.8.0_65-b17)
# Java VM: Java HotSpot(TM) 64-Bit Server VM (25.65-b01 mixed mode windows-amd64 compressed oops)
Heap:
 PSYoungGen      total 640512K, used 422140K [0x000000076b800000, 0x00000007bb700000, 0x00000007c0000000)
  eden space 640000K, 65% used [0x000000076b800000,0x0000000785407120,0x0000000792900000)
  from space 512K, 43% used [0x00000007bb680000,0x00000007bb6b8000,0x00000007bb700000)
  to   space 5632K, 0% used [0x00000007bac00000,0x00000007bac00000,0x00000007bb180000)
 ParOldGen       total 173568K, used 26858K [0x00000006c2800000, 0x00000006cd180000, 0x000000076b800000)
  object space 173568K, 15% used [0x00000006c2800000,0x00000006c423a9b0,0x00000006cd180000)
 Metaspace       used 8306K, capacity 8710K, committed 8960K, reserved 1056768K
  class space    used 654K, capacity 690K, committed 768K, reserved 1048576K
GC Heap History (10 events):
Event: 13.221 GC heap before
{Heap before GC invocations=24 (full 0):
 PSYoungGen      total 817152K, used 808672K [0x000000076b800000, 0x00000007bca80000, 0x00000007c0000000)
  eden space 808448K, 100% used [0x000000076b800000,0x000000079cd80000,0x000000079cd80000)
  from space 8704K, 2% used [0x00000007bb980000,0x00000007bb9b8000,0x00000007bc200000)
  to   space 8192K, 0% used [0x00000007bc280000,0x00000007bc280000,0x00000007bca80000)
 ParOldGen       total 173568K, used 26850K [0x00000006c2800000, 0x00000006cd180000, 0x000000076b800000)
  object space 173568K, 15% used [0x00000006c2800000,0x00000006c42389b0,0x00000006cd180000)
 Metaspace       used 8305K, capacity 8710K, committed 8960K, reserved 1056768K
  class space    used 654K, capacity 690K, committed 768K, reserved 1048576K
Event: 13.221 GC heap after
Heap after GC invocations=24 (full 0):
 PSYoungGen      total 771584K, used 192K [0x000000076b800000, 0x00000007bc300000, 0x00000007c0000000)
  eden space 771072K, 0% used [0x000000076b800000,0x000000076b800000,0x000000079a900000)
  from space 512K, 37% used [0x00000007bc280000,0x00000007bc2b0000,0x00000007bc300000)
  to   space 7680K, 0% used [0x00000007bb400000,0x00000007bb400000,0x00000007bbb80000)
 ParOldGen       total 173568K, used 26850K [0x00000006c2800000, 0x00000006cd180000, 0x000000076b800000)
  object space 173568K, 15% used [0x00000006c2800000,0x00000006c42389b0,0x00000006cd180000)
 Metaspace       used 8305K, capacity 8710K, committed 8960K, reserved 1056768K
  class space    used 654K, capacity 690K, committed 768K, reserved 1048576K
}
Event: 13.939 GC heap before
{Heap before GC invocations=25 (full 0):
 PSYoungGen      total 771584K, used 771264K [0x000000076b800000, 0x00000007bc300000, 0x00000007c0000000)
  eden space 771072K, 100% used [0x000000076b800000,0x000000079a900000,0x000000079a900000)
  from space 512K, 37% used [0x00000007bc280000,0x00000007bc2b0000,0x00000007bc300000)
  to   space 7680K, 0% used [0x00000007bb400000,0x00000007bb400000,0x00000007bbb80000)
 ParOldGen       total 173568K, used 26850K [0x00000006c2800000, 0x00000006cd180000, 0x000000076b800000)
  object space 173568K, 15% used [0x00000006c2800000,0x00000006c42389b0,0x00000006cd180000)
 Metaspace       used 8306K, capacity 8710K, committed 8960K, reserved 1056768K
  class space    used 654K, capacity 690K, committed 768K, reserved 1048576K
Event: 13.940 GC heap after
Heap after GC invocations=25 (full 0):
 PSYoungGen      total 743424K, used 224K [0x000000076b800000, 0x00000007bc300000, 0x00000007c0000000)
  eden space 735744K, 0% used [0x000000076b800000,0x000000076b800000,0x0000000798680000)
  from space 7680K, 2% used [0x00000007bb400000,0x00000007bb438000,0x00000007bbb80000)
  to   space 7168K, 0% used [0x00000007bbc00000,0x00000007bbc00000,0x00000007bc300000)
 ParOldGen       total 173568K, used 26850K [0x00000006c2800000, 0x00000006cd180000, 0x000000076b800000)
  object space 173568K, 15% used [0x00000006c2800000,0x00000006c42389b0,0x00000006cd180000)
 Metaspace       used 8306K, capacity 8710K, committed 8960K, reserved 1056768K
  class space    used 654K, capacity 690K, committed 768K, reserved 1048576K
}
Event: 14.570 GC heap before
{Heap before GC invocations=26 (full 0):
 PSYoungGen      total 743424K, used 735968K [0x000000076b800000, 0x00000007bc300000, 0x00000007c0000000)
  eden space 735744K, 100% used [0x000000076b800000,0x0000000798680000,0x0000000798680000)
  from space 7680K, 2% used [0x00000007bb400000,0x00000007bb438000,0x00000007bbb80000)
  to   space 7168K, 0% used [0x00000007bbc00000,0x00000007bbc00000,0x00000007bc300000)
 ParOldGen       total 173568K, used 26850K [0x00000006c2800000, 0x00000006cd180000, 0x000000076b800000)
  object space 173568K, 15% used [0x00000006c2800000,0x00000006c42389b0,0x00000006cd180000)
 Metaspace       used 8306K, capacity 8710K, committed 8960K, reserved 1056768K
  class space    used 654K, capacity 690K, committed 768K, reserved 1048576K
Event: 14.570 GC heap after
Heap after GC invocations=26 (full 0):
 PSYoungGen      total 702464K, used 224K [0x000000076b800000, 0x00000007bbc80000, 0x00000007c0000000)
  eden space 701952K, 0% used [0x000000076b800000,0x000000076b800000,0x0000000796580000)
  from space 512K, 43% used [0x00000007bbc00000,0x00000007bbc38000,0x00000007bbc80000)
  to   space 6656K, 0% used [0x00000007baf80000,0x00000007baf80000,0x00000007bb600000)
 ParOldGen       total 173568K, used 26858K [0x00000006c2800000, 0x00000006cd180000, 0x000000076b800000)
  object space 173568K, 15% used [0x00000006c2800000,0x00000006c423a9b0,0x00000006cd180000)
 Metaspace       used 8306K, capacity 8710K, committed 8960K, reserved 1056768K
  class space    used 654K, capacity 690K, committed 768K, reserved 1048576K
}
Event: 15.082 GC heap before
{Heap before GC invocations=27 (full 0):
 PSYoungGen      total 702464K, used 702176K [0x000000076b800000, 0x00000007bbc80000, 0x00000007c0000000)
  eden space 701952K, 100% used [0x000000076b800000,0x0000000796580000,0x0000000796580000)
  from space 512K, 43% used [0x00000007bbc00000,0x00000007bbc38000,0x00000007bbc80000)
  to   space 6656K, 0% used [0x00000007baf80000,0x00000007baf80000,0x00000007bb600000)
 ParOldGen       total 173568K, used 26858K [0x00000006c2800000, 0x00000006cd180000, 0x000000076b800000)
  object space 173568K, 15% used [0x00000006c2800000,0x00000006c423a9b0,0x00000006cd180000)
 Metaspace       used 8306K, capacity 8710K, committed 8960K, reserved 1056768K
  class space    used 654K, capacity 690K, committed 768K, reserved 1048576K
Event: 15.082 GC heap after
Heap after GC invocations=27 (full 0):
 PSYoungGen      total 676864K, used 224K [0x000000076b800000, 0x00000007bbc80000, 0x00000007c0000000)
  eden space 670208K, 0% used [0x000000076b800000,0x000000076b800000,0x0000000794680000)
  from space 6656K, 3% used [0x00000007baf80000,0x00000007bafb8000,0x00000007bb600000)
  to   space 6144K, 0% used [0x00000007bb680000,0x00000007bb680000,0x00000007bbc80000)
 ParOldGen       total 173568K, used 26858K [0x00000006c2800000, 0x00000006cd180000, 0x000000076b800000)
  object space 173568K, 15% used [0x00000006c2800000,0x00000006c423a9b0,0x00000006cd180000)
 Metaspace       used 8306K, capacity 8710K, committed 8960K, reserved 1056768K
  class space    used 654K, capacity 690K, committed 768K, reserved 1048576K
}
Event: 15.620 GC heap before
{Heap before GC invocations=28 (full 0):
 PSYoungGen      total 676864K, used 670432K [0x000000076b800000, 0x00000007bbc80000, 0x00000007c0000000)
  eden space 670208K, 100% used [0x000000076b800000,0x0000000794680000,0x0000000794680000)
  from space 6656K, 3% used [0x00000007baf80000,0x00000007bafb8000,0x00000007bb600000)
  to   space 6144K, 0% used [0x00000007bb680000,0x00000007bb680000,0x00000007bbc80000)
 ParOldGen       total 173568K, used 26858K [0x00000006c2800000, 0x00000006cd180000, 0x000000076b800000)
  object space 173568K, 15% used [0x00000006c2800000,0x00000006c423a9b0,0x00000006cd180000)
 Metaspace       used 8306K, capacity 8710K, committed 8960K, reserved 1056768K
  class space    used 654K, capacity 690K, committed 768K, reserved 1048576K
Event: 15.621 GC heap after
Heap after GC invocations=28 (full 0):
 PSYoungGen      total 640512K, used 224K [0x000000076b800000, 0x00000007bb700000, 0x00000007c0000000)
  eden space 640000K, 0% used [0x000000076b800000,0x000000076b800000,0x0000000792900000)
  from space 512K, 43% used [0x00000007bb680000,0x00000007bb6b8000,0x00000007bb700000)
  to   space 5632K, 0% used [0x00000007bac00000,0x00000007bac00000,0x00000007bb180000)
 ParOldGen       total 173568K, used 26858K [0x00000006c2800000, 0x00000006cd180000, 0x000000076b800000)
  object space 173568K, 15% used [0x00000006c2800000,0x00000006c423a9b0,0x00000006cd180000)
 Metaspace       used 8306K, capacity 8710K, committed 8960K, reserved 1056768K
  class space    used 654K, capacity 690K, committed 768K, reserved 1048576K
}

