# JRE version: Java(TM) SE Runtime Environment (8.0_65-b17) (build 1.8.0_65-b17)
# Java VM: Java HotSpot(TM) 64-Bit Server VM (25.65-b01 mixed mode windows-amd64 compressed oops)
Heap:
 PSYoungGen      total 381440K, used 106648K [0x000000076b800000, 0x000000079dd00000, 0x00000007c0000000)
  eden space 380928K, 27% used [0x000000076b800000,0x0000000771fee228,0x0000000782c00000)
  from space 512K, 43% used [0x000000079dc80000,0x000000079dcb8000,0x000000079dd00000)
  to   space 3584K, 0% used [0x000000079d600000,0x000000079d600000,0x000000079d980000)
 ParOldGen       total 173568K, used 5399K [0x00000006c2800000, 0x00000006cd180000, 0x000000076b800000)
  object space 173568K, 3% used [0x00000006c2800000,0x00000006c2d45dd0,0x00000006cd180000)
 Metaspace       used 8356K, capacity 8710K, committed 8960K, reserved 1056768K
  class space    used 660K, capacity 690K, committed 768K, reserved 1048576K
GC Heap History (10 events):
Event: 2.627 GC heap before
{Heap before GC invocations=12 (full 0):
 PSYoungGen      total 478208K, used 474336K [0x000000076b800000, 0x000000079e700000, 0x00000007c0000000)
  eden space 474112K, 100% used [0x000000076b800000,0x0000000788700000,0x0000000788700000)
  from space 4096K, 5% used [0x000000079df00000,0x000000079df38000,0x000000079e300000)
  to   space 4096K, 0% used [0x000000079e300000,0x000000079e300000,0x000000079e700000)
 ParOldGen       total 173568K, used 5319K [0x00000006c2800000, 0x00000006cd180000, 0x000000076b800000)
  object space 173568K, 3% used [0x00000006c2800000,0x00000006c2d31dd0,0x00000006cd180000)
 Metaspace       used 8329K, capacity 8710K, committed 8960K, reserved 1056768K
  class space    used 660K, capacity 690K, committed 768K, reserved 1048576K
Event: 2.628 GC heap after
Heap after GC invocations=12 (full 0):
 PSYoungGen      total 454144K, used 224K [0x000000076b800000, 0x000000079e380000, 0x00000007c0000000)
  eden space 453632K, 0% used [0x000000076b800000,0x000000076b800000,0x0000000787300000)
  from space 512K, 43% used [0x000000079e300000,0x000000079e338000,0x000000079e380000)
  to   space 4096K, 0% used [0x000000079db80000,0x000000079db80000,0x000000079df80000)
 ParOldGen       total 173568K, used 5327K [0x00000006c2800000, 0x00000006cd180000, 0x000000076b800000)
  object space 173568K, 3% used [0x00000006c2800000,0x00000006c2d33dd0,0x00000006cd180000)
 Metaspace       used 8329K, capacity 8710K, committed 8960K, reserved 1056768K
  class space    used 660K, capacity 690K, committed 768K, reserved 1048576K
}
Event: 2.960 GC heap before
{Heap before GC invocations=13 (full 0):
 PSYoungGen      total 454144K, used 453856K [0x000000076b800000, 0x000000079e380000, 0x00000007c0000000)
  eden space 453632K, 100% used [0x000000076b800000,0x0000000787300000,0x0000000787300000)
  from space 512K, 43% used [0x000000079e300000,0x000000079e338000,0x000000079e380000)
  to   space 4096K, 0% used [0x000000079db80000,0x000000079db80000,0x000000079df80000)
 ParOldGen       total 173568K, used 5327K [0x00000006c2800000, 0x00000006cd180000, 0x000000076b800000)
  object space 173568K, 3% used [0x00000006c2800000,0x00000006c2d33dd0,0x00000006cd180000)
 Metaspace       used 8341K, capacity 8710K, committed 8960K, reserved 1056768K
  class space    used 660K, capacity 690K, committed 768K, reserved 1048576K
Event: 2.961 GC heap after
Heap after GC invocations=13 (full 0):
 PSYoungGen      total 438272K, used 256K [0x000000076b800000, 0x000000079e380000, 0x00000007c0000000)
  eden space 434176K, 0% used [0x000000076b800000,0x000000076b800000,0x0000000786000000)
  from space 4096K, 6% used [0x000000079db80000,0x000000079dbc0000,0x000000079df80000)
  to   space 4096K, 0% used [0x000000079df80000,0x000000079df80000,0x000000079e380000)
 ParOldGen       total 173568K, used 5351K [0x00000006c2800000, 0x00000006cd180000, 0x000000076b800000)
  object space 173568K, 3% used [0x00000006c2800000,0x00000006c2d39dd0,0x00000006cd180000)
 Metaspace       used 8341K, capacity 8710K, committed 8960K, reserved 1056768K
  class space    used 660K, capacity 690K, committed 768K, reserved 1048576K
}
Event: 3.352 GC heap before
{Heap before GC invocations=14 (full 0):
 PSYoungGen      total 438272K, used 434432K [0x000000076b800000, 0x000000079e380000, 0x00000007c0000000)
  eden space 434176K, 100% used [0x000000076b800000,0x0000000786000000,0x0000000786000000)
  from space 4096K, 6% used [0x000000079db80000,0x000000079dbc0000,0x000000079df80000)
  to   space 4096K, 0% used [0x000000079df80000,0x000000079df80000,0x000000079e380000)
 ParOldGen       total 173568K, used 5351K [0x00000006c2800000, 0x00000006cd180000, 0x000000076b800000)
  object space 173568K, 3% used [0x00000006c2800000,0x00000006c2d39dd0,0x00000006cd180000)
 Metaspace       used 8345K, capacity 8710K, committed 8960K, reserved 1056768K
  class space    used 660K, capacity 690K, committed 768K, reserved 1048576K
Event: 3.352 GC heap after
Heap after GC invocations=14 (full 0):
 PSYoungGen      total 416256K, used 224K [0x000000076b800000, 0x000000079e000000, 0x00000007c0000000)
  eden space 415744K, 0% used [0x000000076b800000,0x000000076b800000,0x0000000784e00000)
  from space 512K, 43% used [0x000000079df80000,0x000000079dfb8000,0x000000079e000000)
  to   space 4096K, 0% used [0x000000079d800000,0x000000079d800000,0x000000079dc00000)
 ParOldGen       total 173568K, used 5351K [0x00000006c2800000, 0x00000006cd180000, 0x000000076b800000)
  object space 173568K, 3% used [0x00000006c2800000,0x00000006c2d39dd0,0x00000006cd180000)
 Metaspace       used 8345K, capacity 8710K, committed 8960K, reserved 1056768K
  class space    used 660K, capacity 690K, committed 768K, reserved 1048576K
}
Event: 3.723 GC heap before
{Heap before GC invocations=15 (full 0):
 PSYoungGen      total 416256K, used 415968K [0x000000076b800000, 0x000000079e000000, 0x00000007c0000000)
  eden space 415744K, 100% used [0x000000076b800000,0x0000000784e00000,0x0000000784e00000)
  from space 512K, 43% used [0x000000079df80000,0x000000079dfb8000,0x000000079e000000)
  to   space 4096K, 0% used [0x000000079d800000,0x000000079d800000,0x000000079dc00000)
 ParOldGen       total 173568K, used 5351K [0x00000006c2800000, 0x00000006cd180000, 0x000000076b800000)
  object space 173568K, 3% used [0x00000006c2800000,0x00000006c2d39dd0,0x00000006cd180000)
 Metaspace       used 8355K, capacity 8710K, committed 8960K, reserved 1056768K
  class space    used 660K, capacity 690K, committed 768K, reserved 1048576K
Event: 3.724 GC heap after
Heap after GC invocations=15 (full 0):
 PSYoungGen      total 401920K, used 224K [0x000000076b800000, 0x000000079e000000, 0x00000007c0000000)
  eden space 397824K, 0% used [0x000000076b800000,0x000000076b800000,0x0000000783c80000)
  from space 4096K, 5% used [0x000000079d800000,0x000000079d838000,0x000000079dc00000)
  to   space 3584K, 0% used [0x000000079dc80000,0x000000079dc80000,0x000000079e000000)
 ParOldGen       total 173568K, used 5351K [0x00000006c2800000, 0x00000006cd180000, 0x000000076b800000)
  object space 173568K, 3% used [0x00000006c2800000,0x00000006c2d39dd0,0x00000006cd180000)
 Metaspace       used 8355K, capacity 8710K, committed 8960K, reserved 1056768K
  class space    used 660K, capacity 690K, committed 768K, reserved 1048576K
}
Event: 4.018 GC heap before
{Heap before GC invocations=16 (full 0):
 PSYoungGen      total 401920K, used 398048K [0x000000076b800000, 0x000000079e000000, 0x00000007c0000000)
  eden space 397824K, 100% used [0x000000076b800000,0x0000000783c80000,0x0000000783c80000)
  from space 4096K, 5% used [0x000000079d800000,0x000000079d838000,0x000000079dc00000)
  to   space 3584K, 0% used [0x000000079dc80000,0x000000079dc80000,0x000000079e000000)
 ParOldGen       total 173568K, used 5351K [0x00000006c2800000, 0x00000006cd180000, 0x000000076b800000)
  object space 173568K, 3% used [0x00000006c2800000,0x00000006c2d39dd0,0x00000006cd180000)
 Metaspace       used 8356K, capacity 8710K, committed 8960K, reserved 1056768K
  class space    used 660K, capacity 690K, committed 768K, reserved 1048576K
Event: 4.018 GC heap after
Heap after GC invocations=16 (full 0):
 PSYoungGen      total 381440K, used 224K [0x000000076b800000, 0x000000079dd00000, 0x00000007c0000000)
  eden space 380928K, 0% used [0x000000076b800000,0x000000076b800000,0x0000000782c00000)
  from space 512K, 43% used [0x000000079dc80000,0x000000079dcb8000,0x000000079dd00000)
  to   space 3584K, 0% used [0x000000079d600000,0x000000079d600000,0x000000079d980000)
 ParOldGen       total 173568K, used 5399K [0x00000006c2800000, 0x00000006cd180000, 0x000000076b800000)
  object space 173568K, 3% used [0x00000006c2800000,0x00000006c2d45dd0,0x00000006cd180000)
 Metaspace       used 8356K, capacity 8710K, committed 8960K, reserved 1056768K
  class space    used 660K, capacity 690K, committed 768K, reserved 1048576K
}

