# JRE version: Java(TM) SE Runtime Environment (8.0_65-b17) (build 1.8.0_65-b17)
# Java VM: Java HotSpot(TM) 64-Bit Server VM (25.65-b01 mixed mode windows-amd64 compressed oops)
Heap:
 PSYoungGen      total 204800K, used 169571K [0x000000076b800000, 0x00000007b7680000, 0x00000007c0000000)
  eden space 204288K, 83% used [0x000000076b800000,0x0000000775f62868,0x0000000777f80000)
  from space 512K, 43% used [0x00000007b7600000,0x00000007b7638000,0x00000007b7680000)
  to   space 1024K, 0% used [0x00000007b7480000,0x00000007b7480000,0x00000007b7580000)
 ParOldGen       total 173568K, used 20220K [0x00000006c2800000, 0x00000006cd180000, 0x000000076b800000)
  object space 173568K, 11% used [0x00000006c2800000,0x00000006c3bbf180,0x00000006cd180000)
 Metaspace       used 8396K, capacity 8774K, committed 8960K, reserved 1056768K
  class space    used 662K, capacity 690K, committed 768K, reserved 1048576K
GC Heap History (10 events):
Event: 22.337 GC heap before
{Heap before GC invocations=50 (full 0):
 PSYoungGen      total 249344K, used 248032K [0x000000076b800000, 0x00000007b7800000, 0x00000007c0000000)
  eden space 247808K, 100% used [0x000000076b800000,0x000000077aa00000,0x000000077aa00000)
  from space 1536K, 14% used [0x00000007b7500000,0x00000007b7538000,0x00000007b7680000)
  to   space 1024K, 0% used [0x00000007b7700000,0x00000007b7700000,0x00000007b7800000)
 ParOldGen       total 173568K, used 20220K [0x00000006c2800000, 0x00000006cd180000, 0x000000076b800000)
  object space 173568K, 11% used [0x00000006c2800000,0x00000006c3bbf180,0x00000006cd180000)
 Metaspace       used 8396K, capacity 8774K, committed 8960K, reserved 1056768K
  class space    used 662K, capacity 690K, committed 768K, reserved 1048576K
Event: 22.338 GC heap after
Heap after GC invocations=50 (full 0):
 PSYoungGen      total 238592K, used 192K [0x000000076b800000, 0x00000007b7780000, 0x00000007c0000000)
  eden space 238080K, 0% used [0x000000076b800000,0x000000076b800000,0x000000077a080000)
  from space 512K, 37% used [0x00000007b7700000,0x00000007b7730000,0x00000007b7780000)
  to   space 1024K, 0% used [0x00000007b7580000,0x00000007b7580000,0x00000007b7680000)
 ParOldGen       total 173568K, used 20220K [0x00000006c2800000, 0x00000006cd180000, 0x000000076b800000)
  object space 173568K, 11% used [0x00000006c2800000,0x00000006c3bbf180,0x00000006cd180000)
 Metaspace       used 8396K, capacity 8774K, committed 8960K, reserved 1056768K
  class space    used 662K, capacity 690K, committed 768K, reserved 1048576K
}
Event: 22.518 GC heap before
{Heap before GC invocations=51 (full 0):
 PSYoungGen      total 238592K, used 238272K [0x000000076b800000, 0x00000007b7780000, 0x00000007c0000000)
  eden space 238080K, 100% used [0x000000076b800000,0x000000077a080000,0x000000077a080000)
  from space 512K, 37% used [0x00000007b7700000,0x00000007b7730000,0x00000007b7780000)
  to   space 1024K, 0% used [0x00000007b7580000,0x00000007b7580000,0x00000007b7680000)
 ParOldGen       total 173568K, used 20220K [0x00000006c2800000, 0x00000006cd180000, 0x000000076b800000)
  object space 173568K, 11% used [0x00000006c2800000,0x00000006c3bbf180,0x00000006cd180000)
 Metaspace       used 8396K, capacity 8774K, committed 8960K, reserved 1056768K
  class space    used 662K, capacity 690K, committed 768K, reserved 1048576K
Event: 22.519 GC heap after
Heap after GC invocations=51 (full 0):
 PSYoungGen      total 229888K, used 224K [0x000000076b800000, 0x00000007b7780000, 0x00000007c0000000)
  eden space 228864K, 0% used [0x000000076b800000,0x000000076b800000,0x0000000779780000)
  from space 1024K, 21% used [0x00000007b7580000,0x00000007b75b8000,0x00000007b7680000)
  to   space 1024K, 0% used [0x00000007b7680000,0x00000007b7680000,0x00000007b7780000)
 ParOldGen       total 173568K, used 20220K [0x00000006c2800000, 0x00000006cd180000, 0x000000076b800000)
  object space 173568K, 11% used [0x00000006c2800000,0x00000006c3bbf180,0x00000006cd180000)
 Metaspace       used 8396K, capacity 8774K, committed 8960K, reserved 1056768K
  class space    used 662K, capacity 690K, committed 768K, reserved 1048576K
}
Event: 22.697 GC heap before
{Heap before GC invocations=52 (full 0):
 PSYoungGen      total 229888K, used 229088K [0x000000076b800000, 0x00000007b7780000, 0x00000007c0000000)
  eden space 228864K, 100% used [0x000000076b800000,0x0000000779780000,0x0000000779780000)
  from space 1024K, 21% used [0x00000007b7580000,0x00000007b75b8000,0x00000007b7680000)
  to   space 1024K, 0% used [0x00000007b7680000,0x00000007b7680000,0x00000007b7780000)
 ParOldGen       total 173568K, used 20220K [0x00000006c2800000, 0x00000006cd180000, 0x000000076b800000)
  object space 173568K, 11% used [0x00000006c2800000,0x00000006c3bbf180,0x00000006cd180000)
 Metaspace       used 8396K, capacity 8774K, committed 8960K, reserved 1056768K
  class space    used 662K, capacity 690K, committed 768K, reserved 1048576K
Event: 22.698 GC heap after
Heap after GC invocations=52 (full 0):
 PSYoungGen      total 220672K, used 192K [0x000000076b800000, 0x00000007b7700000, 0x00000007c0000000)
  eden space 220160K, 0% used [0x000000076b800000,0x000000076b800000,0x0000000778f00000)
  from space 512K, 37% used [0x00000007b7680000,0x00000007b76b0000,0x00000007b7700000)
  to   space 1024K, 0% used [0x00000007b7500000,0x00000007b7500000,0x00000007b7600000)
 ParOldGen       total 173568K, used 20220K [0x00000006c2800000, 0x00000006cd180000, 0x000000076b800000)
  object space 173568K, 11% used [0x00000006c2800000,0x00000006c3bbf180,0x00000006cd180000)
 Metaspace       used 8396K, capacity 8774K, committed 8960K, reserved 1056768K
  class space    used 662K, capacity 690K, committed 768K, reserved 1048576K
}
Event: 22.874 GC heap before
{Heap before GC invocations=53 (full 0):
 PSYoungGen      total 220672K, used 220352K [0x000000076b800000, 0x00000007b7700000, 0x00000007c0000000)
  eden space 220160K, 100% used [0x000000076b800000,0x0000000778f00000,0x0000000778f00000)
  from space 512K, 37% used [0x00000007b7680000,0x00000007b76b0000,0x00000007b7700000)
  to   space 1024K, 0% used [0x00000007b7500000,0x00000007b7500000,0x00000007b7600000)
 ParOldGen       total 173568K, used 20220K [0x00000006c2800000, 0x00000006cd180000, 0x000000076b800000)
  object space 173568K, 11% used [0x00000006c2800000,0x00000006c3bbf180,0x00000006cd180000)
 Metaspace       used 8396K, capacity 8774K, committed 8960K, reserved 1056768K
  class space    used 662K, capacity 690K, committed 768K, reserved 1048576K
Event: 22.874 GC heap after
Heap after GC invocations=53 (full 0):
 PSYoungGen      total 212992K, used 192K [0x000000076b800000, 0x00000007b7700000, 0x00000007c0000000)
  eden space 211968K, 0% used [0x000000076b800000,0x000000076b800000,0x0000000778700000)
  from space 1024K, 18% used [0x00000007b7500000,0x00000007b7530000,0x00000007b7600000)
  to   space 1024K, 0% used [0x00000007b7600000,0x00000007b7600000,0x00000007b7700000)
 ParOldGen       total 173568K, used 20220K [0x00000006c2800000, 0x00000006cd180000, 0x000000076b800000)
  object space 173568K, 11% used [0x00000006c2800000,0x00000006c3bbf180,0x00000006cd180000)
 Metaspace       used 8396K, capacity 8774K, committed 8960K, reserved 1056768K
  class space    used 662K, capacity 690K, committed 768K, reserved 1048576K
}
Event: 23.080 GC heap before
{Heap before GC invocations=54 (full 0):
 PSYoungGen      total 212992K, used 212160K [0x000000076b800000, 0x00000007b7700000, 0x00000007c0000000)
  eden space 211968K, 100% used [0x000000076b800000,0x0000000778700000,0x0000000778700000)
  from space 1024K, 18% used [0x00000007b7500000,0x00000007b7530000,0x00000007b7600000)
  to   space 1024K, 0% used [0x00000007b7600000,0x00000007b7600000,0x00000007b7700000)
 ParOldGen       total 173568K, used 20220K [0x00000006c2800000, 0x00000006cd180000, 0x000000076b800000)
  object space 173568K, 11% used [0x00000006c2800000,0x00000006c3bbf180,0x00000006cd180000)
 Metaspace       used 8396K, capacity 8774K, committed 8960K, reserved 1056768K
  class space    used 662K, capacity 690K, committed 768K, reserved 1048576K
Event: 23.081 GC heap after
Heap after GC invocations=54 (full 0):
 PSYoungGen      total 204800K, used 224K [0x000000076b800000, 0x00000007b7680000, 0x00000007c0000000)
  eden space 204288K, 0% used [0x000000076b800000,0x000000076b800000,0x0000000777f80000)
  from space 512K, 43% used [0x00000007b7600000,0x00000007b7638000,0x00000007b7680000)
  to   space 1024K, 0% used [0x00000007b7480000,0x00000007b7480000,0x00000007b7580000)
 ParOldGen       total 173568K, used 20220K [0x00000006c2800000, 0x00000006cd180000, 0x000000076b800000)
  object space 173568K, 11% used [0x00000006c2800000,0x00000006c3bbf180,0x00000006cd180000)
 Metaspace       used 8396K, capacity 8774K, committed 8960K, reserved 1056768K
  class space    used 662K, capacity 690K, committed 768K, reserved 1048576K
}

