# JRE version: Java(TM) SE Runtime Environment (8.0_65-b17) (build 1.8.0_65-b17)
# Java VM: Java HotSpot(TM) 64-Bit Server VM (25.65-b01 mixed mode windows-amd64 compressed oops)
Heap:
 PSYoungGen      total 141312K, used 126377K [0x000000076b800000, 0x000000077aa80000, 0x00000007c0000000)
  eden space 139264K, 90% used [0x000000076b800000,0x00000007733426b8,0x0000000774000000)
  from space 2048K, 7% used [0x000000077a680000,0x000000077a6a8000,0x000000077a880000)
  to   space 1536K, 0% used [0x000000077a900000,0x000000077a900000,0x000000077aa80000)
 ParOldGen       total 173568K, used 1368K [0x00000006c2800000, 0x00000006cd180000, 0x000000076b800000)
  object space 173568K, 0% used [0x00000006c2800000,0x00000006c2956050,0x00000006cd180000)
 Metaspace       used 8226K, capacity 8710K, committed 8960K, reserved 1056768K
  class space    used 654K, capacity 690K, committed 768K, reserved 1048576K
GC Heap History (10 events):
Event: 3.057 GC heap before
{Heap before GC invocations=19 (full 0):
 PSYoungGen      total 165888K, used 165568K [0x000000076b800000, 0x000000077ad80000, 0x00000007c0000000)
  eden space 165376K, 100% used [0x000000076b800000,0x0000000775980000,0x0000000775980000)
  from space 512K, 37% used [0x000000077ad00000,0x000000077ad30000,0x000000077ad80000)
  to   space 2048K, 0% used [0x000000077a980000,0x000000077a980000,0x000000077ab80000)
 ParOldGen       total 173568K, used 1344K [0x00000006c2800000, 0x00000006cd180000, 0x000000076b800000)
  object space 173568K, 0% used [0x00000006c2800000,0x00000006c2950050,0x00000006cd180000)
 Metaspace       used 8225K, capacity 8710K, committed 8960K, reserved 1056768K
  class space    used 654K, capacity 690K, committed 768K, reserved 1048576K
Event: 3.058 GC heap after
Heap after GC invocations=19 (full 0):
 PSYoungGen      total 161792K, used 224K [0x000000076b800000, 0x000000077ad80000, 0x00000007c0000000)
  eden space 159744K, 0% used [0x000000076b800000,0x000000076b800000,0x0000000775400000)
  from space 2048K, 10% used [0x000000077a980000,0x000000077a9b8000,0x000000077ab80000)
  to   space 2048K, 0% used [0x000000077ab80000,0x000000077ab80000,0x000000077ad80000)
 ParOldGen       total 173568K, used 1344K [0x00000006c2800000, 0x00000006cd180000, 0x000000076b800000)
  object space 173568K, 0% used [0x00000006c2800000,0x00000006c2950050,0x00000006cd180000)
 Metaspace       used 8225K, capacity 8710K, committed 8960K, reserved 1056768K
  class space    used 654K, capacity 690K, committed 768K, reserved 1048576K
}
Event: 3.239 GC heap before
{Heap before GC invocations=20 (full 0):
 PSYoungGen      total 161792K, used 159968K [0x000000076b800000, 0x000000077ad80000, 0x00000007c0000000)
  eden space 159744K, 100% used [0x000000076b800000,0x0000000775400000,0x0000000775400000)
  from space 2048K, 10% used [0x000000077a980000,0x000000077a9b8000,0x000000077ab80000)
  to   space 2048K, 0% used [0x000000077ab80000,0x000000077ab80000,0x000000077ad80000)
 ParOldGen       total 173568K, used 1344K [0x00000006c2800000, 0x00000006cd180000, 0x000000076b800000)
  object space 173568K, 0% used [0x00000006c2800000,0x00000006c2950050,0x00000006cd180000)
 Metaspace       used 8225K, capacity 8710K, committed 8960K, reserved 1056768K
  class space    used 654K, capacity 690K, committed 768K, reserved 1048576K
Event: 3.239 GC heap after
Heap after GC invocations=20 (full 0):
 PSYoungGen      total 154624K, used 224K [0x000000076b800000, 0x000000077ac00000, 0x00000007c0000000)
  eden space 154112K, 0% used [0x000000076b800000,0x000000076b800000,0x0000000774e80000)
  from space 512K, 43% used [0x000000077ab80000,0x000000077abb8000,0x000000077ac00000)
  to   space 2048K, 0% used [0x000000077a800000,0x000000077a800000,0x000000077aa00000)
 ParOldGen       total 173568K, used 1344K [0x00000006c2800000, 0x00000006cd180000, 0x000000076b800000)
  object space 173568K, 0% used [0x00000006c2800000,0x00000006c2950050,0x00000006cd180000)
 Metaspace       used 8225K, capacity 8710K, committed 8960K, reserved 1056768K
  class space    used 654K, capacity 690K, committed 768K, reserved 1048576K
}
Event: 3.380 GC heap before
{Heap before GC invocations=21 (full 0):
 PSYoungGen      total 154624K, used 154336K [0x000000076b800000, 0x000000077ac00000, 0x00000007c0000000)
  eden space 154112K, 100% used [0x000000076b800000,0x0000000774e80000,0x0000000774e80000)
  from space 512K, 43% used [0x000000077ab80000,0x000000077abb8000,0x000000077ac00000)
  to   space 2048K, 0% used [0x000000077a800000,0x000000077a800000,0x000000077aa00000)
 ParOldGen       total 173568K, used 1344K [0x00000006c2800000, 0x00000006cd180000, 0x000000076b800000)
  object space 173568K, 0% used [0x00000006c2800000,0x00000006c2950050,0x00000006cd180000)
 Metaspace       used 8225K, capacity 8710K, committed 8960K, reserved 1056768K
  class space    used 654K, capacity 690K, committed 768K, reserved 1048576K
Event: 3.381 GC heap after
Heap after GC invocations=21 (full 0):
 PSYoungGen      total 151040K, used 224K [0x000000076b800000, 0x000000077ac00000, 0x00000007c0000000)
  eden space 148992K, 0% used [0x000000076b800000,0x000000076b800000,0x0000000774980000)
  from space 2048K, 10% used [0x000000077a800000,0x000000077a838000,0x000000077aa00000)
  to   space 2048K, 0% used [0x000000077aa00000,0x000000077aa00000,0x000000077ac00000)
 ParOldGen       total 173568K, used 1352K [0x00000006c2800000, 0x00000006cd180000, 0x000000076b800000)
  object space 173568K, 0% used [0x00000006c2800000,0x00000006c2952050,0x00000006cd180000)
 Metaspace       used 8225K, capacity 8710K, committed 8960K, reserved 1056768K
  class space    used 654K, capacity 690K, committed 768K, reserved 1048576K
}
Event: 3.493 GC heap before
{Heap before GC invocations=22 (full 0):
 PSYoungGen      total 151040K, used 149216K [0x000000076b800000, 0x000000077ac00000, 0x00000007c0000000)
  eden space 148992K, 100% used [0x000000076b800000,0x0000000774980000,0x0000000774980000)
  from space 2048K, 10% used [0x000000077a800000,0x000000077a838000,0x000000077aa00000)
  to   space 2048K, 0% used [0x000000077aa00000,0x000000077aa00000,0x000000077ac00000)
 ParOldGen       total 173568K, used 1352K [0x00000006c2800000, 0x00000006cd180000, 0x000000076b800000)
  object space 173568K, 0% used [0x00000006c2800000,0x00000006c2952050,0x00000006cd180000)
 Metaspace       used 8225K, capacity 8710K, committed 8960K, reserved 1056768K
  class space    used 654K, capacity 690K, committed 768K, reserved 1048576K
Event: 3.493 GC heap after
Heap after GC invocations=22 (full 0):
 PSYoungGen      total 144384K, used 192K [0x000000076b800000, 0x000000077aa80000, 0x00000007c0000000)
  eden space 143872K, 0% used [0x000000076b800000,0x000000076b800000,0x0000000774480000)
  from space 512K, 37% used [0x000000077aa00000,0x000000077aa30000,0x000000077aa80000)
  to   space 2048K, 0% used [0x000000077a680000,0x000000077a680000,0x000000077a880000)
 ParOldGen       total 173568K, used 1368K [0x00000006c2800000, 0x00000006cd180000, 0x000000076b800000)
  object space 173568K, 0% used [0x00000006c2800000,0x00000006c2956050,0x00000006cd180000)
 Metaspace       used 8225K, capacity 8710K, committed 8960K, reserved 1056768K
  class space    used 654K, capacity 690K, committed 768K, reserved 1048576K
}
Event: 3.611 GC heap before
{Heap before GC invocations=23 (full 0):
 PSYoungGen      total 144384K, used 144064K [0x000000076b800000, 0x000000077aa80000, 0x00000007c0000000)
  eden space 143872K, 100% used [0x000000076b800000,0x0000000774480000,0x0000000774480000)
  from space 512K, 37% used [0x000000077aa00000,0x000000077aa30000,0x000000077aa80000)
  to   space 2048K, 0% used [0x000000077a680000,0x000000077a680000,0x000000077a880000)
 ParOldGen       total 173568K, used 1368K [0x00000006c2800000, 0x00000006cd180000, 0x000000076b800000)
  object space 173568K, 0% used [0x00000006c2800000,0x00000006c2956050,0x00000006cd180000)
 Metaspace       used 8225K, capacity 8710K, committed 8960K, reserved 1056768K
  class space    used 654K, capacity 690K, committed 768K, reserved 1048576K
Event: 3.611 GC heap after
Heap after GC invocations=23 (full 0):
 PSYoungGen      total 141312K, used 160K [0x000000076b800000, 0x000000077aa80000, 0x00000007c0000000)
  eden space 139264K, 0% used [0x000000076b800000,0x000000076b800000,0x0000000774000000)
  from space 2048K, 7% used [0x000000077a680000,0x000000077a6a8000,0x000000077a880000)
  to   space 1536K, 0% used [0x000000077a900000,0x000000077a900000,0x000000077aa80000)
 ParOldGen       total 173568K, used 1368K [0x00000006c2800000, 0x00000006cd180000, 0x000000076b800000)
  object space 173568K, 0% used [0x00000006c2800000,0x00000006c2956050,0x00000006cd180000)
 Metaspace       used 8225K, capacity 8710K, committed 8960K, reserved 1056768K
  class space    used 654K, capacity 690K, committed 768K, reserved 1048576K
}

