# JRE version: Java(TM) SE Runtime Environment (8.0_65-b17) (build 1.8.0_65-b17)
# Java VM: Java HotSpot(TM) 64-Bit Server VM (25.65-b01 mixed mode windows-amd64 compressed oops)
Heap:
 PSYoungGen      total 70144K, used 12631K [0x000000076b800000, 0x00000007ba400000, 0x00000007c0000000)
  eden space 69632K, 17% used [0x000000076b800000,0x000000076c435e98,0x000000076fc00000)
  from space 512K, 25% used [0x00000007ba380000,0x00000007ba3a0000,0x00000007ba400000)
  to   space 512K, 0% used [0x00000007ba300000,0x00000007ba300000,0x00000007ba380000)
 ParOldGen       total 173568K, used 51464K [0x00000006c2800000, 0x00000006cd180000, 0x000000076b800000)
  object space 173568K, 29% used [0x00000006c2800000,0x00000006c5a42230,0x00000006cd180000)
 Metaspace       used 8405K, capacity 8774K, committed 8960K, reserved 1056768K
  class space    used 662K, capacity 690K, committed 768K, reserved 1048576K
GC Heap History (10 events):
Event: 2043.857 GC heap before
{Heap before GC invocations=31364 (full 0):
 PSYoungGen      total 62976K, used 62496K [0x000000076b800000, 0x00000007ba400000, 0x00000007c0000000)
  eden space 62464K, 100% used [0x000000076b800000,0x000000076f500000,0x000000076f500000)
  from space 512K, 6% used [0x00000007ba300000,0x00000007ba308000,0x00000007ba380000)
  to   space 512K, 0% used [0x00000007ba380000,0x00000007ba380000,0x00000007ba400000)
 ParOldGen       total 173568K, used 51464K [0x00000006c2800000, 0x00000006cd180000, 0x000000076b800000)
  object space 173568K, 29% used [0x00000006c2800000,0x00000006c5a42230,0x00000006cd180000)
 Metaspace       used 8405K, capacity 8774K, committed 8960K, reserved 1056768K
  class space    used 662K, capacity 690K, committed 768K, reserved 1048576K
Event: 2043.858 GC heap after
Heap after GC invocations=31364 (full 0):
 PSYoungGen      total 61952K, used 32K [0x000000076b800000, 0x00000007ba400000, 0x00000007c0000000)
  eden space 61440K, 0% used [0x000000076b800000,0x000000076b800000,0x000000076f400000)
  from space 512K, 6% used [0x00000007ba380000,0x00000007ba388000,0x00000007ba400000)
  to   space 512K, 0% used [0x00000007ba300000,0x00000007ba300000,0x00000007ba380000)
 ParOldGen       total 173568K, used 51464K [0x00000006c2800000, 0x00000006cd180000, 0x000000076b800000)
  object space 173568K, 29% used [0x00000006c2800000,0x00000006c5a42230,0x00000006cd180000)
 Metaspace       used 8405K, capacity 8774K, committed 8960K, reserved 1056768K
  class space    used 662K, capacity 690K, committed 768K, reserved 1048576K
}
Event: 2043.929 GC heap before
{Heap before GC invocations=31365 (full 0):
 PSYoungGen      total 61952K, used 61472K [0x000000076b800000, 0x00000007ba400000, 0x00000007c0000000)
  eden space 61440K, 100% used [0x000000076b800000,0x000000076f400000,0x000000076f400000)
  from space 512K, 6% used [0x00000007ba380000,0x00000007ba388000,0x00000007ba400000)
  to   space 512K, 0% used [0x00000007ba300000,0x00000007ba300000,0x00000007ba380000)
 ParOldGen       total 173568K, used 51464K [0x00000006c2800000, 0x00000006cd180000, 0x000000076b800000)
  object space 173568K, 29% used [0x00000006c2800000,0x00000006c5a42230,0x00000006cd180000)
 Metaspace       used 8405K, capacity 8774K, committed 8960K, reserved 1056768K
  class space    used 662K, capacity 690K, committed 768K, reserved 1048576K
Event: 2043.930 GC heap after
Heap after GC invocations=31365 (full 0):
 PSYoungGen      total 60928K, used 32K [0x000000076b800000, 0x00000007ba400000, 0x00000007c0000000)
  eden space 60416K, 0% used [0x000000076b800000,0x000000076b800000,0x000000076f300000)
  from space 512K, 6% used [0x00000007ba300000,0x00000007ba308000,0x00000007ba380000)
  to   space 512K, 0% used [0x00000007ba380000,0x00000007ba380000,0x00000007ba400000)
 ParOldGen       total 173568K, used 51464K [0x00000006c2800000, 0x00000006cd180000, 0x000000076b800000)
  object space 173568K, 29% used [0x00000006c2800000,0x00000006c5a42230,0x00000006cd180000)
 Metaspace       used 8405K, capacity 8774K, committed 8960K, reserved 1056768K
  class space    used 662K, capacity 690K, committed 768K, reserved 1048576K
}
Event: 2043.980 GC heap before
{Heap before GC invocations=31366 (full 0):
 PSYoungGen      total 60928K, used 60448K [0x000000076b800000, 0x00000007ba400000, 0x00000007c0000000)
  eden space 60416K, 100% used [0x000000076b800000,0x000000076f300000,0x000000076f300000)
  from space 512K, 6% used [0x00000007ba300000,0x00000007ba308000,0x00000007ba380000)
  to   space 512K, 0% used [0x00000007ba380000,0x00000007ba380000,0x00000007ba400000)
 ParOldGen       total 173568K, used 51464K [0x00000006c2800000, 0x00000006cd180000, 0x000000076b800000)
  object space 173568K, 29% used [0x00000006c2800000,0x00000006c5a42230,0x00000006cd180000)
 Metaspace       used 8405K, capacity 8774K, committed 8960K, reserved 1056768K
  class space    used 662K, capacity 690K, committed 768K, reserved 1048576K
Event: 2043.981 GC heap after
Heap after GC invocations=31366 (full 0):
 PSYoungGen      total 73216K, used 32K [0x000000076b800000, 0x00000007ba400000, 0x00000007c0000000)
  eden space 72704K, 0% used [0x000000076b800000,0x000000076b800000,0x000000076ff00000)
  from space 512K, 6% used [0x00000007ba380000,0x00000007ba388000,0x00000007ba400000)
  to   space 512K, 0% used [0x00000007ba300000,0x00000007ba300000,0x00000007ba380000)
 ParOldGen       total 173568K, used 51464K [0x00000006c2800000, 0x00000006cd180000, 0x000000076b800000)
  object space 173568K, 29% used [0x00000006c2800000,0x00000006c5a42230,0x00000006cd180000)
 Metaspace       used 8405K, capacity 8774K, committed 8960K, reserved 1056768K
  class space    used 662K, capacity 690K, committed 768K, reserved 1048576K
}
Event: 2044.047 GC heap before
{Heap before GC invocations=31367 (full 0):
 PSYoungGen      total 73216K, used 72736K [0x000000076b800000, 0x00000007ba400000, 0x00000007c0000000)
  eden space 72704K, 100% used [0x000000076b800000,0x000000076ff00000,0x000000076ff00000)
  from space 512K, 6% used [0x00000007ba380000,0x00000007ba388000,0x00000007ba400000)
  to   space 512K, 0% used [0x00000007ba300000,0x00000007ba300000,0x00000007ba380000)
 ParOldGen       total 173568K, used 51464K [0x00000006c2800000, 0x00000006cd180000, 0x000000076b800000)
  object space 173568K, 29% used [0x00000006c2800000,0x00000006c5a42230,0x00000006cd180000)
 Metaspace       used 8405K, capacity 8774K, committed 8960K, reserved 1056768K
  class space    used 662K, capacity 690K, committed 768K, reserved 1048576K
Event: 2044.048 GC heap after
Heap after GC invocations=31367 (full 0):
 PSYoungGen      total 71680K, used 32K [0x000000076b800000, 0x00000007ba400000, 0x00000007c0000000)
  eden space 71168K, 0% used [0x000000076b800000,0x000000076b800000,0x000000076fd80000)
  from space 512K, 6% used [0x00000007ba300000,0x00000007ba308000,0x00000007ba380000)
  to   space 512K, 0% used [0x00000007ba380000,0x00000007ba380000,0x00000007ba400000)
 ParOldGen       total 173568K, used 51464K [0x00000006c2800000, 0x00000006cd180000, 0x000000076b800000)
  object space 173568K, 29% used [0x00000006c2800000,0x00000006c5a42230,0x00000006cd180000)
 Metaspace       used 8405K, capacity 8774K, committed 8960K, reserved 1056768K
  class space    used 662K, capacity 690K, committed 768K, reserved 1048576K
}
Event: 2044.133 GC heap before
{Heap before GC invocations=31368 (full 0):
 PSYoungGen      total 71680K, used 71200K [0x000000076b800000, 0x00000007ba400000, 0x00000007c0000000)
  eden space 71168K, 100% used [0x000000076b800000,0x000000076fd80000,0x000000076fd80000)
  from space 512K, 6% used [0x00000007ba300000,0x00000007ba308000,0x00000007ba380000)
  to   space 512K, 0% used [0x00000007ba380000,0x00000007ba380000,0x00000007ba400000)
 ParOldGen       total 173568K, used 51464K [0x00000006c2800000, 0x00000006cd180000, 0x000000076b800000)
  object space 173568K, 29% used [0x00000006c2800000,0x00000006c5a42230,0x00000006cd180000)
 Metaspace       used 8405K, capacity 8774K, committed 8960K, reserved 1056768K
  class space    used 662K, capacity 690K, committed 768K, reserved 1048576K
Event: 2044.134 GC heap after
Heap after GC invocations=31368 (full 0):
 PSYoungGen      total 70144K, used 128K [0x000000076b800000, 0x00000007ba400000, 0x00000007c0000000)
  eden space 69632K, 0% used [0x000000076b800000,0x000000076b800000,0x000000076fc00000)
  from space 512K, 25% used [0x00000007ba380000,0x00000007ba3a0000,0x00000007ba400000)
  to   space 512K, 0% used [0x00000007ba300000,0x00000007ba300000,0x00000007ba380000)
 ParOldGen       total 173568K, used 51464K [0x00000006c2800000, 0x00000006cd180000, 0x000000076b800000)
  object space 173568K, 29% used [0x00000006c2800000,0x00000006c5a42230,0x00000006cd180000)
 Metaspace       used 8405K, capacity 8774K, committed 8960K, reserved 1056768K
  class space    used 662K, capacity 690K, committed 768K, reserved 1048576K
}

