# JRE version: Java(TM) SE Runtime Environment (8.0_65-b17) (build 1.8.0_65-b17)
# Java VM: Java HotSpot(TM) 64-Bit Server VM (25.65-b01 mixed mode windows-amd64 compressed oops)
Heap:
 PSYoungGen      total 222208K, used 95457K [0x000000076b800000, 0x000000077b580000, 0x00000007c0000000)
  eden space 221696K, 43% used [0x000000076b800000,0x0000000771520440,0x0000000779080000)
  from space 512K, 18% used [0x000000077b500000,0x000000077b518000,0x000000077b580000)
  to   space 2560K, 0% used [0x000000077b080000,0x000000077b080000,0x000000077b300000)
 ParOldGen       total 173568K, used 1228K [0x00000006c2800000, 0x00000006cd180000, 0x000000076b800000)
  object space 173568K, 0% used [0x00000006c2800000,0x00000006c2933060,0x00000006cd180000)
 Metaspace       used 7973K, capacity 8486K, committed 8704K, reserved 1056768K
  class space    used 642K, capacity 658K, committed 768K, reserved 1048576K
GC Heap History (10 events):
Event: 0.586 GC heap before
{Heap before GC invocations=6 (full 0):
 PSYoungGen      total 140800K, used 131620K [0x000000076b800000, 0x000000077ba00000, 0x00000007c0000000)
  eden space 130048K, 100% used [0x000000076b800000,0x0000000773700000,0x0000000773700000)
  from space 10752K, 14% used [0x0000000773700000,0x0000000773889370,0x0000000774180000)
  to   space 2048K, 0% used [0x000000077b800000,0x000000077b800000,0x000000077ba00000)
 ParOldGen       total 173568K, used 16K [0x00000006c2800000, 0x00000006cd180000, 0x000000076b800000)
  object space 173568K, 0% used [0x00000006c2800000,0x00000006c2804000,0x00000006cd180000)
 Metaspace       used 6912K, capacity 7558K, committed 7808K, reserved 1056768K
  class space    used 581K, capacity 626K, committed 640K, reserved 1048576K
Event: 0.588 GC heap after
Heap after GC invocations=6 (full 0):
 PSYoungGen      total 261632K, used 2020K [0x000000076b800000, 0x000000077bb00000, 0x00000007c0000000)
  eden space 259584K, 0% used [0x000000076b800000,0x000000076b800000,0x000000077b580000)
  from space 2048K, 98% used [0x000000077b800000,0x000000077b9f9268,0x000000077ba00000)
  to   space 2560K, 0% used [0x000000077b580000,0x000000077b580000,0x000000077b800000)
 ParOldGen       total 173568K, used 40K [0x00000006c2800000, 0x00000006cd180000, 0x000000076b800000)
  object space 173568K, 0% used [0x00000006c2800000,0x00000006c280a000,0x00000006cd180000)
 Metaspace       used 6912K, capacity 7558K, committed 7808K, reserved 1056768K
  class space    used 581K, capacity 626K, committed 640K, reserved 1048576K
}
Event: 0.911 GC heap before
{Heap before GC invocations=7 (full 0):
 PSYoungGen      total 261632K, used 261604K [0x000000076b800000, 0x000000077bb00000, 0x00000007c0000000)
  eden space 259584K, 100% used [0x000000076b800000,0x000000077b580000,0x000000077b580000)
  from space 2048K, 98% used [0x000000077b800000,0x000000077b9f9268,0x000000077ba00000)
  to   space 2560K, 0% used [0x000000077b580000,0x000000077b580000,0x000000077b800000)
 ParOldGen       total 173568K, used 40K [0x00000006c2800000, 0x00000006cd180000, 0x000000076b800000)
  object space 173568K, 0% used [0x00000006c2800000,0x00000006c280a000,0x00000006cd180000)
 Metaspace       used 7970K, capacity 8486K, committed 8704K, reserved 1056768K
  class space    used 642K, capacity 658K, committed 768K, reserved 1048576K
Event: 0.913 GC heap after
Heap after GC invocations=7 (full 0):
 PSYoungGen      total 250880K, used 1217K [0x000000076b800000, 0x000000077b880000, 0x00000007c0000000)
  eden space 249344K, 0% used [0x000000076b800000,0x000000076b800000,0x000000077ab80000)
  from space 1536K, 79% used [0x000000077b580000,0x000000077b6b0560,0x000000077b700000)
  to   space 1536K, 0% used [0x000000077b700000,0x000000077b700000,0x000000077b880000)
 ParOldGen       total 173568K, used 676K [0x00000006c2800000, 0x00000006cd180000, 0x000000076b800000)
  object space 173568K, 0% used [0x00000006c2800000,0x00000006c28a9060,0x00000006cd180000)
 Metaspace       used 7970K, capacity 8486K, committed 8704K, reserved 1056768K
  class space    used 642K, capacity 658K, committed 768K, reserved 1048576K
}
Event: 1.096 GC heap before
{Heap before GC invocations=8 (full 0):
 PSYoungGen      total 250880K, used 250561K [0x000000076b800000, 0x000000077b880000, 0x00000007c0000000)
  eden space 249344K, 100% used [0x000000076b800000,0x000000077ab80000,0x000000077ab80000)
  from space 1536K, 79% used [0x000000077b580000,0x000000077b6b0560,0x000000077b700000)
  to   space 1536K, 0% used [0x000000077b700000,0x000000077b700000,0x000000077b880000)
 ParOldGen       total 173568K, used 676K [0x00000006c2800000, 0x00000006cd180000, 0x000000076b800000)
  object space 173568K, 0% used [0x00000006c2800000,0x00000006c28a9060,0x00000006cd180000)
 Metaspace       used 7972K, capacity 8486K, committed 8704K, reserved 1056768K
  class space    used 642K, capacity 658K, committed 768K, reserved 1048576K
Event: 1.097 GC heap after
Heap after GC invocations=8 (full 0):
 PSYoungGen      total 240640K, used 544K [0x000000076b800000, 0x000000077b800000, 0x00000007c0000000)
  eden space 239616K, 0% used [0x000000076b800000,0x000000076b800000,0x000000077a200000)
  from space 1024K, 53% used [0x000000077b700000,0x000000077b788000,0x000000077b800000)
  to   space 2048K, 0% used [0x000000077b400000,0x000000077b400000,0x000000077b600000)
 ParOldGen       total 173568K, used 684K [0x00000006c2800000, 0x00000006cd180000, 0x000000076b800000)
  object space 173568K, 0% used [0x00000006c2800000,0x00000006c28ab060,0x00000006cd180000)
 Metaspace       used 7972K, capacity 8486K, committed 8704K, reserved 1056768K
  class space    used 642K, capacity 658K, committed 768K, reserved 1048576K
}
Event: 1.309 GC heap before
{Heap before GC invocations=9 (full 0):
 PSYoungGen      total 240640K, used 240160K [0x000000076b800000, 0x000000077b800000, 0x00000007c0000000)
  eden space 239616K, 100% used [0x000000076b800000,0x000000077a200000,0x000000077a200000)
  from space 1024K, 53% used [0x000000077b700000,0x000000077b788000,0x000000077b800000)
  to   space 2048K, 0% used [0x000000077b400000,0x000000077b400000,0x000000077b600000)
 ParOldGen       total 173568K, used 684K [0x00000006c2800000, 0x00000006cd180000, 0x000000076b800000)
  object space 173568K, 0% used [0x00000006c2800000,0x00000006c28ab060,0x00000006cd180000)
 Metaspace       used 7972K, capacity 8486K, committed 8704K, reserved 1056768K
  class space    used 642K, capacity 658K, committed 768K, reserved 1048576K
Event: 1.310 GC heap after
Heap after GC invocations=9 (full 0):
 PSYoungGen      total 230912K, used 288K [0x000000076b800000, 0x000000077b780000, 0x00000007c0000000)
  eden space 230400K, 0% used [0x000000076b800000,0x000000076b800000,0x0000000779900000)
  from space 512K, 56% used [0x000000077b400000,0x000000077b448000,0x000000077b480000)
  to   space 2560K, 0% used [0x000000077b500000,0x000000077b500000,0x000000077b780000)
 ParOldGen       total 173568K, used 1044K [0x00000006c2800000, 0x00000006cd180000, 0x000000076b800000)
  object space 173568K, 0% used [0x00000006c2800000,0x00000006c2905060,0x00000006cd180000)
 Metaspace       used 7972K, capacity 8486K, committed 8704K, reserved 1056768K
  class space    used 642K, capacity 658K, committed 768K, reserved 1048576K
}
Event: 1.481 GC heap before
{Heap before GC invocations=10 (full 0):
 PSYoungGen      total 230912K, used 230688K [0x000000076b800000, 0x000000077b780000, 0x00000007c0000000)
  eden space 230400K, 100% used [0x000000076b800000,0x0000000779900000,0x0000000779900000)
  from space 512K, 56% used [0x000000077b400000,0x000000077b448000,0x000000077b480000)
  to   space 2560K, 0% used [0x000000077b500000,0x000000077b500000,0x000000077b780000)
 ParOldGen       total 173568K, used 1044K [0x00000006c2800000, 0x00000006cd180000, 0x000000076b800000)
  object space 173568K, 0% used [0x00000006c2800000,0x00000006c2905060,0x00000006cd180000)
 Metaspace       used 7972K, capacity 8486K, committed 8704K, reserved 1056768K
  class space    used 642K, capacity 658K, committed 768K, reserved 1048576K
Event: 1.482 GC heap after
Heap after GC invocations=10 (full 0):
 PSYoungGen      total 222208K, used 96K [0x000000076b800000, 0x000000077b580000, 0x00000007c0000000)
  eden space 221696K, 0% used [0x000000076b800000,0x000000076b800000,0x0000000779080000)
  from space 512K, 18% used [0x000000077b500000,0x000000077b518000,0x000000077b580000)
  to   space 2560K, 0% used [0x000000077b080000,0x000000077b080000,0x000000077b300000)
 ParOldGen       total 173568K, used 1228K [0x00000006c2800000, 0x00000006cd180000, 0x000000076b800000)
  object space 173568K, 0% used [0x00000006c2800000,0x00000006c2933060,0x00000006cd180000)
 Metaspace       used 7972K, capacity 8486K, committed 8704K, reserved 1056768K
  class space    used 642K, capacity 658K, committed 768K, reserved 1048576K
}

