# JRE version: Java(TM) SE Runtime Environment (8.0_65-b17) (build 1.8.0_65-b17)
# Java VM: Java HotSpot(TM) 64-Bit Server VM (25.65-b01 mixed mode windows-amd64 compressed oops)
Heap:
 PSYoungGen      total 69120K, used 59760K [0x000000076b800000, 0x00000007a9080000, 0x00000007c0000000)
  eden space 68608K, 86% used [0x000000076b800000,0x000000076f22c0e8,0x000000076fb00000)
  from space 512K, 37% used [0x00000007a9000000,0x00000007a9030000,0x00000007a9080000)
  to   space 512K, 0% used [0x00000007a8f80000,0x00000007a8f80000,0x00000007a9000000)
 ParOldGen       total 173568K, used 15516K [0x00000006c2800000, 0x00000006cd180000, 0x000000076b800000)
  object space 173568K, 8% used [0x00000006c2800000,0x00000006c37270a8,0x00000006cd180000)
 Metaspace       used 8401K, capacity 8774K, committed 8960K, reserved 1056768K
  class space    used 662K, capacity 690K, committed 768K, reserved 1048576K
GC Heap History (10 events):
Event: 21.023 GC heap before
{Heap before GC invocations=146 (full 0):
 PSYoungGen      total 50688K, used 50400K [0x000000076b800000, 0x00000007a9080000, 0x00000007c0000000)
  eden space 50176K, 100% used [0x000000076b800000,0x000000076e900000,0x000000076e900000)
  from space 512K, 43% used [0x00000007a8f80000,0x00000007a8fb8000,0x00000007a9000000)
  to   space 512K, 0% used [0x00000007a9000000,0x00000007a9000000,0x00000007a9080000)
 ParOldGen       total 173568K, used 15516K [0x00000006c2800000, 0x00000006cd180000, 0x000000076b800000)
  object space 173568K, 8% used [0x00000006c2800000,0x00000006c37270a8,0x00000006cd180000)
 Metaspace       used 8400K, capacity 8774K, committed 8960K, reserved 1056768K
  class space    used 662K, capacity 690K, committed 768K, reserved 1048576K
Event: 21.024 GC heap after
Heap after GC invocations=146 (full 0):
 PSYoungGen      total 49664K, used 224K [0x000000076b800000, 0x00000007a9080000, 0x00000007c0000000)
  eden space 49152K, 0% used [0x000000076b800000,0x000000076b800000,0x000000076e800000)
  from space 512K, 43% used [0x00000007a9000000,0x00000007a9038000,0x00000007a9080000)
  to   space 512K, 0% used [0x00000007a8f80000,0x00000007a8f80000,0x00000007a9000000)
 ParOldGen       total 173568K, used 15516K [0x00000006c2800000, 0x00000006cd180000, 0x000000076b800000)
  object space 173568K, 8% used [0x00000006c2800000,0x00000006c37270a8,0x00000006cd180000)
 Metaspace       used 8400K, capacity 8774K, committed 8960K, reserved 1056768K
  class space    used 662K, capacity 690K, committed 768K, reserved 1048576K
}
Event: 21.059 GC heap before
{Heap before GC invocations=147 (full 0):
 PSYoungGen      total 49664K, used 49376K [0x000000076b800000, 0x00000007a9080000, 0x00000007c0000000)
  eden space 49152K, 100% used [0x000000076b800000,0x000000076e800000,0x000000076e800000)
  from space 512K, 43% used [0x00000007a9000000,0x00000007a9038000,0x00000007a9080000)
  to   space 512K, 0% used [0x00000007a8f80000,0x00000007a8f80000,0x00000007a9000000)
 ParOldGen       total 173568K, used 15516K [0x00000006c2800000, 0x00000006cd180000, 0x000000076b800000)
  object space 173568K, 8% used [0x00000006c2800000,0x00000006c37270a8,0x00000006cd180000)
 Metaspace       used 8400K, capacity 8774K, committed 8960K, reserved 1056768K
  class space    used 662K, capacity 690K, committed 768K, reserved 1048576K
Event: 21.060 GC heap after
Heap after GC invocations=147 (full 0):
 PSYoungGen      total 59904K, used 224K [0x000000076b800000, 0x00000007a9080000, 0x00000007c0000000)
  eden space 59392K, 0% used [0x000000076b800000,0x000000076b800000,0x000000076f200000)
  from space 512K, 43% used [0x00000007a8f80000,0x00000007a8fb8000,0x00000007a9000000)
  to   space 512K, 0% used [0x00000007a9000000,0x00000007a9000000,0x00000007a9080000)
 ParOldGen       total 173568K, used 15516K [0x00000006c2800000, 0x00000006cd180000, 0x000000076b800000)
  object space 173568K, 8% used [0x00000006c2800000,0x00000006c37270a8,0x00000006cd180000)
 Metaspace       used 8400K, capacity 8774K, committed 8960K, reserved 1056768K
  class space    used 662K, capacity 690K, committed 768K, reserved 1048576K
}
Event: 21.123 GC heap before
{Heap before GC invocations=148 (full 0):
 PSYoungGen      total 59904K, used 59616K [0x000000076b800000, 0x00000007a9080000, 0x00000007c0000000)
  eden space 59392K, 100% used [0x000000076b800000,0x000000076f200000,0x000000076f200000)
  from space 512K, 43% used [0x00000007a8f80000,0x00000007a8fb8000,0x00000007a9000000)
  to   space 512K, 0% used [0x00000007a9000000,0x00000007a9000000,0x00000007a9080000)
 ParOldGen       total 173568K, used 15516K [0x00000006c2800000, 0x00000006cd180000, 0x000000076b800000)
  object space 173568K, 8% used [0x00000006c2800000,0x00000006c37270a8,0x00000006cd180000)
 Metaspace       used 8400K, capacity 8774K, committed 8960K, reserved 1056768K
  class space    used 662K, capacity 690K, committed 768K, reserved 1048576K
Event: 21.124 GC heap after
Heap after GC invocations=148 (full 0):
 PSYoungGen      total 72192K, used 224K [0x000000076b800000, 0x00000007a9080000, 0x00000007c0000000)
  eden space 71680K, 0% used [0x000000076b800000,0x000000076b800000,0x000000076fe00000)
  from space 512K, 43% used [0x00000007a9000000,0x00000007a9038000,0x00000007a9080000)
  to   space 512K, 0% used [0x00000007a8f80000,0x00000007a8f80000,0x00000007a9000000)
 ParOldGen       total 173568K, used 15516K [0x00000006c2800000, 0x00000006cd180000, 0x000000076b800000)
  object space 173568K, 8% used [0x00000006c2800000,0x00000006c37270a8,0x00000006cd180000)
 Metaspace       used 8400K, capacity 8774K, committed 8960K, reserved 1056768K
  class space    used 662K, capacity 690K, committed 768K, reserved 1048576K
}
Event: 21.203 GC heap before
{Heap before GC invocations=149 (full 0):
 PSYoungGen      total 72192K, used 71904K [0x000000076b800000, 0x00000007a9080000, 0x00000007c0000000)
  eden space 71680K, 100% used [0x000000076b800000,0x000000076fe00000,0x000000076fe00000)
  from space 512K, 43% used [0x00000007a9000000,0x00000007a9038000,0x00000007a9080000)
  to   space 512K, 0% used [0x00000007a8f80000,0x00000007a8f80000,0x00000007a9000000)
 ParOldGen       total 173568K, used 15516K [0x00000006c2800000, 0x00000006cd180000, 0x000000076b800000)
  object space 173568K, 8% used [0x00000006c2800000,0x00000006c37270a8,0x00000006cd180000)
 Metaspace       used 8400K, capacity 8774K, committed 8960K, reserved 1056768K
  class space    used 662K, capacity 690K, committed 768K, reserved 1048576K
Event: 21.204 GC heap after
Heap after GC invocations=149 (full 0):
 PSYoungGen      total 70656K, used 224K [0x000000076b800000, 0x00000007a9080000, 0x00000007c0000000)
  eden space 70144K, 0% used [0x000000076b800000,0x000000076b800000,0x000000076fc80000)
  from space 512K, 43% used [0x00000007a8f80000,0x00000007a8fb8000,0x00000007a9000000)
  to   space 512K, 0% used [0x00000007a9000000,0x00000007a9000000,0x00000007a9080000)
 ParOldGen       total 173568K, used 15516K [0x00000006c2800000, 0x00000006cd180000, 0x000000076b800000)
  object space 173568K, 8% used [0x00000006c2800000,0x00000006c37270a8,0x00000006cd180000)
 Metaspace       used 8400K, capacity 8774K, committed 8960K, reserved 1056768K
  class space    used 662K, capacity 690K, committed 768K, reserved 1048576K
}
Event: 21.282 GC heap before
{Heap before GC invocations=150 (full 0):
 PSYoungGen      total 70656K, used 70368K [0x000000076b800000, 0x00000007a9080000, 0x00000007c0000000)
  eden space 70144K, 100% used [0x000000076b800000,0x000000076fc80000,0x000000076fc80000)
  from space 512K, 43% used [0x00000007a8f80000,0x00000007a8fb8000,0x00000007a9000000)
  to   space 512K, 0% used [0x00000007a9000000,0x00000007a9000000,0x00000007a9080000)
 ParOldGen       total 173568K, used 15516K [0x00000006c2800000, 0x00000006cd180000, 0x000000076b800000)
  object space 173568K, 8% used [0x00000006c2800000,0x00000006c37270a8,0x00000006cd180000)
 Metaspace       used 8400K, capacity 8774K, committed 8960K, reserved 1056768K
  class space    used 662K, capacity 690K, committed 768K, reserved 1048576K
Event: 21.282 GC heap after
Heap after GC invocations=150 (full 0):
 PSYoungGen      total 69120K, used 192K [0x000000076b800000, 0x00000007a9080000, 0x00000007c0000000)
  eden space 68608K, 0% used [0x000000076b800000,0x000000076b800000,0x000000076fb00000)
  from space 512K, 37% used [0x00000007a9000000,0x00000007a9030000,0x00000007a9080000)
  to   space 512K, 0% used [0x00000007a8f80000,0x00000007a8f80000,0x00000007a9000000)
 ParOldGen       total 173568K, used 15516K [0x00000006c2800000, 0x00000006cd180000, 0x000000076b800000)
  object space 173568K, 8% used [0x00000006c2800000,0x00000006c37270a8,0x00000006cd180000)
 Metaspace       used 8400K, capacity 8774K, committed 8960K, reserved 1056768K
  class space    used 662K, capacity 690K, committed 768K, reserved 1048576K
}

