# JRE version: Java(TM) SE Runtime Environment (8.0_65-b17) (build 1.8.0_65-b17)
# Java VM: Java HotSpot(TM) 64-Bit Server VM (25.65-b01 mixed mode windows-amd64 compressed oops)
Heap:
 PSYoungGen      total 128512K, used 71909K [0x000000076b800000, 0x00000007b9e80000, 0x00000007c0000000)
  eden space 128000K, 56% used [0x000000076b800000,0x000000076fe11630,0x0000000773500000)
  from space 512K, 31% used [0x00000007b9e00000,0x00000007b9e28000,0x00000007b9e80000)
  to   space 512K, 0% used [0x00000007b9d80000,0x00000007b9d80000,0x00000007b9e00000)
 ParOldGen       total 173568K, used 31000K [0x00000006c2800000, 0x00000006cd180000, 0x000000076b800000)
  object space 173568K, 17% used [0x00000006c2800000,0x00000006c4646250,0x00000006cd180000)
 Metaspace       used 8371K, capacity 8774K, committed 8960K, reserved 1056768K
  class space    used 660K, capacity 690K, committed 768K, reserved 1048576K
GC Heap History (10 events):
Event: 16.211 GC heap before
{Heap before GC invocations=88 (full 0):
 PSYoungGen      total 151552K, used 151296K [0x000000076b800000, 0x00000007b9e80000, 0x00000007c0000000)
  eden space 151040K, 100% used [0x000000076b800000,0x0000000774b80000,0x0000000774b80000)
  from space 512K, 50% used [0x00000007b9d80000,0x00000007b9dc0000,0x00000007b9e00000)
  to   space 512K, 0% used [0x00000007b9e00000,0x00000007b9e00000,0x00000007b9e80000)
 ParOldGen       total 173568K, used 31000K [0x00000006c2800000, 0x00000006cd180000, 0x000000076b800000)
  object space 173568K, 17% used [0x00000006c2800000,0x00000006c4646250,0x00000006cd180000)
 Metaspace       used 8370K, capacity 8774K, committed 8960K, reserved 1056768K
  class space    used 660K, capacity 690K, committed 768K, reserved 1048576K
Event: 16.212 GC heap after
Heap after GC invocations=88 (full 0):
 PSYoungGen      total 146432K, used 192K [0x000000076b800000, 0x00000007b9e80000, 0x00000007c0000000)
  eden space 145920K, 0% used [0x000000076b800000,0x000000076b800000,0x0000000774680000)
  from space 512K, 37% used [0x00000007b9e00000,0x00000007b9e30000,0x00000007b9e80000)
  to   space 512K, 0% used [0x00000007b9d80000,0x00000007b9d80000,0x00000007b9e00000)
 ParOldGen       total 173568K, used 31000K [0x00000006c2800000, 0x00000006cd180000, 0x000000076b800000)
  object space 173568K, 17% used [0x00000006c2800000,0x00000006c4646250,0x00000006cd180000)
 Metaspace       used 8370K, capacity 8774K, committed 8960K, reserved 1056768K
  class space    used 660K, capacity 690K, committed 768K, reserved 1048576K
}
Event: 16.273 GC heap before
{Heap before GC invocations=89 (full 0):
 PSYoungGen      total 146432K, used 146112K [0x000000076b800000, 0x00000007b9e80000, 0x00000007c0000000)
  eden space 145920K, 100% used [0x000000076b800000,0x0000000774680000,0x0000000774680000)
  from space 512K, 37% used [0x00000007b9e00000,0x00000007b9e30000,0x00000007b9e80000)
  to   space 512K, 0% used [0x00000007b9d80000,0x00000007b9d80000,0x00000007b9e00000)
 ParOldGen       total 173568K, used 31000K [0x00000006c2800000, 0x00000006cd180000, 0x000000076b800000)
  object space 173568K, 17% used [0x00000006c2800000,0x00000006c4646250,0x00000006cd180000)
 Metaspace       used 8370K, capacity 8774K, committed 8960K, reserved 1056768K
  class space    used 660K, capacity 690K, committed 768K, reserved 1048576K
Event: 16.273 GC heap after
Heap after GC invocations=89 (full 0):
 PSYoungGen      total 141824K, used 224K [0x000000076b800000, 0x00000007b9e80000, 0x00000007c0000000)
  eden space 141312K, 0% used [0x000000076b800000,0x000000076b800000,0x0000000774200000)
  from space 512K, 43% used [0x00000007b9d80000,0x00000007b9db8000,0x00000007b9e00000)
  to   space 512K, 0% used [0x00000007b9e00000,0x00000007b9e00000,0x00000007b9e80000)
 ParOldGen       total 173568K, used 31000K [0x00000006c2800000, 0x00000006cd180000, 0x000000076b800000)
  object space 173568K, 17% used [0x00000006c2800000,0x00000006c4646250,0x00000006cd180000)
 Metaspace       used 8370K, capacity 8774K, committed 8960K, reserved 1056768K
  class space    used 660K, capacity 690K, committed 768K, reserved 1048576K
}
Event: 16.333 GC heap before
{Heap before GC invocations=90 (full 0):
 PSYoungGen      total 141824K, used 141536K [0x000000076b800000, 0x00000007b9e80000, 0x00000007c0000000)
  eden space 141312K, 100% used [0x000000076b800000,0x0000000774200000,0x0000000774200000)
  from space 512K, 43% used [0x00000007b9d80000,0x00000007b9db8000,0x00000007b9e00000)
  to   space 512K, 0% used [0x00000007b9e00000,0x00000007b9e00000,0x00000007b9e80000)
 ParOldGen       total 173568K, used 31000K [0x00000006c2800000, 0x00000006cd180000, 0x000000076b800000)
  object space 173568K, 17% used [0x00000006c2800000,0x00000006c4646250,0x00000006cd180000)
 Metaspace       used 8370K, capacity 8774K, committed 8960K, reserved 1056768K
  class space    used 660K, capacity 690K, committed 768K, reserved 1048576K
Event: 16.333 GC heap after
Heap after GC invocations=90 (full 0):
 PSYoungGen      total 137216K, used 224K [0x000000076b800000, 0x00000007b9e80000, 0x00000007c0000000)
  eden space 136704K, 0% used [0x000000076b800000,0x000000076b800000,0x0000000773d80000)
  from space 512K, 43% used [0x00000007b9e00000,0x00000007b9e38000,0x00000007b9e80000)
  to   space 512K, 0% used [0x00000007b9d80000,0x00000007b9d80000,0x00000007b9e00000)
 ParOldGen       total 173568K, used 31000K [0x00000006c2800000, 0x00000006cd180000, 0x000000076b800000)
  object space 173568K, 17% used [0x00000006c2800000,0x00000006c4646250,0x00000006cd180000)
 Metaspace       used 8370K, capacity 8774K, committed 8960K, reserved 1056768K
  class space    used 660K, capacity 690K, committed 768K, reserved 1048576K
}
Event: 16.393 GC heap before
{Heap before GC invocations=91 (full 0):
 PSYoungGen      total 137216K, used 136928K [0x000000076b800000, 0x00000007b9e80000, 0x00000007c0000000)
  eden space 136704K, 100% used [0x000000076b800000,0x0000000773d80000,0x0000000773d80000)
  from space 512K, 43% used [0x00000007b9e00000,0x00000007b9e38000,0x00000007b9e80000)
  to   space 512K, 0% used [0x00000007b9d80000,0x00000007b9d80000,0x00000007b9e00000)
 ParOldGen       total 173568K, used 31000K [0x00000006c2800000, 0x00000006cd180000, 0x000000076b800000)
  object space 173568K, 17% used [0x00000006c2800000,0x00000006c4646250,0x00000006cd180000)
 Metaspace       used 8370K, capacity 8774K, committed 8960K, reserved 1056768K
  class space    used 660K, capacity 690K, committed 768K, reserved 1048576K
Event: 16.393 GC heap after
Heap after GC invocations=91 (full 0):
 PSYoungGen      total 132608K, used 224K [0x000000076b800000, 0x00000007b9e80000, 0x00000007c0000000)
  eden space 132096K, 0% used [0x000000076b800000,0x000000076b800000,0x0000000773900000)
  from space 512K, 43% used [0x00000007b9d80000,0x00000007b9db8000,0x00000007b9e00000)
  to   space 512K, 0% used [0x00000007b9e00000,0x00000007b9e00000,0x00000007b9e80000)
 ParOldGen       total 173568K, used 31000K [0x00000006c2800000, 0x00000006cd180000, 0x000000076b800000)
  object space 173568K, 17% used [0x00000006c2800000,0x00000006c4646250,0x00000006cd180000)
 Metaspace       used 8370K, capacity 8774K, committed 8960K, reserved 1056768K
  class space    used 660K, capacity 690K, committed 768K, reserved 1048576K
}
Event: 16.454 GC heap before
{Heap before GC invocations=92 (full 0):
 PSYoungGen      total 132608K, used 132320K [0x000000076b800000, 0x00000007b9e80000, 0x00000007c0000000)
  eden space 132096K, 100% used [0x000000076b800000,0x0000000773900000,0x0000000773900000)
  from space 512K, 43% used [0x00000007b9d80000,0x00000007b9db8000,0x00000007b9e00000)
  to   space 512K, 0% used [0x00000007b9e00000,0x00000007b9e00000,0x00000007b9e80000)
 ParOldGen       total 173568K, used 31000K [0x00000006c2800000, 0x00000006cd180000, 0x000000076b800000)
  object space 173568K, 17% used [0x00000006c2800000,0x00000006c4646250,0x00000006cd180000)
 Metaspace       used 8370K, capacity 8774K, committed 8960K, reserved 1056768K
  class space    used 660K, capacity 690K, committed 768K, reserved 1048576K
Event: 16.454 GC heap after
Heap after GC invocations=92 (full 0):
 PSYoungGen      total 128512K, used 160K [0x000000076b800000, 0x00000007b9e80000, 0x00000007c0000000)
  eden space 128000K, 0% used [0x000000076b800000,0x000000076b800000,0x0000000773500000)
  from space 512K, 31% used [0x00000007b9e00000,0x00000007b9e28000,0x00000007b9e80000)
  to   space 512K, 0% used [0x00000007b9d80000,0x00000007b9d80000,0x00000007b9e00000)
 ParOldGen       total 173568K, used 31000K [0x00000006c2800000, 0x00000006cd180000, 0x000000076b800000)
  object space 173568K, 17% used [0x00000006c2800000,0x00000006c4646250,0x00000006cd180000)
 Metaspace       used 8370K, capacity 8774K, committed 8960K, reserved 1056768K
  class space    used 660K, capacity 690K, committed 768K, reserved 1048576K
}

