# JRE version: Java(TM) SE Runtime Environment (8.0_65-b17) (build 1.8.0_65-b17)
# Java VM: Java HotSpot(TM) 64-Bit Server VM (25.65-b01 mixed mode windows-amd64 compressed oops)
Heap:
 PSYoungGen      total 190976K, used 50139K [0x000000076b800000, 0x000000077b100000, 0x00000007c0000000)
  eden space 190464K, 26% used [0x000000076b800000,0x000000076e8e6d58,0x0000000777200000)
  from space 512K, 12% used [0x000000077b080000,0x000000077b090000,0x000000077b100000)
  to   space 2560K, 0% used [0x000000077ac00000,0x000000077ac00000,0x000000077ae80000)
 ParOldGen       total 173568K, used 2019K [0x00000006c2800000, 0x00000006cd180000, 0x000000076b800000)
  object space 173568K, 1% used [0x00000006c2800000,0x00000006c29f8db8,0x00000006cd180000)
 Metaspace       used 7956K, capacity 8486K, committed 8704K, reserved 1056768K
  class space    used 642K, capacity 658K, committed 768K, reserved 1048576K
GC Heap History (10 events):
Event: 1.216 GC heap before
{Heap before GC invocations=10 (full 0):
 PSYoungGen      total 230400K, used 230144K [0x000000076b800000, 0x000000077b700000, 0x00000007c0000000)
  eden space 229888K, 100% used [0x000000076b800000,0x0000000779880000,0x0000000779880000)
  from space 512K, 50% used [0x000000077b380000,0x000000077b3c0000,0x000000077b400000)
  to   space 2560K, 0% used [0x000000077b480000,0x000000077b480000,0x000000077b700000)
 ParOldGen       total 173568K, used 1859K [0x00000006c2800000, 0x00000006cd180000, 0x000000076b800000)
  object space 173568K, 1% used [0x00000006c2800000,0x00000006c29d0db8,0x00000006cd180000)
 Metaspace       used 7954K, capacity 8486K, committed 8704K, reserved 1056768K
  class space    used 642K, capacity 658K, committed 768K, reserved 1048576K
Event: 1.217 GC heap after
Heap after GC invocations=10 (full 0):
 PSYoungGen      total 221696K, used 96K [0x000000076b800000, 0x000000077b500000, 0x00000007c0000000)
  eden space 221184K, 0% used [0x000000076b800000,0x000000076b800000,0x0000000779000000)
  from space 512K, 18% used [0x000000077b480000,0x000000077b498000,0x000000077b500000)
  to   space 2560K, 0% used [0x000000077b000000,0x000000077b000000,0x000000077b280000)
 ParOldGen       total 173568K, used 2019K [0x00000006c2800000, 0x00000006cd180000, 0x000000076b800000)
  object space 173568K, 1% used [0x00000006c2800000,0x00000006c29f8db8,0x00000006cd180000)
 Metaspace       used 7954K, capacity 8486K, committed 8704K, reserved 1056768K
  class space    used 642K, capacity 658K, committed 768K, reserved 1048576K
}
Event: 1.389 GC heap before
{Heap before GC invocations=11 (full 0):
 PSYoungGen      total 221696K, used 221280K [0x000000076b800000, 0x000000077b500000, 0x00000007c0000000)
  eden space 221184K, 100% used [0x000000076b800000,0x0000000779000000,0x0000000779000000)
  from space 512K, 18% used [0x000000077b480000,0x000000077b498000,0x000000077b500000)
  to   space 2560K, 0% used [0x000000077b000000,0x000000077b000000,0x000000077b280000)
 ParOldGen       total 173568K, used 2019K [0x00000006c2800000, 0x00000006cd180000, 0x000000076b800000)
  object space 173568K, 1% used [0x00000006c2800000,0x00000006c29f8db8,0x00000006cd180000)
 Metaspace       used 7954K, capacity 8486K, committed 8704K, reserved 1056768K
  class space    used 642K, capacity 658K, committed 768K, reserved 1048576K
Event: 1.389 GC heap after
Heap after GC invocations=11 (full 0):
 PSYoungGen      total 215552K, used 64K [0x000000076b800000, 0x000000077b500000, 0x00000007c0000000)
  eden space 212992K, 0% used [0x000000076b800000,0x000000076b800000,0x0000000778800000)
  from space 2560K, 2% used [0x000000077b000000,0x000000077b010000,0x000000077b280000)
  to   space 2560K, 0% used [0x000000077b280000,0x000000077b280000,0x000000077b500000)
 ParOldGen       total 173568K, used 2019K [0x00000006c2800000, 0x00000006cd180000, 0x000000076b800000)
  object space 173568K, 1% used [0x00000006c2800000,0x00000006c29f8db8,0x00000006cd180000)
 Metaspace       used 7954K, capacity 8486K, committed 8704K, reserved 1056768K
  class space    used 642K, capacity 658K, committed 768K, reserved 1048576K
}
Event: 1.552 GC heap before
{Heap before GC invocations=12 (full 0):
 PSYoungGen      total 215552K, used 213056K [0x000000076b800000, 0x000000077b500000, 0x00000007c0000000)
  eden space 212992K, 100% used [0x000000076b800000,0x0000000778800000,0x0000000778800000)
  from space 2560K, 2% used [0x000000077b000000,0x000000077b010000,0x000000077b280000)
  to   space 2560K, 0% used [0x000000077b280000,0x000000077b280000,0x000000077b500000)
 ParOldGen       total 173568K, used 2019K [0x00000006c2800000, 0x00000006cd180000, 0x000000076b800000)
  object space 173568K, 1% used [0x00000006c2800000,0x00000006c29f8db8,0x00000006cd180000)
 Metaspace       used 7955K, capacity 8486K, committed 8704K, reserved 1056768K
  class space    used 642K, capacity 658K, committed 768K, reserved 1048576K
Event: 1.553 GC heap after
Heap after GC invocations=12 (full 0):
 PSYoungGen      total 205824K, used 64K [0x000000076b800000, 0x000000077b300000, 0x00000007c0000000)
  eden space 205312K, 0% used [0x000000076b800000,0x000000076b800000,0x0000000778080000)
  from space 512K, 12% used [0x000000077b280000,0x000000077b290000,0x000000077b300000)
  to   space 2560K, 0% used [0x000000077ae00000,0x000000077ae00000,0x000000077b080000)
 ParOldGen       total 173568K, used 2019K [0x00000006c2800000, 0x00000006cd180000, 0x000000076b800000)
  object space 173568K, 1% used [0x00000006c2800000,0x00000006c29f8db8,0x00000006cd180000)
 Metaspace       used 7955K, capacity 8486K, committed 8704K, reserved 1056768K
  class space    used 642K, capacity 658K, committed 768K, reserved 1048576K
}
Event: 1.707 GC heap before
{Heap before GC invocations=13 (full 0):
 PSYoungGen      total 205824K, used 205376K [0x000000076b800000, 0x000000077b300000, 0x00000007c0000000)
  eden space 205312K, 100% used [0x000000076b800000,0x0000000778080000,0x0000000778080000)
  from space 512K, 12% used [0x000000077b280000,0x000000077b290000,0x000000077b300000)
  to   space 2560K, 0% used [0x000000077ae00000,0x000000077ae00000,0x000000077b080000)
 ParOldGen       total 173568K, used 2019K [0x00000006c2800000, 0x00000006cd180000, 0x000000076b800000)
  object space 173568K, 1% used [0x00000006c2800000,0x00000006c29f8db8,0x00000006cd180000)
 Metaspace       used 7955K, capacity 8486K, committed 8704K, reserved 1056768K
  class space    used 642K, capacity 658K, committed 768K, reserved 1048576K
Event: 1.708 GC heap after
Heap after GC invocations=13 (full 0):
 PSYoungGen      total 200192K, used 64K [0x000000076b800000, 0x000000077b300000, 0x00000007c0000000)
  eden space 197632K, 0% used [0x000000076b800000,0x000000076b800000,0x0000000777900000)
  from space 2560K, 2% used [0x000000077ae00000,0x000000077ae10000,0x000000077b080000)
  to   space 2560K, 0% used [0x000000077b080000,0x000000077b080000,0x000000077b300000)
 ParOldGen       total 173568K, used 2019K [0x00000006c2800000, 0x00000006cd180000, 0x000000076b800000)
  object space 173568K, 1% used [0x00000006c2800000,0x00000006c29f8db8,0x00000006cd180000)
 Metaspace       used 7955K, capacity 8486K, committed 8704K, reserved 1056768K
  class space    used 642K, capacity 658K, committed 768K, reserved 1048576K
}
Event: 1.857 GC heap before
{Heap before GC invocations=14 (full 0):
 PSYoungGen      total 200192K, used 197696K [0x000000076b800000, 0x000000077b300000, 0x00000007c0000000)
  eden space 197632K, 100% used [0x000000076b800000,0x0000000777900000,0x0000000777900000)
  from space 2560K, 2% used [0x000000077ae00000,0x000000077ae10000,0x000000077b080000)
  to   space 2560K, 0% used [0x000000077b080000,0x000000077b080000,0x000000077b300000)
 ParOldGen       total 173568K, used 2019K [0x00000006c2800000, 0x00000006cd180000, 0x000000076b800000)
  object space 173568K, 1% used [0x00000006c2800000,0x00000006c29f8db8,0x00000006cd180000)
 Metaspace       used 7956K, capacity 8486K, committed 8704K, reserved 1056768K
  class space    used 642K, capacity 658K, committed 768K, reserved 1048576K
Event: 1.858 GC heap after
Heap after GC invocations=14 (full 0):
 PSYoungGen      total 190976K, used 64K [0x000000076b800000, 0x000000077b100000, 0x00000007c0000000)
  eden space 190464K, 0% used [0x000000076b800000,0x000000076b800000,0x0000000777200000)
  from space 512K, 12% used [0x000000077b080000,0x000000077b090000,0x000000077b100000)
  to   space 2560K, 0% used [0x000000077ac00000,0x000000077ac00000,0x000000077ae80000)
 ParOldGen       total 173568K, used 2019K [0x00000006c2800000, 0x00000006cd180000, 0x000000076b800000)
  object space 173568K, 1% used [0x00000006c2800000,0x00000006c29f8db8,0x00000006cd180000)
 Metaspace       used 7956K, capacity 8486K, committed 8704K, reserved 1056768K
  class space    used 642K, capacity 658K, committed 768K, reserved 1048576K
}

