# JRE version: Java(TM) SE Runtime Environment (8.0_65-b17) (build 1.8.0_65-b17)
# Java VM: Java HotSpot(TM) 64-Bit Server VM (25.65-b01 mixed mode windows-amd64 compressed oops)
Heap:
 PSYoungGen      total 90112K, used 83676K [0x000000076b800000, 0x000000078a480000, 0x00000007c0000000)
  eden space 89088K, 93% used [0x000000076b800000,0x00000007709a7020,0x0000000770f00000)
  from space 1024K, 6% used [0x000000078a280000,0x000000078a290000,0x000000078a380000)
  to   space 1024K, 0% used [0x000000078a380000,0x000000078a380000,0x000000078a480000)
 ParOldGen       total 173568K, used 1788K [0x00000006c2800000, 0x00000006cd180000, 0x000000076b800000)
  object space 173568K, 1% used [0x00000006c2800000,0x00000006c29bf1c0,0x00000006cd180000)
 Metaspace       used 7964K, capacity 8550K, committed 8704K, reserved 1056768K
  class space    used 642K, capacity 658K, committed 768K, reserved 1048576K
GC Heap History (10 events):
Event: 3.215 GC heap before
{Heap before GC invocations=35 (full 0):
 PSYoungGen      total 102912K, used 102496K [0x000000076b800000, 0x000000078a580000, 0x00000007c0000000)
  eden space 102400K, 100% used [0x000000076b800000,0x0000000771c00000,0x0000000771c00000)
  from space 512K, 18% used [0x000000078a500000,0x000000078a518000,0x000000078a580000)
  to   space 1024K, 0% used [0x000000078a380000,0x000000078a380000,0x000000078a480000)
 ParOldGen       total 173568K, used 1788K [0x00000006c2800000, 0x00000006cd180000, 0x000000076b800000)
  object space 173568K, 1% used [0x00000006c2800000,0x00000006c29bf1c0,0x00000006cd180000)
 Metaspace       used 7964K, capacity 8550K, committed 8704K, reserved 1056768K
  class space    used 642K, capacity 658K, committed 768K, reserved 1048576K
Event: 3.215 GC heap after
Heap after GC invocations=35 (full 0):
 PSYoungGen      total 100352K, used 64K [0x000000076b800000, 0x000000078a580000, 0x00000007c0000000)
  eden space 99328K, 0% used [0x000000076b800000,0x000000076b800000,0x0000000771900000)
  from space 1024K, 6% used [0x000000078a380000,0x000000078a390000,0x000000078a480000)
  to   space 1024K, 0% used [0x000000078a480000,0x000000078a480000,0x000000078a580000)
 ParOldGen       total 173568K, used 1788K [0x00000006c2800000, 0x00000006cd180000, 0x000000076b800000)
  object space 173568K, 1% used [0x00000006c2800000,0x00000006c29bf1c0,0x00000006cd180000)
 Metaspace       used 7964K, capacity 8550K, committed 8704K, reserved 1056768K
  class space    used 642K, capacity 658K, committed 768K, reserved 1048576K
}
Event: 3.273 GC heap before
{Heap before GC invocations=36 (full 0):
 PSYoungGen      total 100352K, used 99392K [0x000000076b800000, 0x000000078a580000, 0x00000007c0000000)
  eden space 99328K, 100% used [0x000000076b800000,0x0000000771900000,0x0000000771900000)
  from space 1024K, 6% used [0x000000078a380000,0x000000078a390000,0x000000078a480000)
  to   space 1024K, 0% used [0x000000078a480000,0x000000078a480000,0x000000078a580000)
 ParOldGen       total 173568K, used 1788K [0x00000006c2800000, 0x00000006cd180000, 0x000000076b800000)
  object space 173568K, 1% used [0x00000006c2800000,0x00000006c29bf1c0,0x00000006cd180000)
 Metaspace       used 7964K, capacity 8550K, committed 8704K, reserved 1056768K
  class space    used 642K, capacity 658K, committed 768K, reserved 1048576K
Event: 3.274 GC heap after
Heap after GC invocations=36 (full 0):
 PSYoungGen      total 97280K, used 64K [0x000000076b800000, 0x000000078a500000, 0x00000007c0000000)
  eden space 96768K, 0% used [0x000000076b800000,0x000000076b800000,0x0000000771680000)
  from space 512K, 12% used [0x000000078a480000,0x000000078a490000,0x000000078a500000)
  to   space 1024K, 0% used [0x000000078a300000,0x000000078a300000,0x000000078a400000)
 ParOldGen       total 173568K, used 1788K [0x00000006c2800000, 0x00000006cd180000, 0x000000076b800000)
  object space 173568K, 1% used [0x00000006c2800000,0x00000006c29bf1c0,0x00000006cd180000)
 Metaspace       used 7964K, capacity 8550K, committed 8704K, reserved 1056768K
  class space    used 642K, capacity 658K, committed 768K, reserved 1048576K
}
Event: 3.315 GC heap before
{Heap before GC invocations=37 (full 0):
 PSYoungGen      total 97280K, used 96832K [0x000000076b800000, 0x000000078a500000, 0x00000007c0000000)
  eden space 96768K, 100% used [0x000000076b800000,0x0000000771680000,0x0000000771680000)
  from space 512K, 12% used [0x000000078a480000,0x000000078a490000,0x000000078a500000)
  to   space 1024K, 0% used [0x000000078a300000,0x000000078a300000,0x000000078a400000)
 ParOldGen       total 173568K, used 1788K [0x00000006c2800000, 0x00000006cd180000, 0x000000076b800000)
  object space 173568K, 1% used [0x00000006c2800000,0x00000006c29bf1c0,0x00000006cd180000)
 Metaspace       used 7964K, capacity 8550K, committed 8704K, reserved 1056768K
  class space    used 642K, capacity 658K, committed 768K, reserved 1048576K
Event: 3.316 GC heap after
Heap after GC invocations=37 (full 0):
 PSYoungGen      total 95232K, used 64K [0x000000076b800000, 0x000000078a500000, 0x00000007c0000000)
  eden space 94208K, 0% used [0x000000076b800000,0x000000076b800000,0x0000000771400000)
  from space 1024K, 6% used [0x000000078a300000,0x000000078a310000,0x000000078a400000)
  to   space 1024K, 0% used [0x000000078a400000,0x000000078a400000,0x000000078a500000)
 ParOldGen       total 173568K, used 1788K [0x00000006c2800000, 0x00000006cd180000, 0x000000076b800000)
  object space 173568K, 1% used [0x00000006c2800000,0x00000006c29bf1c0,0x00000006cd180000)
 Metaspace       used 7964K, capacity 8550K, committed 8704K, reserved 1056768K
  class space    used 642K, capacity 658K, committed 768K, reserved 1048576K
}
Event: 3.411 GC heap before
{Heap before GC invocations=38 (full 0):
 PSYoungGen      total 95232K, used 94272K [0x000000076b800000, 0x000000078a500000, 0x00000007c0000000)
  eden space 94208K, 100% used [0x000000076b800000,0x0000000771400000,0x0000000771400000)
  from space 1024K, 6% used [0x000000078a300000,0x000000078a310000,0x000000078a400000)
  to   space 1024K, 0% used [0x000000078a400000,0x000000078a400000,0x000000078a500000)
 ParOldGen       total 173568K, used 1788K [0x00000006c2800000, 0x00000006cd180000, 0x000000076b800000)
  object space 173568K, 1% used [0x00000006c2800000,0x00000006c29bf1c0,0x00000006cd180000)
 Metaspace       used 7964K, capacity 8550K, committed 8704K, reserved 1056768K
  class space    used 642K, capacity 658K, committed 768K, reserved 1048576K
Event: 3.412 GC heap after
Heap after GC invocations=38 (full 0):
 PSYoungGen      total 92160K, used 64K [0x000000076b800000, 0x000000078a480000, 0x00000007c0000000)
  eden space 91648K, 0% used [0x000000076b800000,0x000000076b800000,0x0000000771180000)
  from space 512K, 12% used [0x000000078a400000,0x000000078a410000,0x000000078a480000)
  to   space 1024K, 0% used [0x000000078a280000,0x000000078a280000,0x000000078a380000)
 ParOldGen       total 173568K, used 1788K [0x00000006c2800000, 0x00000006cd180000, 0x000000076b800000)
  object space 173568K, 1% used [0x00000006c2800000,0x00000006c29bf1c0,0x00000006cd180000)
 Metaspace       used 7964K, capacity 8550K, committed 8704K, reserved 1056768K
  class space    used 642K, capacity 658K, committed 768K, reserved 1048576K
}
Event: 3.469 GC heap before
{Heap before GC invocations=39 (full 0):
 PSYoungGen      total 92160K, used 91712K [0x000000076b800000, 0x000000078a480000, 0x00000007c0000000)
  eden space 91648K, 100% used [0x000000076b800000,0x0000000771180000,0x0000000771180000)
  from space 512K, 12% used [0x000000078a400000,0x000000078a410000,0x000000078a480000)
  to   space 1024K, 0% used [0x000000078a280000,0x000000078a280000,0x000000078a380000)
 ParOldGen       total 173568K, used 1788K [0x00000006c2800000, 0x00000006cd180000, 0x000000076b800000)
  object space 173568K, 1% used [0x00000006c2800000,0x00000006c29bf1c0,0x00000006cd180000)
 Metaspace       used 7964K, capacity 8550K, committed 8704K, reserved 1056768K
  class space    used 642K, capacity 658K, committed 768K, reserved 1048576K
Event: 3.469 GC heap after
Heap after GC invocations=39 (full 0):
 PSYoungGen      total 90112K, used 64K [0x000000076b800000, 0x000000078a480000, 0x00000007c0000000)
  eden space 89088K, 0% used [0x000000076b800000,0x000000076b800000,0x0000000770f00000)
  from space 1024K, 6% used [0x000000078a280000,0x000000078a290000,0x000000078a380000)
  to   space 1024K, 0% used [0x000000078a380000,0x000000078a380000,0x000000078a480000)
 ParOldGen       total 173568K, used 1788K [0x00000006c2800000, 0x00000006cd180000, 0x000000076b800000)
  object space 173568K, 1% used [0x00000006c2800000,0x00000006c29bf1c0,0x00000006cd180000)
 Metaspace       used 7964K, capacity 8550K, committed 8704K, reserved 1056768K
  class space    used 642K, capacity 658K, committed 768K, reserved 1048576K
}

