# JRE version: Java(TM) SE Runtime Environment (8.0_65-b17) (build 1.8.0_65-b17)
# Java VM: Java HotSpot(TM) 64-Bit Server VM (25.65-b01 mixed mode windows-amd64 compressed oops)
Heap:
 PSYoungGen      total 138240K, used 52364K [0x000000076b800000, 0x000000077a380000, 0x00000007c0000000)
  eden space 137728K, 37% used [0x000000076b800000,0x000000076eb13390,0x0000000773e80000)
  from space 512K, 12% used [0x000000077a280000,0x000000077a290000,0x000000077a300000)
  to   space 512K, 0% used [0x000000077a300000,0x000000077a300000,0x000000077a380000)
 ParOldGen       total 173568K, used 1589K [0x00000006c2800000, 0x00000006cd180000, 0x000000076b800000)
  object space 173568K, 0% used [0x00000006c2800000,0x00000006c298d418,0x00000006cd180000)
 Metaspace       used 8059K, capacity 8614K, committed 8960K, reserved 1056768K
  class space    used 644K, capacity 658K, committed 768K, reserved 1048576K
GC Heap History (10 events):
Event: 4.821 GC heap before
{Heap before GC invocations=71 (full 0):
 PSYoungGen      total 163328K, used 162912K [0x000000076b800000, 0x000000077a380000, 0x00000007c0000000)
  eden space 162816K, 100% used [0x000000076b800000,0x0000000775700000,0x0000000775700000)
  from space 512K, 18% used [0x000000077a300000,0x000000077a318000,0x000000077a380000)
  to   space 512K, 0% used [0x000000077a280000,0x000000077a280000,0x000000077a300000)
 ParOldGen       total 173568K, used 1581K [0x00000006c2800000, 0x00000006cd180000, 0x000000076b800000)
  object space 173568K, 0% used [0x00000006c2800000,0x00000006c298b418,0x00000006cd180000)
 Metaspace       used 8058K, capacity 8614K, committed 8960K, reserved 1056768K
  class space    used 644K, capacity 658K, committed 768K, reserved 1048576K
Event: 4.821 GC heap after
Heap after GC invocations=71 (full 0):
 PSYoungGen      total 157696K, used 160K [0x000000076b800000, 0x000000077a380000, 0x00000007c0000000)
  eden space 157184K, 0% used [0x000000076b800000,0x000000076b800000,0x0000000775180000)
  from space 512K, 31% used [0x000000077a280000,0x000000077a2a8000,0x000000077a300000)
  to   space 512K, 0% used [0x000000077a300000,0x000000077a300000,0x000000077a380000)
 ParOldGen       total 173568K, used 1581K [0x00000006c2800000, 0x00000006cd180000, 0x000000076b800000)
  object space 173568K, 0% used [0x00000006c2800000,0x00000006c298b418,0x00000006cd180000)
 Metaspace       used 8058K, capacity 8614K, committed 8960K, reserved 1056768K
  class space    used 644K, capacity 658K, committed 768K, reserved 1048576K
}
Event: 4.891 GC heap before
{Heap before GC invocations=72 (full 0):
 PSYoungGen      total 157696K, used 157344K [0x000000076b800000, 0x000000077a380000, 0x00000007c0000000)
  eden space 157184K, 100% used [0x000000076b800000,0x0000000775180000,0x0000000775180000)
  from space 512K, 31% used [0x000000077a280000,0x000000077a2a8000,0x000000077a300000)
  to   space 512K, 0% used [0x000000077a300000,0x000000077a300000,0x000000077a380000)
 ParOldGen       total 173568K, used 1581K [0x00000006c2800000, 0x00000006cd180000, 0x000000076b800000)
  object space 173568K, 0% used [0x00000006c2800000,0x00000006c298b418,0x00000006cd180000)
 Metaspace       used 8058K, capacity 8614K, committed 8960K, reserved 1056768K
  class space    used 644K, capacity 658K, committed 768K, reserved 1048576K
Event: 4.892 GC heap after
Heap after GC invocations=72 (full 0):
 PSYoungGen      total 152576K, used 192K [0x000000076b800000, 0x000000077a380000, 0x00000007c0000000)
  eden space 152064K, 0% used [0x000000076b800000,0x000000076b800000,0x0000000774c80000)
  from space 512K, 37% used [0x000000077a300000,0x000000077a330000,0x000000077a380000)
  to   space 512K, 0% used [0x000000077a280000,0x000000077a280000,0x000000077a300000)
 ParOldGen       total 173568K, used 1581K [0x00000006c2800000, 0x00000006cd180000, 0x000000076b800000)
  object space 173568K, 0% used [0x00000006c2800000,0x00000006c298b418,0x00000006cd180000)
 Metaspace       used 8058K, capacity 8614K, committed 8960K, reserved 1056768K
  class space    used 644K, capacity 658K, committed 768K, reserved 1048576K
}
Event: 4.958 GC heap before
{Heap before GC invocations=73 (full 0):
 PSYoungGen      total 152576K, used 152256K [0x000000076b800000, 0x000000077a380000, 0x00000007c0000000)
  eden space 152064K, 100% used [0x000000076b800000,0x0000000774c80000,0x0000000774c80000)
  from space 512K, 37% used [0x000000077a300000,0x000000077a330000,0x000000077a380000)
  to   space 512K, 0% used [0x000000077a280000,0x000000077a280000,0x000000077a300000)
 ParOldGen       total 173568K, used 1581K [0x00000006c2800000, 0x00000006cd180000, 0x000000076b800000)
  object space 173568K, 0% used [0x00000006c2800000,0x00000006c298b418,0x00000006cd180000)
 Metaspace       used 8058K, capacity 8614K, committed 8960K, reserved 1056768K
  class space    used 644K, capacity 658K, committed 768K, reserved 1048576K
Event: 4.959 GC heap after
Heap after GC invocations=73 (full 0):
 PSYoungGen      total 147456K, used 160K [0x000000076b800000, 0x000000077a380000, 0x00000007c0000000)
  eden space 146944K, 0% used [0x000000076b800000,0x000000076b800000,0x0000000774780000)
  from space 512K, 31% used [0x000000077a280000,0x000000077a2a8000,0x000000077a300000)
  to   space 512K, 0% used [0x000000077a300000,0x000000077a300000,0x000000077a380000)
 ParOldGen       total 173568K, used 1581K [0x00000006c2800000, 0x00000006cd180000, 0x000000076b800000)
  object space 173568K, 0% used [0x00000006c2800000,0x00000006c298b418,0x00000006cd180000)
 Metaspace       used 8058K, capacity 8614K, committed 8960K, reserved 1056768K
  class space    used 644K, capacity 658K, committed 768K, reserved 1048576K
}
Event: 5.021 GC heap before
{Heap before GC invocations=74 (full 0):
 PSYoungGen      total 147456K, used 147104K [0x000000076b800000, 0x000000077a380000, 0x00000007c0000000)
  eden space 146944K, 100% used [0x000000076b800000,0x0000000774780000,0x0000000774780000)
  from space 512K, 31% used [0x000000077a280000,0x000000077a2a8000,0x000000077a300000)
  to   space 512K, 0% used [0x000000077a300000,0x000000077a300000,0x000000077a380000)
 ParOldGen       total 173568K, used 1581K [0x00000006c2800000, 0x00000006cd180000, 0x000000076b800000)
  object space 173568K, 0% used [0x00000006c2800000,0x00000006c298b418,0x00000006cd180000)
 Metaspace       used 8059K, capacity 8614K, committed 8960K, reserved 1056768K
  class space    used 644K, capacity 658K, committed 768K, reserved 1048576K
Event: 5.021 GC heap after
Heap after GC invocations=74 (full 0):
 PSYoungGen      total 142848K, used 192K [0x000000076b800000, 0x000000077a380000, 0x00000007c0000000)
  eden space 142336K, 0% used [0x000000076b800000,0x000000076b800000,0x0000000774300000)
  from space 512K, 37% used [0x000000077a300000,0x000000077a330000,0x000000077a380000)
  to   space 512K, 0% used [0x000000077a280000,0x000000077a280000,0x000000077a300000)
 ParOldGen       total 173568K, used 1581K [0x00000006c2800000, 0x00000006cd180000, 0x000000076b800000)
  object space 173568K, 0% used [0x00000006c2800000,0x00000006c298b418,0x00000006cd180000)
 Metaspace       used 8059K, capacity 8614K, committed 8960K, reserved 1056768K
  class space    used 644K, capacity 658K, committed 768K, reserved 1048576K
}
Event: 5.082 GC heap before
{Heap before GC invocations=75 (full 0):
 PSYoungGen      total 142848K, used 142528K [0x000000076b800000, 0x000000077a380000, 0x00000007c0000000)
  eden space 142336K, 100% used [0x000000076b800000,0x0000000774300000,0x0000000774300000)
  from space 512K, 37% used [0x000000077a300000,0x000000077a330000,0x000000077a380000)
  to   space 512K, 0% used [0x000000077a280000,0x000000077a280000,0x000000077a300000)
 ParOldGen       total 173568K, used 1581K [0x00000006c2800000, 0x00000006cd180000, 0x000000076b800000)
  object space 173568K, 0% used [0x00000006c2800000,0x00000006c298b418,0x00000006cd180000)
 Metaspace       used 8059K, capacity 8614K, committed 8960K, reserved 1056768K
  class space    used 644K, capacity 658K, committed 768K, reserved 1048576K
Event: 5.083 GC heap after
Heap after GC invocations=75 (full 0):
 PSYoungGen      total 138240K, used 64K [0x000000076b800000, 0x000000077a380000, 0x00000007c0000000)
  eden space 137728K, 0% used [0x000000076b800000,0x000000076b800000,0x0000000773e80000)
  from space 512K, 12% used [0x000000077a280000,0x000000077a290000,0x000000077a300000)
  to   space 512K, 0% used [0x000000077a300000,0x000000077a300000,0x000000077a380000)
 ParOldGen       total 173568K, used 1589K [0x00000006c2800000, 0x00000006cd180000, 0x000000076b800000)
  object space 173568K, 0% used [0x00000006c2800000,0x00000006c298d418,0x00000006cd180000)
 Metaspace       used 8059K, capacity 8614K, committed 8960K, reserved 1056768K
  class space    used 644K, capacity 658K, committed 768K, reserved 1048576K
}

