# JRE version: Java(TM) SE Runtime Environment (8.0_65-b17) (build 1.8.0_65-b17)
# Java VM: Java HotSpot(TM) 64-Bit Server VM (25.65-b01 mixed mode windows-amd64 compressed oops)
Heap:
 PSYoungGen      total 247808K, used 88574K [0x000000076b800000, 0x00000007a9600000, 0x00000007c0000000)
  eden space 246272K, 35% used [0x000000076b800000,0x0000000770e47910,0x000000077a880000)
  from space 1536K, 14% used [0x00000007a9300000,0x00000007a9338000,0x00000007a9480000)
  to   space 1536K, 0% used [0x00000007a9480000,0x00000007a9480000,0x00000007a9600000)
 ParOldGen       total 173568K, used 18924K [0x00000006c2800000, 0x00000006cd180000, 0x000000076b800000)
  object space 173568K, 10% used [0x00000006c2800000,0x00000006c3a7b060,0x00000006cd180000)
 Metaspace       used 8399K, capacity 8774K, committed 8960K, reserved 1056768K
  class space    used 662K, capacity 690K, committed 768K, reserved 1048576K
GC Heap History (10 events):
Event: 16.668 GC heap before
{Heap before GC invocations=43 (full 0):
 PSYoungGen      total 301056K, used 300800K [0x000000076b800000, 0x00000007a9800000, 0x00000007c0000000)
  eden space 300544K, 100% used [0x000000076b800000,0x000000077dd80000,0x000000077dd80000)
  from space 512K, 50% used [0x00000007a9780000,0x00000007a97c0000,0x00000007a9800000)
  to   space 1536K, 0% used [0x00000007a9500000,0x00000007a9500000,0x00000007a9680000)
 ParOldGen       total 173568K, used 18828K [0x00000006c2800000, 0x00000006cd180000, 0x000000076b800000)
  object space 173568K, 10% used [0x00000006c2800000,0x00000006c3a63060,0x00000006cd180000)
 Metaspace       used 8399K, capacity 8774K, committed 8960K, reserved 1056768K
  class space    used 662K, capacity 690K, committed 768K, reserved 1048576K
Event: 16.669 GC heap after
Heap after GC invocations=43 (full 0):
 PSYoungGen      total 289792K, used 224K [0x000000076b800000, 0x00000007a9800000, 0x00000007c0000000)
  eden space 288256K, 0% used [0x000000076b800000,0x000000076b800000,0x000000077d180000)
  from space 1536K, 14% used [0x00000007a9500000,0x00000007a9538000,0x00000007a9680000)
  to   space 1536K, 0% used [0x00000007a9680000,0x00000007a9680000,0x00000007a9800000)
 ParOldGen       total 173568K, used 18868K [0x00000006c2800000, 0x00000006cd180000, 0x000000076b800000)
  object space 173568K, 10% used [0x00000006c2800000,0x00000006c3a6d060,0x00000006cd180000)
 Metaspace       used 8399K, capacity 8774K, committed 8960K, reserved 1056768K
  class space    used 662K, capacity 690K, committed 768K, reserved 1048576K
}
Event: 16.900 GC heap before
{Heap before GC invocations=44 (full 0):
 PSYoungGen      total 289792K, used 288480K [0x000000076b800000, 0x00000007a9800000, 0x00000007c0000000)
  eden space 288256K, 100% used [0x000000076b800000,0x000000077d180000,0x000000077d180000)
  from space 1536K, 14% used [0x00000007a9500000,0x00000007a9538000,0x00000007a9680000)
  to   space 1536K, 0% used [0x00000007a9680000,0x00000007a9680000,0x00000007a9800000)
 ParOldGen       total 173568K, used 18868K [0x00000006c2800000, 0x00000006cd180000, 0x000000076b800000)
  object space 173568K, 10% used [0x00000006c2800000,0x00000006c3a6d060,0x00000006cd180000)
 Metaspace       used 8399K, capacity 8774K, committed 8960K, reserved 1056768K
  class space    used 662K, capacity 690K, committed 768K, reserved 1048576K
Event: 16.901 GC heap after
Heap after GC invocations=44 (full 0):
 PSYoungGen      total 277504K, used 192K [0x000000076b800000, 0x00000007a9700000, 0x00000007c0000000)
  eden space 276992K, 0% used [0x000000076b800000,0x000000076b800000,0x000000077c680000)
  from space 512K, 37% used [0x00000007a9680000,0x00000007a96b0000,0x00000007a9700000)
  to   space 1536K, 0% used [0x00000007a9400000,0x00000007a9400000,0x00000007a9580000)
 ParOldGen       total 173568K, used 18868K [0x00000006c2800000, 0x00000006cd180000, 0x000000076b800000)
  object space 173568K, 10% used [0x00000006c2800000,0x00000006c3a6d060,0x00000006cd180000)
 Metaspace       used 8399K, capacity 8774K, committed 8960K, reserved 1056768K
  class space    used 662K, capacity 690K, committed 768K, reserved 1048576K
}
Event: 17.157 GC heap before
{Heap before GC invocations=45 (full 0):
 PSYoungGen      total 277504K, used 277184K [0x000000076b800000, 0x00000007a9700000, 0x00000007c0000000)
  eden space 276992K, 100% used [0x000000076b800000,0x000000077c680000,0x000000077c680000)
  from space 512K, 37% used [0x00000007a9680000,0x00000007a96b0000,0x00000007a9700000)
  to   space 1536K, 0% used [0x00000007a9400000,0x00000007a9400000,0x00000007a9580000)
 ParOldGen       total 173568K, used 18868K [0x00000006c2800000, 0x00000006cd180000, 0x000000076b800000)
  object space 173568K, 10% used [0x00000006c2800000,0x00000006c3a6d060,0x00000006cd180000)
 Metaspace       used 8399K, capacity 8774K, committed 8960K, reserved 1056768K
  class space    used 662K, capacity 690K, committed 768K, reserved 1048576K
Event: 17.158 GC heap after
Heap after GC invocations=45 (full 0):
 PSYoungGen      total 267776K, used 128K [0x000000076b800000, 0x00000007a9700000, 0x00000007c0000000)
  eden space 266240K, 0% used [0x000000076b800000,0x000000076b800000,0x000000077bc00000)
  from space 1536K, 8% used [0x00000007a9400000,0x00000007a9420000,0x00000007a9580000)
  to   space 1536K, 0% used [0x00000007a9580000,0x00000007a9580000,0x00000007a9700000)
 ParOldGen       total 173568K, used 18868K [0x00000006c2800000, 0x00000006cd180000, 0x000000076b800000)
  object space 173568K, 10% used [0x00000006c2800000,0x00000006c3a6d060,0x00000006cd180000)
 Metaspace       used 8399K, capacity 8774K, committed 8960K, reserved 1056768K
  class space    used 662K, capacity 690K, committed 768K, reserved 1048576K
}
Event: 17.457 GC heap before
{Heap before GC invocations=46 (full 0):
 PSYoungGen      total 267776K, used 266368K [0x000000076b800000, 0x00000007a9700000, 0x00000007c0000000)
  eden space 266240K, 100% used [0x000000076b800000,0x000000077bc00000,0x000000077bc00000)
  from space 1536K, 8% used [0x00000007a9400000,0x00000007a9420000,0x00000007a9580000)
  to   space 1536K, 0% used [0x00000007a9580000,0x00000007a9580000,0x00000007a9700000)
 ParOldGen       total 173568K, used 18868K [0x00000006c2800000, 0x00000006cd180000, 0x000000076b800000)
  object space 173568K, 10% used [0x00000006c2800000,0x00000006c3a6d060,0x00000006cd180000)
 Metaspace       used 8399K, capacity 8774K, committed 8960K, reserved 1056768K
  class space    used 662K, capacity 690K, committed 768K, reserved 1048576K
Event: 17.458 GC heap after
Heap after GC invocations=46 (full 0):
 PSYoungGen      total 256512K, used 160K [0x000000076b800000, 0x00000007a9600000, 0x00000007c0000000)
  eden space 256000K, 0% used [0x000000076b800000,0x000000076b800000,0x000000077b200000)
  from space 512K, 31% used [0x00000007a9580000,0x00000007a95a8000,0x00000007a9600000)
  to   space 1536K, 0% used [0x00000007a9300000,0x00000007a9300000,0x00000007a9480000)
 ParOldGen       total 173568K, used 18884K [0x00000006c2800000, 0x00000006cd180000, 0x000000076b800000)
  object space 173568K, 10% used [0x00000006c2800000,0x00000006c3a71060,0x00000006cd180000)
 Metaspace       used 8399K, capacity 8774K, committed 8960K, reserved 1056768K
  class space    used 662K, capacity 690K, committed 768K, reserved 1048576K
}
Event: 17.698 GC heap before
{Heap before GC invocations=47 (full 0):
 PSYoungGen      total 256512K, used 256160K [0x000000076b800000, 0x00000007a9600000, 0x00000007c0000000)
  eden space 256000K, 100% used [0x000000076b800000,0x000000077b200000,0x000000077b200000)
  from space 512K, 31% used [0x00000007a9580000,0x00000007a95a8000,0x00000007a9600000)
  to   space 1536K, 0% used [0x00000007a9300000,0x00000007a9300000,0x00000007a9480000)
 ParOldGen       total 173568K, used 18884K [0x00000006c2800000, 0x00000006cd180000, 0x000000076b800000)
  object space 173568K, 10% used [0x00000006c2800000,0x00000006c3a71060,0x00000006cd180000)
 Metaspace       used 8399K, capacity 8774K, committed 8960K, reserved 1056768K
  class space    used 662K, capacity 690K, committed 768K, reserved 1048576K
Event: 17.698 GC heap after
Heap after GC invocations=47 (full 0):
 PSYoungGen      total 247808K, used 224K [0x000000076b800000, 0x00000007a9600000, 0x00000007c0000000)
  eden space 246272K, 0% used [0x000000076b800000,0x000000076b800000,0x000000077a880000)
  from space 1536K, 14% used [0x00000007a9300000,0x00000007a9338000,0x00000007a9480000)
  to   space 1536K, 0% used [0x00000007a9480000,0x00000007a9480000,0x00000007a9600000)
 ParOldGen       total 173568K, used 18924K [0x00000006c2800000, 0x00000006cd180000, 0x000000076b800000)
  object space 173568K, 10% used [0x00000006c2800000,0x00000006c3a7b060,0x00000006cd180000)
 Metaspace       used 8399K, capacity 8774K, committed 8960K, reserved 1056768K
  class space    used 662K, capacity 690K, committed 768K, reserved 1048576K
}

