# JRE version: Java(TM) SE Runtime Environment (8.0_65-b17) (build 1.8.0_65-b17)
# Java VM: Java HotSpot(TM) 64-Bit Server VM (25.65-b01 mixed mode windows-amd64 compressed oops)
Heap:
 PSYoungGen      total 48128K, used 41512K [0x000000076b800000, 0x00000007a2f00000, 0x00000007c0000000)
  eden space 47616K, 86% used [0x000000076b800000,0x000000076e05a370,0x000000076e680000)
  from space 512K, 37% used [0x00000007a2e00000,0x00000007a2e30000,0x00000007a2e80000)
  to   space 512K, 0% used [0x00000007a2e80000,0x00000007a2e80000,0x00000007a2f00000)
 ParOldGen       total 173568K, used 18066K [0x00000006c2800000, 0x00000006cd180000, 0x000000076b800000)
  object space 173568K, 10% used [0x00000006c2800000,0x00000006c39a4ac8,0x00000006cd180000)
 Metaspace       used 8389K, capacity 8774K, committed 8960K, reserved 1056768K
  class space    used 662K, capacity 690K, committed 768K, reserved 1048576K
GC Heap History (10 events):
Event: 32.861 GC heap before
{Heap before GC invocations=299 (full 0):
 PSYoungGen      total 52736K, used 52448K [0x000000076b800000, 0x00000007a2f00000, 0x00000007c0000000)
  eden space 52224K, 100% used [0x000000076b800000,0x000000076eb00000,0x000000076eb00000)
  from space 512K, 43% used [0x00000007a2e80000,0x00000007a2eb8000,0x00000007a2f00000)
  to   space 512K, 0% used [0x00000007a2e00000,0x00000007a2e00000,0x00000007a2e80000)
 ParOldGen       total 173568K, used 18066K [0x00000006c2800000, 0x00000006cd180000, 0x000000076b800000)
  object space 173568K, 10% used [0x00000006c2800000,0x00000006c39a4ac8,0x00000006cd180000)
 Metaspace       used 8388K, capacity 8774K, committed 8960K, reserved 1056768K
  class space    used 662K, capacity 690K, committed 768K, reserved 1048576K
Event: 32.862 GC heap after
Heap after GC invocations=299 (full 0):
 PSYoungGen      total 51712K, used 224K [0x000000076b800000, 0x00000007a2f00000, 0x00000007c0000000)
  eden space 51200K, 0% used [0x000000076b800000,0x000000076b800000,0x000000076ea00000)
  from space 512K, 43% used [0x00000007a2e00000,0x00000007a2e38000,0x00000007a2e80000)
  to   space 512K, 0% used [0x00000007a2e80000,0x00000007a2e80000,0x00000007a2f00000)
 ParOldGen       total 173568K, used 18066K [0x00000006c2800000, 0x00000006cd180000, 0x000000076b800000)
  object space 173568K, 10% used [0x00000006c2800000,0x00000006c39a4ac8,0x00000006cd180000)
 Metaspace       used 8388K, capacity 8774K, committed 8960K, reserved 1056768K
  class space    used 662K, capacity 690K, committed 768K, reserved 1048576K
}
Event: 32.924 GC heap before
{Heap before GC invocations=300 (full 0):
 PSYoungGen      total 51712K, used 51424K [0x000000076b800000, 0x00000007a2f00000, 0x00000007c0000000)
  eden space 51200K, 100% used [0x000000076b800000,0x000000076ea00000,0x000000076ea00000)
  from space 512K, 43% used [0x00000007a2e00000,0x00000007a2e38000,0x00000007a2e80000)
  to   space 512K, 0% used [0x00000007a2e80000,0x00000007a2e80000,0x00000007a2f00000)
 ParOldGen       total 173568K, used 18066K [0x00000006c2800000, 0x00000006cd180000, 0x000000076b800000)
  object space 173568K, 10% used [0x00000006c2800000,0x00000006c39a4ac8,0x00000006cd180000)
 Metaspace       used 8388K, capacity 8774K, committed 8960K, reserved 1056768K
  class space    used 662K, capacity 690K, committed 768K, reserved 1048576K
Event: 32.925 GC heap after
Heap after GC invocations=300 (full 0):
 PSYoungGen      total 50688K, used 224K [0x000000076b800000, 0x00000007a2f00000, 0x00000007c0000000)
  eden space 50176K, 0% used [0x000000076b800000,0x000000076b800000,0x000000076e900000)
  from space 512K, 43% used [0x00000007a2e80000,0x00000007a2eb8000,0x00000007a2f00000)
  to   space 512K, 0% used [0x00000007a2e00000,0x00000007a2e00000,0x00000007a2e80000)
 ParOldGen       total 173568K, used 18066K [0x00000006c2800000, 0x00000006cd180000, 0x000000076b800000)
  object space 173568K, 10% used [0x00000006c2800000,0x00000006c39a4ac8,0x00000006cd180000)
 Metaspace       used 8388K, capacity 8774K, committed 8960K, reserved 1056768K
  class space    used 662K, capacity 690K, committed 768K, reserved 1048576K
}
Event: 32.969 GC heap before
{Heap before GC invocations=301 (full 0):
 PSYoungGen      total 50688K, used 50400K [0x000000076b800000, 0x00000007a2f00000, 0x00000007c0000000)
  eden space 50176K, 100% used [0x000000076b800000,0x000000076e900000,0x000000076e900000)
  from space 512K, 43% used [0x00000007a2e80000,0x00000007a2eb8000,0x00000007a2f00000)
  to   space 512K, 0% used [0x00000007a2e00000,0x00000007a2e00000,0x00000007a2e80000)
 ParOldGen       total 173568K, used 18066K [0x00000006c2800000, 0x00000006cd180000, 0x000000076b800000)
  object space 173568K, 10% used [0x00000006c2800000,0x00000006c39a4ac8,0x00000006cd180000)
 Metaspace       used 8388K, capacity 8774K, committed 8960K, reserved 1056768K
  class space    used 662K, capacity 690K, committed 768K, reserved 1048576K
Event: 32.970 GC heap after
Heap after GC invocations=301 (full 0):
 PSYoungGen      total 49664K, used 224K [0x000000076b800000, 0x00000007a2f00000, 0x00000007c0000000)
  eden space 49152K, 0% used [0x000000076b800000,0x000000076b800000,0x000000076e800000)
  from space 512K, 43% used [0x00000007a2e00000,0x00000007a2e38000,0x00000007a2e80000)
  to   space 512K, 0% used [0x00000007a2e80000,0x00000007a2e80000,0x00000007a2f00000)
 ParOldGen       total 173568K, used 18066K [0x00000006c2800000, 0x00000006cd180000, 0x000000076b800000)
  object space 173568K, 10% used [0x00000006c2800000,0x00000006c39a4ac8,0x00000006cd180000)
 Metaspace       used 8388K, capacity 8774K, committed 8960K, reserved 1056768K
  class space    used 662K, capacity 690K, committed 768K, reserved 1048576K
}
Event: 33.024 GC heap before
{Heap before GC invocations=302 (full 0):
 PSYoungGen      total 49664K, used 49376K [0x000000076b800000, 0x00000007a2f00000, 0x00000007c0000000)
  eden space 49152K, 100% used [0x000000076b800000,0x000000076e800000,0x000000076e800000)
  from space 512K, 43% used [0x00000007a2e00000,0x00000007a2e38000,0x00000007a2e80000)
  to   space 512K, 0% used [0x00000007a2e80000,0x00000007a2e80000,0x00000007a2f00000)
 ParOldGen       total 173568K, used 18066K [0x00000006c2800000, 0x00000006cd180000, 0x000000076b800000)
  object space 173568K, 10% used [0x00000006c2800000,0x00000006c39a4ac8,0x00000006cd180000)
 Metaspace       used 8388K, capacity 8774K, committed 8960K, reserved 1056768K
  class space    used 662K, capacity 690K, committed 768K, reserved 1048576K
Event: 33.025 GC heap after
Heap after GC invocations=302 (full 0):
 PSYoungGen      total 48640K, used 224K [0x000000076b800000, 0x00000007a2f00000, 0x00000007c0000000)
  eden space 48128K, 0% used [0x000000076b800000,0x000000076b800000,0x000000076e700000)
  from space 512K, 43% used [0x00000007a2e80000,0x00000007a2eb8000,0x00000007a2f00000)
  to   space 512K, 0% used [0x00000007a2e00000,0x00000007a2e00000,0x00000007a2e80000)
 ParOldGen       total 173568K, used 18066K [0x00000006c2800000, 0x00000006cd180000, 0x000000076b800000)
  object space 173568K, 10% used [0x00000006c2800000,0x00000006c39a4ac8,0x00000006cd180000)
 Metaspace       used 8388K, capacity 8774K, committed 8960K, reserved 1056768K
  class space    used 662K, capacity 690K, committed 768K, reserved 1048576K
}
Event: 33.067 GC heap before
{Heap before GC invocations=303 (full 0):
 PSYoungGen      total 48640K, used 48352K [0x000000076b800000, 0x00000007a2f00000, 0x00000007c0000000)
  eden space 48128K, 100% used [0x000000076b800000,0x000000076e700000,0x000000076e700000)
  from space 512K, 43% used [0x00000007a2e80000,0x00000007a2eb8000,0x00000007a2f00000)
  to   space 512K, 0% used [0x00000007a2e00000,0x00000007a2e00000,0x00000007a2e80000)
 ParOldGen       total 173568K, used 18066K [0x00000006c2800000, 0x00000006cd180000, 0x000000076b800000)
  object space 173568K, 10% used [0x00000006c2800000,0x00000006c39a4ac8,0x00000006cd180000)
 Metaspace       used 8388K, capacity 8774K, committed 8960K, reserved 1056768K
  class space    used 662K, capacity 690K, committed 768K, reserved 1048576K
Event: 33.067 GC heap after
Heap after GC invocations=303 (full 0):
 PSYoungGen      total 48128K, used 192K [0x000000076b800000, 0x00000007a2f00000, 0x00000007c0000000)
  eden space 47616K, 0% used [0x000000076b800000,0x000000076b800000,0x000000076e680000)
  from space 512K, 37% used [0x00000007a2e00000,0x00000007a2e30000,0x00000007a2e80000)
  to   space 512K, 0% used [0x00000007a2e80000,0x00000007a2e80000,0x00000007a2f00000)
 ParOldGen       total 173568K, used 18066K [0x00000006c2800000, 0x00000006cd180000, 0x000000076b800000)
  object space 173568K, 10% used [0x00000006c2800000,0x00000006c39a4ac8,0x00000006cd180000)
 Metaspace       used 8388K, capacity 8774K, committed 8960K, reserved 1056768K
  class space    used 662K, capacity 690K, committed 768K, reserved 1048576K
}

