# JRE version: Java(TM) SE Runtime Environment (8.0_65-b17) (build 1.8.0_65-b17)
# Java VM: Java HotSpot(TM) 64-Bit Server VM (25.65-b01 mixed mode windows-amd64 compressed oops)
Heap:
 PSYoungGen      total 182272K, used 63755K [0x000000076b800000, 0x0000000779b00000, 0x00000007c0000000)
  eden space 180224K, 35% used [0x000000076b800000,0x000000076f632f00,0x0000000776800000)
  from space 2048K, 3% used [0x0000000779700000,0x0000000779710000,0x0000000779900000)
  to   space 2048K, 0% used [0x0000000779900000,0x0000000779900000,0x0000000779b00000)
 ParOldGen       total 173568K, used 1324K [0x00000006c2800000, 0x00000006cd180000, 0x000000076b800000)
  object space 173568K, 0% used [0x00000006c2800000,0x00000006c294b060,0x00000006cd180000)
 Metaspace       used 7970K, capacity 8550K, committed 8704K, reserved 1056768K
  class space    used 642K, capacity 658K, committed 768K, reserved 1048576K
GC Heap History (10 events):
Event: 1.484 GC heap before
{Heap before GC invocations=13 (full 0):
 PSYoungGen      total 217600K, used 217184K [0x000000076b800000, 0x0000000779e00000, 0x00000007c0000000)
  eden space 217088K, 100% used [0x000000076b800000,0x0000000778c00000,0x0000000778c00000)
  from space 512K, 18% used [0x0000000779d80000,0x0000000779d98000,0x0000000779e00000)
  to   space 2048K, 0% used [0x0000000779a00000,0x0000000779a00000,0x0000000779c00000)
 ParOldGen       total 173568K, used 1324K [0x00000006c2800000, 0x00000006cd180000, 0x000000076b800000)
  object space 173568K, 0% used [0x00000006c2800000,0x00000006c294b060,0x00000006cd180000)
 Metaspace       used 7969K, capacity 8550K, committed 8704K, reserved 1056768K
  class space    used 642K, capacity 658K, committed 768K, reserved 1048576K
Event: 1.484 GC heap after
Heap after GC invocations=13 (full 0):
 PSYoungGen      total 210944K, used 64K [0x000000076b800000, 0x0000000779e00000, 0x00000007c0000000)
  eden space 208896K, 0% used [0x000000076b800000,0x000000076b800000,0x0000000778400000)
  from space 2048K, 3% used [0x0000000779a00000,0x0000000779a10000,0x0000000779c00000)
  to   space 2048K, 0% used [0x0000000779c00000,0x0000000779c00000,0x0000000779e00000)
 ParOldGen       total 173568K, used 1324K [0x00000006c2800000, 0x00000006cd180000, 0x000000076b800000)
  object space 173568K, 0% used [0x00000006c2800000,0x00000006c294b060,0x00000006cd180000)
 Metaspace       used 7969K, capacity 8550K, committed 8704K, reserved 1056768K
  class space    used 642K, capacity 658K, committed 768K, reserved 1048576K
}
Event: 1.638 GC heap before
{Heap before GC invocations=14 (full 0):
 PSYoungGen      total 210944K, used 208960K [0x000000076b800000, 0x0000000779e00000, 0x00000007c0000000)
  eden space 208896K, 100% used [0x000000076b800000,0x0000000778400000,0x0000000778400000)
  from space 2048K, 3% used [0x0000000779a00000,0x0000000779a10000,0x0000000779c00000)
  to   space 2048K, 0% used [0x0000000779c00000,0x0000000779c00000,0x0000000779e00000)
 ParOldGen       total 173568K, used 1324K [0x00000006c2800000, 0x00000006cd180000, 0x000000076b800000)
  object space 173568K, 0% used [0x00000006c2800000,0x00000006c294b060,0x00000006cd180000)
 Metaspace       used 7969K, capacity 8550K, committed 8704K, reserved 1056768K
  class space    used 642K, capacity 658K, committed 768K, reserved 1048576K
Event: 1.638 GC heap after
Heap after GC invocations=14 (full 0):
 PSYoungGen      total 201728K, used 64K [0x000000076b800000, 0x0000000779c80000, 0x00000007c0000000)
  eden space 201216K, 0% used [0x000000076b800000,0x000000076b800000,0x0000000777c80000)
  from space 512K, 12% used [0x0000000779c00000,0x0000000779c10000,0x0000000779c80000)
  to   space 2048K, 0% used [0x0000000779880000,0x0000000779880000,0x0000000779a80000)
 ParOldGen       total 173568K, used 1324K [0x00000006c2800000, 0x00000006cd180000, 0x000000076b800000)
  object space 173568K, 0% used [0x00000006c2800000,0x00000006c294b060,0x00000006cd180000)
 Metaspace       used 7969K, capacity 8550K, committed 8704K, reserved 1056768K
  class space    used 642K, capacity 658K, committed 768K, reserved 1048576K
}
Event: 1.808 GC heap before
{Heap before GC invocations=15 (full 0):
 PSYoungGen      total 201728K, used 201280K [0x000000076b800000, 0x0000000779c80000, 0x00000007c0000000)
  eden space 201216K, 100% used [0x000000076b800000,0x0000000777c80000,0x0000000777c80000)
  from space 512K, 12% used [0x0000000779c00000,0x0000000779c10000,0x0000000779c80000)
  to   space 2048K, 0% used [0x0000000779880000,0x0000000779880000,0x0000000779a80000)
 ParOldGen       total 173568K, used 1324K [0x00000006c2800000, 0x00000006cd180000, 0x000000076b800000)
  object space 173568K, 0% used [0x00000006c2800000,0x00000006c294b060,0x00000006cd180000)
 Metaspace       used 7969K, capacity 8550K, committed 8704K, reserved 1056768K
  class space    used 642K, capacity 658K, committed 768K, reserved 1048576K
Event: 1.809 GC heap after
Heap after GC invocations=15 (full 0):
 PSYoungGen      total 196096K, used 64K [0x000000076b800000, 0x0000000779c80000, 0x00000007c0000000)
  eden space 194048K, 0% used [0x000000076b800000,0x000000076b800000,0x0000000777580000)
  from space 2048K, 3% used [0x0000000779880000,0x0000000779890000,0x0000000779a80000)
  to   space 2048K, 0% used [0x0000000779a80000,0x0000000779a80000,0x0000000779c80000)
 ParOldGen       total 173568K, used 1324K [0x00000006c2800000, 0x00000006cd180000, 0x000000076b800000)
  object space 173568K, 0% used [0x00000006c2800000,0x00000006c294b060,0x00000006cd180000)
 Metaspace       used 7969K, capacity 8550K, committed 8704K, reserved 1056768K
  class space    used 642K, capacity 658K, committed 768K, reserved 1048576K
}
Event: 1.949 GC heap before
{Heap before GC invocations=16 (full 0):
 PSYoungGen      total 196096K, used 194112K [0x000000076b800000, 0x0000000779c80000, 0x00000007c0000000)
  eden space 194048K, 100% used [0x000000076b800000,0x0000000777580000,0x0000000777580000)
  from space 2048K, 3% used [0x0000000779880000,0x0000000779890000,0x0000000779a80000)
  to   space 2048K, 0% used [0x0000000779a80000,0x0000000779a80000,0x0000000779c80000)
 ParOldGen       total 173568K, used 1324K [0x00000006c2800000, 0x00000006cd180000, 0x000000076b800000)
  object space 173568K, 0% used [0x00000006c2800000,0x00000006c294b060,0x00000006cd180000)
 Metaspace       used 7970K, capacity 8550K, committed 8704K, reserved 1056768K
  class space    used 642K, capacity 658K, committed 768K, reserved 1048576K
Event: 1.950 GC heap after
Heap after GC invocations=16 (full 0):
 PSYoungGen      total 187392K, used 64K [0x000000076b800000, 0x0000000779b00000, 0x00000007c0000000)
  eden space 186880K, 0% used [0x000000076b800000,0x000000076b800000,0x0000000776e80000)
  from space 512K, 12% used [0x0000000779a80000,0x0000000779a90000,0x0000000779b00000)
  to   space 2048K, 0% used [0x0000000779700000,0x0000000779700000,0x0000000779900000)
 ParOldGen       total 173568K, used 1324K [0x00000006c2800000, 0x00000006cd180000, 0x000000076b800000)
  object space 173568K, 0% used [0x00000006c2800000,0x00000006c294b060,0x00000006cd180000)
 Metaspace       used 7970K, capacity 8550K, committed 8704K, reserved 1056768K
  class space    used 642K, capacity 658K, committed 768K, reserved 1048576K
}
Event: 2.103 GC heap before
{Heap before GC invocations=17 (full 0):
 PSYoungGen      total 187392K, used 186944K [0x000000076b800000, 0x0000000779b00000, 0x00000007c0000000)
  eden space 186880K, 100% used [0x000000076b800000,0x0000000776e80000,0x0000000776e80000)
  from space 512K, 12% used [0x0000000779a80000,0x0000000779a90000,0x0000000779b00000)
  to   space 2048K, 0% used [0x0000000779700000,0x0000000779700000,0x0000000779900000)
 ParOldGen       total 173568K, used 1324K [0x00000006c2800000, 0x00000006cd180000, 0x000000076b800000)
  object space 173568K, 0% used [0x00000006c2800000,0x00000006c294b060,0x00000006cd180000)
 Metaspace       used 7970K, capacity 8550K, committed 8704K, reserved 1056768K
  class space    used 642K, capacity 658K, committed 768K, reserved 1048576K
Event: 2.104 GC heap after
Heap after GC invocations=17 (full 0):
 PSYoungGen      total 182272K, used 64K [0x000000076b800000, 0x0000000779b00000, 0x00000007c0000000)
  eden space 180224K, 0% used [0x000000076b800000,0x000000076b800000,0x0000000776800000)
  from space 2048K, 3% used [0x0000000779700000,0x0000000779710000,0x0000000779900000)
  to   space 2048K, 0% used [0x0000000779900000,0x0000000779900000,0x0000000779b00000)
 ParOldGen       total 173568K, used 1324K [0x00000006c2800000, 0x00000006cd180000, 0x000000076b800000)
  object space 173568K, 0% used [0x00000006c2800000,0x00000006c294b060,0x00000006cd180000)
 Metaspace       used 7970K, capacity 8550K, committed 8704K, reserved 1056768K
  class space    used 642K, capacity 658K, committed 768K, reserved 1048576K
}

