# JRE version: Java(TM) SE Runtime Environment (8.0_65-b17) (build 1.8.0_65-b17)
# Java VM: Java HotSpot(TM) 64-Bit Server VM (25.65-b01 mixed mode windows-amd64 compressed oops)
Heap:
 PSYoungGen      total 1319936K, used 545255K [0x000000076b800000, 0x00000007bcb00000, 0x00000007c0000000)
  eden space 1310720K, 41% used [0x000000076b800000,0x000000078cc49c88,0x00000007bb800000)
  from space 9216K, 2% used [0x00000007bc200000,0x00000007bc230000,0x00000007bcb00000)
  to   space 9728K, 0% used [0x00000007bb800000,0x00000007bb800000,0x00000007bc180000)
 ParOldGen       total 173568K, used 17379K [0x00000006c2800000, 0x00000006cd180000, 0x000000076b800000)
  object space 173568K, 10% used [0x00000006c2800000,0x00000006c38f8d20,0x00000006cd180000)
 Metaspace       used 8350K, capacity 8710K, committed 8960K, reserved 1056768K
  class space    used 660K, capacity 690K, committed 768K, reserved 1048576K
GC Heap History (10 events):
Event: 1.147 GC heap before
{Heap before GC invocations=8 (full 0):
 PSYoungGen      total 262144K, used 262120K [0x000000076b800000, 0x000000078ba00000, 0x00000007c0000000)
  eden space 259584K, 100% used [0x000000076b800000,0x000000077b580000,0x000000077b580000)
  from space 2560K, 99% used [0x000000077b580000,0x000000077b7fa110,0x000000077b800000)
  to   space 3584K, 0% used [0x000000078b680000,0x000000078b680000,0x000000078ba00000)
 ParOldGen       total 173568K, used 1283K [0x00000006c2800000, 0x00000006cd180000, 0x000000076b800000)
  object space 173568K, 0% used [0x00000006c2800000,0x00000006c2940d00,0x00000006cd180000)
 Metaspace       used 8242K, capacity 8646K, committed 8960K, reserved 1056768K
  class space    used 655K, capacity 690K, committed 768K, reserved 1048576K
Event: 1.159 GC heap after
Heap after GC invocations=8 (full 0):
 PSYoungGen      total 515584K, used 3557K [0x000000076b800000, 0x000000078c800000, 0x00000007c0000000)
  eden space 512000K, 0% used [0x000000076b800000,0x000000076b800000,0x000000078ac00000)
  from space 3584K, 99% used [0x000000078b680000,0x000000078b9f9460,0x000000078ba00000)
  to   space 10752K, 0% used [0x000000078ac00000,0x000000078ac00000,0x000000078b680000)
 ParOldGen       total 173568K, used 16147K [0x00000006c2800000, 0x00000006cd180000, 0x000000076b800000)
  object space 173568K, 9% used [0x00000006c2800000,0x00000006c37c4d00,0x00000006cd180000)
 Metaspace       used 8242K, capacity 8646K, committed 8960K, reserved 1056768K
  class space    used 655K, capacity 690K, committed 768K, reserved 1048576K
}
Event: 1.525 GC heap before
{Heap before GC invocations=9 (full 0):
 PSYoungGen      total 515584K, used 515557K [0x000000076b800000, 0x000000078c800000, 0x00000007c0000000)
  eden space 512000K, 100% used [0x000000076b800000,0x000000078ac00000,0x000000078ac00000)
  from space 3584K, 99% used [0x000000078b680000,0x000000078b9f9460,0x000000078ba00000)
  to   space 10752K, 0% used [0x000000078ac00000,0x000000078ac00000,0x000000078b680000)
 ParOldGen       total 173568K, used 16147K [0x00000006c2800000, 0x00000006cd180000, 0x000000076b800000)
  object space 173568K, 9% used [0x00000006c2800000,0x00000006c37c4d00,0x00000006cd180000)
 Metaspace       used 8297K, capacity 8710K, committed 8960K, reserved 1056768K
  class space    used 660K, capacity 690K, committed 768K, reserved 1048576K
Event: 1.528 GC heap after
Heap after GC invocations=9 (full 0):
 PSYoungGen      total 522752K, used 896K [0x000000076b800000, 0x000000079ec00000, 0x00000007c0000000)
  eden space 512000K, 0% used [0x000000076b800000,0x000000076b800000,0x000000078ac00000)
  from space 10752K, 8% used [0x000000078ac00000,0x000000078ace0000,0x000000078b680000)
  to   space 10240K, 0% used [0x000000079e200000,0x000000079e200000,0x000000079ec00000)
 ParOldGen       total 173568K, used 16539K [0x00000006c2800000, 0x00000006cd180000, 0x000000076b800000)
  object space 173568K, 9% used [0x00000006c2800000,0x00000006c3826d00,0x00000006cd180000)
 Metaspace       used 8297K, capacity 8710K, committed 8960K, reserved 1056768K
  class space    used 660K, capacity 690K, committed 768K, reserved 1048576K
}
Event: 1.899 GC heap before
{Heap before GC invocations=10 (full 0):
 PSYoungGen      total 522752K, used 512896K [0x000000076b800000, 0x000000079ec00000, 0x00000007c0000000)
  eden space 512000K, 100% used [0x000000076b800000,0x000000078ac00000,0x000000078ac00000)
  from space 10752K, 8% used [0x000000078ac00000,0x000000078ace0000,0x000000078b680000)
  to   space 10240K, 0% used [0x000000079e200000,0x000000079e200000,0x000000079ec00000)
 ParOldGen       total 173568K, used 16539K [0x00000006c2800000, 0x00000006cd180000, 0x000000076b800000)
  object space 173568K, 9% used [0x00000006c2800000,0x00000006c3826d00,0x00000006cd180000)
 Metaspace       used 8318K, capacity 8710K, committed 8960K, reserved 1056768K
  class space    used 660K, capacity 690K, committed 768K, reserved 1048576K
Event: 1.901 GC heap after
Heap after GC invocations=10 (full 0):
 PSYoungGen      total 829440K, used 224K [0x000000076b800000, 0x000000079ec00000, 0x00000007c0000000)
  eden space 819200K, 0% used [0x000000076b800000,0x000000076b800000,0x000000079d800000)
  from space 10240K, 2% used [0x000000079e200000,0x000000079e238000,0x000000079ec00000)
  to   space 10240K, 0% used [0x000000079d800000,0x000000079d800000,0x000000079e200000)
 ParOldGen       total 173568K, used 17307K [0x00000006c2800000, 0x00000006cd180000, 0x000000076b800000)
  object space 173568K, 9% used [0x00000006c2800000,0x00000006c38e6d20,0x00000006cd180000)
 Metaspace       used 8318K, capacity 8710K, committed 8960K, reserved 1056768K
  class space    used 660K, capacity 690K, committed 768K, reserved 1048576K
}
Event: 2.528 GC heap before
{Heap before GC invocations=11 (full 0):
 PSYoungGen      total 829440K, used 819424K [0x000000076b800000, 0x000000079ec00000, 0x00000007c0000000)
  eden space 819200K, 100% used [0x000000076b800000,0x000000079d800000,0x000000079d800000)
  from space 10240K, 2% used [0x000000079e200000,0x000000079e238000,0x000000079ec00000)
  to   space 10240K, 0% used [0x000000079d800000,0x000000079d800000,0x000000079e200000)
 ParOldGen       total 173568K, used 17307K [0x00000006c2800000, 0x00000006cd180000, 0x000000076b800000)
  object space 173568K, 9% used [0x00000006c2800000,0x00000006c38e6d20,0x00000006cd180000)
 Metaspace       used 8333K, capacity 8710K, committed 8960K, reserved 1056768K
  class space    used 660K, capacity 690K, committed 768K, reserved 1048576K
Event: 2.529 GC heap after
Heap after GC invocations=11 (full 0):
 PSYoungGen      total 829440K, used 224K [0x000000076b800000, 0x00000007bcc00000, 0x00000007c0000000)
  eden space 819200K, 0% used [0x000000076b800000,0x000000076b800000,0x000000079d800000)
  from space 10240K, 2% used [0x000000079d800000,0x000000079d838000,0x000000079e200000)
  to   space 10240K, 0% used [0x00000007bc200000,0x00000007bc200000,0x00000007bcc00000)
 ParOldGen       total 173568K, used 17363K [0x00000006c2800000, 0x00000006cd180000, 0x000000076b800000)
  object space 173568K, 10% used [0x00000006c2800000,0x00000006c38f4d20,0x00000006cd180000)
 Metaspace       used 8333K, capacity 8710K, committed 8960K, reserved 1056768K
  class space    used 660K, capacity 690K, committed 768K, reserved 1048576K
}
Event: 3.127 GC heap before
{Heap before GC invocations=12 (full 0):
 PSYoungGen      total 829440K, used 819424K [0x000000076b800000, 0x00000007bcc00000, 0x00000007c0000000)
  eden space 819200K, 100% used [0x000000076b800000,0x000000079d800000,0x000000079d800000)
  from space 10240K, 2% used [0x000000079d800000,0x000000079d838000,0x000000079e200000)
  to   space 10240K, 0% used [0x00000007bc200000,0x00000007bc200000,0x00000007bcc00000)
 ParOldGen       total 173568K, used 17363K [0x00000006c2800000, 0x00000006cd180000, 0x000000076b800000)
  object space 173568K, 10% used [0x00000006c2800000,0x00000006c38f4d20,0x00000006cd180000)
 Metaspace       used 8341K, capacity 8710K, committed 8960K, reserved 1056768K
  class space    used 660K, capacity 690K, committed 768K, reserved 1048576K
Event: 3.127 GC heap after
Heap after GC invocations=12 (full 0):
 PSYoungGen      total 1319936K, used 192K [0x000000076b800000, 0x00000007bcb00000, 0x00000007c0000000)
  eden space 1310720K, 0% used [0x000000076b800000,0x000000076b800000,0x00000007bb800000)
  from space 9216K, 2% used [0x00000007bc200000,0x00000007bc230000,0x00000007bcb00000)
  to   space 9728K, 0% used [0x00000007bb800000,0x00000007bb800000,0x00000007bc180000)
 ParOldGen       total 173568K, used 17379K [0x00000006c2800000, 0x00000006cd180000, 0x000000076b800000)
  object space 173568K, 10% used [0x00000006c2800000,0x00000006c38f8d20,0x00000006cd180000)
 Metaspace       used 8341K, capacity 8710K, committed 8960K, reserved 1056768K
  class space    used 660K, capacity 690K, committed 768K, reserved 1048576K
}

