# JRE version: Java(TM) SE Runtime Environment (8.0_65-b17) (build 1.8.0_65-b17)
# Java VM: Java HotSpot(TM) 64-Bit Server VM (25.65-b01 mixed mode windows-amd64 compressed oops)
Heap:
 PSYoungGen      total 147968K, used 58648K [0x000000076b800000, 0x0000000779880000, 0x00000007c0000000)
  eden space 146432K, 40% used [0x000000076b800000,0x000000076f1363b0,0x0000000774700000)
  from space 1536K, 4% used [0x0000000779580000,0x0000000779590000,0x0000000779700000)
  to   space 1536K, 0% used [0x0000000779700000,0x0000000779700000,0x0000000779880000)
 ParOldGen       total 173568K, used 1358K [0x00000006c2800000, 0x00000006cd180000, 0x000000076b800000)
  object space 173568K, 0% used [0x00000006c2800000,0x00000006c2953a60,0x00000006cd180000)
 Metaspace       used 7967K, capacity 8550K, committed 8704K, reserved 1056768K
  class space    used 642K, capacity 658K, committed 768K, reserved 1048576K
GC Heap History (10 events):
Event: 2.290 GC heap before
{Heap before GC invocations=19 (full 0):
 PSYoungGen      total 174592K, used 174112K [0x000000076b800000, 0x0000000779a80000, 0x00000007c0000000)
  eden space 174080K, 100% used [0x000000076b800000,0x0000000776200000,0x0000000776200000)
  from space 512K, 6% used [0x0000000779a00000,0x0000000779a08000,0x0000000779a80000)
  to   space 1536K, 0% used [0x0000000779780000,0x0000000779780000,0x0000000779900000)
 ParOldGen       total 173568K, used 1358K [0x00000006c2800000, 0x00000006cd180000, 0x000000076b800000)
  object space 173568K, 0% used [0x00000006c2800000,0x00000006c2953a60,0x00000006cd180000)
 Metaspace       used 7966K, capacity 8550K, committed 8704K, reserved 1056768K
  class space    used 642K, capacity 658K, committed 768K, reserved 1048576K
Event: 2.291 GC heap after
Heap after GC invocations=19 (full 0):
 PSYoungGen      total 169472K, used 64K [0x000000076b800000, 0x0000000779a80000, 0x00000007c0000000)
  eden space 167936K, 0% used [0x000000076b800000,0x000000076b800000,0x0000000775c00000)
  from space 1536K, 4% used [0x0000000779780000,0x0000000779790000,0x0000000779900000)
  to   space 1536K, 0% used [0x0000000779900000,0x0000000779900000,0x0000000779a80000)
 ParOldGen       total 173568K, used 1358K [0x00000006c2800000, 0x00000006cd180000, 0x000000076b800000)
  object space 173568K, 0% used [0x00000006c2800000,0x00000006c2953a60,0x00000006cd180000)
 Metaspace       used 7966K, capacity 8550K, committed 8704K, reserved 1056768K
  class space    used 642K, capacity 658K, committed 768K, reserved 1048576K
}
Event: 2.422 GC heap before
{Heap before GC invocations=20 (full 0):
 PSYoungGen      total 169472K, used 168000K [0x000000076b800000, 0x0000000779a80000, 0x00000007c0000000)
  eden space 167936K, 100% used [0x000000076b800000,0x0000000775c00000,0x0000000775c00000)
  from space 1536K, 4% used [0x0000000779780000,0x0000000779790000,0x0000000779900000)
  to   space 1536K, 0% used [0x0000000779900000,0x0000000779900000,0x0000000779a80000)
 ParOldGen       total 173568K, used 1358K [0x00000006c2800000, 0x00000006cd180000, 0x000000076b800000)
  object space 173568K, 0% used [0x00000006c2800000,0x00000006c2953a60,0x00000006cd180000)
 Metaspace       used 7966K, capacity 8550K, committed 8704K, reserved 1056768K
  class space    used 642K, capacity 658K, committed 768K, reserved 1048576K
Event: 2.423 GC heap after
Heap after GC invocations=20 (full 0):
 PSYoungGen      total 162816K, used 64K [0x000000076b800000, 0x0000000779980000, 0x00000007c0000000)
  eden space 162304K, 0% used [0x000000076b800000,0x000000076b800000,0x0000000775680000)
  from space 512K, 12% used [0x0000000779900000,0x0000000779910000,0x0000000779980000)
  to   space 1536K, 0% used [0x0000000779680000,0x0000000779680000,0x0000000779800000)
 ParOldGen       total 173568K, used 1358K [0x00000006c2800000, 0x00000006cd180000, 0x000000076b800000)
  object space 173568K, 0% used [0x00000006c2800000,0x00000006c2953a60,0x00000006cd180000)
 Metaspace       used 7966K, capacity 8550K, committed 8704K, reserved 1056768K
  class space    used 642K, capacity 658K, committed 768K, reserved 1048576K
}
Event: 2.568 GC heap before
{Heap before GC invocations=21 (full 0):
 PSYoungGen      total 162816K, used 162368K [0x000000076b800000, 0x0000000779980000, 0x00000007c0000000)
  eden space 162304K, 100% used [0x000000076b800000,0x0000000775680000,0x0000000775680000)
  from space 512K, 12% used [0x0000000779900000,0x0000000779910000,0x0000000779980000)
  to   space 1536K, 0% used [0x0000000779680000,0x0000000779680000,0x0000000779800000)
 ParOldGen       total 173568K, used 1358K [0x00000006c2800000, 0x00000006cd180000, 0x000000076b800000)
  object space 173568K, 0% used [0x00000006c2800000,0x00000006c2953a60,0x00000006cd180000)
 Metaspace       used 7966K, capacity 8550K, committed 8704K, reserved 1056768K
  class space    used 642K, capacity 658K, committed 768K, reserved 1048576K
Event: 2.568 GC heap after
Heap after GC invocations=21 (full 0):
 PSYoungGen      total 158208K, used 96K [0x000000076b800000, 0x0000000779980000, 0x00000007c0000000)
  eden space 156672K, 0% used [0x000000076b800000,0x000000076b800000,0x0000000775100000)
  from space 1536K, 6% used [0x0000000779680000,0x0000000779698000,0x0000000779800000)
  to   space 1536K, 0% used [0x0000000779800000,0x0000000779800000,0x0000000779980000)
 ParOldGen       total 173568K, used 1358K [0x00000006c2800000, 0x00000006cd180000, 0x000000076b800000)
  object space 173568K, 0% used [0x00000006c2800000,0x00000006c2953a60,0x00000006cd180000)
 Metaspace       used 7966K, capacity 8550K, committed 8704K, reserved 1056768K
  class space    used 642K, capacity 658K, committed 768K, reserved 1048576K
}
Event: 2.685 GC heap before
{Heap before GC invocations=22 (full 0):
 PSYoungGen      total 158208K, used 156768K [0x000000076b800000, 0x0000000779980000, 0x00000007c0000000)
  eden space 156672K, 100% used [0x000000076b800000,0x0000000775100000,0x0000000775100000)
  from space 1536K, 6% used [0x0000000779680000,0x0000000779698000,0x0000000779800000)
  to   space 1536K, 0% used [0x0000000779800000,0x0000000779800000,0x0000000779980000)
 ParOldGen       total 173568K, used 1358K [0x00000006c2800000, 0x00000006cd180000, 0x000000076b800000)
  object space 173568K, 0% used [0x00000006c2800000,0x00000006c2953a60,0x00000006cd180000)
 Metaspace       used 7967K, capacity 8550K, committed 8704K, reserved 1056768K
  class space    used 642K, capacity 658K, committed 768K, reserved 1048576K
Event: 2.686 GC heap after
Heap after GC invocations=22 (full 0):
 PSYoungGen      total 152064K, used 64K [0x000000076b800000, 0x0000000779880000, 0x00000007c0000000)
  eden space 151552K, 0% used [0x000000076b800000,0x000000076b800000,0x0000000774c00000)
  from space 512K, 12% used [0x0000000779800000,0x0000000779810000,0x0000000779880000)
  to   space 1536K, 0% used [0x0000000779580000,0x0000000779580000,0x0000000779700000)
 ParOldGen       total 173568K, used 1358K [0x00000006c2800000, 0x00000006cd180000, 0x000000076b800000)
  object space 173568K, 0% used [0x00000006c2800000,0x00000006c2953a60,0x00000006cd180000)
 Metaspace       used 7967K, capacity 8550K, committed 8704K, reserved 1056768K
  class space    used 642K, capacity 658K, committed 768K, reserved 1048576K
}
Event: 2.853 GC heap before
{Heap before GC invocations=23 (full 0):
 PSYoungGen      total 152064K, used 151616K [0x000000076b800000, 0x0000000779880000, 0x00000007c0000000)
  eden space 151552K, 100% used [0x000000076b800000,0x0000000774c00000,0x0000000774c00000)
  from space 512K, 12% used [0x0000000779800000,0x0000000779810000,0x0000000779880000)
  to   space 1536K, 0% used [0x0000000779580000,0x0000000779580000,0x0000000779700000)
 ParOldGen       total 173568K, used 1358K [0x00000006c2800000, 0x00000006cd180000, 0x000000076b800000)
  object space 173568K, 0% used [0x00000006c2800000,0x00000006c2953a60,0x00000006cd180000)
 Metaspace       used 7967K, capacity 8550K, committed 8704K, reserved 1056768K
  class space    used 642K, capacity 658K, committed 768K, reserved 1048576K
Event: 2.854 GC heap after
Heap after GC invocations=23 (full 0):
 PSYoungGen      total 147968K, used 64K [0x000000076b800000, 0x0000000779880000, 0x00000007c0000000)
  eden space 146432K, 0% used [0x000000076b800000,0x000000076b800000,0x0000000774700000)
  from space 1536K, 4% used [0x0000000779580000,0x0000000779590000,0x0000000779700000)
  to   space 1536K, 0% used [0x0000000779700000,0x0000000779700000,0x0000000779880000)
 ParOldGen       total 173568K, used 1358K [0x00000006c2800000, 0x00000006cd180000, 0x000000076b800000)
  object space 173568K, 0% used [0x00000006c2800000,0x00000006c2953a60,0x00000006cd180000)
 Metaspace       used 7967K, capacity 8550K, committed 8704K, reserved 1056768K
  class space    used 642K, capacity 658K, committed 768K, reserved 1048576K
}

