# JRE version: Java(TM) SE Runtime Environment (8.0_65-b17) (build 1.8.0_65-b17)
# Java VM: Java HotSpot(TM) 64-Bit Server VM (25.65-b01 mixed mode windows-amd64 compressed oops)
Heap:
 PSYoungGen      total 65024K, used 60902K [0x000000076b800000, 0x0000000784400000, 0x00000007c0000000)
  eden space 64512K, 94% used [0x000000076b800000,0x000000076f359a18,0x000000076f700000)
  from space 512K, 25% used [0x0000000784300000,0x0000000784320000,0x0000000784380000)
  to   space 512K, 0% used [0x0000000784380000,0x0000000784380000,0x0000000784400000)
 ParOldGen       total 173568K, used 1422K [0x00000006c2800000, 0x00000006cd180000, 0x000000076b800000)
  object space 173568K, 0% used [0x00000006c2800000,0x00000006c2963a60,0x00000006cd180000)
 Metaspace       used 8105K, capacity 8646K, committed 8960K, reserved 1056768K
  class space    used 646K, capacity 690K, committed 768K, reserved 1048576K
GC Heap History (10 events):
Event: 10.873 GC heap before
{Heap before GC invocations=85 (full 0):
 PSYoungGen      total 47616K, used 47264K [0x000000076b800000, 0x0000000784400000, 0x00000007c0000000)
  eden space 47104K, 100% used [0x000000076b800000,0x000000076e600000,0x000000076e600000)
  from space 512K, 31% used [0x0000000784380000,0x00000007843a8000,0x0000000784400000)
  to   space 512K, 0% used [0x0000000784300000,0x0000000784300000,0x0000000784380000)
 ParOldGen       total 173568K, used 1422K [0x00000006c2800000, 0x00000006cd180000, 0x000000076b800000)
  object space 173568K, 0% used [0x00000006c2800000,0x00000006c2963a60,0x00000006cd180000)
 Metaspace       used 8105K, capacity 8646K, committed 8960K, reserved 1056768K
  class space    used 646K, capacity 690K, committed 768K, reserved 1048576K
Event: 10.874 GC heap after
Heap after GC invocations=85 (full 0):
 PSYoungGen      total 47104K, used 128K [0x000000076b800000, 0x0000000784400000, 0x00000007c0000000)
  eden space 46592K, 0% used [0x000000076b800000,0x000000076b800000,0x000000076e580000)
  from space 512K, 25% used [0x0000000784300000,0x0000000784320000,0x0000000784380000)
  to   space 512K, 0% used [0x0000000784380000,0x0000000784380000,0x0000000784400000)
 ParOldGen       total 173568K, used 1422K [0x00000006c2800000, 0x00000006cd180000, 0x000000076b800000)
  object space 173568K, 0% used [0x00000006c2800000,0x00000006c2963a60,0x00000006cd180000)
 Metaspace       used 8105K, capacity 8646K, committed 8960K, reserved 1056768K
  class space    used 646K, capacity 690K, committed 768K, reserved 1048576K
}
Event: 10.911 GC heap before
{Heap before GC invocations=86 (full 0):
 PSYoungGen      total 47104K, used 46720K [0x000000076b800000, 0x0000000784400000, 0x00000007c0000000)
  eden space 46592K, 100% used [0x000000076b800000,0x000000076e580000,0x000000076e580000)
  from space 512K, 25% used [0x0000000784300000,0x0000000784320000,0x0000000784380000)
  to   space 512K, 0% used [0x0000000784380000,0x0000000784380000,0x0000000784400000)
 ParOldGen       total 173568K, used 1422K [0x00000006c2800000, 0x00000006cd180000, 0x000000076b800000)
  object space 173568K, 0% used [0x00000006c2800000,0x00000006c2963a60,0x00000006cd180000)
 Metaspace       used 8105K, capacity 8646K, committed 8960K, reserved 1056768K
  class space    used 646K, capacity 690K, committed 768K, reserved 1048576K
Event: 10.912 GC heap after
Heap after GC invocations=86 (full 0):
 PSYoungGen      total 56832K, used 128K [0x000000076b800000, 0x0000000784400000, 0x00000007c0000000)
  eden space 56320K, 0% used [0x000000076b800000,0x000000076b800000,0x000000076ef00000)
  from space 512K, 25% used [0x0000000784380000,0x00000007843a0000,0x0000000784400000)
  to   space 512K, 0% used [0x0000000784300000,0x0000000784300000,0x0000000784380000)
 ParOldGen       total 173568K, used 1422K [0x00000006c2800000, 0x00000006cd180000, 0x000000076b800000)
  object space 173568K, 0% used [0x00000006c2800000,0x00000006c2963a60,0x00000006cd180000)
 Metaspace       used 8105K, capacity 8646K, committed 8960K, reserved 1056768K
  class space    used 646K, capacity 690K, committed 768K, reserved 1048576K
}
Event: 10.969 GC heap before
{Heap before GC invocations=87 (full 0):
 PSYoungGen      total 56832K, used 56448K [0x000000076b800000, 0x0000000784400000, 0x00000007c0000000)
  eden space 56320K, 100% used [0x000000076b800000,0x000000076ef00000,0x000000076ef00000)
  from space 512K, 25% used [0x0000000784380000,0x00000007843a0000,0x0000000784400000)
  to   space 512K, 0% used [0x0000000784300000,0x0000000784300000,0x0000000784380000)
 ParOldGen       total 173568K, used 1422K [0x00000006c2800000, 0x00000006cd180000, 0x000000076b800000)
  object space 173568K, 0% used [0x00000006c2800000,0x00000006c2963a60,0x00000006cd180000)
 Metaspace       used 8105K, capacity 8646K, committed 8960K, reserved 1056768K
  class space    used 646K, capacity 690K, committed 768K, reserved 1048576K
Event: 10.969 GC heap after
Heap after GC invocations=87 (full 0):
 PSYoungGen      total 68096K, used 192K [0x000000076b800000, 0x0000000784400000, 0x00000007c0000000)
  eden space 67584K, 0% used [0x000000076b800000,0x000000076b800000,0x000000076fa00000)
  from space 512K, 37% used [0x0000000784300000,0x0000000784330000,0x0000000784380000)
  to   space 512K, 0% used [0x0000000784380000,0x0000000784380000,0x0000000784400000)
 ParOldGen       total 173568K, used 1422K [0x00000006c2800000, 0x00000006cd180000, 0x000000076b800000)
  object space 173568K, 0% used [0x00000006c2800000,0x00000006c2963a60,0x00000006cd180000)
 Metaspace       used 8105K, capacity 8646K, committed 8960K, reserved 1056768K
  class space    used 646K, capacity 690K, committed 768K, reserved 1048576K
}
Event: 11.038 GC heap before
{Heap before GC invocations=88 (full 0):
 PSYoungGen      total 68096K, used 67776K [0x000000076b800000, 0x0000000784400000, 0x00000007c0000000)
  eden space 67584K, 100% used [0x000000076b800000,0x000000076fa00000,0x000000076fa00000)
  from space 512K, 37% used [0x0000000784300000,0x0000000784330000,0x0000000784380000)
  to   space 512K, 0% used [0x0000000784380000,0x0000000784380000,0x0000000784400000)
 ParOldGen       total 173568K, used 1422K [0x00000006c2800000, 0x00000006cd180000, 0x000000076b800000)
  object space 173568K, 0% used [0x00000006c2800000,0x00000006c2963a60,0x00000006cd180000)
 Metaspace       used 8105K, capacity 8646K, committed 8960K, reserved 1056768K
  class space    used 646K, capacity 690K, committed 768K, reserved 1048576K
Event: 11.038 GC heap after
Heap after GC invocations=88 (full 0):
 PSYoungGen      total 66560K, used 128K [0x000000076b800000, 0x0000000784400000, 0x00000007c0000000)
  eden space 66048K, 0% used [0x000000076b800000,0x000000076b800000,0x000000076f880000)
  from space 512K, 25% used [0x0000000784380000,0x00000007843a0000,0x0000000784400000)
  to   space 512K, 0% used [0x0000000784300000,0x0000000784300000,0x0000000784380000)
 ParOldGen       total 173568K, used 1422K [0x00000006c2800000, 0x00000006cd180000, 0x000000076b800000)
  object space 173568K, 0% used [0x00000006c2800000,0x00000006c2963a60,0x00000006cd180000)
 Metaspace       used 8105K, capacity 8646K, committed 8960K, reserved 1056768K
  class space    used 646K, capacity 690K, committed 768K, reserved 1048576K
}
Event: 11.097 GC heap before
{Heap before GC invocations=89 (full 0):
 PSYoungGen      total 66560K, used 66176K [0x000000076b800000, 0x0000000784400000, 0x00000007c0000000)
  eden space 66048K, 100% used [0x000000076b800000,0x000000076f880000,0x000000076f880000)
  from space 512K, 25% used [0x0000000784380000,0x00000007843a0000,0x0000000784400000)
  to   space 512K, 0% used [0x0000000784300000,0x0000000784300000,0x0000000784380000)
 ParOldGen       total 173568K, used 1422K [0x00000006c2800000, 0x00000006cd180000, 0x000000076b800000)
  object space 173568K, 0% used [0x00000006c2800000,0x00000006c2963a60,0x00000006cd180000)
 Metaspace       used 8105K, capacity 8646K, committed 8960K, reserved 1056768K
  class space    used 646K, capacity 690K, committed 768K, reserved 1048576K
Event: 11.098 GC heap after
Heap after GC invocations=89 (full 0):
 PSYoungGen      total 65024K, used 128K [0x000000076b800000, 0x0000000784400000, 0x00000007c0000000)
  eden space 64512K, 0% used [0x000000076b800000,0x000000076b800000,0x000000076f700000)
  from space 512K, 25% used [0x0000000784300000,0x0000000784320000,0x0000000784380000)
  to   space 512K, 0% used [0x0000000784380000,0x0000000784380000,0x0000000784400000)
 ParOldGen       total 173568K, used 1422K [0x00000006c2800000, 0x00000006cd180000, 0x000000076b800000)
  object space 173568K, 0% used [0x00000006c2800000,0x00000006c2963a60,0x00000006cd180000)
 Metaspace       used 8105K, capacity 8646K, committed 8960K, reserved 1056768K
  class space    used 646K, capacity 690K, committed 768K, reserved 1048576K
}

