# JRE version: Java(TM) SE Runtime Environment (8.0_65-b17) (build 1.8.0_65-b17)
# Java VM: Java HotSpot(TM) 64-Bit Server VM (25.65-b01 mixed mode windows-amd64 compressed oops)
Heap:
 PSYoungGen      total 1059840K, used 657107K [0x000000076b800000, 0x00000007aca80000, 0x00000007c0000000)
  eden space 1052160K, 62% used [0x000000076b800000,0x000000079397cfd8,0x00000007abb80000)
  from space 7680K, 2% used [0x00000007ac300000,0x00000007ac338000,0x00000007aca80000)
  to   space 7680K, 0% used [0x00000007abb80000,0x00000007abb80000,0x00000007ac300000)
 ParOldGen       total 173568K, used 15584K [0x00000006c2800000, 0x00000006cd180000, 0x000000076b800000)
  object space 173568K, 8% used [0x00000006c2800000,0x00000006c3738230,0x00000006cd180000)
 Metaspace       used 8379K, capacity 8774K, committed 8960K, reserved 1056768K
  class space    used 661K, capacity 690K, committed 768K, reserved 1048576K
GC Heap History (10 events):
Event: 1.207 GC heap before
{Heap before GC invocations=10 (full 0):
 PSYoungGen      total 261120K, used 261092K [0x000000076b800000, 0x0000000785500000, 0x00000007c0000000)
  eden space 259072K, 100% used [0x000000076b800000,0x000000077b500000,0x000000077b500000)
  from space 2048K, 98% used [0x000000077b500000,0x000000077b6f93b0,0x000000077b700000)
  to   space 4096K, 0% used [0x0000000785100000,0x0000000785100000,0x0000000785500000)
 ParOldGen       total 173568K, used 5028K [0x00000006c2800000, 0x00000006cd180000, 0x000000076b800000)
  object space 173568K, 2% used [0x00000006c2800000,0x00000006c2ce9220,0x00000006cd180000)
 Metaspace       used 8232K, capacity 8646K, committed 8960K, reserved 1056768K
  class space    used 655K, capacity 690K, committed 768K, reserved 1048576K
Event: 1.217 GC heap after
Heap after GC invocations=10 (full 0):
 PSYoungGen      total 414720K, used 4065K [0x000000076b800000, 0x0000000785d00000, 0x00000007c0000000)
  eden space 410624K, 0% used [0x000000076b800000,0x000000076b800000,0x0000000784900000)
  from space 4096K, 99% used [0x0000000785100000,0x00000007854f8710,0x0000000785500000)
  to   space 8192K, 0% used [0x0000000784900000,0x0000000784900000,0x0000000785100000)
 ParOldGen       total 173568K, used 14320K [0x00000006c2800000, 0x00000006cd180000, 0x000000076b800000)
  object space 173568K, 8% used [0x00000006c2800000,0x00000006c35fc230,0x00000006cd180000)
 Metaspace       used 8232K, capacity 8646K, committed 8960K, reserved 1056768K
  class space    used 655K, capacity 690K, committed 768K, reserved 1048576K
}
Event: 1.525 GC heap before
{Heap before GC invocations=11 (full 0):
 PSYoungGen      total 414720K, used 414689K [0x000000076b800000, 0x0000000785d00000, 0x00000007c0000000)
  eden space 410624K, 100% used [0x000000076b800000,0x0000000784900000,0x0000000784900000)
  from space 4096K, 99% used [0x0000000785100000,0x00000007854f8710,0x0000000785500000)
  to   space 8192K, 0% used [0x0000000784900000,0x0000000784900000,0x0000000785100000)
 ParOldGen       total 173568K, used 14320K [0x00000006c2800000, 0x00000006cd180000, 0x000000076b800000)
  object space 173568K, 8% used [0x00000006c2800000,0x00000006c35fc230,0x00000006cd180000)
 Metaspace       used 8318K, capacity 8710K, committed 8960K, reserved 1056768K
  class space    used 661K, capacity 690K, committed 768K, reserved 1048576K
Event: 1.528 GC heap after
Heap after GC invocations=11 (full 0):
 PSYoungGen      total 418816K, used 256K [0x000000076b800000, 0x0000000794a00000, 0x00000007c0000000)
  eden space 410624K, 0% used [0x000000076b800000,0x000000076b800000,0x0000000784900000)
  from space 8192K, 3% used [0x0000000784900000,0x0000000784940000,0x0000000785100000)
  to   space 8192K, 0% used [0x0000000794200000,0x0000000794200000,0x0000000794a00000)
 ParOldGen       total 173568K, used 15512K [0x00000006c2800000, 0x00000006cd180000, 0x000000076b800000)
  object space 173568K, 8% used [0x00000006c2800000,0x00000006c3726230,0x00000006cd180000)
 Metaspace       used 8318K, capacity 8710K, committed 8960K, reserved 1056768K
  class space    used 661K, capacity 690K, committed 768K, reserved 1048576K
}
Event: 1.856 GC heap before
{Heap before GC invocations=12 (full 0):
 PSYoungGen      total 418816K, used 410880K [0x000000076b800000, 0x0000000794a00000, 0x00000007c0000000)
  eden space 410624K, 100% used [0x000000076b800000,0x0000000784900000,0x0000000784900000)
  from space 8192K, 3% used [0x0000000784900000,0x0000000784940000,0x0000000785100000)
  to   space 8192K, 0% used [0x0000000794200000,0x0000000794200000,0x0000000794a00000)
 ParOldGen       total 173568K, used 15512K [0x00000006c2800000, 0x00000006cd180000, 0x000000076b800000)
  object space 173568K, 8% used [0x00000006c2800000,0x00000006c3726230,0x00000006cd180000)
 Metaspace       used 8347K, capacity 8710K, committed 8960K, reserved 1056768K
  class space    used 661K, capacity 690K, committed 768K, reserved 1048576K
Event: 1.856 GC heap after
Heap after GC invocations=12 (full 0):
 PSYoungGen      total 664576K, used 224K [0x000000076b800000, 0x0000000794900000, 0x00000007c0000000)
  eden space 657408K, 0% used [0x000000076b800000,0x000000076b800000,0x0000000793a00000)
  from space 7168K, 3% used [0x0000000794200000,0x0000000794238000,0x0000000794900000)
  to   space 7680K, 0% used [0x0000000793a00000,0x0000000793a00000,0x0000000794180000)
 ParOldGen       total 173568K, used 15576K [0x00000006c2800000, 0x00000006cd180000, 0x000000076b800000)
  object space 173568K, 8% used [0x00000006c2800000,0x00000006c3736230,0x00000006cd180000)
 Metaspace       used 8347K, capacity 8710K, committed 8960K, reserved 1056768K
  class space    used 661K, capacity 690K, committed 768K, reserved 1048576K
}
Event: 2.372 GC heap before
{Heap before GC invocations=13 (full 0):
 PSYoungGen      total 664576K, used 657632K [0x000000076b800000, 0x0000000794900000, 0x00000007c0000000)
  eden space 657408K, 100% used [0x000000076b800000,0x0000000793a00000,0x0000000793a00000)
  from space 7168K, 3% used [0x0000000794200000,0x0000000794238000,0x0000000794900000)
  to   space 7680K, 0% used [0x0000000793a00000,0x0000000793a00000,0x0000000794180000)
 ParOldGen       total 173568K, used 15576K [0x00000006c2800000, 0x00000006cd180000, 0x000000076b800000)
  object space 173568K, 8% used [0x00000006c2800000,0x00000006c3736230,0x00000006cd180000)
 Metaspace       used 8359K, capacity 8774K, committed 8960K, reserved 1056768K
  class space    used 661K, capacity 690K, committed 768K, reserved 1048576K
Event: 2.373 GC heap after
Heap after GC invocations=13 (full 0):
 PSYoungGen      total 665088K, used 224K [0x000000076b800000, 0x00000007aca80000, 0x00000007c0000000)
  eden space 657408K, 0% used [0x000000076b800000,0x000000076b800000,0x0000000793a00000)
  from space 7680K, 2% used [0x0000000793a00000,0x0000000793a38000,0x0000000794180000)
  to   space 7680K, 0% used [0x00000007ac300000,0x00000007ac300000,0x00000007aca80000)
 ParOldGen       total 173568K, used 15584K [0x00000006c2800000, 0x00000006cd180000, 0x000000076b800000)
  object space 173568K, 8% used [0x00000006c2800000,0x00000006c3738230,0x00000006cd180000)
 Metaspace       used 8359K, capacity 8774K, committed 8960K, reserved 1056768K
  class space    used 661K, capacity 690K, committed 768K, reserved 1048576K
}
Event: 2.877 GC heap before
{Heap before GC invocations=14 (full 0):
 PSYoungGen      total 665088K, used 657632K [0x000000076b800000, 0x00000007aca80000, 0x00000007c0000000)
  eden space 657408K, 100% used [0x000000076b800000,0x0000000793a00000,0x0000000793a00000)
  from space 7680K, 2% used [0x0000000793a00000,0x0000000793a38000,0x0000000794180000)
  to   space 7680K, 0% used [0x00000007ac300000,0x00000007ac300000,0x00000007aca80000)
 ParOldGen       total 173568K, used 15584K [0x00000006c2800000, 0x00000006cd180000, 0x000000076b800000)
  object space 173568K, 8% used [0x00000006c2800000,0x00000006c3738230,0x00000006cd180000)
 Metaspace       used 8366K, capacity 8774K, committed 8960K, reserved 1056768K
  class space    used 661K, capacity 690K, committed 768K, reserved 1048576K
Event: 2.877 GC heap after
Heap after GC invocations=14 (full 0):
 PSYoungGen      total 1059840K, used 224K [0x000000076b800000, 0x00000007aca80000, 0x00000007c0000000)
  eden space 1052160K, 0% used [0x000000076b800000,0x000000076b800000,0x00000007abb80000)
  from space 7680K, 2% used [0x00000007ac300000,0x00000007ac338000,0x00000007aca80000)
  to   space 7680K, 0% used [0x00000007abb80000,0x00000007abb80000,0x00000007ac300000)
 ParOldGen       total 173568K, used 15584K [0x00000006c2800000, 0x00000006cd180000, 0x000000076b800000)
  object space 173568K, 8% used [0x00000006c2800000,0x00000006c3738230,0x00000006cd180000)
 Metaspace       used 8366K, capacity 8774K, committed 8960K, reserved 1056768K
  class space    used 661K, capacity 690K, committed 768K, reserved 1048576K
}

