# JRE version: Java(TM) SE Runtime Environment (8.0_65-b17) (build 1.8.0_65-b17)
# Java VM: Java HotSpot(TM) 64-Bit Server VM (25.65-b01 mixed mode windows-amd64 compressed oops)
Heap:
 PSYoungGen      total 244224K, used 229479K [0x000000076b800000, 0x00000007b9680000, 0x00000007c0000000)
  eden space 242176K, 94% used [0x000000076b800000,0x00000007797e1d70,0x000000077a480000)
  from space 2048K, 10% used [0x00000007b9280000,0x00000007b92b8000,0x00000007b9480000)
  to   space 1536K, 0% used [0x00000007b9500000,0x00000007b9500000,0x00000007b9680000)
 ParOldGen       total 173568K, used 13623K [0x00000006c2800000, 0x00000006cd180000, 0x000000076b800000)
  object space 173568K, 7% used [0x00000006c2800000,0x00000006c354dff0,0x00000006cd180000)
 Metaspace       used 8349K, capacity 8710K, committed 8960K, reserved 1056768K
  class space    used 660K, capacity 690K, committed 768K, reserved 1048576K
GC Heap History (10 events):
Event: 13.172 GC heap before
{Heap before GC invocations=35 (full 0):
 PSYoungGen      total 296448K, used 296160K [0x000000076b800000, 0x00000007b9980000, 0x00000007c0000000)
  eden space 295936K, 100% used [0x000000076b800000,0x000000077d900000,0x000000077d900000)
  from space 512K, 43% used [0x00000007b9900000,0x00000007b9938000,0x00000007b9980000)
  to   space 2560K, 0% used [0x00000007b9480000,0x00000007b9480000,0x00000007b9700000)
 ParOldGen       total 173568K, used 13623K [0x00000006c2800000, 0x00000006cd180000, 0x000000076b800000)
  object space 173568K, 7% used [0x00000006c2800000,0x00000006c354dff0,0x00000006cd180000)
 Metaspace       used 8349K, capacity 8710K, committed 8960K, reserved 1056768K
  class space    used 660K, capacity 690K, committed 768K, reserved 1048576K
Event: 13.172 GC heap after
Heap after GC invocations=35 (full 0):
 PSYoungGen      total 286720K, used 192K [0x000000076b800000, 0x00000007b9980000, 0x00000007c0000000)
  eden space 284160K, 0% used [0x000000076b800000,0x000000076b800000,0x000000077cd80000)
  from space 2560K, 7% used [0x00000007b9480000,0x00000007b94b0000,0x00000007b9700000)
  to   space 2048K, 0% used [0x00000007b9780000,0x00000007b9780000,0x00000007b9980000)
 ParOldGen       total 173568K, used 13623K [0x00000006c2800000, 0x00000006cd180000, 0x000000076b800000)
  object space 173568K, 7% used [0x00000006c2800000,0x00000006c354dff0,0x00000006cd180000)
 Metaspace       used 8349K, capacity 8710K, committed 8960K, reserved 1056768K
  class space    used 660K, capacity 690K, committed 768K, reserved 1048576K
}
Event: 13.459 GC heap before
{Heap before GC invocations=36 (full 0):
 PSYoungGen      total 286720K, used 284352K [0x000000076b800000, 0x00000007b9980000, 0x00000007c0000000)
  eden space 284160K, 100% used [0x000000076b800000,0x000000077cd80000,0x000000077cd80000)
  from space 2560K, 7% used [0x00000007b9480000,0x00000007b94b0000,0x00000007b9700000)
  to   space 2048K, 0% used [0x00000007b9780000,0x00000007b9780000,0x00000007b9980000)
 ParOldGen       total 173568K, used 13623K [0x00000006c2800000, 0x00000006cd180000, 0x000000076b800000)
  object space 173568K, 7% used [0x00000006c2800000,0x00000006c354dff0,0x00000006cd180000)
 Metaspace       used 8349K, capacity 8710K, committed 8960K, reserved 1056768K
  class space    used 660K, capacity 690K, committed 768K, reserved 1048576K
Event: 13.460 GC heap after
Heap after GC invocations=36 (full 0):
 PSYoungGen      total 273408K, used 224K [0x000000076b800000, 0x00000007b9800000, 0x00000007c0000000)
  eden space 272896K, 0% used [0x000000076b800000,0x000000076b800000,0x000000077c280000)
  from space 512K, 43% used [0x00000007b9780000,0x00000007b97b8000,0x00000007b9800000)
  to   space 2048K, 0% used [0x00000007b9400000,0x00000007b9400000,0x00000007b9600000)
 ParOldGen       total 173568K, used 13623K [0x00000006c2800000, 0x00000006cd180000, 0x000000076b800000)
  object space 173568K, 7% used [0x00000006c2800000,0x00000006c354dff0,0x00000006cd180000)
 Metaspace       used 8349K, capacity 8710K, committed 8960K, reserved 1056768K
  class space    used 660K, capacity 690K, committed 768K, reserved 1048576K
}
Event: 13.675 GC heap before
{Heap before GC invocations=37 (full 0):
 PSYoungGen      total 273408K, used 273120K [0x000000076b800000, 0x00000007b9800000, 0x00000007c0000000)
  eden space 272896K, 100% used [0x000000076b800000,0x000000077c280000,0x000000077c280000)
  from space 512K, 43% used [0x00000007b9780000,0x00000007b97b8000,0x00000007b9800000)
  to   space 2048K, 0% used [0x00000007b9400000,0x00000007b9400000,0x00000007b9600000)
 ParOldGen       total 173568K, used 13623K [0x00000006c2800000, 0x00000006cd180000, 0x000000076b800000)
  object space 173568K, 7% used [0x00000006c2800000,0x00000006c354dff0,0x00000006cd180000)
 Metaspace       used 8349K, capacity 8710K, committed 8960K, reserved 1056768K
  class space    used 660K, capacity 690K, committed 768K, reserved 1048576K
Event: 13.675 GC heap after
Heap after GC invocations=37 (full 0):
 PSYoungGen      total 264192K, used 192K [0x000000076b800000, 0x00000007b9800000, 0x00000007c0000000)
  eden space 262144K, 0% used [0x000000076b800000,0x000000076b800000,0x000000077b800000)
  from space 2048K, 9% used [0x00000007b9400000,0x00000007b9430000,0x00000007b9600000)
  to   space 2048K, 0% used [0x00000007b9600000,0x00000007b9600000,0x00000007b9800000)
 ParOldGen       total 173568K, used 13623K [0x00000006c2800000, 0x00000006cd180000, 0x000000076b800000)
  object space 173568K, 7% used [0x00000006c2800000,0x00000006c354dff0,0x00000006cd180000)
 Metaspace       used 8349K, capacity 8710K, committed 8960K, reserved 1056768K
  class space    used 660K, capacity 690K, committed 768K, reserved 1048576K
}
Event: 13.926 GC heap before
{Heap before GC invocations=38 (full 0):
 PSYoungGen      total 264192K, used 262336K [0x000000076b800000, 0x00000007b9800000, 0x00000007c0000000)
  eden space 262144K, 100% used [0x000000076b800000,0x000000077b800000,0x000000077b800000)
  from space 2048K, 9% used [0x00000007b9400000,0x00000007b9430000,0x00000007b9600000)
  to   space 2048K, 0% used [0x00000007b9600000,0x00000007b9600000,0x00000007b9800000)
 ParOldGen       total 173568K, used 13623K [0x00000006c2800000, 0x00000006cd180000, 0x000000076b800000)
  object space 173568K, 7% used [0x00000006c2800000,0x00000006c354dff0,0x00000006cd180000)
 Metaspace       used 8349K, capacity 8710K, committed 8960K, reserved 1056768K
  class space    used 660K, capacity 690K, committed 768K, reserved 1048576K
Event: 13.927 GC heap after
Heap after GC invocations=38 (full 0):
 PSYoungGen      total 252416K, used 224K [0x000000076b800000, 0x00000007b9680000, 0x00000007c0000000)
  eden space 251904K, 0% used [0x000000076b800000,0x000000076b800000,0x000000077ae00000)
  from space 512K, 43% used [0x00000007b9600000,0x00000007b9638000,0x00000007b9680000)
  to   space 2048K, 0% used [0x00000007b9280000,0x00000007b9280000,0x00000007b9480000)
 ParOldGen       total 173568K, used 13623K [0x00000006c2800000, 0x00000006cd180000, 0x000000076b800000)
  object space 173568K, 7% used [0x00000006c2800000,0x00000006c354dff0,0x00000006cd180000)
 Metaspace       used 8349K, capacity 8710K, committed 8960K, reserved 1056768K
  class space    used 660K, capacity 690K, committed 768K, reserved 1048576K
}
Event: 14.140 GC heap before
{Heap before GC invocations=39 (full 0):
 PSYoungGen      total 252416K, used 252128K [0x000000076b800000, 0x00000007b9680000, 0x00000007c0000000)
  eden space 251904K, 100% used [0x000000076b800000,0x000000077ae00000,0x000000077ae00000)
  from space 512K, 43% used [0x00000007b9600000,0x00000007b9638000,0x00000007b9680000)
  to   space 2048K, 0% used [0x00000007b9280000,0x00000007b9280000,0x00000007b9480000)
 ParOldGen       total 173568K, used 13623K [0x00000006c2800000, 0x00000006cd180000, 0x000000076b800000)
  object space 173568K, 7% used [0x00000006c2800000,0x00000006c354dff0,0x00000006cd180000)
 Metaspace       used 8349K, capacity 8710K, committed 8960K, reserved 1056768K
  class space    used 660K, capacity 690K, committed 768K, reserved 1048576K
Event: 14.141 GC heap after
Heap after GC invocations=39 (full 0):
 PSYoungGen      total 244224K, used 224K [0x000000076b800000, 0x00000007b9680000, 0x00000007c0000000)
  eden space 242176K, 0% used [0x000000076b800000,0x000000076b800000,0x000000077a480000)
  from space 2048K, 10% used [0x00000007b9280000,0x00000007b92b8000,0x00000007b9480000)
  to   space 1536K, 0% used [0x00000007b9500000,0x00000007b9500000,0x00000007b9680000)
 ParOldGen       total 173568K, used 13623K [0x00000006c2800000, 0x00000006cd180000, 0x000000076b800000)
  object space 173568K, 7% used [0x00000006c2800000,0x00000006c354dff0,0x00000006cd180000)
 Metaspace       used 8349K, capacity 8710K, committed 8960K, reserved 1056768K
  class space    used 660K, capacity 690K, committed 768K, reserved 1048576K
}

