# JRE version: Java(TM) SE Runtime Environment (8.0_65-b17) (build 1.8.0_65-b17)
# Java VM: Java HotSpot(TM) 64-Bit Server VM (25.65-b01 mixed mode windows-amd64 compressed oops)
Heap:
 PSYoungGen      total 123392K, used 114720K [0x000000076b800000, 0x000000077ac80000, 0x00000007c0000000)
  eden space 122368K, 93% used [0x000000076b800000,0x00000007727f0150,0x0000000772f80000)
  from space 1024K, 9% used [0x000000077aa80000,0x000000077aa98000,0x000000077ab80000)
  to   space 1024K, 0% used [0x000000077ab80000,0x000000077ab80000,0x000000077ac80000)
 ParOldGen       total 173568K, used 1332K [0x00000006c2800000, 0x00000006cd180000, 0x000000076b800000)
  object space 173568K, 0% used [0x00000006c2800000,0x00000006c294d030,0x00000006cd180000)
 Metaspace       used 7954K, capacity 8550K, committed 8704K, reserved 1056768K
  class space    used 642K, capacity 658K, committed 768K, reserved 1048576K
GC Heap History (10 events):
Event: 3.626 GC heap before
{Heap before GC invocations=25 (full 0):
 PSYoungGen      total 144384K, used 143936K [0x000000076b800000, 0x000000077ae80000, 0x00000007c0000000)
  eden space 143872K, 100% used [0x000000076b800000,0x0000000774480000,0x0000000774480000)
  from space 512K, 12% used [0x000000077ae00000,0x000000077ae10000,0x000000077ae80000)
  to   space 1536K, 0% used [0x000000077ab80000,0x000000077ab80000,0x000000077ad00000)
 ParOldGen       total 173568K, used 1332K [0x00000006c2800000, 0x00000006cd180000, 0x000000076b800000)
  object space 173568K, 0% used [0x00000006c2800000,0x00000006c294d030,0x00000006cd180000)
 Metaspace       used 7953K, capacity 8550K, committed 8704K, reserved 1056768K
  class space    used 642K, capacity 658K, committed 768K, reserved 1048576K
Event: 3.627 GC heap after
Heap after GC invocations=25 (full 0):
 PSYoungGen      total 140800K, used 96K [0x000000076b800000, 0x000000077ae80000, 0x00000007c0000000)
  eden space 139264K, 0% used [0x000000076b800000,0x000000076b800000,0x0000000774000000)
  from space 1536K, 6% used [0x000000077ab80000,0x000000077ab98000,0x000000077ad00000)
  to   space 1536K, 0% used [0x000000077ad00000,0x000000077ad00000,0x000000077ae80000)
 ParOldGen       total 173568K, used 1332K [0x00000006c2800000, 0x00000006cd180000, 0x000000076b800000)
  object space 173568K, 0% used [0x00000006c2800000,0x00000006c294d030,0x00000006cd180000)
 Metaspace       used 7953K, capacity 8550K, committed 8704K, reserved 1056768K
  class space    used 642K, capacity 658K, committed 768K, reserved 1048576K
}
Event: 3.741 GC heap before
{Heap before GC invocations=26 (full 0):
 PSYoungGen      total 140800K, used 139360K [0x000000076b800000, 0x000000077ae80000, 0x00000007c0000000)
  eden space 139264K, 100% used [0x000000076b800000,0x0000000774000000,0x0000000774000000)
  from space 1536K, 6% used [0x000000077ab80000,0x000000077ab98000,0x000000077ad00000)
  to   space 1536K, 0% used [0x000000077ad00000,0x000000077ad00000,0x000000077ae80000)
 ParOldGen       total 173568K, used 1332K [0x00000006c2800000, 0x00000006cd180000, 0x000000076b800000)
  object space 173568K, 0% used [0x00000006c2800000,0x00000006c294d030,0x00000006cd180000)
 Metaspace       used 7953K, capacity 8550K, committed 8704K, reserved 1056768K
  class space    used 642K, capacity 658K, committed 768K, reserved 1048576K
Event: 3.742 GC heap after
Heap after GC invocations=26 (full 0):
 PSYoungGen      total 135168K, used 64K [0x000000076b800000, 0x000000077ad80000, 0x00000007c0000000)
  eden space 134656K, 0% used [0x000000076b800000,0x000000076b800000,0x0000000773b80000)
  from space 512K, 12% used [0x000000077ad00000,0x000000077ad10000,0x000000077ad80000)
  to   space 1536K, 0% used [0x000000077aa80000,0x000000077aa80000,0x000000077ac00000)
 ParOldGen       total 173568K, used 1332K [0x00000006c2800000, 0x00000006cd180000, 0x000000076b800000)
  object space 173568K, 0% used [0x00000006c2800000,0x00000006c294d030,0x00000006cd180000)
 Metaspace       used 7953K, capacity 8550K, committed 8704K, reserved 1056768K
  class space    used 642K, capacity 658K, committed 768K, reserved 1048576K
}
Event: 3.855 GC heap before
{Heap before GC invocations=27 (full 0):
 PSYoungGen      total 135168K, used 134720K [0x000000076b800000, 0x000000077ad80000, 0x00000007c0000000)
  eden space 134656K, 100% used [0x000000076b800000,0x0000000773b80000,0x0000000773b80000)
  from space 512K, 12% used [0x000000077ad00000,0x000000077ad10000,0x000000077ad80000)
  to   space 1536K, 0% used [0x000000077aa80000,0x000000077aa80000,0x000000077ac00000)
 ParOldGen       total 173568K, used 1332K [0x00000006c2800000, 0x00000006cd180000, 0x000000076b800000)
  object space 173568K, 0% used [0x00000006c2800000,0x00000006c294d030,0x00000006cd180000)
 Metaspace       used 7953K, capacity 8550K, committed 8704K, reserved 1056768K
  class space    used 642K, capacity 658K, committed 768K, reserved 1048576K
Event: 3.855 GC heap after
Heap after GC invocations=27 (full 0):
 PSYoungGen      total 132096K, used 32K [0x000000076b800000, 0x000000077ad80000, 0x00000007c0000000)
  eden space 130560K, 0% used [0x000000076b800000,0x000000076b800000,0x0000000773780000)
  from space 1536K, 2% used [0x000000077aa80000,0x000000077aa88000,0x000000077ac00000)
  to   space 1536K, 0% used [0x000000077ac00000,0x000000077ac00000,0x000000077ad80000)
 ParOldGen       total 173568K, used 1332K [0x00000006c2800000, 0x00000006cd180000, 0x000000076b800000)
  object space 173568K, 0% used [0x00000006c2800000,0x00000006c294d030,0x00000006cd180000)
 Metaspace       used 7953K, capacity 8550K, committed 8704K, reserved 1056768K
  class space    used 642K, capacity 658K, committed 768K, reserved 1048576K
}
Event: 3.985 GC heap before
{Heap before GC invocations=28 (full 0):
 PSYoungGen      total 132096K, used 130592K [0x000000076b800000, 0x000000077ad80000, 0x00000007c0000000)
  eden space 130560K, 100% used [0x000000076b800000,0x0000000773780000,0x0000000773780000)
  from space 1536K, 2% used [0x000000077aa80000,0x000000077aa88000,0x000000077ac00000)
  to   space 1536K, 0% used [0x000000077ac00000,0x000000077ac00000,0x000000077ad80000)
 ParOldGen       total 173568K, used 1332K [0x00000006c2800000, 0x00000006cd180000, 0x000000076b800000)
  object space 173568K, 0% used [0x00000006c2800000,0x00000006c294d030,0x00000006cd180000)
 Metaspace       used 7953K, capacity 8550K, committed 8704K, reserved 1056768K
  class space    used 642K, capacity 658K, committed 768K, reserved 1048576K
Event: 3.985 GC heap after
Heap after GC invocations=28 (full 0):
 PSYoungGen      total 126976K, used 96K [0x000000076b800000, 0x000000077ac80000, 0x00000007c0000000)
  eden space 126464K, 0% used [0x000000076b800000,0x000000076b800000,0x0000000773380000)
  from space 512K, 18% used [0x000000077ac00000,0x000000077ac18000,0x000000077ac80000)
  to   space 1024K, 0% used [0x000000077aa80000,0x000000077aa80000,0x000000077ab80000)
 ParOldGen       total 173568K, used 1332K [0x00000006c2800000, 0x00000006cd180000, 0x000000076b800000)
  object space 173568K, 0% used [0x00000006c2800000,0x00000006c294d030,0x00000006cd180000)
 Metaspace       used 7953K, capacity 8550K, committed 8704K, reserved 1056768K
  class space    used 642K, capacity 658K, committed 768K, reserved 1048576K
}
Event: 4.116 GC heap before
{Heap before GC invocations=29 (full 0):
 PSYoungGen      total 126976K, used 126560K [0x000000076b800000, 0x000000077ac80000, 0x00000007c0000000)
  eden space 126464K, 100% used [0x000000076b800000,0x0000000773380000,0x0000000773380000)
  from space 512K, 18% used [0x000000077ac00000,0x000000077ac18000,0x000000077ac80000)
  to   space 1024K, 0% used [0x000000077aa80000,0x000000077aa80000,0x000000077ab80000)
 ParOldGen       total 173568K, used 1332K [0x00000006c2800000, 0x00000006cd180000, 0x000000076b800000)
  object space 173568K, 0% used [0x00000006c2800000,0x00000006c294d030,0x00000006cd180000)
 Metaspace       used 7954K, capacity 8550K, committed 8704K, reserved 1056768K
  class space    used 642K, capacity 658K, committed 768K, reserved 1048576K
Event: 4.117 GC heap after
Heap after GC invocations=29 (full 0):
 PSYoungGen      total 123392K, used 96K [0x000000076b800000, 0x000000077ac80000, 0x00000007c0000000)
  eden space 122368K, 0% used [0x000000076b800000,0x000000076b800000,0x0000000772f80000)
  from space 1024K, 9% used [0x000000077aa80000,0x000000077aa98000,0x000000077ab80000)
  to   space 1024K, 0% used [0x000000077ab80000,0x000000077ab80000,0x000000077ac80000)
 ParOldGen       total 173568K, used 1332K [0x00000006c2800000, 0x00000006cd180000, 0x000000076b800000)
  object space 173568K, 0% used [0x00000006c2800000,0x00000006c294d030,0x00000006cd180000)
 Metaspace       used 7954K, capacity 8550K, committed 8704K, reserved 1056768K
  class space    used 642K, capacity 658K, committed 768K, reserved 1048576K
}

