# JRE version: Java(TM) SE Runtime Environment (8.0_65-b17) (build 1.8.0_65-b17)
# Java VM: Java HotSpot(TM) 64-Bit Server VM (25.65-b01 mixed mode windows-amd64 compressed oops)
Heap:
 PSYoungGen      total 51200K, used 14650K [0x000000076b800000, 0x0000000784080000, 0x00000007c0000000)
  eden space 50688K, 28% used [0x000000076b800000,0x000000076c63eae0,0x000000076e980000)
  from space 512K, 12% used [0x0000000784000000,0x0000000784010000,0x0000000784080000)
  to   space 512K, 0% used [0x0000000783f80000,0x0000000783f80000,0x0000000784000000)
 ParOldGen       total 173568K, used 1580K [0x00000006c2800000, 0x00000006cd180000, 0x000000076b800000)
  object space 173568K, 0% used [0x00000006c2800000,0x00000006c298b2b0,0x00000006cd180000)
 Metaspace       used 8095K, capacity 8646K, committed 8960K, reserved 1056768K
  class space    used 646K, capacity 690K, committed 768K, reserved 1048576K
GC Heap History (10 events):
Event: 10.344 GC heap before
{Heap before GC invocations=124 (full 0):
 PSYoungGen      total 45056K, used 44704K [0x000000076b800000, 0x0000000784080000, 0x00000007c0000000)
  eden space 44544K, 100% used [0x000000076b800000,0x000000076e380000,0x000000076e380000)
  from space 512K, 31% used [0x0000000783f80000,0x0000000783fa8000,0x0000000784000000)
  to   space 512K, 0% used [0x0000000784000000,0x0000000784000000,0x0000000784080000)
 ParOldGen       total 173568K, used 1516K [0x00000006c2800000, 0x00000006cd180000, 0x000000076b800000)
  object space 173568K, 0% used [0x00000006c2800000,0x00000006c297b2b0,0x00000006cd180000)
 Metaspace       used 8095K, capacity 8646K, committed 8960K, reserved 1056768K
  class space    used 646K, capacity 690K, committed 768K, reserved 1048576K
Event: 10.344 GC heap after
Heap after GC invocations=124 (full 0):
 PSYoungGen      total 44544K, used 160K [0x000000076b800000, 0x0000000784080000, 0x00000007c0000000)
  eden space 44032K, 0% used [0x000000076b800000,0x000000076b800000,0x000000076e300000)
  from space 512K, 31% used [0x0000000784000000,0x0000000784028000,0x0000000784080000)
  to   space 512K, 0% used [0x0000000783f80000,0x0000000783f80000,0x0000000784000000)
 ParOldGen       total 173568K, used 1516K [0x00000006c2800000, 0x00000006cd180000, 0x000000076b800000)
  object space 173568K, 0% used [0x00000006c2800000,0x00000006c297b2b0,0x00000006cd180000)
 Metaspace       used 8095K, capacity 8646K, committed 8960K, reserved 1056768K
  class space    used 646K, capacity 690K, committed 768K, reserved 1048576K
}
Event: 10.390 GC heap before
{Heap before GC invocations=125 (full 0):
 PSYoungGen      total 44544K, used 44192K [0x000000076b800000, 0x0000000784080000, 0x00000007c0000000)
  eden space 44032K, 100% used [0x000000076b800000,0x000000076e300000,0x000000076e300000)
  from space 512K, 31% used [0x0000000784000000,0x0000000784028000,0x0000000784080000)
  to   space 512K, 0% used [0x0000000783f80000,0x0000000783f80000,0x0000000784000000)
 ParOldGen       total 173568K, used 1516K [0x00000006c2800000, 0x00000006cd180000, 0x000000076b800000)
  object space 173568K, 0% used [0x00000006c2800000,0x00000006c297b2b0,0x00000006cd180000)
 Metaspace       used 8095K, capacity 8646K, committed 8960K, reserved 1056768K
  class space    used 646K, capacity 690K, committed 768K, reserved 1048576K
Event: 10.391 GC heap after
Heap after GC invocations=125 (full 0):
 PSYoungGen      total 44032K, used 160K [0x000000076b800000, 0x0000000784080000, 0x00000007c0000000)
  eden space 43520K, 0% used [0x000000076b800000,0x000000076b800000,0x000000076e280000)
  from space 512K, 31% used [0x0000000783f80000,0x0000000783fa8000,0x0000000784000000)
  to   space 512K, 0% used [0x0000000784000000,0x0000000784000000,0x0000000784080000)
 ParOldGen       total 173568K, used 1516K [0x00000006c2800000, 0x00000006cd180000, 0x000000076b800000)
  object space 173568K, 0% used [0x00000006c2800000,0x00000006c297b2b0,0x00000006cd180000)
 Metaspace       used 8095K, capacity 8646K, committed 8960K, reserved 1056768K
  class space    used 646K, capacity 690K, committed 768K, reserved 1048576K
}
Event: 10.438 GC heap before
{Heap before GC invocations=126 (full 0):
 PSYoungGen      total 44032K, used 43680K [0x000000076b800000, 0x0000000784080000, 0x00000007c0000000)
  eden space 43520K, 100% used [0x000000076b800000,0x000000076e280000,0x000000076e280000)
  from space 512K, 31% used [0x0000000783f80000,0x0000000783fa8000,0x0000000784000000)
  to   space 512K, 0% used [0x0000000784000000,0x0000000784000000,0x0000000784080000)
 ParOldGen       total 173568K, used 1516K [0x00000006c2800000, 0x00000006cd180000, 0x000000076b800000)
  object space 173568K, 0% used [0x00000006c2800000,0x00000006c297b2b0,0x00000006cd180000)
 Metaspace       used 8095K, capacity 8646K, committed 8960K, reserved 1056768K
  class space    used 646K, capacity 690K, committed 768K, reserved 1048576K
Event: 10.439 GC heap after
Heap after GC invocations=126 (full 0):
 PSYoungGen      total 43520K, used 96K [0x000000076b800000, 0x0000000784080000, 0x00000007c0000000)
  eden space 43008K, 0% used [0x000000076b800000,0x000000076b800000,0x000000076e200000)
  from space 512K, 18% used [0x0000000784000000,0x0000000784018000,0x0000000784080000)
  to   space 512K, 0% used [0x0000000783f80000,0x0000000783f80000,0x0000000784000000)
 ParOldGen       total 173568K, used 1556K [0x00000006c2800000, 0x00000006cd180000, 0x000000076b800000)
  object space 173568K, 0% used [0x00000006c2800000,0x00000006c29852b0,0x00000006cd180000)
 Metaspace       used 8095K, capacity 8646K, committed 8960K, reserved 1056768K
  class space    used 646K, capacity 690K, committed 768K, reserved 1048576K
}
Event: 10.479 GC heap before
{Heap before GC invocations=127 (full 0):
 PSYoungGen      total 43520K, used 43104K [0x000000076b800000, 0x0000000784080000, 0x00000007c0000000)
  eden space 43008K, 100% used [0x000000076b800000,0x000000076e200000,0x000000076e200000)
  from space 512K, 18% used [0x0000000784000000,0x0000000784018000,0x0000000784080000)
  to   space 512K, 0% used [0x0000000783f80000,0x0000000783f80000,0x0000000784000000)
 ParOldGen       total 173568K, used 1556K [0x00000006c2800000, 0x00000006cd180000, 0x000000076b800000)
  object space 173568K, 0% used [0x00000006c2800000,0x00000006c29852b0,0x00000006cd180000)
 Metaspace       used 8095K, capacity 8646K, committed 8960K, reserved 1056768K
  class space    used 646K, capacity 690K, committed 768K, reserved 1048576K
Event: 10.480 GC heap after
Heap after GC invocations=127 (full 0):
 PSYoungGen      total 52224K, used 32K [0x000000076b800000, 0x0000000784080000, 0x00000007c0000000)
  eden space 51712K, 0% used [0x000000076b800000,0x000000076b800000,0x000000076ea80000)
  from space 512K, 6% used [0x0000000783f80000,0x0000000783f88000,0x0000000784000000)
  to   space 512K, 0% used [0x0000000784000000,0x0000000784000000,0x0000000784080000)
 ParOldGen       total 173568K, used 1580K [0x00000006c2800000, 0x00000006cd180000, 0x000000076b800000)
  object space 173568K, 0% used [0x00000006c2800000,0x00000006c298b2b0,0x00000006cd180000)
 Metaspace       used 8095K, capacity 8646K, committed 8960K, reserved 1056768K
  class space    used 646K, capacity 690K, committed 768K, reserved 1048576K
}
Event: 10.533 GC heap before
{Heap before GC invocations=128 (full 0):
 PSYoungGen      total 52224K, used 51744K [0x000000076b800000, 0x0000000784080000, 0x00000007c0000000)
  eden space 51712K, 100% used [0x000000076b800000,0x000000076ea80000,0x000000076ea80000)
  from space 512K, 6% used [0x0000000783f80000,0x0000000783f88000,0x0000000784000000)
  to   space 512K, 0% used [0x0000000784000000,0x0000000784000000,0x0000000784080000)
 ParOldGen       total 173568K, used 1580K [0x00000006c2800000, 0x00000006cd180000, 0x000000076b800000)
  object space 173568K, 0% used [0x00000006c2800000,0x00000006c298b2b0,0x00000006cd180000)
 Metaspace       used 8095K, capacity 8646K, committed 8960K, reserved 1056768K
  class space    used 646K, capacity 690K, committed 768K, reserved 1048576K
Event: 10.533 GC heap after
Heap after GC invocations=128 (full 0):
 PSYoungGen      total 51200K, used 64K [0x000000076b800000, 0x0000000784080000, 0x00000007c0000000)
  eden space 50688K, 0% used [0x000000076b800000,0x000000076b800000,0x000000076e980000)
  from space 512K, 12% used [0x0000000784000000,0x0000000784010000,0x0000000784080000)
  to   space 512K, 0% used [0x0000000783f80000,0x0000000783f80000,0x0000000784000000)
 ParOldGen       total 173568K, used 1580K [0x00000006c2800000, 0x00000006cd180000, 0x000000076b800000)
  object space 173568K, 0% used [0x00000006c2800000,0x00000006c298b2b0,0x00000006cd180000)
 Metaspace       used 8095K, capacity 8646K, committed 8960K, reserved 1056768K
  class space    used 646K, capacity 690K, committed 768K, reserved 1048576K
}

