# JRE version: Java(TM) SE Runtime Environment (8.0_65-b17) (build 1.8.0_65-b17)
# Java VM: Java HotSpot(TM) 64-Bit Server VM (25.65-b01 mixed mode windows-amd64 compressed oops)
Heap:
 PSYoungGen      total 873472K, used 713693K [0x000000076b800000, 0x00000007be900000, 0x00000007c0000000)
  eden space 862720K, 82% used [0x000000076b800000,0x00000007970bf7c8,0x00000007a0280000)
  from space 10752K, 2% used [0x00000007bd400000,0x00000007bd438000,0x00000007bde80000)
  to   space 10240K, 0% used [0x00000007bdf00000,0x00000007bdf00000,0x00000007be900000)
 ParOldGen       total 173568K, used 33590K [0x00000006c2800000, 0x00000006cd180000, 0x000000076b800000)
  object space 173568K, 19% used [0x00000006c2800000,0x00000006c48cd820,0x00000006cd180000)
 Metaspace       used 8341K, capacity 8710K, committed 8960K, reserved 1056768K
  class space    used 658K, capacity 690K, committed 768K, reserved 1048576K
GC Heap History (10 events):
Event: 3.566 GC heap before
{Heap before GC invocations=15 (full 0):
 PSYoungGen      total 1056256K, used 1044192K [0x000000076b800000, 0x00000007acc80000, 0x00000007c0000000)
  eden space 1043968K, 100% used [0x000000076b800000,0x00000007ab380000,0x00000007ab380000)
  from space 12288K, 1% used [0x00000007ac080000,0x00000007ac0b8000,0x00000007acc80000)
  to   space 12800K, 0% used [0x00000007ab380000,0x00000007ab380000,0x00000007ac000000)
 ParOldGen       total 173568K, used 33558K [0x00000006c2800000, 0x00000006cd180000, 0x000000076b800000)
  object space 173568K, 19% used [0x00000006c2800000,0x00000006c48c5820,0x00000006cd180000)
 Metaspace       used 8308K, capacity 8710K, committed 8960K, reserved 1056768K
  class space    used 658K, capacity 690K, committed 768K, reserved 1048576K
Event: 3.567 GC heap after
Heap after GC invocations=15 (full 0):
 PSYoungGen      total 1056768K, used 224K [0x000000076b800000, 0x00000007bff80000, 0x00000007c0000000)
  eden space 1043968K, 0% used [0x000000076b800000,0x000000076b800000,0x00000007ab380000)
  from space 12800K, 1% used [0x00000007ab380000,0x00000007ab3b8000,0x00000007ac000000)
  to   space 12288K, 0% used [0x00000007bf380000,0x00000007bf380000,0x00000007bff80000)
 ParOldGen       total 173568K, used 33590K [0x00000006c2800000, 0x00000006cd180000, 0x000000076b800000)
  object space 173568K, 19% used [0x00000006c2800000,0x00000006c48cd820,0x00000006cd180000)
 Metaspace       used 8308K, capacity 8710K, committed 8960K, reserved 1056768K
  class space    used 658K, capacity 690K, committed 768K, reserved 1048576K
}
Event: 4.379 GC heap before
{Heap before GC invocations=16 (full 0):
 PSYoungGen      total 1056768K, used 1044192K [0x000000076b800000, 0x00000007bff80000, 0x00000007c0000000)
  eden space 1043968K, 100% used [0x000000076b800000,0x00000007ab380000,0x00000007ab380000)
  from space 12800K, 1% used [0x00000007ab380000,0x00000007ab3b8000,0x00000007ac000000)
  to   space 12288K, 0% used [0x00000007bf380000,0x00000007bf380000,0x00000007bff80000)
 ParOldGen       total 173568K, used 33590K [0x00000006c2800000, 0x00000006cd180000, 0x000000076b800000)
  object space 173568K, 19% used [0x00000006c2800000,0x00000006c48cd820,0x00000006cd180000)
 Metaspace       used 8310K, capacity 8710K, committed 8960K, reserved 1056768K
  class space    used 658K, capacity 690K, committed 768K, reserved 1048576K
Event: 4.380 GC heap after
Heap after GC invocations=16 (full 0):
 PSYoungGen      total 995840K, used 160K [0x000000076b800000, 0x00000007bf400000, 0x00000007c0000000)
  eden space 995328K, 0% used [0x000000076b800000,0x000000076b800000,0x00000007a8400000)
  from space 512K, 31% used [0x00000007bf380000,0x00000007bf3a8000,0x00000007bf400000)
  to   space 12288K, 0% used [0x00000007bdc00000,0x00000007bdc00000,0x00000007be800000)
 ParOldGen       total 173568K, used 33590K [0x00000006c2800000, 0x00000006cd180000, 0x000000076b800000)
  object space 173568K, 19% used [0x00000006c2800000,0x00000006c48cd820,0x00000006cd180000)
 Metaspace       used 8310K, capacity 8710K, committed 8960K, reserved 1056768K
  class space    used 658K, capacity 690K, committed 768K, reserved 1048576K
}
Event: 5.133 GC heap before
{Heap before GC invocations=17 (full 0):
 PSYoungGen      total 995840K, used 995488K [0x000000076b800000, 0x00000007bf400000, 0x00000007c0000000)
  eden space 995328K, 100% used [0x000000076b800000,0x00000007a8400000,0x00000007a8400000)
  from space 512K, 31% used [0x00000007bf380000,0x00000007bf3a8000,0x00000007bf400000)
  to   space 12288K, 0% used [0x00000007bdc00000,0x00000007bdc00000,0x00000007be800000)
 ParOldGen       total 173568K, used 33590K [0x00000006c2800000, 0x00000006cd180000, 0x000000076b800000)
  object space 173568K, 19% used [0x00000006c2800000,0x00000006c48cd820,0x00000006cd180000)
 Metaspace       used 8319K, capacity 8710K, committed 8960K, reserved 1056768K
  class space    used 658K, capacity 690K, committed 768K, reserved 1048576K
Event: 5.134 GC heap after
Heap after GC invocations=17 (full 0):
 PSYoungGen      total 961024K, used 224K [0x000000076b800000, 0x00000007bf400000, 0x00000007c0000000)
  eden space 948736K, 0% used [0x000000076b800000,0x000000076b800000,0x00000007a5680000)
  from space 12288K, 1% used [0x00000007bdc00000,0x00000007bdc38000,0x00000007be800000)
  to   space 11776K, 0% used [0x00000007be880000,0x00000007be880000,0x00000007bf400000)
 ParOldGen       total 173568K, used 33590K [0x00000006c2800000, 0x00000006cd180000, 0x000000076b800000)
  object space 173568K, 19% used [0x00000006c2800000,0x00000006c48cd820,0x00000006cd180000)
 Metaspace       used 8319K, capacity 8710K, committed 8960K, reserved 1056768K
  class space    used 658K, capacity 690K, committed 768K, reserved 1048576K
}
Event: 5.923 GC heap before
{Heap before GC invocations=18 (full 0):
 PSYoungGen      total 961024K, used 948960K [0x000000076b800000, 0x00000007bf400000, 0x00000007c0000000)
  eden space 948736K, 100% used [0x000000076b800000,0x00000007a5680000,0x00000007a5680000)
  from space 12288K, 1% used [0x00000007bdc00000,0x00000007bdc38000,0x00000007be800000)
  to   space 11776K, 0% used [0x00000007be880000,0x00000007be880000,0x00000007bf400000)
 ParOldGen       total 173568K, used 33590K [0x00000006c2800000, 0x00000006cd180000, 0x000000076b800000)
  object space 173568K, 19% used [0x00000006c2800000,0x00000006c48cd820,0x00000006cd180000)
 Metaspace       used 8330K, capacity 8710K, committed 8960K, reserved 1056768K
  class space    used 658K, capacity 690K, committed 768K, reserved 1048576K
Event: 5.924 GC heap after
Heap after GC invocations=18 (full 0):
 PSYoungGen      total 905216K, used 224K [0x000000076b800000, 0x00000007be900000, 0x00000007c0000000)
  eden space 904704K, 0% used [0x000000076b800000,0x000000076b800000,0x00000007a2b80000)
  from space 512K, 43% used [0x00000007be880000,0x00000007be8b8000,0x00000007be900000)
  to   space 10752K, 0% used [0x00000007bd400000,0x00000007bd400000,0x00000007bde80000)
 ParOldGen       total 173568K, used 33590K [0x00000006c2800000, 0x00000006cd180000, 0x000000076b800000)
  object space 173568K, 19% used [0x00000006c2800000,0x00000006c48cd820,0x00000006cd180000)
 Metaspace       used 8330K, capacity 8710K, committed 8960K, reserved 1056768K
  class space    used 658K, capacity 690K, committed 768K, reserved 1048576K
}
Event: 6.606 GC heap before
{Heap before GC invocations=19 (full 0):
 PSYoungGen      total 905216K, used 904928K [0x000000076b800000, 0x00000007be900000, 0x00000007c0000000)
  eden space 904704K, 100% used [0x000000076b800000,0x00000007a2b80000,0x00000007a2b80000)
  from space 512K, 43% used [0x00000007be880000,0x00000007be8b8000,0x00000007be900000)
  to   space 10752K, 0% used [0x00000007bd400000,0x00000007bd400000,0x00000007bde80000)
 ParOldGen       total 173568K, used 33590K [0x00000006c2800000, 0x00000006cd180000, 0x000000076b800000)
  object space 173568K, 19% used [0x00000006c2800000,0x00000006c48cd820,0x00000006cd180000)
 Metaspace       used 8330K, capacity 8710K, committed 8960K, reserved 1056768K
  class space    used 658K, capacity 690K, committed 768K, reserved 1048576K
Event: 6.607 GC heap after
Heap after GC invocations=19 (full 0):
 PSYoungGen      total 873472K, used 224K [0x000000076b800000, 0x00000007be900000, 0x00000007c0000000)
  eden space 862720K, 0% used [0x000000076b800000,0x000000076b800000,0x00000007a0280000)
  from space 10752K, 2% used [0x00000007bd400000,0x00000007bd438000,0x00000007bde80000)
  to   space 10240K, 0% used [0x00000007bdf00000,0x00000007bdf00000,0x00000007be900000)
 ParOldGen       total 173568K, used 33590K [0x00000006c2800000, 0x00000006cd180000, 0x000000076b800000)
  object space 173568K, 19% used [0x00000006c2800000,0x00000006c48cd820,0x00000006cd180000)
 Metaspace       used 8330K, capacity 8710K, committed 8960K, reserved 1056768K
  class space    used 658K, capacity 690K, committed 768K, reserved 1048576K
}

