# JRE version: Java(TM) SE Runtime Environment (8.0_65-b17) (build 1.8.0_65-b17)
# Java VM: Java HotSpot(TM) 64-Bit Server VM (25.65-b01 mixed mode windows-amd64 compressed oops)
Heap:
 PSYoungGen      total 52224K, used 1126K [0x000000076b800000, 0x00000007b2880000, 0x00000007c0000000)
  eden space 51712K, 1% used [0x000000076b800000,0x000000076b901a18,0x000000076ea80000)
  from space 512K, 18% used [0x00000007b2780000,0x00000007b2798000,0x00000007b2800000)
  to   space 512K, 0% used [0x00000007b2800000,0x00000007b2800000,0x00000007b2880000)
 ParOldGen       total 173568K, used 34294K [0x00000006c2800000, 0x00000006cd180000, 0x000000076b800000)
  object space 173568K, 19% used [0x00000006c2800000,0x00000006c497d9e8,0x00000006cd180000)
 Metaspace       used 8407K, capacity 8774K, committed 8960K, reserved 1056768K
  class space    used 662K, capacity 690K, committed 768K, reserved 1048576K
GC Heap History (10 events):
Event: 29.010 GC heap before
{Heap before GC invocations=116 (full 0):
 PSYoungGen      total 58368K, used 58048K [0x000000076b800000, 0x00000007b2880000, 0x00000007c0000000)
  eden space 57856K, 100% used [0x000000076b800000,0x000000076f080000,0x000000076f080000)
  from space 512K, 37% used [0x00000007b2780000,0x00000007b27b0000,0x00000007b2800000)
  to   space 512K, 0% used [0x00000007b2800000,0x00000007b2800000,0x00000007b2880000)
 ParOldGen       total 173568K, used 34294K [0x00000006c2800000, 0x00000006cd180000, 0x000000076b800000)
  object space 173568K, 19% used [0x00000006c2800000,0x00000006c497d9e8,0x00000006cd180000)
 Metaspace       used 8407K, capacity 8774K, committed 8960K, reserved 1056768K
  class space    used 662K, capacity 690K, committed 768K, reserved 1048576K
Event: 29.010 GC heap after
Heap after GC invocations=116 (full 0):
 PSYoungGen      total 57344K, used 160K [0x000000076b800000, 0x00000007b2880000, 0x00000007c0000000)
  eden space 56832K, 0% used [0x000000076b800000,0x000000076b800000,0x000000076ef80000)
  from space 512K, 31% used [0x00000007b2800000,0x00000007b2828000,0x00000007b2880000)
  to   space 512K, 0% used [0x00000007b2780000,0x00000007b2780000,0x00000007b2800000)
 ParOldGen       total 173568K, used 34294K [0x00000006c2800000, 0x00000006cd180000, 0x000000076b800000)
  object space 173568K, 19% used [0x00000006c2800000,0x00000006c497d9e8,0x00000006cd180000)
 Metaspace       used 8407K, capacity 8774K, committed 8960K, reserved 1056768K
  class space    used 662K, capacity 690K, committed 768K, reserved 1048576K
}
Event: 29.084 GC heap before
{Heap before GC invocations=117 (full 0):
 PSYoungGen      total 57344K, used 56992K [0x000000076b800000, 0x00000007b2880000, 0x00000007c0000000)
  eden space 56832K, 100% used [0x000000076b800000,0x000000076ef80000,0x000000076ef80000)
  from space 512K, 31% used [0x00000007b2800000,0x00000007b2828000,0x00000007b2880000)
  to   space 512K, 0% used [0x00000007b2780000,0x00000007b2780000,0x00000007b2800000)
 ParOldGen       total 173568K, used 34294K [0x00000006c2800000, 0x00000006cd180000, 0x000000076b800000)
  object space 173568K, 19% used [0x00000006c2800000,0x00000006c497d9e8,0x00000006cd180000)
 Metaspace       used 8407K, capacity 8774K, committed 8960K, reserved 1056768K
  class space    used 662K, capacity 690K, committed 768K, reserved 1048576K
Event: 29.084 GC heap after
Heap after GC invocations=117 (full 0):
 PSYoungGen      total 56320K, used 192K [0x000000076b800000, 0x00000007b2880000, 0x00000007c0000000)
  eden space 55808K, 0% used [0x000000076b800000,0x000000076b800000,0x000000076ee80000)
  from space 512K, 37% used [0x00000007b2780000,0x00000007b27b0000,0x00000007b2800000)
  to   space 512K, 0% used [0x00000007b2800000,0x00000007b2800000,0x00000007b2880000)
 ParOldGen       total 173568K, used 34294K [0x00000006c2800000, 0x00000006cd180000, 0x000000076b800000)
  object space 173568K, 19% used [0x00000006c2800000,0x00000006c497d9e8,0x00000006cd180000)
 Metaspace       used 8407K, capacity 8774K, committed 8960K, reserved 1056768K
  class space    used 662K, capacity 690K, committed 768K, reserved 1048576K
}
Event: 29.151 GC heap before
{Heap before GC invocations=118 (full 0):
 PSYoungGen      total 56320K, used 56000K [0x000000076b800000, 0x00000007b2880000, 0x00000007c0000000)
  eden space 55808K, 100% used [0x000000076b800000,0x000000076ee80000,0x000000076ee80000)
  from space 512K, 37% used [0x00000007b2780000,0x00000007b27b0000,0x00000007b2800000)
  to   space 512K, 0% used [0x00000007b2800000,0x00000007b2800000,0x00000007b2880000)
 ParOldGen       total 173568K, used 34294K [0x00000006c2800000, 0x00000006cd180000, 0x000000076b800000)
  object space 173568K, 19% used [0x00000006c2800000,0x00000006c497d9e8,0x00000006cd180000)
 Metaspace       used 8407K, capacity 8774K, committed 8960K, reserved 1056768K
  class space    used 662K, capacity 690K, committed 768K, reserved 1048576K
Event: 29.151 GC heap after
Heap after GC invocations=118 (full 0):
 PSYoungGen      total 55296K, used 160K [0x000000076b800000, 0x00000007b2880000, 0x00000007c0000000)
  eden space 54784K, 0% used [0x000000076b800000,0x000000076b800000,0x000000076ed80000)
  from space 512K, 31% used [0x00000007b2800000,0x00000007b2828000,0x00000007b2880000)
  to   space 512K, 0% used [0x00000007b2780000,0x00000007b2780000,0x00000007b2800000)
 ParOldGen       total 173568K, used 34294K [0x00000006c2800000, 0x00000006cd180000, 0x000000076b800000)
  object space 173568K, 19% used [0x00000006c2800000,0x00000006c497d9e8,0x00000006cd180000)
 Metaspace       used 8407K, capacity 8774K, committed 8960K, reserved 1056768K
  class space    used 662K, capacity 690K, committed 768K, reserved 1048576K
}
Event: 29.204 GC heap before
{Heap before GC invocations=119 (full 0):
 PSYoungGen      total 55296K, used 54944K [0x000000076b800000, 0x00000007b2880000, 0x00000007c0000000)
  eden space 54784K, 100% used [0x000000076b800000,0x000000076ed80000,0x000000076ed80000)
  from space 512K, 31% used [0x00000007b2800000,0x00000007b2828000,0x00000007b2880000)
  to   space 512K, 0% used [0x00000007b2780000,0x00000007b2780000,0x00000007b2800000)
 ParOldGen       total 173568K, used 34294K [0x00000006c2800000, 0x00000006cd180000, 0x000000076b800000)
  object space 173568K, 19% used [0x00000006c2800000,0x00000006c497d9e8,0x00000006cd180000)
 Metaspace       used 8407K, capacity 8774K, committed 8960K, reserved 1056768K
  class space    used 662K, capacity 690K, committed 768K, reserved 1048576K
Event: 29.204 GC heap after
Heap after GC invocations=119 (full 0):
 PSYoungGen      total 54272K, used 128K [0x000000076b800000, 0x00000007b2880000, 0x00000007c0000000)
  eden space 53760K, 0% used [0x000000076b800000,0x000000076b800000,0x000000076ec80000)
  from space 512K, 25% used [0x00000007b2780000,0x00000007b27a0000,0x00000007b2800000)
  to   space 512K, 0% used [0x00000007b2800000,0x00000007b2800000,0x00000007b2880000)
 ParOldGen       total 173568K, used 34294K [0x00000006c2800000, 0x00000006cd180000, 0x000000076b800000)
  object space 173568K, 19% used [0x00000006c2800000,0x00000006c497d9e8,0x00000006cd180000)
 Metaspace       used 8407K, capacity 8774K, committed 8960K, reserved 1056768K
  class space    used 662K, capacity 690K, committed 768K, reserved 1048576K
}
Event: 29.261 GC heap before
{Heap before GC invocations=120 (full 0):
 PSYoungGen      total 54272K, used 53888K [0x000000076b800000, 0x00000007b2880000, 0x00000007c0000000)
  eden space 53760K, 100% used [0x000000076b800000,0x000000076ec80000,0x000000076ec80000)
  from space 512K, 25% used [0x00000007b2780000,0x00000007b27a0000,0x00000007b2800000)
  to   space 512K, 0% used [0x00000007b2800000,0x00000007b2800000,0x00000007b2880000)
 ParOldGen       total 173568K, used 34294K [0x00000006c2800000, 0x00000006cd180000, 0x000000076b800000)
  object space 173568K, 19% used [0x00000006c2800000,0x00000006c497d9e8,0x00000006cd180000)
 Metaspace       used 8407K, capacity 8774K, committed 8960K, reserved 1056768K
  class space    used 662K, capacity 690K, committed 768K, reserved 1048576K
Event: 29.262 GC heap after
Heap after GC invocations=120 (full 0):
 PSYoungGen      total 53248K, used 192K [0x000000076b800000, 0x00000007b2880000, 0x00000007c0000000)
  eden space 52736K, 0% used [0x000000076b800000,0x000000076b800000,0x000000076eb80000)
  from space 512K, 37% used [0x00000007b2800000,0x00000007b2830000,0x00000007b2880000)
  to   space 512K, 0% used [0x00000007b2780000,0x00000007b2780000,0x00000007b2800000)
 ParOldGen       total 173568K, used 34294K [0x00000006c2800000, 0x00000006cd180000, 0x000000076b800000)
  object space 173568K, 19% used [0x00000006c2800000,0x00000006c497d9e8,0x00000006cd180000)
 Metaspace       used 8407K, capacity 8774K, committed 8960K, reserved 1056768K
  class space    used 662K, capacity 690K, committed 768K, reserved 1048576K
}

