# JRE version: Java(TM) SE Runtime Environment (8.0_65-b17) (build 1.8.0_65-b17)
# Java VM: Java HotSpot(TM) 64-Bit Server VM (25.65-b01 mixed mode windows-amd64 compressed oops)
Heap:
 PSYoungGen      total 231424K, used 26794K [0x000000076b800000, 0x0000000784f80000, 0x00000007c0000000)
  eden space 230912K, 11% used [0x000000076b800000,0x000000076d21a8f8,0x0000000779980000)
  from space 512K, 12% used [0x0000000784f00000,0x0000000784f10000,0x0000000784f80000)
  to   space 2048K, 0% used [0x0000000784b80000,0x0000000784b80000,0x0000000784d80000)
 ParOldGen       total 173568K, used 1264K [0x00000006c2800000, 0x00000006cd180000, 0x000000076b800000)
  object space 173568K, 0% used [0x00000006c2800000,0x00000006c293c070,0x00000006cd180000)
 Metaspace       used 7971K, capacity 8486K, committed 8704K, reserved 1056768K
  class space    used 642K, capacity 658K, committed 768K, reserved 1048576K
GC Heap History (10 events):
Event: 0.796 GC heap before
{Heap before GC invocations=8 (full 0):
 PSYoungGen      total 131584K, used 131543K [0x000000076b800000, 0x000000077ba00000, 0x00000007c0000000)
  eden space 130048K, 100% used [0x000000076b800000,0x0000000773700000,0x0000000773700000)
  from space 1536K, 97% used [0x0000000773700000,0x0000000773875ea0,0x0000000773880000)
  to   space 2048K, 0% used [0x000000077b800000,0x000000077b800000,0x000000077ba00000)
 ParOldGen       total 173568K, used 676K [0x00000006c2800000, 0x00000006cd180000, 0x000000076b800000)
  object space 173568K, 0% used [0x00000006c2800000,0x00000006c28a9060,0x00000006cd180000)
 Metaspace       used 7968K, capacity 8486K, committed 8704K, reserved 1056768K
  class space    used 642K, capacity 658K, committed 768K, reserved 1048576K
Event: 0.798 GC heap after
Heap after GC invocations=8 (full 0):
 PSYoungGen      total 262144K, used 1153K [0x000000076b800000, 0x000000077ba00000, 0x00000007c0000000)
  eden space 260096K, 0% used [0x000000076b800000,0x000000076b800000,0x000000077b600000)
  from space 2048K, 56% used [0x000000077b800000,0x000000077b920560,0x000000077ba00000)
  to   space 2048K, 0% used [0x000000077b600000,0x000000077b600000,0x000000077b800000)
 ParOldGen       total 173568K, used 684K [0x00000006c2800000, 0x00000006cd180000, 0x000000076b800000)
  object space 173568K, 0% used [0x00000006c2800000,0x00000006c28ab060,0x00000006cd180000)
 Metaspace       used 7968K, capacity 8486K, committed 8704K, reserved 1056768K
  class space    used 642K, capacity 658K, committed 768K, reserved 1048576K
}
Event: 1.011 GC heap before
{Heap before GC invocations=9 (full 0):
 PSYoungGen      total 262144K, used 261249K [0x000000076b800000, 0x000000077ba00000, 0x00000007c0000000)
  eden space 260096K, 100% used [0x000000076b800000,0x000000077b600000,0x000000077b600000)
  from space 2048K, 56% used [0x000000077b800000,0x000000077b920560,0x000000077ba00000)
  to   space 2048K, 0% used [0x000000077b600000,0x000000077b600000,0x000000077b800000)
 ParOldGen       total 173568K, used 684K [0x00000006c2800000, 0x00000006cd180000, 0x000000076b800000)
  object space 173568K, 0% used [0x00000006c2800000,0x00000006c28ab060,0x00000006cd180000)
 Metaspace       used 7971K, capacity 8486K, committed 8704K, reserved 1056768K
  class space    used 642K, capacity 658K, committed 768K, reserved 1048576K
Event: 1.012 GC heap after
Heap after GC invocations=9 (full 0):
 PSYoungGen      total 262144K, used 416K [0x000000076b800000, 0x0000000785280000, 0x00000007c0000000)
  eden space 260096K, 0% used [0x000000076b800000,0x000000076b800000,0x000000077b600000)
  from space 2048K, 20% used [0x000000077b600000,0x000000077b668000,0x000000077b800000)
  to   space 2048K, 0% used [0x0000000785080000,0x0000000785080000,0x0000000785280000)
 ParOldGen       total 173568K, used 948K [0x00000006c2800000, 0x00000006cd180000, 0x000000076b800000)
  object space 173568K, 0% used [0x00000006c2800000,0x00000006c28ed060,0x00000006cd180000)
 Metaspace       used 7971K, capacity 8486K, committed 8704K, reserved 1056768K
  class space    used 642K, capacity 658K, committed 768K, reserved 1048576K
}
Event: 1.196 GC heap before
{Heap before GC invocations=10 (full 0):
 PSYoungGen      total 262144K, used 260512K [0x000000076b800000, 0x0000000785280000, 0x00000007c0000000)
  eden space 260096K, 100% used [0x000000076b800000,0x000000077b600000,0x000000077b600000)
  from space 2048K, 20% used [0x000000077b600000,0x000000077b668000,0x000000077b800000)
  to   space 2048K, 0% used [0x0000000785080000,0x0000000785080000,0x0000000785280000)
 ParOldGen       total 173568K, used 948K [0x00000006c2800000, 0x00000006cd180000, 0x000000076b800000)
  object space 173568K, 0% used [0x00000006c2800000,0x00000006c28ed060,0x00000006cd180000)
 Metaspace       used 7971K, capacity 8486K, committed 8704K, reserved 1056768K
  class space    used 642K, capacity 658K, committed 768K, reserved 1048576K
Event: 1.197 GC heap after
Heap after GC invocations=10 (full 0):
 PSYoungGen      total 250368K, used 96K [0x000000076b800000, 0x0000000785100000, 0x00000007c0000000)
  eden space 249856K, 0% used [0x000000076b800000,0x000000076b800000,0x000000077ac00000)
  from space 512K, 18% used [0x0000000785080000,0x0000000785098000,0x0000000785100000)
  to   space 2048K, 0% used [0x0000000784d00000,0x0000000784d00000,0x0000000784f00000)
 ParOldGen       total 173568K, used 1240K [0x00000006c2800000, 0x00000006cd180000, 0x000000076b800000)
  object space 173568K, 0% used [0x00000006c2800000,0x00000006c2936070,0x00000006cd180000)
 Metaspace       used 7971K, capacity 8486K, committed 8704K, reserved 1056768K
  class space    used 642K, capacity 658K, committed 768K, reserved 1048576K
}
Event: 1.391 GC heap before
{Heap before GC invocations=11 (full 0):
 PSYoungGen      total 250368K, used 249952K [0x000000076b800000, 0x0000000785100000, 0x00000007c0000000)
  eden space 249856K, 100% used [0x000000076b800000,0x000000077ac00000,0x000000077ac00000)
  from space 512K, 18% used [0x0000000785080000,0x0000000785098000,0x0000000785100000)
  to   space 2048K, 0% used [0x0000000784d00000,0x0000000784d00000,0x0000000784f00000)
 ParOldGen       total 173568K, used 1240K [0x00000006c2800000, 0x00000006cd180000, 0x000000076b800000)
  object space 173568K, 0% used [0x00000006c2800000,0x00000006c2936070,0x00000006cd180000)
 Metaspace       used 7971K, capacity 8486K, committed 8704K, reserved 1056768K
  class space    used 642K, capacity 658K, committed 768K, reserved 1048576K
Event: 1.392 GC heap after
Heap after GC invocations=11 (full 0):
 PSYoungGen      total 242176K, used 64K [0x000000076b800000, 0x0000000785100000, 0x00000007c0000000)
  eden space 240128K, 0% used [0x000000076b800000,0x000000076b800000,0x000000077a280000)
  from space 2048K, 3% used [0x0000000784d00000,0x0000000784d10000,0x0000000784f00000)
  to   space 2048K, 0% used [0x0000000784f00000,0x0000000784f00000,0x0000000785100000)
 ParOldGen       total 173568K, used 1264K [0x00000006c2800000, 0x00000006cd180000, 0x000000076b800000)
  object space 173568K, 0% used [0x00000006c2800000,0x00000006c293c070,0x00000006cd180000)
 Metaspace       used 7971K, capacity 8486K, committed 8704K, reserved 1056768K
  class space    used 642K, capacity 658K, committed 768K, reserved 1048576K
}
Event: 1.594 GC heap before
{Heap before GC invocations=12 (full 0):
 PSYoungGen      total 242176K, used 240192K [0x000000076b800000, 0x0000000785100000, 0x00000007c0000000)
  eden space 240128K, 100% used [0x000000076b800000,0x000000077a280000,0x000000077a280000)
  from space 2048K, 3% used [0x0000000784d00000,0x0000000784d10000,0x0000000784f00000)
  to   space 2048K, 0% used [0x0000000784f00000,0x0000000784f00000,0x0000000785100000)
 ParOldGen       total 173568K, used 1264K [0x00000006c2800000, 0x00000006cd180000, 0x000000076b800000)
  object space 173568K, 0% used [0x00000006c2800000,0x00000006c293c070,0x00000006cd180000)
 Metaspace       used 7971K, capacity 8486K, committed 8704K, reserved 1056768K
  class space    used 642K, capacity 658K, committed 768K, reserved 1048576K
Event: 1.595 GC heap after
Heap after GC invocations=12 (full 0):
 PSYoungGen      total 231424K, used 64K [0x000000076b800000, 0x0000000784f80000, 0x00000007c0000000)
  eden space 230912K, 0% used [0x000000076b800000,0x000000076b800000,0x0000000779980000)
  from space 512K, 12% used [0x0000000784f00000,0x0000000784f10000,0x0000000784f80000)
  to   space 2048K, 0% used [0x0000000784b80000,0x0000000784b80000,0x0000000784d80000)
 ParOldGen       total 173568K, used 1264K [0x00000006c2800000, 0x00000006cd180000, 0x000000076b800000)
  object space 173568K, 0% used [0x00000006c2800000,0x00000006c293c070,0x00000006cd180000)
 Metaspace       used 7971K, capacity 8486K, committed 8704K, reserved 1056768K
  class space    used 642K, capacity 658K, committed 768K, reserved 1048576K
}

