# JRE version: Java(TM) SE Runtime Environment (8.0_65-b17) (build 1.8.0_65-b17)
# Java VM: Java HotSpot(TM) 64-Bit Server VM (25.65-b01 mixed mode windows-amd64 compressed oops)
Heap:
 PSYoungGen      total 859136K, used 85982K [0x000000076b800000, 0x00000007aa700000, 0x00000007c0000000)
  eden space 858624K, 9% used [0x000000076b800000,0x0000000770bc78b0,0x000000079fe80000)
  from space 512K, 37% used [0x00000007aa680000,0x00000007aa6b0000,0x00000007aa700000)
  to   space 9728K, 0% used [0x00000007a9400000,0x00000007a9400000,0x00000007a9d80000)
 ParOldGen       total 173568K, used 30909K [0x00000006c2800000, 0x00000006cd180000, 0x000000076b800000)
  object space 173568K, 17% used [0x00000006c2800000,0x00000006c462f7d8,0x00000006cd180000)
 Metaspace       used 8386K, capacity 8774K, committed 8960K, reserved 1056768K
  class space    used 661K, capacity 690K, committed 768K, reserved 1048576K
GC Heap History (10 events):
Event: 3.579 GC heap before
{Heap before GC invocations=16 (full 0):
 PSYoungGen      total 661504K, used 649408K [0x000000076b800000, 0x00000007ac580000, 0x00000007c0000000)
  eden space 649216K, 100% used [0x000000076b800000,0x0000000793200000,0x0000000793200000)
  from space 12288K, 1% used [0x0000000793200000,0x0000000793230000,0x0000000793e00000)
  to   space 11776K, 0% used [0x00000007aba00000,0x00000007aba00000,0x00000007ac580000)
 ParOldGen       total 173568K, used 30861K [0x00000006c2800000, 0x00000006cd180000, 0x000000076b800000)
  object space 173568K, 17% used [0x00000006c2800000,0x00000006c46237d8,0x00000006cd180000)
 Metaspace       used 8367K, capacity 8774K, committed 8960K, reserved 1056768K
  class space    used 661K, capacity 690K, committed 768K, reserved 1048576K
Event: 3.579 GC heap after
Heap after GC invocations=16 (full 0):
 PSYoungGen      total 1049600K, used 160K [0x000000076b800000, 0x00000007ac480000, 0x00000007c0000000)
  eden space 1038848K, 0% used [0x000000076b800000,0x000000076b800000,0x00000007aae80000)
  from space 10752K, 1% used [0x00000007aba00000,0x00000007aba28000,0x00000007ac480000)
  to   space 11264K, 0% used [0x00000007aae80000,0x00000007aae80000,0x00000007ab980000)
 ParOldGen       total 173568K, used 30877K [0x00000006c2800000, 0x00000006cd180000, 0x000000076b800000)
  object space 173568K, 17% used [0x00000006c2800000,0x00000006c46277d8,0x00000006cd180000)
 Metaspace       used 8367K, capacity 8774K, committed 8960K, reserved 1056768K
  class space    used 661K, capacity 690K, committed 768K, reserved 1048576K
}
Event: 4.467 GC heap before
{Heap before GC invocations=17 (full 0):
 PSYoungGen      total 1049600K, used 1039008K [0x000000076b800000, 0x00000007ac480000, 0x00000007c0000000)
  eden space 1038848K, 100% used [0x000000076b800000,0x00000007aae80000,0x00000007aae80000)
  from space 10752K, 1% used [0x00000007aba00000,0x00000007aba28000,0x00000007ac480000)
  to   space 11264K, 0% used [0x00000007aae80000,0x00000007aae80000,0x00000007ab980000)
 ParOldGen       total 173568K, used 30877K [0x00000006c2800000, 0x00000006cd180000, 0x000000076b800000)
  object space 173568K, 17% used [0x00000006c2800000,0x00000006c46277d8,0x00000006cd180000)
 Metaspace       used 8377K, capacity 8774K, committed 8960K, reserved 1056768K
  class space    used 661K, capacity 690K, committed 768K, reserved 1048576K
Event: 4.468 GC heap after
Heap after GC invocations=17 (full 0):
 PSYoungGen      total 990720K, used 192K [0x000000076b800000, 0x00000007aba80000, 0x00000007c0000000)
  eden space 990208K, 0% used [0x000000076b800000,0x000000076b800000,0x00000007a7f00000)
  from space 512K, 37% used [0x00000007aae80000,0x00000007aaeb0000,0x00000007aaf00000)
  to   space 10752K, 0% used [0x00000007ab000000,0x00000007ab000000,0x00000007aba80000)
 ParOldGen       total 173568K, used 30885K [0x00000006c2800000, 0x00000006cd180000, 0x000000076b800000)
  object space 173568K, 17% used [0x00000006c2800000,0x00000006c46297d8,0x00000006cd180000)
 Metaspace       used 8377K, capacity 8774K, committed 8960K, reserved 1056768K
  class space    used 661K, capacity 690K, committed 768K, reserved 1048576K
}
Event: 5.228 GC heap before
{Heap before GC invocations=18 (full 0):
 PSYoungGen      total 990720K, used 990400K [0x000000076b800000, 0x00000007aba80000, 0x00000007c0000000)
  eden space 990208K, 100% used [0x000000076b800000,0x00000007a7f00000,0x00000007a7f00000)
  from space 512K, 37% used [0x00000007aae80000,0x00000007aaeb0000,0x00000007aaf00000)
  to   space 10752K, 0% used [0x00000007ab000000,0x00000007ab000000,0x00000007aba80000)
 ParOldGen       total 173568K, used 30885K [0x00000006c2800000, 0x00000006cd180000, 0x000000076b800000)
  object space 173568K, 17% used [0x00000006c2800000,0x00000006c46297d8,0x00000006cd180000)
 Metaspace       used 8377K, capacity 8774K, committed 8960K, reserved 1056768K
  class space    used 661K, capacity 690K, committed 768K, reserved 1048576K
Event: 5.229 GC heap after
Heap after GC invocations=18 (full 0):
 PSYoungGen      total 944640K, used 160K [0x000000076b800000, 0x00000007ab080000, 0x00000007c0000000)
  eden space 944128K, 0% used [0x000000076b800000,0x000000076b800000,0x00000007a5200000)
  from space 512K, 31% used [0x00000007ab000000,0x00000007ab028000,0x00000007ab080000)
  to   space 10240K, 0% used [0x00000007a9c80000,0x00000007a9c80000,0x00000007aa680000)
 ParOldGen       total 173568K, used 30909K [0x00000006c2800000, 0x00000006cd180000, 0x000000076b800000)
  object space 173568K, 17% used [0x00000006c2800000,0x00000006c462f7d8,0x00000006cd180000)
 Metaspace       used 8377K, capacity 8774K, committed 8960K, reserved 1056768K
  class space    used 661K, capacity 690K, committed 768K, reserved 1048576K
}
Event: 5.950 GC heap before
{Heap before GC invocations=19 (full 0):
 PSYoungGen      total 944640K, used 944288K [0x000000076b800000, 0x00000007ab080000, 0x00000007c0000000)
  eden space 944128K, 100% used [0x000000076b800000,0x00000007a5200000,0x00000007a5200000)
  from space 512K, 31% used [0x00000007ab000000,0x00000007ab028000,0x00000007ab080000)
  to   space 10240K, 0% used [0x00000007a9c80000,0x00000007a9c80000,0x00000007aa680000)
 ParOldGen       total 173568K, used 30909K [0x00000006c2800000, 0x00000006cd180000, 0x000000076b800000)
  object space 173568K, 17% used [0x00000006c2800000,0x00000006c462f7d8,0x00000006cd180000)
 Metaspace       used 8379K, capacity 8774K, committed 8960K, reserved 1056768K
  class space    used 661K, capacity 690K, committed 768K, reserved 1048576K
Event: 5.951 GC heap after
Heap after GC invocations=19 (full 0):
 PSYoungGen      total 910336K, used 192K [0x000000076b800000, 0x00000007ab080000, 0x00000007c0000000)
  eden space 900096K, 0% used [0x000000076b800000,0x000000076b800000,0x00000007a2700000)
  from space 10240K, 1% used [0x00000007a9c80000,0x00000007a9cb0000,0x00000007aa680000)
  to   space 10240K, 0% used [0x00000007aa680000,0x00000007aa680000,0x00000007ab080000)
 ParOldGen       total 173568K, used 30909K [0x00000006c2800000, 0x00000006cd180000, 0x000000076b800000)
  object space 173568K, 17% used [0x00000006c2800000,0x00000006c462f7d8,0x00000006cd180000)
 Metaspace       used 8379K, capacity 8774K, committed 8960K, reserved 1056768K
  class space    used 661K, capacity 690K, committed 768K, reserved 1048576K
}
Event: 6.603 GC heap before
{Heap before GC invocations=20 (full 0):
 PSYoungGen      total 910336K, used 900288K [0x000000076b800000, 0x00000007ab080000, 0x00000007c0000000)
  eden space 900096K, 100% used [0x000000076b800000,0x00000007a2700000,0x00000007a2700000)
  from space 10240K, 1% used [0x00000007a9c80000,0x00000007a9cb0000,0x00000007aa680000)
  to   space 10240K, 0% used [0x00000007aa680000,0x00000007aa680000,0x00000007ab080000)
 ParOldGen       total 173568K, used 30909K [0x00000006c2800000, 0x00000006cd180000, 0x000000076b800000)
  object space 173568K, 17% used [0x00000006c2800000,0x00000006c462f7d8,0x00000006cd180000)
 Metaspace       used 8386K, capacity 8774K, committed 8960K, reserved 1056768K
  class space    used 661K, capacity 690K, committed 768K, reserved 1048576K
Event: 6.604 GC heap after
Heap after GC invocations=20 (full 0):
 PSYoungGen      total 859136K, used 192K [0x000000076b800000, 0x00000007aa700000, 0x00000007c0000000)
  eden space 858624K, 0% used [0x000000076b800000,0x000000076b800000,0x000000079fe80000)
  from space 512K, 37% used [0x00000007aa680000,0x00000007aa6b0000,0x00000007aa700000)
  to   space 9728K, 0% used [0x00000007a9400000,0x00000007a9400000,0x00000007a9d80000)
 ParOldGen       total 173568K, used 30909K [0x00000006c2800000, 0x00000006cd180000, 0x000000076b800000)
  object space 173568K, 17% used [0x00000006c2800000,0x00000006c462f7d8,0x00000006cd180000)
 Metaspace       used 8386K, capacity 8774K, committed 8960K, reserved 1056768K
  class space    used 661K, capacity 690K, committed 768K, reserved 1048576K
}

