# JRE version: Java(TM) SE Runtime Environment (8.0_65-b17) (build 1.8.0_65-b17)
# Java VM: Java HotSpot(TM) 64-Bit Server VM (25.65-b01 mixed mode windows-amd64 compressed oops)
Heap:
 PSYoungGen      total 193024K, used 94087K [0x000000076b800000, 0x000000078af80000, 0x00000007c0000000)
  eden space 190976K, 49% used [0x000000076b800000,0x00000007713b9d10,0x0000000777280000)
  from space 2048K, 7% used [0x000000078ab80000,0x000000078aba8000,0x000000078ad80000)
  to   space 2048K, 0% used [0x000000078ad80000,0x000000078ad80000,0x000000078af80000)
 ParOldGen       total 173568K, used 1253K [0x00000006c2800000, 0x00000006cd180000, 0x000000076b800000)
  object space 173568K, 0% used [0x00000006c2800000,0x00000006c2939598,0x00000006cd180000)
 Metaspace       used 8092K, capacity 8646K, committed 8960K, reserved 1056768K
  class space    used 649K, capacity 690K, committed 768K, reserved 1048576K
GC Heap History (10 events):
Event: 1.432 GC heap before
{Heap before GC invocations=11 (full 0):
 PSYoungGen      total 230912K, used 230560K [0x000000076b800000, 0x000000078b380000, 0x00000007c0000000)
  eden space 230400K, 100% used [0x000000076b800000,0x0000000779900000,0x0000000779900000)
  from space 512K, 31% used [0x000000078b300000,0x000000078b328000,0x000000078b380000)
  to   space 2560K, 0% used [0x000000078ae80000,0x000000078ae80000,0x000000078b100000)
 ParOldGen       total 173568K, used 1253K [0x00000006c2800000, 0x00000006cd180000, 0x000000076b800000)
  object space 173568K, 0% used [0x00000006c2800000,0x00000006c2939598,0x00000006cd180000)
 Metaspace       used 8078K, capacity 8646K, committed 8960K, reserved 1056768K
  class space    used 649K, capacity 690K, committed 768K, reserved 1048576K
Event: 1.432 GC heap after
Heap after GC invocations=11 (full 0):
 PSYoungGen      total 224256K, used 160K [0x000000076b800000, 0x000000078b380000, 0x00000007c0000000)
  eden space 221696K, 0% used [0x000000076b800000,0x000000076b800000,0x0000000779080000)
  from space 2560K, 6% used [0x000000078ae80000,0x000000078aea8000,0x000000078b100000)
  to   space 2560K, 0% used [0x000000078b100000,0x000000078b100000,0x000000078b380000)
 ParOldGen       total 173568K, used 1253K [0x00000006c2800000, 0x00000006cd180000, 0x000000076b800000)
  object space 173568K, 0% used [0x00000006c2800000,0x00000006c2939598,0x00000006cd180000)
 Metaspace       used 8078K, capacity 8646K, committed 8960K, reserved 1056768K
  class space    used 649K, capacity 690K, committed 768K, reserved 1048576K
}
Event: 1.528 GC heap before
{Heap before GC invocations=12 (full 0):
 PSYoungGen      total 224256K, used 221856K [0x000000076b800000, 0x000000078b380000, 0x00000007c0000000)
  eden space 221696K, 100% used [0x000000076b800000,0x0000000779080000,0x0000000779080000)
  from space 2560K, 6% used [0x000000078ae80000,0x000000078aea8000,0x000000078b100000)
  to   space 2560K, 0% used [0x000000078b100000,0x000000078b100000,0x000000078b380000)
 ParOldGen       total 173568K, used 1253K [0x00000006c2800000, 0x00000006cd180000, 0x000000076b800000)
  object space 173568K, 0% used [0x00000006c2800000,0x00000006c2939598,0x00000006cd180000)
 Metaspace       used 8080K, capacity 8646K, committed 8960K, reserved 1056768K
  class space    used 649K, capacity 690K, committed 768K, reserved 1048576K
Event: 1.529 GC heap after
Heap after GC invocations=12 (full 0):
 PSYoungGen      total 214016K, used 128K [0x000000076b800000, 0x000000078b180000, 0x00000007c0000000)
  eden space 213504K, 0% used [0x000000076b800000,0x000000076b800000,0x0000000778880000)
  from space 512K, 25% used [0x000000078b100000,0x000000078b120000,0x000000078b180000)
  to   space 2560K, 0% used [0x000000078ac80000,0x000000078ac80000,0x000000078af00000)
 ParOldGen       total 173568K, used 1253K [0x00000006c2800000, 0x00000006cd180000, 0x000000076b800000)
  object space 173568K, 0% used [0x00000006c2800000,0x00000006c2939598,0x00000006cd180000)
 Metaspace       used 8080K, capacity 8646K, committed 8960K, reserved 1056768K
  class space    used 649K, capacity 690K, committed 768K, reserved 1048576K
}
Event: 1.622 GC heap before
{Heap before GC invocations=13 (full 0):
 PSYoungGen      total 214016K, used 213632K [0x000000076b800000, 0x000000078b180000, 0x00000007c0000000)
  eden space 213504K, 100% used [0x000000076b800000,0x0000000778880000,0x0000000778880000)
  from space 512K, 25% used [0x000000078b100000,0x000000078b120000,0x000000078b180000)
  to   space 2560K, 0% used [0x000000078ac80000,0x000000078ac80000,0x000000078af00000)
 ParOldGen       total 173568K, used 1253K [0x00000006c2800000, 0x00000006cd180000, 0x000000076b800000)
  object space 173568K, 0% used [0x00000006c2800000,0x00000006c2939598,0x00000006cd180000)
 Metaspace       used 8081K, capacity 8646K, committed 8960K, reserved 1056768K
  class space    used 649K, capacity 690K, committed 768K, reserved 1048576K
Event: 1.623 GC heap after
Heap after GC invocations=13 (full 0):
 PSYoungGen      total 208384K, used 224K [0x000000076b800000, 0x000000078b180000, 0x00000007c0000000)
  eden space 205824K, 0% used [0x000000076b800000,0x000000076b800000,0x0000000778100000)
  from space 2560K, 8% used [0x000000078ac80000,0x000000078acb8000,0x000000078af00000)
  to   space 2560K, 0% used [0x000000078af00000,0x000000078af00000,0x000000078b180000)
 ParOldGen       total 173568K, used 1253K [0x00000006c2800000, 0x00000006cd180000, 0x000000076b800000)
  object space 173568K, 0% used [0x00000006c2800000,0x00000006c2939598,0x00000006cd180000)
 Metaspace       used 8081K, capacity 8646K, committed 8960K, reserved 1056768K
  class space    used 649K, capacity 690K, committed 768K, reserved 1048576K
}
Event: 1.713 GC heap before
{Heap before GC invocations=14 (full 0):
 PSYoungGen      total 208384K, used 206048K [0x000000076b800000, 0x000000078b180000, 0x00000007c0000000)
  eden space 205824K, 100% used [0x000000076b800000,0x0000000778100000,0x0000000778100000)
  from space 2560K, 8% used [0x000000078ac80000,0x000000078acb8000,0x000000078af00000)
  to   space 2560K, 0% used [0x000000078af00000,0x000000078af00000,0x000000078b180000)
 ParOldGen       total 173568K, used 1253K [0x00000006c2800000, 0x00000006cd180000, 0x000000076b800000)
  object space 173568K, 0% used [0x00000006c2800000,0x00000006c2939598,0x00000006cd180000)
 Metaspace       used 8090K, capacity 8646K, committed 8960K, reserved 1056768K
  class space    used 649K, capacity 690K, committed 768K, reserved 1048576K
Event: 1.713 GC heap after
Heap after GC invocations=14 (full 0):
 PSYoungGen      total 198656K, used 128K [0x000000076b800000, 0x000000078af80000, 0x00000007c0000000)
  eden space 198144K, 0% used [0x000000076b800000,0x000000076b800000,0x0000000777980000)
  from space 512K, 25% used [0x000000078af00000,0x000000078af20000,0x000000078af80000)
  to   space 2048K, 0% used [0x000000078ab80000,0x000000078ab80000,0x000000078ad80000)
 ParOldGen       total 173568K, used 1253K [0x00000006c2800000, 0x00000006cd180000, 0x000000076b800000)
  object space 173568K, 0% used [0x00000006c2800000,0x00000006c2939598,0x00000006cd180000)
 Metaspace       used 8090K, capacity 8646K, committed 8960K, reserved 1056768K
  class space    used 649K, capacity 690K, committed 768K, reserved 1048576K
}
Event: 1.799 GC heap before
{Heap before GC invocations=15 (full 0):
 PSYoungGen      total 198656K, used 198272K [0x000000076b800000, 0x000000078af80000, 0x00000007c0000000)
  eden space 198144K, 100% used [0x000000076b800000,0x0000000777980000,0x0000000777980000)
  from space 512K, 25% used [0x000000078af00000,0x000000078af20000,0x000000078af80000)
  to   space 2048K, 0% used [0x000000078ab80000,0x000000078ab80000,0x000000078ad80000)
 ParOldGen       total 173568K, used 1253K [0x00000006c2800000, 0x00000006cd180000, 0x000000076b800000)
  object space 173568K, 0% used [0x00000006c2800000,0x00000006c2939598,0x00000006cd180000)
 Metaspace       used 8091K, capacity 8646K, committed 8960K, reserved 1056768K
  class space    used 649K, capacity 690K, committed 768K, reserved 1048576K
Event: 1.799 GC heap after
Heap after GC invocations=15 (full 0):
 PSYoungGen      total 193024K, used 160K [0x000000076b800000, 0x000000078af80000, 0x00000007c0000000)
  eden space 190976K, 0% used [0x000000076b800000,0x000000076b800000,0x0000000777280000)
  from space 2048K, 7% used [0x000000078ab80000,0x000000078aba8000,0x000000078ad80000)
  to   space 2048K, 0% used [0x000000078ad80000,0x000000078ad80000,0x000000078af80000)
 ParOldGen       total 173568K, used 1253K [0x00000006c2800000, 0x00000006cd180000, 0x000000076b800000)
  object space 173568K, 0% used [0x00000006c2800000,0x00000006c2939598,0x00000006cd180000)
 Metaspace       used 8091K, capacity 8646K, committed 8960K, reserved 1056768K
  class space    used 649K, capacity 690K, committed 768K, reserved 1048576K
}

