# JRE version: Java(TM) SE Runtime Environment (8.0_65-b17) (build 1.8.0_65-b17)
# Java VM: Java HotSpot(TM) 64-Bit Server VM (25.65-b01 mixed mode windows-amd64 compressed oops)
Heap:
 PSYoungGen      total 565760K, used 556121K [0x000000076b800000, 0x00000007a9480000, 0x00000007c0000000)
  eden space 561664K, 98% used [0x000000076b800000,0x000000078d6de610,0x000000078dc80000)
  from space 4096K, 5% used [0x00000007a8c80000,0x00000007a8cb8000,0x00000007a9080000)
  to   space 3584K, 0% used [0x00000007a9100000,0x00000007a9100000,0x00000007a9480000)
 ParOldGen       total 173568K, used 6505K [0x00000006c2800000, 0x00000006cd180000, 0x000000076b800000)
  object space 173568K, 3% used [0x00000006c2800000,0x00000006c2e5a430,0x00000006cd180000)
 Metaspace       used 8350K, capacity 8710K, committed 8960K, reserved 1056768K
  class space    used 658K, capacity 690K, committed 768K, reserved 1048576K
GC Heap History (10 events):
Event: 5.225 GC heap before
{Heap before GC invocations=17 (full 0):
 PSYoungGen      total 708096K, used 707840K [0x000000076b800000, 0x00000007a9c00000, 0x00000007c0000000)
  eden space 707584K, 100% used [0x000000076b800000,0x0000000796b00000,0x0000000796b00000)
  from space 512K, 50% used [0x00000007a9b80000,0x00000007a9bc0000,0x00000007a9c00000)
  to   space 4608K, 0% used [0x00000007a9300000,0x00000007a9300000,0x00000007a9780000)
 ParOldGen       total 173568K, used 6505K [0x00000006c2800000, 0x00000006cd180000, 0x000000076b800000)
  object space 173568K, 3% used [0x00000006c2800000,0x00000006c2e5a430,0x00000006cd180000)
 Metaspace       used 8322K, capacity 8710K, committed 8960K, reserved 1056768K
  class space    used 658K, capacity 690K, committed 768K, reserved 1048576K
Event: 5.226 GC heap after
Heap after GC invocations=17 (full 0):
 PSYoungGen      total 679936K, used 224K [0x000000076b800000, 0x00000007a9c00000, 0x00000007c0000000)
  eden space 675328K, 0% used [0x000000076b800000,0x000000076b800000,0x0000000794b80000)
  from space 4608K, 4% used [0x00000007a9300000,0x00000007a9338000,0x00000007a9780000)
  to   space 4608K, 0% used [0x00000007a9780000,0x00000007a9780000,0x00000007a9c00000)
 ParOldGen       total 173568K, used 6505K [0x00000006c2800000, 0x00000006cd180000, 0x000000076b800000)
  object space 173568K, 3% used [0x00000006c2800000,0x00000006c2e5a430,0x00000006cd180000)
 Metaspace       used 8322K, capacity 8710K, committed 8960K, reserved 1056768K
  class space    used 658K, capacity 690K, committed 768K, reserved 1048576K
}
Event: 5.542 GC heap before
{Heap before GC invocations=18 (full 0):
 PSYoungGen      total 679936K, used 675552K [0x000000076b800000, 0x00000007a9c00000, 0x00000007c0000000)
  eden space 675328K, 100% used [0x000000076b800000,0x0000000794b80000,0x0000000794b80000)
  from space 4608K, 4% used [0x00000007a9300000,0x00000007a9338000,0x00000007a9780000)
  to   space 4608K, 0% used [0x00000007a9780000,0x00000007a9780000,0x00000007a9c00000)
 ParOldGen       total 173568K, used 6505K [0x00000006c2800000, 0x00000006cd180000, 0x000000076b800000)
  object space 173568K, 3% used [0x00000006c2800000,0x00000006c2e5a430,0x00000006cd180000)
 Metaspace       used 8328K, capacity 8710K, committed 8960K, reserved 1056768K
  class space    used 658K, capacity 690K, committed 768K, reserved 1048576K
Event: 5.542 GC heap after
Heap after GC invocations=18 (full 0):
 PSYoungGen      total 645120K, used 160K [0x000000076b800000, 0x00000007a9800000, 0x00000007c0000000)
  eden space 644608K, 0% used [0x000000076b800000,0x000000076b800000,0x0000000792d80000)
  from space 512K, 31% used [0x00000007a9780000,0x00000007a97a8000,0x00000007a9800000)
  to   space 4096K, 0% used [0x00000007a9000000,0x00000007a9000000,0x00000007a9400000)
 ParOldGen       total 173568K, used 6505K [0x00000006c2800000, 0x00000006cd180000, 0x000000076b800000)
  object space 173568K, 3% used [0x00000006c2800000,0x00000006c2e5a430,0x00000006cd180000)
 Metaspace       used 8328K, capacity 8710K, committed 8960K, reserved 1056768K
  class space    used 658K, capacity 690K, committed 768K, reserved 1048576K
}
Event: 5.868 GC heap before
{Heap before GC invocations=19 (full 0):
 PSYoungGen      total 645120K, used 644768K [0x000000076b800000, 0x00000007a9800000, 0x00000007c0000000)
  eden space 644608K, 100% used [0x000000076b800000,0x0000000792d80000,0x0000000792d80000)
  from space 512K, 31% used [0x00000007a9780000,0x00000007a97a8000,0x00000007a9800000)
  to   space 4096K, 0% used [0x00000007a9000000,0x00000007a9000000,0x00000007a9400000)
 ParOldGen       total 173568K, used 6505K [0x00000006c2800000, 0x00000006cd180000, 0x000000076b800000)
  object space 173568K, 3% used [0x00000006c2800000,0x00000006c2e5a430,0x00000006cd180000)
 Metaspace       used 8339K, capacity 8710K, committed 8960K, reserved 1056768K
  class space    used 658K, capacity 690K, committed 768K, reserved 1048576K
Event: 5.869 GC heap after
Heap after GC invocations=19 (full 0):
 PSYoungGen      total 619520K, used 224K [0x000000076b800000, 0x00000007a9800000, 0x00000007c0000000)
  eden space 615424K, 0% used [0x000000076b800000,0x000000076b800000,0x0000000791100000)
  from space 4096K, 5% used [0x00000007a9000000,0x00000007a9038000,0x00000007a9400000)
  to   space 4096K, 0% used [0x00000007a9400000,0x00000007a9400000,0x00000007a9800000)
 ParOldGen       total 173568K, used 6505K [0x00000006c2800000, 0x00000006cd180000, 0x000000076b800000)
  object space 173568K, 3% used [0x00000006c2800000,0x00000006c2e5a430,0x00000006cd180000)
 Metaspace       used 8339K, capacity 8710K, committed 8960K, reserved 1056768K
  class space    used 658K, capacity 690K, committed 768K, reserved 1048576K
}
Event: 6.147 GC heap before
{Heap before GC invocations=20 (full 0):
 PSYoungGen      total 619520K, used 615648K [0x000000076b800000, 0x00000007a9800000, 0x00000007c0000000)
  eden space 615424K, 100% used [0x000000076b800000,0x0000000791100000,0x0000000791100000)
  from space 4096K, 5% used [0x00000007a9000000,0x00000007a9038000,0x00000007a9400000)
  to   space 4096K, 0% used [0x00000007a9400000,0x00000007a9400000,0x00000007a9800000)
 ParOldGen       total 173568K, used 6505K [0x00000006c2800000, 0x00000006cd180000, 0x000000076b800000)
  object space 173568K, 3% used [0x00000006c2800000,0x00000006c2e5a430,0x00000006cd180000)
 Metaspace       used 8339K, capacity 8710K, committed 8960K, reserved 1056768K
  class space    used 658K, capacity 690K, committed 768K, reserved 1048576K
Event: 6.147 GC heap after
Heap after GC invocations=20 (full 0):
 PSYoungGen      total 588288K, used 224K [0x000000076b800000, 0x00000007a9480000, 0x00000007c0000000)
  eden space 587776K, 0% used [0x000000076b800000,0x000000076b800000,0x000000078f600000)
  from space 512K, 43% used [0x00000007a9400000,0x00000007a9438000,0x00000007a9480000)
  to   space 4096K, 0% used [0x00000007a8c80000,0x00000007a8c80000,0x00000007a9080000)
 ParOldGen       total 173568K, used 6505K [0x00000006c2800000, 0x00000006cd180000, 0x000000076b800000)
  object space 173568K, 3% used [0x00000006c2800000,0x00000006c2e5a430,0x00000006cd180000)
 Metaspace       used 8339K, capacity 8710K, committed 8960K, reserved 1056768K
  class space    used 658K, capacity 690K, committed 768K, reserved 1048576K
}
Event: 6.397 GC heap before
{Heap before GC invocations=21 (full 0):
 PSYoungGen      total 588288K, used 588000K [0x000000076b800000, 0x00000007a9480000, 0x00000007c0000000)
  eden space 587776K, 100% used [0x000000076b800000,0x000000078f600000,0x000000078f600000)
  from space 512K, 43% used [0x00000007a9400000,0x00000007a9438000,0x00000007a9480000)
  to   space 4096K, 0% used [0x00000007a8c80000,0x00000007a8c80000,0x00000007a9080000)
 ParOldGen       total 173568K, used 6505K [0x00000006c2800000, 0x00000006cd180000, 0x000000076b800000)
  object space 173568K, 3% used [0x00000006c2800000,0x00000006c2e5a430,0x00000006cd180000)
 Metaspace       used 8339K, capacity 8710K, committed 8960K, reserved 1056768K
  class space    used 658K, capacity 690K, committed 768K, reserved 1048576K
Event: 6.397 GC heap after
Heap after GC invocations=21 (full 0):
 PSYoungGen      total 565760K, used 224K [0x000000076b800000, 0x00000007a9480000, 0x00000007c0000000)
  eden space 561664K, 0% used [0x000000076b800000,0x000000076b800000,0x000000078dc80000)
  from space 4096K, 5% used [0x00000007a8c80000,0x00000007a8cb8000,0x00000007a9080000)
  to   space 3584K, 0% used [0x00000007a9100000,0x00000007a9100000,0x00000007a9480000)
 ParOldGen       total 173568K, used 6505K [0x00000006c2800000, 0x00000006cd180000, 0x000000076b800000)
  object space 173568K, 3% used [0x00000006c2800000,0x00000006c2e5a430,0x00000006cd180000)
 Metaspace       used 8339K, capacity 8710K, committed 8960K, reserved 1056768K
  class space    used 658K, capacity 690K, committed 768K, reserved 1048576K
}

