# JRE version: Java(TM) SE Runtime Environment (8.0_65-b17) (build 1.8.0_65-b17)
# Java VM: Java HotSpot(TM) 64-Bit Server VM (25.65-b01 mixed mode windows-amd64 compressed oops)
Heap:
 PSYoungGen      total 821248K, used 450000K [0x000000076b800000, 0x00000007be500000, 0x00000007c0000000)
  eden space 820736K, 54% used [0x000000076b800000,0x0000000786f441d8,0x000000079d980000)
  from space 512K, 37% used [0x00000007be480000,0x00000007be4b0000,0x00000007be500000)
  to   space 8192K, 0% used [0x00000007bd500000,0x00000007bd500000,0x00000007bdd00000)
 ParOldGen       total 173568K, used 27078K [0x00000006c2800000, 0x00000006cd180000, 0x000000076b800000)
  object space 173568K, 15% used [0x00000006c2800000,0x00000006c4271ad0,0x00000006cd180000)
 Metaspace       used 8287K, capacity 8710K, committed 8960K, reserved 1056768K
  class space    used 655K, capacity 690K, committed 768K, reserved 1048576K
GC Heap History (10 events):
Event: 4.070 GC heap before
{Heap before GC invocations=16 (full 0):
 PSYoungGen      total 1052160K, used 1041632K [0x000000076b800000, 0x00000007bff00000, 0x00000007c0000000)
  eden space 1041408K, 100% used [0x000000076b800000,0x00000007ab100000,0x00000007ab100000)
  from space 10752K, 2% used [0x00000007ab100000,0x00000007ab138000,0x00000007abb80000)
  to   space 10240K, 0% used [0x00000007bf500000,0x00000007bf500000,0x00000007bff00000)
 ParOldGen       total 173568K, used 27014K [0x00000006c2800000, 0x00000006cd180000, 0x000000076b800000)
  object space 173568K, 15% used [0x00000006c2800000,0x00000006c4261ad0,0x00000006cd180000)
 Metaspace       used 8279K, capacity 8710K, committed 8960K, reserved 1056768K
  class space    used 655K, capacity 690K, committed 768K, reserved 1048576K
Event: 4.071 GC heap after
Heap after GC invocations=16 (full 0):
 PSYoungGen      total 993280K, used 256K [0x000000076b800000, 0x00000007bf580000, 0x00000007c0000000)
  eden space 992768K, 0% used [0x000000076b800000,0x000000076b800000,0x00000007a8180000)
  from space 512K, 50% used [0x00000007bf500000,0x00000007bf540000,0x00000007bf580000)
  to   space 9728K, 0% used [0x00000007be280000,0x00000007be280000,0x00000007bec00000)
 ParOldGen       total 173568K, used 27030K [0x00000006c2800000, 0x00000006cd180000, 0x000000076b800000)
  object space 173568K, 15% used [0x00000006c2800000,0x00000006c4265ad0,0x00000006cd180000)
 Metaspace       used 8279K, capacity 8710K, committed 8960K, reserved 1056768K
  class space    used 655K, capacity 690K, committed 768K, reserved 1048576K
}
Event: 4.873 GC heap before
{Heap before GC invocations=17 (full 0):
 PSYoungGen      total 993280K, used 993024K [0x000000076b800000, 0x00000007bf580000, 0x00000007c0000000)
  eden space 992768K, 100% used [0x000000076b800000,0x00000007a8180000,0x00000007a8180000)
  from space 512K, 50% used [0x00000007bf500000,0x00000007bf540000,0x00000007bf580000)
  to   space 9728K, 0% used [0x00000007be280000,0x00000007be280000,0x00000007bec00000)
 ParOldGen       total 173568K, used 27030K [0x00000006c2800000, 0x00000006cd180000, 0x000000076b800000)
  object space 173568K, 15% used [0x00000006c2800000,0x00000006c4265ad0,0x00000006cd180000)
 Metaspace       used 8280K, capacity 8710K, committed 8960K, reserved 1056768K
  class space    used 655K, capacity 690K, committed 768K, reserved 1048576K
Event: 4.874 GC heap after
Heap after GC invocations=17 (full 0):
 PSYoungGen      total 956416K, used 224K [0x000000076b800000, 0x00000007bf580000, 0x00000007c0000000)
  eden space 946688K, 0% used [0x000000076b800000,0x000000076b800000,0x00000007a5480000)
  from space 9728K, 2% used [0x00000007be280000,0x00000007be2b8000,0x00000007bec00000)
  to   space 9216K, 0% used [0x00000007bec80000,0x00000007bec80000,0x00000007bf580000)
 ParOldGen       total 173568K, used 27054K [0x00000006c2800000, 0x00000006cd180000, 0x000000076b800000)
  object space 173568K, 15% used [0x00000006c2800000,0x00000006c426bad0,0x00000006cd180000)
 Metaspace       used 8280K, capacity 8710K, committed 8960K, reserved 1056768K
  class space    used 655K, capacity 690K, committed 768K, reserved 1048576K
}
Event: 5.683 GC heap before
{Heap before GC invocations=18 (full 0):
 PSYoungGen      total 956416K, used 946912K [0x000000076b800000, 0x00000007bf580000, 0x00000007c0000000)
  eden space 946688K, 100% used [0x000000076b800000,0x00000007a5480000,0x00000007a5480000)
  from space 9728K, 2% used [0x00000007be280000,0x00000007be2b8000,0x00000007bec00000)
  to   space 9216K, 0% used [0x00000007bec80000,0x00000007bec80000,0x00000007bf580000)
 ParOldGen       total 173568K, used 27054K [0x00000006c2800000, 0x00000006cd180000, 0x000000076b800000)
  object space 173568K, 15% used [0x00000006c2800000,0x00000006c426bad0,0x00000006cd180000)
 Metaspace       used 8287K, capacity 8710K, committed 8960K, reserved 1056768K
  class space    used 655K, capacity 690K, committed 768K, reserved 1048576K
Event: 5.684 GC heap after
Heap after GC invocations=18 (full 0):
 PSYoungGen      total 903168K, used 224K [0x000000076b800000, 0x00000007bed00000, 0x00000007c0000000)
  eden space 902656K, 0% used [0x000000076b800000,0x000000076b800000,0x00000007a2980000)
  from space 512K, 43% used [0x00000007bec80000,0x00000007becb8000,0x00000007bed00000)
  to   space 9216K, 0% used [0x00000007bdb00000,0x00000007bdb00000,0x00000007be400000)
 ParOldGen       total 173568K, used 27078K [0x00000006c2800000, 0x00000006cd180000, 0x000000076b800000)
  object space 173568K, 15% used [0x00000006c2800000,0x00000006c4271ad0,0x00000006cd180000)
 Metaspace       used 8287K, capacity 8710K, committed 8960K, reserved 1056768K
  class space    used 655K, capacity 690K, committed 768K, reserved 1048576K
}
Event: 6.366 GC heap before
{Heap before GC invocations=19 (full 0):
 PSYoungGen      total 903168K, used 902880K [0x000000076b800000, 0x00000007bed00000, 0x00000007c0000000)
  eden space 902656K, 100% used [0x000000076b800000,0x00000007a2980000,0x00000007a2980000)
  from space 512K, 43% used [0x00000007bec80000,0x00000007becb8000,0x00000007bed00000)
  to   space 9216K, 0% used [0x00000007bdb00000,0x00000007bdb00000,0x00000007be400000)
 ParOldGen       total 173568K, used 27078K [0x00000006c2800000, 0x00000006cd180000, 0x000000076b800000)
  object space 173568K, 15% used [0x00000006c2800000,0x00000006c4271ad0,0x00000006cd180000)
 Metaspace       used 8287K, capacity 8710K, committed 8960K, reserved 1056768K
  class space    used 655K, capacity 690K, committed 768K, reserved 1048576K
Event: 6.367 GC heap after
Heap after GC invocations=19 (full 0):
 PSYoungGen      total 869888K, used 224K [0x000000076b800000, 0x00000007bed00000, 0x00000007c0000000)
  eden space 860672K, 0% used [0x000000076b800000,0x000000076b800000,0x00000007a0080000)
  from space 9216K, 2% used [0x00000007bdb00000,0x00000007bdb38000,0x00000007be400000)
  to   space 8704K, 0% used [0x00000007be480000,0x00000007be480000,0x00000007bed00000)
 ParOldGen       total 173568K, used 27078K [0x00000006c2800000, 0x00000006cd180000, 0x000000076b800000)
  object space 173568K, 15% used [0x00000006c2800000,0x00000006c4271ad0,0x00000006cd180000)
 Metaspace       used 8287K, capacity 8710K, committed 8960K, reserved 1056768K
  class space    used 655K, capacity 690K, committed 768K, reserved 1048576K
}
Event: 7.093 GC heap before
{Heap before GC invocations=20 (full 0):
 PSYoungGen      total 869888K, used 860896K [0x000000076b800000, 0x00000007bed00000, 0x00000007c0000000)
  eden space 860672K, 100% used [0x000000076b800000,0x00000007a0080000,0x00000007a0080000)
  from space 9216K, 2% used [0x00000007bdb00000,0x00000007bdb38000,0x00000007be400000)
  to   space 8704K, 0% used [0x00000007be480000,0x00000007be480000,0x00000007bed00000)
 ParOldGen       total 173568K, used 27078K [0x00000006c2800000, 0x00000006cd180000, 0x000000076b800000)
  object space 173568K, 15% used [0x00000006c2800000,0x00000006c4271ad0,0x00000006cd180000)
 Metaspace       used 8287K, capacity 8710K, committed 8960K, reserved 1056768K
  class space    used 655K, capacity 690K, committed 768K, reserved 1048576K
Event: 7.094 GC heap after
Heap after GC invocations=20 (full 0):
 PSYoungGen      total 821248K, used 192K [0x000000076b800000, 0x00000007be500000, 0x00000007c0000000)
  eden space 820736K, 0% used [0x000000076b800000,0x000000076b800000,0x000000079d980000)
  from space 512K, 37% used [0x00000007be480000,0x00000007be4b0000,0x00000007be500000)
  to   space 8192K, 0% used [0x00000007bd500000,0x00000007bd500000,0x00000007bdd00000)
 ParOldGen       total 173568K, used 27078K [0x00000006c2800000, 0x00000006cd180000, 0x000000076b800000)
  object space 173568K, 15% used [0x00000006c2800000,0x00000006c4271ad0,0x00000006cd180000)
 Metaspace       used 8287K, capacity 8710K, committed 8960K, reserved 1056768K
  class space    used 655K, capacity 690K, committed 768K, reserved 1048576K
}

