# JRE version: Java(TM) SE Runtime Environment (8.0_65-b17) (build 1.8.0_65-b17)
# Java VM: Java HotSpot(TM) 64-Bit Server VM (25.65-b01 mixed mode windows-amd64 compressed oops)
Heap:
 PSYoungGen      total 45568K, used 35774K [0x000000076b800000, 0x00000007bb880000, 0x00000007c0000000)
  eden space 45056K, 78% used [0x000000076b800000,0x000000076dabfbf0,0x000000076e400000)
  from space 512K, 37% used [0x00000007bb780000,0x00000007bb7b0000,0x00000007bb800000)
  to   space 512K, 0% used [0x00000007bb800000,0x00000007bb800000,0x00000007bb880000)
 ParOldGen       total 173568K, used 26780K [0x00000006c2800000, 0x00000006cd180000, 0x000000076b800000)
  object space 173568K, 15% used [0x00000006c2800000,0x00000006c4227188,0x00000006cd180000)
 Metaspace       used 8404K, capacity 8774K, committed 8960K, reserved 1056768K
  class space    used 662K, capacity 690K, committed 768K, reserved 1048576K
GC Heap History (10 events):
Event: 52.813 GC heap before
{Heap before GC invocations=567 (full 0):
 PSYoungGen      total 48128K, used 47776K [0x000000076b800000, 0x00000007bb880000, 0x00000007c0000000)
  eden space 47616K, 100% used [0x000000076b800000,0x000000076e680000,0x000000076e680000)
  from space 512K, 31% used [0x00000007bb800000,0x00000007bb828000,0x00000007bb880000)
  to   space 512K, 0% used [0x00000007bb780000,0x00000007bb780000,0x00000007bb800000)
 ParOldGen       total 173568K, used 26780K [0x00000006c2800000, 0x00000006cd180000, 0x000000076b800000)
  object space 173568K, 15% used [0x00000006c2800000,0x00000006c4227188,0x00000006cd180000)
 Metaspace       used 8404K, capacity 8774K, committed 8960K, reserved 1056768K
  class space    used 662K, capacity 690K, committed 768K, reserved 1048576K
Event: 52.814 GC heap after
Heap after GC invocations=567 (full 0):
 PSYoungGen      total 47616K, used 128K [0x000000076b800000, 0x00000007bb880000, 0x00000007c0000000)
  eden space 47104K, 0% used [0x000000076b800000,0x000000076b800000,0x000000076e600000)
  from space 512K, 25% used [0x00000007bb780000,0x00000007bb7a0000,0x00000007bb800000)
  to   space 512K, 0% used [0x00000007bb800000,0x00000007bb800000,0x00000007bb880000)
 ParOldGen       total 173568K, used 26780K [0x00000006c2800000, 0x00000006cd180000, 0x000000076b800000)
  object space 173568K, 15% used [0x00000006c2800000,0x00000006c4227188,0x00000006cd180000)
 Metaspace       used 8404K, capacity 8774K, committed 8960K, reserved 1056768K
  class space    used 662K, capacity 690K, committed 768K, reserved 1048576K
}
Event: 52.865 GC heap before
{Heap before GC invocations=568 (full 0):
 PSYoungGen      total 47616K, used 47232K [0x000000076b800000, 0x00000007bb880000, 0x00000007c0000000)
  eden space 47104K, 100% used [0x000000076b800000,0x000000076e600000,0x000000076e600000)
  from space 512K, 25% used [0x00000007bb780000,0x00000007bb7a0000,0x00000007bb800000)
  to   space 512K, 0% used [0x00000007bb800000,0x00000007bb800000,0x00000007bb880000)
 ParOldGen       total 173568K, used 26780K [0x00000006c2800000, 0x00000006cd180000, 0x000000076b800000)
  object space 173568K, 15% used [0x00000006c2800000,0x00000006c4227188,0x00000006cd180000)
 Metaspace       used 8404K, capacity 8774K, committed 8960K, reserved 1056768K
  class space    used 662K, capacity 690K, committed 768K, reserved 1048576K
Event: 52.865 GC heap after
Heap after GC invocations=568 (full 0):
 PSYoungGen      total 47104K, used 224K [0x000000076b800000, 0x00000007bb880000, 0x00000007c0000000)
  eden space 46592K, 0% used [0x000000076b800000,0x000000076b800000,0x000000076e580000)
  from space 512K, 43% used [0x00000007bb800000,0x00000007bb838000,0x00000007bb880000)
  to   space 512K, 0% used [0x00000007bb780000,0x00000007bb780000,0x00000007bb800000)
 ParOldGen       total 173568K, used 26780K [0x00000006c2800000, 0x00000006cd180000, 0x000000076b800000)
  object space 173568K, 15% used [0x00000006c2800000,0x00000006c4227188,0x00000006cd180000)
 Metaspace       used 8404K, capacity 8774K, committed 8960K, reserved 1056768K
  class space    used 662K, capacity 690K, committed 768K, reserved 1048576K
}
Event: 52.920 GC heap before
{Heap before GC invocations=569 (full 0):
 PSYoungGen      total 47104K, used 46816K [0x000000076b800000, 0x00000007bb880000, 0x00000007c0000000)
  eden space 46592K, 100% used [0x000000076b800000,0x000000076e580000,0x000000076e580000)
  from space 512K, 43% used [0x00000007bb800000,0x00000007bb838000,0x00000007bb880000)
  to   space 512K, 0% used [0x00000007bb780000,0x00000007bb780000,0x00000007bb800000)
 ParOldGen       total 173568K, used 26780K [0x00000006c2800000, 0x00000006cd180000, 0x000000076b800000)
  object space 173568K, 15% used [0x00000006c2800000,0x00000006c4227188,0x00000006cd180000)
 Metaspace       used 8404K, capacity 8774K, committed 8960K, reserved 1056768K
  class space    used 662K, capacity 690K, committed 768K, reserved 1048576K
Event: 52.920 GC heap after
Heap after GC invocations=569 (full 0):
 PSYoungGen      total 46592K, used 160K [0x000000076b800000, 0x00000007bb880000, 0x00000007c0000000)
  eden space 46080K, 0% used [0x000000076b800000,0x000000076b800000,0x000000076e500000)
  from space 512K, 31% used [0x00000007bb780000,0x00000007bb7a8000,0x00000007bb800000)
  to   space 512K, 0% used [0x00000007bb800000,0x00000007bb800000,0x00000007bb880000)
 ParOldGen       total 173568K, used 26780K [0x00000006c2800000, 0x00000006cd180000, 0x000000076b800000)
  object space 173568K, 15% used [0x00000006c2800000,0x00000006c4227188,0x00000006cd180000)
 Metaspace       used 8404K, capacity 8774K, committed 8960K, reserved 1056768K
  class space    used 662K, capacity 690K, committed 768K, reserved 1048576K
}
Event: 52.963 GC heap before
{Heap before GC invocations=570 (full 0):
 PSYoungGen      total 46592K, used 46240K [0x000000076b800000, 0x00000007bb880000, 0x00000007c0000000)
  eden space 46080K, 100% used [0x000000076b800000,0x000000076e500000,0x000000076e500000)
  from space 512K, 31% used [0x00000007bb780000,0x00000007bb7a8000,0x00000007bb800000)
  to   space 512K, 0% used [0x00000007bb800000,0x00000007bb800000,0x00000007bb880000)
 ParOldGen       total 173568K, used 26780K [0x00000006c2800000, 0x00000006cd180000, 0x000000076b800000)
  object space 173568K, 15% used [0x00000006c2800000,0x00000006c4227188,0x00000006cd180000)
 Metaspace       used 8404K, capacity 8774K, committed 8960K, reserved 1056768K
  class space    used 662K, capacity 690K, committed 768K, reserved 1048576K
Event: 52.964 GC heap after
Heap after GC invocations=570 (full 0):
 PSYoungGen      total 46080K, used 160K [0x000000076b800000, 0x00000007bb880000, 0x00000007c0000000)
  eden space 45568K, 0% used [0x000000076b800000,0x000000076b800000,0x000000076e480000)
  from space 512K, 31% used [0x00000007bb800000,0x00000007bb828000,0x00000007bb880000)
  to   space 512K, 0% used [0x00000007bb780000,0x00000007bb780000,0x00000007bb800000)
 ParOldGen       total 173568K, used 26780K [0x00000006c2800000, 0x00000006cd180000, 0x000000076b800000)
  object space 173568K, 15% used [0x00000006c2800000,0x00000006c4227188,0x00000006cd180000)
 Metaspace       used 8404K, capacity 8774K, committed 8960K, reserved 1056768K
  class space    used 662K, capacity 690K, committed 768K, reserved 1048576K
}
Event: 53.022 GC heap before
{Heap before GC invocations=571 (full 0):
 PSYoungGen      total 46080K, used 45728K [0x000000076b800000, 0x00000007bb880000, 0x00000007c0000000)
  eden space 45568K, 100% used [0x000000076b800000,0x000000076e480000,0x000000076e480000)
  from space 512K, 31% used [0x00000007bb800000,0x00000007bb828000,0x00000007bb880000)
  to   space 512K, 0% used [0x00000007bb780000,0x00000007bb780000,0x00000007bb800000)
 ParOldGen       total 173568K, used 26780K [0x00000006c2800000, 0x00000006cd180000, 0x000000076b800000)
  object space 173568K, 15% used [0x00000006c2800000,0x00000006c4227188,0x00000006cd180000)
 Metaspace       used 8404K, capacity 8774K, committed 8960K, reserved 1056768K
  class space    used 662K, capacity 690K, committed 768K, reserved 1048576K
Event: 53.022 GC heap after
Heap after GC invocations=571 (full 0):
 PSYoungGen      total 45568K, used 192K [0x000000076b800000, 0x00000007bb880000, 0x00000007c0000000)
  eden space 45056K, 0% used [0x000000076b800000,0x000000076b800000,0x000000076e400000)
  from space 512K, 37% used [0x00000007bb780000,0x00000007bb7b0000,0x00000007bb800000)
  to   space 512K, 0% used [0x00000007bb800000,0x00000007bb800000,0x00000007bb880000)
 ParOldGen       total 173568K, used 26780K [0x00000006c2800000, 0x00000006cd180000, 0x000000076b800000)
  object space 173568K, 15% used [0x00000006c2800000,0x00000006c4227188,0x00000006cd180000)
 Metaspace       used 8404K, capacity 8774K, committed 8960K, reserved 1056768K
  class space    used 662K, capacity 690K, committed 768K, reserved 1048576K
}

