# JRE version: Java(TM) SE Runtime Environment (8.0_65-b17) (build 1.8.0_65-b17)
# Java VM: Java HotSpot(TM) 64-Bit Server VM (25.65-b01 mixed mode windows-amd64 compressed oops)
Heap:
 PSYoungGen      total 1367552K, used 268354K [0x000000076b800000, 0x00000007bfd80000, 0x00000007c0000000)
  eden space 1355264K, 19% used [0x000000076b800000,0x000000077bdd8950,0x00000007be380000)
  from space 12288K, 1% used [0x00000007bf180000,0x00000007bf1b8000,0x00000007bfd80000)
  to   space 13312K, 0% used [0x00000007be380000,0x00000007be380000,0x00000007bf080000)
 ParOldGen       total 173568K, used 36733K [0x00000006c2800000, 0x00000006cd180000, 0x000000076b800000)
  object space 173568K, 21% used [0x00000006c2800000,0x00000006c4bdf4e0,0x00000006cd180000)
 Metaspace       used 8317K, capacity 8710K, committed 8960K, reserved 1056768K
  class space    used 658K, capacity 690K, committed 768K, reserved 1048576K
GC Heap History (10 events):
Event: 1.801 GC heap before
{Heap before GC invocations=12 (full 0):
 PSYoungGen      total 422912K, used 406720K [0x000000076b800000, 0x0000000795280000, 0x00000007c0000000)
  eden space 406528K, 100% used [0x000000076b800000,0x0000000784500000,0x0000000784500000)
  from space 16384K, 1% used [0x0000000784500000,0x0000000784530000,0x0000000785500000)
  to   space 15872K, 0% used [0x0000000794300000,0x0000000794300000,0x0000000795280000)
 ParOldGen       total 173568K, used 36621K [0x00000006c2800000, 0x00000006cd180000, 0x000000076b800000)
  object space 173568K, 21% used [0x00000006c2800000,0x00000006c4bc34e0,0x00000006cd180000)
 Metaspace       used 8268K, capacity 8646K, committed 8960K, reserved 1056768K
  class space    used 658K, capacity 690K, committed 768K, reserved 1048576K
Event: 1.802 GC heap after
Heap after GC invocations=12 (full 0):
 PSYoungGen      total 665600K, used 224K [0x000000076b800000, 0x0000000795180000, 0x00000007c0000000)
  eden space 650752K, 0% used [0x000000076b800000,0x000000076b800000,0x0000000793380000)
  from space 14848K, 1% used [0x0000000794300000,0x0000000794338000,0x0000000795180000)
  to   space 15360K, 0% used [0x0000000793380000,0x0000000793380000,0x0000000794280000)
 ParOldGen       total 173568K, used 36669K [0x00000006c2800000, 0x00000006cd180000, 0x000000076b800000)
  object space 173568K, 21% used [0x00000006c2800000,0x00000006c4bcf4e0,0x00000006cd180000)
 Metaspace       used 8268K, capacity 8646K, committed 8960K, reserved 1056768K
  class space    used 658K, capacity 690K, committed 768K, reserved 1048576K
}
Event: 2.121 GC heap before
{Heap before GC invocations=13 (full 0):
 PSYoungGen      total 665600K, used 650976K [0x000000076b800000, 0x0000000795180000, 0x00000007c0000000)
  eden space 650752K, 100% used [0x000000076b800000,0x0000000793380000,0x0000000793380000)
  from space 14848K, 1% used [0x0000000794300000,0x0000000794338000,0x0000000795180000)
  to   space 15360K, 0% used [0x0000000793380000,0x0000000793380000,0x0000000794280000)
 ParOldGen       total 173568K, used 36669K [0x00000006c2800000, 0x00000006cd180000, 0x000000076b800000)
  object space 173568K, 21% used [0x00000006c2800000,0x00000006c4bcf4e0,0x00000006cd180000)
 Metaspace       used 8275K, capacity 8646K, committed 8960K, reserved 1056768K
  class space    used 658K, capacity 690K, committed 768K, reserved 1048576K
Event: 2.122 GC heap after
Heap after GC invocations=13 (full 0):
 PSYoungGen      total 666112K, used 160K [0x000000076b800000, 0x00000007acf00000, 0x00000007c0000000)
  eden space 650752K, 0% used [0x000000076b800000,0x000000076b800000,0x0000000793380000)
  from space 15360K, 1% used [0x0000000793380000,0x00000007933a8000,0x0000000794280000)
  to   space 15360K, 0% used [0x00000007ac000000,0x00000007ac000000,0x00000007acf00000)
 ParOldGen       total 173568K, used 36677K [0x00000006c2800000, 0x00000006cd180000, 0x000000076b800000)
  object space 173568K, 21% used [0x00000006c2800000,0x00000006c4bd14e0,0x00000006cd180000)
 Metaspace       used 8275K, capacity 8646K, committed 8960K, reserved 1056768K
  class space    used 658K, capacity 690K, committed 768K, reserved 1048576K
}
Event: 2.404 GC heap before
{Heap before GC invocations=14 (full 0):
 PSYoungGen      total 666112K, used 650912K [0x000000076b800000, 0x00000007acf00000, 0x00000007c0000000)
  eden space 650752K, 100% used [0x000000076b800000,0x0000000793380000,0x0000000793380000)
  from space 15360K, 1% used [0x0000000793380000,0x00000007933a8000,0x0000000794280000)
  to   space 15360K, 0% used [0x00000007ac000000,0x00000007ac000000,0x00000007acf00000)
 ParOldGen       total 173568K, used 36677K [0x00000006c2800000, 0x00000006cd180000, 0x000000076b800000)
  object space 173568K, 21% used [0x00000006c2800000,0x00000006c4bd14e0,0x00000006cd180000)
 Metaspace       used 8283K, capacity 8646K, committed 8960K, reserved 1056768K
  class space    used 658K, capacity 690K, committed 768K, reserved 1048576K
Event: 2.405 GC heap after
Heap after GC invocations=14 (full 0):
 PSYoungGen      total 1055744K, used 160K [0x000000076b800000, 0x00000007ace00000, 0x00000007c0000000)
  eden space 1041408K, 0% used [0x000000076b800000,0x000000076b800000,0x00000007ab100000)
  from space 14336K, 1% used [0x00000007ac000000,0x00000007ac028000,0x00000007ace00000)
  to   space 14848K, 0% used [0x00000007ab100000,0x00000007ab100000,0x00000007abf80000)
 ParOldGen       total 173568K, used 36685K [0x00000006c2800000, 0x00000006cd180000, 0x000000076b800000)
  object space 173568K, 21% used [0x00000006c2800000,0x00000006c4bd34e0,0x00000006cd180000)
 Metaspace       used 8283K, capacity 8646K, committed 8960K, reserved 1056768K
  class space    used 658K, capacity 690K, committed 768K, reserved 1048576K
}
Event: 3.190 GC heap before
{Heap before GC invocations=15 (full 0):
 PSYoungGen      total 1055744K, used 1041568K [0x000000076b800000, 0x00000007ace00000, 0x00000007c0000000)
  eden space 1041408K, 100% used [0x000000076b800000,0x00000007ab100000,0x00000007ab100000)
  from space 14336K, 1% used [0x00000007ac000000,0x00000007ac028000,0x00000007ace00000)
  to   space 14848K, 0% used [0x00000007ab100000,0x00000007ab100000,0x00000007abf80000)
 ParOldGen       total 173568K, used 36685K [0x00000006c2800000, 0x00000006cd180000, 0x000000076b800000)
  object space 173568K, 21% used [0x00000006c2800000,0x00000006c4bd34e0,0x00000006cd180000)
 Metaspace       used 8306K, capacity 8710K, committed 8960K, reserved 1056768K
  class space    used 658K, capacity 690K, committed 768K, reserved 1048576K
Event: 3.191 GC heap after
Heap after GC invocations=15 (full 0):
 PSYoungGen      total 1056256K, used 224K [0x000000076b800000, 0x00000007bff80000, 0x00000007c0000000)
  eden space 1041408K, 0% used [0x000000076b800000,0x000000076b800000,0x00000007ab100000)
  from space 14848K, 1% used [0x00000007ab100000,0x00000007ab138000,0x00000007abf80000)
  to   space 14336K, 0% used [0x00000007bf180000,0x00000007bf180000,0x00000007bff80000)
 ParOldGen       total 173568K, used 36701K [0x00000006c2800000, 0x00000006cd180000, 0x000000076b800000)
  object space 173568K, 21% used [0x00000006c2800000,0x00000006c4bd74e0,0x00000006cd180000)
 Metaspace       used 8306K, capacity 8710K, committed 8960K, reserved 1056768K
  class space    used 658K, capacity 690K, committed 768K, reserved 1048576K
}
Event: 4.145 GC heap before
{Heap before GC invocations=16 (full 0):
 PSYoungGen      total 1056256K, used 1041632K [0x000000076b800000, 0x00000007bff80000, 0x00000007c0000000)
  eden space 1041408K, 100% used [0x000000076b800000,0x00000007ab100000,0x00000007ab100000)
  from space 14848K, 1% used [0x00000007ab100000,0x00000007ab138000,0x00000007abf80000)
  to   space 14336K, 0% used [0x00000007bf180000,0x00000007bf180000,0x00000007bff80000)
 ParOldGen       total 173568K, used 36701K [0x00000006c2800000, 0x00000006cd180000, 0x000000076b800000)
  object space 173568K, 21% used [0x00000006c2800000,0x00000006c4bd74e0,0x00000006cd180000)
 Metaspace       used 8316K, capacity 8710K, committed 8960K, reserved 1056768K
  class space    used 658K, capacity 690K, committed 768K, reserved 1048576K
Event: 4.145 GC heap after
Heap after GC invocations=16 (full 0):
 PSYoungGen      total 1367552K, used 224K [0x000000076b800000, 0x00000007bfd80000, 0x00000007c0000000)
  eden space 1355264K, 0% used [0x000000076b800000,0x000000076b800000,0x00000007be380000)
  from space 12288K, 1% used [0x00000007bf180000,0x00000007bf1b8000,0x00000007bfd80000)
  to   space 13312K, 0% used [0x00000007be380000,0x00000007be380000,0x00000007bf080000)
 ParOldGen       total 173568K, used 36733K [0x00000006c2800000, 0x00000006cd180000, 0x000000076b800000)
  object space 173568K, 21% used [0x00000006c2800000,0x00000006c4bdf4e0,0x00000006cd180000)
 Metaspace       used 8316K, capacity 8710K, committed 8960K, reserved 1056768K
  class space    used 658K, capacity 690K, committed 768K, reserved 1048576K
}

