# JRE version: Java(TM) SE Runtime Environment (8.0_65-b17) (build 1.8.0_65-b17)
# Java VM: Java HotSpot(TM) 64-Bit Server VM (25.65-b01 mixed mode windows-amd64 compressed oops)
Heap:
 PSYoungGen      total 207360K, used 172228K [0x000000076b800000, 0x0000000784b80000, 0x00000007c0000000)
  eden space 205312K, 83% used [0x000000076b800000,0x00000007760192e0,0x0000000778080000)
  from space 2048K, 4% used [0x0000000784780000,0x0000000784798000,0x0000000784980000)
  to   space 2048K, 0% used [0x0000000784980000,0x0000000784980000,0x0000000784b80000)
 ParOldGen       total 173568K, used 1242K [0x00000006c2800000, 0x00000006cd180000, 0x000000076b800000)
  object space 173568K, 0% used [0x00000006c2800000,0x00000006c2936a50,0x00000006cd180000)
 Metaspace       used 7976K, capacity 8486K, committed 8704K, reserved 1056768K
  class space    used 641K, capacity 658K, committed 768K, reserved 1048576K
GC Heap History (10 events):
Event: 1.315 GC heap before
{Heap before GC invocations=11 (full 0):
 PSYoungGen      total 249344K, used 248928K [0x000000076b800000, 0x0000000784f80000, 0x00000007c0000000)
  eden space 248832K, 100% used [0x000000076b800000,0x000000077ab00000,0x000000077ab00000)
  from space 512K, 18% used [0x0000000784f00000,0x0000000784f18000,0x0000000784f80000)
  to   space 2560K, 0% used [0x0000000784a80000,0x0000000784a80000,0x0000000784d00000)
 ParOldGen       total 173568K, used 1234K [0x00000006c2800000, 0x00000006cd180000, 0x000000076b800000)
  object space 173568K, 0% used [0x00000006c2800000,0x00000006c2934a50,0x00000006cd180000)
 Metaspace       used 7973K, capacity 8486K, committed 8704K, reserved 1056768K
  class space    used 641K, capacity 658K, committed 768K, reserved 1048576K
Event: 1.316 GC heap after
Heap after GC invocations=11 (full 0):
 PSYoungGen      total 241664K, used 64K [0x000000076b800000, 0x0000000784f80000, 0x00000007c0000000)
  eden space 239104K, 0% used [0x000000076b800000,0x000000076b800000,0x000000077a180000)
  from space 2560K, 2% used [0x0000000784a80000,0x0000000784a90000,0x0000000784d00000)
  to   space 2560K, 0% used [0x0000000784d00000,0x0000000784d00000,0x0000000784f80000)
 ParOldGen       total 173568K, used 1242K [0x00000006c2800000, 0x00000006cd180000, 0x000000076b800000)
  object space 173568K, 0% used [0x00000006c2800000,0x00000006c2936a50,0x00000006cd180000)
 Metaspace       used 7973K, capacity 8486K, committed 8704K, reserved 1056768K
  class space    used 641K, capacity 658K, committed 768K, reserved 1048576K
}
Event: 1.502 GC heap before
{Heap before GC invocations=12 (full 0):
 PSYoungGen      total 241664K, used 239168K [0x000000076b800000, 0x0000000784f80000, 0x00000007c0000000)
  eden space 239104K, 100% used [0x000000076b800000,0x000000077a180000,0x000000077a180000)
  from space 2560K, 2% used [0x0000000784a80000,0x0000000784a90000,0x0000000784d00000)
  to   space 2560K, 0% used [0x0000000784d00000,0x0000000784d00000,0x0000000784f80000)
 ParOldGen       total 173568K, used 1242K [0x00000006c2800000, 0x00000006cd180000, 0x000000076b800000)
  object space 173568K, 0% used [0x00000006c2800000,0x00000006c2936a50,0x00000006cd180000)
 Metaspace       used 7973K, capacity 8486K, committed 8704K, reserved 1056768K
  class space    used 641K, capacity 658K, committed 768K, reserved 1048576K
Event: 1.503 GC heap after
Heap after GC invocations=12 (full 0):
 PSYoungGen      total 230400K, used 64K [0x000000076b800000, 0x0000000784d80000, 0x00000007c0000000)
  eden space 229888K, 0% used [0x000000076b800000,0x000000076b800000,0x0000000779880000)
  from space 512K, 12% used [0x0000000784d00000,0x0000000784d10000,0x0000000784d80000)
  to   space 2560K, 0% used [0x0000000784880000,0x0000000784880000,0x0000000784b00000)
 ParOldGen       total 173568K, used 1242K [0x00000006c2800000, 0x00000006cd180000, 0x000000076b800000)
  object space 173568K, 0% used [0x00000006c2800000,0x00000006c2936a50,0x00000006cd180000)
 Metaspace       used 7973K, capacity 8486K, committed 8704K, reserved 1056768K
  class space    used 641K, capacity 658K, committed 768K, reserved 1048576K
}
Event: 1.681 GC heap before
{Heap before GC invocations=13 (full 0):
 PSYoungGen      total 230400K, used 229952K [0x000000076b800000, 0x0000000784d80000, 0x00000007c0000000)
  eden space 229888K, 100% used [0x000000076b800000,0x0000000779880000,0x0000000779880000)
  from space 512K, 12% used [0x0000000784d00000,0x0000000784d10000,0x0000000784d80000)
  to   space 2560K, 0% used [0x0000000784880000,0x0000000784880000,0x0000000784b00000)
 ParOldGen       total 173568K, used 1242K [0x00000006c2800000, 0x00000006cd180000, 0x000000076b800000)
  object space 173568K, 0% used [0x00000006c2800000,0x00000006c2936a50,0x00000006cd180000)
 Metaspace       used 7974K, capacity 8486K, committed 8704K, reserved 1056768K
  class space    used 641K, capacity 658K, committed 768K, reserved 1048576K
Event: 1.681 GC heap after
Heap after GC invocations=13 (full 0):
 PSYoungGen      total 223744K, used 96K [0x000000076b800000, 0x0000000784d80000, 0x00000007c0000000)
  eden space 221184K, 0% used [0x000000076b800000,0x000000076b800000,0x0000000779000000)
  from space 2560K, 3% used [0x0000000784880000,0x0000000784898000,0x0000000784b00000)
  to   space 2560K, 0% used [0x0000000784b00000,0x0000000784b00000,0x0000000784d80000)
 ParOldGen       total 173568K, used 1242K [0x00000006c2800000, 0x00000006cd180000, 0x000000076b800000)
  object space 173568K, 0% used [0x00000006c2800000,0x00000006c2936a50,0x00000006cd180000)
 Metaspace       used 7974K, capacity 8486K, committed 8704K, reserved 1056768K
  class space    used 641K, capacity 658K, committed 768K, reserved 1048576K
}
Event: 1.855 GC heap before
{Heap before GC invocations=14 (full 0):
 PSYoungGen      total 223744K, used 221280K [0x000000076b800000, 0x0000000784d80000, 0x00000007c0000000)
  eden space 221184K, 100% used [0x000000076b800000,0x0000000779000000,0x0000000779000000)
  from space 2560K, 3% used [0x0000000784880000,0x0000000784898000,0x0000000784b00000)
  to   space 2560K, 0% used [0x0000000784b00000,0x0000000784b00000,0x0000000784d80000)
 ParOldGen       total 173568K, used 1242K [0x00000006c2800000, 0x00000006cd180000, 0x000000076b800000)
  object space 173568K, 0% used [0x00000006c2800000,0x00000006c2936a50,0x00000006cd180000)
 Metaspace       used 7975K, capacity 8486K, committed 8704K, reserved 1056768K
  class space    used 641K, capacity 658K, committed 768K, reserved 1048576K
Event: 1.855 GC heap after
Heap after GC invocations=14 (full 0):
 PSYoungGen      total 213504K, used 64K [0x000000076b800000, 0x0000000784b80000, 0x00000007c0000000)
  eden space 212992K, 0% used [0x000000076b800000,0x000000076b800000,0x0000000778800000)
  from space 512K, 12% used [0x0000000784b00000,0x0000000784b10000,0x0000000784b80000)
  to   space 2048K, 0% used [0x0000000784780000,0x0000000784780000,0x0000000784980000)
 ParOldGen       total 173568K, used 1242K [0x00000006c2800000, 0x00000006cd180000, 0x000000076b800000)
  object space 173568K, 0% used [0x00000006c2800000,0x00000006c2936a50,0x00000006cd180000)
 Metaspace       used 7975K, capacity 8486K, committed 8704K, reserved 1056768K
  class space    used 641K, capacity 658K, committed 768K, reserved 1048576K
}
Event: 2.049 GC heap before
{Heap before GC invocations=15 (full 0):
 PSYoungGen      total 213504K, used 213056K [0x000000076b800000, 0x0000000784b80000, 0x00000007c0000000)
  eden space 212992K, 100% used [0x000000076b800000,0x0000000778800000,0x0000000778800000)
  from space 512K, 12% used [0x0000000784b00000,0x0000000784b10000,0x0000000784b80000)
  to   space 2048K, 0% used [0x0000000784780000,0x0000000784780000,0x0000000784980000)
 ParOldGen       total 173568K, used 1242K [0x00000006c2800000, 0x00000006cd180000, 0x000000076b800000)
  object space 173568K, 0% used [0x00000006c2800000,0x00000006c2936a50,0x00000006cd180000)
 Metaspace       used 7975K, capacity 8486K, committed 8704K, reserved 1056768K
  class space    used 641K, capacity 658K, committed 768K, reserved 1048576K
Event: 2.050 GC heap after
Heap after GC invocations=15 (full 0):
 PSYoungGen      total 207360K, used 96K [0x000000076b800000, 0x0000000784b80000, 0x00000007c0000000)
  eden space 205312K, 0% used [0x000000076b800000,0x000000076b800000,0x0000000778080000)
  from space 2048K, 4% used [0x0000000784780000,0x0000000784798000,0x0000000784980000)
  to   space 2048K, 0% used [0x0000000784980000,0x0000000784980000,0x0000000784b80000)
 ParOldGen       total 173568K, used 1242K [0x00000006c2800000, 0x00000006cd180000, 0x000000076b800000)
  object space 173568K, 0% used [0x00000006c2800000,0x00000006c2936a50,0x00000006cd180000)
 Metaspace       used 7975K, capacity 8486K, committed 8704K, reserved 1056768K
  class space    used 641K, capacity 658K, committed 768K, reserved 1048576K
}

