# JRE version: Java(TM) SE Runtime Environment (8.0_65-b17) (build 1.8.0_65-b17)
# Java VM: Java HotSpot(TM) 64-Bit Server VM (25.65-b01 mixed mode windows-amd64 compressed oops)
Heap:
 PSYoungGen      total 46080K, used 5173K [0x000000076b800000, 0x000000078a380000, 0x00000007c0000000)
  eden space 45568K, 11% used [0x000000076b800000,0x000000076bcfd570,0x000000076e480000)
  from space 512K, 12% used [0x000000078a280000,0x000000078a290000,0x000000078a300000)
  to   space 512K, 0% used [0x000000078a300000,0x000000078a300000,0x000000078a380000)
 ParOldGen       total 173568K, used 1836K [0x00000006c2800000, 0x00000006cd180000, 0x000000076b800000)
  object space 173568K, 1% used [0x00000006c2800000,0x00000006c29cb2a8,0x00000006cd180000)
 Metaspace       used 7978K, capacity 8550K, committed 8704K, reserved 1056768K
  class space    used 642K, capacity 658K, committed 768K, reserved 1048576K
GC Heap History (10 events):
Event: 11.788 GC heap before
{Heap before GC invocations=152 (full 0):
 PSYoungGen      total 49664K, used 49216K [0x000000076b800000, 0x000000078a380000, 0x00000007c0000000)
  eden space 49152K, 100% used [0x000000076b800000,0x000000076e800000,0x000000076e800000)
  from space 512K, 12% used [0x000000078a280000,0x000000078a290000,0x000000078a300000)
  to   space 512K, 0% used [0x000000078a300000,0x000000078a300000,0x000000078a380000)
 ParOldGen       total 173568K, used 1828K [0x00000006c2800000, 0x00000006cd180000, 0x000000076b800000)
  object space 173568K, 1% used [0x00000006c2800000,0x00000006c29c92a8,0x00000006cd180000)
 Metaspace       used 7978K, capacity 8550K, committed 8704K, reserved 1056768K
  class space    used 642K, capacity 658K, committed 768K, reserved 1048576K
Event: 11.788 GC heap after
Heap after GC invocations=152 (full 0):
 PSYoungGen      total 48640K, used 32K [0x000000076b800000, 0x000000078a380000, 0x00000007c0000000)
  eden space 48128K, 0% used [0x000000076b800000,0x000000076b800000,0x000000076e700000)
  from space 512K, 6% used [0x000000078a300000,0x000000078a308000,0x000000078a380000)
  to   space 512K, 0% used [0x000000078a280000,0x000000078a280000,0x000000078a300000)
 ParOldGen       total 173568K, used 1828K [0x00000006c2800000, 0x00000006cd180000, 0x000000076b800000)
  object space 173568K, 1% used [0x00000006c2800000,0x00000006c29c92a8,0x00000006cd180000)
 Metaspace       used 7978K, capacity 8550K, committed 8704K, reserved 1056768K
  class space    used 642K, capacity 658K, committed 768K, reserved 1048576K
}
Event: 11.837 GC heap before
{Heap before GC invocations=153 (full 0):
 PSYoungGen      total 48640K, used 48160K [0x000000076b800000, 0x000000078a380000, 0x00000007c0000000)
  eden space 48128K, 100% used [0x000000076b800000,0x000000076e700000,0x000000076e700000)
  from space 512K, 6% used [0x000000078a300000,0x000000078a308000,0x000000078a380000)
  to   space 512K, 0% used [0x000000078a280000,0x000000078a280000,0x000000078a300000)
 ParOldGen       total 173568K, used 1828K [0x00000006c2800000, 0x00000006cd180000, 0x000000076b800000)
  object space 173568K, 1% used [0x00000006c2800000,0x00000006c29c92a8,0x00000006cd180000)
 Metaspace       used 7978K, capacity 8550K, committed 8704K, reserved 1056768K
  class space    used 642K, capacity 658K, committed 768K, reserved 1048576K
Event: 11.838 GC heap after
Heap after GC invocations=153 (full 0):
 PSYoungGen      total 48128K, used 64K [0x000000076b800000, 0x000000078a380000, 0x00000007c0000000)
  eden space 47616K, 0% used [0x000000076b800000,0x000000076b800000,0x000000076e680000)
  from space 512K, 12% used [0x000000078a280000,0x000000078a290000,0x000000078a300000)
  to   space 512K, 0% used [0x000000078a300000,0x000000078a300000,0x000000078a380000)
 ParOldGen       total 173568K, used 1828K [0x00000006c2800000, 0x00000006cd180000, 0x000000076b800000)
  object space 173568K, 1% used [0x00000006c2800000,0x00000006c29c92a8,0x00000006cd180000)
 Metaspace       used 7978K, capacity 8550K, committed 8704K, reserved 1056768K
  class space    used 642K, capacity 658K, committed 768K, reserved 1048576K
}
Event: 11.884 GC heap before
{Heap before GC invocations=154 (full 0):
 PSYoungGen      total 48128K, used 47680K [0x000000076b800000, 0x000000078a380000, 0x00000007c0000000)
  eden space 47616K, 100% used [0x000000076b800000,0x000000076e680000,0x000000076e680000)
  from space 512K, 12% used [0x000000078a280000,0x000000078a290000,0x000000078a300000)
  to   space 512K, 0% used [0x000000078a300000,0x000000078a300000,0x000000078a380000)
 ParOldGen       total 173568K, used 1828K [0x00000006c2800000, 0x00000006cd180000, 0x000000076b800000)
  object space 173568K, 1% used [0x00000006c2800000,0x00000006c29c92a8,0x00000006cd180000)
 Metaspace       used 7978K, capacity 8550K, committed 8704K, reserved 1056768K
  class space    used 642K, capacity 658K, committed 768K, reserved 1048576K
Event: 11.884 GC heap after
Heap after GC invocations=154 (full 0):
 PSYoungGen      total 47616K, used 64K [0x000000076b800000, 0x000000078a380000, 0x00000007c0000000)
  eden space 47104K, 0% used [0x000000076b800000,0x000000076b800000,0x000000076e600000)
  from space 512K, 12% used [0x000000078a300000,0x000000078a310000,0x000000078a380000)
  to   space 512K, 0% used [0x000000078a280000,0x000000078a280000,0x000000078a300000)
 ParOldGen       total 173568K, used 1828K [0x00000006c2800000, 0x00000006cd180000, 0x000000076b800000)
  object space 173568K, 1% used [0x00000006c2800000,0x00000006c29c92a8,0x00000006cd180000)
 Metaspace       used 7978K, capacity 8550K, committed 8704K, reserved 1056768K
  class space    used 642K, capacity 658K, committed 768K, reserved 1048576K
}
Event: 11.933 GC heap before
{Heap before GC invocations=155 (full 0):
 PSYoungGen      total 47616K, used 47168K [0x000000076b800000, 0x000000078a380000, 0x00000007c0000000)
  eden space 47104K, 100% used [0x000000076b800000,0x000000076e600000,0x000000076e600000)
  from space 512K, 12% used [0x000000078a300000,0x000000078a310000,0x000000078a380000)
  to   space 512K, 0% used [0x000000078a280000,0x000000078a280000,0x000000078a300000)
 ParOldGen       total 173568K, used 1828K [0x00000006c2800000, 0x00000006cd180000, 0x000000076b800000)
  object space 173568K, 1% used [0x00000006c2800000,0x00000006c29c92a8,0x00000006cd180000)
 Metaspace       used 7978K, capacity 8550K, committed 8704K, reserved 1056768K
  class space    used 642K, capacity 658K, committed 768K, reserved 1048576K
Event: 11.933 GC heap after
Heap after GC invocations=155 (full 0):
 PSYoungGen      total 47104K, used 96K [0x000000076b800000, 0x000000078a380000, 0x00000007c0000000)
  eden space 46592K, 0% used [0x000000076b800000,0x000000076b800000,0x000000076e580000)
  from space 512K, 18% used [0x000000078a280000,0x000000078a298000,0x000000078a300000)
  to   space 512K, 0% used [0x000000078a300000,0x000000078a300000,0x000000078a380000)
 ParOldGen       total 173568K, used 1828K [0x00000006c2800000, 0x00000006cd180000, 0x000000076b800000)
  object space 173568K, 1% used [0x00000006c2800000,0x00000006c29c92a8,0x00000006cd180000)
 Metaspace       used 7978K, capacity 8550K, committed 8704K, reserved 1056768K
  class space    used 642K, capacity 658K, committed 768K, reserved 1048576K
}
Event: 11.983 GC heap before
{Heap before GC invocations=156 (full 0):
 PSYoungGen      total 47104K, used 46688K [0x000000076b800000, 0x000000078a380000, 0x00000007c0000000)
  eden space 46592K, 100% used [0x000000076b800000,0x000000076e580000,0x000000076e580000)
  from space 512K, 18% used [0x000000078a280000,0x000000078a298000,0x000000078a300000)
  to   space 512K, 0% used [0x000000078a300000,0x000000078a300000,0x000000078a380000)
 ParOldGen       total 173568K, used 1828K [0x00000006c2800000, 0x00000006cd180000, 0x000000076b800000)
  object space 173568K, 1% used [0x00000006c2800000,0x00000006c29c92a8,0x00000006cd180000)
 Metaspace       used 7978K, capacity 8550K, committed 8704K, reserved 1056768K
  class space    used 642K, capacity 658K, committed 768K, reserved 1048576K
Event: 11.984 GC heap after
Heap after GC invocations=156 (full 0):
 PSYoungGen      total 46592K, used 64K [0x000000076b800000, 0x000000078a380000, 0x00000007c0000000)
  eden space 46080K, 0% used [0x000000076b800000,0x000000076b800000,0x000000076e500000)
  from space 512K, 12% used [0x000000078a300000,0x000000078a310000,0x000000078a380000)
  to   space 512K, 0% used [0x000000078a280000,0x000000078a280000,0x000000078a300000)
 ParOldGen       total 173568K, used 1836K [0x00000006c2800000, 0x00000006cd180000, 0x000000076b800000)
  object space 173568K, 1% used [0x00000006c2800000,0x00000006c29cb2a8,0x00000006cd180000)
 Metaspace       used 7978K, capacity 8550K, committed 8704K, reserved 1056768K
  class space    used 642K, capacity 658K, committed 768K, reserved 1048576K
}

