# JRE version: Java(TM) SE Runtime Environment (8.0_65-b17) (build 1.8.0_65-b17)
# Java VM: Java HotSpot(TM) 64-Bit Server VM (25.65-b01 mixed mode windows-amd64 compressed oops)
Heap:
 PSYoungGen      total 125440K, used 51250K [0x000000076b800000, 0x0000000782100000, 0x00000007c0000000)
  eden space 124416K, 41% used [0x000000076b800000,0x000000076e9f4a08,0x0000000773180000)
  from space 1024K, 9% used [0x0000000781f00000,0x0000000781f18000,0x0000000782000000)
  to   space 1024K, 0% used [0x0000000782000000,0x0000000782000000,0x0000000782100000)
 ParOldGen       total 173568K, used 1400K [0x00000006c2800000, 0x00000006cd180000, 0x000000076b800000)
  object space 173568K, 0% used [0x00000006c2800000,0x00000006c295e070,0x00000006cd180000)
 Metaspace       used 8070K, capacity 8614K, committed 8960K, reserved 1056768K
  class space    used 644K, capacity 658K, committed 768K, reserved 1048576K
GC Heap History (10 events):
Event: 4.256 GC heap before
{Heap before GC invocations=25 (full 0):
 PSYoungGen      total 146944K, used 146624K [0x000000076b800000, 0x0000000782280000, 0x00000007c0000000)
  eden space 146432K, 100% used [0x000000076b800000,0x0000000774700000,0x0000000774700000)
  from space 512K, 37% used [0x0000000782200000,0x0000000782230000,0x0000000782280000)
  to   space 1536K, 0% used [0x0000000781f80000,0x0000000781f80000,0x0000000782100000)
 ParOldGen       total 173568K, used 1360K [0x00000006c2800000, 0x00000006cd180000, 0x000000076b800000)
  object space 173568K, 0% used [0x00000006c2800000,0x00000006c2954070,0x00000006cd180000)
 Metaspace       used 8069K, capacity 8614K, committed 8960K, reserved 1056768K
  class space    used 644K, capacity 658K, committed 768K, reserved 1048576K
Event: 4.257 GC heap after
Heap after GC invocations=25 (full 0):
 PSYoungGen      total 143360K, used 128K [0x000000076b800000, 0x0000000782280000, 0x00000007c0000000)
  eden space 141824K, 0% used [0x000000076b800000,0x000000076b800000,0x0000000774280000)
  from space 1536K, 8% used [0x0000000781f80000,0x0000000781fa0000,0x0000000782100000)
  to   space 1536K, 0% used [0x0000000782100000,0x0000000782100000,0x0000000782280000)
 ParOldGen       total 173568K, used 1376K [0x00000006c2800000, 0x00000006cd180000, 0x000000076b800000)
  object space 173568K, 0% used [0x00000006c2800000,0x00000006c2958070,0x00000006cd180000)
 Metaspace       used 8069K, capacity 8614K, committed 8960K, reserved 1056768K
  class space    used 644K, capacity 658K, committed 768K, reserved 1048576K
}
Event: 4.420 GC heap before
{Heap before GC invocations=26 (full 0):
 PSYoungGen      total 143360K, used 141952K [0x000000076b800000, 0x0000000782280000, 0x00000007c0000000)
  eden space 141824K, 100% used [0x000000076b800000,0x0000000774280000,0x0000000774280000)
  from space 1536K, 8% used [0x0000000781f80000,0x0000000781fa0000,0x0000000782100000)
  to   space 1536K, 0% used [0x0000000782100000,0x0000000782100000,0x0000000782280000)
 ParOldGen       total 173568K, used 1376K [0x00000006c2800000, 0x00000006cd180000, 0x000000076b800000)
  object space 173568K, 0% used [0x00000006c2800000,0x00000006c2958070,0x00000006cd180000)
 Metaspace       used 8069K, capacity 8614K, committed 8960K, reserved 1056768K
  class space    used 644K, capacity 658K, committed 768K, reserved 1048576K
Event: 4.421 GC heap after
Heap after GC invocations=26 (full 0):
 PSYoungGen      total 137728K, used 160K [0x000000076b800000, 0x0000000782180000, 0x00000007c0000000)
  eden space 137216K, 0% used [0x000000076b800000,0x000000076b800000,0x0000000773e00000)
  from space 512K, 31% used [0x0000000782100000,0x0000000782128000,0x0000000782180000)
  to   space 1024K, 0% used [0x0000000781f80000,0x0000000781f80000,0x0000000782080000)
 ParOldGen       total 173568K, used 1400K [0x00000006c2800000, 0x00000006cd180000, 0x000000076b800000)
  object space 173568K, 0% used [0x00000006c2800000,0x00000006c295e070,0x00000006cd180000)
 Metaspace       used 8069K, capacity 8614K, committed 8960K, reserved 1056768K
  class space    used 644K, capacity 658K, committed 768K, reserved 1048576K
}
Event: 4.615 GC heap before
{Heap before GC invocations=27 (full 0):
 PSYoungGen      total 137728K, used 137376K [0x000000076b800000, 0x0000000782180000, 0x00000007c0000000)
  eden space 137216K, 100% used [0x000000076b800000,0x0000000773e00000,0x0000000773e00000)
  from space 512K, 31% used [0x0000000782100000,0x0000000782128000,0x0000000782180000)
  to   space 1024K, 0% used [0x0000000781f80000,0x0000000781f80000,0x0000000782080000)
 ParOldGen       total 173568K, used 1400K [0x00000006c2800000, 0x00000006cd180000, 0x000000076b800000)
  object space 173568K, 0% used [0x00000006c2800000,0x00000006c295e070,0x00000006cd180000)
 Metaspace       used 8069K, capacity 8614K, committed 8960K, reserved 1056768K
  class space    used 644K, capacity 658K, committed 768K, reserved 1048576K
Event: 4.615 GC heap after
Heap after GC invocations=27 (full 0):
 PSYoungGen      total 133632K, used 192K [0x000000076b800000, 0x0000000782180000, 0x00000007c0000000)
  eden space 132608K, 0% used [0x000000076b800000,0x000000076b800000,0x0000000773980000)
  from space 1024K, 18% used [0x0000000781f80000,0x0000000781fb0000,0x0000000782080000)
  to   space 1024K, 0% used [0x0000000782080000,0x0000000782080000,0x0000000782180000)
 ParOldGen       total 173568K, used 1400K [0x00000006c2800000, 0x00000006cd180000, 0x000000076b800000)
  object space 173568K, 0% used [0x00000006c2800000,0x00000006c295e070,0x00000006cd180000)
 Metaspace       used 8069K, capacity 8614K, committed 8960K, reserved 1056768K
  class space    used 644K, capacity 658K, committed 768K, reserved 1048576K
}
Event: 4.757 GC heap before
{Heap before GC invocations=28 (full 0):
 PSYoungGen      total 133632K, used 132800K [0x000000076b800000, 0x0000000782180000, 0x00000007c0000000)
  eden space 132608K, 100% used [0x000000076b800000,0x0000000773980000,0x0000000773980000)
  from space 1024K, 18% used [0x0000000781f80000,0x0000000781fb0000,0x0000000782080000)
  to   space 1024K, 0% used [0x0000000782080000,0x0000000782080000,0x0000000782180000)
 ParOldGen       total 173568K, used 1400K [0x00000006c2800000, 0x00000006cd180000, 0x000000076b800000)
  object space 173568K, 0% used [0x00000006c2800000,0x00000006c295e070,0x00000006cd180000)
 Metaspace       used 8069K, capacity 8614K, committed 8960K, reserved 1056768K
  class space    used 644K, capacity 658K, committed 768K, reserved 1048576K
Event: 4.757 GC heap after
Heap after GC invocations=28 (full 0):
 PSYoungGen      total 129024K, used 224K [0x000000076b800000, 0x0000000782100000, 0x00000007c0000000)
  eden space 128512K, 0% used [0x000000076b800000,0x000000076b800000,0x0000000773580000)
  from space 512K, 43% used [0x0000000782080000,0x00000007820b8000,0x0000000782100000)
  to   space 1024K, 0% used [0x0000000781f00000,0x0000000781f00000,0x0000000782000000)
 ParOldGen       total 173568K, used 1400K [0x00000006c2800000, 0x00000006cd180000, 0x000000076b800000)
  object space 173568K, 0% used [0x00000006c2800000,0x00000006c295e070,0x00000006cd180000)
 Metaspace       used 8069K, capacity 8614K, committed 8960K, reserved 1056768K
  class space    used 644K, capacity 658K, committed 768K, reserved 1048576K
}
Event: 4.893 GC heap before
{Heap before GC invocations=29 (full 0):
 PSYoungGen      total 129024K, used 128736K [0x000000076b800000, 0x0000000782100000, 0x00000007c0000000)
  eden space 128512K, 100% used [0x000000076b800000,0x0000000773580000,0x0000000773580000)
  from space 512K, 43% used [0x0000000782080000,0x00000007820b8000,0x0000000782100000)
  to   space 1024K, 0% used [0x0000000781f00000,0x0000000781f00000,0x0000000782000000)
 ParOldGen       total 173568K, used 1400K [0x00000006c2800000, 0x00000006cd180000, 0x000000076b800000)
  object space 173568K, 0% used [0x00000006c2800000,0x00000006c295e070,0x00000006cd180000)
 Metaspace       used 8070K, capacity 8614K, committed 8960K, reserved 1056768K
  class space    used 644K, capacity 658K, committed 768K, reserved 1048576K
Event: 4.894 GC heap after
Heap after GC invocations=29 (full 0):
 PSYoungGen      total 125440K, used 96K [0x000000076b800000, 0x0000000782100000, 0x00000007c0000000)
  eden space 124416K, 0% used [0x000000076b800000,0x000000076b800000,0x0000000773180000)
  from space 1024K, 9% used [0x0000000781f00000,0x0000000781f18000,0x0000000782000000)
  to   space 1024K, 0% used [0x0000000782000000,0x0000000782000000,0x0000000782100000)
 ParOldGen       total 173568K, used 1400K [0x00000006c2800000, 0x00000006cd180000, 0x000000076b800000)
  object space 173568K, 0% used [0x00000006c2800000,0x00000006c295e070,0x00000006cd180000)
 Metaspace       used 8070K, capacity 8614K, committed 8960K, reserved 1056768K
  class space    used 644K, capacity 658K, committed 768K, reserved 1048576K
}

