# JRE version: Java(TM) SE Runtime Environment (8.0_65-b17) (build 1.8.0_65-b17)
# Java VM: Java HotSpot(TM) 64-Bit Server VM (25.65-b01 mixed mode windows-amd64 compressed oops)
Heap:
 PSYoungGen      total 475136K, used 223470K [0x000000076b800000, 0x000000078b400000, 0x00000007c0000000)
  eden space 474624K, 47% used [0x000000076b800000,0x000000077922ba98,0x0000000788780000)
  from space 512K, 12% used [0x000000078b380000,0x000000078b390000,0x000000078b400000)
  to   space 2560K, 0% used [0x000000078af00000,0x000000078af00000,0x000000078b180000)
 ParOldGen       total 173568K, used 1693K [0x00000006c2800000, 0x00000006cd180000, 0x000000076b800000)
  object space 173568K, 0% used [0x00000006c2800000,0x00000006c29a74b8,0x00000006cd180000)
 Metaspace       used 7959K, capacity 8486K, committed 8704K, reserved 1056768K
  class space    used 642K, capacity 658K, committed 768K, reserved 1048576K
GC Heap History (10 events):
Event: 0.605 GC heap before
{Heap before GC invocations=6 (full 0):
 PSYoungGen      total 140800K, used 131099K [0x000000076b800000, 0x000000077b900000, 0x00000007c0000000)
  eden space 130048K, 100% used [0x000000076b800000,0x0000000773700000,0x0000000773700000)
  from space 10752K, 9% used [0x0000000773700000,0x0000000773806c48,0x0000000774180000)
  to   space 1536K, 0% used [0x000000077b780000,0x000000077b780000,0x000000077b900000)
 ParOldGen       total 173568K, used 16K [0x00000006c2800000, 0x00000006cd180000, 0x000000076b800000)
  object space 173568K, 0% used [0x00000006c2800000,0x00000006c2804000,0x00000006cd180000)
 Metaspace       used 6359K, capacity 7014K, committed 7296K, reserved 1056768K
  class space    used 560K, capacity 594K, committed 640K, reserved 1048576K
Event: 0.606 GC heap after
Heap after GC invocations=6 (full 0):
 PSYoungGen      total 261120K, used 1507K [0x000000076b800000, 0x000000077ba00000, 0x00000007c0000000)
  eden space 259584K, 0% used [0x000000076b800000,0x000000076b800000,0x000000077b580000)
  from space 1536K, 98% used [0x000000077b780000,0x000000077b8f8f80,0x000000077b900000)
  to   space 2048K, 0% used [0x000000077b580000,0x000000077b580000,0x000000077b780000)
 ParOldGen       total 173568K, used 501K [0x00000006c2800000, 0x00000006cd180000, 0x000000076b800000)
  object space 173568K, 0% used [0x00000006c2800000,0x00000006c287d448,0x00000006cd180000)
 Metaspace       used 6359K, capacity 7014K, committed 7296K, reserved 1056768K
  class space    used 560K, capacity 594K, committed 640K, reserved 1048576K
}
Event: 0.914 GC heap before
{Heap before GC invocations=7 (full 0):
 PSYoungGen      total 261120K, used 261091K [0x000000076b800000, 0x000000077ba00000, 0x00000007c0000000)
  eden space 259584K, 100% used [0x000000076b800000,0x000000077b580000,0x000000077b580000)
  from space 1536K, 98% used [0x000000077b780000,0x000000077b8f8f80,0x000000077b900000)
  to   space 2048K, 0% used [0x000000077b580000,0x000000077b580000,0x000000077b780000)
 ParOldGen       total 173568K, used 501K [0x00000006c2800000, 0x00000006cd180000, 0x000000076b800000)
  object space 173568K, 0% used [0x00000006c2800000,0x00000006c287d448,0x00000006cd180000)
 Metaspace       used 7952K, capacity 8486K, committed 8704K, reserved 1056768K
  class space    used 642K, capacity 658K, committed 768K, reserved 1048576K
Event: 0.916 GC heap after
Heap after GC invocations=7 (full 0):
 PSYoungGen      total 261632K, used 1626K [0x000000076b800000, 0x000000078b700000, 0x00000007c0000000)
  eden space 259584K, 0% used [0x000000076b800000,0x000000076b800000,0x000000077b580000)
  from space 2048K, 79% used [0x000000077b580000,0x000000077b7168e8,0x000000077b780000)
  to   space 2048K, 0% used [0x000000078b500000,0x000000078b500000,0x000000078b700000)
 ParOldGen       total 173568K, used 1145K [0x00000006c2800000, 0x00000006cd180000, 0x000000076b800000)
  object space 173568K, 0% used [0x00000006c2800000,0x00000006c291e4a8,0x00000006cd180000)
 Metaspace       used 7952K, capacity 8486K, committed 8704K, reserved 1056768K
  class space    used 642K, capacity 658K, committed 768K, reserved 1048576K
}
Event: 1.067 GC heap before
{Heap before GC invocations=8 (full 0):
 PSYoungGen      total 261632K, used 261210K [0x000000076b800000, 0x000000078b700000, 0x00000007c0000000)
  eden space 259584K, 100% used [0x000000076b800000,0x000000077b580000,0x000000077b580000)
  from space 2048K, 79% used [0x000000077b580000,0x000000077b7168e8,0x000000077b780000)
  to   space 2048K, 0% used [0x000000078b500000,0x000000078b500000,0x000000078b700000)
 ParOldGen       total 173568K, used 1145K [0x00000006c2800000, 0x00000006cd180000, 0x000000076b800000)
  object space 173568K, 0% used [0x00000006c2800000,0x00000006c291e4a8,0x00000006cd180000)
 Metaspace       used 7954K, capacity 8486K, committed 8704K, reserved 1056768K
  class space    used 642K, capacity 658K, committed 768K, reserved 1048576K
Event: 1.068 GC heap after
Heap after GC invocations=8 (full 0):
 PSYoungGen      total 521216K, used 672K [0x000000076b800000, 0x000000078b700000, 0x00000007c0000000)
  eden space 519168K, 0% used [0x000000076b800000,0x000000076b800000,0x000000078b300000)
  from space 2048K, 32% used [0x000000078b500000,0x000000078b5a8000,0x000000078b700000)
  to   space 2048K, 0% used [0x000000078b300000,0x000000078b300000,0x000000078b500000)
 ParOldGen       total 173568K, used 1145K [0x00000006c2800000, 0x00000006cd180000, 0x000000076b800000)
  object space 173568K, 0% used [0x00000006c2800000,0x00000006c291e4a8,0x00000006cd180000)
 Metaspace       used 7954K, capacity 8486K, committed 8704K, reserved 1056768K
  class space    used 642K, capacity 658K, committed 768K, reserved 1048576K
}
Event: 1.636 GC heap before
{Heap before GC invocations=9 (full 0):
 PSYoungGen      total 521216K, used 519840K [0x000000076b800000, 0x000000078b700000, 0x00000007c0000000)
  eden space 519168K, 100% used [0x000000076b800000,0x000000078b300000,0x000000078b300000)
  from space 2048K, 32% used [0x000000078b500000,0x000000078b5a8000,0x000000078b700000)
  to   space 2048K, 0% used [0x000000078b300000,0x000000078b300000,0x000000078b500000)
 ParOldGen       total 173568K, used 1145K [0x00000006c2800000, 0x00000006cd180000, 0x000000076b800000)
  object space 173568K, 0% used [0x00000006c2800000,0x00000006c291e4a8,0x00000006cd180000)
 Metaspace       used 7956K, capacity 8486K, committed 8704K, reserved 1056768K
  class space    used 642K, capacity 658K, committed 768K, reserved 1048576K
Event: 1.637 GC heap after
Heap after GC invocations=9 (full 0):
 PSYoungGen      total 496640K, used 320K [0x000000076b800000, 0x000000078b580000, 0x00000007c0000000)
  eden space 496128K, 0% used [0x000000076b800000,0x000000076b800000,0x0000000789c80000)
  from space 512K, 62% used [0x000000078b300000,0x000000078b350000,0x000000078b380000)
  to   space 2048K, 0% used [0x000000078b380000,0x000000078b380000,0x000000078b580000)
 ParOldGen       total 173568K, used 1457K [0x00000006c2800000, 0x00000006cd180000, 0x000000076b800000)
  object space 173568K, 0% used [0x00000006c2800000,0x00000006c296c4a8,0x00000006cd180000)
 Metaspace       used 7956K, capacity 8486K, committed 8704K, reserved 1056768K
  class space    used 642K, capacity 658K, committed 768K, reserved 1048576K
}
Event: 2.251 GC heap before
{Heap before GC invocations=10 (full 0):
 PSYoungGen      total 496640K, used 496448K [0x000000076b800000, 0x000000078b580000, 0x00000007c0000000)
  eden space 496128K, 100% used [0x000000076b800000,0x0000000789c80000,0x0000000789c80000)
  from space 512K, 62% used [0x000000078b300000,0x000000078b350000,0x000000078b380000)
  to   space 2048K, 0% used [0x000000078b380000,0x000000078b380000,0x000000078b580000)
 ParOldGen       total 173568K, used 1457K [0x00000006c2800000, 0x00000006cd180000, 0x000000076b800000)
  object space 173568K, 0% used [0x00000006c2800000,0x00000006c296c4a8,0x00000006cd180000)
 Metaspace       used 7959K, capacity 8486K, committed 8704K, reserved 1056768K
  class space    used 642K, capacity 658K, committed 768K, reserved 1048576K
Event: 2.252 GC heap after
Heap after GC invocations=10 (full 0):
 PSYoungGen      total 475136K, used 64K [0x000000076b800000, 0x000000078b400000, 0x00000007c0000000)
  eden space 474624K, 0% used [0x000000076b800000,0x000000076b800000,0x0000000788780000)
  from space 512K, 12% used [0x000000078b380000,0x000000078b390000,0x000000078b400000)
  to   space 2560K, 0% used [0x000000078af00000,0x000000078af00000,0x000000078b180000)
 ParOldGen       total 173568K, used 1693K [0x00000006c2800000, 0x00000006cd180000, 0x000000076b800000)
  object space 173568K, 0% used [0x00000006c2800000,0x00000006c29a74b8,0x00000006cd180000)
 Metaspace       used 7959K, capacity 8486K, committed 8704K, reserved 1056768K
  class space    used 642K, capacity 658K, committed 768K, reserved 1048576K
}

