# JRE version: Java(TM) SE Runtime Environment (8.0_65-b17) (build 1.8.0_65-b17)
# Java VM: Java HotSpot(TM) 64-Bit Server VM (25.65-b01 mixed mode windows-amd64 compressed oops)
Heap:
 PSYoungGen      total 214528K, used 87419K [0x000000076b800000, 0x0000000784d00000, 0x00000007c0000000)
  eden space 214016K, 40% used [0x000000076b800000,0x0000000770d3ef18,0x0000000778900000)
  from space 512K, 25% used [0x0000000784c80000,0x0000000784ca0000,0x0000000784d00000)
  to   space 2560K, 0% used [0x0000000784800000,0x0000000784800000,0x0000000784a80000)
 ParOldGen       total 173568K, used 1417K [0x00000006c2800000, 0x00000006cd180000, 0x000000076b800000)
  object space 173568K, 0% used [0x00000006c2800000,0x00000006c2962660,0x00000006cd180000)
 Metaspace       used 8131K, capacity 8710K, committed 8960K, reserved 1056768K
  class space    used 651K, capacity 690K, committed 768K, reserved 1048576K
GC Heap History (10 events):
Event: 1.312 GC heap before
{Heap before GC invocations=10 (full 0):
 PSYoungGen      total 262144K, used 260480K [0x000000076b800000, 0x0000000785280000, 0x00000007c0000000)
  eden space 260096K, 100% used [0x000000076b800000,0x000000077b600000,0x000000077b600000)
  from space 2048K, 18% used [0x000000077b600000,0x000000077b660000,0x000000077b800000)
  to   space 2048K, 0% used [0x0000000785080000,0x0000000785080000,0x0000000785280000)
 ParOldGen       total 173568K, used 1121K [0x00000006c2800000, 0x00000006cd180000, 0x000000076b800000)
  object space 173568K, 0% used [0x00000006c2800000,0x00000006c2918660,0x00000006cd180000)
 Metaspace       used 8099K, capacity 8646K, committed 8960K, reserved 1056768K
  class space    used 651K, capacity 690K, committed 768K, reserved 1048576K
Event: 1.313 GC heap after
Heap after GC invocations=10 (full 0):
 PSYoungGen      total 250368K, used 128K [0x000000076b800000, 0x0000000785100000, 0x00000007c0000000)
  eden space 249856K, 0% used [0x000000076b800000,0x000000076b800000,0x000000077ac00000)
  from space 512K, 25% used [0x0000000785080000,0x00000007850a0000,0x0000000785100000)
  to   space 2560K, 0% used [0x0000000784c00000,0x0000000784c00000,0x0000000784e80000)
 ParOldGen       total 173568K, used 1401K [0x00000006c2800000, 0x00000006cd180000, 0x000000076b800000)
  object space 173568K, 0% used [0x00000006c2800000,0x00000006c295e660,0x00000006cd180000)
 Metaspace       used 8099K, capacity 8646K, committed 8960K, reserved 1056768K
  class space    used 651K, capacity 690K, committed 768K, reserved 1048576K
}
Event: 1.486 GC heap before
{Heap before GC invocations=11 (full 0):
 PSYoungGen      total 250368K, used 249984K [0x000000076b800000, 0x0000000785100000, 0x00000007c0000000)
  eden space 249856K, 100% used [0x000000076b800000,0x000000077ac00000,0x000000077ac00000)
  from space 512K, 25% used [0x0000000785080000,0x00000007850a0000,0x0000000785100000)
  to   space 2560K, 0% used [0x0000000784c00000,0x0000000784c00000,0x0000000784e80000)
 ParOldGen       total 173568K, used 1401K [0x00000006c2800000, 0x00000006cd180000, 0x000000076b800000)
  object space 173568K, 0% used [0x00000006c2800000,0x00000006c295e660,0x00000006cd180000)
 Metaspace       used 8103K, capacity 8646K, committed 8960K, reserved 1056768K
  class space    used 651K, capacity 690K, committed 768K, reserved 1048576K
Event: 1.486 GC heap after
Heap after GC invocations=11 (full 0):
 PSYoungGen      total 242688K, used 192K [0x000000076b800000, 0x0000000785100000, 0x00000007c0000000)
  eden space 240128K, 0% used [0x000000076b800000,0x000000076b800000,0x000000077a280000)
  from space 2560K, 7% used [0x0000000784c00000,0x0000000784c30000,0x0000000784e80000)
  to   space 2560K, 0% used [0x0000000784e80000,0x0000000784e80000,0x0000000785100000)
 ParOldGen       total 173568K, used 1409K [0x00000006c2800000, 0x00000006cd180000, 0x000000076b800000)
  object space 173568K, 0% used [0x00000006c2800000,0x00000006c2960660,0x00000006cd180000)
 Metaspace       used 8103K, capacity 8646K, committed 8960K, reserved 1056768K
  class space    used 651K, capacity 690K, committed 768K, reserved 1048576K
}
Event: 1.666 GC heap before
{Heap before GC invocations=12 (full 0):
 PSYoungGen      total 242688K, used 240320K [0x000000076b800000, 0x0000000785100000, 0x00000007c0000000)
  eden space 240128K, 100% used [0x000000076b800000,0x000000077a280000,0x000000077a280000)
  from space 2560K, 7% used [0x0000000784c00000,0x0000000784c30000,0x0000000784e80000)
  to   space 2560K, 0% used [0x0000000784e80000,0x0000000784e80000,0x0000000785100000)
 ParOldGen       total 173568K, used 1409K [0x00000006c2800000, 0x00000006cd180000, 0x000000076b800000)
  object space 173568K, 0% used [0x00000006c2800000,0x00000006c2960660,0x00000006cd180000)
 Metaspace       used 8113K, capacity 8646K, committed 8960K, reserved 1056768K
  class space    used 651K, capacity 690K, committed 768K, reserved 1048576K
Event: 1.667 GC heap after
Heap after GC invocations=12 (full 0):
 PSYoungGen      total 231424K, used 192K [0x000000076b800000, 0x0000000784f00000, 0x00000007c0000000)
  eden space 230912K, 0% used [0x000000076b800000,0x000000076b800000,0x0000000779980000)
  from space 512K, 37% used [0x0000000784e80000,0x0000000784eb0000,0x0000000784f00000)
  to   space 2560K, 0% used [0x0000000784a00000,0x0000000784a00000,0x0000000784c80000)
 ParOldGen       total 173568K, used 1409K [0x00000006c2800000, 0x00000006cd180000, 0x000000076b800000)
  object space 173568K, 0% used [0x00000006c2800000,0x00000006c2960660,0x00000006cd180000)
 Metaspace       used 8113K, capacity 8646K, committed 8960K, reserved 1056768K
  class space    used 651K, capacity 690K, committed 768K, reserved 1048576K
}
Event: 1.843 GC heap before
{Heap before GC invocations=13 (full 0):
 PSYoungGen      total 231424K, used 231104K [0x000000076b800000, 0x0000000784f00000, 0x00000007c0000000)
  eden space 230912K, 100% used [0x000000076b800000,0x0000000779980000,0x0000000779980000)
  from space 512K, 37% used [0x0000000784e80000,0x0000000784eb0000,0x0000000784f00000)
  to   space 2560K, 0% used [0x0000000784a00000,0x0000000784a00000,0x0000000784c80000)
 ParOldGen       total 173568K, used 1409K [0x00000006c2800000, 0x00000006cd180000, 0x000000076b800000)
  object space 173568K, 0% used [0x00000006c2800000,0x00000006c2960660,0x00000006cd180000)
 Metaspace       used 8114K, capacity 8646K, committed 8960K, reserved 1056768K
  class space    used 651K, capacity 690K, committed 768K, reserved 1048576K
Event: 1.844 GC heap after
Heap after GC invocations=13 (full 0):
 PSYoungGen      total 224768K, used 128K [0x000000076b800000, 0x0000000784f00000, 0x00000007c0000000)
  eden space 222208K, 0% used [0x000000076b800000,0x000000076b800000,0x0000000779100000)
  from space 2560K, 5% used [0x0000000784a00000,0x0000000784a20000,0x0000000784c80000)
  to   space 2560K, 0% used [0x0000000784c80000,0x0000000784c80000,0x0000000784f00000)
 ParOldGen       total 173568K, used 1409K [0x00000006c2800000, 0x00000006cd180000, 0x000000076b800000)
  object space 173568K, 0% used [0x00000006c2800000,0x00000006c2960660,0x00000006cd180000)
 Metaspace       used 8114K, capacity 8646K, committed 8960K, reserved 1056768K
  class space    used 651K, capacity 690K, committed 768K, reserved 1048576K
}
Event: 2.008 GC heap before
{Heap before GC invocations=14 (full 0):
 PSYoungGen      total 224768K, used 222336K [0x000000076b800000, 0x0000000784f00000, 0x00000007c0000000)
  eden space 222208K, 100% used [0x000000076b800000,0x0000000779100000,0x0000000779100000)
  from space 2560K, 5% used [0x0000000784a00000,0x0000000784a20000,0x0000000784c80000)
  to   space 2560K, 0% used [0x0000000784c80000,0x0000000784c80000,0x0000000784f00000)
 ParOldGen       total 173568K, used 1409K [0x00000006c2800000, 0x00000006cd180000, 0x000000076b800000)
  object space 173568K, 0% used [0x00000006c2800000,0x00000006c2960660,0x00000006cd180000)
 Metaspace       used 8131K, capacity 8710K, committed 8960K, reserved 1056768K
  class space    used 651K, capacity 690K, committed 768K, reserved 1048576K
Event: 2.009 GC heap after
Heap after GC invocations=14 (full 0):
 PSYoungGen      total 214528K, used 128K [0x000000076b800000, 0x0000000784d00000, 0x00000007c0000000)
  eden space 214016K, 0% used [0x000000076b800000,0x000000076b800000,0x0000000778900000)
  from space 512K, 25% used [0x0000000784c80000,0x0000000784ca0000,0x0000000784d00000)
  to   space 2560K, 0% used [0x0000000784800000,0x0000000784800000,0x0000000784a80000)
 ParOldGen       total 173568K, used 1417K [0x00000006c2800000, 0x00000006cd180000, 0x000000076b800000)
  object space 173568K, 0% used [0x00000006c2800000,0x00000006c2962660,0x00000006cd180000)
 Metaspace       used 8131K, capacity 8710K, committed 8960K, reserved 1056768K
  class space    used 651K, capacity 690K, committed 768K, reserved 1048576K
}

