# JRE version: Java(TM) SE Runtime Environment (8.0_65-b17) (build 1.8.0_65-b17)
# Java VM: Java HotSpot(TM) 64-Bit Server VM (25.65-b01 mixed mode windows-amd64 compressed oops)
Heap:
 PSYoungGen      total 1074688K, used 392061K [0x000000076b800000, 0x00000007bdb00000, 0x00000007c0000000)
  eden space 1063424K, 36% used [0x000000076b800000,0x00000007836af528,0x00000007ac680000)
  from space 11264K, 1% used [0x00000007bc500000,0x00000007bc530000,0x00000007bd000000)
  to   space 10752K, 0% used [0x00000007bd080000,0x00000007bd080000,0x00000007bdb00000)
 ParOldGen       total 173568K, used 36930K [0x00000006c2800000, 0x00000006cd180000, 0x000000076b800000)
  object space 173568K, 21% used [0x00000006c2800000,0x00000006c4c109e8,0x00000006cd180000)
 Metaspace       used 8324K, capacity 8710K, committed 8960K, reserved 1056768K
  class space    used 659K, capacity 690K, committed 768K, reserved 1048576K
GC Heap History (10 events):
Event: 5.569 GC heap before
{Heap before GC invocations=17 (full 0):
 PSYoungGen      total 1367552K, used 1355488K [0x000000076b800000, 0x00000007bfd80000, 0x00000007c0000000)
  eden space 1355264K, 100% used [0x000000076b800000,0x00000007be380000,0x00000007be380000)
  from space 12288K, 1% used [0x00000007bf180000,0x00000007bf1b8000,0x00000007bfd80000)
  to   space 13312K, 0% used [0x00000007be380000,0x00000007be380000,0x00000007bf080000)
 ParOldGen       total 173568K, used 36890K [0x00000006c2800000, 0x00000006cd180000, 0x000000076b800000)
  object space 173568K, 21% used [0x00000006c2800000,0x00000006c4c069e8,0x00000006cd180000)
 Metaspace       used 8312K, capacity 8710K, committed 8960K, reserved 1056768K
  class space    used 659K, capacity 690K, committed 768K, reserved 1048576K
Event: 5.570 GC heap after
Heap after GC invocations=17 (full 0):
 PSYoungGen      total 1291264K, used 224K [0x000000076b800000, 0x00000007bf200000, 0x00000007c0000000)
  eden space 1290752K, 0% used [0x000000076b800000,0x000000076b800000,0x00000007ba480000)
  from space 512K, 43% used [0x00000007be380000,0x00000007be3b8000,0x00000007be400000)
  to   space 12800K, 0% used [0x00000007be580000,0x00000007be580000,0x00000007bf200000)
 ParOldGen       total 173568K, used 36890K [0x00000006c2800000, 0x00000006cd180000, 0x000000076b800000)
  object space 173568K, 21% used [0x00000006c2800000,0x00000006c4c069e8,0x00000006cd180000)
 Metaspace       used 8312K, capacity 8710K, committed 8960K, reserved 1056768K
  class space    used 659K, capacity 690K, committed 768K, reserved 1048576K
}
Event: 6.561 GC heap before
{Heap before GC invocations=18 (full 0):
 PSYoungGen      total 1291264K, used 1290976K [0x000000076b800000, 0x00000007bf200000, 0x00000007c0000000)
  eden space 1290752K, 100% used [0x000000076b800000,0x00000007ba480000,0x00000007ba480000)
  from space 512K, 43% used [0x00000007be380000,0x00000007be3b8000,0x00000007be400000)
  to   space 12800K, 0% used [0x00000007be580000,0x00000007be580000,0x00000007bf200000)
 ParOldGen       total 173568K, used 36890K [0x00000006c2800000, 0x00000006cd180000, 0x000000076b800000)
  object space 173568K, 21% used [0x00000006c2800000,0x00000006c4c069e8,0x00000006cd180000)
 Metaspace       used 8315K, capacity 8710K, committed 8960K, reserved 1056768K
  class space    used 659K, capacity 690K, committed 768K, reserved 1048576K
Event: 6.562 GC heap after
Heap after GC invocations=18 (full 0):
 PSYoungGen      total 1229824K, used 256K [0x000000076b800000, 0x00000007be600000, 0x00000007c0000000)
  eden space 1229312K, 0% used [0x000000076b800000,0x000000076b800000,0x00000007b6880000)
  from space 512K, 50% used [0x00000007be580000,0x00000007be5c0000,0x00000007be600000)
  to   space 12288K, 0% used [0x00000007bce00000,0x00000007bce00000,0x00000007bda00000)
 ParOldGen       total 173568K, used 36898K [0x00000006c2800000, 0x00000006cd180000, 0x000000076b800000)
  object space 173568K, 21% used [0x00000006c2800000,0x00000006c4c089e8,0x00000006cd180000)
 Metaspace       used 8315K, capacity 8710K, committed 8960K, reserved 1056768K
  class space    used 659K, capacity 690K, committed 768K, reserved 1048576K
}
Event: 7.593 GC heap before
{Heap before GC invocations=19 (full 0):
 PSYoungGen      total 1229824K, used 1229568K [0x000000076b800000, 0x00000007be600000, 0x00000007c0000000)
  eden space 1229312K, 100% used [0x000000076b800000,0x00000007b6880000,0x00000007b6880000)
  from space 512K, 50% used [0x00000007be580000,0x00000007be5c0000,0x00000007be600000)
  to   space 12288K, 0% used [0x00000007bce00000,0x00000007bce00000,0x00000007bda00000)
 ParOldGen       total 173568K, used 36898K [0x00000006c2800000, 0x00000006cd180000, 0x000000076b800000)
  object space 173568K, 21% used [0x00000006c2800000,0x00000006c4c089e8,0x00000006cd180000)
 Metaspace       used 8315K, capacity 8710K, committed 8960K, reserved 1056768K
  class space    used 659K, capacity 690K, committed 768K, reserved 1048576K
Event: 7.593 GC heap after
Heap after GC invocations=19 (full 0):
 PSYoungGen      total 1183232K, used 224K [0x000000076b800000, 0x00000007be600000, 0x00000007c0000000)
  eden space 1170944K, 0% used [0x000000076b800000,0x000000076b800000,0x00000007b2f80000)
  from space 12288K, 1% used [0x00000007bce00000,0x00000007bce38000,0x00000007bda00000)
  to   space 11776K, 0% used [0x00000007bda80000,0x00000007bda80000,0x00000007be600000)
 ParOldGen       total 173568K, used 36898K [0x00000006c2800000, 0x00000006cd180000, 0x000000076b800000)
  object space 173568K, 21% used [0x00000006c2800000,0x00000006c4c089e8,0x00000006cd180000)
 Metaspace       used 8315K, capacity 8710K, committed 8960K, reserved 1056768K
  class space    used 659K, capacity 690K, committed 768K, reserved 1048576K
}
Event: 8.567 GC heap before
{Heap before GC invocations=20 (full 0):
 PSYoungGen      total 1183232K, used 1171168K [0x000000076b800000, 0x00000007be600000, 0x00000007c0000000)
  eden space 1170944K, 100% used [0x000000076b800000,0x00000007b2f80000,0x00000007b2f80000)
  from space 12288K, 1% used [0x00000007bce00000,0x00000007bce38000,0x00000007bda00000)
  to   space 11776K, 0% used [0x00000007bda80000,0x00000007bda80000,0x00000007be600000)
 ParOldGen       total 173568K, used 36898K [0x00000006c2800000, 0x00000006cd180000, 0x000000076b800000)
  object space 173568K, 21% used [0x00000006c2800000,0x00000006c4c089e8,0x00000006cd180000)
 Metaspace       used 8324K, capacity 8710K, committed 8960K, reserved 1056768K
  class space    used 659K, capacity 690K, committed 768K, reserved 1048576K
Event: 8.568 GC heap after
Heap after GC invocations=20 (full 0):
 PSYoungGen      total 1116160K, used 224K [0x000000076b800000, 0x00000007bdb00000, 0x00000007c0000000)
  eden space 1115648K, 0% used [0x000000076b800000,0x000000076b800000,0x00000007af980000)
  from space 512K, 43% used [0x00000007bda80000,0x00000007bdab8000,0x00000007bdb00000)
  to   space 11264K, 0% used [0x00000007bc500000,0x00000007bc500000,0x00000007bd000000)
 ParOldGen       total 173568K, used 36898K [0x00000006c2800000, 0x00000006cd180000, 0x000000076b800000)
  object space 173568K, 21% used [0x00000006c2800000,0x00000006c4c089e8,0x00000006cd180000)
 Metaspace       used 8324K, capacity 8710K, committed 8960K, reserved 1056768K
  class space    used 659K, capacity 690K, committed 768K, reserved 1048576K
}
Event: 9.376 GC heap before
{Heap before GC invocations=21 (full 0):
 PSYoungGen      total 1116160K, used 1115872K [0x000000076b800000, 0x00000007bdb00000, 0x00000007c0000000)
  eden space 1115648K, 100% used [0x000000076b800000,0x00000007af980000,0x00000007af980000)
  from space 512K, 43% used [0x00000007bda80000,0x00000007bdab8000,0x00000007bdb00000)
  to   space 11264K, 0% used [0x00000007bc500000,0x00000007bc500000,0x00000007bd000000)
 ParOldGen       total 173568K, used 36898K [0x00000006c2800000, 0x00000006cd180000, 0x000000076b800000)
  object space 173568K, 21% used [0x00000006c2800000,0x00000006c4c089e8,0x00000006cd180000)
 Metaspace       used 8324K, capacity 8710K, committed 8960K, reserved 1056768K
  class space    used 659K, capacity 690K, committed 768K, reserved 1048576K
Event: 9.377 GC heap after
Heap after GC invocations=21 (full 0):
 PSYoungGen      total 1074688K, used 192K [0x000000076b800000, 0x00000007bdb00000, 0x00000007c0000000)
  eden space 1063424K, 0% used [0x000000076b800000,0x000000076b800000,0x00000007ac680000)
  from space 11264K, 1% used [0x00000007bc500000,0x00000007bc530000,0x00000007bd000000)
  to   space 10752K, 0% used [0x00000007bd080000,0x00000007bd080000,0x00000007bdb00000)
 ParOldGen       total 173568K, used 36930K [0x00000006c2800000, 0x00000006cd180000, 0x000000076b800000)
  object space 173568K, 21% used [0x00000006c2800000,0x00000006c4c109e8,0x00000006cd180000)
 Metaspace       used 8324K, capacity 8710K, committed 8960K, reserved 1056768K
  class space    used 659K, capacity 690K, committed 768K, reserved 1048576K
}

