# JRE version: Java(TM) SE Runtime Environment (8.0_65-b17) (build 1.8.0_65-b17)
# Java VM: Java HotSpot(TM) 64-Bit Server VM (25.65-b01 mixed mode windows-amd64 compressed oops)
Heap:
 PSYoungGen      total 53248K, used 23180K [0x000000076b800000, 0x00000007a8a80000, 0x00000007c0000000)
  eden space 52736K, 43% used [0x000000076b800000,0x000000076ce9b300,0x000000076eb80000)
  from space 512K, 6% used [0x00000007a8a00000,0x00000007a8a08000,0x00000007a8a80000)
  to   space 512K, 0% used [0x00000007a8980000,0x00000007a8980000,0x00000007a8a00000)
 ParOldGen       total 173568K, used 19091K [0x00000006c2800000, 0x00000006cd180000, 0x000000076b800000)
  object space 173568K, 10% used [0x00000006c2800000,0x00000006c3aa4c28,0x00000006cd180000)
 Metaspace       used 8308K, capacity 8710K, committed 8960K, reserved 1056768K
  class space    used 656K, capacity 690K, committed 768K, reserved 1048576K
GC Heap History (10 events):
Event: 32.554 GC heap before
{Heap before GC invocations=234 (full 0):
 PSYoungGen      total 46592K, used 46240K [0x000000076b800000, 0x00000007a8a80000, 0x00000007c0000000)
  eden space 46080K, 100% used [0x000000076b800000,0x000000076e500000,0x000000076e500000)
  from space 512K, 31% used [0x00000007a8980000,0x00000007a89a8000,0x00000007a8a00000)
  to   space 512K, 0% used [0x00000007a8a00000,0x00000007a8a00000,0x00000007a8a80000)
 ParOldGen       total 173568K, used 19067K [0x00000006c2800000, 0x00000006cd180000, 0x000000076b800000)
  object space 173568K, 10% used [0x00000006c2800000,0x00000006c3a9ec28,0x00000006cd180000)
 Metaspace       used 8308K, capacity 8710K, committed 8960K, reserved 1056768K
  class space    used 656K, capacity 690K, committed 768K, reserved 1048576K
Event: 32.554 GC heap after
Heap after GC invocations=234 (full 0):
 PSYoungGen      total 46080K, used 160K [0x000000076b800000, 0x00000007a8a80000, 0x00000007c0000000)
  eden space 45568K, 0% used [0x000000076b800000,0x000000076b800000,0x000000076e480000)
  from space 512K, 31% used [0x00000007a8a00000,0x00000007a8a28000,0x00000007a8a80000)
  to   space 512K, 0% used [0x00000007a8980000,0x00000007a8980000,0x00000007a8a00000)
 ParOldGen       total 173568K, used 19067K [0x00000006c2800000, 0x00000006cd180000, 0x000000076b800000)
  object space 173568K, 10% used [0x00000006c2800000,0x00000006c3a9ec28,0x00000006cd180000)
 Metaspace       used 8308K, capacity 8710K, committed 8960K, reserved 1056768K
  class space    used 656K, capacity 690K, committed 768K, reserved 1048576K
}
Event: 32.610 GC heap before
{Heap before GC invocations=235 (full 0):
 PSYoungGen      total 46080K, used 45728K [0x000000076b800000, 0x00000007a8a80000, 0x00000007c0000000)
  eden space 45568K, 100% used [0x000000076b800000,0x000000076e480000,0x000000076e480000)
  from space 512K, 31% used [0x00000007a8a00000,0x00000007a8a28000,0x00000007a8a80000)
  to   space 512K, 0% used [0x00000007a8980000,0x00000007a8980000,0x00000007a8a00000)
 ParOldGen       total 173568K, used 19067K [0x00000006c2800000, 0x00000006cd180000, 0x000000076b800000)
  object space 173568K, 10% used [0x00000006c2800000,0x00000006c3a9ec28,0x00000006cd180000)
 Metaspace       used 8308K, capacity 8710K, committed 8960K, reserved 1056768K
  class space    used 656K, capacity 690K, committed 768K, reserved 1048576K
Event: 32.610 GC heap after
Heap after GC invocations=235 (full 0):
 PSYoungGen      total 45568K, used 160K [0x000000076b800000, 0x00000007a8a80000, 0x00000007c0000000)
  eden space 45056K, 0% used [0x000000076b800000,0x000000076b800000,0x000000076e400000)
  from space 512K, 31% used [0x00000007a8980000,0x00000007a89a8000,0x00000007a8a00000)
  to   space 512K, 0% used [0x00000007a8a00000,0x00000007a8a00000,0x00000007a8a80000)
 ParOldGen       total 173568K, used 19067K [0x00000006c2800000, 0x00000006cd180000, 0x000000076b800000)
  object space 173568K, 10% used [0x00000006c2800000,0x00000006c3a9ec28,0x00000006cd180000)
 Metaspace       used 8308K, capacity 8710K, committed 8960K, reserved 1056768K
  class space    used 656K, capacity 690K, committed 768K, reserved 1048576K
}
Event: 32.665 GC heap before
{Heap before GC invocations=236 (full 0):
 PSYoungGen      total 45568K, used 45216K [0x000000076b800000, 0x00000007a8a80000, 0x00000007c0000000)
  eden space 45056K, 100% used [0x000000076b800000,0x000000076e400000,0x000000076e400000)
  from space 512K, 31% used [0x00000007a8980000,0x00000007a89a8000,0x00000007a8a00000)
  to   space 512K, 0% used [0x00000007a8a00000,0x00000007a8a00000,0x00000007a8a80000)
 ParOldGen       total 173568K, used 19067K [0x00000006c2800000, 0x00000006cd180000, 0x000000076b800000)
  object space 173568K, 10% used [0x00000006c2800000,0x00000006c3a9ec28,0x00000006cd180000)
 Metaspace       used 8308K, capacity 8710K, committed 8960K, reserved 1056768K
  class space    used 656K, capacity 690K, committed 768K, reserved 1048576K
Event: 32.666 GC heap after
Heap after GC invocations=236 (full 0):
 PSYoungGen      total 45056K, used 224K [0x000000076b800000, 0x00000007a8a80000, 0x00000007c0000000)
  eden space 44544K, 0% used [0x000000076b800000,0x000000076b800000,0x000000076e380000)
  from space 512K, 43% used [0x00000007a8a00000,0x00000007a8a38000,0x00000007a8a80000)
  to   space 512K, 0% used [0x00000007a8980000,0x00000007a8980000,0x00000007a8a00000)
 ParOldGen       total 173568K, used 19067K [0x00000006c2800000, 0x00000006cd180000, 0x000000076b800000)
  object space 173568K, 10% used [0x00000006c2800000,0x00000006c3a9ec28,0x00000006cd180000)
 Metaspace       used 8308K, capacity 8710K, committed 8960K, reserved 1056768K
  class space    used 656K, capacity 690K, committed 768K, reserved 1048576K
}
Event: 32.720 GC heap before
{Heap before GC invocations=237 (full 0):
 PSYoungGen      total 45056K, used 44768K [0x000000076b800000, 0x00000007a8a80000, 0x00000007c0000000)
  eden space 44544K, 100% used [0x000000076b800000,0x000000076e380000,0x000000076e380000)
  from space 512K, 43% used [0x00000007a8a00000,0x00000007a8a38000,0x00000007a8a80000)
  to   space 512K, 0% used [0x00000007a8980000,0x00000007a8980000,0x00000007a8a00000)
 ParOldGen       total 173568K, used 19067K [0x00000006c2800000, 0x00000006cd180000, 0x000000076b800000)
  object space 173568K, 10% used [0x00000006c2800000,0x00000006c3a9ec28,0x00000006cd180000)
 Metaspace       used 8308K, capacity 8710K, committed 8960K, reserved 1056768K
  class space    used 656K, capacity 690K, committed 768K, reserved 1048576K
Event: 32.721 GC heap after
Heap after GC invocations=237 (full 0):
 PSYoungGen      total 54272K, used 128K [0x000000076b800000, 0x00000007a8a80000, 0x00000007c0000000)
  eden space 53760K, 0% used [0x000000076b800000,0x000000076b800000,0x000000076ec80000)
  from space 512K, 25% used [0x00000007a8980000,0x00000007a89a0000,0x00000007a8a00000)
  to   space 512K, 0% used [0x00000007a8a00000,0x00000007a8a00000,0x00000007a8a80000)
 ParOldGen       total 173568K, used 19067K [0x00000006c2800000, 0x00000006cd180000, 0x000000076b800000)
  object space 173568K, 10% used [0x00000006c2800000,0x00000006c3a9ec28,0x00000006cd180000)
 Metaspace       used 8308K, capacity 8710K, committed 8960K, reserved 1056768K
  class space    used 656K, capacity 690K, committed 768K, reserved 1048576K
}
Event: 32.780 GC heap before
{Heap before GC invocations=238 (full 0):
 PSYoungGen      total 54272K, used 53888K [0x000000076b800000, 0x00000007a8a80000, 0x00000007c0000000)
  eden space 53760K, 100% used [0x000000076b800000,0x000000076ec80000,0x000000076ec80000)
  from space 512K, 25% used [0x00000007a8980000,0x00000007a89a0000,0x00000007a8a00000)
  to   space 512K, 0% used [0x00000007a8a00000,0x00000007a8a00000,0x00000007a8a80000)
 ParOldGen       total 173568K, used 19067K [0x00000006c2800000, 0x00000006cd180000, 0x000000076b800000)
  object space 173568K, 10% used [0x00000006c2800000,0x00000006c3a9ec28,0x00000006cd180000)
 Metaspace       used 8308K, capacity 8710K, committed 8960K, reserved 1056768K
  class space    used 656K, capacity 690K, committed 768K, reserved 1048576K
Event: 32.780 GC heap after
Heap after GC invocations=238 (full 0):
 PSYoungGen      total 53248K, used 32K [0x000000076b800000, 0x00000007a8a80000, 0x00000007c0000000)
  eden space 52736K, 0% used [0x000000076b800000,0x000000076b800000,0x000000076eb80000)
  from space 512K, 6% used [0x00000007a8a00000,0x00000007a8a08000,0x00000007a8a80000)
  to   space 512K, 0% used [0x00000007a8980000,0x00000007a8980000,0x00000007a8a00000)
 ParOldGen       total 173568K, used 19091K [0x00000006c2800000, 0x00000006cd180000, 0x000000076b800000)
  object space 173568K, 10% used [0x00000006c2800000,0x00000006c3aa4c28,0x00000006cd180000)
 Metaspace       used 8308K, capacity 8710K, committed 8960K, reserved 1056768K
  class space    used 656K, capacity 690K, committed 768K, reserved 1048576K
}

