# JRE version: Java(TM) SE Runtime Environment (8.0_65-b17) (build 1.8.0_65-b17)
# Java VM: Java HotSpot(TM) 64-Bit Server VM (25.65-b01 mixed mode windows-amd64 compressed oops)
Heap:
 PSYoungGen      total 103936K, used 6378K [0x000000076b800000, 0x00000007b9300000, 0x00000007c0000000)
  eden space 103424K, 5% used [0x000000076b800000,0x000000076be0ab80,0x0000000771d00000)
  from space 512K, 37% used [0x00000007b9280000,0x00000007b92b0000,0x00000007b9300000)
  to   space 512K, 0% used [0x00000007b9200000,0x00000007b9200000,0x00000007b9280000)
 ParOldGen       total 173568K, used 11847K [0x00000006c2800000, 0x00000006cd180000, 0x000000076b800000)
  object space 173568K, 6% used [0x00000006c2800000,0x00000006c3391fe0,0x00000006cd180000)
 Metaspace       used 8394K, capacity 8774K, committed 8960K, reserved 1056768K
  class space    used 662K, capacity 690K, committed 768K, reserved 1048576K
GC Heap History (10 events):
Event: 44.250 GC heap before
{Heap before GC invocations=643 (full 0):
 PSYoungGen      total 124416K, used 124064K [0x000000076b800000, 0x00000007b9300000, 0x00000007c0000000)
  eden space 123904K, 100% used [0x000000076b800000,0x0000000773100000,0x0000000773100000)
  from space 512K, 31% used [0x00000007b9280000,0x00000007b92a8000,0x00000007b9300000)
  to   space 512K, 0% used [0x00000007b9200000,0x00000007b9200000,0x00000007b9280000)
 ParOldGen       total 173568K, used 11847K [0x00000006c2800000, 0x00000006cd180000, 0x000000076b800000)
  object space 173568K, 6% used [0x00000006c2800000,0x00000006c3391fe0,0x00000006cd180000)
 Metaspace       used 8394K, capacity 8774K, committed 8960K, reserved 1056768K
  class space    used 662K, capacity 690K, committed 768K, reserved 1048576K
Event: 44.250 GC heap after
Heap after GC invocations=643 (full 0):
 PSYoungGen      total 120832K, used 192K [0x000000076b800000, 0x00000007b9300000, 0x00000007c0000000)
  eden space 120320K, 0% used [0x000000076b800000,0x000000076b800000,0x0000000772d80000)
  from space 512K, 37% used [0x00000007b9200000,0x00000007b9230000,0x00000007b9280000)
  to   space 512K, 0% used [0x00000007b9280000,0x00000007b9280000,0x00000007b9300000)
 ParOldGen       total 173568K, used 11847K [0x00000006c2800000, 0x00000006cd180000, 0x000000076b800000)
  object space 173568K, 6% used [0x00000006c2800000,0x00000006c3391fe0,0x00000006cd180000)
 Metaspace       used 8394K, capacity 8774K, committed 8960K, reserved 1056768K
  class space    used 662K, capacity 690K, committed 768K, reserved 1048576K
}
Event: 44.310 GC heap before
{Heap before GC invocations=644 (full 0):
 PSYoungGen      total 120832K, used 120512K [0x000000076b800000, 0x00000007b9300000, 0x00000007c0000000)
  eden space 120320K, 100% used [0x000000076b800000,0x0000000772d80000,0x0000000772d80000)
  from space 512K, 37% used [0x00000007b9200000,0x00000007b9230000,0x00000007b9280000)
  to   space 512K, 0% used [0x00000007b9280000,0x00000007b9280000,0x00000007b9300000)
 ParOldGen       total 173568K, used 11847K [0x00000006c2800000, 0x00000006cd180000, 0x000000076b800000)
  object space 173568K, 6% used [0x00000006c2800000,0x00000006c3391fe0,0x00000006cd180000)
 Metaspace       used 8394K, capacity 8774K, committed 8960K, reserved 1056768K
  class space    used 662K, capacity 690K, committed 768K, reserved 1048576K
Event: 44.310 GC heap after
Heap after GC invocations=644 (full 0):
 PSYoungGen      total 117248K, used 224K [0x000000076b800000, 0x00000007b9300000, 0x00000007c0000000)
  eden space 116736K, 0% used [0x000000076b800000,0x000000076b800000,0x0000000772a00000)
  from space 512K, 43% used [0x00000007b9280000,0x00000007b92b8000,0x00000007b9300000)
  to   space 512K, 0% used [0x00000007b9200000,0x00000007b9200000,0x00000007b9280000)
 ParOldGen       total 173568K, used 11847K [0x00000006c2800000, 0x00000006cd180000, 0x000000076b800000)
  object space 173568K, 6% used [0x00000006c2800000,0x00000006c3391fe0,0x00000006cd180000)
 Metaspace       used 8394K, capacity 8774K, committed 8960K, reserved 1056768K
  class space    used 662K, capacity 690K, committed 768K, reserved 1048576K
}
Event: 44.372 GC heap before
{Heap before GC invocations=645 (full 0):
 PSYoungGen      total 117248K, used 116960K [0x000000076b800000, 0x00000007b9300000, 0x00000007c0000000)
  eden space 116736K, 100% used [0x000000076b800000,0x0000000772a00000,0x0000000772a00000)
  from space 512K, 43% used [0x00000007b9280000,0x00000007b92b8000,0x00000007b9300000)
  to   space 512K, 0% used [0x00000007b9200000,0x00000007b9200000,0x00000007b9280000)
 ParOldGen       total 173568K, used 11847K [0x00000006c2800000, 0x00000006cd180000, 0x000000076b800000)
  object space 173568K, 6% used [0x00000006c2800000,0x00000006c3391fe0,0x00000006cd180000)
 Metaspace       used 8394K, capacity 8774K, committed 8960K, reserved 1056768K
  class space    used 662K, capacity 690K, committed 768K, reserved 1048576K
Event: 44.372 GC heap after
Heap after GC invocations=645 (full 0):
 PSYoungGen      total 113664K, used 224K [0x000000076b800000, 0x00000007b9300000, 0x00000007c0000000)
  eden space 113152K, 0% used [0x000000076b800000,0x000000076b800000,0x0000000772680000)
  from space 512K, 43% used [0x00000007b9200000,0x00000007b9238000,0x00000007b9280000)
  to   space 512K, 0% used [0x00000007b9280000,0x00000007b9280000,0x00000007b9300000)
 ParOldGen       total 173568K, used 11847K [0x00000006c2800000, 0x00000006cd180000, 0x000000076b800000)
  object space 173568K, 6% used [0x00000006c2800000,0x00000006c3391fe0,0x00000006cd180000)
 Metaspace       used 8394K, capacity 8774K, committed 8960K, reserved 1056768K
  class space    used 662K, capacity 690K, committed 768K, reserved 1048576K
}
Event: 44.435 GC heap before
{Heap before GC invocations=646 (full 0):
 PSYoungGen      total 113664K, used 113376K [0x000000076b800000, 0x00000007b9300000, 0x00000007c0000000)
  eden space 113152K, 100% used [0x000000076b800000,0x0000000772680000,0x0000000772680000)
  from space 512K, 43% used [0x00000007b9200000,0x00000007b9238000,0x00000007b9280000)
  to   space 512K, 0% used [0x00000007b9280000,0x00000007b9280000,0x00000007b9300000)
 ParOldGen       total 173568K, used 11847K [0x00000006c2800000, 0x00000006cd180000, 0x000000076b800000)
  object space 173568K, 6% used [0x00000006c2800000,0x00000006c3391fe0,0x00000006cd180000)
 Metaspace       used 8394K, capacity 8774K, committed 8960K, reserved 1056768K
  class space    used 662K, capacity 690K, committed 768K, reserved 1048576K
Event: 44.436 GC heap after
Heap after GC invocations=646 (full 0):
 PSYoungGen      total 110080K, used 192K [0x000000076b800000, 0x00000007b9300000, 0x00000007c0000000)
  eden space 109568K, 0% used [0x000000076b800000,0x000000076b800000,0x0000000772300000)
  from space 512K, 37% used [0x00000007b9280000,0x00000007b92b0000,0x00000007b9300000)
  to   space 512K, 0% used [0x00000007b9200000,0x00000007b9200000,0x00000007b9280000)
 ParOldGen       total 173568K, used 11847K [0x00000006c2800000, 0x00000006cd180000, 0x000000076b800000)
  object space 173568K, 6% used [0x00000006c2800000,0x00000006c3391fe0,0x00000006cd180000)
 Metaspace       used 8394K, capacity 8774K, committed 8960K, reserved 1056768K
  class space    used 662K, capacity 690K, committed 768K, reserved 1048576K
}
Event: 44.489 GC heap before
{Heap before GC invocations=647 (full 0):
 PSYoungGen      total 110080K, used 109760K [0x000000076b800000, 0x00000007b9300000, 0x00000007c0000000)
  eden space 109568K, 100% used [0x000000076b800000,0x0000000772300000,0x0000000772300000)
  from space 512K, 37% used [0x00000007b9280000,0x00000007b92b0000,0x00000007b9300000)
  to   space 512K, 0% used [0x00000007b9200000,0x00000007b9200000,0x00000007b9280000)
 ParOldGen       total 173568K, used 11847K [0x00000006c2800000, 0x00000006cd180000, 0x000000076b800000)
  object space 173568K, 6% used [0x00000006c2800000,0x00000006c3391fe0,0x00000006cd180000)
 Metaspace       used 8394K, capacity 8774K, committed 8960K, reserved 1056768K
  class space    used 662K, capacity 690K, committed 768K, reserved 1048576K
Event: 44.489 GC heap after
Heap after GC invocations=647 (full 0):
 PSYoungGen      total 107008K, used 192K [0x000000076b800000, 0x00000007b9300000, 0x00000007c0000000)
  eden space 106496K, 0% used [0x000000076b800000,0x000000076b800000,0x0000000772000000)
  from space 512K, 37% used [0x00000007b9200000,0x00000007b9230000,0x00000007b9280000)
  to   space 512K, 0% used [0x00000007b9280000,0x00000007b9280000,0x00000007b9300000)
 ParOldGen       total 173568K, used 11847K [0x00000006c2800000, 0x00000006cd180000, 0x000000076b800000)
  object space 173568K, 6% used [0x00000006c2800000,0x00000006c3391fe0,0x00000006cd180000)
 Metaspace       used 8394K, capacity 8774K, committed 8960K, reserved 1056768K
  class space    used 662K, capacity 690K, committed 768K, reserved 1048576K
}

