# JRE version: Java(TM) SE Runtime Environment (8.0_65-b17) (build 1.8.0_65-b17)
# Java VM: Java HotSpot(TM) 64-Bit Server VM (25.65-b01 mixed mode windows-amd64 compressed oops)
Heap:
 PSYoungGen      total 87552K, used 59486K [0x000000076b800000, 0x000000077a780000, 0x00000007c0000000)
  eden space 86528K, 68% used [0x000000076b800000,0x000000076f207a40,0x0000000770c80000)
  from space 1024K, 6% used [0x000000077a580000,0x000000077a590000,0x000000077a680000)
  to   space 1024K, 0% used [0x000000077a680000,0x000000077a680000,0x000000077a780000)
 ParOldGen       total 173568K, used 1340K [0x00000006c2800000, 0x00000006cd180000, 0x000000076b800000)
  object space 173568K, 0% used [0x00000006c2800000,0x00000006c294f060,0x00000006cd180000)
 Metaspace       used 8090K, capacity 8646K, committed 8960K, reserved 1056768K
  class space    used 646K, capacity 690K, committed 768K, reserved 1048576K
GC Heap History (10 events):
Event: 5.342 GC heap before
{Heap before GC invocations=37 (full 0):
 PSYoungGen      total 99328K, used 99008K [0x000000076b800000, 0x000000077a880000, 0x00000007c0000000)
  eden space 98816K, 100% used [0x000000076b800000,0x0000000771880000,0x0000000771880000)
  from space 512K, 37% used [0x000000077a800000,0x000000077a830000,0x000000077a880000)
  to   space 1024K, 0% used [0x000000077a680000,0x000000077a680000,0x000000077a780000)
 ParOldGen       total 173568K, used 1292K [0x00000006c2800000, 0x00000006cd180000, 0x000000076b800000)
  object space 173568K, 0% used [0x00000006c2800000,0x00000006c2943060,0x00000006cd180000)
 Metaspace       used 8090K, capacity 8646K, committed 8960K, reserved 1056768K
  class space    used 646K, capacity 690K, committed 768K, reserved 1048576K
Event: 5.343 GC heap after
Heap after GC invocations=37 (full 0):
 PSYoungGen      total 97280K, used 128K [0x000000076b800000, 0x000000077a880000, 0x00000007c0000000)
  eden space 96256K, 0% used [0x000000076b800000,0x000000076b800000,0x0000000771600000)
  from space 1024K, 12% used [0x000000077a680000,0x000000077a6a0000,0x000000077a780000)
  to   space 1024K, 0% used [0x000000077a780000,0x000000077a780000,0x000000077a880000)
 ParOldGen       total 173568K, used 1292K [0x00000006c2800000, 0x00000006cd180000, 0x000000076b800000)
  object space 173568K, 0% used [0x00000006c2800000,0x00000006c2943060,0x00000006cd180000)
 Metaspace       used 8090K, capacity 8646K, committed 8960K, reserved 1056768K
  class space    used 646K, capacity 690K, committed 768K, reserved 1048576K
}
Event: 5.452 GC heap before
{Heap before GC invocations=38 (full 0):
 PSYoungGen      total 97280K, used 96384K [0x000000076b800000, 0x000000077a880000, 0x00000007c0000000)
  eden space 96256K, 100% used [0x000000076b800000,0x0000000771600000,0x0000000771600000)
  from space 1024K, 12% used [0x000000077a680000,0x000000077a6a0000,0x000000077a780000)
  to   space 1024K, 0% used [0x000000077a780000,0x000000077a780000,0x000000077a880000)
 ParOldGen       total 173568K, used 1292K [0x00000006c2800000, 0x00000006cd180000, 0x000000076b800000)
  object space 173568K, 0% used [0x00000006c2800000,0x00000006c2943060,0x00000006cd180000)
 Metaspace       used 8090K, capacity 8646K, committed 8960K, reserved 1056768K
  class space    used 646K, capacity 690K, committed 768K, reserved 1048576K
Event: 5.453 GC heap after
Heap after GC invocations=38 (full 0):
 PSYoungGen      total 94208K, used 160K [0x000000076b800000, 0x000000077a800000, 0x00000007c0000000)
  eden space 93696K, 0% used [0x000000076b800000,0x000000076b800000,0x0000000771380000)
  from space 512K, 31% used [0x000000077a780000,0x000000077a7a8000,0x000000077a800000)
  to   space 1024K, 0% used [0x000000077a600000,0x000000077a600000,0x000000077a700000)
 ParOldGen       total 173568K, used 1316K [0x00000006c2800000, 0x00000006cd180000, 0x000000076b800000)
  object space 173568K, 0% used [0x00000006c2800000,0x00000006c2949060,0x00000006cd180000)
 Metaspace       used 8090K, capacity 8646K, committed 8960K, reserved 1056768K
  class space    used 646K, capacity 690K, committed 768K, reserved 1048576K
}
Event: 5.528 GC heap before
{Heap before GC invocations=39 (full 0):
 PSYoungGen      total 94208K, used 93856K [0x000000076b800000, 0x000000077a800000, 0x00000007c0000000)
  eden space 93696K, 100% used [0x000000076b800000,0x0000000771380000,0x0000000771380000)
  from space 512K, 31% used [0x000000077a780000,0x000000077a7a8000,0x000000077a800000)
  to   space 1024K, 0% used [0x000000077a600000,0x000000077a600000,0x000000077a700000)
 ParOldGen       total 173568K, used 1316K [0x00000006c2800000, 0x00000006cd180000, 0x000000076b800000)
  object space 173568K, 0% used [0x00000006c2800000,0x00000006c2949060,0x00000006cd180000)
 Metaspace       used 8090K, capacity 8646K, committed 8960K, reserved 1056768K
  class space    used 646K, capacity 690K, committed 768K, reserved 1048576K
Event: 5.528 GC heap after
Heap after GC invocations=39 (full 0):
 PSYoungGen      total 92160K, used 128K [0x000000076b800000, 0x000000077a800000, 0x00000007c0000000)
  eden space 91136K, 0% used [0x000000076b800000,0x000000076b800000,0x0000000771100000)
  from space 1024K, 12% used [0x000000077a600000,0x000000077a620000,0x000000077a700000)
  to   space 1024K, 0% used [0x000000077a700000,0x000000077a700000,0x000000077a800000)
 ParOldGen       total 173568K, used 1316K [0x00000006c2800000, 0x00000006cd180000, 0x000000076b800000)
  object space 173568K, 0% used [0x00000006c2800000,0x00000006c2949060,0x00000006cd180000)
 Metaspace       used 8090K, capacity 8646K, committed 8960K, reserved 1056768K
  class space    used 646K, capacity 690K, committed 768K, reserved 1048576K
}
Event: 5.627 GC heap before
{Heap before GC invocations=40 (full 0):
 PSYoungGen      total 92160K, used 91264K [0x000000076b800000, 0x000000077a800000, 0x00000007c0000000)
  eden space 91136K, 100% used [0x000000076b800000,0x0000000771100000,0x0000000771100000)
  from space 1024K, 12% used [0x000000077a600000,0x000000077a620000,0x000000077a700000)
  to   space 1024K, 0% used [0x000000077a700000,0x000000077a700000,0x000000077a800000)
 ParOldGen       total 173568K, used 1316K [0x00000006c2800000, 0x00000006cd180000, 0x000000076b800000)
  object space 173568K, 0% used [0x00000006c2800000,0x00000006c2949060,0x00000006cd180000)
 Metaspace       used 8090K, capacity 8646K, committed 8960K, reserved 1056768K
  class space    used 646K, capacity 690K, committed 768K, reserved 1048576K
Event: 5.628 GC heap after
Heap after GC invocations=40 (full 0):
 PSYoungGen      total 89088K, used 128K [0x000000076b800000, 0x000000077a780000, 0x00000007c0000000)
  eden space 88576K, 0% used [0x000000076b800000,0x000000076b800000,0x0000000770e80000)
  from space 512K, 25% used [0x000000077a700000,0x000000077a720000,0x000000077a780000)
  to   space 1024K, 0% used [0x000000077a580000,0x000000077a580000,0x000000077a680000)
 ParOldGen       total 173568K, used 1316K [0x00000006c2800000, 0x00000006cd180000, 0x000000076b800000)
  object space 173568K, 0% used [0x00000006c2800000,0x00000006c2949060,0x00000006cd180000)
 Metaspace       used 8090K, capacity 8646K, committed 8960K, reserved 1056768K
  class space    used 646K, capacity 690K, committed 768K, reserved 1048576K
}
Event: 5.705 GC heap before
{Heap before GC invocations=41 (full 0):
 PSYoungGen      total 89088K, used 88704K [0x000000076b800000, 0x000000077a780000, 0x00000007c0000000)
  eden space 88576K, 100% used [0x000000076b800000,0x0000000770e80000,0x0000000770e80000)
  from space 512K, 25% used [0x000000077a700000,0x000000077a720000,0x000000077a780000)
  to   space 1024K, 0% used [0x000000077a580000,0x000000077a580000,0x000000077a680000)
 ParOldGen       total 173568K, used 1316K [0x00000006c2800000, 0x00000006cd180000, 0x000000076b800000)
  object space 173568K, 0% used [0x00000006c2800000,0x00000006c2949060,0x00000006cd180000)
 Metaspace       used 8090K, capacity 8646K, committed 8960K, reserved 1056768K
  class space    used 646K, capacity 690K, committed 768K, reserved 1048576K
Event: 5.706 GC heap after
Heap after GC invocations=41 (full 0):
 PSYoungGen      total 87552K, used 64K [0x000000076b800000, 0x000000077a780000, 0x00000007c0000000)
  eden space 86528K, 0% used [0x000000076b800000,0x000000076b800000,0x0000000770c80000)
  from space 1024K, 6% used [0x000000077a580000,0x000000077a590000,0x000000077a680000)
  to   space 1024K, 0% used [0x000000077a680000,0x000000077a680000,0x000000077a780000)
 ParOldGen       total 173568K, used 1340K [0x00000006c2800000, 0x00000006cd180000, 0x000000076b800000)
  object space 173568K, 0% used [0x00000006c2800000,0x00000006c294f060,0x00000006cd180000)
 Metaspace       used 8090K, capacity 8646K, committed 8960K, reserved 1056768K
  class space    used 646K, capacity 690K, committed 768K, reserved 1048576K
}

