# JRE version: Java(TM) SE Runtime Environment (8.0_65-b17) (build 1.8.0_65-b17)
# Java VM: Java HotSpot(TM) 64-Bit Server VM (25.65-b01 mixed mode windows-amd64 compressed oops)
Heap:
 PSYoungGen      total 989184K, used 576833K [0x000000076b800000, 0x00000007be680000, 0x00000007c0000000)
  eden space 980992K, 58% used [0x000000076b800000,0x000000078eb18740,0x00000007a7600000)
  from space 8192K, 2% used [0x00000007bd680000,0x00000007bd6b8000,0x00000007bde80000)
  to   space 7680K, 0% used [0x00000007bdf00000,0x00000007bdf00000,0x00000007be680000)
 ParOldGen       total 173568K, used 19608K [0x00000006c2800000, 0x00000006cd180000, 0x000000076b800000)
  object space 173568K, 11% used [0x00000006c2800000,0x00000006c3b26148,0x00000006cd180000)
 Metaspace       used 8392K, capacity 8774K, committed 8960K, reserved 1056768K
  class space    used 662K, capacity 690K, committed 768K, reserved 1048576K
GC Heap History (10 events):
Event: 6.098 GC heap before
{Heap before GC invocations=15 (full 0):
 PSYoungGen      total 1248768K, used 1248512K [0x000000076b800000, 0x00000007bf680000, 0x00000007c0000000)
  eden space 1248256K, 100% used [0x000000076b800000,0x00000007b7b00000,0x00000007b7b00000)
  from space 512K, 50% used [0x00000007bf600000,0x00000007bf640000,0x00000007bf680000)
  to   space 9728K, 0% used [0x00000007be380000,0x00000007be380000,0x00000007bed00000)
 ParOldGen       total 173568K, used 19504K [0x00000006c2800000, 0x00000006cd180000, 0x000000076b800000)
  object space 173568K, 11% used [0x00000006c2800000,0x00000006c3b0c148,0x00000006cd180000)
 Metaspace       used 8384K, capacity 8774K, committed 8960K, reserved 1056768K
  class space    used 661K, capacity 690K, committed 768K, reserved 1048576K
Event: 6.098 GC heap after
Heap after GC invocations=15 (full 0):
 PSYoungGen      total 1199104K, used 256K [0x000000076b800000, 0x00000007bf680000, 0x00000007c0000000)
  eden space 1189376K, 0% used [0x000000076b800000,0x000000076b800000,0x00000007b4180000)
  from space 9728K, 2% used [0x00000007be380000,0x00000007be3c0000,0x00000007bed00000)
  to   space 9216K, 0% used [0x00000007bed80000,0x00000007bed80000,0x00000007bf680000)
 ParOldGen       total 173568K, used 19536K [0x00000006c2800000, 0x00000006cd180000, 0x000000076b800000)
  object space 173568K, 11% used [0x00000006c2800000,0x00000006c3b14148,0x00000006cd180000)
 Metaspace       used 8384K, capacity 8774K, committed 8960K, reserved 1056768K
  class space    used 661K, capacity 690K, committed 768K, reserved 1048576K
}
Event: 6.959 GC heap before
{Heap before GC invocations=16 (full 0):
 PSYoungGen      total 1199104K, used 1189632K [0x000000076b800000, 0x00000007bf680000, 0x00000007c0000000)
  eden space 1189376K, 100% used [0x000000076b800000,0x00000007b4180000,0x00000007b4180000)
  from space 9728K, 2% used [0x00000007be380000,0x00000007be3c0000,0x00000007bed00000)
  to   space 9216K, 0% used [0x00000007bed80000,0x00000007bed80000,0x00000007bf680000)
 ParOldGen       total 173568K, used 19536K [0x00000006c2800000, 0x00000006cd180000, 0x000000076b800000)
  object space 173568K, 11% used [0x00000006c2800000,0x00000006c3b14148,0x00000006cd180000)
 Metaspace       used 8384K, capacity 8774K, committed 8960K, reserved 1056768K
  class space    used 661K, capacity 690K, committed 768K, reserved 1048576K
Event: 6.959 GC heap after
Heap after GC invocations=16 (full 0):
 PSYoungGen      total 1133568K, used 224K [0x000000076b800000, 0x00000007bee00000, 0x00000007c0000000)
  eden space 1133056K, 0% used [0x000000076b800000,0x000000076b800000,0x00000007b0a80000)
  from space 512K, 43% used [0x00000007bed80000,0x00000007bedb8000,0x00000007bee00000)
  to   space 8704K, 0% used [0x00000007bdd00000,0x00000007bdd00000,0x00000007be580000)
 ParOldGen       total 173568K, used 19560K [0x00000006c2800000, 0x00000006cd180000, 0x000000076b800000)
  object space 173568K, 11% used [0x00000006c2800000,0x00000006c3b1a148,0x00000006cd180000)
 Metaspace       used 8384K, capacity 8774K, committed 8960K, reserved 1056768K
  class space    used 661K, capacity 690K, committed 768K, reserved 1048576K
}
Event: 7.807 GC heap before
{Heap before GC invocations=17 (full 0):
 PSYoungGen      total 1133568K, used 1133280K [0x000000076b800000, 0x00000007bee00000, 0x00000007c0000000)
  eden space 1133056K, 100% used [0x000000076b800000,0x00000007b0a80000,0x00000007b0a80000)
  from space 512K, 43% used [0x00000007bed80000,0x00000007bedb8000,0x00000007bee00000)
  to   space 8704K, 0% used [0x00000007bdd00000,0x00000007bdd00000,0x00000007be580000)
 ParOldGen       total 173568K, used 19560K [0x00000006c2800000, 0x00000006cd180000, 0x000000076b800000)
  object space 173568K, 11% used [0x00000006c2800000,0x00000006c3b1a148,0x00000006cd180000)
 Metaspace       used 8384K, capacity 8774K, committed 8960K, reserved 1056768K
  class space    used 661K, capacity 690K, committed 768K, reserved 1048576K
Event: 7.808 GC heap after
Heap after GC invocations=17 (full 0):
 PSYoungGen      total 1088512K, used 256K [0x000000076b800000, 0x00000007bee00000, 0x00000007c0000000)
  eden space 1079808K, 0% used [0x000000076b800000,0x000000076b800000,0x00000007ad680000)
  from space 8704K, 2% used [0x00000007bdd00000,0x00000007bdd40000,0x00000007be580000)
  to   space 8192K, 0% used [0x00000007be600000,0x00000007be600000,0x00000007bee00000)
 ParOldGen       total 173568K, used 19584K [0x00000006c2800000, 0x00000006cd180000, 0x000000076b800000)
  object space 173568K, 11% used [0x00000006c2800000,0x00000006c3b20148,0x00000006cd180000)
 Metaspace       used 8384K, capacity 8774K, committed 8960K, reserved 1056768K
  class space    used 661K, capacity 690K, committed 768K, reserved 1048576K
}
Event: 8.616 GC heap before
{Heap before GC invocations=18 (full 0):
 PSYoungGen      total 1088512K, used 1080064K [0x000000076b800000, 0x00000007bee00000, 0x00000007c0000000)
  eden space 1079808K, 100% used [0x000000076b800000,0x00000007ad680000,0x00000007ad680000)
  from space 8704K, 2% used [0x00000007bdd00000,0x00000007bdd40000,0x00000007be580000)
  to   space 8192K, 0% used [0x00000007be600000,0x00000007be600000,0x00000007bee00000)
 ParOldGen       total 173568K, used 19584K [0x00000006c2800000, 0x00000006cd180000, 0x000000076b800000)
  object space 173568K, 11% used [0x00000006c2800000,0x00000006c3b20148,0x00000006cd180000)
 Metaspace       used 8392K, capacity 8774K, committed 8960K, reserved 1056768K
  class space    used 662K, capacity 690K, committed 768K, reserved 1048576K
Event: 8.616 GC heap after
Heap after GC invocations=18 (full 0):
 PSYoungGen      total 1029632K, used 224K [0x000000076b800000, 0x00000007be680000, 0x00000007c0000000)
  eden space 1029120K, 0% used [0x000000076b800000,0x000000076b800000,0x00000007aa500000)
  from space 512K, 43% used [0x00000007be600000,0x00000007be638000,0x00000007be680000)
  to   space 8192K, 0% used [0x00000007bd680000,0x00000007bd680000,0x00000007bde80000)
 ParOldGen       total 173568K, used 19584K [0x00000006c2800000, 0x00000006cd180000, 0x000000076b800000)
  object space 173568K, 11% used [0x00000006c2800000,0x00000006c3b20148,0x00000006cd180000)
 Metaspace       used 8392K, capacity 8774K, committed 8960K, reserved 1056768K
  class space    used 662K, capacity 690K, committed 768K, reserved 1048576K
}
Event: 9.407 GC heap before
{Heap before GC invocations=19 (full 0):
 PSYoungGen      total 1029632K, used 1029344K [0x000000076b800000, 0x00000007be680000, 0x00000007c0000000)
  eden space 1029120K, 100% used [0x000000076b800000,0x00000007aa500000,0x00000007aa500000)
  from space 512K, 43% used [0x00000007be600000,0x00000007be638000,0x00000007be680000)
  to   space 8192K, 0% used [0x00000007bd680000,0x00000007bd680000,0x00000007bde80000)
 ParOldGen       total 173568K, used 19584K [0x00000006c2800000, 0x00000006cd180000, 0x000000076b800000)
  object space 173568K, 11% used [0x00000006c2800000,0x00000006c3b20148,0x00000006cd180000)
 Metaspace       used 8392K, capacity 8774K, committed 8960K, reserved 1056768K
  class space    used 662K, capacity 690K, committed 768K, reserved 1048576K
Event: 9.407 GC heap after
Heap after GC invocations=19 (full 0):
 PSYoungGen      total 989184K, used 224K [0x000000076b800000, 0x00000007be680000, 0x00000007c0000000)
  eden space 980992K, 0% used [0x000000076b800000,0x000000076b800000,0x00000007a7600000)
  from space 8192K, 2% used [0x00000007bd680000,0x00000007bd6b8000,0x00000007bde80000)
  to   space 7680K, 0% used [0x00000007bdf00000,0x00000007bdf00000,0x00000007be680000)
 ParOldGen       total 173568K, used 19608K [0x00000006c2800000, 0x00000006cd180000, 0x000000076b800000)
  object space 173568K, 11% used [0x00000006c2800000,0x00000006c3b26148,0x00000006cd180000)
 Metaspace       used 8392K, capacity 8774K, committed 8960K, reserved 1056768K
  class space    used 662K, capacity 690K, committed 768K, reserved 1048576K
}

