# JRE version: Java(TM) SE Runtime Environment (8.0_65-b17) (build 1.8.0_65-b17)
# Java VM: Java HotSpot(TM) 64-Bit Server VM (25.65-b01 mixed mode windows-amd64 compressed oops)
Heap:
 PSYoungGen      total 236032K, used 44288K [0x000000076b800000, 0x0000000793380000, 0x00000007c0000000)
  eden space 232960K, 18% used [0x000000076b800000,0x000000076e308178,0x0000000779b80000)
  from space 3072K, 7% used [0x0000000792d80000,0x0000000792db8000,0x0000000793080000)
  to   space 3072K, 0% used [0x0000000793080000,0x0000000793080000,0x0000000793380000)
 ParOldGen       total 173568K, used 8418K [0x00000006c2800000, 0x00000006cd180000, 0x000000076b800000)
  object space 173568K, 4% used [0x00000006c2800000,0x00000006c3038a90,0x00000006cd180000)
 Metaspace       used 8345K, capacity 8710K, committed 8960K, reserved 1056768K
  class space    used 660K, capacity 690K, committed 768K, reserved 1048576K
GC Heap History (10 events):
Event: 4.471 GC heap before
{Heap before GC invocations=21 (full 0):
 PSYoungGen      total 284672K, used 284384K [0x000000076b800000, 0x0000000793900000, 0x00000007c0000000)
  eden space 284160K, 100% used [0x000000076b800000,0x000000077cd80000,0x000000077cd80000)
  from space 512K, 43% used [0x0000000793880000,0x00000007938b8000,0x0000000793900000)
  to   space 3584K, 0% used [0x0000000793200000,0x0000000793200000,0x0000000793580000)
 ParOldGen       total 173568K, used 8386K [0x00000006c2800000, 0x00000006cd180000, 0x000000076b800000)
  object space 173568K, 4% used [0x00000006c2800000,0x00000006c3030a90,0x00000006cd180000)
 Metaspace       used 8343K, capacity 8710K, committed 8960K, reserved 1056768K
  class space    used 660K, capacity 690K, committed 768K, reserved 1048576K
Event: 4.471 GC heap after
Heap after GC invocations=21 (full 0):
 PSYoungGen      total 276480K, used 192K [0x000000076b800000, 0x0000000793900000, 0x00000007c0000000)
  eden space 272896K, 0% used [0x000000076b800000,0x000000076b800000,0x000000077c280000)
  from space 3584K, 5% used [0x0000000793200000,0x0000000793230000,0x0000000793580000)
  to   space 3584K, 0% used [0x0000000793580000,0x0000000793580000,0x0000000793900000)
 ParOldGen       total 173568K, used 8386K [0x00000006c2800000, 0x00000006cd180000, 0x000000076b800000)
  object space 173568K, 4% used [0x00000006c2800000,0x00000006c3030a90,0x00000006cd180000)
 Metaspace       used 8343K, capacity 8710K, committed 8960K, reserved 1056768K
  class space    used 660K, capacity 690K, committed 768K, reserved 1048576K
}
Event: 4.679 GC heap before
{Heap before GC invocations=22 (full 0):
 PSYoungGen      total 276480K, used 273088K [0x000000076b800000, 0x0000000793900000, 0x00000007c0000000)
  eden space 272896K, 100% used [0x000000076b800000,0x000000077c280000,0x000000077c280000)
  from space 3584K, 5% used [0x0000000793200000,0x0000000793230000,0x0000000793580000)
  to   space 3584K, 0% used [0x0000000793580000,0x0000000793580000,0x0000000793900000)
 ParOldGen       total 173568K, used 8386K [0x00000006c2800000, 0x00000006cd180000, 0x000000076b800000)
  object space 173568K, 4% used [0x00000006c2800000,0x00000006c3030a90,0x00000006cd180000)
 Metaspace       used 8344K, capacity 8710K, committed 8960K, reserved 1056768K
  class space    used 660K, capacity 690K, committed 768K, reserved 1048576K
Event: 4.679 GC heap after
Heap after GC invocations=22 (full 0):
 PSYoungGen      total 262656K, used 224K [0x000000076b800000, 0x0000000793600000, 0x00000007c0000000)
  eden space 262144K, 0% used [0x000000076b800000,0x000000076b800000,0x000000077b800000)
  from space 512K, 43% used [0x0000000793580000,0x00000007935b8000,0x0000000793600000)
  to   space 3072K, 0% used [0x0000000793000000,0x0000000793000000,0x0000000793300000)
 ParOldGen       total 173568K, used 8386K [0x00000006c2800000, 0x00000006cd180000, 0x000000076b800000)
  object space 173568K, 4% used [0x00000006c2800000,0x00000006c3030a90,0x00000006cd180000)
 Metaspace       used 8344K, capacity 8710K, committed 8960K, reserved 1056768K
  class space    used 660K, capacity 690K, committed 768K, reserved 1048576K
}
Event: 4.970 GC heap before
{Heap before GC invocations=23 (full 0):
 PSYoungGen      total 262656K, used 262368K [0x000000076b800000, 0x0000000793600000, 0x00000007c0000000)
  eden space 262144K, 100% used [0x000000076b800000,0x000000077b800000,0x000000077b800000)
  from space 512K, 43% used [0x0000000793580000,0x00000007935b8000,0x0000000793600000)
  to   space 3072K, 0% used [0x0000000793000000,0x0000000793000000,0x0000000793300000)
 ParOldGen       total 173568K, used 8386K [0x00000006c2800000, 0x00000006cd180000, 0x000000076b800000)
  object space 173568K, 4% used [0x00000006c2800000,0x00000006c3030a90,0x00000006cd180000)
 Metaspace       used 8344K, capacity 8710K, committed 8960K, reserved 1056768K
  class space    used 660K, capacity 690K, committed 768K, reserved 1048576K
Event: 4.971 GC heap after
Heap after GC invocations=23 (full 0):
 PSYoungGen      total 254976K, used 192K [0x000000076b800000, 0x0000000793600000, 0x00000007c0000000)
  eden space 251904K, 0% used [0x000000076b800000,0x000000076b800000,0x000000077ae00000)
  from space 3072K, 6% used [0x0000000793000000,0x0000000793030000,0x0000000793300000)
  to   space 3072K, 0% used [0x0000000793300000,0x0000000793300000,0x0000000793600000)
 ParOldGen       total 173568K, used 8386K [0x00000006c2800000, 0x00000006cd180000, 0x000000076b800000)
  object space 173568K, 4% used [0x00000006c2800000,0x00000006c3030a90,0x00000006cd180000)
 Metaspace       used 8344K, capacity 8710K, committed 8960K, reserved 1056768K
  class space    used 660K, capacity 690K, committed 768K, reserved 1048576K
}
Event: 5.224 GC heap before
{Heap before GC invocations=24 (full 0):
 PSYoungGen      total 254976K, used 252096K [0x000000076b800000, 0x0000000793600000, 0x00000007c0000000)
  eden space 251904K, 100% used [0x000000076b800000,0x000000077ae00000,0x000000077ae00000)
  from space 3072K, 6% used [0x0000000793000000,0x0000000793030000,0x0000000793300000)
  to   space 3072K, 0% used [0x0000000793300000,0x0000000793300000,0x0000000793600000)
 ParOldGen       total 173568K, used 8386K [0x00000006c2800000, 0x00000006cd180000, 0x000000076b800000)
  object space 173568K, 4% used [0x00000006c2800000,0x00000006c3030a90,0x00000006cd180000)
 Metaspace       used 8344K, capacity 8710K, committed 8960K, reserved 1056768K
  class space    used 660K, capacity 690K, committed 768K, reserved 1048576K
Event: 5.225 GC heap after
Heap after GC invocations=24 (full 0):
 PSYoungGen      total 242688K, used 192K [0x000000076b800000, 0x0000000793380000, 0x00000007c0000000)
  eden space 242176K, 0% used [0x000000076b800000,0x000000076b800000,0x000000077a480000)
  from space 512K, 37% used [0x0000000793300000,0x0000000793330000,0x0000000793380000)
  to   space 3072K, 0% used [0x0000000792d80000,0x0000000792d80000,0x0000000793080000)
 ParOldGen       total 173568K, used 8418K [0x00000006c2800000, 0x00000006cd180000, 0x000000076b800000)
  object space 173568K, 4% used [0x00000006c2800000,0x00000006c3038a90,0x00000006cd180000)
 Metaspace       used 8344K, capacity 8710K, committed 8960K, reserved 1056768K
  class space    used 660K, capacity 690K, committed 768K, reserved 1048576K
}
Event: 5.446 GC heap before
{Heap before GC invocations=25 (full 0):
 PSYoungGen      total 242688K, used 242368K [0x000000076b800000, 0x0000000793380000, 0x00000007c0000000)
  eden space 242176K, 100% used [0x000000076b800000,0x000000077a480000,0x000000077a480000)
  from space 512K, 37% used [0x0000000793300000,0x0000000793330000,0x0000000793380000)
  to   space 3072K, 0% used [0x0000000792d80000,0x0000000792d80000,0x0000000793080000)
 ParOldGen       total 173568K, used 8418K [0x00000006c2800000, 0x00000006cd180000, 0x000000076b800000)
  object space 173568K, 4% used [0x00000006c2800000,0x00000006c3038a90,0x00000006cd180000)
 Metaspace       used 8344K, capacity 8710K, committed 8960K, reserved 1056768K
  class space    used 660K, capacity 690K, committed 768K, reserved 1048576K
Event: 5.447 GC heap after
Heap after GC invocations=25 (full 0):
 PSYoungGen      total 236032K, used 224K [0x000000076b800000, 0x0000000793380000, 0x00000007c0000000)
  eden space 232960K, 0% used [0x000000076b800000,0x000000076b800000,0x0000000779b80000)
  from space 3072K, 7% used [0x0000000792d80000,0x0000000792db8000,0x0000000793080000)
  to   space 3072K, 0% used [0x0000000793080000,0x0000000793080000,0x0000000793380000)
 ParOldGen       total 173568K, used 8418K [0x00000006c2800000, 0x00000006cd180000, 0x000000076b800000)
  object space 173568K, 4% used [0x00000006c2800000,0x00000006c3038a90,0x00000006cd180000)
 Metaspace       used 8344K, capacity 8710K, committed 8960K, reserved 1056768K
  class space    used 660K, capacity 690K, committed 768K, reserved 1048576K
}

