# JRE version: Java(TM) SE Runtime Environment (8.0_65-b17) (build 1.8.0_65-b17)
# Java VM: Java HotSpot(TM) 64-Bit Server VM (25.65-b01 mixed mode windows-amd64 compressed oops)
Heap:
 PSYoungGen      total 692736K, used 331277K [0x000000076b800000, 0x00000007ba100000, 0x00000007c0000000)
  eden space 692224K, 47% used [0x000000076b800000,0x000000077fb4b778,0x0000000795c00000)
  from space 512K, 43% used [0x00000007ba080000,0x00000007ba0b8000,0x00000007ba100000)
  to   space 7680K, 0% used [0x00000007b9200000,0x00000007b9200000,0x00000007b9980000)
 ParOldGen       total 173568K, used 34324K [0x00000006c2800000, 0x00000006cd180000, 0x000000076b800000)
  object space 173568K, 19% used [0x00000006c2800000,0x00000006c49853e8,0x00000006cd180000)
 Metaspace       used 8329K, capacity 8710K, committed 8960K, reserved 1056768K
  class space    used 659K, capacity 690K, committed 768K, reserved 1048576K
GC Heap History (10 events):
Event: 12.783 GC heap before
{Heap before GC invocations=24 (full 0):
 PSYoungGen      total 886272K, used 875232K [0x000000076b800000, 0x00000007bba80000, 0x00000007c0000000)
  eden space 875008K, 100% used [0x000000076b800000,0x00000007a0e80000,0x00000007a0e80000)
  from space 11264K, 1% used [0x00000007ba480000,0x00000007ba4b8000,0x00000007baf80000)
  to   space 10240K, 0% used [0x00000007bb080000,0x00000007bb080000,0x00000007bba80000)
 ParOldGen       total 173568K, used 34284K [0x00000006c2800000, 0x00000006cd180000, 0x000000076b800000)
  object space 173568K, 19% used [0x00000006c2800000,0x00000006c497b3e8,0x00000006cd180000)
 Metaspace       used 8328K, capacity 8710K, committed 8960K, reserved 1056768K
  class space    used 659K, capacity 690K, committed 768K, reserved 1048576K
Event: 12.784 GC heap after
Heap after GC invocations=24 (full 0):
 PSYoungGen      total 835072K, used 224K [0x000000076b800000, 0x00000007bb100000, 0x00000007c0000000)
  eden space 834560K, 0% used [0x000000076b800000,0x000000076b800000,0x000000079e700000)
  from space 512K, 43% used [0x00000007bb080000,0x00000007bb0b8000,0x00000007bb100000)
  to   space 9728K, 0% used [0x00000007b9e00000,0x00000007b9e00000,0x00000007ba780000)
 ParOldGen       total 173568K, used 34292K [0x00000006c2800000, 0x00000006cd180000, 0x000000076b800000)
  object space 173568K, 19% used [0x00000006c2800000,0x00000006c497d3e8,0x00000006cd180000)
 Metaspace       used 8328K, capacity 8710K, committed 8960K, reserved 1056768K
  class space    used 659K, capacity 690K, committed 768K, reserved 1048576K
}
Event: 13.429 GC heap before
{Heap before GC invocations=25 (full 0):
 PSYoungGen      total 835072K, used 834784K [0x000000076b800000, 0x00000007bb100000, 0x00000007c0000000)
  eden space 834560K, 100% used [0x000000076b800000,0x000000079e700000,0x000000079e700000)
  from space 512K, 43% used [0x00000007bb080000,0x00000007bb0b8000,0x00000007bb100000)
  to   space 9728K, 0% used [0x00000007b9e00000,0x00000007b9e00000,0x00000007ba780000)
 ParOldGen       total 173568K, used 34292K [0x00000006c2800000, 0x00000006cd180000, 0x000000076b800000)
  object space 173568K, 19% used [0x00000006c2800000,0x00000006c497d3e8,0x00000006cd180000)
 Metaspace       used 8328K, capacity 8710K, committed 8960K, reserved 1056768K
  class space    used 659K, capacity 690K, committed 768K, reserved 1048576K
Event: 13.430 GC heap after
Heap after GC invocations=25 (full 0):
 PSYoungGen      total 805888K, used 224K [0x000000076b800000, 0x00000007bb100000, 0x00000007c0000000)
  eden space 796160K, 0% used [0x000000076b800000,0x000000076b800000,0x000000079c180000)
  from space 9728K, 2% used [0x00000007b9e00000,0x00000007b9e38000,0x00000007ba780000)
  to   space 9216K, 0% used [0x00000007ba800000,0x00000007ba800000,0x00000007bb100000)
 ParOldGen       total 173568K, used 34300K [0x00000006c2800000, 0x00000006cd180000, 0x000000076b800000)
  object space 173568K, 19% used [0x00000006c2800000,0x00000006c497f3e8,0x00000006cd180000)
 Metaspace       used 8328K, capacity 8710K, committed 8960K, reserved 1056768K
  class space    used 659K, capacity 690K, committed 768K, reserved 1048576K
}
Event: 14.151 GC heap before
{Heap before GC invocations=26 (full 0):
 PSYoungGen      total 805888K, used 796384K [0x000000076b800000, 0x00000007bb100000, 0x00000007c0000000)
  eden space 796160K, 100% used [0x000000076b800000,0x000000079c180000,0x000000079c180000)
  from space 9728K, 2% used [0x00000007b9e00000,0x00000007b9e38000,0x00000007ba780000)
  to   space 9216K, 0% used [0x00000007ba800000,0x00000007ba800000,0x00000007bb100000)
 ParOldGen       total 173568K, used 34300K [0x00000006c2800000, 0x00000006cd180000, 0x000000076b800000)
  object space 173568K, 19% used [0x00000006c2800000,0x00000006c497f3e8,0x00000006cd180000)
 Metaspace       used 8328K, capacity 8710K, committed 8960K, reserved 1056768K
  class space    used 659K, capacity 690K, committed 768K, reserved 1048576K
Event: 14.152 GC heap after
Heap after GC invocations=26 (full 0):
 PSYoungGen      total 760320K, used 256K [0x000000076b800000, 0x00000007ba880000, 0x00000007c0000000)
  eden space 759808K, 0% used [0x000000076b800000,0x000000076b800000,0x0000000799e00000)
  from space 512K, 50% used [0x00000007ba800000,0x00000007ba840000,0x00000007ba880000)
  to   space 8704K, 0% used [0x00000007b9780000,0x00000007b9780000,0x00000007ba000000)
 ParOldGen       total 173568K, used 34308K [0x00000006c2800000, 0x00000006cd180000, 0x000000076b800000)
  object space 173568K, 19% used [0x00000006c2800000,0x00000006c49813e8,0x00000006cd180000)
 Metaspace       used 8328K, capacity 8710K, committed 8960K, reserved 1056768K
  class space    used 659K, capacity 690K, committed 768K, reserved 1048576K
}
Event: 14.752 GC heap before
{Heap before GC invocations=27 (full 0):
 PSYoungGen      total 760320K, used 760064K [0x000000076b800000, 0x00000007ba880000, 0x00000007c0000000)
  eden space 759808K, 100% used [0x000000076b800000,0x0000000799e00000,0x0000000799e00000)
  from space 512K, 50% used [0x00000007ba800000,0x00000007ba840000,0x00000007ba880000)
  to   space 8704K, 0% used [0x00000007b9780000,0x00000007b9780000,0x00000007ba000000)
 ParOldGen       total 173568K, used 34308K [0x00000006c2800000, 0x00000006cd180000, 0x000000076b800000)
  object space 173568K, 19% used [0x00000006c2800000,0x00000006c49813e8,0x00000006cd180000)
 Metaspace       used 8329K, capacity 8710K, committed 8960K, reserved 1056768K
  class space    used 659K, capacity 690K, committed 768K, reserved 1048576K
Event: 14.753 GC heap after
Heap after GC invocations=27 (full 0):
 PSYoungGen      total 733696K, used 256K [0x000000076b800000, 0x00000007ba880000, 0x00000007c0000000)
  eden space 724992K, 0% used [0x000000076b800000,0x000000076b800000,0x0000000797c00000)
  from space 8704K, 2% used [0x00000007b9780000,0x00000007b97c0000,0x00000007ba000000)
  to   space 8192K, 0% used [0x00000007ba080000,0x00000007ba080000,0x00000007ba880000)
 ParOldGen       total 173568K, used 34308K [0x00000006c2800000, 0x00000006cd180000, 0x000000076b800000)
  object space 173568K, 19% used [0x00000006c2800000,0x00000006c49813e8,0x00000006cd180000)
 Metaspace       used 8329K, capacity 8710K, committed 8960K, reserved 1056768K
  class space    used 659K, capacity 690K, committed 768K, reserved 1048576K
}
Event: 15.327 GC heap before
{Heap before GC invocations=28 (full 0):
 PSYoungGen      total 733696K, used 725248K [0x000000076b800000, 0x00000007ba880000, 0x00000007c0000000)
  eden space 724992K, 100% used [0x000000076b800000,0x0000000797c00000,0x0000000797c00000)
  from space 8704K, 2% used [0x00000007b9780000,0x00000007b97c0000,0x00000007ba000000)
  to   space 8192K, 0% used [0x00000007ba080000,0x00000007ba080000,0x00000007ba880000)
 ParOldGen       total 173568K, used 34308K [0x00000006c2800000, 0x00000006cd180000, 0x000000076b800000)
  object space 173568K, 19% used [0x00000006c2800000,0x00000006c49813e8,0x00000006cd180000)
 Metaspace       used 8329K, capacity 8710K, committed 8960K, reserved 1056768K
  class space    used 659K, capacity 690K, committed 768K, reserved 1048576K
Event: 15.328 GC heap after
Heap after GC invocations=28 (full 0):
 PSYoungGen      total 692736K, used 224K [0x000000076b800000, 0x00000007ba100000, 0x00000007c0000000)
  eden space 692224K, 0% used [0x000000076b800000,0x000000076b800000,0x0000000795c00000)
  from space 512K, 43% used [0x00000007ba080000,0x00000007ba0b8000,0x00000007ba100000)
  to   space 7680K, 0% used [0x00000007b9200000,0x00000007b9200000,0x00000007b9980000)
 ParOldGen       total 173568K, used 34324K [0x00000006c2800000, 0x00000006cd180000, 0x000000076b800000)
  object space 173568K, 19% used [0x00000006c2800000,0x00000006c49853e8,0x00000006cd180000)
 Metaspace       used 8329K, capacity 8710K, committed 8960K, reserved 1056768K
  class space    used 659K, capacity 690K, committed 768K, reserved 1048576K
}

