# JRE version: Java(TM) SE Runtime Environment (8.0_65-b17) (build 1.8.0_65-b17)
# Java VM: Java HotSpot(TM) 64-Bit Server VM (25.65-b01 mixed mode windows-amd64 compressed oops)
Heap:
 PSYoungGen      total 186368K, used 46339K [0x000000076b800000, 0x000000077b280000, 0x00000007c0000000)
  eden space 184320K, 25% used [0x000000076b800000,0x000000076e508f20,0x0000000776c00000)
  from space 2048K, 10% used [0x000000077ae80000,0x000000077aeb8000,0x000000077b080000)
  to   space 2048K, 0% used [0x000000077b080000,0x000000077b080000,0x000000077b280000)
 ParOldGen       total 173568K, used 1312K [0x00000006c2800000, 0x00000006cd180000, 0x000000076b800000)
  object space 173568K, 0% used [0x00000006c2800000,0x00000006c2948050,0x00000006cd180000)
 Metaspace       used 8240K, capacity 8710K, committed 8960K, reserved 1056768K
  class space    used 657K, capacity 690K, committed 768K, reserved 1048576K
GC Heap History (10 events):
Event: 1.841 GC heap before
{Heap before GC invocations=13 (full 0):
 PSYoungGen      total 222720K, used 222432K [0x000000076b800000, 0x000000077b580000, 0x00000007c0000000)
  eden space 222208K, 100% used [0x000000076b800000,0x0000000779100000,0x0000000779100000)
  from space 512K, 43% used [0x000000077b500000,0x000000077b538000,0x000000077b580000)
  to   space 2048K, 0% used [0x000000077b180000,0x000000077b180000,0x000000077b380000)
 ParOldGen       total 173568K, used 1264K [0x00000006c2800000, 0x00000006cd180000, 0x000000076b800000)
  object space 173568K, 0% used [0x00000006c2800000,0x00000006c293c050,0x00000006cd180000)
 Metaspace       used 8216K, capacity 8646K, committed 8960K, reserved 1056768K
  class space    used 657K, capacity 690K, committed 768K, reserved 1048576K
Event: 1.841 GC heap after
Heap after GC invocations=13 (full 0):
 PSYoungGen      total 216064K, used 224K [0x000000076b800000, 0x000000077b580000, 0x00000007c0000000)
  eden space 214016K, 0% used [0x000000076b800000,0x000000076b800000,0x0000000778900000)
  from space 2048K, 10% used [0x000000077b180000,0x000000077b1b8000,0x000000077b380000)
  to   space 2048K, 0% used [0x000000077b380000,0x000000077b380000,0x000000077b580000)
 ParOldGen       total 173568K, used 1264K [0x00000006c2800000, 0x00000006cd180000, 0x000000076b800000)
  object space 173568K, 0% used [0x00000006c2800000,0x00000006c293c050,0x00000006cd180000)
 Metaspace       used 8216K, capacity 8646K, committed 8960K, reserved 1056768K
  class space    used 657K, capacity 690K, committed 768K, reserved 1048576K
}
Event: 2.028 GC heap before
{Heap before GC invocations=14 (full 0):
 PSYoungGen      total 216064K, used 214240K [0x000000076b800000, 0x000000077b580000, 0x00000007c0000000)
  eden space 214016K, 100% used [0x000000076b800000,0x0000000778900000,0x0000000778900000)
  from space 2048K, 10% used [0x000000077b180000,0x000000077b1b8000,0x000000077b380000)
  to   space 2048K, 0% used [0x000000077b380000,0x000000077b380000,0x000000077b580000)
 ParOldGen       total 173568K, used 1264K [0x00000006c2800000, 0x00000006cd180000, 0x000000076b800000)
  object space 173568K, 0% used [0x00000006c2800000,0x00000006c293c050,0x00000006cd180000)
 Metaspace       used 8232K, capacity 8710K, committed 8960K, reserved 1056768K
  class space    used 657K, capacity 690K, committed 768K, reserved 1048576K
Event: 2.029 GC heap after
Heap after GC invocations=14 (full 0):
 PSYoungGen      total 206336K, used 192K [0x000000076b800000, 0x000000077b400000, 0x00000007c0000000)
  eden space 205824K, 0% used [0x000000076b800000,0x000000076b800000,0x0000000778100000)
  from space 512K, 37% used [0x000000077b380000,0x000000077b3b0000,0x000000077b400000)
  to   space 2048K, 0% used [0x000000077b000000,0x000000077b000000,0x000000077b200000)
 ParOldGen       total 173568K, used 1272K [0x00000006c2800000, 0x00000006cd180000, 0x000000076b800000)
  object space 173568K, 0% used [0x00000006c2800000,0x00000006c293e050,0x00000006cd180000)
 Metaspace       used 8232K, capacity 8710K, committed 8960K, reserved 1056768K
  class space    used 657K, capacity 690K, committed 768K, reserved 1048576K
}
Event: 2.176 GC heap before
{Heap before GC invocations=15 (full 0):
 PSYoungGen      total 206336K, used 206016K [0x000000076b800000, 0x000000077b400000, 0x00000007c0000000)
  eden space 205824K, 100% used [0x000000076b800000,0x0000000778100000,0x0000000778100000)
  from space 512K, 37% used [0x000000077b380000,0x000000077b3b0000,0x000000077b400000)
  to   space 2048K, 0% used [0x000000077b000000,0x000000077b000000,0x000000077b200000)
 ParOldGen       total 173568K, used 1272K [0x00000006c2800000, 0x00000006cd180000, 0x000000076b800000)
  object space 173568K, 0% used [0x00000006c2800000,0x00000006c293e050,0x00000006cd180000)
 Metaspace       used 8232K, capacity 8710K, committed 8960K, reserved 1056768K
  class space    used 657K, capacity 690K, committed 768K, reserved 1048576K
Event: 2.177 GC heap after
Heap after GC invocations=15 (full 0):
 PSYoungGen      total 200192K, used 192K [0x000000076b800000, 0x000000077b400000, 0x00000007c0000000)
  eden space 198144K, 0% used [0x000000076b800000,0x000000076b800000,0x0000000777980000)
  from space 2048K, 9% used [0x000000077b000000,0x000000077b030000,0x000000077b200000)
  to   space 2048K, 0% used [0x000000077b200000,0x000000077b200000,0x000000077b400000)
 ParOldGen       total 173568K, used 1312K [0x00000006c2800000, 0x00000006cd180000, 0x000000076b800000)
  object space 173568K, 0% used [0x00000006c2800000,0x00000006c2948050,0x00000006cd180000)
 Metaspace       used 8232K, capacity 8710K, committed 8960K, reserved 1056768K
  class space    used 657K, capacity 690K, committed 768K, reserved 1048576K
}
Event: 2.349 GC heap before
{Heap before GC invocations=16 (full 0):
 PSYoungGen      total 200192K, used 198336K [0x000000076b800000, 0x000000077b400000, 0x00000007c0000000)
  eden space 198144K, 100% used [0x000000076b800000,0x0000000777980000,0x0000000777980000)
  from space 2048K, 9% used [0x000000077b000000,0x000000077b030000,0x000000077b200000)
  to   space 2048K, 0% used [0x000000077b200000,0x000000077b200000,0x000000077b400000)
 ParOldGen       total 173568K, used 1312K [0x00000006c2800000, 0x00000006cd180000, 0x000000076b800000)
  object space 173568K, 0% used [0x00000006c2800000,0x00000006c2948050,0x00000006cd180000)
 Metaspace       used 8237K, capacity 8710K, committed 8960K, reserved 1056768K
  class space    used 657K, capacity 690K, committed 768K, reserved 1048576K
Event: 2.350 GC heap after
Heap after GC invocations=16 (full 0):
 PSYoungGen      total 191488K, used 224K [0x000000076b800000, 0x000000077b280000, 0x00000007c0000000)
  eden space 190976K, 0% used [0x000000076b800000,0x000000076b800000,0x0000000777280000)
  from space 512K, 43% used [0x000000077b200000,0x000000077b238000,0x000000077b280000)
  to   space 2048K, 0% used [0x000000077ae80000,0x000000077ae80000,0x000000077b080000)
 ParOldGen       total 173568K, used 1312K [0x00000006c2800000, 0x00000006cd180000, 0x000000076b800000)
  object space 173568K, 0% used [0x00000006c2800000,0x00000006c2948050,0x00000006cd180000)
 Metaspace       used 8237K, capacity 8710K, committed 8960K, reserved 1056768K
  class space    used 657K, capacity 690K, committed 768K, reserved 1048576K
}
Event: 2.490 GC heap before
{Heap before GC invocations=17 (full 0):
 PSYoungGen      total 191488K, used 191200K [0x000000076b800000, 0x000000077b280000, 0x00000007c0000000)
  eden space 190976K, 100% used [0x000000076b800000,0x0000000777280000,0x0000000777280000)
  from space 512K, 43% used [0x000000077b200000,0x000000077b238000,0x000000077b280000)
  to   space 2048K, 0% used [0x000000077ae80000,0x000000077ae80000,0x000000077b080000)
 ParOldGen       total 173568K, used 1312K [0x00000006c2800000, 0x00000006cd180000, 0x000000076b800000)
  object space 173568K, 0% used [0x00000006c2800000,0x00000006c2948050,0x00000006cd180000)
 Metaspace       used 8240K, capacity 8710K, committed 8960K, reserved 1056768K
  class space    used 657K, capacity 690K, committed 768K, reserved 1048576K
Event: 2.491 GC heap after
Heap after GC invocations=17 (full 0):
 PSYoungGen      total 186368K, used 224K [0x000000076b800000, 0x000000077b280000, 0x00000007c0000000)
  eden space 184320K, 0% used [0x000000076b800000,0x000000076b800000,0x0000000776c00000)
  from space 2048K, 10% used [0x000000077ae80000,0x000000077aeb8000,0x000000077b080000)
  to   space 2048K, 0% used [0x000000077b080000,0x000000077b080000,0x000000077b280000)
 ParOldGen       total 173568K, used 1312K [0x00000006c2800000, 0x00000006cd180000, 0x000000076b800000)
  object space 173568K, 0% used [0x00000006c2800000,0x00000006c2948050,0x00000006cd180000)
 Metaspace       used 8240K, capacity 8710K, committed 8960K, reserved 1056768K
  class space    used 657K, capacity 690K, committed 768K, reserved 1048576K
}

