# JRE version: Java(TM) SE Runtime Environment (8.0_65-b17) (build 1.8.0_65-b17)
# Java VM: Java HotSpot(TM) 64-Bit Server VM (25.65-b01 mixed mode windows-amd64 compressed oops)
Heap:
 PSYoungGen      total 249344K, used 78521K [0x000000076b800000, 0x0000000784f80000, 0x00000007c0000000)
  eden space 248832K, 31% used [0x000000076b800000,0x000000077048e7f0,0x000000077ab00000)
  from space 512K, 25% used [0x0000000784f00000,0x0000000784f20000,0x0000000784f80000)
  to   space 2048K, 0% used [0x0000000784b80000,0x0000000784b80000,0x0000000784d80000)
 ParOldGen       total 173568K, used 1427K [0x00000006c2800000, 0x00000006cd180000, 0x000000076b800000)
  object space 173568K, 0% used [0x00000006c2800000,0x00000006c2964dd8,0x00000006cd180000)
 Metaspace       used 7967K, capacity 8486K, committed 8704K, reserved 1056768K
  class space    used 642K, capacity 658K, committed 768K, reserved 1048576K
GC Heap History (10 events):
Event: 0.488 GC heap before
{Heap before GC invocations=6 (full 0):
 PSYoungGen      total 75776K, used 66284K [0x000000076b800000, 0x0000000773a00000, 0x00000007c0000000)
  eden space 65024K, 100% used [0x000000076b800000,0x000000076f780000,0x000000076f780000)
  from space 10752K, 11% used [0x000000076f780000,0x000000076f8bb0e0,0x0000000770200000)
  to   space 1536K, 0% used [0x0000000773880000,0x0000000773880000,0x0000000773a00000)
 ParOldGen       total 173568K, used 24K [0x00000006c2800000, 0x00000006cd180000, 0x000000076b800000)
  object space 173568K, 0% used [0x00000006c2800000,0x00000006c2806000,0x00000006cd180000)
 Metaspace       used 6262K, capacity 6886K, committed 7040K, reserved 1056768K
  class space    used 555K, capacity 594K, committed 640K, reserved 1048576K
Event: 0.489 GC heap after
Heap after GC invocations=6 (full 0):
 PSYoungGen      total 131072K, used 1526K [0x000000076b800000, 0x0000000773b00000, 0x00000007c0000000)
  eden space 129536K, 0% used [0x000000076b800000,0x000000076b800000,0x0000000773680000)
  from space 1536K, 99% used [0x0000000773880000,0x00000007739fd9d8,0x0000000773a00000)
  to   space 2048K, 0% used [0x0000000773680000,0x0000000773680000,0x0000000773880000)
 ParOldGen       total 173568K, used 215K [0x00000006c2800000, 0x00000006cd180000, 0x000000076b800000)
  object space 173568K, 0% used [0x00000006c2800000,0x00000006c2835d78,0x00000006cd180000)
 Metaspace       used 6262K, capacity 6886K, committed 7040K, reserved 1056768K
  class space    used 555K, capacity 594K, committed 640K, reserved 1048576K
}
Event: 0.630 GC heap before
{Heap before GC invocations=7 (full 0):
 PSYoungGen      total 131072K, used 131062K [0x000000076b800000, 0x0000000773b00000, 0x00000007c0000000)
  eden space 129536K, 100% used [0x000000076b800000,0x0000000773680000,0x0000000773680000)
  from space 1536K, 99% used [0x0000000773880000,0x00000007739fd9d8,0x0000000773a00000)
  to   space 2048K, 0% used [0x0000000773680000,0x0000000773680000,0x0000000773880000)
 ParOldGen       total 173568K, used 215K [0x00000006c2800000, 0x00000006cd180000, 0x000000076b800000)
  object space 173568K, 0% used [0x00000006c2800000,0x00000006c2835d78,0x00000006cd180000)
 Metaspace       used 7647K, capacity 8198K, committed 8320K, reserved 1056768K
  class space    used 610K, capacity 626K, committed 640K, reserved 1048576K
Event: 0.632 GC heap after
Heap after GC invocations=7 (full 0):
 PSYoungGen      total 131584K, used 1524K [0x000000076b800000, 0x000000077b900000, 0x00000007c0000000)
  eden space 129536K, 0% used [0x000000076b800000,0x000000076b800000,0x0000000773680000)
  from space 2048K, 74% used [0x0000000773680000,0x00000007737fd000,0x0000000773880000)
  to   space 2048K, 0% used [0x000000077b700000,0x000000077b700000,0x000000077b900000)
 ParOldGen       total 173568K, used 859K [0x00000006c2800000, 0x00000006cd180000, 0x000000076b800000)
  object space 173568K, 0% used [0x00000006c2800000,0x00000006c28d6dd8,0x00000006cd180000)
 Metaspace       used 7647K, capacity 8198K, committed 8320K, reserved 1056768K
  class space    used 610K, capacity 626K, committed 640K, reserved 1048576K
}
Event: 0.831 GC heap before
{Heap before GC invocations=8 (full 0):
 PSYoungGen      total 131584K, used 131060K [0x000000076b800000, 0x000000077b900000, 0x00000007c0000000)
  eden space 129536K, 100% used [0x000000076b800000,0x0000000773680000,0x0000000773680000)
  from space 2048K, 74% used [0x0000000773680000,0x00000007737fd000,0x0000000773880000)
  to   space 2048K, 0% used [0x000000077b700000,0x000000077b700000,0x000000077b900000)
 ParOldGen       total 173568K, used 859K [0x00000006c2800000, 0x00000006cd180000, 0x000000076b800000)
  object space 173568K, 0% used [0x00000006c2800000,0x00000006c28d6dd8,0x00000006cd180000)
 Metaspace       used 7965K, capacity 8486K, committed 8704K, reserved 1056768K
  class space    used 642K, capacity 658K, committed 768K, reserved 1048576K
Event: 0.832 GC heap after
Heap after GC invocations=8 (full 0):
 PSYoungGen      total 261120K, used 704K [0x000000076b800000, 0x000000077b900000, 0x00000007c0000000)
  eden space 259072K, 0% used [0x000000076b800000,0x000000076b800000,0x000000077b500000)
  from space 2048K, 34% used [0x000000077b700000,0x000000077b7b0000,0x000000077b900000)
  to   space 2048K, 0% used [0x000000077b500000,0x000000077b500000,0x000000077b700000)
 ParOldGen       total 173568K, used 947K [0x00000006c2800000, 0x00000006cd180000, 0x000000076b800000)
  object space 173568K, 0% used [0x00000006c2800000,0x00000006c28ecdd8,0x00000006cd180000)
 Metaspace       used 7965K, capacity 8486K, committed 8704K, reserved 1056768K
  class space    used 642K, capacity 658K, committed 768K, reserved 1048576K
}
Event: 1.137 GC heap before
{Heap before GC invocations=9 (full 0):
 PSYoungGen      total 261120K, used 259776K [0x000000076b800000, 0x000000077b900000, 0x00000007c0000000)
  eden space 259072K, 100% used [0x000000076b800000,0x000000077b500000,0x000000077b500000)
  from space 2048K, 34% used [0x000000077b700000,0x000000077b7b0000,0x000000077b900000)
  to   space 2048K, 0% used [0x000000077b500000,0x000000077b500000,0x000000077b700000)
 ParOldGen       total 173568K, used 947K [0x00000006c2800000, 0x00000006cd180000, 0x000000076b800000)
  object space 173568K, 0% used [0x00000006c2800000,0x00000006c28ecdd8,0x00000006cd180000)
 Metaspace       used 7967K, capacity 8486K, committed 8704K, reserved 1056768K
  class space    used 642K, capacity 658K, committed 768K, reserved 1048576K
Event: 1.138 GC heap after
Heap after GC invocations=9 (full 0):
 PSYoungGen      total 261120K, used 352K [0x000000076b800000, 0x0000000785100000, 0x00000007c0000000)
  eden space 259072K, 0% used [0x000000076b800000,0x000000076b800000,0x000000077b500000)
  from space 2048K, 17% used [0x000000077b500000,0x000000077b558000,0x000000077b700000)
  to   space 2048K, 0% used [0x0000000784f00000,0x0000000784f00000,0x0000000785100000)
 ParOldGen       total 173568K, used 1195K [0x00000006c2800000, 0x00000006cd180000, 0x000000076b800000)
  object space 173568K, 0% used [0x00000006c2800000,0x00000006c292add8,0x00000006cd180000)
 Metaspace       used 7967K, capacity 8486K, committed 8704K, reserved 1056768K
  class space    used 642K, capacity 658K, committed 768K, reserved 1048576K
}
Event: 1.524 GC heap before
{Heap before GC invocations=10 (full 0):
 PSYoungGen      total 261120K, used 259424K [0x000000076b800000, 0x0000000785100000, 0x00000007c0000000)
  eden space 259072K, 100% used [0x000000076b800000,0x000000077b500000,0x000000077b500000)
  from space 2048K, 17% used [0x000000077b500000,0x000000077b558000,0x000000077b700000)
  to   space 2048K, 0% used [0x0000000784f00000,0x0000000784f00000,0x0000000785100000)
 ParOldGen       total 173568K, used 1195K [0x00000006c2800000, 0x00000006cd180000, 0x000000076b800000)
  object space 173568K, 0% used [0x00000006c2800000,0x00000006c292add8,0x00000006cd180000)
 Metaspace       used 7967K, capacity 8486K, committed 8704K, reserved 1056768K
  class space    used 642K, capacity 658K, committed 768K, reserved 1048576K
Event: 1.525 GC heap after
Heap after GC invocations=10 (full 0):
 PSYoungGen      total 249344K, used 128K [0x000000076b800000, 0x0000000784f80000, 0x00000007c0000000)
  eden space 248832K, 0% used [0x000000076b800000,0x000000076b800000,0x000000077ab00000)
  from space 512K, 25% used [0x0000000784f00000,0x0000000784f20000,0x0000000784f80000)
  to   space 2048K, 0% used [0x0000000784b80000,0x0000000784b80000,0x0000000784d80000)
 ParOldGen       total 173568K, used 1427K [0x00000006c2800000, 0x00000006cd180000, 0x000000076b800000)
  object space 173568K, 0% used [0x00000006c2800000,0x00000006c2964dd8,0x00000006cd180000)
 Metaspace       used 7967K, capacity 8486K, committed 8704K, reserved 1056768K
  class space    used 642K, capacity 658K, committed 768K, reserved 1048576K
}

