# JRE version: Java(TM) SE Runtime Environment (8.0_65-b17) (build 1.8.0_65-b17)
# Java VM: Java HotSpot(TM) 64-Bit Server VM (25.65-b01 mixed mode windows-amd64 compressed oops)
Heap:
 PSYoungGen      total 439808K, used 135674K [0x000000076b800000, 0x00000007ab100000, 0x00000007c0000000)
  eden space 439296K, 30% used [0x000000076b800000,0x0000000773c468c0,0x0000000786500000)
  from space 512K, 43% used [0x00000007ab080000,0x00000007ab0b8000,0x00000007ab100000)
  to   space 5120K, 0% used [0x00000007aa700000,0x00000007aa700000,0x00000007aac00000)
 ParOldGen       total 173568K, used 17520K [0x00000006c2800000, 0x00000006cd180000, 0x000000076b800000)
  object space 173568K, 10% used [0x00000006c2800000,0x00000006c391c260,0x00000006cd180000)
 Metaspace       used 8382K, capacity 8774K, committed 8960K, reserved 1056768K
  class space    used 661K, capacity 690K, committed 768K, reserved 1048576K
GC Heap History (10 events):
Event: 4.341 GC heap before
{Heap before GC invocations=17 (full 0):
 PSYoungGen      total 576000K, used 575712K [0x000000076b800000, 0x00000007ac180000, 0x00000007c0000000)
  eden space 575488K, 100% used [0x000000076b800000,0x000000078ea00000,0x000000078ea00000)
  from space 512K, 43% used [0x00000007ac100000,0x00000007ac138000,0x00000007ac180000)
  to   space 7168K, 0% used [0x00000007ab380000,0x00000007ab380000,0x00000007aba80000)
 ParOldGen       total 173568K, used 17496K [0x00000006c2800000, 0x00000006cd180000, 0x000000076b800000)
  object space 173568K, 10% used [0x00000006c2800000,0x00000006c3916260,0x00000006cd180000)
 Metaspace       used 8373K, capacity 8774K, committed 8960K, reserved 1056768K
  class space    used 661K, capacity 690K, committed 768K, reserved 1048576K
Event: 4.342 GC heap after
Heap after GC invocations=17 (full 0):
 PSYoungGen      total 557056K, used 224K [0x000000076b800000, 0x00000007ac180000, 0x00000007c0000000)
  eden space 549888K, 0% used [0x000000076b800000,0x000000076b800000,0x000000078d100000)
  from space 7168K, 3% used [0x00000007ab380000,0x00000007ab3b8000,0x00000007aba80000)
  to   space 6656K, 0% used [0x00000007abb00000,0x00000007abb00000,0x00000007ac180000)
 ParOldGen       total 173568K, used 17504K [0x00000006c2800000, 0x00000006cd180000, 0x000000076b800000)
  object space 173568K, 10% used [0x00000006c2800000,0x00000006c3918260,0x00000006cd180000)
 Metaspace       used 8373K, capacity 8774K, committed 8960K, reserved 1056768K
  class space    used 661K, capacity 690K, committed 768K, reserved 1048576K
}
Event: 4.745 GC heap before
{Heap before GC invocations=18 (full 0):
 PSYoungGen      total 557056K, used 550112K [0x000000076b800000, 0x00000007ac180000, 0x00000007c0000000)
  eden space 549888K, 100% used [0x000000076b800000,0x000000078d100000,0x000000078d100000)
  from space 7168K, 3% used [0x00000007ab380000,0x00000007ab3b8000,0x00000007aba80000)
  to   space 6656K, 0% used [0x00000007abb00000,0x00000007abb00000,0x00000007ac180000)
 ParOldGen       total 173568K, used 17504K [0x00000006c2800000, 0x00000006cd180000, 0x000000076b800000)
  object space 173568K, 10% used [0x00000006c2800000,0x00000006c3918260,0x00000006cd180000)
 Metaspace       used 8374K, capacity 8774K, committed 8960K, reserved 1056768K
  class space    used 661K, capacity 690K, committed 768K, reserved 1048576K
Event: 4.746 GC heap after
Heap after GC invocations=18 (full 0):
 PSYoungGen      total 525824K, used 192K [0x000000076b800000, 0x00000007abb80000, 0x00000007c0000000)
  eden space 525312K, 0% used [0x000000076b800000,0x000000076b800000,0x000000078b900000)
  from space 512K, 37% used [0x00000007abb00000,0x00000007abb30000,0x00000007abb80000)
  to   space 6656K, 0% used [0x00000007aae80000,0x00000007aae80000,0x00000007ab500000)
 ParOldGen       total 173568K, used 17520K [0x00000006c2800000, 0x00000006cd180000, 0x000000076b800000)
  object space 173568K, 10% used [0x00000006c2800000,0x00000006c391c260,0x00000006cd180000)
 Metaspace       used 8374K, capacity 8774K, committed 8960K, reserved 1056768K
  class space    used 661K, capacity 690K, committed 768K, reserved 1048576K
}
Event: 5.181 GC heap before
{Heap before GC invocations=19 (full 0):
 PSYoungGen      total 525824K, used 525504K [0x000000076b800000, 0x00000007abb80000, 0x00000007c0000000)
  eden space 525312K, 100% used [0x000000076b800000,0x000000078b900000,0x000000078b900000)
  from space 512K, 37% used [0x00000007abb00000,0x00000007abb30000,0x00000007abb80000)
  to   space 6656K, 0% used [0x00000007aae80000,0x00000007aae80000,0x00000007ab500000)
 ParOldGen       total 173568K, used 17520K [0x00000006c2800000, 0x00000006cd180000, 0x000000076b800000)
  object space 173568K, 10% used [0x00000006c2800000,0x00000006c391c260,0x00000006cd180000)
 Metaspace       used 8376K, capacity 8774K, committed 8960K, reserved 1056768K
  class space    used 661K, capacity 690K, committed 768K, reserved 1048576K
Event: 5.182 GC heap after
Heap after GC invocations=19 (full 0):
 PSYoungGen      total 508928K, used 256K [0x000000076b800000, 0x00000007abb80000, 0x00000007c0000000)
  eden space 502272K, 0% used [0x000000076b800000,0x000000076b800000,0x000000078a280000)
  from space 6656K, 3% used [0x00000007aae80000,0x00000007aaec0000,0x00000007ab500000)
  to   space 6144K, 0% used [0x00000007ab580000,0x00000007ab580000,0x00000007abb80000)
 ParOldGen       total 173568K, used 17520K [0x00000006c2800000, 0x00000006cd180000, 0x000000076b800000)
  object space 173568K, 10% used [0x00000006c2800000,0x00000006c391c260,0x00000006cd180000)
 Metaspace       used 8376K, capacity 8774K, committed 8960K, reserved 1056768K
  class space    used 661K, capacity 690K, committed 768K, reserved 1048576K
}
Event: 5.713 GC heap before
{Heap before GC invocations=20 (full 0):
 PSYoungGen      total 508928K, used 502528K [0x000000076b800000, 0x00000007abb80000, 0x00000007c0000000)
  eden space 502272K, 100% used [0x000000076b800000,0x000000078a280000,0x000000078a280000)
  from space 6656K, 3% used [0x00000007aae80000,0x00000007aaec0000,0x00000007ab500000)
  to   space 6144K, 0% used [0x00000007ab580000,0x00000007ab580000,0x00000007abb80000)
 ParOldGen       total 173568K, used 17520K [0x00000006c2800000, 0x00000006cd180000, 0x000000076b800000)
  object space 173568K, 10% used [0x00000006c2800000,0x00000006c391c260,0x00000006cd180000)
 Metaspace       used 8382K, capacity 8774K, committed 8960K, reserved 1056768K
  class space    used 661K, capacity 690K, committed 768K, reserved 1048576K
Event: 5.713 GC heap after
Heap after GC invocations=20 (full 0):
 PSYoungGen      total 480768K, used 224K [0x000000076b800000, 0x00000007ab600000, 0x00000007c0000000)
  eden space 480256K, 0% used [0x000000076b800000,0x000000076b800000,0x0000000788d00000)
  from space 512K, 43% used [0x00000007ab580000,0x00000007ab5b8000,0x00000007ab600000)
  to   space 6144K, 0% used [0x00000007aaa00000,0x00000007aaa00000,0x00000007ab000000)
 ParOldGen       total 173568K, used 17520K [0x00000006c2800000, 0x00000006cd180000, 0x000000076b800000)
  object space 173568K, 10% used [0x00000006c2800000,0x00000006c391c260,0x00000006cd180000)
 Metaspace       used 8382K, capacity 8774K, committed 8960K, reserved 1056768K
  class space    used 661K, capacity 690K, committed 768K, reserved 1048576K
}
Event: 6.056 GC heap before
{Heap before GC invocations=21 (full 0):
 PSYoungGen      total 480768K, used 480480K [0x000000076b800000, 0x00000007ab600000, 0x00000007c0000000)
  eden space 480256K, 100% used [0x000000076b800000,0x0000000788d00000,0x0000000788d00000)
  from space 512K, 43% used [0x00000007ab580000,0x00000007ab5b8000,0x00000007ab600000)
  to   space 6144K, 0% used [0x00000007aaa00000,0x00000007aaa00000,0x00000007ab000000)
 ParOldGen       total 173568K, used 17520K [0x00000006c2800000, 0x00000006cd180000, 0x000000076b800000)
  object space 173568K, 10% used [0x00000006c2800000,0x00000006c391c260,0x00000006cd180000)
 Metaspace       used 8382K, capacity 8774K, committed 8960K, reserved 1056768K
  class space    used 661K, capacity 690K, committed 768K, reserved 1048576K
Event: 6.057 GC heap after
Heap after GC invocations=21 (full 0):
 PSYoungGen      total 465408K, used 160K [0x000000076b800000, 0x00000007ab600000, 0x00000007c0000000)
  eden space 459264K, 0% used [0x000000076b800000,0x000000076b800000,0x0000000787880000)
  from space 6144K, 2% used [0x00000007aaa00000,0x00000007aaa28000,0x00000007ab000000)
  to   space 5632K, 0% used [0x00000007ab080000,0x00000007ab080000,0x00000007ab600000)
 ParOldGen       total 173568K, used 17520K [0x00000006c2800000, 0x00000006cd180000, 0x000000076b800000)
  object space 173568K, 10% used [0x00000006c2800000,0x00000006c391c260,0x00000006cd180000)
 Metaspace       used 8382K, capacity 8774K, committed 8960K, reserved 1056768K
  class space    used 661K, capacity 690K, committed 768K, reserved 1048576K
}

