# JRE version: Java(TM) SE Runtime Environment (8.0_65-b17) (build 1.8.0_65-b17)
# Java VM: Java HotSpot(TM) 64-Bit Server VM (25.65-b01 mixed mode windows-amd64 compressed oops)
Heap:
 PSYoungGen      total 206336K, used 199340K [0x000000076b800000, 0x000000077b500000, 0x00000007c0000000)
  eden space 205824K, 96% used [0x000000076b800000,0x0000000777a9b178,0x0000000778100000)
  from space 512K, 12% used [0x000000077b480000,0x000000077b490000,0x000000077b500000)
  to   space 2048K, 0% used [0x000000077b100000,0x000000077b100000,0x000000077b300000)
 ParOldGen       total 173568K, used 1256K [0x00000006c2800000, 0x00000006cd180000, 0x000000076b800000)
  object space 173568K, 0% used [0x00000006c2800000,0x00000006c293a050,0x00000006cd180000)
 Metaspace       used 7975K, capacity 8486K, committed 8704K, reserved 1056768K
  class space    used 642K, capacity 658K, committed 768K, reserved 1048576K
GC Heap History (10 events):
Event: 1.110 GC heap before
{Heap before GC invocations=10 (full 0):
 PSYoungGen      total 250880K, used 250849K [0x000000076b800000, 0x000000077b800000, 0x00000007c0000000)
  eden space 249856K, 100% used [0x000000076b800000,0x000000077ac00000,0x000000077ac00000)
  from space 1024K, 97% used [0x000000077b600000,0x000000077b6f8560,0x000000077b700000)
  to   space 1024K, 0% used [0x000000077b700000,0x000000077b700000,0x000000077b800000)
 ParOldGen       total 173568K, used 832K [0x00000006c2800000, 0x00000006cd180000, 0x000000076b800000)
  object space 173568K, 0% used [0x00000006c2800000,0x00000006c28d0050,0x00000006cd180000)
 Metaspace       used 7973K, capacity 8486K, committed 8704K, reserved 1056768K
  class space    used 642K, capacity 658K, committed 768K, reserved 1048576K
Event: 1.111 GC heap after
Heap after GC invocations=10 (full 0):
 PSYoungGen      total 240640K, used 256K [0x000000076b800000, 0x000000077b780000, 0x00000007c0000000)
  eden space 240128K, 0% used [0x000000076b800000,0x000000076b800000,0x000000077a280000)
  from space 512K, 50% used [0x000000077b700000,0x000000077b740000,0x000000077b780000)
  to   space 1536K, 0% used [0x000000077b480000,0x000000077b480000,0x000000077b600000)
 ParOldGen       total 173568K, used 1128K [0x00000006c2800000, 0x00000006cd180000, 0x000000076b800000)
  object space 173568K, 0% used [0x00000006c2800000,0x00000006c291a050,0x00000006cd180000)
 Metaspace       used 7973K, capacity 8486K, committed 8704K, reserved 1056768K
  class space    used 642K, capacity 658K, committed 768K, reserved 1048576K
}
Event: 1.283 GC heap before
{Heap before GC invocations=11 (full 0):
 PSYoungGen      total 240640K, used 240384K [0x000000076b800000, 0x000000077b780000, 0x00000007c0000000)
  eden space 240128K, 100% used [0x000000076b800000,0x000000077a280000,0x000000077a280000)
  from space 512K, 50% used [0x000000077b700000,0x000000077b740000,0x000000077b780000)
  to   space 1536K, 0% used [0x000000077b480000,0x000000077b480000,0x000000077b600000)
 ParOldGen       total 173568K, used 1128K [0x00000006c2800000, 0x00000006cd180000, 0x000000076b800000)
  object space 173568K, 0% used [0x00000006c2800000,0x00000006c291a050,0x00000006cd180000)
 Metaspace       used 7973K, capacity 8486K, committed 8704K, reserved 1056768K
  class space    used 642K, capacity 658K, committed 768K, reserved 1048576K
Event: 1.284 GC heap after
Heap after GC invocations=11 (full 0):
 PSYoungGen      total 232448K, used 96K [0x000000076b800000, 0x000000077b780000, 0x00000007c0000000)
  eden space 230912K, 0% used [0x000000076b800000,0x000000076b800000,0x0000000779980000)
  from space 1536K, 6% used [0x000000077b480000,0x000000077b498000,0x000000077b600000)
  to   space 1536K, 0% used [0x000000077b600000,0x000000077b600000,0x000000077b780000)
 ParOldGen       total 173568K, used 1256K [0x00000006c2800000, 0x00000006cd180000, 0x000000076b800000)
  object space 173568K, 0% used [0x00000006c2800000,0x00000006c293a050,0x00000006cd180000)
 Metaspace       used 7973K, capacity 8486K, committed 8704K, reserved 1056768K
  class space    used 642K, capacity 658K, committed 768K, reserved 1048576K
}
Event: 1.459 GC heap before
{Heap before GC invocations=12 (full 0):
 PSYoungGen      total 232448K, used 231008K [0x000000076b800000, 0x000000077b780000, 0x00000007c0000000)
  eden space 230912K, 100% used [0x000000076b800000,0x0000000779980000,0x0000000779980000)
  from space 1536K, 6% used [0x000000077b480000,0x000000077b498000,0x000000077b600000)
  to   space 1536K, 0% used [0x000000077b600000,0x000000077b600000,0x000000077b780000)
 ParOldGen       total 173568K, used 1256K [0x00000006c2800000, 0x00000006cd180000, 0x000000076b800000)
  object space 173568K, 0% used [0x00000006c2800000,0x00000006c293a050,0x00000006cd180000)
 Metaspace       used 7973K, capacity 8486K, committed 8704K, reserved 1056768K
  class space    used 642K, capacity 658K, committed 768K, reserved 1048576K
Event: 1.459 GC heap after
Heap after GC invocations=12 (full 0):
 PSYoungGen      total 222720K, used 96K [0x000000076b800000, 0x000000077b680000, 0x00000007c0000000)
  eden space 222208K, 0% used [0x000000076b800000,0x000000076b800000,0x0000000779100000)
  from space 512K, 18% used [0x000000077b600000,0x000000077b618000,0x000000077b680000)
  to   space 2048K, 0% used [0x000000077b280000,0x000000077b280000,0x000000077b480000)
 ParOldGen       total 173568K, used 1256K [0x00000006c2800000, 0x00000006cd180000, 0x000000076b800000)
  object space 173568K, 0% used [0x00000006c2800000,0x00000006c293a050,0x00000006cd180000)
 Metaspace       used 7973K, capacity 8486K, committed 8704K, reserved 1056768K
  class space    used 642K, capacity 658K, committed 768K, reserved 1048576K
}
Event: 1.620 GC heap before
{Heap before GC invocations=13 (full 0):
 PSYoungGen      total 222720K, used 222304K [0x000000076b800000, 0x000000077b680000, 0x00000007c0000000)
  eden space 222208K, 100% used [0x000000076b800000,0x0000000779100000,0x0000000779100000)
  from space 512K, 18% used [0x000000077b600000,0x000000077b618000,0x000000077b680000)
  to   space 2048K, 0% used [0x000000077b280000,0x000000077b280000,0x000000077b480000)
 ParOldGen       total 173568K, used 1256K [0x00000006c2800000, 0x00000006cd180000, 0x000000076b800000)
  object space 173568K, 0% used [0x00000006c2800000,0x00000006c293a050,0x00000006cd180000)
 Metaspace       used 7973K, capacity 8486K, committed 8704K, reserved 1056768K
  class space    used 642K, capacity 658K, committed 768K, reserved 1048576K
Event: 1.621 GC heap after
Heap after GC invocations=13 (full 0):
 PSYoungGen      total 216064K, used 96K [0x000000076b800000, 0x000000077b680000, 0x00000007c0000000)
  eden space 214016K, 0% used [0x000000076b800000,0x000000076b800000,0x0000000778900000)
  from space 2048K, 4% used [0x000000077b280000,0x000000077b298000,0x000000077b480000)
  to   space 2048K, 0% used [0x000000077b480000,0x000000077b480000,0x000000077b680000)
 ParOldGen       total 173568K, used 1256K [0x00000006c2800000, 0x00000006cd180000, 0x000000076b800000)
  object space 173568K, 0% used [0x00000006c2800000,0x00000006c293a050,0x00000006cd180000)
 Metaspace       used 7973K, capacity 8486K, committed 8704K, reserved 1056768K
  class space    used 642K, capacity 658K, committed 768K, reserved 1048576K
}
Event: 1.786 GC heap before
{Heap before GC invocations=14 (full 0):
 PSYoungGen      total 216064K, used 214112K [0x000000076b800000, 0x000000077b680000, 0x00000007c0000000)
  eden space 214016K, 100% used [0x000000076b800000,0x0000000778900000,0x0000000778900000)
  from space 2048K, 4% used [0x000000077b280000,0x000000077b298000,0x000000077b480000)
  to   space 2048K, 0% used [0x000000077b480000,0x000000077b480000,0x000000077b680000)
 ParOldGen       total 173568K, used 1256K [0x00000006c2800000, 0x00000006cd180000, 0x000000076b800000)
  object space 173568K, 0% used [0x00000006c2800000,0x00000006c293a050,0x00000006cd180000)
 Metaspace       used 7974K, capacity 8486K, committed 8704K, reserved 1056768K
  class space    used 642K, capacity 658K, committed 768K, reserved 1048576K
Event: 1.787 GC heap after
Heap after GC invocations=14 (full 0):
 PSYoungGen      total 206336K, used 64K [0x000000076b800000, 0x000000077b500000, 0x00000007c0000000)
  eden space 205824K, 0% used [0x000000076b800000,0x000000076b800000,0x0000000778100000)
  from space 512K, 12% used [0x000000077b480000,0x000000077b490000,0x000000077b500000)
  to   space 2048K, 0% used [0x000000077b100000,0x000000077b100000,0x000000077b300000)
 ParOldGen       total 173568K, used 1256K [0x00000006c2800000, 0x00000006cd180000, 0x000000076b800000)
  object space 173568K, 0% used [0x00000006c2800000,0x00000006c293a050,0x00000006cd180000)
 Metaspace       used 7974K, capacity 8486K, committed 8704K, reserved 1056768K
  class space    used 642K, capacity 658K, committed 768K, reserved 1048576K
}

