# JRE version: Java(TM) SE Runtime Environment (8.0_65-b17) (build 1.8.0_65-b17)
# Java VM: Java HotSpot(TM) 64-Bit Server VM (25.65-b01 mixed mode windows-amd64 compressed oops)
Heap:
 PSYoungGen      total 315904K, used 256638K [0x000000076b800000, 0x0000000792b00000, 0x00000007c0000000)
  eden space 313344K, 81% used [0x000000076b800000,0x000000077b2678f8,0x000000077ea00000)
  from space 2560K, 8% used [0x0000000792600000,0x0000000792638000,0x0000000792880000)
  to   space 2560K, 0% used [0x0000000792880000,0x0000000792880000,0x0000000792b00000)
 ParOldGen       total 173568K, used 9356K [0x00000006c2800000, 0x00000006cd180000, 0x000000076b800000)
  object space 173568K, 5% used [0x00000006c2800000,0x00000006c3123060,0x00000006cd180000)
 Metaspace       used 8424K, capacity 8774K, committed 8960K, reserved 1056768K
  class space    used 665K, capacity 690K, committed 768K, reserved 1048576K
GC Heap History (10 events):
Event: 7.389 GC heap before
{Heap before GC invocations=25 (full 0):
 PSYoungGen      total 387584K, used 387296K [0x000000076b800000, 0x0000000792f80000, 0x00000007c0000000)
  eden space 387072K, 100% used [0x000000076b800000,0x0000000783200000,0x0000000783200000)
  from space 512K, 43% used [0x0000000792f00000,0x0000000792f38000,0x0000000792f80000)
  to   space 3072K, 0% used [0x0000000792980000,0x0000000792980000,0x0000000792c80000)
 ParOldGen       total 173568K, used 9340K [0x00000006c2800000, 0x00000006cd180000, 0x000000076b800000)
  object space 173568K, 5% used [0x00000006c2800000,0x00000006c311f060,0x00000006cd180000)
 Metaspace       used 8417K, capacity 8774K, committed 8960K, reserved 1056768K
  class space    used 665K, capacity 690K, committed 768K, reserved 1048576K
Event: 7.389 GC heap after
Heap after GC invocations=25 (full 0):
 PSYoungGen      total 373760K, used 224K [0x000000076b800000, 0x0000000792f80000, 0x00000007c0000000)
  eden space 370688K, 0% used [0x000000076b800000,0x000000076b800000,0x0000000782200000)
  from space 3072K, 7% used [0x0000000792980000,0x00000007929b8000,0x0000000792c80000)
  to   space 3072K, 0% used [0x0000000792c80000,0x0000000792c80000,0x0000000792f80000)
 ParOldGen       total 173568K, used 9340K [0x00000006c2800000, 0x00000006cd180000, 0x000000076b800000)
  object space 173568K, 5% used [0x00000006c2800000,0x00000006c311f060,0x00000006cd180000)
 Metaspace       used 8417K, capacity 8774K, committed 8960K, reserved 1056768K
  class space    used 665K, capacity 690K, committed 768K, reserved 1048576K
}
Event: 7.669 GC heap before
{Heap before GC invocations=26 (full 0):
 PSYoungGen      total 373760K, used 370912K [0x000000076b800000, 0x0000000792f80000, 0x00000007c0000000)
  eden space 370688K, 100% used [0x000000076b800000,0x0000000782200000,0x0000000782200000)
  from space 3072K, 7% used [0x0000000792980000,0x00000007929b8000,0x0000000792c80000)
  to   space 3072K, 0% used [0x0000000792c80000,0x0000000792c80000,0x0000000792f80000)
 ParOldGen       total 173568K, used 9340K [0x00000006c2800000, 0x00000006cd180000, 0x000000076b800000)
  object space 173568K, 5% used [0x00000006c2800000,0x00000006c311f060,0x00000006cd180000)
 Metaspace       used 8417K, capacity 8774K, committed 8960K, reserved 1056768K
  class space    used 665K, capacity 690K, committed 768K, reserved 1048576K
Event: 7.669 GC heap after
Heap after GC invocations=26 (full 0):
 PSYoungGen      total 355840K, used 224K [0x000000076b800000, 0x0000000792d00000, 0x00000007c0000000)
  eden space 355328K, 0% used [0x000000076b800000,0x000000076b800000,0x0000000781300000)
  from space 512K, 43% used [0x0000000792c80000,0x0000000792cb8000,0x0000000792d00000)
  to   space 3072K, 0% used [0x0000000792700000,0x0000000792700000,0x0000000792a00000)
 ParOldGen       total 173568K, used 9340K [0x00000006c2800000, 0x00000006cd180000, 0x000000076b800000)
  object space 173568K, 5% used [0x00000006c2800000,0x00000006c311f060,0x00000006cd180000)
 Metaspace       used 8417K, capacity 8774K, committed 8960K, reserved 1056768K
  class space    used 665K, capacity 690K, committed 768K, reserved 1048576K
}
Event: 7.979 GC heap before
{Heap before GC invocations=27 (full 0):
 PSYoungGen      total 355840K, used 355552K [0x000000076b800000, 0x0000000792d00000, 0x00000007c0000000)
  eden space 355328K, 100% used [0x000000076b800000,0x0000000781300000,0x0000000781300000)
  from space 512K, 43% used [0x0000000792c80000,0x0000000792cb8000,0x0000000792d00000)
  to   space 3072K, 0% used [0x0000000792700000,0x0000000792700000,0x0000000792a00000)
 ParOldGen       total 173568K, used 9340K [0x00000006c2800000, 0x00000006cd180000, 0x000000076b800000)
  object space 173568K, 5% used [0x00000006c2800000,0x00000006c311f060,0x00000006cd180000)
 Metaspace       used 8424K, capacity 8774K, committed 8960K, reserved 1056768K
  class space    used 665K, capacity 690K, committed 768K, reserved 1048576K
Event: 7.980 GC heap after
Heap after GC invocations=27 (full 0):
 PSYoungGen      total 343552K, used 256K [0x000000076b800000, 0x0000000792d00000, 0x00000007c0000000)
  eden space 340480K, 0% used [0x000000076b800000,0x000000076b800000,0x0000000780480000)
  from space 3072K, 8% used [0x0000000792700000,0x0000000792740000,0x0000000792a00000)
  to   space 2560K, 0% used [0x0000000792a80000,0x0000000792a80000,0x0000000792d00000)
 ParOldGen       total 173568K, used 9340K [0x00000006c2800000, 0x00000006cd180000, 0x000000076b800000)
  object space 173568K, 5% used [0x00000006c2800000,0x00000006c311f060,0x00000006cd180000)
 Metaspace       used 8424K, capacity 8774K, committed 8960K, reserved 1056768K
  class space    used 665K, capacity 690K, committed 768K, reserved 1048576K
}
Event: 8.274 GC heap before
{Heap before GC invocations=28 (full 0):
 PSYoungGen      total 343552K, used 340736K [0x000000076b800000, 0x0000000792d00000, 0x00000007c0000000)
  eden space 340480K, 100% used [0x000000076b800000,0x0000000780480000,0x0000000780480000)
  from space 3072K, 8% used [0x0000000792700000,0x0000000792740000,0x0000000792a00000)
  to   space 2560K, 0% used [0x0000000792a80000,0x0000000792a80000,0x0000000792d00000)
 ParOldGen       total 173568K, used 9340K [0x00000006c2800000, 0x00000006cd180000, 0x000000076b800000)
  object space 173568K, 5% used [0x00000006c2800000,0x00000006c311f060,0x00000006cd180000)
 Metaspace       used 8424K, capacity 8774K, committed 8960K, reserved 1056768K
  class space    used 665K, capacity 690K, committed 768K, reserved 1048576K
Event: 8.274 GC heap after
Heap after GC invocations=28 (full 0):
 PSYoungGen      total 327168K, used 192K [0x000000076b800000, 0x0000000792b00000, 0x00000007c0000000)
  eden space 326656K, 0% used [0x000000076b800000,0x000000076b800000,0x000000077f700000)
  from space 512K, 37% used [0x0000000792a80000,0x0000000792ab0000,0x0000000792b00000)
  to   space 2560K, 0% used [0x0000000792600000,0x0000000792600000,0x0000000792880000)
 ParOldGen       total 173568K, used 9356K [0x00000006c2800000, 0x00000006cd180000, 0x000000076b800000)
  object space 173568K, 5% used [0x00000006c2800000,0x00000006c3123060,0x00000006cd180000)
 Metaspace       used 8424K, capacity 8774K, committed 8960K, reserved 1056768K
  class space    used 665K, capacity 690K, committed 768K, reserved 1048576K
}
Event: 8.518 GC heap before
{Heap before GC invocations=29 (full 0):
 PSYoungGen      total 327168K, used 326848K [0x000000076b800000, 0x0000000792b00000, 0x00000007c0000000)
  eden space 326656K, 100% used [0x000000076b800000,0x000000077f700000,0x000000077f700000)
  from space 512K, 37% used [0x0000000792a80000,0x0000000792ab0000,0x0000000792b00000)
  to   space 2560K, 0% used [0x0000000792600000,0x0000000792600000,0x0000000792880000)
 ParOldGen       total 173568K, used 9356K [0x00000006c2800000, 0x00000006cd180000, 0x000000076b800000)
  object space 173568K, 5% used [0x00000006c2800000,0x00000006c3123060,0x00000006cd180000)
 Metaspace       used 8424K, capacity 8774K, committed 8960K, reserved 1056768K
  class space    used 665K, capacity 690K, committed 768K, reserved 1048576K
Event: 8.519 GC heap after
Heap after GC invocations=29 (full 0):
 PSYoungGen      total 315904K, used 224K [0x000000076b800000, 0x0000000792b00000, 0x00000007c0000000)
  eden space 313344K, 0% used [0x000000076b800000,0x000000076b800000,0x000000077ea00000)
  from space 2560K, 8% used [0x0000000792600000,0x0000000792638000,0x0000000792880000)
  to   space 2560K, 0% used [0x0000000792880000,0x0000000792880000,0x0000000792b00000)
 ParOldGen       total 173568K, used 9356K [0x00000006c2800000, 0x00000006cd180000, 0x000000076b800000)
  object space 173568K, 5% used [0x00000006c2800000,0x00000006c3123060,0x00000006cd180000)
 Metaspace       used 8424K, capacity 8774K, committed 8960K, reserved 1056768K
  class space    used 665K, capacity 690K, committed 768K, reserved 1048576K
}

