# JRE version: Java(TM) SE Runtime Environment (8.0_65-b17) (build 1.8.0_65-b17)
# Java VM: Java HotSpot(TM) 64-Bit Server VM (25.65-b01 mixed mode windows-amd64 compressed oops)
Heap:
 PSYoungGen      total 161280K, used 108504K [0x000000076b800000, 0x000000077ae80000, 0x00000007c0000000)
  eden space 159232K, 68% used [0x000000076b800000,0x00000007721e6130,0x0000000775380000)
  from space 2048K, 3% used [0x000000077aa80000,0x000000077aa90000,0x000000077ac80000)
  to   space 1536K, 0% used [0x000000077ad00000,0x000000077ad00000,0x000000077ae80000)
 ParOldGen       total 173568K, used 1236K [0x00000006c2800000, 0x00000006cd180000, 0x000000076b800000)
  object space 173568K, 0% used [0x00000006c2800000,0x00000006c2935060,0x00000006cd180000)
 Metaspace       used 7960K, capacity 8550K, committed 8704K, reserved 1056768K
  class space    used 642K, capacity 658K, committed 768K, reserved 1048576K
GC Heap History (10 events):
Event: 2.579 GC heap before
{Heap before GC invocations=17 (full 0):
 PSYoungGen      total 190976K, used 190560K [0x000000076b800000, 0x000000077b180000, 0x00000007c0000000)
  eden space 190464K, 100% used [0x000000076b800000,0x0000000777200000,0x0000000777200000)
  from space 512K, 18% used [0x000000077b100000,0x000000077b118000,0x000000077b180000)
  to   space 2048K, 0% used [0x000000077ad80000,0x000000077ad80000,0x000000077af80000)
 ParOldGen       total 173568K, used 1236K [0x00000006c2800000, 0x00000006cd180000, 0x000000076b800000)
  object space 173568K, 0% used [0x00000006c2800000,0x00000006c2935060,0x00000006cd180000)
 Metaspace       used 7955K, capacity 8486K, committed 8704K, reserved 1056768K
  class space    used 642K, capacity 658K, committed 768K, reserved 1048576K
Event: 2.579 GC heap after
Heap after GC invocations=17 (full 0):
 PSYoungGen      total 185856K, used 64K [0x000000076b800000, 0x000000077b180000, 0x00000007c0000000)
  eden space 183808K, 0% used [0x000000076b800000,0x000000076b800000,0x0000000776b80000)
  from space 2048K, 3% used [0x000000077ad80000,0x000000077ad90000,0x000000077af80000)
  to   space 2048K, 0% used [0x000000077af80000,0x000000077af80000,0x000000077b180000)
 ParOldGen       total 173568K, used 1236K [0x00000006c2800000, 0x00000006cd180000, 0x000000076b800000)
  object space 173568K, 0% used [0x00000006c2800000,0x00000006c2935060,0x00000006cd180000)
 Metaspace       used 7955K, capacity 8486K, committed 8704K, reserved 1056768K
  class space    used 642K, capacity 658K, committed 768K, reserved 1048576K
}
Event: 2.793 GC heap before
{Heap before GC invocations=18 (full 0):
 PSYoungGen      total 185856K, used 183872K [0x000000076b800000, 0x000000077b180000, 0x00000007c0000000)
  eden space 183808K, 100% used [0x000000076b800000,0x0000000776b80000,0x0000000776b80000)
  from space 2048K, 3% used [0x000000077ad80000,0x000000077ad90000,0x000000077af80000)
  to   space 2048K, 0% used [0x000000077af80000,0x000000077af80000,0x000000077b180000)
 ParOldGen       total 173568K, used 1236K [0x00000006c2800000, 0x00000006cd180000, 0x000000076b800000)
  object space 173568K, 0% used [0x00000006c2800000,0x00000006c2935060,0x00000006cd180000)
 Metaspace       used 7955K, capacity 8486K, committed 8704K, reserved 1056768K
  class space    used 642K, capacity 658K, committed 768K, reserved 1048576K
Event: 2.793 GC heap after
Heap after GC invocations=18 (full 0):
 PSYoungGen      total 177664K, used 64K [0x000000076b800000, 0x000000077b000000, 0x00000007c0000000)
  eden space 177152K, 0% used [0x000000076b800000,0x000000076b800000,0x0000000776500000)
  from space 512K, 12% used [0x000000077af80000,0x000000077af90000,0x000000077b000000)
  to   space 2048K, 0% used [0x000000077ac00000,0x000000077ac00000,0x000000077ae00000)
 ParOldGen       total 173568K, used 1236K [0x00000006c2800000, 0x00000006cd180000, 0x000000076b800000)
  object space 173568K, 0% used [0x00000006c2800000,0x00000006c2935060,0x00000006cd180000)
 Metaspace       used 7955K, capacity 8486K, committed 8704K, reserved 1056768K
  class space    used 642K, capacity 658K, committed 768K, reserved 1048576K
}
Event: 2.923 GC heap before
{Heap before GC invocations=19 (full 0):
 PSYoungGen      total 177664K, used 177216K [0x000000076b800000, 0x000000077b000000, 0x00000007c0000000)
  eden space 177152K, 100% used [0x000000076b800000,0x0000000776500000,0x0000000776500000)
  from space 512K, 12% used [0x000000077af80000,0x000000077af90000,0x000000077b000000)
  to   space 2048K, 0% used [0x000000077ac00000,0x000000077ac00000,0x000000077ae00000)
 ParOldGen       total 173568K, used 1236K [0x00000006c2800000, 0x00000006cd180000, 0x000000076b800000)
  object space 173568K, 0% used [0x00000006c2800000,0x00000006c2935060,0x00000006cd180000)
 Metaspace       used 7956K, capacity 8486K, committed 8704K, reserved 1056768K
  class space    used 642K, capacity 658K, committed 768K, reserved 1048576K
Event: 2.923 GC heap after
Heap after GC invocations=19 (full 0):
 PSYoungGen      total 173056K, used 96K [0x000000076b800000, 0x000000077b000000, 0x00000007c0000000)
  eden space 171008K, 0% used [0x000000076b800000,0x000000076b800000,0x0000000775f00000)
  from space 2048K, 4% used [0x000000077ac00000,0x000000077ac18000,0x000000077ae00000)
  to   space 2048K, 0% used [0x000000077ae00000,0x000000077ae00000,0x000000077b000000)
 ParOldGen       total 173568K, used 1236K [0x00000006c2800000, 0x00000006cd180000, 0x000000076b800000)
  object space 173568K, 0% used [0x00000006c2800000,0x00000006c2935060,0x00000006cd180000)
 Metaspace       used 7956K, capacity 8486K, committed 8704K, reserved 1056768K
  class space    used 642K, capacity 658K, committed 768K, reserved 1048576K
}
Event: 3.121 GC heap before
{Heap before GC invocations=20 (full 0):
 PSYoungGen      total 173056K, used 171104K [0x000000076b800000, 0x000000077b000000, 0x00000007c0000000)
  eden space 171008K, 100% used [0x000000076b800000,0x0000000775f00000,0x0000000775f00000)
  from space 2048K, 4% used [0x000000077ac00000,0x000000077ac18000,0x000000077ae00000)
  to   space 2048K, 0% used [0x000000077ae00000,0x000000077ae00000,0x000000077b000000)
 ParOldGen       total 173568K, used 1236K [0x00000006c2800000, 0x00000006cd180000, 0x000000076b800000)
  object space 173568K, 0% used [0x00000006c2800000,0x00000006c2935060,0x00000006cd180000)
 Metaspace       used 7960K, capacity 8550K, committed 8704K, reserved 1056768K
  class space    used 642K, capacity 658K, committed 768K, reserved 1048576K
Event: 3.122 GC heap after
Heap after GC invocations=20 (full 0):
 PSYoungGen      total 165376K, used 96K [0x000000076b800000, 0x000000077ae80000, 0x00000007c0000000)
  eden space 164864K, 0% used [0x000000076b800000,0x000000076b800000,0x0000000775900000)
  from space 512K, 18% used [0x000000077ae00000,0x000000077ae18000,0x000000077ae80000)
  to   space 2048K, 0% used [0x000000077aa80000,0x000000077aa80000,0x000000077ac80000)
 ParOldGen       total 173568K, used 1236K [0x00000006c2800000, 0x00000006cd180000, 0x000000076b800000)
  object space 173568K, 0% used [0x00000006c2800000,0x00000006c2935060,0x00000006cd180000)
 Metaspace       used 7960K, capacity 8550K, committed 8704K, reserved 1056768K
  class space    used 642K, capacity 658K, committed 768K, reserved 1048576K
}
Event: 3.304 GC heap before
{Heap before GC invocations=21 (full 0):
 PSYoungGen      total 165376K, used 164960K [0x000000076b800000, 0x000000077ae80000, 0x00000007c0000000)
  eden space 164864K, 100% used [0x000000076b800000,0x0000000775900000,0x0000000775900000)
  from space 512K, 18% used [0x000000077ae00000,0x000000077ae18000,0x000000077ae80000)
  to   space 2048K, 0% used [0x000000077aa80000,0x000000077aa80000,0x000000077ac80000)
 ParOldGen       total 173568K, used 1236K [0x00000006c2800000, 0x00000006cd180000, 0x000000076b800000)
  object space 173568K, 0% used [0x00000006c2800000,0x00000006c2935060,0x00000006cd180000)
 Metaspace       used 7960K, capacity 8550K, committed 8704K, reserved 1056768K
  class space    used 642K, capacity 658K, committed 768K, reserved 1048576K
Event: 3.304 GC heap after
Heap after GC invocations=21 (full 0):
 PSYoungGen      total 161280K, used 64K [0x000000076b800000, 0x000000077ae80000, 0x00000007c0000000)
  eden space 159232K, 0% used [0x000000076b800000,0x000000076b800000,0x0000000775380000)
  from space 2048K, 3% used [0x000000077aa80000,0x000000077aa90000,0x000000077ac80000)
  to   space 1536K, 0% used [0x000000077ad00000,0x000000077ad00000,0x000000077ae80000)
 ParOldGen       total 173568K, used 1236K [0x00000006c2800000, 0x00000006cd180000, 0x000000076b800000)
  object space 173568K, 0% used [0x00000006c2800000,0x00000006c2935060,0x00000006cd180000)
 Metaspace       used 7960K, capacity 8550K, committed 8704K, reserved 1056768K
  class space    used 642K, capacity 658K, committed 768K, reserved 1048576K
}

