# JRE version: Java(TM) SE Runtime Environment (8.0_65-b17) (build 1.8.0_65-b17)
# Java VM: Java HotSpot(TM) 64-Bit Server VM (25.65-b01 mixed mode windows-amd64 compressed oops)
Heap:
 PSYoungGen      total 45568K, used 28444K [0x000000076b800000, 0x0000000784280000, 0x00000007c0000000)
  eden space 45056K, 62% used [0x000000076b800000,0x000000076d3b7168,0x000000076e400000)
  from space 512K, 12% used [0x0000000784180000,0x0000000784190000,0x0000000784200000)
  to   space 512K, 0% used [0x0000000784200000,0x0000000784200000,0x0000000784280000)
 ParOldGen       total 173568K, used 1492K [0x00000006c2800000, 0x00000006cd180000, 0x000000076b800000)
  object space 173568K, 0% used [0x00000006c2800000,0x00000006c2975060,0x00000006cd180000)
 Metaspace       used 8262K, capacity 8710K, committed 8960K, reserved 1056768K
  class space    used 655K, capacity 690K, committed 768K, reserved 1048576K
GC Heap History (10 events):
Event: 15.910 GC heap before
{Heap before GC invocations=233 (full 0):
 PSYoungGen      total 48128K, used 47712K [0x000000076b800000, 0x0000000784280000, 0x00000007c0000000)
  eden space 47616K, 100% used [0x000000076b800000,0x000000076e680000,0x000000076e680000)
  from space 512K, 18% used [0x0000000784200000,0x0000000784218000,0x0000000784280000)
  to   space 512K, 0% used [0x0000000784180000,0x0000000784180000,0x0000000784200000)
 ParOldGen       total 173568K, used 1468K [0x00000006c2800000, 0x00000006cd180000, 0x000000076b800000)
  object space 173568K, 0% used [0x00000006c2800000,0x00000006c296f060,0x00000006cd180000)
 Metaspace       used 8261K, capacity 8710K, committed 8960K, reserved 1056768K
  class space    used 655K, capacity 690K, committed 768K, reserved 1048576K
Event: 15.911 GC heap after
Heap after GC invocations=233 (full 0):
 PSYoungGen      total 47616K, used 160K [0x000000076b800000, 0x0000000784280000, 0x00000007c0000000)
  eden space 47104K, 0% used [0x000000076b800000,0x000000076b800000,0x000000076e600000)
  from space 512K, 31% used [0x0000000784180000,0x00000007841a8000,0x0000000784200000)
  to   space 512K, 0% used [0x0000000784200000,0x0000000784200000,0x0000000784280000)
 ParOldGen       total 173568K, used 1468K [0x00000006c2800000, 0x00000006cd180000, 0x000000076b800000)
  object space 173568K, 0% used [0x00000006c2800000,0x00000006c296f060,0x00000006cd180000)
 Metaspace       used 8261K, capacity 8710K, committed 8960K, reserved 1056768K
  class space    used 655K, capacity 690K, committed 768K, reserved 1048576K
}
Event: 15.957 GC heap before
{Heap before GC invocations=234 (full 0):
 PSYoungGen      total 47616K, used 47264K [0x000000076b800000, 0x0000000784280000, 0x00000007c0000000)
  eden space 47104K, 100% used [0x000000076b800000,0x000000076e600000,0x000000076e600000)
  from space 512K, 31% used [0x0000000784180000,0x00000007841a8000,0x0000000784200000)
  to   space 512K, 0% used [0x0000000784200000,0x0000000784200000,0x0000000784280000)
 ParOldGen       total 173568K, used 1468K [0x00000006c2800000, 0x00000006cd180000, 0x000000076b800000)
  object space 173568K, 0% used [0x00000006c2800000,0x00000006c296f060,0x00000006cd180000)
 Metaspace       used 8261K, capacity 8710K, committed 8960K, reserved 1056768K
  class space    used 655K, capacity 690K, committed 768K, reserved 1048576K
Event: 15.957 GC heap after
Heap after GC invocations=234 (full 0):
 PSYoungGen      total 47104K, used 160K [0x000000076b800000, 0x0000000784280000, 0x00000007c0000000)
  eden space 46592K, 0% used [0x000000076b800000,0x000000076b800000,0x000000076e580000)
  from space 512K, 31% used [0x0000000784200000,0x0000000784228000,0x0000000784280000)
  to   space 512K, 0% used [0x0000000784180000,0x0000000784180000,0x0000000784200000)
 ParOldGen       total 173568K, used 1468K [0x00000006c2800000, 0x00000006cd180000, 0x000000076b800000)
  object space 173568K, 0% used [0x00000006c2800000,0x00000006c296f060,0x00000006cd180000)
 Metaspace       used 8261K, capacity 8710K, committed 8960K, reserved 1056768K
  class space    used 655K, capacity 690K, committed 768K, reserved 1048576K
}
Event: 16.008 GC heap before
{Heap before GC invocations=235 (full 0):
 PSYoungGen      total 47104K, used 46752K [0x000000076b800000, 0x0000000784280000, 0x00000007c0000000)
  eden space 46592K, 100% used [0x000000076b800000,0x000000076e580000,0x000000076e580000)
  from space 512K, 31% used [0x0000000784200000,0x0000000784228000,0x0000000784280000)
  to   space 512K, 0% used [0x0000000784180000,0x0000000784180000,0x0000000784200000)
 ParOldGen       total 173568K, used 1468K [0x00000006c2800000, 0x00000006cd180000, 0x000000076b800000)
  object space 173568K, 0% used [0x00000006c2800000,0x00000006c296f060,0x00000006cd180000)
 Metaspace       used 8261K, capacity 8710K, committed 8960K, reserved 1056768K
  class space    used 655K, capacity 690K, committed 768K, reserved 1048576K
Event: 16.009 GC heap after
Heap after GC invocations=235 (full 0):
 PSYoungGen      total 46592K, used 160K [0x000000076b800000, 0x0000000784280000, 0x00000007c0000000)
  eden space 46080K, 0% used [0x000000076b800000,0x000000076b800000,0x000000076e500000)
  from space 512K, 31% used [0x0000000784180000,0x00000007841a8000,0x0000000784200000)
  to   space 512K, 0% used [0x0000000784200000,0x0000000784200000,0x0000000784280000)
 ParOldGen       total 173568K, used 1468K [0x00000006c2800000, 0x00000006cd180000, 0x000000076b800000)
  object space 173568K, 0% used [0x00000006c2800000,0x00000006c296f060,0x00000006cd180000)
 Metaspace       used 8261K, capacity 8710K, committed 8960K, reserved 1056768K
  class space    used 655K, capacity 690K, committed 768K, reserved 1048576K
}
Event: 16.046 GC heap before
{Heap before GC invocations=236 (full 0):
 PSYoungGen      total 46592K, used 46240K [0x000000076b800000, 0x0000000784280000, 0x00000007c0000000)
  eden space 46080K, 100% used [0x000000076b800000,0x000000076e500000,0x000000076e500000)
  from space 512K, 31% used [0x0000000784180000,0x00000007841a8000,0x0000000784200000)
  to   space 512K, 0% used [0x0000000784200000,0x0000000784200000,0x0000000784280000)
 ParOldGen       total 173568K, used 1468K [0x00000006c2800000, 0x00000006cd180000, 0x000000076b800000)
  object space 173568K, 0% used [0x00000006c2800000,0x00000006c296f060,0x00000006cd180000)
 Metaspace       used 8261K, capacity 8710K, committed 8960K, reserved 1056768K
  class space    used 655K, capacity 690K, committed 768K, reserved 1048576K
Event: 16.047 GC heap after
Heap after GC invocations=236 (full 0):
 PSYoungGen      total 46080K, used 128K [0x000000076b800000, 0x0000000784280000, 0x00000007c0000000)
  eden space 45568K, 0% used [0x000000076b800000,0x000000076b800000,0x000000076e480000)
  from space 512K, 25% used [0x0000000784200000,0x0000000784220000,0x0000000784280000)
  to   space 512K, 0% used [0x0000000784180000,0x0000000784180000,0x0000000784200000)
 ParOldGen       total 173568K, used 1468K [0x00000006c2800000, 0x00000006cd180000, 0x000000076b800000)
  object space 173568K, 0% used [0x00000006c2800000,0x00000006c296f060,0x00000006cd180000)
 Metaspace       used 8261K, capacity 8710K, committed 8960K, reserved 1056768K
  class space    used 655K, capacity 690K, committed 768K, reserved 1048576K
}
Event: 16.096 GC heap before
{Heap before GC invocations=237 (full 0):
 PSYoungGen      total 46080K, used 45696K [0x000000076b800000, 0x0000000784280000, 0x00000007c0000000)
  eden space 45568K, 100% used [0x000000076b800000,0x000000076e480000,0x000000076e480000)
  from space 512K, 25% used [0x0000000784200000,0x0000000784220000,0x0000000784280000)
  to   space 512K, 0% used [0x0000000784180000,0x0000000784180000,0x0000000784200000)
 ParOldGen       total 173568K, used 1468K [0x00000006c2800000, 0x00000006cd180000, 0x000000076b800000)
  object space 173568K, 0% used [0x00000006c2800000,0x00000006c296f060,0x00000006cd180000)
 Metaspace       used 8261K, capacity 8710K, committed 8960K, reserved 1056768K
  class space    used 655K, capacity 690K, committed 768K, reserved 1048576K
Event: 16.097 GC heap after
Heap after GC invocations=237 (full 0):
 PSYoungGen      total 45568K, used 64K [0x000000076b800000, 0x0000000784280000, 0x00000007c0000000)
  eden space 45056K, 0% used [0x000000076b800000,0x000000076b800000,0x000000076e400000)
  from space 512K, 12% used [0x0000000784180000,0x0000000784190000,0x0000000784200000)
  to   space 512K, 0% used [0x0000000784200000,0x0000000784200000,0x0000000784280000)
 ParOldGen       total 173568K, used 1492K [0x00000006c2800000, 0x00000006cd180000, 0x000000076b800000)
  object space 173568K, 0% used [0x00000006c2800000,0x00000006c2975060,0x00000006cd180000)
 Metaspace       used 8261K, capacity 8710K, committed 8960K, reserved 1056768K
  class space    used 655K, capacity 690K, committed 768K, reserved 1048576K
}

