# JRE version: Java(TM) SE Runtime Environment (8.0_65-b17) (build 1.8.0_65-b17)
# Java VM: Java HotSpot(TM) 64-Bit Server VM (25.65-b01 mixed mode windows-amd64 compressed oops)
Heap:
 PSYoungGen      total 207872K, used 180675K [0x000000076b800000, 0x0000000784e00000, 0x00000007c0000000)
  eden space 205824K, 88% used [0x000000076b800000,0x0000000776a7bed0,0x0000000778100000)
  from space 2048K, 1% used [0x0000000784a00000,0x0000000784a08000,0x0000000784c00000)
  to   space 2048K, 0% used [0x0000000784c00000,0x0000000784c00000,0x0000000784e00000)
 ParOldGen       total 173568K, used 1443K [0x00000006c2800000, 0x00000006cd180000, 0x000000076b800000)
  object space 173568K, 0% used [0x00000006c2800000,0x00000006c2968f58,0x00000006cd180000)
 Metaspace       used 7891K, capacity 8422K, committed 8704K, reserved 1056768K
  class space    used 632K, capacity 658K, committed 768K, reserved 1048576K
GC Heap History (10 events):
Event: 1.364 GC heap before
{Heap before GC invocations=11 (full 0):
 PSYoungGen      total 250368K, used 250112K [0x000000076b800000, 0x0000000785100000, 0x00000007c0000000)
  eden space 249856K, 100% used [0x000000076b800000,0x000000077ac00000,0x000000077ac00000)
  from space 512K, 50% used [0x0000000785080000,0x00000007850c0000,0x0000000785100000)
  to   space 2048K, 0% used [0x0000000784d00000,0x0000000784d00000,0x0000000784f00000)
 ParOldGen       total 173568K, used 1331K [0x00000006c2800000, 0x00000006cd180000, 0x000000076b800000)
  object space 173568K, 0% used [0x00000006c2800000,0x00000006c294cf58,0x00000006cd180000)
 Metaspace       used 7889K, capacity 8422K, committed 8704K, reserved 1056768K
  class space    used 632K, capacity 658K, committed 768K, reserved 1048576K
Event: 1.364 GC heap after
Heap after GC invocations=11 (full 0):
 PSYoungGen      total 242176K, used 64K [0x000000076b800000, 0x0000000785100000, 0x00000007c0000000)
  eden space 240128K, 0% used [0x000000076b800000,0x000000076b800000,0x000000077a280000)
  from space 2048K, 3% used [0x0000000784d00000,0x0000000784d10000,0x0000000784f00000)
  to   space 2048K, 0% used [0x0000000784f00000,0x0000000784f00000,0x0000000785100000)
 ParOldGen       total 173568K, used 1403K [0x00000006c2800000, 0x00000006cd180000, 0x000000076b800000)
  object space 173568K, 0% used [0x00000006c2800000,0x00000006c295ef58,0x00000006cd180000)
 Metaspace       used 7889K, capacity 8422K, committed 8704K, reserved 1056768K
  class space    used 632K, capacity 658K, committed 768K, reserved 1048576K
}
Event: 1.547 GC heap before
{Heap before GC invocations=12 (full 0):
 PSYoungGen      total 242176K, used 240192K [0x000000076b800000, 0x0000000785100000, 0x00000007c0000000)
  eden space 240128K, 100% used [0x000000076b800000,0x000000077a280000,0x000000077a280000)
  from space 2048K, 3% used [0x0000000784d00000,0x0000000784d10000,0x0000000784f00000)
  to   space 2048K, 0% used [0x0000000784f00000,0x0000000784f00000,0x0000000785100000)
 ParOldGen       total 173568K, used 1403K [0x00000006c2800000, 0x00000006cd180000, 0x000000076b800000)
  object space 173568K, 0% used [0x00000006c2800000,0x00000006c295ef58,0x00000006cd180000)
 Metaspace       used 7889K, capacity 8422K, committed 8704K, reserved 1056768K
  class space    used 632K, capacity 658K, committed 768K, reserved 1048576K
Event: 1.548 GC heap after
Heap after GC invocations=12 (full 0):
 PSYoungGen      total 231424K, used 64K [0x000000076b800000, 0x0000000784f80000, 0x00000007c0000000)
  eden space 230912K, 0% used [0x000000076b800000,0x000000076b800000,0x0000000779980000)
  from space 512K, 12% used [0x0000000784f00000,0x0000000784f10000,0x0000000784f80000)
  to   space 2048K, 0% used [0x0000000784b80000,0x0000000784b80000,0x0000000784d80000)
 ParOldGen       total 173568K, used 1403K [0x00000006c2800000, 0x00000006cd180000, 0x000000076b800000)
  object space 173568K, 0% used [0x00000006c2800000,0x00000006c295ef58,0x00000006cd180000)
 Metaspace       used 7889K, capacity 8422K, committed 8704K, reserved 1056768K
  class space    used 632K, capacity 658K, committed 768K, reserved 1048576K
}
Event: 1.765 GC heap before
{Heap before GC invocations=13 (full 0):
 PSYoungGen      total 231424K, used 230976K [0x000000076b800000, 0x0000000784f80000, 0x00000007c0000000)
  eden space 230912K, 100% used [0x000000076b800000,0x0000000779980000,0x0000000779980000)
  from space 512K, 12% used [0x0000000784f00000,0x0000000784f10000,0x0000000784f80000)
  to   space 2048K, 0% used [0x0000000784b80000,0x0000000784b80000,0x0000000784d80000)
 ParOldGen       total 173568K, used 1403K [0x00000006c2800000, 0x00000006cd180000, 0x000000076b800000)
  object space 173568K, 0% used [0x00000006c2800000,0x00000006c295ef58,0x00000006cd180000)
 Metaspace       used 7890K, capacity 8422K, committed 8704K, reserved 1056768K
  class space    used 632K, capacity 658K, committed 768K, reserved 1048576K
Event: 1.765 GC heap after
Heap after GC invocations=13 (full 0):
 PSYoungGen      total 224256K, used 128K [0x000000076b800000, 0x0000000784f80000, 0x00000007c0000000)
  eden space 222208K, 0% used [0x000000076b800000,0x000000076b800000,0x0000000779100000)
  from space 2048K, 6% used [0x0000000784b80000,0x0000000784ba0000,0x0000000784d80000)
  to   space 2048K, 0% used [0x0000000784d80000,0x0000000784d80000,0x0000000784f80000)
 ParOldGen       total 173568K, used 1411K [0x00000006c2800000, 0x00000006cd180000, 0x000000076b800000)
  object space 173568K, 0% used [0x00000006c2800000,0x00000006c2960f58,0x00000006cd180000)
 Metaspace       used 7890K, capacity 8422K, committed 8704K, reserved 1056768K
  class space    used 632K, capacity 658K, committed 768K, reserved 1048576K
}
Event: 1.938 GC heap before
{Heap before GC invocations=14 (full 0):
 PSYoungGen      total 224256K, used 222336K [0x000000076b800000, 0x0000000784f80000, 0x00000007c0000000)
  eden space 222208K, 100% used [0x000000076b800000,0x0000000779100000,0x0000000779100000)
  from space 2048K, 6% used [0x0000000784b80000,0x0000000784ba0000,0x0000000784d80000)
  to   space 2048K, 0% used [0x0000000784d80000,0x0000000784d80000,0x0000000784f80000)
 ParOldGen       total 173568K, used 1411K [0x00000006c2800000, 0x00000006cd180000, 0x000000076b800000)
  object space 173568K, 0% used [0x00000006c2800000,0x00000006c2960f58,0x00000006cd180000)
 Metaspace       used 7890K, capacity 8422K, committed 8704K, reserved 1056768K
  class space    used 632K, capacity 658K, committed 768K, reserved 1048576K
Event: 1.939 GC heap after
Heap after GC invocations=14 (full 0):
 PSYoungGen      total 214528K, used 64K [0x000000076b800000, 0x0000000784e00000, 0x00000007c0000000)
  eden space 214016K, 0% used [0x000000076b800000,0x000000076b800000,0x0000000778900000)
  from space 512K, 12% used [0x0000000784d80000,0x0000000784d90000,0x0000000784e00000)
  to   space 2048K, 0% used [0x0000000784a00000,0x0000000784a00000,0x0000000784c00000)
 ParOldGen       total 173568K, used 1443K [0x00000006c2800000, 0x00000006cd180000, 0x000000076b800000)
  object space 173568K, 0% used [0x00000006c2800000,0x00000006c2968f58,0x00000006cd180000)
 Metaspace       used 7890K, capacity 8422K, committed 8704K, reserved 1056768K
  class space    used 632K, capacity 658K, committed 768K, reserved 1048576K
}
Event: 2.104 GC heap before
{Heap before GC invocations=15 (full 0):
 PSYoungGen      total 214528K, used 214080K [0x000000076b800000, 0x0000000784e00000, 0x00000007c0000000)
  eden space 214016K, 100% used [0x000000076b800000,0x0000000778900000,0x0000000778900000)
  from space 512K, 12% used [0x0000000784d80000,0x0000000784d90000,0x0000000784e00000)
  to   space 2048K, 0% used [0x0000000784a00000,0x0000000784a00000,0x0000000784c00000)
 ParOldGen       total 173568K, used 1443K [0x00000006c2800000, 0x00000006cd180000, 0x000000076b800000)
  object space 173568K, 0% used [0x00000006c2800000,0x00000006c2968f58,0x00000006cd180000)
 Metaspace       used 7890K, capacity 8422K, committed 8704K, reserved 1056768K
  class space    used 632K, capacity 658K, committed 768K, reserved 1048576K
Event: 2.105 GC heap after
Heap after GC invocations=15 (full 0):
 PSYoungGen      total 207872K, used 32K [0x000000076b800000, 0x0000000784e00000, 0x00000007c0000000)
  eden space 205824K, 0% used [0x000000076b800000,0x000000076b800000,0x0000000778100000)
  from space 2048K, 1% used [0x0000000784a00000,0x0000000784a08000,0x0000000784c00000)
  to   space 2048K, 0% used [0x0000000784c00000,0x0000000784c00000,0x0000000784e00000)
 ParOldGen       total 173568K, used 1443K [0x00000006c2800000, 0x00000006cd180000, 0x000000076b800000)
  object space 173568K, 0% used [0x00000006c2800000,0x00000006c2968f58,0x00000006cd180000)
 Metaspace       used 7890K, capacity 8422K, committed 8704K, reserved 1056768K
  class space    used 632K, capacity 658K, committed 768K, reserved 1048576K
}

