# JRE version: Java(TM) SE Runtime Environment (8.0_65-b17) (build 1.8.0_65-b17)
# Java VM: Java HotSpot(TM) 64-Bit Server VM (25.65-b01 mixed mode windows-amd64 compressed oops)
Heap:
 PSYoungGen      total 82944K, used 62173K [0x000000076b800000, 0x0000000791b80000, 0x00000007c0000000)
  eden space 82432K, 75% used [0x000000076b800000,0x000000076f47f4d8,0x0000000770880000)
  from space 512K, 43% used [0x0000000791a80000,0x0000000791ab8000,0x0000000791b00000)
  to   space 512K, 0% used [0x0000000791b00000,0x0000000791b00000,0x0000000791b80000)
 ParOldGen       total 173568K, used 10851K [0x00000006c2800000, 0x00000006cd180000, 0x000000076b800000)
  object space 173568K, 6% used [0x00000006c2800000,0x00000006c3298e50,0x00000006cd180000)
 Metaspace       used 8389K, capacity 8774K, committed 8960K, reserved 1056768K
  class space    used 662K, capacity 690K, committed 768K, reserved 1048576K
GC Heap History (10 events):
Event: 29.046 GC heap before
{Heap before GC invocations=317 (full 0):
 PSYoungGen      total 39936K, used 39648K [0x000000076b800000, 0x0000000791b80000, 0x00000007c0000000)
  eden space 39424K, 100% used [0x000000076b800000,0x000000076de80000,0x000000076de80000)
  from space 512K, 43% used [0x0000000791b00000,0x0000000791b38000,0x0000000791b80000)
  to   space 512K, 0% used [0x0000000791a80000,0x0000000791a80000,0x0000000791b00000)
 ParOldGen       total 173568K, used 10851K [0x00000006c2800000, 0x00000006cd180000, 0x000000076b800000)
  object space 173568K, 6% used [0x00000006c2800000,0x00000006c3298e50,0x00000006cd180000)
 Metaspace       used 8389K, capacity 8774K, committed 8960K, reserved 1056768K
  class space    used 662K, capacity 690K, committed 768K, reserved 1048576K
Event: 29.046 GC heap after
Heap after GC invocations=317 (full 0):
 PSYoungGen      total 39424K, used 192K [0x000000076b800000, 0x0000000791b80000, 0x00000007c0000000)
  eden space 38912K, 0% used [0x000000076b800000,0x000000076b800000,0x000000076de00000)
  from space 512K, 37% used [0x0000000791a80000,0x0000000791ab0000,0x0000000791b00000)
  to   space 512K, 0% used [0x0000000791b00000,0x0000000791b00000,0x0000000791b80000)
 ParOldGen       total 173568K, used 10851K [0x00000006c2800000, 0x00000006cd180000, 0x000000076b800000)
  object space 173568K, 6% used [0x00000006c2800000,0x00000006c3298e50,0x00000006cd180000)
 Metaspace       used 8389K, capacity 8774K, committed 8960K, reserved 1056768K
  class space    used 662K, capacity 690K, committed 768K, reserved 1048576K
}
Event: 29.078 GC heap before
{Heap before GC invocations=318 (full 0):
 PSYoungGen      total 39424K, used 39104K [0x000000076b800000, 0x0000000791b80000, 0x00000007c0000000)
  eden space 38912K, 100% used [0x000000076b800000,0x000000076de00000,0x000000076de00000)
  from space 512K, 37% used [0x0000000791a80000,0x0000000791ab0000,0x0000000791b00000)
  to   space 512K, 0% used [0x0000000791b00000,0x0000000791b00000,0x0000000791b80000)
 ParOldGen       total 173568K, used 10851K [0x00000006c2800000, 0x00000006cd180000, 0x000000076b800000)
  object space 173568K, 6% used [0x00000006c2800000,0x00000006c3298e50,0x00000006cd180000)
 Metaspace       used 8389K, capacity 8774K, committed 8960K, reserved 1056768K
  class space    used 662K, capacity 690K, committed 768K, reserved 1048576K
Event: 29.079 GC heap after
Heap after GC invocations=318 (full 0):
 PSYoungGen      total 47616K, used 224K [0x000000076b800000, 0x0000000791b80000, 0x00000007c0000000)
  eden space 47104K, 0% used [0x000000076b800000,0x000000076b800000,0x000000076e600000)
  from space 512K, 43% used [0x0000000791b00000,0x0000000791b38000,0x0000000791b80000)
  to   space 512K, 0% used [0x0000000791a80000,0x0000000791a80000,0x0000000791b00000)
 ParOldGen       total 173568K, used 10851K [0x00000006c2800000, 0x00000006cd180000, 0x000000076b800000)
  object space 173568K, 6% used [0x00000006c2800000,0x00000006c3298e50,0x00000006cd180000)
 Metaspace       used 8389K, capacity 8774K, committed 8960K, reserved 1056768K
  class space    used 662K, capacity 690K, committed 768K, reserved 1048576K
}
Event: 29.129 GC heap before
{Heap before GC invocations=319 (full 0):
 PSYoungGen      total 47616K, used 47328K [0x000000076b800000, 0x0000000791b80000, 0x00000007c0000000)
  eden space 47104K, 100% used [0x000000076b800000,0x000000076e600000,0x000000076e600000)
  from space 512K, 43% used [0x0000000791b00000,0x0000000791b38000,0x0000000791b80000)
  to   space 512K, 0% used [0x0000000791a80000,0x0000000791a80000,0x0000000791b00000)
 ParOldGen       total 173568K, used 10851K [0x00000006c2800000, 0x00000006cd180000, 0x000000076b800000)
  object space 173568K, 6% used [0x00000006c2800000,0x00000006c3298e50,0x00000006cd180000)
 Metaspace       used 8389K, capacity 8774K, committed 8960K, reserved 1056768K
  class space    used 662K, capacity 690K, committed 768K, reserved 1048576K
Event: 29.130 GC heap after
Heap after GC invocations=319 (full 0):
 PSYoungGen      total 57344K, used 224K [0x000000076b800000, 0x0000000791b80000, 0x00000007c0000000)
  eden space 56832K, 0% used [0x000000076b800000,0x000000076b800000,0x000000076ef80000)
  from space 512K, 43% used [0x0000000791a80000,0x0000000791ab8000,0x0000000791b00000)
  to   space 512K, 0% used [0x0000000791b00000,0x0000000791b00000,0x0000000791b80000)
 ParOldGen       total 173568K, used 10851K [0x00000006c2800000, 0x00000006cd180000, 0x000000076b800000)
  object space 173568K, 6% used [0x00000006c2800000,0x00000006c3298e50,0x00000006cd180000)
 Metaspace       used 8389K, capacity 8774K, committed 8960K, reserved 1056768K
  class space    used 662K, capacity 690K, committed 768K, reserved 1048576K
}
Event: 29.176 GC heap before
{Heap before GC invocations=320 (full 0):
 PSYoungGen      total 57344K, used 57056K [0x000000076b800000, 0x0000000791b80000, 0x00000007c0000000)
  eden space 56832K, 100% used [0x000000076b800000,0x000000076ef80000,0x000000076ef80000)
  from space 512K, 43% used [0x0000000791a80000,0x0000000791ab8000,0x0000000791b00000)
  to   space 512K, 0% used [0x0000000791b00000,0x0000000791b00000,0x0000000791b80000)
 ParOldGen       total 173568K, used 10851K [0x00000006c2800000, 0x00000006cd180000, 0x000000076b800000)
  object space 173568K, 6% used [0x00000006c2800000,0x00000006c3298e50,0x00000006cd180000)
 Metaspace       used 8389K, capacity 8774K, committed 8960K, reserved 1056768K
  class space    used 662K, capacity 690K, committed 768K, reserved 1048576K
Event: 29.177 GC heap after
Heap after GC invocations=320 (full 0):
 PSYoungGen      total 69120K, used 192K [0x000000076b800000, 0x0000000791b80000, 0x00000007c0000000)
  eden space 68608K, 0% used [0x000000076b800000,0x000000076b800000,0x000000076fb00000)
  from space 512K, 37% used [0x0000000791b00000,0x0000000791b30000,0x0000000791b80000)
  to   space 512K, 0% used [0x0000000791a80000,0x0000000791a80000,0x0000000791b00000)
 ParOldGen       total 173568K, used 10851K [0x00000006c2800000, 0x00000006cd180000, 0x000000076b800000)
  object space 173568K, 6% used [0x00000006c2800000,0x00000006c3298e50,0x00000006cd180000)
 Metaspace       used 8389K, capacity 8774K, committed 8960K, reserved 1056768K
  class space    used 662K, capacity 690K, committed 768K, reserved 1048576K
}
Event: 29.232 GC heap before
{Heap before GC invocations=321 (full 0):
 PSYoungGen      total 69120K, used 68800K [0x000000076b800000, 0x0000000791b80000, 0x00000007c0000000)
  eden space 68608K, 100% used [0x000000076b800000,0x000000076fb00000,0x000000076fb00000)
  from space 512K, 37% used [0x0000000791b00000,0x0000000791b30000,0x0000000791b80000)
  to   space 512K, 0% used [0x0000000791a80000,0x0000000791a80000,0x0000000791b00000)
 ParOldGen       total 173568K, used 10851K [0x00000006c2800000, 0x00000006cd180000, 0x000000076b800000)
  object space 173568K, 6% used [0x00000006c2800000,0x00000006c3298e50,0x00000006cd180000)
 Metaspace       used 8389K, capacity 8774K, committed 8960K, reserved 1056768K
  class space    used 662K, capacity 690K, committed 768K, reserved 1048576K
Event: 29.232 GC heap after
Heap after GC invocations=321 (full 0):
 PSYoungGen      total 82944K, used 224K [0x000000076b800000, 0x0000000791b80000, 0x00000007c0000000)
  eden space 82432K, 0% used [0x000000076b800000,0x000000076b800000,0x0000000770880000)
  from space 512K, 43% used [0x0000000791a80000,0x0000000791ab8000,0x0000000791b00000)
  to   space 512K, 0% used [0x0000000791b00000,0x0000000791b00000,0x0000000791b80000)
 ParOldGen       total 173568K, used 10851K [0x00000006c2800000, 0x00000006cd180000, 0x000000076b800000)
  object space 173568K, 6% used [0x00000006c2800000,0x00000006c3298e50,0x00000006cd180000)
 Metaspace       used 8389K, capacity 8774K, committed 8960K, reserved 1056768K
  class space    used 662K, capacity 690K, committed 768K, reserved 1048576K
}

