# JRE version: Java(TM) SE Runtime Environment (8.0_65-b17) (build 1.8.0_65-b17)
# Java VM: Java HotSpot(TM) 64-Bit Server VM (25.65-b01 mixed mode windows-amd64 compressed oops)
Heap:
 PSYoungGen      total 663040K, used 611278K [0x000000076b800000, 0x0000000794b00000, 0x00000007c0000000)
  eden space 652288K, 93% used [0x000000076b800000,0x0000000790ccbac0,0x0000000793500000)
  from space 10752K, 1% used [0x0000000794080000,0x00000007940a8000,0x0000000794b00000)
  to   space 11264K, 0% used [0x0000000793500000,0x0000000793500000,0x0000000794000000)
 ParOldGen       total 173568K, used 26848K [0x00000006c2800000, 0x00000006cd180000, 0x000000076b800000)
  object space 173568K, 15% used [0x00000006c2800000,0x00000006c4238240,0x00000006cd180000)
 Metaspace       used 8247K, capacity 8646K, committed 8960K, reserved 1056768K
  class space    used 655K, capacity 690K, committed 768K, reserved 1048576K
GC Heap History (10 events):
Event: 0.943 GC heap before
{Heap before GC invocations=8 (full 0):
 PSYoungGen      total 132096K, used 131189K [0x000000076b800000, 0x000000077ba00000, 0x00000007c0000000)
  eden space 130048K, 100% used [0x000000076b800000,0x0000000773700000,0x0000000773700000)
  from space 2048K, 55% used [0x0000000773700000,0x000000077381d7c0,0x0000000773900000)
  to   space 2048K, 0% used [0x000000077b800000,0x000000077b800000,0x000000077ba00000)
 ParOldGen       total 173568K, used 668K [0x00000006c2800000, 0x00000006cd180000, 0x000000076b800000)
  object space 173568K, 0% used [0x00000006c2800000,0x00000006c28a7060,0x00000006cd180000)
 Metaspace       used 7699K, capacity 8294K, committed 8448K, reserved 1056768K
  class space    used 615K, capacity 658K, committed 768K, reserved 1048576K
Event: 0.945 GC heap after
Heap after GC invocations=8 (full 0):
 PSYoungGen      total 262144K, used 800K [0x000000076b800000, 0x000000077ba00000, 0x00000007c0000000)
  eden space 260096K, 0% used [0x000000076b800000,0x000000076b800000,0x000000077b600000)
  from space 2048K, 39% used [0x000000077b800000,0x000000077b8c80c0,0x000000077ba00000)
  to   space 2048K, 0% used [0x000000077b600000,0x000000077b600000,0x000000077b800000)
 ParOldGen       total 173568K, used 876K [0x00000006c2800000, 0x00000006cd180000, 0x000000076b800000)
  object space 173568K, 0% used [0x00000006c2800000,0x00000006c28db060,0x00000006cd180000)
 Metaspace       used 7699K, capacity 8294K, committed 8448K, reserved 1056768K
  class space    used 615K, capacity 658K, committed 768K, reserved 1048576K
}
Event: 1.254 GC heap before
{Heap before GC invocations=9 (full 0):
 PSYoungGen      total 262144K, used 260896K [0x000000076b800000, 0x000000077ba00000, 0x00000007c0000000)
  eden space 260096K, 100% used [0x000000076b800000,0x000000077b600000,0x000000077b600000)
  from space 2048K, 39% used [0x000000077b800000,0x000000077b8c80c0,0x000000077ba00000)
  to   space 2048K, 0% used [0x000000077b600000,0x000000077b600000,0x000000077b800000)
 ParOldGen       total 173568K, used 876K [0x00000006c2800000, 0x00000006cd180000, 0x000000076b800000)
  object space 173568K, 0% used [0x00000006c2800000,0x00000006c28db060,0x00000006cd180000)
 Metaspace       used 8177K, capacity 8550K, committed 8704K, reserved 1056768K
  class space    used 651K, capacity 658K, committed 768K, reserved 1048576K
Event: 1.259 GC heap after
Heap after GC invocations=9 (full 0):
 PSYoungGen      total 262144K, used 2047K [0x000000076b800000, 0x0000000785480000, 0x00000007c0000000)
  eden space 260096K, 0% used [0x000000076b800000,0x000000076b800000,0x000000077b600000)
  from space 2048K, 99% used [0x000000077b600000,0x000000077b7ffde0,0x000000077b800000)
  to   space 3072K, 0% used [0x0000000785180000,0x0000000785180000,0x0000000785480000)
 ParOldGen       total 173568K, used 3564K [0x00000006c2800000, 0x00000006cd180000, 0x000000076b800000)
  object space 173568K, 2% used [0x00000006c2800000,0x00000006c2b7b230,0x00000006cd180000)
 Metaspace       used 8177K, capacity 8550K, committed 8704K, reserved 1056768K
  class space    used 651K, capacity 658K, committed 768K, reserved 1048576K
}
Event: 1.386 GC heap before
{Heap before GC invocations=10 (full 0):
 PSYoungGen      total 262144K, used 262143K [0x000000076b800000, 0x0000000785480000, 0x00000007c0000000)
  eden space 260096K, 100% used [0x000000076b800000,0x000000077b600000,0x000000077b600000)
  from space 2048K, 99% used [0x000000077b600000,0x000000077b7ffde0,0x000000077b800000)
  to   space 3072K, 0% used [0x0000000785180000,0x0000000785180000,0x0000000785480000)
 ParOldGen       total 173568K, used 3564K [0x00000006c2800000, 0x00000006cd180000, 0x000000076b800000)
  object space 173568K, 2% used [0x00000006c2800000,0x00000006c2b7b230,0x00000006cd180000)
 Metaspace       used 8191K, capacity 8582K, committed 8704K, reserved 1056768K
  class space    used 652K, capacity 690K, committed 768K, reserved 1048576K
Event: 1.403 GC heap after
Heap after GC invocations=10 (full 0):
 PSYoungGen      total 410624K, used 3040K [0x000000076b800000, 0x0000000786580000, 0x00000007c0000000)
  eden space 407552K, 0% used [0x000000076b800000,0x000000076b800000,0x0000000784600000)
  from space 3072K, 98% used [0x0000000785180000,0x0000000785478288,0x0000000785480000)
  to   space 11776K, 0% used [0x0000000784600000,0x0000000784600000,0x0000000785180000)
 ParOldGen       total 173568K, used 25368K [0x00000006c2800000, 0x00000006cd180000, 0x000000076b800000)
  object space 173568K, 14% used [0x00000006c2800000,0x00000006c40c6240,0x00000006cd180000)
 Metaspace       used 8191K, capacity 8582K, committed 8704K, reserved 1056768K
  class space    used 652K, capacity 690K, committed 768K, reserved 1048576K
}
Event: 1.784 GC heap before
{Heap before GC invocations=11 (full 0):
 PSYoungGen      total 410624K, used 410592K [0x000000076b800000, 0x0000000786580000, 0x00000007c0000000)
  eden space 407552K, 100% used [0x000000076b800000,0x0000000784600000,0x0000000784600000)
  from space 3072K, 98% used [0x0000000785180000,0x0000000785478288,0x0000000785480000)
  to   space 11776K, 0% used [0x0000000784600000,0x0000000784600000,0x0000000785180000)
 ParOldGen       total 173568K, used 25368K [0x00000006c2800000, 0x00000006cd180000, 0x000000076b800000)
  object space 173568K, 14% used [0x00000006c2800000,0x00000006c40c6240,0x00000006cd180000)
 Metaspace       used 8242K, capacity 8646K, committed 8960K, reserved 1056768K
  class space    used 655K, capacity 690K, committed 768K, reserved 1048576K
Event: 1.787 GC heap after
Heap after GC invocations=11 (full 0):
 PSYoungGen      total 419328K, used 544K [0x000000076b800000, 0x0000000794c00000, 0x00000007c0000000)
  eden space 407552K, 0% used [0x000000076b800000,0x000000076b800000,0x0000000784600000)
  from space 11776K, 4% used [0x0000000784600000,0x0000000784688000,0x0000000785180000)
  to   space 11776K, 0% used [0x0000000794080000,0x0000000794080000,0x0000000794c00000)
 ParOldGen       total 173568K, used 26504K [0x00000006c2800000, 0x00000006cd180000, 0x000000076b800000)
  object space 173568K, 15% used [0x00000006c2800000,0x00000006c41e2240,0x00000006cd180000)
 Metaspace       used 8242K, capacity 8646K, committed 8960K, reserved 1056768K
  class space    used 655K, capacity 690K, committed 768K, reserved 1048576K
}
Event: 2.264 GC heap before
{Heap before GC invocations=12 (full 0):
 PSYoungGen      total 419328K, used 408096K [0x000000076b800000, 0x0000000794c00000, 0x00000007c0000000)
  eden space 407552K, 100% used [0x000000076b800000,0x0000000784600000,0x0000000784600000)
  from space 11776K, 4% used [0x0000000784600000,0x0000000784688000,0x0000000785180000)
  to   space 11776K, 0% used [0x0000000794080000,0x0000000794080000,0x0000000794c00000)
 ParOldGen       total 173568K, used 26504K [0x00000006c2800000, 0x00000006cd180000, 0x000000076b800000)
  object space 173568K, 15% used [0x00000006c2800000,0x00000006c41e2240,0x00000006cd180000)
 Metaspace       used 8244K, capacity 8646K, committed 8960K, reserved 1056768K
  class space    used 655K, capacity 690K, committed 768K, reserved 1048576K
Event: 2.265 GC heap after
Heap after GC invocations=12 (full 0):
 PSYoungGen      total 663040K, used 160K [0x000000076b800000, 0x0000000794b00000, 0x00000007c0000000)
  eden space 652288K, 0% used [0x000000076b800000,0x000000076b800000,0x0000000793500000)
  from space 10752K, 1% used [0x0000000794080000,0x00000007940a8000,0x0000000794b00000)
  to   space 11264K, 0% used [0x0000000793500000,0x0000000793500000,0x0000000794000000)
 ParOldGen       total 173568K, used 26848K [0x00000006c2800000, 0x00000006cd180000, 0x000000076b800000)
  object space 173568K, 15% used [0x00000006c2800000,0x00000006c4238240,0x00000006cd180000)
 Metaspace       used 8244K, capacity 8646K, committed 8960K, reserved 1056768K
  class space    used 655K, capacity 690K, committed 768K, reserved 1048576K
}

