# JRE version: Java(TM) SE Runtime Environment (8.0_65-b17) (build 1.8.0_65-b17)
# Java VM: Java HotSpot(TM) 64-Bit Server VM (25.65-b01 mixed mode windows-amd64 compressed oops)
Heap:
 PSYoungGen      total 158720K, used 55059K [0x000000076b800000, 0x00000007b8280000, 0x00000007c0000000)
  eden space 158208K, 34% used [0x000000076b800000,0x000000076eda4db8,0x0000000775280000)
  from space 512K, 25% used [0x00000007b8180000,0x00000007b81a0000,0x00000007b8200000)
  to   space 512K, 0% used [0x00000007b8200000,0x00000007b8200000,0x00000007b8280000)
 ParOldGen       total 173568K, used 17653K [0x00000006c2800000, 0x00000006cd180000, 0x000000076b800000)
  object space 173568K, 10% used [0x00000006c2800000,0x00000006c393d5a8,0x00000006cd180000)
 Metaspace       used 8401K, capacity 8774K, committed 8960K, reserved 1056768K
  class space    used 662K, capacity 690K, committed 768K, reserved 1048576K
GC Heap History (10 events):
Event: 14.391 GC heap before
{Heap before GC invocations=57 (full 0):
 PSYoungGen      total 189952K, used 189664K [0x000000076b800000, 0x00000007b8300000, 0x00000007c0000000)
  eden space 189440K, 100% used [0x000000076b800000,0x0000000777100000,0x0000000777100000)
  from space 512K, 43% used [0x00000007b8280000,0x00000007b82b8000,0x00000007b8300000)
  to   space 1024K, 0% used [0x00000007b8100000,0x00000007b8100000,0x00000007b8200000)
 ParOldGen       total 173568K, used 17653K [0x00000006c2800000, 0x00000006cd180000, 0x000000076b800000)
  object space 173568K, 10% used [0x00000006c2800000,0x00000006c393d5a8,0x00000006cd180000)
 Metaspace       used 8400K, capacity 8774K, committed 8960K, reserved 1056768K
  class space    used 662K, capacity 690K, committed 768K, reserved 1048576K
Event: 14.391 GC heap after
Heap after GC invocations=57 (full 0):
 PSYoungGen      total 183808K, used 160K [0x000000076b800000, 0x00000007b8300000, 0x00000007c0000000)
  eden space 182784K, 0% used [0x000000076b800000,0x000000076b800000,0x0000000776a80000)
  from space 1024K, 15% used [0x00000007b8100000,0x00000007b8128000,0x00000007b8200000)
  to   space 1024K, 0% used [0x00000007b8200000,0x00000007b8200000,0x00000007b8300000)
 ParOldGen       total 173568K, used 17653K [0x00000006c2800000, 0x00000006cd180000, 0x000000076b800000)
  object space 173568K, 10% used [0x00000006c2800000,0x00000006c393d5a8,0x00000006cd180000)
 Metaspace       used 8400K, capacity 8774K, committed 8960K, reserved 1056768K
  class space    used 662K, capacity 690K, committed 768K, reserved 1048576K
}
Event: 14.472 GC heap before
{Heap before GC invocations=58 (full 0):
 PSYoungGen      total 183808K, used 182944K [0x000000076b800000, 0x00000007b8300000, 0x00000007c0000000)
  eden space 182784K, 100% used [0x000000076b800000,0x0000000776a80000,0x0000000776a80000)
  from space 1024K, 15% used [0x00000007b8100000,0x00000007b8128000,0x00000007b8200000)
  to   space 1024K, 0% used [0x00000007b8200000,0x00000007b8200000,0x00000007b8300000)
 ParOldGen       total 173568K, used 17653K [0x00000006c2800000, 0x00000006cd180000, 0x000000076b800000)
  object space 173568K, 10% used [0x00000006c2800000,0x00000006c393d5a8,0x00000006cd180000)
 Metaspace       used 8400K, capacity 8774K, committed 8960K, reserved 1056768K
  class space    used 662K, capacity 690K, committed 768K, reserved 1048576K
Event: 14.473 GC heap after
Heap after GC invocations=58 (full 0):
 PSYoungGen      total 176640K, used 224K [0x000000076b800000, 0x00000007b8280000, 0x00000007c0000000)
  eden space 176128K, 0% used [0x000000076b800000,0x000000076b800000,0x0000000776400000)
  from space 512K, 43% used [0x00000007b8200000,0x00000007b8238000,0x00000007b8280000)
  to   space 1024K, 0% used [0x00000007b8080000,0x00000007b8080000,0x00000007b8180000)
 ParOldGen       total 173568K, used 17653K [0x00000006c2800000, 0x00000006cd180000, 0x000000076b800000)
  object space 173568K, 10% used [0x00000006c2800000,0x00000006c393d5a8,0x00000006cd180000)
 Metaspace       used 8400K, capacity 8774K, committed 8960K, reserved 1056768K
  class space    used 662K, capacity 690K, committed 768K, reserved 1048576K
}
Event: 14.550 GC heap before
{Heap before GC invocations=59 (full 0):
 PSYoungGen      total 176640K, used 176352K [0x000000076b800000, 0x00000007b8280000, 0x00000007c0000000)
  eden space 176128K, 100% used [0x000000076b800000,0x0000000776400000,0x0000000776400000)
  from space 512K, 43% used [0x00000007b8200000,0x00000007b8238000,0x00000007b8280000)
  to   space 1024K, 0% used [0x00000007b8080000,0x00000007b8080000,0x00000007b8180000)
 ParOldGen       total 173568K, used 17653K [0x00000006c2800000, 0x00000006cd180000, 0x000000076b800000)
  object space 173568K, 10% used [0x00000006c2800000,0x00000006c393d5a8,0x00000006cd180000)
 Metaspace       used 8400K, capacity 8774K, committed 8960K, reserved 1056768K
  class space    used 662K, capacity 690K, committed 768K, reserved 1048576K
Event: 14.550 GC heap after
Heap after GC invocations=59 (full 0):
 PSYoungGen      total 171008K, used 224K [0x000000076b800000, 0x00000007b8280000, 0x00000007c0000000)
  eden space 169984K, 0% used [0x000000076b800000,0x000000076b800000,0x0000000775e00000)
  from space 1024K, 21% used [0x00000007b8080000,0x00000007b80b8000,0x00000007b8180000)
  to   space 512K, 0% used [0x00000007b8200000,0x00000007b8200000,0x00000007b8280000)
 ParOldGen       total 173568K, used 17653K [0x00000006c2800000, 0x00000006cd180000, 0x000000076b800000)
  object space 173568K, 10% used [0x00000006c2800000,0x00000006c393d5a8,0x00000006cd180000)
 Metaspace       used 8400K, capacity 8774K, committed 8960K, reserved 1056768K
  class space    used 662K, capacity 690K, committed 768K, reserved 1048576K
}
Event: 14.625 GC heap before
{Heap before GC invocations=60 (full 0):
 PSYoungGen      total 171008K, used 170208K [0x000000076b800000, 0x00000007b8280000, 0x00000007c0000000)
  eden space 169984K, 100% used [0x000000076b800000,0x0000000775e00000,0x0000000775e00000)
  from space 1024K, 21% used [0x00000007b8080000,0x00000007b80b8000,0x00000007b8180000)
  to   space 512K, 0% used [0x00000007b8200000,0x00000007b8200000,0x00000007b8280000)
 ParOldGen       total 173568K, used 17653K [0x00000006c2800000, 0x00000006cd180000, 0x000000076b800000)
  object space 173568K, 10% used [0x00000006c2800000,0x00000006c393d5a8,0x00000006cd180000)
 Metaspace       used 8400K, capacity 8774K, committed 8960K, reserved 1056768K
  class space    used 662K, capacity 690K, committed 768K, reserved 1048576K
Event: 14.626 GC heap after
Heap after GC invocations=60 (full 0):
 PSYoungGen      total 164352K, used 224K [0x000000076b800000, 0x00000007b8280000, 0x00000007c0000000)
  eden space 163840K, 0% used [0x000000076b800000,0x000000076b800000,0x0000000775800000)
  from space 512K, 43% used [0x00000007b8200000,0x00000007b8238000,0x00000007b8280000)
  to   space 512K, 0% used [0x00000007b8180000,0x00000007b8180000,0x00000007b8200000)
 ParOldGen       total 173568K, used 17653K [0x00000006c2800000, 0x00000006cd180000, 0x000000076b800000)
  object space 173568K, 10% used [0x00000006c2800000,0x00000006c393d5a8,0x00000006cd180000)
 Metaspace       used 8400K, capacity 8774K, committed 8960K, reserved 1056768K
  class space    used 662K, capacity 690K, committed 768K, reserved 1048576K
}
Event: 14.704 GC heap before
{Heap before GC invocations=61 (full 0):
 PSYoungGen      total 164352K, used 164064K [0x000000076b800000, 0x00000007b8280000, 0x00000007c0000000)
  eden space 163840K, 100% used [0x000000076b800000,0x0000000775800000,0x0000000775800000)
  from space 512K, 43% used [0x00000007b8200000,0x00000007b8238000,0x00000007b8280000)
  to   space 512K, 0% used [0x00000007b8180000,0x00000007b8180000,0x00000007b8200000)
 ParOldGen       total 173568K, used 17653K [0x00000006c2800000, 0x00000006cd180000, 0x000000076b800000)
  object space 173568K, 10% used [0x00000006c2800000,0x00000006c393d5a8,0x00000006cd180000)
 Metaspace       used 8401K, capacity 8774K, committed 8960K, reserved 1056768K
  class space    used 662K, capacity 690K, committed 768K, reserved 1048576K
Event: 14.705 GC heap after
Heap after GC invocations=61 (full 0):
 PSYoungGen      total 158720K, used 128K [0x000000076b800000, 0x00000007b8280000, 0x00000007c0000000)
  eden space 158208K, 0% used [0x000000076b800000,0x000000076b800000,0x0000000775280000)
  from space 512K, 25% used [0x00000007b8180000,0x00000007b81a0000,0x00000007b8200000)
  to   space 512K, 0% used [0x00000007b8200000,0x00000007b8200000,0x00000007b8280000)
 ParOldGen       total 173568K, used 17653K [0x00000006c2800000, 0x00000006cd180000, 0x000000076b800000)
  object space 173568K, 10% used [0x00000006c2800000,0x00000006c393d5a8,0x00000006cd180000)
 Metaspace       used 8401K, capacity 8774K, committed 8960K, reserved 1056768K
  class space    used 662K, capacity 690K, committed 768K, reserved 1048576K
}

