# JRE version: Java(TM) SE Runtime Environment (8.0_65-b17) (build 1.8.0_65-b17)
# Java VM: Java HotSpot(TM) 64-Bit Server VM (25.65-b01 mixed mode windows-amd64 compressed oops)
Heap:
 PSYoungGen      total 184832K, used 46293K [0x000000076b800000, 0x000000078af00000, 0x00000007c0000000)
  eden space 184320K, 25% used [0x000000076b800000,0x000000076e5155f8,0x0000000776c00000)
  from space 512K, 25% used [0x000000078ae80000,0x000000078aea0000,0x000000078af00000)
  to   space 2560K, 0% used [0x000000078aa00000,0x000000078aa00000,0x000000078ac80000)
 ParOldGen       total 173568K, used 1360K [0x00000006c2800000, 0x00000006cd180000, 0x000000076b800000)
  object space 173568K, 0% used [0x00000006c2800000,0x00000006c2954278,0x00000006cd180000)
 Metaspace       used 8171K, capacity 8646K, committed 8960K, reserved 1056768K
  class space    used 654K, capacity 690K, committed 768K, reserved 1048576K
GC Heap History (10 events):
Event: 1.830 GC heap before
{Heap before GC invocations=12 (full 0):
 PSYoungGen      total 224768K, used 222400K [0x000000076b800000, 0x000000078b500000, 0x00000007c0000000)
  eden space 222208K, 100% used [0x000000076b800000,0x0000000779100000,0x0000000779100000)
  from space 2560K, 7% used [0x000000078b000000,0x000000078b030000,0x000000078b280000)
  to   space 2560K, 0% used [0x000000078b280000,0x000000078b280000,0x000000078b500000)
 ParOldGen       total 173568K, used 1312K [0x00000006c2800000, 0x00000006cd180000, 0x000000076b800000)
  object space 173568K, 0% used [0x00000006c2800000,0x00000006c2948278,0x00000006cd180000)
 Metaspace       used 8162K, capacity 8646K, committed 8960K, reserved 1056768K
  class space    used 654K, capacity 690K, committed 768K, reserved 1048576K
Event: 1.831 GC heap after
Heap after GC invocations=12 (full 0):
 PSYoungGen      total 214528K, used 192K [0x000000076b800000, 0x000000078b300000, 0x00000007c0000000)
  eden space 214016K, 0% used [0x000000076b800000,0x000000076b800000,0x0000000778900000)
  from space 512K, 37% used [0x000000078b280000,0x000000078b2b0000,0x000000078b300000)
  to   space 2560K, 0% used [0x000000078ae00000,0x000000078ae00000,0x000000078b080000)
 ParOldGen       total 173568K, used 1320K [0x00000006c2800000, 0x00000006cd180000, 0x000000076b800000)
  object space 173568K, 0% used [0x00000006c2800000,0x00000006c294a278,0x00000006cd180000)
 Metaspace       used 8162K, capacity 8646K, committed 8960K, reserved 1056768K
  class space    used 654K, capacity 690K, committed 768K, reserved 1048576K
}
Event: 1.987 GC heap before
{Heap before GC invocations=13 (full 0):
 PSYoungGen      total 214528K, used 214208K [0x000000076b800000, 0x000000078b300000, 0x00000007c0000000)
  eden space 214016K, 100% used [0x000000076b800000,0x0000000778900000,0x0000000778900000)
  from space 512K, 37% used [0x000000078b280000,0x000000078b2b0000,0x000000078b300000)
  to   space 2560K, 0% used [0x000000078ae00000,0x000000078ae00000,0x000000078b080000)
 ParOldGen       total 173568K, used 1320K [0x00000006c2800000, 0x00000006cd180000, 0x000000076b800000)
  object space 173568K, 0% used [0x00000006c2800000,0x00000006c294a278,0x00000006cd180000)
 Metaspace       used 8162K, capacity 8646K, committed 8960K, reserved 1056768K
  class space    used 654K, capacity 690K, committed 768K, reserved 1048576K
Event: 1.988 GC heap after
Heap after GC invocations=13 (full 0):
 PSYoungGen      total 208384K, used 96K [0x000000076b800000, 0x000000078b300000, 0x00000007c0000000)
  eden space 205824K, 0% used [0x000000076b800000,0x000000076b800000,0x0000000778100000)
  from space 2560K, 3% used [0x000000078ae00000,0x000000078ae18000,0x000000078b080000)
  to   space 2560K, 0% used [0x000000078b080000,0x000000078b080000,0x000000078b300000)
 ParOldGen       total 173568K, used 1360K [0x00000006c2800000, 0x00000006cd180000, 0x000000076b800000)
  object space 173568K, 0% used [0x00000006c2800000,0x00000006c2954278,0x00000006cd180000)
 Metaspace       used 8162K, capacity 8646K, committed 8960K, reserved 1056768K
  class space    used 654K, capacity 690K, committed 768K, reserved 1048576K
}
Event: 2.137 GC heap before
{Heap before GC invocations=14 (full 0):
 PSYoungGen      total 208384K, used 205920K [0x000000076b800000, 0x000000078b300000, 0x00000007c0000000)
  eden space 205824K, 100% used [0x000000076b800000,0x0000000778100000,0x0000000778100000)
  from space 2560K, 3% used [0x000000078ae00000,0x000000078ae18000,0x000000078b080000)
  to   space 2560K, 0% used [0x000000078b080000,0x000000078b080000,0x000000078b300000)
 ParOldGen       total 173568K, used 1360K [0x00000006c2800000, 0x00000006cd180000, 0x000000076b800000)
  object space 173568K, 0% used [0x00000006c2800000,0x00000006c2954278,0x00000006cd180000)
 Metaspace       used 8164K, capacity 8646K, committed 8960K, reserved 1056768K
  class space    used 654K, capacity 690K, committed 768K, reserved 1048576K
Event: 2.137 GC heap after
Heap after GC invocations=14 (full 0):
 PSYoungGen      total 198656K, used 160K [0x000000076b800000, 0x000000078b100000, 0x00000007c0000000)
  eden space 198144K, 0% used [0x000000076b800000,0x000000076b800000,0x0000000777980000)
  from space 512K, 31% used [0x000000078b080000,0x000000078b0a8000,0x000000078b100000)
  to   space 2560K, 0% used [0x000000078ac00000,0x000000078ac00000,0x000000078ae80000)
 ParOldGen       total 173568K, used 1360K [0x00000006c2800000, 0x00000006cd180000, 0x000000076b800000)
  object space 173568K, 0% used [0x00000006c2800000,0x00000006c2954278,0x00000006cd180000)
 Metaspace       used 8164K, capacity 8646K, committed 8960K, reserved 1056768K
  class space    used 654K, capacity 690K, committed 768K, reserved 1048576K
}
Event: 2.339 GC heap before
{Heap before GC invocations=15 (full 0):
 PSYoungGen      total 198656K, used 198304K [0x000000076b800000, 0x000000078b100000, 0x00000007c0000000)
  eden space 198144K, 100% used [0x000000076b800000,0x0000000777980000,0x0000000777980000)
  from space 512K, 31% used [0x000000078b080000,0x000000078b0a8000,0x000000078b100000)
  to   space 2560K, 0% used [0x000000078ac00000,0x000000078ac00000,0x000000078ae80000)
 ParOldGen       total 173568K, used 1360K [0x00000006c2800000, 0x00000006cd180000, 0x000000076b800000)
  object space 173568K, 0% used [0x00000006c2800000,0x00000006c2954278,0x00000006cd180000)
 Metaspace       used 8167K, capacity 8646K, committed 8960K, reserved 1056768K
  class space    used 654K, capacity 690K, committed 768K, reserved 1048576K
Event: 2.340 GC heap after
Heap after GC invocations=15 (full 0):
 PSYoungGen      total 193536K, used 224K [0x000000076b800000, 0x000000078b100000, 0x00000007c0000000)
  eden space 190976K, 0% used [0x000000076b800000,0x000000076b800000,0x0000000777280000)
  from space 2560K, 8% used [0x000000078ac00000,0x000000078ac38000,0x000000078ae80000)
  to   space 2560K, 0% used [0x000000078ae80000,0x000000078ae80000,0x000000078b100000)
 ParOldGen       total 173568K, used 1360K [0x00000006c2800000, 0x00000006cd180000, 0x000000076b800000)
  object space 173568K, 0% used [0x00000006c2800000,0x00000006c2954278,0x00000006cd180000)
 Metaspace       used 8167K, capacity 8646K, committed 8960K, reserved 1056768K
  class space    used 654K, capacity 690K, committed 768K, reserved 1048576K
}
Event: 2.478 GC heap before
{Heap before GC invocations=16 (full 0):
 PSYoungGen      total 193536K, used 191200K [0x000000076b800000, 0x000000078b100000, 0x00000007c0000000)
  eden space 190976K, 100% used [0x000000076b800000,0x0000000777280000,0x0000000777280000)
  from space 2560K, 8% used [0x000000078ac00000,0x000000078ac38000,0x000000078ae80000)
  to   space 2560K, 0% used [0x000000078ae80000,0x000000078ae80000,0x000000078b100000)
 ParOldGen       total 173568K, used 1360K [0x00000006c2800000, 0x00000006cd180000, 0x000000076b800000)
  object space 173568K, 0% used [0x00000006c2800000,0x00000006c2954278,0x00000006cd180000)
 Metaspace       used 8171K, capacity 8646K, committed 8960K, reserved 1056768K
  class space    used 654K, capacity 690K, committed 768K, reserved 1048576K
Event: 2.478 GC heap after
Heap after GC invocations=16 (full 0):
 PSYoungGen      total 184832K, used 128K [0x000000076b800000, 0x000000078af00000, 0x00000007c0000000)
  eden space 184320K, 0% used [0x000000076b800000,0x000000076b800000,0x0000000776c00000)
  from space 512K, 25% used [0x000000078ae80000,0x000000078aea0000,0x000000078af00000)
  to   space 2560K, 0% used [0x000000078aa00000,0x000000078aa00000,0x000000078ac80000)
 ParOldGen       total 173568K, used 1360K [0x00000006c2800000, 0x00000006cd180000, 0x000000076b800000)
  object space 173568K, 0% used [0x00000006c2800000,0x00000006c2954278,0x00000006cd180000)
 Metaspace       used 8171K, capacity 8646K, committed 8960K, reserved 1056768K
  class space    used 654K, capacity 690K, committed 768K, reserved 1048576K
}

