# JRE version: Java(TM) SE Runtime Environment (8.0_65-b17) (build 1.8.0_65-b17)
# Java VM: Java HotSpot(TM) 64-Bit Server VM (25.65-b01 mixed mode windows-amd64 compressed oops)
Heap:
 PSYoungGen      total 529920K, used 21253K [0x000000076b800000, 0x00000007ac400000, 0x00000007c0000000)
  eden space 529408K, 3% used [0x000000076b800000,0x000000076cc91778,0x000000078bd00000)
  from space 512K, 37% used [0x00000007ac380000,0x00000007ac3b0000,0x00000007ac400000)
  to   space 6144K, 0% used [0x00000007ab800000,0x00000007ab800000,0x00000007abe00000)
 ParOldGen       total 173568K, used 11844K [0x00000006c2800000, 0x00000006cd180000, 0x000000076b800000)
  object space 173568K, 6% used [0x00000006c2800000,0x00000006c3391050,0x00000006cd180000)
 Metaspace       used 8375K, capacity 8774K, committed 8960K, reserved 1056768K
  class space    used 661K, capacity 690K, committed 768K, reserved 1048576K
GC Heap History (10 events):
Event: 2.540 GC heap before
{Heap before GC invocations=13 (full 0):
 PSYoungGen      total 673280K, used 665824K [0x000000076b800000, 0x0000000795100000, 0x00000007c0000000)
  eden space 665600K, 100% used [0x000000076b800000,0x0000000794200000,0x0000000794200000)
  from space 7680K, 2% used [0x0000000794980000,0x00000007949b8000,0x0000000795100000)
  to   space 7680K, 0% used [0x0000000794200000,0x0000000794200000,0x0000000794980000)
 ParOldGen       total 173568K, used 11780K [0x00000006c2800000, 0x00000006cd180000, 0x000000076b800000)
  object space 173568K, 6% used [0x00000006c2800000,0x00000006c3381050,0x00000006cd180000)
 Metaspace       used 8360K, capacity 8774K, committed 8960K, reserved 1056768K
  class space    used 661K, capacity 690K, committed 768K, reserved 1048576K
Event: 2.541 GC heap after
Heap after GC invocations=13 (full 0):
 PSYoungGen      total 673280K, used 224K [0x000000076b800000, 0x00000007ad600000, 0x00000007c0000000)
  eden space 665600K, 0% used [0x000000076b800000,0x000000076b800000,0x0000000794200000)
  from space 7680K, 2% used [0x0000000794200000,0x0000000794238000,0x0000000794980000)
  to   space 7168K, 0% used [0x00000007acf00000,0x00000007acf00000,0x00000007ad600000)
 ParOldGen       total 173568K, used 11788K [0x00000006c2800000, 0x00000006cd180000, 0x000000076b800000)
  object space 173568K, 6% used [0x00000006c2800000,0x00000006c3383050,0x00000006cd180000)
 Metaspace       used 8360K, capacity 8774K, committed 8960K, reserved 1056768K
  class space    used 661K, capacity 690K, committed 768K, reserved 1048576K
}
Event: 3.055 GC heap before
{Heap before GC invocations=14 (full 0):
 PSYoungGen      total 673280K, used 665824K [0x000000076b800000, 0x00000007ad600000, 0x00000007c0000000)
  eden space 665600K, 100% used [0x000000076b800000,0x0000000794200000,0x0000000794200000)
  from space 7680K, 2% used [0x0000000794200000,0x0000000794238000,0x0000000794980000)
  to   space 7168K, 0% used [0x00000007acf00000,0x00000007acf00000,0x00000007ad600000)
 ParOldGen       total 173568K, used 11788K [0x00000006c2800000, 0x00000006cd180000, 0x000000076b800000)
  object space 173568K, 6% used [0x00000006c2800000,0x00000006c3383050,0x00000006cd180000)
 Metaspace       used 8363K, capacity 8774K, committed 8960K, reserved 1056768K
  class space    used 661K, capacity 690K, committed 768K, reserved 1048576K
Event: 3.056 GC heap after
Heap after GC invocations=14 (full 0):
 PSYoungGen      total 635904K, used 224K [0x000000076b800000, 0x00000007acf80000, 0x00000007c0000000)
  eden space 635392K, 0% used [0x000000076b800000,0x000000076b800000,0x0000000792480000)
  from space 512K, 43% used [0x00000007acf00000,0x00000007acf38000,0x00000007acf80000)
  to   space 7168K, 0% used [0x00000007ac180000,0x00000007ac180000,0x00000007ac880000)
 ParOldGen       total 173568K, used 11788K [0x00000006c2800000, 0x00000006cd180000, 0x000000076b800000)
  object space 173568K, 6% used [0x00000006c2800000,0x00000006c3383050,0x00000006cd180000)
 Metaspace       used 8363K, capacity 8774K, committed 8960K, reserved 1056768K
  class space    used 661K, capacity 690K, committed 768K, reserved 1048576K
}
Event: 3.572 GC heap before
{Heap before GC invocations=15 (full 0):
 PSYoungGen      total 635904K, used 635616K [0x000000076b800000, 0x00000007acf80000, 0x00000007c0000000)
  eden space 635392K, 100% used [0x000000076b800000,0x0000000792480000,0x0000000792480000)
  from space 512K, 43% used [0x00000007acf00000,0x00000007acf38000,0x00000007acf80000)
  to   space 7168K, 0% used [0x00000007ac180000,0x00000007ac180000,0x00000007ac880000)
 ParOldGen       total 173568K, used 11788K [0x00000006c2800000, 0x00000006cd180000, 0x000000076b800000)
  object space 173568K, 6% used [0x00000006c2800000,0x00000006c3383050,0x00000006cd180000)
 Metaspace       used 8372K, capacity 8774K, committed 8960K, reserved 1056768K
  class space    used 661K, capacity 690K, committed 768K, reserved 1048576K
Event: 3.572 GC heap after
Heap after GC invocations=15 (full 0):
 PSYoungGen      total 613888K, used 224K [0x000000076b800000, 0x00000007acf80000, 0x00000007c0000000)
  eden space 606720K, 0% used [0x000000076b800000,0x000000076b800000,0x0000000790880000)
  from space 7168K, 3% used [0x00000007ac180000,0x00000007ac1b8000,0x00000007ac880000)
  to   space 6656K, 0% used [0x00000007ac900000,0x00000007ac900000,0x00000007acf80000)
 ParOldGen       total 173568K, used 11788K [0x00000006c2800000, 0x00000006cd180000, 0x000000076b800000)
  object space 173568K, 6% used [0x00000006c2800000,0x00000006c3383050,0x00000006cd180000)
 Metaspace       used 8372K, capacity 8774K, committed 8960K, reserved 1056768K
  class space    used 661K, capacity 690K, committed 768K, reserved 1048576K
}
Event: 4.095 GC heap before
{Heap before GC invocations=16 (full 0):
 PSYoungGen      total 613888K, used 606944K [0x000000076b800000, 0x00000007acf80000, 0x00000007c0000000)
  eden space 606720K, 100% used [0x000000076b800000,0x0000000790880000,0x0000000790880000)
  from space 7168K, 3% used [0x00000007ac180000,0x00000007ac1b8000,0x00000007ac880000)
  to   space 6656K, 0% used [0x00000007ac900000,0x00000007ac900000,0x00000007acf80000)
 ParOldGen       total 173568K, used 11788K [0x00000006c2800000, 0x00000006cd180000, 0x000000076b800000)
  object space 173568K, 6% used [0x00000006c2800000,0x00000006c3383050,0x00000006cd180000)
 Metaspace       used 8373K, capacity 8774K, committed 8960K, reserved 1056768K
  class space    used 661K, capacity 690K, committed 768K, reserved 1048576K
Event: 4.095 GC heap after
Heap after GC invocations=16 (full 0):
 PSYoungGen      total 580096K, used 224K [0x000000076b800000, 0x00000007ac980000, 0x00000007c0000000)
  eden space 579584K, 0% used [0x000000076b800000,0x000000076b800000,0x000000078ee00000)
  from space 512K, 43% used [0x00000007ac900000,0x00000007ac938000,0x00000007ac980000)
  to   space 6656K, 0% used [0x00000007abc80000,0x00000007abc80000,0x00000007ac300000)
 ParOldGen       total 173568K, used 11828K [0x00000006c2800000, 0x00000006cd180000, 0x000000076b800000)
  object space 173568K, 6% used [0x00000006c2800000,0x00000006c338d050,0x00000006cd180000)
 Metaspace       used 8373K, capacity 8774K, committed 8960K, reserved 1056768K
  class space    used 661K, capacity 690K, committed 768K, reserved 1048576K
}
Event: 4.575 GC heap before
{Heap before GC invocations=17 (full 0):
 PSYoungGen      total 580096K, used 579808K [0x000000076b800000, 0x00000007ac980000, 0x00000007c0000000)
  eden space 579584K, 100% used [0x000000076b800000,0x000000078ee00000,0x000000078ee00000)
  from space 512K, 43% used [0x00000007ac900000,0x00000007ac938000,0x00000007ac980000)
  to   space 6656K, 0% used [0x00000007abc80000,0x00000007abc80000,0x00000007ac300000)
 ParOldGen       total 173568K, used 11828K [0x00000006c2800000, 0x00000006cd180000, 0x000000076b800000)
  object space 173568K, 6% used [0x00000006c2800000,0x00000006c338d050,0x00000006cd180000)
 Metaspace       used 8373K, capacity 8774K, committed 8960K, reserved 1056768K
  class space    used 661K, capacity 690K, committed 768K, reserved 1048576K
Event: 4.575 GC heap after
Heap after GC invocations=17 (full 0):
 PSYoungGen      total 560640K, used 192K [0x000000076b800000, 0x00000007ac980000, 0x00000007c0000000)
  eden space 553984K, 0% used [0x000000076b800000,0x000000076b800000,0x000000078d500000)
  from space 6656K, 2% used [0x00000007abc80000,0x00000007abcb0000,0x00000007ac300000)
  to   space 6144K, 0% used [0x00000007ac380000,0x00000007ac380000,0x00000007ac980000)
 ParOldGen       total 173568K, used 11844K [0x00000006c2800000, 0x00000006cd180000, 0x000000076b800000)
  object space 173568K, 6% used [0x00000006c2800000,0x00000006c3391050,0x00000006cd180000)
 Metaspace       used 8373K, capacity 8774K, committed 8960K, reserved 1056768K
  class space    used 661K, capacity 690K, committed 768K, reserved 1048576K
}

