# JRE version: Java(TM) SE Runtime Environment (8.0_65-b17) (build 1.8.0_65-b17)
# Java VM: Java HotSpot(TM) 64-Bit Server VM (25.65-b01 mixed mode windows-amd64 compressed oops)
Heap:
 PSYoungGen      total 1323008K, used 117847K [0x000000076b800000, 0x00000007bcc80000, 0x00000007c0000000)
  eden space 1314304K, 8% used [0x000000076b800000,0x0000000772addf78,0x00000007bbb80000)
  from space 8704K, 2% used [0x00000007bc400000,0x00000007bc438000,0x00000007bcc80000)
  to   space 8704K, 0% used [0x00000007bbb80000,0x00000007bbb80000,0x00000007bc400000)
 ParOldGen       total 173568K, used 15743K [0x00000006c2800000, 0x00000006cd180000, 0x000000076b800000)
  object space 173568K, 9% used [0x00000006c2800000,0x00000006c375fda0,0x00000006cd180000)
 Metaspace       used 8305K, capacity 8710K, committed 8960K, reserved 1056768K
  class space    used 658K, capacity 690K, committed 768K, reserved 1048576K
GC Heap History (10 events):
Event: 1.165 GC heap before
{Heap before GC invocations=8 (full 0):
 PSYoungGen      total 261632K, used 261629K [0x000000076b800000, 0x000000078b900000, 0x00000007c0000000)
  eden space 259584K, 100% used [0x000000076b800000,0x000000077b580000,0x000000077b580000)
  from space 2048K, 99% used [0x000000077b580000,0x000000077b77f798,0x000000077b780000)
  to   space 3072K, 0% used [0x000000078b600000,0x000000078b600000,0x000000078b900000)
 ParOldGen       total 173568K, used 1655K [0x00000006c2800000, 0x00000006cd180000, 0x000000076b800000)
  object space 173568K, 0% used [0x00000006c2800000,0x00000006c299dda0,0x00000006cd180000)
 Metaspace       used 8208K, capacity 8646K, committed 8960K, reserved 1056768K
  class space    used 655K, capacity 690K, committed 768K, reserved 1048576K
Event: 1.176 GC heap after
Heap after GC invocations=8 (full 0):
 PSYoungGen      total 516096K, used 3048K [0x000000076b800000, 0x000000078c500000, 0x00000007c0000000)
  eden space 513024K, 0% used [0x000000076b800000,0x000000076b800000,0x000000078ad00000)
  from space 3072K, 99% used [0x000000078b600000,0x000000078b8fa1e0,0x000000078b900000)
  to   space 9216K, 0% used [0x000000078ad00000,0x000000078ad00000,0x000000078b600000)
 ParOldGen       total 173568K, used 14599K [0x00000006c2800000, 0x00000006cd180000, 0x000000076b800000)
  object space 173568K, 8% used [0x00000006c2800000,0x00000006c3641da0,0x00000006cd180000)
 Metaspace       used 8208K, capacity 8646K, committed 8960K, reserved 1056768K
  class space    used 655K, capacity 690K, committed 768K, reserved 1048576K
}
Event: 1.546 GC heap before
{Heap before GC invocations=9 (full 0):
 PSYoungGen      total 516096K, used 516072K [0x000000076b800000, 0x000000078c500000, 0x00000007c0000000)
  eden space 513024K, 100% used [0x000000076b800000,0x000000078ad00000,0x000000078ad00000)
  from space 3072K, 99% used [0x000000078b600000,0x000000078b8fa1e0,0x000000078b900000)
  to   space 9216K, 0% used [0x000000078ad00000,0x000000078ad00000,0x000000078b600000)
 ParOldGen       total 173568K, used 14599K [0x00000006c2800000, 0x00000006cd180000, 0x000000076b800000)
  object space 173568K, 8% used [0x00000006c2800000,0x00000006c3641da0,0x00000006cd180000)
 Metaspace       used 8264K, capacity 8646K, committed 8960K, reserved 1056768K
  class space    used 658K, capacity 690K, committed 768K, reserved 1048576K
Event: 1.549 GC heap after
Heap after GC invocations=9 (full 0):
 PSYoungGen      total 522240K, used 896K [0x000000076b800000, 0x000000079ec00000, 0x00000007c0000000)
  eden space 513024K, 0% used [0x000000076b800000,0x000000076b800000,0x000000078ad00000)
  from space 9216K, 9% used [0x000000078ad00000,0x000000078ade0000,0x000000078b600000)
  to   space 9216K, 0% used [0x000000079e300000,0x000000079e300000,0x000000079ec00000)
 ParOldGen       total 173568K, used 14911K [0x00000006c2800000, 0x00000006cd180000, 0x000000076b800000)
  object space 173568K, 8% used [0x00000006c2800000,0x00000006c368fda0,0x00000006cd180000)
 Metaspace       used 8264K, capacity 8646K, committed 8960K, reserved 1056768K
  class space    used 658K, capacity 690K, committed 768K, reserved 1048576K
}
Event: 1.923 GC heap before
{Heap before GC invocations=10 (full 0):
 PSYoungGen      total 522240K, used 513920K [0x000000076b800000, 0x000000079ec00000, 0x00000007c0000000)
  eden space 513024K, 100% used [0x000000076b800000,0x000000078ad00000,0x000000078ad00000)
  from space 9216K, 9% used [0x000000078ad00000,0x000000078ade0000,0x000000078b600000)
  to   space 9216K, 0% used [0x000000079e300000,0x000000079e300000,0x000000079ec00000)
 ParOldGen       total 173568K, used 14911K [0x00000006c2800000, 0x00000006cd180000, 0x000000076b800000)
  object space 173568K, 8% used [0x00000006c2800000,0x00000006c368fda0,0x00000006cd180000)
 Metaspace       used 8267K, capacity 8646K, committed 8960K, reserved 1056768K
  class space    used 658K, capacity 690K, committed 768K, reserved 1048576K
Event: 1.924 GC heap after
Heap after GC invocations=10 (full 0):
 PSYoungGen      total 830464K, used 224K [0x000000076b800000, 0x000000079ec00000, 0x00000007c0000000)
  eden space 821248K, 0% used [0x000000076b800000,0x000000076b800000,0x000000079da00000)
  from space 9216K, 2% used [0x000000079e300000,0x000000079e338000,0x000000079ec00000)
  to   space 9216K, 0% used [0x000000079da00000,0x000000079da00000,0x000000079e300000)
 ParOldGen       total 173568K, used 15663K [0x00000006c2800000, 0x00000006cd180000, 0x000000076b800000)
  object space 173568K, 9% used [0x00000006c2800000,0x00000006c374bda0,0x00000006cd180000)
 Metaspace       used 8267K, capacity 8646K, committed 8960K, reserved 1056768K
  class space    used 658K, capacity 690K, committed 768K, reserved 1048576K
}
Event: 2.547 GC heap before
{Heap before GC invocations=11 (full 0):
 PSYoungGen      total 830464K, used 821472K [0x000000076b800000, 0x000000079ec00000, 0x00000007c0000000)
  eden space 821248K, 100% used [0x000000076b800000,0x000000079da00000,0x000000079da00000)
  from space 9216K, 2% used [0x000000079e300000,0x000000079e338000,0x000000079ec00000)
  to   space 9216K, 0% used [0x000000079da00000,0x000000079da00000,0x000000079e300000)
 ParOldGen       total 173568K, used 15663K [0x00000006c2800000, 0x00000006cd180000, 0x000000076b800000)
  object space 173568K, 9% used [0x00000006c2800000,0x00000006c374bda0,0x00000006cd180000)
 Metaspace       used 8294K, capacity 8710K, committed 8960K, reserved 1056768K
  class space    used 658K, capacity 690K, committed 768K, reserved 1048576K
Event: 2.548 GC heap after
Heap after GC invocations=11 (full 0):
 PSYoungGen      total 830464K, used 224K [0x000000076b800000, 0x00000007bcc80000, 0x00000007c0000000)
  eden space 821248K, 0% used [0x000000076b800000,0x000000076b800000,0x000000079da00000)
  from space 9216K, 2% used [0x000000079da00000,0x000000079da38000,0x000000079e300000)
  to   space 8704K, 0% used [0x00000007bc400000,0x00000007bc400000,0x00000007bcc80000)
 ParOldGen       total 173568K, used 15719K [0x00000006c2800000, 0x00000006cd180000, 0x000000076b800000)
  object space 173568K, 9% used [0x00000006c2800000,0x00000006c3759da0,0x00000006cd180000)
 Metaspace       used 8294K, capacity 8710K, committed 8960K, reserved 1056768K
  class space    used 658K, capacity 690K, committed 768K, reserved 1048576K
}
Event: 3.132 GC heap before
{Heap before GC invocations=12 (full 0):
 PSYoungGen      total 830464K, used 821472K [0x000000076b800000, 0x00000007bcc80000, 0x00000007c0000000)
  eden space 821248K, 100% used [0x000000076b800000,0x000000079da00000,0x000000079da00000)
  from space 9216K, 2% used [0x000000079da00000,0x000000079da38000,0x000000079e300000)
  to   space 8704K, 0% used [0x00000007bc400000,0x00000007bc400000,0x00000007bcc80000)
 ParOldGen       total 173568K, used 15719K [0x00000006c2800000, 0x00000006cd180000, 0x000000076b800000)
  object space 173568K, 9% used [0x00000006c2800000,0x00000006c3759da0,0x00000006cd180000)
 Metaspace       used 8305K, capacity 8710K, committed 8960K, reserved 1056768K
  class space    used 658K, capacity 690K, committed 768K, reserved 1048576K
Event: 3.132 GC heap after
Heap after GC invocations=12 (full 0):
 PSYoungGen      total 1323008K, used 224K [0x000000076b800000, 0x00000007bcc80000, 0x00000007c0000000)
  eden space 1314304K, 0% used [0x000000076b800000,0x000000076b800000,0x00000007bbb80000)
  from space 8704K, 2% used [0x00000007bc400000,0x00000007bc438000,0x00000007bcc80000)
  to   space 8704K, 0% used [0x00000007bbb80000,0x00000007bbb80000,0x00000007bc400000)
 ParOldGen       total 173568K, used 15743K [0x00000006c2800000, 0x00000006cd180000, 0x000000076b800000)
  object space 173568K, 9% used [0x00000006c2800000,0x00000006c375fda0,0x00000006cd180000)
 Metaspace       used 8305K, capacity 8710K, committed 8960K, reserved 1056768K
  class space    used 658K, capacity 690K, committed 768K, reserved 1048576K
}

