# JRE version: Java(TM) SE Runtime Environment (8.0_65-b17) (build 1.8.0_65-b17)
# Java VM: Java HotSpot(TM) 64-Bit Server VM (25.65-b01 mixed mode windows-amd64 compressed oops)
Heap:
 PSYoungGen      total 64000K, used 33017K [0x000000076b800000, 0x00000007b8780000, 0x00000007c0000000)
  eden space 63488K, 51% used [0x000000076b800000,0x000000076d836628,0x000000076f600000)
  from space 512K, 6% used [0x00000007b8680000,0x00000007b8688000,0x00000007b8700000)
  to   space 512K, 0% used [0x00000007b8700000,0x00000007b8700000,0x00000007b8780000)
 ParOldGen       total 173568K, used 33875K [0x00000006c2800000, 0x00000006cd180000, 0x000000076b800000)
  object space 173568K, 19% used [0x00000006c2800000,0x00000006c4914d28,0x00000006cd180000)
 Metaspace       used 8410K, capacity 8774K, committed 8960K, reserved 1056768K
  class space    used 663K, capacity 690K, committed 768K, reserved 1048576K
GC Heap History (10 events):
Event: 122.149 GC heap before
{Heap before GC invocations=1545 (full 0):
 PSYoungGen      total 71680K, used 71232K [0x000000076b800000, 0x00000007b8780000, 0x00000007c0000000)
  eden space 71168K, 100% used [0x000000076b800000,0x000000076fd80000,0x000000076fd80000)
  from space 512K, 12% used [0x00000007b8700000,0x00000007b8710000,0x00000007b8780000)
  to   space 512K, 0% used [0x00000007b8680000,0x00000007b8680000,0x00000007b8700000)
 ParOldGen       total 173568K, used 33875K [0x00000006c2800000, 0x00000006cd180000, 0x000000076b800000)
  object space 173568K, 19% used [0x00000006c2800000,0x00000006c4914d28,0x00000006cd180000)
 Metaspace       used 8410K, capacity 8774K, committed 8960K, reserved 1056768K
  class space    used 663K, capacity 690K, committed 768K, reserved 1048576K
Event: 122.150 GC heap after
Heap after GC invocations=1545 (full 0):
 PSYoungGen      total 70144K, used 64K [0x000000076b800000, 0x00000007b8780000, 0x00000007c0000000)
  eden space 69632K, 0% used [0x000000076b800000,0x000000076b800000,0x000000076fc00000)
  from space 512K, 12% used [0x00000007b8680000,0x00000007b8690000,0x00000007b8700000)
  to   space 512K, 0% used [0x00000007b8700000,0x00000007b8700000,0x00000007b8780000)
 ParOldGen       total 173568K, used 33875K [0x00000006c2800000, 0x00000006cd180000, 0x000000076b800000)
  object space 173568K, 19% used [0x00000006c2800000,0x00000006c4914d28,0x00000006cd180000)
 Metaspace       used 8410K, capacity 8774K, committed 8960K, reserved 1056768K
  class space    used 663K, capacity 690K, committed 768K, reserved 1048576K
}
Event: 122.215 GC heap before
{Heap before GC invocations=1546 (full 0):
 PSYoungGen      total 70144K, used 69696K [0x000000076b800000, 0x00000007b8780000, 0x00000007c0000000)
  eden space 69632K, 100% used [0x000000076b800000,0x000000076fc00000,0x000000076fc00000)
  from space 512K, 12% used [0x00000007b8680000,0x00000007b8690000,0x00000007b8700000)
  to   space 512K, 0% used [0x00000007b8700000,0x00000007b8700000,0x00000007b8780000)
 ParOldGen       total 173568K, used 33875K [0x00000006c2800000, 0x00000006cd180000, 0x000000076b800000)
  object space 173568K, 19% used [0x00000006c2800000,0x00000006c4914d28,0x00000006cd180000)
 Metaspace       used 8410K, capacity 8774K, committed 8960K, reserved 1056768K
  class space    used 663K, capacity 690K, committed 768K, reserved 1048576K
Event: 122.216 GC heap after
Heap after GC invocations=1546 (full 0):
 PSYoungGen      total 68608K, used 32K [0x000000076b800000, 0x00000007b8780000, 0x00000007c0000000)
  eden space 68096K, 0% used [0x000000076b800000,0x000000076b800000,0x000000076fa80000)
  from space 512K, 6% used [0x00000007b8700000,0x00000007b8708000,0x00000007b8780000)
  to   space 512K, 0% used [0x00000007b8680000,0x00000007b8680000,0x00000007b8700000)
 ParOldGen       total 173568K, used 33875K [0x00000006c2800000, 0x00000006cd180000, 0x000000076b800000)
  object space 173568K, 19% used [0x00000006c2800000,0x00000006c4914d28,0x00000006cd180000)
 Metaspace       used 8410K, capacity 8774K, committed 8960K, reserved 1056768K
  class space    used 663K, capacity 690K, committed 768K, reserved 1048576K
}
Event: 122.274 GC heap before
{Heap before GC invocations=1547 (full 0):
 PSYoungGen      total 68608K, used 68128K [0x000000076b800000, 0x00000007b8780000, 0x00000007c0000000)
  eden space 68096K, 100% used [0x000000076b800000,0x000000076fa80000,0x000000076fa80000)
  from space 512K, 6% used [0x00000007b8700000,0x00000007b8708000,0x00000007b8780000)
  to   space 512K, 0% used [0x00000007b8680000,0x00000007b8680000,0x00000007b8700000)
 ParOldGen       total 173568K, used 33875K [0x00000006c2800000, 0x00000006cd180000, 0x000000076b800000)
  object space 173568K, 19% used [0x00000006c2800000,0x00000006c4914d28,0x00000006cd180000)
 Metaspace       used 8410K, capacity 8774K, committed 8960K, reserved 1056768K
  class space    used 663K, capacity 690K, committed 768K, reserved 1048576K
Event: 122.274 GC heap after
Heap after GC invocations=1547 (full 0):
 PSYoungGen      total 67072K, used 64K [0x000000076b800000, 0x00000007b8780000, 0x00000007c0000000)
  eden space 66560K, 0% used [0x000000076b800000,0x000000076b800000,0x000000076f900000)
  from space 512K, 12% used [0x00000007b8680000,0x00000007b8690000,0x00000007b8700000)
  to   space 512K, 0% used [0x00000007b8700000,0x00000007b8700000,0x00000007b8780000)
 ParOldGen       total 173568K, used 33875K [0x00000006c2800000, 0x00000006cd180000, 0x000000076b800000)
  object space 173568K, 19% used [0x00000006c2800000,0x00000006c4914d28,0x00000006cd180000)
 Metaspace       used 8410K, capacity 8774K, committed 8960K, reserved 1056768K
  class space    used 663K, capacity 690K, committed 768K, reserved 1048576K
}
Event: 122.329 GC heap before
{Heap before GC invocations=1548 (full 0):
 PSYoungGen      total 67072K, used 66624K [0x000000076b800000, 0x00000007b8780000, 0x00000007c0000000)
  eden space 66560K, 100% used [0x000000076b800000,0x000000076f900000,0x000000076f900000)
  from space 512K, 12% used [0x00000007b8680000,0x00000007b8690000,0x00000007b8700000)
  to   space 512K, 0% used [0x00000007b8700000,0x00000007b8700000,0x00000007b8780000)
 ParOldGen       total 173568K, used 33875K [0x00000006c2800000, 0x00000006cd180000, 0x000000076b800000)
  object space 173568K, 19% used [0x00000006c2800000,0x00000006c4914d28,0x00000006cd180000)
 Metaspace       used 8410K, capacity 8774K, committed 8960K, reserved 1056768K
  class space    used 663K, capacity 690K, committed 768K, reserved 1048576K
Event: 122.329 GC heap after
Heap after GC invocations=1548 (full 0):
 PSYoungGen      total 65536K, used 32K [0x000000076b800000, 0x00000007b8780000, 0x00000007c0000000)
  eden space 65024K, 0% used [0x000000076b800000,0x000000076b800000,0x000000076f780000)
  from space 512K, 6% used [0x00000007b8700000,0x00000007b8708000,0x00000007b8780000)
  to   space 512K, 0% used [0x00000007b8680000,0x00000007b8680000,0x00000007b8700000)
 ParOldGen       total 173568K, used 33875K [0x00000006c2800000, 0x00000006cd180000, 0x000000076b800000)
  object space 173568K, 19% used [0x00000006c2800000,0x00000006c4914d28,0x00000006cd180000)
 Metaspace       used 8410K, capacity 8774K, committed 8960K, reserved 1056768K
  class space    used 663K, capacity 690K, committed 768K, reserved 1048576K
}
Event: 122.381 GC heap before
{Heap before GC invocations=1549 (full 0):
 PSYoungGen      total 65536K, used 65056K [0x000000076b800000, 0x00000007b8780000, 0x00000007c0000000)
  eden space 65024K, 100% used [0x000000076b800000,0x000000076f780000,0x000000076f780000)
  from space 512K, 6% used [0x00000007b8700000,0x00000007b8708000,0x00000007b8780000)
  to   space 512K, 0% used [0x00000007b8680000,0x00000007b8680000,0x00000007b8700000)
 ParOldGen       total 173568K, used 33875K [0x00000006c2800000, 0x00000006cd180000, 0x000000076b800000)
  object space 173568K, 19% used [0x00000006c2800000,0x00000006c4914d28,0x00000006cd180000)
 Metaspace       used 8410K, capacity 8774K, committed 8960K, reserved 1056768K
  class space    used 663K, capacity 690K, committed 768K, reserved 1048576K
Event: 122.381 GC heap after
Heap after GC invocations=1549 (full 0):
 PSYoungGen      total 64000K, used 32K [0x000000076b800000, 0x00000007b8780000, 0x00000007c0000000)
  eden space 63488K, 0% used [0x000000076b800000,0x000000076b800000,0x000000076f600000)
  from space 512K, 6% used [0x00000007b8680000,0x00000007b8688000,0x00000007b8700000)
  to   space 512K, 0% used [0x00000007b8700000,0x00000007b8700000,0x00000007b8780000)
 ParOldGen       total 173568K, used 33875K [0x00000006c2800000, 0x00000006cd180000, 0x000000076b800000)
  object space 173568K, 19% used [0x00000006c2800000,0x00000006c4914d28,0x00000006cd180000)
 Metaspace       used 8410K, capacity 8774K, committed 8960K, reserved 1056768K
  class space    used 663K, capacity 690K, committed 768K, reserved 1048576K
}

