# JRE version: Java(TM) SE Runtime Environment (8.0_65-b17) (build 1.8.0_65-b17)
# Java VM: Java HotSpot(TM) 64-Bit Server VM (25.65-b01 mixed mode windows-amd64 compressed oops)
Heap:
 PSYoungGen      total 68608K, used 38976K [0x000000076b800000, 0x0000000784380000, 0x00000007c0000000)
  eden space 68096K, 57% used [0x000000076b800000,0x000000076de083e8,0x000000076fa80000)
  from space 512K, 6% used [0x0000000784300000,0x0000000784308000,0x0000000784380000)
  to   space 512K, 0% used [0x0000000784280000,0x0000000784280000,0x0000000784300000)
 ParOldGen       total 173568K, used 1440K [0x00000006c2800000, 0x00000006cd180000, 0x000000076b800000)
  object space 173568K, 0% used [0x00000006c2800000,0x00000006c2968050,0x00000006cd180000)
 Metaspace       used 8066K, capacity 8614K, committed 8960K, reserved 1056768K
  class space    used 644K, capacity 658K, committed 768K, reserved 1048576K
GC Heap History (10 events):
Event: 6.032 GC heap before
{Heap before GC invocations=48 (full 0):
 PSYoungGen      total 76800K, used 76448K [0x000000076b800000, 0x0000000784380000, 0x00000007c0000000)
  eden space 76288K, 100% used [0x000000076b800000,0x0000000770280000,0x0000000770280000)
  from space 512K, 31% used [0x0000000784280000,0x00000007842a8000,0x0000000784300000)
  to   space 512K, 0% used [0x0000000784300000,0x0000000784300000,0x0000000784380000)
 ParOldGen       total 173568K, used 1432K [0x00000006c2800000, 0x00000006cd180000, 0x000000076b800000)
  object space 173568K, 0% used [0x00000006c2800000,0x00000006c2966050,0x00000006cd180000)
 Metaspace       used 8065K, capacity 8614K, committed 8960K, reserved 1056768K
  class space    used 644K, capacity 658K, committed 768K, reserved 1048576K
Event: 6.033 GC heap after
Heap after GC invocations=48 (full 0):
 PSYoungGen      total 74752K, used 128K [0x000000076b800000, 0x0000000784380000, 0x00000007c0000000)
  eden space 74240K, 0% used [0x000000076b800000,0x000000076b800000,0x0000000770080000)
  from space 512K, 25% used [0x0000000784300000,0x0000000784320000,0x0000000784380000)
  to   space 512K, 0% used [0x0000000784280000,0x0000000784280000,0x0000000784300000)
 ParOldGen       total 173568K, used 1432K [0x00000006c2800000, 0x00000006cd180000, 0x000000076b800000)
  object space 173568K, 0% used [0x00000006c2800000,0x00000006c2966050,0x00000006cd180000)
 Metaspace       used 8065K, capacity 8614K, committed 8960K, reserved 1056768K
  class space    used 644K, capacity 658K, committed 768K, reserved 1048576K
}
Event: 6.091 GC heap before
{Heap before GC invocations=49 (full 0):
 PSYoungGen      total 74752K, used 74368K [0x000000076b800000, 0x0000000784380000, 0x00000007c0000000)
  eden space 74240K, 100% used [0x000000076b800000,0x0000000770080000,0x0000000770080000)
  from space 512K, 25% used [0x0000000784300000,0x0000000784320000,0x0000000784380000)
  to   space 512K, 0% used [0x0000000784280000,0x0000000784280000,0x0000000784300000)
 ParOldGen       total 173568K, used 1432K [0x00000006c2800000, 0x00000006cd180000, 0x000000076b800000)
  object space 173568K, 0% used [0x00000006c2800000,0x00000006c2966050,0x00000006cd180000)
 Metaspace       used 8065K, capacity 8614K, committed 8960K, reserved 1056768K
  class space    used 644K, capacity 658K, committed 768K, reserved 1048576K
Event: 6.091 GC heap after
Heap after GC invocations=49 (full 0):
 PSYoungGen      total 73216K, used 128K [0x000000076b800000, 0x0000000784380000, 0x00000007c0000000)
  eden space 72704K, 0% used [0x000000076b800000,0x000000076b800000,0x000000076ff00000)
  from space 512K, 25% used [0x0000000784280000,0x00000007842a0000,0x0000000784300000)
  to   space 512K, 0% used [0x0000000784300000,0x0000000784300000,0x0000000784380000)
 ParOldGen       total 173568K, used 1432K [0x00000006c2800000, 0x00000006cd180000, 0x000000076b800000)
  object space 173568K, 0% used [0x00000006c2800000,0x00000006c2966050,0x00000006cd180000)
 Metaspace       used 8065K, capacity 8614K, committed 8960K, reserved 1056768K
  class space    used 644K, capacity 658K, committed 768K, reserved 1048576K
}
Event: 6.166 GC heap before
{Heap before GC invocations=50 (full 0):
 PSYoungGen      total 73216K, used 72832K [0x000000076b800000, 0x0000000784380000, 0x00000007c0000000)
  eden space 72704K, 100% used [0x000000076b800000,0x000000076ff00000,0x000000076ff00000)
  from space 512K, 25% used [0x0000000784280000,0x00000007842a0000,0x0000000784300000)
  to   space 512K, 0% used [0x0000000784300000,0x0000000784300000,0x0000000784380000)
 ParOldGen       total 173568K, used 1432K [0x00000006c2800000, 0x00000006cd180000, 0x000000076b800000)
  object space 173568K, 0% used [0x00000006c2800000,0x00000006c2966050,0x00000006cd180000)
 Metaspace       used 8065K, capacity 8614K, committed 8960K, reserved 1056768K
  class space    used 644K, capacity 658K, committed 768K, reserved 1048576K
Event: 6.167 GC heap after
Heap after GC invocations=50 (full 0):
 PSYoungGen      total 71680K, used 160K [0x000000076b800000, 0x0000000784380000, 0x00000007c0000000)
  eden space 71168K, 0% used [0x000000076b800000,0x000000076b800000,0x000000076fd80000)
  from space 512K, 31% used [0x0000000784300000,0x0000000784328000,0x0000000784380000)
  to   space 512K, 0% used [0x0000000784280000,0x0000000784280000,0x0000000784300000)
 ParOldGen       total 173568K, used 1432K [0x00000006c2800000, 0x00000006cd180000, 0x000000076b800000)
  object space 173568K, 0% used [0x00000006c2800000,0x00000006c2966050,0x00000006cd180000)
 Metaspace       used 8065K, capacity 8614K, committed 8960K, reserved 1056768K
  class space    used 644K, capacity 658K, committed 768K, reserved 1048576K
}
Event: 6.237 GC heap before
{Heap before GC invocations=51 (full 0):
 PSYoungGen      total 71680K, used 71328K [0x000000076b800000, 0x0000000784380000, 0x00000007c0000000)
  eden space 71168K, 100% used [0x000000076b800000,0x000000076fd80000,0x000000076fd80000)
  from space 512K, 31% used [0x0000000784300000,0x0000000784328000,0x0000000784380000)
  to   space 512K, 0% used [0x0000000784280000,0x0000000784280000,0x0000000784300000)
 ParOldGen       total 173568K, used 1432K [0x00000006c2800000, 0x00000006cd180000, 0x000000076b800000)
  object space 173568K, 0% used [0x00000006c2800000,0x00000006c2966050,0x00000006cd180000)
 Metaspace       used 8065K, capacity 8614K, committed 8960K, reserved 1056768K
  class space    used 644K, capacity 658K, committed 768K, reserved 1048576K
Event: 6.238 GC heap after
Heap after GC invocations=51 (full 0):
 PSYoungGen      total 70144K, used 160K [0x000000076b800000, 0x0000000784380000, 0x00000007c0000000)
  eden space 69632K, 0% used [0x000000076b800000,0x000000076b800000,0x000000076fc00000)
  from space 512K, 31% used [0x0000000784280000,0x00000007842a8000,0x0000000784300000)
  to   space 512K, 0% used [0x0000000784300000,0x0000000784300000,0x0000000784380000)
 ParOldGen       total 173568K, used 1432K [0x00000006c2800000, 0x00000006cd180000, 0x000000076b800000)
  object space 173568K, 0% used [0x00000006c2800000,0x00000006c2966050,0x00000006cd180000)
 Metaspace       used 8065K, capacity 8614K, committed 8960K, reserved 1056768K
  class space    used 644K, capacity 658K, committed 768K, reserved 1048576K
}
Event: 6.312 GC heap before
{Heap before GC invocations=52 (full 0):
 PSYoungGen      total 70144K, used 69792K [0x000000076b800000, 0x0000000784380000, 0x00000007c0000000)
  eden space 69632K, 100% used [0x000000076b800000,0x000000076fc00000,0x000000076fc00000)
  from space 512K, 31% used [0x0000000784280000,0x00000007842a8000,0x0000000784300000)
  to   space 512K, 0% used [0x0000000784300000,0x0000000784300000,0x0000000784380000)
 ParOldGen       total 173568K, used 1432K [0x00000006c2800000, 0x00000006cd180000, 0x000000076b800000)
  object space 173568K, 0% used [0x00000006c2800000,0x00000006c2966050,0x00000006cd180000)
 Metaspace       used 8065K, capacity 8614K, committed 8960K, reserved 1056768K
  class space    used 644K, capacity 658K, committed 768K, reserved 1048576K
Event: 6.312 GC heap after
Heap after GC invocations=52 (full 0):
 PSYoungGen      total 68608K, used 32K [0x000000076b800000, 0x0000000784380000, 0x00000007c0000000)
  eden space 68096K, 0% used [0x000000076b800000,0x000000076b800000,0x000000076fa80000)
  from space 512K, 6% used [0x0000000784300000,0x0000000784308000,0x0000000784380000)
  to   space 512K, 0% used [0x0000000784280000,0x0000000784280000,0x0000000784300000)
 ParOldGen       total 173568K, used 1440K [0x00000006c2800000, 0x00000006cd180000, 0x000000076b800000)
  object space 173568K, 0% used [0x00000006c2800000,0x00000006c2968050,0x00000006cd180000)
 Metaspace       used 8065K, capacity 8614K, committed 8960K, reserved 1056768K
  class space    used 644K, capacity 658K, committed 768K, reserved 1048576K
}

