# JRE version: Java(TM) SE Runtime Environment (8.0_65-b17) (build 1.8.0_65-b17)
# Java VM: Java HotSpot(TM) 64-Bit Server VM (25.65-b01 mixed mode windows-amd64 compressed oops)
Heap:
 PSYoungGen      total 47104K, used 35807K [0x000000076b800000, 0x0000000784200000, 0x00000007c0000000)
  eden space 46592K, 76% used [0x000000076b800000,0x000000076daeffc8,0x000000076e580000)
  from space 512K, 6% used [0x0000000784180000,0x0000000784188000,0x0000000784200000)
  to   space 512K, 0% used [0x0000000784100000,0x0000000784100000,0x0000000784180000)
 ParOldGen       total 173568K, used 1476K [0x00000006c2800000, 0x00000006cd180000, 0x000000076b800000)
  object space 173568K, 0% used [0x00000006c2800000,0x00000006c2971060,0x00000006cd180000)
 Metaspace       used 8080K, capacity 8646K, committed 8960K, reserved 1056768K
  class space    used 646K, capacity 690K, committed 768K, reserved 1048576K
GC Heap History (10 events):
Event: 7.295 GC heap before
{Heap before GC invocations=68 (full 0):
 PSYoungGen      total 51200K, used 50784K [0x000000076b800000, 0x0000000784200000, 0x00000007c0000000)
  eden space 50688K, 100% used [0x000000076b800000,0x000000076e980000,0x000000076e980000)
  from space 512K, 18% used [0x0000000784100000,0x0000000784118000,0x0000000784180000)
  to   space 512K, 0% used [0x0000000784180000,0x0000000784180000,0x0000000784200000)
 ParOldGen       total 173568K, used 1452K [0x00000006c2800000, 0x00000006cd180000, 0x000000076b800000)
  object space 173568K, 0% used [0x00000006c2800000,0x00000006c296b060,0x00000006cd180000)
 Metaspace       used 8079K, capacity 8646K, committed 8960K, reserved 1056768K
  class space    used 646K, capacity 690K, committed 768K, reserved 1048576K
Event: 7.295 GC heap after
Heap after GC invocations=68 (full 0):
 PSYoungGen      total 50176K, used 160K [0x000000076b800000, 0x0000000784200000, 0x00000007c0000000)
  eden space 49664K, 0% used [0x000000076b800000,0x000000076b800000,0x000000076e880000)
  from space 512K, 31% used [0x0000000784180000,0x00000007841a8000,0x0000000784200000)
  to   space 512K, 0% used [0x0000000784100000,0x0000000784100000,0x0000000784180000)
 ParOldGen       total 173568K, used 1452K [0x00000006c2800000, 0x00000006cd180000, 0x000000076b800000)
  object space 173568K, 0% used [0x00000006c2800000,0x00000006c296b060,0x00000006cd180000)
 Metaspace       used 8079K, capacity 8646K, committed 8960K, reserved 1056768K
  class space    used 646K, capacity 690K, committed 768K, reserved 1048576K
}
Event: 7.349 GC heap before
{Heap before GC invocations=69 (full 0):
 PSYoungGen      total 50176K, used 49824K [0x000000076b800000, 0x0000000784200000, 0x00000007c0000000)
  eden space 49664K, 100% used [0x000000076b800000,0x000000076e880000,0x000000076e880000)
  from space 512K, 31% used [0x0000000784180000,0x00000007841a8000,0x0000000784200000)
  to   space 512K, 0% used [0x0000000784100000,0x0000000784100000,0x0000000784180000)
 ParOldGen       total 173568K, used 1452K [0x00000006c2800000, 0x00000006cd180000, 0x000000076b800000)
  object space 173568K, 0% used [0x00000006c2800000,0x00000006c296b060,0x00000006cd180000)
 Metaspace       used 8079K, capacity 8646K, committed 8960K, reserved 1056768K
  class space    used 646K, capacity 690K, committed 768K, reserved 1048576K
Event: 7.349 GC heap after
Heap after GC invocations=69 (full 0):
 PSYoungGen      total 49152K, used 160K [0x000000076b800000, 0x0000000784200000, 0x00000007c0000000)
  eden space 48640K, 0% used [0x000000076b800000,0x000000076b800000,0x000000076e780000)
  from space 512K, 31% used [0x0000000784100000,0x0000000784128000,0x0000000784180000)
  to   space 512K, 0% used [0x0000000784180000,0x0000000784180000,0x0000000784200000)
 ParOldGen       total 173568K, used 1452K [0x00000006c2800000, 0x00000006cd180000, 0x000000076b800000)
  object space 173568K, 0% used [0x00000006c2800000,0x00000006c296b060,0x00000006cd180000)
 Metaspace       used 8079K, capacity 8646K, committed 8960K, reserved 1056768K
  class space    used 646K, capacity 690K, committed 768K, reserved 1048576K
}
Event: 7.401 GC heap before
{Heap before GC invocations=70 (full 0):
 PSYoungGen      total 49152K, used 48800K [0x000000076b800000, 0x0000000784200000, 0x00000007c0000000)
  eden space 48640K, 100% used [0x000000076b800000,0x000000076e780000,0x000000076e780000)
  from space 512K, 31% used [0x0000000784100000,0x0000000784128000,0x0000000784180000)
  to   space 512K, 0% used [0x0000000784180000,0x0000000784180000,0x0000000784200000)
 ParOldGen       total 173568K, used 1452K [0x00000006c2800000, 0x00000006cd180000, 0x000000076b800000)
  object space 173568K, 0% used [0x00000006c2800000,0x00000006c296b060,0x00000006cd180000)
 Metaspace       used 8079K, capacity 8646K, committed 8960K, reserved 1056768K
  class space    used 646K, capacity 690K, committed 768K, reserved 1048576K
Event: 7.402 GC heap after
Heap after GC invocations=70 (full 0):
 PSYoungGen      total 48128K, used 128K [0x000000076b800000, 0x0000000784200000, 0x00000007c0000000)
  eden space 47616K, 0% used [0x000000076b800000,0x000000076b800000,0x000000076e680000)
  from space 512K, 25% used [0x0000000784180000,0x00000007841a0000,0x0000000784200000)
  to   space 512K, 0% used [0x0000000784100000,0x0000000784100000,0x0000000784180000)
 ParOldGen       total 173568K, used 1452K [0x00000006c2800000, 0x00000006cd180000, 0x000000076b800000)
  object space 173568K, 0% used [0x00000006c2800000,0x00000006c296b060,0x00000006cd180000)
 Metaspace       used 8079K, capacity 8646K, committed 8960K, reserved 1056768K
  class space    used 646K, capacity 690K, committed 768K, reserved 1048576K
}
Event: 7.457 GC heap before
{Heap before GC invocations=71 (full 0):
 PSYoungGen      total 48128K, used 47744K [0x000000076b800000, 0x0000000784200000, 0x00000007c0000000)
  eden space 47616K, 100% used [0x000000076b800000,0x000000076e680000,0x000000076e680000)
  from space 512K, 25% used [0x0000000784180000,0x00000007841a0000,0x0000000784200000)
  to   space 512K, 0% used [0x0000000784100000,0x0000000784100000,0x0000000784180000)
 ParOldGen       total 173568K, used 1452K [0x00000006c2800000, 0x00000006cd180000, 0x000000076b800000)
  object space 173568K, 0% used [0x00000006c2800000,0x00000006c296b060,0x00000006cd180000)
 Metaspace       used 8079K, capacity 8646K, committed 8960K, reserved 1056768K
  class space    used 646K, capacity 690K, committed 768K, reserved 1048576K
Event: 7.457 GC heap after
Heap after GC invocations=71 (full 0):
 PSYoungGen      total 47616K, used 64K [0x000000076b800000, 0x0000000784200000, 0x00000007c0000000)
  eden space 47104K, 0% used [0x000000076b800000,0x000000076b800000,0x000000076e600000)
  from space 512K, 12% used [0x0000000784100000,0x0000000784110000,0x0000000784180000)
  to   space 512K, 0% used [0x0000000784180000,0x0000000784180000,0x0000000784200000)
 ParOldGen       total 173568K, used 1476K [0x00000006c2800000, 0x00000006cd180000, 0x000000076b800000)
  object space 173568K, 0% used [0x00000006c2800000,0x00000006c2971060,0x00000006cd180000)
 Metaspace       used 8079K, capacity 8646K, committed 8960K, reserved 1056768K
  class space    used 646K, capacity 690K, committed 768K, reserved 1048576K
}
Event: 7.490 GC heap before
{Heap before GC invocations=72 (full 0):
 PSYoungGen      total 47616K, used 47168K [0x000000076b800000, 0x0000000784200000, 0x00000007c0000000)
  eden space 47104K, 100% used [0x000000076b800000,0x000000076e600000,0x000000076e600000)
  from space 512K, 12% used [0x0000000784100000,0x0000000784110000,0x0000000784180000)
  to   space 512K, 0% used [0x0000000784180000,0x0000000784180000,0x0000000784200000)
 ParOldGen       total 173568K, used 1476K [0x00000006c2800000, 0x00000006cd180000, 0x000000076b800000)
  object space 173568K, 0% used [0x00000006c2800000,0x00000006c2971060,0x00000006cd180000)
 Metaspace       used 8079K, capacity 8646K, committed 8960K, reserved 1056768K
  class space    used 646K, capacity 690K, committed 768K, reserved 1048576K
Event: 7.491 GC heap after
Heap after GC invocations=72 (full 0):
 PSYoungGen      total 47104K, used 32K [0x000000076b800000, 0x0000000784200000, 0x00000007c0000000)
  eden space 46592K, 0% used [0x000000076b800000,0x000000076b800000,0x000000076e580000)
  from space 512K, 6% used [0x0000000784180000,0x0000000784188000,0x0000000784200000)
  to   space 512K, 0% used [0x0000000784100000,0x0000000784100000,0x0000000784180000)
 ParOldGen       total 173568K, used 1476K [0x00000006c2800000, 0x00000006cd180000, 0x000000076b800000)
  object space 173568K, 0% used [0x00000006c2800000,0x00000006c2971060,0x00000006cd180000)
 Metaspace       used 8079K, capacity 8646K, committed 8960K, reserved 1056768K
  class space    used 646K, capacity 690K, committed 768K, reserved 1048576K
}

