# JRE version: Java(TM) SE Runtime Environment (8.0_65-b17) (build 1.8.0_65-b17)
# Java VM: Java HotSpot(TM) 64-Bit Server VM (25.65-b01 mixed mode windows-amd64 compressed oops)
Heap:
 PSYoungGen      total 56832K, used 34517K [0x000000076b800000, 0x000000077a480000, 0x00000007c0000000)
  eden space 56320K, 61% used [0x000000076b800000,0x000000076d9ad530,0x000000076ef00000)
  from space 512K, 6% used [0x000000077a380000,0x000000077a388000,0x000000077a400000)
  to   space 512K, 0% used [0x000000077a400000,0x000000077a400000,0x000000077a480000)
 ParOldGen       total 173568K, used 2455K [0x00000006c2800000, 0x00000006cd180000, 0x000000076b800000)
  object space 173568K, 1% used [0x00000006c2800000,0x00000006c2a65d78,0x00000006cd180000)
 Metaspace       used 8090K, capacity 8646K, committed 8960K, reserved 1056768K
  class space    used 646K, capacity 690K, committed 768K, reserved 1048576K
GC Heap History (10 events):
Event: 112.324 GC heap before
{Heap before GC invocations=1949 (full 0):
 PSYoungGen      total 61952K, used 61536K [0x000000076b800000, 0x000000077a480000, 0x00000007c0000000)
  eden space 61440K, 100% used [0x000000076b800000,0x000000076f400000,0x000000076f400000)
  from space 512K, 18% used [0x000000077a400000,0x000000077a418000,0x000000077a480000)
  to   space 512K, 0% used [0x000000077a380000,0x000000077a380000,0x000000077a400000)
 ParOldGen       total 173568K, used 2439K [0x00000006c2800000, 0x00000006cd180000, 0x000000076b800000)
  object space 173568K, 1% used [0x00000006c2800000,0x00000006c2a61d78,0x00000006cd180000)
 Metaspace       used 8090K, capacity 8646K, committed 8960K, reserved 1056768K
  class space    used 646K, capacity 690K, committed 768K, reserved 1048576K
Event: 112.324 GC heap after
Heap after GC invocations=1949 (full 0):
 PSYoungGen      total 60928K, used 128K [0x000000076b800000, 0x000000077a480000, 0x00000007c0000000)
  eden space 60416K, 0% used [0x000000076b800000,0x000000076b800000,0x000000076f300000)
  from space 512K, 25% used [0x000000077a380000,0x000000077a3a0000,0x000000077a400000)
  to   space 512K, 0% used [0x000000077a400000,0x000000077a400000,0x000000077a480000)
 ParOldGen       total 173568K, used 2439K [0x00000006c2800000, 0x00000006cd180000, 0x000000076b800000)
  object space 173568K, 1% used [0x00000006c2800000,0x00000006c2a61d78,0x00000006cd180000)
 Metaspace       used 8090K, capacity 8646K, committed 8960K, reserved 1056768K
  class space    used 646K, capacity 690K, committed 768K, reserved 1048576K
}
Event: 112.378 GC heap before
{Heap before GC invocations=1950 (full 0):
 PSYoungGen      total 60928K, used 60544K [0x000000076b800000, 0x000000077a480000, 0x00000007c0000000)
  eden space 60416K, 100% used [0x000000076b800000,0x000000076f300000,0x000000076f300000)
  from space 512K, 25% used [0x000000077a380000,0x000000077a3a0000,0x000000077a400000)
  to   space 512K, 0% used [0x000000077a400000,0x000000077a400000,0x000000077a480000)
 ParOldGen       total 173568K, used 2439K [0x00000006c2800000, 0x00000006cd180000, 0x000000076b800000)
  object space 173568K, 1% used [0x00000006c2800000,0x00000006c2a61d78,0x00000006cd180000)
 Metaspace       used 8090K, capacity 8646K, committed 8960K, reserved 1056768K
  class space    used 646K, capacity 690K, committed 768K, reserved 1048576K
Event: 112.379 GC heap after
Heap after GC invocations=1950 (full 0):
 PSYoungGen      total 59904K, used 96K [0x000000076b800000, 0x000000077a480000, 0x00000007c0000000)
  eden space 59392K, 0% used [0x000000076b800000,0x000000076b800000,0x000000076f200000)
  from space 512K, 18% used [0x000000077a400000,0x000000077a418000,0x000000077a480000)
  to   space 512K, 0% used [0x000000077a380000,0x000000077a380000,0x000000077a400000)
 ParOldGen       total 173568K, used 2439K [0x00000006c2800000, 0x00000006cd180000, 0x000000076b800000)
  object space 173568K, 1% used [0x00000006c2800000,0x00000006c2a61d78,0x00000006cd180000)
 Metaspace       used 8090K, capacity 8646K, committed 8960K, reserved 1056768K
  class space    used 646K, capacity 690K, committed 768K, reserved 1048576K
}
Event: 112.445 GC heap before
{Heap before GC invocations=1951 (full 0):
 PSYoungGen      total 59904K, used 59488K [0x000000076b800000, 0x000000077a480000, 0x00000007c0000000)
  eden space 59392K, 100% used [0x000000076b800000,0x000000076f200000,0x000000076f200000)
  from space 512K, 18% used [0x000000077a400000,0x000000077a418000,0x000000077a480000)
  to   space 512K, 0% used [0x000000077a380000,0x000000077a380000,0x000000077a400000)
 ParOldGen       total 173568K, used 2439K [0x00000006c2800000, 0x00000006cd180000, 0x000000076b800000)
  object space 173568K, 1% used [0x00000006c2800000,0x00000006c2a61d78,0x00000006cd180000)
 Metaspace       used 8090K, capacity 8646K, committed 8960K, reserved 1056768K
  class space    used 646K, capacity 690K, committed 768K, reserved 1048576K
Event: 112.445 GC heap after
Heap after GC invocations=1951 (full 0):
 PSYoungGen      total 58880K, used 192K [0x000000076b800000, 0x000000077a480000, 0x00000007c0000000)
  eden space 58368K, 0% used [0x000000076b800000,0x000000076b800000,0x000000076f100000)
  from space 512K, 37% used [0x000000077a380000,0x000000077a3b0000,0x000000077a400000)
  to   space 512K, 0% used [0x000000077a400000,0x000000077a400000,0x000000077a480000)
 ParOldGen       total 173568K, used 2439K [0x00000006c2800000, 0x00000006cd180000, 0x000000076b800000)
  object space 173568K, 1% used [0x00000006c2800000,0x00000006c2a61d78,0x00000006cd180000)
 Metaspace       used 8090K, capacity 8646K, committed 8960K, reserved 1056768K
  class space    used 646K, capacity 690K, committed 768K, reserved 1048576K
}
Event: 112.507 GC heap before
{Heap before GC invocations=1952 (full 0):
 PSYoungGen      total 58880K, used 58560K [0x000000076b800000, 0x000000077a480000, 0x00000007c0000000)
  eden space 58368K, 100% used [0x000000076b800000,0x000000076f100000,0x000000076f100000)
  from space 512K, 37% used [0x000000077a380000,0x000000077a3b0000,0x000000077a400000)
  to   space 512K, 0% used [0x000000077a400000,0x000000077a400000,0x000000077a480000)
 ParOldGen       total 173568K, used 2439K [0x00000006c2800000, 0x00000006cd180000, 0x000000076b800000)
  object space 173568K, 1% used [0x00000006c2800000,0x00000006c2a61d78,0x00000006cd180000)
 Metaspace       used 8090K, capacity 8646K, committed 8960K, reserved 1056768K
  class space    used 646K, capacity 690K, committed 768K, reserved 1048576K
Event: 112.508 GC heap after
Heap after GC invocations=1952 (full 0):
 PSYoungGen      total 57856K, used 160K [0x000000076b800000, 0x000000077a480000, 0x00000007c0000000)
  eden space 57344K, 0% used [0x000000076b800000,0x000000076b800000,0x000000076f000000)
  from space 512K, 31% used [0x000000077a400000,0x000000077a428000,0x000000077a480000)
  to   space 512K, 0% used [0x000000077a380000,0x000000077a380000,0x000000077a400000)
 ParOldGen       total 173568K, used 2439K [0x00000006c2800000, 0x00000006cd180000, 0x000000076b800000)
  object space 173568K, 1% used [0x00000006c2800000,0x00000006c2a61d78,0x00000006cd180000)
 Metaspace       used 8090K, capacity 8646K, committed 8960K, reserved 1056768K
  class space    used 646K, capacity 690K, committed 768K, reserved 1048576K
}
Event: 112.564 GC heap before
{Heap before GC invocations=1953 (full 0):
 PSYoungGen      total 57856K, used 57504K [0x000000076b800000, 0x000000077a480000, 0x00000007c0000000)
  eden space 57344K, 100% used [0x000000076b800000,0x000000076f000000,0x000000076f000000)
  from space 512K, 31% used [0x000000077a400000,0x000000077a428000,0x000000077a480000)
  to   space 512K, 0% used [0x000000077a380000,0x000000077a380000,0x000000077a400000)
 ParOldGen       total 173568K, used 2439K [0x00000006c2800000, 0x00000006cd180000, 0x000000076b800000)
  object space 173568K, 1% used [0x00000006c2800000,0x00000006c2a61d78,0x00000006cd180000)
 Metaspace       used 8090K, capacity 8646K, committed 8960K, reserved 1056768K
  class space    used 646K, capacity 690K, committed 768K, reserved 1048576K
Event: 112.564 GC heap after
Heap after GC invocations=1953 (full 0):
 PSYoungGen      total 56832K, used 32K [0x000000076b800000, 0x000000077a480000, 0x00000007c0000000)
  eden space 56320K, 0% used [0x000000076b800000,0x000000076b800000,0x000000076ef00000)
  from space 512K, 6% used [0x000000077a380000,0x000000077a388000,0x000000077a400000)
  to   space 512K, 0% used [0x000000077a400000,0x000000077a400000,0x000000077a480000)
 ParOldGen       total 173568K, used 2455K [0x00000006c2800000, 0x00000006cd180000, 0x000000076b800000)
  object space 173568K, 1% used [0x00000006c2800000,0x00000006c2a65d78,0x00000006cd180000)
 Metaspace       used 8090K, capacity 8646K, committed 8960K, reserved 1056768K
  class space    used 646K, capacity 690K, committed 768K, reserved 1048576K
}

