# JRE version: Java(TM) SE Runtime Environment (8.0_65-b17) (build 1.8.0_65-b17)
# Java VM: Java HotSpot(TM) 64-Bit Server VM (25.65-b01 mixed mode windows-amd64 compressed oops)
Heap:
 PSYoungGen      total 209408K, used 187528K [0x000000076b800000, 0x000000079dc00000, 0x00000007c0000000)
  eden space 208384K, 89% used [0x000000076b800000,0x0000000776f1a048,0x0000000778380000)
  from space 1024K, 3% used [0x000000079da00000,0x000000079da08000,0x000000079db00000)
  to   space 1024K, 0% used [0x000000079db00000,0x000000079db00000,0x000000079dc00000)
 ParOldGen       total 173568K, used 1412K [0x00000006c2800000, 0x00000006cd180000, 0x000000076b800000)
  object space 173568K, 0% used [0x00000006c2800000,0x00000006c2961178,0x00000006cd180000)
 Metaspace       used 7545K, capacity 8390K, committed 8576K, reserved 1056768K
  class space    used 585K, capacity 626K, committed 640K, reserved 1048576K
GC Heap History (10 events):
Event: 2.965 GC heap before
{Heap before GC invocations=27 (full 0):
 PSYoungGen      total 253440K, used 252992K [0x000000076b800000, 0x000000079dd00000, 0x00000007c0000000)
  eden space 252928K, 100% used [0x000000076b800000,0x000000077af00000,0x000000077af00000)
  from space 512K, 12% used [0x000000079dc80000,0x000000079dc90000,0x000000079dd00000)
  to   space 1024K, 0% used [0x000000079db00000,0x000000079db00000,0x000000079dc00000)
 ParOldGen       total 173568K, used 1412K [0x00000006c2800000, 0x00000006cd180000, 0x000000076b800000)
  object space 173568K, 0% used [0x00000006c2800000,0x00000006c2961178,0x00000006cd180000)
 Metaspace       used 7545K, capacity 8390K, committed 8576K, reserved 1056768K
  class space    used 585K, capacity 626K, committed 640K, reserved 1048576K
Event: 2.965 GC heap after
Heap after GC invocations=27 (full 0):
 PSYoungGen      total 244224K, used 64K [0x000000076b800000, 0x000000079dd00000, 0x00000007c0000000)
  eden space 243200K, 0% used [0x000000076b800000,0x000000076b800000,0x000000077a580000)
  from space 1024K, 6% used [0x000000079db00000,0x000000079db10000,0x000000079dc00000)
  to   space 1024K, 0% used [0x000000079dc00000,0x000000079dc00000,0x000000079dd00000)
 ParOldGen       total 173568K, used 1412K [0x00000006c2800000, 0x00000006cd180000, 0x000000076b800000)
  object space 173568K, 0% used [0x00000006c2800000,0x00000006c2961178,0x00000006cd180000)
 Metaspace       used 7545K, capacity 8390K, committed 8576K, reserved 1056768K
  class space    used 585K, capacity 626K, committed 640K, reserved 1048576K
}
Event: 3.043 GC heap before
{Heap before GC invocations=28 (full 0):
 PSYoungGen      total 244224K, used 243264K [0x000000076b800000, 0x000000079dd00000, 0x00000007c0000000)
  eden space 243200K, 100% used [0x000000076b800000,0x000000077a580000,0x000000077a580000)
  from space 1024K, 6% used [0x000000079db00000,0x000000079db10000,0x000000079dc00000)
  to   space 1024K, 0% used [0x000000079dc00000,0x000000079dc00000,0x000000079dd00000)
 ParOldGen       total 173568K, used 1412K [0x00000006c2800000, 0x00000006cd180000, 0x000000076b800000)
  object space 173568K, 0% used [0x00000006c2800000,0x00000006c2961178,0x00000006cd180000)
 Metaspace       used 7545K, capacity 8390K, committed 8576K, reserved 1056768K
  class space    used 585K, capacity 626K, committed 640K, reserved 1048576K
Event: 3.043 GC heap after
Heap after GC invocations=28 (full 0):
 PSYoungGen      total 234496K, used 32K [0x000000076b800000, 0x000000079dc80000, 0x00000007c0000000)
  eden space 233984K, 0% used [0x000000076b800000,0x000000076b800000,0x0000000779c80000)
  from space 512K, 6% used [0x000000079dc00000,0x000000079dc08000,0x000000079dc80000)
  to   space 1024K, 0% used [0x000000079da80000,0x000000079da80000,0x000000079db80000)
 ParOldGen       total 173568K, used 1412K [0x00000006c2800000, 0x00000006cd180000, 0x000000076b800000)
  object space 173568K, 0% used [0x00000006c2800000,0x00000006c2961178,0x00000006cd180000)
 Metaspace       used 7545K, capacity 8390K, committed 8576K, reserved 1056768K
  class space    used 585K, capacity 626K, committed 640K, reserved 1048576K
}
Event: 3.110 GC heap before
{Heap before GC invocations=29 (full 0):
 PSYoungGen      total 234496K, used 234016K [0x000000076b800000, 0x000000079dc80000, 0x00000007c0000000)
  eden space 233984K, 100% used [0x000000076b800000,0x0000000779c80000,0x0000000779c80000)
  from space 512K, 6% used [0x000000079dc00000,0x000000079dc08000,0x000000079dc80000)
  to   space 1024K, 0% used [0x000000079da80000,0x000000079da80000,0x000000079db80000)
 ParOldGen       total 173568K, used 1412K [0x00000006c2800000, 0x00000006cd180000, 0x000000076b800000)
  object space 173568K, 0% used [0x00000006c2800000,0x00000006c2961178,0x00000006cd180000)
 Metaspace       used 7545K, capacity 8390K, committed 8576K, reserved 1056768K
  class space    used 585K, capacity 626K, committed 640K, reserved 1048576K
Event: 3.111 GC heap after
Heap after GC invocations=29 (full 0):
 PSYoungGen      total 226304K, used 32K [0x000000076b800000, 0x000000079dc80000, 0x00000007c0000000)
  eden space 225280K, 0% used [0x000000076b800000,0x000000076b800000,0x0000000779400000)
  from space 1024K, 3% used [0x000000079da80000,0x000000079da88000,0x000000079db80000)
  to   space 1024K, 0% used [0x000000079db80000,0x000000079db80000,0x000000079dc80000)
 ParOldGen       total 173568K, used 1412K [0x00000006c2800000, 0x00000006cd180000, 0x000000076b800000)
  object space 173568K, 0% used [0x00000006c2800000,0x00000006c2961178,0x00000006cd180000)
 Metaspace       used 7545K, capacity 8390K, committed 8576K, reserved 1056768K
  class space    used 585K, capacity 626K, committed 640K, reserved 1048576K
}
Event: 3.175 GC heap before
{Heap before GC invocations=30 (full 0):
 PSYoungGen      total 226304K, used 225312K [0x000000076b800000, 0x000000079dc80000, 0x00000007c0000000)
  eden space 225280K, 100% used [0x000000076b800000,0x0000000779400000,0x0000000779400000)
  from space 1024K, 3% used [0x000000079da80000,0x000000079da88000,0x000000079db80000)
  to   space 1024K, 0% used [0x000000079db80000,0x000000079db80000,0x000000079dc80000)
 ParOldGen       total 173568K, used 1412K [0x00000006c2800000, 0x00000006cd180000, 0x000000076b800000)
  object space 173568K, 0% used [0x00000006c2800000,0x00000006c2961178,0x00000006cd180000)
 Metaspace       used 7545K, capacity 8390K, committed 8576K, reserved 1056768K
  class space    used 585K, capacity 626K, committed 640K, reserved 1048576K
Event: 3.175 GC heap after
Heap after GC invocations=30 (full 0):
 PSYoungGen      total 217088K, used 32K [0x000000076b800000, 0x000000079dc00000, 0x00000007c0000000)
  eden space 216576K, 0% used [0x000000076b800000,0x000000076b800000,0x0000000778b80000)
  from space 512K, 6% used [0x000000079db80000,0x000000079db88000,0x000000079dc00000)
  to   space 1024K, 0% used [0x000000079da00000,0x000000079da00000,0x000000079db00000)
 ParOldGen       total 173568K, used 1412K [0x00000006c2800000, 0x00000006cd180000, 0x000000076b800000)
  object space 173568K, 0% used [0x00000006c2800000,0x00000006c2961178,0x00000006cd180000)
 Metaspace       used 7545K, capacity 8390K, committed 8576K, reserved 1056768K
  class space    used 585K, capacity 626K, committed 640K, reserved 1048576K
}
Event: 3.241 GC heap before
{Heap before GC invocations=31 (full 0):
 PSYoungGen      total 217088K, used 216608K [0x000000076b800000, 0x000000079dc00000, 0x00000007c0000000)
  eden space 216576K, 100% used [0x000000076b800000,0x0000000778b80000,0x0000000778b80000)
  from space 512K, 6% used [0x000000079db80000,0x000000079db88000,0x000000079dc00000)
  to   space 1024K, 0% used [0x000000079da00000,0x000000079da00000,0x000000079db00000)
 ParOldGen       total 173568K, used 1412K [0x00000006c2800000, 0x00000006cd180000, 0x000000076b800000)
  object space 173568K, 0% used [0x00000006c2800000,0x00000006c2961178,0x00000006cd180000)
 Metaspace       used 7545K, capacity 8390K, committed 8576K, reserved 1056768K
  class space    used 585K, capacity 626K, committed 640K, reserved 1048576K
Event: 3.242 GC heap after
Heap after GC invocations=31 (full 0):
 PSYoungGen      total 209408K, used 32K [0x000000076b800000, 0x000000079dc00000, 0x00000007c0000000)
  eden space 208384K, 0% used [0x000000076b800000,0x000000076b800000,0x0000000778380000)
  from space 1024K, 3% used [0x000000079da00000,0x000000079da08000,0x000000079db00000)
  to   space 1024K, 0% used [0x000000079db00000,0x000000079db00000,0x000000079dc00000)
 ParOldGen       total 173568K, used 1412K [0x00000006c2800000, 0x00000006cd180000, 0x000000076b800000)
  object space 173568K, 0% used [0x00000006c2800000,0x00000006c2961178,0x00000006cd180000)
 Metaspace       used 7545K, capacity 8390K, committed 8576K, reserved 1056768K
  class space    used 585K, capacity 626K, committed 640K, reserved 1048576K
}

