# JRE version: Java(TM) SE Runtime Environment (8.0_65-b17) (build 1.8.0_65-b17)
# Java VM: Java HotSpot(TM) 64-Bit Server VM (25.65-b01 mixed mode windows-amd64 compressed oops)
Heap:
 PSYoungGen      total 186368K, used 61927K [0x000000076b800000, 0x000000077b200000, 0x00000007c0000000)
  eden space 184320K, 33% used [0x000000076b800000,0x000000076f459e68,0x0000000776c00000)
  from space 2048K, 6% used [0x000000077ae00000,0x000000077ae20000,0x000000077b000000)
  to   space 2048K, 0% used [0x000000077b000000,0x000000077b000000,0x000000077b200000)
 ParOldGen       total 173568K, used 1419K [0x00000006c2800000, 0x00000006cd180000, 0x000000076b800000)
  object space 173568K, 0% used [0x00000006c2800000,0x00000006c2962de0,0x00000006cd180000)
 Metaspace       used 8028K, capacity 8550K, committed 8704K, reserved 1056768K
  class space    used 644K, capacity 658K, committed 768K, reserved 1048576K
GC Heap History (10 events):
Event: 1.376 GC heap before
{Heap before GC invocations=11 (full 0):
 PSYoungGen      total 222208K, used 221792K [0x000000076b800000, 0x000000077b600000, 0x00000007c0000000)
  eden space 221696K, 100% used [0x000000076b800000,0x0000000779080000,0x0000000779080000)
  from space 512K, 18% used [0x000000077b580000,0x000000077b598000,0x000000077b600000)
  to   space 2560K, 0% used [0x000000077b100000,0x000000077b100000,0x000000077b380000)
 ParOldGen       total 173568K, used 1419K [0x00000006c2800000, 0x00000006cd180000, 0x000000076b800000)
  object space 173568K, 0% used [0x00000006c2800000,0x00000006c2962de0,0x00000006cd180000)
 Metaspace       used 8019K, capacity 8550K, committed 8704K, reserved 1056768K
  class space    used 644K, capacity 658K, committed 768K, reserved 1048576K
Event: 1.376 GC heap after
Heap after GC invocations=11 (full 0):
 PSYoungGen      total 216064K, used 128K [0x000000076b800000, 0x000000077b600000, 0x00000007c0000000)
  eden space 213504K, 0% used [0x000000076b800000,0x000000076b800000,0x0000000778880000)
  from space 2560K, 5% used [0x000000077b100000,0x000000077b120000,0x000000077b380000)
  to   space 2560K, 0% used [0x000000077b380000,0x000000077b380000,0x000000077b600000)
 ParOldGen       total 173568K, used 1419K [0x00000006c2800000, 0x00000006cd180000, 0x000000076b800000)
  object space 173568K, 0% used [0x00000006c2800000,0x00000006c2962de0,0x00000006cd180000)
 Metaspace       used 8019K, capacity 8550K, committed 8704K, reserved 1056768K
  class space    used 644K, capacity 658K, committed 768K, reserved 1048576K
}
Event: 1.664 GC heap before
{Heap before GC invocations=12 (full 0):
 PSYoungGen      total 216064K, used 213632K [0x000000076b800000, 0x000000077b600000, 0x00000007c0000000)
  eden space 213504K, 100% used [0x000000076b800000,0x0000000778880000,0x0000000778880000)
  from space 2560K, 5% used [0x000000077b100000,0x000000077b120000,0x000000077b380000)
  to   space 2560K, 0% used [0x000000077b380000,0x000000077b380000,0x000000077b600000)
 ParOldGen       total 173568K, used 1419K [0x00000006c2800000, 0x00000006cd180000, 0x000000076b800000)
  object space 173568K, 0% used [0x00000006c2800000,0x00000006c2962de0,0x00000006cd180000)
 Metaspace       used 8021K, capacity 8550K, committed 8704K, reserved 1056768K
  class space    used 644K, capacity 658K, committed 768K, reserved 1048576K
Event: 1.664 GC heap after
Heap after GC invocations=12 (full 0):
 PSYoungGen      total 206336K, used 192K [0x000000076b800000, 0x000000077b400000, 0x00000007c0000000)
  eden space 205824K, 0% used [0x000000076b800000,0x000000076b800000,0x0000000778100000)
  from space 512K, 37% used [0x000000077b380000,0x000000077b3b0000,0x000000077b400000)
  to   space 2560K, 0% used [0x000000077af00000,0x000000077af00000,0x000000077b180000)
 ParOldGen       total 173568K, used 1419K [0x00000006c2800000, 0x00000006cd180000, 0x000000076b800000)
  object space 173568K, 0% used [0x00000006c2800000,0x00000006c2962de0,0x00000006cd180000)
 Metaspace       used 8021K, capacity 8550K, committed 8704K, reserved 1056768K
  class space    used 644K, capacity 658K, committed 768K, reserved 1048576K
}
Event: 1.915 GC heap before
{Heap before GC invocations=13 (full 0):
 PSYoungGen      total 206336K, used 206016K [0x000000076b800000, 0x000000077b400000, 0x00000007c0000000)
  eden space 205824K, 100% used [0x000000076b800000,0x0000000778100000,0x0000000778100000)
  from space 512K, 37% used [0x000000077b380000,0x000000077b3b0000,0x000000077b400000)
  to   space 2560K, 0% used [0x000000077af00000,0x000000077af00000,0x000000077b180000)
 ParOldGen       total 173568K, used 1419K [0x00000006c2800000, 0x00000006cd180000, 0x000000076b800000)
  object space 173568K, 0% used [0x00000006c2800000,0x00000006c2962de0,0x00000006cd180000)
 Metaspace       used 8024K, capacity 8550K, committed 8704K, reserved 1056768K
  class space    used 644K, capacity 658K, committed 768K, reserved 1048576K
Event: 1.915 GC heap after
Heap after GC invocations=13 (full 0):
 PSYoungGen      total 200704K, used 160K [0x000000076b800000, 0x000000077b400000, 0x00000007c0000000)
  eden space 198144K, 0% used [0x000000076b800000,0x000000076b800000,0x0000000777980000)
  from space 2560K, 6% used [0x000000077af00000,0x000000077af28000,0x000000077b180000)
  to   space 2560K, 0% used [0x000000077b180000,0x000000077b180000,0x000000077b400000)
 ParOldGen       total 173568K, used 1419K [0x00000006c2800000, 0x00000006cd180000, 0x000000076b800000)
  object space 173568K, 0% used [0x00000006c2800000,0x00000006c2962de0,0x00000006cd180000)
 Metaspace       used 8024K, capacity 8550K, committed 8704K, reserved 1056768K
  class space    used 644K, capacity 658K, committed 768K, reserved 1048576K
}
Event: 2.145 GC heap before
{Heap before GC invocations=14 (full 0):
 PSYoungGen      total 200704K, used 198304K [0x000000076b800000, 0x000000077b400000, 0x00000007c0000000)
  eden space 198144K, 100% used [0x000000076b800000,0x0000000777980000,0x0000000777980000)
  from space 2560K, 6% used [0x000000077af00000,0x000000077af28000,0x000000077b180000)
  to   space 2560K, 0% used [0x000000077b180000,0x000000077b180000,0x000000077b400000)
 ParOldGen       total 173568K, used 1419K [0x00000006c2800000, 0x00000006cd180000, 0x000000076b800000)
  object space 173568K, 0% used [0x00000006c2800000,0x00000006c2962de0,0x00000006cd180000)
 Metaspace       used 8025K, capacity 8550K, committed 8704K, reserved 1056768K
  class space    used 644K, capacity 658K, committed 768K, reserved 1048576K
Event: 2.145 GC heap after
Heap after GC invocations=14 (full 0):
 PSYoungGen      total 191488K, used 128K [0x000000076b800000, 0x000000077b200000, 0x00000007c0000000)
  eden space 190976K, 0% used [0x000000076b800000,0x000000076b800000,0x0000000777280000)
  from space 512K, 25% used [0x000000077b180000,0x000000077b1a0000,0x000000077b200000)
  to   space 2048K, 0% used [0x000000077ae00000,0x000000077ae00000,0x000000077b000000)
 ParOldGen       total 173568K, used 1419K [0x00000006c2800000, 0x00000006cd180000, 0x000000076b800000)
  object space 173568K, 0% used [0x00000006c2800000,0x00000006c2962de0,0x00000006cd180000)
 Metaspace       used 8025K, capacity 8550K, committed 8704K, reserved 1056768K
  class space    used 644K, capacity 658K, committed 768K, reserved 1048576K
}
Event: 2.366 GC heap before
{Heap before GC invocations=15 (full 0):
 PSYoungGen      total 191488K, used 191104K [0x000000076b800000, 0x000000077b200000, 0x00000007c0000000)
  eden space 190976K, 100% used [0x000000076b800000,0x0000000777280000,0x0000000777280000)
  from space 512K, 25% used [0x000000077b180000,0x000000077b1a0000,0x000000077b200000)
  to   space 2048K, 0% used [0x000000077ae00000,0x000000077ae00000,0x000000077b000000)
 ParOldGen       total 173568K, used 1419K [0x00000006c2800000, 0x00000006cd180000, 0x000000076b800000)
  object space 173568K, 0% used [0x00000006c2800000,0x00000006c2962de0,0x00000006cd180000)
 Metaspace       used 8028K, capacity 8550K, committed 8704K, reserved 1056768K
  class space    used 644K, capacity 658K, committed 768K, reserved 1048576K
Event: 2.367 GC heap after
Heap after GC invocations=15 (full 0):
 PSYoungGen      total 186368K, used 128K [0x000000076b800000, 0x000000077b200000, 0x00000007c0000000)
  eden space 184320K, 0% used [0x000000076b800000,0x000000076b800000,0x0000000776c00000)
  from space 2048K, 6% used [0x000000077ae00000,0x000000077ae20000,0x000000077b000000)
  to   space 2048K, 0% used [0x000000077b000000,0x000000077b000000,0x000000077b200000)
 ParOldGen       total 173568K, used 1419K [0x00000006c2800000, 0x00000006cd180000, 0x000000076b800000)
  object space 173568K, 0% used [0x00000006c2800000,0x00000006c2962de0,0x00000006cd180000)
 Metaspace       used 8028K, capacity 8550K, committed 8704K, reserved 1056768K
  class space    used 644K, capacity 658K, committed 768K, reserved 1048576K
}

