# JRE version: Java(TM) SE Runtime Environment (8.0_65-b17) (build 1.8.0_65-b17)
# Java VM: Java HotSpot(TM) 64-Bit Server VM (25.65-b01 mixed mode windows-amd64 compressed oops)
Heap:
 PSYoungGen      total 384512K, used 357289K [0x000000076b800000, 0x00000007bc380000, 0x00000007c0000000)
  eden space 381440K, 93% used [0x000000076b800000,0x00000007814aa498,0x0000000782c80000)
  from space 3072K, 8% used [0x00000007bbd80000,0x00000007bbdc0000,0x00000007bc080000)
  to   space 2560K, 0% used [0x00000007bc100000,0x00000007bc100000,0x00000007bc380000)
 ParOldGen       total 173568K, used 25584K [0x00000006c2800000, 0x00000006cd180000, 0x000000076b800000)
  object space 173568K, 14% used [0x00000006c2800000,0x00000006c40fc030,0x00000006cd180000)
 Metaspace       used 8359K, capacity 8710K, committed 8960K, reserved 1056768K
  class space    used 659K, capacity 690K, committed 768K, reserved 1048576K
GC Heap History (10 events):
Event: 14.473 GC heap before
{Heap before GC invocations=33 (full 0):
 PSYoungGen      total 475136K, used 474816K [0x000000076b800000, 0x00000007bc900000, 0x00000007c0000000)
  eden space 474624K, 100% used [0x000000076b800000,0x0000000788780000,0x0000000788780000)
  from space 512K, 37% used [0x00000007bc880000,0x00000007bc8b0000,0x00000007bc900000)
  to   space 3584K, 0% used [0x00000007bc200000,0x00000007bc200000,0x00000007bc580000)
 ParOldGen       total 173568K, used 25544K [0x00000006c2800000, 0x00000006cd180000, 0x000000076b800000)
  object space 173568K, 14% used [0x00000006c2800000,0x00000006c40f2030,0x00000006cd180000)
 Metaspace       used 8358K, capacity 8710K, committed 8960K, reserved 1056768K
  class space    used 658K, capacity 690K, committed 768K, reserved 1048576K
Event: 14.474 GC heap after
Heap after GC invocations=33 (full 0):
 PSYoungGen      total 457728K, used 224K [0x000000076b800000, 0x00000007bc900000, 0x00000007c0000000)
  eden space 454144K, 0% used [0x000000076b800000,0x000000076b800000,0x0000000787380000)
  from space 3584K, 6% used [0x00000007bc200000,0x00000007bc238000,0x00000007bc580000)
  to   space 3584K, 0% used [0x00000007bc580000,0x00000007bc580000,0x00000007bc900000)
 ParOldGen       total 173568K, used 25544K [0x00000006c2800000, 0x00000006cd180000, 0x000000076b800000)
  object space 173568K, 14% used [0x00000006c2800000,0x00000006c40f2030,0x00000006cd180000)
 Metaspace       used 8358K, capacity 8710K, committed 8960K, reserved 1056768K
  class space    used 658K, capacity 690K, committed 768K, reserved 1048576K
}
Event: 14.859 GC heap before
{Heap before GC invocations=34 (full 0):
 PSYoungGen      total 457728K, used 454368K [0x000000076b800000, 0x00000007bc900000, 0x00000007c0000000)
  eden space 454144K, 100% used [0x000000076b800000,0x0000000787380000,0x0000000787380000)
  from space 3584K, 6% used [0x00000007bc200000,0x00000007bc238000,0x00000007bc580000)
  to   space 3584K, 0% used [0x00000007bc580000,0x00000007bc580000,0x00000007bc900000)
 ParOldGen       total 173568K, used 25544K [0x00000006c2800000, 0x00000006cd180000, 0x000000076b800000)
  object space 173568K, 14% used [0x00000006c2800000,0x00000006c40f2030,0x00000006cd180000)
 Metaspace       used 8359K, capacity 8710K, committed 8960K, reserved 1056768K
  class space    used 659K, capacity 690K, committed 768K, reserved 1048576K
Event: 14.860 GC heap after
Heap after GC invocations=34 (full 0):
 PSYoungGen      total 435200K, used 224K [0x000000076b800000, 0x00000007bc600000, 0x00000007c0000000)
  eden space 434688K, 0% used [0x000000076b800000,0x000000076b800000,0x0000000786080000)
  from space 512K, 43% used [0x00000007bc580000,0x00000007bc5b8000,0x00000007bc600000)
  to   space 3072K, 0% used [0x00000007bc000000,0x00000007bc000000,0x00000007bc300000)
 ParOldGen       total 173568K, used 25568K [0x00000006c2800000, 0x00000006cd180000, 0x000000076b800000)
  object space 173568K, 14% used [0x00000006c2800000,0x00000006c40f8030,0x00000006cd180000)
 Metaspace       used 8359K, capacity 8710K, committed 8960K, reserved 1056768K
  class space    used 659K, capacity 690K, committed 768K, reserved 1048576K
}
Event: 15.222 GC heap before
{Heap before GC invocations=35 (full 0):
 PSYoungGen      total 435200K, used 434912K [0x000000076b800000, 0x00000007bc600000, 0x00000007c0000000)
  eden space 434688K, 100% used [0x000000076b800000,0x0000000786080000,0x0000000786080000)
  from space 512K, 43% used [0x00000007bc580000,0x00000007bc5b8000,0x00000007bc600000)
  to   space 3072K, 0% used [0x00000007bc000000,0x00000007bc000000,0x00000007bc300000)
 ParOldGen       total 173568K, used 25568K [0x00000006c2800000, 0x00000006cd180000, 0x000000076b800000)
  object space 173568K, 14% used [0x00000006c2800000,0x00000006c40f8030,0x00000006cd180000)
 Metaspace       used 8359K, capacity 8710K, committed 8960K, reserved 1056768K
  class space    used 659K, capacity 690K, committed 768K, reserved 1048576K
Event: 15.223 GC heap after
Heap after GC invocations=35 (full 0):
 PSYoungGen      total 419328K, used 224K [0x000000076b800000, 0x00000007bc600000, 0x00000007c0000000)
  eden space 416256K, 0% used [0x000000076b800000,0x000000076b800000,0x0000000784e80000)
  from space 3072K, 7% used [0x00000007bc000000,0x00000007bc038000,0x00000007bc300000)
  to   space 3072K, 0% used [0x00000007bc300000,0x00000007bc300000,0x00000007bc600000)
 ParOldGen       total 173568K, used 25584K [0x00000006c2800000, 0x00000006cd180000, 0x000000076b800000)
  object space 173568K, 14% used [0x00000006c2800000,0x00000006c40fc030,0x00000006cd180000)
 Metaspace       used 8359K, capacity 8710K, committed 8960K, reserved 1056768K
  class space    used 659K, capacity 690K, committed 768K, reserved 1048576K
}
Event: 15.545 GC heap before
{Heap before GC invocations=36 (full 0):
 PSYoungGen      total 419328K, used 416480K [0x000000076b800000, 0x00000007bc600000, 0x00000007c0000000)
  eden space 416256K, 100% used [0x000000076b800000,0x0000000784e80000,0x0000000784e80000)
  from space 3072K, 7% used [0x00000007bc000000,0x00000007bc038000,0x00000007bc300000)
  to   space 3072K, 0% used [0x00000007bc300000,0x00000007bc300000,0x00000007bc600000)
 ParOldGen       total 173568K, used 25584K [0x00000006c2800000, 0x00000006cd180000, 0x000000076b800000)
  object space 173568K, 14% used [0x00000006c2800000,0x00000006c40fc030,0x00000006cd180000)
 Metaspace       used 8359K, capacity 8710K, committed 8960K, reserved 1056768K
  class space    used 659K, capacity 690K, committed 768K, reserved 1048576K
Event: 15.546 GC heap after
Heap after GC invocations=36 (full 0):
 PSYoungGen      total 398848K, used 224K [0x000000076b800000, 0x00000007bc380000, 0x00000007c0000000)
  eden space 398336K, 0% used [0x000000076b800000,0x000000076b800000,0x0000000783d00000)
  from space 512K, 43% used [0x00000007bc300000,0x00000007bc338000,0x00000007bc380000)
  to   space 3072K, 0% used [0x00000007bbd80000,0x00000007bbd80000,0x00000007bc080000)
 ParOldGen       total 173568K, used 25584K [0x00000006c2800000, 0x00000006cd180000, 0x000000076b800000)
  object space 173568K, 14% used [0x00000006c2800000,0x00000006c40fc030,0x00000006cd180000)
 Metaspace       used 8359K, capacity 8710K, committed 8960K, reserved 1056768K
  class space    used 659K, capacity 690K, committed 768K, reserved 1048576K
}
Event: 15.839 GC heap before
{Heap before GC invocations=37 (full 0):
 PSYoungGen      total 398848K, used 398560K [0x000000076b800000, 0x00000007bc380000, 0x00000007c0000000)
  eden space 398336K, 100% used [0x000000076b800000,0x0000000783d00000,0x0000000783d00000)
  from space 512K, 43% used [0x00000007bc300000,0x00000007bc338000,0x00000007bc380000)
  to   space 3072K, 0% used [0x00000007bbd80000,0x00000007bbd80000,0x00000007bc080000)
 ParOldGen       total 173568K, used 25584K [0x00000006c2800000, 0x00000006cd180000, 0x000000076b800000)
  object space 173568K, 14% used [0x00000006c2800000,0x00000006c40fc030,0x00000006cd180000)
 Metaspace       used 8359K, capacity 8710K, committed 8960K, reserved 1056768K
  class space    used 659K, capacity 690K, committed 768K, reserved 1048576K
Event: 15.839 GC heap after
Heap after GC invocations=37 (full 0):
 PSYoungGen      total 384512K, used 256K [0x000000076b800000, 0x00000007bc380000, 0x00000007c0000000)
  eden space 381440K, 0% used [0x000000076b800000,0x000000076b800000,0x0000000782c80000)
  from space 3072K, 8% used [0x00000007bbd80000,0x00000007bbdc0000,0x00000007bc080000)
  to   space 2560K, 0% used [0x00000007bc100000,0x00000007bc100000,0x00000007bc380000)
 ParOldGen       total 173568K, used 25584K [0x00000006c2800000, 0x00000006cd180000, 0x000000076b800000)
  object space 173568K, 14% used [0x00000006c2800000,0x00000006c40fc030,0x00000006cd180000)
 Metaspace       used 8359K, capacity 8710K, committed 8960K, reserved 1056768K
  class space    used 659K, capacity 690K, committed 768K, reserved 1048576K
}

