# JRE version: Java(TM) SE Runtime Environment (8.0_65-b17) (build 1.8.0_65-b17)
# Java VM: Java HotSpot(TM) 64-Bit Server VM (25.65-b01 mixed mode windows-amd64 compressed oops)
Heap:
 PSYoungGen      total 231424K, used 55348K [0x000000076b800000, 0x000000078b500000, 0x00000007c0000000)
  eden space 230912K, 23% used [0x000000076b800000,0x000000076eddd308,0x0000000779980000)
  from space 512K, 37% used [0x000000078b480000,0x000000078b4b0000,0x000000078b500000)
  to   space 3584K, 0% used [0x000000078ae00000,0x000000078ae00000,0x000000078b180000)
 ParOldGen       total 173568K, used 1196K [0x00000006c2800000, 0x00000006cd180000, 0x000000076b800000)
  object space 173568K, 0% used [0x00000006c2800000,0x00000006c292b060,0x00000006cd180000)
 Metaspace       used 8219K, capacity 8614K, committed 8704K, reserved 1056768K
  class space    used 675K, capacity 722K, committed 768K, reserved 1048576K
GC Heap History (10 events):
Event: 1.248 GC heap before
{Heap before GC invocations=6 (full 0):
 PSYoungGen      total 140800K, used 131312K [0x000000076b800000, 0x000000077be00000, 0x00000007c0000000)
  eden space 130048K, 100% used [0x000000076b800000,0x0000000773700000,0x0000000773700000)
  from space 10752K, 11% used [0x0000000773700000,0x000000077383c010,0x0000000774180000)
  to   space 4096K, 0% used [0x000000077ba00000,0x000000077ba00000,0x000000077be00000)
 ParOldGen       total 173568K, used 24K [0x00000006c2800000, 0x00000006cd180000, 0x000000076b800000)
  object space 173568K, 0% used [0x00000006c2800000,0x00000006c2806000,0x00000006cd180000)
 Metaspace       used 8213K, capacity 8614K, committed 8704K, reserved 1056768K
  class space    used 675K, capacity 722K, committed 768K, reserved 1048576K
Event: 1.249 GC heap after
Heap after GC invocations=6 (full 0):
 PSYoungGen      total 263168K, used 1296K [0x000000076b800000, 0x000000077bd00000, 0x00000007c0000000)
  eden space 260096K, 0% used [0x000000076b800000,0x000000076b800000,0x000000077b600000)
  from space 3072K, 42% used [0x000000077ba00000,0x000000077bb44010,0x000000077bd00000)
  to   space 3584K, 0% used [0x000000077b600000,0x000000077b600000,0x000000077b980000)
 ParOldGen       total 173568K, used 24K [0x00000006c2800000, 0x00000006cd180000, 0x000000076b800000)
  object space 173568K, 0% used [0x00000006c2800000,0x00000006c2806000,0x00000006cd180000)
 Metaspace       used 8213K, capacity 8614K, committed 8704K, reserved 1056768K
  class space    used 675K, capacity 722K, committed 768K, reserved 1048576K
}
Event: 1.441 GC heap before
{Heap before GC invocations=7 (full 0):
 PSYoungGen      total 263168K, used 261392K [0x000000076b800000, 0x000000077bd00000, 0x00000007c0000000)
  eden space 260096K, 100% used [0x000000076b800000,0x000000077b600000,0x000000077b600000)
  from space 3072K, 42% used [0x000000077ba00000,0x000000077bb44010,0x000000077bd00000)
  to   space 3584K, 0% used [0x000000077b600000,0x000000077b600000,0x000000077b980000)
 ParOldGen       total 173568K, used 24K [0x00000006c2800000, 0x00000006cd180000, 0x000000076b800000)
  object space 173568K, 0% used [0x00000006c2800000,0x00000006c2806000,0x00000006cd180000)
 Metaspace       used 8213K, capacity 8614K, committed 8704K, reserved 1056768K
  class space    used 675K, capacity 722K, committed 768K, reserved 1048576K
Event: 1.443 GC heap after
Heap after GC invocations=7 (full 0):
 PSYoungGen      total 263680K, used 128K [0x000000076b800000, 0x000000078bb00000, 0x00000007c0000000)
  eden space 260096K, 0% used [0x000000076b800000,0x000000076b800000,0x000000077b600000)
  from space 3584K, 3% used [0x000000077b600000,0x000000077b620000,0x000000077b980000)
  to   space 3584K, 0% used [0x000000078b780000,0x000000078b780000,0x000000078bb00000)
 ParOldGen       total 173568K, used 1188K [0x00000006c2800000, 0x00000006cd180000, 0x000000076b800000)
  object space 173568K, 0% used [0x00000006c2800000,0x00000006c2929060,0x00000006cd180000)
 Metaspace       used 8213K, capacity 8614K, committed 8704K, reserved 1056768K
  class space    used 675K, capacity 722K, committed 768K, reserved 1048576K
}
Event: 1.709 GC heap before
{Heap before GC invocations=8 (full 0):
 PSYoungGen      total 263680K, used 260224K [0x000000076b800000, 0x000000078bb00000, 0x00000007c0000000)
  eden space 260096K, 100% used [0x000000076b800000,0x000000077b600000,0x000000077b600000)
  from space 3584K, 3% used [0x000000077b600000,0x000000077b620000,0x000000077b980000)
  to   space 3584K, 0% used [0x000000078b780000,0x000000078b780000,0x000000078bb00000)
 ParOldGen       total 173568K, used 1188K [0x00000006c2800000, 0x00000006cd180000, 0x000000076b800000)
  object space 173568K, 0% used [0x00000006c2800000,0x00000006c2929060,0x00000006cd180000)
 Metaspace       used 8216K, capacity 8614K, committed 8704K, reserved 1056768K
  class space    used 675K, capacity 722K, committed 768K, reserved 1048576K
Event: 1.709 GC heap after
Heap after GC invocations=8 (full 0):
 PSYoungGen      total 250368K, used 192K [0x000000076b800000, 0x000000078b800000, 0x00000007c0000000)
  eden space 249856K, 0% used [0x000000076b800000,0x000000076b800000,0x000000077ac00000)
  from space 512K, 37% used [0x000000078b780000,0x000000078b7b0000,0x000000078b800000)
  to   space 3584K, 0% used [0x000000078b100000,0x000000078b100000,0x000000078b480000)
 ParOldGen       total 173568K, used 1196K [0x00000006c2800000, 0x00000006cd180000, 0x000000076b800000)
  object space 173568K, 0% used [0x00000006c2800000,0x00000006c292b060,0x00000006cd180000)
 Metaspace       used 8216K, capacity 8614K, committed 8704K, reserved 1056768K
  class space    used 675K, capacity 722K, committed 768K, reserved 1048576K
}
Event: 1.892 GC heap before
{Heap before GC invocations=9 (full 0):
 PSYoungGen      total 250368K, used 250048K [0x000000076b800000, 0x000000078b800000, 0x00000007c0000000)
  eden space 249856K, 100% used [0x000000076b800000,0x000000077ac00000,0x000000077ac00000)
  from space 512K, 37% used [0x000000078b780000,0x000000078b7b0000,0x000000078b800000)
  to   space 3584K, 0% used [0x000000078b100000,0x000000078b100000,0x000000078b480000)
 ParOldGen       total 173568K, used 1196K [0x00000006c2800000, 0x00000006cd180000, 0x000000076b800000)
  object space 173568K, 0% used [0x00000006c2800000,0x00000006c292b060,0x00000006cd180000)
 Metaspace       used 8216K, capacity 8614K, committed 8704K, reserved 1056768K
  class space    used 675K, capacity 722K, committed 768K, reserved 1048576K
Event: 1.893 GC heap after
Heap after GC invocations=9 (full 0):
 PSYoungGen      total 243712K, used 192K [0x000000076b800000, 0x000000078b800000, 0x00000007c0000000)
  eden space 240128K, 0% used [0x000000076b800000,0x000000076b800000,0x000000077a280000)
  from space 3584K, 5% used [0x000000078b100000,0x000000078b130000,0x000000078b480000)
  to   space 3584K, 0% used [0x000000078b480000,0x000000078b480000,0x000000078b800000)
 ParOldGen       total 173568K, used 1196K [0x00000006c2800000, 0x00000006cd180000, 0x000000076b800000)
  object space 173568K, 0% used [0x00000006c2800000,0x00000006c292b060,0x00000006cd180000)
 Metaspace       used 8216K, capacity 8614K, committed 8704K, reserved 1056768K
  class space    used 675K, capacity 722K, committed 768K, reserved 1048576K
}
Event: 2.115 GC heap before
{Heap before GC invocations=10 (full 0):
 PSYoungGen      total 243712K, used 240320K [0x000000076b800000, 0x000000078b800000, 0x00000007c0000000)
  eden space 240128K, 100% used [0x000000076b800000,0x000000077a280000,0x000000077a280000)
  from space 3584K, 5% used [0x000000078b100000,0x000000078b130000,0x000000078b480000)
  to   space 3584K, 0% used [0x000000078b480000,0x000000078b480000,0x000000078b800000)
 ParOldGen       total 173568K, used 1196K [0x00000006c2800000, 0x00000006cd180000, 0x000000076b800000)
  object space 173568K, 0% used [0x00000006c2800000,0x00000006c292b060,0x00000006cd180000)
 Metaspace       used 8218K, capacity 8614K, committed 8704K, reserved 1056768K
  class space    used 675K, capacity 722K, committed 768K, reserved 1048576K
Event: 2.115 GC heap after
Heap after GC invocations=10 (full 0):
 PSYoungGen      total 231424K, used 192K [0x000000076b800000, 0x000000078b500000, 0x00000007c0000000)
  eden space 230912K, 0% used [0x000000076b800000,0x000000076b800000,0x0000000779980000)
  from space 512K, 37% used [0x000000078b480000,0x000000078b4b0000,0x000000078b500000)
  to   space 3584K, 0% used [0x000000078ae00000,0x000000078ae00000,0x000000078b180000)
 ParOldGen       total 173568K, used 1196K [0x00000006c2800000, 0x00000006cd180000, 0x000000076b800000)
  object space 173568K, 0% used [0x00000006c2800000,0x00000006c292b060,0x00000006cd180000)
 Metaspace       used 8218K, capacity 8614K, committed 8704K, reserved 1056768K
  class space    used 675K, capacity 722K, committed 768K, reserved 1048576K
}

