# JRE version: Java(TM) SE Runtime Environment (8.0_65-b17) (build 1.8.0_65-b17)
# Java VM: Java HotSpot(TM) 64-Bit Server VM (25.65-b01 mixed mode windows-amd64 compressed oops)
Heap:
 PSYoungGen      total 61440K, used 20295K [0x000000076b800000, 0x00000007ba680000, 0x00000007c0000000)
  eden space 60928K, 32% used [0x000000076b800000,0x000000076cb99f00,0x000000076f380000)
  from space 512K, 43% used [0x00000007ba600000,0x00000007ba638000,0x00000007ba680000)
  to   space 512K, 0% used [0x00000007ba580000,0x00000007ba580000,0x00000007ba600000)
 ParOldGen       total 173568K, used 31252K [0x00000006c2800000, 0x00000006cd180000, 0x000000076b800000)
  object space 173568K, 18% used [0x00000006c2800000,0x00000006c4685240,0x00000006cd180000)
 Metaspace       used 8402K, capacity 8774K, committed 8960K, reserved 1056768K
  class space    used 662K, capacity 690K, committed 768K, reserved 1048576K
GC Heap History (10 events):
Event: 27.423 GC heap before
{Heap before GC invocations=144 (full 0):
 PSYoungGen      total 68608K, used 68224K [0x000000076b800000, 0x00000007ba680000, 0x00000007c0000000)
  eden space 68096K, 100% used [0x000000076b800000,0x000000076fa80000,0x000000076fa80000)
  from space 512K, 25% used [0x00000007ba580000,0x00000007ba5a0000,0x00000007ba600000)
  to   space 512K, 0% used [0x00000007ba600000,0x00000007ba600000,0x00000007ba680000)
 ParOldGen       total 173568K, used 31252K [0x00000006c2800000, 0x00000006cd180000, 0x000000076b800000)
  object space 173568K, 18% used [0x00000006c2800000,0x00000006c4685240,0x00000006cd180000)
 Metaspace       used 8402K, capacity 8774K, committed 8960K, reserved 1056768K
  class space    used 662K, capacity 690K, committed 768K, reserved 1048576K
Event: 27.423 GC heap after
Heap after GC invocations=144 (full 0):
 PSYoungGen      total 67072K, used 224K [0x000000076b800000, 0x00000007ba680000, 0x00000007c0000000)
  eden space 66560K, 0% used [0x000000076b800000,0x000000076b800000,0x000000076f900000)
  from space 512K, 43% used [0x00000007ba600000,0x00000007ba638000,0x00000007ba680000)
  to   space 512K, 0% used [0x00000007ba580000,0x00000007ba580000,0x00000007ba600000)
 ParOldGen       total 173568K, used 31252K [0x00000006c2800000, 0x00000006cd180000, 0x000000076b800000)
  object space 173568K, 18% used [0x00000006c2800000,0x00000006c4685240,0x00000006cd180000)
 Metaspace       used 8402K, capacity 8774K, committed 8960K, reserved 1056768K
  class space    used 662K, capacity 690K, committed 768K, reserved 1048576K
}
Event: 27.501 GC heap before
{Heap before GC invocations=145 (full 0):
 PSYoungGen      total 67072K, used 66784K [0x000000076b800000, 0x00000007ba680000, 0x00000007c0000000)
  eden space 66560K, 100% used [0x000000076b800000,0x000000076f900000,0x000000076f900000)
  from space 512K, 43% used [0x00000007ba600000,0x00000007ba638000,0x00000007ba680000)
  to   space 512K, 0% used [0x00000007ba580000,0x00000007ba580000,0x00000007ba600000)
 ParOldGen       total 173568K, used 31252K [0x00000006c2800000, 0x00000006cd180000, 0x000000076b800000)
  object space 173568K, 18% used [0x00000006c2800000,0x00000006c4685240,0x00000006cd180000)
 Metaspace       used 8402K, capacity 8774K, committed 8960K, reserved 1056768K
  class space    used 662K, capacity 690K, committed 768K, reserved 1048576K
Event: 27.501 GC heap after
Heap after GC invocations=145 (full 0):
 PSYoungGen      total 65536K, used 192K [0x000000076b800000, 0x00000007ba680000, 0x00000007c0000000)
  eden space 65024K, 0% used [0x000000076b800000,0x000000076b800000,0x000000076f780000)
  from space 512K, 37% used [0x00000007ba580000,0x00000007ba5b0000,0x00000007ba600000)
  to   space 512K, 0% used [0x00000007ba600000,0x00000007ba600000,0x00000007ba680000)
 ParOldGen       total 173568K, used 31252K [0x00000006c2800000, 0x00000006cd180000, 0x000000076b800000)
  object space 173568K, 18% used [0x00000006c2800000,0x00000006c4685240,0x00000006cd180000)
 Metaspace       used 8402K, capacity 8774K, committed 8960K, reserved 1056768K
  class space    used 662K, capacity 690K, committed 768K, reserved 1048576K
}
Event: 27.564 GC heap before
{Heap before GC invocations=146 (full 0):
 PSYoungGen      total 65536K, used 65216K [0x000000076b800000, 0x00000007ba680000, 0x00000007c0000000)
  eden space 65024K, 100% used [0x000000076b800000,0x000000076f780000,0x000000076f780000)
  from space 512K, 37% used [0x00000007ba580000,0x00000007ba5b0000,0x00000007ba600000)
  to   space 512K, 0% used [0x00000007ba600000,0x00000007ba600000,0x00000007ba680000)
 ParOldGen       total 173568K, used 31252K [0x00000006c2800000, 0x00000006cd180000, 0x000000076b800000)
  object space 173568K, 18% used [0x00000006c2800000,0x00000006c4685240,0x00000006cd180000)
 Metaspace       used 8402K, capacity 8774K, committed 8960K, reserved 1056768K
  class space    used 662K, capacity 690K, committed 768K, reserved 1048576K
Event: 27.565 GC heap after
Heap after GC invocations=146 (full 0):
 PSYoungGen      total 64000K, used 224K [0x000000076b800000, 0x00000007ba680000, 0x00000007c0000000)
  eden space 63488K, 0% used [0x000000076b800000,0x000000076b800000,0x000000076f600000)
  from space 512K, 43% used [0x00000007ba600000,0x00000007ba638000,0x00000007ba680000)
  to   space 512K, 0% used [0x00000007ba580000,0x00000007ba580000,0x00000007ba600000)
 ParOldGen       total 173568K, used 31252K [0x00000006c2800000, 0x00000006cd180000, 0x000000076b800000)
  object space 173568K, 18% used [0x00000006c2800000,0x00000006c4685240,0x00000006cd180000)
 Metaspace       used 8402K, capacity 8774K, committed 8960K, reserved 1056768K
  class space    used 662K, capacity 690K, committed 768K, reserved 1048576K
}
Event: 27.616 GC heap before
{Heap before GC invocations=147 (full 0):
 PSYoungGen      total 64000K, used 63712K [0x000000076b800000, 0x00000007ba680000, 0x00000007c0000000)
  eden space 63488K, 100% used [0x000000076b800000,0x000000076f600000,0x000000076f600000)
  from space 512K, 43% used [0x00000007ba600000,0x00000007ba638000,0x00000007ba680000)
  to   space 512K, 0% used [0x00000007ba580000,0x00000007ba580000,0x00000007ba600000)
 ParOldGen       total 173568K, used 31252K [0x00000006c2800000, 0x00000006cd180000, 0x000000076b800000)
  object space 173568K, 18% used [0x00000006c2800000,0x00000006c4685240,0x00000006cd180000)
 Metaspace       used 8402K, capacity 8774K, committed 8960K, reserved 1056768K
  class space    used 662K, capacity 690K, committed 768K, reserved 1048576K
Event: 27.617 GC heap after
Heap after GC invocations=147 (full 0):
 PSYoungGen      total 62464K, used 160K [0x000000076b800000, 0x00000007ba680000, 0x00000007c0000000)
  eden space 61952K, 0% used [0x000000076b800000,0x000000076b800000,0x000000076f480000)
  from space 512K, 31% used [0x00000007ba580000,0x00000007ba5a8000,0x00000007ba600000)
  to   space 512K, 0% used [0x00000007ba600000,0x00000007ba600000,0x00000007ba680000)
 ParOldGen       total 173568K, used 31252K [0x00000006c2800000, 0x00000006cd180000, 0x000000076b800000)
  object space 173568K, 18% used [0x00000006c2800000,0x00000006c4685240,0x00000006cd180000)
 Metaspace       used 8402K, capacity 8774K, committed 8960K, reserved 1056768K
  class space    used 662K, capacity 690K, committed 768K, reserved 1048576K
}
Event: 27.688 GC heap before
{Heap before GC invocations=148 (full 0):
 PSYoungGen      total 62464K, used 62112K [0x000000076b800000, 0x00000007ba680000, 0x00000007c0000000)
  eden space 61952K, 100% used [0x000000076b800000,0x000000076f480000,0x000000076f480000)
  from space 512K, 31% used [0x00000007ba580000,0x00000007ba5a8000,0x00000007ba600000)
  to   space 512K, 0% used [0x00000007ba600000,0x00000007ba600000,0x00000007ba680000)
 ParOldGen       total 173568K, used 31252K [0x00000006c2800000, 0x00000006cd180000, 0x000000076b800000)
  object space 173568K, 18% used [0x00000006c2800000,0x00000006c4685240,0x00000006cd180000)
 Metaspace       used 8402K, capacity 8774K, committed 8960K, reserved 1056768K
  class space    used 662K, capacity 690K, committed 768K, reserved 1048576K
Event: 27.688 GC heap after
Heap after GC invocations=148 (full 0):
 PSYoungGen      total 61440K, used 224K [0x000000076b800000, 0x00000007ba680000, 0x00000007c0000000)
  eden space 60928K, 0% used [0x000000076b800000,0x000000076b800000,0x000000076f380000)
  from space 512K, 43% used [0x00000007ba600000,0x00000007ba638000,0x00000007ba680000)
  to   space 512K, 0% used [0x00000007ba580000,0x00000007ba580000,0x00000007ba600000)
 ParOldGen       total 173568K, used 31252K [0x00000006c2800000, 0x00000006cd180000, 0x000000076b800000)
  object space 173568K, 18% used [0x00000006c2800000,0x00000006c4685240,0x00000006cd180000)
 Metaspace       used 8402K, capacity 8774K, committed 8960K, reserved 1056768K
  class space    used 662K, capacity 690K, committed 768K, reserved 1048576K
}

