# JRE version: Java(TM) SE Runtime Environment (8.0_65-b17) (build 1.8.0_65-b17)
# Java VM: Java HotSpot(TM) 64-Bit Server VM (25.65-b01 mixed mode windows-amd64 compressed oops)
Heap:
 PSYoungGen      total 986112K, used 340757K [0x000000076b800000, 0x00000007bb300000, 0x00000007c0000000)
  eden space 985600K, 34% used [0x000000076b800000,0x0000000780485458,0x00000007a7a80000)
  from space 512K, 50% used [0x00000007bb280000,0x00000007bb2c0000,0x00000007bb300000)
  to   space 6656K, 0% used [0x00000007ba600000,0x00000007ba600000,0x00000007bac80000)
 ParOldGen       total 173568K, used 12919K [0x00000006c2800000, 0x00000006cd180000, 0x000000076b800000)
  object space 173568K, 7% used [0x00000006c2800000,0x00000006c349de30,0x00000006cd180000)
 Metaspace       used 8376K, capacity 8774K, committed 8960K, reserved 1056768K
  class space    used 662K, capacity 690K, committed 768K, reserved 1048576K
GC Heap History (10 events):
Event: 6.045 GC heap before
{Heap before GC invocations=14 (full 0):
 PSYoungGen      total 1255424K, used 1255168K [0x000000076b800000, 0x00000007bc780000, 0x00000007c0000000)
  eden space 1254912K, 100% used [0x000000076b800000,0x00000007b8180000,0x00000007b8180000)
  from space 512K, 50% used [0x00000007bbe80000,0x00000007bbec0000,0x00000007bbf00000)
  to   space 8192K, 0% used [0x00000007bbf80000,0x00000007bbf80000,0x00000007bc780000)
 ParOldGen       total 173568K, used 12847K [0x00000006c2800000, 0x00000006cd180000, 0x000000076b800000)
  object space 173568K, 7% used [0x00000006c2800000,0x00000006c348be30,0x00000006cd180000)
 Metaspace       used 8367K, capacity 8774K, committed 8960K, reserved 1056768K
  class space    used 661K, capacity 690K, committed 768K, reserved 1048576K
Event: 6.045 GC heap after
Heap after GC invocations=14 (full 0):
 PSYoungGen      total 1196032K, used 256K [0x000000076b800000, 0x00000007bc000000, 0x00000007c0000000)
  eden space 1195520K, 0% used [0x000000076b800000,0x000000076b800000,0x00000007b4780000)
  from space 512K, 50% used [0x00000007bbf80000,0x00000007bbfc0000,0x00000007bc000000)
  to   space 7680K, 0% used [0x00000007bb100000,0x00000007bb100000,0x00000007bb880000)
 ParOldGen       total 173568K, used 12863K [0x00000006c2800000, 0x00000006cd180000, 0x000000076b800000)
  object space 173568K, 7% used [0x00000006c2800000,0x00000006c348fe30,0x00000006cd180000)
 Metaspace       used 8367K, capacity 8774K, committed 8960K, reserved 1056768K
  class space    used 661K, capacity 690K, committed 768K, reserved 1048576K
}
Event: 7.119 GC heap before
{Heap before GC invocations=15 (full 0):
 PSYoungGen      total 1196032K, used 1195776K [0x000000076b800000, 0x00000007bc000000, 0x00000007c0000000)
  eden space 1195520K, 100% used [0x000000076b800000,0x00000007b4780000,0x00000007b4780000)
  from space 512K, 50% used [0x00000007bbf80000,0x00000007bbfc0000,0x00000007bc000000)
  to   space 7680K, 0% used [0x00000007bb100000,0x00000007bb100000,0x00000007bb880000)
 ParOldGen       total 173568K, used 12863K [0x00000006c2800000, 0x00000006cd180000, 0x000000076b800000)
  object space 173568K, 7% used [0x00000006c2800000,0x00000006c348fe30,0x00000006cd180000)
 Metaspace       used 8367K, capacity 8774K, committed 8960K, reserved 1056768K
  class space    used 661K, capacity 690K, committed 768K, reserved 1048576K
Event: 7.120 GC heap after
Heap after GC invocations=15 (full 0):
 PSYoungGen      total 1146880K, used 256K [0x000000076b800000, 0x00000007bc000000, 0x00000007c0000000)
  eden space 1139200K, 0% used [0x000000076b800000,0x000000076b800000,0x00000007b1080000)
  from space 7680K, 3% used [0x00000007bb100000,0x00000007bb140000,0x00000007bb880000)
  to   space 7680K, 0% used [0x00000007bb880000,0x00000007bb880000,0x00000007bc000000)
 ParOldGen       total 173568K, used 12863K [0x00000006c2800000, 0x00000006cd180000, 0x000000076b800000)
  object space 173568K, 7% used [0x00000006c2800000,0x00000006c348fe30,0x00000006cd180000)
 Metaspace       used 8367K, capacity 8774K, committed 8960K, reserved 1056768K
  class space    used 661K, capacity 690K, committed 768K, reserved 1048576K
}
Event: 8.115 GC heap before
{Heap before GC invocations=16 (full 0):
 PSYoungGen      total 1146880K, used 1139456K [0x000000076b800000, 0x00000007bc000000, 0x00000007c0000000)
  eden space 1139200K, 100% used [0x000000076b800000,0x00000007b1080000,0x00000007b1080000)
  from space 7680K, 3% used [0x00000007bb100000,0x00000007bb140000,0x00000007bb880000)
  to   space 7680K, 0% used [0x00000007bb880000,0x00000007bb880000,0x00000007bc000000)
 ParOldGen       total 173568K, used 12863K [0x00000006c2800000, 0x00000006cd180000, 0x000000076b800000)
  object space 173568K, 7% used [0x00000006c2800000,0x00000006c348fe30,0x00000006cd180000)
 Metaspace       used 8373K, capacity 8774K, committed 8960K, reserved 1056768K
  class space    used 661K, capacity 690K, committed 768K, reserved 1048576K
Event: 8.116 GC heap after
Heap after GC invocations=16 (full 0):
 PSYoungGen      total 1085952K, used 256K [0x000000076b800000, 0x00000007bb900000, 0x00000007c0000000)
  eden space 1085440K, 0% used [0x000000076b800000,0x000000076b800000,0x00000007adc00000)
  from space 512K, 50% used [0x00000007bb880000,0x00000007bb8c0000,0x00000007bb900000)
  to   space 7168K, 0% used [0x00000007bab00000,0x00000007bab00000,0x00000007bb200000)
 ParOldGen       total 173568K, used 12887K [0x00000006c2800000, 0x00000006cd180000, 0x000000076b800000)
  object space 173568K, 7% used [0x00000006c2800000,0x00000006c3495e30,0x00000006cd180000)
 Metaspace       used 8373K, capacity 8774K, committed 8960K, reserved 1056768K
  class space    used 661K, capacity 690K, committed 768K, reserved 1048576K
}
Event: 9.046 GC heap before
{Heap before GC invocations=17 (full 0):
 PSYoungGen      total 1085952K, used 1085696K [0x000000076b800000, 0x00000007bb900000, 0x00000007c0000000)
  eden space 1085440K, 100% used [0x000000076b800000,0x00000007adc00000,0x00000007adc00000)
  from space 512K, 50% used [0x00000007bb880000,0x00000007bb8c0000,0x00000007bb900000)
  to   space 7168K, 0% used [0x00000007bab00000,0x00000007bab00000,0x00000007bb200000)
 ParOldGen       total 173568K, used 12887K [0x00000006c2800000, 0x00000006cd180000, 0x000000076b800000)
  object space 173568K, 7% used [0x00000006c2800000,0x00000006c3495e30,0x00000006cd180000)
 Metaspace       used 8374K, capacity 8774K, committed 8960K, reserved 1056768K
  class space    used 662K, capacity 690K, committed 768K, reserved 1048576K
Event: 9.047 GC heap after
Heap after GC invocations=17 (full 0):
 PSYoungGen      total 1041408K, used 256K [0x000000076b800000, 0x00000007bb900000, 0x00000007c0000000)
  eden space 1034240K, 0% used [0x000000076b800000,0x000000076b800000,0x00000007aaa00000)
  from space 7168K, 3% used [0x00000007bab00000,0x00000007bab40000,0x00000007bb200000)
  to   space 6656K, 0% used [0x00000007bb280000,0x00000007bb280000,0x00000007bb900000)
 ParOldGen       total 173568K, used 12887K [0x00000006c2800000, 0x00000006cd180000, 0x000000076b800000)
  object space 173568K, 7% used [0x00000006c2800000,0x00000006c3495e30,0x00000006cd180000)
 Metaspace       used 8374K, capacity 8774K, committed 8960K, reserved 1056768K
  class space    used 662K, capacity 690K, committed 768K, reserved 1048576K
}
Event: 10.045 GC heap before
{Heap before GC invocations=18 (full 0):
 PSYoungGen      total 1041408K, used 1034496K [0x000000076b800000, 0x00000007bb900000, 0x00000007c0000000)
  eden space 1034240K, 100% used [0x000000076b800000,0x00000007aaa00000,0x00000007aaa00000)
  from space 7168K, 3% used [0x00000007bab00000,0x00000007bab40000,0x00000007bb200000)
  to   space 6656K, 0% used [0x00000007bb280000,0x00000007bb280000,0x00000007bb900000)
 ParOldGen       total 173568K, used 12887K [0x00000006c2800000, 0x00000006cd180000, 0x000000076b800000)
  object space 173568K, 7% used [0x00000006c2800000,0x00000006c3495e30,0x00000006cd180000)
 Metaspace       used 8374K, capacity 8774K, committed 8960K, reserved 1056768K
  class space    used 662K, capacity 690K, committed 768K, reserved 1048576K
Event: 10.046 GC heap after
Heap after GC invocations=18 (full 0):
 PSYoungGen      total 986112K, used 256K [0x000000076b800000, 0x00000007bb300000, 0x00000007c0000000)
  eden space 985600K, 0% used [0x000000076b800000,0x000000076b800000,0x00000007a7a80000)
  from space 512K, 50% used [0x00000007bb280000,0x00000007bb2c0000,0x00000007bb300000)
  to   space 6656K, 0% used [0x00000007ba600000,0x00000007ba600000,0x00000007bac80000)
 ParOldGen       total 173568K, used 12919K [0x00000006c2800000, 0x00000006cd180000, 0x000000076b800000)
  object space 173568K, 7% used [0x00000006c2800000,0x00000006c349de30,0x00000006cd180000)
 Metaspace       used 8374K, capacity 8774K, committed 8960K, reserved 1056768K
  class space    used 662K, capacity 690K, committed 768K, reserved 1048576K
}

