# JRE version: Java(TM) SE Runtime Environment (8.0_65-b17) (build 1.8.0_65-b17)
# Java VM: Java HotSpot(TM) 64-Bit Server VM (25.65-b01 mixed mode windows-amd64 compressed oops)
Heap:
 PSYoungGen      total 576000K, used 34398K [0x000000076b800000, 0x00000007aa400000, 0x00000007c0000000)
  eden space 571904K, 5% used [0x000000076b800000,0x000000076d95f8c8,0x000000078e680000)
  from space 4096K, 5% used [0x00000007a9c00000,0x00000007a9c38000,0x00000007aa000000)
  to   space 4096K, 0% used [0x00000007aa000000,0x00000007aa000000,0x00000007aa400000)
 ParOldGen       total 173568K, used 17560K [0x00000006c2800000, 0x00000006cd180000, 0x000000076b800000)
  object space 173568K, 10% used [0x00000006c2800000,0x00000006c3926260,0x00000006cd180000)
 Metaspace       used 8362K, capacity 8774K, committed 8960K, reserved 1056768K
  class space    used 659K, capacity 690K, committed 768K, reserved 1048576K
GC Heap History (10 events):
Event: 9.108 GC heap before
{Heap before GC invocations=23 (full 0):
 PSYoungGen      total 720896K, used 720640K [0x000000076b800000, 0x00000007aac80000, 0x00000007c0000000)
  eden space 720384K, 100% used [0x000000076b800000,0x0000000797780000,0x0000000797780000)
  from space 512K, 50% used [0x00000007aac00000,0x00000007aac40000,0x00000007aac80000)
  to   space 5120K, 0% used [0x00000007aa280000,0x00000007aa280000,0x00000007aa780000)
 ParOldGen       total 173568K, used 17520K [0x00000006c2800000, 0x00000006cd180000, 0x000000076b800000)
  object space 173568K, 10% used [0x00000006c2800000,0x00000006c391c260,0x00000006cd180000)
 Metaspace       used 8361K, capacity 8774K, committed 8960K, reserved 1056768K
  class space    used 659K, capacity 690K, committed 768K, reserved 1048576K
Event: 9.109 GC heap after
Heap after GC invocations=23 (full 0):
 PSYoungGen      total 692736K, used 256K [0x000000076b800000, 0x00000007aac80000, 0x00000007c0000000)
  eden space 687616K, 0% used [0x000000076b800000,0x000000076b800000,0x0000000795780000)
  from space 5120K, 5% used [0x00000007aa280000,0x00000007aa2c0000,0x00000007aa780000)
  to   space 5120K, 0% used [0x00000007aa780000,0x00000007aa780000,0x00000007aac80000)
 ParOldGen       total 173568K, used 17536K [0x00000006c2800000, 0x00000006cd180000, 0x000000076b800000)
  object space 173568K, 10% used [0x00000006c2800000,0x00000006c3920260,0x00000006cd180000)
 Metaspace       used 8361K, capacity 8774K, committed 8960K, reserved 1056768K
  class space    used 659K, capacity 690K, committed 768K, reserved 1048576K
}
Event: 9.598 GC heap before
{Heap before GC invocations=24 (full 0):
 PSYoungGen      total 692736K, used 687872K [0x000000076b800000, 0x00000007aac80000, 0x00000007c0000000)
  eden space 687616K, 100% used [0x000000076b800000,0x0000000795780000,0x0000000795780000)
  from space 5120K, 5% used [0x00000007aa280000,0x00000007aa2c0000,0x00000007aa780000)
  to   space 5120K, 0% used [0x00000007aa780000,0x00000007aa780000,0x00000007aac80000)
 ParOldGen       total 173568K, used 17536K [0x00000006c2800000, 0x00000006cd180000, 0x000000076b800000)
  object space 173568K, 10% used [0x00000006c2800000,0x00000006c3920260,0x00000006cd180000)
 Metaspace       used 8361K, capacity 8774K, committed 8960K, reserved 1056768K
  class space    used 659K, capacity 690K, committed 768K, reserved 1048576K
Event: 9.599 GC heap after
Heap after GC invocations=24 (full 0):
 PSYoungGen      total 656896K, used 224K [0x000000076b800000, 0x00000007aa800000, 0x00000007c0000000)
  eden space 656384K, 0% used [0x000000076b800000,0x000000076b800000,0x0000000793900000)
  from space 512K, 43% used [0x00000007aa780000,0x00000007aa7b8000,0x00000007aa800000)
  to   space 4608K, 0% used [0x00000007a9f00000,0x00000007a9f00000,0x00000007aa380000)
 ParOldGen       total 173568K, used 17544K [0x00000006c2800000, 0x00000006cd180000, 0x000000076b800000)
  object space 173568K, 10% used [0x00000006c2800000,0x00000006c3922260,0x00000006cd180000)
 Metaspace       used 8361K, capacity 8774K, committed 8960K, reserved 1056768K
  class space    used 659K, capacity 690K, committed 768K, reserved 1048576K
}
Event: 10.260 GC heap before
{Heap before GC invocations=25 (full 0):
 PSYoungGen      total 656896K, used 656608K [0x000000076b800000, 0x00000007aa800000, 0x00000007c0000000)
  eden space 656384K, 100% used [0x000000076b800000,0x0000000793900000,0x0000000793900000)
  from space 512K, 43% used [0x00000007aa780000,0x00000007aa7b8000,0x00000007aa800000)
  to   space 4608K, 0% used [0x00000007a9f00000,0x00000007a9f00000,0x00000007aa380000)
 ParOldGen       total 173568K, used 17544K [0x00000006c2800000, 0x00000006cd180000, 0x000000076b800000)
  object space 173568K, 10% used [0x00000006c2800000,0x00000006c3922260,0x00000006cd180000)
 Metaspace       used 8362K, capacity 8774K, committed 8960K, reserved 1056768K
  class space    used 659K, capacity 690K, committed 768K, reserved 1048576K
Event: 10.260 GC heap after
Heap after GC invocations=25 (full 0):
 PSYoungGen      total 631296K, used 224K [0x000000076b800000, 0x00000007aa800000, 0x00000007c0000000)
  eden space 626688K, 0% used [0x000000076b800000,0x000000076b800000,0x0000000791c00000)
  from space 4608K, 4% used [0x00000007a9f00000,0x00000007a9f38000,0x00000007aa380000)
  to   space 4608K, 0% used [0x00000007aa380000,0x00000007aa380000,0x00000007aa800000)
 ParOldGen       total 173568K, used 17544K [0x00000006c2800000, 0x00000006cd180000, 0x000000076b800000)
  object space 173568K, 10% used [0x00000006c2800000,0x00000006c3922260,0x00000006cd180000)
 Metaspace       used 8362K, capacity 8774K, committed 8960K, reserved 1056768K
  class space    used 659K, capacity 690K, committed 768K, reserved 1048576K
}
Event: 10.708 GC heap before
{Heap before GC invocations=26 (full 0):
 PSYoungGen      total 631296K, used 626912K [0x000000076b800000, 0x00000007aa800000, 0x00000007c0000000)
  eden space 626688K, 100% used [0x000000076b800000,0x0000000791c00000,0x0000000791c00000)
  from space 4608K, 4% used [0x00000007a9f00000,0x00000007a9f38000,0x00000007aa380000)
  to   space 4608K, 0% used [0x00000007aa380000,0x00000007aa380000,0x00000007aa800000)
 ParOldGen       total 173568K, used 17544K [0x00000006c2800000, 0x00000006cd180000, 0x000000076b800000)
  object space 173568K, 10% used [0x00000006c2800000,0x00000006c3922260,0x00000006cd180000)
 Metaspace       used 8362K, capacity 8774K, committed 8960K, reserved 1056768K
  class space    used 659K, capacity 690K, committed 768K, reserved 1048576K
Event: 10.708 GC heap after
Heap after GC invocations=26 (full 0):
 PSYoungGen      total 599040K, used 224K [0x000000076b800000, 0x00000007aa400000, 0x00000007c0000000)
  eden space 598528K, 0% used [0x000000076b800000,0x000000076b800000,0x0000000790080000)
  from space 512K, 43% used [0x00000007aa380000,0x00000007aa3b8000,0x00000007aa400000)
  to   space 4096K, 0% used [0x00000007a9c00000,0x00000007a9c00000,0x00000007aa000000)
 ParOldGen       total 173568K, used 17560K [0x00000006c2800000, 0x00000006cd180000, 0x000000076b800000)
  object space 173568K, 10% used [0x00000006c2800000,0x00000006c3926260,0x00000006cd180000)
 Metaspace       used 8362K, capacity 8774K, committed 8960K, reserved 1056768K
  class space    used 659K, capacity 690K, committed 768K, reserved 1048576K
}
Event: 11.221 GC heap before
{Heap before GC invocations=27 (full 0):
 PSYoungGen      total 599040K, used 598752K [0x000000076b800000, 0x00000007aa400000, 0x00000007c0000000)
  eden space 598528K, 100% used [0x000000076b800000,0x0000000790080000,0x0000000790080000)
  from space 512K, 43% used [0x00000007aa380000,0x00000007aa3b8000,0x00000007aa400000)
  to   space 4096K, 0% used [0x00000007a9c00000,0x00000007a9c00000,0x00000007aa000000)
 ParOldGen       total 173568K, used 17560K [0x00000006c2800000, 0x00000006cd180000, 0x000000076b800000)
  object space 173568K, 10% used [0x00000006c2800000,0x00000006c3926260,0x00000006cd180000)
 Metaspace       used 8362K, capacity 8774K, committed 8960K, reserved 1056768K
  class space    used 659K, capacity 690K, committed 768K, reserved 1048576K
Event: 11.222 GC heap after
Heap after GC invocations=27 (full 0):
 PSYoungGen      total 576000K, used 224K [0x000000076b800000, 0x00000007aa400000, 0x00000007c0000000)
  eden space 571904K, 0% used [0x000000076b800000,0x000000076b800000,0x000000078e680000)
  from space 4096K, 5% used [0x00000007a9c00000,0x00000007a9c38000,0x00000007aa000000)
  to   space 4096K, 0% used [0x00000007aa000000,0x00000007aa000000,0x00000007aa400000)
 ParOldGen       total 173568K, used 17560K [0x00000006c2800000, 0x00000006cd180000, 0x000000076b800000)
  object space 173568K, 10% used [0x00000006c2800000,0x00000006c3926260,0x00000006cd180000)
 Metaspace       used 8362K, capacity 8774K, committed 8960K, reserved 1056768K
  class space    used 659K, capacity 690K, committed 768K, reserved 1048576K
}

