# JRE version: Java(TM) SE Runtime Environment (8.0_65-b17) (build 1.8.0_65-b17)
# Java VM: Java HotSpot(TM) 64-Bit Server VM (25.65-b01 mixed mode windows-amd64 compressed oops)
Heap:
 PSYoungGen      total 71168K, used 35975K [0x000000076b800000, 0x00000007b7700000, 0x00000007c0000000)
  eden space 70656K, 50% used [0x000000076b800000,0x000000076dae9dc0,0x000000076fd00000)
  from space 512K, 43% used [0x00000007b7680000,0x00000007b76b8000,0x00000007b7700000)
  to   space 512K, 0% used [0x00000007b7600000,0x00000007b7600000,0x00000007b7680000)
 ParOldGen       total 173568K, used 7286K [0x00000006c2800000, 0x00000006cd180000, 0x000000076b800000)
  object space 173568K, 4% used [0x00000006c2800000,0x00000006c2f1d8d8,0x00000006cd180000)
 Metaspace       used 9812K, capacity 9902K, committed 10112K, reserved 1058816K
  class space    used 783K, capacity 826K, committed 896K, reserved 1048576K
GC Heap History (10 events):
Event: 40.377 GC heap before
{Heap before GC invocations=436 (full 0):
 PSYoungGen      total 65024K, used 64672K [0x000000076b800000, 0x00000007b7700000, 0x00000007c0000000)
  eden space 64512K, 100% used [0x000000076b800000,0x000000076f700000,0x000000076f700000)
  from space 512K, 31% used [0x00000007b7600000,0x00000007b7628000,0x00000007b7680000)
  to   space 512K, 0% used [0x00000007b7680000,0x00000007b7680000,0x00000007b7700000)
 ParOldGen       total 173568K, used 7286K [0x00000006c2800000, 0x00000006cd180000, 0x000000076b800000)
  object space 173568K, 4% used [0x00000006c2800000,0x00000006c2f1d8d8,0x00000006cd180000)
 Metaspace       used 9812K, capacity 9902K, committed 10112K, reserved 1058816K
  class space    used 783K, capacity 826K, committed 896K, reserved 1048576K
Event: 40.377 GC heap after
Heap after GC invocations=436 (full 0):
 PSYoungGen      total 63488K, used 192K [0x000000076b800000, 0x00000007b7700000, 0x00000007c0000000)
  eden space 62976K, 0% used [0x000000076b800000,0x000000076b800000,0x000000076f580000)
  from space 512K, 37% used [0x00000007b7680000,0x00000007b76b0000,0x00000007b7700000)
  to   space 512K, 0% used [0x00000007b7600000,0x00000007b7600000,0x00000007b7680000)
 ParOldGen       total 173568K, used 7286K [0x00000006c2800000, 0x00000006cd180000, 0x000000076b800000)
  object space 173568K, 4% used [0x00000006c2800000,0x00000006c2f1d8d8,0x00000006cd180000)
 Metaspace       used 9812K, capacity 9902K, committed 10112K, reserved 1058816K
  class space    used 783K, capacity 826K, committed 896K, reserved 1048576K
}
Event: 40.428 GC heap before
{Heap before GC invocations=437 (full 0):
 PSYoungGen      total 63488K, used 63168K [0x000000076b800000, 0x00000007b7700000, 0x00000007c0000000)
  eden space 62976K, 100% used [0x000000076b800000,0x000000076f580000,0x000000076f580000)
  from space 512K, 37% used [0x00000007b7680000,0x00000007b76b0000,0x00000007b7700000)
  to   space 512K, 0% used [0x00000007b7600000,0x00000007b7600000,0x00000007b7680000)
 ParOldGen       total 173568K, used 7286K [0x00000006c2800000, 0x00000006cd180000, 0x000000076b800000)
  object space 173568K, 4% used [0x00000006c2800000,0x00000006c2f1d8d8,0x00000006cd180000)
 Metaspace       used 9812K, capacity 9902K, committed 10112K, reserved 1058816K
  class space    used 783K, capacity 826K, committed 896K, reserved 1048576K
Event: 40.429 GC heap after
Heap after GC invocations=437 (full 0):
 PSYoungGen      total 61952K, used 224K [0x000000076b800000, 0x00000007b7700000, 0x00000007c0000000)
  eden space 61440K, 0% used [0x000000076b800000,0x000000076b800000,0x000000076f400000)
  from space 512K, 43% used [0x00000007b7600000,0x00000007b7638000,0x00000007b7680000)
  to   space 512K, 0% used [0x00000007b7680000,0x00000007b7680000,0x00000007b7700000)
 ParOldGen       total 173568K, used 7286K [0x00000006c2800000, 0x00000006cd180000, 0x000000076b800000)
  object space 173568K, 4% used [0x00000006c2800000,0x00000006c2f1d8d8,0x00000006cd180000)
 Metaspace       used 9812K, capacity 9902K, committed 10112K, reserved 1058816K
  class space    used 783K, capacity 826K, committed 896K, reserved 1048576K
}
Event: 40.471 GC heap before
{Heap before GC invocations=438 (full 0):
 PSYoungGen      total 61952K, used 61664K [0x000000076b800000, 0x00000007b7700000, 0x00000007c0000000)
  eden space 61440K, 100% used [0x000000076b800000,0x000000076f400000,0x000000076f400000)
  from space 512K, 43% used [0x00000007b7600000,0x00000007b7638000,0x00000007b7680000)
  to   space 512K, 0% used [0x00000007b7680000,0x00000007b7680000,0x00000007b7700000)
 ParOldGen       total 173568K, used 7286K [0x00000006c2800000, 0x00000006cd180000, 0x000000076b800000)
  object space 173568K, 4% used [0x00000006c2800000,0x00000006c2f1d8d8,0x00000006cd180000)
 Metaspace       used 9812K, capacity 9902K, committed 10112K, reserved 1058816K
  class space    used 783K, capacity 826K, committed 896K, reserved 1048576K
Event: 40.471 GC heap after
Heap after GC invocations=438 (full 0):
 PSYoungGen      total 74240K, used 192K [0x000000076b800000, 0x00000007b7700000, 0x00000007c0000000)
  eden space 73728K, 0% used [0x000000076b800000,0x000000076b800000,0x0000000770000000)
  from space 512K, 37% used [0x00000007b7680000,0x00000007b76b0000,0x00000007b7700000)
  to   space 512K, 0% used [0x00000007b7600000,0x00000007b7600000,0x00000007b7680000)
 ParOldGen       total 173568K, used 7286K [0x00000006c2800000, 0x00000006cd180000, 0x000000076b800000)
  object space 173568K, 4% used [0x00000006c2800000,0x00000006c2f1d8d8,0x00000006cd180000)
 Metaspace       used 9812K, capacity 9902K, committed 10112K, reserved 1058816K
  class space    used 783K, capacity 826K, committed 896K, reserved 1048576K
}
Event: 40.523 GC heap before
{Heap before GC invocations=439 (full 0):
 PSYoungGen      total 74240K, used 73920K [0x000000076b800000, 0x00000007b7700000, 0x00000007c0000000)
  eden space 73728K, 100% used [0x000000076b800000,0x0000000770000000,0x0000000770000000)
  from space 512K, 37% used [0x00000007b7680000,0x00000007b76b0000,0x00000007b7700000)
  to   space 512K, 0% used [0x00000007b7600000,0x00000007b7600000,0x00000007b7680000)
 ParOldGen       total 173568K, used 7286K [0x00000006c2800000, 0x00000006cd180000, 0x000000076b800000)
  object space 173568K, 4% used [0x00000006c2800000,0x00000006c2f1d8d8,0x00000006cd180000)
 Metaspace       used 9812K, capacity 9902K, committed 10112K, reserved 1058816K
  class space    used 783K, capacity 826K, committed 896K, reserved 1048576K
Event: 40.523 GC heap after
Heap after GC invocations=439 (full 0):
 PSYoungGen      total 72704K, used 224K [0x000000076b800000, 0x00000007b7700000, 0x00000007c0000000)
  eden space 72192K, 0% used [0x000000076b800000,0x000000076b800000,0x000000076fe80000)
  from space 512K, 43% used [0x00000007b7600000,0x00000007b7638000,0x00000007b7680000)
  to   space 512K, 0% used [0x00000007b7680000,0x00000007b7680000,0x00000007b7700000)
 ParOldGen       total 173568K, used 7286K [0x00000006c2800000, 0x00000006cd180000, 0x000000076b800000)
  object space 173568K, 4% used [0x00000006c2800000,0x00000006c2f1d8d8,0x00000006cd180000)
 Metaspace       used 9812K, capacity 9902K, committed 10112K, reserved 1058816K
  class space    used 783K, capacity 826K, committed 896K, reserved 1048576K
}
Event: 40.598 GC heap before
{Heap before GC invocations=440 (full 0):
 PSYoungGen      total 72704K, used 72416K [0x000000076b800000, 0x00000007b7700000, 0x00000007c0000000)
  eden space 72192K, 100% used [0x000000076b800000,0x000000076fe80000,0x000000076fe80000)
  from space 512K, 43% used [0x00000007b7600000,0x00000007b7638000,0x00000007b7680000)
  to   space 512K, 0% used [0x00000007b7680000,0x00000007b7680000,0x00000007b7700000)
 ParOldGen       total 173568K, used 7286K [0x00000006c2800000, 0x00000006cd180000, 0x000000076b800000)
  object space 173568K, 4% used [0x00000006c2800000,0x00000006c2f1d8d8,0x00000006cd180000)
 Metaspace       used 9812K, capacity 9902K, committed 10112K, reserved 1058816K
  class space    used 783K, capacity 826K, committed 896K, reserved 1048576K
Event: 40.598 GC heap after
Heap after GC invocations=440 (full 0):
 PSYoungGen      total 71168K, used 224K [0x000000076b800000, 0x00000007b7700000, 0x00000007c0000000)
  eden space 70656K, 0% used [0x000000076b800000,0x000000076b800000,0x000000076fd00000)
  from space 512K, 43% used [0x00000007b7680000,0x00000007b76b8000,0x00000007b7700000)
  to   space 512K, 0% used [0x00000007b7600000,0x00000007b7600000,0x00000007b7680000)
 ParOldGen       total 173568K, used 7286K [0x00000006c2800000, 0x00000006cd180000, 0x000000076b800000)
  object space 173568K, 4% used [0x00000006c2800000,0x00000006c2f1d8d8,0x00000006cd180000)
 Metaspace       used 9812K, capacity 9902K, committed 10112K, reserved 1058816K
  class space    used 783K, capacity 826K, committed 896K, reserved 1048576K
}

