# JRE version: Java(TM) SE Runtime Environment (8.0_65-b17) (build 1.8.0_65-b17)
# Java VM: Java HotSpot(TM) 64-Bit Server VM (25.65-b01 mixed mode windows-amd64 compressed oops)
Heap:
 PSYoungGen      total 196096K, used 134109K [0x000000076b800000, 0x000000077bf00000, 0x00000007c0000000)
  eden space 194048K, 69% used [0x000000076b800000,0x0000000773ae7780,0x0000000777580000)
  from space 2048K, 3% used [0x000000077bb00000,0x000000077bb10000,0x000000077bd00000)
  to   space 2048K, 0% used [0x000000077bd00000,0x000000077bd00000,0x000000077bf00000)
 ParOldGen       total 173568K, used 2132K [0x00000006c2800000, 0x00000006cd180000, 0x000000076b800000)
  object space 173568K, 1% used [0x00000006c2800000,0x00000006c2a15250,0x00000006cd180000)
 Metaspace       used 7975K, capacity 8486K, committed 8704K, reserved 1056768K
  class space    used 642K, capacity 658K, committed 768K, reserved 1048576K
GC Heap History (10 events):
Event: 1.641 GC heap before
{Heap before GC invocations=13 (full 0):
 PSYoungGen      total 235008K, used 234560K [0x000000076b800000, 0x000000077c300000, 0x00000007c0000000)
  eden space 234496K, 100% used [0x000000076b800000,0x0000000779d00000,0x0000000779d00000)
  from space 512K, 12% used [0x000000077c280000,0x000000077c290000,0x000000077c300000)
  to   space 2560K, 0% used [0x000000077be00000,0x000000077be00000,0x000000077c080000)
 ParOldGen       total 173568K, used 2132K [0x00000006c2800000, 0x00000006cd180000, 0x000000076b800000)
  object space 173568K, 1% used [0x00000006c2800000,0x00000006c2a15250,0x00000006cd180000)
 Metaspace       used 7973K, capacity 8486K, committed 8704K, reserved 1056768K
  class space    used 642K, capacity 658K, committed 768K, reserved 1048576K
Event: 1.641 GC heap after
Heap after GC invocations=13 (full 0):
 PSYoungGen      total 228352K, used 64K [0x000000076b800000, 0x000000077c300000, 0x00000007c0000000)
  eden space 225792K, 0% used [0x000000076b800000,0x000000076b800000,0x0000000779480000)
  from space 2560K, 2% used [0x000000077be00000,0x000000077be10000,0x000000077c080000)
  to   space 2560K, 0% used [0x000000077c080000,0x000000077c080000,0x000000077c300000)
 ParOldGen       total 173568K, used 2132K [0x00000006c2800000, 0x00000006cd180000, 0x000000076b800000)
  object space 173568K, 1% used [0x00000006c2800000,0x00000006c2a15250,0x00000006cd180000)
 Metaspace       used 7973K, capacity 8486K, committed 8704K, reserved 1056768K
  class space    used 642K, capacity 658K, committed 768K, reserved 1048576K
}
Event: 1.748 GC heap before
{Heap before GC invocations=14 (full 0):
 PSYoungGen      total 228352K, used 225856K [0x000000076b800000, 0x000000077c300000, 0x00000007c0000000)
  eden space 225792K, 100% used [0x000000076b800000,0x0000000779480000,0x0000000779480000)
  from space 2560K, 2% used [0x000000077be00000,0x000000077be10000,0x000000077c080000)
  to   space 2560K, 0% used [0x000000077c080000,0x000000077c080000,0x000000077c300000)
 ParOldGen       total 173568K, used 2132K [0x00000006c2800000, 0x00000006cd180000, 0x000000076b800000)
  object space 173568K, 1% used [0x00000006c2800000,0x00000006c2a15250,0x00000006cd180000)
 Metaspace       used 7974K, capacity 8486K, committed 8704K, reserved 1056768K
  class space    used 642K, capacity 658K, committed 768K, reserved 1048576K
Event: 1.749 GC heap after
Heap after GC invocations=14 (full 0):
 PSYoungGen      total 217600K, used 64K [0x000000076b800000, 0x000000077c100000, 0x00000007c0000000)
  eden space 217088K, 0% used [0x000000076b800000,0x000000076b800000,0x0000000778c00000)
  from space 512K, 12% used [0x000000077c080000,0x000000077c090000,0x000000077c100000)
  to   space 2560K, 0% used [0x000000077bc00000,0x000000077bc00000,0x000000077be80000)
 ParOldGen       total 173568K, used 2132K [0x00000006c2800000, 0x00000006cd180000, 0x000000076b800000)
  object space 173568K, 1% used [0x00000006c2800000,0x00000006c2a15250,0x00000006cd180000)
 Metaspace       used 7974K, capacity 8486K, committed 8704K, reserved 1056768K
  class space    used 642K, capacity 658K, committed 768K, reserved 1048576K
}
Event: 1.857 GC heap before
{Heap before GC invocations=15 (full 0):
 PSYoungGen      total 217600K, used 217152K [0x000000076b800000, 0x000000077c100000, 0x00000007c0000000)
  eden space 217088K, 100% used [0x000000076b800000,0x0000000778c00000,0x0000000778c00000)
  from space 512K, 12% used [0x000000077c080000,0x000000077c090000,0x000000077c100000)
  to   space 2560K, 0% used [0x000000077bc00000,0x000000077bc00000,0x000000077be80000)
 ParOldGen       total 173568K, used 2132K [0x00000006c2800000, 0x00000006cd180000, 0x000000076b800000)
  object space 173568K, 1% used [0x00000006c2800000,0x00000006c2a15250,0x00000006cd180000)
 Metaspace       used 7974K, capacity 8486K, committed 8704K, reserved 1056768K
  class space    used 642K, capacity 658K, committed 768K, reserved 1048576K
Event: 1.857 GC heap after
Heap after GC invocations=15 (full 0):
 PSYoungGen      total 211456K, used 64K [0x000000076b800000, 0x000000077c100000, 0x00000007c0000000)
  eden space 208896K, 0% used [0x000000076b800000,0x000000076b800000,0x0000000778400000)
  from space 2560K, 2% used [0x000000077bc00000,0x000000077bc10000,0x000000077be80000)
  to   space 2560K, 0% used [0x000000077be80000,0x000000077be80000,0x000000077c100000)
 ParOldGen       total 173568K, used 2132K [0x00000006c2800000, 0x00000006cd180000, 0x000000076b800000)
  object space 173568K, 1% used [0x00000006c2800000,0x00000006c2a15250,0x00000006cd180000)
 Metaspace       used 7974K, capacity 8486K, committed 8704K, reserved 1056768K
  class space    used 642K, capacity 658K, committed 768K, reserved 1048576K
}
Event: 1.949 GC heap before
{Heap before GC invocations=16 (full 0):
 PSYoungGen      total 211456K, used 208960K [0x000000076b800000, 0x000000077c100000, 0x00000007c0000000)
  eden space 208896K, 100% used [0x000000076b800000,0x0000000778400000,0x0000000778400000)
  from space 2560K, 2% used [0x000000077bc00000,0x000000077bc10000,0x000000077be80000)
  to   space 2560K, 0% used [0x000000077be80000,0x000000077be80000,0x000000077c100000)
 ParOldGen       total 173568K, used 2132K [0x00000006c2800000, 0x00000006cd180000, 0x000000076b800000)
  object space 173568K, 1% used [0x00000006c2800000,0x00000006c2a15250,0x00000006cd180000)
 Metaspace       used 7974K, capacity 8486K, committed 8704K, reserved 1056768K
  class space    used 642K, capacity 658K, committed 768K, reserved 1048576K
Event: 1.949 GC heap after
Heap after GC invocations=16 (full 0):
 PSYoungGen      total 201728K, used 64K [0x000000076b800000, 0x000000077bf00000, 0x00000007c0000000)
  eden space 201216K, 0% used [0x000000076b800000,0x000000076b800000,0x0000000777c80000)
  from space 512K, 12% used [0x000000077be80000,0x000000077be90000,0x000000077bf00000)
  to   space 2048K, 0% used [0x000000077bb00000,0x000000077bb00000,0x000000077bd00000)
 ParOldGen       total 173568K, used 2132K [0x00000006c2800000, 0x00000006cd180000, 0x000000076b800000)
  object space 173568K, 1% used [0x00000006c2800000,0x00000006c2a15250,0x00000006cd180000)
 Metaspace       used 7974K, capacity 8486K, committed 8704K, reserved 1056768K
  class space    used 642K, capacity 658K, committed 768K, reserved 1048576K
}
Event: 2.092 GC heap before
{Heap before GC invocations=17 (full 0):
 PSYoungGen      total 201728K, used 201280K [0x000000076b800000, 0x000000077bf00000, 0x00000007c0000000)
  eden space 201216K, 100% used [0x000000076b800000,0x0000000777c80000,0x0000000777c80000)
  from space 512K, 12% used [0x000000077be80000,0x000000077be90000,0x000000077bf00000)
  to   space 2048K, 0% used [0x000000077bb00000,0x000000077bb00000,0x000000077bd00000)
 ParOldGen       total 173568K, used 2132K [0x00000006c2800000, 0x00000006cd180000, 0x000000076b800000)
  object space 173568K, 1% used [0x00000006c2800000,0x00000006c2a15250,0x00000006cd180000)
 Metaspace       used 7974K, capacity 8486K, committed 8704K, reserved 1056768K
  class space    used 642K, capacity 658K, committed 768K, reserved 1048576K
Event: 2.093 GC heap after
Heap after GC invocations=17 (full 0):
 PSYoungGen      total 196096K, used 64K [0x000000076b800000, 0x000000077bf00000, 0x00000007c0000000)
  eden space 194048K, 0% used [0x000000076b800000,0x000000076b800000,0x0000000777580000)
  from space 2048K, 3% used [0x000000077bb00000,0x000000077bb10000,0x000000077bd00000)
  to   space 2048K, 0% used [0x000000077bd00000,0x000000077bd00000,0x000000077bf00000)
 ParOldGen       total 173568K, used 2132K [0x00000006c2800000, 0x00000006cd180000, 0x000000076b800000)
  object space 173568K, 1% used [0x00000006c2800000,0x00000006c2a15250,0x00000006cd180000)
 Metaspace       used 7974K, capacity 8486K, committed 8704K, reserved 1056768K
  class space    used 642K, capacity 658K, committed 768K, reserved 1048576K
}

