# JRE version: Java(TM) SE Runtime Environment (8.0_65-b17) (build 1.8.0_65-b17)
# Java VM: Java HotSpot(TM) 64-Bit Server VM (25.65-b01 mixed mode windows-amd64 compressed oops)
Heap:
 PSYoungGen      total 960000K, used 397021K [0x000000076b800000, 0x00000007bf580000, 0x00000007c0000000)
  eden space 949760K, 41% used [0x000000076b800000,0x0000000783b7f638,0x00000007a5780000)
  from space 10240K, 2% used [0x00000007be180000,0x00000007be1b8000,0x00000007beb80000)
  to   space 10240K, 0% used [0x00000007beb80000,0x00000007beb80000,0x00000007bf580000)
 ParOldGen       total 173568K, used 27737K [0x00000006c2800000, 0x00000006cd180000, 0x000000076b800000)
  object space 173568K, 15% used [0x00000006c2800000,0x00000006c4316610,0x00000006cd180000)
 Metaspace       used 8291K, capacity 8646K, committed 8960K, reserved 1056768K
  class space    used 655K, capacity 690K, committed 768K, reserved 1048576K
GC Heap History (10 events):
Event: 2.281 GC heap before
{Heap before GC invocations=13 (full 0):
 PSYoungGen      total 664576K, used 653504K [0x000000076b800000, 0x0000000794d00000, 0x00000007c0000000)
  eden space 653312K, 100% used [0x000000076b800000,0x0000000793600000,0x0000000793600000)
  from space 11264K, 1% used [0x0000000794200000,0x0000000794230000,0x0000000794d00000)
  to   space 11776K, 0% used [0x0000000793600000,0x0000000793600000,0x0000000794180000)
 ParOldGen       total 173568K, used 27657K [0x00000006c2800000, 0x00000006cd180000, 0x000000076b800000)
  object space 173568K, 15% used [0x00000006c2800000,0x00000006c4302610,0x00000006cd180000)
 Metaspace       used 8258K, capacity 8646K, committed 8960K, reserved 1056768K
  class space    used 655K, capacity 690K, committed 768K, reserved 1048576K
Event: 2.282 GC heap after
Heap after GC invocations=13 (full 0):
 PSYoungGen      total 665088K, used 224K [0x000000076b800000, 0x00000007acc00000, 0x00000007c0000000)
  eden space 653312K, 0% used [0x000000076b800000,0x000000076b800000,0x0000000793600000)
  from space 11776K, 1% used [0x0000000793600000,0x0000000793638000,0x0000000794180000)
  to   space 11776K, 0% used [0x00000007ac080000,0x00000007ac080000,0x00000007acc00000)
 ParOldGen       total 173568K, used 27665K [0x00000006c2800000, 0x00000006cd180000, 0x000000076b800000)
  object space 173568K, 15% used [0x00000006c2800000,0x00000006c4304610,0x00000006cd180000)
 Metaspace       used 8258K, capacity 8646K, committed 8960K, reserved 1056768K
  class space    used 655K, capacity 690K, committed 768K, reserved 1048576K
}
Event: 2.777 GC heap before
{Heap before GC invocations=14 (full 0):
 PSYoungGen      total 665088K, used 653536K [0x000000076b800000, 0x00000007acc00000, 0x00000007c0000000)
  eden space 653312K, 100% used [0x000000076b800000,0x0000000793600000,0x0000000793600000)
  from space 11776K, 1% used [0x0000000793600000,0x0000000793638000,0x0000000794180000)
  to   space 11776K, 0% used [0x00000007ac080000,0x00000007ac080000,0x00000007acc00000)
 ParOldGen       total 173568K, used 27665K [0x00000006c2800000, 0x00000006cd180000, 0x000000076b800000)
  object space 173568K, 15% used [0x00000006c2800000,0x00000006c4304610,0x00000006cd180000)
 Metaspace       used 8265K, capacity 8646K, committed 8960K, reserved 1056768K
  class space    used 655K, capacity 690K, committed 768K, reserved 1048576K
Event: 2.777 GC heap after
Heap after GC invocations=14 (full 0):
 PSYoungGen      total 1056256K, used 256K [0x000000076b800000, 0x00000007acb00000, 0x00000007c0000000)
  eden space 1045504K, 0% used [0x000000076b800000,0x000000076b800000,0x00000007ab500000)
  from space 10752K, 2% used [0x00000007ac080000,0x00000007ac0c0000,0x00000007acb00000)
  to   space 11264K, 0% used [0x00000007ab500000,0x00000007ab500000,0x00000007ac000000)
 ParOldGen       total 173568K, used 27665K [0x00000006c2800000, 0x00000006cd180000, 0x000000076b800000)
  object space 173568K, 15% used [0x00000006c2800000,0x00000006c4304610,0x00000006cd180000)
 Metaspace       used 8265K, capacity 8646K, committed 8960K, reserved 1056768K
  class space    used 655K, capacity 690K, committed 768K, reserved 1048576K
}
Event: 3.618 GC heap before
{Heap before GC invocations=15 (full 0):
 PSYoungGen      total 1056256K, used 1045760K [0x000000076b800000, 0x00000007acb00000, 0x00000007c0000000)
  eden space 1045504K, 100% used [0x000000076b800000,0x00000007ab500000,0x00000007ab500000)
  from space 10752K, 2% used [0x00000007ac080000,0x00000007ac0c0000,0x00000007acb00000)
  to   space 11264K, 0% used [0x00000007ab500000,0x00000007ab500000,0x00000007ac000000)
 ParOldGen       total 173568K, used 27665K [0x00000006c2800000, 0x00000006cd180000, 0x000000076b800000)
  object space 173568K, 15% used [0x00000006c2800000,0x00000006c4304610,0x00000006cd180000)
 Metaspace       used 8288K, capacity 8646K, committed 8960K, reserved 1056768K
  class space    used 655K, capacity 690K, committed 768K, reserved 1048576K
Event: 3.619 GC heap after
Heap after GC invocations=15 (full 0):
 PSYoungGen      total 1056768K, used 224K [0x000000076b800000, 0x00000007bff80000, 0x00000007c0000000)
  eden space 1045504K, 0% used [0x000000076b800000,0x000000076b800000,0x00000007ab500000)
  from space 11264K, 1% used [0x00000007ab500000,0x00000007ab538000,0x00000007ac000000)
  to   space 10752K, 0% used [0x00000007bf500000,0x00000007bf500000,0x00000007bff80000)
 ParOldGen       total 173568K, used 27673K [0x00000006c2800000, 0x00000006cd180000, 0x000000076b800000)
  object space 173568K, 15% used [0x00000006c2800000,0x00000006c4306610,0x00000006cd180000)
 Metaspace       used 8288K, capacity 8646K, committed 8960K, reserved 1056768K
  class space    used 655K, capacity 690K, committed 768K, reserved 1048576K
}
Event: 4.469 GC heap before
{Heap before GC invocations=16 (full 0):
 PSYoungGen      total 1056768K, used 1045728K [0x000000076b800000, 0x00000007bff80000, 0x00000007c0000000)
  eden space 1045504K, 100% used [0x000000076b800000,0x00000007ab500000,0x00000007ab500000)
  from space 11264K, 1% used [0x00000007ab500000,0x00000007ab538000,0x00000007ac000000)
  to   space 10752K, 0% used [0x00000007bf500000,0x00000007bf500000,0x00000007bff80000)
 ParOldGen       total 173568K, used 27673K [0x00000006c2800000, 0x00000006cd180000, 0x000000076b800000)
  object space 173568K, 15% used [0x00000006c2800000,0x00000006c4306610,0x00000006cd180000)
 Metaspace       used 8288K, capacity 8646K, committed 8960K, reserved 1056768K
  class space    used 655K, capacity 690K, committed 768K, reserved 1048576K
Event: 4.470 GC heap after
Heap after GC invocations=16 (full 0):
 PSYoungGen      total 996864K, used 224K [0x000000076b800000, 0x00000007bf580000, 0x00000007c0000000)
  eden space 996352K, 0% used [0x000000076b800000,0x000000076b800000,0x00000007a8500000)
  from space 512K, 43% used [0x00000007bf500000,0x00000007bf538000,0x00000007bf580000)
  to   space 10240K, 0% used [0x00000007be180000,0x00000007be180000,0x00000007beb80000)
 ParOldGen       total 173568K, used 27713K [0x00000006c2800000, 0x00000006cd180000, 0x000000076b800000)
  object space 173568K, 15% used [0x00000006c2800000,0x00000006c4310610,0x00000006cd180000)
 Metaspace       used 8288K, capacity 8646K, committed 8960K, reserved 1056768K
  class space    used 655K, capacity 690K, committed 768K, reserved 1048576K
}
Event: 5.209 GC heap before
{Heap before GC invocations=17 (full 0):
 PSYoungGen      total 996864K, used 996576K [0x000000076b800000, 0x00000007bf580000, 0x00000007c0000000)
  eden space 996352K, 100% used [0x000000076b800000,0x00000007a8500000,0x00000007a8500000)
  from space 512K, 43% used [0x00000007bf500000,0x00000007bf538000,0x00000007bf580000)
  to   space 10240K, 0% used [0x00000007be180000,0x00000007be180000,0x00000007beb80000)
 ParOldGen       total 173568K, used 27713K [0x00000006c2800000, 0x00000006cd180000, 0x000000076b800000)
  object space 173568K, 15% used [0x00000006c2800000,0x00000006c4310610,0x00000006cd180000)
 Metaspace       used 8289K, capacity 8646K, committed 8960K, reserved 1056768K
  class space    used 655K, capacity 690K, committed 768K, reserved 1048576K
Event: 5.210 GC heap after
Heap after GC invocations=17 (full 0):
 PSYoungGen      total 960000K, used 224K [0x000000076b800000, 0x00000007bf580000, 0x00000007c0000000)
  eden space 949760K, 0% used [0x000000076b800000,0x000000076b800000,0x00000007a5780000)
  from space 10240K, 2% used [0x00000007be180000,0x00000007be1b8000,0x00000007beb80000)
  to   space 10240K, 0% used [0x00000007beb80000,0x00000007beb80000,0x00000007bf580000)
 ParOldGen       total 173568K, used 27737K [0x00000006c2800000, 0x00000006cd180000, 0x000000076b800000)
  object space 173568K, 15% used [0x00000006c2800000,0x00000006c4316610,0x00000006cd180000)
 Metaspace       used 8289K, capacity 8646K, committed 8960K, reserved 1056768K
  class space    used 655K, capacity 690K, committed 768K, reserved 1048576K
}

