# JRE version: Java(TM) SE Runtime Environment (8.0_65-b17) (build 1.8.0_65-b17)
# Java VM: Java HotSpot(TM) 64-Bit Server VM (25.65-b01 mixed mode windows-amd64 compressed oops)
Heap:
 PSYoungGen      total 958464K, used 942837K [0x000000076b800000, 0x00000007abf80000, 0x00000007c0000000)
  eden space 957952K, 98% used [0x000000076b800000,0x00000007a507d4b0,0x00000007a5f80000)
  from space 512K, 50% used [0x00000007abf00000,0x00000007abf40000,0x00000007abf80000)
  to   space 7168K, 0% used [0x00000007ab180000,0x00000007ab180000,0x00000007ab880000)
 ParOldGen       total 173568K, used 17545K [0x00000006c2800000, 0x00000006cd180000, 0x000000076b800000)
  object space 173568K, 10% used [0x00000006c2800000,0x00000006c3922450,0x00000006cd180000)
 Metaspace       used 8364K, capacity 8774K, committed 8960K, reserved 1056768K
  class space    used 661K, capacity 690K, committed 768K, reserved 1048576K
GC Heap History (10 events):
Event: 2.156 GC heap before
{Heap before GC invocations=12 (full 0):
 PSYoungGen      total 420352K, used 411904K [0x000000076b800000, 0x0000000794b80000, 0x00000007c0000000)
  eden space 411648K, 100% used [0x000000076b800000,0x0000000784a00000,0x0000000784a00000)
  from space 8704K, 2% used [0x0000000784a00000,0x0000000784a40000,0x0000000785280000)
  to   space 8192K, 0% used [0x0000000794380000,0x0000000794380000,0x0000000794b80000)
 ParOldGen       total 173568K, used 17409K [0x00000006c2800000, 0x00000006cd180000, 0x000000076b800000)
  object space 173568K, 10% used [0x00000006c2800000,0x00000006c3900450,0x00000006cd180000)
 Metaspace       used 8329K, capacity 8710K, committed 8960K, reserved 1056768K
  class space    used 661K, capacity 690K, committed 768K, reserved 1048576K
Event: 2.157 GC heap after
Heap after GC invocations=12 (full 0):
 PSYoungGen      total 667136K, used 224K [0x000000076b800000, 0x0000000794b80000, 0x00000007c0000000)
  eden space 658944K, 0% used [0x000000076b800000,0x000000076b800000,0x0000000793b80000)
  from space 8192K, 2% used [0x0000000794380000,0x00000007943b8000,0x0000000794b80000)
  to   space 8192K, 0% used [0x0000000793b80000,0x0000000793b80000,0x0000000794380000)
 ParOldGen       total 173568K, used 17473K [0x00000006c2800000, 0x00000006cd180000, 0x000000076b800000)
  object space 173568K, 10% used [0x00000006c2800000,0x00000006c3910450,0x00000006cd180000)
 Metaspace       used 8329K, capacity 8710K, committed 8960K, reserved 1056768K
  class space    used 661K, capacity 690K, committed 768K, reserved 1048576K
}
Event: 2.641 GC heap before
{Heap before GC invocations=13 (full 0):
 PSYoungGen      total 667136K, used 659168K [0x000000076b800000, 0x0000000794b80000, 0x00000007c0000000)
  eden space 658944K, 100% used [0x000000076b800000,0x0000000793b80000,0x0000000793b80000)
  from space 8192K, 2% used [0x0000000794380000,0x00000007943b8000,0x0000000794b80000)
  to   space 8192K, 0% used [0x0000000793b80000,0x0000000793b80000,0x0000000794380000)
 ParOldGen       total 173568K, used 17473K [0x00000006c2800000, 0x00000006cd180000, 0x000000076b800000)
  object space 173568K, 10% used [0x00000006c2800000,0x00000006c3910450,0x00000006cd180000)
 Metaspace       used 8343K, capacity 8710K, committed 8960K, reserved 1056768K
  class space    used 661K, capacity 690K, committed 768K, reserved 1048576K
Event: 2.642 GC heap after
Heap after GC invocations=13 (full 0):
 PSYoungGen      total 667136K, used 224K [0x000000076b800000, 0x00000007ace00000, 0x00000007c0000000)
  eden space 658944K, 0% used [0x000000076b800000,0x000000076b800000,0x0000000793b80000)
  from space 8192K, 2% used [0x0000000793b80000,0x0000000793bb8000,0x0000000794380000)
  to   space 8192K, 0% used [0x00000007ac600000,0x00000007ac600000,0x00000007ace00000)
 ParOldGen       total 173568K, used 17513K [0x00000006c2800000, 0x00000006cd180000, 0x000000076b800000)
  object space 173568K, 10% used [0x00000006c2800000,0x00000006c391a450,0x00000006cd180000)
 Metaspace       used 8343K, capacity 8710K, committed 8960K, reserved 1056768K
  class space    used 661K, capacity 690K, committed 768K, reserved 1048576K
}
Event: 3.175 GC heap before
{Heap before GC invocations=14 (full 0):
 PSYoungGen      total 667136K, used 659168K [0x000000076b800000, 0x00000007ace00000, 0x00000007c0000000)
  eden space 658944K, 100% used [0x000000076b800000,0x0000000793b80000,0x0000000793b80000)
  from space 8192K, 2% used [0x0000000793b80000,0x0000000793bb8000,0x0000000794380000)
  to   space 8192K, 0% used [0x00000007ac600000,0x00000007ac600000,0x00000007ace00000)
 ParOldGen       total 173568K, used 17513K [0x00000006c2800000, 0x00000006cd180000, 0x000000076b800000)
  object space 173568K, 10% used [0x00000006c2800000,0x00000006c391a450,0x00000006cd180000)
 Metaspace       used 8352K, capacity 8774K, committed 8960K, reserved 1056768K
  class space    used 661K, capacity 690K, committed 768K, reserved 1048576K
Event: 3.176 GC heap after
Heap after GC invocations=14 (full 0):
 PSYoungGen      total 1061888K, used 224K [0x000000076b800000, 0x00000007acd00000, 0x00000007c0000000)
  eden space 1054720K, 0% used [0x000000076b800000,0x000000076b800000,0x00000007abe00000)
  from space 7168K, 3% used [0x00000007ac600000,0x00000007ac638000,0x00000007acd00000)
  to   space 7680K, 0% used [0x00000007abe00000,0x00000007abe00000,0x00000007ac580000)
 ParOldGen       total 173568K, used 17513K [0x00000006c2800000, 0x00000006cd180000, 0x000000076b800000)
  object space 173568K, 10% used [0x00000006c2800000,0x00000006c391a450,0x00000006cd180000)
 Metaspace       used 8352K, capacity 8774K, committed 8960K, reserved 1056768K
  class space    used 661K, capacity 690K, committed 768K, reserved 1048576K
}
Event: 3.961 GC heap before
{Heap before GC invocations=15 (full 0):
 PSYoungGen      total 1061888K, used 1054944K [0x000000076b800000, 0x00000007acd00000, 0x00000007c0000000)
  eden space 1054720K, 100% used [0x000000076b800000,0x00000007abe00000,0x00000007abe00000)
  from space 7168K, 3% used [0x00000007ac600000,0x00000007ac638000,0x00000007acd00000)
  to   space 7680K, 0% used [0x00000007abe00000,0x00000007abe00000,0x00000007ac580000)
 ParOldGen       total 173568K, used 17513K [0x00000006c2800000, 0x00000006cd180000, 0x000000076b800000)
  object space 173568K, 10% used [0x00000006c2800000,0x00000006c391a450,0x00000006cd180000)
 Metaspace       used 8360K, capacity 8774K, committed 8960K, reserved 1056768K
  class space    used 661K, capacity 690K, committed 768K, reserved 1048576K
Event: 3.961 GC heap after
Heap after GC invocations=15 (full 0):
 PSYoungGen      total 1005568K, used 256K [0x000000076b800000, 0x00000007ac680000, 0x00000007c0000000)
  eden space 1005056K, 0% used [0x000000076b800000,0x000000076b800000,0x00000007a8d80000)
  from space 512K, 50% used [0x00000007abe00000,0x00000007abe40000,0x00000007abe80000)
  to   space 7680K, 0% used [0x00000007abf00000,0x00000007abf00000,0x00000007ac680000)
 ParOldGen       total 173568K, used 17513K [0x00000006c2800000, 0x00000006cd180000, 0x000000076b800000)
  object space 173568K, 10% used [0x00000006c2800000,0x00000006c391a450,0x00000006cd180000)
 Metaspace       used 8360K, capacity 8774K, committed 8960K, reserved 1056768K
  class space    used 661K, capacity 690K, committed 768K, reserved 1048576K
}
Event: 4.718 GC heap before
{Heap before GC invocations=16 (full 0):
 PSYoungGen      total 1005568K, used 1005312K [0x000000076b800000, 0x00000007ac680000, 0x00000007c0000000)
  eden space 1005056K, 100% used [0x000000076b800000,0x00000007a8d80000,0x00000007a8d80000)
  from space 512K, 50% used [0x00000007abe00000,0x00000007abe40000,0x00000007abe80000)
  to   space 7680K, 0% used [0x00000007abf00000,0x00000007abf00000,0x00000007ac680000)
 ParOldGen       total 173568K, used 17513K [0x00000006c2800000, 0x00000006cd180000, 0x000000076b800000)
  object space 173568K, 10% used [0x00000006c2800000,0x00000006c391a450,0x00000006cd180000)
 Metaspace       used 8360K, capacity 8774K, committed 8960K, reserved 1056768K
  class space    used 661K, capacity 690K, committed 768K, reserved 1048576K
Event: 4.718 GC heap after
Heap after GC invocations=16 (full 0):
 PSYoungGen      total 958464K, used 256K [0x000000076b800000, 0x00000007abf80000, 0x00000007c0000000)
  eden space 957952K, 0% used [0x000000076b800000,0x000000076b800000,0x00000007a5f80000)
  from space 512K, 50% used [0x00000007abf00000,0x00000007abf40000,0x00000007abf80000)
  to   space 7168K, 0% used [0x00000007ab180000,0x00000007ab180000,0x00000007ab880000)
 ParOldGen       total 173568K, used 17545K [0x00000006c2800000, 0x00000006cd180000, 0x000000076b800000)
  object space 173568K, 10% used [0x00000006c2800000,0x00000006c3922450,0x00000006cd180000)
 Metaspace       used 8360K, capacity 8774K, committed 8960K, reserved 1056768K
  class space    used 661K, capacity 690K, committed 768K, reserved 1048576K
}

