# JRE version: Java(TM) SE Runtime Environment (8.0_65-b17) (build 1.8.0_65-b17)
# Java VM: Java HotSpot(TM) 64-Bit Server VM (25.65-b01 mixed mode windows-amd64 compressed oops)
Heap:
 PSYoungGen      total 545280K, used 309909K [0x000000076b800000, 0x00000007bb780000, 0x00000007c0000000)
  eden space 544768K, 56% used [0x000000076b800000,0x000000077e66d460,0x000000078cc00000)
  from space 512K, 43% used [0x00000007bb700000,0x00000007bb738000,0x00000007bb780000)
  to   space 4608K, 0% used [0x00000007bae80000,0x00000007bae80000,0x00000007bb300000)
 ParOldGen       total 173568K, used 9725K [0x00000006c2800000, 0x00000006cd180000, 0x000000076b800000)
  object space 173568K, 5% used [0x00000006c2800000,0x00000006c317f5d8,0x00000006cd180000)
 Metaspace       used 8351K, capacity 8710K, committed 8960K, reserved 1056768K
  class space    used 658K, capacity 690K, committed 768K, reserved 1048576K
GC Heap History (10 events):
Event: 5.835 GC heap before
{Heap before GC invocations=16 (full 0):
 PSYoungGen      total 691200K, used 685792K [0x000000076b800000, 0x00000007bc500000, 0x00000007c0000000)
  eden space 685568K, 100% used [0x000000076b800000,0x0000000795580000,0x0000000795580000)
  from space 5632K, 3% used [0x00000007bba00000,0x00000007bba38000,0x00000007bbf80000)
  to   space 5632K, 0% used [0x00000007bbf80000,0x00000007bbf80000,0x00000007bc500000)
 ParOldGen       total 173568K, used 9725K [0x00000006c2800000, 0x00000006cd180000, 0x000000076b800000)
  object space 173568K, 5% used [0x00000006c2800000,0x00000006c317f5d8,0x00000006cd180000)
 Metaspace       used 8346K, capacity 8710K, committed 8960K, reserved 1056768K
  class space    used 658K, capacity 690K, committed 768K, reserved 1048576K
Event: 5.836 GC heap after
Heap after GC invocations=16 (full 0):
 PSYoungGen      total 654848K, used 224K [0x000000076b800000, 0x00000007bc000000, 0x00000007c0000000)
  eden space 654336K, 0% used [0x000000076b800000,0x000000076b800000,0x0000000793700000)
  from space 512K, 43% used [0x00000007bbf80000,0x00000007bbfb8000,0x00000007bc000000)
  to   space 5632K, 0% used [0x00000007bb500000,0x00000007bb500000,0x00000007bba80000)
 ParOldGen       total 173568K, used 9725K [0x00000006c2800000, 0x00000006cd180000, 0x000000076b800000)
  object space 173568K, 5% used [0x00000006c2800000,0x00000006c317f5d8,0x00000006cd180000)
 Metaspace       used 8346K, capacity 8710K, committed 8960K, reserved 1056768K
  class space    used 658K, capacity 690K, committed 768K, reserved 1048576K
}
Event: 6.318 GC heap before
{Heap before GC invocations=17 (full 0):
 PSYoungGen      total 654848K, used 654560K [0x000000076b800000, 0x00000007bc000000, 0x00000007c0000000)
  eden space 654336K, 100% used [0x000000076b800000,0x0000000793700000,0x0000000793700000)
  from space 512K, 43% used [0x00000007bbf80000,0x00000007bbfb8000,0x00000007bc000000)
  to   space 5632K, 0% used [0x00000007bb500000,0x00000007bb500000,0x00000007bba80000)
 ParOldGen       total 173568K, used 9725K [0x00000006c2800000, 0x00000006cd180000, 0x000000076b800000)
  object space 173568K, 5% used [0x00000006c2800000,0x00000006c317f5d8,0x00000006cd180000)
 Metaspace       used 8346K, capacity 8710K, committed 8960K, reserved 1056768K
  class space    used 658K, capacity 690K, committed 768K, reserved 1048576K
Event: 6.319 GC heap after
Heap after GC invocations=17 (full 0):
 PSYoungGen      total 630272K, used 224K [0x000000076b800000, 0x00000007bc000000, 0x00000007c0000000)
  eden space 624640K, 0% used [0x000000076b800000,0x000000076b800000,0x0000000791a00000)
  from space 5632K, 3% used [0x00000007bb500000,0x00000007bb538000,0x00000007bba80000)
  to   space 5120K, 0% used [0x00000007bbb00000,0x00000007bbb00000,0x00000007bc000000)
 ParOldGen       total 173568K, used 9725K [0x00000006c2800000, 0x00000006cd180000, 0x000000076b800000)
  object space 173568K, 5% used [0x00000006c2800000,0x00000006c317f5d8,0x00000006cd180000)
 Metaspace       used 8346K, capacity 8710K, committed 8960K, reserved 1056768K
  class space    used 658K, capacity 690K, committed 768K, reserved 1048576K
}
Event: 6.861 GC heap before
{Heap before GC invocations=18 (full 0):
 PSYoungGen      total 630272K, used 624864K [0x000000076b800000, 0x00000007bc000000, 0x00000007c0000000)
  eden space 624640K, 100% used [0x000000076b800000,0x0000000791a00000,0x0000000791a00000)
  from space 5632K, 3% used [0x00000007bb500000,0x00000007bb538000,0x00000007bba80000)
  to   space 5120K, 0% used [0x00000007bbb00000,0x00000007bbb00000,0x00000007bc000000)
 ParOldGen       total 173568K, used 9725K [0x00000006c2800000, 0x00000006cd180000, 0x000000076b800000)
  object space 173568K, 5% used [0x00000006c2800000,0x00000006c317f5d8,0x00000006cd180000)
 Metaspace       used 8346K, capacity 8710K, committed 8960K, reserved 1056768K
  class space    used 658K, capacity 690K, committed 768K, reserved 1048576K
Event: 6.862 GC heap after
Heap after GC invocations=18 (full 0):
 PSYoungGen      total 596992K, used 224K [0x000000076b800000, 0x00000007bbb80000, 0x00000007c0000000)
  eden space 596480K, 0% used [0x000000076b800000,0x000000076b800000,0x000000078fe80000)
  from space 512K, 43% used [0x00000007bbb00000,0x00000007bbb38000,0x00000007bbb80000)
  to   space 5120K, 0% used [0x00000007bb180000,0x00000007bb180000,0x00000007bb680000)
 ParOldGen       total 173568K, used 9725K [0x00000006c2800000, 0x00000006cd180000, 0x000000076b800000)
  object space 173568K, 5% used [0x00000006c2800000,0x00000006c317f5d8,0x00000006cd180000)
 Metaspace       used 8346K, capacity 8710K, committed 8960K, reserved 1056768K
  class space    used 658K, capacity 690K, committed 768K, reserved 1048576K
}
Event: 7.519 GC heap before
{Heap before GC invocations=19 (full 0):
 PSYoungGen      total 596992K, used 596704K [0x000000076b800000, 0x00000007bbb80000, 0x00000007c0000000)
  eden space 596480K, 100% used [0x000000076b800000,0x000000078fe80000,0x000000078fe80000)
  from space 512K, 43% used [0x00000007bbb00000,0x00000007bbb38000,0x00000007bbb80000)
  to   space 5120K, 0% used [0x00000007bb180000,0x00000007bb180000,0x00000007bb680000)
 ParOldGen       total 173568K, used 9725K [0x00000006c2800000, 0x00000006cd180000, 0x000000076b800000)
  object space 173568K, 5% used [0x00000006c2800000,0x00000006c317f5d8,0x00000006cd180000)
 Metaspace       used 8346K, capacity 8710K, committed 8960K, reserved 1056768K
  class space    used 658K, capacity 690K, committed 768K, reserved 1048576K
Event: 7.519 GC heap after
Heap after GC invocations=19 (full 0):
 PSYoungGen      total 574976K, used 256K [0x000000076b800000, 0x00000007bbb80000, 0x00000007c0000000)
  eden space 569856K, 0% used [0x000000076b800000,0x000000076b800000,0x000000078e480000)
  from space 5120K, 5% used [0x00000007bb180000,0x00000007bb1c0000,0x00000007bb680000)
  to   space 4608K, 0% used [0x00000007bb700000,0x00000007bb700000,0x00000007bbb80000)
 ParOldGen       total 173568K, used 9725K [0x00000006c2800000, 0x00000006cd180000, 0x000000076b800000)
  object space 173568K, 5% used [0x00000006c2800000,0x00000006c317f5d8,0x00000006cd180000)
 Metaspace       used 8346K, capacity 8710K, committed 8960K, reserved 1056768K
  class space    used 658K, capacity 690K, committed 768K, reserved 1048576K
}
Event: 7.925 GC heap before
{Heap before GC invocations=20 (full 0):
 PSYoungGen      total 574976K, used 570112K [0x000000076b800000, 0x00000007bbb80000, 0x00000007c0000000)
  eden space 569856K, 100% used [0x000000076b800000,0x000000078e480000,0x000000078e480000)
  from space 5120K, 5% used [0x00000007bb180000,0x00000007bb1c0000,0x00000007bb680000)
  to   space 4608K, 0% used [0x00000007bb700000,0x00000007bb700000,0x00000007bbb80000)
 ParOldGen       total 173568K, used 9725K [0x00000006c2800000, 0x00000006cd180000, 0x000000076b800000)
  object space 173568K, 5% used [0x00000006c2800000,0x00000006c317f5d8,0x00000006cd180000)
 Metaspace       used 8350K, capacity 8710K, committed 8960K, reserved 1056768K
  class space    used 658K, capacity 690K, committed 768K, reserved 1048576K
Event: 7.926 GC heap after
Heap after GC invocations=20 (full 0):
 PSYoungGen      total 545280K, used 224K [0x000000076b800000, 0x00000007bb780000, 0x00000007c0000000)
  eden space 544768K, 0% used [0x000000076b800000,0x000000076b800000,0x000000078cc00000)
  from space 512K, 43% used [0x00000007bb700000,0x00000007bb738000,0x00000007bb780000)
  to   space 4608K, 0% used [0x00000007bae80000,0x00000007bae80000,0x00000007bb300000)
 ParOldGen       total 173568K, used 9725K [0x00000006c2800000, 0x00000006cd180000, 0x000000076b800000)
  object space 173568K, 5% used [0x00000006c2800000,0x00000006c317f5d8,0x00000006cd180000)
 Metaspace       used 8350K, capacity 8710K, committed 8960K, reserved 1056768K
  class space    used 658K, capacity 690K, committed 768K, reserved 1048576K
}

