# JRE version: Java(TM) SE Runtime Environment (8.0_65-b17) (build 1.8.0_65-b17)
# Java VM: Java HotSpot(TM) 64-Bit Server VM (25.65-b01 mixed mode windows-amd64 compressed oops)
Heap:
 PSYoungGen      total 435200K, used 67069K [0x000000076b800000, 0x000000078b200000, 0x00000007c0000000)
  eden space 434688K, 15% used [0x000000076b800000,0x000000076f96f5d8,0x0000000786080000)
  from space 512K, 12% used [0x000000078b180000,0x000000078b190000,0x000000078b200000)
  to   space 2560K, 0% used [0x000000078ad00000,0x000000078ad00000,0x000000078af80000)
 ParOldGen       total 173568K, used 1830K [0x00000006c2800000, 0x00000006cd180000, 0x000000076b800000)
  object space 173568K, 1% used [0x00000006c2800000,0x00000006c29c9b70,0x00000006cd180000)
 Metaspace       used 7958K, capacity 8486K, committed 8704K, reserved 1056768K
  class space    used 642K, capacity 658K, committed 768K, reserved 1048576K
GC Heap History (10 events):
Event: 1.057 GC heap before
{Heap before GC invocations=8 (full 0):
 PSYoungGen      total 261632K, used 260906K [0x000000076b800000, 0x000000078b700000, 0x00000007c0000000)
  eden space 259584K, 100% used [0x000000076b800000,0x000000077b580000,0x000000077b580000)
  from space 2048K, 64% used [0x000000077b580000,0x000000077b6cabf8,0x000000077b780000)
  to   space 2048K, 0% used [0x000000078b500000,0x000000078b500000,0x000000078b700000)
 ParOldGen       total 173568K, used 1298K [0x00000006c2800000, 0x00000006cd180000, 0x000000076b800000)
  object space 173568K, 0% used [0x00000006c2800000,0x00000006c2944b60,0x00000006cd180000)
 Metaspace       used 7955K, capacity 8486K, committed 8704K, reserved 1056768K
  class space    used 642K, capacity 658K, committed 768K, reserved 1048576K
Event: 1.058 GC heap after
Heap after GC invocations=8 (full 0):
 PSYoungGen      total 521216K, used 544K [0x000000076b800000, 0x000000078b700000, 0x00000007c0000000)
  eden space 519168K, 0% used [0x000000076b800000,0x000000076b800000,0x000000078b300000)
  from space 2048K, 26% used [0x000000078b500000,0x000000078b588000,0x000000078b700000)
  to   space 2048K, 0% used [0x000000078b300000,0x000000078b300000,0x000000078b500000)
 ParOldGen       total 173568K, used 1298K [0x00000006c2800000, 0x00000006cd180000, 0x000000076b800000)
  object space 173568K, 0% used [0x00000006c2800000,0x00000006c2944b60,0x00000006cd180000)
 Metaspace       used 7955K, capacity 8486K, committed 8704K, reserved 1056768K
  class space    used 642K, capacity 658K, committed 768K, reserved 1048576K
}
Event: 1.288 GC heap before
{Heap before GC invocations=9 (full 0):
 PSYoungGen      total 521216K, used 519712K [0x000000076b800000, 0x000000078b700000, 0x00000007c0000000)
  eden space 519168K, 100% used [0x000000076b800000,0x000000078b300000,0x000000078b300000)
  from space 2048K, 26% used [0x000000078b500000,0x000000078b588000,0x000000078b700000)
  to   space 2048K, 0% used [0x000000078b300000,0x000000078b300000,0x000000078b500000)
 ParOldGen       total 173568K, used 1298K [0x00000006c2800000, 0x00000006cd180000, 0x000000076b800000)
  object space 173568K, 0% used [0x00000006c2800000,0x00000006c2944b60,0x00000006cd180000)
 Metaspace       used 7955K, capacity 8486K, committed 8704K, reserved 1056768K
  class space    used 642K, capacity 658K, committed 768K, reserved 1048576K
Event: 1.289 GC heap after
Heap after GC invocations=9 (full 0):
 PSYoungGen      total 496640K, used 288K [0x000000076b800000, 0x000000078b580000, 0x00000007c0000000)
  eden space 496128K, 0% used [0x000000076b800000,0x000000076b800000,0x0000000789c80000)
  from space 512K, 56% used [0x000000078b300000,0x000000078b348000,0x000000078b380000)
  to   space 2048K, 0% used [0x000000078b380000,0x000000078b380000,0x000000078b580000)
 ParOldGen       total 173568K, used 1650K [0x00000006c2800000, 0x00000006cd180000, 0x000000076b800000)
  object space 173568K, 0% used [0x00000006c2800000,0x00000006c299cb60,0x00000006cd180000)
 Metaspace       used 7955K, capacity 8486K, committed 8704K, reserved 1056768K
  class space    used 642K, capacity 658K, committed 768K, reserved 1048576K
}
Event: 1.488 GC heap before
{Heap before GC invocations=10 (full 0):
 PSYoungGen      total 496640K, used 496416K [0x000000076b800000, 0x000000078b580000, 0x00000007c0000000)
  eden space 496128K, 100% used [0x000000076b800000,0x0000000789c80000,0x0000000789c80000)
  from space 512K, 56% used [0x000000078b300000,0x000000078b348000,0x000000078b380000)
  to   space 2048K, 0% used [0x000000078b380000,0x000000078b380000,0x000000078b580000)
 ParOldGen       total 173568K, used 1650K [0x00000006c2800000, 0x00000006cd180000, 0x000000076b800000)
  object space 173568K, 0% used [0x00000006c2800000,0x00000006c299cb60,0x00000006cd180000)
 Metaspace       used 7955K, capacity 8486K, committed 8704K, reserved 1056768K
  class space    used 642K, capacity 658K, committed 768K, reserved 1048576K
Event: 1.489 GC heap after
Heap after GC invocations=10 (full 0):
 PSYoungGen      total 475136K, used 96K [0x000000076b800000, 0x000000078b400000, 0x00000007c0000000)
  eden space 474624K, 0% used [0x000000076b800000,0x000000076b800000,0x0000000788780000)
  from space 512K, 18% used [0x000000078b380000,0x000000078b398000,0x000000078b400000)
  to   space 2560K, 0% used [0x000000078af00000,0x000000078af00000,0x000000078b180000)
 ParOldGen       total 173568K, used 1830K [0x00000006c2800000, 0x00000006cd180000, 0x000000076b800000)
  object space 173568K, 1% used [0x00000006c2800000,0x00000006c29c9b70,0x00000006cd180000)
 Metaspace       used 7955K, capacity 8486K, committed 8704K, reserved 1056768K
  class space    used 642K, capacity 658K, committed 768K, reserved 1048576K
}
Event: 1.838 GC heap before
{Heap before GC invocations=11 (full 0):
 PSYoungGen      total 475136K, used 474720K [0x000000076b800000, 0x000000078b400000, 0x00000007c0000000)
  eden space 474624K, 100% used [0x000000076b800000,0x0000000788780000,0x0000000788780000)
  from space 512K, 18% used [0x000000078b380000,0x000000078b398000,0x000000078b400000)
  to   space 2560K, 0% used [0x000000078af00000,0x000000078af00000,0x000000078b180000)
 ParOldGen       total 173568K, used 1830K [0x00000006c2800000, 0x00000006cd180000, 0x000000076b800000)
  object space 173568K, 1% used [0x00000006c2800000,0x00000006c29c9b70,0x00000006cd180000)
 Metaspace       used 7957K, capacity 8486K, committed 8704K, reserved 1056768K
  class space    used 642K, capacity 658K, committed 768K, reserved 1048576K
Event: 1.839 GC heap after
Heap after GC invocations=11 (full 0):
 PSYoungGen      total 456704K, used 64K [0x000000076b800000, 0x000000078b400000, 0x00000007c0000000)
  eden space 454144K, 0% used [0x000000076b800000,0x000000076b800000,0x0000000787380000)
  from space 2560K, 2% used [0x000000078af00000,0x000000078af10000,0x000000078b180000)
  to   space 2560K, 0% used [0x000000078b180000,0x000000078b180000,0x000000078b400000)
 ParOldGen       total 173568K, used 1830K [0x00000006c2800000, 0x00000006cd180000, 0x000000076b800000)
  object space 173568K, 1% used [0x00000006c2800000,0x00000006c29c9b70,0x00000006cd180000)
 Metaspace       used 7957K, capacity 8486K, committed 8704K, reserved 1056768K
  class space    used 642K, capacity 658K, committed 768K, reserved 1048576K
}
Event: 2.173 GC heap before
{Heap before GC invocations=12 (full 0):
 PSYoungGen      total 456704K, used 454208K [0x000000076b800000, 0x000000078b400000, 0x00000007c0000000)
  eden space 454144K, 100% used [0x000000076b800000,0x0000000787380000,0x0000000787380000)
  from space 2560K, 2% used [0x000000078af00000,0x000000078af10000,0x000000078b180000)
  to   space 2560K, 0% used [0x000000078b180000,0x000000078b180000,0x000000078b400000)
 ParOldGen       total 173568K, used 1830K [0x00000006c2800000, 0x00000006cd180000, 0x000000076b800000)
  object space 173568K, 1% used [0x00000006c2800000,0x00000006c29c9b70,0x00000006cd180000)
 Metaspace       used 7958K, capacity 8486K, committed 8704K, reserved 1056768K
  class space    used 642K, capacity 658K, committed 768K, reserved 1048576K
Event: 2.174 GC heap after
Heap after GC invocations=12 (full 0):
 PSYoungGen      total 435200K, used 64K [0x000000076b800000, 0x000000078b200000, 0x00000007c0000000)
  eden space 434688K, 0% used [0x000000076b800000,0x000000076b800000,0x0000000786080000)
  from space 512K, 12% used [0x000000078b180000,0x000000078b190000,0x000000078b200000)
  to   space 2560K, 0% used [0x000000078ad00000,0x000000078ad00000,0x000000078af80000)
 ParOldGen       total 173568K, used 1830K [0x00000006c2800000, 0x00000006cd180000, 0x000000076b800000)
  object space 173568K, 1% used [0x00000006c2800000,0x00000006c29c9b70,0x00000006cd180000)
 Metaspace       used 7958K, capacity 8486K, committed 8704K, reserved 1056768K
  class space    used 642K, capacity 658K, committed 768K, reserved 1048576K
}

