# JRE version: Java(TM) SE Runtime Environment (8.0_65-b17) (build 1.8.0_65-b17)
# Java VM: Java HotSpot(TM) 64-Bit Server VM (25.65-b01 mixed mode windows-amd64 compressed oops)
Heap:
 PSYoungGen      total 61440K, used 54106K [0x000000076b800000, 0x00000007b7600000, 0x00000007c0000000)
  eden space 60928K, 88% used [0x000000076b800000,0x000000076eca69f8,0x000000076f380000)
  from space 512K, 37% used [0x00000007b7500000,0x00000007b7530000,0x00000007b7580000)
  to   space 512K, 0% used [0x00000007b7580000,0x00000007b7580000,0x00000007b7600000)
 ParOldGen       total 173568K, used 19542K [0x00000006c2800000, 0x00000006cd180000, 0x000000076b800000)
  object space 173568K, 11% used [0x00000006c2800000,0x00000006c3b15a20,0x00000006cd180000)
 Metaspace       used 8397K, capacity 8774K, committed 8960K, reserved 1056768K
  class space    used 662K, capacity 690K, committed 768K, reserved 1048576K
GC Heap History (10 events):
Event: 60.182 GC heap before
{Heap before GC invocations=645 (full 0):
 PSYoungGen      total 55296K, used 54880K [0x000000076b800000, 0x00000007b7600000, 0x00000007c0000000)
  eden space 54784K, 100% used [0x000000076b800000,0x000000076ed80000,0x000000076ed80000)
  from space 512K, 18% used [0x00000007b7580000,0x00000007b7598000,0x00000007b7600000)
  to   space 512K, 0% used [0x00000007b7500000,0x00000007b7500000,0x00000007b7580000)
 ParOldGen       total 173568K, used 19542K [0x00000006c2800000, 0x00000006cd180000, 0x000000076b800000)
  object space 173568K, 11% used [0x00000006c2800000,0x00000006c3b15a20,0x00000006cd180000)
 Metaspace       used 8397K, capacity 8774K, committed 8960K, reserved 1056768K
  class space    used 662K, capacity 690K, committed 768K, reserved 1048576K
Event: 60.182 GC heap after
Heap after GC invocations=645 (full 0):
 PSYoungGen      total 54272K, used 192K [0x000000076b800000, 0x00000007b7600000, 0x00000007c0000000)
  eden space 53760K, 0% used [0x000000076b800000,0x000000076b800000,0x000000076ec80000)
  from space 512K, 37% used [0x00000007b7500000,0x00000007b7530000,0x00000007b7580000)
  to   space 512K, 0% used [0x00000007b7580000,0x00000007b7580000,0x00000007b7600000)
 ParOldGen       total 173568K, used 19542K [0x00000006c2800000, 0x00000006cd180000, 0x000000076b800000)
  object space 173568K, 11% used [0x00000006c2800000,0x00000006c3b15a20,0x00000006cd180000)
 Metaspace       used 8397K, capacity 8774K, committed 8960K, reserved 1056768K
  class space    used 662K, capacity 690K, committed 768K, reserved 1048576K
}
Event: 60.237 GC heap before
{Heap before GC invocations=646 (full 0):
 PSYoungGen      total 54272K, used 53952K [0x000000076b800000, 0x00000007b7600000, 0x00000007c0000000)
  eden space 53760K, 100% used [0x000000076b800000,0x000000076ec80000,0x000000076ec80000)
  from space 512K, 37% used [0x00000007b7500000,0x00000007b7530000,0x00000007b7580000)
  to   space 512K, 0% used [0x00000007b7580000,0x00000007b7580000,0x00000007b7600000)
 ParOldGen       total 173568K, used 19542K [0x00000006c2800000, 0x00000006cd180000, 0x000000076b800000)
  object space 173568K, 11% used [0x00000006c2800000,0x00000006c3b15a20,0x00000006cd180000)
 Metaspace       used 8397K, capacity 8774K, committed 8960K, reserved 1056768K
  class space    used 662K, capacity 690K, committed 768K, reserved 1048576K
Event: 60.238 GC heap after
Heap after GC invocations=646 (full 0):
 PSYoungGen      total 53248K, used 224K [0x000000076b800000, 0x00000007b7600000, 0x00000007c0000000)
  eden space 52736K, 0% used [0x000000076b800000,0x000000076b800000,0x000000076eb80000)
  from space 512K, 43% used [0x00000007b7580000,0x00000007b75b8000,0x00000007b7600000)
  to   space 512K, 0% used [0x00000007b7500000,0x00000007b7500000,0x00000007b7580000)
 ParOldGen       total 173568K, used 19542K [0x00000006c2800000, 0x00000006cd180000, 0x000000076b800000)
  object space 173568K, 11% used [0x00000006c2800000,0x00000006c3b15a20,0x00000006cd180000)
 Metaspace       used 8397K, capacity 8774K, committed 8960K, reserved 1056768K
  class space    used 662K, capacity 690K, committed 768K, reserved 1048576K
}
Event: 60.281 GC heap before
{Heap before GC invocations=647 (full 0):
 PSYoungGen      total 53248K, used 52960K [0x000000076b800000, 0x00000007b7600000, 0x00000007c0000000)
  eden space 52736K, 100% used [0x000000076b800000,0x000000076eb80000,0x000000076eb80000)
  from space 512K, 43% used [0x00000007b7580000,0x00000007b75b8000,0x00000007b7600000)
  to   space 512K, 0% used [0x00000007b7500000,0x00000007b7500000,0x00000007b7580000)
 ParOldGen       total 173568K, used 19542K [0x00000006c2800000, 0x00000006cd180000, 0x000000076b800000)
  object space 173568K, 11% used [0x00000006c2800000,0x00000006c3b15a20,0x00000006cd180000)
 Metaspace       used 8397K, capacity 8774K, committed 8960K, reserved 1056768K
  class space    used 662K, capacity 690K, committed 768K, reserved 1048576K
Event: 60.282 GC heap after
Heap after GC invocations=647 (full 0):
 PSYoungGen      total 52224K, used 160K [0x000000076b800000, 0x00000007b7600000, 0x00000007c0000000)
  eden space 51712K, 0% used [0x000000076b800000,0x000000076b800000,0x000000076ea80000)
  from space 512K, 31% used [0x00000007b7500000,0x00000007b7528000,0x00000007b7580000)
  to   space 512K, 0% used [0x00000007b7580000,0x00000007b7580000,0x00000007b7600000)
 ParOldGen       total 173568K, used 19542K [0x00000006c2800000, 0x00000006cd180000, 0x000000076b800000)
  object space 173568K, 11% used [0x00000006c2800000,0x00000006c3b15a20,0x00000006cd180000)
 Metaspace       used 8397K, capacity 8774K, committed 8960K, reserved 1056768K
  class space    used 662K, capacity 690K, committed 768K, reserved 1048576K
}
Event: 60.342 GC heap before
{Heap before GC invocations=648 (full 0):
 PSYoungGen      total 52224K, used 51872K [0x000000076b800000, 0x00000007b7600000, 0x00000007c0000000)
  eden space 51712K, 100% used [0x000000076b800000,0x000000076ea80000,0x000000076ea80000)
  from space 512K, 31% used [0x00000007b7500000,0x00000007b7528000,0x00000007b7580000)
  to   space 512K, 0% used [0x00000007b7580000,0x00000007b7580000,0x00000007b7600000)
 ParOldGen       total 173568K, used 19542K [0x00000006c2800000, 0x00000006cd180000, 0x000000076b800000)
  object space 173568K, 11% used [0x00000006c2800000,0x00000006c3b15a20,0x00000006cd180000)
 Metaspace       used 8397K, capacity 8774K, committed 8960K, reserved 1056768K
  class space    used 662K, capacity 690K, committed 768K, reserved 1048576K
Event: 60.342 GC heap after
Heap after GC invocations=648 (full 0):
 PSYoungGen      total 51200K, used 192K [0x000000076b800000, 0x00000007b7600000, 0x00000007c0000000)
  eden space 50688K, 0% used [0x000000076b800000,0x000000076b800000,0x000000076e980000)
  from space 512K, 37% used [0x00000007b7580000,0x00000007b75b0000,0x00000007b7600000)
  to   space 512K, 0% used [0x00000007b7500000,0x00000007b7500000,0x00000007b7580000)
 ParOldGen       total 173568K, used 19542K [0x00000006c2800000, 0x00000006cd180000, 0x000000076b800000)
  object space 173568K, 11% used [0x00000006c2800000,0x00000006c3b15a20,0x00000006cd180000)
 Metaspace       used 8397K, capacity 8774K, committed 8960K, reserved 1056768K
  class space    used 662K, capacity 690K, committed 768K, reserved 1048576K
}
Event: 60.387 GC heap before
{Heap before GC invocations=649 (full 0):
 PSYoungGen      total 51200K, used 50880K [0x000000076b800000, 0x00000007b7600000, 0x00000007c0000000)
  eden space 50688K, 100% used [0x000000076b800000,0x000000076e980000,0x000000076e980000)
  from space 512K, 37% used [0x00000007b7580000,0x00000007b75b0000,0x00000007b7600000)
  to   space 512K, 0% used [0x00000007b7500000,0x00000007b7500000,0x00000007b7580000)
 ParOldGen       total 173568K, used 19542K [0x00000006c2800000, 0x00000006cd180000, 0x000000076b800000)
  object space 173568K, 11% used [0x00000006c2800000,0x00000006c3b15a20,0x00000006cd180000)
 Metaspace       used 8397K, capacity 8774K, committed 8960K, reserved 1056768K
  class space    used 662K, capacity 690K, committed 768K, reserved 1048576K
Event: 60.388 GC heap after
Heap after GC invocations=649 (full 0):
 PSYoungGen      total 61440K, used 192K [0x000000076b800000, 0x00000007b7600000, 0x00000007c0000000)
  eden space 60928K, 0% used [0x000000076b800000,0x000000076b800000,0x000000076f380000)
  from space 512K, 37% used [0x00000007b7500000,0x00000007b7530000,0x00000007b7580000)
  to   space 512K, 0% used [0x00000007b7580000,0x00000007b7580000,0x00000007b7600000)
 ParOldGen       total 173568K, used 19542K [0x00000006c2800000, 0x00000006cd180000, 0x000000076b800000)
  object space 173568K, 11% used [0x00000006c2800000,0x00000006c3b15a20,0x00000006cd180000)
 Metaspace       used 8397K, capacity 8774K, committed 8960K, reserved 1056768K
  class space    used 662K, capacity 690K, committed 768K, reserved 1048576K
}

