# JRE version: Java(TM) SE Runtime Environment (8.0_65-b17) (build 1.8.0_65-b17)
# Java VM: Java HotSpot(TM) 64-Bit Server VM (25.65-b01 mixed mode windows-amd64 compressed oops)
Heap:
 PSYoungGen      total 62976K, used 60479K [0x000000076b800000, 0x00000007a6880000, 0x00000007c0000000)
  eden space 62464K, 96% used [0x000000076b800000,0x000000076f2efeb8,0x000000076f500000)
  from space 512K, 25% used [0x00000007a6780000,0x00000007a67a0000,0x00000007a6800000)
  to   space 512K, 0% used [0x00000007a6800000,0x00000007a6800000,0x00000007a6880000)
 ParOldGen       total 173568K, used 31540K [0x00000006c2800000, 0x00000006cd180000, 0x000000076b800000)
  object space 173568K, 18% used [0x00000006c2800000,0x00000006c46cd1f8,0x00000006cd180000)
 Metaspace       used 8407K, capacity 8774K, committed 8960K, reserved 1056768K
  class space    used 662K, capacity 690K, committed 768K, reserved 1048576K
GC Heap History (10 events):
Event: 132.089 GC heap before
{Heap before GC invocations=2095 (full 0):
 PSYoungGen      total 46080K, used 45728K [0x000000076b800000, 0x00000007a6880000, 0x00000007c0000000)
  eden space 45568K, 100% used [0x000000076b800000,0x000000076e480000,0x000000076e480000)
  from space 512K, 31% used [0x00000007a6800000,0x00000007a6828000,0x00000007a6880000)
  to   space 512K, 0% used [0x00000007a6780000,0x00000007a6780000,0x00000007a6800000)
 ParOldGen       total 173568K, used 31540K [0x00000006c2800000, 0x00000006cd180000, 0x000000076b800000)
  object space 173568K, 18% used [0x00000006c2800000,0x00000006c46cd1f8,0x00000006cd180000)
 Metaspace       used 8407K, capacity 8774K, committed 8960K, reserved 1056768K
  class space    used 662K, capacity 690K, committed 768K, reserved 1048576K
Event: 132.090 GC heap after
Heap after GC invocations=2095 (full 0):
 PSYoungGen      total 45568K, used 160K [0x000000076b800000, 0x00000007a6880000, 0x00000007c0000000)
  eden space 45056K, 0% used [0x000000076b800000,0x000000076b800000,0x000000076e400000)
  from space 512K, 31% used [0x00000007a6780000,0x00000007a67a8000,0x00000007a6800000)
  to   space 512K, 0% used [0x00000007a6800000,0x00000007a6800000,0x00000007a6880000)
 ParOldGen       total 173568K, used 31540K [0x00000006c2800000, 0x00000006cd180000, 0x000000076b800000)
  object space 173568K, 18% used [0x00000006c2800000,0x00000006c46cd1f8,0x00000006cd180000)
 Metaspace       used 8407K, capacity 8774K, committed 8960K, reserved 1056768K
  class space    used 662K, capacity 690K, committed 768K, reserved 1048576K
}
Event: 132.121 GC heap before
{Heap before GC invocations=2096 (full 0):
 PSYoungGen      total 45568K, used 45216K [0x000000076b800000, 0x00000007a6880000, 0x00000007c0000000)
  eden space 45056K, 100% used [0x000000076b800000,0x000000076e400000,0x000000076e400000)
  from space 512K, 31% used [0x00000007a6780000,0x00000007a67a8000,0x00000007a6800000)
  to   space 512K, 0% used [0x00000007a6800000,0x00000007a6800000,0x00000007a6880000)
 ParOldGen       total 173568K, used 31540K [0x00000006c2800000, 0x00000006cd180000, 0x000000076b800000)
  object space 173568K, 18% used [0x00000006c2800000,0x00000006c46cd1f8,0x00000006cd180000)
 Metaspace       used 8407K, capacity 8774K, committed 8960K, reserved 1056768K
  class space    used 662K, capacity 690K, committed 768K, reserved 1048576K
Event: 132.122 GC heap after
Heap after GC invocations=2096 (full 0):
 PSYoungGen      total 54784K, used 192K [0x000000076b800000, 0x00000007a6880000, 0x00000007c0000000)
  eden space 54272K, 0% used [0x000000076b800000,0x000000076b800000,0x000000076ed00000)
  from space 512K, 37% used [0x00000007a6800000,0x00000007a6830000,0x00000007a6880000)
  to   space 512K, 0% used [0x00000007a6780000,0x00000007a6780000,0x00000007a6800000)
 ParOldGen       total 173568K, used 31540K [0x00000006c2800000, 0x00000006cd180000, 0x000000076b800000)
  object space 173568K, 18% used [0x00000006c2800000,0x00000006c46cd1f8,0x00000006cd180000)
 Metaspace       used 8407K, capacity 8774K, committed 8960K, reserved 1056768K
  class space    used 662K, capacity 690K, committed 768K, reserved 1048576K
}
Event: 132.188 GC heap before
{Heap before GC invocations=2097 (full 0):
 PSYoungGen      total 54784K, used 54464K [0x000000076b800000, 0x00000007a6880000, 0x00000007c0000000)
  eden space 54272K, 100% used [0x000000076b800000,0x000000076ed00000,0x000000076ed00000)
  from space 512K, 37% used [0x00000007a6800000,0x00000007a6830000,0x00000007a6880000)
  to   space 512K, 0% used [0x00000007a6780000,0x00000007a6780000,0x00000007a6800000)
 ParOldGen       total 173568K, used 31540K [0x00000006c2800000, 0x00000006cd180000, 0x000000076b800000)
  object space 173568K, 18% used [0x00000006c2800000,0x00000006c46cd1f8,0x00000006cd180000)
 Metaspace       used 8407K, capacity 8774K, committed 8960K, reserved 1056768K
  class space    used 662K, capacity 690K, committed 768K, reserved 1048576K
Event: 132.189 GC heap after
Heap after GC invocations=2097 (full 0):
 PSYoungGen      total 66048K, used 128K [0x000000076b800000, 0x00000007a6880000, 0x00000007c0000000)
  eden space 65536K, 0% used [0x000000076b800000,0x000000076b800000,0x000000076f800000)
  from space 512K, 25% used [0x00000007a6780000,0x00000007a67a0000,0x00000007a6800000)
  to   space 512K, 0% used [0x00000007a6800000,0x00000007a6800000,0x00000007a6880000)
 ParOldGen       total 173568K, used 31540K [0x00000006c2800000, 0x00000006cd180000, 0x000000076b800000)
  object space 173568K, 18% used [0x00000006c2800000,0x00000006c46cd1f8,0x00000006cd180000)
 Metaspace       used 8407K, capacity 8774K, committed 8960K, reserved 1056768K
  class space    used 662K, capacity 690K, committed 768K, reserved 1048576K
}
Event: 132.255 GC heap before
{Heap before GC invocations=2098 (full 0):
 PSYoungGen      total 66048K, used 65664K [0x000000076b800000, 0x00000007a6880000, 0x00000007c0000000)
  eden space 65536K, 100% used [0x000000076b800000,0x000000076f800000,0x000000076f800000)
  from space 512K, 25% used [0x00000007a6780000,0x00000007a67a0000,0x00000007a6800000)
  to   space 512K, 0% used [0x00000007a6800000,0x00000007a6800000,0x00000007a6880000)
 ParOldGen       total 173568K, used 31540K [0x00000006c2800000, 0x00000006cd180000, 0x000000076b800000)
  object space 173568K, 18% used [0x00000006c2800000,0x00000006c46cd1f8,0x00000006cd180000)
 Metaspace       used 8407K, capacity 8774K, committed 8960K, reserved 1056768K
  class space    used 662K, capacity 690K, committed 768K, reserved 1048576K
Event: 132.256 GC heap after
Heap after GC invocations=2098 (full 0):
 PSYoungGen      total 64512K, used 224K [0x000000076b800000, 0x00000007a6880000, 0x00000007c0000000)
  eden space 64000K, 0% used [0x000000076b800000,0x000000076b800000,0x000000076f680000)
  from space 512K, 43% used [0x00000007a6800000,0x00000007a6838000,0x00000007a6880000)
  to   space 512K, 0% used [0x00000007a6780000,0x00000007a6780000,0x00000007a6800000)
 ParOldGen       total 173568K, used 31540K [0x00000006c2800000, 0x00000006cd180000, 0x000000076b800000)
  object space 173568K, 18% used [0x00000006c2800000,0x00000006c46cd1f8,0x00000006cd180000)
 Metaspace       used 8407K, capacity 8774K, committed 8960K, reserved 1056768K
  class space    used 662K, capacity 690K, committed 768K, reserved 1048576K
}
Event: 132.299 GC heap before
{Heap before GC invocations=2099 (full 0):
 PSYoungGen      total 64512K, used 64224K [0x000000076b800000, 0x00000007a6880000, 0x00000007c0000000)
  eden space 64000K, 100% used [0x000000076b800000,0x000000076f680000,0x000000076f680000)
  from space 512K, 43% used [0x00000007a6800000,0x00000007a6838000,0x00000007a6880000)
  to   space 512K, 0% used [0x00000007a6780000,0x00000007a6780000,0x00000007a6800000)
 ParOldGen       total 173568K, used 31540K [0x00000006c2800000, 0x00000006cd180000, 0x000000076b800000)
  object space 173568K, 18% used [0x00000006c2800000,0x00000006c46cd1f8,0x00000006cd180000)
 Metaspace       used 8407K, capacity 8774K, committed 8960K, reserved 1056768K
  class space    used 662K, capacity 690K, committed 768K, reserved 1048576K
Event: 132.300 GC heap after
Heap after GC invocations=2099 (full 0):
 PSYoungGen      total 62976K, used 128K [0x000000076b800000, 0x00000007a6880000, 0x00000007c0000000)
  eden space 62464K, 0% used [0x000000076b800000,0x000000076b800000,0x000000076f500000)
  from space 512K, 25% used [0x00000007a6780000,0x00000007a67a0000,0x00000007a6800000)
  to   space 512K, 0% used [0x00000007a6800000,0x00000007a6800000,0x00000007a6880000)
 ParOldGen       total 173568K, used 31540K [0x00000006c2800000, 0x00000006cd180000, 0x000000076b800000)
  object space 173568K, 18% used [0x00000006c2800000,0x00000006c46cd1f8,0x00000006cd180000)
 Metaspace       used 8407K, capacity 8774K, committed 8960K, reserved 1056768K
  class space    used 662K, capacity 690K, committed 768K, reserved 1048576K
}

