# JRE version: Java(TM) SE Runtime Environment (8.0_65-b17) (build 1.8.0_65-b17)
# Java VM: Java HotSpot(TM) 64-Bit Server VM (25.65-b01 mixed mode windows-amd64 compressed oops)
Heap:
 PSYoungGen      total 73728K, used 64538K [0x000000076b800000, 0x00000007b9100000, 0x00000007c0000000)
  eden space 73216K, 87% used [0x000000076b800000,0x000000076f6cebf8,0x000000076ff80000)
  from space 512K, 43% used [0x00000007b9080000,0x00000007b90b8000,0x00000007b9100000)
  to   space 512K, 0% used [0x00000007b9000000,0x00000007b9000000,0x00000007b9080000)
 ParOldGen       total 173568K, used 12086K [0x00000006c2800000, 0x00000006cd180000, 0x000000076b800000)
  object space 173568K, 6% used [0x00000006c2800000,0x00000006c33cd9c8,0x00000006cd180000)
 Metaspace       used 8340K, capacity 8774K, committed 8960K, reserved 1056768K
  class space    used 659K, capacity 690K, committed 768K, reserved 1048576K
GC Heap History (10 events):
Event: 43.781 GC heap before
{Heap before GC invocations=532 (full 0):
 PSYoungGen      total 54272K, used 53952K [0x000000076b800000, 0x00000007b9100000, 0x00000007c0000000)
  eden space 53760K, 100% used [0x000000076b800000,0x000000076ec80000,0x000000076ec80000)
  from space 512K, 37% used [0x00000007b9000000,0x00000007b9030000,0x00000007b9080000)
  to   space 512K, 0% used [0x00000007b9080000,0x00000007b9080000,0x00000007b9100000)
 ParOldGen       total 173568K, used 12086K [0x00000006c2800000, 0x00000006cd180000, 0x000000076b800000)
  object space 173568K, 6% used [0x00000006c2800000,0x00000006c33cd9c8,0x00000006cd180000)
 Metaspace       used 8340K, capacity 8774K, committed 8960K, reserved 1056768K
  class space    used 659K, capacity 690K, committed 768K, reserved 1048576K
Event: 43.782 GC heap after
Heap after GC invocations=532 (full 0):
 PSYoungGen      total 53248K, used 192K [0x000000076b800000, 0x00000007b9100000, 0x00000007c0000000)
  eden space 52736K, 0% used [0x000000076b800000,0x000000076b800000,0x000000076eb80000)
  from space 512K, 37% used [0x00000007b9080000,0x00000007b90b0000,0x00000007b9100000)
  to   space 512K, 0% used [0x00000007b9000000,0x00000007b9000000,0x00000007b9080000)
 ParOldGen       total 173568K, used 12086K [0x00000006c2800000, 0x00000006cd180000, 0x000000076b800000)
  object space 173568K, 6% used [0x00000006c2800000,0x00000006c33cd9c8,0x00000006cd180000)
 Metaspace       used 8340K, capacity 8774K, committed 8960K, reserved 1056768K
  class space    used 659K, capacity 690K, committed 768K, reserved 1048576K
}
Event: 43.825 GC heap before
{Heap before GC invocations=533 (full 0):
 PSYoungGen      total 53248K, used 52928K [0x000000076b800000, 0x00000007b9100000, 0x00000007c0000000)
  eden space 52736K, 100% used [0x000000076b800000,0x000000076eb80000,0x000000076eb80000)
  from space 512K, 37% used [0x00000007b9080000,0x00000007b90b0000,0x00000007b9100000)
  to   space 512K, 0% used [0x00000007b9000000,0x00000007b9000000,0x00000007b9080000)
 ParOldGen       total 173568K, used 12086K [0x00000006c2800000, 0x00000006cd180000, 0x000000076b800000)
  object space 173568K, 6% used [0x00000006c2800000,0x00000006c33cd9c8,0x00000006cd180000)
 Metaspace       used 8340K, capacity 8774K, committed 8960K, reserved 1056768K
  class space    used 659K, capacity 690K, committed 768K, reserved 1048576K
Event: 43.825 GC heap after
Heap after GC invocations=533 (full 0):
 PSYoungGen      total 64000K, used 224K [0x000000076b800000, 0x00000007b9100000, 0x00000007c0000000)
  eden space 63488K, 0% used [0x000000076b800000,0x000000076b800000,0x000000076f600000)
  from space 512K, 43% used [0x00000007b9000000,0x00000007b9038000,0x00000007b9080000)
  to   space 512K, 0% used [0x00000007b9080000,0x00000007b9080000,0x00000007b9100000)
 ParOldGen       total 173568K, used 12086K [0x00000006c2800000, 0x00000006cd180000, 0x000000076b800000)
  object space 173568K, 6% used [0x00000006c2800000,0x00000006c33cd9c8,0x00000006cd180000)
 Metaspace       used 8340K, capacity 8774K, committed 8960K, reserved 1056768K
  class space    used 659K, capacity 690K, committed 768K, reserved 1048576K
}
Event: 43.894 GC heap before
{Heap before GC invocations=534 (full 0):
 PSYoungGen      total 64000K, used 63712K [0x000000076b800000, 0x00000007b9100000, 0x00000007c0000000)
  eden space 63488K, 100% used [0x000000076b800000,0x000000076f600000,0x000000076f600000)
  from space 512K, 43% used [0x00000007b9000000,0x00000007b9038000,0x00000007b9080000)
  to   space 512K, 0% used [0x00000007b9080000,0x00000007b9080000,0x00000007b9100000)
 ParOldGen       total 173568K, used 12086K [0x00000006c2800000, 0x00000006cd180000, 0x000000076b800000)
  object space 173568K, 6% used [0x00000006c2800000,0x00000006c33cd9c8,0x00000006cd180000)
 Metaspace       used 8340K, capacity 8774K, committed 8960K, reserved 1056768K
  class space    used 659K, capacity 690K, committed 768K, reserved 1048576K
Event: 43.894 GC heap after
Heap after GC invocations=534 (full 0):
 PSYoungGen      total 62464K, used 192K [0x000000076b800000, 0x00000007b9100000, 0x00000007c0000000)
  eden space 61952K, 0% used [0x000000076b800000,0x000000076b800000,0x000000076f480000)
  from space 512K, 37% used [0x00000007b9080000,0x00000007b90b0000,0x00000007b9100000)
  to   space 512K, 0% used [0x00000007b9000000,0x00000007b9000000,0x00000007b9080000)
 ParOldGen       total 173568K, used 12086K [0x00000006c2800000, 0x00000006cd180000, 0x000000076b800000)
  object space 173568K, 6% used [0x00000006c2800000,0x00000006c33cd9c8,0x00000006cd180000)
 Metaspace       used 8340K, capacity 8774K, committed 8960K, reserved 1056768K
  class space    used 659K, capacity 690K, committed 768K, reserved 1048576K
}
Event: 43.940 GC heap before
{Heap before GC invocations=535 (full 0):
 PSYoungGen      total 62464K, used 62144K [0x000000076b800000, 0x00000007b9100000, 0x00000007c0000000)
  eden space 61952K, 100% used [0x000000076b800000,0x000000076f480000,0x000000076f480000)
  from space 512K, 37% used [0x00000007b9080000,0x00000007b90b0000,0x00000007b9100000)
  to   space 512K, 0% used [0x00000007b9000000,0x00000007b9000000,0x00000007b9080000)
 ParOldGen       total 173568K, used 12086K [0x00000006c2800000, 0x00000006cd180000, 0x000000076b800000)
  object space 173568K, 6% used [0x00000006c2800000,0x00000006c33cd9c8,0x00000006cd180000)
 Metaspace       used 8340K, capacity 8774K, committed 8960K, reserved 1056768K
  class space    used 659K, capacity 690K, committed 768K, reserved 1048576K
Event: 43.941 GC heap after
Heap after GC invocations=535 (full 0):
 PSYoungGen      total 75264K, used 192K [0x000000076b800000, 0x00000007b9100000, 0x00000007c0000000)
  eden space 74752K, 0% used [0x000000076b800000,0x000000076b800000,0x0000000770100000)
  from space 512K, 37% used [0x00000007b9000000,0x00000007b9030000,0x00000007b9080000)
  to   space 512K, 0% used [0x00000007b9080000,0x00000007b9080000,0x00000007b9100000)
 ParOldGen       total 173568K, used 12086K [0x00000006c2800000, 0x00000006cd180000, 0x000000076b800000)
  object space 173568K, 6% used [0x00000006c2800000,0x00000006c33cd9c8,0x00000006cd180000)
 Metaspace       used 8340K, capacity 8774K, committed 8960K, reserved 1056768K
  class space    used 659K, capacity 690K, committed 768K, reserved 1048576K
}
Event: 43.997 GC heap before
{Heap before GC invocations=536 (full 0):
 PSYoungGen      total 75264K, used 74944K [0x000000076b800000, 0x00000007b9100000, 0x00000007c0000000)
  eden space 74752K, 100% used [0x000000076b800000,0x0000000770100000,0x0000000770100000)
  from space 512K, 37% used [0x00000007b9000000,0x00000007b9030000,0x00000007b9080000)
  to   space 512K, 0% used [0x00000007b9080000,0x00000007b9080000,0x00000007b9100000)
 ParOldGen       total 173568K, used 12086K [0x00000006c2800000, 0x00000006cd180000, 0x000000076b800000)
  object space 173568K, 6% used [0x00000006c2800000,0x00000006c33cd9c8,0x00000006cd180000)
 Metaspace       used 8340K, capacity 8774K, committed 8960K, reserved 1056768K
  class space    used 659K, capacity 690K, committed 768K, reserved 1048576K
Event: 43.997 GC heap after
Heap after GC invocations=536 (full 0):
 PSYoungGen      total 73728K, used 224K [0x000000076b800000, 0x00000007b9100000, 0x00000007c0000000)
  eden space 73216K, 0% used [0x000000076b800000,0x000000076b800000,0x000000076ff80000)
  from space 512K, 43% used [0x00000007b9080000,0x00000007b90b8000,0x00000007b9100000)
  to   space 512K, 0% used [0x00000007b9000000,0x00000007b9000000,0x00000007b9080000)
 ParOldGen       total 173568K, used 12086K [0x00000006c2800000, 0x00000006cd180000, 0x000000076b800000)
  object space 173568K, 6% used [0x00000006c2800000,0x00000006c33cd9c8,0x00000006cd180000)
 Metaspace       used 8340K, capacity 8774K, committed 8960K, reserved 1056768K
  class space    used 659K, capacity 690K, committed 768K, reserved 1048576K
}

