# JRE version: Java(TM) SE Runtime Environment (8.0_65-b17) (build 1.8.0_65-b17)
# Java VM: Java HotSpot(TM) 64-Bit Server VM (25.65-b01 mixed mode windows-amd64 compressed oops)
Heap:
 PSYoungGen      total 1291776K, used 1175926K [0x000000076b800000, 0x00000007bf180000, 0x00000007c0000000)
  eden space 1291264K, 91% used [0x000000076b800000,0x00000007b341da88,0x00000007ba500000)
  from space 512K, 50% used [0x00000007be400000,0x00000007be440000,0x00000007be480000)
  to   space 12800K, 0% used [0x00000007be500000,0x00000007be500000,0x00000007bf180000)
 ParOldGen       total 173568K, used 36971K [0x00000006c2800000, 0x00000006cd180000, 0x000000076b800000)
  object space 173568K, 21% used [0x00000006c2800000,0x00000006c4c1afb0,0x00000006cd180000)
 Metaspace       used 8344K, capacity 8710K, committed 8960K, reserved 1056768K
  class space    used 659K, capacity 690K, committed 768K, reserved 1048576K
GC Heap History (10 events):
Event: 2.697 GC heap before
{Heap before GC invocations=13 (full 0):
 PSYoungGen      total 665600K, used 650976K [0x000000076b800000, 0x0000000795180000, 0x00000007c0000000)
  eden space 650752K, 100% used [0x000000076b800000,0x0000000793380000,0x0000000793380000)
  from space 14848K, 1% used [0x0000000794300000,0x0000000794338000,0x0000000795180000)
  to   space 15360K, 0% used [0x0000000793380000,0x0000000793380000,0x0000000794280000)
 ParOldGen       total 173568K, used 36923K [0x00000006c2800000, 0x00000006cd180000, 0x000000076b800000)
  object space 173568K, 21% used [0x00000006c2800000,0x00000006c4c0efb0,0x00000006cd180000)
 Metaspace       used 8295K, capacity 8710K, committed 8960K, reserved 1056768K
  class space    used 659K, capacity 690K, committed 768K, reserved 1048576K
Event: 2.698 GC heap after
Heap after GC invocations=13 (full 0):
 PSYoungGen      total 666112K, used 224K [0x000000076b800000, 0x00000007acf00000, 0x00000007c0000000)
  eden space 650752K, 0% used [0x000000076b800000,0x000000076b800000,0x0000000793380000)
  from space 15360K, 1% used [0x0000000793380000,0x00000007933b8000,0x0000000794280000)
  to   space 15360K, 0% used [0x00000007ac000000,0x00000007ac000000,0x00000007acf00000)
 ParOldGen       total 173568K, used 36939K [0x00000006c2800000, 0x00000006cd180000, 0x000000076b800000)
  object space 173568K, 21% used [0x00000006c2800000,0x00000006c4c12fb0,0x00000006cd180000)
 Metaspace       used 8295K, capacity 8710K, committed 8960K, reserved 1056768K
  class space    used 659K, capacity 690K, committed 768K, reserved 1048576K
}
Event: 3.573 GC heap before
{Heap before GC invocations=14 (full 0):
 PSYoungGen      total 666112K, used 650976K [0x000000076b800000, 0x00000007acf00000, 0x00000007c0000000)
  eden space 650752K, 100% used [0x000000076b800000,0x0000000793380000,0x0000000793380000)
  from space 15360K, 1% used [0x0000000793380000,0x00000007933b8000,0x0000000794280000)
  to   space 15360K, 0% used [0x00000007ac000000,0x00000007ac000000,0x00000007acf00000)
 ParOldGen       total 173568K, used 36939K [0x00000006c2800000, 0x00000006cd180000, 0x000000076b800000)
  object space 173568K, 21% used [0x00000006c2800000,0x00000006c4c12fb0,0x00000006cd180000)
 Metaspace       used 8309K, capacity 8710K, committed 8960K, reserved 1056768K
  class space    used 659K, capacity 690K, committed 768K, reserved 1048576K
Event: 3.573 GC heap after
Heap after GC invocations=14 (full 0):
 PSYoungGen      total 1055744K, used 192K [0x000000076b800000, 0x00000007ace00000, 0x00000007c0000000)
  eden space 1041408K, 0% used [0x000000076b800000,0x000000076b800000,0x00000007ab100000)
  from space 14336K, 1% used [0x00000007ac000000,0x00000007ac030000,0x00000007ace00000)
  to   space 14848K, 0% used [0x00000007ab100000,0x00000007ab100000,0x00000007abf80000)
 ParOldGen       total 173568K, used 36971K [0x00000006c2800000, 0x00000006cd180000, 0x000000076b800000)
  object space 173568K, 21% used [0x00000006c2800000,0x00000006c4c1afb0,0x00000006cd180000)
 Metaspace       used 8309K, capacity 8710K, committed 8960K, reserved 1056768K
  class space    used 659K, capacity 690K, committed 768K, reserved 1048576K
}
Event: 4.729 GC heap before
{Heap before GC invocations=15 (full 0):
 PSYoungGen      total 1055744K, used 1041600K [0x000000076b800000, 0x00000007ace00000, 0x00000007c0000000)
  eden space 1041408K, 100% used [0x000000076b800000,0x00000007ab100000,0x00000007ab100000)
  from space 14336K, 1% used [0x00000007ac000000,0x00000007ac030000,0x00000007ace00000)
  to   space 14848K, 0% used [0x00000007ab100000,0x00000007ab100000,0x00000007abf80000)
 ParOldGen       total 173568K, used 36971K [0x00000006c2800000, 0x00000006cd180000, 0x000000076b800000)
  object space 173568K, 21% used [0x00000006c2800000,0x00000006c4c1afb0,0x00000006cd180000)
 Metaspace       used 8313K, capacity 8710K, committed 8960K, reserved 1056768K
  class space    used 659K, capacity 690K, committed 768K, reserved 1048576K
Event: 4.730 GC heap after
Heap after GC invocations=15 (full 0):
 PSYoungGen      total 1056256K, used 224K [0x000000076b800000, 0x00000007bfe80000, 0x00000007c0000000)
  eden space 1041408K, 0% used [0x000000076b800000,0x000000076b800000,0x00000007ab100000)
  from space 14848K, 1% used [0x00000007ab100000,0x00000007ab138000,0x00000007abf80000)
  to   space 13824K, 0% used [0x00000007bf100000,0x00000007bf100000,0x00000007bfe80000)
 ParOldGen       total 173568K, used 36971K [0x00000006c2800000, 0x00000006cd180000, 0x000000076b800000)
  object space 173568K, 21% used [0x00000006c2800000,0x00000006c4c1afb0,0x00000006cd180000)
 Metaspace       used 8313K, capacity 8710K, committed 8960K, reserved 1056768K
  class space    used 659K, capacity 690K, committed 768K, reserved 1048576K
}
Event: 5.751 GC heap before
{Heap before GC invocations=16 (full 0):
 PSYoungGen      total 1056256K, used 1041632K [0x000000076b800000, 0x00000007bfe80000, 0x00000007c0000000)
  eden space 1041408K, 100% used [0x000000076b800000,0x00000007ab100000,0x00000007ab100000)
  from space 14848K, 1% used [0x00000007ab100000,0x00000007ab138000,0x00000007abf80000)
  to   space 13824K, 0% used [0x00000007bf100000,0x00000007bf100000,0x00000007bfe80000)
 ParOldGen       total 173568K, used 36971K [0x00000006c2800000, 0x00000006cd180000, 0x000000076b800000)
  object space 173568K, 21% used [0x00000006c2800000,0x00000006c4c1afb0,0x00000006cd180000)
 Metaspace       used 8318K, capacity 8710K, committed 8960K, reserved 1056768K
  class space    used 659K, capacity 690K, committed 768K, reserved 1048576K
Event: 5.752 GC heap after
Heap after GC invocations=16 (full 0):
 PSYoungGen      total 1369088K, used 224K [0x000000076b800000, 0x00000007bfe00000, 0x00000007c0000000)
  eden space 1355776K, 0% used [0x000000076b800000,0x000000076b800000,0x00000007be400000)
  from space 13312K, 1% used [0x00000007bf100000,0x00000007bf138000,0x00000007bfe00000)
  to   space 13312K, 0% used [0x00000007be400000,0x00000007be400000,0x00000007bf100000)
 ParOldGen       total 173568K, used 36971K [0x00000006c2800000, 0x00000006cd180000, 0x000000076b800000)
  object space 173568K, 21% used [0x00000006c2800000,0x00000006c4c1afb0,0x00000006cd180000)
 Metaspace       used 8318K, capacity 8710K, committed 8960K, reserved 1056768K
  class space    used 659K, capacity 690K, committed 768K, reserved 1048576K
}
Event: 7.192 GC heap before
{Heap before GC invocations=17 (full 0):
 PSYoungGen      total 1369088K, used 1356000K [0x000000076b800000, 0x00000007bfe00000, 0x00000007c0000000)
  eden space 1355776K, 100% used [0x000000076b800000,0x00000007be400000,0x00000007be400000)
  from space 13312K, 1% used [0x00000007bf100000,0x00000007bf138000,0x00000007bfe00000)
  to   space 13312K, 0% used [0x00000007be400000,0x00000007be400000,0x00000007bf100000)
 ParOldGen       total 173568K, used 36971K [0x00000006c2800000, 0x00000006cd180000, 0x000000076b800000)
  object space 173568K, 21% used [0x00000006c2800000,0x00000006c4c1afb0,0x00000006cd180000)
 Metaspace       used 8332K, capacity 8710K, committed 8960K, reserved 1056768K
  class space    used 659K, capacity 690K, committed 768K, reserved 1048576K
Event: 7.193 GC heap after
Heap after GC invocations=17 (full 0):
 PSYoungGen      total 1291776K, used 256K [0x000000076b800000, 0x00000007bf180000, 0x00000007c0000000)
  eden space 1291264K, 0% used [0x000000076b800000,0x000000076b800000,0x00000007ba500000)
  from space 512K, 50% used [0x00000007be400000,0x00000007be440000,0x00000007be480000)
  to   space 12800K, 0% used [0x00000007be500000,0x00000007be500000,0x00000007bf180000)
 ParOldGen       total 173568K, used 36971K [0x00000006c2800000, 0x00000006cd180000, 0x000000076b800000)
  object space 173568K, 21% used [0x00000006c2800000,0x00000006c4c1afb0,0x00000006cd180000)
 Metaspace       used 8332K, capacity 8710K, committed 8960K, reserved 1056768K
  class space    used 659K, capacity 690K, committed 768K, reserved 1048576K
}

