# JRE version: Java(TM) SE Runtime Environment (8.0_65-b17) (build 1.8.0_65-b17)
# Java VM: Java HotSpot(TM) 64-Bit Server VM (25.65-b01 mixed mode windows-amd64 compressed oops)
Heap:
 PSYoungGen      total 78336K, used 28274K [0x000000076b800000, 0x00000007ba680000, 0x00000007c0000000)
  eden space 77824K, 36% used [0x000000076b800000,0x000000076d364b40,0x0000000770400000)
  from space 512K, 43% used [0x00000007ba600000,0x00000007ba638000,0x00000007ba680000)
  to   space 512K, 0% used [0x00000007ba580000,0x00000007ba580000,0x00000007ba600000)
 ParOldGen       total 173568K, used 23528K [0x00000006c2800000, 0x00000006cd180000, 0x000000076b800000)
  object space 173568K, 13% used [0x00000006c2800000,0x00000006c3efa350,0x00000006cd180000)
 Metaspace       used 8412K, capacity 8774K, committed 8960K, reserved 1056768K
  class space    used 662K, capacity 690K, committed 768K, reserved 1048576K
GC Heap History (10 events):
Event: 32.870 GC heap before
{Heap before GC invocations=174 (full 0):
 PSYoungGen      total 57856K, used 57568K [0x000000076b800000, 0x00000007ba680000, 0x00000007c0000000)
  eden space 57344K, 100% used [0x000000076b800000,0x000000076f000000,0x000000076f000000)
  from space 512K, 43% used [0x00000007ba580000,0x00000007ba5b8000,0x00000007ba600000)
  to   space 512K, 0% used [0x00000007ba600000,0x00000007ba600000,0x00000007ba680000)
 ParOldGen       total 173568K, used 23528K [0x00000006c2800000, 0x00000006cd180000, 0x000000076b800000)
  object space 173568K, 13% used [0x00000006c2800000,0x00000006c3efa350,0x00000006cd180000)
 Metaspace       used 8412K, capacity 8774K, committed 8960K, reserved 1056768K
  class space    used 662K, capacity 690K, committed 768K, reserved 1048576K
Event: 32.871 GC heap after
Heap after GC invocations=174 (full 0):
 PSYoungGen      total 56832K, used 224K [0x000000076b800000, 0x00000007ba680000, 0x00000007c0000000)
  eden space 56320K, 0% used [0x000000076b800000,0x000000076b800000,0x000000076ef00000)
  from space 512K, 43% used [0x00000007ba600000,0x00000007ba638000,0x00000007ba680000)
  to   space 512K, 0% used [0x00000007ba580000,0x00000007ba580000,0x00000007ba600000)
 ParOldGen       total 173568K, used 23528K [0x00000006c2800000, 0x00000006cd180000, 0x000000076b800000)
  object space 173568K, 13% used [0x00000006c2800000,0x00000006c3efa350,0x00000006cd180000)
 Metaspace       used 8412K, capacity 8774K, committed 8960K, reserved 1056768K
  class space    used 662K, capacity 690K, committed 768K, reserved 1048576K
}
Event: 32.918 GC heap before
{Heap before GC invocations=175 (full 0):
 PSYoungGen      total 56832K, used 56544K [0x000000076b800000, 0x00000007ba680000, 0x00000007c0000000)
  eden space 56320K, 100% used [0x000000076b800000,0x000000076ef00000,0x000000076ef00000)
  from space 512K, 43% used [0x00000007ba600000,0x00000007ba638000,0x00000007ba680000)
  to   space 512K, 0% used [0x00000007ba580000,0x00000007ba580000,0x00000007ba600000)
 ParOldGen       total 173568K, used 23528K [0x00000006c2800000, 0x00000006cd180000, 0x000000076b800000)
  object space 173568K, 13% used [0x00000006c2800000,0x00000006c3efa350,0x00000006cd180000)
 Metaspace       used 8412K, capacity 8774K, committed 8960K, reserved 1056768K
  class space    used 662K, capacity 690K, committed 768K, reserved 1048576K
Event: 32.919 GC heap after
Heap after GC invocations=175 (full 0):
 PSYoungGen      total 55808K, used 192K [0x000000076b800000, 0x00000007ba680000, 0x00000007c0000000)
  eden space 55296K, 0% used [0x000000076b800000,0x000000076b800000,0x000000076ee00000)
  from space 512K, 37% used [0x00000007ba580000,0x00000007ba5b0000,0x00000007ba600000)
  to   space 512K, 0% used [0x00000007ba600000,0x00000007ba600000,0x00000007ba680000)
 ParOldGen       total 173568K, used 23528K [0x00000006c2800000, 0x00000006cd180000, 0x000000076b800000)
  object space 173568K, 13% used [0x00000006c2800000,0x00000006c3efa350,0x00000006cd180000)
 Metaspace       used 8412K, capacity 8774K, committed 8960K, reserved 1056768K
  class space    used 662K, capacity 690K, committed 768K, reserved 1048576K
}
Event: 32.961 GC heap before
{Heap before GC invocations=176 (full 0):
 PSYoungGen      total 55808K, used 55488K [0x000000076b800000, 0x00000007ba680000, 0x00000007c0000000)
  eden space 55296K, 100% used [0x000000076b800000,0x000000076ee00000,0x000000076ee00000)
  from space 512K, 37% used [0x00000007ba580000,0x00000007ba5b0000,0x00000007ba600000)
  to   space 512K, 0% used [0x00000007ba600000,0x00000007ba600000,0x00000007ba680000)
 ParOldGen       total 173568K, used 23528K [0x00000006c2800000, 0x00000006cd180000, 0x000000076b800000)
  object space 173568K, 13% used [0x00000006c2800000,0x00000006c3efa350,0x00000006cd180000)
 Metaspace       used 8412K, capacity 8774K, committed 8960K, reserved 1056768K
  class space    used 662K, capacity 690K, committed 768K, reserved 1048576K
Event: 32.962 GC heap after
Heap after GC invocations=176 (full 0):
 PSYoungGen      total 67072K, used 192K [0x000000076b800000, 0x00000007ba680000, 0x00000007c0000000)
  eden space 66560K, 0% used [0x000000076b800000,0x000000076b800000,0x000000076f900000)
  from space 512K, 37% used [0x00000007ba600000,0x00000007ba630000,0x00000007ba680000)
  to   space 512K, 0% used [0x00000007ba580000,0x00000007ba580000,0x00000007ba600000)
 ParOldGen       total 173568K, used 23528K [0x00000006c2800000, 0x00000006cd180000, 0x000000076b800000)
  object space 173568K, 13% used [0x00000006c2800000,0x00000006c3efa350,0x00000006cd180000)
 Metaspace       used 8412K, capacity 8774K, committed 8960K, reserved 1056768K
  class space    used 662K, capacity 690K, committed 768K, reserved 1048576K
}
Event: 33.015 GC heap before
{Heap before GC invocations=177 (full 0):
 PSYoungGen      total 67072K, used 66752K [0x000000076b800000, 0x00000007ba680000, 0x00000007c0000000)
  eden space 66560K, 100% used [0x000000076b800000,0x000000076f900000,0x000000076f900000)
  from space 512K, 37% used [0x00000007ba600000,0x00000007ba630000,0x00000007ba680000)
  to   space 512K, 0% used [0x00000007ba580000,0x00000007ba580000,0x00000007ba600000)
 ParOldGen       total 173568K, used 23528K [0x00000006c2800000, 0x00000006cd180000, 0x000000076b800000)
  object space 173568K, 13% used [0x00000006c2800000,0x00000006c3efa350,0x00000006cd180000)
 Metaspace       used 8412K, capacity 8774K, committed 8960K, reserved 1056768K
  class space    used 662K, capacity 690K, committed 768K, reserved 1048576K
Event: 33.016 GC heap after
Heap after GC invocations=177 (full 0):
 PSYoungGen      total 80384K, used 256K [0x000000076b800000, 0x00000007ba680000, 0x00000007c0000000)
  eden space 79872K, 0% used [0x000000076b800000,0x000000076b800000,0x0000000770600000)
  from space 512K, 50% used [0x00000007ba580000,0x00000007ba5c0000,0x00000007ba600000)
  to   space 512K, 0% used [0x00000007ba600000,0x00000007ba600000,0x00000007ba680000)
 ParOldGen       total 173568K, used 23528K [0x00000006c2800000, 0x00000006cd180000, 0x000000076b800000)
  object space 173568K, 13% used [0x00000006c2800000,0x00000006c3efa350,0x00000006cd180000)
 Metaspace       used 8412K, capacity 8774K, committed 8960K, reserved 1056768K
  class space    used 662K, capacity 690K, committed 768K, reserved 1048576K
}
Event: 33.089 GC heap before
{Heap before GC invocations=178 (full 0):
 PSYoungGen      total 80384K, used 80128K [0x000000076b800000, 0x00000007ba680000, 0x00000007c0000000)
  eden space 79872K, 100% used [0x000000076b800000,0x0000000770600000,0x0000000770600000)
  from space 512K, 50% used [0x00000007ba580000,0x00000007ba5c0000,0x00000007ba600000)
  to   space 512K, 0% used [0x00000007ba600000,0x00000007ba600000,0x00000007ba680000)
 ParOldGen       total 173568K, used 23528K [0x00000006c2800000, 0x00000006cd180000, 0x000000076b800000)
  object space 173568K, 13% used [0x00000006c2800000,0x00000006c3efa350,0x00000006cd180000)
 Metaspace       used 8412K, capacity 8774K, committed 8960K, reserved 1056768K
  class space    used 662K, capacity 690K, committed 768K, reserved 1048576K
Event: 33.090 GC heap after
Heap after GC invocations=178 (full 0):
 PSYoungGen      total 78336K, used 224K [0x000000076b800000, 0x00000007ba680000, 0x00000007c0000000)
  eden space 77824K, 0% used [0x000000076b800000,0x000000076b800000,0x0000000770400000)
  from space 512K, 43% used [0x00000007ba600000,0x00000007ba638000,0x00000007ba680000)
  to   space 512K, 0% used [0x00000007ba580000,0x00000007ba580000,0x00000007ba600000)
 ParOldGen       total 173568K, used 23528K [0x00000006c2800000, 0x00000006cd180000, 0x000000076b800000)
  object space 173568K, 13% used [0x00000006c2800000,0x00000006c3efa350,0x00000006cd180000)
 Metaspace       used 8412K, capacity 8774K, committed 8960K, reserved 1056768K
  class space    used 662K, capacity 690K, committed 768K, reserved 1048576K
}

