# JRE version: Java(TM) SE Runtime Environment (8.0_65-b17) (build 1.8.0_65-b17)
# Java VM: Java HotSpot(TM) 64-Bit Server VM (25.65-b01 mixed mode windows-amd64 compressed oops)
Heap:
 PSYoungGen      total 119296K, used 10802K [0x000000076b800000, 0x00000007ba680000, 0x00000007c0000000)
  eden space 118784K, 9% used [0x000000076b800000,0x000000076c274b48,0x0000000772c00000)
  from space 512K, 18% used [0x00000007ba580000,0x00000007ba598000,0x00000007ba600000)
  to   space 512K, 0% used [0x00000007ba600000,0x00000007ba600000,0x00000007ba680000)
 ParOldGen       total 173568K, used 8628K [0x00000006c2800000, 0x00000006cd180000, 0x000000076b800000)
  object space 173568K, 4% used [0x00000006c2800000,0x00000006c306d0e8,0x00000006cd180000)
 Metaspace       used 8337K, capacity 8710K, committed 8960K, reserved 1056768K
  class space    used 659K, capacity 690K, committed 768K, reserved 1048576K
GC Heap History (10 events):
Event: 20.749 GC heap before
{Heap before GC invocations=264 (full 0):
 PSYoungGen      total 115200K, used 114912K [0x000000076b800000, 0x00000007ba680000, 0x00000007c0000000)
  eden space 114688K, 100% used [0x000000076b800000,0x0000000772800000,0x0000000772800000)
  from space 512K, 43% used [0x00000007ba580000,0x00000007ba5b8000,0x00000007ba600000)
  to   space 512K, 0% used [0x00000007ba600000,0x00000007ba600000,0x00000007ba680000)
 ParOldGen       total 173568K, used 8628K [0x00000006c2800000, 0x00000006cd180000, 0x000000076b800000)
  object space 173568K, 4% used [0x00000006c2800000,0x00000006c306d0e8,0x00000006cd180000)
 Metaspace       used 8336K, capacity 8710K, committed 8960K, reserved 1056768K
  class space    used 659K, capacity 690K, committed 768K, reserved 1048576K
Event: 20.750 GC heap after
Heap after GC invocations=264 (full 0):
 PSYoungGen      total 111616K, used 192K [0x000000076b800000, 0x00000007ba680000, 0x00000007c0000000)
  eden space 111104K, 0% used [0x000000076b800000,0x000000076b800000,0x0000000772480000)
  from space 512K, 37% used [0x00000007ba600000,0x00000007ba630000,0x00000007ba680000)
  to   space 512K, 0% used [0x00000007ba580000,0x00000007ba580000,0x00000007ba600000)
 ParOldGen       total 173568K, used 8628K [0x00000006c2800000, 0x00000006cd180000, 0x000000076b800000)
  object space 173568K, 4% used [0x00000006c2800000,0x00000006c306d0e8,0x00000006cd180000)
 Metaspace       used 8336K, capacity 8710K, committed 8960K, reserved 1056768K
  class space    used 659K, capacity 690K, committed 768K, reserved 1048576K
}
Event: 20.802 GC heap before
{Heap before GC invocations=265 (full 0):
 PSYoungGen      total 111616K, used 111296K [0x000000076b800000, 0x00000007ba680000, 0x00000007c0000000)
  eden space 111104K, 100% used [0x000000076b800000,0x0000000772480000,0x0000000772480000)
  from space 512K, 37% used [0x00000007ba600000,0x00000007ba630000,0x00000007ba680000)
  to   space 512K, 0% used [0x00000007ba580000,0x00000007ba580000,0x00000007ba600000)
 ParOldGen       total 173568K, used 8628K [0x00000006c2800000, 0x00000006cd180000, 0x000000076b800000)
  object space 173568K, 4% used [0x00000006c2800000,0x00000006c306d0e8,0x00000006cd180000)
 Metaspace       used 8336K, capacity 8710K, committed 8960K, reserved 1056768K
  class space    used 659K, capacity 690K, committed 768K, reserved 1048576K
Event: 20.803 GC heap after
Heap after GC invocations=265 (full 0):
 PSYoungGen      total 108544K, used 224K [0x000000076b800000, 0x00000007ba680000, 0x00000007c0000000)
  eden space 108032K, 0% used [0x000000076b800000,0x000000076b800000,0x0000000772180000)
  from space 512K, 43% used [0x00000007ba580000,0x00000007ba5b8000,0x00000007ba600000)
  to   space 512K, 0% used [0x00000007ba600000,0x00000007ba600000,0x00000007ba680000)
 ParOldGen       total 173568K, used 8628K [0x00000006c2800000, 0x00000006cd180000, 0x000000076b800000)
  object space 173568K, 4% used [0x00000006c2800000,0x00000006c306d0e8,0x00000006cd180000)
 Metaspace       used 8336K, capacity 8710K, committed 8960K, reserved 1056768K
  class space    used 659K, capacity 690K, committed 768K, reserved 1048576K
}
Event: 20.859 GC heap before
{Heap before GC invocations=266 (full 0):
 PSYoungGen      total 108544K, used 108256K [0x000000076b800000, 0x00000007ba680000, 0x00000007c0000000)
  eden space 108032K, 100% used [0x000000076b800000,0x0000000772180000,0x0000000772180000)
  from space 512K, 43% used [0x00000007ba580000,0x00000007ba5b8000,0x00000007ba600000)
  to   space 512K, 0% used [0x00000007ba600000,0x00000007ba600000,0x00000007ba680000)
 ParOldGen       total 173568K, used 8628K [0x00000006c2800000, 0x00000006cd180000, 0x000000076b800000)
  object space 173568K, 4% used [0x00000006c2800000,0x00000006c306d0e8,0x00000006cd180000)
 Metaspace       used 8336K, capacity 8710K, committed 8960K, reserved 1056768K
  class space    used 659K, capacity 690K, committed 768K, reserved 1048576K
Event: 20.859 GC heap after
Heap after GC invocations=266 (full 0):
 PSYoungGen      total 105472K, used 224K [0x000000076b800000, 0x00000007ba680000, 0x00000007c0000000)
  eden space 104960K, 0% used [0x000000076b800000,0x000000076b800000,0x0000000771e80000)
  from space 512K, 43% used [0x00000007ba600000,0x00000007ba638000,0x00000007ba680000)
  to   space 512K, 0% used [0x00000007ba580000,0x00000007ba580000,0x00000007ba600000)
 ParOldGen       total 173568K, used 8628K [0x00000006c2800000, 0x00000006cd180000, 0x000000076b800000)
  object space 173568K, 4% used [0x00000006c2800000,0x00000006c306d0e8,0x00000006cd180000)
 Metaspace       used 8336K, capacity 8710K, committed 8960K, reserved 1056768K
  class space    used 659K, capacity 690K, committed 768K, reserved 1048576K
}
Event: 20.910 GC heap before
{Heap before GC invocations=267 (full 0):
 PSYoungGen      total 105472K, used 105184K [0x000000076b800000, 0x00000007ba680000, 0x00000007c0000000)
  eden space 104960K, 100% used [0x000000076b800000,0x0000000771e80000,0x0000000771e80000)
  from space 512K, 43% used [0x00000007ba600000,0x00000007ba638000,0x00000007ba680000)
  to   space 512K, 0% used [0x00000007ba580000,0x00000007ba580000,0x00000007ba600000)
 ParOldGen       total 173568K, used 8628K [0x00000006c2800000, 0x00000006cd180000, 0x000000076b800000)
  object space 173568K, 4% used [0x00000006c2800000,0x00000006c306d0e8,0x00000006cd180000)
 Metaspace       used 8336K, capacity 8710K, committed 8960K, reserved 1056768K
  class space    used 659K, capacity 690K, committed 768K, reserved 1048576K
Event: 20.911 GC heap after
Heap after GC invocations=267 (full 0):
 PSYoungGen      total 102400K, used 224K [0x000000076b800000, 0x00000007ba680000, 0x00000007c0000000)
  eden space 101888K, 0% used [0x000000076b800000,0x000000076b800000,0x0000000771b80000)
  from space 512K, 43% used [0x00000007ba580000,0x00000007ba5b8000,0x00000007ba600000)
  to   space 512K, 0% used [0x00000007ba600000,0x00000007ba600000,0x00000007ba680000)
 ParOldGen       total 173568K, used 8628K [0x00000006c2800000, 0x00000006cd180000, 0x000000076b800000)
  object space 173568K, 4% used [0x00000006c2800000,0x00000006c306d0e8,0x00000006cd180000)
 Metaspace       used 8336K, capacity 8710K, committed 8960K, reserved 1056768K
  class space    used 659K, capacity 690K, committed 768K, reserved 1048576K
}
Event: 20.956 GC heap before
{Heap before GC invocations=268 (full 0):
 PSYoungGen      total 102400K, used 102112K [0x000000076b800000, 0x00000007ba680000, 0x00000007c0000000)
  eden space 101888K, 100% used [0x000000076b800000,0x0000000771b80000,0x0000000771b80000)
  from space 512K, 43% used [0x00000007ba580000,0x00000007ba5b8000,0x00000007ba600000)
  to   space 512K, 0% used [0x00000007ba600000,0x00000007ba600000,0x00000007ba680000)
 ParOldGen       total 173568K, used 8628K [0x00000006c2800000, 0x00000006cd180000, 0x000000076b800000)
  object space 173568K, 4% used [0x00000006c2800000,0x00000006c306d0e8,0x00000006cd180000)
 Metaspace       used 8336K, capacity 8710K, committed 8960K, reserved 1056768K
  class space    used 659K, capacity 690K, committed 768K, reserved 1048576K
Event: 20.957 GC heap after
Heap after GC invocations=268 (full 0):
 PSYoungGen      total 122880K, used 192K [0x000000076b800000, 0x00000007ba680000, 0x00000007c0000000)
  eden space 122368K, 0% used [0x000000076b800000,0x000000076b800000,0x0000000772f80000)
  from space 512K, 37% used [0x00000007ba600000,0x00000007ba630000,0x00000007ba680000)
  to   space 512K, 0% used [0x00000007ba580000,0x00000007ba580000,0x00000007ba600000)
 ParOldGen       total 173568K, used 8628K [0x00000006c2800000, 0x00000006cd180000, 0x000000076b800000)
  object space 173568K, 4% used [0x00000006c2800000,0x00000006c306d0e8,0x00000006cd180000)
 Metaspace       used 8336K, capacity 8710K, committed 8960K, reserved 1056768K
  class space    used 659K, capacity 690K, committed 768K, reserved 1048576K
}

