# JRE version: Java(TM) SE Runtime Environment (8.0_65-b17) (build 1.8.0_65-b17)
# Java VM: Java HotSpot(TM) 64-Bit Server VM (25.65-b01 mixed mode windows-amd64 compressed oops)
Heap:
 PSYoungGen      total 174592K, used 98072K [0x000000076b800000, 0x0000000779a00000, 0x00000007c0000000)
  eden space 174080K, 56% used [0x000000076b800000,0x00000007717a63e0,0x0000000776200000)
  from space 512K, 25% used [0x0000000779980000,0x00000007799a0000,0x0000000779a00000)
  to   space 1536K, 0% used [0x0000000779700000,0x0000000779700000,0x0000000779880000)
 ParOldGen       total 173568K, used 1336K [0x00000006c2800000, 0x00000006cd180000, 0x000000076b800000)
  object space 173568K, 0% used [0x00000006c2800000,0x00000006c294e050,0x00000006cd180000)
 Metaspace       used 8222K, capacity 8710K, committed 8960K, reserved 1056768K
  class space    used 658K, capacity 690K, committed 768K, reserved 1048576K
GC Heap History (10 events):
Event: 1.783 GC heap before
{Heap before GC invocations=14 (full 0):
 PSYoungGen      total 210944K, used 209024K [0x000000076b800000, 0x0000000779e00000, 0x00000007c0000000)
  eden space 208896K, 100% used [0x000000076b800000,0x0000000778400000,0x0000000778400000)
  from space 2048K, 6% used [0x0000000779a00000,0x0000000779a20000,0x0000000779c00000)
  to   space 2048K, 0% used [0x0000000779c00000,0x0000000779c00000,0x0000000779e00000)
 ParOldGen       total 173568K, used 1312K [0x00000006c2800000, 0x00000006cd180000, 0x000000076b800000)
  object space 173568K, 0% used [0x00000006c2800000,0x00000006c2948050,0x00000006cd180000)
 Metaspace       used 8210K, capacity 8710K, committed 8960K, reserved 1056768K
  class space    used 658K, capacity 690K, committed 768K, reserved 1048576K
Event: 1.784 GC heap after
Heap after GC invocations=14 (full 0):
 PSYoungGen      total 201728K, used 192K [0x000000076b800000, 0x0000000779c80000, 0x00000007c0000000)
  eden space 201216K, 0% used [0x000000076b800000,0x000000076b800000,0x0000000777c80000)
  from space 512K, 37% used [0x0000000779c00000,0x0000000779c30000,0x0000000779c80000)
  to   space 2048K, 0% used [0x0000000779880000,0x0000000779880000,0x0000000779a80000)
 ParOldGen       total 173568K, used 1312K [0x00000006c2800000, 0x00000006cd180000, 0x000000076b800000)
  object space 173568K, 0% used [0x00000006c2800000,0x00000006c2948050,0x00000006cd180000)
 Metaspace       used 8210K, capacity 8710K, committed 8960K, reserved 1056768K
  class space    used 658K, capacity 690K, committed 768K, reserved 1048576K
}
Event: 1.963 GC heap before
{Heap before GC invocations=15 (full 0):
 PSYoungGen      total 201728K, used 201408K [0x000000076b800000, 0x0000000779c80000, 0x00000007c0000000)
  eden space 201216K, 100% used [0x000000076b800000,0x0000000777c80000,0x0000000777c80000)
  from space 512K, 37% used [0x0000000779c00000,0x0000000779c30000,0x0000000779c80000)
  to   space 2048K, 0% used [0x0000000779880000,0x0000000779880000,0x0000000779a80000)
 ParOldGen       total 173568K, used 1312K [0x00000006c2800000, 0x00000006cd180000, 0x000000076b800000)
  object space 173568K, 0% used [0x00000006c2800000,0x00000006c2948050,0x00000006cd180000)
 Metaspace       used 8212K, capacity 8710K, committed 8960K, reserved 1056768K
  class space    used 658K, capacity 690K, committed 768K, reserved 1048576K
Event: 1.964 GC heap after
Heap after GC invocations=15 (full 0):
 PSYoungGen      total 196096K, used 192K [0x000000076b800000, 0x0000000779c80000, 0x00000007c0000000)
  eden space 194048K, 0% used [0x000000076b800000,0x000000076b800000,0x0000000777580000)
  from space 2048K, 9% used [0x0000000779880000,0x00000007798b0000,0x0000000779a80000)
  to   space 2048K, 0% used [0x0000000779a80000,0x0000000779a80000,0x0000000779c80000)
 ParOldGen       total 173568K, used 1312K [0x00000006c2800000, 0x00000006cd180000, 0x000000076b800000)
  object space 173568K, 0% used [0x00000006c2800000,0x00000006c2948050,0x00000006cd180000)
 Metaspace       used 8212K, capacity 8710K, committed 8960K, reserved 1056768K
  class space    used 658K, capacity 690K, committed 768K, reserved 1048576K
}
Event: 2.116 GC heap before
{Heap before GC invocations=16 (full 0):
 PSYoungGen      total 196096K, used 194240K [0x000000076b800000, 0x0000000779c80000, 0x00000007c0000000)
  eden space 194048K, 100% used [0x000000076b800000,0x0000000777580000,0x0000000777580000)
  from space 2048K, 9% used [0x0000000779880000,0x00000007798b0000,0x0000000779a80000)
  to   space 2048K, 0% used [0x0000000779a80000,0x0000000779a80000,0x0000000779c80000)
 ParOldGen       total 173568K, used 1312K [0x00000006c2800000, 0x00000006cd180000, 0x000000076b800000)
  object space 173568K, 0% used [0x00000006c2800000,0x00000006c2948050,0x00000006cd180000)
 Metaspace       used 8217K, capacity 8710K, committed 8960K, reserved 1056768K
  class space    used 658K, capacity 690K, committed 768K, reserved 1048576K
Event: 2.116 GC heap after
Heap after GC invocations=16 (full 0):
 PSYoungGen      total 187392K, used 224K [0x000000076b800000, 0x0000000779b00000, 0x00000007c0000000)
  eden space 186880K, 0% used [0x000000076b800000,0x000000076b800000,0x0000000776e80000)
  from space 512K, 43% used [0x0000000779a80000,0x0000000779ab8000,0x0000000779b00000)
  to   space 2048K, 0% used [0x0000000779700000,0x0000000779700000,0x0000000779900000)
 ParOldGen       total 173568K, used 1320K [0x00000006c2800000, 0x00000006cd180000, 0x000000076b800000)
  object space 173568K, 0% used [0x00000006c2800000,0x00000006c294a050,0x00000006cd180000)
 Metaspace       used 8217K, capacity 8710K, committed 8960K, reserved 1056768K
  class space    used 658K, capacity 690K, committed 768K, reserved 1048576K
}
Event: 2.286 GC heap before
{Heap before GC invocations=17 (full 0):
 PSYoungGen      total 187392K, used 187104K [0x000000076b800000, 0x0000000779b00000, 0x00000007c0000000)
  eden space 186880K, 100% used [0x000000076b800000,0x0000000776e80000,0x0000000776e80000)
  from space 512K, 43% used [0x0000000779a80000,0x0000000779ab8000,0x0000000779b00000)
  to   space 2048K, 0% used [0x0000000779700000,0x0000000779700000,0x0000000779900000)
 ParOldGen       total 173568K, used 1320K [0x00000006c2800000, 0x00000006cd180000, 0x000000076b800000)
  object space 173568K, 0% used [0x00000006c2800000,0x00000006c294a050,0x00000006cd180000)
 Metaspace       used 8217K, capacity 8710K, committed 8960K, reserved 1056768K
  class space    used 658K, capacity 690K, committed 768K, reserved 1048576K
Event: 2.286 GC heap after
Heap after GC invocations=17 (full 0):
 PSYoungGen      total 182272K, used 192K [0x000000076b800000, 0x0000000779b00000, 0x00000007c0000000)
  eden space 180224K, 0% used [0x000000076b800000,0x000000076b800000,0x0000000776800000)
  from space 2048K, 9% used [0x0000000779700000,0x0000000779730000,0x0000000779900000)
  to   space 1536K, 0% used [0x0000000779980000,0x0000000779980000,0x0000000779b00000)
 ParOldGen       total 173568K, used 1336K [0x00000006c2800000, 0x00000006cd180000, 0x000000076b800000)
  object space 173568K, 0% used [0x00000006c2800000,0x00000006c294e050,0x00000006cd180000)
 Metaspace       used 8217K, capacity 8710K, committed 8960K, reserved 1056768K
  class space    used 658K, capacity 690K, committed 768K, reserved 1048576K
}
Event: 2.418 GC heap before
{Heap before GC invocations=18 (full 0):
 PSYoungGen      total 182272K, used 180416K [0x000000076b800000, 0x0000000779b00000, 0x00000007c0000000)
  eden space 180224K, 100% used [0x000000076b800000,0x0000000776800000,0x0000000776800000)
  from space 2048K, 9% used [0x0000000779700000,0x0000000779730000,0x0000000779900000)
  to   space 1536K, 0% used [0x0000000779980000,0x0000000779980000,0x0000000779b00000)
 ParOldGen       total 173568K, used 1336K [0x00000006c2800000, 0x00000006cd180000, 0x000000076b800000)
  object space 173568K, 0% used [0x00000006c2800000,0x00000006c294e050,0x00000006cd180000)
 Metaspace       used 8222K, capacity 8710K, committed 8960K, reserved 1056768K
  class space    used 658K, capacity 690K, committed 768K, reserved 1048576K
Event: 2.418 GC heap after
Heap after GC invocations=18 (full 0):
 PSYoungGen      total 174592K, used 128K [0x000000076b800000, 0x0000000779a00000, 0x00000007c0000000)
  eden space 174080K, 0% used [0x000000076b800000,0x000000076b800000,0x0000000776200000)
  from space 512K, 25% used [0x0000000779980000,0x00000007799a0000,0x0000000779a00000)
  to   space 1536K, 0% used [0x0000000779700000,0x0000000779700000,0x0000000779880000)
 ParOldGen       total 173568K, used 1336K [0x00000006c2800000, 0x00000006cd180000, 0x000000076b800000)
  object space 173568K, 0% used [0x00000006c2800000,0x00000006c294e050,0x00000006cd180000)
 Metaspace       used 8222K, capacity 8710K, committed 8960K, reserved 1056768K
  class space    used 658K, capacity 690K, committed 768K, reserved 1048576K
}

