# JRE version: Java(TM) SE Runtime Environment (8.0_65-b17) (build 1.8.0_65-b17)
# Java VM: Java HotSpot(TM) 64-Bit Server VM (25.65-b01 mixed mode windows-amd64 compressed oops)
Heap:
 PSYoungGen      total 475648K, used 355079K [0x000000076b800000, 0x00000007bd100000, 0x00000007c0000000)
  eden space 475136K, 74% used [0x000000076b800000,0x0000000781289ca8,0x0000000788800000)
  from space 512K, 43% used [0x00000007bd080000,0x00000007bd0b8000,0x00000007bd100000)
  to   space 3072K, 0% used [0x00000007bcb00000,0x00000007bcb00000,0x00000007bce00000)
 ParOldGen       total 173568K, used 20195K [0x00000006c2800000, 0x00000006cd180000, 0x000000076b800000)
  object space 173568K, 11% used [0x00000006c2800000,0x00000006c3bb8f40,0x00000006cd180000)
 Metaspace       used 8368K, capacity 8774K, committed 8960K, reserved 1056768K
  class space    used 660K, capacity 690K, committed 768K, reserved 1048576K
GC Heap History (10 events):
Event: 10.959 GC heap before
{Heap before GC invocations=28 (full 0):
 PSYoungGen      total 600064K, used 595648K [0x000000076b800000, 0x00000007bdb80000, 0x00000007c0000000)
  eden space 595456K, 100% used [0x000000076b800000,0x000000078fd80000,0x000000078fd80000)
  from space 4608K, 4% used [0x00000007bd280000,0x00000007bd2b0000,0x00000007bd700000)
  to   space 4608K, 0% used [0x00000007bd700000,0x00000007bd700000,0x00000007bdb80000)
 ParOldGen       total 173568K, used 20155K [0x00000006c2800000, 0x00000006cd180000, 0x000000076b800000)
  object space 173568K, 11% used [0x00000006c2800000,0x00000006c3baef40,0x00000006cd180000)
 Metaspace       used 8367K, capacity 8774K, committed 8960K, reserved 1056768K
  class space    used 660K, capacity 690K, committed 768K, reserved 1048576K
Event: 10.960 GC heap after
Heap after GC invocations=28 (full 0):
 PSYoungGen      total 569344K, used 224K [0x000000076b800000, 0x00000007bd780000, 0x00000007c0000000)
  eden space 568832K, 0% used [0x000000076b800000,0x000000076b800000,0x000000078e380000)
  from space 512K, 43% used [0x00000007bd700000,0x00000007bd738000,0x00000007bd780000)
  to   space 4096K, 0% used [0x00000007bcf80000,0x00000007bcf80000,0x00000007bd380000)
 ParOldGen       total 173568K, used 20171K [0x00000006c2800000, 0x00000006cd180000, 0x000000076b800000)
  object space 173568K, 11% used [0x00000006c2800000,0x00000006c3bb2f40,0x00000006cd180000)
 Metaspace       used 8367K, capacity 8774K, committed 8960K, reserved 1056768K
  class space    used 660K, capacity 690K, committed 768K, reserved 1048576K
}
Event: 11.416 GC heap before
{Heap before GC invocations=29 (full 0):
 PSYoungGen      total 569344K, used 569056K [0x000000076b800000, 0x00000007bd780000, 0x00000007c0000000)
  eden space 568832K, 100% used [0x000000076b800000,0x000000078e380000,0x000000078e380000)
  from space 512K, 43% used [0x00000007bd700000,0x00000007bd738000,0x00000007bd780000)
  to   space 4096K, 0% used [0x00000007bcf80000,0x00000007bcf80000,0x00000007bd380000)
 ParOldGen       total 173568K, used 20171K [0x00000006c2800000, 0x00000006cd180000, 0x000000076b800000)
  object space 173568K, 11% used [0x00000006c2800000,0x00000006c3bb2f40,0x00000006cd180000)
 Metaspace       used 8367K, capacity 8774K, committed 8960K, reserved 1056768K
  class space    used 660K, capacity 690K, committed 768K, reserved 1048576K
Event: 11.417 GC heap after
Heap after GC invocations=29 (full 0):
 PSYoungGen      total 547840K, used 192K [0x000000076b800000, 0x00000007bd780000, 0x00000007c0000000)
  eden space 543744K, 0% used [0x000000076b800000,0x000000076b800000,0x000000078cb00000)
  from space 4096K, 4% used [0x00000007bcf80000,0x00000007bcfb0000,0x00000007bd380000)
  to   space 4096K, 0% used [0x00000007bd380000,0x00000007bd380000,0x00000007bd780000)
 ParOldGen       total 173568K, used 20179K [0x00000006c2800000, 0x00000006cd180000, 0x000000076b800000)
  object space 173568K, 11% used [0x00000006c2800000,0x00000006c3bb4f40,0x00000006cd180000)
 Metaspace       used 8367K, capacity 8774K, committed 8960K, reserved 1056768K
  class space    used 660K, capacity 690K, committed 768K, reserved 1048576K
}
Event: 11.813 GC heap before
{Heap before GC invocations=30 (full 0):
 PSYoungGen      total 547840K, used 543936K [0x000000076b800000, 0x00000007bd780000, 0x00000007c0000000)
  eden space 543744K, 100% used [0x000000076b800000,0x000000078cb00000,0x000000078cb00000)
  from space 4096K, 4% used [0x00000007bcf80000,0x00000007bcfb0000,0x00000007bd380000)
  to   space 4096K, 0% used [0x00000007bd380000,0x00000007bd380000,0x00000007bd780000)
 ParOldGen       total 173568K, used 20179K [0x00000006c2800000, 0x00000006cd180000, 0x000000076b800000)
  object space 173568K, 11% used [0x00000006c2800000,0x00000006c3bb4f40,0x00000006cd180000)
 Metaspace       used 8368K, capacity 8774K, committed 8960K, reserved 1056768K
  class space    used 660K, capacity 690K, committed 768K, reserved 1048576K
Event: 11.814 GC heap after
Heap after GC invocations=30 (full 0):
 PSYoungGen      total 520192K, used 256K [0x000000076b800000, 0x00000007bd400000, 0x00000007c0000000)
  eden space 519680K, 0% used [0x000000076b800000,0x000000076b800000,0x000000078b380000)
  from space 512K, 50% used [0x00000007bd380000,0x00000007bd3c0000,0x00000007bd400000)
  to   space 3584K, 0% used [0x00000007bcd00000,0x00000007bcd00000,0x00000007bd080000)
 ParOldGen       total 173568K, used 20179K [0x00000006c2800000, 0x00000006cd180000, 0x000000076b800000)
  object space 173568K, 11% used [0x00000006c2800000,0x00000006c3bb4f40,0x00000006cd180000)
 Metaspace       used 8368K, capacity 8774K, committed 8960K, reserved 1056768K
  class space    used 660K, capacity 690K, committed 768K, reserved 1048576K
}
Event: 12.231 GC heap before
{Heap before GC invocations=31 (full 0):
 PSYoungGen      total 520192K, used 519936K [0x000000076b800000, 0x00000007bd400000, 0x00000007c0000000)
  eden space 519680K, 100% used [0x000000076b800000,0x000000078b380000,0x000000078b380000)
  from space 512K, 50% used [0x00000007bd380000,0x00000007bd3c0000,0x00000007bd400000)
  to   space 3584K, 0% used [0x00000007bcd00000,0x00000007bcd00000,0x00000007bd080000)
 ParOldGen       total 173568K, used 20179K [0x00000006c2800000, 0x00000006cd180000, 0x000000076b800000)
  object space 173568K, 11% used [0x00000006c2800000,0x00000006c3bb4f40,0x00000006cd180000)
 Metaspace       used 8368K, capacity 8774K, committed 8960K, reserved 1056768K
  class space    used 660K, capacity 690K, committed 768K, reserved 1048576K
Event: 12.232 GC heap after
Heap after GC invocations=31 (full 0):
 PSYoungGen      total 500224K, used 224K [0x000000076b800000, 0x00000007bd400000, 0x00000007c0000000)
  eden space 496640K, 0% used [0x000000076b800000,0x000000076b800000,0x0000000789d00000)
  from space 3584K, 6% used [0x00000007bcd00000,0x00000007bcd38000,0x00000007bd080000)
  to   space 3584K, 0% used [0x00000007bd080000,0x00000007bd080000,0x00000007bd400000)
 ParOldGen       total 173568K, used 20195K [0x00000006c2800000, 0x00000006cd180000, 0x000000076b800000)
  object space 173568K, 11% used [0x00000006c2800000,0x00000006c3bb8f40,0x00000006cd180000)
 Metaspace       used 8368K, capacity 8774K, committed 8960K, reserved 1056768K
  class space    used 660K, capacity 690K, committed 768K, reserved 1048576K
}
Event: 12.655 GC heap before
{Heap before GC invocations=32 (full 0):
 PSYoungGen      total 500224K, used 496864K [0x000000076b800000, 0x00000007bd400000, 0x00000007c0000000)
  eden space 496640K, 100% used [0x000000076b800000,0x0000000789d00000,0x0000000789d00000)
  from space 3584K, 6% used [0x00000007bcd00000,0x00000007bcd38000,0x00000007bd080000)
  to   space 3584K, 0% used [0x00000007bd080000,0x00000007bd080000,0x00000007bd400000)
 ParOldGen       total 173568K, used 20195K [0x00000006c2800000, 0x00000006cd180000, 0x000000076b800000)
  object space 173568K, 11% used [0x00000006c2800000,0x00000006c3bb8f40,0x00000006cd180000)
 Metaspace       used 8368K, capacity 8774K, committed 8960K, reserved 1056768K
  class space    used 660K, capacity 690K, committed 768K, reserved 1048576K
Event: 12.655 GC heap after
Heap after GC invocations=32 (full 0):
 PSYoungGen      total 475648K, used 224K [0x000000076b800000, 0x00000007bd100000, 0x00000007c0000000)
  eden space 475136K, 0% used [0x000000076b800000,0x000000076b800000,0x0000000788800000)
  from space 512K, 43% used [0x00000007bd080000,0x00000007bd0b8000,0x00000007bd100000)
  to   space 3072K, 0% used [0x00000007bcb00000,0x00000007bcb00000,0x00000007bce00000)
 ParOldGen       total 173568K, used 20195K [0x00000006c2800000, 0x00000006cd180000, 0x000000076b800000)
  object space 173568K, 11% used [0x00000006c2800000,0x00000006c3bb8f40,0x00000006cd180000)
 Metaspace       used 8368K, capacity 8774K, committed 8960K, reserved 1056768K
  class space    used 660K, capacity 690K, committed 768K, reserved 1048576K
}

