# JRE version: Java(TM) SE Runtime Environment (8.0_65-b17) (build 1.8.0_65-b17)
# Java VM: Java HotSpot(TM) 64-Bit Server VM (25.65-b01 mixed mode windows-amd64 compressed oops)
Heap:
 PSYoungGen      total 464896K, used 460196K [0x000000076b800000, 0x00000007ba180000, 0x00000007c0000000)
  eden space 461312K, 99% used [0x000000076b800000,0x00000007879313c8,0x0000000787a80000)
  from space 3584K, 6% used [0x00000007b9a80000,0x00000007b9ab8000,0x00000007b9e00000)
  to   space 3584K, 0% used [0x00000007b9e00000,0x00000007b9e00000,0x00000007ba180000)
 ParOldGen       total 173568K, used 34797K [0x00000006c2800000, 0x00000006cd180000, 0x000000076b800000)
  object space 173568K, 20% used [0x00000006c2800000,0x00000006c49fb7b8,0x00000006cd180000)
 Metaspace       used 8361K, capacity 8710K, committed 8960K, reserved 1056768K
  class space    used 662K, capacity 690K, committed 768K, reserved 1048576K
GC Heap History (10 events):
Event: 19.136 GC heap before
{Heap before GC invocations=35 (full 0):
 PSYoungGen      total 578048K, used 577760K [0x000000076b800000, 0x00000007ba880000, 0x00000007c0000000)
  eden space 577536K, 100% used [0x000000076b800000,0x000000078ec00000,0x000000078ec00000)
  from space 512K, 43% used [0x00000007ba800000,0x00000007ba838000,0x00000007ba880000)
  to   space 4608K, 0% used [0x00000007b9f80000,0x00000007b9f80000,0x00000007ba400000)
 ParOldGen       total 173568K, used 34725K [0x00000006c2800000, 0x00000006cd180000, 0x000000076b800000)
  object space 173568K, 20% used [0x00000006c2800000,0x00000006c49e97b8,0x00000006cd180000)
 Metaspace       used 8361K, capacity 8710K, committed 8960K, reserved 1056768K
  class space    used 662K, capacity 690K, committed 768K, reserved 1048576K
Event: 19.137 GC heap after
Heap after GC invocations=35 (full 0):
 PSYoungGen      total 556544K, used 224K [0x000000076b800000, 0x00000007ba880000, 0x00000007c0000000)
  eden space 551936K, 0% used [0x000000076b800000,0x000000076b800000,0x000000078d300000)
  from space 4608K, 4% used [0x00000007b9f80000,0x00000007b9fb8000,0x00000007ba400000)
  to   space 4608K, 0% used [0x00000007ba400000,0x00000007ba400000,0x00000007ba880000)
 ParOldGen       total 173568K, used 34733K [0x00000006c2800000, 0x00000006cd180000, 0x000000076b800000)
  object space 173568K, 20% used [0x00000006c2800000,0x00000006c49eb7b8,0x00000006cd180000)
 Metaspace       used 8361K, capacity 8710K, committed 8960K, reserved 1056768K
  class space    used 662K, capacity 690K, committed 768K, reserved 1048576K
}
Event: 19.562 GC heap before
{Heap before GC invocations=36 (full 0):
 PSYoungGen      total 556544K, used 552160K [0x000000076b800000, 0x00000007ba880000, 0x00000007c0000000)
  eden space 551936K, 100% used [0x000000076b800000,0x000000078d300000,0x000000078d300000)
  from space 4608K, 4% used [0x00000007b9f80000,0x00000007b9fb8000,0x00000007ba400000)
  to   space 4608K, 0% used [0x00000007ba400000,0x00000007ba400000,0x00000007ba880000)
 ParOldGen       total 173568K, used 34733K [0x00000006c2800000, 0x00000006cd180000, 0x000000076b800000)
  object space 173568K, 20% used [0x00000006c2800000,0x00000006c49eb7b8,0x00000006cd180000)
 Metaspace       used 8361K, capacity 8710K, committed 8960K, reserved 1056768K
  class space    used 662K, capacity 690K, committed 768K, reserved 1048576K
Event: 19.563 GC heap after
Heap after GC invocations=36 (full 0):
 PSYoungGen      total 527872K, used 224K [0x000000076b800000, 0x00000007ba480000, 0x00000007c0000000)
  eden space 527360K, 0% used [0x000000076b800000,0x000000076b800000,0x000000078bb00000)
  from space 512K, 43% used [0x00000007ba400000,0x00000007ba438000,0x00000007ba480000)
  to   space 4096K, 0% used [0x00000007b9c80000,0x00000007b9c80000,0x00000007ba080000)
 ParOldGen       total 173568K, used 34765K [0x00000006c2800000, 0x00000006cd180000, 0x000000076b800000)
  object space 173568K, 20% used [0x00000006c2800000,0x00000006c49f37b8,0x00000006cd180000)
 Metaspace       used 8361K, capacity 8710K, committed 8960K, reserved 1056768K
  class space    used 662K, capacity 690K, committed 768K, reserved 1048576K
}
Event: 19.970 GC heap before
{Heap before GC invocations=37 (full 0):
 PSYoungGen      total 527872K, used 527584K [0x000000076b800000, 0x00000007ba480000, 0x00000007c0000000)
  eden space 527360K, 100% used [0x000000076b800000,0x000000078bb00000,0x000000078bb00000)
  from space 512K, 43% used [0x00000007ba400000,0x00000007ba438000,0x00000007ba480000)
  to   space 4096K, 0% used [0x00000007b9c80000,0x00000007b9c80000,0x00000007ba080000)
 ParOldGen       total 173568K, used 34765K [0x00000006c2800000, 0x00000006cd180000, 0x000000076b800000)
  object space 173568K, 20% used [0x00000006c2800000,0x00000006c49f37b8,0x00000006cd180000)
 Metaspace       used 8361K, capacity 8710K, committed 8960K, reserved 1056768K
  class space    used 662K, capacity 690K, committed 768K, reserved 1048576K
Event: 19.970 GC heap after
Heap after GC invocations=37 (full 0):
 PSYoungGen      total 508416K, used 224K [0x000000076b800000, 0x00000007ba480000, 0x00000007c0000000)
  eden space 504320K, 0% used [0x000000076b800000,0x000000076b800000,0x000000078a480000)
  from space 4096K, 5% used [0x00000007b9c80000,0x00000007b9cb8000,0x00000007ba080000)
  to   space 3584K, 0% used [0x00000007ba100000,0x00000007ba100000,0x00000007ba480000)
 ParOldGen       total 173568K, used 34765K [0x00000006c2800000, 0x00000006cd180000, 0x000000076b800000)
  object space 173568K, 20% used [0x00000006c2800000,0x00000006c49f37b8,0x00000006cd180000)
 Metaspace       used 8361K, capacity 8710K, committed 8960K, reserved 1056768K
  class space    used 662K, capacity 690K, committed 768K, reserved 1048576K
}
Event: 20.487 GC heap before
{Heap before GC invocations=38 (full 0):
 PSYoungGen      total 508416K, used 504544K [0x000000076b800000, 0x00000007ba480000, 0x00000007c0000000)
  eden space 504320K, 100% used [0x000000076b800000,0x000000078a480000,0x000000078a480000)
  from space 4096K, 5% used [0x00000007b9c80000,0x00000007b9cb8000,0x00000007ba080000)
  to   space 3584K, 0% used [0x00000007ba100000,0x00000007ba100000,0x00000007ba480000)
 ParOldGen       total 173568K, used 34765K [0x00000006c2800000, 0x00000006cd180000, 0x000000076b800000)
  object space 173568K, 20% used [0x00000006c2800000,0x00000006c49f37b8,0x00000006cd180000)
 Metaspace       used 8361K, capacity 8710K, committed 8960K, reserved 1056768K
  class space    used 662K, capacity 690K, committed 768K, reserved 1048576K
Event: 20.487 GC heap after
Heap after GC invocations=38 (full 0):
 PSYoungGen      total 482816K, used 256K [0x000000076b800000, 0x00000007ba180000, 0x00000007c0000000)
  eden space 482304K, 0% used [0x000000076b800000,0x000000076b800000,0x0000000788f00000)
  from space 512K, 50% used [0x00000007ba100000,0x00000007ba140000,0x00000007ba180000)
  to   space 3584K, 0% used [0x00000007b9a80000,0x00000007b9a80000,0x00000007b9e00000)
 ParOldGen       total 173568K, used 34789K [0x00000006c2800000, 0x00000006cd180000, 0x000000076b800000)
  object space 173568K, 20% used [0x00000006c2800000,0x00000006c49f97b8,0x00000006cd180000)
 Metaspace       used 8361K, capacity 8710K, committed 8960K, reserved 1056768K
  class space    used 662K, capacity 690K, committed 768K, reserved 1048576K
}
Event: 20.960 GC heap before
{Heap before GC invocations=39 (full 0):
 PSYoungGen      total 482816K, used 482560K [0x000000076b800000, 0x00000007ba180000, 0x00000007c0000000)
  eden space 482304K, 100% used [0x000000076b800000,0x0000000788f00000,0x0000000788f00000)
  from space 512K, 50% used [0x00000007ba100000,0x00000007ba140000,0x00000007ba180000)
  to   space 3584K, 0% used [0x00000007b9a80000,0x00000007b9a80000,0x00000007b9e00000)
 ParOldGen       total 173568K, used 34789K [0x00000006c2800000, 0x00000006cd180000, 0x000000076b800000)
  object space 173568K, 20% used [0x00000006c2800000,0x00000006c49f97b8,0x00000006cd180000)
 Metaspace       used 8361K, capacity 8710K, committed 8960K, reserved 1056768K
  class space    used 662K, capacity 690K, committed 768K, reserved 1048576K
Event: 20.961 GC heap after
Heap after GC invocations=39 (full 0):
 PSYoungGen      total 464896K, used 224K [0x000000076b800000, 0x00000007ba180000, 0x00000007c0000000)
  eden space 461312K, 0% used [0x000000076b800000,0x000000076b800000,0x0000000787a80000)
  from space 3584K, 6% used [0x00000007b9a80000,0x00000007b9ab8000,0x00000007b9e00000)
  to   space 3584K, 0% used [0x00000007b9e00000,0x00000007b9e00000,0x00000007ba180000)
 ParOldGen       total 173568K, used 34797K [0x00000006c2800000, 0x00000006cd180000, 0x000000076b800000)
  object space 173568K, 20% used [0x00000006c2800000,0x00000006c49fb7b8,0x00000006cd180000)
 Metaspace       used 8361K, capacity 8710K, committed 8960K, reserved 1056768K
  class space    used 662K, capacity 690K, committed 768K, reserved 1048576K
}

