# JRE version: Java(TM) SE Runtime Environment (8.0_65-b17) (build 1.8.0_65-b17)
# Java VM: Java HotSpot(TM) 64-Bit Server VM (25.65-b01 mixed mode windows-amd64 compressed oops)
Heap:
 PSYoungGen      total 381952K, used 179892K [0x000000076b800000, 0x0000000784f80000, 0x00000007c0000000)
  eden space 381440K, 47% used [0x000000076b800000,0x00000007767752c0,0x0000000782c80000)
  from space 512K, 43% used [0x0000000784f00000,0x0000000784f38000,0x0000000784f80000)
  to   space 2560K, 0% used [0x0000000784a80000,0x0000000784a80000,0x0000000784d00000)
 ParOldGen       total 173568K, used 1236K [0x00000006c2800000, 0x00000006cd180000, 0x000000076b800000)
  object space 173568K, 0% used [0x00000006c2800000,0x00000006c2935060,0x00000006cd180000)
 Metaspace       used 8123K, capacity 8646K, committed 8960K, reserved 1056768K
  class space    used 649K, capacity 690K, committed 768K, reserved 1048576K
GC Heap History (10 events):
Event: 0.887 GC heap before
{Heap before GC invocations=8 (full 0):
 PSYoungGen      total 132096K, used 131589K [0x000000076b800000, 0x000000077ba00000, 0x00000007c0000000)
  eden space 130048K, 100% used [0x000000076b800000,0x0000000773700000,0x0000000773700000)
  from space 2048K, 75% used [0x0000000773700000,0x0000000773881638,0x0000000773900000)
  to   space 2048K, 0% used [0x000000077b800000,0x000000077b800000,0x000000077ba00000)
 ParOldGen       total 173568K, used 636K [0x00000006c2800000, 0x00000006cd180000, 0x000000076b800000)
  object space 173568K, 0% used [0x00000006c2800000,0x00000006c289f060,0x00000006cd180000)
 Metaspace       used 8088K, capacity 8646K, committed 8960K, reserved 1056768K
  class space    used 649K, capacity 690K, committed 768K, reserved 1048576K
Event: 0.888 GC heap after
Heap after GC invocations=8 (full 0):
 PSYoungGen      total 262144K, used 480K [0x000000076b800000, 0x000000077ba00000, 0x00000007c0000000)
  eden space 260096K, 0% used [0x000000076b800000,0x000000076b800000,0x000000077b600000)
  from space 2048K, 23% used [0x000000077b800000,0x000000077b878000,0x000000077ba00000)
  to   space 2048K, 0% used [0x000000077b600000,0x000000077b600000,0x000000077b800000)
 ParOldGen       total 173568K, used 788K [0x00000006c2800000, 0x00000006cd180000, 0x000000076b800000)
  object space 173568K, 0% used [0x00000006c2800000,0x00000006c28c5060,0x00000006cd180000)
 Metaspace       used 8088K, capacity 8646K, committed 8960K, reserved 1056768K
  class space    used 649K, capacity 690K, committed 768K, reserved 1048576K
}
Event: 1.026 GC heap before
{Heap before GC invocations=9 (full 0):
 PSYoungGen      total 262144K, used 260576K [0x000000076b800000, 0x000000077ba00000, 0x00000007c0000000)
  eden space 260096K, 100% used [0x000000076b800000,0x000000077b600000,0x000000077b600000)
  from space 2048K, 23% used [0x000000077b800000,0x000000077b878000,0x000000077ba00000)
  to   space 2048K, 0% used [0x000000077b600000,0x000000077b600000,0x000000077b800000)
 ParOldGen       total 173568K, used 788K [0x00000006c2800000, 0x00000006cd180000, 0x000000076b800000)
  object space 173568K, 0% used [0x00000006c2800000,0x00000006c28c5060,0x00000006cd180000)
 Metaspace       used 8090K, capacity 8646K, committed 8960K, reserved 1056768K
  class space    used 649K, capacity 690K, committed 768K, reserved 1048576K
Event: 1.027 GC heap after
Heap after GC invocations=9 (full 0):
 PSYoungGen      total 262144K, used 256K [0x000000076b800000, 0x0000000785380000, 0x00000007c0000000)
  eden space 260096K, 0% used [0x000000076b800000,0x000000076b800000,0x000000077b600000)
  from space 2048K, 12% used [0x000000077b600000,0x000000077b640000,0x000000077b800000)
  to   space 2560K, 0% used [0x0000000785100000,0x0000000785100000,0x0000000785380000)
 ParOldGen       total 173568K, used 996K [0x00000006c2800000, 0x00000006cd180000, 0x000000076b800000)
  object space 173568K, 0% used [0x00000006c2800000,0x00000006c28f9060,0x00000006cd180000)
 Metaspace       used 8090K, capacity 8646K, committed 8960K, reserved 1056768K
  class space    used 649K, capacity 690K, committed 768K, reserved 1048576K
}
Event: 1.139 GC heap before
{Heap before GC invocations=10 (full 0):
 PSYoungGen      total 262144K, used 260352K [0x000000076b800000, 0x0000000785380000, 0x00000007c0000000)
  eden space 260096K, 100% used [0x000000076b800000,0x000000077b600000,0x000000077b600000)
  from space 2048K, 12% used [0x000000077b600000,0x000000077b640000,0x000000077b800000)
  to   space 2560K, 0% used [0x0000000785100000,0x0000000785100000,0x0000000785380000)
 ParOldGen       total 173568K, used 996K [0x00000006c2800000, 0x00000006cd180000, 0x000000076b800000)
  object space 173568K, 0% used [0x00000006c2800000,0x00000006c28f9060,0x00000006cd180000)
 Metaspace       used 8091K, capacity 8646K, committed 8960K, reserved 1056768K
  class space    used 649K, capacity 690K, committed 768K, reserved 1048576K
Event: 1.140 GC heap after
Heap after GC invocations=10 (full 0):
 PSYoungGen      total 418816K, used 160K [0x000000076b800000, 0x0000000785380000, 0x00000007c0000000)
  eden space 416256K, 0% used [0x000000076b800000,0x000000076b800000,0x0000000784e80000)
  from space 2560K, 6% used [0x0000000785100000,0x0000000785128000,0x0000000785380000)
  to   space 2560K, 0% used [0x0000000784e80000,0x0000000784e80000,0x0000000785100000)
 ParOldGen       total 173568K, used 1236K [0x00000006c2800000, 0x00000006cd180000, 0x000000076b800000)
  object space 173568K, 0% used [0x00000006c2800000,0x00000006c2935060,0x00000006cd180000)
 Metaspace       used 8091K, capacity 8646K, committed 8960K, reserved 1056768K
  class space    used 649K, capacity 690K, committed 768K, reserved 1048576K
}
Event: 1.463 GC heap before
{Heap before GC invocations=11 (full 0):
 PSYoungGen      total 418816K, used 416416K [0x000000076b800000, 0x0000000785380000, 0x00000007c0000000)
  eden space 416256K, 100% used [0x000000076b800000,0x0000000784e80000,0x0000000784e80000)
  from space 2560K, 6% used [0x0000000785100000,0x0000000785128000,0x0000000785380000)
  to   space 2560K, 0% used [0x0000000784e80000,0x0000000784e80000,0x0000000785100000)
 ParOldGen       total 173568K, used 1236K [0x00000006c2800000, 0x00000006cd180000, 0x000000076b800000)
  object space 173568K, 0% used [0x00000006c2800000,0x00000006c2935060,0x00000006cd180000)
 Metaspace       used 8102K, capacity 8646K, committed 8960K, reserved 1056768K
  class space    used 649K, capacity 690K, committed 768K, reserved 1048576K
Event: 1.463 GC heap after
Heap after GC invocations=11 (full 0):
 PSYoungGen      total 398848K, used 224K [0x000000076b800000, 0x0000000785180000, 0x00000007c0000000)
  eden space 398336K, 0% used [0x000000076b800000,0x000000076b800000,0x0000000783d00000)
  from space 512K, 43% used [0x0000000784e80000,0x0000000784eb8000,0x0000000784f00000)
  to   space 2560K, 0% used [0x0000000784f00000,0x0000000784f00000,0x0000000785180000)
 ParOldGen       total 173568K, used 1236K [0x00000006c2800000, 0x00000006cd180000, 0x000000076b800000)
  object space 173568K, 0% used [0x00000006c2800000,0x00000006c2935060,0x00000006cd180000)
 Metaspace       used 8102K, capacity 8646K, committed 8960K, reserved 1056768K
  class space    used 649K, capacity 690K, committed 768K, reserved 1048576K
}
Event: 1.783 GC heap before
{Heap before GC invocations=12 (full 0):
 PSYoungGen      total 398848K, used 398560K [0x000000076b800000, 0x0000000785180000, 0x00000007c0000000)
  eden space 398336K, 100% used [0x000000076b800000,0x0000000783d00000,0x0000000783d00000)
  from space 512K, 43% used [0x0000000784e80000,0x0000000784eb8000,0x0000000784f00000)
  to   space 2560K, 0% used [0x0000000784f00000,0x0000000784f00000,0x0000000785180000)
 ParOldGen       total 173568K, used 1236K [0x00000006c2800000, 0x00000006cd180000, 0x000000076b800000)
  object space 173568K, 0% used [0x00000006c2800000,0x00000006c2935060,0x00000006cd180000)
 Metaspace       used 8105K, capacity 8646K, committed 8960K, reserved 1056768K
  class space    used 649K, capacity 690K, committed 768K, reserved 1048576K
Event: 1.784 GC heap after
Heap after GC invocations=12 (full 0):
 PSYoungGen      total 381952K, used 224K [0x000000076b800000, 0x0000000784f80000, 0x00000007c0000000)
  eden space 381440K, 0% used [0x000000076b800000,0x000000076b800000,0x0000000782c80000)
  from space 512K, 43% used [0x0000000784f00000,0x0000000784f38000,0x0000000784f80000)
  to   space 2560K, 0% used [0x0000000784a80000,0x0000000784a80000,0x0000000784d00000)
 ParOldGen       total 173568K, used 1236K [0x00000006c2800000, 0x00000006cd180000, 0x000000076b800000)
  object space 173568K, 0% used [0x00000006c2800000,0x00000006c2935060,0x00000006cd180000)
 Metaspace       used 8105K, capacity 8646K, committed 8960K, reserved 1056768K
  class space    used 649K, capacity 690K, committed 768K, reserved 1048576K
}

