# JRE version: Java(TM) SE Runtime Environment (8.0_65-b17) (build 1.8.0_65-b17)
# Java VM: Java HotSpot(TM) 64-Bit Server VM (25.65-b01 mixed mode windows-amd64 compressed oops)
Heap:
 PSYoungGen      total 250368K, used 202485K [0x000000076b800000, 0x0000000785180000, 0x00000007c0000000)
  eden space 249856K, 80% used [0x000000076b800000,0x0000000777d8d5c8,0x000000077ac00000)
  from space 512K, 37% used [0x0000000785100000,0x0000000785130000,0x0000000785180000)
  to   space 2560K, 0% used [0x0000000784c80000,0x0000000784c80000,0x0000000784f00000)
 ParOldGen       total 173568K, used 1256K [0x00000006c2800000, 0x00000006cd180000, 0x000000076b800000)
  object space 173568K, 0% used [0x00000006c2800000,0x00000006c293a050,0x00000006cd180000)
 Metaspace       used 8098K, capacity 8646K, committed 8960K, reserved 1056768K
  class space    used 649K, capacity 690K, committed 768K, reserved 1048576K
GC Heap History (10 events):
Event: 0.562 GC heap before
{Heap before GC invocations=6 (full 0):
 PSYoungGen      total 75776K, used 66690K [0x000000076b800000, 0x0000000773b00000, 0x00000007c0000000)
  eden space 65024K, 100% used [0x000000076b800000,0x000000076f780000,0x000000076f780000)
  from space 10752K, 15% used [0x000000076f780000,0x000000076f920938,0x0000000770200000)
  to   space 2048K, 0% used [0x0000000773900000,0x0000000773900000,0x0000000773b00000)
 ParOldGen       total 173568K, used 40K [0x00000006c2800000, 0x00000006cd180000, 0x000000076b800000)
  object space 173568K, 0% used [0x00000006c2800000,0x00000006c280a000,0x00000006cd180000)
 Metaspace       used 7258K, capacity 7814K, committed 8064K, reserved 1056768K
  class space    used 594K, capacity 626K, committed 640K, reserved 1048576K
Event: 0.564 GC heap after
Heap after GC invocations=6 (full 0):
 PSYoungGen      total 132096K, used 1631K [0x000000076b800000, 0x0000000773b00000, 0x00000007c0000000)
  eden space 130048K, 0% used [0x000000076b800000,0x000000076b800000,0x0000000773700000)
  from space 2048K, 79% used [0x0000000773900000,0x0000000773a97f60,0x0000000773b00000)
  to   space 2048K, 0% used [0x0000000773700000,0x0000000773700000,0x0000000773900000)
 ParOldGen       total 173568K, used 48K [0x00000006c2800000, 0x00000006cd180000, 0x000000076b800000)
  object space 173568K, 0% used [0x00000006c2800000,0x00000006c280c000,0x00000006cd180000)
 Metaspace       used 7258K, capacity 7814K, committed 8064K, reserved 1056768K
  class space    used 594K, capacity 626K, committed 640K, reserved 1048576K
}
Event: 0.749 GC heap before
{Heap before GC invocations=7 (full 0):
 PSYoungGen      total 132096K, used 131679K [0x000000076b800000, 0x0000000773b00000, 0x00000007c0000000)
  eden space 130048K, 100% used [0x000000076b800000,0x0000000773700000,0x0000000773700000)
  from space 2048K, 79% used [0x0000000773900000,0x0000000773a97f60,0x0000000773b00000)
  to   space 2048K, 0% used [0x0000000773700000,0x0000000773700000,0x0000000773900000)
 ParOldGen       total 173568K, used 48K [0x00000006c2800000, 0x00000006cd180000, 0x000000076b800000)
  object space 173568K, 0% used [0x00000006c2800000,0x00000006c280c000,0x00000006cd180000)
 Metaspace       used 8079K, capacity 8646K, committed 8960K, reserved 1056768K
  class space    used 649K, capacity 690K, committed 768K, reserved 1048576K
Event: 0.751 GC heap after
Heap after GC invocations=7 (full 0):
 PSYoungGen      total 132096K, used 1120K [0x000000076b800000, 0x000000077ba00000, 0x00000007c0000000)
  eden space 130048K, 0% used [0x000000076b800000,0x000000076b800000,0x0000000773700000)
  from space 2048K, 54% used [0x0000000773700000,0x00000007738180c0,0x0000000773900000)
  to   space 2048K, 0% used [0x000000077b800000,0x000000077b800000,0x000000077ba00000)
 ParOldGen       total 173568K, used 664K [0x00000006c2800000, 0x00000006cd180000, 0x000000076b800000)
  object space 173568K, 0% used [0x00000006c2800000,0x00000006c28a6050,0x00000006cd180000)
 Metaspace       used 8079K, capacity 8646K, committed 8960K, reserved 1056768K
  class space    used 649K, capacity 690K, committed 768K, reserved 1048576K
}
Event: 0.907 GC heap before
{Heap before GC invocations=8 (full 0):
 PSYoungGen      total 132096K, used 131168K [0x000000076b800000, 0x000000077ba00000, 0x00000007c0000000)
  eden space 130048K, 100% used [0x000000076b800000,0x0000000773700000,0x0000000773700000)
  from space 2048K, 54% used [0x0000000773700000,0x00000007738180c0,0x0000000773900000)
  to   space 2048K, 0% used [0x000000077b800000,0x000000077b800000,0x000000077ba00000)
 ParOldGen       total 173568K, used 664K [0x00000006c2800000, 0x00000006cd180000, 0x000000076b800000)
  object space 173568K, 0% used [0x00000006c2800000,0x00000006c28a6050,0x00000006cd180000)
 Metaspace       used 8083K, capacity 8646K, committed 8960K, reserved 1056768K
  class space    used 649K, capacity 690K, committed 768K, reserved 1048576K
Event: 0.907 GC heap after
Heap after GC invocations=8 (full 0):
 PSYoungGen      total 262144K, used 448K [0x000000076b800000, 0x000000077ba00000, 0x00000007c0000000)
  eden space 260096K, 0% used [0x000000076b800000,0x000000076b800000,0x000000077b600000)
  from space 2048K, 21% used [0x000000077b800000,0x000000077b870000,0x000000077ba00000)
  to   space 2048K, 0% used [0x000000077b600000,0x000000077b600000,0x000000077b800000)
 ParOldGen       total 173568K, used 920K [0x00000006c2800000, 0x00000006cd180000, 0x000000076b800000)
  object space 173568K, 0% used [0x00000006c2800000,0x00000006c28e6050,0x00000006cd180000)
 Metaspace       used 8083K, capacity 8646K, committed 8960K, reserved 1056768K
  class space    used 649K, capacity 690K, committed 768K, reserved 1048576K
}
Event: 1.102 GC heap before
{Heap before GC invocations=9 (full 0):
 PSYoungGen      total 262144K, used 260544K [0x000000076b800000, 0x000000077ba00000, 0x00000007c0000000)
  eden space 260096K, 100% used [0x000000076b800000,0x000000077b600000,0x000000077b600000)
  from space 2048K, 21% used [0x000000077b800000,0x000000077b870000,0x000000077ba00000)
  to   space 2048K, 0% used [0x000000077b600000,0x000000077b600000,0x000000077b800000)
 ParOldGen       total 173568K, used 920K [0x00000006c2800000, 0x00000006cd180000, 0x000000076b800000)
  object space 173568K, 0% used [0x00000006c2800000,0x00000006c28e6050,0x00000006cd180000)
 Metaspace       used 8086K, capacity 8646K, committed 8960K, reserved 1056768K
  class space    used 649K, capacity 690K, committed 768K, reserved 1048576K
Event: 1.103 GC heap after
Heap after GC invocations=9 (full 0):
 PSYoungGen      total 262144K, used 256K [0x000000076b800000, 0x0000000785380000, 0x00000007c0000000)
  eden space 260096K, 0% used [0x000000076b800000,0x000000076b800000,0x000000077b600000)
  from space 2048K, 12% used [0x000000077b600000,0x000000077b640000,0x000000077b800000)
  to   space 2560K, 0% used [0x0000000785100000,0x0000000785100000,0x0000000785380000)
 ParOldGen       total 173568K, used 1104K [0x00000006c2800000, 0x00000006cd180000, 0x000000076b800000)
  object space 173568K, 0% used [0x00000006c2800000,0x00000006c2914050,0x00000006cd180000)
 Metaspace       used 8086K, capacity 8646K, committed 8960K, reserved 1056768K
  class space    used 649K, capacity 690K, committed 768K, reserved 1048576K
}
Event: 1.324 GC heap before
{Heap before GC invocations=10 (full 0):
 PSYoungGen      total 262144K, used 260352K [0x000000076b800000, 0x0000000785380000, 0x00000007c0000000)
  eden space 260096K, 100% used [0x000000076b800000,0x000000077b600000,0x000000077b600000)
  from space 2048K, 12% used [0x000000077b600000,0x000000077b640000,0x000000077b800000)
  to   space 2560K, 0% used [0x0000000785100000,0x0000000785100000,0x0000000785380000)
 ParOldGen       total 173568K, used 1104K [0x00000006c2800000, 0x00000006cd180000, 0x000000076b800000)
  object space 173568K, 0% used [0x00000006c2800000,0x00000006c2914050,0x00000006cd180000)
 Metaspace       used 8088K, capacity 8646K, committed 8960K, reserved 1056768K
  class space    used 649K, capacity 690K, committed 768K, reserved 1048576K
Event: 1.325 GC heap after
Heap after GC invocations=10 (full 0):
 PSYoungGen      total 250368K, used 192K [0x000000076b800000, 0x0000000785180000, 0x00000007c0000000)
  eden space 249856K, 0% used [0x000000076b800000,0x000000076b800000,0x000000077ac00000)
  from space 512K, 37% used [0x0000000785100000,0x0000000785130000,0x0000000785180000)
  to   space 2560K, 0% used [0x0000000784c80000,0x0000000784c80000,0x0000000784f00000)
 ParOldGen       total 173568K, used 1256K [0x00000006c2800000, 0x00000006cd180000, 0x000000076b800000)
  object space 173568K, 0% used [0x00000006c2800000,0x00000006c293a050,0x00000006cd180000)
 Metaspace       used 8088K, capacity 8646K, committed 8960K, reserved 1056768K
  class space    used 649K, capacity 690K, committed 768K, reserved 1048576K
}

