# JRE version: Java(TM) SE Runtime Environment (8.0_65-b17) (build 1.8.0_65-b17)
# Java VM: Java HotSpot(TM) 64-Bit Server VM (25.65-b01 mixed mode windows-amd64 compressed oops)
Heap:
 PSYoungGen      total 1158144K, used 367353K [0x000000076b800000, 0x00000007bca00000, 0x00000007c0000000)
  eden space 1147392K, 31% used [0x000000076b800000,0x0000000781e86600,0x00000007b1880000)
  from space 10752K, 2% used [0x00000007bb500000,0x00000007bb538000,0x00000007bbf80000)
  to   space 10240K, 0% used [0x00000007bc000000,0x00000007bc000000,0x00000007bca00000)
 ParOldGen       total 173568K, used 18336K [0x00000006c2800000, 0x00000006cd180000, 0x000000076b800000)
  object space 173568K, 10% used [0x00000006c2800000,0x00000006c39e8050,0x00000006cd180000)
 Metaspace       used 8337K, capacity 8710K, committed 8960K, reserved 1056768K
  class space    used 659K, capacity 690K, committed 768K, reserved 1048576K
GC Heap History (10 events):
Event: 2.634 GC heap before
{Heap before GC invocations=11 (full 0):
 PSYoungGen      total 841728K, used 829664K [0x000000076b800000, 0x000000079fa00000, 0x00000007c0000000)
  eden space 829440K, 100% used [0x000000076b800000,0x000000079e200000,0x000000079e200000)
  from space 12288K, 1% used [0x000000079ee00000,0x000000079ee38000,0x000000079fa00000)
  to   space 12288K, 0% used [0x000000079e200000,0x000000079e200000,0x000000079ee00000)
 ParOldGen       total 173568K, used 18184K [0x00000006c2800000, 0x00000006cd180000, 0x000000076b800000)
  object space 173568K, 10% used [0x00000006c2800000,0x00000006c39c2050,0x00000006cd180000)
 Metaspace       used 8315K, capacity 8710K, committed 8960K, reserved 1056768K
  class space    used 659K, capacity 690K, committed 768K, reserved 1048576K
Event: 2.635 GC heap after
Heap after GC invocations=11 (full 0):
 PSYoungGen      total 841728K, used 224K [0x000000076b800000, 0x00000007bdf00000, 0x00000007c0000000)
  eden space 829440K, 0% used [0x000000076b800000,0x000000076b800000,0x000000079e200000)
  from space 12288K, 1% used [0x000000079e200000,0x000000079e238000,0x000000079ee00000)
  to   space 11776K, 0% used [0x00000007bd380000,0x00000007bd380000,0x00000007bdf00000)
 ParOldGen       total 173568K, used 18248K [0x00000006c2800000, 0x00000006cd180000, 0x000000076b800000)
  object space 173568K, 10% used [0x00000006c2800000,0x00000006c39d2050,0x00000006cd180000)
 Metaspace       used 8315K, capacity 8710K, committed 8960K, reserved 1056768K
  class space    used 659K, capacity 690K, committed 768K, reserved 1048576K
}
Event: 3.262 GC heap before
{Heap before GC invocations=12 (full 0):
 PSYoungGen      total 841728K, used 829664K [0x000000076b800000, 0x00000007bdf00000, 0x00000007c0000000)
  eden space 829440K, 100% used [0x000000076b800000,0x000000079e200000,0x000000079e200000)
  from space 12288K, 1% used [0x000000079e200000,0x000000079e238000,0x000000079ee00000)
  to   space 11776K, 0% used [0x00000007bd380000,0x00000007bd380000,0x00000007bdf00000)
 ParOldGen       total 173568K, used 18248K [0x00000006c2800000, 0x00000006cd180000, 0x000000076b800000)
  object space 173568K, 10% used [0x00000006c2800000,0x00000006c39d2050,0x00000006cd180000)
 Metaspace       used 8324K, capacity 8710K, committed 8960K, reserved 1056768K
  class space    used 659K, capacity 690K, committed 768K, reserved 1048576K
Event: 3.263 GC heap after
Heap after GC invocations=12 (full 0):
 PSYoungGen      total 1337856K, used 192K [0x000000076b800000, 0x00000007bde00000, 0x00000007c0000000)
  eden space 1327104K, 0% used [0x000000076b800000,0x000000076b800000,0x00000007bc800000)
  from space 10752K, 1% used [0x00000007bd380000,0x00000007bd3b0000,0x00000007bde00000)
  to   space 11264K, 0% used [0x00000007bc800000,0x00000007bc800000,0x00000007bd300000)
 ParOldGen       total 173568K, used 18280K [0x00000006c2800000, 0x00000006cd180000, 0x000000076b800000)
  object space 173568K, 10% used [0x00000006c2800000,0x00000006c39da050,0x00000006cd180000)
 Metaspace       used 8324K, capacity 8710K, committed 8960K, reserved 1056768K
  class space    used 659K, capacity 690K, committed 768K, reserved 1048576K
}
Event: 4.452 GC heap before
{Heap before GC invocations=13 (full 0):
 PSYoungGen      total 1337856K, used 1327296K [0x000000076b800000, 0x00000007bde00000, 0x00000007c0000000)
  eden space 1327104K, 100% used [0x000000076b800000,0x00000007bc800000,0x00000007bc800000)
  from space 10752K, 1% used [0x00000007bd380000,0x00000007bd3b0000,0x00000007bde00000)
  to   space 11264K, 0% used [0x00000007bc800000,0x00000007bc800000,0x00000007bd300000)
 ParOldGen       total 173568K, used 18280K [0x00000006c2800000, 0x00000006cd180000, 0x000000076b800000)
  object space 173568K, 10% used [0x00000006c2800000,0x00000006c39da050,0x00000006cd180000)
 Metaspace       used 8329K, capacity 8710K, committed 8960K, reserved 1056768K
  class space    used 659K, capacity 690K, committed 768K, reserved 1048576K
Event: 4.453 GC heap after
Heap after GC invocations=13 (full 0):
 PSYoungGen      total 1264640K, used 160K [0x000000076b800000, 0x00000007bd400000, 0x00000007c0000000)
  eden space 1264128K, 0% used [0x000000076b800000,0x000000076b800000,0x00000007b8a80000)
  from space 512K, 31% used [0x00000007bc800000,0x00000007bc828000,0x00000007bc880000)
  to   space 10752K, 0% used [0x00000007bc980000,0x00000007bc980000,0x00000007bd400000)
 ParOldGen       total 173568K, used 18280K [0x00000006c2800000, 0x00000006cd180000, 0x000000076b800000)
  object space 173568K, 10% used [0x00000006c2800000,0x00000006c39da050,0x00000006cd180000)
 Metaspace       used 8329K, capacity 8710K, committed 8960K, reserved 1056768K
  class space    used 659K, capacity 690K, committed 768K, reserved 1048576K
}
Event: 5.544 GC heap before
{Heap before GC invocations=14 (full 0):
 PSYoungGen      total 1264640K, used 1264288K [0x000000076b800000, 0x00000007bd400000, 0x00000007c0000000)
  eden space 1264128K, 100% used [0x000000076b800000,0x00000007b8a80000,0x00000007b8a80000)
  from space 512K, 31% used [0x00000007bc800000,0x00000007bc828000,0x00000007bc880000)
  to   space 10752K, 0% used [0x00000007bc980000,0x00000007bc980000,0x00000007bd400000)
 ParOldGen       total 173568K, used 18280K [0x00000006c2800000, 0x00000006cd180000, 0x000000076b800000)
  object space 173568K, 10% used [0x00000006c2800000,0x00000006c39da050,0x00000006cd180000)
 Metaspace       used 8331K, capacity 8710K, committed 8960K, reserved 1056768K
  class space    used 659K, capacity 690K, committed 768K, reserved 1048576K
Event: 5.545 GC heap after
Heap after GC invocations=14 (full 0):
 PSYoungGen      total 1204736K, used 224K [0x000000076b800000, 0x00000007bca00000, 0x00000007c0000000)
  eden space 1204224K, 0% used [0x000000076b800000,0x000000076b800000,0x00000007b5000000)
  from space 512K, 43% used [0x00000007bc980000,0x00000007bc9b8000,0x00000007bca00000)
  to   space 10752K, 0% used [0x00000007bb500000,0x00000007bb500000,0x00000007bbf80000)
 ParOldGen       total 173568K, used 18320K [0x00000006c2800000, 0x00000006cd180000, 0x000000076b800000)
  object space 173568K, 10% used [0x00000006c2800000,0x00000006c39e4050,0x00000006cd180000)
 Metaspace       used 8331K, capacity 8710K, committed 8960K, reserved 1056768K
  class space    used 659K, capacity 690K, committed 768K, reserved 1048576K
}
Event: 6.512 GC heap before
{Heap before GC invocations=15 (full 0):
 PSYoungGen      total 1204736K, used 1204448K [0x000000076b800000, 0x00000007bca00000, 0x00000007c0000000)
  eden space 1204224K, 100% used [0x000000076b800000,0x00000007b5000000,0x00000007b5000000)
  from space 512K, 43% used [0x00000007bc980000,0x00000007bc9b8000,0x00000007bca00000)
  to   space 10752K, 0% used [0x00000007bb500000,0x00000007bb500000,0x00000007bbf80000)
 ParOldGen       total 173568K, used 18320K [0x00000006c2800000, 0x00000006cd180000, 0x000000076b800000)
  object space 173568K, 10% used [0x00000006c2800000,0x00000006c39e4050,0x00000006cd180000)
 Metaspace       used 8337K, capacity 8710K, committed 8960K, reserved 1056768K
  class space    used 659K, capacity 690K, committed 768K, reserved 1048576K
Event: 6.513 GC heap after
Heap after GC invocations=15 (full 0):
 PSYoungGen      total 1158144K, used 224K [0x000000076b800000, 0x00000007bca00000, 0x00000007c0000000)
  eden space 1147392K, 0% used [0x000000076b800000,0x000000076b800000,0x00000007b1880000)
  from space 10752K, 2% used [0x00000007bb500000,0x00000007bb538000,0x00000007bbf80000)
  to   space 10240K, 0% used [0x00000007bc000000,0x00000007bc000000,0x00000007bca00000)
 ParOldGen       total 173568K, used 18336K [0x00000006c2800000, 0x00000006cd180000, 0x000000076b800000)
  object space 173568K, 10% used [0x00000006c2800000,0x00000006c39e8050,0x00000006cd180000)
 Metaspace       used 8337K, capacity 8710K, committed 8960K, reserved 1056768K
  class space    used 659K, capacity 690K, committed 768K, reserved 1048576K
}

