# JRE version: Java(TM) SE Runtime Environment (8.0_65-b17) (build 1.8.0_65-b17)
# Java VM: Java HotSpot(TM) 64-Bit Server VM (25.65-b01 mixed mode windows-amd64 compressed oops)
Heap:
 PSYoungGen      total 62464K, used 32886K [0x000000076b800000, 0x00000007ba580000, 0x00000007c0000000)
  eden space 61952K, 52% used [0x000000076b800000,0x000000076d7f5bf0,0x000000076f480000)
  from space 512K, 31% used [0x00000007ba480000,0x00000007ba4a8000,0x00000007ba500000)
  to   space 512K, 0% used [0x00000007ba500000,0x00000007ba500000,0x00000007ba580000)
 ParOldGen       total 173568K, used 32528K [0x00000006c2800000, 0x00000006cd180000, 0x000000076b800000)
  object space 173568K, 18% used [0x00000006c2800000,0x00000006c47c4250,0x00000006cd180000)
 Metaspace       used 8405K, capacity 8774K, committed 8960K, reserved 1056768K
  class space    used 662K, capacity 690K, committed 768K, reserved 1048576K
GC Heap History (10 events):
Event: 84.401 GC heap before
{Heap before GC invocations=1031 (full 0):
 PSYoungGen      total 70144K, used 69856K [0x000000076b800000, 0x00000007ba580000, 0x00000007c0000000)
  eden space 69632K, 100% used [0x000000076b800000,0x000000076fc00000,0x000000076fc00000)
  from space 512K, 43% used [0x00000007ba500000,0x00000007ba538000,0x00000007ba580000)
  to   space 512K, 0% used [0x00000007ba480000,0x00000007ba480000,0x00000007ba500000)
 ParOldGen       total 173568K, used 32528K [0x00000006c2800000, 0x00000006cd180000, 0x000000076b800000)
  object space 173568K, 18% used [0x00000006c2800000,0x00000006c47c4250,0x00000006cd180000)
 Metaspace       used 8405K, capacity 8774K, committed 8960K, reserved 1056768K
  class space    used 662K, capacity 690K, committed 768K, reserved 1048576K
Event: 84.401 GC heap after
Heap after GC invocations=1031 (full 0):
 PSYoungGen      total 68608K, used 160K [0x000000076b800000, 0x00000007ba580000, 0x00000007c0000000)
  eden space 68096K, 0% used [0x000000076b800000,0x000000076b800000,0x000000076fa80000)
  from space 512K, 31% used [0x00000007ba480000,0x00000007ba4a8000,0x00000007ba500000)
  to   space 512K, 0% used [0x00000007ba500000,0x00000007ba500000,0x00000007ba580000)
 ParOldGen       total 173568K, used 32528K [0x00000006c2800000, 0x00000006cd180000, 0x000000076b800000)
  object space 173568K, 18% used [0x00000006c2800000,0x00000006c47c4250,0x00000006cd180000)
 Metaspace       used 8405K, capacity 8774K, committed 8960K, reserved 1056768K
  class space    used 662K, capacity 690K, committed 768K, reserved 1048576K
}
Event: 84.480 GC heap before
{Heap before GC invocations=1032 (full 0):
 PSYoungGen      total 68608K, used 68256K [0x000000076b800000, 0x00000007ba580000, 0x00000007c0000000)
  eden space 68096K, 100% used [0x000000076b800000,0x000000076fa80000,0x000000076fa80000)
  from space 512K, 31% used [0x00000007ba480000,0x00000007ba4a8000,0x00000007ba500000)
  to   space 512K, 0% used [0x00000007ba500000,0x00000007ba500000,0x00000007ba580000)
 ParOldGen       total 173568K, used 32528K [0x00000006c2800000, 0x00000006cd180000, 0x000000076b800000)
  object space 173568K, 18% used [0x00000006c2800000,0x00000006c47c4250,0x00000006cd180000)
 Metaspace       used 8405K, capacity 8774K, committed 8960K, reserved 1056768K
  class space    used 662K, capacity 690K, committed 768K, reserved 1048576K
Event: 84.481 GC heap after
Heap after GC invocations=1032 (full 0):
 PSYoungGen      total 67072K, used 192K [0x000000076b800000, 0x00000007ba580000, 0x00000007c0000000)
  eden space 66560K, 0% used [0x000000076b800000,0x000000076b800000,0x000000076f900000)
  from space 512K, 37% used [0x00000007ba500000,0x00000007ba530000,0x00000007ba580000)
  to   space 512K, 0% used [0x00000007ba480000,0x00000007ba480000,0x00000007ba500000)
 ParOldGen       total 173568K, used 32528K [0x00000006c2800000, 0x00000006cd180000, 0x000000076b800000)
  object space 173568K, 18% used [0x00000006c2800000,0x00000006c47c4250,0x00000006cd180000)
 Metaspace       used 8405K, capacity 8774K, committed 8960K, reserved 1056768K
  class space    used 662K, capacity 690K, committed 768K, reserved 1048576K
}
Event: 84.537 GC heap before
{Heap before GC invocations=1033 (full 0):
 PSYoungGen      total 67072K, used 66752K [0x000000076b800000, 0x00000007ba580000, 0x00000007c0000000)
  eden space 66560K, 100% used [0x000000076b800000,0x000000076f900000,0x000000076f900000)
  from space 512K, 37% used [0x00000007ba500000,0x00000007ba530000,0x00000007ba580000)
  to   space 512K, 0% used [0x00000007ba480000,0x00000007ba480000,0x00000007ba500000)
 ParOldGen       total 173568K, used 32528K [0x00000006c2800000, 0x00000006cd180000, 0x000000076b800000)
  object space 173568K, 18% used [0x00000006c2800000,0x00000006c47c4250,0x00000006cd180000)
 Metaspace       used 8405K, capacity 8774K, committed 8960K, reserved 1056768K
  class space    used 662K, capacity 690K, committed 768K, reserved 1048576K
Event: 84.537 GC heap after
Heap after GC invocations=1033 (full 0):
 PSYoungGen      total 65536K, used 192K [0x000000076b800000, 0x00000007ba580000, 0x00000007c0000000)
  eden space 65024K, 0% used [0x000000076b800000,0x000000076b800000,0x000000076f780000)
  from space 512K, 37% used [0x00000007ba480000,0x00000007ba4b0000,0x00000007ba500000)
  to   space 512K, 0% used [0x00000007ba500000,0x00000007ba500000,0x00000007ba580000)
 ParOldGen       total 173568K, used 32528K [0x00000006c2800000, 0x00000006cd180000, 0x000000076b800000)
  object space 173568K, 18% used [0x00000006c2800000,0x00000006c47c4250,0x00000006cd180000)
 Metaspace       used 8405K, capacity 8774K, committed 8960K, reserved 1056768K
  class space    used 662K, capacity 690K, committed 768K, reserved 1048576K
}
Event: 84.590 GC heap before
{Heap before GC invocations=1034 (full 0):
 PSYoungGen      total 65536K, used 65216K [0x000000076b800000, 0x00000007ba580000, 0x00000007c0000000)
  eden space 65024K, 100% used [0x000000076b800000,0x000000076f780000,0x000000076f780000)
  from space 512K, 37% used [0x00000007ba480000,0x00000007ba4b0000,0x00000007ba500000)
  to   space 512K, 0% used [0x00000007ba500000,0x00000007ba500000,0x00000007ba580000)
 ParOldGen       total 173568K, used 32528K [0x00000006c2800000, 0x00000006cd180000, 0x000000076b800000)
  object space 173568K, 18% used [0x00000006c2800000,0x00000006c47c4250,0x00000006cd180000)
 Metaspace       used 8405K, capacity 8774K, committed 8960K, reserved 1056768K
  class space    used 662K, capacity 690K, committed 768K, reserved 1048576K
Event: 84.591 GC heap after
Heap after GC invocations=1034 (full 0):
 PSYoungGen      total 64000K, used 224K [0x000000076b800000, 0x00000007ba580000, 0x00000007c0000000)
  eden space 63488K, 0% used [0x000000076b800000,0x000000076b800000,0x000000076f600000)
  from space 512K, 43% used [0x00000007ba500000,0x00000007ba538000,0x00000007ba580000)
  to   space 512K, 0% used [0x00000007ba480000,0x00000007ba480000,0x00000007ba500000)
 ParOldGen       total 173568K, used 32528K [0x00000006c2800000, 0x00000006cd180000, 0x000000076b800000)
  object space 173568K, 18% used [0x00000006c2800000,0x00000006c47c4250,0x00000006cd180000)
 Metaspace       used 8405K, capacity 8774K, committed 8960K, reserved 1056768K
  class space    used 662K, capacity 690K, committed 768K, reserved 1048576K
}
Event: 84.653 GC heap before
{Heap before GC invocations=1035 (full 0):
 PSYoungGen      total 64000K, used 63712K [0x000000076b800000, 0x00000007ba580000, 0x00000007c0000000)
  eden space 63488K, 100% used [0x000000076b800000,0x000000076f600000,0x000000076f600000)
  from space 512K, 43% used [0x00000007ba500000,0x00000007ba538000,0x00000007ba580000)
  to   space 512K, 0% used [0x00000007ba480000,0x00000007ba480000,0x00000007ba500000)
 ParOldGen       total 173568K, used 32528K [0x00000006c2800000, 0x00000006cd180000, 0x000000076b800000)
  object space 173568K, 18% used [0x00000006c2800000,0x00000006c47c4250,0x00000006cd180000)
 Metaspace       used 8405K, capacity 8774K, committed 8960K, reserved 1056768K
  class space    used 662K, capacity 690K, committed 768K, reserved 1048576K
Event: 84.654 GC heap after
Heap after GC invocations=1035 (full 0):
 PSYoungGen      total 62464K, used 160K [0x000000076b800000, 0x00000007ba580000, 0x00000007c0000000)
  eden space 61952K, 0% used [0x000000076b800000,0x000000076b800000,0x000000076f480000)
  from space 512K, 31% used [0x00000007ba480000,0x00000007ba4a8000,0x00000007ba500000)
  to   space 512K, 0% used [0x00000007ba500000,0x00000007ba500000,0x00000007ba580000)
 ParOldGen       total 173568K, used 32528K [0x00000006c2800000, 0x00000006cd180000, 0x000000076b800000)
  object space 173568K, 18% used [0x00000006c2800000,0x00000006c47c4250,0x00000006cd180000)
 Metaspace       used 8405K, capacity 8774K, committed 8960K, reserved 1056768K
  class space    used 662K, capacity 690K, committed 768K, reserved 1048576K
}

