# JRE version: Java(TM) SE Runtime Environment (8.0_65-b17) (build 1.8.0_65-b17)
# Java VM: Java HotSpot(TM) 64-Bit Server VM (25.65-b01 mixed mode windows-amd64 compressed oops)
Heap:
 PSYoungGen      total 669696K, used 178595K [0x000000076b800000, 0x00000007bae00000, 0x00000007c0000000)
  eden space 663040K, 26% used [0x000000076b800000,0x0000000776630c58,0x0000000793f80000)
  from space 6656K, 3% used [0x00000007ba100000,0x00000007ba138000,0x00000007ba780000)
  to   space 6144K, 0% used [0x00000007ba800000,0x00000007ba800000,0x00000007bae00000)
 ParOldGen       total 173568K, used 30944K [0x00000006c2800000, 0x00000006cd180000, 0x000000076b800000)
  object space 173568K, 17% used [0x00000006c2800000,0x00000006c4638070,0x00000006cd180000)
 Metaspace       used 8359K, capacity 8710K, committed 8960K, reserved 1056768K
  class space    used 658K, capacity 690K, committed 768K, reserved 1048576K
GC Heap History (10 events):
Event: 14.459 GC heap before
{Heap before GC invocations=25 (full 0):
 PSYoungGen      total 838144K, used 837824K [0x000000076b800000, 0x00000007bbc00000, 0x00000007c0000000)
  eden space 837632K, 100% used [0x000000076b800000,0x000000079ea00000,0x000000079ea00000)
  from space 512K, 37% used [0x00000007bbb80000,0x00000007bbbb0000,0x00000007bbc00000)
  to   space 8704K, 0% used [0x00000007bab00000,0x00000007bab00000,0x00000007bb380000)
 ParOldGen       total 173568K, used 30944K [0x00000006c2800000, 0x00000006cd180000, 0x000000076b800000)
  object space 173568K, 17% used [0x00000006c2800000,0x00000006c4638070,0x00000006cd180000)
 Metaspace       used 8359K, capacity 8710K, committed 8960K, reserved 1056768K
  class space    used 658K, capacity 690K, committed 768K, reserved 1048576K
Event: 14.459 GC heap after
Heap after GC invocations=25 (full 0):
 PSYoungGen      total 807936K, used 224K [0x000000076b800000, 0x00000007bbc00000, 0x00000007c0000000)
  eden space 799232K, 0% used [0x000000076b800000,0x000000076b800000,0x000000079c480000)
  from space 8704K, 2% used [0x00000007bab00000,0x00000007bab38000,0x00000007bb380000)
  to   space 8192K, 0% used [0x00000007bb400000,0x00000007bb400000,0x00000007bbc00000)
 ParOldGen       total 173568K, used 30944K [0x00000006c2800000, 0x00000006cd180000, 0x000000076b800000)
  object space 173568K, 17% used [0x00000006c2800000,0x00000006c4638070,0x00000006cd180000)
 Metaspace       used 8359K, capacity 8710K, committed 8960K, reserved 1056768K
  class space    used 658K, capacity 690K, committed 768K, reserved 1048576K
}
Event: 15.321 GC heap before
{Heap before GC invocations=26 (full 0):
 PSYoungGen      total 807936K, used 799456K [0x000000076b800000, 0x00000007bbc00000, 0x00000007c0000000)
  eden space 799232K, 100% used [0x000000076b800000,0x000000079c480000,0x000000079c480000)
  from space 8704K, 2% used [0x00000007bab00000,0x00000007bab38000,0x00000007bb380000)
  to   space 8192K, 0% used [0x00000007bb400000,0x00000007bb400000,0x00000007bbc00000)
 ParOldGen       total 173568K, used 30944K [0x00000006c2800000, 0x00000006cd180000, 0x000000076b800000)
  object space 173568K, 17% used [0x00000006c2800000,0x00000006c4638070,0x00000006cd180000)
 Metaspace       used 8359K, capacity 8710K, committed 8960K, reserved 1056768K
  class space    used 658K, capacity 690K, committed 768K, reserved 1048576K
Event: 15.323 GC heap after
Heap after GC invocations=26 (full 0):
 PSYoungGen      total 762880K, used 160K [0x000000076b800000, 0x00000007bb480000, 0x00000007c0000000)
  eden space 762368K, 0% used [0x000000076b800000,0x000000076b800000,0x000000079a080000)
  from space 512K, 31% used [0x00000007bb400000,0x00000007bb428000,0x00000007bb480000)
  to   space 7680K, 0% used [0x00000007ba580000,0x00000007ba580000,0x00000007bad00000)
 ParOldGen       total 173568K, used 30944K [0x00000006c2800000, 0x00000006cd180000, 0x000000076b800000)
  object space 173568K, 17% used [0x00000006c2800000,0x00000006c4638070,0x00000006cd180000)
 Metaspace       used 8359K, capacity 8710K, committed 8960K, reserved 1056768K
  class space    used 658K, capacity 690K, committed 768K, reserved 1048576K
}
Event: 15.953 GC heap before
{Heap before GC invocations=27 (full 0):
 PSYoungGen      total 762880K, used 762528K [0x000000076b800000, 0x00000007bb480000, 0x00000007c0000000)
  eden space 762368K, 100% used [0x000000076b800000,0x000000079a080000,0x000000079a080000)
  from space 512K, 31% used [0x00000007bb400000,0x00000007bb428000,0x00000007bb480000)
  to   space 7680K, 0% used [0x00000007ba580000,0x00000007ba580000,0x00000007bad00000)
 ParOldGen       total 173568K, used 30944K [0x00000006c2800000, 0x00000006cd180000, 0x000000076b800000)
  object space 173568K, 17% used [0x00000006c2800000,0x00000006c4638070,0x00000006cd180000)
 Metaspace       used 8359K, capacity 8710K, committed 8960K, reserved 1056768K
  class space    used 658K, capacity 690K, committed 768K, reserved 1048576K
Event: 15.954 GC heap after
Heap after GC invocations=27 (full 0):
 PSYoungGen      total 735232K, used 192K [0x000000076b800000, 0x00000007bb480000, 0x00000007c0000000)
  eden space 727552K, 0% used [0x000000076b800000,0x000000076b800000,0x0000000797e80000)
  from space 7680K, 2% used [0x00000007ba580000,0x00000007ba5b0000,0x00000007bad00000)
  to   space 7168K, 0% used [0x00000007bad80000,0x00000007bad80000,0x00000007bb480000)
 ParOldGen       total 173568K, used 30944K [0x00000006c2800000, 0x00000006cd180000, 0x000000076b800000)
  object space 173568K, 17% used [0x00000006c2800000,0x00000006c4638070,0x00000006cd180000)
 Metaspace       used 8359K, capacity 8710K, committed 8960K, reserved 1056768K
  class space    used 658K, capacity 690K, committed 768K, reserved 1048576K
}
Event: 16.656 GC heap before
{Heap before GC invocations=28 (full 0):
 PSYoungGen      total 735232K, used 727744K [0x000000076b800000, 0x00000007bb480000, 0x00000007c0000000)
  eden space 727552K, 100% used [0x000000076b800000,0x0000000797e80000,0x0000000797e80000)
  from space 7680K, 2% used [0x00000007ba580000,0x00000007ba5b0000,0x00000007bad00000)
  to   space 7168K, 0% used [0x00000007bad80000,0x00000007bad80000,0x00000007bb480000)
 ParOldGen       total 173568K, used 30944K [0x00000006c2800000, 0x00000006cd180000, 0x000000076b800000)
  object space 173568K, 17% used [0x00000006c2800000,0x00000006c4638070,0x00000006cd180000)
 Metaspace       used 8359K, capacity 8710K, committed 8960K, reserved 1056768K
  class space    used 658K, capacity 690K, committed 768K, reserved 1048576K
Event: 16.657 GC heap after
Heap after GC invocations=28 (full 0):
 PSYoungGen      total 694784K, used 256K [0x000000076b800000, 0x00000007bae00000, 0x00000007c0000000)
  eden space 694272K, 0% used [0x000000076b800000,0x000000076b800000,0x0000000795e00000)
  from space 512K, 50% used [0x00000007bad80000,0x00000007badc0000,0x00000007bae00000)
  to   space 6656K, 0% used [0x00000007ba100000,0x00000007ba100000,0x00000007ba780000)
 ParOldGen       total 173568K, used 30944K [0x00000006c2800000, 0x00000006cd180000, 0x000000076b800000)
  object space 173568K, 17% used [0x00000006c2800000,0x00000006c4638070,0x00000006cd180000)
 Metaspace       used 8359K, capacity 8710K, committed 8960K, reserved 1056768K
  class space    used 658K, capacity 690K, committed 768K, reserved 1048576K
}
Event: 17.189 GC heap before
{Heap before GC invocations=29 (full 0):
 PSYoungGen      total 694784K, used 694528K [0x000000076b800000, 0x00000007bae00000, 0x00000007c0000000)
  eden space 694272K, 100% used [0x000000076b800000,0x0000000795e00000,0x0000000795e00000)
  from space 512K, 50% used [0x00000007bad80000,0x00000007badc0000,0x00000007bae00000)
  to   space 6656K, 0% used [0x00000007ba100000,0x00000007ba100000,0x00000007ba780000)
 ParOldGen       total 173568K, used 30944K [0x00000006c2800000, 0x00000006cd180000, 0x000000076b800000)
  object space 173568K, 17% used [0x00000006c2800000,0x00000006c4638070,0x00000006cd180000)
 Metaspace       used 8359K, capacity 8710K, committed 8960K, reserved 1056768K
  class space    used 658K, capacity 690K, committed 768K, reserved 1048576K
Event: 17.190 GC heap after
Heap after GC invocations=29 (full 0):
 PSYoungGen      total 669696K, used 224K [0x000000076b800000, 0x00000007bae00000, 0x00000007c0000000)
  eden space 663040K, 0% used [0x000000076b800000,0x000000076b800000,0x0000000793f80000)
  from space 6656K, 3% used [0x00000007ba100000,0x00000007ba138000,0x00000007ba780000)
  to   space 6144K, 0% used [0x00000007ba800000,0x00000007ba800000,0x00000007bae00000)
 ParOldGen       total 173568K, used 30944K [0x00000006c2800000, 0x00000006cd180000, 0x000000076b800000)
  object space 173568K, 17% used [0x00000006c2800000,0x00000006c4638070,0x00000006cd180000)
 Metaspace       used 8359K, capacity 8710K, committed 8960K, reserved 1056768K
  class space    used 658K, capacity 690K, committed 768K, reserved 1048576K
}

