# JRE version: Java(TM) SE Runtime Environment (8.0_65-b17) (build 1.8.0_65-b17)
# Java VM: Java HotSpot(TM) 64-Bit Server VM (25.65-b01 mixed mode windows-amd64 compressed oops)
Heap:
 PSYoungGen      total 127488K, used 90350K [0x000000076b800000, 0x00000007b9780000, 0x00000007c0000000)
  eden space 126976K, 70% used [0x000000076b800000,0x0000000770ffb920,0x0000000773400000)
  from space 512K, 50% used [0x00000007b9700000,0x00000007b9740000,0x00000007b9780000)
  to   space 512K, 0% used [0x00000007b9680000,0x00000007b9680000,0x00000007b9700000)
 ParOldGen       total 173568K, used 37397K [0x00000006c2800000, 0x00000006cd180000, 0x000000076b800000)
  object space 173568K, 21% used [0x00000006c2800000,0x00000006c4c855e0,0x00000006cd180000)
 Metaspace       used 8342K, capacity 8710K, committed 8960K, reserved 1056768K
  class space    used 659K, capacity 690K, committed 768K, reserved 1048576K
GC Heap History (10 events):
Event: 63.845 GC heap before
{Heap before GC invocations=798 (full 0):
 PSYoungGen      total 120320K, used 120032K [0x000000076b800000, 0x00000007b9780000, 0x00000007c0000000)
  eden space 119808K, 100% used [0x000000076b800000,0x0000000772d00000,0x0000000772d00000)
  from space 512K, 43% used [0x00000007b9680000,0x00000007b96b8000,0x00000007b9700000)
  to   space 512K, 0% used [0x00000007b9700000,0x00000007b9700000,0x00000007b9780000)
 ParOldGen       total 173568K, used 37397K [0x00000006c2800000, 0x00000006cd180000, 0x000000076b800000)
  object space 173568K, 21% used [0x00000006c2800000,0x00000006c4c855e0,0x00000006cd180000)
 Metaspace       used 8342K, capacity 8710K, committed 8960K, reserved 1056768K
  class space    used 659K, capacity 690K, committed 768K, reserved 1048576K
Event: 63.846 GC heap after
Heap after GC invocations=798 (full 0):
 PSYoungGen      total 116736K, used 192K [0x000000076b800000, 0x00000007b9780000, 0x00000007c0000000)
  eden space 116224K, 0% used [0x000000076b800000,0x000000076b800000,0x0000000772980000)
  from space 512K, 37% used [0x00000007b9700000,0x00000007b9730000,0x00000007b9780000)
  to   space 512K, 0% used [0x00000007b9680000,0x00000007b9680000,0x00000007b9700000)
 ParOldGen       total 173568K, used 37397K [0x00000006c2800000, 0x00000006cd180000, 0x000000076b800000)
  object space 173568K, 21% used [0x00000006c2800000,0x00000006c4c855e0,0x00000006cd180000)
 Metaspace       used 8342K, capacity 8710K, committed 8960K, reserved 1056768K
  class space    used 659K, capacity 690K, committed 768K, reserved 1048576K
}
Event: 63.897 GC heap before
{Heap before GC invocations=799 (full 0):
 PSYoungGen      total 116736K, used 116416K [0x000000076b800000, 0x00000007b9780000, 0x00000007c0000000)
  eden space 116224K, 100% used [0x000000076b800000,0x0000000772980000,0x0000000772980000)
  from space 512K, 37% used [0x00000007b9700000,0x00000007b9730000,0x00000007b9780000)
  to   space 512K, 0% used [0x00000007b9680000,0x00000007b9680000,0x00000007b9700000)
 ParOldGen       total 173568K, used 37397K [0x00000006c2800000, 0x00000006cd180000, 0x000000076b800000)
  object space 173568K, 21% used [0x00000006c2800000,0x00000006c4c855e0,0x00000006cd180000)
 Metaspace       used 8342K, capacity 8710K, committed 8960K, reserved 1056768K
  class space    used 659K, capacity 690K, committed 768K, reserved 1048576K
Event: 63.898 GC heap after
Heap after GC invocations=799 (full 0):
 PSYoungGen      total 140288K, used 160K [0x000000076b800000, 0x00000007b9780000, 0x00000007c0000000)
  eden space 139776K, 0% used [0x000000076b800000,0x000000076b800000,0x0000000774080000)
  from space 512K, 31% used [0x00000007b9680000,0x00000007b96a8000,0x00000007b9700000)
  to   space 512K, 0% used [0x00000007b9700000,0x00000007b9700000,0x00000007b9780000)
 ParOldGen       total 173568K, used 37397K [0x00000006c2800000, 0x00000006cd180000, 0x000000076b800000)
  object space 173568K, 21% used [0x00000006c2800000,0x00000006c4c855e0,0x00000006cd180000)
 Metaspace       used 8342K, capacity 8710K, committed 8960K, reserved 1056768K
  class space    used 659K, capacity 690K, committed 768K, reserved 1048576K
}
Event: 63.999 GC heap before
{Heap before GC invocations=800 (full 0):
 PSYoungGen      total 140288K, used 139936K [0x000000076b800000, 0x00000007b9780000, 0x00000007c0000000)
  eden space 139776K, 100% used [0x000000076b800000,0x0000000774080000,0x0000000774080000)
  from space 512K, 31% used [0x00000007b9680000,0x00000007b96a8000,0x00000007b9700000)
  to   space 512K, 0% used [0x00000007b9700000,0x00000007b9700000,0x00000007b9780000)
 ParOldGen       total 173568K, used 37397K [0x00000006c2800000, 0x00000006cd180000, 0x000000076b800000)
  object space 173568K, 21% used [0x00000006c2800000,0x00000006c4c855e0,0x00000006cd180000)
 Metaspace       used 8342K, capacity 8710K, committed 8960K, reserved 1056768K
  class space    used 659K, capacity 690K, committed 768K, reserved 1048576K
Event: 64.000 GC heap after
Heap after GC invocations=800 (full 0):
 PSYoungGen      total 135680K, used 192K [0x000000076b800000, 0x00000007b9780000, 0x00000007c0000000)
  eden space 135168K, 0% used [0x000000076b800000,0x000000076b800000,0x0000000773c00000)
  from space 512K, 37% used [0x00000007b9700000,0x00000007b9730000,0x00000007b9780000)
  to   space 512K, 0% used [0x00000007b9680000,0x00000007b9680000,0x00000007b9700000)
 ParOldGen       total 173568K, used 37397K [0x00000006c2800000, 0x00000006cd180000, 0x000000076b800000)
  object space 173568K, 21% used [0x00000006c2800000,0x00000006c4c855e0,0x00000006cd180000)
 Metaspace       used 8342K, capacity 8710K, committed 8960K, reserved 1056768K
  class space    used 659K, capacity 690K, committed 768K, reserved 1048576K
}
Event: 64.088 GC heap before
{Heap before GC invocations=801 (full 0):
 PSYoungGen      total 135680K, used 135360K [0x000000076b800000, 0x00000007b9780000, 0x00000007c0000000)
  eden space 135168K, 100% used [0x000000076b800000,0x0000000773c00000,0x0000000773c00000)
  from space 512K, 37% used [0x00000007b9700000,0x00000007b9730000,0x00000007b9780000)
  to   space 512K, 0% used [0x00000007b9680000,0x00000007b9680000,0x00000007b9700000)
 ParOldGen       total 173568K, used 37397K [0x00000006c2800000, 0x00000006cd180000, 0x000000076b800000)
  object space 173568K, 21% used [0x00000006c2800000,0x00000006c4c855e0,0x00000006cd180000)
 Metaspace       used 8342K, capacity 8710K, committed 8960K, reserved 1056768K
  class space    used 659K, capacity 690K, committed 768K, reserved 1048576K
Event: 64.088 GC heap after
Heap after GC invocations=801 (full 0):
 PSYoungGen      total 131584K, used 224K [0x000000076b800000, 0x00000007b9780000, 0x00000007c0000000)
  eden space 131072K, 0% used [0x000000076b800000,0x000000076b800000,0x0000000773800000)
  from space 512K, 43% used [0x00000007b9680000,0x00000007b96b8000,0x00000007b9700000)
  to   space 512K, 0% used [0x00000007b9700000,0x00000007b9700000,0x00000007b9780000)
 ParOldGen       total 173568K, used 37397K [0x00000006c2800000, 0x00000006cd180000, 0x000000076b800000)
  object space 173568K, 21% used [0x00000006c2800000,0x00000006c4c855e0,0x00000006cd180000)
 Metaspace       used 8342K, capacity 8710K, committed 8960K, reserved 1056768K
  class space    used 659K, capacity 690K, committed 768K, reserved 1048576K
}
Event: 64.160 GC heap before
{Heap before GC invocations=802 (full 0):
 PSYoungGen      total 131584K, used 131296K [0x000000076b800000, 0x00000007b9780000, 0x00000007c0000000)
  eden space 131072K, 100% used [0x000000076b800000,0x0000000773800000,0x0000000773800000)
  from space 512K, 43% used [0x00000007b9680000,0x00000007b96b8000,0x00000007b9700000)
  to   space 512K, 0% used [0x00000007b9700000,0x00000007b9700000,0x00000007b9780000)
 ParOldGen       total 173568K, used 37397K [0x00000006c2800000, 0x00000006cd180000, 0x000000076b800000)
  object space 173568K, 21% used [0x00000006c2800000,0x00000006c4c855e0,0x00000006cd180000)
 Metaspace       used 8342K, capacity 8710K, committed 8960K, reserved 1056768K
  class space    used 659K, capacity 690K, committed 768K, reserved 1048576K
Event: 64.161 GC heap after
Heap after GC invocations=802 (full 0):
 PSYoungGen      total 127488K, used 256K [0x000000076b800000, 0x00000007b9780000, 0x00000007c0000000)
  eden space 126976K, 0% used [0x000000076b800000,0x000000076b800000,0x0000000773400000)
  from space 512K, 50% used [0x00000007b9700000,0x00000007b9740000,0x00000007b9780000)
  to   space 512K, 0% used [0x00000007b9680000,0x00000007b9680000,0x00000007b9700000)
 ParOldGen       total 173568K, used 37397K [0x00000006c2800000, 0x00000006cd180000, 0x000000076b800000)
  object space 173568K, 21% used [0x00000006c2800000,0x00000006c4c855e0,0x00000006cd180000)
 Metaspace       used 8342K, capacity 8710K, committed 8960K, reserved 1056768K
  class space    used 659K, capacity 690K, committed 768K, reserved 1048576K
}

