# JRE version: Java(TM) SE Runtime Environment (8.0_65-b17) (build 1.8.0_65-b17)
# Java VM: Java HotSpot(TM) 64-Bit Server VM (25.65-b01 mixed mode windows-amd64 compressed oops)
Heap:
 PSYoungGen      total 1324032K, used 843487K [0x000000076b800000, 0x00000007bcd00000, 0x00000007c0000000)
  eden space 1316864K, 64% used [0x000000076b800000,0x000000079ef87c08,0x00000007bbe00000)
  from space 7168K, 2% used [0x00000007bc600000,0x00000007bc630000,0x00000007bcd00000)
  to   space 7680K, 0% used [0x00000007bbe00000,0x00000007bbe00000,0x00000007bc580000)
 ParOldGen       total 173568K, used 12327K [0x00000006c2800000, 0x00000006cd180000, 0x000000076b800000)
  object space 173568K, 7% used [0x00000006c2800000,0x00000006c3409c68,0x00000006cd180000)
 Metaspace       used 8339K, capacity 8710K, committed 8960K, reserved 1056768K
  class space    used 660K, capacity 690K, committed 768K, reserved 1048576K
GC Heap History (10 events):
Event: 1.239 GC heap before
{Heap before GC invocations=8 (full 0):
 PSYoungGen      total 262144K, used 262114K [0x000000076b800000, 0x000000078ba00000, 0x00000007c0000000)
  eden space 259584K, 100% used [0x000000076b800000,0x000000077b580000,0x000000077b580000)
  from space 2560K, 98% used [0x000000077b580000,0x000000077b7f8ba0,0x000000077b800000)
  to   space 3584K, 0% used [0x000000078b680000,0x000000078b680000,0x000000078ba00000)
 ParOldGen       total 173568K, used 1103K [0x00000006c2800000, 0x00000006cd180000, 0x000000076b800000)
  object space 173568K, 0% used [0x00000006c2800000,0x00000006c2913c48,0x00000006cd180000)
 Metaspace       used 8227K, capacity 8646K, committed 8960K, reserved 1056768K
  class space    used 655K, capacity 690K, committed 768K, reserved 1048576K
Event: 1.249 GC heap after
Heap after GC invocations=8 (full 0):
 PSYoungGen      total 517632K, used 3560K [0x000000076b800000, 0x000000078c400000, 0x00000007c0000000)
  eden space 514048K, 0% used [0x000000076b800000,0x000000076b800000,0x000000078ae00000)
  from space 3584K, 99% used [0x000000078b680000,0x000000078b9fa1e0,0x000000078ba00000)
  to   space 8704K, 0% used [0x000000078ae00000,0x000000078ae00000,0x000000078b680000)
 ParOldGen       total 173568K, used 10983K [0x00000006c2800000, 0x00000006cd180000, 0x000000076b800000)
  object space 173568K, 6% used [0x00000006c2800000,0x00000006c32b9c48,0x00000006cd180000)
 Metaspace       used 8227K, capacity 8646K, committed 8960K, reserved 1056768K
  class space    used 655K, capacity 690K, committed 768K, reserved 1048576K
}
Event: 1.608 GC heap before
{Heap before GC invocations=9 (full 0):
 PSYoungGen      total 517632K, used 517608K [0x000000076b800000, 0x000000078c400000, 0x00000007c0000000)
  eden space 514048K, 100% used [0x000000076b800000,0x000000078ae00000,0x000000078ae00000)
  from space 3584K, 99% used [0x000000078b680000,0x000000078b9fa1e0,0x000000078ba00000)
  to   space 8704K, 0% used [0x000000078ae00000,0x000000078ae00000,0x000000078b680000)
 ParOldGen       total 173568K, used 10983K [0x00000006c2800000, 0x00000006cd180000, 0x000000076b800000)
  object space 173568K, 6% used [0x00000006c2800000,0x00000006c32b9c48,0x00000006cd180000)
 Metaspace       used 8285K, capacity 8710K, committed 8960K, reserved 1056768K
  class space    used 660K, capacity 690K, committed 768K, reserved 1048576K
Event: 1.610 GC heap after
Heap after GC invocations=9 (full 0):
 PSYoungGen      total 522752K, used 1024K [0x000000076b800000, 0x000000079eb80000, 0x00000007c0000000)
  eden space 514048K, 0% used [0x000000076b800000,0x000000076b800000,0x000000078ae00000)
  from space 8704K, 11% used [0x000000078ae00000,0x000000078af00000,0x000000078b680000)
  to   space 8192K, 0% used [0x000000079e380000,0x000000079e380000,0x000000079eb80000)
 ParOldGen       total 173568K, used 11359K [0x00000006c2800000, 0x00000006cd180000, 0x000000076b800000)
  object space 173568K, 6% used [0x00000006c2800000,0x00000006c3317c48,0x00000006cd180000)
 Metaspace       used 8285K, capacity 8710K, committed 8960K, reserved 1056768K
  class space    used 660K, capacity 690K, committed 768K, reserved 1048576K
}
Event: 1.970 GC heap before
{Heap before GC invocations=10 (full 0):
 PSYoungGen      total 522752K, used 515072K [0x000000076b800000, 0x000000079eb80000, 0x00000007c0000000)
  eden space 514048K, 100% used [0x000000076b800000,0x000000078ae00000,0x000000078ae00000)
  from space 8704K, 11% used [0x000000078ae00000,0x000000078af00000,0x000000078b680000)
  to   space 8192K, 0% used [0x000000079e380000,0x000000079e380000,0x000000079eb80000)
 ParOldGen       total 173568K, used 11359K [0x00000006c2800000, 0x00000006cd180000, 0x000000076b800000)
  object space 173568K, 6% used [0x00000006c2800000,0x00000006c3317c48,0x00000006cd180000)
 Metaspace       used 8294K, capacity 8710K, committed 8960K, reserved 1056768K
  class space    used 660K, capacity 690K, committed 768K, reserved 1048576K
Event: 1.972 GC heap after
Heap after GC invocations=10 (full 0):
 PSYoungGen      total 830976K, used 256K [0x000000076b800000, 0x000000079eb80000, 0x00000007c0000000)
  eden space 822784K, 0% used [0x000000076b800000,0x000000076b800000,0x000000079db80000)
  from space 8192K, 3% used [0x000000079e380000,0x000000079e3c0000,0x000000079eb80000)
  to   space 8192K, 0% used [0x000000079db80000,0x000000079db80000,0x000000079e380000)
 ParOldGen       total 173568K, used 12231K [0x00000006c2800000, 0x00000006cd180000, 0x000000076b800000)
  object space 173568K, 7% used [0x00000006c2800000,0x00000006c33f1c68,0x00000006cd180000)
 Metaspace       used 8294K, capacity 8710K, committed 8960K, reserved 1056768K
  class space    used 660K, capacity 690K, committed 768K, reserved 1048576K
}
Event: 2.576 GC heap before
{Heap before GC invocations=11 (full 0):
 PSYoungGen      total 830976K, used 823040K [0x000000076b800000, 0x000000079eb80000, 0x00000007c0000000)
  eden space 822784K, 100% used [0x000000076b800000,0x000000079db80000,0x000000079db80000)
  from space 8192K, 3% used [0x000000079e380000,0x000000079e3c0000,0x000000079eb80000)
  to   space 8192K, 0% used [0x000000079db80000,0x000000079db80000,0x000000079e380000)
 ParOldGen       total 173568K, used 12231K [0x00000006c2800000, 0x00000006cd180000, 0x000000076b800000)
  object space 173568K, 7% used [0x00000006c2800000,0x00000006c33f1c68,0x00000006cd180000)
 Metaspace       used 8321K, capacity 8710K, committed 8960K, reserved 1056768K
  class space    used 660K, capacity 690K, committed 768K, reserved 1048576K
Event: 2.577 GC heap after
Heap after GC invocations=11 (full 0):
 PSYoungGen      total 830976K, used 192K [0x000000076b800000, 0x00000007bce00000, 0x00000007c0000000)
  eden space 822784K, 0% used [0x000000076b800000,0x000000076b800000,0x000000079db80000)
  from space 8192K, 2% used [0x000000079db80000,0x000000079dbb0000,0x000000079e380000)
  to   space 8192K, 0% used [0x00000007bc600000,0x00000007bc600000,0x00000007bce00000)
 ParOldGen       total 173568K, used 12295K [0x00000006c2800000, 0x00000006cd180000, 0x000000076b800000)
  object space 173568K, 7% used [0x00000006c2800000,0x00000006c3401c68,0x00000006cd180000)
 Metaspace       used 8321K, capacity 8710K, committed 8960K, reserved 1056768K
  class space    used 660K, capacity 690K, committed 768K, reserved 1048576K
}
Event: 3.165 GC heap before
{Heap before GC invocations=12 (full 0):
 PSYoungGen      total 830976K, used 822976K [0x000000076b800000, 0x00000007bce00000, 0x00000007c0000000)
  eden space 822784K, 100% used [0x000000076b800000,0x000000079db80000,0x000000079db80000)
  from space 8192K, 2% used [0x000000079db80000,0x000000079dbb0000,0x000000079e380000)
  to   space 8192K, 0% used [0x00000007bc600000,0x00000007bc600000,0x00000007bce00000)
 ParOldGen       total 173568K, used 12295K [0x00000006c2800000, 0x00000006cd180000, 0x000000076b800000)
  object space 173568K, 7% used [0x00000006c2800000,0x00000006c3401c68,0x00000006cd180000)
 Metaspace       used 8329K, capacity 8710K, committed 8960K, reserved 1056768K
  class space    used 660K, capacity 690K, committed 768K, reserved 1048576K
Event: 3.166 GC heap after
Heap after GC invocations=12 (full 0):
 PSYoungGen      total 1324032K, used 192K [0x000000076b800000, 0x00000007bcd00000, 0x00000007c0000000)
  eden space 1316864K, 0% used [0x000000076b800000,0x000000076b800000,0x00000007bbe00000)
  from space 7168K, 2% used [0x00000007bc600000,0x00000007bc630000,0x00000007bcd00000)
  to   space 7680K, 0% used [0x00000007bbe00000,0x00000007bbe00000,0x00000007bc580000)
 ParOldGen       total 173568K, used 12327K [0x00000006c2800000, 0x00000006cd180000, 0x000000076b800000)
  object space 173568K, 7% used [0x00000006c2800000,0x00000006c3409c68,0x00000006cd180000)
 Metaspace       used 8329K, capacity 8710K, committed 8960K, reserved 1056768K
  class space    used 660K, capacity 690K, committed 768K, reserved 1048576K
}

