# JRE version: Java(TM) SE Runtime Environment (8.0_65-b17) (build 1.8.0_65-b17)
# Java VM: Java HotSpot(TM) 64-Bit Server VM (25.65-b01 mixed mode windows-amd64 compressed oops)
Heap:
 PSYoungGen      total 1149440K, used 478494K [0x000000076b800000, 0x00000007bc300000, 0x00000007c0000000)
  eden space 1142272K, 41% used [0x000000076b800000,0x0000000788b0fb08,0x00000007b1380000)
  from space 7168K, 3% used [0x00000007bb500000,0x00000007bb538000,0x00000007bbc00000)
  to   space 7168K, 0% used [0x00000007bbc00000,0x00000007bbc00000,0x00000007bc300000)
 ParOldGen       total 173568K, used 12389K [0x00000006c2800000, 0x00000006cd180000, 0x000000076b800000)
  object space 173568K, 7% used [0x00000006c2800000,0x00000006c3419510,0x00000006cd180000)
 Metaspace       used 8343K, capacity 8710K, committed 8960K, reserved 1056768K
  class space    used 660K, capacity 690K, committed 768K, reserved 1048576K
GC Heap History (10 events):
Event: 2.652 GC heap before
{Heap before GC invocations=11 (full 0):
 PSYoungGen      total 833536K, used 825568K [0x000000076b800000, 0x000000079ee00000, 0x00000007c0000000)
  eden space 825344K, 100% used [0x000000076b800000,0x000000079de00000,0x000000079de00000)
  from space 8192K, 2% used [0x000000079e600000,0x000000079e638000,0x000000079ee00000)
  to   space 8192K, 0% used [0x000000079de00000,0x000000079de00000,0x000000079e600000)
 ParOldGen       total 173568K, used 12277K [0x00000006c2800000, 0x00000006cd180000, 0x000000076b800000)
  object space 173568K, 7% used [0x00000006c2800000,0x00000006c33fd510,0x00000006cd180000)
 Metaspace       used 8307K, capacity 8710K, committed 8960K, reserved 1056768K
  class space    used 660K, capacity 690K, committed 768K, reserved 1048576K
Event: 2.653 GC heap after
Heap after GC invocations=11 (full 0):
 PSYoungGen      total 833536K, used 192K [0x000000076b800000, 0x00000007bd100000, 0x00000007c0000000)
  eden space 825344K, 0% used [0x000000076b800000,0x000000076b800000,0x000000079de00000)
  from space 8192K, 2% used [0x000000079de00000,0x000000079de30000,0x000000079e600000)
  to   space 7680K, 0% used [0x00000007bc980000,0x00000007bc980000,0x00000007bd100000)
 ParOldGen       total 173568K, used 12333K [0x00000006c2800000, 0x00000006cd180000, 0x000000076b800000)
  object space 173568K, 7% used [0x00000006c2800000,0x00000006c340b510,0x00000006cd180000)
 Metaspace       used 8307K, capacity 8710K, committed 8960K, reserved 1056768K
  class space    used 660K, capacity 690K, committed 768K, reserved 1048576K
}
Event: 3.278 GC heap before
{Heap before GC invocations=12 (full 0):
 PSYoungGen      total 833536K, used 825536K [0x000000076b800000, 0x00000007bd100000, 0x00000007c0000000)
  eden space 825344K, 100% used [0x000000076b800000,0x000000079de00000,0x000000079de00000)
  from space 8192K, 2% used [0x000000079de00000,0x000000079de30000,0x000000079e600000)
  to   space 7680K, 0% used [0x00000007bc980000,0x00000007bc980000,0x00000007bd100000)
 ParOldGen       total 173568K, used 12333K [0x00000006c2800000, 0x00000006cd180000, 0x000000076b800000)
  object space 173568K, 7% used [0x00000006c2800000,0x00000006c340b510,0x00000006cd180000)
 Metaspace       used 8325K, capacity 8710K, committed 8960K, reserved 1056768K
  class space    used 660K, capacity 690K, committed 768K, reserved 1048576K
Event: 3.278 GC heap after
Heap after GC invocations=12 (full 0):
 PSYoungGen      total 1328640K, used 224K [0x000000076b800000, 0x00000007bd100000, 0x00000007c0000000)
  eden space 1320960K, 0% used [0x000000076b800000,0x000000076b800000,0x00000007bc200000)
  from space 7680K, 2% used [0x00000007bc980000,0x00000007bc9b8000,0x00000007bd100000)
  to   space 7680K, 0% used [0x00000007bc200000,0x00000007bc200000,0x00000007bc980000)
 ParOldGen       total 173568K, used 12341K [0x00000006c2800000, 0x00000006cd180000, 0x000000076b800000)
  object space 173568K, 7% used [0x00000006c2800000,0x00000006c340d510,0x00000006cd180000)
 Metaspace       used 8325K, capacity 8710K, committed 8960K, reserved 1056768K
  class space    used 660K, capacity 690K, committed 768K, reserved 1048576K
}
Event: 4.280 GC heap before
{Heap before GC invocations=13 (full 0):
 PSYoungGen      total 1328640K, used 1321184K [0x000000076b800000, 0x00000007bd100000, 0x00000007c0000000)
  eden space 1320960K, 100% used [0x000000076b800000,0x00000007bc200000,0x00000007bc200000)
  from space 7680K, 2% used [0x00000007bc980000,0x00000007bc9b8000,0x00000007bd100000)
  to   space 7680K, 0% used [0x00000007bc200000,0x00000007bc200000,0x00000007bc980000)
 ParOldGen       total 173568K, used 12341K [0x00000006c2800000, 0x00000006cd180000, 0x000000076b800000)
  object space 173568K, 7% used [0x00000006c2800000,0x00000006c340d510,0x00000006cd180000)
 Metaspace       used 8333K, capacity 8710K, committed 8960K, reserved 1056768K
  class space    used 660K, capacity 690K, committed 768K, reserved 1048576K
Event: 4.281 GC heap after
Heap after GC invocations=13 (full 0):
 PSYoungGen      total 1259008K, used 160K [0x000000076b800000, 0x00000007bca00000, 0x00000007c0000000)
  eden space 1258496K, 0% used [0x000000076b800000,0x000000076b800000,0x00000007b8500000)
  from space 512K, 31% used [0x00000007bc200000,0x00000007bc228000,0x00000007bc280000)
  to   space 7680K, 0% used [0x00000007bc280000,0x00000007bc280000,0x00000007bca00000)
 ParOldGen       total 173568K, used 12365K [0x00000006c2800000, 0x00000006cd180000, 0x000000076b800000)
  object space 173568K, 7% used [0x00000006c2800000,0x00000006c3413510,0x00000006cd180000)
 Metaspace       used 8333K, capacity 8710K, committed 8960K, reserved 1056768K
  class space    used 660K, capacity 690K, committed 768K, reserved 1048576K
}
Event: 5.222 GC heap before
{Heap before GC invocations=14 (full 0):
 PSYoungGen      total 1259008K, used 1258656K [0x000000076b800000, 0x00000007bca00000, 0x00000007c0000000)
  eden space 1258496K, 100% used [0x000000076b800000,0x00000007b8500000,0x00000007b8500000)
  from space 512K, 31% used [0x00000007bc200000,0x00000007bc228000,0x00000007bc280000)
  to   space 7680K, 0% used [0x00000007bc280000,0x00000007bc280000,0x00000007bca00000)
 ParOldGen       total 173568K, used 12365K [0x00000006c2800000, 0x00000006cd180000, 0x000000076b800000)
  object space 173568K, 7% used [0x00000006c2800000,0x00000006c3413510,0x00000006cd180000)
 Metaspace       used 8336K, capacity 8710K, committed 8960K, reserved 1056768K
  class space    used 660K, capacity 690K, committed 768K, reserved 1048576K
Event: 5.223 GC heap after
Heap after GC invocations=14 (full 0):
 PSYoungGen      total 1199616K, used 224K [0x000000076b800000, 0x00000007bc300000, 0x00000007c0000000)
  eden space 1199104K, 0% used [0x000000076b800000,0x000000076b800000,0x00000007b4b00000)
  from space 512K, 43% used [0x00000007bc280000,0x00000007bc2b8000,0x00000007bc300000)
  to   space 7168K, 0% used [0x00000007bb500000,0x00000007bb500000,0x00000007bbc00000)
 ParOldGen       total 173568K, used 12389K [0x00000006c2800000, 0x00000006cd180000, 0x000000076b800000)
  object space 173568K, 7% used [0x00000006c2800000,0x00000006c3419510,0x00000006cd180000)
 Metaspace       used 8336K, capacity 8710K, committed 8960K, reserved 1056768K
  class space    used 660K, capacity 690K, committed 768K, reserved 1048576K
}
Event: 6.194 GC heap before
{Heap before GC invocations=15 (full 0):
 PSYoungGen      total 1199616K, used 1199328K [0x000000076b800000, 0x00000007bc300000, 0x00000007c0000000)
  eden space 1199104K, 100% used [0x000000076b800000,0x00000007b4b00000,0x00000007b4b00000)
  from space 512K, 43% used [0x00000007bc280000,0x00000007bc2b8000,0x00000007bc300000)
  to   space 7168K, 0% used [0x00000007bb500000,0x00000007bb500000,0x00000007bbc00000)
 ParOldGen       total 173568K, used 12389K [0x00000006c2800000, 0x00000006cd180000, 0x000000076b800000)
  object space 173568K, 7% used [0x00000006c2800000,0x00000006c3419510,0x00000006cd180000)
 Metaspace       used 8343K, capacity 8710K, committed 8960K, reserved 1056768K
  class space    used 660K, capacity 690K, committed 768K, reserved 1048576K
Event: 6.195 GC heap after
Heap after GC invocations=15 (full 0):
 PSYoungGen      total 1149440K, used 224K [0x000000076b800000, 0x00000007bc300000, 0x00000007c0000000)
  eden space 1142272K, 0% used [0x000000076b800000,0x000000076b800000,0x00000007b1380000)
  from space 7168K, 3% used [0x00000007bb500000,0x00000007bb538000,0x00000007bbc00000)
  to   space 7168K, 0% used [0x00000007bbc00000,0x00000007bbc00000,0x00000007bc300000)
 ParOldGen       total 173568K, used 12389K [0x00000006c2800000, 0x00000006cd180000, 0x000000076b800000)
  object space 173568K, 7% used [0x00000006c2800000,0x00000006c3419510,0x00000006cd180000)
 Metaspace       used 8343K, capacity 8710K, committed 8960K, reserved 1056768K
  class space    used 660K, capacity 690K, committed 768K, reserved 1048576K
}

