# JRE version: Java(TM) SE Runtime Environment (8.0_65-b17) (build 1.8.0_65-b17)
# Java VM: Java HotSpot(TM) 64-Bit Server VM (25.65-b01 mixed mode windows-amd64 compressed oops)
Heap:
 PSYoungGen      total 980480K, used 88291K [0x000000076b800000, 0x00000007ba680000, 0x00000007c0000000)
  eden space 979968K, 8% used [0x000000076b800000,0x0000000770e00f98,0x00000007a7500000)
  from space 512K, 43% used [0x00000007ba600000,0x00000007ba638000,0x00000007ba680000)
  to   space 8192K, 0% used [0x00000007b9680000,0x00000007b9680000,0x00000007b9e80000)
 ParOldGen       total 173568K, used 19647K [0x00000006c2800000, 0x00000006cd180000, 0x000000076b800000)
  object space 173568K, 11% used [0x00000006c2800000,0x00000006c3b2ff48,0x00000006cd180000)
 Metaspace       used 8348K, capacity 8710K, committed 8960K, reserved 1056768K
  class space    used 658K, capacity 690K, committed 768K, reserved 1048576K
GC Heap History (10 events):
Event: 5.214 GC heap before
{Heap before GC invocations=14 (full 0):
 PSYoungGen      total 1247232K, used 1246944K [0x000000076b800000, 0x00000007bc100000, 0x00000007c0000000)
  eden space 1246720K, 100% used [0x000000076b800000,0x00000007b7980000,0x00000007b7980000)
  from space 512K, 43% used [0x00000007bb600000,0x00000007bb638000,0x00000007bb680000)
  to   space 10240K, 0% used [0x00000007bb700000,0x00000007bb700000,0x00000007bc100000)
 ParOldGen       total 173568K, used 19615K [0x00000006c2800000, 0x00000006cd180000, 0x000000076b800000)
  object space 173568K, 11% used [0x00000006c2800000,0x00000006c3b27f48,0x00000006cd180000)
 Metaspace       used 8318K, capacity 8710K, committed 8960K, reserved 1056768K
  class space    used 658K, capacity 690K, committed 768K, reserved 1048576K
Event: 5.215 GC heap after
Heap after GC invocations=14 (full 0):
 PSYoungGen      total 1188352K, used 224K [0x000000076b800000, 0x00000007bb780000, 0x00000007c0000000)
  eden space 1187840K, 0% used [0x000000076b800000,0x000000076b800000,0x00000007b4000000)
  from space 512K, 43% used [0x00000007bb700000,0x00000007bb738000,0x00000007bb780000)
  to   space 9728K, 0% used [0x00000007ba480000,0x00000007ba480000,0x00000007bae00000)
 ParOldGen       total 173568K, used 19615K [0x00000006c2800000, 0x00000006cd180000, 0x000000076b800000)
  object space 173568K, 11% used [0x00000006c2800000,0x00000006c3b27f48,0x00000006cd180000)
 Metaspace       used 8318K, capacity 8710K, committed 8960K, reserved 1056768K
  class space    used 658K, capacity 690K, committed 768K, reserved 1048576K
}
Event: 6.236 GC heap before
{Heap before GC invocations=15 (full 0):
 PSYoungGen      total 1188352K, used 1188064K [0x000000076b800000, 0x00000007bb780000, 0x00000007c0000000)
  eden space 1187840K, 100% used [0x000000076b800000,0x00000007b4000000,0x00000007b4000000)
  from space 512K, 43% used [0x00000007bb700000,0x00000007bb738000,0x00000007bb780000)
  to   space 9728K, 0% used [0x00000007ba480000,0x00000007ba480000,0x00000007bae00000)
 ParOldGen       total 173568K, used 19615K [0x00000006c2800000, 0x00000006cd180000, 0x000000076b800000)
  object space 173568K, 11% used [0x00000006c2800000,0x00000006c3b27f48,0x00000006cd180000)
 Metaspace       used 8328K, capacity 8710K, committed 8960K, reserved 1056768K
  class space    used 658K, capacity 690K, committed 768K, reserved 1048576K
Event: 6.237 GC heap after
Heap after GC invocations=15 (full 0):
 PSYoungGen      total 1141760K, used 160K [0x000000076b800000, 0x00000007bb780000, 0x00000007c0000000)
  eden space 1132032K, 0% used [0x000000076b800000,0x000000076b800000,0x00000007b0980000)
  from space 9728K, 1% used [0x00000007ba480000,0x00000007ba4a8000,0x00000007bae00000)
  to   space 9728K, 0% used [0x00000007bae00000,0x00000007bae00000,0x00000007bb780000)
 ParOldGen       total 173568K, used 19615K [0x00000006c2800000, 0x00000006cd180000, 0x000000076b800000)
  object space 173568K, 11% used [0x00000006c2800000,0x00000006c3b27f48,0x00000006cd180000)
 Metaspace       used 8328K, capacity 8710K, committed 8960K, reserved 1056768K
  class space    used 658K, capacity 690K, committed 768K, reserved 1048576K
}
Event: 7.122 GC heap before
{Heap before GC invocations=16 (full 0):
 PSYoungGen      total 1141760K, used 1132192K [0x000000076b800000, 0x00000007bb780000, 0x00000007c0000000)
  eden space 1132032K, 100% used [0x000000076b800000,0x00000007b0980000,0x00000007b0980000)
  from space 9728K, 1% used [0x00000007ba480000,0x00000007ba4a8000,0x00000007bae00000)
  to   space 9728K, 0% used [0x00000007bae00000,0x00000007bae00000,0x00000007bb780000)
 ParOldGen       total 173568K, used 19615K [0x00000006c2800000, 0x00000006cd180000, 0x000000076b800000)
  object space 173568K, 11% used [0x00000006c2800000,0x00000006c3b27f48,0x00000006cd180000)
 Metaspace       used 8339K, capacity 8710K, committed 8960K, reserved 1056768K
  class space    used 658K, capacity 690K, committed 768K, reserved 1048576K
Event: 7.123 GC heap after
Heap after GC invocations=16 (full 0):
 PSYoungGen      total 1079296K, used 160K [0x000000076b800000, 0x00000007bae80000, 0x00000007c0000000)
  eden space 1078784K, 0% used [0x000000076b800000,0x000000076b800000,0x00000007ad580000)
  from space 512K, 31% used [0x00000007bae00000,0x00000007bae28000,0x00000007bae80000)
  to   space 9216K, 0% used [0x00000007b9c80000,0x00000007b9c80000,0x00000007ba580000)
 ParOldGen       total 173568K, used 19615K [0x00000006c2800000, 0x00000006cd180000, 0x000000076b800000)
  object space 173568K, 11% used [0x00000006c2800000,0x00000006c3b27f48,0x00000006cd180000)
 Metaspace       used 8339K, capacity 8710K, committed 8960K, reserved 1056768K
  class space    used 658K, capacity 690K, committed 768K, reserved 1048576K
}
Event: 7.967 GC heap before
{Heap before GC invocations=17 (full 0):
 PSYoungGen      total 1079296K, used 1078944K [0x000000076b800000, 0x00000007bae80000, 0x00000007c0000000)
  eden space 1078784K, 100% used [0x000000076b800000,0x00000007ad580000,0x00000007ad580000)
  from space 512K, 31% used [0x00000007bae00000,0x00000007bae28000,0x00000007bae80000)
  to   space 9216K, 0% used [0x00000007b9c80000,0x00000007b9c80000,0x00000007ba580000)
 ParOldGen       total 173568K, used 19615K [0x00000006c2800000, 0x00000006cd180000, 0x000000076b800000)
  object space 173568K, 11% used [0x00000006c2800000,0x00000006c3b27f48,0x00000006cd180000)
 Metaspace       used 8348K, capacity 8710K, committed 8960K, reserved 1056768K
  class space    used 658K, capacity 690K, committed 768K, reserved 1048576K
Event: 7.967 GC heap after
Heap after GC invocations=17 (full 0):
 PSYoungGen      total 1037312K, used 192K [0x000000076b800000, 0x00000007bae80000, 0x00000007c0000000)
  eden space 1028096K, 0% used [0x000000076b800000,0x000000076b800000,0x00000007aa400000)
  from space 9216K, 2% used [0x00000007b9c80000,0x00000007b9cb0000,0x00000007ba580000)
  to   space 8704K, 0% used [0x00000007ba600000,0x00000007ba600000,0x00000007bae80000)
 ParOldGen       total 173568K, used 19623K [0x00000006c2800000, 0x00000006cd180000, 0x000000076b800000)
  object space 173568K, 11% used [0x00000006c2800000,0x00000006c3b29f48,0x00000006cd180000)
 Metaspace       used 8348K, capacity 8710K, committed 8960K, reserved 1056768K
  class space    used 658K, capacity 690K, committed 768K, reserved 1048576K
}
Event: 8.859 GC heap before
{Heap before GC invocations=18 (full 0):
 PSYoungGen      total 1037312K, used 1028288K [0x000000076b800000, 0x00000007bae80000, 0x00000007c0000000)
  eden space 1028096K, 100% used [0x000000076b800000,0x00000007aa400000,0x00000007aa400000)
  from space 9216K, 2% used [0x00000007b9c80000,0x00000007b9cb0000,0x00000007ba580000)
  to   space 8704K, 0% used [0x00000007ba600000,0x00000007ba600000,0x00000007bae80000)
 ParOldGen       total 173568K, used 19623K [0x00000006c2800000, 0x00000006cd180000, 0x000000076b800000)
  object space 173568K, 11% used [0x00000006c2800000,0x00000006c3b29f48,0x00000006cd180000)
 Metaspace       used 8348K, capacity 8710K, committed 8960K, reserved 1056768K
  class space    used 658K, capacity 690K, committed 768K, reserved 1048576K
Event: 8.860 GC heap after
Heap after GC invocations=18 (full 0):
 PSYoungGen      total 980480K, used 224K [0x000000076b800000, 0x00000007ba680000, 0x00000007c0000000)
  eden space 979968K, 0% used [0x000000076b800000,0x000000076b800000,0x00000007a7500000)
  from space 512K, 43% used [0x00000007ba600000,0x00000007ba638000,0x00000007ba680000)
  to   space 8192K, 0% used [0x00000007b9680000,0x00000007b9680000,0x00000007b9e80000)
 ParOldGen       total 173568K, used 19647K [0x00000006c2800000, 0x00000006cd180000, 0x000000076b800000)
  object space 173568K, 11% used [0x00000006c2800000,0x00000006c3b2ff48,0x00000006cd180000)
 Metaspace       used 8348K, capacity 8710K, committed 8960K, reserved 1056768K
  class space    used 658K, capacity 690K, committed 768K, reserved 1048576K
}

