# JRE version: Java(TM) SE Runtime Environment (8.0_65-b17) (build 1.8.0_65-b17)
# Java VM: Java HotSpot(TM) 64-Bit Server VM (25.65-b01 mixed mode windows-amd64 compressed oops)
Heap:
 PSYoungGen      total 583680K, used 372682K [0x000000076b800000, 0x00000007a7980000, 0x00000007c0000000)
  eden space 583168K, 63% used [0x000000076b800000,0x00000007823c2a10,0x000000078f180000)
  from space 512K, 37% used [0x00000007a7900000,0x00000007a7930000,0x00000007a7980000)
  to   space 7168K, 0% used [0x00000007a6b80000,0x00000007a6b80000,0x00000007a7280000)
 ParOldGen       total 173568K, used 21472K [0x00000006c2800000, 0x00000006cd180000, 0x000000076b800000)
  object space 173568K, 12% used [0x00000006c2800000,0x00000006c3cf8078,0x00000006cd180000)
 Metaspace       used 8395K, capacity 8774K, committed 8960K, reserved 1056768K
  class space    used 661K, capacity 690K, committed 768K, reserved 1048576K
GC Heap History (10 events):
Event: 1.934 GC heap before
{Heap before GC invocations=12 (full 0):
 PSYoungGen      total 260096K, used 260075K [0x000000076b800000, 0x0000000783680000, 0x00000007c0000000)
  eden space 258048K, 100% used [0x000000076b800000,0x000000077b400000,0x000000077b400000)
  from space 2048K, 99% used [0x000000077b400000,0x000000077b5fae90,0x000000077b600000)
  to   space 3584K, 0% used [0x0000000783300000,0x0000000783300000,0x0000000783680000)
 ParOldGen       total 173568K, used 5824K [0x00000006c2800000, 0x00000006cd180000, 0x000000076b800000)
  object space 173568K, 3% used [0x00000006c2800000,0x00000006c2db03b8,0x00000006cd180000)
 Metaspace       used 8225K, capacity 8646K, committed 8960K, reserved 1056768K
  class space    used 654K, capacity 690K, committed 768K, reserved 1048576K
Event: 1.941 GC heap after
Heap after GC invocations=12 (full 0):
 PSYoungGen      total 385024K, used 3573K [0x000000076b800000, 0x0000000785880000, 0x00000007c0000000)
  eden space 381440K, 0% used [0x000000076b800000,0x000000076b800000,0x0000000782c80000)
  from space 3584K, 99% used [0x0000000783300000,0x000000078367d7a0,0x0000000783680000)
  to   space 6656K, 0% used [0x0000000782c80000,0x0000000782c80000,0x0000000783300000)
 ParOldGen       total 173568K, used 12434K [0x00000006c2800000, 0x00000006cd180000, 0x000000076b800000)
  object space 173568K, 7% used [0x00000006c2800000,0x00000006c34248d8,0x00000006cd180000)
 Metaspace       used 8225K, capacity 8646K, committed 8960K, reserved 1056768K
  class space    used 654K, capacity 690K, committed 768K, reserved 1048576K
}
Event: 2.293 GC heap before
{Heap before GC invocations=13 (full 0):
 PSYoungGen      total 385024K, used 385013K [0x000000076b800000, 0x0000000785880000, 0x00000007c0000000)
  eden space 381440K, 100% used [0x000000076b800000,0x0000000782c80000,0x0000000782c80000)
  from space 3584K, 99% used [0x0000000783300000,0x000000078367d7a0,0x0000000783680000)
  to   space 6656K, 0% used [0x0000000782c80000,0x0000000782c80000,0x0000000783300000)
 ParOldGen       total 173568K, used 12434K [0x00000006c2800000, 0x00000006cd180000, 0x000000076b800000)
  object space 173568K, 7% used [0x00000006c2800000,0x00000006c34248d8,0x00000006cd180000)
 Metaspace       used 8291K, capacity 8646K, committed 8960K, reserved 1056768K
  class space    used 656K, capacity 690K, committed 768K, reserved 1048576K
Event: 2.299 GC heap after
Heap after GC invocations=13 (full 0):
 PSYoungGen      total 388096K, used 5472K [0x000000076b800000, 0x0000000791a00000, 0x00000007c0000000)
  eden space 381440K, 0% used [0x000000076b800000,0x000000076b800000,0x0000000782c80000)
  from space 6656K, 82% used [0x0000000782c80000,0x00000007831d8000,0x0000000783300000)
  to   space 7168K, 0% used [0x0000000791300000,0x0000000791300000,0x0000000791a00000)
 ParOldGen       total 173568K, used 16048K [0x00000006c2800000, 0x00000006cd180000, 0x000000076b800000)
  object space 173568K, 9% used [0x00000006c2800000,0x00000006c37ac078,0x00000006cd180000)
 Metaspace       used 8291K, capacity 8646K, committed 8960K, reserved 1056768K
  class space    used 656K, capacity 690K, committed 768K, reserved 1048576K
}
Event: 2.613 GC heap before
{Heap before GC invocations=14 (full 0):
 PSYoungGen      total 388096K, used 386912K [0x000000076b800000, 0x0000000791a00000, 0x00000007c0000000)
  eden space 381440K, 100% used [0x000000076b800000,0x0000000782c80000,0x0000000782c80000)
  from space 6656K, 82% used [0x0000000782c80000,0x00000007831d8000,0x0000000783300000)
  to   space 7168K, 0% used [0x0000000791300000,0x0000000791300000,0x0000000791a00000)
 ParOldGen       total 173568K, used 16048K [0x00000006c2800000, 0x00000006cd180000, 0x000000076b800000)
  object space 173568K, 9% used [0x00000006c2800000,0x00000006c37ac078,0x00000006cd180000)
 Metaspace       used 8364K, capacity 8710K, committed 8960K, reserved 1056768K
  class space    used 661K, capacity 690K, committed 768K, reserved 1048576K
Event: 2.618 GC heap after
Heap after GC invocations=14 (full 0):
 PSYoungGen      total 617472K, used 128K [0x000000076b800000, 0x0000000791a00000, 0x00000007c0000000)
  eden space 610304K, 0% used [0x000000076b800000,0x000000076b800000,0x0000000790c00000)
  from space 7168K, 1% used [0x0000000791300000,0x0000000791320000,0x0000000791a00000)
  to   space 7168K, 0% used [0x0000000790c00000,0x0000000790c00000,0x0000000791300000)
 ParOldGen       total 173568K, used 21384K [0x00000006c2800000, 0x00000006cd180000, 0x000000076b800000)
  object space 173568K, 12% used [0x00000006c2800000,0x00000006c3ce2078,0x00000006cd180000)
 Metaspace       used 8364K, capacity 8710K, committed 8960K, reserved 1056768K
  class space    used 661K, capacity 690K, committed 768K, reserved 1048576K
}
Event: 3.046 GC heap before
{Heap before GC invocations=15 (full 0):
 PSYoungGen      total 617472K, used 610432K [0x000000076b800000, 0x0000000791a00000, 0x00000007c0000000)
  eden space 610304K, 100% used [0x000000076b800000,0x0000000790c00000,0x0000000790c00000)
  from space 7168K, 1% used [0x0000000791300000,0x0000000791320000,0x0000000791a00000)
  to   space 7168K, 0% used [0x0000000790c00000,0x0000000790c00000,0x0000000791300000)
 ParOldGen       total 173568K, used 21384K [0x00000006c2800000, 0x00000006cd180000, 0x000000076b800000)
  object space 173568K, 12% used [0x00000006c2800000,0x00000006c3ce2078,0x00000006cd180000)
 Metaspace       used 8377K, capacity 8710K, committed 8960K, reserved 1056768K
  class space    used 661K, capacity 690K, committed 768K, reserved 1048576K
Event: 3.047 GC heap after
Heap after GC invocations=15 (full 0):
 PSYoungGen      total 617472K, used 224K [0x000000076b800000, 0x00000007a8000000, 0x00000007c0000000)
  eden space 610304K, 0% used [0x000000076b800000,0x000000076b800000,0x0000000790c00000)
  from space 7168K, 3% used [0x0000000790c00000,0x0000000790c38000,0x0000000791300000)
  to   space 7168K, 0% used [0x00000007a7900000,0x00000007a7900000,0x00000007a8000000)
 ParOldGen       total 173568K, used 21448K [0x00000006c2800000, 0x00000006cd180000, 0x000000076b800000)
  object space 173568K, 12% used [0x00000006c2800000,0x00000006c3cf2078,0x00000006cd180000)
 Metaspace       used 8377K, capacity 8710K, committed 8960K, reserved 1056768K
  class space    used 661K, capacity 690K, committed 768K, reserved 1048576K
}
Event: 3.614 GC heap before
{Heap before GC invocations=16 (full 0):
 PSYoungGen      total 617472K, used 610528K [0x000000076b800000, 0x00000007a8000000, 0x00000007c0000000)
  eden space 610304K, 100% used [0x000000076b800000,0x0000000790c00000,0x0000000790c00000)
  from space 7168K, 3% used [0x0000000790c00000,0x0000000790c38000,0x0000000791300000)
  to   space 7168K, 0% used [0x00000007a7900000,0x00000007a7900000,0x00000007a8000000)
 ParOldGen       total 173568K, used 21448K [0x00000006c2800000, 0x00000006cd180000, 0x000000076b800000)
  object space 173568K, 12% used [0x00000006c2800000,0x00000006c3cf2078,0x00000006cd180000)
 Metaspace       used 8395K, capacity 8774K, committed 8960K, reserved 1056768K
  class space    used 661K, capacity 690K, committed 768K, reserved 1048576K
Event: 3.614 GC heap after
Heap after GC invocations=16 (full 0):
 PSYoungGen      total 583680K, used 192K [0x000000076b800000, 0x00000007a7980000, 0x00000007c0000000)
  eden space 583168K, 0% used [0x000000076b800000,0x000000076b800000,0x000000078f180000)
  from space 512K, 37% used [0x00000007a7900000,0x00000007a7930000,0x00000007a7980000)
  to   space 7168K, 0% used [0x00000007a6b80000,0x00000007a6b80000,0x00000007a7280000)
 ParOldGen       total 173568K, used 21472K [0x00000006c2800000, 0x00000006cd180000, 0x000000076b800000)
  object space 173568K, 12% used [0x00000006c2800000,0x00000006c3cf8078,0x00000006cd180000)
 Metaspace       used 8395K, capacity 8774K, committed 8960K, reserved 1056768K
  class space    used 661K, capacity 690K, committed 768K, reserved 1048576K
}

