# JRE version: Java(TM) SE Runtime Environment (8.0_65-b17) (build 1.8.0_65-b17)
# Java VM: Java HotSpot(TM) 64-Bit Server VM (25.65-b01 mixed mode windows-amd64 compressed oops)
Heap:
 PSYoungGen      total 172032K, used 140469K [0x000000076b800000, 0x000000078ae80000, 0x00000007c0000000)
  eden space 171520K, 81% used [0x000000076b800000,0x0000000774105588,0x0000000775f80000)
  from space 512K, 31% used [0x000000078ae00000,0x000000078ae28000,0x000000078ae80000)
  to   space 2048K, 0% used [0x000000078aa80000,0x000000078aa80000,0x000000078ac80000)
 ParOldGen       total 173568K, used 1264K [0x00000006c2800000, 0x00000006cd180000, 0x000000076b800000)
  object space 173568K, 0% used [0x00000006c2800000,0x00000006c293c070,0x00000006cd180000)
 Metaspace       used 8114K, capacity 8646K, committed 8960K, reserved 1056768K
  class space    used 649K, capacity 690K, committed 768K, reserved 1048576K
GC Heap History (10 events):
Event: 1.814 GC heap before
{Heap before GC invocations=14 (full 0):
 PSYoungGen      total 208384K, used 206048K [0x000000076b800000, 0x000000078b300000, 0x00000007c0000000)
  eden space 205824K, 100% used [0x000000076b800000,0x0000000778100000,0x0000000778100000)
  from space 2560K, 8% used [0x000000078ae00000,0x000000078ae38000,0x000000078b080000)
  to   space 2048K, 0% used [0x000000078b100000,0x000000078b100000,0x000000078b300000)
 ParOldGen       total 173568K, used 1232K [0x00000006c2800000, 0x00000006cd180000, 0x000000076b800000)
  object space 173568K, 0% used [0x00000006c2800000,0x00000006c2934070,0x00000006cd180000)
 Metaspace       used 8095K, capacity 8646K, committed 8960K, reserved 1056768K
  class space    used 649K, capacity 690K, committed 768K, reserved 1048576K
Event: 1.814 GC heap after
Heap after GC invocations=14 (full 0):
 PSYoungGen      total 198656K, used 128K [0x000000076b800000, 0x000000078b180000, 0x00000007c0000000)
  eden space 198144K, 0% used [0x000000076b800000,0x000000076b800000,0x0000000777980000)
  from space 512K, 25% used [0x000000078b100000,0x000000078b120000,0x000000078b180000)
  to   space 2048K, 0% used [0x000000078ad80000,0x000000078ad80000,0x000000078af80000)
 ParOldGen       total 173568K, used 1232K [0x00000006c2800000, 0x00000006cd180000, 0x000000076b800000)
  object space 173568K, 0% used [0x00000006c2800000,0x00000006c2934070,0x00000006cd180000)
 Metaspace       used 8095K, capacity 8646K, committed 8960K, reserved 1056768K
  class space    used 649K, capacity 690K, committed 768K, reserved 1048576K
}
Event: 1.918 GC heap before
{Heap before GC invocations=15 (full 0):
 PSYoungGen      total 198656K, used 198272K [0x000000076b800000, 0x000000078b180000, 0x00000007c0000000)
  eden space 198144K, 100% used [0x000000076b800000,0x0000000777980000,0x0000000777980000)
  from space 512K, 25% used [0x000000078b100000,0x000000078b120000,0x000000078b180000)
  to   space 2048K, 0% used [0x000000078ad80000,0x000000078ad80000,0x000000078af80000)
 ParOldGen       total 173568K, used 1232K [0x00000006c2800000, 0x00000006cd180000, 0x000000076b800000)
  object space 173568K, 0% used [0x00000006c2800000,0x00000006c2934070,0x00000006cd180000)
 Metaspace       used 8096K, capacity 8646K, committed 8960K, reserved 1056768K
  class space    used 649K, capacity 690K, committed 768K, reserved 1048576K
Event: 1.918 GC heap after
Heap after GC invocations=15 (full 0):
 PSYoungGen      total 193024K, used 192K [0x000000076b800000, 0x000000078b180000, 0x00000007c0000000)
  eden space 190976K, 0% used [0x000000076b800000,0x000000076b800000,0x0000000777280000)
  from space 2048K, 9% used [0x000000078ad80000,0x000000078adb0000,0x000000078af80000)
  to   space 2048K, 0% used [0x000000078af80000,0x000000078af80000,0x000000078b180000)
 ParOldGen       total 173568K, used 1232K [0x00000006c2800000, 0x00000006cd180000, 0x000000076b800000)
  object space 173568K, 0% used [0x00000006c2800000,0x00000006c2934070,0x00000006cd180000)
 Metaspace       used 8096K, capacity 8646K, committed 8960K, reserved 1056768K
  class space    used 649K, capacity 690K, committed 768K, reserved 1048576K
}
Event: 2.012 GC heap before
{Heap before GC invocations=16 (full 0):
 PSYoungGen      total 193024K, used 191168K [0x000000076b800000, 0x000000078b180000, 0x00000007c0000000)
  eden space 190976K, 100% used [0x000000076b800000,0x0000000777280000,0x0000000777280000)
  from space 2048K, 9% used [0x000000078ad80000,0x000000078adb0000,0x000000078af80000)
  to   space 2048K, 0% used [0x000000078af80000,0x000000078af80000,0x000000078b180000)
 ParOldGen       total 173568K, used 1232K [0x00000006c2800000, 0x00000006cd180000, 0x000000076b800000)
  object space 173568K, 0% used [0x00000006c2800000,0x00000006c2934070,0x00000006cd180000)
 Metaspace       used 8096K, capacity 8646K, committed 8960K, reserved 1056768K
  class space    used 649K, capacity 690K, committed 768K, reserved 1048576K
Event: 2.013 GC heap after
Heap after GC invocations=16 (full 0):
 PSYoungGen      total 184832K, used 192K [0x000000076b800000, 0x000000078b000000, 0x00000007c0000000)
  eden space 184320K, 0% used [0x000000076b800000,0x000000076b800000,0x0000000776c00000)
  from space 512K, 37% used [0x000000078af80000,0x000000078afb0000,0x000000078b000000)
  to   space 2048K, 0% used [0x000000078ac00000,0x000000078ac00000,0x000000078ae00000)
 ParOldGen       total 173568K, used 1232K [0x00000006c2800000, 0x00000006cd180000, 0x000000076b800000)
  object space 173568K, 0% used [0x00000006c2800000,0x00000006c2934070,0x00000006cd180000)
 Metaspace       used 8096K, capacity 8646K, committed 8960K, reserved 1056768K
  class space    used 649K, capacity 690K, committed 768K, reserved 1048576K
}
Event: 2.109 GC heap before
{Heap before GC invocations=17 (full 0):
 PSYoungGen      total 184832K, used 184512K [0x000000076b800000, 0x000000078b000000, 0x00000007c0000000)
  eden space 184320K, 100% used [0x000000076b800000,0x0000000776c00000,0x0000000776c00000)
  from space 512K, 37% used [0x000000078af80000,0x000000078afb0000,0x000000078b000000)
  to   space 2048K, 0% used [0x000000078ac00000,0x000000078ac00000,0x000000078ae00000)
 ParOldGen       total 173568K, used 1232K [0x00000006c2800000, 0x00000006cd180000, 0x000000076b800000)
  object space 173568K, 0% used [0x00000006c2800000,0x00000006c2934070,0x00000006cd180000)
 Metaspace       used 8113K, capacity 8646K, committed 8960K, reserved 1056768K
  class space    used 649K, capacity 690K, committed 768K, reserved 1048576K
Event: 2.110 GC heap after
Heap after GC invocations=17 (full 0):
 PSYoungGen      total 179712K, used 128K [0x000000076b800000, 0x000000078b000000, 0x00000007c0000000)
  eden space 177664K, 0% used [0x000000076b800000,0x000000076b800000,0x0000000776580000)
  from space 2048K, 6% used [0x000000078ac00000,0x000000078ac20000,0x000000078ae00000)
  to   space 2048K, 0% used [0x000000078ae00000,0x000000078ae00000,0x000000078b000000)
 ParOldGen       total 173568K, used 1240K [0x00000006c2800000, 0x00000006cd180000, 0x000000076b800000)
  object space 173568K, 0% used [0x00000006c2800000,0x00000006c2936070,0x00000006cd180000)
 Metaspace       used 8113K, capacity 8646K, committed 8960K, reserved 1056768K
  class space    used 649K, capacity 690K, committed 768K, reserved 1048576K
}
Event: 2.225 GC heap before
{Heap before GC invocations=18 (full 0):
 PSYoungGen      total 179712K, used 177792K [0x000000076b800000, 0x000000078b000000, 0x00000007c0000000)
  eden space 177664K, 100% used [0x000000076b800000,0x0000000776580000,0x0000000776580000)
  from space 2048K, 6% used [0x000000078ac00000,0x000000078ac20000,0x000000078ae00000)
  to   space 2048K, 0% used [0x000000078ae00000,0x000000078ae00000,0x000000078b000000)
 ParOldGen       total 173568K, used 1240K [0x00000006c2800000, 0x00000006cd180000, 0x000000076b800000)
  object space 173568K, 0% used [0x00000006c2800000,0x00000006c2936070,0x00000006cd180000)
 Metaspace       used 8113K, capacity 8646K, committed 8960K, reserved 1056768K
  class space    used 649K, capacity 690K, committed 768K, reserved 1048576K
Event: 2.226 GC heap after
Heap after GC invocations=18 (full 0):
 PSYoungGen      total 172032K, used 160K [0x000000076b800000, 0x000000078ae80000, 0x00000007c0000000)
  eden space 171520K, 0% used [0x000000076b800000,0x000000076b800000,0x0000000775f80000)
  from space 512K, 31% used [0x000000078ae00000,0x000000078ae28000,0x000000078ae80000)
  to   space 2048K, 0% used [0x000000078aa80000,0x000000078aa80000,0x000000078ac80000)
 ParOldGen       total 173568K, used 1264K [0x00000006c2800000, 0x00000006cd180000, 0x000000076b800000)
  object space 173568K, 0% used [0x00000006c2800000,0x00000006c293c070,0x00000006cd180000)
 Metaspace       used 8113K, capacity 8646K, committed 8960K, reserved 1056768K
  class space    used 649K, capacity 690K, committed 768K, reserved 1048576K
}

