# JRE version: Java(TM) SE Runtime Environment (8.0_65-b17) (build 1.8.0_65-b17)
# Java VM: Java HotSpot(TM) 64-Bit Server VM (25.65-b01 mixed mode windows-amd64 compressed oops)
Heap:
 PSYoungGen      total 782848K, used 215939K [0x000000076b800000, 0x00000007b8700000, 0x00000007c0000000)
  eden space 772608K, 27% used [0x000000076b800000,0x0000000778a98d08,0x000000079aa80000)
  from space 10240K, 2% used [0x00000007b7300000,0x00000007b7348000,0x00000007b7d00000)
  to   space 9728K, 0% used [0x00000007b7d80000,0x00000007b7d80000,0x00000007b8700000)
 ParOldGen       total 173568K, used 10458K [0x00000006c2800000, 0x00000006cd180000, 0x000000076b800000)
  object space 173568K, 6% used [0x00000006c2800000,0x00000006c32368e8,0x00000006cd180000)
 Metaspace       used 9810K, capacity 9902K, committed 10112K, reserved 1058816K
  class space    used 783K, capacity 826K, committed 896K, reserved 1048576K
GC Heap History (10 events):
Event: 19.803 GC heap before
{Heap before GC invocations=19 (full 0):
 PSYoungGen      total 980480K, used 980224K [0x000000076b800000, 0x00000007b9d00000, 0x00000007c0000000)
  eden space 979968K, 100% used [0x000000076b800000,0x00000007a7500000,0x00000007a7500000)
  from space 512K, 50% used [0x00000007b9c80000,0x00000007b9cc0000,0x00000007b9d00000)
  to   space 12800K, 0% used [0x00000007b8400000,0x00000007b8400000,0x00000007b9080000)
 ParOldGen       total 173568K, used 10394K [0x00000006c2800000, 0x00000006cd180000, 0x000000076b800000)
  object space 173568K, 5% used [0x00000006c2800000,0x00000006c32268e8,0x00000006cd180000)
 Metaspace       used 9809K, capacity 9902K, committed 10112K, reserved 1058816K
  class space    used 782K, capacity 826K, committed 896K, reserved 1048576K
Event: 19.803 GC heap after
Heap after GC invocations=19 (full 0):
 PSYoungGen      total 947200K, used 256K [0x000000076b800000, 0x00000007b9d00000, 0x00000007c0000000)
  eden space 934400K, 0% used [0x000000076b800000,0x000000076b800000,0x00000007a4880000)
  from space 12800K, 2% used [0x00000007b8400000,0x00000007b8440000,0x00000007b9080000)
  to   space 12288K, 0% used [0x00000007b9100000,0x00000007b9100000,0x00000007b9d00000)
 ParOldGen       total 173568K, used 10410K [0x00000006c2800000, 0x00000006cd180000, 0x000000076b800000)
  object space 173568K, 5% used [0x00000006c2800000,0x00000006c322a8e8,0x00000006cd180000)
 Metaspace       used 9809K, capacity 9902K, committed 10112K, reserved 1058816K
  class space    used 782K, capacity 826K, committed 896K, reserved 1048576K
}
Event: 21.391 GC heap before
{Heap before GC invocations=20 (full 0):
 PSYoungGen      total 947200K, used 934656K [0x000000076b800000, 0x00000007b9d00000, 0x00000007c0000000)
  eden space 934400K, 100% used [0x000000076b800000,0x00000007a4880000,0x00000007a4880000)
  from space 12800K, 2% used [0x00000007b8400000,0x00000007b8440000,0x00000007b9080000)
  to   space 12288K, 0% used [0x00000007b9100000,0x00000007b9100000,0x00000007b9d00000)
 ParOldGen       total 173568K, used 10410K [0x00000006c2800000, 0x00000006cd180000, 0x000000076b800000)
  object space 173568K, 5% used [0x00000006c2800000,0x00000006c322a8e8,0x00000006cd180000)
 Metaspace       used 9809K, capacity 9902K, committed 10112K, reserved 1058816K
  class space    used 782K, capacity 826K, committed 896K, reserved 1048576K
Event: 21.393 GC heap after
Heap after GC invocations=20 (full 0):
 PSYoungGen      total 891392K, used 256K [0x000000076b800000, 0x00000007b9180000, 0x00000007c0000000)
  eden space 890880K, 0% used [0x000000076b800000,0x000000076b800000,0x00000007a1e00000)
  from space 512K, 50% used [0x00000007b9100000,0x00000007b9140000,0x00000007b9180000)
  to   space 11776K, 0% used [0x00000007b7a80000,0x00000007b7a80000,0x00000007b8600000)
 ParOldGen       total 173568K, used 10410K [0x00000006c2800000, 0x00000006cd180000, 0x000000076b800000)
  object space 173568K, 5% used [0x00000006c2800000,0x00000006c322a8e8,0x00000006cd180000)
 Metaspace       used 9809K, capacity 9902K, committed 10112K, reserved 1058816K
  class space    used 782K, capacity 826K, committed 896K, reserved 1048576K
}
Event: 22.873 GC heap before
{Heap before GC invocations=21 (full 0):
 PSYoungGen      total 891392K, used 891136K [0x000000076b800000, 0x00000007b9180000, 0x00000007c0000000)
  eden space 890880K, 100% used [0x000000076b800000,0x00000007a1e00000,0x00000007a1e00000)
  from space 512K, 50% used [0x00000007b9100000,0x00000007b9140000,0x00000007b9180000)
  to   space 11776K, 0% used [0x00000007b7a80000,0x00000007b7a80000,0x00000007b8600000)
 ParOldGen       total 173568K, used 10410K [0x00000006c2800000, 0x00000006cd180000, 0x000000076b800000)
  object space 173568K, 5% used [0x00000006c2800000,0x00000006c322a8e8,0x00000006cd180000)
 Metaspace       used 9809K, capacity 9902K, committed 10112K, reserved 1058816K
  class space    used 782K, capacity 826K, committed 896K, reserved 1048576K
Event: 22.874 GC heap after
Heap after GC invocations=21 (full 0):
 PSYoungGen      total 861184K, used 224K [0x000000076b800000, 0x00000007b9180000, 0x00000007c0000000)
  eden space 849408K, 0% used [0x000000076b800000,0x000000076b800000,0x000000079f580000)
  from space 11776K, 1% used [0x00000007b7a80000,0x00000007b7ab8000,0x00000007b8600000)
  to   space 11264K, 0% used [0x00000007b8680000,0x00000007b8680000,0x00000007b9180000)
 ParOldGen       total 173568K, used 10410K [0x00000006c2800000, 0x00000006cd180000, 0x000000076b800000)
  object space 173568K, 5% used [0x00000006c2800000,0x00000006c322a8e8,0x00000006cd180000)
 Metaspace       used 9809K, capacity 9902K, committed 10112K, reserved 1058816K
  class space    used 782K, capacity 826K, committed 896K, reserved 1048576K
}
Event: 24.293 GC heap before
{Heap before GC invocations=22 (full 0):
 PSYoungGen      total 861184K, used 849632K [0x000000076b800000, 0x00000007b9180000, 0x00000007c0000000)
  eden space 849408K, 100% used [0x000000076b800000,0x000000079f580000,0x000000079f580000)
  from space 11776K, 1% used [0x00000007b7a80000,0x00000007b7ab8000,0x00000007b8600000)
  to   space 11264K, 0% used [0x00000007b8680000,0x00000007b8680000,0x00000007b9180000)
 ParOldGen       total 173568K, used 10410K [0x00000006c2800000, 0x00000006cd180000, 0x000000076b800000)
  object space 173568K, 5% used [0x00000006c2800000,0x00000006c322a8e8,0x00000006cd180000)
 Metaspace       used 9809K, capacity 9902K, committed 10112K, reserved 1058816K
  class space    used 782K, capacity 826K, committed 896K, reserved 1048576K
Event: 24.294 GC heap after
Heap after GC invocations=22 (full 0):
 PSYoungGen      total 810496K, used 256K [0x000000076b800000, 0x00000007b8700000, 0x00000007c0000000)
  eden space 809984K, 0% used [0x000000076b800000,0x000000076b800000,0x000000079cf00000)
  from space 512K, 50% used [0x00000007b8680000,0x00000007b86c0000,0x00000007b8700000)
  to   space 10240K, 0% used [0x00000007b7300000,0x00000007b7300000,0x00000007b7d00000)
 ParOldGen       total 173568K, used 10410K [0x00000006c2800000, 0x00000006cd180000, 0x000000076b800000)
  object space 173568K, 5% used [0x00000006c2800000,0x00000006c322a8e8,0x00000006cd180000)
 Metaspace       used 9809K, capacity 9902K, committed 10112K, reserved 1058816K
  class space    used 782K, capacity 826K, committed 896K, reserved 1048576K
}
Event: 25.697 GC heap before
{Heap before GC invocations=23 (full 0):
 PSYoungGen      total 810496K, used 810240K [0x000000076b800000, 0x00000007b8700000, 0x00000007c0000000)
  eden space 809984K, 100% used [0x000000076b800000,0x000000079cf00000,0x000000079cf00000)
  from space 512K, 50% used [0x00000007b8680000,0x00000007b86c0000,0x00000007b8700000)
  to   space 10240K, 0% used [0x00000007b7300000,0x00000007b7300000,0x00000007b7d00000)
 ParOldGen       total 173568K, used 10410K [0x00000006c2800000, 0x00000006cd180000, 0x000000076b800000)
  object space 173568K, 5% used [0x00000006c2800000,0x00000006c322a8e8,0x00000006cd180000)
 Metaspace       used 9810K, capacity 9902K, committed 10112K, reserved 1058816K
  class space    used 783K, capacity 826K, committed 896K, reserved 1048576K
Event: 25.697 GC heap after
Heap after GC invocations=23 (full 0):
 PSYoungGen      total 782848K, used 288K [0x000000076b800000, 0x00000007b8700000, 0x00000007c0000000)
  eden space 772608K, 0% used [0x000000076b800000,0x000000076b800000,0x000000079aa80000)
  from space 10240K, 2% used [0x00000007b7300000,0x00000007b7348000,0x00000007b7d00000)
  to   space 9728K, 0% used [0x00000007b7d80000,0x00000007b7d80000,0x00000007b8700000)
 ParOldGen       total 173568K, used 10458K [0x00000006c2800000, 0x00000006cd180000, 0x000000076b800000)
  object space 173568K, 6% used [0x00000006c2800000,0x00000006c32368e8,0x00000006cd180000)
 Metaspace       used 9810K, capacity 9902K, committed 10112K, reserved 1058816K
  class space    used 783K, capacity 826K, committed 896K, reserved 1048576K
}

