# JRE version: Java(TM) SE Runtime Environment (8.0_65-b17) (build 1.8.0_65-b17)
# Java VM: Java HotSpot(TM) 64-Bit Server VM (25.65-b01 mixed mode windows-amd64 compressed oops)
Heap:
 PSYoungGen      total 840704K, used 99438K [0x000000076b800000, 0x00000007ab600000, 0x00000007c0000000)
  eden space 830464K, 11% used [0x000000076b800000,0x00000007718e3828,0x000000079e300000)
  from space 10240K, 2% used [0x00000007aa200000,0x00000007aa238000,0x00000007aac00000)
  to   space 9728K, 0% used [0x00000007aac80000,0x00000007aac80000,0x00000007ab600000)
 ParOldGen       total 173568K, used 25992K [0x00000006c2800000, 0x00000006cd180000, 0x000000076b800000)
  object space 173568K, 14% used [0x00000006c2800000,0x00000006c4162350,0x00000006cd180000)
 Metaspace       used 8313K, capacity 8710K, committed 8960K, reserved 1056768K
  class space    used 659K, capacity 690K, committed 768K, reserved 1048576K
GC Heap History (10 events):
Event: 3.732 GC heap before
{Heap before GC invocations=15 (full 0):
 PSYoungGen      total 1066496K, used 1054944K [0x000000076b800000, 0x00000007ad600000, 0x00000007c0000000)
  eden space 1054720K, 100% used [0x000000076b800000,0x00000007abe00000,0x00000007abe00000)
  from space 11776K, 1% used [0x00000007aca80000,0x00000007acab8000,0x00000007ad600000)
  to   space 12288K, 0% used [0x00000007abe00000,0x00000007abe00000,0x00000007aca00000)
 ParOldGen       total 173568K, used 25976K [0x00000006c2800000, 0x00000006cd180000, 0x000000076b800000)
  object space 173568K, 14% used [0x00000006c2800000,0x00000006c415e350,0x00000006cd180000)
 Metaspace       used 8305K, capacity 8710K, committed 8960K, reserved 1056768K
  class space    used 659K, capacity 690K, committed 768K, reserved 1048576K
Event: 3.732 GC heap after
Heap after GC invocations=15 (full 0):
 PSYoungGen      total 1005568K, used 224K [0x000000076b800000, 0x00000007acb00000, 0x00000007c0000000)
  eden space 1005056K, 0% used [0x000000076b800000,0x000000076b800000,0x00000007a8d80000)
  from space 512K, 43% used [0x00000007abe00000,0x00000007abe38000,0x00000007abe80000)
  to   space 11776K, 0% used [0x00000007abf80000,0x00000007abf80000,0x00000007acb00000)
 ParOldGen       total 173568K, used 25976K [0x00000006c2800000, 0x00000006cd180000, 0x000000076b800000)
  object space 173568K, 14% used [0x00000006c2800000,0x00000006c415e350,0x00000006cd180000)
 Metaspace       used 8305K, capacity 8710K, committed 8960K, reserved 1056768K
  class space    used 659K, capacity 690K, committed 768K, reserved 1048576K
}
Event: 4.752 GC heap before
{Heap before GC invocations=16 (full 0):
 PSYoungGen      total 1005568K, used 1005280K [0x000000076b800000, 0x00000007acb00000, 0x00000007c0000000)
  eden space 1005056K, 100% used [0x000000076b800000,0x00000007a8d80000,0x00000007a8d80000)
  from space 512K, 43% used [0x00000007abe00000,0x00000007abe38000,0x00000007abe80000)
  to   space 11776K, 0% used [0x00000007abf80000,0x00000007abf80000,0x00000007acb00000)
 ParOldGen       total 173568K, used 25976K [0x00000006c2800000, 0x00000006cd180000, 0x000000076b800000)
  object space 173568K, 14% used [0x00000006c2800000,0x00000006c415e350,0x00000006cd180000)
 Metaspace       used 8305K, capacity 8710K, committed 8960K, reserved 1056768K
  class space    used 659K, capacity 690K, committed 768K, reserved 1048576K
Event: 4.752 GC heap after
Heap after GC invocations=16 (full 0):
 PSYoungGen      total 958464K, used 224K [0x000000076b800000, 0x00000007ac000000, 0x00000007c0000000)
  eden space 957952K, 0% used [0x000000076b800000,0x000000076b800000,0x00000007a5f80000)
  from space 512K, 43% used [0x00000007abf80000,0x00000007abfb8000,0x00000007ac000000)
  to   space 11264K, 0% used [0x00000007aaa00000,0x00000007aaa00000,0x00000007ab500000)
 ParOldGen       total 173568K, used 25976K [0x00000006c2800000, 0x00000006cd180000, 0x000000076b800000)
  object space 173568K, 14% used [0x00000006c2800000,0x00000006c415e350,0x00000006cd180000)
 Metaspace       used 8305K, capacity 8710K, committed 8960K, reserved 1056768K
  class space    used 659K, capacity 690K, committed 768K, reserved 1048576K
}
Event: 5.504 GC heap before
{Heap before GC invocations=17 (full 0):
 PSYoungGen      total 958464K, used 958176K [0x000000076b800000, 0x00000007ac000000, 0x00000007c0000000)
  eden space 957952K, 100% used [0x000000076b800000,0x00000007a5f80000,0x00000007a5f80000)
  from space 512K, 43% used [0x00000007abf80000,0x00000007abfb8000,0x00000007ac000000)
  to   space 11264K, 0% used [0x00000007aaa00000,0x00000007aaa00000,0x00000007ab500000)
 ParOldGen       total 173568K, used 25976K [0x00000006c2800000, 0x00000006cd180000, 0x000000076b800000)
  object space 173568K, 14% used [0x00000006c2800000,0x00000006c415e350,0x00000006cd180000)
 Metaspace       used 8312K, capacity 8710K, committed 8960K, reserved 1056768K
  class space    used 659K, capacity 690K, committed 768K, reserved 1048576K
Event: 5.504 GC heap after
Heap after GC invocations=17 (full 0):
 PSYoungGen      total 924672K, used 224K [0x000000076b800000, 0x00000007ac000000, 0x00000007c0000000)
  eden space 913408K, 0% used [0x000000076b800000,0x000000076b800000,0x00000007a3400000)
  from space 11264K, 1% used [0x00000007aaa00000,0x00000007aaa38000,0x00000007ab500000)
  to   space 10752K, 0% used [0x00000007ab580000,0x00000007ab580000,0x00000007ac000000)
 ParOldGen       total 173568K, used 25976K [0x00000006c2800000, 0x00000006cd180000, 0x000000076b800000)
  object space 173568K, 14% used [0x00000006c2800000,0x00000006c415e350,0x00000006cd180000)
 Metaspace       used 8312K, capacity 8710K, committed 8960K, reserved 1056768K
  class space    used 659K, capacity 690K, committed 768K, reserved 1048576K
}
Event: 6.356 GC heap before
{Heap before GC invocations=18 (full 0):
 PSYoungGen      total 924672K, used 913632K [0x000000076b800000, 0x00000007ac000000, 0x00000007c0000000)
  eden space 913408K, 100% used [0x000000076b800000,0x00000007a3400000,0x00000007a3400000)
  from space 11264K, 1% used [0x00000007aaa00000,0x00000007aaa38000,0x00000007ab500000)
  to   space 10752K, 0% used [0x00000007ab580000,0x00000007ab580000,0x00000007ac000000)
 ParOldGen       total 173568K, used 25976K [0x00000006c2800000, 0x00000006cd180000, 0x000000076b800000)
  object space 173568K, 14% used [0x00000006c2800000,0x00000006c415e350,0x00000006cd180000)
 Metaspace       used 8312K, capacity 8710K, committed 8960K, reserved 1056768K
  class space    used 659K, capacity 690K, committed 768K, reserved 1048576K
Event: 6.356 GC heap after
Heap after GC invocations=18 (full 0):
 PSYoungGen      total 871424K, used 224K [0x000000076b800000, 0x00000007ab600000, 0x00000007c0000000)
  eden space 870912K, 0% used [0x000000076b800000,0x000000076b800000,0x00000007a0a80000)
  from space 512K, 43% used [0x00000007ab580000,0x00000007ab5b8000,0x00000007ab600000)
  to   space 10240K, 0% used [0x00000007aa200000,0x00000007aa200000,0x00000007aac00000)
 ParOldGen       total 173568K, used 25992K [0x00000006c2800000, 0x00000006cd180000, 0x000000076b800000)
  object space 173568K, 14% used [0x00000006c2800000,0x00000006c4162350,0x00000006cd180000)
 Metaspace       used 8312K, capacity 8710K, committed 8960K, reserved 1056768K
  class space    used 659K, capacity 690K, committed 768K, reserved 1048576K
}
Event: 6.992 GC heap before
{Heap before GC invocations=19 (full 0):
 PSYoungGen      total 871424K, used 871136K [0x000000076b800000, 0x00000007ab600000, 0x00000007c0000000)
  eden space 870912K, 100% used [0x000000076b800000,0x00000007a0a80000,0x00000007a0a80000)
  from space 512K, 43% used [0x00000007ab580000,0x00000007ab5b8000,0x00000007ab600000)
  to   space 10240K, 0% used [0x00000007aa200000,0x00000007aa200000,0x00000007aac00000)
 ParOldGen       total 173568K, used 25992K [0x00000006c2800000, 0x00000006cd180000, 0x000000076b800000)
  object space 173568K, 14% used [0x00000006c2800000,0x00000006c4162350,0x00000006cd180000)
 Metaspace       used 8312K, capacity 8710K, committed 8960K, reserved 1056768K
  class space    used 659K, capacity 690K, committed 768K, reserved 1048576K
Event: 6.993 GC heap after
Heap after GC invocations=19 (full 0):
 PSYoungGen      total 840704K, used 224K [0x000000076b800000, 0x00000007ab600000, 0x00000007c0000000)
  eden space 830464K, 0% used [0x000000076b800000,0x000000076b800000,0x000000079e300000)
  from space 10240K, 2% used [0x00000007aa200000,0x00000007aa238000,0x00000007aac00000)
  to   space 9728K, 0% used [0x00000007aac80000,0x00000007aac80000,0x00000007ab600000)
 ParOldGen       total 173568K, used 25992K [0x00000006c2800000, 0x00000006cd180000, 0x000000076b800000)
  object space 173568K, 14% used [0x00000006c2800000,0x00000006c4162350,0x00000006cd180000)
 Metaspace       used 8312K, capacity 8710K, committed 8960K, reserved 1056768K
  class space    used 659K, capacity 690K, committed 768K, reserved 1048576K
}

