# JRE version: Java(TM) SE Runtime Environment (8.0_65-b17) (build 1.8.0_65-b17)
# Java VM: Java HotSpot(TM) 64-Bit Server VM (25.65-b01 mixed mode windows-amd64 compressed oops)
Heap:
 PSYoungGen      total 115200K, used 21826K [0x000000076b800000, 0x0000000784300000, 0x00000007c0000000)
  eden space 114688K, 18% used [0x000000076b800000,0x000000076cd389c0,0x0000000772800000)
  from space 512K, 18% used [0x0000000784280000,0x0000000784298000,0x0000000784300000)
  to   space 1024K, 0% used [0x0000000784100000,0x0000000784100000,0x0000000784200000)
 ParOldGen       total 173568K, used 1320K [0x00000006c2800000, 0x00000006cd180000, 0x000000076b800000)
  object space 173568K, 0% used [0x00000006c2800000,0x00000006c294a070,0x00000006cd180000)
 Metaspace       used 8068K, capacity 8646K, committed 8960K, reserved 1056768K
  class space    used 646K, capacity 690K, committed 768K, reserved 1048576K
GC Heap History (10 events):
Event: 4.113 GC heap before
{Heap before GC invocations=28 (full 0):
 PSYoungGen      total 135680K, used 134368K [0x000000076b800000, 0x0000000784500000, 0x00000007c0000000)
  eden space 134144K, 100% used [0x000000076b800000,0x0000000773b00000,0x0000000773b00000)
  from space 1536K, 14% used [0x0000000784200000,0x0000000784238000,0x0000000784380000)
  to   space 1536K, 0% used [0x0000000784380000,0x0000000784380000,0x0000000784500000)
 ParOldGen       total 173568K, used 1320K [0x00000006c2800000, 0x00000006cd180000, 0x000000076b800000)
  object space 173568K, 0% used [0x00000006c2800000,0x00000006c294a070,0x00000006cd180000)
 Metaspace       used 8068K, capacity 8646K, committed 8960K, reserved 1056768K
  class space    used 646K, capacity 690K, committed 768K, reserved 1048576K
Event: 4.114 GC heap after
Heap after GC invocations=28 (full 0):
 PSYoungGen      total 130560K, used 128K [0x000000076b800000, 0x0000000784400000, 0x00000007c0000000)
  eden space 130048K, 0% used [0x000000076b800000,0x000000076b800000,0x0000000773700000)
  from space 512K, 25% used [0x0000000784380000,0x00000007843a0000,0x0000000784400000)
  to   space 1024K, 0% used [0x0000000784200000,0x0000000784200000,0x0000000784300000)
 ParOldGen       total 173568K, used 1320K [0x00000006c2800000, 0x00000006cd180000, 0x000000076b800000)
  object space 173568K, 0% used [0x00000006c2800000,0x00000006c294a070,0x00000006cd180000)
 Metaspace       used 8068K, capacity 8646K, committed 8960K, reserved 1056768K
  class space    used 646K, capacity 690K, committed 768K, reserved 1048576K
}
Event: 4.252 GC heap before
{Heap before GC invocations=29 (full 0):
 PSYoungGen      total 130560K, used 130176K [0x000000076b800000, 0x0000000784400000, 0x00000007c0000000)
  eden space 130048K, 100% used [0x000000076b800000,0x0000000773700000,0x0000000773700000)
  from space 512K, 25% used [0x0000000784380000,0x00000007843a0000,0x0000000784400000)
  to   space 1024K, 0% used [0x0000000784200000,0x0000000784200000,0x0000000784300000)
 ParOldGen       total 173568K, used 1320K [0x00000006c2800000, 0x00000006cd180000, 0x000000076b800000)
  object space 173568K, 0% used [0x00000006c2800000,0x00000006c294a070,0x00000006cd180000)
 Metaspace       used 8068K, capacity 8646K, committed 8960K, reserved 1056768K
  class space    used 646K, capacity 690K, committed 768K, reserved 1048576K
Event: 4.253 GC heap after
Heap after GC invocations=29 (full 0):
 PSYoungGen      total 126976K, used 160K [0x000000076b800000, 0x0000000784400000, 0x00000007c0000000)
  eden space 125952K, 0% used [0x000000076b800000,0x000000076b800000,0x0000000773300000)
  from space 1024K, 15% used [0x0000000784200000,0x0000000784228000,0x0000000784300000)
  to   space 1024K, 0% used [0x0000000784300000,0x0000000784300000,0x0000000784400000)
 ParOldGen       total 173568K, used 1320K [0x00000006c2800000, 0x00000006cd180000, 0x000000076b800000)
  object space 173568K, 0% used [0x00000006c2800000,0x00000006c294a070,0x00000006cd180000)
 Metaspace       used 8068K, capacity 8646K, committed 8960K, reserved 1056768K
  class space    used 646K, capacity 690K, committed 768K, reserved 1048576K
}
Event: 4.388 GC heap before
{Heap before GC invocations=30 (full 0):
 PSYoungGen      total 126976K, used 126112K [0x000000076b800000, 0x0000000784400000, 0x00000007c0000000)
  eden space 125952K, 100% used [0x000000076b800000,0x0000000773300000,0x0000000773300000)
  from space 1024K, 15% used [0x0000000784200000,0x0000000784228000,0x0000000784300000)
  to   space 1024K, 0% used [0x0000000784300000,0x0000000784300000,0x0000000784400000)
 ParOldGen       total 173568K, used 1320K [0x00000006c2800000, 0x00000006cd180000, 0x000000076b800000)
  object space 173568K, 0% used [0x00000006c2800000,0x00000006c294a070,0x00000006cd180000)
 Metaspace       used 8068K, capacity 8646K, committed 8960K, reserved 1056768K
  class space    used 646K, capacity 690K, committed 768K, reserved 1048576K
Event: 4.388 GC heap after
Heap after GC invocations=30 (full 0):
 PSYoungGen      total 122368K, used 224K [0x000000076b800000, 0x0000000784380000, 0x00000007c0000000)
  eden space 121856K, 0% used [0x000000076b800000,0x000000076b800000,0x0000000772f00000)
  from space 512K, 43% used [0x0000000784300000,0x0000000784338000,0x0000000784380000)
  to   space 1024K, 0% used [0x0000000784180000,0x0000000784180000,0x0000000784280000)
 ParOldGen       total 173568K, used 1320K [0x00000006c2800000, 0x00000006cd180000, 0x000000076b800000)
  object space 173568K, 0% used [0x00000006c2800000,0x00000006c294a070,0x00000006cd180000)
 Metaspace       used 8068K, capacity 8646K, committed 8960K, reserved 1056768K
  class space    used 646K, capacity 690K, committed 768K, reserved 1048576K
}
Event: 4.528 GC heap before
{Heap before GC invocations=31 (full 0):
 PSYoungGen      total 122368K, used 122080K [0x000000076b800000, 0x0000000784380000, 0x00000007c0000000)
  eden space 121856K, 100% used [0x000000076b800000,0x0000000772f00000,0x0000000772f00000)
  from space 512K, 43% used [0x0000000784300000,0x0000000784338000,0x0000000784380000)
  to   space 1024K, 0% used [0x0000000784180000,0x0000000784180000,0x0000000784280000)
 ParOldGen       total 173568K, used 1320K [0x00000006c2800000, 0x00000006cd180000, 0x000000076b800000)
  object space 173568K, 0% used [0x00000006c2800000,0x00000006c294a070,0x00000006cd180000)
 Metaspace       used 8068K, capacity 8646K, committed 8960K, reserved 1056768K
  class space    used 646K, capacity 690K, committed 768K, reserved 1048576K
Event: 4.529 GC heap after
Heap after GC invocations=31 (full 0):
 PSYoungGen      total 119296K, used 128K [0x000000076b800000, 0x0000000784380000, 0x00000007c0000000)
  eden space 118272K, 0% used [0x000000076b800000,0x000000076b800000,0x0000000772b80000)
  from space 1024K, 12% used [0x0000000784180000,0x00000007841a0000,0x0000000784280000)
  to   space 1024K, 0% used [0x0000000784280000,0x0000000784280000,0x0000000784380000)
 ParOldGen       total 173568K, used 1320K [0x00000006c2800000, 0x00000006cd180000, 0x000000076b800000)
  object space 173568K, 0% used [0x00000006c2800000,0x00000006c294a070,0x00000006cd180000)
 Metaspace       used 8068K, capacity 8646K, committed 8960K, reserved 1056768K
  class space    used 646K, capacity 690K, committed 768K, reserved 1048576K
}
Event: 4.624 GC heap before
{Heap before GC invocations=32 (full 0):
 PSYoungGen      total 119296K, used 118400K [0x000000076b800000, 0x0000000784380000, 0x00000007c0000000)
  eden space 118272K, 100% used [0x000000076b800000,0x0000000772b80000,0x0000000772b80000)
  from space 1024K, 12% used [0x0000000784180000,0x00000007841a0000,0x0000000784280000)
  to   space 1024K, 0% used [0x0000000784280000,0x0000000784280000,0x0000000784380000)
 ParOldGen       total 173568K, used 1320K [0x00000006c2800000, 0x00000006cd180000, 0x000000076b800000)
  object space 173568K, 0% used [0x00000006c2800000,0x00000006c294a070,0x00000006cd180000)
 Metaspace       used 8068K, capacity 8646K, committed 8960K, reserved 1056768K
  class space    used 646K, capacity 690K, committed 768K, reserved 1048576K
Event: 4.624 GC heap after
Heap after GC invocations=32 (full 0):
 PSYoungGen      total 115200K, used 96K [0x000000076b800000, 0x0000000784300000, 0x00000007c0000000)
  eden space 114688K, 0% used [0x000000076b800000,0x000000076b800000,0x0000000772800000)
  from space 512K, 18% used [0x0000000784280000,0x0000000784298000,0x0000000784300000)
  to   space 1024K, 0% used [0x0000000784100000,0x0000000784100000,0x0000000784200000)
 ParOldGen       total 173568K, used 1320K [0x00000006c2800000, 0x00000006cd180000, 0x000000076b800000)
  object space 173568K, 0% used [0x00000006c2800000,0x00000006c294a070,0x00000006cd180000)
 Metaspace       used 8068K, capacity 8646K, committed 8960K, reserved 1056768K
  class space    used 646K, capacity 690K, committed 768K, reserved 1048576K
}

