# JRE version: Java(TM) SE Runtime Environment (8.0_65-b17) (build 1.8.0_65-b17)
# Java VM: Java HotSpot(TM) 64-Bit Server VM (25.65-b01 mixed mode windows-amd64 compressed oops)
Heap:
 PSYoungGen      total 581120K, used 217752K [0x000000076b800000, 0x00000007a9f80000, 0x00000007c0000000)
  eden space 575488K, 37% used [0x000000076b800000,0x0000000778c66340,0x000000078ea00000)
  from space 5632K, 4% used [0x00000007a9480000,0x00000007a94c0000,0x00000007a9a00000)
  to   space 5632K, 0% used [0x00000007a9a00000,0x00000007a9a00000,0x00000007a9f80000)
 ParOldGen       total 173568K, used 23484K [0x00000006c2800000, 0x00000006cd180000, 0x000000076b800000)
  object space 173568K, 13% used [0x00000006c2800000,0x00000006c3eef080,0x00000006cd180000)
 Metaspace       used 8359K, capacity 8710K, committed 8960K, reserved 1056768K
  class space    used 659K, capacity 690K, committed 768K, reserved 1048576K
GC Heap History (10 events):
Event: 9.455 GC heap before
{Heap before GC invocations=23 (full 0):
 PSYoungGen      total 724992K, used 724704K [0x000000076b800000, 0x00000007aab80000, 0x00000007c0000000)
  eden space 724480K, 100% used [0x000000076b800000,0x0000000797b80000,0x0000000797b80000)
  from space 512K, 43% used [0x00000007aab00000,0x00000007aab38000,0x00000007aab80000)
  to   space 7168K, 0% used [0x00000007a9d80000,0x00000007a9d80000,0x00000007aa480000)
 ParOldGen       total 173568K, used 23428K [0x00000006c2800000, 0x00000006cd180000, 0x000000076b800000)
  object space 173568K, 13% used [0x00000006c2800000,0x00000006c3ee1080,0x00000006cd180000)
 Metaspace       used 8350K, capacity 8710K, committed 8960K, reserved 1056768K
  class space    used 659K, capacity 690K, committed 768K, reserved 1048576K
Event: 9.456 GC heap after
Heap after GC invocations=23 (full 0):
 PSYoungGen      total 698880K, used 224K [0x000000076b800000, 0x00000007aab80000, 0x00000007c0000000)
  eden space 691712K, 0% used [0x000000076b800000,0x000000076b800000,0x0000000795b80000)
  from space 7168K, 3% used [0x00000007a9d80000,0x00000007a9db8000,0x00000007aa480000)
  to   space 7168K, 0% used [0x00000007aa480000,0x00000007aa480000,0x00000007aab80000)
 ParOldGen       total 173568K, used 23428K [0x00000006c2800000, 0x00000006cd180000, 0x000000076b800000)
  object space 173568K, 13% used [0x00000006c2800000,0x00000006c3ee1080,0x00000006cd180000)
 Metaspace       used 8350K, capacity 8710K, committed 8960K, reserved 1056768K
  class space    used 659K, capacity 690K, committed 768K, reserved 1048576K
}
Event: 10.053 GC heap before
{Heap before GC invocations=24 (full 0):
 PSYoungGen      total 698880K, used 691936K [0x000000076b800000, 0x00000007aab80000, 0x00000007c0000000)
  eden space 691712K, 100% used [0x000000076b800000,0x0000000795b80000,0x0000000795b80000)
  from space 7168K, 3% used [0x00000007a9d80000,0x00000007a9db8000,0x00000007aa480000)
  to   space 7168K, 0% used [0x00000007aa480000,0x00000007aa480000,0x00000007aab80000)
 ParOldGen       total 173568K, used 23428K [0x00000006c2800000, 0x00000006cd180000, 0x000000076b800000)
  object space 173568K, 13% used [0x00000006c2800000,0x00000006c3ee1080,0x00000006cd180000)
 Metaspace       used 8358K, capacity 8710K, committed 8960K, reserved 1056768K
  class space    used 659K, capacity 690K, committed 768K, reserved 1048576K
Event: 10.054 GC heap after
Heap after GC invocations=24 (full 0):
 PSYoungGen      total 660992K, used 224K [0x000000076b800000, 0x00000007aa500000, 0x00000007c0000000)
  eden space 660480K, 0% used [0x000000076b800000,0x000000076b800000,0x0000000793d00000)
  from space 512K, 43% used [0x00000007aa480000,0x00000007aa4b8000,0x00000007aa500000)
  to   space 6656K, 0% used [0x00000007a9800000,0x00000007a9800000,0x00000007a9e80000)
 ParOldGen       total 173568K, used 23428K [0x00000006c2800000, 0x00000006cd180000, 0x000000076b800000)
  object space 173568K, 13% used [0x00000006c2800000,0x00000006c3ee1080,0x00000006cd180000)
 Metaspace       used 8358K, capacity 8710K, committed 8960K, reserved 1056768K
  class space    used 659K, capacity 690K, committed 768K, reserved 1048576K
}
Event: 10.787 GC heap before
{Heap before GC invocations=25 (full 0):
 PSYoungGen      total 660992K, used 660704K [0x000000076b800000, 0x00000007aa500000, 0x00000007c0000000)
  eden space 660480K, 100% used [0x000000076b800000,0x0000000793d00000,0x0000000793d00000)
  from space 512K, 43% used [0x00000007aa480000,0x00000007aa4b8000,0x00000007aa500000)
  to   space 6656K, 0% used [0x00000007a9800000,0x00000007a9800000,0x00000007a9e80000)
 ParOldGen       total 173568K, used 23428K [0x00000006c2800000, 0x00000006cd180000, 0x000000076b800000)
  object space 173568K, 13% used [0x00000006c2800000,0x00000006c3ee1080,0x00000006cd180000)
 Metaspace       used 8358K, capacity 8710K, committed 8960K, reserved 1056768K
  class space    used 659K, capacity 690K, committed 768K, reserved 1048576K
Event: 10.788 GC heap after
Heap after GC invocations=25 (full 0):
 PSYoungGen      total 637440K, used 224K [0x000000076b800000, 0x00000007aa500000, 0x00000007c0000000)
  eden space 630784K, 0% used [0x000000076b800000,0x000000076b800000,0x0000000792000000)
  from space 6656K, 3% used [0x00000007a9800000,0x00000007a9838000,0x00000007a9e80000)
  to   space 6144K, 0% used [0x00000007a9f00000,0x00000007a9f00000,0x00000007aa500000)
 ParOldGen       total 173568K, used 23484K [0x00000006c2800000, 0x00000006cd180000, 0x000000076b800000)
  object space 173568K, 13% used [0x00000006c2800000,0x00000006c3eef080,0x00000006cd180000)
 Metaspace       used 8358K, capacity 8710K, committed 8960K, reserved 1056768K
  class space    used 659K, capacity 690K, committed 768K, reserved 1048576K
}
Event: 11.326 GC heap before
{Heap before GC invocations=26 (full 0):
 PSYoungGen      total 637440K, used 631008K [0x000000076b800000, 0x00000007aa500000, 0x00000007c0000000)
  eden space 630784K, 100% used [0x000000076b800000,0x0000000792000000,0x0000000792000000)
  from space 6656K, 3% used [0x00000007a9800000,0x00000007a9838000,0x00000007a9e80000)
  to   space 6144K, 0% used [0x00000007a9f00000,0x00000007a9f00000,0x00000007aa500000)
 ParOldGen       total 173568K, used 23484K [0x00000006c2800000, 0x00000006cd180000, 0x000000076b800000)
  object space 173568K, 13% used [0x00000006c2800000,0x00000006c3eef080,0x00000006cd180000)
 Metaspace       used 8358K, capacity 8710K, committed 8960K, reserved 1056768K
  class space    used 659K, capacity 690K, committed 768K, reserved 1048576K
Event: 11.327 GC heap after
Heap after GC invocations=26 (full 0):
 PSYoungGen      total 603136K, used 256K [0x000000076b800000, 0x00000007a9f80000, 0x00000007c0000000)
  eden space 602624K, 0% used [0x000000076b800000,0x000000076b800000,0x0000000790480000)
  from space 512K, 50% used [0x00000007a9f00000,0x00000007a9f40000,0x00000007a9f80000)
  to   space 5632K, 0% used [0x00000007a9480000,0x00000007a9480000,0x00000007a9a00000)
 ParOldGen       total 173568K, used 23484K [0x00000006c2800000, 0x00000006cd180000, 0x000000076b800000)
  object space 173568K, 13% used [0x00000006c2800000,0x00000006c3eef080,0x00000006cd180000)
 Metaspace       used 8358K, capacity 8710K, committed 8960K, reserved 1056768K
  class space    used 659K, capacity 690K, committed 768K, reserved 1048576K
}
Event: 11.766 GC heap before
{Heap before GC invocations=27 (full 0):
 PSYoungGen      total 603136K, used 602880K [0x000000076b800000, 0x00000007a9f80000, 0x00000007c0000000)
  eden space 602624K, 100% used [0x000000076b800000,0x0000000790480000,0x0000000790480000)
  from space 512K, 50% used [0x00000007a9f00000,0x00000007a9f40000,0x00000007a9f80000)
  to   space 5632K, 0% used [0x00000007a9480000,0x00000007a9480000,0x00000007a9a00000)
 ParOldGen       total 173568K, used 23484K [0x00000006c2800000, 0x00000006cd180000, 0x000000076b800000)
  object space 173568K, 13% used [0x00000006c2800000,0x00000006c3eef080,0x00000006cd180000)
 Metaspace       used 8358K, capacity 8710K, committed 8960K, reserved 1056768K
  class space    used 659K, capacity 690K, committed 768K, reserved 1048576K
Event: 11.766 GC heap after
Heap after GC invocations=27 (full 0):
 PSYoungGen      total 581120K, used 256K [0x000000076b800000, 0x00000007a9f80000, 0x00000007c0000000)
  eden space 575488K, 0% used [0x000000076b800000,0x000000076b800000,0x000000078ea00000)
  from space 5632K, 4% used [0x00000007a9480000,0x00000007a94c0000,0x00000007a9a00000)
  to   space 5632K, 0% used [0x00000007a9a00000,0x00000007a9a00000,0x00000007a9f80000)
 ParOldGen       total 173568K, used 23484K [0x00000006c2800000, 0x00000006cd180000, 0x000000076b800000)
  object space 173568K, 13% used [0x00000006c2800000,0x00000006c3eef080,0x00000006cd180000)
 Metaspace       used 8358K, capacity 8710K, committed 8960K, reserved 1056768K
  class space    used 659K, capacity 690K, committed 768K, reserved 1048576K
}

