# JRE version: Java(TM) SE Runtime Environment (8.0_65-b17) (build 1.8.0_65-b17)
# Java VM: Java HotSpot(TM) 64-Bit Server VM (25.65-b01 mixed mode windows-amd64 compressed oops)
Heap:
 PSYoungGen      total 49664K, used 44394K [0x000000076b800000, 0x00000007b9800000, 0x00000007c0000000)
  eden space 49152K, 89% used [0x000000076b800000,0x000000076e322930,0x000000076e800000)
  from space 512K, 43% used [0x00000007b9700000,0x00000007b9738000,0x00000007b9780000)
  to   space 512K, 0% used [0x00000007b9780000,0x00000007b9780000,0x00000007b9800000)
 ParOldGen       total 173568K, used 10992K [0x00000006c2800000, 0x00000006cd180000, 0x000000076b800000)
  object space 173568K, 6% used [0x00000006c2800000,0x00000006c32bc070,0x00000006cd180000)
 Metaspace       used 8373K, capacity 8774K, committed 8960K, reserved 1056768K
  class space    used 660K, capacity 690K, committed 768K, reserved 1048576K
GC Heap History (10 events):
Event: 24.026 GC heap before
{Heap before GC invocations=163 (full 0):
 PSYoungGen      total 54784K, used 54496K [0x000000076b800000, 0x00000007b9800000, 0x00000007c0000000)
  eden space 54272K, 100% used [0x000000076b800000,0x000000076ed00000,0x000000076ed00000)
  from space 512K, 43% used [0x00000007b9780000,0x00000007b97b8000,0x00000007b9800000)
  to   space 512K, 0% used [0x00000007b9700000,0x00000007b9700000,0x00000007b9780000)
 ParOldGen       total 173568K, used 10968K [0x00000006c2800000, 0x00000006cd180000, 0x000000076b800000)
  object space 173568K, 6% used [0x00000006c2800000,0x00000006c32b6070,0x00000006cd180000)
 Metaspace       used 8373K, capacity 8774K, committed 8960K, reserved 1056768K
  class space    used 660K, capacity 690K, committed 768K, reserved 1048576K
Event: 24.026 GC heap after
Heap after GC invocations=163 (full 0):
 PSYoungGen      total 53760K, used 192K [0x000000076b800000, 0x00000007b9800000, 0x00000007c0000000)
  eden space 53248K, 0% used [0x000000076b800000,0x000000076b800000,0x000000076ec00000)
  from space 512K, 37% used [0x00000007b9700000,0x00000007b9730000,0x00000007b9780000)
  to   space 512K, 0% used [0x00000007b9780000,0x00000007b9780000,0x00000007b9800000)
 ParOldGen       total 173568K, used 10968K [0x00000006c2800000, 0x00000006cd180000, 0x000000076b800000)
  object space 173568K, 6% used [0x00000006c2800000,0x00000006c32b6070,0x00000006cd180000)
 Metaspace       used 8373K, capacity 8774K, committed 8960K, reserved 1056768K
  class space    used 660K, capacity 690K, committed 768K, reserved 1048576K
}
Event: 24.084 GC heap before
{Heap before GC invocations=164 (full 0):
 PSYoungGen      total 53760K, used 53440K [0x000000076b800000, 0x00000007b9800000, 0x00000007c0000000)
  eden space 53248K, 100% used [0x000000076b800000,0x000000076ec00000,0x000000076ec00000)
  from space 512K, 37% used [0x00000007b9700000,0x00000007b9730000,0x00000007b9780000)
  to   space 512K, 0% used [0x00000007b9780000,0x00000007b9780000,0x00000007b9800000)
 ParOldGen       total 173568K, used 10968K [0x00000006c2800000, 0x00000006cd180000, 0x000000076b800000)
  object space 173568K, 6% used [0x00000006c2800000,0x00000006c32b6070,0x00000006cd180000)
 Metaspace       used 8373K, capacity 8774K, committed 8960K, reserved 1056768K
  class space    used 660K, capacity 690K, committed 768K, reserved 1048576K
Event: 24.084 GC heap after
Heap after GC invocations=164 (full 0):
 PSYoungGen      total 52736K, used 192K [0x000000076b800000, 0x00000007b9800000, 0x00000007c0000000)
  eden space 52224K, 0% used [0x000000076b800000,0x000000076b800000,0x000000076eb00000)
  from space 512K, 37% used [0x00000007b9780000,0x00000007b97b0000,0x00000007b9800000)
  to   space 512K, 0% used [0x00000007b9700000,0x00000007b9700000,0x00000007b9780000)
 ParOldGen       total 173568K, used 10992K [0x00000006c2800000, 0x00000006cd180000, 0x000000076b800000)
  object space 173568K, 6% used [0x00000006c2800000,0x00000006c32bc070,0x00000006cd180000)
 Metaspace       used 8373K, capacity 8774K, committed 8960K, reserved 1056768K
  class space    used 660K, capacity 690K, committed 768K, reserved 1048576K
}
Event: 24.149 GC heap before
{Heap before GC invocations=165 (full 0):
 PSYoungGen      total 52736K, used 52416K [0x000000076b800000, 0x00000007b9800000, 0x00000007c0000000)
  eden space 52224K, 100% used [0x000000076b800000,0x000000076eb00000,0x000000076eb00000)
  from space 512K, 37% used [0x00000007b9780000,0x00000007b97b0000,0x00000007b9800000)
  to   space 512K, 0% used [0x00000007b9700000,0x00000007b9700000,0x00000007b9780000)
 ParOldGen       total 173568K, used 10992K [0x00000006c2800000, 0x00000006cd180000, 0x000000076b800000)
  object space 173568K, 6% used [0x00000006c2800000,0x00000006c32bc070,0x00000006cd180000)
 Metaspace       used 8373K, capacity 8774K, committed 8960K, reserved 1056768K
  class space    used 660K, capacity 690K, committed 768K, reserved 1048576K
Event: 24.149 GC heap after
Heap after GC invocations=165 (full 0):
 PSYoungGen      total 51712K, used 224K [0x000000076b800000, 0x00000007b9800000, 0x00000007c0000000)
  eden space 51200K, 0% used [0x000000076b800000,0x000000076b800000,0x000000076ea00000)
  from space 512K, 43% used [0x00000007b9700000,0x00000007b9738000,0x00000007b9780000)
  to   space 512K, 0% used [0x00000007b9780000,0x00000007b9780000,0x00000007b9800000)
 ParOldGen       total 173568K, used 10992K [0x00000006c2800000, 0x00000006cd180000, 0x000000076b800000)
  object space 173568K, 6% used [0x00000006c2800000,0x00000006c32bc070,0x00000006cd180000)
 Metaspace       used 8373K, capacity 8774K, committed 8960K, reserved 1056768K
  class space    used 660K, capacity 690K, committed 768K, reserved 1048576K
}
Event: 24.187 GC heap before
{Heap before GC invocations=166 (full 0):
 PSYoungGen      total 51712K, used 51424K [0x000000076b800000, 0x00000007b9800000, 0x00000007c0000000)
  eden space 51200K, 100% used [0x000000076b800000,0x000000076ea00000,0x000000076ea00000)
  from space 512K, 43% used [0x00000007b9700000,0x00000007b9738000,0x00000007b9780000)
  to   space 512K, 0% used [0x00000007b9780000,0x00000007b9780000,0x00000007b9800000)
 ParOldGen       total 173568K, used 10992K [0x00000006c2800000, 0x00000006cd180000, 0x000000076b800000)
  object space 173568K, 6% used [0x00000006c2800000,0x00000006c32bc070,0x00000006cd180000)
 Metaspace       used 8373K, capacity 8774K, committed 8960K, reserved 1056768K
  class space    used 660K, capacity 690K, committed 768K, reserved 1048576K
Event: 24.187 GC heap after
Heap after GC invocations=166 (full 0):
 PSYoungGen      total 50688K, used 224K [0x000000076b800000, 0x00000007b9800000, 0x00000007c0000000)
  eden space 50176K, 0% used [0x000000076b800000,0x000000076b800000,0x000000076e900000)
  from space 512K, 43% used [0x00000007b9780000,0x00000007b97b8000,0x00000007b9800000)
  to   space 512K, 0% used [0x00000007b9700000,0x00000007b9700000,0x00000007b9780000)
 ParOldGen       total 173568K, used 10992K [0x00000006c2800000, 0x00000006cd180000, 0x000000076b800000)
  object space 173568K, 6% used [0x00000006c2800000,0x00000006c32bc070,0x00000006cd180000)
 Metaspace       used 8373K, capacity 8774K, committed 8960K, reserved 1056768K
  class space    used 660K, capacity 690K, committed 768K, reserved 1048576K
}
Event: 24.241 GC heap before
{Heap before GC invocations=167 (full 0):
 PSYoungGen      total 50688K, used 50400K [0x000000076b800000, 0x00000007b9800000, 0x00000007c0000000)
  eden space 50176K, 100% used [0x000000076b800000,0x000000076e900000,0x000000076e900000)
  from space 512K, 43% used [0x00000007b9780000,0x00000007b97b8000,0x00000007b9800000)
  to   space 512K, 0% used [0x00000007b9700000,0x00000007b9700000,0x00000007b9780000)
 ParOldGen       total 173568K, used 10992K [0x00000006c2800000, 0x00000006cd180000, 0x000000076b800000)
  object space 173568K, 6% used [0x00000006c2800000,0x00000006c32bc070,0x00000006cd180000)
 Metaspace       used 8373K, capacity 8774K, committed 8960K, reserved 1056768K
  class space    used 660K, capacity 690K, committed 768K, reserved 1048576K
Event: 24.242 GC heap after
Heap after GC invocations=167 (full 0):
 PSYoungGen      total 49664K, used 224K [0x000000076b800000, 0x00000007b9800000, 0x00000007c0000000)
  eden space 49152K, 0% used [0x000000076b800000,0x000000076b800000,0x000000076e800000)
  from space 512K, 43% used [0x00000007b9700000,0x00000007b9738000,0x00000007b9780000)
  to   space 512K, 0% used [0x00000007b9780000,0x00000007b9780000,0x00000007b9800000)
 ParOldGen       total 173568K, used 10992K [0x00000006c2800000, 0x00000006cd180000, 0x000000076b800000)
  object space 173568K, 6% used [0x00000006c2800000,0x00000006c32bc070,0x00000006cd180000)
 Metaspace       used 8373K, capacity 8774K, committed 8960K, reserved 1056768K
  class space    used 660K, capacity 690K, committed 768K, reserved 1048576K
}

