# JRE version: Java(TM) SE Runtime Environment (8.0_65-b17) (build 1.8.0_65-b17)
# Java VM: Java HotSpot(TM) 64-Bit Server VM (25.65-b01 mixed mode windows-amd64 compressed oops)
Heap:
 PSYoungGen      total 1232896K, used 1121771K [0x000000076b800000, 0x00000007be880000, 0x00000007c0000000)
  eden space 1232384K, 91% used [0x000000076b800000,0x00000007aff42fe0,0x00000007b6b80000)
  from space 512K, 43% used [0x00000007be800000,0x00000007be838000,0x00000007be880000)
  to   space 11264K, 0% used [0x00000007bd280000,0x00000007bd280000,0x00000007bdd80000)
 ParOldGen       total 173568K, used 34622K [0x00000006c2800000, 0x00000006cd180000, 0x000000076b800000)
  object space 173568K, 19% used [0x00000006c2800000,0x00000006c49cf8c8,0x00000006cd180000)
 Metaspace       used 8281K, capacity 8710K, committed 8960K, reserved 1056768K
  class space    used 655K, capacity 690K, committed 768K, reserved 1048576K
GC Heap History (10 events):
Event: 2.768 GC heap before
{Heap before GC invocations=14 (full 0):
 PSYoungGen      total 663552K, used 649856K [0x000000076b800000, 0x00000007aca80000, 0x00000007c0000000)
  eden space 649728K, 100% used [0x000000076b800000,0x0000000793280000,0x0000000793280000)
  from space 13824K, 0% used [0x0000000793280000,0x00000007932a0000,0x0000000794000000)
  to   space 13824K, 0% used [0x00000007abd00000,0x00000007abd00000,0x00000007aca80000)
 ParOldGen       total 173568K, used 34582K [0x00000006c2800000, 0x00000006cd180000, 0x000000076b800000)
  object space 173568K, 19% used [0x00000006c2800000,0x00000006c49c58c8,0x00000006cd180000)
 Metaspace       used 8247K, capacity 8646K, committed 8960K, reserved 1056768K
  class space    used 655K, capacity 690K, committed 768K, reserved 1048576K
Event: 2.769 GC heap after
Heap after GC invocations=14 (full 0):
 PSYoungGen      total 1052672K, used 224K [0x000000076b800000, 0x00000007ac980000, 0x00000007c0000000)
  eden space 1039872K, 0% used [0x000000076b800000,0x000000076b800000,0x00000007aaf80000)
  from space 12800K, 1% used [0x00000007abd00000,0x00000007abd38000,0x00000007ac980000)
  to   space 13312K, 0% used [0x00000007aaf80000,0x00000007aaf80000,0x00000007abc80000)
 ParOldGen       total 173568K, used 34582K [0x00000006c2800000, 0x00000006cd180000, 0x000000076b800000)
  object space 173568K, 19% used [0x00000006c2800000,0x00000006c49c58c8,0x00000006cd180000)
 Metaspace       used 8247K, capacity 8646K, committed 8960K, reserved 1056768K
  class space    used 655K, capacity 690K, committed 768K, reserved 1048576K
}
Event: 3.618 GC heap before
{Heap before GC invocations=15 (full 0):
 PSYoungGen      total 1052672K, used 1040096K [0x000000076b800000, 0x00000007ac980000, 0x00000007c0000000)
  eden space 1039872K, 100% used [0x000000076b800000,0x00000007aaf80000,0x00000007aaf80000)
  from space 12800K, 1% used [0x00000007abd00000,0x00000007abd38000,0x00000007ac980000)
  to   space 13312K, 0% used [0x00000007aaf80000,0x00000007aaf80000,0x00000007abc80000)
 ParOldGen       total 173568K, used 34582K [0x00000006c2800000, 0x00000006cd180000, 0x000000076b800000)
  object space 173568K, 19% used [0x00000006c2800000,0x00000006c49c58c8,0x00000006cd180000)
 Metaspace       used 8269K, capacity 8646K, committed 8960K, reserved 1056768K
  class space    used 655K, capacity 690K, committed 768K, reserved 1048576K
Event: 3.619 GC heap after
Heap after GC invocations=15 (full 0):
 PSYoungGen      total 1053184K, used 128K [0x000000076b800000, 0x00000007bff80000, 0x00000007c0000000)
  eden space 1039872K, 0% used [0x000000076b800000,0x000000076b800000,0x00000007aaf80000)
  from space 13312K, 0% used [0x00000007aaf80000,0x00000007aafa0000,0x00000007abc80000)
  to   space 12800K, 0% used [0x00000007bf300000,0x00000007bf300000,0x00000007bff80000)
 ParOldGen       total 173568K, used 34590K [0x00000006c2800000, 0x00000006cd180000, 0x000000076b800000)
  object space 173568K, 19% used [0x00000006c2800000,0x00000006c49c78c8,0x00000006cd180000)
 Metaspace       used 8269K, capacity 8646K, committed 8960K, reserved 1056768K
  class space    used 655K, capacity 690K, committed 768K, reserved 1048576K
}
Event: 4.404 GC heap before
{Heap before GC invocations=16 (full 0):
 PSYoungGen      total 1053184K, used 1040000K [0x000000076b800000, 0x00000007bff80000, 0x00000007c0000000)
  eden space 1039872K, 100% used [0x000000076b800000,0x00000007aaf80000,0x00000007aaf80000)
  from space 13312K, 0% used [0x00000007aaf80000,0x00000007aafa0000,0x00000007abc80000)
  to   space 12800K, 0% used [0x00000007bf300000,0x00000007bf300000,0x00000007bff80000)
 ParOldGen       total 173568K, used 34590K [0x00000006c2800000, 0x00000006cd180000, 0x000000076b800000)
  object space 173568K, 19% used [0x00000006c2800000,0x00000006c49c78c8,0x00000006cd180000)
 Metaspace       used 8270K, capacity 8646K, committed 8960K, reserved 1056768K
  class space    used 655K, capacity 690K, committed 768K, reserved 1048576K
Event: 4.405 GC heap after
Heap after GC invocations=16 (full 0):
 PSYoungGen      total 1370112K, used 224K [0x000000076b800000, 0x00000007bfe80000, 0x00000007c0000000)
  eden space 1358336K, 0% used [0x000000076b800000,0x000000076b800000,0x00000007be680000)
  from space 11776K, 1% used [0x00000007bf300000,0x00000007bf338000,0x00000007bfe80000)
  to   space 12288K, 0% used [0x00000007be680000,0x00000007be680000,0x00000007bf280000)
 ParOldGen       total 173568K, used 34606K [0x00000006c2800000, 0x00000006cd180000, 0x000000076b800000)
  object space 173568K, 19% used [0x00000006c2800000,0x00000006c49cb8c8,0x00000006cd180000)
 Metaspace       used 8270K, capacity 8646K, committed 8960K, reserved 1056768K
  class space    used 655K, capacity 690K, committed 768K, reserved 1048576K
}
Event: 5.665 GC heap before
{Heap before GC invocations=17 (full 0):
 PSYoungGen      total 1370112K, used 1358560K [0x000000076b800000, 0x00000007bfe80000, 0x00000007c0000000)
  eden space 1358336K, 100% used [0x000000076b800000,0x00000007be680000,0x00000007be680000)
  from space 11776K, 1% used [0x00000007bf300000,0x00000007bf338000,0x00000007bfe80000)
  to   space 12288K, 0% used [0x00000007be680000,0x00000007be680000,0x00000007bf280000)
 ParOldGen       total 173568K, used 34606K [0x00000006c2800000, 0x00000006cd180000, 0x000000076b800000)
  object space 173568K, 19% used [0x00000006c2800000,0x00000006c49cb8c8,0x00000006cd180000)
 Metaspace       used 8279K, capacity 8710K, committed 8960K, reserved 1056768K
  class space    used 655K, capacity 690K, committed 768K, reserved 1048576K
Event: 5.665 GC heap after
Heap after GC invocations=17 (full 0):
 PSYoungGen      total 1294336K, used 224K [0x000000076b800000, 0x00000007bf380000, 0x00000007c0000000)
  eden space 1293824K, 0% used [0x000000076b800000,0x000000076b800000,0x00000007ba780000)
  from space 512K, 43% used [0x00000007be680000,0x00000007be6b8000,0x00000007be700000)
  to   space 11776K, 0% used [0x00000007be800000,0x00000007be800000,0x00000007bf380000)
 ParOldGen       total 173568K, used 34622K [0x00000006c2800000, 0x00000006cd180000, 0x000000076b800000)
  object space 173568K, 19% used [0x00000006c2800000,0x00000006c49cf8c8,0x00000006cd180000)
 Metaspace       used 8279K, capacity 8710K, committed 8960K, reserved 1056768K
  class space    used 655K, capacity 690K, committed 768K, reserved 1048576K
}
Event: 6.630 GC heap before
{Heap before GC invocations=18 (full 0):
 PSYoungGen      total 1294336K, used 1294048K [0x000000076b800000, 0x00000007bf380000, 0x00000007c0000000)
  eden space 1293824K, 100% used [0x000000076b800000,0x00000007ba780000,0x00000007ba780000)
  from space 512K, 43% used [0x00000007be680000,0x00000007be6b8000,0x00000007be700000)
  to   space 11776K, 0% used [0x00000007be800000,0x00000007be800000,0x00000007bf380000)
 ParOldGen       total 173568K, used 34622K [0x00000006c2800000, 0x00000006cd180000, 0x000000076b800000)
  object space 173568K, 19% used [0x00000006c2800000,0x00000006c49cf8c8,0x00000006cd180000)
 Metaspace       used 8280K, capacity 8710K, committed 8960K, reserved 1056768K
  class space    used 655K, capacity 690K, committed 768K, reserved 1048576K
Event: 6.631 GC heap after
Heap after GC invocations=18 (full 0):
 PSYoungGen      total 1232896K, used 224K [0x000000076b800000, 0x00000007be880000, 0x00000007c0000000)
  eden space 1232384K, 0% used [0x000000076b800000,0x000000076b800000,0x00000007b6b80000)
  from space 512K, 43% used [0x00000007be800000,0x00000007be838000,0x00000007be880000)
  to   space 11264K, 0% used [0x00000007bd280000,0x00000007bd280000,0x00000007bdd80000)
 ParOldGen       total 173568K, used 34622K [0x00000006c2800000, 0x00000006cd180000, 0x000000076b800000)
  object space 173568K, 19% used [0x00000006c2800000,0x00000006c49cf8c8,0x00000006cd180000)
 Metaspace       used 8280K, capacity 8710K, committed 8960K, reserved 1056768K
  class space    used 655K, capacity 690K, committed 768K, reserved 1048576K
}

