# JRE version: Java(TM) SE Runtime Environment (8.0_65-b17) (build 1.8.0_65-b17)
# Java VM: Java HotSpot(TM) 64-Bit Server VM (25.65-b01 mixed mode windows-amd64 compressed oops)
Heap:
 PSYoungGen      total 244736K, used 159817K [0x000000076b800000, 0x00000007b9f00000, 0x00000007c0000000)
  eden space 243200K, 65% used [0x000000076b800000,0x00000007753fa7f8,0x000000077a580000)
  from space 1536K, 6% used [0x00000007b9c00000,0x00000007b9c18000,0x00000007b9d80000)
  to   space 1536K, 0% used [0x00000007b9d80000,0x00000007b9d80000,0x00000007b9f00000)
 ParOldGen       total 173568K, used 11096K [0x00000006c2800000, 0x00000006cd180000, 0x000000076b800000)
  object space 173568K, 6% used [0x00000006c2800000,0x00000006c32d6170,0x00000006cd180000)
 Metaspace       used 8367K, capacity 8774K, committed 8960K, reserved 1056768K
  class space    used 660K, capacity 690K, committed 768K, reserved 1048576K
GC Heap History (10 events):
Event: 12.641 GC heap before
{Heap before GC invocations=35 (full 0):
 PSYoungGen      total 297472K, used 297184K [0x000000076b800000, 0x00000007ba180000, 0x00000007c0000000)
  eden space 296960K, 100% used [0x000000076b800000,0x000000077da00000,0x000000077da00000)
  from space 512K, 43% used [0x00000007ba100000,0x00000007ba138000,0x00000007ba180000)
  to   space 2048K, 0% used [0x00000007b9d80000,0x00000007b9d80000,0x00000007b9f80000)
 ParOldGen       total 173568K, used 11072K [0x00000006c2800000, 0x00000006cd180000, 0x000000076b800000)
  object space 173568K, 6% used [0x00000006c2800000,0x00000006c32d0170,0x00000006cd180000)
 Metaspace       used 8366K, capacity 8774K, committed 8960K, reserved 1056768K
  class space    used 660K, capacity 690K, committed 768K, reserved 1048576K
Event: 12.642 GC heap after
Heap after GC invocations=35 (full 0):
 PSYoungGen      total 287232K, used 192K [0x000000076b800000, 0x00000007ba180000, 0x00000007c0000000)
  eden space 285184K, 0% used [0x000000076b800000,0x000000076b800000,0x000000077ce80000)
  from space 2048K, 9% used [0x00000007b9d80000,0x00000007b9db0000,0x00000007b9f80000)
  to   space 2048K, 0% used [0x00000007b9f80000,0x00000007b9f80000,0x00000007ba180000)
 ParOldGen       total 173568K, used 11072K [0x00000006c2800000, 0x00000006cd180000, 0x000000076b800000)
  object space 173568K, 6% used [0x00000006c2800000,0x00000006c32d0170,0x00000006cd180000)
 Metaspace       used 8366K, capacity 8774K, committed 8960K, reserved 1056768K
  class space    used 660K, capacity 690K, committed 768K, reserved 1048576K
}
Event: 12.869 GC heap before
{Heap before GC invocations=36 (full 0):
 PSYoungGen      total 287232K, used 285376K [0x000000076b800000, 0x00000007ba180000, 0x00000007c0000000)
  eden space 285184K, 100% used [0x000000076b800000,0x000000077ce80000,0x000000077ce80000)
  from space 2048K, 9% used [0x00000007b9d80000,0x00000007b9db0000,0x00000007b9f80000)
  to   space 2048K, 0% used [0x00000007b9f80000,0x00000007b9f80000,0x00000007ba180000)
 ParOldGen       total 173568K, used 11072K [0x00000006c2800000, 0x00000006cd180000, 0x000000076b800000)
  object space 173568K, 6% used [0x00000006c2800000,0x00000006c32d0170,0x00000006cd180000)
 Metaspace       used 8367K, capacity 8774K, committed 8960K, reserved 1056768K
  class space    used 660K, capacity 690K, committed 768K, reserved 1048576K
Event: 12.869 GC heap after
Heap after GC invocations=36 (full 0):
 PSYoungGen      total 274432K, used 256K [0x000000076b800000, 0x00000007ba000000, 0x00000007c0000000)
  eden space 273920K, 0% used [0x000000076b800000,0x000000076b800000,0x000000077c380000)
  from space 512K, 50% used [0x00000007b9f80000,0x00000007b9fc0000,0x00000007ba000000)
  to   space 2048K, 0% used [0x00000007b9c00000,0x00000007b9c00000,0x00000007b9e00000)
 ParOldGen       total 173568K, used 11080K [0x00000006c2800000, 0x00000006cd180000, 0x000000076b800000)
  object space 173568K, 6% used [0x00000006c2800000,0x00000006c32d2170,0x00000006cd180000)
 Metaspace       used 8367K, capacity 8774K, committed 8960K, reserved 1056768K
  class space    used 660K, capacity 690K, committed 768K, reserved 1048576K
}
Event: 13.137 GC heap before
{Heap before GC invocations=37 (full 0):
 PSYoungGen      total 274432K, used 274176K [0x000000076b800000, 0x00000007ba000000, 0x00000007c0000000)
  eden space 273920K, 100% used [0x000000076b800000,0x000000077c380000,0x000000077c380000)
  from space 512K, 50% used [0x00000007b9f80000,0x00000007b9fc0000,0x00000007ba000000)
  to   space 2048K, 0% used [0x00000007b9c00000,0x00000007b9c00000,0x00000007b9e00000)
 ParOldGen       total 173568K, used 11080K [0x00000006c2800000, 0x00000006cd180000, 0x000000076b800000)
  object space 173568K, 6% used [0x00000006c2800000,0x00000006c32d2170,0x00000006cd180000)
 Metaspace       used 8367K, capacity 8774K, committed 8960K, reserved 1056768K
  class space    used 660K, capacity 690K, committed 768K, reserved 1048576K
Event: 13.137 GC heap after
Heap after GC invocations=37 (full 0):
 PSYoungGen      total 265216K, used 224K [0x000000076b800000, 0x00000007ba000000, 0x00000007c0000000)
  eden space 263168K, 0% used [0x000000076b800000,0x000000076b800000,0x000000077b900000)
  from space 2048K, 10% used [0x00000007b9c00000,0x00000007b9c38000,0x00000007b9e00000)
  to   space 1536K, 0% used [0x00000007b9e80000,0x00000007b9e80000,0x00000007ba000000)
 ParOldGen       total 173568K, used 11096K [0x00000006c2800000, 0x00000006cd180000, 0x000000076b800000)
  object space 173568K, 6% used [0x00000006c2800000,0x00000006c32d6170,0x00000006cd180000)
 Metaspace       used 8367K, capacity 8774K, committed 8960K, reserved 1056768K
  class space    used 660K, capacity 690K, committed 768K, reserved 1048576K
}
Event: 13.374 GC heap before
{Heap before GC invocations=38 (full 0):
 PSYoungGen      total 265216K, used 263392K [0x000000076b800000, 0x00000007ba000000, 0x00000007c0000000)
  eden space 263168K, 100% used [0x000000076b800000,0x000000077b900000,0x000000077b900000)
  from space 2048K, 10% used [0x00000007b9c00000,0x00000007b9c38000,0x00000007b9e00000)
  to   space 1536K, 0% used [0x00000007b9e80000,0x00000007b9e80000,0x00000007ba000000)
 ParOldGen       total 173568K, used 11096K [0x00000006c2800000, 0x00000006cd180000, 0x000000076b800000)
  object space 173568K, 6% used [0x00000006c2800000,0x00000006c32d6170,0x00000006cd180000)
 Metaspace       used 8367K, capacity 8774K, committed 8960K, reserved 1056768K
  class space    used 660K, capacity 690K, committed 768K, reserved 1048576K
Event: 13.375 GC heap after
Heap after GC invocations=38 (full 0):
 PSYoungGen      total 253440K, used 224K [0x000000076b800000, 0x00000007b9f00000, 0x00000007c0000000)
  eden space 252928K, 0% used [0x000000076b800000,0x000000076b800000,0x000000077af00000)
  from space 512K, 43% used [0x00000007b9e80000,0x00000007b9eb8000,0x00000007b9f00000)
  to   space 1536K, 0% used [0x00000007b9c00000,0x00000007b9c00000,0x00000007b9d80000)
 ParOldGen       total 173568K, used 11096K [0x00000006c2800000, 0x00000006cd180000, 0x000000076b800000)
  object space 173568K, 6% used [0x00000006c2800000,0x00000006c32d6170,0x00000006cd180000)
 Metaspace       used 8367K, capacity 8774K, committed 8960K, reserved 1056768K
  class space    used 660K, capacity 690K, committed 768K, reserved 1048576K
}
Event: 13.571 GC heap before
{Heap before GC invocations=39 (full 0):
 PSYoungGen      total 253440K, used 253152K [0x000000076b800000, 0x00000007b9f00000, 0x00000007c0000000)
  eden space 252928K, 100% used [0x000000076b800000,0x000000077af00000,0x000000077af00000)
  from space 512K, 43% used [0x00000007b9e80000,0x00000007b9eb8000,0x00000007b9f00000)
  to   space 1536K, 0% used [0x00000007b9c00000,0x00000007b9c00000,0x00000007b9d80000)
 ParOldGen       total 173568K, used 11096K [0x00000006c2800000, 0x00000006cd180000, 0x000000076b800000)
  object space 173568K, 6% used [0x00000006c2800000,0x00000006c32d6170,0x00000006cd180000)
 Metaspace       used 8367K, capacity 8774K, committed 8960K, reserved 1056768K
  class space    used 660K, capacity 690K, committed 768K, reserved 1048576K
Event: 13.572 GC heap after
Heap after GC invocations=39 (full 0):
 PSYoungGen      total 244736K, used 96K [0x000000076b800000, 0x00000007b9f00000, 0x00000007c0000000)
  eden space 243200K, 0% used [0x000000076b800000,0x000000076b800000,0x000000077a580000)
  from space 1536K, 6% used [0x00000007b9c00000,0x00000007b9c18000,0x00000007b9d80000)
  to   space 1536K, 0% used [0x00000007b9d80000,0x00000007b9d80000,0x00000007b9f00000)
 ParOldGen       total 173568K, used 11096K [0x00000006c2800000, 0x00000006cd180000, 0x000000076b800000)
  object space 173568K, 6% used [0x00000006c2800000,0x00000006c32d6170,0x00000006cd180000)
 Metaspace       used 8367K, capacity 8774K, committed 8960K, reserved 1056768K
  class space    used 660K, capacity 690K, committed 768K, reserved 1048576K
}

