# JRE version: Java(TM) SE Runtime Environment (8.0_65-b17) (build 1.8.0_65-b17)
# Java VM: Java HotSpot(TM) 64-Bit Server VM (25.65-b01 mixed mode windows-amd64 compressed oops)
Heap:
 PSYoungGen      total 135680K, used 16151K [0x000000076b800000, 0x0000000784400000, 0x00000007c0000000)
  eden space 134144K, 12% used [0x000000076b800000,0x000000076c7bdd58,0x0000000773b00000)
  from space 1536K, 2% used [0x0000000784100000,0x0000000784108000,0x0000000784280000)
  to   space 1536K, 0% used [0x0000000784280000,0x0000000784280000,0x0000000784400000)
 ParOldGen       total 173568K, used 1415K [0x00000006c2800000, 0x00000006cd180000, 0x000000076b800000)
  object space 173568K, 0% used [0x00000006c2800000,0x00000006c2961f88,0x00000006cd180000)
 Metaspace       used 7887K, capacity 8486K, committed 8704K, reserved 1056768K
  class space    used 632K, capacity 658K, committed 768K, reserved 1048576K
GC Heap History (10 events):
Event: 2.451 GC heap before
{Heap before GC invocations=23 (full 0):
 PSYoungGen      total 159744K, used 159264K [0x000000076b800000, 0x0000000784600000, 0x00000007c0000000)
  eden space 159232K, 100% used [0x000000076b800000,0x0000000775380000,0x0000000775380000)
  from space 512K, 6% used [0x0000000784580000,0x0000000784588000,0x0000000784600000)
  to   space 1536K, 0% used [0x0000000784300000,0x0000000784300000,0x0000000784480000)
 ParOldGen       total 173568K, used 1415K [0x00000006c2800000, 0x00000006cd180000, 0x000000076b800000)
  object space 173568K, 0% used [0x00000006c2800000,0x00000006c2961f88,0x00000006cd180000)
 Metaspace       used 7886K, capacity 8486K, committed 8704K, reserved 1056768K
  class space    used 632K, capacity 658K, committed 768K, reserved 1048576K
Event: 2.451 GC heap after
Heap after GC invocations=23 (full 0):
 PSYoungGen      total 155136K, used 32K [0x000000076b800000, 0x0000000784600000, 0x00000007c0000000)
  eden space 153600K, 0% used [0x000000076b800000,0x000000076b800000,0x0000000774e00000)
  from space 1536K, 2% used [0x0000000784300000,0x0000000784308000,0x0000000784480000)
  to   space 1536K, 0% used [0x0000000784480000,0x0000000784480000,0x0000000784600000)
 ParOldGen       total 173568K, used 1415K [0x00000006c2800000, 0x00000006cd180000, 0x000000076b800000)
  object space 173568K, 0% used [0x00000006c2800000,0x00000006c2961f88,0x00000006cd180000)
 Metaspace       used 7886K, capacity 8486K, committed 8704K, reserved 1056768K
  class space    used 632K, capacity 658K, committed 768K, reserved 1048576K
}
Event: 2.517 GC heap before
{Heap before GC invocations=24 (full 0):
 PSYoungGen      total 155136K, used 153632K [0x000000076b800000, 0x0000000784600000, 0x00000007c0000000)
  eden space 153600K, 100% used [0x000000076b800000,0x0000000774e00000,0x0000000774e00000)
  from space 1536K, 2% used [0x0000000784300000,0x0000000784308000,0x0000000784480000)
  to   space 1536K, 0% used [0x0000000784480000,0x0000000784480000,0x0000000784600000)
 ParOldGen       total 173568K, used 1415K [0x00000006c2800000, 0x00000006cd180000, 0x000000076b800000)
  object space 173568K, 0% used [0x00000006c2800000,0x00000006c2961f88,0x00000006cd180000)
 Metaspace       used 7886K, capacity 8486K, committed 8704K, reserved 1056768K
  class space    used 632K, capacity 658K, committed 768K, reserved 1048576K
Event: 2.518 GC heap after
Heap after GC invocations=24 (full 0):
 PSYoungGen      total 148992K, used 64K [0x000000076b800000, 0x0000000784500000, 0x00000007c0000000)
  eden space 148480K, 0% used [0x000000076b800000,0x000000076b800000,0x0000000774900000)
  from space 512K, 12% used [0x0000000784480000,0x0000000784490000,0x0000000784500000)
  to   space 1536K, 0% used [0x0000000784200000,0x0000000784200000,0x0000000784380000)
 ParOldGen       total 173568K, used 1415K [0x00000006c2800000, 0x00000006cd180000, 0x000000076b800000)
  object space 173568K, 0% used [0x00000006c2800000,0x00000006c2961f88,0x00000006cd180000)
 Metaspace       used 7886K, capacity 8486K, committed 8704K, reserved 1056768K
  class space    used 632K, capacity 658K, committed 768K, reserved 1048576K
}
Event: 2.612 GC heap before
{Heap before GC invocations=25 (full 0):
 PSYoungGen      total 148992K, used 148544K [0x000000076b800000, 0x0000000784500000, 0x00000007c0000000)
  eden space 148480K, 100% used [0x000000076b800000,0x0000000774900000,0x0000000774900000)
  from space 512K, 12% used [0x0000000784480000,0x0000000784490000,0x0000000784500000)
  to   space 1536K, 0% used [0x0000000784200000,0x0000000784200000,0x0000000784380000)
 ParOldGen       total 173568K, used 1415K [0x00000006c2800000, 0x00000006cd180000, 0x000000076b800000)
  object space 173568K, 0% used [0x00000006c2800000,0x00000006c2961f88,0x00000006cd180000)
 Metaspace       used 7886K, capacity 8486K, committed 8704K, reserved 1056768K
  class space    used 632K, capacity 658K, committed 768K, reserved 1048576K
Event: 2.613 GC heap after
Heap after GC invocations=25 (full 0):
 PSYoungGen      total 144896K, used 32K [0x000000076b800000, 0x0000000784500000, 0x00000007c0000000)
  eden space 143360K, 0% used [0x000000076b800000,0x000000076b800000,0x0000000774400000)
  from space 1536K, 2% used [0x0000000784200000,0x0000000784208000,0x0000000784380000)
  to   space 1536K, 0% used [0x0000000784380000,0x0000000784380000,0x0000000784500000)
 ParOldGen       total 173568K, used 1415K [0x00000006c2800000, 0x00000006cd180000, 0x000000076b800000)
  object space 173568K, 0% used [0x00000006c2800000,0x00000006c2961f88,0x00000006cd180000)
 Metaspace       used 7886K, capacity 8486K, committed 8704K, reserved 1056768K
  class space    used 632K, capacity 658K, committed 768K, reserved 1048576K
}
Event: 2.678 GC heap before
{Heap before GC invocations=26 (full 0):
 PSYoungGen      total 144896K, used 143392K [0x000000076b800000, 0x0000000784500000, 0x00000007c0000000)
  eden space 143360K, 100% used [0x000000076b800000,0x0000000774400000,0x0000000774400000)
  from space 1536K, 2% used [0x0000000784200000,0x0000000784208000,0x0000000784380000)
  to   space 1536K, 0% used [0x0000000784380000,0x0000000784380000,0x0000000784500000)
 ParOldGen       total 173568K, used 1415K [0x00000006c2800000, 0x00000006cd180000, 0x000000076b800000)
  object space 173568K, 0% used [0x00000006c2800000,0x00000006c2961f88,0x00000006cd180000)
 Metaspace       used 7887K, capacity 8486K, committed 8704K, reserved 1056768K
  class space    used 632K, capacity 658K, committed 768K, reserved 1048576K
Event: 2.678 GC heap after
Heap after GC invocations=26 (full 0):
 PSYoungGen      total 139264K, used 32K [0x000000076b800000, 0x0000000784400000, 0x00000007c0000000)
  eden space 138752K, 0% used [0x000000076b800000,0x000000076b800000,0x0000000773f80000)
  from space 512K, 6% used [0x0000000784380000,0x0000000784388000,0x0000000784400000)
  to   space 1536K, 0% used [0x0000000784100000,0x0000000784100000,0x0000000784280000)
 ParOldGen       total 173568K, used 1415K [0x00000006c2800000, 0x00000006cd180000, 0x000000076b800000)
  object space 173568K, 0% used [0x00000006c2800000,0x00000006c2961f88,0x00000006cd180000)
 Metaspace       used 7887K, capacity 8486K, committed 8704K, reserved 1056768K
  class space    used 632K, capacity 658K, committed 768K, reserved 1048576K
}
Event: 2.785 GC heap before
{Heap before GC invocations=27 (full 0):
 PSYoungGen      total 139264K, used 138784K [0x000000076b800000, 0x0000000784400000, 0x00000007c0000000)
  eden space 138752K, 100% used [0x000000076b800000,0x0000000773f80000,0x0000000773f80000)
  from space 512K, 6% used [0x0000000784380000,0x0000000784388000,0x0000000784400000)
  to   space 1536K, 0% used [0x0000000784100000,0x0000000784100000,0x0000000784280000)
 ParOldGen       total 173568K, used 1415K [0x00000006c2800000, 0x00000006cd180000, 0x000000076b800000)
  object space 173568K, 0% used [0x00000006c2800000,0x00000006c2961f88,0x00000006cd180000)
 Metaspace       used 7887K, capacity 8486K, committed 8704K, reserved 1056768K
  class space    used 632K, capacity 658K, committed 768K, reserved 1048576K
Event: 2.785 GC heap after
Heap after GC invocations=27 (full 0):
 PSYoungGen      total 135680K, used 32K [0x000000076b800000, 0x0000000784400000, 0x00000007c0000000)
  eden space 134144K, 0% used [0x000000076b800000,0x000000076b800000,0x0000000773b00000)
  from space 1536K, 2% used [0x0000000784100000,0x0000000784108000,0x0000000784280000)
  to   space 1536K, 0% used [0x0000000784280000,0x0000000784280000,0x0000000784400000)
 ParOldGen       total 173568K, used 1415K [0x00000006c2800000, 0x00000006cd180000, 0x000000076b800000)
  object space 173568K, 0% used [0x00000006c2800000,0x00000006c2961f88,0x00000006cd180000)
 Metaspace       used 7887K, capacity 8486K, committed 8704K, reserved 1056768K
  class space    used 632K, capacity 658K, committed 768K, reserved 1048576K
}

