# JRE version: Java(TM) SE Runtime Environment (8.0_65-b17) (build 1.8.0_65-b17)
# Java VM: Java HotSpot(TM) 64-Bit Server VM (25.65-b01 mixed mode windows-amd64 compressed oops)
Heap:
 PSYoungGen      total 43520K, used 39581K [0x000000076b800000, 0x000000078a100000, 0x00000007c0000000)
  eden space 43008K, 91% used [0x000000076b800000,0x000000076de9f648,0x000000076e200000)
  from space 512K, 6% used [0x000000078a000000,0x000000078a008000,0x000000078a080000)
  to   space 512K, 0% used [0x000000078a080000,0x000000078a080000,0x000000078a100000)
 ParOldGen       total 173568K, used 1348K [0x00000006c2800000, 0x00000006cd180000, 0x000000076b800000)
  object space 173568K, 0% used [0x00000006c2800000,0x00000006c2951060,0x00000006cd180000)
 Metaspace       used 8083K, capacity 8646K, committed 8960K, reserved 1056768K
  class space    used 646K, capacity 690K, committed 768K, reserved 1048576K
GC Heap History (10 events):
Event: 8.452 GC heap before
{Heap before GC invocations=85 (full 0):
 PSYoungGen      total 46080K, used 45728K [0x000000076b800000, 0x000000078a100000, 0x00000007c0000000)
  eden space 45568K, 100% used [0x000000076b800000,0x000000076e480000,0x000000076e480000)
  from space 512K, 31% used [0x000000078a080000,0x000000078a0a8000,0x000000078a100000)
  to   space 512K, 0% used [0x000000078a000000,0x000000078a000000,0x000000078a080000)
 ParOldGen       total 173568K, used 1292K [0x00000006c2800000, 0x00000006cd180000, 0x000000076b800000)
  object space 173568K, 0% used [0x00000006c2800000,0x00000006c2943060,0x00000006cd180000)
 Metaspace       used 8083K, capacity 8646K, committed 8960K, reserved 1056768K
  class space    used 646K, capacity 690K, committed 768K, reserved 1048576K
Event: 8.452 GC heap after
Heap after GC invocations=85 (full 0):
 PSYoungGen      total 45568K, used 192K [0x000000076b800000, 0x000000078a100000, 0x00000007c0000000)
  eden space 45056K, 0% used [0x000000076b800000,0x000000076b800000,0x000000076e400000)
  from space 512K, 37% used [0x000000078a000000,0x000000078a030000,0x000000078a080000)
  to   space 512K, 0% used [0x000000078a080000,0x000000078a080000,0x000000078a100000)
 ParOldGen       total 173568K, used 1292K [0x00000006c2800000, 0x00000006cd180000, 0x000000076b800000)
  object space 173568K, 0% used [0x00000006c2800000,0x00000006c2943060,0x00000006cd180000)
 Metaspace       used 8083K, capacity 8646K, committed 8960K, reserved 1056768K
  class space    used 646K, capacity 690K, committed 768K, reserved 1048576K
}
Event: 8.496 GC heap before
{Heap before GC invocations=86 (full 0):
 PSYoungGen      total 45568K, used 45248K [0x000000076b800000, 0x000000078a100000, 0x00000007c0000000)
  eden space 45056K, 100% used [0x000000076b800000,0x000000076e400000,0x000000076e400000)
  from space 512K, 37% used [0x000000078a000000,0x000000078a030000,0x000000078a080000)
  to   space 512K, 0% used [0x000000078a080000,0x000000078a080000,0x000000078a100000)
 ParOldGen       total 173568K, used 1292K [0x00000006c2800000, 0x00000006cd180000, 0x000000076b800000)
  object space 173568K, 0% used [0x00000006c2800000,0x00000006c2943060,0x00000006cd180000)
 Metaspace       used 8083K, capacity 8646K, committed 8960K, reserved 1056768K
  class space    used 646K, capacity 690K, committed 768K, reserved 1048576K
Event: 8.497 GC heap after
Heap after GC invocations=86 (full 0):
 PSYoungGen      total 45056K, used 128K [0x000000076b800000, 0x000000078a100000, 0x00000007c0000000)
  eden space 44544K, 0% used [0x000000076b800000,0x000000076b800000,0x000000076e380000)
  from space 512K, 25% used [0x000000078a080000,0x000000078a0a0000,0x000000078a100000)
  to   space 512K, 0% used [0x000000078a000000,0x000000078a000000,0x000000078a080000)
 ParOldGen       total 173568K, used 1292K [0x00000006c2800000, 0x00000006cd180000, 0x000000076b800000)
  object space 173568K, 0% used [0x00000006c2800000,0x00000006c2943060,0x00000006cd180000)
 Metaspace       used 8083K, capacity 8646K, committed 8960K, reserved 1056768K
  class space    used 646K, capacity 690K, committed 768K, reserved 1048576K
}
Event: 8.540 GC heap before
{Heap before GC invocations=87 (full 0):
 PSYoungGen      total 45056K, used 44672K [0x000000076b800000, 0x000000078a100000, 0x00000007c0000000)
  eden space 44544K, 100% used [0x000000076b800000,0x000000076e380000,0x000000076e380000)
  from space 512K, 25% used [0x000000078a080000,0x000000078a0a0000,0x000000078a100000)
  to   space 512K, 0% used [0x000000078a000000,0x000000078a000000,0x000000078a080000)
 ParOldGen       total 173568K, used 1292K [0x00000006c2800000, 0x00000006cd180000, 0x000000076b800000)
  object space 173568K, 0% used [0x00000006c2800000,0x00000006c2943060,0x00000006cd180000)
 Metaspace       used 8083K, capacity 8646K, committed 8960K, reserved 1056768K
  class space    used 646K, capacity 690K, committed 768K, reserved 1048576K
Event: 8.540 GC heap after
Heap after GC invocations=87 (full 0):
 PSYoungGen      total 44544K, used 192K [0x000000076b800000, 0x000000078a100000, 0x00000007c0000000)
  eden space 44032K, 0% used [0x000000076b800000,0x000000076b800000,0x000000076e300000)
  from space 512K, 37% used [0x000000078a000000,0x000000078a030000,0x000000078a080000)
  to   space 512K, 0% used [0x000000078a080000,0x000000078a080000,0x000000078a100000)
 ParOldGen       total 173568K, used 1292K [0x00000006c2800000, 0x00000006cd180000, 0x000000076b800000)
  object space 173568K, 0% used [0x00000006c2800000,0x00000006c2943060,0x00000006cd180000)
 Metaspace       used 8083K, capacity 8646K, committed 8960K, reserved 1056768K
  class space    used 646K, capacity 690K, committed 768K, reserved 1048576K
}
Event: 8.596 GC heap before
{Heap before GC invocations=88 (full 0):
 PSYoungGen      total 44544K, used 44224K [0x000000076b800000, 0x000000078a100000, 0x00000007c0000000)
  eden space 44032K, 100% used [0x000000076b800000,0x000000076e300000,0x000000076e300000)
  from space 512K, 37% used [0x000000078a000000,0x000000078a030000,0x000000078a080000)
  to   space 512K, 0% used [0x000000078a080000,0x000000078a080000,0x000000078a100000)
 ParOldGen       total 173568K, used 1292K [0x00000006c2800000, 0x00000006cd180000, 0x000000076b800000)
  object space 173568K, 0% used [0x00000006c2800000,0x00000006c2943060,0x00000006cd180000)
 Metaspace       used 8083K, capacity 8646K, committed 8960K, reserved 1056768K
  class space    used 646K, capacity 690K, committed 768K, reserved 1048576K
Event: 8.597 GC heap after
Heap after GC invocations=88 (full 0):
 PSYoungGen      total 44032K, used 128K [0x000000076b800000, 0x000000078a100000, 0x00000007c0000000)
  eden space 43520K, 0% used [0x000000076b800000,0x000000076b800000,0x000000076e280000)
  from space 512K, 25% used [0x000000078a080000,0x000000078a0a0000,0x000000078a100000)
  to   space 512K, 0% used [0x000000078a000000,0x000000078a000000,0x000000078a080000)
 ParOldGen       total 173568K, used 1324K [0x00000006c2800000, 0x00000006cd180000, 0x000000076b800000)
  object space 173568K, 0% used [0x00000006c2800000,0x00000006c294b060,0x00000006cd180000)
 Metaspace       used 8083K, capacity 8646K, committed 8960K, reserved 1056768K
  class space    used 646K, capacity 690K, committed 768K, reserved 1048576K
}
Event: 8.658 GC heap before
{Heap before GC invocations=89 (full 0):
 PSYoungGen      total 44032K, used 43648K [0x000000076b800000, 0x000000078a100000, 0x00000007c0000000)
  eden space 43520K, 100% used [0x000000076b800000,0x000000076e280000,0x000000076e280000)
  from space 512K, 25% used [0x000000078a080000,0x000000078a0a0000,0x000000078a100000)
  to   space 512K, 0% used [0x000000078a000000,0x000000078a000000,0x000000078a080000)
 ParOldGen       total 173568K, used 1324K [0x00000006c2800000, 0x00000006cd180000, 0x000000076b800000)
  object space 173568K, 0% used [0x00000006c2800000,0x00000006c294b060,0x00000006cd180000)
 Metaspace       used 8083K, capacity 8646K, committed 8960K, reserved 1056768K
  class space    used 646K, capacity 690K, committed 768K, reserved 1048576K
Event: 8.658 GC heap after
Heap after GC invocations=89 (full 0):
 PSYoungGen      total 43520K, used 32K [0x000000076b800000, 0x000000078a100000, 0x00000007c0000000)
  eden space 43008K, 0% used [0x000000076b800000,0x000000076b800000,0x000000076e200000)
  from space 512K, 6% used [0x000000078a000000,0x000000078a008000,0x000000078a080000)
  to   space 512K, 0% used [0x000000078a080000,0x000000078a080000,0x000000078a100000)
 ParOldGen       total 173568K, used 1348K [0x00000006c2800000, 0x00000006cd180000, 0x000000076b800000)
  object space 173568K, 0% used [0x00000006c2800000,0x00000006c2951060,0x00000006cd180000)
 Metaspace       used 8083K, capacity 8646K, committed 8960K, reserved 1056768K
  class space    used 646K, capacity 690K, committed 768K, reserved 1048576K
}

