# JRE version: Java(TM) SE Runtime Environment (8.0_65-b17) (build 1.8.0_65-b17)
# Java VM: Java HotSpot(TM) 64-Bit Server VM (25.65-b01 mixed mode windows-amd64 compressed oops)
Heap:
 PSYoungGen      total 786944K, used 56437K [0x000000076b800000, 0x000000079e300000, 0x00000007c0000000)
  eden space 786432K, 7% used [0x000000076b800000,0x000000076eee57e8,0x000000079b800000)
  from space 512K, 43% used [0x000000079dd00000,0x000000079dd38000,0x000000079dd80000)
  to   space 5632K, 0% used [0x000000079dd80000,0x000000079dd80000,0x000000079e300000)
 ParOldGen       total 173568K, used 8887K [0x00000006c2800000, 0x00000006cd180000, 0x000000076b800000)
  object space 173568K, 5% used [0x00000006c2800000,0x00000006c30adcd8,0x00000006cd180000)
 Metaspace       used 8250K, capacity 8646K, committed 8960K, reserved 1056768K
  class space    used 655K, capacity 690K, committed 768K, reserved 1048576K
GC Heap History (10 events):
Event: 1.063 GC heap before
{Heap before GC invocations=7 (full 0):
 PSYoungGen      total 260608K, used 260597K [0x000000076b800000, 0x000000077bb00000, 0x00000007c0000000)
  eden space 259072K, 100% used [0x000000076b800000,0x000000077b500000,0x000000077b500000)
  from space 1536K, 99% used [0x000000077b780000,0x000000077b8fd4f0,0x000000077b900000)
  to   space 2560K, 0% used [0x000000077b500000,0x000000077b500000,0x000000077b780000)
 ParOldGen       total 173568K, used 807K [0x00000006c2800000, 0x00000006cd180000, 0x000000076b800000)
  object space 173568K, 0% used [0x00000006c2800000,0x00000006c28c9c68,0x00000006cd180000)
 Metaspace       used 8127K, capacity 8550K, committed 8704K, reserved 1056768K
  class space    used 649K, capacity 658K, committed 768K, reserved 1048576K
Event: 1.066 GC heap after
Heap after GC invocations=7 (full 0):
 PSYoungGen      total 261632K, used 1570K [0x000000076b800000, 0x000000078b700000, 0x00000007c0000000)
  eden space 259072K, 0% used [0x000000076b800000,0x000000076b800000,0x000000077b500000)
  from space 2560K, 61% used [0x000000077b500000,0x000000077b688858,0x000000077b780000)
  to   space 2560K, 0% used [0x000000078b480000,0x000000078b480000,0x000000078b700000)
 ParOldGen       total 173568K, used 1451K [0x00000006c2800000, 0x00000006cd180000, 0x000000076b800000)
  object space 173568K, 0% used [0x00000006c2800000,0x00000006c296acc8,0x00000006cd180000)
 Metaspace       used 8127K, capacity 8550K, committed 8704K, reserved 1056768K
  class space    used 649K, capacity 658K, committed 768K, reserved 1048576K
}
Event: 1.290 GC heap before
{Heap before GC invocations=8 (full 0):
 PSYoungGen      total 261632K, used 260642K [0x000000076b800000, 0x000000078b700000, 0x00000007c0000000)
  eden space 259072K, 100% used [0x000000076b800000,0x000000077b500000,0x000000077b500000)
  from space 2560K, 61% used [0x000000077b500000,0x000000077b688858,0x000000077b780000)
  to   space 2560K, 0% used [0x000000078b480000,0x000000078b480000,0x000000078b700000)
 ParOldGen       total 173568K, used 1451K [0x00000006c2800000, 0x00000006cd180000, 0x000000076b800000)
  object space 173568K, 0% used [0x00000006c2800000,0x00000006c296acc8,0x00000006cd180000)
 Metaspace       used 8172K, capacity 8550K, committed 8704K, reserved 1056768K
  class space    used 651K, capacity 658K, committed 768K, reserved 1048576K
Event: 1.297 GC heap after
Heap after GC invocations=8 (full 0):
 PSYoungGen      total 517632K, used 2529K [0x000000076b800000, 0x000000078bd00000, 0x00000007c0000000)
  eden space 515072K, 0% used [0x000000076b800000,0x000000076b800000,0x000000078af00000)
  from space 2560K, 98% used [0x000000078b480000,0x000000078b6f8630,0x000000078b700000)
  to   space 5632K, 0% used [0x000000078af00000,0x000000078af00000,0x000000078b480000)
 ParOldGen       total 173568K, used 7971K [0x00000006c2800000, 0x00000006cd180000, 0x000000076b800000)
  object space 173568K, 4% used [0x00000006c2800000,0x00000006c2fc8cc8,0x00000006cd180000)
 Metaspace       used 8172K, capacity 8550K, committed 8704K, reserved 1056768K
  class space    used 651K, capacity 658K, committed 768K, reserved 1048576K
}
Event: 1.737 GC heap before
{Heap before GC invocations=9 (full 0):
 PSYoungGen      total 517632K, used 517601K [0x000000076b800000, 0x000000078bd00000, 0x00000007c0000000)
  eden space 515072K, 100% used [0x000000076b800000,0x000000078af00000,0x000000078af00000)
  from space 2560K, 98% used [0x000000078b480000,0x000000078b6f8630,0x000000078b700000)
  to   space 5632K, 0% used [0x000000078af00000,0x000000078af00000,0x000000078b480000)
 ParOldGen       total 173568K, used 7971K [0x00000006c2800000, 0x00000006cd180000, 0x000000076b800000)
  object space 173568K, 4% used [0x00000006c2800000,0x00000006c2fc8cc8,0x00000006cd180000)
 Metaspace       used 8238K, capacity 8646K, committed 8960K, reserved 1056768K
  class space    used 655K, capacity 690K, committed 768K, reserved 1048576K
Event: 1.739 GC heap after
Heap after GC invocations=9 (full 0):
 PSYoungGen      total 520704K, used 672K [0x000000076b800000, 0x000000079e800000, 0x00000007c0000000)
  eden space 515072K, 0% used [0x000000076b800000,0x000000076b800000,0x000000078af00000)
  from space 5632K, 11% used [0x000000078af00000,0x000000078afa8000,0x000000078b480000)
  to   space 5632K, 0% used [0x000000079e280000,0x000000079e280000,0x000000079e800000)
 ParOldGen       total 173568K, used 8307K [0x00000006c2800000, 0x00000006cd180000, 0x000000076b800000)
  object space 173568K, 4% used [0x00000006c2800000,0x00000006c301ccc8,0x00000006cd180000)
 Metaspace       used 8238K, capacity 8646K, committed 8960K, reserved 1056768K
  class space    used 655K, capacity 690K, committed 768K, reserved 1048576K
}
Event: 2.283 GC heap before
{Heap before GC invocations=10 (full 0):
 PSYoungGen      total 520704K, used 515744K [0x000000076b800000, 0x000000079e800000, 0x00000007c0000000)
  eden space 515072K, 100% used [0x000000076b800000,0x000000078af00000,0x000000078af00000)
  from space 5632K, 11% used [0x000000078af00000,0x000000078afa8000,0x000000078b480000)
  to   space 5632K, 0% used [0x000000079e280000,0x000000079e280000,0x000000079e800000)
 ParOldGen       total 173568K, used 8307K [0x00000006c2800000, 0x00000006cd180000, 0x000000076b800000)
  object space 173568K, 4% used [0x00000006c2800000,0x00000006c301ccc8,0x00000006cd180000)
 Metaspace       used 8240K, capacity 8646K, committed 8960K, reserved 1056768K
  class space    used 655K, capacity 690K, committed 768K, reserved 1048576K
Event: 2.285 GC heap after
Heap after GC invocations=10 (full 0):
 PSYoungGen      total 829952K, used 96K [0x000000076b800000, 0x000000079e800000, 0x00000007c0000000)
  eden space 824320K, 0% used [0x000000076b800000,0x000000076b800000,0x000000079dd00000)
  from space 5632K, 1% used [0x000000079e280000,0x000000079e298000,0x000000079e800000)
  to   space 5632K, 0% used [0x000000079dd00000,0x000000079dd00000,0x000000079e280000)
 ParOldGen       total 173568K, used 8823K [0x00000006c2800000, 0x00000006cd180000, 0x000000076b800000)
  object space 173568K, 5% used [0x00000006c2800000,0x00000006c309dcd8,0x00000006cd180000)
 Metaspace       used 8240K, capacity 8646K, committed 8960K, reserved 1056768K
  class space    used 655K, capacity 690K, committed 768K, reserved 1048576K
}
Event: 3.101 GC heap before
{Heap before GC invocations=11 (full 0):
 PSYoungGen      total 829952K, used 824416K [0x000000076b800000, 0x000000079e800000, 0x00000007c0000000)
  eden space 824320K, 100% used [0x000000076b800000,0x000000079dd00000,0x000000079dd00000)
  from space 5632K, 1% used [0x000000079e280000,0x000000079e298000,0x000000079e800000)
  to   space 5632K, 0% used [0x000000079dd00000,0x000000079dd00000,0x000000079e280000)
 ParOldGen       total 173568K, used 8823K [0x00000006c2800000, 0x00000006cd180000, 0x000000076b800000)
  object space 173568K, 5% used [0x00000006c2800000,0x00000006c309dcd8,0x00000006cd180000)
 Metaspace       used 8249K, capacity 8646K, committed 8960K, reserved 1056768K
  class space    used 655K, capacity 690K, committed 768K, reserved 1048576K
Event: 3.101 GC heap after
Heap after GC invocations=11 (full 0):
 PSYoungGen      total 786944K, used 224K [0x000000076b800000, 0x000000079e300000, 0x00000007c0000000)
  eden space 786432K, 0% used [0x000000076b800000,0x000000076b800000,0x000000079b800000)
  from space 512K, 43% used [0x000000079dd00000,0x000000079dd38000,0x000000079dd80000)
  to   space 5632K, 0% used [0x000000079dd80000,0x000000079dd80000,0x000000079e300000)
 ParOldGen       total 173568K, used 8887K [0x00000006c2800000, 0x00000006cd180000, 0x000000076b800000)
  object space 173568K, 5% used [0x00000006c2800000,0x00000006c30adcd8,0x00000006cd180000)
 Metaspace       used 8249K, capacity 8646K, committed 8960K, reserved 1056768K
  class space    used 655K, capacity 690K, committed 768K, reserved 1048576K
}

