# JRE version: Java(TM) SE Runtime Environment (8.0_65-b17) (build 1.8.0_65-b17)
# Java VM: Java HotSpot(TM) 64-Bit Server VM (25.65-b01 mixed mode windows-amd64 compressed oops)
Heap:
 PSYoungGen      total 151040K, used 43266K [0x000000076b800000, 0x000000077ad80000, 0x00000007c0000000)
  eden space 148992K, 28% used [0x000000076b800000,0x000000076e220878,0x0000000774980000)
  from space 2048K, 6% used [0x000000077a980000,0x000000077a9a0000,0x000000077ab80000)
  to   space 2048K, 0% used [0x000000077ab80000,0x000000077ab80000,0x000000077ad80000)
 ParOldGen       total 173568K, used 1304K [0x00000006c2800000, 0x00000006cd180000, 0x000000076b800000)
  object space 173568K, 0% used [0x00000006c2800000,0x00000006c2946050,0x00000006cd180000)
 Metaspace       used 8065K, capacity 8646K, committed 8960K, reserved 1056768K
  class space    used 646K, capacity 690K, committed 768K, reserved 1048576K
GC Heap History (10 events):
Event: 2.486 GC heap before
{Heap before GC invocations=17 (full 0):
 PSYoungGen      total 178176K, used 177792K [0x000000076b800000, 0x000000077b080000, 0x00000007c0000000)
  eden space 177664K, 100% used [0x000000076b800000,0x0000000776580000,0x0000000776580000)
  from space 512K, 25% used [0x000000077b000000,0x000000077b020000,0x000000077b080000)
  to   space 2048K, 0% used [0x000000077ac80000,0x000000077ac80000,0x000000077ae80000)
 ParOldGen       total 173568K, used 1248K [0x00000006c2800000, 0x00000006cd180000, 0x000000076b800000)
  object space 173568K, 0% used [0x00000006c2800000,0x00000006c2938050,0x00000006cd180000)
 Metaspace       used 8059K, capacity 8646K, committed 8960K, reserved 1056768K
  class space    used 646K, capacity 690K, committed 768K, reserved 1048576K
Event: 2.487 GC heap after
Heap after GC invocations=17 (full 0):
 PSYoungGen      total 173568K, used 96K [0x000000076b800000, 0x000000077b080000, 0x00000007c0000000)
  eden space 171520K, 0% used [0x000000076b800000,0x000000076b800000,0x0000000775f80000)
  from space 2048K, 4% used [0x000000077ac80000,0x000000077ac98000,0x000000077ae80000)
  to   space 2048K, 0% used [0x000000077ae80000,0x000000077ae80000,0x000000077b080000)
 ParOldGen       total 173568K, used 1280K [0x00000006c2800000, 0x00000006cd180000, 0x000000076b800000)
  object space 173568K, 0% used [0x00000006c2800000,0x00000006c2940050,0x00000006cd180000)
 Metaspace       used 8059K, capacity 8646K, committed 8960K, reserved 1056768K
  class space    used 646K, capacity 690K, committed 768K, reserved 1048576K
}
Event: 2.681 GC heap before
{Heap before GC invocations=18 (full 0):
 PSYoungGen      total 173568K, used 171616K [0x000000076b800000, 0x000000077b080000, 0x00000007c0000000)
  eden space 171520K, 100% used [0x000000076b800000,0x0000000775f80000,0x0000000775f80000)
  from space 2048K, 4% used [0x000000077ac80000,0x000000077ac98000,0x000000077ae80000)
  to   space 2048K, 0% used [0x000000077ae80000,0x000000077ae80000,0x000000077b080000)
 ParOldGen       total 173568K, used 1280K [0x00000006c2800000, 0x00000006cd180000, 0x000000076b800000)
  object space 173568K, 0% used [0x00000006c2800000,0x00000006c2940050,0x00000006cd180000)
 Metaspace       used 8059K, capacity 8646K, committed 8960K, reserved 1056768K
  class space    used 646K, capacity 690K, committed 768K, reserved 1048576K
Event: 2.682 GC heap after
Heap after GC invocations=18 (full 0):
 PSYoungGen      total 165888K, used 160K [0x000000076b800000, 0x000000077af00000, 0x00000007c0000000)
  eden space 165376K, 0% used [0x000000076b800000,0x000000076b800000,0x0000000775980000)
  from space 512K, 31% used [0x000000077ae80000,0x000000077aea8000,0x000000077af00000)
  to   space 2048K, 0% used [0x000000077ab00000,0x000000077ab00000,0x000000077ad00000)
 ParOldGen       total 173568K, used 1280K [0x00000006c2800000, 0x00000006cd180000, 0x000000076b800000)
  object space 173568K, 0% used [0x00000006c2800000,0x00000006c2940050,0x00000006cd180000)
 Metaspace       used 8059K, capacity 8646K, committed 8960K, reserved 1056768K
  class space    used 646K, capacity 690K, committed 768K, reserved 1048576K
}
Event: 2.828 GC heap before
{Heap before GC invocations=19 (full 0):
 PSYoungGen      total 165888K, used 165536K [0x000000076b800000, 0x000000077af00000, 0x00000007c0000000)
  eden space 165376K, 100% used [0x000000076b800000,0x0000000775980000,0x0000000775980000)
  from space 512K, 31% used [0x000000077ae80000,0x000000077aea8000,0x000000077af00000)
  to   space 2048K, 0% used [0x000000077ab00000,0x000000077ab00000,0x000000077ad00000)
 ParOldGen       total 173568K, used 1280K [0x00000006c2800000, 0x00000006cd180000, 0x000000076b800000)
  object space 173568K, 0% used [0x00000006c2800000,0x00000006c2940050,0x00000006cd180000)
 Metaspace       used 8059K, capacity 8646K, committed 8960K, reserved 1056768K
  class space    used 646K, capacity 690K, committed 768K, reserved 1048576K
Event: 2.828 GC heap after
Heap after GC invocations=19 (full 0):
 PSYoungGen      total 161792K, used 192K [0x000000076b800000, 0x000000077af00000, 0x00000007c0000000)
  eden space 159744K, 0% used [0x000000076b800000,0x000000076b800000,0x0000000775400000)
  from space 2048K, 9% used [0x000000077ab00000,0x000000077ab30000,0x000000077ad00000)
  to   space 2048K, 0% used [0x000000077ad00000,0x000000077ad00000,0x000000077af00000)
 ParOldGen       total 173568K, used 1280K [0x00000006c2800000, 0x00000006cd180000, 0x000000076b800000)
  object space 173568K, 0% used [0x00000006c2800000,0x00000006c2940050,0x00000006cd180000)
 Metaspace       used 8059K, capacity 8646K, committed 8960K, reserved 1056768K
  class space    used 646K, capacity 690K, committed 768K, reserved 1048576K
}
Event: 3.008 GC heap before
{Heap before GC invocations=20 (full 0):
 PSYoungGen      total 161792K, used 159936K [0x000000076b800000, 0x000000077af00000, 0x00000007c0000000)
  eden space 159744K, 100% used [0x000000076b800000,0x0000000775400000,0x0000000775400000)
  from space 2048K, 9% used [0x000000077ab00000,0x000000077ab30000,0x000000077ad00000)
  to   space 2048K, 0% used [0x000000077ad00000,0x000000077ad00000,0x000000077af00000)
 ParOldGen       total 173568K, used 1280K [0x00000006c2800000, 0x00000006cd180000, 0x000000076b800000)
  object space 173568K, 0% used [0x00000006c2800000,0x00000006c2940050,0x00000006cd180000)
 Metaspace       used 8065K, capacity 8646K, committed 8960K, reserved 1056768K
  class space    used 646K, capacity 690K, committed 768K, reserved 1048576K
Event: 3.008 GC heap after
Heap after GC invocations=20 (full 0):
 PSYoungGen      total 154624K, used 192K [0x000000076b800000, 0x000000077ad80000, 0x00000007c0000000)
  eden space 154112K, 0% used [0x000000076b800000,0x000000076b800000,0x0000000774e80000)
  from space 512K, 37% used [0x000000077ad00000,0x000000077ad30000,0x000000077ad80000)
  to   space 2048K, 0% used [0x000000077a980000,0x000000077a980000,0x000000077ab80000)
 ParOldGen       total 173568K, used 1288K [0x00000006c2800000, 0x00000006cd180000, 0x000000076b800000)
  object space 173568K, 0% used [0x00000006c2800000,0x00000006c2942050,0x00000006cd180000)
 Metaspace       used 8065K, capacity 8646K, committed 8960K, reserved 1056768K
  class space    used 646K, capacity 690K, committed 768K, reserved 1048576K
}
Event: 3.136 GC heap before
{Heap before GC invocations=21 (full 0):
 PSYoungGen      total 154624K, used 154304K [0x000000076b800000, 0x000000077ad80000, 0x00000007c0000000)
  eden space 154112K, 100% used [0x000000076b800000,0x0000000774e80000,0x0000000774e80000)
  from space 512K, 37% used [0x000000077ad00000,0x000000077ad30000,0x000000077ad80000)
  to   space 2048K, 0% used [0x000000077a980000,0x000000077a980000,0x000000077ab80000)
 ParOldGen       total 173568K, used 1288K [0x00000006c2800000, 0x00000006cd180000, 0x000000076b800000)
  object space 173568K, 0% used [0x00000006c2800000,0x00000006c2942050,0x00000006cd180000)
 Metaspace       used 8065K, capacity 8646K, committed 8960K, reserved 1056768K
  class space    used 646K, capacity 690K, committed 768K, reserved 1048576K
Event: 3.136 GC heap after
Heap after GC invocations=21 (full 0):
 PSYoungGen      total 151040K, used 128K [0x000000076b800000, 0x000000077ad80000, 0x00000007c0000000)
  eden space 148992K, 0% used [0x000000076b800000,0x000000076b800000,0x0000000774980000)
  from space 2048K, 6% used [0x000000077a980000,0x000000077a9a0000,0x000000077ab80000)
  to   space 2048K, 0% used [0x000000077ab80000,0x000000077ab80000,0x000000077ad80000)
 ParOldGen       total 173568K, used 1304K [0x00000006c2800000, 0x00000006cd180000, 0x000000076b800000)
  object space 173568K, 0% used [0x00000006c2800000,0x00000006c2946050,0x00000006cd180000)
 Metaspace       used 8065K, capacity 8646K, committed 8960K, reserved 1056768K
  class space    used 646K, capacity 690K, committed 768K, reserved 1048576K
}

