# JRE version: Java(TM) SE Runtime Environment (8.0_65-b17) (build 1.8.0_65-b17)
# Java VM: Java HotSpot(TM) 64-Bit Server VM (25.65-b01 mixed mode windows-amd64 compressed oops)
Heap:
 PSYoungGen      total 1315328K, used 1000095K [0x000000076b800000, 0x00000007bff80000, 0x00000007c0000000)
  eden space 1302016K, 76% used [0x000000076b800000,0x00000007a886fe58,0x00000007baf80000)
  from space 13312K, 1% used [0x00000007baf80000,0x00000007bafb8000,0x00000007bbc80000)
  to   space 12800K, 0% used [0x00000007bf300000,0x00000007bf300000,0x00000007bff80000)
 ParOldGen       total 173568K, used 27664K [0x00000006c2800000, 0x00000006cd180000, 0x000000076b800000)
  object space 173568K, 15% used [0x00000006c2800000,0x00000006c43043a8,0x00000006cd180000)
 Metaspace       used 8310K, capacity 8710K, committed 8960K, reserved 1056768K
  class space    used 659K, capacity 690K, committed 768K, reserved 1048576K
GC Heap History (10 events):
Event: 1.505 GC heap before
{Heap before GC invocations=9 (full 0):
 PSYoungGen      total 513536K, used 513534K [0x000000076b800000, 0x000000078cf00000, 0x00000007c0000000)
  eden space 508416K, 100% used [0x000000076b800000,0x000000078a880000,0x000000078a880000)
  from space 5120K, 99% used [0x000000078b700000,0x000000078bbff990,0x000000078bc00000)
  to   space 14848K, 0% used [0x000000078a880000,0x000000078a880000,0x000000078b700000)
 ParOldGen       total 173568K, used 25204K [0x00000006c2800000, 0x00000006cd180000, 0x000000076b800000)
  object space 173568K, 14% used [0x00000006c2800000,0x00000006c409d398,0x00000006cd180000)
 Metaspace       used 8264K, capacity 8646K, committed 8960K, reserved 1056768K
  class space    used 659K, capacity 690K, committed 768K, reserved 1048576K
Event: 1.510 GC heap after
Heap after GC invocations=9 (full 0):
 PSYoungGen      total 523264K, used 2272K [0x000000076b800000, 0x000000079ee80000, 0x00000007c0000000)
  eden space 508416K, 0% used [0x000000076b800000,0x000000076b800000,0x000000078a880000)
  from space 14848K, 15% used [0x000000078a880000,0x000000078aab8000,0x000000078b700000)
  to   space 14336K, 0% used [0x000000079e080000,0x000000079e080000,0x000000079ee80000)
 ParOldGen       total 173568K, used 25512K [0x00000006c2800000, 0x00000006cd180000, 0x000000076b800000)
  object space 173568K, 14% used [0x00000006c2800000,0x00000006c40ea3a8,0x00000006cd180000)
 Metaspace       used 8264K, capacity 8646K, committed 8960K, reserved 1056768K
  class space    used 659K, capacity 690K, committed 768K, reserved 1048576K
}
Event: 1.724 GC heap before
{Heap before GC invocations=10 (full 0):
 PSYoungGen      total 523264K, used 510688K [0x000000076b800000, 0x000000079ee80000, 0x00000007c0000000)
  eden space 508416K, 100% used [0x000000076b800000,0x000000078a880000,0x000000078a880000)
  from space 14848K, 15% used [0x000000078a880000,0x000000078aab8000,0x000000078b700000)
  to   space 14336K, 0% used [0x000000079e080000,0x000000079e080000,0x000000079ee80000)
 ParOldGen       total 173568K, used 25512K [0x00000006c2800000, 0x00000006cd180000, 0x000000076b800000)
  object space 173568K, 14% used [0x00000006c2800000,0x00000006c40ea3a8,0x00000006cd180000)
 Metaspace       used 8266K, capacity 8646K, committed 8960K, reserved 1056768K
  class space    used 659K, capacity 690K, committed 768K, reserved 1048576K
Event: 1.728 GC heap after
Heap after GC invocations=10 (full 0):
 PSYoungGen      total 826880K, used 544K [0x000000076b800000, 0x000000079ed80000, 0x00000007c0000000)
  eden space 813568K, 0% used [0x000000076b800000,0x000000076b800000,0x000000079d280000)
  from space 13312K, 4% used [0x000000079e080000,0x000000079e108000,0x000000079ed80000)
  to   space 13824K, 0% used [0x000000079d280000,0x000000079d280000,0x000000079e000000)
 ParOldGen       total 173568K, used 27152K [0x00000006c2800000, 0x00000006cd180000, 0x000000076b800000)
  object space 173568K, 15% used [0x00000006c2800000,0x00000006c42843a8,0x00000006cd180000)
 Metaspace       used 8266K, capacity 8646K, committed 8960K, reserved 1056768K
  class space    used 659K, capacity 690K, committed 768K, reserved 1048576K
}
Event: 2.098 GC heap before
{Heap before GC invocations=11 (full 0):
 PSYoungGen      total 826880K, used 814112K [0x000000076b800000, 0x000000079ed80000, 0x00000007c0000000)
  eden space 813568K, 100% used [0x000000076b800000,0x000000079d280000,0x000000079d280000)
  from space 13312K, 4% used [0x000000079e080000,0x000000079e108000,0x000000079ed80000)
  to   space 13824K, 0% used [0x000000079d280000,0x000000079d280000,0x000000079e000000)
 ParOldGen       total 173568K, used 27152K [0x00000006c2800000, 0x00000006cd180000, 0x000000076b800000)
  object space 173568K, 15% used [0x00000006c2800000,0x00000006c42843a8,0x00000006cd180000)
 Metaspace       used 8275K, capacity 8646K, committed 8960K, reserved 1056768K
  class space    used 659K, capacity 690K, committed 768K, reserved 1048576K
Event: 2.099 GC heap after
Heap after GC invocations=11 (full 0):
 PSYoungGen      total 827392K, used 128K [0x000000076b800000, 0x00000007bca80000, 0x00000007c0000000)
  eden space 813568K, 0% used [0x000000076b800000,0x000000076b800000,0x000000079d280000)
  from space 13824K, 0% used [0x000000079d280000,0x000000079d2a0000,0x000000079e000000)
  to   space 13824K, 0% used [0x00000007bbd00000,0x00000007bbd00000,0x00000007bca80000)
 ParOldGen       total 173568K, used 27624K [0x00000006c2800000, 0x00000006cd180000, 0x000000076b800000)
  object space 173568K, 15% used [0x00000006c2800000,0x00000006c42fa3a8,0x00000006cd180000)
 Metaspace       used 8275K, capacity 8646K, committed 8960K, reserved 1056768K
  class space    used 659K, capacity 690K, committed 768K, reserved 1048576K
}
Event: 2.443 GC heap before
{Heap before GC invocations=12 (full 0):
 PSYoungGen      total 827392K, used 813696K [0x000000076b800000, 0x00000007bca80000, 0x00000007c0000000)
  eden space 813568K, 100% used [0x000000076b800000,0x000000079d280000,0x000000079d280000)
  from space 13824K, 0% used [0x000000079d280000,0x000000079d2a0000,0x000000079e000000)
  to   space 13824K, 0% used [0x00000007bbd00000,0x00000007bbd00000,0x00000007bca80000)
 ParOldGen       total 173568K, used 27624K [0x00000006c2800000, 0x00000006cd180000, 0x000000076b800000)
  object space 173568K, 15% used [0x00000006c2800000,0x00000006c42fa3a8,0x00000006cd180000)
 Metaspace       used 8297K, capacity 8710K, committed 8960K, reserved 1056768K
  class space    used 659K, capacity 690K, committed 768K, reserved 1048576K
Event: 2.444 GC heap after
Heap after GC invocations=12 (full 0):
 PSYoungGen      total 1314816K, used 160K [0x000000076b800000, 0x00000007bc980000, 0x00000007c0000000)
  eden space 1302016K, 0% used [0x000000076b800000,0x000000076b800000,0x00000007baf80000)
  from space 12800K, 1% used [0x00000007bbd00000,0x00000007bbd28000,0x00000007bc980000)
  to   space 13312K, 0% used [0x00000007baf80000,0x00000007baf80000,0x00000007bbc80000)
 ParOldGen       total 173568K, used 27632K [0x00000006c2800000, 0x00000006cd180000, 0x000000076b800000)
  object space 173568K, 15% used [0x00000006c2800000,0x00000006c42fc3a8,0x00000006cd180000)
 Metaspace       used 8297K, capacity 8710K, committed 8960K, reserved 1056768K
  class space    used 659K, capacity 690K, committed 768K, reserved 1048576K
}
Event: 3.070 GC heap before
{Heap before GC invocations=13 (full 0):
 PSYoungGen      total 1314816K, used 1302176K [0x000000076b800000, 0x00000007bc980000, 0x00000007c0000000)
  eden space 1302016K, 100% used [0x000000076b800000,0x00000007baf80000,0x00000007baf80000)
  from space 12800K, 1% used [0x00000007bbd00000,0x00000007bbd28000,0x00000007bc980000)
  to   space 13312K, 0% used [0x00000007baf80000,0x00000007baf80000,0x00000007bbc80000)
 ParOldGen       total 173568K, used 27632K [0x00000006c2800000, 0x00000006cd180000, 0x000000076b800000)
  object space 173568K, 15% used [0x00000006c2800000,0x00000006c42fc3a8,0x00000006cd180000)
 Metaspace       used 8305K, capacity 8710K, committed 8960K, reserved 1056768K
  class space    used 659K, capacity 690K, committed 768K, reserved 1048576K
Event: 3.071 GC heap after
Heap after GC invocations=13 (full 0):
 PSYoungGen      total 1315328K, used 224K [0x000000076b800000, 0x00000007bff80000, 0x00000007c0000000)
  eden space 1302016K, 0% used [0x000000076b800000,0x000000076b800000,0x00000007baf80000)
  from space 13312K, 1% used [0x00000007baf80000,0x00000007bafb8000,0x00000007bbc80000)
  to   space 12800K, 0% used [0x00000007bf300000,0x00000007bf300000,0x00000007bff80000)
 ParOldGen       total 173568K, used 27664K [0x00000006c2800000, 0x00000006cd180000, 0x000000076b800000)
  object space 173568K, 15% used [0x00000006c2800000,0x00000006c43043a8,0x00000006cd180000)
 Metaspace       used 8305K, capacity 8710K, committed 8960K, reserved 1056768K
  class space    used 659K, capacity 690K, committed 768K, reserved 1048576K
}

