# JRE version: Java(TM) SE Runtime Environment (8.0_65-b17) (build 1.8.0_65-b17)
# Java VM: Java HotSpot(TM) 64-Bit Server VM (25.65-b01 mixed mode windows-amd64 compressed oops)
Heap:
 PSYoungGen      total 63488K, used 8999K [0x000000076b800000, 0x0000000784000000, 0x00000007c0000000)
  eden space 62976K, 14% used [0x000000076b800000,0x000000076c0b9e58,0x000000076f580000)
  from space 512K, 12% used [0x0000000783f00000,0x0000000783f10000,0x0000000783f80000)
  to   space 512K, 0% used [0x0000000783f80000,0x0000000783f80000,0x0000000784000000)
 ParOldGen       total 173568K, used 1820K [0x00000006c2800000, 0x00000006cd180000, 0x000000076b800000)
  object space 173568K, 1% used [0x00000006c2800000,0x00000006c29c72b8,0x00000006cd180000)
 Metaspace       used 8098K, capacity 8646K, committed 8960K, reserved 1056768K
  class space    used 646K, capacity 690K, committed 768K, reserved 1048576K
GC Heap History (10 events):
Event: 14.125 GC heap before
{Heap before GC invocations=191 (full 0):
 PSYoungGen      total 56832K, used 56512K [0x000000076b800000, 0x0000000784000000, 0x00000007c0000000)
  eden space 56320K, 100% used [0x000000076b800000,0x000000076ef00000,0x000000076ef00000)
  from space 512K, 37% used [0x0000000783f80000,0x0000000783fb0000,0x0000000784000000)
  to   space 512K, 0% used [0x0000000783f00000,0x0000000783f00000,0x0000000783f80000)
 ParOldGen       total 173568K, used 1796K [0x00000006c2800000, 0x00000006cd180000, 0x000000076b800000)
  object space 173568K, 1% used [0x00000006c2800000,0x00000006c29c12b8,0x00000006cd180000)
 Metaspace       used 8097K, capacity 8646K, committed 8960K, reserved 1056768K
  class space    used 646K, capacity 690K, committed 768K, reserved 1048576K
Event: 14.126 GC heap after
Heap after GC invocations=191 (full 0):
 PSYoungGen      total 55808K, used 160K [0x000000076b800000, 0x0000000784000000, 0x00000007c0000000)
  eden space 55296K, 0% used [0x000000076b800000,0x000000076b800000,0x000000076ee00000)
  from space 512K, 31% used [0x0000000783f00000,0x0000000783f28000,0x0000000783f80000)
  to   space 512K, 0% used [0x0000000783f80000,0x0000000783f80000,0x0000000784000000)
 ParOldGen       total 173568K, used 1796K [0x00000006c2800000, 0x00000006cd180000, 0x000000076b800000)
  object space 173568K, 1% used [0x00000006c2800000,0x00000006c29c12b8,0x00000006cd180000)
 Metaspace       used 8097K, capacity 8646K, committed 8960K, reserved 1056768K
  class space    used 646K, capacity 690K, committed 768K, reserved 1048576K
}
Event: 14.181 GC heap before
{Heap before GC invocations=192 (full 0):
 PSYoungGen      total 55808K, used 55456K [0x000000076b800000, 0x0000000784000000, 0x00000007c0000000)
  eden space 55296K, 100% used [0x000000076b800000,0x000000076ee00000,0x000000076ee00000)
  from space 512K, 31% used [0x0000000783f00000,0x0000000783f28000,0x0000000783f80000)
  to   space 512K, 0% used [0x0000000783f80000,0x0000000783f80000,0x0000000784000000)
 ParOldGen       total 173568K, used 1796K [0x00000006c2800000, 0x00000006cd180000, 0x000000076b800000)
  object space 173568K, 1% used [0x00000006c2800000,0x00000006c29c12b8,0x00000006cd180000)
 Metaspace       used 8097K, capacity 8646K, committed 8960K, reserved 1056768K
  class space    used 646K, capacity 690K, committed 768K, reserved 1048576K
Event: 14.181 GC heap after
Heap after GC invocations=192 (full 0):
 PSYoungGen      total 54784K, used 96K [0x000000076b800000, 0x0000000784000000, 0x00000007c0000000)
  eden space 54272K, 0% used [0x000000076b800000,0x000000076b800000,0x000000076ed00000)
  from space 512K, 18% used [0x0000000783f80000,0x0000000783f98000,0x0000000784000000)
  to   space 512K, 0% used [0x0000000783f00000,0x0000000783f00000,0x0000000783f80000)
 ParOldGen       total 173568K, used 1796K [0x00000006c2800000, 0x00000006cd180000, 0x000000076b800000)
  object space 173568K, 1% used [0x00000006c2800000,0x00000006c29c12b8,0x00000006cd180000)
 Metaspace       used 8097K, capacity 8646K, committed 8960K, reserved 1056768K
  class space    used 646K, capacity 690K, committed 768K, reserved 1048576K
}
Event: 14.228 GC heap before
{Heap before GC invocations=193 (full 0):
 PSYoungGen      total 54784K, used 54368K [0x000000076b800000, 0x0000000784000000, 0x00000007c0000000)
  eden space 54272K, 100% used [0x000000076b800000,0x000000076ed00000,0x000000076ed00000)
  from space 512K, 18% used [0x0000000783f80000,0x0000000783f98000,0x0000000784000000)
  to   space 512K, 0% used [0x0000000783f00000,0x0000000783f00000,0x0000000783f80000)
 ParOldGen       total 173568K, used 1796K [0x00000006c2800000, 0x00000006cd180000, 0x000000076b800000)
  object space 173568K, 1% used [0x00000006c2800000,0x00000006c29c12b8,0x00000006cd180000)
 Metaspace       used 8097K, capacity 8646K, committed 8960K, reserved 1056768K
  class space    used 646K, capacity 690K, committed 768K, reserved 1048576K
Event: 14.229 GC heap after
Heap after GC invocations=193 (full 0):
 PSYoungGen      total 53760K, used 32K [0x000000076b800000, 0x0000000784000000, 0x00000007c0000000)
  eden space 53248K, 0% used [0x000000076b800000,0x000000076b800000,0x000000076ec00000)
  from space 512K, 6% used [0x0000000783f00000,0x0000000783f08000,0x0000000783f80000)
  to   space 512K, 0% used [0x0000000783f80000,0x0000000783f80000,0x0000000784000000)
 ParOldGen       total 173568K, used 1820K [0x00000006c2800000, 0x00000006cd180000, 0x000000076b800000)
  object space 173568K, 1% used [0x00000006c2800000,0x00000006c29c72b8,0x00000006cd180000)
 Metaspace       used 8097K, capacity 8646K, committed 8960K, reserved 1056768K
  class space    used 646K, capacity 690K, committed 768K, reserved 1048576K
}
Event: 14.283 GC heap before
{Heap before GC invocations=194 (full 0):
 PSYoungGen      total 53760K, used 53280K [0x000000076b800000, 0x0000000784000000, 0x00000007c0000000)
  eden space 53248K, 100% used [0x000000076b800000,0x000000076ec00000,0x000000076ec00000)
  from space 512K, 6% used [0x0000000783f00000,0x0000000783f08000,0x0000000783f80000)
  to   space 512K, 0% used [0x0000000783f80000,0x0000000783f80000,0x0000000784000000)
 ParOldGen       total 173568K, used 1820K [0x00000006c2800000, 0x00000006cd180000, 0x000000076b800000)
  object space 173568K, 1% used [0x00000006c2800000,0x00000006c29c72b8,0x00000006cd180000)
 Metaspace       used 8097K, capacity 8646K, committed 8960K, reserved 1056768K
  class space    used 646K, capacity 690K, committed 768K, reserved 1048576K
Event: 14.283 GC heap after
Heap after GC invocations=194 (full 0):
 PSYoungGen      total 52736K, used 64K [0x000000076b800000, 0x0000000784000000, 0x00000007c0000000)
  eden space 52224K, 0% used [0x000000076b800000,0x000000076b800000,0x000000076eb00000)
  from space 512K, 12% used [0x0000000783f80000,0x0000000783f90000,0x0000000784000000)
  to   space 512K, 0% used [0x0000000783f00000,0x0000000783f00000,0x0000000783f80000)
 ParOldGen       total 173568K, used 1820K [0x00000006c2800000, 0x00000006cd180000, 0x000000076b800000)
  object space 173568K, 1% used [0x00000006c2800000,0x00000006c29c72b8,0x00000006cd180000)
 Metaspace       used 8097K, capacity 8646K, committed 8960K, reserved 1056768K
  class space    used 646K, capacity 690K, committed 768K, reserved 1048576K
}
Event: 14.325 GC heap before
{Heap before GC invocations=195 (full 0):
 PSYoungGen      total 52736K, used 52288K [0x000000076b800000, 0x0000000784000000, 0x00000007c0000000)
  eden space 52224K, 100% used [0x000000076b800000,0x000000076eb00000,0x000000076eb00000)
  from space 512K, 12% used [0x0000000783f80000,0x0000000783f90000,0x0000000784000000)
  to   space 512K, 0% used [0x0000000783f00000,0x0000000783f00000,0x0000000783f80000)
 ParOldGen       total 173568K, used 1820K [0x00000006c2800000, 0x00000006cd180000, 0x000000076b800000)
  object space 173568K, 1% used [0x00000006c2800000,0x00000006c29c72b8,0x00000006cd180000)
 Metaspace       used 8098K, capacity 8646K, committed 8960K, reserved 1056768K
  class space    used 646K, capacity 690K, committed 768K, reserved 1048576K
Event: 14.325 GC heap after
Heap after GC invocations=195 (full 0):
 PSYoungGen      total 63488K, used 64K [0x000000076b800000, 0x0000000784000000, 0x00000007c0000000)
  eden space 62976K, 0% used [0x000000076b800000,0x000000076b800000,0x000000076f580000)
  from space 512K, 12% used [0x0000000783f00000,0x0000000783f10000,0x0000000783f80000)
  to   space 512K, 0% used [0x0000000783f80000,0x0000000783f80000,0x0000000784000000)
 ParOldGen       total 173568K, used 1820K [0x00000006c2800000, 0x00000006cd180000, 0x000000076b800000)
  object space 173568K, 1% used [0x00000006c2800000,0x00000006c29c72b8,0x00000006cd180000)
 Metaspace       used 8098K, capacity 8646K, committed 8960K, reserved 1056768K
  class space    used 646K, capacity 690K, committed 768K, reserved 1048576K
}

