# JRE version: Java(TM) SE Runtime Environment (8.0_65-b17) (build 1.8.0_65-b17)
# Java VM: Java HotSpot(TM) 64-Bit Server VM (25.65-b01 mixed mode windows-amd64 compressed oops)
Heap:
 PSYoungGen      total 266752K, used 99043K [0x000000076b800000, 0x00000007b9b80000, 0x00000007c0000000)
  eden space 266240K, 37% used [0x000000076b800000,0x0000000771878cc0,0x000000077bc00000)
  from space 512K, 50% used [0x00000007b9b00000,0x00000007b9b40000,0x00000007b9b80000)
  to   space 1536K, 0% used [0x00000007b9880000,0x00000007b9880000,0x00000007b9a00000)
 ParOldGen       total 173568K, used 37618K [0x00000006c2800000, 0x00000006cd180000, 0x000000076b800000)
  object space 173568K, 21% used [0x00000006c2800000,0x00000006c4cbc948,0x00000006cd180000)
 Metaspace       used 8336K, capacity 8710K, committed 8960K, reserved 1056768K
  class space    used 659K, capacity 690K, committed 768K, reserved 1048576K
GC Heap History (10 events):
Event: 24.040 GC heap before
{Heap before GC invocations=48 (full 0):
 PSYoungGen      total 328704K, used 326880K [0x000000076b800000, 0x00000007b9f00000, 0x00000007c0000000)
  eden space 326656K, 100% used [0x000000076b800000,0x000000077f700000,0x000000077f700000)
  from space 2048K, 10% used [0x00000007b9b00000,0x00000007b9b38000,0x00000007b9d00000)
  to   space 2048K, 0% used [0x00000007b9d00000,0x00000007b9d00000,0x00000007b9f00000)
 ParOldGen       total 173568K, used 37594K [0x00000006c2800000, 0x00000006cd180000, 0x000000076b800000)
  object space 173568K, 21% used [0x00000006c2800000,0x00000006c4cb6948,0x00000006cd180000)
 Metaspace       used 8335K, capacity 8710K, committed 8960K, reserved 1056768K
  class space    used 659K, capacity 690K, committed 768K, reserved 1048576K
Event: 24.041 GC heap after
Heap after GC invocations=48 (full 0):
 PSYoungGen      total 313856K, used 256K [0x000000076b800000, 0x00000007b9d80000, 0x00000007c0000000)
  eden space 313344K, 0% used [0x000000076b800000,0x000000076b800000,0x000000077ea00000)
  from space 512K, 50% used [0x00000007b9d00000,0x00000007b9d40000,0x00000007b9d80000)
  to   space 1536K, 0% used [0x00000007b9a80000,0x00000007b9a80000,0x00000007b9c00000)
 ParOldGen       total 173568K, used 37594K [0x00000006c2800000, 0x00000006cd180000, 0x000000076b800000)
  object space 173568K, 21% used [0x00000006c2800000,0x00000006c4cb6948,0x00000006cd180000)
 Metaspace       used 8335K, capacity 8710K, committed 8960K, reserved 1056768K
  class space    used 659K, capacity 690K, committed 768K, reserved 1048576K
}
Event: 24.378 GC heap before
{Heap before GC invocations=49 (full 0):
 PSYoungGen      total 313856K, used 313600K [0x000000076b800000, 0x00000007b9d80000, 0x00000007c0000000)
  eden space 313344K, 100% used [0x000000076b800000,0x000000077ea00000,0x000000077ea00000)
  from space 512K, 50% used [0x00000007b9d00000,0x00000007b9d40000,0x00000007b9d80000)
  to   space 1536K, 0% used [0x00000007b9a80000,0x00000007b9a80000,0x00000007b9c00000)
 ParOldGen       total 173568K, used 37594K [0x00000006c2800000, 0x00000006cd180000, 0x000000076b800000)
  object space 173568K, 21% used [0x00000006c2800000,0x00000006c4cb6948,0x00000006cd180000)
 Metaspace       used 8336K, capacity 8710K, committed 8960K, reserved 1056768K
  class space    used 659K, capacity 690K, committed 768K, reserved 1048576K
Event: 24.379 GC heap after
Heap after GC invocations=49 (full 0):
 PSYoungGen      total 302080K, used 224K [0x000000076b800000, 0x00000007b9d80000, 0x00000007c0000000)
  eden space 300544K, 0% used [0x000000076b800000,0x000000076b800000,0x000000077dd80000)
  from space 1536K, 14% used [0x00000007b9a80000,0x00000007b9ab8000,0x00000007b9c00000)
  to   space 1536K, 0% used [0x00000007b9c00000,0x00000007b9c00000,0x00000007b9d80000)
 ParOldGen       total 173568K, used 37618K [0x00000006c2800000, 0x00000006cd180000, 0x000000076b800000)
  object space 173568K, 21% used [0x00000006c2800000,0x00000006c4cbc948,0x00000006cd180000)
 Metaspace       used 8336K, capacity 8710K, committed 8960K, reserved 1056768K
  class space    used 659K, capacity 690K, committed 768K, reserved 1048576K
}
Event: 24.729 GC heap before
{Heap before GC invocations=50 (full 0):
 PSYoungGen      total 302080K, used 300768K [0x000000076b800000, 0x00000007b9d80000, 0x00000007c0000000)
  eden space 300544K, 100% used [0x000000076b800000,0x000000077dd80000,0x000000077dd80000)
  from space 1536K, 14% used [0x00000007b9a80000,0x00000007b9ab8000,0x00000007b9c00000)
  to   space 1536K, 0% used [0x00000007b9c00000,0x00000007b9c00000,0x00000007b9d80000)
 ParOldGen       total 173568K, used 37618K [0x00000006c2800000, 0x00000006cd180000, 0x000000076b800000)
  object space 173568K, 21% used [0x00000006c2800000,0x00000006c4cbc948,0x00000006cd180000)
 Metaspace       used 8336K, capacity 8710K, committed 8960K, reserved 1056768K
  class space    used 659K, capacity 690K, committed 768K, reserved 1048576K
Event: 24.729 GC heap after
Heap after GC invocations=50 (full 0):
 PSYoungGen      total 288768K, used 224K [0x000000076b800000, 0x00000007b9c80000, 0x00000007c0000000)
  eden space 288256K, 0% used [0x000000076b800000,0x000000076b800000,0x000000077d180000)
  from space 512K, 43% used [0x00000007b9c00000,0x00000007b9c38000,0x00000007b9c80000)
  to   space 1536K, 0% used [0x00000007b9980000,0x00000007b9980000,0x00000007b9b00000)
 ParOldGen       total 173568K, used 37618K [0x00000006c2800000, 0x00000006cd180000, 0x000000076b800000)
  object space 173568K, 21% used [0x00000006c2800000,0x00000006c4cbc948,0x00000006cd180000)
 Metaspace       used 8336K, capacity 8710K, committed 8960K, reserved 1056768K
  class space    used 659K, capacity 690K, committed 768K, reserved 1048576K
}
Event: 25.062 GC heap before
{Heap before GC invocations=51 (full 0):
 PSYoungGen      total 288768K, used 288480K [0x000000076b800000, 0x00000007b9c80000, 0x00000007c0000000)
  eden space 288256K, 100% used [0x000000076b800000,0x000000077d180000,0x000000077d180000)
  from space 512K, 43% used [0x00000007b9c00000,0x00000007b9c38000,0x00000007b9c80000)
  to   space 1536K, 0% used [0x00000007b9980000,0x00000007b9980000,0x00000007b9b00000)
 ParOldGen       total 173568K, used 37618K [0x00000006c2800000, 0x00000006cd180000, 0x000000076b800000)
  object space 173568K, 21% used [0x00000006c2800000,0x00000006c4cbc948,0x00000006cd180000)
 Metaspace       used 8336K, capacity 8710K, committed 8960K, reserved 1056768K
  class space    used 659K, capacity 690K, committed 768K, reserved 1048576K
Event: 25.062 GC heap after
Heap after GC invocations=51 (full 0):
 PSYoungGen      total 278528K, used 160K [0x000000076b800000, 0x00000007b9c80000, 0x00000007c0000000)
  eden space 276992K, 0% used [0x000000076b800000,0x000000076b800000,0x000000077c680000)
  from space 1536K, 10% used [0x00000007b9980000,0x00000007b99a8000,0x00000007b9b00000)
  to   space 1536K, 0% used [0x00000007b9b00000,0x00000007b9b00000,0x00000007b9c80000)
 ParOldGen       total 173568K, used 37618K [0x00000006c2800000, 0x00000006cd180000, 0x000000076b800000)
  object space 173568K, 21% used [0x00000006c2800000,0x00000006c4cbc948,0x00000006cd180000)
 Metaspace       used 8336K, capacity 8710K, committed 8960K, reserved 1056768K
  class space    used 659K, capacity 690K, committed 768K, reserved 1048576K
}
Event: 25.300 GC heap before
{Heap before GC invocations=52 (full 0):
 PSYoungGen      total 278528K, used 277152K [0x000000076b800000, 0x00000007b9c80000, 0x00000007c0000000)
  eden space 276992K, 100% used [0x000000076b800000,0x000000077c680000,0x000000077c680000)
  from space 1536K, 10% used [0x00000007b9980000,0x00000007b99a8000,0x00000007b9b00000)
  to   space 1536K, 0% used [0x00000007b9b00000,0x00000007b9b00000,0x00000007b9c80000)
 ParOldGen       total 173568K, used 37618K [0x00000006c2800000, 0x00000006cd180000, 0x000000076b800000)
  object space 173568K, 21% used [0x00000006c2800000,0x00000006c4cbc948,0x00000006cd180000)
 Metaspace       used 8336K, capacity 8710K, committed 8960K, reserved 1056768K
  class space    used 659K, capacity 690K, committed 768K, reserved 1048576K
Event: 25.301 GC heap after
Heap after GC invocations=52 (full 0):
 PSYoungGen      total 266752K, used 256K [0x000000076b800000, 0x00000007b9b80000, 0x00000007c0000000)
  eden space 266240K, 0% used [0x000000076b800000,0x000000076b800000,0x000000077bc00000)
  from space 512K, 50% used [0x00000007b9b00000,0x00000007b9b40000,0x00000007b9b80000)
  to   space 1536K, 0% used [0x00000007b9880000,0x00000007b9880000,0x00000007b9a00000)
 ParOldGen       total 173568K, used 37618K [0x00000006c2800000, 0x00000006cd180000, 0x000000076b800000)
  object space 173568K, 21% used [0x00000006c2800000,0x00000006c4cbc948,0x00000006cd180000)
 Metaspace       used 8336K, capacity 8710K, committed 8960K, reserved 1056768K
  class space    used 659K, capacity 690K, committed 768K, reserved 1048576K
}

