# JRE version: Java(TM) SE Runtime Environment (8.0_65-b17) (build 1.8.0_65-b17)
# Java VM: Java HotSpot(TM) 64-Bit Server VM (25.65-b01 mixed mode windows-amd64 compressed oops)
Heap:
 PSYoungGen      total 44544K, used 33303K [0x000000076b800000, 0x0000000791980000, 0x00000007c0000000)
  eden space 44032K, 75% used [0x000000076b800000,0x000000076d84ddb8,0x000000076e300000)
  from space 512K, 43% used [0x0000000791880000,0x00000007918b8000,0x0000000791900000)
  to   space 512K, 0% used [0x0000000791900000,0x0000000791900000,0x0000000791980000)
 ParOldGen       total 173568K, used 10985K [0x00000006c2800000, 0x00000006cd180000, 0x000000076b800000)
  object space 173568K, 6% used [0x00000006c2800000,0x00000006c32ba788,0x00000006cd180000)
 Metaspace       used 8391K, capacity 8774K, committed 8960K, reserved 1056768K
  class space    used 662K, capacity 690K, committed 768K, reserved 1048576K
GC Heap History (10 events):
Event: 23.117 GC heap before
{Heap before GC invocations=219 (full 0):
 PSYoungGen      total 47104K, used 46816K [0x000000076b800000, 0x0000000791980000, 0x00000007c0000000)
  eden space 46592K, 100% used [0x000000076b800000,0x000000076e580000,0x000000076e580000)
  from space 512K, 43% used [0x0000000791900000,0x0000000791938000,0x0000000791980000)
  to   space 512K, 0% used [0x0000000791880000,0x0000000791880000,0x0000000791900000)
 ParOldGen       total 173568K, used 10985K [0x00000006c2800000, 0x00000006cd180000, 0x000000076b800000)
  object space 173568K, 6% used [0x00000006c2800000,0x00000006c32ba788,0x00000006cd180000)
 Metaspace       used 8391K, capacity 8774K, committed 8960K, reserved 1056768K
  class space    used 662K, capacity 690K, committed 768K, reserved 1048576K
Event: 23.117 GC heap after
Heap after GC invocations=219 (full 0):
 PSYoungGen      total 46592K, used 224K [0x000000076b800000, 0x0000000791980000, 0x00000007c0000000)
  eden space 46080K, 0% used [0x000000076b800000,0x000000076b800000,0x000000076e500000)
  from space 512K, 43% used [0x0000000791880000,0x00000007918b8000,0x0000000791900000)
  to   space 512K, 0% used [0x0000000791900000,0x0000000791900000,0x0000000791980000)
 ParOldGen       total 173568K, used 10985K [0x00000006c2800000, 0x00000006cd180000, 0x000000076b800000)
  object space 173568K, 6% used [0x00000006c2800000,0x00000006c32ba788,0x00000006cd180000)
 Metaspace       used 8391K, capacity 8774K, committed 8960K, reserved 1056768K
  class space    used 662K, capacity 690K, committed 768K, reserved 1048576K
}
Event: 23.165 GC heap before
{Heap before GC invocations=220 (full 0):
 PSYoungGen      total 46592K, used 46304K [0x000000076b800000, 0x0000000791980000, 0x00000007c0000000)
  eden space 46080K, 100% used [0x000000076b800000,0x000000076e500000,0x000000076e500000)
  from space 512K, 43% used [0x0000000791880000,0x00000007918b8000,0x0000000791900000)
  to   space 512K, 0% used [0x0000000791900000,0x0000000791900000,0x0000000791980000)
 ParOldGen       total 173568K, used 10985K [0x00000006c2800000, 0x00000006cd180000, 0x000000076b800000)
  object space 173568K, 6% used [0x00000006c2800000,0x00000006c32ba788,0x00000006cd180000)
 Metaspace       used 8391K, capacity 8774K, committed 8960K, reserved 1056768K
  class space    used 662K, capacity 690K, committed 768K, reserved 1048576K
Event: 23.166 GC heap after
Heap after GC invocations=220 (full 0):
 PSYoungGen      total 46080K, used 224K [0x000000076b800000, 0x0000000791980000, 0x00000007c0000000)
  eden space 45568K, 0% used [0x000000076b800000,0x000000076b800000,0x000000076e480000)
  from space 512K, 43% used [0x0000000791900000,0x0000000791938000,0x0000000791980000)
  to   space 512K, 0% used [0x0000000791880000,0x0000000791880000,0x0000000791900000)
 ParOldGen       total 173568K, used 10985K [0x00000006c2800000, 0x00000006cd180000, 0x000000076b800000)
  object space 173568K, 6% used [0x00000006c2800000,0x00000006c32ba788,0x00000006cd180000)
 Metaspace       used 8391K, capacity 8774K, committed 8960K, reserved 1056768K
  class space    used 662K, capacity 690K, committed 768K, reserved 1048576K
}
Event: 23.215 GC heap before
{Heap before GC invocations=221 (full 0):
 PSYoungGen      total 46080K, used 45792K [0x000000076b800000, 0x0000000791980000, 0x00000007c0000000)
  eden space 45568K, 100% used [0x000000076b800000,0x000000076e480000,0x000000076e480000)
  from space 512K, 43% used [0x0000000791900000,0x0000000791938000,0x0000000791980000)
  to   space 512K, 0% used [0x0000000791880000,0x0000000791880000,0x0000000791900000)
 ParOldGen       total 173568K, used 10985K [0x00000006c2800000, 0x00000006cd180000, 0x000000076b800000)
  object space 173568K, 6% used [0x00000006c2800000,0x00000006c32ba788,0x00000006cd180000)
 Metaspace       used 8391K, capacity 8774K, committed 8960K, reserved 1056768K
  class space    used 662K, capacity 690K, committed 768K, reserved 1048576K
Event: 23.215 GC heap after
Heap after GC invocations=221 (full 0):
 PSYoungGen      total 45568K, used 256K [0x000000076b800000, 0x0000000791980000, 0x00000007c0000000)
  eden space 45056K, 0% used [0x000000076b800000,0x000000076b800000,0x000000076e400000)
  from space 512K, 50% used [0x0000000791880000,0x00000007918c0000,0x0000000791900000)
  to   space 512K, 0% used [0x0000000791900000,0x0000000791900000,0x0000000791980000)
 ParOldGen       total 173568K, used 10985K [0x00000006c2800000, 0x00000006cd180000, 0x000000076b800000)
  object space 173568K, 6% used [0x00000006c2800000,0x00000006c32ba788,0x00000006cd180000)
 Metaspace       used 8391K, capacity 8774K, committed 8960K, reserved 1056768K
  class space    used 662K, capacity 690K, committed 768K, reserved 1048576K
}
Event: 23.263 GC heap before
{Heap before GC invocations=222 (full 0):
 PSYoungGen      total 45568K, used 45312K [0x000000076b800000, 0x0000000791980000, 0x00000007c0000000)
  eden space 45056K, 100% used [0x000000076b800000,0x000000076e400000,0x000000076e400000)
  from space 512K, 50% used [0x0000000791880000,0x00000007918c0000,0x0000000791900000)
  to   space 512K, 0% used [0x0000000791900000,0x0000000791900000,0x0000000791980000)
 ParOldGen       total 173568K, used 10985K [0x00000006c2800000, 0x00000006cd180000, 0x000000076b800000)
  object space 173568K, 6% used [0x00000006c2800000,0x00000006c32ba788,0x00000006cd180000)
 Metaspace       used 8391K, capacity 8774K, committed 8960K, reserved 1056768K
  class space    used 662K, capacity 690K, committed 768K, reserved 1048576K
Event: 23.263 GC heap after
Heap after GC invocations=222 (full 0):
 PSYoungGen      total 45056K, used 256K [0x000000076b800000, 0x0000000791980000, 0x00000007c0000000)
  eden space 44544K, 0% used [0x000000076b800000,0x000000076b800000,0x000000076e380000)
  from space 512K, 50% used [0x0000000791900000,0x0000000791940000,0x0000000791980000)
  to   space 512K, 0% used [0x0000000791880000,0x0000000791880000,0x0000000791900000)
 ParOldGen       total 173568K, used 10985K [0x00000006c2800000, 0x00000006cd180000, 0x000000076b800000)
  object space 173568K, 6% used [0x00000006c2800000,0x00000006c32ba788,0x00000006cd180000)
 Metaspace       used 8391K, capacity 8774K, committed 8960K, reserved 1056768K
  class space    used 662K, capacity 690K, committed 768K, reserved 1048576K
}
Event: 23.310 GC heap before
{Heap before GC invocations=223 (full 0):
 PSYoungGen      total 45056K, used 44800K [0x000000076b800000, 0x0000000791980000, 0x00000007c0000000)
  eden space 44544K, 100% used [0x000000076b800000,0x000000076e380000,0x000000076e380000)
  from space 512K, 50% used [0x0000000791900000,0x0000000791940000,0x0000000791980000)
  to   space 512K, 0% used [0x0000000791880000,0x0000000791880000,0x0000000791900000)
 ParOldGen       total 173568K, used 10985K [0x00000006c2800000, 0x00000006cd180000, 0x000000076b800000)
  object space 173568K, 6% used [0x00000006c2800000,0x00000006c32ba788,0x00000006cd180000)
 Metaspace       used 8391K, capacity 8774K, committed 8960K, reserved 1056768K
  class space    used 662K, capacity 690K, committed 768K, reserved 1048576K
Event: 23.310 GC heap after
Heap after GC invocations=223 (full 0):
 PSYoungGen      total 44544K, used 224K [0x000000076b800000, 0x0000000791980000, 0x00000007c0000000)
  eden space 44032K, 0% used [0x000000076b800000,0x000000076b800000,0x000000076e300000)
  from space 512K, 43% used [0x0000000791880000,0x00000007918b8000,0x0000000791900000)
  to   space 512K, 0% used [0x0000000791900000,0x0000000791900000,0x0000000791980000)
 ParOldGen       total 173568K, used 10985K [0x00000006c2800000, 0x00000006cd180000, 0x000000076b800000)
  object space 173568K, 6% used [0x00000006c2800000,0x00000006c32ba788,0x00000006cd180000)
 Metaspace       used 8391K, capacity 8774K, committed 8960K, reserved 1056768K
  class space    used 662K, capacity 690K, committed 768K, reserved 1048576K
}

