# JRE version: Java(TM) SE Runtime Environment (8.0_65-b17) (build 1.8.0_65-b17)
# Java VM: Java HotSpot(TM) 64-Bit Server VM (25.65-b01 mixed mode windows-amd64 compressed oops)
Heap:
 PSYoungGen      total 907264K, used 82317K [0x000000076b800000, 0x00000007bee80000, 0x00000007c0000000)
  eden space 906752K, 9% used [0x000000076b800000,0x000000077082b7b0,0x00000007a2d80000)
  from space 512K, 43% used [0x00000007bee00000,0x00000007bee38000,0x00000007bee80000)
  to   space 8192K, 0% used [0x00000007bde80000,0x00000007bde80000,0x00000007be680000)
 ParOldGen       total 173568K, used 25236K [0x00000006c2800000, 0x00000006cd180000, 0x000000076b800000)
  object space 173568K, 14% used [0x00000006c2800000,0x00000006c40a5060,0x00000006cd180000)
 Metaspace       used 8384K, capacity 8774K, committed 8960K, reserved 1056768K
  class space    used 661K, capacity 690K, committed 768K, reserved 1048576K
GC Heap History (10 events):
Event: 2.981 GC heap before
{Heap before GC invocations=14 (full 0):
 PSYoungGen      total 664064K, used 654080K [0x000000076b800000, 0x00000007ac900000, 0x00000007c0000000)
  eden space 653824K, 100% used [0x000000076b800000,0x0000000793680000,0x0000000793680000)
  from space 10240K, 2% used [0x0000000793680000,0x00000007936c0000,0x0000000794080000)
  to   space 9728K, 0% used [0x00000007abf80000,0x00000007abf80000,0x00000007ac900000)
 ParOldGen       total 173568K, used 25204K [0x00000006c2800000, 0x00000006cd180000, 0x000000076b800000)
  object space 173568K, 14% used [0x00000006c2800000,0x00000006c409d060,0x00000006cd180000)
 Metaspace       used 8370K, capacity 8774K, committed 8960K, reserved 1056768K
  class space    used 661K, capacity 690K, committed 768K, reserved 1048576K
Event: 2.982 GC heap after
Heap after GC invocations=14 (full 0):
 PSYoungGen      total 1056256K, used 224K [0x000000076b800000, 0x00000007ac900000, 0x00000007c0000000)
  eden space 1046528K, 0% used [0x000000076b800000,0x000000076b800000,0x00000007ab600000)
  from space 9728K, 2% used [0x00000007abf80000,0x00000007abfb8000,0x00000007ac900000)
  to   space 9728K, 0% used [0x00000007ab600000,0x00000007ab600000,0x00000007abf80000)
 ParOldGen       total 173568K, used 25220K [0x00000006c2800000, 0x00000006cd180000, 0x000000076b800000)
  object space 173568K, 14% used [0x00000006c2800000,0x00000006c40a1060,0x00000006cd180000)
 Metaspace       used 8370K, capacity 8774K, committed 8960K, reserved 1056768K
  class space    used 661K, capacity 690K, committed 768K, reserved 1048576K
}
Event: 3.821 GC heap before
{Heap before GC invocations=15 (full 0):
 PSYoungGen      total 1056256K, used 1046752K [0x000000076b800000, 0x00000007ac900000, 0x00000007c0000000)
  eden space 1046528K, 100% used [0x000000076b800000,0x00000007ab600000,0x00000007ab600000)
  from space 9728K, 2% used [0x00000007abf80000,0x00000007abfb8000,0x00000007ac900000)
  to   space 9728K, 0% used [0x00000007ab600000,0x00000007ab600000,0x00000007abf80000)
 ParOldGen       total 173568K, used 25220K [0x00000006c2800000, 0x00000006cd180000, 0x000000076b800000)
  object space 173568K, 14% used [0x00000006c2800000,0x00000006c40a1060,0x00000006cd180000)
 Metaspace       used 8382K, capacity 8774K, committed 8960K, reserved 1056768K
  class space    used 661K, capacity 690K, committed 768K, reserved 1048576K
Event: 3.822 GC heap after
Heap after GC invocations=15 (full 0):
 PSYoungGen      total 1056256K, used 256K [0x000000076b800000, 0x00000007bff00000, 0x00000007c0000000)
  eden space 1046528K, 0% used [0x000000076b800000,0x000000076b800000,0x00000007ab600000)
  from space 9728K, 2% used [0x00000007ab600000,0x00000007ab640000,0x00000007abf80000)
  to   space 9216K, 0% used [0x00000007bf600000,0x00000007bf600000,0x00000007bff00000)
 ParOldGen       total 173568K, used 25220K [0x00000006c2800000, 0x00000006cd180000, 0x000000076b800000)
  object space 173568K, 14% used [0x00000006c2800000,0x00000006c40a1060,0x00000006cd180000)
 Metaspace       used 8382K, capacity 8774K, committed 8960K, reserved 1056768K
  class space    used 661K, capacity 690K, committed 768K, reserved 1048576K
}
Event: 4.642 GC heap before
{Heap before GC invocations=16 (full 0):
 PSYoungGen      total 1056256K, used 1046784K [0x000000076b800000, 0x00000007bff00000, 0x00000007c0000000)
  eden space 1046528K, 100% used [0x000000076b800000,0x00000007ab600000,0x00000007ab600000)
  from space 9728K, 2% used [0x00000007ab600000,0x00000007ab640000,0x00000007abf80000)
  to   space 9216K, 0% used [0x00000007bf600000,0x00000007bf600000,0x00000007bff00000)
 ParOldGen       total 173568K, used 25220K [0x00000006c2800000, 0x00000006cd180000, 0x000000076b800000)
  object space 173568K, 14% used [0x00000006c2800000,0x00000006c40a1060,0x00000006cd180000)
 Metaspace       used 8382K, capacity 8774K, committed 8960K, reserved 1056768K
  class space    used 661K, capacity 690K, committed 768K, reserved 1048576K
Event: 4.643 GC heap after
Heap after GC invocations=16 (full 0):
 PSYoungGen      total 997888K, used 224K [0x000000076b800000, 0x00000007bf680000, 0x00000007c0000000)
  eden space 997376K, 0% used [0x000000076b800000,0x000000076b800000,0x00000007a8600000)
  from space 512K, 43% used [0x00000007bf600000,0x00000007bf638000,0x00000007bf680000)
  to   space 9216K, 0% used [0x00000007be480000,0x00000007be480000,0x00000007bed80000)
 ParOldGen       total 173568K, used 25220K [0x00000006c2800000, 0x00000006cd180000, 0x000000076b800000)
  object space 173568K, 14% used [0x00000006c2800000,0x00000006c40a1060,0x00000006cd180000)
 Metaspace       used 8382K, capacity 8774K, committed 8960K, reserved 1056768K
  class space    used 661K, capacity 690K, committed 768K, reserved 1048576K
}
Event: 5.399 GC heap before
{Heap before GC invocations=17 (full 0):
 PSYoungGen      total 997888K, used 997600K [0x000000076b800000, 0x00000007bf680000, 0x00000007c0000000)
  eden space 997376K, 100% used [0x000000076b800000,0x00000007a8600000,0x00000007a8600000)
  from space 512K, 43% used [0x00000007bf600000,0x00000007bf638000,0x00000007bf680000)
  to   space 9216K, 0% used [0x00000007be480000,0x00000007be480000,0x00000007bed80000)
 ParOldGen       total 173568K, used 25220K [0x00000006c2800000, 0x00000006cd180000, 0x000000076b800000)
  object space 173568K, 14% used [0x00000006c2800000,0x00000006c40a1060,0x00000006cd180000)
 Metaspace       used 8383K, capacity 8774K, committed 8960K, reserved 1056768K
  class space    used 661K, capacity 690K, committed 768K, reserved 1048576K
Event: 5.399 GC heap after
Heap after GC invocations=17 (full 0):
 PSYoungGen      total 960000K, used 224K [0x000000076b800000, 0x00000007bf680000, 0x00000007c0000000)
  eden space 950784K, 0% used [0x000000076b800000,0x000000076b800000,0x00000007a5880000)
  from space 9216K, 2% used [0x00000007be480000,0x00000007be4b8000,0x00000007bed80000)
  to   space 8704K, 0% used [0x00000007bee00000,0x00000007bee00000,0x00000007bf680000)
 ParOldGen       total 173568K, used 25236K [0x00000006c2800000, 0x00000006cd180000, 0x000000076b800000)
  object space 173568K, 14% used [0x00000006c2800000,0x00000006c40a5060,0x00000006cd180000)
 Metaspace       used 8383K, capacity 8774K, committed 8960K, reserved 1056768K
  class space    used 661K, capacity 690K, committed 768K, reserved 1048576K
}
Event: 6.227 GC heap before
{Heap before GC invocations=18 (full 0):
 PSYoungGen      total 960000K, used 951008K [0x000000076b800000, 0x00000007bf680000, 0x00000007c0000000)
  eden space 950784K, 100% used [0x000000076b800000,0x00000007a5880000,0x00000007a5880000)
  from space 9216K, 2% used [0x00000007be480000,0x00000007be4b8000,0x00000007bed80000)
  to   space 8704K, 0% used [0x00000007bee00000,0x00000007bee00000,0x00000007bf680000)
 ParOldGen       total 173568K, used 25236K [0x00000006c2800000, 0x00000006cd180000, 0x000000076b800000)
  object space 173568K, 14% used [0x00000006c2800000,0x00000006c40a5060,0x00000006cd180000)
 Metaspace       used 8384K, capacity 8774K, committed 8960K, reserved 1056768K
  class space    used 661K, capacity 690K, committed 768K, reserved 1048576K
Event: 6.227 GC heap after
Heap after GC invocations=18 (full 0):
 PSYoungGen      total 907264K, used 224K [0x000000076b800000, 0x00000007bee80000, 0x00000007c0000000)
  eden space 906752K, 0% used [0x000000076b800000,0x000000076b800000,0x00000007a2d80000)
  from space 512K, 43% used [0x00000007bee00000,0x00000007bee38000,0x00000007bee80000)
  to   space 8192K, 0% used [0x00000007bde80000,0x00000007bde80000,0x00000007be680000)
 ParOldGen       total 173568K, used 25236K [0x00000006c2800000, 0x00000006cd180000, 0x000000076b800000)
  object space 173568K, 14% used [0x00000006c2800000,0x00000006c40a5060,0x00000006cd180000)
 Metaspace       used 8384K, capacity 8774K, committed 8960K, reserved 1056768K
  class space    used 661K, capacity 690K, committed 768K, reserved 1048576K
}

