# JRE version: Java(TM) SE Runtime Environment (8.0_65-b17) (build 1.8.0_65-b17)
# Java VM: Java HotSpot(TM) 64-Bit Server VM (25.65-b01 mixed mode windows-amd64 compressed oops)
Heap:
 PSYoungGen      total 59392K, used 29750K [0x000000076b800000, 0x00000007a8d00000, 0x00000007c0000000)
  eden space 58880K, 50% used [0x000000076b800000,0x000000076d4d59d8,0x000000076f180000)
  from space 512K, 43% used [0x00000007a8c00000,0x00000007a8c38000,0x00000007a8c80000)
  to   space 512K, 0% used [0x00000007a8c80000,0x00000007a8c80000,0x00000007a8d00000)
 ParOldGen       total 173568K, used 19266K [0x00000006c2800000, 0x00000006cd180000, 0x000000076b800000)
  object space 173568K, 11% used [0x00000006c2800000,0x00000006c3ad08c0,0x00000006cd180000)
 Metaspace       used 8403K, capacity 8774K, committed 8960K, reserved 1056768K
  class space    used 662K, capacity 690K, committed 768K, reserved 1048576K
GC Heap History (10 events):
Event: 40.819 GC heap before
{Heap before GC invocations=401 (full 0):
 PSYoungGen      total 65536K, used 65184K [0x000000076b800000, 0x00000007a8d00000, 0x00000007c0000000)
  eden space 65024K, 100% used [0x000000076b800000,0x000000076f780000,0x000000076f780000)
  from space 512K, 31% used [0x00000007a8c80000,0x00000007a8ca8000,0x00000007a8d00000)
  to   space 512K, 0% used [0x00000007a8c00000,0x00000007a8c00000,0x00000007a8c80000)
 ParOldGen       total 173568K, used 19266K [0x00000006c2800000, 0x00000006cd180000, 0x000000076b800000)
  object space 173568K, 11% used [0x00000006c2800000,0x00000006c3ad08c0,0x00000006cd180000)
 Metaspace       used 8403K, capacity 8774K, committed 8960K, reserved 1056768K
  class space    used 662K, capacity 690K, committed 768K, reserved 1048576K
Event: 40.819 GC heap after
Heap after GC invocations=401 (full 0):
 PSYoungGen      total 64000K, used 224K [0x000000076b800000, 0x00000007a8d00000, 0x00000007c0000000)
  eden space 63488K, 0% used [0x000000076b800000,0x000000076b800000,0x000000076f600000)
  from space 512K, 43% used [0x00000007a8c00000,0x00000007a8c38000,0x00000007a8c80000)
  to   space 512K, 0% used [0x00000007a8c80000,0x00000007a8c80000,0x00000007a8d00000)
 ParOldGen       total 173568K, used 19266K [0x00000006c2800000, 0x00000006cd180000, 0x000000076b800000)
  object space 173568K, 11% used [0x00000006c2800000,0x00000006c3ad08c0,0x00000006cd180000)
 Metaspace       used 8403K, capacity 8774K, committed 8960K, reserved 1056768K
  class space    used 662K, capacity 690K, committed 768K, reserved 1048576K
}
Event: 40.865 GC heap before
{Heap before GC invocations=402 (full 0):
 PSYoungGen      total 64000K, used 63712K [0x000000076b800000, 0x00000007a8d00000, 0x00000007c0000000)
  eden space 63488K, 100% used [0x000000076b800000,0x000000076f600000,0x000000076f600000)
  from space 512K, 43% used [0x00000007a8c00000,0x00000007a8c38000,0x00000007a8c80000)
  to   space 512K, 0% used [0x00000007a8c80000,0x00000007a8c80000,0x00000007a8d00000)
 ParOldGen       total 173568K, used 19266K [0x00000006c2800000, 0x00000006cd180000, 0x000000076b800000)
  object space 173568K, 11% used [0x00000006c2800000,0x00000006c3ad08c0,0x00000006cd180000)
 Metaspace       used 8403K, capacity 8774K, committed 8960K, reserved 1056768K
  class space    used 662K, capacity 690K, committed 768K, reserved 1048576K
Event: 40.865 GC heap after
Heap after GC invocations=402 (full 0):
 PSYoungGen      total 62464K, used 192K [0x000000076b800000, 0x00000007a8d00000, 0x00000007c0000000)
  eden space 61952K, 0% used [0x000000076b800000,0x000000076b800000,0x000000076f480000)
  from space 512K, 37% used [0x00000007a8c80000,0x00000007a8cb0000,0x00000007a8d00000)
  to   space 512K, 0% used [0x00000007a8c00000,0x00000007a8c00000,0x00000007a8c80000)
 ParOldGen       total 173568K, used 19266K [0x00000006c2800000, 0x00000006cd180000, 0x000000076b800000)
  object space 173568K, 11% used [0x00000006c2800000,0x00000006c3ad08c0,0x00000006cd180000)
 Metaspace       used 8403K, capacity 8774K, committed 8960K, reserved 1056768K
  class space    used 662K, capacity 690K, committed 768K, reserved 1048576K
}
Event: 40.933 GC heap before
{Heap before GC invocations=403 (full 0):
 PSYoungGen      total 62464K, used 62144K [0x000000076b800000, 0x00000007a8d00000, 0x00000007c0000000)
  eden space 61952K, 100% used [0x000000076b800000,0x000000076f480000,0x000000076f480000)
  from space 512K, 37% used [0x00000007a8c80000,0x00000007a8cb0000,0x00000007a8d00000)
  to   space 512K, 0% used [0x00000007a8c00000,0x00000007a8c00000,0x00000007a8c80000)
 ParOldGen       total 173568K, used 19266K [0x00000006c2800000, 0x00000006cd180000, 0x000000076b800000)
  object space 173568K, 11% used [0x00000006c2800000,0x00000006c3ad08c0,0x00000006cd180000)
 Metaspace       used 8403K, capacity 8774K, committed 8960K, reserved 1056768K
  class space    used 662K, capacity 690K, committed 768K, reserved 1048576K
Event: 40.934 GC heap after
Heap after GC invocations=403 (full 0):
 PSYoungGen      total 61440K, used 224K [0x000000076b800000, 0x00000007a8d00000, 0x00000007c0000000)
  eden space 60928K, 0% used [0x000000076b800000,0x000000076b800000,0x000000076f380000)
  from space 512K, 43% used [0x00000007a8c00000,0x00000007a8c38000,0x00000007a8c80000)
  to   space 512K, 0% used [0x00000007a8c80000,0x00000007a8c80000,0x00000007a8d00000)
 ParOldGen       total 173568K, used 19266K [0x00000006c2800000, 0x00000006cd180000, 0x000000076b800000)
  object space 173568K, 11% used [0x00000006c2800000,0x00000006c3ad08c0,0x00000006cd180000)
 Metaspace       used 8403K, capacity 8774K, committed 8960K, reserved 1056768K
  class space    used 662K, capacity 690K, committed 768K, reserved 1048576K
}
Event: 41.000 GC heap before
{Heap before GC invocations=404 (full 0):
 PSYoungGen      total 61440K, used 61152K [0x000000076b800000, 0x00000007a8d00000, 0x00000007c0000000)
  eden space 60928K, 100% used [0x000000076b800000,0x000000076f380000,0x000000076f380000)
  from space 512K, 43% used [0x00000007a8c00000,0x00000007a8c38000,0x00000007a8c80000)
  to   space 512K, 0% used [0x00000007a8c80000,0x00000007a8c80000,0x00000007a8d00000)
 ParOldGen       total 173568K, used 19266K [0x00000006c2800000, 0x00000006cd180000, 0x000000076b800000)
  object space 173568K, 11% used [0x00000006c2800000,0x00000006c3ad08c0,0x00000006cd180000)
 Metaspace       used 8403K, capacity 8774K, committed 8960K, reserved 1056768K
  class space    used 662K, capacity 690K, committed 768K, reserved 1048576K
Event: 41.001 GC heap after
Heap after GC invocations=404 (full 0):
 PSYoungGen      total 60416K, used 224K [0x000000076b800000, 0x00000007a8d00000, 0x00000007c0000000)
  eden space 59904K, 0% used [0x000000076b800000,0x000000076b800000,0x000000076f280000)
  from space 512K, 43% used [0x00000007a8c80000,0x00000007a8cb8000,0x00000007a8d00000)
  to   space 512K, 0% used [0x00000007a8c00000,0x00000007a8c00000,0x00000007a8c80000)
 ParOldGen       total 173568K, used 19266K [0x00000006c2800000, 0x00000006cd180000, 0x000000076b800000)
  object space 173568K, 11% used [0x00000006c2800000,0x00000006c3ad08c0,0x00000006cd180000)
 Metaspace       used 8403K, capacity 8774K, committed 8960K, reserved 1056768K
  class space    used 662K, capacity 690K, committed 768K, reserved 1048576K
}
Event: 41.052 GC heap before
{Heap before GC invocations=405 (full 0):
 PSYoungGen      total 60416K, used 60128K [0x000000076b800000, 0x00000007a8d00000, 0x00000007c0000000)
  eden space 59904K, 100% used [0x000000076b800000,0x000000076f280000,0x000000076f280000)
  from space 512K, 43% used [0x00000007a8c80000,0x00000007a8cb8000,0x00000007a8d00000)
  to   space 512K, 0% used [0x00000007a8c00000,0x00000007a8c00000,0x00000007a8c80000)
 ParOldGen       total 173568K, used 19266K [0x00000006c2800000, 0x00000006cd180000, 0x000000076b800000)
  object space 173568K, 11% used [0x00000006c2800000,0x00000006c3ad08c0,0x00000006cd180000)
 Metaspace       used 8403K, capacity 8774K, committed 8960K, reserved 1056768K
  class space    used 662K, capacity 690K, committed 768K, reserved 1048576K
Event: 41.053 GC heap after
Heap after GC invocations=405 (full 0):
 PSYoungGen      total 59392K, used 224K [0x000000076b800000, 0x00000007a8d00000, 0x00000007c0000000)
  eden space 58880K, 0% used [0x000000076b800000,0x000000076b800000,0x000000076f180000)
  from space 512K, 43% used [0x00000007a8c00000,0x00000007a8c38000,0x00000007a8c80000)
  to   space 512K, 0% used [0x00000007a8c80000,0x00000007a8c80000,0x00000007a8d00000)
 ParOldGen       total 173568K, used 19266K [0x00000006c2800000, 0x00000006cd180000, 0x000000076b800000)
  object space 173568K, 11% used [0x00000006c2800000,0x00000006c3ad08c0,0x00000006cd180000)
 Metaspace       used 8403K, capacity 8774K, committed 8960K, reserved 1056768K
  class space    used 662K, capacity 690K, committed 768K, reserved 1048576K
}

