# JRE version: Java(TM) SE Runtime Environment (8.0_65-b17) (build 1.8.0_65-b17)
# Java VM: Java HotSpot(TM) 64-Bit Server VM (25.65-b01 mixed mode windows-amd64 compressed oops)
Heap:
 PSYoungGen      total 1344000K, used 716366K [0x000000076b800000, 0x00000007be900000, 0x00000007c0000000)
  eden space 1328128K, 53% used [0x000000076b800000,0x000000079735b8e8,0x00000007bc900000)
  from space 15872K, 1% used [0x00000007bd980000,0x00000007bd9b8000,0x00000007be900000)
  to   space 16384K, 0% used [0x00000007bc900000,0x00000007bc900000,0x00000007bd900000)
 ParOldGen       total 173568K, used 38156K [0x00000006c2800000, 0x00000006cd180000, 0x000000076b800000)
  object space 173568K, 21% used [0x00000006c2800000,0x00000006c4d43208,0x00000006cd180000)
 Metaspace       used 8251K, capacity 8646K, committed 8960K, reserved 1056768K
  class space    used 655K, capacity 690K, committed 768K, reserved 1048576K
GC Heap History (10 events):
Event: 1.351 GC heap before
{Heap before GC invocations=8 (full 0):
 PSYoungGen      total 261632K, used 260908K [0x000000076b800000, 0x000000078b700000, 0x00000007c0000000)
  eden space 259584K, 100% used [0x000000076b800000,0x000000077b580000,0x000000077b580000)
  from space 2048K, 64% used [0x000000077b580000,0x000000077b6cb150,0x000000077b780000)
  to   space 2048K, 0% used [0x000000078b500000,0x000000078b500000,0x000000078b700000)
 ParOldGen       total 173568K, used 696K [0x00000006c2800000, 0x00000006cd180000, 0x000000076b800000)
  object space 173568K, 0% used [0x00000006c2800000,0x00000006c28ae050,0x00000006cd180000)
 Metaspace       used 8131K, capacity 8550K, committed 8704K, reserved 1056768K
  class space    used 649K, capacity 658K, committed 768K, reserved 1048576K
Event: 1.355 GC heap after
Heap after GC invocations=8 (full 0):
 PSYoungGen      total 520704K, used 2024K [0x000000076b800000, 0x000000078b800000, 0x00000007c0000000)
  eden space 518656K, 0% used [0x000000076b800000,0x000000076b800000,0x000000078b280000)
  from space 2048K, 98% used [0x000000078b500000,0x000000078b6fa110,0x000000078b700000)
  to   space 2560K, 0% used [0x000000078b280000,0x000000078b280000,0x000000078b500000)
 ParOldGen       total 173568K, used 1681K [0x00000006c2800000, 0x00000006cd180000, 0x000000076b800000)
  object space 173568K, 0% used [0x00000006c2800000,0x00000006c29a4600,0x00000006cd180000)
 Metaspace       used 8131K, capacity 8550K, committed 8704K, reserved 1056768K
  class space    used 649K, capacity 658K, committed 768K, reserved 1048576K
}
Event: 1.752 GC heap before
{Heap before GC invocations=9 (full 0):
 PSYoungGen      total 520704K, used 520680K [0x000000076b800000, 0x000000078b800000, 0x00000007c0000000)
  eden space 518656K, 100% used [0x000000076b800000,0x000000078b280000,0x000000078b280000)
  from space 2048K, 98% used [0x000000078b500000,0x000000078b6fa110,0x000000078b700000)
  to   space 2560K, 0% used [0x000000078b280000,0x000000078b280000,0x000000078b500000)
 ParOldGen       total 173568K, used 1681K [0x00000006c2800000, 0x00000006cd180000, 0x000000076b800000)
  object space 173568K, 0% used [0x00000006c2800000,0x00000006c29a4600,0x00000006cd180000)
 Metaspace       used 8192K, capacity 8646K, committed 8960K, reserved 1056768K
  class space    used 652K, capacity 690K, committed 768K, reserved 1048576K
Event: 1.785 GC heap after
Heap after GC invocations=9 (full 0):
 PSYoungGen      total 521216K, used 2528K [0x000000076b800000, 0x00000007a0480000, 0x00000007c0000000)
  eden space 518656K, 0% used [0x000000076b800000,0x000000076b800000,0x000000078b280000)
  from space 2560K, 98% used [0x000000078b280000,0x000000078b4f8010,0x000000078b500000)
  to   space 17408K, 0% used [0x000000079f380000,0x000000079f380000,0x00000007a0480000)
 ParOldGen       total 173568K, used 37632K [0x00000006c2800000, 0x00000006cd180000, 0x000000076b800000)
  object space 173568K, 21% used [0x00000006c2800000,0x00000006c4cc01f8,0x00000006cd180000)
 Metaspace       used 8192K, capacity 8646K, committed 8960K, reserved 1056768K
  class space    used 652K, capacity 690K, committed 768K, reserved 1048576K
}
Event: 2.078 GC heap before
{Heap before GC invocations=10 (full 0):
 PSYoungGen      total 521216K, used 521184K [0x000000076b800000, 0x00000007a0480000, 0x00000007c0000000)
  eden space 518656K, 100% used [0x000000076b800000,0x000000078b280000,0x000000078b280000)
  from space 2560K, 98% used [0x000000078b280000,0x000000078b4f8010,0x000000078b500000)
  to   space 17408K, 0% used [0x000000079f380000,0x000000079f380000,0x00000007a0480000)
 ParOldGen       total 173568K, used 37632K [0x00000006c2800000, 0x00000006cd180000, 0x000000076b800000)
  object space 173568K, 21% used [0x00000006c2800000,0x00000006c4cc01f8,0x00000006cd180000)
 Metaspace       used 8226K, capacity 8646K, committed 8960K, reserved 1056768K
  class space    used 655K, capacity 690K, committed 768K, reserved 1048576K
Event: 2.079 GC heap after
Heap after GC invocations=10 (full 0):
 PSYoungGen      total 847360K, used 320K [0x000000076b800000, 0x00000007a0480000, 0x00000007c0000000)
  eden space 829952K, 0% used [0x000000076b800000,0x000000076b800000,0x000000079e280000)
  from space 17408K, 1% used [0x000000079f380000,0x000000079f3d0000,0x00000007a0480000)
  to   space 17408K, 0% used [0x000000079e280000,0x000000079e280000,0x000000079f380000)
 ParOldGen       total 173568K, used 37956K [0x00000006c2800000, 0x00000006cd180000, 0x000000076b800000)
  object space 173568K, 21% used [0x00000006c2800000,0x00000006c4d11208,0x00000006cd180000)
 Metaspace       used 8226K, capacity 8646K, committed 8960K, reserved 1056768K
  class space    used 655K, capacity 690K, committed 768K, reserved 1048576K
}
Event: 2.721 GC heap before
{Heap before GC invocations=11 (full 0):
 PSYoungGen      total 847360K, used 830272K [0x000000076b800000, 0x00000007a0480000, 0x00000007c0000000)
  eden space 829952K, 100% used [0x000000076b800000,0x000000079e280000,0x000000079e280000)
  from space 17408K, 1% used [0x000000079f380000,0x000000079f3d0000,0x00000007a0480000)
  to   space 17408K, 0% used [0x000000079e280000,0x000000079e280000,0x000000079f380000)
 ParOldGen       total 173568K, used 37956K [0x00000006c2800000, 0x00000006cd180000, 0x000000076b800000)
  object space 173568K, 21% used [0x00000006c2800000,0x00000006c4d11208,0x00000006cd180000)
 Metaspace       used 8230K, capacity 8646K, committed 8960K, reserved 1056768K
  class space    used 655K, capacity 690K, committed 768K, reserved 1048576K
Event: 2.723 GC heap after
Heap after GC invocations=11 (full 0):
 PSYoungGen      total 847360K, used 128K [0x000000076b800000, 0x00000007bea00000, 0x00000007c0000000)
  eden space 829952K, 0% used [0x000000076b800000,0x000000076b800000,0x000000079e280000)
  from space 17408K, 0% used [0x000000079e280000,0x000000079e2a0000,0x000000079f380000)
  to   space 16896K, 0% used [0x00000007bd980000,0x00000007bd980000,0x00000007bea00000)
 ParOldGen       total 173568K, used 38156K [0x00000006c2800000, 0x00000006cd180000, 0x000000076b800000)
  object space 173568K, 21% used [0x00000006c2800000,0x00000006c4d43208,0x00000006cd180000)
 Metaspace       used 8230K, capacity 8646K, committed 8960K, reserved 1056768K
  class space    used 655K, capacity 690K, committed 768K, reserved 1048576K
}
Event: 3.353 GC heap before
{Heap before GC invocations=12 (full 0):
 PSYoungGen      total 847360K, used 830080K [0x000000076b800000, 0x00000007bea00000, 0x00000007c0000000)
  eden space 829952K, 100% used [0x000000076b800000,0x000000079e280000,0x000000079e280000)
  from space 17408K, 0% used [0x000000079e280000,0x000000079e2a0000,0x000000079f380000)
  to   space 16896K, 0% used [0x00000007bd980000,0x00000007bd980000,0x00000007bea00000)
 ParOldGen       total 173568K, used 38156K [0x00000006c2800000, 0x00000006cd180000, 0x000000076b800000)
  object space 173568K, 21% used [0x00000006c2800000,0x00000006c4d43208,0x00000006cd180000)
 Metaspace       used 8237K, capacity 8646K, committed 8960K, reserved 1056768K
  class space    used 655K, capacity 690K, committed 768K, reserved 1048576K
Event: 3.354 GC heap after
Heap after GC invocations=12 (full 0):
 PSYoungGen      total 1344000K, used 224K [0x000000076b800000, 0x00000007be900000, 0x00000007c0000000)
  eden space 1328128K, 0% used [0x000000076b800000,0x000000076b800000,0x00000007bc900000)
  from space 15872K, 1% used [0x00000007bd980000,0x00000007bd9b8000,0x00000007be900000)
  to   space 16384K, 0% used [0x00000007bc900000,0x00000007bc900000,0x00000007bd900000)
 ParOldGen       total 173568K, used 38156K [0x00000006c2800000, 0x00000006cd180000, 0x000000076b800000)
  object space 173568K, 21% used [0x00000006c2800000,0x00000006c4d43208,0x00000006cd180000)
 Metaspace       used 8237K, capacity 8646K, committed 8960K, reserved 1056768K
  class space    used 655K, capacity 690K, committed 768K, reserved 1048576K
}

