# JRE version: Java(TM) SE Runtime Environment (8.0_65-b17) (build 1.8.0_65-b17)
# Java VM: Java HotSpot(TM) 64-Bit Server VM (25.65-b01 mixed mode windows-amd64 compressed oops)
Heap:
 PSYoungGen      total 98816K, used 69863K [0x000000076b800000, 0x0000000779480000, 0x00000007c0000000)
  eden space 98304K, 70% used [0x000000076b800000,0x000000076fc19c60,0x0000000771800000)
  from space 512K, 25% used [0x0000000779400000,0x0000000779420000,0x0000000779480000)
  to   space 1024K, 0% used [0x0000000779280000,0x0000000779280000,0x0000000779380000)
 ParOldGen       total 173568K, used 1416K [0x00000006c2800000, 0x00000006cd180000, 0x000000076b800000)
  object space 173568K, 0% used [0x00000006c2800000,0x00000006c2962268,0x00000006cd180000)
 Metaspace       used 8084K, capacity 8646K, committed 8960K, reserved 1056768K
  class space    used 646K, capacity 690K, committed 768K, reserved 1048576K
GC Heap History (10 events):
Event: 4.250 GC heap before
{Heap before GC invocations=32 (full 0):
 PSYoungGen      total 114688K, used 113824K [0x000000076b800000, 0x0000000779600000, 0x00000007c0000000)
  eden space 113664K, 100% used [0x000000076b800000,0x0000000772700000,0x0000000772700000)
  from space 1024K, 15% used [0x0000000779400000,0x0000000779428000,0x0000000779500000)
  to   space 1024K, 0% used [0x0000000779500000,0x0000000779500000,0x0000000779600000)
 ParOldGen       total 173568K, used 1416K [0x00000006c2800000, 0x00000006cd180000, 0x000000076b800000)
  object space 173568K, 0% used [0x00000006c2800000,0x00000006c2962268,0x00000006cd180000)
 Metaspace       used 8083K, capacity 8646K, committed 8960K, reserved 1056768K
  class space    used 646K, capacity 690K, committed 768K, reserved 1048576K
Event: 4.250 GC heap after
Heap after GC invocations=32 (full 0):
 PSYoungGen      total 110592K, used 192K [0x000000076b800000, 0x0000000779580000, 0x00000007c0000000)
  eden space 110080K, 0% used [0x000000076b800000,0x000000076b800000,0x0000000772380000)
  from space 512K, 37% used [0x0000000779500000,0x0000000779530000,0x0000000779580000)
  to   space 1024K, 0% used [0x0000000779380000,0x0000000779380000,0x0000000779480000)
 ParOldGen       total 173568K, used 1416K [0x00000006c2800000, 0x00000006cd180000, 0x000000076b800000)
  object space 173568K, 0% used [0x00000006c2800000,0x00000006c2962268,0x00000006cd180000)
 Metaspace       used 8083K, capacity 8646K, committed 8960K, reserved 1056768K
  class space    used 646K, capacity 690K, committed 768K, reserved 1048576K
}
Event: 4.343 GC heap before
{Heap before GC invocations=33 (full 0):
 PSYoungGen      total 110592K, used 110272K [0x000000076b800000, 0x0000000779580000, 0x00000007c0000000)
  eden space 110080K, 100% used [0x000000076b800000,0x0000000772380000,0x0000000772380000)
  from space 512K, 37% used [0x0000000779500000,0x0000000779530000,0x0000000779580000)
  to   space 1024K, 0% used [0x0000000779380000,0x0000000779380000,0x0000000779480000)
 ParOldGen       total 173568K, used 1416K [0x00000006c2800000, 0x00000006cd180000, 0x000000076b800000)
  object space 173568K, 0% used [0x00000006c2800000,0x00000006c2962268,0x00000006cd180000)
 Metaspace       used 8083K, capacity 8646K, committed 8960K, reserved 1056768K
  class space    used 646K, capacity 690K, committed 768K, reserved 1048576K
Event: 4.343 GC heap after
Heap after GC invocations=33 (full 0):
 PSYoungGen      total 108032K, used 224K [0x000000076b800000, 0x0000000779580000, 0x00000007c0000000)
  eden space 107008K, 0% used [0x000000076b800000,0x000000076b800000,0x0000000772080000)
  from space 1024K, 21% used [0x0000000779380000,0x00000007793b8000,0x0000000779480000)
  to   space 1024K, 0% used [0x0000000779480000,0x0000000779480000,0x0000000779580000)
 ParOldGen       total 173568K, used 1416K [0x00000006c2800000, 0x00000006cd180000, 0x000000076b800000)
  object space 173568K, 0% used [0x00000006c2800000,0x00000006c2962268,0x00000006cd180000)
 Metaspace       used 8083K, capacity 8646K, committed 8960K, reserved 1056768K
  class space    used 646K, capacity 690K, committed 768K, reserved 1048576K
}
Event: 4.439 GC heap before
{Heap before GC invocations=34 (full 0):
 PSYoungGen      total 108032K, used 107232K [0x000000076b800000, 0x0000000779580000, 0x00000007c0000000)
  eden space 107008K, 100% used [0x000000076b800000,0x0000000772080000,0x0000000772080000)
  from space 1024K, 21% used [0x0000000779380000,0x00000007793b8000,0x0000000779480000)
  to   space 1024K, 0% used [0x0000000779480000,0x0000000779480000,0x0000000779580000)
 ParOldGen       total 173568K, used 1416K [0x00000006c2800000, 0x00000006cd180000, 0x000000076b800000)
  object space 173568K, 0% used [0x00000006c2800000,0x00000006c2962268,0x00000006cd180000)
 Metaspace       used 8083K, capacity 8646K, committed 8960K, reserved 1056768K
  class space    used 646K, capacity 690K, committed 768K, reserved 1048576K
Event: 4.439 GC heap after
Heap after GC invocations=34 (full 0):
 PSYoungGen      total 104448K, used 192K [0x000000076b800000, 0x0000000779500000, 0x00000007c0000000)
  eden space 103936K, 0% used [0x000000076b800000,0x000000076b800000,0x0000000771d80000)
  from space 512K, 37% used [0x0000000779480000,0x00000007794b0000,0x0000000779500000)
  to   space 1024K, 0% used [0x0000000779300000,0x0000000779300000,0x0000000779400000)
 ParOldGen       total 173568K, used 1416K [0x00000006c2800000, 0x00000006cd180000, 0x000000076b800000)
  object space 173568K, 0% used [0x00000006c2800000,0x00000006c2962268,0x00000006cd180000)
 Metaspace       used 8083K, capacity 8646K, committed 8960K, reserved 1056768K
  class space    used 646K, capacity 690K, committed 768K, reserved 1048576K
}
Event: 4.527 GC heap before
{Heap before GC invocations=35 (full 0):
 PSYoungGen      total 104448K, used 104128K [0x000000076b800000, 0x0000000779500000, 0x00000007c0000000)
  eden space 103936K, 100% used [0x000000076b800000,0x0000000771d80000,0x0000000771d80000)
  from space 512K, 37% used [0x0000000779480000,0x00000007794b0000,0x0000000779500000)
  to   space 1024K, 0% used [0x0000000779300000,0x0000000779300000,0x0000000779400000)
 ParOldGen       total 173568K, used 1416K [0x00000006c2800000, 0x00000006cd180000, 0x000000076b800000)
  object space 173568K, 0% used [0x00000006c2800000,0x00000006c2962268,0x00000006cd180000)
 Metaspace       used 8083K, capacity 8646K, committed 8960K, reserved 1056768K
  class space    used 646K, capacity 690K, committed 768K, reserved 1048576K
Event: 4.527 GC heap after
Heap after GC invocations=35 (full 0):
 PSYoungGen      total 101888K, used 160K [0x000000076b800000, 0x0000000779500000, 0x00000007c0000000)
  eden space 100864K, 0% used [0x000000076b800000,0x000000076b800000,0x0000000771a80000)
  from space 1024K, 15% used [0x0000000779300000,0x0000000779328000,0x0000000779400000)
  to   space 1024K, 0% used [0x0000000779400000,0x0000000779400000,0x0000000779500000)
 ParOldGen       total 173568K, used 1416K [0x00000006c2800000, 0x00000006cd180000, 0x000000076b800000)
  object space 173568K, 0% used [0x00000006c2800000,0x00000006c2962268,0x00000006cd180000)
 Metaspace       used 8083K, capacity 8646K, committed 8960K, reserved 1056768K
  class space    used 646K, capacity 690K, committed 768K, reserved 1048576K
}
Event: 4.639 GC heap before
{Heap before GC invocations=36 (full 0):
 PSYoungGen      total 101888K, used 101024K [0x000000076b800000, 0x0000000779500000, 0x00000007c0000000)
  eden space 100864K, 100% used [0x000000076b800000,0x0000000771a80000,0x0000000771a80000)
  from space 1024K, 15% used [0x0000000779300000,0x0000000779328000,0x0000000779400000)
  to   space 1024K, 0% used [0x0000000779400000,0x0000000779400000,0x0000000779500000)
 ParOldGen       total 173568K, used 1416K [0x00000006c2800000, 0x00000006cd180000, 0x000000076b800000)
  object space 173568K, 0% used [0x00000006c2800000,0x00000006c2962268,0x00000006cd180000)
 Metaspace       used 8083K, capacity 8646K, committed 8960K, reserved 1056768K
  class space    used 646K, capacity 690K, committed 768K, reserved 1048576K
Event: 4.640 GC heap after
Heap after GC invocations=36 (full 0):
 PSYoungGen      total 98816K, used 128K [0x000000076b800000, 0x0000000779480000, 0x00000007c0000000)
  eden space 98304K, 0% used [0x000000076b800000,0x000000076b800000,0x0000000771800000)
  from space 512K, 25% used [0x0000000779400000,0x0000000779420000,0x0000000779480000)
  to   space 1024K, 0% used [0x0000000779280000,0x0000000779280000,0x0000000779380000)
 ParOldGen       total 173568K, used 1416K [0x00000006c2800000, 0x00000006cd180000, 0x000000076b800000)
  object space 173568K, 0% used [0x00000006c2800000,0x00000006c2962268,0x00000006cd180000)
 Metaspace       used 8083K, capacity 8646K, committed 8960K, reserved 1056768K
  class space    used 646K, capacity 690K, committed 768K, reserved 1048576K
}

