# JRE version: Java(TM) SE Runtime Environment (8.0_65-b17) (build 1.8.0_65-b17)
# Java VM: Java HotSpot(TM) 64-Bit Server VM (25.65-b01 mixed mode windows-amd64 compressed oops)
Heap:
 PSYoungGen      total 145408K, used 110338K [0x000000076b800000, 0x000000078a980000, 0x00000007c0000000)
  eden space 143872K, 76% used [0x000000076b800000,0x00000007723a0978,0x0000000774480000)
  from space 1536K, 8% used [0x000000078a680000,0x000000078a6a0000,0x000000078a800000)
  to   space 1536K, 0% used [0x000000078a800000,0x000000078a800000,0x000000078a980000)
 ParOldGen       total 173568K, used 1503K [0x00000006c2800000, 0x00000006cd180000, 0x000000076b800000)
  object space 173568K, 0% used [0x00000006c2800000,0x00000006c2977df0,0x00000006cd180000)
 Metaspace       used 8223K, capacity 8646K, committed 8960K, reserved 1056768K
  class space    used 655K, capacity 690K, committed 768K, reserved 1048576K
GC Heap History (10 events):
Event: 3.053 GC heap before
{Heap before GC invocations=19 (full 0):
 PSYoungGen      total 172032K, used 171712K [0x000000076b800000, 0x000000078ac80000, 0x00000007c0000000)
  eden space 171520K, 100% used [0x000000076b800000,0x0000000775f80000,0x0000000775f80000)
  from space 512K, 37% used [0x000000078ac00000,0x000000078ac30000,0x000000078ac80000)
  to   space 2048K, 0% used [0x000000078a880000,0x000000078a880000,0x000000078aa80000)
 ParOldGen       total 173568K, used 1487K [0x00000006c2800000, 0x00000006cd180000, 0x000000076b800000)
  object space 173568K, 0% used [0x00000006c2800000,0x00000006c2973df0,0x00000006cd180000)
 Metaspace       used 8223K, capacity 8646K, committed 8960K, reserved 1056768K
  class space    used 655K, capacity 690K, committed 768K, reserved 1048576K
Event: 3.053 GC heap after
Heap after GC invocations=19 (full 0):
 PSYoungGen      total 167424K, used 192K [0x000000076b800000, 0x000000078ac80000, 0x00000007c0000000)
  eden space 165376K, 0% used [0x000000076b800000,0x000000076b800000,0x0000000775980000)
  from space 2048K, 9% used [0x000000078a880000,0x000000078a8b0000,0x000000078aa80000)
  to   space 2048K, 0% used [0x000000078aa80000,0x000000078aa80000,0x000000078ac80000)
 ParOldGen       total 173568K, used 1503K [0x00000006c2800000, 0x00000006cd180000, 0x000000076b800000)
  object space 173568K, 0% used [0x00000006c2800000,0x00000006c2977df0,0x00000006cd180000)
 Metaspace       used 8223K, capacity 8646K, committed 8960K, reserved 1056768K
  class space    used 655K, capacity 690K, committed 768K, reserved 1048576K
}
Event: 3.229 GC heap before
{Heap before GC invocations=20 (full 0):
 PSYoungGen      total 167424K, used 165568K [0x000000076b800000, 0x000000078ac80000, 0x00000007c0000000)
  eden space 165376K, 100% used [0x000000076b800000,0x0000000775980000,0x0000000775980000)
  from space 2048K, 9% used [0x000000078a880000,0x000000078a8b0000,0x000000078aa80000)
  to   space 2048K, 0% used [0x000000078aa80000,0x000000078aa80000,0x000000078ac80000)
 ParOldGen       total 173568K, used 1503K [0x00000006c2800000, 0x00000006cd180000, 0x000000076b800000)
  object space 173568K, 0% used [0x00000006c2800000,0x00000006c2977df0,0x00000006cd180000)
 Metaspace       used 8223K, capacity 8646K, committed 8960K, reserved 1056768K
  class space    used 655K, capacity 690K, committed 768K, reserved 1048576K
Event: 3.230 GC heap after
Heap after GC invocations=20 (full 0):
 PSYoungGen      total 160256K, used 192K [0x000000076b800000, 0x000000078ab00000, 0x00000007c0000000)
  eden space 159744K, 0% used [0x000000076b800000,0x000000076b800000,0x0000000775400000)
  from space 512K, 37% used [0x000000078aa80000,0x000000078aab0000,0x000000078ab00000)
  to   space 2048K, 0% used [0x000000078a700000,0x000000078a700000,0x000000078a900000)
 ParOldGen       total 173568K, used 1503K [0x00000006c2800000, 0x00000006cd180000, 0x000000076b800000)
  object space 173568K, 0% used [0x00000006c2800000,0x00000006c2977df0,0x00000006cd180000)
 Metaspace       used 8223K, capacity 8646K, committed 8960K, reserved 1056768K
  class space    used 655K, capacity 690K, committed 768K, reserved 1048576K
}
Event: 3.365 GC heap before
{Heap before GC invocations=21 (full 0):
 PSYoungGen      total 160256K, used 159936K [0x000000076b800000, 0x000000078ab00000, 0x00000007c0000000)
  eden space 159744K, 100% used [0x000000076b800000,0x0000000775400000,0x0000000775400000)
  from space 512K, 37% used [0x000000078aa80000,0x000000078aab0000,0x000000078ab00000)
  to   space 2048K, 0% used [0x000000078a700000,0x000000078a700000,0x000000078a900000)
 ParOldGen       total 173568K, used 1503K [0x00000006c2800000, 0x00000006cd180000, 0x000000076b800000)
  object space 173568K, 0% used [0x00000006c2800000,0x00000006c2977df0,0x00000006cd180000)
 Metaspace       used 8223K, capacity 8646K, committed 8960K, reserved 1056768K
  class space    used 655K, capacity 690K, committed 768K, reserved 1048576K
Event: 3.365 GC heap after
Heap after GC invocations=21 (full 0):
 PSYoungGen      total 156160K, used 160K [0x000000076b800000, 0x000000078ab00000, 0x00000007c0000000)
  eden space 154112K, 0% used [0x000000076b800000,0x000000076b800000,0x0000000774e80000)
  from space 2048K, 7% used [0x000000078a700000,0x000000078a728000,0x000000078a900000)
  to   space 2048K, 0% used [0x000000078a900000,0x000000078a900000,0x000000078ab00000)
 ParOldGen       total 173568K, used 1503K [0x00000006c2800000, 0x00000006cd180000, 0x000000076b800000)
  object space 173568K, 0% used [0x00000006c2800000,0x00000006c2977df0,0x00000006cd180000)
 Metaspace       used 8223K, capacity 8646K, committed 8960K, reserved 1056768K
  class space    used 655K, capacity 690K, committed 768K, reserved 1048576K
}
Event: 3.532 GC heap before
{Heap before GC invocations=22 (full 0):
 PSYoungGen      total 156160K, used 154272K [0x000000076b800000, 0x000000078ab00000, 0x00000007c0000000)
  eden space 154112K, 100% used [0x000000076b800000,0x0000000774e80000,0x0000000774e80000)
  from space 2048K, 7% used [0x000000078a700000,0x000000078a728000,0x000000078a900000)
  to   space 2048K, 0% used [0x000000078a900000,0x000000078a900000,0x000000078ab00000)
 ParOldGen       total 173568K, used 1503K [0x00000006c2800000, 0x00000006cd180000, 0x000000076b800000)
  object space 173568K, 0% used [0x00000006c2800000,0x00000006c2977df0,0x00000006cd180000)
 Metaspace       used 8223K, capacity 8646K, committed 8960K, reserved 1056768K
  class space    used 655K, capacity 690K, committed 768K, reserved 1048576K
Event: 3.533 GC heap after
Heap after GC invocations=22 (full 0):
 PSYoungGen      total 149504K, used 160K [0x000000076b800000, 0x000000078a980000, 0x00000007c0000000)
  eden space 148992K, 0% used [0x000000076b800000,0x000000076b800000,0x0000000774980000)
  from space 512K, 31% used [0x000000078a900000,0x000000078a928000,0x000000078a980000)
  to   space 1536K, 0% used [0x000000078a680000,0x000000078a680000,0x000000078a800000)
 ParOldGen       total 173568K, used 1503K [0x00000006c2800000, 0x00000006cd180000, 0x000000076b800000)
  object space 173568K, 0% used [0x00000006c2800000,0x00000006c2977df0,0x00000006cd180000)
 Metaspace       used 8223K, capacity 8646K, committed 8960K, reserved 1056768K
  class space    used 655K, capacity 690K, committed 768K, reserved 1048576K
}
Event: 3.689 GC heap before
{Heap before GC invocations=23 (full 0):
 PSYoungGen      total 149504K, used 149152K [0x000000076b800000, 0x000000078a980000, 0x00000007c0000000)
  eden space 148992K, 100% used [0x000000076b800000,0x0000000774980000,0x0000000774980000)
  from space 512K, 31% used [0x000000078a900000,0x000000078a928000,0x000000078a980000)
  to   space 1536K, 0% used [0x000000078a680000,0x000000078a680000,0x000000078a800000)
 ParOldGen       total 173568K, used 1503K [0x00000006c2800000, 0x00000006cd180000, 0x000000076b800000)
  object space 173568K, 0% used [0x00000006c2800000,0x00000006c2977df0,0x00000006cd180000)
 Metaspace       used 8223K, capacity 8646K, committed 8960K, reserved 1056768K
  class space    used 655K, capacity 690K, committed 768K, reserved 1048576K
Event: 3.690 GC heap after
Heap after GC invocations=23 (full 0):
 PSYoungGen      total 145408K, used 128K [0x000000076b800000, 0x000000078a980000, 0x00000007c0000000)
  eden space 143872K, 0% used [0x000000076b800000,0x000000076b800000,0x0000000774480000)
  from space 1536K, 8% used [0x000000078a680000,0x000000078a6a0000,0x000000078a800000)
  to   space 1536K, 0% used [0x000000078a800000,0x000000078a800000,0x000000078a980000)
 ParOldGen       total 173568K, used 1503K [0x00000006c2800000, 0x00000006cd180000, 0x000000076b800000)
  object space 173568K, 0% used [0x00000006c2800000,0x00000006c2977df0,0x00000006cd180000)
 Metaspace       used 8223K, capacity 8646K, committed 8960K, reserved 1056768K
  class space    used 655K, capacity 690K, committed 768K, reserved 1048576K
}

