# JRE version: Java(TM) SE Runtime Environment (8.0_65-b17) (build 1.8.0_65-b17)
# Java VM: Java HotSpot(TM) 64-Bit Server VM (25.65-b01 mixed mode windows-amd64 compressed oops)
Heap:
 PSYoungGen      total 135168K, used 95385K [0x000000076b800000, 0x000000077a980000, 0x00000007c0000000)
  eden space 134656K, 70% used [0x000000076b800000,0x00000007714ee728,0x0000000773b80000)
  from space 512K, 43% used [0x000000077a900000,0x000000077a938000,0x000000077a980000)
  to   space 1536K, 0% used [0x000000077a680000,0x000000077a680000,0x000000077a800000)
 ParOldGen       total 173568K, used 1304K [0x00000006c2800000, 0x00000006cd180000, 0x000000076b800000)
  object space 173568K, 0% used [0x00000006c2800000,0x00000006c2946050,0x00000006cd180000)
 Metaspace       used 8238K, capacity 8710K, committed 8960K, reserved 1056768K
  class space    used 657K, capacity 690K, committed 768K, reserved 1048576K
GC Heap History (10 events):
Event: 3.120 GC heap before
{Heap before GC invocations=20 (full 0):
 PSYoungGen      total 161792K, used 159968K [0x000000076b800000, 0x000000077ad80000, 0x00000007c0000000)
  eden space 159744K, 100% used [0x000000076b800000,0x0000000775400000,0x0000000775400000)
  from space 2048K, 10% used [0x000000077a980000,0x000000077a9b8000,0x000000077ab80000)
  to   space 2048K, 0% used [0x000000077ab80000,0x000000077ab80000,0x000000077ad80000)
 ParOldGen       total 173568K, used 1280K [0x00000006c2800000, 0x00000006cd180000, 0x000000076b800000)
  object space 173568K, 0% used [0x00000006c2800000,0x00000006c2940050,0x00000006cd180000)
 Metaspace       used 8238K, capacity 8710K, committed 8960K, reserved 1056768K
  class space    used 657K, capacity 690K, committed 768K, reserved 1048576K
Event: 3.121 GC heap after
Heap after GC invocations=20 (full 0):
 PSYoungGen      total 154624K, used 224K [0x000000076b800000, 0x000000077ac00000, 0x00000007c0000000)
  eden space 154112K, 0% used [0x000000076b800000,0x000000076b800000,0x0000000774e80000)
  from space 512K, 43% used [0x000000077ab80000,0x000000077abb8000,0x000000077ac00000)
  to   space 2048K, 0% used [0x000000077a800000,0x000000077a800000,0x000000077aa00000)
 ParOldGen       total 173568K, used 1280K [0x00000006c2800000, 0x00000006cd180000, 0x000000076b800000)
  object space 173568K, 0% used [0x00000006c2800000,0x00000006c2940050,0x00000006cd180000)
 Metaspace       used 8238K, capacity 8710K, committed 8960K, reserved 1056768K
  class space    used 657K, capacity 690K, committed 768K, reserved 1048576K
}
Event: 3.244 GC heap before
{Heap before GC invocations=21 (full 0):
 PSYoungGen      total 154624K, used 154336K [0x000000076b800000, 0x000000077ac00000, 0x00000007c0000000)
  eden space 154112K, 100% used [0x000000076b800000,0x0000000774e80000,0x0000000774e80000)
  from space 512K, 43% used [0x000000077ab80000,0x000000077abb8000,0x000000077ac00000)
  to   space 2048K, 0% used [0x000000077a800000,0x000000077a800000,0x000000077aa00000)
 ParOldGen       total 173568K, used 1280K [0x00000006c2800000, 0x00000006cd180000, 0x000000076b800000)
  object space 173568K, 0% used [0x00000006c2800000,0x00000006c2940050,0x00000006cd180000)
 Metaspace       used 8238K, capacity 8710K, committed 8960K, reserved 1056768K
  class space    used 657K, capacity 690K, committed 768K, reserved 1048576K
Event: 3.244 GC heap after
Heap after GC invocations=21 (full 0):
 PSYoungGen      total 151040K, used 192K [0x000000076b800000, 0x000000077ac00000, 0x00000007c0000000)
  eden space 148992K, 0% used [0x000000076b800000,0x000000076b800000,0x0000000774980000)
  from space 2048K, 9% used [0x000000077a800000,0x000000077a830000,0x000000077aa00000)
  to   space 2048K, 0% used [0x000000077aa00000,0x000000077aa00000,0x000000077ac00000)
 ParOldGen       total 173568K, used 1280K [0x00000006c2800000, 0x00000006cd180000, 0x000000076b800000)
  object space 173568K, 0% used [0x00000006c2800000,0x00000006c2940050,0x00000006cd180000)
 Metaspace       used 8238K, capacity 8710K, committed 8960K, reserved 1056768K
  class space    used 657K, capacity 690K, committed 768K, reserved 1048576K
}
Event: 3.386 GC heap before
{Heap before GC invocations=22 (full 0):
 PSYoungGen      total 151040K, used 149184K [0x000000076b800000, 0x000000077ac00000, 0x00000007c0000000)
  eden space 148992K, 100% used [0x000000076b800000,0x0000000774980000,0x0000000774980000)
  from space 2048K, 9% used [0x000000077a800000,0x000000077a830000,0x000000077aa00000)
  to   space 2048K, 0% used [0x000000077aa00000,0x000000077aa00000,0x000000077ac00000)
 ParOldGen       total 173568K, used 1280K [0x00000006c2800000, 0x00000006cd180000, 0x000000076b800000)
  object space 173568K, 0% used [0x00000006c2800000,0x00000006c2940050,0x00000006cd180000)
 Metaspace       used 8238K, capacity 8710K, committed 8960K, reserved 1056768K
  class space    used 657K, capacity 690K, committed 768K, reserved 1048576K
Event: 3.386 GC heap after
Heap after GC invocations=22 (full 0):
 PSYoungGen      total 144384K, used 160K [0x000000076b800000, 0x000000077aa80000, 0x00000007c0000000)
  eden space 143872K, 0% used [0x000000076b800000,0x000000076b800000,0x0000000774480000)
  from space 512K, 31% used [0x000000077aa00000,0x000000077aa28000,0x000000077aa80000)
  to   space 2048K, 0% used [0x000000077a680000,0x000000077a680000,0x000000077a880000)
 ParOldGen       total 173568K, used 1280K [0x00000006c2800000, 0x00000006cd180000, 0x000000076b800000)
  object space 173568K, 0% used [0x00000006c2800000,0x00000006c2940050,0x00000006cd180000)
 Metaspace       used 8238K, capacity 8710K, committed 8960K, reserved 1056768K
  class space    used 657K, capacity 690K, committed 768K, reserved 1048576K
}
Event: 3.482 GC heap before
{Heap before GC invocations=23 (full 0):
 PSYoungGen      total 144384K, used 144032K [0x000000076b800000, 0x000000077aa80000, 0x00000007c0000000)
  eden space 143872K, 100% used [0x000000076b800000,0x0000000774480000,0x0000000774480000)
  from space 512K, 31% used [0x000000077aa00000,0x000000077aa28000,0x000000077aa80000)
  to   space 2048K, 0% used [0x000000077a680000,0x000000077a680000,0x000000077a880000)
 ParOldGen       total 173568K, used 1280K [0x00000006c2800000, 0x00000006cd180000, 0x000000076b800000)
  object space 173568K, 0% used [0x00000006c2800000,0x00000006c2940050,0x00000006cd180000)
 Metaspace       used 8238K, capacity 8710K, committed 8960K, reserved 1056768K
  class space    used 657K, capacity 690K, committed 768K, reserved 1048576K
Event: 3.483 GC heap after
Heap after GC invocations=23 (full 0):
 PSYoungGen      total 141312K, used 192K [0x000000076b800000, 0x000000077aa80000, 0x00000007c0000000)
  eden space 139264K, 0% used [0x000000076b800000,0x000000076b800000,0x0000000774000000)
  from space 2048K, 9% used [0x000000077a680000,0x000000077a6b0000,0x000000077a880000)
  to   space 1536K, 0% used [0x000000077a900000,0x000000077a900000,0x000000077aa80000)
 ParOldGen       total 173568K, used 1288K [0x00000006c2800000, 0x00000006cd180000, 0x000000076b800000)
  object space 173568K, 0% used [0x00000006c2800000,0x00000006c2942050,0x00000006cd180000)
 Metaspace       used 8238K, capacity 8710K, committed 8960K, reserved 1056768K
  class space    used 657K, capacity 690K, committed 768K, reserved 1048576K
}
Event: 3.605 GC heap before
{Heap before GC invocations=24 (full 0):
 PSYoungGen      total 141312K, used 139456K [0x000000076b800000, 0x000000077aa80000, 0x00000007c0000000)
  eden space 139264K, 100% used [0x000000076b800000,0x0000000774000000,0x0000000774000000)
  from space 2048K, 9% used [0x000000077a680000,0x000000077a6b0000,0x000000077a880000)
  to   space 1536K, 0% used [0x000000077a900000,0x000000077a900000,0x000000077aa80000)
 ParOldGen       total 173568K, used 1288K [0x00000006c2800000, 0x00000006cd180000, 0x000000076b800000)
  object space 173568K, 0% used [0x00000006c2800000,0x00000006c2942050,0x00000006cd180000)
 Metaspace       used 8238K, capacity 8710K, committed 8960K, reserved 1056768K
  class space    used 657K, capacity 690K, committed 768K, reserved 1048576K
Event: 3.606 GC heap after
Heap after GC invocations=24 (full 0):
 PSYoungGen      total 135168K, used 224K [0x000000076b800000, 0x000000077a980000, 0x00000007c0000000)
  eden space 134656K, 0% used [0x000000076b800000,0x000000076b800000,0x0000000773b80000)
  from space 512K, 43% used [0x000000077a900000,0x000000077a938000,0x000000077a980000)
  to   space 1536K, 0% used [0x000000077a680000,0x000000077a680000,0x000000077a800000)
 ParOldGen       total 173568K, used 1304K [0x00000006c2800000, 0x00000006cd180000, 0x000000076b800000)
  object space 173568K, 0% used [0x00000006c2800000,0x00000006c2946050,0x00000006cd180000)
 Metaspace       used 8238K, capacity 8710K, committed 8960K, reserved 1056768K
  class space    used 657K, capacity 690K, committed 768K, reserved 1048576K
}

