# JRE version: Java(TM) SE Runtime Environment (8.0_65-b17) (build 1.8.0_65-b17)
# Java VM: Java HotSpot(TM) 64-Bit Server VM (25.65-b01 mixed mode windows-amd64 compressed oops)
Heap:
 PSYoungGen      total 568320K, used 329178K [0x000000076b800000, 0x00000007bbb80000, 0x00000007c0000000)
  eden space 567808K, 57% used [0x000000076b800000,0x000000077f94eb08,0x000000078e280000)
  from space 512K, 31% used [0x00000007bbb00000,0x00000007bbb28000,0x00000007bbb80000)
  to   space 6656K, 0% used [0x00000007bae80000,0x00000007bae80000,0x00000007bb500000)
 ParOldGen       total 173568K, used 36558K [0x00000006c2800000, 0x00000006cd180000, 0x000000076b800000)
  object space 173568K, 21% used [0x00000006c2800000,0x00000006c4bb3970,0x00000006cd180000)
 Metaspace       used 8371K, capacity 8710K, committed 8960K, reserved 1056768K
  class space    used 659K, capacity 690K, committed 768K, reserved 1048576K
GC Heap History (10 events):
Event: 9.672 GC heap before
{Heap before GC invocations=24 (full 0):
 PSYoungGen      total 724480K, used 714976K [0x000000076b800000, 0x00000007bd200000, 0x00000007c0000000)
  eden space 714752K, 100% used [0x000000076b800000,0x0000000797200000,0x0000000797200000)
  from space 9728K, 2% used [0x00000007bbf00000,0x00000007bbf38000,0x00000007bc880000)
  to   space 9216K, 0% used [0x00000007bc900000,0x00000007bc900000,0x00000007bd200000)
 ParOldGen       total 173568K, used 36486K [0x00000006c2800000, 0x00000006cd180000, 0x000000076b800000)
  object space 173568K, 21% used [0x00000006c2800000,0x00000006c4ba1970,0x00000006cd180000)
 Metaspace       used 8358K, capacity 8710K, committed 8960K, reserved 1056768K
  class space    used 659K, capacity 690K, committed 768K, reserved 1048576K
Event: 9.672 GC heap after
Heap after GC invocations=24 (full 0):
 PSYoungGen      total 683008K, used 224K [0x000000076b800000, 0x00000007bc980000, 0x00000007c0000000)
  eden space 682496K, 0% used [0x000000076b800000,0x000000076b800000,0x0000000795280000)
  from space 512K, 43% used [0x00000007bc900000,0x00000007bc938000,0x00000007bc980000)
  to   space 8704K, 0% used [0x00000007bb880000,0x00000007bb880000,0x00000007bc100000)
 ParOldGen       total 173568K, used 36486K [0x00000006c2800000, 0x00000006cd180000, 0x000000076b800000)
  object space 173568K, 21% used [0x00000006c2800000,0x00000006c4ba1970,0x00000006cd180000)
 Metaspace       used 8358K, capacity 8710K, committed 8960K, reserved 1056768K
  class space    used 659K, capacity 690K, committed 768K, reserved 1048576K
}
Event: 10.180 GC heap before
{Heap before GC invocations=25 (full 0):
 PSYoungGen      total 683008K, used 682720K [0x000000076b800000, 0x00000007bc980000, 0x00000007c0000000)
  eden space 682496K, 100% used [0x000000076b800000,0x0000000795280000,0x0000000795280000)
  from space 512K, 43% used [0x00000007bc900000,0x00000007bc938000,0x00000007bc980000)
  to   space 8704K, 0% used [0x00000007bb880000,0x00000007bb880000,0x00000007bc100000)
 ParOldGen       total 173568K, used 36486K [0x00000006c2800000, 0x00000006cd180000, 0x000000076b800000)
  object space 173568K, 21% used [0x00000006c2800000,0x00000006c4ba1970,0x00000006cd180000)
 Metaspace       used 8371K, capacity 8710K, committed 8960K, reserved 1056768K
  class space    used 659K, capacity 690K, committed 768K, reserved 1048576K
Event: 10.181 GC heap after
Heap after GC invocations=25 (full 0):
 PSYoungGen      total 660480K, used 224K [0x000000076b800000, 0x00000007bc980000, 0x00000007c0000000)
  eden space 651776K, 0% used [0x000000076b800000,0x000000076b800000,0x0000000793480000)
  from space 8704K, 2% used [0x00000007bb880000,0x00000007bb8b8000,0x00000007bc100000)
  to   space 8192K, 0% used [0x00000007bc180000,0x00000007bc180000,0x00000007bc980000)
 ParOldGen       total 173568K, used 36518K [0x00000006c2800000, 0x00000006cd180000, 0x000000076b800000)
  object space 173568K, 21% used [0x00000006c2800000,0x00000006c4ba9970,0x00000006cd180000)
 Metaspace       used 8371K, capacity 8710K, committed 8960K, reserved 1056768K
  class space    used 659K, capacity 690K, committed 768K, reserved 1048576K
}
Event: 10.824 GC heap before
{Heap before GC invocations=26 (full 0):
 PSYoungGen      total 660480K, used 652000K [0x000000076b800000, 0x00000007bc980000, 0x00000007c0000000)
  eden space 651776K, 100% used [0x000000076b800000,0x0000000793480000,0x0000000793480000)
  from space 8704K, 2% used [0x00000007bb880000,0x00000007bb8b8000,0x00000007bc100000)
  to   space 8192K, 0% used [0x00000007bc180000,0x00000007bc180000,0x00000007bc980000)
 ParOldGen       total 173568K, used 36518K [0x00000006c2800000, 0x00000006cd180000, 0x000000076b800000)
  object space 173568K, 21% used [0x00000006c2800000,0x00000006c4ba9970,0x00000006cd180000)
 Metaspace       used 8371K, capacity 8710K, committed 8960K, reserved 1056768K
  class space    used 659K, capacity 690K, committed 768K, reserved 1048576K
Event: 10.825 GC heap after
Heap after GC invocations=26 (full 0):
 PSYoungGen      total 623104K, used 224K [0x000000076b800000, 0x00000007bc200000, 0x00000007c0000000)
  eden space 622592K, 0% used [0x000000076b800000,0x000000076b800000,0x0000000791800000)
  from space 512K, 43% used [0x00000007bc180000,0x00000007bc1b8000,0x00000007bc200000)
  to   space 7680K, 0% used [0x00000007bb300000,0x00000007bb300000,0x00000007bba80000)
 ParOldGen       total 173568K, used 36558K [0x00000006c2800000, 0x00000006cd180000, 0x000000076b800000)
  object space 173568K, 21% used [0x00000006c2800000,0x00000006c4bb3970,0x00000006cd180000)
 Metaspace       used 8371K, capacity 8710K, committed 8960K, reserved 1056768K
  class space    used 659K, capacity 690K, committed 768K, reserved 1048576K
}
Event: 11.285 GC heap before
{Heap before GC invocations=27 (full 0):
 PSYoungGen      total 623104K, used 622816K [0x000000076b800000, 0x00000007bc200000, 0x00000007c0000000)
  eden space 622592K, 100% used [0x000000076b800000,0x0000000791800000,0x0000000791800000)
  from space 512K, 43% used [0x00000007bc180000,0x00000007bc1b8000,0x00000007bc200000)
  to   space 7680K, 0% used [0x00000007bb300000,0x00000007bb300000,0x00000007bba80000)
 ParOldGen       total 173568K, used 36558K [0x00000006c2800000, 0x00000006cd180000, 0x000000076b800000)
  object space 173568K, 21% used [0x00000006c2800000,0x00000006c4bb3970,0x00000006cd180000)
 Metaspace       used 8371K, capacity 8710K, committed 8960K, reserved 1056768K
  class space    used 659K, capacity 690K, committed 768K, reserved 1048576K
Event: 11.285 GC heap after
Heap after GC invocations=27 (full 0):
 PSYoungGen      total 602112K, used 224K [0x000000076b800000, 0x00000007bc200000, 0x00000007c0000000)
  eden space 594432K, 0% used [0x000000076b800000,0x000000076b800000,0x000000078fc80000)
  from space 7680K, 2% used [0x00000007bb300000,0x00000007bb338000,0x00000007bba80000)
  to   space 7168K, 0% used [0x00000007bbb00000,0x00000007bbb00000,0x00000007bc200000)
 ParOldGen       total 173568K, used 36558K [0x00000006c2800000, 0x00000006cd180000, 0x000000076b800000)
  object space 173568K, 21% used [0x00000006c2800000,0x00000006c4bb3970,0x00000006cd180000)
 Metaspace       used 8371K, capacity 8710K, committed 8960K, reserved 1056768K
  class space    used 659K, capacity 690K, committed 768K, reserved 1048576K
}
Event: 11.814 GC heap before
{Heap before GC invocations=28 (full 0):
 PSYoungGen      total 602112K, used 594656K [0x000000076b800000, 0x00000007bc200000, 0x00000007c0000000)
  eden space 594432K, 100% used [0x000000076b800000,0x000000078fc80000,0x000000078fc80000)
  from space 7680K, 2% used [0x00000007bb300000,0x00000007bb338000,0x00000007bba80000)
  to   space 7168K, 0% used [0x00000007bbb00000,0x00000007bbb00000,0x00000007bc200000)
 ParOldGen       total 173568K, used 36558K [0x00000006c2800000, 0x00000006cd180000, 0x000000076b800000)
  object space 173568K, 21% used [0x00000006c2800000,0x00000006c4bb3970,0x00000006cd180000)
 Metaspace       used 8371K, capacity 8710K, committed 8960K, reserved 1056768K
  class space    used 659K, capacity 690K, committed 768K, reserved 1048576K
Event: 11.815 GC heap after
Heap after GC invocations=28 (full 0):
 PSYoungGen      total 568320K, used 160K [0x000000076b800000, 0x00000007bbb80000, 0x00000007c0000000)
  eden space 567808K, 0% used [0x000000076b800000,0x000000076b800000,0x000000078e280000)
  from space 512K, 31% used [0x00000007bbb00000,0x00000007bbb28000,0x00000007bbb80000)
  to   space 6656K, 0% used [0x00000007bae80000,0x00000007bae80000,0x00000007bb500000)
 ParOldGen       total 173568K, used 36558K [0x00000006c2800000, 0x00000006cd180000, 0x000000076b800000)
  object space 173568K, 21% used [0x00000006c2800000,0x00000006c4bb3970,0x00000006cd180000)
 Metaspace       used 8371K, capacity 8710K, committed 8960K, reserved 1056768K
  class space    used 659K, capacity 690K, committed 768K, reserved 1048576K
}

