# JRE version: Java(TM) SE Runtime Environment (8.0_65-b17) (build 1.8.0_65-b17)
# Java VM: Java HotSpot(TM) 64-Bit Server VM (25.65-b01 mixed mode windows-amd64 compressed oops)
Heap:
 PSYoungGen      total 73216K, used 35049K [0x000000076b800000, 0x00000007b8880000, 0x00000007c0000000)
  eden space 72704K, 47% used [0x000000076b800000,0x000000076da02770,0x000000076ff00000)
  from space 512K, 43% used [0x00000007b8780000,0x00000007b87b8000,0x00000007b8800000)
  to   space 512K, 0% used [0x00000007b8800000,0x00000007b8800000,0x00000007b8880000)
 ParOldGen       total 173568K, used 14244K [0x00000006c2800000, 0x00000006cd180000, 0x000000076b800000)
  object space 173568K, 8% used [0x00000006c2800000,0x00000006c35e9060,0x00000006cd180000)
 Metaspace       used 8363K, capacity 8774K, committed 8960K, reserved 1056768K
  class space    used 659K, capacity 690K, committed 768K, reserved 1048576K
GC Heap History (10 events):
Event: 36.919 GC heap before
{Heap before GC invocations=387 (full 0):
 PSYoungGen      total 82432K, used 82144K [0x000000076b800000, 0x00000007b8880000, 0x00000007c0000000)
  eden space 81920K, 100% used [0x000000076b800000,0x0000000770800000,0x0000000770800000)
  from space 512K, 43% used [0x00000007b8800000,0x00000007b8838000,0x00000007b8880000)
  to   space 512K, 0% used [0x00000007b8780000,0x00000007b8780000,0x00000007b8800000)
 ParOldGen       total 173568K, used 14244K [0x00000006c2800000, 0x00000006cd180000, 0x000000076b800000)
  object space 173568K, 8% used [0x00000006c2800000,0x00000006c35e9060,0x00000006cd180000)
 Metaspace       used 8363K, capacity 8774K, committed 8960K, reserved 1056768K
  class space    used 659K, capacity 690K, committed 768K, reserved 1048576K
Event: 36.919 GC heap after
Heap after GC invocations=387 (full 0):
 PSYoungGen      total 80384K, used 192K [0x000000076b800000, 0x00000007b8880000, 0x00000007c0000000)
  eden space 79872K, 0% used [0x000000076b800000,0x000000076b800000,0x0000000770600000)
  from space 512K, 37% used [0x00000007b8780000,0x00000007b87b0000,0x00000007b8800000)
  to   space 512K, 0% used [0x00000007b8800000,0x00000007b8800000,0x00000007b8880000)
 ParOldGen       total 173568K, used 14244K [0x00000006c2800000, 0x00000006cd180000, 0x000000076b800000)
  object space 173568K, 8% used [0x00000006c2800000,0x00000006c35e9060,0x00000006cd180000)
 Metaspace       used 8363K, capacity 8774K, committed 8960K, reserved 1056768K
  class space    used 659K, capacity 690K, committed 768K, reserved 1048576K
}
Event: 36.988 GC heap before
{Heap before GC invocations=388 (full 0):
 PSYoungGen      total 80384K, used 80064K [0x000000076b800000, 0x00000007b8880000, 0x00000007c0000000)
  eden space 79872K, 100% used [0x000000076b800000,0x0000000770600000,0x0000000770600000)
  from space 512K, 37% used [0x00000007b8780000,0x00000007b87b0000,0x00000007b8800000)
  to   space 512K, 0% used [0x00000007b8800000,0x00000007b8800000,0x00000007b8880000)
 ParOldGen       total 173568K, used 14244K [0x00000006c2800000, 0x00000006cd180000, 0x000000076b800000)
  object space 173568K, 8% used [0x00000006c2800000,0x00000006c35e9060,0x00000006cd180000)
 Metaspace       used 8363K, capacity 8774K, committed 8960K, reserved 1056768K
  class space    used 659K, capacity 690K, committed 768K, reserved 1048576K
Event: 36.989 GC heap after
Heap after GC invocations=388 (full 0):
 PSYoungGen      total 78336K, used 224K [0x000000076b800000, 0x00000007b8880000, 0x00000007c0000000)
  eden space 77824K, 0% used [0x000000076b800000,0x000000076b800000,0x0000000770400000)
  from space 512K, 43% used [0x00000007b8800000,0x00000007b8838000,0x00000007b8880000)
  to   space 512K, 0% used [0x00000007b8780000,0x00000007b8780000,0x00000007b8800000)
 ParOldGen       total 173568K, used 14244K [0x00000006c2800000, 0x00000006cd180000, 0x000000076b800000)
  object space 173568K, 8% used [0x00000006c2800000,0x00000006c35e9060,0x00000006cd180000)
 Metaspace       used 8363K, capacity 8774K, committed 8960K, reserved 1056768K
  class space    used 659K, capacity 690K, committed 768K, reserved 1048576K
}
Event: 37.075 GC heap before
{Heap before GC invocations=389 (full 0):
 PSYoungGen      total 78336K, used 78048K [0x000000076b800000, 0x00000007b8880000, 0x00000007c0000000)
  eden space 77824K, 100% used [0x000000076b800000,0x0000000770400000,0x0000000770400000)
  from space 512K, 43% used [0x00000007b8800000,0x00000007b8838000,0x00000007b8880000)
  to   space 512K, 0% used [0x00000007b8780000,0x00000007b8780000,0x00000007b8800000)
 ParOldGen       total 173568K, used 14244K [0x00000006c2800000, 0x00000006cd180000, 0x000000076b800000)
  object space 173568K, 8% used [0x00000006c2800000,0x00000006c35e9060,0x00000006cd180000)
 Metaspace       used 8363K, capacity 8774K, committed 8960K, reserved 1056768K
  class space    used 659K, capacity 690K, committed 768K, reserved 1048576K
Event: 37.076 GC heap after
Heap after GC invocations=389 (full 0):
 PSYoungGen      total 76288K, used 224K [0x000000076b800000, 0x00000007b8880000, 0x00000007c0000000)
  eden space 75776K, 0% used [0x000000076b800000,0x000000076b800000,0x0000000770200000)
  from space 512K, 43% used [0x00000007b8780000,0x00000007b87b8000,0x00000007b8800000)
  to   space 512K, 0% used [0x00000007b8800000,0x00000007b8800000,0x00000007b8880000)
 ParOldGen       total 173568K, used 14244K [0x00000006c2800000, 0x00000006cd180000, 0x000000076b800000)
  object space 173568K, 8% used [0x00000006c2800000,0x00000006c35e9060,0x00000006cd180000)
 Metaspace       used 8363K, capacity 8774K, committed 8960K, reserved 1056768K
  class space    used 659K, capacity 690K, committed 768K, reserved 1048576K
}
Event: 37.163 GC heap before
{Heap before GC invocations=390 (full 0):
 PSYoungGen      total 76288K, used 76000K [0x000000076b800000, 0x00000007b8880000, 0x00000007c0000000)
  eden space 75776K, 100% used [0x000000076b800000,0x0000000770200000,0x0000000770200000)
  from space 512K, 43% used [0x00000007b8780000,0x00000007b87b8000,0x00000007b8800000)
  to   space 512K, 0% used [0x00000007b8800000,0x00000007b8800000,0x00000007b8880000)
 ParOldGen       total 173568K, used 14244K [0x00000006c2800000, 0x00000006cd180000, 0x000000076b800000)
  object space 173568K, 8% used [0x00000006c2800000,0x00000006c35e9060,0x00000006cd180000)
 Metaspace       used 8363K, capacity 8774K, committed 8960K, reserved 1056768K
  class space    used 659K, capacity 690K, committed 768K, reserved 1048576K
Event: 37.164 GC heap after
Heap after GC invocations=390 (full 0):
 PSYoungGen      total 74752K, used 224K [0x000000076b800000, 0x00000007b8880000, 0x00000007c0000000)
  eden space 74240K, 0% used [0x000000076b800000,0x000000076b800000,0x0000000770080000)
  from space 512K, 43% used [0x00000007b8800000,0x00000007b8838000,0x00000007b8880000)
  to   space 512K, 0% used [0x00000007b8780000,0x00000007b8780000,0x00000007b8800000)
 ParOldGen       total 173568K, used 14244K [0x00000006c2800000, 0x00000006cd180000, 0x000000076b800000)
  object space 173568K, 8% used [0x00000006c2800000,0x00000006c35e9060,0x00000006cd180000)
 Metaspace       used 8363K, capacity 8774K, committed 8960K, reserved 1056768K
  class space    used 659K, capacity 690K, committed 768K, reserved 1048576K
}
Event: 37.242 GC heap before
{Heap before GC invocations=391 (full 0):
 PSYoungGen      total 74752K, used 74464K [0x000000076b800000, 0x00000007b8880000, 0x00000007c0000000)
  eden space 74240K, 100% used [0x000000076b800000,0x0000000770080000,0x0000000770080000)
  from space 512K, 43% used [0x00000007b8800000,0x00000007b8838000,0x00000007b8880000)
  to   space 512K, 0% used [0x00000007b8780000,0x00000007b8780000,0x00000007b8800000)
 ParOldGen       total 173568K, used 14244K [0x00000006c2800000, 0x00000006cd180000, 0x000000076b800000)
  object space 173568K, 8% used [0x00000006c2800000,0x00000006c35e9060,0x00000006cd180000)
 Metaspace       used 8363K, capacity 8774K, committed 8960K, reserved 1056768K
  class space    used 659K, capacity 690K, committed 768K, reserved 1048576K
Event: 37.243 GC heap after
Heap after GC invocations=391 (full 0):
 PSYoungGen      total 73216K, used 224K [0x000000076b800000, 0x00000007b8880000, 0x00000007c0000000)
  eden space 72704K, 0% used [0x000000076b800000,0x000000076b800000,0x000000076ff00000)
  from space 512K, 43% used [0x00000007b8780000,0x00000007b87b8000,0x00000007b8800000)
  to   space 512K, 0% used [0x00000007b8800000,0x00000007b8800000,0x00000007b8880000)
 ParOldGen       total 173568K, used 14244K [0x00000006c2800000, 0x00000006cd180000, 0x000000076b800000)
  object space 173568K, 8% used [0x00000006c2800000,0x00000006c35e9060,0x00000006cd180000)
 Metaspace       used 8363K, capacity 8774K, committed 8960K, reserved 1056768K
  class space    used 659K, capacity 690K, committed 768K, reserved 1048576K
}

