# JRE version: Java(TM) SE Runtime Environment (8.0_65-b17) (build 1.8.0_65-b17)
# Java VM: Java HotSpot(TM) 64-Bit Server VM (25.65-b01 mixed mode windows-amd64 compressed oops)
Heap:
 PSYoungGen      total 191488K, used 9681K [0x000000076b800000, 0x000000077b380000, 0x00000007c0000000)
  eden space 190976K, 5% used [0x000000076b800000,0x000000076c15c5d8,0x0000000777280000)
  from space 512K, 18% used [0x000000077b300000,0x000000077b318000,0x000000077b380000)
  to   space 2048K, 0% used [0x000000077af80000,0x000000077af80000,0x000000077b180000)
 ParOldGen       total 173568K, used 1252K [0x00000006c2800000, 0x00000006cd180000, 0x000000076b800000)
  object space 173568K, 0% used [0x00000006c2800000,0x00000006c2939060,0x00000006cd180000)
 Metaspace       used 7962K, capacity 8486K, committed 8704K, reserved 1056768K
  class space    used 642K, capacity 658K, committed 768K, reserved 1048576K
GC Heap History (10 events):
Event: 1.522 GC heap before
{Heap before GC invocations=12 (full 0):
 PSYoungGen      total 231424K, used 231040K [0x000000076b800000, 0x000000077b800000, 0x00000007c0000000)
  eden space 230912K, 100% used [0x000000076b800000,0x0000000779980000,0x0000000779980000)
  from space 512K, 25% used [0x000000077b500000,0x000000077b520000,0x000000077b580000)
  to   space 2048K, 0% used [0x000000077b600000,0x000000077b600000,0x000000077b800000)
 ParOldGen       total 173568K, used 1244K [0x00000006c2800000, 0x00000006cd180000, 0x000000076b800000)
  object space 173568K, 0% used [0x00000006c2800000,0x00000006c2937060,0x00000006cd180000)
 Metaspace       used 7961K, capacity 8486K, committed 8704K, reserved 1056768K
  class space    used 642K, capacity 658K, committed 768K, reserved 1048576K
Event: 1.522 GC heap after
Heap after GC invocations=12 (full 0):
 PSYoungGen      total 222720K, used 64K [0x000000076b800000, 0x000000077b680000, 0x00000007c0000000)
  eden space 222208K, 0% used [0x000000076b800000,0x000000076b800000,0x0000000779100000)
  from space 512K, 12% used [0x000000077b600000,0x000000077b610000,0x000000077b680000)
  to   space 2048K, 0% used [0x000000077b280000,0x000000077b280000,0x000000077b480000)
 ParOldGen       total 173568K, used 1252K [0x00000006c2800000, 0x00000006cd180000, 0x000000076b800000)
  object space 173568K, 0% used [0x00000006c2800000,0x00000006c2939060,0x00000006cd180000)
 Metaspace       used 7961K, capacity 8486K, committed 8704K, reserved 1056768K
  class space    used 642K, capacity 658K, committed 768K, reserved 1048576K
}
Event: 1.700 GC heap before
{Heap before GC invocations=13 (full 0):
 PSYoungGen      total 222720K, used 222272K [0x000000076b800000, 0x000000077b680000, 0x00000007c0000000)
  eden space 222208K, 100% used [0x000000076b800000,0x0000000779100000,0x0000000779100000)
  from space 512K, 12% used [0x000000077b600000,0x000000077b610000,0x000000077b680000)
  to   space 2048K, 0% used [0x000000077b280000,0x000000077b280000,0x000000077b480000)
 ParOldGen       total 173568K, used 1252K [0x00000006c2800000, 0x00000006cd180000, 0x000000076b800000)
  object space 173568K, 0% used [0x00000006c2800000,0x00000006c2939060,0x00000006cd180000)
 Metaspace       used 7961K, capacity 8486K, committed 8704K, reserved 1056768K
  class space    used 642K, capacity 658K, committed 768K, reserved 1048576K
Event: 1.700 GC heap after
Heap after GC invocations=13 (full 0):
 PSYoungGen      total 216064K, used 96K [0x000000076b800000, 0x000000077b680000, 0x00000007c0000000)
  eden space 214016K, 0% used [0x000000076b800000,0x000000076b800000,0x0000000778900000)
  from space 2048K, 4% used [0x000000077b280000,0x000000077b298000,0x000000077b480000)
  to   space 2048K, 0% used [0x000000077b480000,0x000000077b480000,0x000000077b680000)
 ParOldGen       total 173568K, used 1252K [0x00000006c2800000, 0x00000006cd180000, 0x000000076b800000)
  object space 173568K, 0% used [0x00000006c2800000,0x00000006c2939060,0x00000006cd180000)
 Metaspace       used 7961K, capacity 8486K, committed 8704K, reserved 1056768K
  class space    used 642K, capacity 658K, committed 768K, reserved 1048576K
}
Event: 1.868 GC heap before
{Heap before GC invocations=14 (full 0):
 PSYoungGen      total 216064K, used 214112K [0x000000076b800000, 0x000000077b680000, 0x00000007c0000000)
  eden space 214016K, 100% used [0x000000076b800000,0x0000000778900000,0x0000000778900000)
  from space 2048K, 4% used [0x000000077b280000,0x000000077b298000,0x000000077b480000)
  to   space 2048K, 0% used [0x000000077b480000,0x000000077b480000,0x000000077b680000)
 ParOldGen       total 173568K, used 1252K [0x00000006c2800000, 0x00000006cd180000, 0x000000076b800000)
  object space 173568K, 0% used [0x00000006c2800000,0x00000006c2939060,0x00000006cd180000)
 Metaspace       used 7961K, capacity 8486K, committed 8704K, reserved 1056768K
  class space    used 642K, capacity 658K, committed 768K, reserved 1048576K
Event: 1.869 GC heap after
Heap after GC invocations=14 (full 0):
 PSYoungGen      total 206336K, used 64K [0x000000076b800000, 0x000000077b500000, 0x00000007c0000000)
  eden space 205824K, 0% used [0x000000076b800000,0x000000076b800000,0x0000000778100000)
  from space 512K, 12% used [0x000000077b480000,0x000000077b490000,0x000000077b500000)
  to   space 2048K, 0% used [0x000000077b100000,0x000000077b100000,0x000000077b300000)
 ParOldGen       total 173568K, used 1252K [0x00000006c2800000, 0x00000006cd180000, 0x000000076b800000)
  object space 173568K, 0% used [0x00000006c2800000,0x00000006c2939060,0x00000006cd180000)
 Metaspace       used 7961K, capacity 8486K, committed 8704K, reserved 1056768K
  class space    used 642K, capacity 658K, committed 768K, reserved 1048576K
}
Event: 2.021 GC heap before
{Heap before GC invocations=15 (full 0):
 PSYoungGen      total 206336K, used 205888K [0x000000076b800000, 0x000000077b500000, 0x00000007c0000000)
  eden space 205824K, 100% used [0x000000076b800000,0x0000000778100000,0x0000000778100000)
  from space 512K, 12% used [0x000000077b480000,0x000000077b490000,0x000000077b500000)
  to   space 2048K, 0% used [0x000000077b100000,0x000000077b100000,0x000000077b300000)
 ParOldGen       total 173568K, used 1252K [0x00000006c2800000, 0x00000006cd180000, 0x000000076b800000)
  object space 173568K, 0% used [0x00000006c2800000,0x00000006c2939060,0x00000006cd180000)
 Metaspace       used 7961K, capacity 8486K, committed 8704K, reserved 1056768K
  class space    used 642K, capacity 658K, committed 768K, reserved 1048576K
Event: 2.022 GC heap after
Heap after GC invocations=15 (full 0):
 PSYoungGen      total 200192K, used 64K [0x000000076b800000, 0x000000077b500000, 0x00000007c0000000)
  eden space 198144K, 0% used [0x000000076b800000,0x000000076b800000,0x0000000777980000)
  from space 2048K, 3% used [0x000000077b100000,0x000000077b110000,0x000000077b300000)
  to   space 2048K, 0% used [0x000000077b300000,0x000000077b300000,0x000000077b500000)
 ParOldGen       total 173568K, used 1252K [0x00000006c2800000, 0x00000006cd180000, 0x000000076b800000)
  object space 173568K, 0% used [0x00000006c2800000,0x00000006c2939060,0x00000006cd180000)
 Metaspace       used 7961K, capacity 8486K, committed 8704K, reserved 1056768K
  class space    used 642K, capacity 658K, committed 768K, reserved 1048576K
}
Event: 2.171 GC heap before
{Heap before GC invocations=16 (full 0):
 PSYoungGen      total 200192K, used 198208K [0x000000076b800000, 0x000000077b500000, 0x00000007c0000000)
  eden space 198144K, 100% used [0x000000076b800000,0x0000000777980000,0x0000000777980000)
  from space 2048K, 3% used [0x000000077b100000,0x000000077b110000,0x000000077b300000)
  to   space 2048K, 0% used [0x000000077b300000,0x000000077b300000,0x000000077b500000)
 ParOldGen       total 173568K, used 1252K [0x00000006c2800000, 0x00000006cd180000, 0x000000076b800000)
  object space 173568K, 0% used [0x00000006c2800000,0x00000006c2939060,0x00000006cd180000)
 Metaspace       used 7962K, capacity 8486K, committed 8704K, reserved 1056768K
  class space    used 642K, capacity 658K, committed 768K, reserved 1048576K
Event: 2.172 GC heap after
Heap after GC invocations=16 (full 0):
 PSYoungGen      total 191488K, used 96K [0x000000076b800000, 0x000000077b380000, 0x00000007c0000000)
  eden space 190976K, 0% used [0x000000076b800000,0x000000076b800000,0x0000000777280000)
  from space 512K, 18% used [0x000000077b300000,0x000000077b318000,0x000000077b380000)
  to   space 2048K, 0% used [0x000000077af80000,0x000000077af80000,0x000000077b180000)
 ParOldGen       total 173568K, used 1252K [0x00000006c2800000, 0x00000006cd180000, 0x000000076b800000)
  object space 173568K, 0% used [0x00000006c2800000,0x00000006c2939060,0x00000006cd180000)
 Metaspace       used 7962K, capacity 8486K, committed 8704K, reserved 1056768K
  class space    used 642K, capacity 658K, committed 768K, reserved 1048576K
}

