# JRE version: Java(TM) SE Runtime Environment (8.0_65-b17) (build 1.8.0_65-b17)
# Java VM: Java HotSpot(TM) 64-Bit Server VM (25.65-b01 mixed mode windows-amd64 compressed oops)
Heap:
 PSYoungGen      total 68096K, used 23633K [0x000000076b800000, 0x00000007b8e80000, 0x00000007c0000000)
  eden space 67584K, 34% used [0x000000076b800000,0x000000076cf04588,0x000000076fa00000)
  from space 512K, 12% used [0x00000007b8e00000,0x00000007b8e10000,0x00000007b8e80000)
  to   space 512K, 0% used [0x00000007b8d80000,0x00000007b8d80000,0x00000007b8e00000)
 ParOldGen       total 173568K, used 37170K [0x00000006c2800000, 0x00000006cd180000, 0x000000076b800000)
  object space 173568K, 21% used [0x00000006c2800000,0x00000006c4c4cae8,0x00000006cd180000)
 Metaspace       used 8316K, capacity 8710K, committed 8960K, reserved 1056768K
  class space    used 655K, capacity 690K, committed 768K, reserved 1048576K
GC Heap History (10 events):
Event: 37.756 GC heap before
{Heap before GC invocations=200 (full 0):
 PSYoungGen      total 61440K, used 61088K [0x000000076b800000, 0x00000007b8e80000, 0x00000007c0000000)
  eden space 60928K, 100% used [0x000000076b800000,0x000000076f380000,0x000000076f380000)
  from space 512K, 31% used [0x00000007b8d80000,0x00000007b8da8000,0x00000007b8e00000)
  to   space 512K, 0% used [0x00000007b8e00000,0x00000007b8e00000,0x00000007b8e80000)
 ParOldGen       total 173568K, used 37146K [0x00000006c2800000, 0x00000006cd180000, 0x000000076b800000)
  object space 173568K, 21% used [0x00000006c2800000,0x00000006c4c46ae8,0x00000006cd180000)
 Metaspace       used 8316K, capacity 8710K, committed 8960K, reserved 1056768K
  class space    used 655K, capacity 690K, committed 768K, reserved 1048576K
Event: 37.756 GC heap after
Heap after GC invocations=200 (full 0):
 PSYoungGen      total 60416K, used 192K [0x000000076b800000, 0x00000007b8e80000, 0x00000007c0000000)
  eden space 59904K, 0% used [0x000000076b800000,0x000000076b800000,0x000000076f280000)
  from space 512K, 37% used [0x00000007b8e00000,0x00000007b8e30000,0x00000007b8e80000)
  to   space 512K, 0% used [0x00000007b8d80000,0x00000007b8d80000,0x00000007b8e00000)
 ParOldGen       total 173568K, used 37146K [0x00000006c2800000, 0x00000006cd180000, 0x000000076b800000)
  object space 173568K, 21% used [0x00000006c2800000,0x00000006c4c46ae8,0x00000006cd180000)
 Metaspace       used 8316K, capacity 8710K, committed 8960K, reserved 1056768K
  class space    used 655K, capacity 690K, committed 768K, reserved 1048576K
}
Event: 37.820 GC heap before
{Heap before GC invocations=201 (full 0):
 PSYoungGen      total 60416K, used 60096K [0x000000076b800000, 0x00000007b8e80000, 0x00000007c0000000)
  eden space 59904K, 100% used [0x000000076b800000,0x000000076f280000,0x000000076f280000)
  from space 512K, 37% used [0x00000007b8e00000,0x00000007b8e30000,0x00000007b8e80000)
  to   space 512K, 0% used [0x00000007b8d80000,0x00000007b8d80000,0x00000007b8e00000)
 ParOldGen       total 173568K, used 37146K [0x00000006c2800000, 0x00000006cd180000, 0x000000076b800000)
  object space 173568K, 21% used [0x00000006c2800000,0x00000006c4c46ae8,0x00000006cd180000)
 Metaspace       used 8316K, capacity 8710K, committed 8960K, reserved 1056768K
  class space    used 655K, capacity 690K, committed 768K, reserved 1048576K
Event: 37.820 GC heap after
Heap after GC invocations=201 (full 0):
 PSYoungGen      total 59392K, used 192K [0x000000076b800000, 0x00000007b8e80000, 0x00000007c0000000)
  eden space 58880K, 0% used [0x000000076b800000,0x000000076b800000,0x000000076f180000)
  from space 512K, 37% used [0x00000007b8d80000,0x00000007b8db0000,0x00000007b8e00000)
  to   space 512K, 0% used [0x00000007b8e00000,0x00000007b8e00000,0x00000007b8e80000)
 ParOldGen       total 173568K, used 37146K [0x00000006c2800000, 0x00000006cd180000, 0x000000076b800000)
  object space 173568K, 21% used [0x00000006c2800000,0x00000006c4c46ae8,0x00000006cd180000)
 Metaspace       used 8316K, capacity 8710K, committed 8960K, reserved 1056768K
  class space    used 655K, capacity 690K, committed 768K, reserved 1048576K
}
Event: 37.865 GC heap before
{Heap before GC invocations=202 (full 0):
 PSYoungGen      total 59392K, used 59072K [0x000000076b800000, 0x00000007b8e80000, 0x00000007c0000000)
  eden space 58880K, 100% used [0x000000076b800000,0x000000076f180000,0x000000076f180000)
  from space 512K, 37% used [0x00000007b8d80000,0x00000007b8db0000,0x00000007b8e00000)
  to   space 512K, 0% used [0x00000007b8e00000,0x00000007b8e00000,0x00000007b8e80000)
 ParOldGen       total 173568K, used 37146K [0x00000006c2800000, 0x00000006cd180000, 0x000000076b800000)
  object space 173568K, 21% used [0x00000006c2800000,0x00000006c4c46ae8,0x00000006cd180000)
 Metaspace       used 8316K, capacity 8710K, committed 8960K, reserved 1056768K
  class space    used 655K, capacity 690K, committed 768K, reserved 1048576K
Event: 37.866 GC heap after
Heap after GC invocations=202 (full 0):
 PSYoungGen      total 71168K, used 128K [0x000000076b800000, 0x00000007b8e80000, 0x00000007c0000000)
  eden space 70656K, 0% used [0x000000076b800000,0x000000076b800000,0x000000076fd00000)
  from space 512K, 25% used [0x00000007b8e00000,0x00000007b8e20000,0x00000007b8e80000)
  to   space 512K, 0% used [0x00000007b8d80000,0x00000007b8d80000,0x00000007b8e00000)
 ParOldGen       total 173568K, used 37146K [0x00000006c2800000, 0x00000006cd180000, 0x000000076b800000)
  object space 173568K, 21% used [0x00000006c2800000,0x00000006c4c46ae8,0x00000006cd180000)
 Metaspace       used 8316K, capacity 8710K, committed 8960K, reserved 1056768K
  class space    used 655K, capacity 690K, committed 768K, reserved 1048576K
}
Event: 37.941 GC heap before
{Heap before GC invocations=203 (full 0):
 PSYoungGen      total 71168K, used 70784K [0x000000076b800000, 0x00000007b8e80000, 0x00000007c0000000)
  eden space 70656K, 100% used [0x000000076b800000,0x000000076fd00000,0x000000076fd00000)
  from space 512K, 25% used [0x00000007b8e00000,0x00000007b8e20000,0x00000007b8e80000)
  to   space 512K, 0% used [0x00000007b8d80000,0x00000007b8d80000,0x00000007b8e00000)
 ParOldGen       total 173568K, used 37146K [0x00000006c2800000, 0x00000006cd180000, 0x000000076b800000)
  object space 173568K, 21% used [0x00000006c2800000,0x00000006c4c46ae8,0x00000006cd180000)
 Metaspace       used 8316K, capacity 8710K, committed 8960K, reserved 1056768K
  class space    used 655K, capacity 690K, committed 768K, reserved 1048576K
Event: 37.942 GC heap after
Heap after GC invocations=203 (full 0):
 PSYoungGen      total 69632K, used 160K [0x000000076b800000, 0x00000007b8e80000, 0x00000007c0000000)
  eden space 69120K, 0% used [0x000000076b800000,0x000000076b800000,0x000000076fb80000)
  from space 512K, 31% used [0x00000007b8d80000,0x00000007b8da8000,0x00000007b8e00000)
  to   space 512K, 0% used [0x00000007b8e00000,0x00000007b8e00000,0x00000007b8e80000)
 ParOldGen       total 173568K, used 37146K [0x00000006c2800000, 0x00000006cd180000, 0x000000076b800000)
  object space 173568K, 21% used [0x00000006c2800000,0x00000006c4c46ae8,0x00000006cd180000)
 Metaspace       used 8316K, capacity 8710K, committed 8960K, reserved 1056768K
  class space    used 655K, capacity 690K, committed 768K, reserved 1048576K
}
Event: 38.017 GC heap before
{Heap before GC invocations=204 (full 0):
 PSYoungGen      total 69632K, used 69280K [0x000000076b800000, 0x00000007b8e80000, 0x00000007c0000000)
  eden space 69120K, 100% used [0x000000076b800000,0x000000076fb80000,0x000000076fb80000)
  from space 512K, 31% used [0x00000007b8d80000,0x00000007b8da8000,0x00000007b8e00000)
  to   space 512K, 0% used [0x00000007b8e00000,0x00000007b8e00000,0x00000007b8e80000)
 ParOldGen       total 173568K, used 37146K [0x00000006c2800000, 0x00000006cd180000, 0x000000076b800000)
  object space 173568K, 21% used [0x00000006c2800000,0x00000006c4c46ae8,0x00000006cd180000)
 Metaspace       used 8316K, capacity 8710K, committed 8960K, reserved 1056768K
  class space    used 655K, capacity 690K, committed 768K, reserved 1048576K
Event: 38.017 GC heap after
Heap after GC invocations=204 (full 0):
 PSYoungGen      total 68096K, used 64K [0x000000076b800000, 0x00000007b8e80000, 0x00000007c0000000)
  eden space 67584K, 0% used [0x000000076b800000,0x000000076b800000,0x000000076fa00000)
  from space 512K, 12% used [0x00000007b8e00000,0x00000007b8e10000,0x00000007b8e80000)
  to   space 512K, 0% used [0x00000007b8d80000,0x00000007b8d80000,0x00000007b8e00000)
 ParOldGen       total 173568K, used 37170K [0x00000006c2800000, 0x00000006cd180000, 0x000000076b800000)
  object space 173568K, 21% used [0x00000006c2800000,0x00000006c4c4cae8,0x00000006cd180000)
 Metaspace       used 8316K, capacity 8710K, committed 8960K, reserved 1056768K
  class space    used 655K, capacity 690K, committed 768K, reserved 1048576K
}

