# JRE version: Java(TM) SE Runtime Environment (8.0_65-b17) (build 1.8.0_65-b17)
# Java VM: Java HotSpot(TM) 64-Bit Server VM (25.65-b01 mixed mode windows-amd64 compressed oops)
Heap:
 PSYoungGen      total 443392K, used 212002K [0x000000076b800000, 0x00000007ab700000, 0x00000007c0000000)
  eden space 442880K, 47% used [0x000000076b800000,0x00000007786d8b10,0x0000000786880000)
  from space 512K, 37% used [0x00000007ab680000,0x00000007ab6b0000,0x00000007ab700000)
  to   space 5632K, 0% used [0x00000007aac00000,0x00000007aac00000,0x00000007ab180000)
 ParOldGen       total 173568K, used 18753K [0x00000006c2800000, 0x00000006cd180000, 0x000000076b800000)
  object space 173568K, 10% used [0x00000006c2800000,0x00000006c3a506b8,0x00000006cd180000)
 Metaspace       used 8388K, capacity 8774K, committed 8960K, reserved 1056768K
  class space    used 661K, capacity 690K, committed 768K, reserved 1048576K
GC Heap History (10 events):
Event: 5.312 GC heap before
{Heap before GC invocations=18 (full 0):
 PSYoungGen      total 561664K, used 554208K [0x000000076b800000, 0x00000007ac980000, 0x00000007c0000000)
  eden space 553984K, 100% used [0x000000076b800000,0x000000078d500000,0x000000078d500000)
  from space 7680K, 2% used [0x00000007aba80000,0x00000007abab8000,0x00000007ac200000)
  to   space 7680K, 0% used [0x00000007ac200000,0x00000007ac200000,0x00000007ac980000)
 ParOldGen       total 173568K, used 18737K [0x00000006c2800000, 0x00000006cd180000, 0x000000076b800000)
  object space 173568K, 10% used [0x00000006c2800000,0x00000006c3a4c6b8,0x00000006cd180000)
 Metaspace       used 8383K, capacity 8774K, committed 8960K, reserved 1056768K
  class space    used 661K, capacity 690K, committed 768K, reserved 1048576K
Event: 5.312 GC heap after
Heap after GC invocations=18 (full 0):
 PSYoungGen      total 529920K, used 224K [0x000000076b800000, 0x00000007ac280000, 0x00000007c0000000)
  eden space 529408K, 0% used [0x000000076b800000,0x000000076b800000,0x000000078bd00000)
  from space 512K, 43% used [0x00000007ac200000,0x00000007ac238000,0x00000007ac280000)
  to   space 7168K, 0% used [0x00000007ab480000,0x00000007ab480000,0x00000007abb80000)
 ParOldGen       total 173568K, used 18737K [0x00000006c2800000, 0x00000006cd180000, 0x000000076b800000)
  object space 173568K, 10% used [0x00000006c2800000,0x00000006c3a4c6b8,0x00000006cd180000)
 Metaspace       used 8383K, capacity 8774K, committed 8960K, reserved 1056768K
  class space    used 661K, capacity 690K, committed 768K, reserved 1048576K
}
Event: 5.772 GC heap before
{Heap before GC invocations=19 (full 0):
 PSYoungGen      total 529920K, used 529632K [0x000000076b800000, 0x00000007ac280000, 0x00000007c0000000)
  eden space 529408K, 100% used [0x000000076b800000,0x000000078bd00000,0x000000078bd00000)
  from space 512K, 43% used [0x00000007ac200000,0x00000007ac238000,0x00000007ac280000)
  to   space 7168K, 0% used [0x00000007ab480000,0x00000007ab480000,0x00000007abb80000)
 ParOldGen       total 173568K, used 18737K [0x00000006c2800000, 0x00000006cd180000, 0x000000076b800000)
  object space 173568K, 10% used [0x00000006c2800000,0x00000006c3a4c6b8,0x00000006cd180000)
 Metaspace       used 8385K, capacity 8774K, committed 8960K, reserved 1056768K
  class space    used 661K, capacity 690K, committed 768K, reserved 1048576K
Event: 5.772 GC heap after
Heap after GC invocations=19 (full 0):
 PSYoungGen      total 513024K, used 224K [0x000000076b800000, 0x00000007ac280000, 0x00000007c0000000)
  eden space 505856K, 0% used [0x000000076b800000,0x000000076b800000,0x000000078a600000)
  from space 7168K, 3% used [0x00000007ab480000,0x00000007ab4b8000,0x00000007abb80000)
  to   space 6656K, 0% used [0x00000007abc00000,0x00000007abc00000,0x00000007ac280000)
 ParOldGen       total 173568K, used 18737K [0x00000006c2800000, 0x00000006cd180000, 0x000000076b800000)
  object space 173568K, 10% used [0x00000006c2800000,0x00000006c3a4c6b8,0x00000006cd180000)
 Metaspace       used 8385K, capacity 8774K, committed 8960K, reserved 1056768K
  class space    used 661K, capacity 690K, committed 768K, reserved 1048576K
}
Event: 6.140 GC heap before
{Heap before GC invocations=20 (full 0):
 PSYoungGen      total 513024K, used 506080K [0x000000076b800000, 0x00000007ac280000, 0x00000007c0000000)
  eden space 505856K, 100% used [0x000000076b800000,0x000000078a600000,0x000000078a600000)
  from space 7168K, 3% used [0x00000007ab480000,0x00000007ab4b8000,0x00000007abb80000)
  to   space 6656K, 0% used [0x00000007abc00000,0x00000007abc00000,0x00000007ac280000)
 ParOldGen       total 173568K, used 18737K [0x00000006c2800000, 0x00000006cd180000, 0x000000076b800000)
  object space 173568K, 10% used [0x00000006c2800000,0x00000006c3a4c6b8,0x00000006cd180000)
 Metaspace       used 8388K, capacity 8774K, committed 8960K, reserved 1056768K
  class space    used 661K, capacity 690K, committed 768K, reserved 1048576K
Event: 6.140 GC heap after
Heap after GC invocations=20 (full 0):
 PSYoungGen      total 484352K, used 224K [0x000000076b800000, 0x00000007abc80000, 0x00000007c0000000)
  eden space 483840K, 0% used [0x000000076b800000,0x000000076b800000,0x0000000789080000)
  from space 512K, 43% used [0x00000007abc00000,0x00000007abc38000,0x00000007abc80000)
  to   space 6656K, 0% used [0x00000007aaf80000,0x00000007aaf80000,0x00000007ab600000)
 ParOldGen       total 173568K, used 18753K [0x00000006c2800000, 0x00000006cd180000, 0x000000076b800000)
  object space 173568K, 10% used [0x00000006c2800000,0x00000006c3a506b8,0x00000006cd180000)
 Metaspace       used 8388K, capacity 8774K, committed 8960K, reserved 1056768K
  class space    used 661K, capacity 690K, committed 768K, reserved 1048576K
}
Event: 6.531 GC heap before
{Heap before GC invocations=21 (full 0):
 PSYoungGen      total 484352K, used 484064K [0x000000076b800000, 0x00000007abc80000, 0x00000007c0000000)
  eden space 483840K, 100% used [0x000000076b800000,0x0000000789080000,0x0000000789080000)
  from space 512K, 43% used [0x00000007abc00000,0x00000007abc38000,0x00000007abc80000)
  to   space 6656K, 0% used [0x00000007aaf80000,0x00000007aaf80000,0x00000007ab600000)
 ParOldGen       total 173568K, used 18753K [0x00000006c2800000, 0x00000006cd180000, 0x000000076b800000)
  object space 173568K, 10% used [0x00000006c2800000,0x00000006c3a506b8,0x00000006cd180000)
 Metaspace       used 8388K, capacity 8774K, committed 8960K, reserved 1056768K
  class space    used 661K, capacity 690K, committed 768K, reserved 1048576K
Event: 6.532 GC heap after
Heap after GC invocations=21 (full 0):
 PSYoungGen      total 469504K, used 192K [0x000000076b800000, 0x00000007abc80000, 0x00000007c0000000)
  eden space 462848K, 0% used [0x000000076b800000,0x000000076b800000,0x0000000787c00000)
  from space 6656K, 2% used [0x00000007aaf80000,0x00000007aafb0000,0x00000007ab600000)
  to   space 6144K, 0% used [0x00000007ab680000,0x00000007ab680000,0x00000007abc80000)
 ParOldGen       total 173568K, used 18753K [0x00000006c2800000, 0x00000006cd180000, 0x000000076b800000)
  object space 173568K, 10% used [0x00000006c2800000,0x00000006c3a506b8,0x00000006cd180000)
 Metaspace       used 8388K, capacity 8774K, committed 8960K, reserved 1056768K
  class space    used 661K, capacity 690K, committed 768K, reserved 1048576K
}
Event: 6.889 GC heap before
{Heap before GC invocations=22 (full 0):
 PSYoungGen      total 469504K, used 463040K [0x000000076b800000, 0x00000007abc80000, 0x00000007c0000000)
  eden space 462848K, 100% used [0x000000076b800000,0x0000000787c00000,0x0000000787c00000)
  from space 6656K, 2% used [0x00000007aaf80000,0x00000007aafb0000,0x00000007ab600000)
  to   space 6144K, 0% used [0x00000007ab680000,0x00000007ab680000,0x00000007abc80000)
 ParOldGen       total 173568K, used 18753K [0x00000006c2800000, 0x00000006cd180000, 0x000000076b800000)
  object space 173568K, 10% used [0x00000006c2800000,0x00000006c3a506b8,0x00000006cd180000)
 Metaspace       used 8388K, capacity 8774K, committed 8960K, reserved 1056768K
  class space    used 661K, capacity 690K, committed 768K, reserved 1048576K
Event: 6.890 GC heap after
Heap after GC invocations=22 (full 0):
 PSYoungGen      total 443392K, used 192K [0x000000076b800000, 0x00000007ab700000, 0x00000007c0000000)
  eden space 442880K, 0% used [0x000000076b800000,0x000000076b800000,0x0000000786880000)
  from space 512K, 37% used [0x00000007ab680000,0x00000007ab6b0000,0x00000007ab700000)
  to   space 5632K, 0% used [0x00000007aac00000,0x00000007aac00000,0x00000007ab180000)
 ParOldGen       total 173568K, used 18753K [0x00000006c2800000, 0x00000006cd180000, 0x000000076b800000)
  object space 173568K, 10% used [0x00000006c2800000,0x00000006c3a506b8,0x00000006cd180000)
 Metaspace       used 8388K, capacity 8774K, committed 8960K, reserved 1056768K
  class space    used 661K, capacity 690K, committed 768K, reserved 1048576K
}

