# JRE version: Java(TM) SE Runtime Environment (8.0_65-b17) (build 1.8.0_65-b17)
# Java VM: Java HotSpot(TM) 64-Bit Server VM (25.65-b01 mixed mode windows-amd64 compressed oops)
Heap:
 PSYoungGen      total 826368K, used 781641K [0x000000076b800000, 0x00000007be000000, 0x00000007c0000000)
  eden space 825856K, 94% used [0x000000076b800000,0x000000079b31a7f8,0x000000079de80000)
  from space 512K, 43% used [0x00000007bdf80000,0x00000007bdfb8000,0x00000007be000000)
  to   space 9728K, 0% used [0x00000007bcd00000,0x00000007bcd00000,0x00000007bd680000)
 ParOldGen       total 173568K, used 31701K [0x00000006c2800000, 0x00000006cd180000, 0x000000076b800000)
  object space 173568K, 18% used [0x00000006c2800000,0x00000006c46f54e0,0x00000006cd180000)
 Metaspace       used 8363K, capacity 8774K, committed 8960K, reserved 1056768K
  class space    used 660K, capacity 690K, committed 768K, reserved 1048576K
GC Heap History (10 events):
Event: 4.722 GC heap before
{Heap before GC invocations=16 (full 0):
 PSYoungGen      total 1060864K, used 1048288K [0x000000076b800000, 0x00000007bff80000, 0x00000007c0000000)
  eden space 1048064K, 100% used [0x000000076b800000,0x00000007ab780000,0x00000007ab780000)
  from space 12800K, 1% used [0x00000007ab780000,0x00000007ab7b8000,0x00000007ac400000)
  to   space 12288K, 0% used [0x00000007bf380000,0x00000007bf380000,0x00000007bff80000)
 ParOldGen       total 173568K, used 31661K [0x00000006c2800000, 0x00000006cd180000, 0x000000076b800000)
  object space 173568K, 18% used [0x00000006c2800000,0x00000006c46eb4e0,0x00000006cd180000)
 Metaspace       used 8345K, capacity 8710K, committed 8960K, reserved 1056768K
  class space    used 660K, capacity 690K, committed 768K, reserved 1048576K
Event: 4.723 GC heap after
Heap after GC invocations=16 (full 0):
 PSYoungGen      total 999424K, used 192K [0x000000076b800000, 0x00000007bf400000, 0x00000007c0000000)
  eden space 998912K, 0% used [0x000000076b800000,0x000000076b800000,0x00000007a8780000)
  from space 512K, 37% used [0x00000007bf380000,0x00000007bf3b0000,0x00000007bf400000)
  to   space 11776K, 0% used [0x00000007bdd00000,0x00000007bdd00000,0x00000007be880000)
 ParOldGen       total 173568K, used 31685K [0x00000006c2800000, 0x00000006cd180000, 0x000000076b800000)
  object space 173568K, 18% used [0x00000006c2800000,0x00000006c46f14e0,0x00000006cd180000)
 Metaspace       used 8345K, capacity 8710K, committed 8960K, reserved 1056768K
  class space    used 660K, capacity 690K, committed 768K, reserved 1048576K
}
Event: 5.451 GC heap before
{Heap before GC invocations=17 (full 0):
 PSYoungGen      total 999424K, used 999104K [0x000000076b800000, 0x00000007bf400000, 0x00000007c0000000)
  eden space 998912K, 100% used [0x000000076b800000,0x00000007a8780000,0x00000007a8780000)
  from space 512K, 37% used [0x00000007bf380000,0x00000007bf3b0000,0x00000007bf400000)
  to   space 11776K, 0% used [0x00000007bdd00000,0x00000007bdd00000,0x00000007be880000)
 ParOldGen       total 173568K, used 31685K [0x00000006c2800000, 0x00000006cd180000, 0x000000076b800000)
  object space 173568K, 18% used [0x00000006c2800000,0x00000006c46f14e0,0x00000006cd180000)
 Metaspace       used 8346K, capacity 8710K, committed 8960K, reserved 1056768K
  class space    used 660K, capacity 690K, committed 768K, reserved 1048576K
Event: 5.452 GC heap after
Heap after GC invocations=17 (full 0):
 PSYoungGen      total 964096K, used 224K [0x000000076b800000, 0x00000007bf400000, 0x00000007c0000000)
  eden space 952320K, 0% used [0x000000076b800000,0x000000076b800000,0x00000007a5a00000)
  from space 11776K, 1% used [0x00000007bdd00000,0x00000007bdd38000,0x00000007be880000)
  to   space 11264K, 0% used [0x00000007be900000,0x00000007be900000,0x00000007bf400000)
 ParOldGen       total 173568K, used 31685K [0x00000006c2800000, 0x00000006cd180000, 0x000000076b800000)
  object space 173568K, 18% used [0x00000006c2800000,0x00000006c46f14e0,0x00000006cd180000)
 Metaspace       used 8346K, capacity 8710K, committed 8960K, reserved 1056768K
  class space    used 660K, capacity 690K, committed 768K, reserved 1048576K
}
Event: 6.151 GC heap before
{Heap before GC invocations=18 (full 0):
 PSYoungGen      total 964096K, used 952544K [0x000000076b800000, 0x00000007bf400000, 0x00000007c0000000)
  eden space 952320K, 100% used [0x000000076b800000,0x00000007a5a00000,0x00000007a5a00000)
  from space 11776K, 1% used [0x00000007bdd00000,0x00000007bdd38000,0x00000007be880000)
  to   space 11264K, 0% used [0x00000007be900000,0x00000007be900000,0x00000007bf400000)
 ParOldGen       total 173568K, used 31685K [0x00000006c2800000, 0x00000006cd180000, 0x000000076b800000)
  object space 173568K, 18% used [0x00000006c2800000,0x00000006c46f14e0,0x00000006cd180000)
 Metaspace       used 8351K, capacity 8774K, committed 8960K, reserved 1056768K
  class space    used 660K, capacity 690K, committed 768K, reserved 1048576K
Event: 6.151 GC heap after
Heap after GC invocations=18 (full 0):
 PSYoungGen      total 908288K, used 224K [0x000000076b800000, 0x00000007be980000, 0x00000007c0000000)
  eden space 907776K, 0% used [0x000000076b800000,0x000000076b800000,0x00000007a2e80000)
  from space 512K, 43% used [0x00000007be900000,0x00000007be938000,0x00000007be980000)
  to   space 10752K, 0% used [0x00000007bd480000,0x00000007bd480000,0x00000007bdf00000)
 ParOldGen       total 173568K, used 31701K [0x00000006c2800000, 0x00000006cd180000, 0x000000076b800000)
  object space 173568K, 18% used [0x00000006c2800000,0x00000006c46f54e0,0x00000006cd180000)
 Metaspace       used 8351K, capacity 8774K, committed 8960K, reserved 1056768K
  class space    used 660K, capacity 690K, committed 768K, reserved 1048576K
}
Event: 6.830 GC heap before
{Heap before GC invocations=19 (full 0):
 PSYoungGen      total 908288K, used 908000K [0x000000076b800000, 0x00000007be980000, 0x00000007c0000000)
  eden space 907776K, 100% used [0x000000076b800000,0x00000007a2e80000,0x00000007a2e80000)
  from space 512K, 43% used [0x00000007be900000,0x00000007be938000,0x00000007be980000)
  to   space 10752K, 0% used [0x00000007bd480000,0x00000007bd480000,0x00000007bdf00000)
 ParOldGen       total 173568K, used 31701K [0x00000006c2800000, 0x00000006cd180000, 0x000000076b800000)
  object space 173568K, 18% used [0x00000006c2800000,0x00000006c46f54e0,0x00000006cd180000)
 Metaspace       used 8351K, capacity 8774K, committed 8960K, reserved 1056768K
  class space    used 660K, capacity 690K, committed 768K, reserved 1048576K
Event: 6.830 GC heap after
Heap after GC invocations=19 (full 0):
 PSYoungGen      total 876544K, used 224K [0x000000076b800000, 0x00000007be980000, 0x00000007c0000000)
  eden space 865792K, 0% used [0x000000076b800000,0x000000076b800000,0x00000007a0580000)
  from space 10752K, 2% used [0x00000007bd480000,0x00000007bd4b8000,0x00000007bdf00000)
  to   space 10240K, 0% used [0x00000007bdf80000,0x00000007bdf80000,0x00000007be980000)
 ParOldGen       total 173568K, used 31701K [0x00000006c2800000, 0x00000006cd180000, 0x000000076b800000)
  object space 173568K, 18% used [0x00000006c2800000,0x00000006c46f54e0,0x00000006cd180000)
 Metaspace       used 8351K, capacity 8774K, committed 8960K, reserved 1056768K
  class space    used 660K, capacity 690K, committed 768K, reserved 1048576K
}
Event: 7.468 GC heap before
{Heap before GC invocations=20 (full 0):
 PSYoungGen      total 876544K, used 866016K [0x000000076b800000, 0x00000007be980000, 0x00000007c0000000)
  eden space 865792K, 100% used [0x000000076b800000,0x00000007a0580000,0x00000007a0580000)
  from space 10752K, 2% used [0x00000007bd480000,0x00000007bd4b8000,0x00000007bdf00000)
  to   space 10240K, 0% used [0x00000007bdf80000,0x00000007bdf80000,0x00000007be980000)
 ParOldGen       total 173568K, used 31701K [0x00000006c2800000, 0x00000006cd180000, 0x000000076b800000)
  object space 173568K, 18% used [0x00000006c2800000,0x00000006c46f54e0,0x00000006cd180000)
 Metaspace       used 8351K, capacity 8774K, committed 8960K, reserved 1056768K
  class space    used 660K, capacity 690K, committed 768K, reserved 1048576K
Event: 7.469 GC heap after
Heap after GC invocations=20 (full 0):
 PSYoungGen      total 826368K, used 224K [0x000000076b800000, 0x00000007be000000, 0x00000007c0000000)
  eden space 825856K, 0% used [0x000000076b800000,0x000000076b800000,0x000000079de80000)
  from space 512K, 43% used [0x00000007bdf80000,0x00000007bdfb8000,0x00000007be000000)
  to   space 9728K, 0% used [0x00000007bcd00000,0x00000007bcd00000,0x00000007bd680000)
 ParOldGen       total 173568K, used 31701K [0x00000006c2800000, 0x00000006cd180000, 0x000000076b800000)
  object space 173568K, 18% used [0x00000006c2800000,0x00000006c46f54e0,0x00000006cd180000)
 Metaspace       used 8351K, capacity 8774K, committed 8960K, reserved 1056768K
  class space    used 660K, capacity 690K, committed 768K, reserved 1048576K
}

