# JRE version: Java(TM) SE Runtime Environment (8.0_65-b17) (build 1.8.0_65-b17)
# Java VM: Java HotSpot(TM) 64-Bit Server VM (25.65-b01 mixed mode windows-amd64 compressed oops)
Heap:
 PSYoungGen      total 230912K, used 72718K [0x000000076b800000, 0x000000078b380000, 0x00000007c0000000)
  eden space 230400K, 31% used [0x000000076b800000,0x000000076fef39a8,0x0000000779900000)
  from space 512K, 12% used [0x000000078b300000,0x000000078b310000,0x000000078b380000)
  to   space 2560K, 0% used [0x000000078ae80000,0x000000078ae80000,0x000000078b100000)
 ParOldGen       total 173568K, used 1541K [0x00000006c2800000, 0x00000006cd180000, 0x000000076b800000)
  object space 173568K, 0% used [0x00000006c2800000,0x00000006c2981520,0x00000006cd180000)
 Metaspace       used 7970K, capacity 8486K, committed 8704K, reserved 1056768K
  class space    used 642K, capacity 658K, committed 768K, reserved 1048576K
GC Heap History (10 events):
Event: 0.547 GC heap before
{Heap before GC invocations=6 (full 0):
 PSYoungGen      total 140800K, used 131131K [0x000000076b800000, 0x000000077b900000, 0x00000007c0000000)
  eden space 130048K, 100% used [0x000000076b800000,0x0000000773700000,0x0000000773700000)
  from space 10752K, 10% used [0x0000000773700000,0x000000077380ec48,0x0000000774180000)
  to   space 1536K, 0% used [0x000000077b780000,0x000000077b780000,0x000000077b900000)
 ParOldGen       total 173568K, used 16K [0x00000006c2800000, 0x00000006cd180000, 0x000000076b800000)
  object space 173568K, 0% used [0x00000006c2800000,0x00000006c2804000,0x00000006cd180000)
 Metaspace       used 6162K, capacity 6822K, committed 7040K, reserved 1056768K
  class space    used 552K, capacity 594K, committed 640K, reserved 1048576K
Event: 0.549 GC heap after
Heap after GC invocations=6 (full 0):
 PSYoungGen      total 261120K, used 1523K [0x000000076b800000, 0x000000077ba00000, 0x00000007c0000000)
  eden space 259584K, 0% used [0x000000076b800000,0x000000076b800000,0x000000077b580000)
  from space 1536K, 99% used [0x000000077b780000,0x000000077b8fcf70,0x000000077b900000)
  to   space 2048K, 0% used [0x000000077b580000,0x000000077b580000,0x000000077b780000)
 ParOldGen       total 173568K, used 325K [0x00000006c2800000, 0x00000006cd180000, 0x000000076b800000)
  object space 173568K, 0% used [0x00000006c2800000,0x00000006c28514b0,0x00000006cd180000)
 Metaspace       used 6162K, capacity 6822K, committed 7040K, reserved 1056768K
  class space    used 552K, capacity 594K, committed 640K, reserved 1048576K
}
Event: 0.847 GC heap before
{Heap before GC invocations=7 (full 0):
 PSYoungGen      total 261120K, used 261107K [0x000000076b800000, 0x000000077ba00000, 0x00000007c0000000)
  eden space 259584K, 100% used [0x000000076b800000,0x000000077b580000,0x000000077b580000)
  from space 1536K, 99% used [0x000000077b780000,0x000000077b8fcf70,0x000000077b900000)
  to   space 2048K, 0% used [0x000000077b580000,0x000000077b580000,0x000000077b780000)
 ParOldGen       total 173568K, used 325K [0x00000006c2800000, 0x00000006cd180000, 0x000000076b800000)
  object space 173568K, 0% used [0x00000006c2800000,0x00000006c28514b0,0x00000006cd180000)
 Metaspace       used 7964K, capacity 8486K, committed 8704K, reserved 1056768K
  class space    used 642K, capacity 658K, committed 768K, reserved 1048576K
Event: 0.850 GC heap after
Heap after GC invocations=7 (full 0):
 PSYoungGen      total 261632K, used 1750K [0x000000076b800000, 0x000000078b700000, 0x00000007c0000000)
  eden space 259584K, 0% used [0x000000076b800000,0x000000076b800000,0x000000077b580000)
  from space 2048K, 85% used [0x000000077b580000,0x000000077b735bd0,0x000000077b780000)
  to   space 2048K, 0% used [0x000000078b500000,0x000000078b500000,0x000000078b700000)
 ParOldGen       total 173568K, used 961K [0x00000006c2800000, 0x00000006cd180000, 0x000000076b800000)
  object space 173568K, 0% used [0x00000006c2800000,0x00000006c28f0510,0x00000006cd180000)
 Metaspace       used 7964K, capacity 8486K, committed 8704K, reserved 1056768K
  class space    used 642K, capacity 658K, committed 768K, reserved 1048576K
}
Event: 1.055 GC heap before
{Heap before GC invocations=8 (full 0):
 PSYoungGen      total 261632K, used 261334K [0x000000076b800000, 0x000000078b700000, 0x00000007c0000000)
  eden space 259584K, 100% used [0x000000076b800000,0x000000077b580000,0x000000077b580000)
  from space 2048K, 85% used [0x000000077b580000,0x000000077b735bd0,0x000000077b780000)
  to   space 2048K, 0% used [0x000000078b500000,0x000000078b500000,0x000000078b700000)
 ParOldGen       total 173568K, used 961K [0x00000006c2800000, 0x00000006cd180000, 0x000000076b800000)
  object space 173568K, 0% used [0x00000006c2800000,0x00000006c28f0510,0x00000006cd180000)
 Metaspace       used 7969K, capacity 8486K, committed 8704K, reserved 1056768K
  class space    used 642K, capacity 658K, committed 768K, reserved 1048576K
Event: 1.056 GC heap after
Heap after GC invocations=8 (full 0):
 PSYoungGen      total 250368K, used 608K [0x000000076b800000, 0x000000078b600000, 0x00000007c0000000)
  eden space 249344K, 0% used [0x000000076b800000,0x000000076b800000,0x000000077ab80000)
  from space 1024K, 59% used [0x000000078b500000,0x000000078b598000,0x000000078b600000)
  to   space 2048K, 0% used [0x000000078b200000,0x000000078b200000,0x000000078b400000)
 ParOldGen       total 173568K, used 969K [0x00000006c2800000, 0x00000006cd180000, 0x000000076b800000)
  object space 173568K, 0% used [0x00000006c2800000,0x00000006c28f2510,0x00000006cd180000)
 Metaspace       used 7969K, capacity 8486K, committed 8704K, reserved 1056768K
  class space    used 642K, capacity 658K, committed 768K, reserved 1048576K
}
Event: 1.266 GC heap before
{Heap before GC invocations=9 (full 0):
 PSYoungGen      total 250368K, used 249952K [0x000000076b800000, 0x000000078b600000, 0x00000007c0000000)
  eden space 249344K, 100% used [0x000000076b800000,0x000000077ab80000,0x000000077ab80000)
  from space 1024K, 59% used [0x000000078b500000,0x000000078b598000,0x000000078b600000)
  to   space 2048K, 0% used [0x000000078b200000,0x000000078b200000,0x000000078b400000)
 ParOldGen       total 173568K, used 969K [0x00000006c2800000, 0x00000006cd180000, 0x000000076b800000)
  object space 173568K, 0% used [0x00000006c2800000,0x00000006c28f2510,0x00000006cd180000)
 Metaspace       used 7969K, capacity 8486K, committed 8704K, reserved 1056768K
  class space    used 642K, capacity 658K, committed 768K, reserved 1048576K
Event: 1.267 GC heap after
Heap after GC invocations=9 (full 0):
 PSYoungGen      total 240128K, used 352K [0x000000076b800000, 0x000000078b580000, 0x00000007c0000000)
  eden space 239616K, 0% used [0x000000076b800000,0x000000076b800000,0x000000077a200000)
  from space 512K, 68% used [0x000000078b200000,0x000000078b258000,0x000000078b280000)
  to   space 2560K, 0% used [0x000000078b300000,0x000000078b300000,0x000000078b580000)
 ParOldGen       total 173568K, used 1281K [0x00000006c2800000, 0x00000006cd180000, 0x000000076b800000)
  object space 173568K, 0% used [0x00000006c2800000,0x00000006c2940510,0x00000006cd180000)
 Metaspace       used 7969K, capacity 8486K, committed 8704K, reserved 1056768K
  class space    used 642K, capacity 658K, committed 768K, reserved 1048576K
}
Event: 1.444 GC heap before
{Heap before GC invocations=10 (full 0):
 PSYoungGen      total 240128K, used 239968K [0x000000076b800000, 0x000000078b580000, 0x00000007c0000000)
  eden space 239616K, 100% used [0x000000076b800000,0x000000077a200000,0x000000077a200000)
  from space 512K, 68% used [0x000000078b200000,0x000000078b258000,0x000000078b280000)
  to   space 2560K, 0% used [0x000000078b300000,0x000000078b300000,0x000000078b580000)
 ParOldGen       total 173568K, used 1281K [0x00000006c2800000, 0x00000006cd180000, 0x000000076b800000)
  object space 173568K, 0% used [0x00000006c2800000,0x00000006c2940510,0x00000006cd180000)
 Metaspace       used 7969K, capacity 8486K, committed 8704K, reserved 1056768K
  class space    used 642K, capacity 658K, committed 768K, reserved 1048576K
Event: 1.444 GC heap after
Heap after GC invocations=10 (full 0):
 PSYoungGen      total 230912K, used 64K [0x000000076b800000, 0x000000078b380000, 0x00000007c0000000)
  eden space 230400K, 0% used [0x000000076b800000,0x000000076b800000,0x0000000779900000)
  from space 512K, 12% used [0x000000078b300000,0x000000078b310000,0x000000078b380000)
  to   space 2560K, 0% used [0x000000078ae80000,0x000000078ae80000,0x000000078b100000)
 ParOldGen       total 173568K, used 1541K [0x00000006c2800000, 0x00000006cd180000, 0x000000076b800000)
  object space 173568K, 0% used [0x00000006c2800000,0x00000006c2981520,0x00000006cd180000)
 Metaspace       used 7969K, capacity 8486K, committed 8704K, reserved 1056768K
  class space    used 642K, capacity 658K, committed 768K, reserved 1048576K
}

