# JRE version: Java(TM) SE Runtime Environment (8.0_65-b17) (build 1.8.0_65-b17)
# Java VM: Java HotSpot(TM) 64-Bit Server VM (25.65-b01 mixed mode windows-amd64 compressed oops)
Heap:
 PSYoungGen      total 445440K, used 145454K [0x000000076b800000, 0x0000000793580000, 0x00000007c0000000)
  eden space 441344K, 32% used [0x000000076b800000,0x00000007745d3860,0x0000000786700000)
  from space 4096K, 5% used [0x0000000792d80000,0x0000000792db8000,0x0000000793180000)
  to   space 3584K, 0% used [0x0000000793200000,0x0000000793200000,0x0000000793580000)
 ParOldGen       total 173568K, used 8780K [0x00000006c2800000, 0x00000006cd180000, 0x000000076b800000)
  object space 173568K, 5% used [0x00000006c2800000,0x00000006c3093080,0x00000006cd180000)
 Metaspace       used 8383K, capacity 8774K, committed 8960K, reserved 1056768K
  class space    used 661K, capacity 690K, committed 768K, reserved 1048576K
GC Heap History (10 events):
Event: 4.436 GC heap before
{Heap before GC invocations=17 (full 0):
 PSYoungGen      total 552448K, used 552160K [0x000000076b800000, 0x0000000793d00000, 0x00000007c0000000)
  eden space 551936K, 100% used [0x000000076b800000,0x000000078d300000,0x000000078d300000)
  from space 512K, 43% used [0x0000000793c80000,0x0000000793cb8000,0x0000000793d00000)
  to   space 4608K, 0% used [0x0000000793400000,0x0000000793400000,0x0000000793880000)
 ParOldGen       total 173568K, used 8756K [0x00000006c2800000, 0x00000006cd180000, 0x000000076b800000)
  object space 173568K, 5% used [0x00000006c2800000,0x00000006c308d080,0x00000006cd180000)
 Metaspace       used 8374K, capacity 8774K, committed 8960K, reserved 1056768K
  class space    used 661K, capacity 690K, committed 768K, reserved 1048576K
Event: 4.437 GC heap after
Heap after GC invocations=17 (full 0):
 PSYoungGen      total 531968K, used 224K [0x000000076b800000, 0x0000000793d00000, 0x00000007c0000000)
  eden space 527360K, 0% used [0x000000076b800000,0x000000076b800000,0x000000078bb00000)
  from space 4608K, 4% used [0x0000000793400000,0x0000000793438000,0x0000000793880000)
  to   space 4608K, 0% used [0x0000000793880000,0x0000000793880000,0x0000000793d00000)
 ParOldGen       total 173568K, used 8764K [0x00000006c2800000, 0x00000006cd180000, 0x000000076b800000)
  object space 173568K, 5% used [0x00000006c2800000,0x00000006c308f080,0x00000006cd180000)
 Metaspace       used 8374K, capacity 8774K, committed 8960K, reserved 1056768K
  class space    used 661K, capacity 690K, committed 768K, reserved 1048576K
}
Event: 4.860 GC heap before
{Heap before GC invocations=18 (full 0):
 PSYoungGen      total 531968K, used 527584K [0x000000076b800000, 0x0000000793d00000, 0x00000007c0000000)
  eden space 527360K, 100% used [0x000000076b800000,0x000000078bb00000,0x000000078bb00000)
  from space 4608K, 4% used [0x0000000793400000,0x0000000793438000,0x0000000793880000)
  to   space 4608K, 0% used [0x0000000793880000,0x0000000793880000,0x0000000793d00000)
 ParOldGen       total 173568K, used 8764K [0x00000006c2800000, 0x00000006cd180000, 0x000000076b800000)
  object space 173568K, 5% used [0x00000006c2800000,0x00000006c308f080,0x00000006cd180000)
 Metaspace       used 8377K, capacity 8774K, committed 8960K, reserved 1056768K
  class space    used 661K, capacity 690K, committed 768K, reserved 1048576K
Event: 4.861 GC heap after
Heap after GC invocations=18 (full 0):
 PSYoungGen      total 504832K, used 224K [0x000000076b800000, 0x0000000793900000, 0x00000007c0000000)
  eden space 504320K, 0% used [0x000000076b800000,0x000000076b800000,0x000000078a480000)
  from space 512K, 43% used [0x0000000793880000,0x00000007938b8000,0x0000000793900000)
  to   space 4096K, 0% used [0x0000000793100000,0x0000000793100000,0x0000000793500000)
 ParOldGen       total 173568K, used 8780K [0x00000006c2800000, 0x00000006cd180000, 0x000000076b800000)
  object space 173568K, 5% used [0x00000006c2800000,0x00000006c3093080,0x00000006cd180000)
 Metaspace       used 8377K, capacity 8774K, committed 8960K, reserved 1056768K
  class space    used 661K, capacity 690K, committed 768K, reserved 1048576K
}
Event: 5.224 GC heap before
{Heap before GC invocations=19 (full 0):
 PSYoungGen      total 504832K, used 504544K [0x000000076b800000, 0x0000000793900000, 0x00000007c0000000)
  eden space 504320K, 100% used [0x000000076b800000,0x000000078a480000,0x000000078a480000)
  from space 512K, 43% used [0x0000000793880000,0x00000007938b8000,0x0000000793900000)
  to   space 4096K, 0% used [0x0000000793100000,0x0000000793100000,0x0000000793500000)
 ParOldGen       total 173568K, used 8780K [0x00000006c2800000, 0x00000006cd180000, 0x000000076b800000)
  object space 173568K, 5% used [0x00000006c2800000,0x00000006c3093080,0x00000006cd180000)
 Metaspace       used 8377K, capacity 8774K, committed 8960K, reserved 1056768K
  class space    used 661K, capacity 690K, committed 768K, reserved 1048576K
Event: 5.225 GC heap after
Heap after GC invocations=19 (full 0):
 PSYoungGen      total 486400K, used 224K [0x000000076b800000, 0x0000000793900000, 0x00000007c0000000)
  eden space 482304K, 0% used [0x000000076b800000,0x000000076b800000,0x0000000788f00000)
  from space 4096K, 5% used [0x0000000793100000,0x0000000793138000,0x0000000793500000)
  to   space 4096K, 0% used [0x0000000793500000,0x0000000793500000,0x0000000793900000)
 ParOldGen       total 173568K, used 8780K [0x00000006c2800000, 0x00000006cd180000, 0x000000076b800000)
  object space 173568K, 5% used [0x00000006c2800000,0x00000006c3093080,0x00000006cd180000)
 Metaspace       used 8377K, capacity 8774K, committed 8960K, reserved 1056768K
  class space    used 661K, capacity 690K, committed 768K, reserved 1048576K
}
Event: 5.639 GC heap before
{Heap before GC invocations=20 (full 0):
 PSYoungGen      total 486400K, used 482528K [0x000000076b800000, 0x0000000793900000, 0x00000007c0000000)
  eden space 482304K, 100% used [0x000000076b800000,0x0000000788f00000,0x0000000788f00000)
  from space 4096K, 5% used [0x0000000793100000,0x0000000793138000,0x0000000793500000)
  to   space 4096K, 0% used [0x0000000793500000,0x0000000793500000,0x0000000793900000)
 ParOldGen       total 173568K, used 8780K [0x00000006c2800000, 0x00000006cd180000, 0x000000076b800000)
  object space 173568K, 5% used [0x00000006c2800000,0x00000006c3093080,0x00000006cd180000)
 Metaspace       used 8381K, capacity 8774K, committed 8960K, reserved 1056768K
  class space    used 661K, capacity 690K, committed 768K, reserved 1048576K
Event: 5.640 GC heap after
Heap after GC invocations=20 (full 0):
 PSYoungGen      total 461824K, used 192K [0x000000076b800000, 0x0000000793580000, 0x00000007c0000000)
  eden space 461312K, 0% used [0x000000076b800000,0x000000076b800000,0x0000000787a80000)
  from space 512K, 37% used [0x0000000793500000,0x0000000793530000,0x0000000793580000)
  to   space 4096K, 0% used [0x0000000792d80000,0x0000000792d80000,0x0000000793180000)
 ParOldGen       total 173568K, used 8780K [0x00000006c2800000, 0x00000006cd180000, 0x000000076b800000)
  object space 173568K, 5% used [0x00000006c2800000,0x00000006c3093080,0x00000006cd180000)
 Metaspace       used 8381K, capacity 8774K, committed 8960K, reserved 1056768K
  class space    used 661K, capacity 690K, committed 768K, reserved 1048576K
}
Event: 6.013 GC heap before
{Heap before GC invocations=21 (full 0):
 PSYoungGen      total 461824K, used 461504K [0x000000076b800000, 0x0000000793580000, 0x00000007c0000000)
  eden space 461312K, 100% used [0x000000076b800000,0x0000000787a80000,0x0000000787a80000)
  from space 512K, 37% used [0x0000000793500000,0x0000000793530000,0x0000000793580000)
  to   space 4096K, 0% used [0x0000000792d80000,0x0000000792d80000,0x0000000793180000)
 ParOldGen       total 173568K, used 8780K [0x00000006c2800000, 0x00000006cd180000, 0x000000076b800000)
  object space 173568K, 5% used [0x00000006c2800000,0x00000006c3093080,0x00000006cd180000)
 Metaspace       used 8383K, capacity 8774K, committed 8960K, reserved 1056768K
  class space    used 661K, capacity 690K, committed 768K, reserved 1048576K
Event: 6.013 GC heap after
Heap after GC invocations=21 (full 0):
 PSYoungGen      total 445440K, used 224K [0x000000076b800000, 0x0000000793580000, 0x00000007c0000000)
  eden space 441344K, 0% used [0x000000076b800000,0x000000076b800000,0x0000000786700000)
  from space 4096K, 5% used [0x0000000792d80000,0x0000000792db8000,0x0000000793180000)
  to   space 3584K, 0% used [0x0000000793200000,0x0000000793200000,0x0000000793580000)
 ParOldGen       total 173568K, used 8780K [0x00000006c2800000, 0x00000006cd180000, 0x000000076b800000)
  object space 173568K, 5% used [0x00000006c2800000,0x00000006c3093080,0x00000006cd180000)
 Metaspace       used 8383K, capacity 8774K, committed 8960K, reserved 1056768K
  class space    used 661K, capacity 690K, committed 768K, reserved 1048576K
}

