# JRE version: Java(TM) SE Runtime Environment (8.0_65-b17) (build 1.8.0_65-b17)
# Java VM: Java HotSpot(TM) 64-Bit Server VM (25.65-b01 mixed mode windows-amd64 compressed oops)
Heap:
 PSYoungGen      total 121344K, used 95635K [0x000000076b800000, 0x00000007aa200000, 0x00000007c0000000)
  eden space 120832K, 79% used [0x000000076b800000,0x0000000771554d90,0x0000000772e00000)
  from space 512K, 12% used [0x00000007aa180000,0x00000007aa190000,0x00000007aa200000)
  to   space 512K, 0% used [0x00000007aa100000,0x00000007aa100000,0x00000007aa180000)
 ParOldGen       total 173568K, used 11144K [0x00000006c2800000, 0x00000006cd180000, 0x000000076b800000)
  object space 173568K, 6% used [0x00000006c2800000,0x00000006c32e22d0,0x00000006cd180000)
 Metaspace       used 8390K, capacity 8774K, committed 8960K, reserved 1056768K
  class space    used 661K, capacity 690K, committed 768K, reserved 1048576K
GC Heap History (10 events):
Event: 12.983 GC heap before
{Heap before GC invocations=52 (full 0):
 PSYoungGen      total 143360K, used 142528K [0x000000076b800000, 0x00000007aa280000, 0x00000007c0000000)
  eden space 142336K, 100% used [0x000000076b800000,0x0000000774300000,0x0000000774300000)
  from space 1024K, 18% used [0x00000007aa080000,0x00000007aa0b0000,0x00000007aa180000)
  to   space 1024K, 0% used [0x00000007aa180000,0x00000007aa180000,0x00000007aa280000)
 ParOldGen       total 173568K, used 11016K [0x00000006c2800000, 0x00000006cd180000, 0x000000076b800000)
  object space 173568K, 6% used [0x00000006c2800000,0x00000006c32c22d0,0x00000006cd180000)
 Metaspace       used 8390K, capacity 8774K, committed 8960K, reserved 1056768K
  class space    used 661K, capacity 690K, committed 768K, reserved 1048576K
Event: 12.984 GC heap after
Heap after GC invocations=52 (full 0):
 PSYoungGen      total 138240K, used 160K [0x000000076b800000, 0x00000007aa200000, 0x00000007c0000000)
  eden space 137728K, 0% used [0x000000076b800000,0x000000076b800000,0x0000000773e80000)
  from space 512K, 31% used [0x00000007aa180000,0x00000007aa1a8000,0x00000007aa200000)
  to   space 1024K, 0% used [0x00000007aa000000,0x00000007aa000000,0x00000007aa100000)
 ParOldGen       total 173568K, used 11016K [0x00000006c2800000, 0x00000006cd180000, 0x000000076b800000)
  object space 173568K, 6% used [0x00000006c2800000,0x00000006c32c22d0,0x00000006cd180000)
 Metaspace       used 8390K, capacity 8774K, committed 8960K, reserved 1056768K
  class space    used 661K, capacity 690K, committed 768K, reserved 1048576K
}
Event: 13.143 GC heap before
{Heap before GC invocations=53 (full 0):
 PSYoungGen      total 138240K, used 137888K [0x000000076b800000, 0x00000007aa200000, 0x00000007c0000000)
  eden space 137728K, 100% used [0x000000076b800000,0x0000000773e80000,0x0000000773e80000)
  from space 512K, 31% used [0x00000007aa180000,0x00000007aa1a8000,0x00000007aa200000)
  to   space 1024K, 0% used [0x00000007aa000000,0x00000007aa000000,0x00000007aa100000)
 ParOldGen       total 173568K, used 11016K [0x00000006c2800000, 0x00000006cd180000, 0x000000076b800000)
  object space 173568K, 6% used [0x00000006c2800000,0x00000006c32c22d0,0x00000006cd180000)
 Metaspace       used 8390K, capacity 8774K, committed 8960K, reserved 1056768K
  class space    used 661K, capacity 690K, committed 768K, reserved 1048576K
Event: 13.143 GC heap after
Heap after GC invocations=53 (full 0):
 PSYoungGen      total 134144K, used 160K [0x000000076b800000, 0x00000007aa200000, 0x00000007c0000000)
  eden space 133120K, 0% used [0x000000076b800000,0x000000076b800000,0x0000000773a00000)
  from space 1024K, 15% used [0x00000007aa000000,0x00000007aa028000,0x00000007aa100000)
  to   space 512K, 0% used [0x00000007aa180000,0x00000007aa180000,0x00000007aa200000)
 ParOldGen       total 173568K, used 11040K [0x00000006c2800000, 0x00000006cd180000, 0x000000076b800000)
  object space 173568K, 6% used [0x00000006c2800000,0x00000006c32c82d0,0x00000006cd180000)
 Metaspace       used 8390K, capacity 8774K, committed 8960K, reserved 1056768K
  class space    used 661K, capacity 690K, committed 768K, reserved 1048576K
}
Event: 13.254 GC heap before
{Heap before GC invocations=54 (full 0):
 PSYoungGen      total 134144K, used 133280K [0x000000076b800000, 0x00000007aa200000, 0x00000007c0000000)
  eden space 133120K, 100% used [0x000000076b800000,0x0000000773a00000,0x0000000773a00000)
  from space 1024K, 15% used [0x00000007aa000000,0x00000007aa028000,0x00000007aa100000)
  to   space 512K, 0% used [0x00000007aa180000,0x00000007aa180000,0x00000007aa200000)
 ParOldGen       total 173568K, used 11040K [0x00000006c2800000, 0x00000006cd180000, 0x000000076b800000)
  object space 173568K, 6% used [0x00000006c2800000,0x00000006c32c82d0,0x00000006cd180000)
 Metaspace       used 8390K, capacity 8774K, committed 8960K, reserved 1056768K
  class space    used 661K, capacity 690K, committed 768K, reserved 1048576K
Event: 13.254 GC heap after
Heap after GC invocations=54 (full 0):
 PSYoungGen      total 129536K, used 64K [0x000000076b800000, 0x00000007aa200000, 0x00000007c0000000)
  eden space 129024K, 0% used [0x000000076b800000,0x000000076b800000,0x0000000773600000)
  from space 512K, 12% used [0x00000007aa180000,0x00000007aa190000,0x00000007aa200000)
  to   space 512K, 0% used [0x00000007aa100000,0x00000007aa100000,0x00000007aa180000)
 ParOldGen       total 173568K, used 11088K [0x00000006c2800000, 0x00000006cd180000, 0x000000076b800000)
  object space 173568K, 6% used [0x00000006c2800000,0x00000006c32d42d0,0x00000006cd180000)
 Metaspace       used 8390K, capacity 8774K, committed 8960K, reserved 1056768K
  class space    used 661K, capacity 690K, committed 768K, reserved 1048576K
}
Event: 13.355 GC heap before
{Heap before GC invocations=55 (full 0):
 PSYoungGen      total 129536K, used 129088K [0x000000076b800000, 0x00000007aa200000, 0x00000007c0000000)
  eden space 129024K, 100% used [0x000000076b800000,0x0000000773600000,0x0000000773600000)
  from space 512K, 12% used [0x00000007aa180000,0x00000007aa190000,0x00000007aa200000)
  to   space 512K, 0% used [0x00000007aa100000,0x00000007aa100000,0x00000007aa180000)
 ParOldGen       total 173568K, used 11088K [0x00000006c2800000, 0x00000006cd180000, 0x000000076b800000)
  object space 173568K, 6% used [0x00000006c2800000,0x00000006c32d42d0,0x00000006cd180000)
 Metaspace       used 8390K, capacity 8774K, committed 8960K, reserved 1056768K
  class space    used 661K, capacity 690K, committed 768K, reserved 1048576K
Event: 13.356 GC heap after
Heap after GC invocations=55 (full 0):
 PSYoungGen      total 125440K, used 192K [0x000000076b800000, 0x00000007aa200000, 0x00000007c0000000)
  eden space 124928K, 0% used [0x000000076b800000,0x000000076b800000,0x0000000773200000)
  from space 512K, 37% used [0x00000007aa100000,0x00000007aa130000,0x00000007aa180000)
  to   space 512K, 0% used [0x00000007aa180000,0x00000007aa180000,0x00000007aa200000)
 ParOldGen       total 173568K, used 11088K [0x00000006c2800000, 0x00000006cd180000, 0x000000076b800000)
  object space 173568K, 6% used [0x00000006c2800000,0x00000006c32d42d0,0x00000006cd180000)
 Metaspace       used 8390K, capacity 8774K, committed 8960K, reserved 1056768K
  class space    used 661K, capacity 690K, committed 768K, reserved 1048576K
}
Event: 13.451 GC heap before
{Heap before GC invocations=56 (full 0):
 PSYoungGen      total 125440K, used 125120K [0x000000076b800000, 0x00000007aa200000, 0x00000007c0000000)
  eden space 124928K, 100% used [0x000000076b800000,0x0000000773200000,0x0000000773200000)
  from space 512K, 37% used [0x00000007aa100000,0x00000007aa130000,0x00000007aa180000)
  to   space 512K, 0% used [0x00000007aa180000,0x00000007aa180000,0x00000007aa200000)
 ParOldGen       total 173568K, used 11088K [0x00000006c2800000, 0x00000006cd180000, 0x000000076b800000)
  object space 173568K, 6% used [0x00000006c2800000,0x00000006c32d42d0,0x00000006cd180000)
 Metaspace       used 8390K, capacity 8774K, committed 8960K, reserved 1056768K
  class space    used 661K, capacity 690K, committed 768K, reserved 1048576K
Event: 13.452 GC heap after
Heap after GC invocations=56 (full 0):
 PSYoungGen      total 121344K, used 64K [0x000000076b800000, 0x00000007aa200000, 0x00000007c0000000)
  eden space 120832K, 0% used [0x000000076b800000,0x000000076b800000,0x0000000772e00000)
  from space 512K, 12% used [0x00000007aa180000,0x00000007aa190000,0x00000007aa200000)
  to   space 512K, 0% used [0x00000007aa100000,0x00000007aa100000,0x00000007aa180000)
 ParOldGen       total 173568K, used 11144K [0x00000006c2800000, 0x00000006cd180000, 0x000000076b800000)
  object space 173568K, 6% used [0x00000006c2800000,0x00000006c32e22d0,0x00000006cd180000)
 Metaspace       used 8390K, capacity 8774K, committed 8960K, reserved 1056768K
  class space    used 661K, capacity 690K, committed 768K, reserved 1048576K
}

