# JRE version: Java(TM) SE Runtime Environment (8.0_65-b17) (build 1.8.0_65-b17)
# Java VM: Java HotSpot(TM) 64-Bit Server VM (25.65-b01 mixed mode windows-amd64 compressed oops)
Heap:
 PSYoungGen      total 128512K, used 77723K [0x000000076b800000, 0x00000007ba780000, 0x00000007c0000000)
  eden space 128000K, 60% used [0x000000076b800000,0x00000007703bef90,0x0000000773500000)
  from space 512K, 31% used [0x00000007ba700000,0x00000007ba728000,0x00000007ba780000)
  to   space 512K, 0% used [0x00000007ba680000,0x00000007ba680000,0x00000007ba700000)
 ParOldGen       total 173568K, used 32957K [0x00000006c2800000, 0x00000006cd180000, 0x000000076b800000)
  object space 173568K, 18% used [0x00000006c2800000,0x00000006c482f4e0,0x00000006cd180000)
 Metaspace       used 8335K, capacity 8710K, committed 8960K, reserved 1056768K
  class space    used 659K, capacity 690K, committed 768K, reserved 1048576K
GC Heap History (10 events):
Event: 28.998 GC heap before
{Heap before GC invocations=306 (full 0):
 PSYoungGen      total 120832K, used 120512K [0x000000076b800000, 0x00000007ba780000, 0x00000007c0000000)
  eden space 120320K, 100% used [0x000000076b800000,0x0000000772d80000,0x0000000772d80000)
  from space 512K, 37% used [0x00000007ba680000,0x00000007ba6b0000,0x00000007ba700000)
  to   space 512K, 0% used [0x00000007ba700000,0x00000007ba700000,0x00000007ba780000)
 ParOldGen       total 173568K, used 32957K [0x00000006c2800000, 0x00000006cd180000, 0x000000076b800000)
  object space 173568K, 18% used [0x00000006c2800000,0x00000006c482f4e0,0x00000006cd180000)
 Metaspace       used 8335K, capacity 8710K, committed 8960K, reserved 1056768K
  class space    used 659K, capacity 690K, committed 768K, reserved 1048576K
Event: 28.999 GC heap after
Heap after GC invocations=306 (full 0):
 PSYoungGen      total 117248K, used 192K [0x000000076b800000, 0x00000007ba780000, 0x00000007c0000000)
  eden space 116736K, 0% used [0x000000076b800000,0x000000076b800000,0x0000000772a00000)
  from space 512K, 37% used [0x00000007ba700000,0x00000007ba730000,0x00000007ba780000)
  to   space 512K, 0% used [0x00000007ba680000,0x00000007ba680000,0x00000007ba700000)
 ParOldGen       total 173568K, used 32957K [0x00000006c2800000, 0x00000006cd180000, 0x000000076b800000)
  object space 173568K, 18% used [0x00000006c2800000,0x00000006c482f4e0,0x00000006cd180000)
 Metaspace       used 8335K, capacity 8710K, committed 8960K, reserved 1056768K
  class space    used 659K, capacity 690K, committed 768K, reserved 1048576K
}
Event: 29.048 GC heap before
{Heap before GC invocations=307 (full 0):
 PSYoungGen      total 117248K, used 116928K [0x000000076b800000, 0x00000007ba780000, 0x00000007c0000000)
  eden space 116736K, 100% used [0x000000076b800000,0x0000000772a00000,0x0000000772a00000)
  from space 512K, 37% used [0x00000007ba700000,0x00000007ba730000,0x00000007ba780000)
  to   space 512K, 0% used [0x00000007ba680000,0x00000007ba680000,0x00000007ba700000)
 ParOldGen       total 173568K, used 32957K [0x00000006c2800000, 0x00000006cd180000, 0x000000076b800000)
  object space 173568K, 18% used [0x00000006c2800000,0x00000006c482f4e0,0x00000006cd180000)
 Metaspace       used 8335K, capacity 8710K, committed 8960K, reserved 1056768K
  class space    used 659K, capacity 690K, committed 768K, reserved 1048576K
Event: 29.048 GC heap after
Heap after GC invocations=307 (full 0):
 PSYoungGen      total 113664K, used 128K [0x000000076b800000, 0x00000007ba780000, 0x00000007c0000000)
  eden space 113152K, 0% used [0x000000076b800000,0x000000076b800000,0x0000000772680000)
  from space 512K, 25% used [0x00000007ba680000,0x00000007ba6a0000,0x00000007ba700000)
  to   space 512K, 0% used [0x00000007ba700000,0x00000007ba700000,0x00000007ba780000)
 ParOldGen       total 173568K, used 32957K [0x00000006c2800000, 0x00000006cd180000, 0x000000076b800000)
  object space 173568K, 18% used [0x00000006c2800000,0x00000006c482f4e0,0x00000006cd180000)
 Metaspace       used 8335K, capacity 8710K, committed 8960K, reserved 1056768K
  class space    used 659K, capacity 690K, committed 768K, reserved 1048576K
}
Event: 29.097 GC heap before
{Heap before GC invocations=308 (full 0):
 PSYoungGen      total 113664K, used 113280K [0x000000076b800000, 0x00000007ba780000, 0x00000007c0000000)
  eden space 113152K, 100% used [0x000000076b800000,0x0000000772680000,0x0000000772680000)
  from space 512K, 25% used [0x00000007ba680000,0x00000007ba6a0000,0x00000007ba700000)
  to   space 512K, 0% used [0x00000007ba700000,0x00000007ba700000,0x00000007ba780000)
 ParOldGen       total 173568K, used 32957K [0x00000006c2800000, 0x00000006cd180000, 0x000000076b800000)
  object space 173568K, 18% used [0x00000006c2800000,0x00000006c482f4e0,0x00000006cd180000)
 Metaspace       used 8335K, capacity 8710K, committed 8960K, reserved 1056768K
  class space    used 659K, capacity 690K, committed 768K, reserved 1048576K
Event: 29.098 GC heap after
Heap after GC invocations=308 (full 0):
 PSYoungGen      total 110080K, used 160K [0x000000076b800000, 0x00000007ba780000, 0x00000007c0000000)
  eden space 109568K, 0% used [0x000000076b800000,0x000000076b800000,0x0000000772300000)
  from space 512K, 31% used [0x00000007ba700000,0x00000007ba728000,0x00000007ba780000)
  to   space 512K, 0% used [0x00000007ba680000,0x00000007ba680000,0x00000007ba700000)
 ParOldGen       total 173568K, used 32957K [0x00000006c2800000, 0x00000006cd180000, 0x000000076b800000)
  object space 173568K, 18% used [0x00000006c2800000,0x00000006c482f4e0,0x00000006cd180000)
 Metaspace       used 8335K, capacity 8710K, committed 8960K, reserved 1056768K
  class space    used 659K, capacity 690K, committed 768K, reserved 1048576K
}
Event: 29.143 GC heap before
{Heap before GC invocations=309 (full 0):
 PSYoungGen      total 110080K, used 109728K [0x000000076b800000, 0x00000007ba780000, 0x00000007c0000000)
  eden space 109568K, 100% used [0x000000076b800000,0x0000000772300000,0x0000000772300000)
  from space 512K, 31% used [0x00000007ba700000,0x00000007ba728000,0x00000007ba780000)
  to   space 512K, 0% used [0x00000007ba680000,0x00000007ba680000,0x00000007ba700000)
 ParOldGen       total 173568K, used 32957K [0x00000006c2800000, 0x00000006cd180000, 0x000000076b800000)
  object space 173568K, 18% used [0x00000006c2800000,0x00000006c482f4e0,0x00000006cd180000)
 Metaspace       used 8335K, capacity 8710K, committed 8960K, reserved 1056768K
  class space    used 659K, capacity 690K, committed 768K, reserved 1048576K
Event: 29.144 GC heap after
Heap after GC invocations=309 (full 0):
 PSYoungGen      total 107008K, used 160K [0x000000076b800000, 0x00000007ba780000, 0x00000007c0000000)
  eden space 106496K, 0% used [0x000000076b800000,0x000000076b800000,0x0000000772000000)
  from space 512K, 31% used [0x00000007ba680000,0x00000007ba6a8000,0x00000007ba700000)
  to   space 512K, 0% used [0x00000007ba700000,0x00000007ba700000,0x00000007ba780000)
 ParOldGen       total 173568K, used 32957K [0x00000006c2800000, 0x00000006cd180000, 0x000000076b800000)
  object space 173568K, 18% used [0x00000006c2800000,0x00000006c482f4e0,0x00000006cd180000)
 Metaspace       used 8335K, capacity 8710K, committed 8960K, reserved 1056768K
  class space    used 659K, capacity 690K, committed 768K, reserved 1048576K
}
Event: 29.190 GC heap before
{Heap before GC invocations=310 (full 0):
 PSYoungGen      total 107008K, used 106656K [0x000000076b800000, 0x00000007ba780000, 0x00000007c0000000)
  eden space 106496K, 100% used [0x000000076b800000,0x0000000772000000,0x0000000772000000)
  from space 512K, 31% used [0x00000007ba680000,0x00000007ba6a8000,0x00000007ba700000)
  to   space 512K, 0% used [0x00000007ba700000,0x00000007ba700000,0x00000007ba780000)
 ParOldGen       total 173568K, used 32957K [0x00000006c2800000, 0x00000006cd180000, 0x000000076b800000)
  object space 173568K, 18% used [0x00000006c2800000,0x00000006c482f4e0,0x00000006cd180000)
 Metaspace       used 8335K, capacity 8710K, committed 8960K, reserved 1056768K
  class space    used 659K, capacity 690K, committed 768K, reserved 1048576K
Event: 29.190 GC heap after
Heap after GC invocations=310 (full 0):
 PSYoungGen      total 128512K, used 160K [0x000000076b800000, 0x00000007ba780000, 0x00000007c0000000)
  eden space 128000K, 0% used [0x000000076b800000,0x000000076b800000,0x0000000773500000)
  from space 512K, 31% used [0x00000007ba700000,0x00000007ba728000,0x00000007ba780000)
  to   space 512K, 0% used [0x00000007ba680000,0x00000007ba680000,0x00000007ba700000)
 ParOldGen       total 173568K, used 32957K [0x00000006c2800000, 0x00000006cd180000, 0x000000076b800000)
  object space 173568K, 18% used [0x00000006c2800000,0x00000006c482f4e0,0x00000006cd180000)
 Metaspace       used 8335K, capacity 8710K, committed 8960K, reserved 1056768K
  class space    used 659K, capacity 690K, committed 768K, reserved 1048576K
}

