# JRE version: Java(TM) SE Runtime Environment (8.0_65-b17) (build 1.8.0_65-b17)
# Java VM: Java HotSpot(TM) 64-Bit Server VM (25.65-b01 mixed mode windows-amd64 compressed oops)
Heap:
 PSYoungGen      total 631296K, used 75194K [0x000000076b800000, 0x00000007aa880000, 0x00000007c0000000)
  eden space 626688K, 11% used [0x000000076b800000,0x0000000770136a10,0x0000000791c00000)
  from space 4608K, 4% used [0x00000007a9f80000,0x00000007a9fb8000,0x00000007aa400000)
  to   space 4608K, 0% used [0x00000007aa400000,0x00000007aa400000,0x00000007aa880000)
 ParOldGen       total 173568K, used 17627K [0x00000006c2800000, 0x00000006cd180000, 0x000000076b800000)
  object space 173568K, 10% used [0x00000006c2800000,0x00000006c3936fa0,0x00000006cd180000)
 Metaspace       used 8345K, capacity 8710K, committed 8960K, reserved 1056768K
  class space    used 659K, capacity 690K, committed 768K, reserved 1048576K
GC Heap History (10 events):
Event: 7.968 GC heap before
{Heap before GC invocations=21 (full 0):
 PSYoungGen      total 791552K, used 791296K [0x000000076b800000, 0x00000007ab200000, 0x00000007c0000000)
  eden space 791040K, 100% used [0x000000076b800000,0x000000079bc80000,0x000000079bc80000)
  from space 512K, 50% used [0x00000007ab180000,0x00000007ab1c0000,0x00000007ab200000)
  to   space 5632K, 0% used [0x00000007aa700000,0x00000007aa700000,0x00000007aac80000)
 ParOldGen       total 173568K, used 17579K [0x00000006c2800000, 0x00000006cd180000, 0x000000076b800000)
  object space 173568K, 10% used [0x00000006c2800000,0x00000006c392afa0,0x00000006cd180000)
 Metaspace       used 8342K, capacity 8710K, committed 8960K, reserved 1056768K
  class space    used 658K, capacity 690K, committed 768K, reserved 1048576K
Event: 7.969 GC heap after
Heap after GC invocations=21 (full 0):
 PSYoungGen      total 760320K, used 256K [0x000000076b800000, 0x00000007ab200000, 0x00000007c0000000)
  eden space 754688K, 0% used [0x000000076b800000,0x000000076b800000,0x0000000799900000)
  from space 5632K, 4% used [0x00000007aa700000,0x00000007aa740000,0x00000007aac80000)
  to   space 5632K, 0% used [0x00000007aac80000,0x00000007aac80000,0x00000007ab200000)
 ParOldGen       total 173568K, used 17579K [0x00000006c2800000, 0x00000006cd180000, 0x000000076b800000)
  object space 173568K, 10% used [0x00000006c2800000,0x00000006c392afa0,0x00000006cd180000)
 Metaspace       used 8342K, capacity 8710K, committed 8960K, reserved 1056768K
  class space    used 658K, capacity 690K, committed 768K, reserved 1048576K
}
Event: 8.571 GC heap before
{Heap before GC invocations=22 (full 0):
 PSYoungGen      total 760320K, used 754944K [0x000000076b800000, 0x00000007ab200000, 0x00000007c0000000)
  eden space 754688K, 100% used [0x000000076b800000,0x0000000799900000,0x0000000799900000)
  from space 5632K, 4% used [0x00000007aa700000,0x00000007aa740000,0x00000007aac80000)
  to   space 5632K, 0% used [0x00000007aac80000,0x00000007aac80000,0x00000007ab200000)
 ParOldGen       total 173568K, used 17579K [0x00000006c2800000, 0x00000006cd180000, 0x000000076b800000)
  object space 173568K, 10% used [0x00000006c2800000,0x00000006c392afa0,0x00000006cd180000)
 Metaspace       used 8343K, capacity 8710K, committed 8960K, reserved 1056768K
  class space    used 659K, capacity 690K, committed 768K, reserved 1048576K
Event: 8.572 GC heap after
Heap after GC invocations=22 (full 0):
 PSYoungGen      total 720896K, used 256K [0x000000076b800000, 0x00000007aad00000, 0x00000007c0000000)
  eden space 720384K, 0% used [0x000000076b800000,0x000000076b800000,0x0000000797780000)
  from space 512K, 50% used [0x00000007aac80000,0x00000007aacc0000,0x00000007aad00000)
  to   space 5120K, 0% used [0x00000007aa300000,0x00000007aa300000,0x00000007aa800000)
 ParOldGen       total 173568K, used 17603K [0x00000006c2800000, 0x00000006cd180000, 0x000000076b800000)
  object space 173568K, 10% used [0x00000006c2800000,0x00000006c3930fa0,0x00000006cd180000)
 Metaspace       used 8343K, capacity 8710K, committed 8960K, reserved 1056768K
  class space    used 659K, capacity 690K, committed 768K, reserved 1048576K
}
Event: 9.099 GC heap before
{Heap before GC invocations=23 (full 0):
 PSYoungGen      total 720896K, used 720640K [0x000000076b800000, 0x00000007aad00000, 0x00000007c0000000)
  eden space 720384K, 100% used [0x000000076b800000,0x0000000797780000,0x0000000797780000)
  from space 512K, 50% used [0x00000007aac80000,0x00000007aacc0000,0x00000007aad00000)
  to   space 5120K, 0% used [0x00000007aa300000,0x00000007aa300000,0x00000007aa800000)
 ParOldGen       total 173568K, used 17603K [0x00000006c2800000, 0x00000006cd180000, 0x000000076b800000)
  object space 173568K, 10% used [0x00000006c2800000,0x00000006c3930fa0,0x00000006cd180000)
 Metaspace       used 8343K, capacity 8710K, committed 8960K, reserved 1056768K
  class space    used 659K, capacity 690K, committed 768K, reserved 1048576K
Event: 9.100 GC heap after
Heap after GC invocations=23 (full 0):
 PSYoungGen      total 692736K, used 224K [0x000000076b800000, 0x00000007aad00000, 0x00000007c0000000)
  eden space 687616K, 0% used [0x000000076b800000,0x000000076b800000,0x0000000795780000)
  from space 5120K, 4% used [0x00000007aa300000,0x00000007aa338000,0x00000007aa800000)
  to   space 5120K, 0% used [0x00000007aa800000,0x00000007aa800000,0x00000007aad00000)
 ParOldGen       total 173568K, used 17619K [0x00000006c2800000, 0x00000006cd180000, 0x000000076b800000)
  object space 173568K, 10% used [0x00000006c2800000,0x00000006c3934fa0,0x00000006cd180000)
 Metaspace       used 8343K, capacity 8710K, committed 8960K, reserved 1056768K
  class space    used 659K, capacity 690K, committed 768K, reserved 1048576K
}
Event: 9.622 GC heap before
{Heap before GC invocations=24 (full 0):
 PSYoungGen      total 692736K, used 687840K [0x000000076b800000, 0x00000007aad00000, 0x00000007c0000000)
  eden space 687616K, 100% used [0x000000076b800000,0x0000000795780000,0x0000000795780000)
  from space 5120K, 4% used [0x00000007aa300000,0x00000007aa338000,0x00000007aa800000)
  to   space 5120K, 0% used [0x00000007aa800000,0x00000007aa800000,0x00000007aad00000)
 ParOldGen       total 173568K, used 17619K [0x00000006c2800000, 0x00000006cd180000, 0x000000076b800000)
  object space 173568K, 10% used [0x00000006c2800000,0x00000006c3934fa0,0x00000006cd180000)
 Metaspace       used 8343K, capacity 8710K, committed 8960K, reserved 1056768K
  class space    used 659K, capacity 690K, committed 768K, reserved 1048576K
Event: 9.623 GC heap after
Heap after GC invocations=24 (full 0):
 PSYoungGen      total 656896K, used 224K [0x000000076b800000, 0x00000007aa880000, 0x00000007c0000000)
  eden space 656384K, 0% used [0x000000076b800000,0x000000076b800000,0x0000000793900000)
  from space 512K, 43% used [0x00000007aa800000,0x00000007aa838000,0x00000007aa880000)
  to   space 4608K, 0% used [0x00000007a9f80000,0x00000007a9f80000,0x00000007aa400000)
 ParOldGen       total 173568K, used 17627K [0x00000006c2800000, 0x00000006cd180000, 0x000000076b800000)
  object space 173568K, 10% used [0x00000006c2800000,0x00000006c3936fa0,0x00000006cd180000)
 Metaspace       used 8343K, capacity 8710K, committed 8960K, reserved 1056768K
  class space    used 659K, capacity 690K, committed 768K, reserved 1048576K
}
Event: 10.121 GC heap before
{Heap before GC invocations=25 (full 0):
 PSYoungGen      total 656896K, used 656608K [0x000000076b800000, 0x00000007aa880000, 0x00000007c0000000)
  eden space 656384K, 100% used [0x000000076b800000,0x0000000793900000,0x0000000793900000)
  from space 512K, 43% used [0x00000007aa800000,0x00000007aa838000,0x00000007aa880000)
  to   space 4608K, 0% used [0x00000007a9f80000,0x00000007a9f80000,0x00000007aa400000)
 ParOldGen       total 173568K, used 17627K [0x00000006c2800000, 0x00000006cd180000, 0x000000076b800000)
  object space 173568K, 10% used [0x00000006c2800000,0x00000006c3936fa0,0x00000006cd180000)
 Metaspace       used 8344K, capacity 8710K, committed 8960K, reserved 1056768K
  class space    used 659K, capacity 690K, committed 768K, reserved 1048576K
Event: 10.122 GC heap after
Heap after GC invocations=25 (full 0):
 PSYoungGen      total 631296K, used 224K [0x000000076b800000, 0x00000007aa880000, 0x00000007c0000000)
  eden space 626688K, 0% used [0x000000076b800000,0x000000076b800000,0x0000000791c00000)
  from space 4608K, 4% used [0x00000007a9f80000,0x00000007a9fb8000,0x00000007aa400000)
  to   space 4608K, 0% used [0x00000007aa400000,0x00000007aa400000,0x00000007aa880000)
 ParOldGen       total 173568K, used 17627K [0x00000006c2800000, 0x00000006cd180000, 0x000000076b800000)
  object space 173568K, 10% used [0x00000006c2800000,0x00000006c3936fa0,0x00000006cd180000)
 Metaspace       used 8344K, capacity 8710K, committed 8960K, reserved 1056768K
  class space    used 659K, capacity 690K, committed 768K, reserved 1048576K
}

