# JRE version: Java(TM) SE Runtime Environment (8.0_65-b17) (build 1.8.0_65-b17)
# Java VM: Java HotSpot(TM) 64-Bit Server VM (25.65-b01 mixed mode windows-amd64 compressed oops)
Heap:
 PSYoungGen      total 997888K, used 89767K [0x000000076b800000, 0x00000007bf400000, 0x00000007c0000000)
  eden space 997376K, 8% used [0x000000076b800000,0x0000000770f69fb8,0x00000007a8600000)
  from space 512K, 50% used [0x00000007bf380000,0x00000007bf3c0000,0x00000007bf400000)
  to   space 11776K, 0% used [0x00000007bdd00000,0x00000007bdd00000,0x00000007be880000)
 ParOldGen       total 173568K, used 30700K [0x00000006c2800000, 0x00000006cd180000, 0x000000076b800000)
  object space 173568K, 17% used [0x00000006c2800000,0x00000006c45fb060,0x00000006cd180000)
 Metaspace       used 8370K, capacity 8774K, committed 8960K, reserved 1056768K
  class space    used 661K, capacity 690K, committed 768K, reserved 1048576K
GC Heap History (10 events):
Event: 1.925 GC heap before
{Heap before GC invocations=12 (full 0):
 PSYoungGen      total 422400K, used 408800K [0x000000076b800000, 0x0000000795180000, 0x00000007c0000000)
  eden space 408576K, 100% used [0x000000076b800000,0x0000000784700000,0x0000000784700000)
  from space 13824K, 1% used [0x0000000784700000,0x0000000784738000,0x0000000785480000)
  to   space 13824K, 0% used [0x0000000794400000,0x0000000794400000,0x0000000795180000)
 ParOldGen       total 173568K, used 30588K [0x00000006c2800000, 0x00000006cd180000, 0x000000076b800000)
  object space 173568K, 17% used [0x00000006c2800000,0x00000006c45df060,0x00000006cd180000)
 Metaspace       used 8339K, capacity 8774K, committed 8960K, reserved 1056768K
  class space    used 661K, capacity 690K, committed 768K, reserved 1048576K
Event: 1.925 GC heap after
Heap after GC invocations=12 (full 0):
 PSYoungGen      total 666624K, used 224K [0x000000076b800000, 0x0000000795080000, 0x00000007c0000000)
  eden space 653824K, 0% used [0x000000076b800000,0x000000076b800000,0x0000000793680000)
  from space 12800K, 1% used [0x0000000794400000,0x0000000794438000,0x0000000795080000)
  to   space 13312K, 0% used [0x0000000793680000,0x0000000793680000,0x0000000794380000)
 ParOldGen       total 173568K, used 30652K [0x00000006c2800000, 0x00000006cd180000, 0x000000076b800000)
  object space 173568K, 17% used [0x00000006c2800000,0x00000006c45ef060,0x00000006cd180000)
 Metaspace       used 8339K, capacity 8774K, committed 8960K, reserved 1056768K
  class space    used 661K, capacity 690K, committed 768K, reserved 1048576K
}
Event: 2.437 GC heap before
{Heap before GC invocations=13 (full 0):
 PSYoungGen      total 666624K, used 654048K [0x000000076b800000, 0x0000000795080000, 0x00000007c0000000)
  eden space 653824K, 100% used [0x000000076b800000,0x0000000793680000,0x0000000793680000)
  from space 12800K, 1% used [0x0000000794400000,0x0000000794438000,0x0000000795080000)
  to   space 13312K, 0% used [0x0000000793680000,0x0000000793680000,0x0000000794380000)
 ParOldGen       total 173568K, used 30652K [0x00000006c2800000, 0x00000006cd180000, 0x000000076b800000)
  object space 173568K, 17% used [0x00000006c2800000,0x00000006c45ef060,0x00000006cd180000)
 Metaspace       used 8353K, capacity 8774K, committed 8960K, reserved 1056768K
  class space    used 661K, capacity 690K, committed 768K, reserved 1048576K
Event: 2.438 GC heap after
Heap after GC invocations=13 (full 0):
 PSYoungGen      total 667136K, used 192K [0x000000076b800000, 0x00000007ad000000, 0x00000007c0000000)
  eden space 653824K, 0% used [0x000000076b800000,0x000000076b800000,0x0000000793680000)
  from space 13312K, 1% used [0x0000000793680000,0x00000007936b0000,0x0000000794380000)
  to   space 13312K, 0% used [0x00000007ac300000,0x00000007ac300000,0x00000007ad000000)
 ParOldGen       total 173568K, used 30660K [0x00000006c2800000, 0x00000006cd180000, 0x000000076b800000)
  object space 173568K, 17% used [0x00000006c2800000,0x00000006c45f1060,0x00000006cd180000)
 Metaspace       used 8353K, capacity 8774K, committed 8960K, reserved 1056768K
  class space    used 661K, capacity 690K, committed 768K, reserved 1048576K
}
Event: 2.919 GC heap before
{Heap before GC invocations=14 (full 0):
 PSYoungGen      total 667136K, used 654016K [0x000000076b800000, 0x00000007ad000000, 0x00000007c0000000)
  eden space 653824K, 100% used [0x000000076b800000,0x0000000793680000,0x0000000793680000)
  from space 13312K, 1% used [0x0000000793680000,0x00000007936b0000,0x0000000794380000)
  to   space 13312K, 0% used [0x00000007ac300000,0x00000007ac300000,0x00000007ad000000)
 ParOldGen       total 173568K, used 30660K [0x00000006c2800000, 0x00000006cd180000, 0x000000076b800000)
  object space 173568K, 17% used [0x00000006c2800000,0x00000006c45f1060,0x00000006cd180000)
 Metaspace       used 8357K, capacity 8774K, committed 8960K, reserved 1056768K
  class space    used 661K, capacity 690K, committed 768K, reserved 1048576K
Event: 2.920 GC heap after
Heap after GC invocations=14 (full 0):
 PSYoungGen      total 1058816K, used 160K [0x000000076b800000, 0x00000007acf00000, 0x00000007c0000000)
  eden space 1046528K, 0% used [0x000000076b800000,0x000000076b800000,0x00000007ab600000)
  from space 12288K, 1% used [0x00000007ac300000,0x00000007ac328000,0x00000007acf00000)
  to   space 12800K, 0% used [0x00000007ab600000,0x00000007ab600000,0x00000007ac280000)
 ParOldGen       total 173568K, used 30676K [0x00000006c2800000, 0x00000006cd180000, 0x000000076b800000)
  object space 173568K, 17% used [0x00000006c2800000,0x00000006c45f5060,0x00000006cd180000)
 Metaspace       used 8357K, capacity 8774K, committed 8960K, reserved 1056768K
  class space    used 661K, capacity 690K, committed 768K, reserved 1048576K
}
Event: 3.795 GC heap before
{Heap before GC invocations=15 (full 0):
 PSYoungGen      total 1058816K, used 1046688K [0x000000076b800000, 0x00000007acf00000, 0x00000007c0000000)
  eden space 1046528K, 100% used [0x000000076b800000,0x00000007ab600000,0x00000007ab600000)
  from space 12288K, 1% used [0x00000007ac300000,0x00000007ac328000,0x00000007acf00000)
  to   space 12800K, 0% used [0x00000007ab600000,0x00000007ab600000,0x00000007ac280000)
 ParOldGen       total 173568K, used 30676K [0x00000006c2800000, 0x00000006cd180000, 0x000000076b800000)
  object space 173568K, 17% used [0x00000006c2800000,0x00000006c45f5060,0x00000006cd180000)
 Metaspace       used 8369K, capacity 8774K, committed 8960K, reserved 1056768K
  class space    used 661K, capacity 690K, committed 768K, reserved 1048576K
Event: 3.795 GC heap after
Heap after GC invocations=15 (full 0):
 PSYoungGen      total 1059328K, used 256K [0x000000076b800000, 0x00000007bff80000, 0x00000007c0000000)
  eden space 1046528K, 0% used [0x000000076b800000,0x000000076b800000,0x00000007ab600000)
  from space 12800K, 2% used [0x00000007ab600000,0x00000007ab640000,0x00000007ac280000)
  to   space 12288K, 0% used [0x00000007bf380000,0x00000007bf380000,0x00000007bff80000)
 ParOldGen       total 173568K, used 30676K [0x00000006c2800000, 0x00000006cd180000, 0x000000076b800000)
  object space 173568K, 17% used [0x00000006c2800000,0x00000006c45f5060,0x00000006cd180000)
 Metaspace       used 8369K, capacity 8774K, committed 8960K, reserved 1056768K
  class space    used 661K, capacity 690K, committed 768K, reserved 1048576K
}
Event: 4.625 GC heap before
{Heap before GC invocations=16 (full 0):
 PSYoungGen      total 1059328K, used 1046784K [0x000000076b800000, 0x00000007bff80000, 0x00000007c0000000)
  eden space 1046528K, 100% used [0x000000076b800000,0x00000007ab600000,0x00000007ab600000)
  from space 12800K, 2% used [0x00000007ab600000,0x00000007ab640000,0x00000007ac280000)
  to   space 12288K, 0% used [0x00000007bf380000,0x00000007bf380000,0x00000007bff80000)
 ParOldGen       total 173568K, used 30676K [0x00000006c2800000, 0x00000006cd180000, 0x000000076b800000)
  object space 173568K, 17% used [0x00000006c2800000,0x00000006c45f5060,0x00000006cd180000)
 Metaspace       used 8370K, capacity 8774K, committed 8960K, reserved 1056768K
  class space    used 661K, capacity 690K, committed 768K, reserved 1048576K
Event: 4.626 GC heap after
Heap after GC invocations=16 (full 0):
 PSYoungGen      total 997888K, used 256K [0x000000076b800000, 0x00000007bf400000, 0x00000007c0000000)
  eden space 997376K, 0% used [0x000000076b800000,0x000000076b800000,0x00000007a8600000)
  from space 512K, 50% used [0x00000007bf380000,0x00000007bf3c0000,0x00000007bf400000)
  to   space 11776K, 0% used [0x00000007bdd00000,0x00000007bdd00000,0x00000007be880000)
 ParOldGen       total 173568K, used 30700K [0x00000006c2800000, 0x00000006cd180000, 0x000000076b800000)
  object space 173568K, 17% used [0x00000006c2800000,0x00000006c45fb060,0x00000006cd180000)
 Metaspace       used 8370K, capacity 8774K, committed 8960K, reserved 1056768K
  class space    used 661K, capacity 690K, committed 768K, reserved 1048576K
}

