# JRE version: Java(TM) SE Runtime Environment (8.0_65-b17) (build 1.8.0_65-b17)
# Java VM: Java HotSpot(TM) 64-Bit Server VM (25.65-b01 mixed mode windows-amd64 compressed oops)
Heap:
 PSYoungGen      total 959488K, used 873993K [0x000000076b800000, 0x00000007bf300000, 0x00000007c0000000)
  eden space 947200K, 92% used [0x000000076b800000,0x00000007a0d4a4b8,0x00000007a5500000)
  from space 12288K, 1% used [0x00000007bdb00000,0x00000007bdb38000,0x00000007be700000)
  to   space 11776K, 0% used [0x00000007be780000,0x00000007be780000,0x00000007bf300000)
 ParOldGen       total 173568K, used 31871K [0x00000006c2800000, 0x00000006cd180000, 0x000000076b800000)
  object space 173568K, 18% used [0x00000006c2800000,0x00000006c471fee0,0x00000006cd180000)
 Metaspace       used 8341K, capacity 8710K, committed 8960K, reserved 1056768K
  class space    used 660K, capacity 690K, committed 768K, reserved 1048576K
GC Heap History (10 events):
Event: 1.993 GC heap before
{Heap before GC invocations=13 (full 0):
 PSYoungGen      total 664576K, used 651488K [0x000000076b800000, 0x0000000794f00000, 0x00000007c0000000)
  eden space 651264K, 100% used [0x000000076b800000,0x0000000793400000,0x0000000793400000)
  from space 13312K, 1% used [0x0000000794200000,0x0000000794238000,0x0000000794f00000)
  to   space 13824K, 0% used [0x0000000793400000,0x0000000793400000,0x0000000794180000)
 ParOldGen       total 173568K, used 31799K [0x00000006c2800000, 0x00000006cd180000, 0x000000076b800000)
  object space 173568K, 18% used [0x00000006c2800000,0x00000006c470dee0,0x00000006cd180000)
 Metaspace       used 8296K, capacity 8710K, committed 8960K, reserved 1056768K
  class space    used 660K, capacity 690K, committed 768K, reserved 1048576K
Event: 1.993 GC heap after
Heap after GC invocations=13 (full 0):
 PSYoungGen      total 665088K, used 256K [0x000000076b800000, 0x00000007acc00000, 0x00000007c0000000)
  eden space 651264K, 0% used [0x000000076b800000,0x000000076b800000,0x0000000793400000)
  from space 13824K, 1% used [0x0000000793400000,0x0000000793440000,0x0000000794180000)
  to   space 13312K, 0% used [0x00000007abf00000,0x00000007abf00000,0x00000007acc00000)
 ParOldGen       total 173568K, used 31799K [0x00000006c2800000, 0x00000006cd180000, 0x000000076b800000)
  object space 173568K, 18% used [0x00000006c2800000,0x00000006c470dee0,0x00000006cd180000)
 Metaspace       used 8296K, capacity 8710K, committed 8960K, reserved 1056768K
  class space    used 660K, capacity 690K, committed 768K, reserved 1048576K
}
Event: 2.462 GC heap before
{Heap before GC invocations=14 (full 0):
 PSYoungGen      total 665088K, used 651520K [0x000000076b800000, 0x00000007acc00000, 0x00000007c0000000)
  eden space 651264K, 100% used [0x000000076b800000,0x0000000793400000,0x0000000793400000)
  from space 13824K, 1% used [0x0000000793400000,0x0000000793440000,0x0000000794180000)
  to   space 13312K, 0% used [0x00000007abf00000,0x00000007abf00000,0x00000007acc00000)
 ParOldGen       total 173568K, used 31799K [0x00000006c2800000, 0x00000006cd180000, 0x000000076b800000)
  object space 173568K, 18% used [0x00000006c2800000,0x00000006c470dee0,0x00000006cd180000)
 Metaspace       used 8321K, capacity 8710K, committed 8960K, reserved 1056768K
  class space    used 660K, capacity 690K, committed 768K, reserved 1048576K
Event: 2.463 GC heap after
Heap after GC invocations=14 (full 0):
 PSYoungGen      total 1055744K, used 224K [0x000000076b800000, 0x00000007acc00000, 0x00000007c0000000)
  eden space 1042432K, 0% used [0x000000076b800000,0x000000076b800000,0x00000007ab200000)
  from space 13312K, 1% used [0x00000007abf00000,0x00000007abf38000,0x00000007acc00000)
  to   space 13312K, 0% used [0x00000007ab200000,0x00000007ab200000,0x00000007abf00000)
 ParOldGen       total 173568K, used 31799K [0x00000006c2800000, 0x00000006cd180000, 0x000000076b800000)
  object space 173568K, 18% used [0x00000006c2800000,0x00000006c470dee0,0x00000006cd180000)
 Metaspace       used 8321K, capacity 8710K, committed 8960K, reserved 1056768K
  class space    used 660K, capacity 690K, committed 768K, reserved 1048576K
}
Event: 3.253 GC heap before
{Heap before GC invocations=15 (full 0):
 PSYoungGen      total 1055744K, used 1042656K [0x000000076b800000, 0x00000007acc00000, 0x00000007c0000000)
  eden space 1042432K, 100% used [0x000000076b800000,0x00000007ab200000,0x00000007ab200000)
  from space 13312K, 1% used [0x00000007abf00000,0x00000007abf38000,0x00000007acc00000)
  to   space 13312K, 0% used [0x00000007ab200000,0x00000007ab200000,0x00000007abf00000)
 ParOldGen       total 173568K, used 31799K [0x00000006c2800000, 0x00000006cd180000, 0x000000076b800000)
  object space 173568K, 18% used [0x00000006c2800000,0x00000006c470dee0,0x00000006cd180000)
 Metaspace       used 8330K, capacity 8710K, committed 8960K, reserved 1056768K
  class space    used 660K, capacity 690K, committed 768K, reserved 1048576K
Event: 3.254 GC heap after
Heap after GC invocations=15 (full 0):
 PSYoungGen      total 1055744K, used 192K [0x000000076b800000, 0x00000007bff00000, 0x00000007c0000000)
  eden space 1042432K, 0% used [0x000000076b800000,0x000000076b800000,0x00000007ab200000)
  from space 13312K, 1% used [0x00000007ab200000,0x00000007ab230000,0x00000007abf00000)
  to   space 12800K, 0% used [0x00000007bf280000,0x00000007bf280000,0x00000007bff00000)
 ParOldGen       total 173568K, used 31823K [0x00000006c2800000, 0x00000006cd180000, 0x000000076b800000)
  object space 173568K, 18% used [0x00000006c2800000,0x00000006c4713ee0,0x00000006cd180000)
 Metaspace       used 8330K, capacity 8710K, committed 8960K, reserved 1056768K
  class space    used 660K, capacity 690K, committed 768K, reserved 1048576K
}
Event: 4.137 GC heap before
{Heap before GC invocations=16 (full 0):
 PSYoungGen      total 1055744K, used 1042624K [0x000000076b800000, 0x00000007bff00000, 0x00000007c0000000)
  eden space 1042432K, 100% used [0x000000076b800000,0x00000007ab200000,0x00000007ab200000)
  from space 13312K, 1% used [0x00000007ab200000,0x00000007ab230000,0x00000007abf00000)
  to   space 12800K, 0% used [0x00000007bf280000,0x00000007bf280000,0x00000007bff00000)
 ParOldGen       total 173568K, used 31823K [0x00000006c2800000, 0x00000006cd180000, 0x000000076b800000)
  object space 173568K, 18% used [0x00000006c2800000,0x00000006c4713ee0,0x00000006cd180000)
 Metaspace       used 8339K, capacity 8710K, committed 8960K, reserved 1056768K
  class space    used 660K, capacity 690K, committed 768K, reserved 1048576K
Event: 4.137 GC heap after
Heap after GC invocations=16 (full 0):
 PSYoungGen      total 994304K, used 224K [0x000000076b800000, 0x00000007bf300000, 0x00000007c0000000)
  eden space 993792K, 0% used [0x000000076b800000,0x000000076b800000,0x00000007a8280000)
  from space 512K, 43% used [0x00000007bf280000,0x00000007bf2b8000,0x00000007bf300000)
  to   space 12288K, 0% used [0x00000007bdb00000,0x00000007bdb00000,0x00000007be700000)
 ParOldGen       total 173568K, used 31823K [0x00000006c2800000, 0x00000006cd180000, 0x000000076b800000)
  object space 173568K, 18% used [0x00000006c2800000,0x00000006c4713ee0,0x00000006cd180000)
 Metaspace       used 8339K, capacity 8710K, committed 8960K, reserved 1056768K
  class space    used 660K, capacity 690K, committed 768K, reserved 1048576K
}
Event: 4.938 GC heap before
{Heap before GC invocations=17 (full 0):
 PSYoungGen      total 994304K, used 994016K [0x000000076b800000, 0x00000007bf300000, 0x00000007c0000000)
  eden space 993792K, 100% used [0x000000076b800000,0x00000007a8280000,0x00000007a8280000)
  from space 512K, 43% used [0x00000007bf280000,0x00000007bf2b8000,0x00000007bf300000)
  to   space 12288K, 0% used [0x00000007bdb00000,0x00000007bdb00000,0x00000007be700000)
 ParOldGen       total 173568K, used 31823K [0x00000006c2800000, 0x00000006cd180000, 0x000000076b800000)
  object space 173568K, 18% used [0x00000006c2800000,0x00000006c4713ee0,0x00000006cd180000)
 Metaspace       used 8340K, capacity 8710K, committed 8960K, reserved 1056768K
  class space    used 660K, capacity 690K, committed 768K, reserved 1048576K
Event: 4.938 GC heap after
Heap after GC invocations=17 (full 0):
 PSYoungGen      total 959488K, used 224K [0x000000076b800000, 0x00000007bf300000, 0x00000007c0000000)
  eden space 947200K, 0% used [0x000000076b800000,0x000000076b800000,0x00000007a5500000)
  from space 12288K, 1% used [0x00000007bdb00000,0x00000007bdb38000,0x00000007be700000)
  to   space 11776K, 0% used [0x00000007be780000,0x00000007be780000,0x00000007bf300000)
 ParOldGen       total 173568K, used 31871K [0x00000006c2800000, 0x00000006cd180000, 0x000000076b800000)
  object space 173568K, 18% used [0x00000006c2800000,0x00000006c471fee0,0x00000006cd180000)
 Metaspace       used 8340K, capacity 8710K, committed 8960K, reserved 1056768K
  class space    used 660K, capacity 690K, committed 768K, reserved 1048576K
}

