# JRE version: Java(TM) SE Runtime Environment (8.0_65-b17) (build 1.8.0_65-b17)
# Java VM: Java HotSpot(TM) 64-Bit Server VM (25.65-b01 mixed mode windows-amd64 compressed oops)
Heap:
 PSYoungGen      total 53248K, used 3840K [0x000000076b800000, 0x00000007b6900000, 0x00000007c0000000)
  eden space 52736K, 7% used [0x000000076b800000,0x000000076bba0298,0x000000076eb80000)
  from space 512K, 25% used [0x00000007b6880000,0x00000007b68a0000,0x00000007b6900000)
  to   space 512K, 0% used [0x00000007b6800000,0x00000007b6800000,0x00000007b6880000)
 ParOldGen       total 173568K, used 38225K [0x00000006c2800000, 0x00000006cd180000, 0x000000076b800000)
  object space 173568K, 22% used [0x00000006c2800000,0x00000006c4d54480,0x00000006cd180000)
 Metaspace       used 8337K, capacity 8710K, committed 8960K, reserved 1056768K
  class space    used 659K, capacity 690K, committed 768K, reserved 1048576K
GC Heap History (10 events):
Event: 29.034 GC heap before
{Heap before GC invocations=105 (full 0):
 PSYoungGen      total 59392K, used 59072K [0x000000076b800000, 0x00000007b6900000, 0x00000007c0000000)
  eden space 58880K, 100% used [0x000000076b800000,0x000000076f180000,0x000000076f180000)
  from space 512K, 37% used [0x00000007b6880000,0x00000007b68b0000,0x00000007b6900000)
  to   space 512K, 0% used [0x00000007b6800000,0x00000007b6800000,0x00000007b6880000)
 ParOldGen       total 173568K, used 38225K [0x00000006c2800000, 0x00000006cd180000, 0x000000076b800000)
  object space 173568K, 22% used [0x00000006c2800000,0x00000006c4d54480,0x00000006cd180000)
 Metaspace       used 8336K, capacity 8710K, committed 8960K, reserved 1056768K
  class space    used 659K, capacity 690K, committed 768K, reserved 1048576K
Event: 29.034 GC heap after
Heap after GC invocations=105 (full 0):
 PSYoungGen      total 58368K, used 224K [0x000000076b800000, 0x00000007b6900000, 0x00000007c0000000)
  eden space 57856K, 0% used [0x000000076b800000,0x000000076b800000,0x000000076f080000)
  from space 512K, 43% used [0x00000007b6800000,0x00000007b6838000,0x00000007b6880000)
  to   space 512K, 0% used [0x00000007b6880000,0x00000007b6880000,0x00000007b6900000)
 ParOldGen       total 173568K, used 38225K [0x00000006c2800000, 0x00000006cd180000, 0x000000076b800000)
  object space 173568K, 22% used [0x00000006c2800000,0x00000006c4d54480,0x00000006cd180000)
 Metaspace       used 8336K, capacity 8710K, committed 8960K, reserved 1056768K
  class space    used 659K, capacity 690K, committed 768K, reserved 1048576K
}
Event: 29.084 GC heap before
{Heap before GC invocations=106 (full 0):
 PSYoungGen      total 58368K, used 58080K [0x000000076b800000, 0x00000007b6900000, 0x00000007c0000000)
  eden space 57856K, 100% used [0x000000076b800000,0x000000076f080000,0x000000076f080000)
  from space 512K, 43% used [0x00000007b6800000,0x00000007b6838000,0x00000007b6880000)
  to   space 512K, 0% used [0x00000007b6880000,0x00000007b6880000,0x00000007b6900000)
 ParOldGen       total 173568K, used 38225K [0x00000006c2800000, 0x00000006cd180000, 0x000000076b800000)
  object space 173568K, 22% used [0x00000006c2800000,0x00000006c4d54480,0x00000006cd180000)
 Metaspace       used 8336K, capacity 8710K, committed 8960K, reserved 1056768K
  class space    used 659K, capacity 690K, committed 768K, reserved 1048576K
Event: 29.085 GC heap after
Heap after GC invocations=106 (full 0):
 PSYoungGen      total 57344K, used 224K [0x000000076b800000, 0x00000007b6900000, 0x00000007c0000000)
  eden space 56832K, 0% used [0x000000076b800000,0x000000076b800000,0x000000076ef80000)
  from space 512K, 43% used [0x00000007b6880000,0x00000007b68b8000,0x00000007b6900000)
  to   space 512K, 0% used [0x00000007b6800000,0x00000007b6800000,0x00000007b6880000)
 ParOldGen       total 173568K, used 38225K [0x00000006c2800000, 0x00000006cd180000, 0x000000076b800000)
  object space 173568K, 22% used [0x00000006c2800000,0x00000006c4d54480,0x00000006cd180000)
 Metaspace       used 8336K, capacity 8710K, committed 8960K, reserved 1056768K
  class space    used 659K, capacity 690K, committed 768K, reserved 1048576K
}
Event: 29.147 GC heap before
{Heap before GC invocations=107 (full 0):
 PSYoungGen      total 57344K, used 57056K [0x000000076b800000, 0x00000007b6900000, 0x00000007c0000000)
  eden space 56832K, 100% used [0x000000076b800000,0x000000076ef80000,0x000000076ef80000)
  from space 512K, 43% used [0x00000007b6880000,0x00000007b68b8000,0x00000007b6900000)
  to   space 512K, 0% used [0x00000007b6800000,0x00000007b6800000,0x00000007b6880000)
 ParOldGen       total 173568K, used 38225K [0x00000006c2800000, 0x00000006cd180000, 0x000000076b800000)
  object space 173568K, 22% used [0x00000006c2800000,0x00000006c4d54480,0x00000006cd180000)
 Metaspace       used 8336K, capacity 8710K, committed 8960K, reserved 1056768K
  class space    used 659K, capacity 690K, committed 768K, reserved 1048576K
Event: 29.148 GC heap after
Heap after GC invocations=107 (full 0):
 PSYoungGen      total 56320K, used 224K [0x000000076b800000, 0x00000007b6900000, 0x00000007c0000000)
  eden space 55808K, 0% used [0x000000076b800000,0x000000076b800000,0x000000076ee80000)
  from space 512K, 43% used [0x00000007b6800000,0x00000007b6838000,0x00000007b6880000)
  to   space 512K, 0% used [0x00000007b6880000,0x00000007b6880000,0x00000007b6900000)
 ParOldGen       total 173568K, used 38225K [0x00000006c2800000, 0x00000006cd180000, 0x000000076b800000)
  object space 173568K, 22% used [0x00000006c2800000,0x00000006c4d54480,0x00000006cd180000)
 Metaspace       used 8336K, capacity 8710K, committed 8960K, reserved 1056768K
  class space    used 659K, capacity 690K, committed 768K, reserved 1048576K
}
Event: 29.199 GC heap before
{Heap before GC invocations=108 (full 0):
 PSYoungGen      total 56320K, used 56032K [0x000000076b800000, 0x00000007b6900000, 0x00000007c0000000)
  eden space 55808K, 100% used [0x000000076b800000,0x000000076ee80000,0x000000076ee80000)
  from space 512K, 43% used [0x00000007b6800000,0x00000007b6838000,0x00000007b6880000)
  to   space 512K, 0% used [0x00000007b6880000,0x00000007b6880000,0x00000007b6900000)
 ParOldGen       total 173568K, used 38225K [0x00000006c2800000, 0x00000006cd180000, 0x000000076b800000)
  object space 173568K, 22% used [0x00000006c2800000,0x00000006c4d54480,0x00000006cd180000)
 Metaspace       used 8336K, capacity 8710K, committed 8960K, reserved 1056768K
  class space    used 659K, capacity 690K, committed 768K, reserved 1048576K
Event: 29.200 GC heap after
Heap after GC invocations=108 (full 0):
 PSYoungGen      total 55296K, used 192K [0x000000076b800000, 0x00000007b6900000, 0x00000007c0000000)
  eden space 54784K, 0% used [0x000000076b800000,0x000000076b800000,0x000000076ed80000)
  from space 512K, 37% used [0x00000007b6880000,0x00000007b68b0000,0x00000007b6900000)
  to   space 512K, 0% used [0x00000007b6800000,0x00000007b6800000,0x00000007b6880000)
 ParOldGen       total 173568K, used 38225K [0x00000006c2800000, 0x00000006cd180000, 0x000000076b800000)
  object space 173568K, 22% used [0x00000006c2800000,0x00000006c4d54480,0x00000006cd180000)
 Metaspace       used 8336K, capacity 8710K, committed 8960K, reserved 1056768K
  class space    used 659K, capacity 690K, committed 768K, reserved 1048576K
}
Event: 29.267 GC heap before
{Heap before GC invocations=109 (full 0):
 PSYoungGen      total 55296K, used 54976K [0x000000076b800000, 0x00000007b6900000, 0x00000007c0000000)
  eden space 54784K, 100% used [0x000000076b800000,0x000000076ed80000,0x000000076ed80000)
  from space 512K, 37% used [0x00000007b6880000,0x00000007b68b0000,0x00000007b6900000)
  to   space 512K, 0% used [0x00000007b6800000,0x00000007b6800000,0x00000007b6880000)
 ParOldGen       total 173568K, used 38225K [0x00000006c2800000, 0x00000006cd180000, 0x000000076b800000)
  object space 173568K, 22% used [0x00000006c2800000,0x00000006c4d54480,0x00000006cd180000)
 Metaspace       used 8336K, capacity 8710K, committed 8960K, reserved 1056768K
  class space    used 659K, capacity 690K, committed 768K, reserved 1048576K
Event: 29.268 GC heap after
Heap after GC invocations=109 (full 0):
 PSYoungGen      total 54272K, used 192K [0x000000076b800000, 0x00000007b6900000, 0x00000007c0000000)
  eden space 53760K, 0% used [0x000000076b800000,0x000000076b800000,0x000000076ec80000)
  from space 512K, 37% used [0x00000007b6800000,0x00000007b6830000,0x00000007b6880000)
  to   space 512K, 0% used [0x00000007b6880000,0x00000007b6880000,0x00000007b6900000)
 ParOldGen       total 173568K, used 38225K [0x00000006c2800000, 0x00000006cd180000, 0x000000076b800000)
  object space 173568K, 22% used [0x00000006c2800000,0x00000006c4d54480,0x00000006cd180000)
 Metaspace       used 8336K, capacity 8710K, committed 8960K, reserved 1056768K
  class space    used 659K, capacity 690K, committed 768K, reserved 1048576K
}

