# JRE version: Java(TM) SE Runtime Environment (8.0_65-b17) (build 1.8.0_65-b17)
# Java VM: Java HotSpot(TM) 64-Bit Server VM (25.65-b01 mixed mode windows-amd64 compressed oops)
Heap:
 PSYoungGen      total 53760K, used 26612K [0x000000076b800000, 0x000000078a480000, 0x00000007c0000000)
  eden space 53248K, 49% used [0x000000076b800000,0x000000076d1f5038,0x000000076ec00000)
  from space 512K, 6% used [0x000000078a380000,0x000000078a388000,0x000000078a400000)
  to   space 512K, 0% used [0x000000078a400000,0x000000078a400000,0x000000078a480000)
 ParOldGen       total 173568K, used 1491K [0x00000006c2800000, 0x00000006cd180000, 0x000000076b800000)
  object space 173568K, 0% used [0x00000006c2800000,0x00000006c2974f50,0x00000006cd180000)
 Metaspace       used 8108K, capacity 8646K, committed 8960K, reserved 1056768K
  class space    used 646K, capacity 690K, committed 768K, reserved 1048576K
GC Heap History (10 events):
Event: 7.995 GC heap before
{Heap before GC invocations=79 (full 0):
 PSYoungGen      total 58880K, used 58496K [0x000000076b800000, 0x000000078a480000, 0x00000007c0000000)
  eden space 58368K, 100% used [0x000000076b800000,0x000000076f100000,0x000000076f100000)
  from space 512K, 25% used [0x000000078a400000,0x000000078a420000,0x000000078a480000)
  to   space 512K, 0% used [0x000000078a380000,0x000000078a380000,0x000000078a400000)
 ParOldGen       total 173568K, used 1467K [0x00000006c2800000, 0x00000006cd180000, 0x000000076b800000)
  object space 173568K, 0% used [0x00000006c2800000,0x00000006c296ef50,0x00000006cd180000)
 Metaspace       used 8108K, capacity 8646K, committed 8960K, reserved 1056768K
  class space    used 646K, capacity 690K, committed 768K, reserved 1048576K
Event: 7.996 GC heap after
Heap after GC invocations=79 (full 0):
 PSYoungGen      total 57856K, used 128K [0x000000076b800000, 0x000000078a480000, 0x00000007c0000000)
  eden space 57344K, 0% used [0x000000076b800000,0x000000076b800000,0x000000076f000000)
  from space 512K, 25% used [0x000000078a380000,0x000000078a3a0000,0x000000078a400000)
  to   space 512K, 0% used [0x000000078a400000,0x000000078a400000,0x000000078a480000)
 ParOldGen       total 173568K, used 1467K [0x00000006c2800000, 0x00000006cd180000, 0x000000076b800000)
  object space 173568K, 0% used [0x00000006c2800000,0x00000006c296ef50,0x00000006cd180000)
 Metaspace       used 8108K, capacity 8646K, committed 8960K, reserved 1056768K
  class space    used 646K, capacity 690K, committed 768K, reserved 1048576K
}
Event: 8.062 GC heap before
{Heap before GC invocations=80 (full 0):
 PSYoungGen      total 57856K, used 57472K [0x000000076b800000, 0x000000078a480000, 0x00000007c0000000)
  eden space 57344K, 100% used [0x000000076b800000,0x000000076f000000,0x000000076f000000)
  from space 512K, 25% used [0x000000078a380000,0x000000078a3a0000,0x000000078a400000)
  to   space 512K, 0% used [0x000000078a400000,0x000000078a400000,0x000000078a480000)
 ParOldGen       total 173568K, used 1467K [0x00000006c2800000, 0x00000006cd180000, 0x000000076b800000)
  object space 173568K, 0% used [0x00000006c2800000,0x00000006c296ef50,0x00000006cd180000)
 Metaspace       used 8108K, capacity 8646K, committed 8960K, reserved 1056768K
  class space    used 646K, capacity 690K, committed 768K, reserved 1048576K
Event: 8.063 GC heap after
Heap after GC invocations=80 (full 0):
 PSYoungGen      total 56832K, used 96K [0x000000076b800000, 0x000000078a480000, 0x00000007c0000000)
  eden space 56320K, 0% used [0x000000076b800000,0x000000076b800000,0x000000076ef00000)
  from space 512K, 18% used [0x000000078a400000,0x000000078a418000,0x000000078a480000)
  to   space 512K, 0% used [0x000000078a380000,0x000000078a380000,0x000000078a400000)
 ParOldGen       total 173568K, used 1467K [0x00000006c2800000, 0x00000006cd180000, 0x000000076b800000)
  object space 173568K, 0% used [0x00000006c2800000,0x00000006c296ef50,0x00000006cd180000)
 Metaspace       used 8108K, capacity 8646K, committed 8960K, reserved 1056768K
  class space    used 646K, capacity 690K, committed 768K, reserved 1048576K
}
Event: 8.115 GC heap before
{Heap before GC invocations=81 (full 0):
 PSYoungGen      total 56832K, used 56416K [0x000000076b800000, 0x000000078a480000, 0x00000007c0000000)
  eden space 56320K, 100% used [0x000000076b800000,0x000000076ef00000,0x000000076ef00000)
  from space 512K, 18% used [0x000000078a400000,0x000000078a418000,0x000000078a480000)
  to   space 512K, 0% used [0x000000078a380000,0x000000078a380000,0x000000078a400000)
 ParOldGen       total 173568K, used 1467K [0x00000006c2800000, 0x00000006cd180000, 0x000000076b800000)
  object space 173568K, 0% used [0x00000006c2800000,0x00000006c296ef50,0x00000006cd180000)
 Metaspace       used 8108K, capacity 8646K, committed 8960K, reserved 1056768K
  class space    used 646K, capacity 690K, committed 768K, reserved 1048576K
Event: 8.115 GC heap after
Heap after GC invocations=81 (full 0):
 PSYoungGen      total 55808K, used 64K [0x000000076b800000, 0x000000078a480000, 0x00000007c0000000)
  eden space 55296K, 0% used [0x000000076b800000,0x000000076b800000,0x000000076ee00000)
  from space 512K, 12% used [0x000000078a380000,0x000000078a390000,0x000000078a400000)
  to   space 512K, 0% used [0x000000078a400000,0x000000078a400000,0x000000078a480000)
 ParOldGen       total 173568K, used 1467K [0x00000006c2800000, 0x00000006cd180000, 0x000000076b800000)
  object space 173568K, 0% used [0x00000006c2800000,0x00000006c296ef50,0x00000006cd180000)
 Metaspace       used 8108K, capacity 8646K, committed 8960K, reserved 1056768K
  class space    used 646K, capacity 690K, committed 768K, reserved 1048576K
}
Event: 8.176 GC heap before
{Heap before GC invocations=82 (full 0):
 PSYoungGen      total 55808K, used 55360K [0x000000076b800000, 0x000000078a480000, 0x00000007c0000000)
  eden space 55296K, 100% used [0x000000076b800000,0x000000076ee00000,0x000000076ee00000)
  from space 512K, 12% used [0x000000078a380000,0x000000078a390000,0x000000078a400000)
  to   space 512K, 0% used [0x000000078a400000,0x000000078a400000,0x000000078a480000)
 ParOldGen       total 173568K, used 1467K [0x00000006c2800000, 0x00000006cd180000, 0x000000076b800000)
  object space 173568K, 0% used [0x00000006c2800000,0x00000006c296ef50,0x00000006cd180000)
 Metaspace       used 8108K, capacity 8646K, committed 8960K, reserved 1056768K
  class space    used 646K, capacity 690K, committed 768K, reserved 1048576K
Event: 8.176 GC heap after
Heap after GC invocations=82 (full 0):
 PSYoungGen      total 54784K, used 128K [0x000000076b800000, 0x000000078a480000, 0x00000007c0000000)
  eden space 54272K, 0% used [0x000000076b800000,0x000000076b800000,0x000000076ed00000)
  from space 512K, 25% used [0x000000078a400000,0x000000078a420000,0x000000078a480000)
  to   space 512K, 0% used [0x000000078a380000,0x000000078a380000,0x000000078a400000)
 ParOldGen       total 173568K, used 1467K [0x00000006c2800000, 0x00000006cd180000, 0x000000076b800000)
  object space 173568K, 0% used [0x00000006c2800000,0x00000006c296ef50,0x00000006cd180000)
 Metaspace       used 8108K, capacity 8646K, committed 8960K, reserved 1056768K
  class space    used 646K, capacity 690K, committed 768K, reserved 1048576K
}
Event: 8.237 GC heap before
{Heap before GC invocations=83 (full 0):
 PSYoungGen      total 54784K, used 54400K [0x000000076b800000, 0x000000078a480000, 0x00000007c0000000)
  eden space 54272K, 100% used [0x000000076b800000,0x000000076ed00000,0x000000076ed00000)
  from space 512K, 25% used [0x000000078a400000,0x000000078a420000,0x000000078a480000)
  to   space 512K, 0% used [0x000000078a380000,0x000000078a380000,0x000000078a400000)
 ParOldGen       total 173568K, used 1467K [0x00000006c2800000, 0x00000006cd180000, 0x000000076b800000)
  object space 173568K, 0% used [0x00000006c2800000,0x00000006c296ef50,0x00000006cd180000)
 Metaspace       used 8108K, capacity 8646K, committed 8960K, reserved 1056768K
  class space    used 646K, capacity 690K, committed 768K, reserved 1048576K
Event: 8.238 GC heap after
Heap after GC invocations=83 (full 0):
 PSYoungGen      total 53760K, used 32K [0x000000076b800000, 0x000000078a480000, 0x00000007c0000000)
  eden space 53248K, 0% used [0x000000076b800000,0x000000076b800000,0x000000076ec00000)
  from space 512K, 6% used [0x000000078a380000,0x000000078a388000,0x000000078a400000)
  to   space 512K, 0% used [0x000000078a400000,0x000000078a400000,0x000000078a480000)
 ParOldGen       total 173568K, used 1491K [0x00000006c2800000, 0x00000006cd180000, 0x000000076b800000)
  object space 173568K, 0% used [0x00000006c2800000,0x00000006c2974f50,0x00000006cd180000)
 Metaspace       used 8108K, capacity 8646K, committed 8960K, reserved 1056768K
  class space    used 646K, capacity 690K, committed 768K, reserved 1048576K
}

