# JRE version: Java(TM) SE Runtime Environment (8.0_65-b17) (build 1.8.0_65-b17)
# Java VM: Java HotSpot(TM) 64-Bit Server VM (25.65-b01 mixed mode windows-amd64 compressed oops)
Heap:
 PSYoungGen      total 171520K, used 12097K [0x000000076b800000, 0x00000007b8f80000, 0x00000007c0000000)
  eden space 171008K, 6% used [0x000000076b800000,0x000000076c3a8510,0x0000000775f00000)
  from space 512K, 31% used [0x00000007b8e80000,0x00000007b8ea8000,0x00000007b8f00000)
  to   space 512K, 0% used [0x00000007b8f00000,0x00000007b8f00000,0x00000007b8f80000)
 ParOldGen       total 173568K, used 12867K [0x00000006c2800000, 0x00000006cd180000, 0x000000076b800000)
  object space 173568K, 7% used [0x00000006c2800000,0x00000006c3490d30,0x00000006cd180000)
 Metaspace       used 8346K, capacity 8710K, committed 8960K, reserved 1056768K
  class space    used 659K, capacity 690K, committed 768K, reserved 1048576K
GC Heap History (10 events):
Event: 22.867 GC heap before
{Heap before GC invocations=55 (full 0):
 PSYoungGen      total 205824K, used 205536K [0x000000076b800000, 0x00000007b9000000, 0x00000007c0000000)
  eden space 205312K, 100% used [0x000000076b800000,0x0000000778080000,0x0000000778080000)
  from space 512K, 43% used [0x00000007b8f80000,0x00000007b8fb8000,0x00000007b9000000)
  to   space 1024K, 0% used [0x00000007b8e00000,0x00000007b8e00000,0x00000007b8f00000)
 ParOldGen       total 173568K, used 12867K [0x00000006c2800000, 0x00000006cd180000, 0x000000076b800000)
  object space 173568K, 7% used [0x00000006c2800000,0x00000006c3490d30,0x00000006cd180000)
 Metaspace       used 8346K, capacity 8710K, committed 8960K, reserved 1056768K
  class space    used 659K, capacity 690K, committed 768K, reserved 1048576K
Event: 22.868 GC heap after
Heap after GC invocations=55 (full 0):
 PSYoungGen      total 198656K, used 192K [0x000000076b800000, 0x00000007b9000000, 0x00000007c0000000)
  eden space 197632K, 0% used [0x000000076b800000,0x000000076b800000,0x0000000777900000)
  from space 1024K, 18% used [0x00000007b8e00000,0x00000007b8e30000,0x00000007b8f00000)
  to   space 1024K, 0% used [0x00000007b8f00000,0x00000007b8f00000,0x00000007b9000000)
 ParOldGen       total 173568K, used 12867K [0x00000006c2800000, 0x00000006cd180000, 0x000000076b800000)
  object space 173568K, 7% used [0x00000006c2800000,0x00000006c3490d30,0x00000006cd180000)
 Metaspace       used 8346K, capacity 8710K, committed 8960K, reserved 1056768K
  class space    used 659K, capacity 690K, committed 768K, reserved 1048576K
}
Event: 23.028 GC heap before
{Heap before GC invocations=56 (full 0):
 PSYoungGen      total 198656K, used 197824K [0x000000076b800000, 0x00000007b9000000, 0x00000007c0000000)
  eden space 197632K, 100% used [0x000000076b800000,0x0000000777900000,0x0000000777900000)
  from space 1024K, 18% used [0x00000007b8e00000,0x00000007b8e30000,0x00000007b8f00000)
  to   space 1024K, 0% used [0x00000007b8f00000,0x00000007b8f00000,0x00000007b9000000)
 ParOldGen       total 173568K, used 12867K [0x00000006c2800000, 0x00000006cd180000, 0x000000076b800000)
  object space 173568K, 7% used [0x00000006c2800000,0x00000006c3490d30,0x00000006cd180000)
 Metaspace       used 8346K, capacity 8710K, committed 8960K, reserved 1056768K
  class space    used 659K, capacity 690K, committed 768K, reserved 1048576K
Event: 23.029 GC heap after
Heap after GC invocations=56 (full 0):
 PSYoungGen      total 190976K, used 224K [0x000000076b800000, 0x00000007b8f80000, 0x00000007c0000000)
  eden space 190464K, 0% used [0x000000076b800000,0x000000076b800000,0x0000000777200000)
  from space 512K, 43% used [0x00000007b8f00000,0x00000007b8f38000,0x00000007b8f80000)
  to   space 1024K, 0% used [0x00000007b8d80000,0x00000007b8d80000,0x00000007b8e80000)
 ParOldGen       total 173568K, used 12867K [0x00000006c2800000, 0x00000006cd180000, 0x000000076b800000)
  object space 173568K, 7% used [0x00000006c2800000,0x00000006c3490d30,0x00000006cd180000)
 Metaspace       used 8346K, capacity 8710K, committed 8960K, reserved 1056768K
  class space    used 659K, capacity 690K, committed 768K, reserved 1048576K
}
Event: 23.174 GC heap before
{Heap before GC invocations=57 (full 0):
 PSYoungGen      total 190976K, used 190688K [0x000000076b800000, 0x00000007b8f80000, 0x00000007c0000000)
  eden space 190464K, 100% used [0x000000076b800000,0x0000000777200000,0x0000000777200000)
  from space 512K, 43% used [0x00000007b8f00000,0x00000007b8f38000,0x00000007b8f80000)
  to   space 1024K, 0% used [0x00000007b8d80000,0x00000007b8d80000,0x00000007b8e80000)
 ParOldGen       total 173568K, used 12867K [0x00000006c2800000, 0x00000006cd180000, 0x000000076b800000)
  object space 173568K, 7% used [0x00000006c2800000,0x00000006c3490d30,0x00000006cd180000)
 Metaspace       used 8346K, capacity 8710K, committed 8960K, reserved 1056768K
  class space    used 659K, capacity 690K, committed 768K, reserved 1048576K
Event: 23.175 GC heap after
Heap after GC invocations=57 (full 0):
 PSYoungGen      total 184832K, used 224K [0x000000076b800000, 0x00000007b8f80000, 0x00000007c0000000)
  eden space 183808K, 0% used [0x000000076b800000,0x000000076b800000,0x0000000776b80000)
  from space 1024K, 21% used [0x00000007b8d80000,0x00000007b8db8000,0x00000007b8e80000)
  to   space 512K, 0% used [0x00000007b8f00000,0x00000007b8f00000,0x00000007b8f80000)
 ParOldGen       total 173568K, used 12867K [0x00000006c2800000, 0x00000006cd180000, 0x000000076b800000)
  object space 173568K, 7% used [0x00000006c2800000,0x00000006c3490d30,0x00000006cd180000)
 Metaspace       used 8346K, capacity 8710K, committed 8960K, reserved 1056768K
  class space    used 659K, capacity 690K, committed 768K, reserved 1048576K
}
Event: 23.370 GC heap before
{Heap before GC invocations=58 (full 0):
 PSYoungGen      total 184832K, used 184032K [0x000000076b800000, 0x00000007b8f80000, 0x00000007c0000000)
  eden space 183808K, 100% used [0x000000076b800000,0x0000000776b80000,0x0000000776b80000)
  from space 1024K, 21% used [0x00000007b8d80000,0x00000007b8db8000,0x00000007b8e80000)
  to   space 512K, 0% used [0x00000007b8f00000,0x00000007b8f00000,0x00000007b8f80000)
 ParOldGen       total 173568K, used 12867K [0x00000006c2800000, 0x00000006cd180000, 0x000000076b800000)
  object space 173568K, 7% used [0x00000006c2800000,0x00000006c3490d30,0x00000006cd180000)
 Metaspace       used 8346K, capacity 8710K, committed 8960K, reserved 1056768K
  class space    used 659K, capacity 690K, committed 768K, reserved 1048576K
Event: 23.370 GC heap after
Heap after GC invocations=58 (full 0):
 PSYoungGen      total 177664K, used 224K [0x000000076b800000, 0x00000007b8f80000, 0x00000007c0000000)
  eden space 177152K, 0% used [0x000000076b800000,0x000000076b800000,0x0000000776500000)
  from space 512K, 43% used [0x00000007b8f00000,0x00000007b8f38000,0x00000007b8f80000)
  to   space 512K, 0% used [0x00000007b8e80000,0x00000007b8e80000,0x00000007b8f00000)
 ParOldGen       total 173568K, used 12867K [0x00000006c2800000, 0x00000006cd180000, 0x000000076b800000)
  object space 173568K, 7% used [0x00000006c2800000,0x00000006c3490d30,0x00000006cd180000)
 Metaspace       used 8346K, capacity 8710K, committed 8960K, reserved 1056768K
  class space    used 659K, capacity 690K, committed 768K, reserved 1048576K
}
Event: 23.505 GC heap before
{Heap before GC invocations=59 (full 0):
 PSYoungGen      total 177664K, used 177376K [0x000000076b800000, 0x00000007b8f80000, 0x00000007c0000000)
  eden space 177152K, 100% used [0x000000076b800000,0x0000000776500000,0x0000000776500000)
  from space 512K, 43% used [0x00000007b8f00000,0x00000007b8f38000,0x00000007b8f80000)
  to   space 512K, 0% used [0x00000007b8e80000,0x00000007b8e80000,0x00000007b8f00000)
 ParOldGen       total 173568K, used 12867K [0x00000006c2800000, 0x00000006cd180000, 0x000000076b800000)
  object space 173568K, 7% used [0x00000006c2800000,0x00000006c3490d30,0x00000006cd180000)
 Metaspace       used 8346K, capacity 8710K, committed 8960K, reserved 1056768K
  class space    used 659K, capacity 690K, committed 768K, reserved 1048576K
Event: 23.505 GC heap after
Heap after GC invocations=59 (full 0):
 PSYoungGen      total 171520K, used 160K [0x000000076b800000, 0x00000007b8f80000, 0x00000007c0000000)
  eden space 171008K, 0% used [0x000000076b800000,0x000000076b800000,0x0000000775f00000)
  from space 512K, 31% used [0x00000007b8e80000,0x00000007b8ea8000,0x00000007b8f00000)
  to   space 512K, 0% used [0x00000007b8f00000,0x00000007b8f00000,0x00000007b8f80000)
 ParOldGen       total 173568K, used 12867K [0x00000006c2800000, 0x00000006cd180000, 0x000000076b800000)
  object space 173568K, 7% used [0x00000006c2800000,0x00000006c3490d30,0x00000006cd180000)
 Metaspace       used 8346K, capacity 8710K, committed 8960K, reserved 1056768K
  class space    used 659K, capacity 690K, committed 768K, reserved 1048576K
}

