# JRE version: Java(TM) SE Runtime Environment (8.0_65-b17) (build 1.8.0_65-b17)
# Java VM: Java HotSpot(TM) 64-Bit Server VM (25.65-b01 mixed mode windows-amd64 compressed oops)
Heap:
 PSYoungGen      total 655360K, used 378116K [0x000000076b800000, 0x00000007a4d80000, 0x00000007c0000000)
  eden space 654848K, 57% used [0x000000076b800000,0x0000000782909030,0x0000000793780000)
  from space 512K, 43% used [0x00000007a4d00000,0x00000007a4d38000,0x00000007a4d80000)
  to   space 5120K, 0% used [0x00000007a4380000,0x00000007a4380000,0x00000007a4880000)
 ParOldGen       total 173568K, used 17953K [0x00000006c2800000, 0x00000006cd180000, 0x000000076b800000)
  object space 173568K, 10% used [0x00000006c2800000,0x00000006c3988440,0x00000006cd180000)
 Metaspace       used 8379K, capacity 8774K, committed 8960K, reserved 1056768K
  class space    used 662K, capacity 690K, committed 768K, reserved 1048576K
GC Heap History (10 events):
Event: 5.521 GC heap before
{Heap before GC invocations=20 (full 0):
 PSYoungGen      total 834048K, used 827648K [0x000000076b800000, 0x00000007a5c80000, 0x00000007c0000000)
  eden space 827392K, 100% used [0x000000076b800000,0x000000079e000000,0x000000079e000000)
  from space 6656K, 3% used [0x00000007a4f80000,0x00000007a4fc0000,0x00000007a5600000)
  to   space 6144K, 0% used [0x00000007a5680000,0x00000007a5680000,0x00000007a5c80000)
 ParOldGen       total 173568K, used 17945K [0x00000006c2800000, 0x00000006cd180000, 0x000000076b800000)
  object space 173568K, 10% used [0x00000006c2800000,0x00000006c3986440,0x00000006cd180000)
 Metaspace       used 8366K, capacity 8774K, committed 8960K, reserved 1056768K
  class space    used 661K, capacity 690K, committed 768K, reserved 1048576K
Event: 5.522 GC heap after
Heap after GC invocations=20 (full 0):
 PSYoungGen      total 790016K, used 256K [0x000000076b800000, 0x00000007a5700000, 0x00000007c0000000)
  eden space 789504K, 0% used [0x000000076b800000,0x000000076b800000,0x000000079bb00000)
  from space 512K, 50% used [0x00000007a5680000,0x00000007a56c0000,0x00000007a5700000)
  to   space 6144K, 0% used [0x00000007a4b00000,0x00000007a4b00000,0x00000007a5100000)
 ParOldGen       total 173568K, used 17945K [0x00000006c2800000, 0x00000006cd180000, 0x000000076b800000)
  object space 173568K, 10% used [0x00000006c2800000,0x00000006c3986440,0x00000006cd180000)
 Metaspace       used 8366K, capacity 8774K, committed 8960K, reserved 1056768K
  class space    used 661K, capacity 690K, committed 768K, reserved 1048576K
}
Event: 6.262 GC heap before
{Heap before GC invocations=21 (full 0):
 PSYoungGen      total 790016K, used 789760K [0x000000076b800000, 0x00000007a5700000, 0x00000007c0000000)
  eden space 789504K, 100% used [0x000000076b800000,0x000000079bb00000,0x000000079bb00000)
  from space 512K, 50% used [0x00000007a5680000,0x00000007a56c0000,0x00000007a5700000)
  to   space 6144K, 0% used [0x00000007a4b00000,0x00000007a4b00000,0x00000007a5100000)
 ParOldGen       total 173568K, used 17945K [0x00000006c2800000, 0x00000006cd180000, 0x000000076b800000)
  object space 173568K, 10% used [0x00000006c2800000,0x00000006c3986440,0x00000006cd180000)
 Metaspace       used 8372K, capacity 8774K, committed 8960K, reserved 1056768K
  class space    used 661K, capacity 690K, committed 768K, reserved 1048576K
Event: 6.262 GC heap after
Heap after GC invocations=21 (full 0):
 PSYoungGen      total 759296K, used 256K [0x000000076b800000, 0x00000007a5700000, 0x00000007c0000000)
  eden space 753152K, 0% used [0x000000076b800000,0x000000076b800000,0x0000000799780000)
  from space 6144K, 4% used [0x00000007a4b00000,0x00000007a4b40000,0x00000007a5100000)
  to   space 5632K, 0% used [0x00000007a5180000,0x00000007a5180000,0x00000007a5700000)
 ParOldGen       total 173568K, used 17945K [0x00000006c2800000, 0x00000006cd180000, 0x000000076b800000)
  object space 173568K, 10% used [0x00000006c2800000,0x00000006c3986440,0x00000006cd180000)
 Metaspace       used 8372K, capacity 8774K, committed 8960K, reserved 1056768K
  class space    used 661K, capacity 690K, committed 768K, reserved 1048576K
}
Event: 6.908 GC heap before
{Heap before GC invocations=22 (full 0):
 PSYoungGen      total 759296K, used 753408K [0x000000076b800000, 0x00000007a5700000, 0x00000007c0000000)
  eden space 753152K, 100% used [0x000000076b800000,0x0000000799780000,0x0000000799780000)
  from space 6144K, 4% used [0x00000007a4b00000,0x00000007a4b40000,0x00000007a5100000)
  to   space 5632K, 0% used [0x00000007a5180000,0x00000007a5180000,0x00000007a5700000)
 ParOldGen       total 173568K, used 17945K [0x00000006c2800000, 0x00000006cd180000, 0x000000076b800000)
  object space 173568K, 10% used [0x00000006c2800000,0x00000006c3986440,0x00000006cd180000)
 Metaspace       used 8372K, capacity 8774K, committed 8960K, reserved 1056768K
  class space    used 661K, capacity 690K, committed 768K, reserved 1048576K
Event: 6.909 GC heap after
Heap after GC invocations=22 (full 0):
 PSYoungGen      total 719360K, used 224K [0x000000076b800000, 0x00000007a5200000, 0x00000007c0000000)
  eden space 718848K, 0% used [0x000000076b800000,0x000000076b800000,0x0000000797600000)
  from space 512K, 43% used [0x00000007a5180000,0x00000007a51b8000,0x00000007a5200000)
  to   space 5632K, 0% used [0x00000007a4700000,0x00000007a4700000,0x00000007a4c80000)
 ParOldGen       total 173568K, used 17953K [0x00000006c2800000, 0x00000006cd180000, 0x000000076b800000)
  object space 173568K, 10% used [0x00000006c2800000,0x00000006c3988440,0x00000006cd180000)
 Metaspace       used 8372K, capacity 8774K, committed 8960K, reserved 1056768K
  class space    used 661K, capacity 690K, committed 768K, reserved 1048576K
}
Event: 7.422 GC heap before
{Heap before GC invocations=23 (full 0):
 PSYoungGen      total 719360K, used 719072K [0x000000076b800000, 0x00000007a5200000, 0x00000007c0000000)
  eden space 718848K, 100% used [0x000000076b800000,0x0000000797600000,0x0000000797600000)
  from space 512K, 43% used [0x00000007a5180000,0x00000007a51b8000,0x00000007a5200000)
  to   space 5632K, 0% used [0x00000007a4700000,0x00000007a4700000,0x00000007a4c80000)
 ParOldGen       total 173568K, used 17953K [0x00000006c2800000, 0x00000006cd180000, 0x000000076b800000)
  object space 173568K, 10% used [0x00000006c2800000,0x00000006c3988440,0x00000006cd180000)
 Metaspace       used 8372K, capacity 8774K, committed 8960K, reserved 1056768K
  class space    used 661K, capacity 690K, committed 768K, reserved 1048576K
Event: 7.422 GC heap after
Heap after GC invocations=23 (full 0):
 PSYoungGen      total 691712K, used 192K [0x000000076b800000, 0x00000007a5200000, 0x00000007c0000000)
  eden space 686080K, 0% used [0x000000076b800000,0x000000076b800000,0x0000000795600000)
  from space 5632K, 3% used [0x00000007a4700000,0x00000007a4730000,0x00000007a4c80000)
  to   space 5120K, 0% used [0x00000007a4d00000,0x00000007a4d00000,0x00000007a5200000)
 ParOldGen       total 173568K, used 17953K [0x00000006c2800000, 0x00000006cd180000, 0x000000076b800000)
  object space 173568K, 10% used [0x00000006c2800000,0x00000006c3988440,0x00000006cd180000)
 Metaspace       used 8372K, capacity 8774K, committed 8960K, reserved 1056768K
  class space    used 661K, capacity 690K, committed 768K, reserved 1048576K
}
Event: 7.982 GC heap before
{Heap before GC invocations=24 (full 0):
 PSYoungGen      total 691712K, used 686272K [0x000000076b800000, 0x00000007a5200000, 0x00000007c0000000)
  eden space 686080K, 100% used [0x000000076b800000,0x0000000795600000,0x0000000795600000)
  from space 5632K, 3% used [0x00000007a4700000,0x00000007a4730000,0x00000007a4c80000)
  to   space 5120K, 0% used [0x00000007a4d00000,0x00000007a4d00000,0x00000007a5200000)
 ParOldGen       total 173568K, used 17953K [0x00000006c2800000, 0x00000006cd180000, 0x000000076b800000)
  object space 173568K, 10% used [0x00000006c2800000,0x00000006c3988440,0x00000006cd180000)
 Metaspace       used 8378K, capacity 8774K, committed 8960K, reserved 1056768K
  class space    used 661K, capacity 690K, committed 768K, reserved 1048576K
Event: 7.982 GC heap after
Heap after GC invocations=24 (full 0):
 PSYoungGen      total 655360K, used 224K [0x000000076b800000, 0x00000007a4d80000, 0x00000007c0000000)
  eden space 654848K, 0% used [0x000000076b800000,0x000000076b800000,0x0000000793780000)
  from space 512K, 43% used [0x00000007a4d00000,0x00000007a4d38000,0x00000007a4d80000)
  to   space 5120K, 0% used [0x00000007a4380000,0x00000007a4380000,0x00000007a4880000)
 ParOldGen       total 173568K, used 17953K [0x00000006c2800000, 0x00000006cd180000, 0x000000076b800000)
  object space 173568K, 10% used [0x00000006c2800000,0x00000006c3988440,0x00000006cd180000)
 Metaspace       used 8378K, capacity 8774K, committed 8960K, reserved 1056768K
  class space    used 661K, capacity 690K, committed 768K, reserved 1048576K
}

