# JRE version: Java(TM) SE Runtime Environment (8.0_65-b17) (build 1.8.0_65-b17)
# Java VM: Java HotSpot(TM) 64-Bit Server VM (25.65-b01 mixed mode windows-amd64 compressed oops)
Heap:
 PSYoungGen      total 184320K, used 135770K [0x000000076b800000, 0x0000000784980000, 0x00000007c0000000)
  eden space 183808K, 73% used [0x000000076b800000,0x0000000773c76930,0x0000000776b80000)
  from space 512K, 25% used [0x0000000784900000,0x0000000784920000,0x0000000784980000)
  to   space 2048K, 0% used [0x0000000784580000,0x0000000784580000,0x0000000784780000)
 ParOldGen       total 173568K, used 1338K [0x00000006c2800000, 0x00000006cd180000, 0x000000076b800000)
  object space 173568K, 0% used [0x00000006c2800000,0x00000006c294ea70,0x00000006cd180000)
 Metaspace       used 8183K, capacity 8646K, committed 8960K, reserved 1056768K
  class space    used 654K, capacity 690K, committed 768K, reserved 1048576K
GC Heap History (10 events):
Event: 1.982 GC heap before
{Heap before GC invocations=14 (full 0):
 PSYoungGen      total 223232K, used 221376K [0x000000076b800000, 0x0000000784e00000, 0x00000007c0000000)
  eden space 221184K, 100% used [0x000000076b800000,0x0000000779000000,0x0000000779000000)
  from space 2048K, 9% used [0x0000000784a00000,0x0000000784a30000,0x0000000784c00000)
  to   space 2048K, 0% used [0x0000000784c00000,0x0000000784c00000,0x0000000784e00000)
 ParOldGen       total 173568K, used 1290K [0x00000006c2800000, 0x00000006cd180000, 0x000000076b800000)
  object space 173568K, 0% used [0x00000006c2800000,0x00000006c2942a70,0x00000006cd180000)
 Metaspace       used 8173K, capacity 8646K, committed 8960K, reserved 1056768K
  class space    used 654K, capacity 690K, committed 768K, reserved 1048576K
Event: 1.982 GC heap after
Heap after GC invocations=14 (full 0):
 PSYoungGen      total 213504K, used 192K [0x000000076b800000, 0x0000000784c80000, 0x00000007c0000000)
  eden space 212992K, 0% used [0x000000076b800000,0x000000076b800000,0x0000000778800000)
  from space 512K, 37% used [0x0000000784c00000,0x0000000784c30000,0x0000000784c80000)
  to   space 2048K, 0% used [0x0000000784880000,0x0000000784880000,0x0000000784a80000)
 ParOldGen       total 173568K, used 1298K [0x00000006c2800000, 0x00000006cd180000, 0x000000076b800000)
  object space 173568K, 0% used [0x00000006c2800000,0x00000006c2944a70,0x00000006cd180000)
 Metaspace       used 8173K, capacity 8646K, committed 8960K, reserved 1056768K
  class space    used 654K, capacity 690K, committed 768K, reserved 1048576K
}
Event: 2.144 GC heap before
{Heap before GC invocations=15 (full 0):
 PSYoungGen      total 213504K, used 213184K [0x000000076b800000, 0x0000000784c80000, 0x00000007c0000000)
  eden space 212992K, 100% used [0x000000076b800000,0x0000000778800000,0x0000000778800000)
  from space 512K, 37% used [0x0000000784c00000,0x0000000784c30000,0x0000000784c80000)
  to   space 2048K, 0% used [0x0000000784880000,0x0000000784880000,0x0000000784a80000)
 ParOldGen       total 173568K, used 1298K [0x00000006c2800000, 0x00000006cd180000, 0x000000076b800000)
  object space 173568K, 0% used [0x00000006c2800000,0x00000006c2944a70,0x00000006cd180000)
 Metaspace       used 8174K, capacity 8646K, committed 8960K, reserved 1056768K
  class space    used 654K, capacity 690K, committed 768K, reserved 1048576K
Event: 2.144 GC heap after
Heap after GC invocations=15 (full 0):
 PSYoungGen      total 207360K, used 192K [0x000000076b800000, 0x0000000784c80000, 0x00000007c0000000)
  eden space 205312K, 0% used [0x000000076b800000,0x000000076b800000,0x0000000778080000)
  from space 2048K, 9% used [0x0000000784880000,0x00000007848b0000,0x0000000784a80000)
  to   space 2048K, 0% used [0x0000000784a80000,0x0000000784a80000,0x0000000784c80000)
 ParOldGen       total 173568K, used 1338K [0x00000006c2800000, 0x00000006cd180000, 0x000000076b800000)
  object space 173568K, 0% used [0x00000006c2800000,0x00000006c294ea70,0x00000006cd180000)
 Metaspace       used 8174K, capacity 8646K, committed 8960K, reserved 1056768K
  class space    used 654K, capacity 690K, committed 768K, reserved 1048576K
}
Event: 2.299 GC heap before
{Heap before GC invocations=16 (full 0):
 PSYoungGen      total 207360K, used 205504K [0x000000076b800000, 0x0000000784c80000, 0x00000007c0000000)
  eden space 205312K, 100% used [0x000000076b800000,0x0000000778080000,0x0000000778080000)
  from space 2048K, 9% used [0x0000000784880000,0x00000007848b0000,0x0000000784a80000)
  to   space 2048K, 0% used [0x0000000784a80000,0x0000000784a80000,0x0000000784c80000)
 ParOldGen       total 173568K, used 1338K [0x00000006c2800000, 0x00000006cd180000, 0x000000076b800000)
  object space 173568K, 0% used [0x00000006c2800000,0x00000006c294ea70,0x00000006cd180000)
 Metaspace       used 8175K, capacity 8646K, committed 8960K, reserved 1056768K
  class space    used 654K, capacity 690K, committed 768K, reserved 1048576K
Event: 2.299 GC heap after
Heap after GC invocations=16 (full 0):
 PSYoungGen      total 198144K, used 224K [0x000000076b800000, 0x0000000784b00000, 0x00000007c0000000)
  eden space 197632K, 0% used [0x000000076b800000,0x000000076b800000,0x0000000777900000)
  from space 512K, 43% used [0x0000000784a80000,0x0000000784ab8000,0x0000000784b00000)
  to   space 2048K, 0% used [0x0000000784700000,0x0000000784700000,0x0000000784900000)
 ParOldGen       total 173568K, used 1338K [0x00000006c2800000, 0x00000006cd180000, 0x000000076b800000)
  object space 173568K, 0% used [0x00000006c2800000,0x00000006c294ea70,0x00000006cd180000)
 Metaspace       used 8175K, capacity 8646K, committed 8960K, reserved 1056768K
  class space    used 654K, capacity 690K, committed 768K, reserved 1048576K
}
Event: 2.448 GC heap before
{Heap before GC invocations=17 (full 0):
 PSYoungGen      total 198144K, used 197856K [0x000000076b800000, 0x0000000784b00000, 0x00000007c0000000)
  eden space 197632K, 100% used [0x000000076b800000,0x0000000777900000,0x0000000777900000)
  from space 512K, 43% used [0x0000000784a80000,0x0000000784ab8000,0x0000000784b00000)
  to   space 2048K, 0% used [0x0000000784700000,0x0000000784700000,0x0000000784900000)
 ParOldGen       total 173568K, used 1338K [0x00000006c2800000, 0x00000006cd180000, 0x000000076b800000)
  object space 173568K, 0% used [0x00000006c2800000,0x00000006c294ea70,0x00000006cd180000)
 Metaspace       used 8180K, capacity 8646K, committed 8960K, reserved 1056768K
  class space    used 654K, capacity 690K, committed 768K, reserved 1048576K
Event: 2.448 GC heap after
Heap after GC invocations=17 (full 0):
 PSYoungGen      total 192512K, used 128K [0x000000076b800000, 0x0000000784b00000, 0x00000007c0000000)
  eden space 190464K, 0% used [0x000000076b800000,0x000000076b800000,0x0000000777200000)
  from space 2048K, 6% used [0x0000000784700000,0x0000000784720000,0x0000000784900000)
  to   space 2048K, 0% used [0x0000000784900000,0x0000000784900000,0x0000000784b00000)
 ParOldGen       total 173568K, used 1338K [0x00000006c2800000, 0x00000006cd180000, 0x000000076b800000)
  object space 173568K, 0% used [0x00000006c2800000,0x00000006c294ea70,0x00000006cd180000)
 Metaspace       used 8180K, capacity 8646K, committed 8960K, reserved 1056768K
  class space    used 654K, capacity 690K, committed 768K, reserved 1048576K
}
Event: 2.590 GC heap before
{Heap before GC invocations=18 (full 0):
 PSYoungGen      total 192512K, used 190592K [0x000000076b800000, 0x0000000784b00000, 0x00000007c0000000)
  eden space 190464K, 100% used [0x000000076b800000,0x0000000777200000,0x0000000777200000)
  from space 2048K, 6% used [0x0000000784700000,0x0000000784720000,0x0000000784900000)
  to   space 2048K, 0% used [0x0000000784900000,0x0000000784900000,0x0000000784b00000)
 ParOldGen       total 173568K, used 1338K [0x00000006c2800000, 0x00000006cd180000, 0x000000076b800000)
  object space 173568K, 0% used [0x00000006c2800000,0x00000006c294ea70,0x00000006cd180000)
 Metaspace       used 8183K, capacity 8646K, committed 8960K, reserved 1056768K
  class space    used 654K, capacity 690K, committed 768K, reserved 1048576K
Event: 2.590 GC heap after
Heap after GC invocations=18 (full 0):
 PSYoungGen      total 184320K, used 128K [0x000000076b800000, 0x0000000784980000, 0x00000007c0000000)
  eden space 183808K, 0% used [0x000000076b800000,0x000000076b800000,0x0000000776b80000)
  from space 512K, 25% used [0x0000000784900000,0x0000000784920000,0x0000000784980000)
  to   space 2048K, 0% used [0x0000000784580000,0x0000000784580000,0x0000000784780000)
 ParOldGen       total 173568K, used 1338K [0x00000006c2800000, 0x00000006cd180000, 0x000000076b800000)
  object space 173568K, 0% used [0x00000006c2800000,0x00000006c294ea70,0x00000006cd180000)
 Metaspace       used 8183K, capacity 8646K, committed 8960K, reserved 1056768K
  class space    used 654K, capacity 690K, committed 768K, reserved 1048576K
}

