# JRE version: Java(TM) SE Runtime Environment (8.0_65-b17) (build 1.8.0_65-b17)
# Java VM: Java HotSpot(TM) 64-Bit Server VM (25.65-b01 mixed mode windows-amd64 compressed oops)
Heap:
 PSYoungGen      total 165888K, used 96863K [0x000000076b800000, 0x000000077ad80000, 0x00000007c0000000)
  eden space 165376K, 58% used [0x000000076b800000,0x0000000771677e40,0x0000000775980000)
  from space 512K, 25% used [0x000000077ad00000,0x000000077ad20000,0x000000077ad80000)
  to   space 2048K, 0% used [0x000000077a980000,0x000000077a980000,0x000000077ab80000)
 ParOldGen       total 173568K, used 1392K [0x00000006c2800000, 0x00000006cd180000, 0x000000076b800000)
  object space 173568K, 0% used [0x00000006c2800000,0x00000006c295c220,0x00000006cd180000)
 Metaspace       used 8115K, capacity 8646K, committed 8960K, reserved 1056768K
  class space    used 649K, capacity 690K, committed 768K, reserved 1048576K
GC Heap History (10 events):
Event: 2.098 GC heap before
{Heap before GC invocations=14 (full 0):
 PSYoungGen      total 200704K, used 198304K [0x000000076b800000, 0x000000077b300000, 0x00000007c0000000)
  eden space 198144K, 100% used [0x000000076b800000,0x0000000777980000,0x0000000777980000)
  from space 2560K, 6% used [0x000000077ae00000,0x000000077ae28000,0x000000077b080000)
  to   space 2560K, 0% used [0x000000077b080000,0x000000077b080000,0x000000077b300000)
 ParOldGen       total 173568K, used 1384K [0x00000006c2800000, 0x00000006cd180000, 0x000000076b800000)
  object space 173568K, 0% used [0x00000006c2800000,0x00000006c295a220,0x00000006cd180000)
 Metaspace       used 8107K, capacity 8646K, committed 8960K, reserved 1056768K
  class space    used 649K, capacity 690K, committed 768K, reserved 1048576K
Event: 2.098 GC heap after
Heap after GC invocations=14 (full 0):
 PSYoungGen      total 191488K, used 160K [0x000000076b800000, 0x000000077b100000, 0x00000007c0000000)
  eden space 190976K, 0% used [0x000000076b800000,0x000000076b800000,0x0000000777280000)
  from space 512K, 31% used [0x000000077b080000,0x000000077b0a8000,0x000000077b100000)
  to   space 2560K, 0% used [0x000000077ac00000,0x000000077ac00000,0x000000077ae80000)
 ParOldGen       total 173568K, used 1392K [0x00000006c2800000, 0x00000006cd180000, 0x000000076b800000)
  object space 173568K, 0% used [0x00000006c2800000,0x00000006c295c220,0x00000006cd180000)
 Metaspace       used 8107K, capacity 8646K, committed 8960K, reserved 1056768K
  class space    used 649K, capacity 690K, committed 768K, reserved 1048576K
}
Event: 2.249 GC heap before
{Heap before GC invocations=15 (full 0):
 PSYoungGen      total 191488K, used 191136K [0x000000076b800000, 0x000000077b100000, 0x00000007c0000000)
  eden space 190976K, 100% used [0x000000076b800000,0x0000000777280000,0x0000000777280000)
  from space 512K, 31% used [0x000000077b080000,0x000000077b0a8000,0x000000077b100000)
  to   space 2560K, 0% used [0x000000077ac00000,0x000000077ac00000,0x000000077ae80000)
 ParOldGen       total 173568K, used 1392K [0x00000006c2800000, 0x00000006cd180000, 0x000000076b800000)
  object space 173568K, 0% used [0x00000006c2800000,0x00000006c295c220,0x00000006cd180000)
 Metaspace       used 8112K, capacity 8646K, committed 8960K, reserved 1056768K
  class space    used 649K, capacity 690K, committed 768K, reserved 1048576K
Event: 2.250 GC heap after
Heap after GC invocations=15 (full 0):
 PSYoungGen      total 186880K, used 160K [0x000000076b800000, 0x000000077b100000, 0x00000007c0000000)
  eden space 184320K, 0% used [0x000000076b800000,0x000000076b800000,0x0000000776c00000)
  from space 2560K, 6% used [0x000000077ac00000,0x000000077ac28000,0x000000077ae80000)
  to   space 2560K, 0% used [0x000000077ae80000,0x000000077ae80000,0x000000077b100000)
 ParOldGen       total 173568K, used 1392K [0x00000006c2800000, 0x00000006cd180000, 0x000000076b800000)
  object space 173568K, 0% used [0x00000006c2800000,0x00000006c295c220,0x00000006cd180000)
 Metaspace       used 8112K, capacity 8646K, committed 8960K, reserved 1056768K
  class space    used 649K, capacity 690K, committed 768K, reserved 1048576K
}
Event: 2.419 GC heap before
{Heap before GC invocations=16 (full 0):
 PSYoungGen      total 186880K, used 184480K [0x000000076b800000, 0x000000077b100000, 0x00000007c0000000)
  eden space 184320K, 100% used [0x000000076b800000,0x0000000776c00000,0x0000000776c00000)
  from space 2560K, 6% used [0x000000077ac00000,0x000000077ac28000,0x000000077ae80000)
  to   space 2560K, 0% used [0x000000077ae80000,0x000000077ae80000,0x000000077b100000)
 ParOldGen       total 173568K, used 1392K [0x00000006c2800000, 0x00000006cd180000, 0x000000076b800000)
  object space 173568K, 0% used [0x00000006c2800000,0x00000006c295c220,0x00000006cd180000)
 Metaspace       used 8114K, capacity 8646K, committed 8960K, reserved 1056768K
  class space    used 649K, capacity 690K, committed 768K, reserved 1048576K
Event: 2.420 GC heap after
Heap after GC invocations=16 (full 0):
 PSYoungGen      total 178176K, used 192K [0x000000076b800000, 0x000000077af00000, 0x00000007c0000000)
  eden space 177664K, 0% used [0x000000076b800000,0x000000076b800000,0x0000000776580000)
  from space 512K, 37% used [0x000000077ae80000,0x000000077aeb0000,0x000000077af00000)
  to   space 2560K, 0% used [0x000000077aa00000,0x000000077aa00000,0x000000077ac80000)
 ParOldGen       total 173568K, used 1392K [0x00000006c2800000, 0x00000006cd180000, 0x000000076b800000)
  object space 173568K, 0% used [0x00000006c2800000,0x00000006c295c220,0x00000006cd180000)
 Metaspace       used 8114K, capacity 8646K, committed 8960K, reserved 1056768K
  class space    used 649K, capacity 690K, committed 768K, reserved 1048576K
}
Event: 2.614 GC heap before
{Heap before GC invocations=17 (full 0):
 PSYoungGen      total 178176K, used 177856K [0x000000076b800000, 0x000000077af00000, 0x00000007c0000000)
  eden space 177664K, 100% used [0x000000076b800000,0x0000000776580000,0x0000000776580000)
  from space 512K, 37% used [0x000000077ae80000,0x000000077aeb0000,0x000000077af00000)
  to   space 2560K, 0% used [0x000000077aa00000,0x000000077aa00000,0x000000077ac80000)
 ParOldGen       total 173568K, used 1392K [0x00000006c2800000, 0x00000006cd180000, 0x000000076b800000)
  object space 173568K, 0% used [0x00000006c2800000,0x00000006c295c220,0x00000006cd180000)
 Metaspace       used 8115K, capacity 8646K, committed 8960K, reserved 1056768K
  class space    used 649K, capacity 690K, committed 768K, reserved 1048576K
Event: 2.615 GC heap after
Heap after GC invocations=17 (full 0):
 PSYoungGen      total 174080K, used 224K [0x000000076b800000, 0x000000077af00000, 0x00000007c0000000)
  eden space 171520K, 0% used [0x000000076b800000,0x000000076b800000,0x0000000775f80000)
  from space 2560K, 8% used [0x000000077aa00000,0x000000077aa38000,0x000000077ac80000)
  to   space 2048K, 0% used [0x000000077ad00000,0x000000077ad00000,0x000000077af00000)
 ParOldGen       total 173568K, used 1392K [0x00000006c2800000, 0x00000006cd180000, 0x000000076b800000)
  object space 173568K, 0% used [0x00000006c2800000,0x00000006c295c220,0x00000006cd180000)
 Metaspace       used 8115K, capacity 8646K, committed 8960K, reserved 1056768K
  class space    used 649K, capacity 690K, committed 768K, reserved 1048576K
}
Event: 2.768 GC heap before
{Heap before GC invocations=18 (full 0):
 PSYoungGen      total 174080K, used 171744K [0x000000076b800000, 0x000000077af00000, 0x00000007c0000000)
  eden space 171520K, 100% used [0x000000076b800000,0x0000000775f80000,0x0000000775f80000)
  from space 2560K, 8% used [0x000000077aa00000,0x000000077aa38000,0x000000077ac80000)
  to   space 2048K, 0% used [0x000000077ad00000,0x000000077ad00000,0x000000077af00000)
 ParOldGen       total 173568K, used 1392K [0x00000006c2800000, 0x00000006cd180000, 0x000000076b800000)
  object space 173568K, 0% used [0x00000006c2800000,0x00000006c295c220,0x00000006cd180000)
 Metaspace       used 8115K, capacity 8646K, committed 8960K, reserved 1056768K
  class space    used 649K, capacity 690K, committed 768K, reserved 1048576K
Event: 2.769 GC heap after
Heap after GC invocations=18 (full 0):
 PSYoungGen      total 165888K, used 128K [0x000000076b800000, 0x000000077ad80000, 0x00000007c0000000)
  eden space 165376K, 0% used [0x000000076b800000,0x000000076b800000,0x0000000775980000)
  from space 512K, 25% used [0x000000077ad00000,0x000000077ad20000,0x000000077ad80000)
  to   space 2048K, 0% used [0x000000077a980000,0x000000077a980000,0x000000077ab80000)
 ParOldGen       total 173568K, used 1392K [0x00000006c2800000, 0x00000006cd180000, 0x000000076b800000)
  object space 173568K, 0% used [0x00000006c2800000,0x00000006c295c220,0x00000006cd180000)
 Metaspace       used 8115K, capacity 8646K, committed 8960K, reserved 1056768K
  class space    used 649K, capacity 690K, committed 768K, reserved 1048576K
}

