# JRE version: Java(TM) SE Runtime Environment (8.0_65-b17) (build 1.8.0_65-b17)
# Java VM: Java HotSpot(TM) 64-Bit Server VM (25.65-b01 mixed mode windows-amd64 compressed oops)
Heap:
 PSYoungGen      total 181248K, used 177423K [0x000000076b800000, 0x00000007bac80000, 0x00000007c0000000)
  eden space 180736K, 98% used [0x000000076b800000,0x000000077650be58,0x0000000776880000)
  from space 512K, 43% used [0x00000007bac00000,0x00000007bac38000,0x00000007bac80000)
  to   space 1024K, 0% used [0x00000007baa80000,0x00000007baa80000,0x00000007bab80000)
 ParOldGen       total 173568K, used 27269K [0x00000006c2800000, 0x00000006cd180000, 0x000000076b800000)
  object space 173568K, 15% used [0x00000006c2800000,0x00000006c42a14f0,0x00000006cd180000)
 Metaspace       used 8374K, capacity 8710K, committed 8960K, reserved 1056768K
  class space    used 659K, capacity 690K, committed 768K, reserved 1048576K
GC Heap History (10 events):
Event: 17.932 GC heap before
{Heap before GC invocations=52 (full 0):
 PSYoungGen      total 218624K, used 217824K [0x000000076b800000, 0x00000007bae00000, 0x00000007c0000000)
  eden space 217600K, 100% used [0x000000076b800000,0x0000000778c80000,0x0000000778c80000)
  from space 1024K, 21% used [0x00000007bac00000,0x00000007bac38000,0x00000007bad00000)
  to   space 1024K, 0% used [0x00000007bad00000,0x00000007bad00000,0x00000007bae00000)
 ParOldGen       total 173568K, used 27261K [0x00000006c2800000, 0x00000006cd180000, 0x000000076b800000)
  object space 173568K, 15% used [0x00000006c2800000,0x00000006c429f4f0,0x00000006cd180000)
 Metaspace       used 8374K, capacity 8710K, committed 8960K, reserved 1056768K
  class space    used 659K, capacity 690K, committed 768K, reserved 1048576K
Event: 17.932 GC heap after
Heap after GC invocations=52 (full 0):
 PSYoungGen      total 209920K, used 224K [0x000000076b800000, 0x00000007bad80000, 0x00000007c0000000)
  eden space 209408K, 0% used [0x000000076b800000,0x000000076b800000,0x0000000778480000)
  from space 512K, 43% used [0x00000007bad00000,0x00000007bad38000,0x00000007bad80000)
  to   space 1024K, 0% used [0x00000007bab80000,0x00000007bab80000,0x00000007bac80000)
 ParOldGen       total 173568K, used 27269K [0x00000006c2800000, 0x00000006cd180000, 0x000000076b800000)
  object space 173568K, 15% used [0x00000006c2800000,0x00000006c42a14f0,0x00000006cd180000)
 Metaspace       used 8374K, capacity 8710K, committed 8960K, reserved 1056768K
  class space    used 659K, capacity 690K, committed 768K, reserved 1048576K
}
Event: 18.190 GC heap before
{Heap before GC invocations=53 (full 0):
 PSYoungGen      total 209920K, used 209632K [0x000000076b800000, 0x00000007bad80000, 0x00000007c0000000)
  eden space 209408K, 100% used [0x000000076b800000,0x0000000778480000,0x0000000778480000)
  from space 512K, 43% used [0x00000007bad00000,0x00000007bad38000,0x00000007bad80000)
  to   space 1024K, 0% used [0x00000007bab80000,0x00000007bab80000,0x00000007bac80000)
 ParOldGen       total 173568K, used 27269K [0x00000006c2800000, 0x00000006cd180000, 0x000000076b800000)
  object space 173568K, 15% used [0x00000006c2800000,0x00000006c42a14f0,0x00000006cd180000)
 Metaspace       used 8374K, capacity 8710K, committed 8960K, reserved 1056768K
  class space    used 659K, capacity 690K, committed 768K, reserved 1048576K
Event: 18.190 GC heap after
Heap after GC invocations=53 (full 0):
 PSYoungGen      total 202752K, used 224K [0x000000076b800000, 0x00000007bad80000, 0x00000007c0000000)
  eden space 201728K, 0% used [0x000000076b800000,0x000000076b800000,0x0000000777d00000)
  from space 1024K, 21% used [0x00000007bab80000,0x00000007babb8000,0x00000007bac80000)
  to   space 1024K, 0% used [0x00000007bac80000,0x00000007bac80000,0x00000007bad80000)
 ParOldGen       total 173568K, used 27269K [0x00000006c2800000, 0x00000006cd180000, 0x000000076b800000)
  object space 173568K, 15% used [0x00000006c2800000,0x00000006c42a14f0,0x00000006cd180000)
 Metaspace       used 8374K, capacity 8710K, committed 8960K, reserved 1056768K
  class space    used 659K, capacity 690K, committed 768K, reserved 1048576K
}
Event: 18.354 GC heap before
{Heap before GC invocations=54 (full 0):
 PSYoungGen      total 202752K, used 201952K [0x000000076b800000, 0x00000007bad80000, 0x00000007c0000000)
  eden space 201728K, 100% used [0x000000076b800000,0x0000000777d00000,0x0000000777d00000)
  from space 1024K, 21% used [0x00000007bab80000,0x00000007babb8000,0x00000007bac80000)
  to   space 1024K, 0% used [0x00000007bac80000,0x00000007bac80000,0x00000007bad80000)
 ParOldGen       total 173568K, used 27269K [0x00000006c2800000, 0x00000006cd180000, 0x000000076b800000)
  object space 173568K, 15% used [0x00000006c2800000,0x00000006c42a14f0,0x00000006cd180000)
 Metaspace       used 8374K, capacity 8710K, committed 8960K, reserved 1056768K
  class space    used 659K, capacity 690K, committed 768K, reserved 1048576K
Event: 18.355 GC heap after
Heap after GC invocations=54 (full 0):
 PSYoungGen      total 195072K, used 224K [0x000000076b800000, 0x00000007bad00000, 0x00000007c0000000)
  eden space 194560K, 0% used [0x000000076b800000,0x000000076b800000,0x0000000777600000)
  from space 512K, 43% used [0x00000007bac80000,0x00000007bacb8000,0x00000007bad00000)
  to   space 1024K, 0% used [0x00000007bab00000,0x00000007bab00000,0x00000007bac00000)
 ParOldGen       total 173568K, used 27269K [0x00000006c2800000, 0x00000006cd180000, 0x000000076b800000)
  object space 173568K, 15% used [0x00000006c2800000,0x00000006c42a14f0,0x00000006cd180000)
 Metaspace       used 8374K, capacity 8710K, committed 8960K, reserved 1056768K
  class space    used 659K, capacity 690K, committed 768K, reserved 1048576K
}
Event: 18.515 GC heap before
{Heap before GC invocations=55 (full 0):
 PSYoungGen      total 195072K, used 194784K [0x000000076b800000, 0x00000007bad00000, 0x00000007c0000000)
  eden space 194560K, 100% used [0x000000076b800000,0x0000000777600000,0x0000000777600000)
  from space 512K, 43% used [0x00000007bac80000,0x00000007bacb8000,0x00000007bad00000)
  to   space 1024K, 0% used [0x00000007bab00000,0x00000007bab00000,0x00000007bac00000)
 ParOldGen       total 173568K, used 27269K [0x00000006c2800000, 0x00000006cd180000, 0x000000076b800000)
  object space 173568K, 15% used [0x00000006c2800000,0x00000006c42a14f0,0x00000006cd180000)
 Metaspace       used 8374K, capacity 8710K, committed 8960K, reserved 1056768K
  class space    used 659K, capacity 690K, committed 768K, reserved 1048576K
Event: 18.515 GC heap after
Heap after GC invocations=55 (full 0):
 PSYoungGen      total 188416K, used 192K [0x000000076b800000, 0x00000007bad00000, 0x00000007c0000000)
  eden space 187392K, 0% used [0x000000076b800000,0x000000076b800000,0x0000000776f00000)
  from space 1024K, 18% used [0x00000007bab00000,0x00000007bab30000,0x00000007bac00000)
  to   space 1024K, 0% used [0x00000007bac00000,0x00000007bac00000,0x00000007bad00000)
 ParOldGen       total 173568K, used 27269K [0x00000006c2800000, 0x00000006cd180000, 0x000000076b800000)
  object space 173568K, 15% used [0x00000006c2800000,0x00000006c42a14f0,0x00000006cd180000)
 Metaspace       used 8374K, capacity 8710K, committed 8960K, reserved 1056768K
  class space    used 659K, capacity 690K, committed 768K, reserved 1048576K
}
Event: 18.661 GC heap before
{Heap before GC invocations=56 (full 0):
 PSYoungGen      total 188416K, used 187584K [0x000000076b800000, 0x00000007bad00000, 0x00000007c0000000)
  eden space 187392K, 100% used [0x000000076b800000,0x0000000776f00000,0x0000000776f00000)
  from space 1024K, 18% used [0x00000007bab00000,0x00000007bab30000,0x00000007bac00000)
  to   space 1024K, 0% used [0x00000007bac00000,0x00000007bac00000,0x00000007bad00000)
 ParOldGen       total 173568K, used 27269K [0x00000006c2800000, 0x00000006cd180000, 0x000000076b800000)
  object space 173568K, 15% used [0x00000006c2800000,0x00000006c42a14f0,0x00000006cd180000)
 Metaspace       used 8374K, capacity 8710K, committed 8960K, reserved 1056768K
  class space    used 659K, capacity 690K, committed 768K, reserved 1048576K
Event: 18.661 GC heap after
Heap after GC invocations=56 (full 0):
 PSYoungGen      total 181248K, used 224K [0x000000076b800000, 0x00000007bac80000, 0x00000007c0000000)
  eden space 180736K, 0% used [0x000000076b800000,0x000000076b800000,0x0000000776880000)
  from space 512K, 43% used [0x00000007bac00000,0x00000007bac38000,0x00000007bac80000)
  to   space 1024K, 0% used [0x00000007baa80000,0x00000007baa80000,0x00000007bab80000)
 ParOldGen       total 173568K, used 27269K [0x00000006c2800000, 0x00000006cd180000, 0x000000076b800000)
  object space 173568K, 15% used [0x00000006c2800000,0x00000006c42a14f0,0x00000006cd180000)
 Metaspace       used 8374K, capacity 8710K, committed 8960K, reserved 1056768K
  class space    used 659K, capacity 690K, committed 768K, reserved 1048576K
}

