# JRE version: Java(TM) SE Runtime Environment (8.0_65-b17) (build 1.8.0_65-b17)
# Java VM: Java HotSpot(TM) 64-Bit Server VM (25.65-b01 mixed mode windows-amd64 compressed oops)
Heap:
 PSYoungGen      total 1189888K, used 60584K [0x000000076b800000, 0x00000007bb900000, 0x00000007c0000000)
  eden space 1189376K, 5% used [0x000000076b800000,0x000000076f2f20c0,0x00000007b4180000)
  from space 512K, 43% used [0x00000007bb880000,0x00000007bb8b8000,0x00000007bb900000)
  to   space 8704K, 0% used [0x00000007ba800000,0x00000007ba800000,0x00000007bb080000)
 ParOldGen       total 173568K, used 16659K [0x00000006c2800000, 0x00000006cd180000, 0x000000076b800000)
  object space 173568K, 9% used [0x00000006c2800000,0x00000006c3844d00,0x00000006cd180000)
 Metaspace       used 8352K, capacity 8710K, committed 8960K, reserved 1056768K
  class space    used 660K, capacity 690K, committed 768K, reserved 1048576K
GC Heap History (10 events):
Event: 1.921 GC heap before
{Heap before GC invocations=10 (full 0):
 PSYoungGen      total 521728K, used 512416K [0x000000076b800000, 0x000000079ea80000, 0x00000007c0000000)
  eden space 511488K, 100% used [0x000000076b800000,0x000000078ab80000,0x000000078ab80000)
  from space 10240K, 9% used [0x000000078ab80000,0x000000078ac68000,0x000000078b580000)
  to   space 9728K, 0% used [0x000000079e100000,0x000000079e100000,0x000000079ea80000)
 ParOldGen       total 173568K, used 15743K [0x00000006c2800000, 0x00000006cd180000, 0x000000076b800000)
  object space 173568K, 9% used [0x00000006c2800000,0x00000006c375fcf0,0x00000006cd180000)
 Metaspace       used 8307K, capacity 8710K, committed 8960K, reserved 1056768K
  class space    used 660K, capacity 690K, committed 768K, reserved 1048576K
Event: 1.923 GC heap after
Heap after GC invocations=10 (full 0):
 PSYoungGen      total 828416K, used 256K [0x000000076b800000, 0x000000079ea80000, 0x00000007c0000000)
  eden space 818688K, 0% used [0x000000076b800000,0x000000076b800000,0x000000079d780000)
  from space 9728K, 2% used [0x000000079e100000,0x000000079e140000,0x000000079ea80000)
  to   space 9728K, 0% used [0x000000079d780000,0x000000079d780000,0x000000079e100000)
 ParOldGen       total 173568K, used 16523K [0x00000006c2800000, 0x00000006cd180000, 0x000000076b800000)
  object space 173568K, 9% used [0x00000006c2800000,0x00000006c3822d00,0x00000006cd180000)
 Metaspace       used 8307K, capacity 8710K, committed 8960K, reserved 1056768K
  class space    used 660K, capacity 690K, committed 768K, reserved 1048576K
}
Event: 2.541 GC heap before
{Heap before GC invocations=11 (full 0):
 PSYoungGen      total 828416K, used 818944K [0x000000076b800000, 0x000000079ea80000, 0x00000007c0000000)
  eden space 818688K, 100% used [0x000000076b800000,0x000000079d780000,0x000000079d780000)
  from space 9728K, 2% used [0x000000079e100000,0x000000079e140000,0x000000079ea80000)
  to   space 9728K, 0% used [0x000000079d780000,0x000000079d780000,0x000000079e100000)
 ParOldGen       total 173568K, used 16523K [0x00000006c2800000, 0x00000006cd180000, 0x000000076b800000)
  object space 173568K, 9% used [0x00000006c2800000,0x00000006c3822d00,0x00000006cd180000)
 Metaspace       used 8334K, capacity 8710K, committed 8960K, reserved 1056768K
  class space    used 660K, capacity 690K, committed 768K, reserved 1048576K
Event: 2.542 GC heap after
Heap after GC invocations=11 (full 0):
 PSYoungGen      total 828416K, used 224K [0x000000076b800000, 0x00000007bc980000, 0x00000007c0000000)
  eden space 818688K, 0% used [0x000000076b800000,0x000000076b800000,0x000000079d780000)
  from space 9728K, 2% used [0x000000079d780000,0x000000079d7b8000,0x000000079e100000)
  to   space 9216K, 0% used [0x00000007bc080000,0x00000007bc080000,0x00000007bc980000)
 ParOldGen       total 173568K, used 16587K [0x00000006c2800000, 0x00000006cd180000, 0x000000076b800000)
  object space 173568K, 9% used [0x00000006c2800000,0x00000006c3832d00,0x00000006cd180000)
 Metaspace       used 8334K, capacity 8710K, committed 8960K, reserved 1056768K
  class space    used 660K, capacity 690K, committed 768K, reserved 1048576K
}
Event: 3.134 GC heap before
{Heap before GC invocations=12 (full 0):
 PSYoungGen      total 828416K, used 818912K [0x000000076b800000, 0x00000007bc980000, 0x00000007c0000000)
  eden space 818688K, 100% used [0x000000076b800000,0x000000079d780000,0x000000079d780000)
  from space 9728K, 2% used [0x000000079d780000,0x000000079d7b8000,0x000000079e100000)
  to   space 9216K, 0% used [0x00000007bc080000,0x00000007bc080000,0x00000007bc980000)
 ParOldGen       total 173568K, used 16587K [0x00000006c2800000, 0x00000006cd180000, 0x000000076b800000)
  object space 173568K, 9% used [0x00000006c2800000,0x00000006c3832d00,0x00000006cd180000)
 Metaspace       used 8343K, capacity 8710K, committed 8960K, reserved 1056768K
  class space    used 660K, capacity 690K, committed 768K, reserved 1048576K
Event: 3.135 GC heap after
Heap after GC invocations=12 (full 0):
 PSYoungGen      total 1319424K, used 224K [0x000000076b800000, 0x00000007bc980000, 0x00000007c0000000)
  eden space 1310208K, 0% used [0x000000076b800000,0x000000076b800000,0x00000007bb780000)
  from space 9216K, 2% used [0x00000007bc080000,0x00000007bc0b8000,0x00000007bc980000)
  to   space 9216K, 0% used [0x00000007bb780000,0x00000007bb780000,0x00000007bc080000)
 ParOldGen       total 173568K, used 16619K [0x00000006c2800000, 0x00000006cd180000, 0x000000076b800000)
  object space 173568K, 9% used [0x00000006c2800000,0x00000006c383ad00,0x00000006cd180000)
 Metaspace       used 8343K, capacity 8710K, committed 8960K, reserved 1056768K
  class space    used 660K, capacity 690K, committed 768K, reserved 1048576K
}
Event: 4.143 GC heap before
{Heap before GC invocations=13 (full 0):
 PSYoungGen      total 1319424K, used 1310432K [0x000000076b800000, 0x00000007bc980000, 0x00000007c0000000)
  eden space 1310208K, 100% used [0x000000076b800000,0x00000007bb780000,0x00000007bb780000)
  from space 9216K, 2% used [0x00000007bc080000,0x00000007bc0b8000,0x00000007bc980000)
  to   space 9216K, 0% used [0x00000007bb780000,0x00000007bb780000,0x00000007bc080000)
 ParOldGen       total 173568K, used 16619K [0x00000006c2800000, 0x00000006cd180000, 0x000000076b800000)
  object space 173568K, 9% used [0x00000006c2800000,0x00000006c383ad00,0x00000006cd180000)
 Metaspace       used 8351K, capacity 8710K, committed 8960K, reserved 1056768K
  class space    used 660K, capacity 690K, committed 768K, reserved 1048576K
Event: 4.144 GC heap after
Heap after GC invocations=13 (full 0):
 PSYoungGen      total 1248768K, used 256K [0x000000076b800000, 0x00000007bc100000, 0x00000007c0000000)
  eden space 1248256K, 0% used [0x000000076b800000,0x000000076b800000,0x00000007b7b00000)
  from space 512K, 50% used [0x00000007bb780000,0x00000007bb7c0000,0x00000007bb800000)
  to   space 8704K, 0% used [0x00000007bb880000,0x00000007bb880000,0x00000007bc100000)
 ParOldGen       total 173568K, used 16619K [0x00000006c2800000, 0x00000006cd180000, 0x000000076b800000)
  object space 173568K, 9% used [0x00000006c2800000,0x00000006c383ad00,0x00000006cd180000)
 Metaspace       used 8351K, capacity 8710K, committed 8960K, reserved 1056768K
  class space    used 660K, capacity 690K, committed 768K, reserved 1048576K
}
Event: 5.069 GC heap before
{Heap before GC invocations=14 (full 0):
 PSYoungGen      total 1248768K, used 1248512K [0x000000076b800000, 0x00000007bc100000, 0x00000007c0000000)
  eden space 1248256K, 100% used [0x000000076b800000,0x00000007b7b00000,0x00000007b7b00000)
  from space 512K, 50% used [0x00000007bb780000,0x00000007bb7c0000,0x00000007bb800000)
  to   space 8704K, 0% used [0x00000007bb880000,0x00000007bb880000,0x00000007bc100000)
 ParOldGen       total 173568K, used 16619K [0x00000006c2800000, 0x00000006cd180000, 0x000000076b800000)
  object space 173568K, 9% used [0x00000006c2800000,0x00000006c383ad00,0x00000006cd180000)
 Metaspace       used 8352K, capacity 8710K, committed 8960K, reserved 1056768K
  class space    used 660K, capacity 690K, committed 768K, reserved 1048576K
Event: 5.070 GC heap after
Heap after GC invocations=14 (full 0):
 PSYoungGen      total 1189888K, used 224K [0x000000076b800000, 0x00000007bb900000, 0x00000007c0000000)
  eden space 1189376K, 0% used [0x000000076b800000,0x000000076b800000,0x00000007b4180000)
  from space 512K, 43% used [0x00000007bb880000,0x00000007bb8b8000,0x00000007bb900000)
  to   space 8704K, 0% used [0x00000007ba800000,0x00000007ba800000,0x00000007bb080000)
 ParOldGen       total 173568K, used 16659K [0x00000006c2800000, 0x00000006cd180000, 0x000000076b800000)
  object space 173568K, 9% used [0x00000006c2800000,0x00000006c3844d00,0x00000006cd180000)
 Metaspace       used 8352K, capacity 8710K, committed 8960K, reserved 1056768K
  class space    used 660K, capacity 690K, committed 768K, reserved 1048576K
}

