# JRE version: Java(TM) SE Runtime Environment (8.0_65-b17) (build 1.8.0_65-b17)
# Java VM: Java HotSpot(TM) 64-Bit Server VM (25.65-b01 mixed mode windows-amd64 compressed oops)
Heap:
 PSYoungGen      total 310784K, used 164580K [0x000000076b800000, 0x0000000784c80000, 0x00000007c0000000)
  eden space 308736K, 53% used [0x000000076b800000,0x00000007758a90f8,0x000000077e580000)
  from space 2048K, 3% used [0x0000000784880000,0x0000000784890000,0x0000000784a80000)
  to   space 2048K, 0% used [0x0000000784a80000,0x0000000784a80000,0x0000000784c80000)
 ParOldGen       total 173568K, used 1286K [0x00000006c2800000, 0x00000006cd180000, 0x000000076b800000)
  object space 173568K, 0% used [0x00000006c2800000,0x00000006c2941a80,0x00000006cd180000)
 Metaspace       used 7967K, capacity 8550K, committed 8704K, reserved 1056768K
  class space    used 642K, capacity 658K, committed 768K, reserved 1048576K
GC Heap History (10 events):
Event: 2.135 GC heap before
{Heap before GC invocations=13 (full 0):
 PSYoungGen      total 381952K, used 381504K [0x000000076b800000, 0x0000000784f80000, 0x00000007c0000000)
  eden space 381440K, 100% used [0x000000076b800000,0x0000000782c80000,0x0000000782c80000)
  from space 512K, 12% used [0x0000000784f00000,0x0000000784f10000,0x0000000784f80000)
  to   space 2048K, 0% used [0x0000000784b80000,0x0000000784b80000,0x0000000784d80000)
 ParOldGen       total 173568K, used 1286K [0x00000006c2800000, 0x00000006cd180000, 0x000000076b800000)
  object space 173568K, 0% used [0x00000006c2800000,0x00000006c2941a80,0x00000006cd180000)
 Metaspace       used 7960K, capacity 8486K, committed 8704K, reserved 1056768K
  class space    used 642K, capacity 658K, committed 768K, reserved 1048576K
Event: 2.136 GC heap after
Heap after GC invocations=13 (full 0):
 PSYoungGen      total 367616K, used 64K [0x000000076b800000, 0x0000000784f80000, 0x00000007c0000000)
  eden space 365568K, 0% used [0x000000076b800000,0x000000076b800000,0x0000000781d00000)
  from space 2048K, 3% used [0x0000000784b80000,0x0000000784b90000,0x0000000784d80000)
  to   space 2048K, 0% used [0x0000000784d80000,0x0000000784d80000,0x0000000784f80000)
 ParOldGen       total 173568K, used 1286K [0x00000006c2800000, 0x00000006cd180000, 0x000000076b800000)
  object space 173568K, 0% used [0x00000006c2800000,0x00000006c2941a80,0x00000006cd180000)
 Metaspace       used 7960K, capacity 8486K, committed 8704K, reserved 1056768K
  class space    used 642K, capacity 658K, committed 768K, reserved 1048576K
}
Event: 2.403 GC heap before
{Heap before GC invocations=14 (full 0):
 PSYoungGen      total 367616K, used 365632K [0x000000076b800000, 0x0000000784f80000, 0x00000007c0000000)
  eden space 365568K, 100% used [0x000000076b800000,0x0000000781d00000,0x0000000781d00000)
  from space 2048K, 3% used [0x0000000784b80000,0x0000000784b90000,0x0000000784d80000)
  to   space 2048K, 0% used [0x0000000784d80000,0x0000000784d80000,0x0000000784f80000)
 ParOldGen       total 173568K, used 1286K [0x00000006c2800000, 0x00000006cd180000, 0x000000076b800000)
  object space 173568K, 0% used [0x00000006c2800000,0x00000006c2941a80,0x00000006cd180000)
 Metaspace       used 7961K, capacity 8486K, committed 8704K, reserved 1056768K
  class space    used 642K, capacity 658K, committed 768K, reserved 1048576K
Event: 2.404 GC heap after
Heap after GC invocations=14 (full 0):
 PSYoungGen      total 350720K, used 96K [0x000000076b800000, 0x0000000784e00000, 0x00000007c0000000)
  eden space 350208K, 0% used [0x000000076b800000,0x000000076b800000,0x0000000780e00000)
  from space 512K, 18% used [0x0000000784d80000,0x0000000784d98000,0x0000000784e00000)
  to   space 2048K, 0% used [0x0000000784a00000,0x0000000784a00000,0x0000000784c00000)
 ParOldGen       total 173568K, used 1286K [0x00000006c2800000, 0x00000006cd180000, 0x000000076b800000)
  object space 173568K, 0% used [0x00000006c2800000,0x00000006c2941a80,0x00000006cd180000)
 Metaspace       used 7961K, capacity 8486K, committed 8704K, reserved 1056768K
  class space    used 642K, capacity 658K, committed 768K, reserved 1048576K
}
Event: 2.763 GC heap before
{Heap before GC invocations=15 (full 0):
 PSYoungGen      total 350720K, used 350304K [0x000000076b800000, 0x0000000784e00000, 0x00000007c0000000)
  eden space 350208K, 100% used [0x000000076b800000,0x0000000780e00000,0x0000000780e00000)
  from space 512K, 18% used [0x0000000784d80000,0x0000000784d98000,0x0000000784e00000)
  to   space 2048K, 0% used [0x0000000784a00000,0x0000000784a00000,0x0000000784c00000)
 ParOldGen       total 173568K, used 1286K [0x00000006c2800000, 0x00000006cd180000, 0x000000076b800000)
  object space 173568K, 0% used [0x00000006c2800000,0x00000006c2941a80,0x00000006cd180000)
 Metaspace       used 7962K, capacity 8486K, committed 8704K, reserved 1056768K
  class space    used 642K, capacity 658K, committed 768K, reserved 1048576K
Event: 2.764 GC heap after
Heap after GC invocations=15 (full 0):
 PSYoungGen      total 337920K, used 64K [0x000000076b800000, 0x0000000784e00000, 0x00000007c0000000)
  eden space 335872K, 0% used [0x000000076b800000,0x000000076b800000,0x0000000780000000)
  from space 2048K, 3% used [0x0000000784a00000,0x0000000784a10000,0x0000000784c00000)
  to   space 2048K, 0% used [0x0000000784c00000,0x0000000784c00000,0x0000000784e00000)
 ParOldGen       total 173568K, used 1286K [0x00000006c2800000, 0x00000006cd180000, 0x000000076b800000)
  object space 173568K, 0% used [0x00000006c2800000,0x00000006c2941a80,0x00000006cd180000)
 Metaspace       used 7962K, capacity 8486K, committed 8704K, reserved 1056768K
  class space    used 642K, capacity 658K, committed 768K, reserved 1048576K
}
Event: 3.070 GC heap before
{Heap before GC invocations=16 (full 0):
 PSYoungGen      total 337920K, used 335936K [0x000000076b800000, 0x0000000784e00000, 0x00000007c0000000)
  eden space 335872K, 100% used [0x000000076b800000,0x0000000780000000,0x0000000780000000)
  from space 2048K, 3% used [0x0000000784a00000,0x0000000784a10000,0x0000000784c00000)
  to   space 2048K, 0% used [0x0000000784c00000,0x0000000784c00000,0x0000000784e00000)
 ParOldGen       total 173568K, used 1286K [0x00000006c2800000, 0x00000006cd180000, 0x000000076b800000)
  object space 173568K, 0% used [0x00000006c2800000,0x00000006c2941a80,0x00000006cd180000)
 Metaspace       used 7966K, capacity 8550K, committed 8704K, reserved 1056768K
  class space    used 642K, capacity 658K, committed 768K, reserved 1048576K
Event: 3.071 GC heap after
Heap after GC invocations=16 (full 0):
 PSYoungGen      total 322560K, used 64K [0x000000076b800000, 0x0000000784c80000, 0x00000007c0000000)
  eden space 322048K, 0% used [0x000000076b800000,0x000000076b800000,0x000000077f280000)
  from space 512K, 12% used [0x0000000784c00000,0x0000000784c10000,0x0000000784c80000)
  to   space 2048K, 0% used [0x0000000784880000,0x0000000784880000,0x0000000784a80000)
 ParOldGen       total 173568K, used 1286K [0x00000006c2800000, 0x00000006cd180000, 0x000000076b800000)
  object space 173568K, 0% used [0x00000006c2800000,0x00000006c2941a80,0x00000006cd180000)
 Metaspace       used 7966K, capacity 8550K, committed 8704K, reserved 1056768K
  class space    used 642K, capacity 658K, committed 768K, reserved 1048576K
}
Event: 3.320 GC heap before
{Heap before GC invocations=17 (full 0):
 PSYoungGen      total 322560K, used 322112K [0x000000076b800000, 0x0000000784c80000, 0x00000007c0000000)
  eden space 322048K, 100% used [0x000000076b800000,0x000000077f280000,0x000000077f280000)
  from space 512K, 12% used [0x0000000784c00000,0x0000000784c10000,0x0000000784c80000)
  to   space 2048K, 0% used [0x0000000784880000,0x0000000784880000,0x0000000784a80000)
 ParOldGen       total 173568K, used 1286K [0x00000006c2800000, 0x00000006cd180000, 0x000000076b800000)
  object space 173568K, 0% used [0x00000006c2800000,0x00000006c2941a80,0x00000006cd180000)
 Metaspace       used 7966K, capacity 8550K, committed 8704K, reserved 1056768K
  class space    used 642K, capacity 658K, committed 768K, reserved 1048576K
Event: 3.321 GC heap after
Heap after GC invocations=17 (full 0):
 PSYoungGen      total 310784K, used 64K [0x000000076b800000, 0x0000000784c80000, 0x00000007c0000000)
  eden space 308736K, 0% used [0x000000076b800000,0x000000076b800000,0x000000077e580000)
  from space 2048K, 3% used [0x0000000784880000,0x0000000784890000,0x0000000784a80000)
  to   space 2048K, 0% used [0x0000000784a80000,0x0000000784a80000,0x0000000784c80000)
 ParOldGen       total 173568K, used 1286K [0x00000006c2800000, 0x00000006cd180000, 0x000000076b800000)
  object space 173568K, 0% used [0x00000006c2800000,0x00000006c2941a80,0x00000006cd180000)
 Metaspace       used 7966K, capacity 8550K, committed 8704K, reserved 1056768K
  class space    used 642K, capacity 658K, committed 768K, reserved 1048576K
}

