# JRE version: Java(TM) SE Runtime Environment (8.0_65-b17) (build 1.8.0_65-b17)
# Java VM: Java HotSpot(TM) 64-Bit Server VM (25.65-b01 mixed mode windows-amd64 compressed oops)
Heap:
 PSYoungGen      total 335872K, used 176793K [0x000000076b800000, 0x00000007bbb80000, 0x00000007c0000000)
  eden space 335360K, 52% used [0x000000076b800000,0x000000077646e630,0x000000077ff80000)
  from space 512K, 43% used [0x00000007bbb00000,0x00000007bbb38000,0x00000007bbb80000)
  to   space 2560K, 0% used [0x00000007bb680000,0x00000007bb680000,0x00000007bb900000)
 ParOldGen       total 173568K, used 27559K [0x00000006c2800000, 0x00000006cd180000, 0x000000076b800000)
  object space 173568K, 15% used [0x00000006c2800000,0x00000006c42e9e90,0x00000006cd180000)
 Metaspace       used 8435K, capacity 8774K, committed 8960K, reserved 1056768K
  class space    used 665K, capacity 690K, committed 768K, reserved 1048576K
GC Heap History (10 events):
Event: 15.128 GC heap before
{Heap before GC invocations=36 (full 0):
 PSYoungGen      total 419328K, used 415904K [0x000000076b800000, 0x00000007bc280000, 0x00000007c0000000)
  eden space 415744K, 100% used [0x000000076b800000,0x0000000784e00000,0x0000000784e00000)
  from space 3584K, 4% used [0x00000007bbb80000,0x00000007bbba8000,0x00000007bbf00000)
  to   space 3072K, 0% used [0x00000007bbf80000,0x00000007bbf80000,0x00000007bc280000)
 ParOldGen       total 173568K, used 27551K [0x00000006c2800000, 0x00000006cd180000, 0x000000076b800000)
  object space 173568K, 15% used [0x00000006c2800000,0x00000006c42e7e90,0x00000006cd180000)
 Metaspace       used 8428K, capacity 8774K, committed 8960K, reserved 1056768K
  class space    used 665K, capacity 690K, committed 768K, reserved 1048576K
Event: 15.129 GC heap after
Heap after GC invocations=36 (full 0):
 PSYoungGen      total 398336K, used 224K [0x000000076b800000, 0x00000007bc000000, 0x00000007c0000000)
  eden space 397824K, 0% used [0x000000076b800000,0x000000076b800000,0x0000000783c80000)
  from space 512K, 43% used [0x00000007bbf80000,0x00000007bbfb8000,0x00000007bc000000)
  to   space 3072K, 0% used [0x00000007bba00000,0x00000007bba00000,0x00000007bbd00000)
 ParOldGen       total 173568K, used 27551K [0x00000006c2800000, 0x00000006cd180000, 0x000000076b800000)
  object space 173568K, 15% used [0x00000006c2800000,0x00000006c42e7e90,0x00000006cd180000)
 Metaspace       used 8428K, capacity 8774K, committed 8960K, reserved 1056768K
  class space    used 665K, capacity 690K, committed 768K, reserved 1048576K
}
Event: 15.449 GC heap before
{Heap before GC invocations=37 (full 0):
 PSYoungGen      total 398336K, used 398048K [0x000000076b800000, 0x00000007bc000000, 0x00000007c0000000)
  eden space 397824K, 100% used [0x000000076b800000,0x0000000783c80000,0x0000000783c80000)
  from space 512K, 43% used [0x00000007bbf80000,0x00000007bbfb8000,0x00000007bc000000)
  to   space 3072K, 0% used [0x00000007bba00000,0x00000007bba00000,0x00000007bbd00000)
 ParOldGen       total 173568K, used 27551K [0x00000006c2800000, 0x00000006cd180000, 0x000000076b800000)
  object space 173568K, 15% used [0x00000006c2800000,0x00000006c42e7e90,0x00000006cd180000)
 Metaspace       used 8428K, capacity 8774K, committed 8960K, reserved 1056768K
  class space    used 665K, capacity 690K, committed 768K, reserved 1048576K
Event: 15.449 GC heap after
Heap after GC invocations=37 (full 0):
 PSYoungGen      total 384000K, used 224K [0x000000076b800000, 0x00000007bc000000, 0x00000007c0000000)
  eden space 380928K, 0% used [0x000000076b800000,0x000000076b800000,0x0000000782c00000)
  from space 3072K, 7% used [0x00000007bba00000,0x00000007bba38000,0x00000007bbd00000)
  to   space 3072K, 0% used [0x00000007bbd00000,0x00000007bbd00000,0x00000007bc000000)
 ParOldGen       total 173568K, used 27551K [0x00000006c2800000, 0x00000006cd180000, 0x000000076b800000)
  object space 173568K, 15% used [0x00000006c2800000,0x00000006c42e7e90,0x00000006cd180000)
 Metaspace       used 8428K, capacity 8774K, committed 8960K, reserved 1056768K
  class space    used 665K, capacity 690K, committed 768K, reserved 1048576K
}
Event: 15.739 GC heap before
{Heap before GC invocations=38 (full 0):
 PSYoungGen      total 384000K, used 381152K [0x000000076b800000, 0x00000007bc000000, 0x00000007c0000000)
  eden space 380928K, 100% used [0x000000076b800000,0x0000000782c00000,0x0000000782c00000)
  from space 3072K, 7% used [0x00000007bba00000,0x00000007bba38000,0x00000007bbd00000)
  to   space 3072K, 0% used [0x00000007bbd00000,0x00000007bbd00000,0x00000007bc000000)
 ParOldGen       total 173568K, used 27551K [0x00000006c2800000, 0x00000006cd180000, 0x000000076b800000)
  object space 173568K, 15% used [0x00000006c2800000,0x00000006c42e7e90,0x00000006cd180000)
 Metaspace       used 8435K, capacity 8774K, committed 8960K, reserved 1056768K
  class space    used 665K, capacity 690K, committed 768K, reserved 1048576K
Event: 15.740 GC heap after
Heap after GC invocations=38 (full 0):
 PSYoungGen      total 365568K, used 224K [0x000000076b800000, 0x00000007bbd80000, 0x00000007c0000000)
  eden space 365056K, 0% used [0x000000076b800000,0x000000076b800000,0x0000000781c80000)
  from space 512K, 43% used [0x00000007bbd00000,0x00000007bbd38000,0x00000007bbd80000)
  to   space 2560K, 0% used [0x00000007bb880000,0x00000007bb880000,0x00000007bbb00000)
 ParOldGen       total 173568K, used 27551K [0x00000006c2800000, 0x00000006cd180000, 0x000000076b800000)
  object space 173568K, 15% used [0x00000006c2800000,0x00000006c42e7e90,0x00000006cd180000)
 Metaspace       used 8435K, capacity 8774K, committed 8960K, reserved 1056768K
  class space    used 665K, capacity 690K, committed 768K, reserved 1048576K
}
Event: 16.028 GC heap before
{Heap before GC invocations=39 (full 0):
 PSYoungGen      total 365568K, used 365280K [0x000000076b800000, 0x00000007bbd80000, 0x00000007c0000000)
  eden space 365056K, 100% used [0x000000076b800000,0x0000000781c80000,0x0000000781c80000)
  from space 512K, 43% used [0x00000007bbd00000,0x00000007bbd38000,0x00000007bbd80000)
  to   space 2560K, 0% used [0x00000007bb880000,0x00000007bb880000,0x00000007bbb00000)
 ParOldGen       total 173568K, used 27551K [0x00000006c2800000, 0x00000006cd180000, 0x000000076b800000)
  object space 173568K, 15% used [0x00000006c2800000,0x00000006c42e7e90,0x00000006cd180000)
 Metaspace       used 8435K, capacity 8774K, committed 8960K, reserved 1056768K
  class space    used 665K, capacity 690K, committed 768K, reserved 1048576K
Event: 16.029 GC heap after
Heap after GC invocations=39 (full 0):
 PSYoungGen      total 352256K, used 224K [0x000000076b800000, 0x00000007bbd80000, 0x00000007c0000000)
  eden space 349696K, 0% used [0x000000076b800000,0x000000076b800000,0x0000000780d80000)
  from space 2560K, 8% used [0x00000007bb880000,0x00000007bb8b8000,0x00000007bbb00000)
  to   space 2560K, 0% used [0x00000007bbb00000,0x00000007bbb00000,0x00000007bbd80000)
 ParOldGen       total 173568K, used 27559K [0x00000006c2800000, 0x00000006cd180000, 0x000000076b800000)
  object space 173568K, 15% used [0x00000006c2800000,0x00000006c42e9e90,0x00000006cd180000)
 Metaspace       used 8435K, capacity 8774K, committed 8960K, reserved 1056768K
  class space    used 665K, capacity 690K, committed 768K, reserved 1048576K
}
Event: 16.293 GC heap before
{Heap before GC invocations=40 (full 0):
 PSYoungGen      total 352256K, used 349920K [0x000000076b800000, 0x00000007bbd80000, 0x00000007c0000000)
  eden space 349696K, 100% used [0x000000076b800000,0x0000000780d80000,0x0000000780d80000)
  from space 2560K, 8% used [0x00000007bb880000,0x00000007bb8b8000,0x00000007bbb00000)
  to   space 2560K, 0% used [0x00000007bbb00000,0x00000007bbb00000,0x00000007bbd80000)
 ParOldGen       total 173568K, used 27559K [0x00000006c2800000, 0x00000006cd180000, 0x000000076b800000)
  object space 173568K, 15% used [0x00000006c2800000,0x00000006c42e9e90,0x00000006cd180000)
 Metaspace       used 8435K, capacity 8774K, committed 8960K, reserved 1056768K
  class space    used 665K, capacity 690K, committed 768K, reserved 1048576K
Event: 16.293 GC heap after
Heap after GC invocations=40 (full 0):
 PSYoungGen      total 335872K, used 224K [0x000000076b800000, 0x00000007bbb80000, 0x00000007c0000000)
  eden space 335360K, 0% used [0x000000076b800000,0x000000076b800000,0x000000077ff80000)
  from space 512K, 43% used [0x00000007bbb00000,0x00000007bbb38000,0x00000007bbb80000)
  to   space 2560K, 0% used [0x00000007bb680000,0x00000007bb680000,0x00000007bb900000)
 ParOldGen       total 173568K, used 27559K [0x00000006c2800000, 0x00000006cd180000, 0x000000076b800000)
  object space 173568K, 15% used [0x00000006c2800000,0x00000006c42e9e90,0x00000006cd180000)
 Metaspace       used 8435K, capacity 8774K, committed 8960K, reserved 1056768K
  class space    used 665K, capacity 690K, committed 768K, reserved 1048576K
}

