# JRE version: Java(TM) SE Runtime Environment (8.0_65-b17) (build 1.8.0_65-b17)
# Java VM: Java HotSpot(TM) 64-Bit Server VM (25.65-b01 mixed mode windows-amd64 compressed oops)
Heap:
 PSYoungGen      total 919040K, used 36893K [0x000000076b800000, 0x00000007abd00000, 0x00000007c0000000)
  eden space 911872K, 4% used [0x000000076b800000,0x000000076dbcf760,0x00000007a3280000)
  from space 7168K, 3% used [0x00000007aaf00000,0x00000007aaf38000,0x00000007ab600000)
  to   space 6656K, 0% used [0x00000007ab680000,0x00000007ab680000,0x00000007abd00000)
 ParOldGen       total 173568K, used 15797K [0x00000006c2800000, 0x00000006cd180000, 0x000000076b800000)
  object space 173568K, 9% used [0x00000006c2800000,0x00000006c376d460,0x00000006cd180000)
 Metaspace       used 8378K, capacity 8774K, committed 8960K, reserved 1056768K
  class space    used 661K, capacity 690K, committed 768K, reserved 1048576K
GC Heap History (10 events):
Event: 2.002 GC heap before
{Heap before GC invocations=13 (full 0):
 PSYoungGen      total 664576K, used 657632K [0x000000076b800000, 0x0000000794900000, 0x00000007c0000000)
  eden space 657408K, 100% used [0x000000076b800000,0x0000000793a00000,0x0000000793a00000)
  from space 7168K, 3% used [0x0000000794200000,0x0000000794238000,0x0000000794900000)
  to   space 7680K, 0% used [0x0000000793a00000,0x0000000793a00000,0x0000000794180000)
 ParOldGen       total 173568K, used 15717K [0x00000006c2800000, 0x00000006cd180000, 0x000000076b800000)
  object space 173568K, 9% used [0x00000006c2800000,0x00000006c3759460,0x00000006cd180000)
 Metaspace       used 8349K, capacity 8710K, committed 8960K, reserved 1056768K
  class space    used 661K, capacity 690K, committed 768K, reserved 1048576K
Event: 2.003 GC heap after
Heap after GC invocations=13 (full 0):
 PSYoungGen      total 665088K, used 224K [0x000000076b800000, 0x00000007aca80000, 0x00000007c0000000)
  eden space 657408K, 0% used [0x000000076b800000,0x000000076b800000,0x0000000793a00000)
  from space 7680K, 2% used [0x0000000793a00000,0x0000000793a38000,0x0000000794180000)
  to   space 7680K, 0% used [0x00000007ac300000,0x00000007ac300000,0x00000007aca80000)
 ParOldGen       total 173568K, used 15733K [0x00000006c2800000, 0x00000006cd180000, 0x000000076b800000)
  object space 173568K, 9% used [0x00000006c2800000,0x00000006c375d460,0x00000006cd180000)
 Metaspace       used 8349K, capacity 8710K, committed 8960K, reserved 1056768K
  class space    used 661K, capacity 690K, committed 768K, reserved 1048576K
}
Event: 2.308 GC heap before
{Heap before GC invocations=14 (full 0):
 PSYoungGen      total 665088K, used 657632K [0x000000076b800000, 0x00000007aca80000, 0x00000007c0000000)
  eden space 657408K, 100% used [0x000000076b800000,0x0000000793a00000,0x0000000793a00000)
  from space 7680K, 2% used [0x0000000793a00000,0x0000000793a38000,0x0000000794180000)
  to   space 7680K, 0% used [0x00000007ac300000,0x00000007ac300000,0x00000007aca80000)
 ParOldGen       total 173568K, used 15733K [0x00000006c2800000, 0x00000006cd180000, 0x000000076b800000)
  object space 173568K, 9% used [0x00000006c2800000,0x00000006c375d460,0x00000006cd180000)
 Metaspace       used 8359K, capacity 8774K, committed 8960K, reserved 1056768K
  class space    used 661K, capacity 690K, committed 768K, reserved 1048576K
Event: 2.308 GC heap after
Heap after GC invocations=14 (full 0):
 PSYoungGen      total 1059840K, used 224K [0x000000076b800000, 0x00000007aca80000, 0x00000007c0000000)
  eden space 1052160K, 0% used [0x000000076b800000,0x000000076b800000,0x00000007abb80000)
  from space 7680K, 2% used [0x00000007ac300000,0x00000007ac338000,0x00000007aca80000)
  to   space 7680K, 0% used [0x00000007abb80000,0x00000007abb80000,0x00000007ac300000)
 ParOldGen       total 173568K, used 15749K [0x00000006c2800000, 0x00000006cd180000, 0x000000076b800000)
  object space 173568K, 9% used [0x00000006c2800000,0x00000006c3761460,0x00000006cd180000)
 Metaspace       used 8359K, capacity 8774K, committed 8960K, reserved 1056768K
  class space    used 661K, capacity 690K, committed 768K, reserved 1048576K
}
Event: 2.817 GC heap before
{Heap before GC invocations=15 (full 0):
 PSYoungGen      total 1059840K, used 1052384K [0x000000076b800000, 0x00000007aca80000, 0x00000007c0000000)
  eden space 1052160K, 100% used [0x000000076b800000,0x00000007abb80000,0x00000007abb80000)
  from space 7680K, 2% used [0x00000007ac300000,0x00000007ac338000,0x00000007aca80000)
  to   space 7680K, 0% used [0x00000007abb80000,0x00000007abb80000,0x00000007ac300000)
 ParOldGen       total 173568K, used 15749K [0x00000006c2800000, 0x00000006cd180000, 0x000000076b800000)
  object space 173568K, 9% used [0x00000006c2800000,0x00000006c3761460,0x00000006cd180000)
 Metaspace       used 8365K, capacity 8774K, committed 8960K, reserved 1056768K
  class space    used 661K, capacity 690K, committed 768K, reserved 1048576K
Event: 2.818 GC heap after
Heap after GC invocations=15 (full 0):
 PSYoungGen      total 1003520K, used 192K [0x000000076b800000, 0x00000007ac380000, 0x00000007c0000000)
  eden space 1003008K, 0% used [0x000000076b800000,0x000000076b800000,0x00000007a8b80000)
  from space 512K, 37% used [0x00000007abb80000,0x00000007abbb0000,0x00000007abc00000)
  to   space 7168K, 0% used [0x00000007abc80000,0x00000007abc80000,0x00000007ac380000)
 ParOldGen       total 173568K, used 15749K [0x00000006c2800000, 0x00000006cd180000, 0x000000076b800000)
  object space 173568K, 9% used [0x00000006c2800000,0x00000006c3761460,0x00000006cd180000)
 Metaspace       used 8365K, capacity 8774K, committed 8960K, reserved 1056768K
  class space    used 661K, capacity 690K, committed 768K, reserved 1048576K
}
Event: 3.233 GC heap before
{Heap before GC invocations=16 (full 0):
 PSYoungGen      total 1003520K, used 1003200K [0x000000076b800000, 0x00000007ac380000, 0x00000007c0000000)
  eden space 1003008K, 100% used [0x000000076b800000,0x00000007a8b80000,0x00000007a8b80000)
  from space 512K, 37% used [0x00000007abb80000,0x00000007abbb0000,0x00000007abc00000)
  to   space 7168K, 0% used [0x00000007abc80000,0x00000007abc80000,0x00000007ac380000)
 ParOldGen       total 173568K, used 15749K [0x00000006c2800000, 0x00000006cd180000, 0x000000076b800000)
  object space 173568K, 9% used [0x00000006c2800000,0x00000006c3761460,0x00000006cd180000)
 Metaspace       used 8369K, capacity 8774K, committed 8960K, reserved 1056768K
  class space    used 661K, capacity 690K, committed 768K, reserved 1048576K
Event: 3.233 GC heap after
Heap after GC invocations=16 (full 0):
 PSYoungGen      total 956928K, used 224K [0x000000076b800000, 0x00000007abd00000, 0x00000007c0000000)
  eden space 956416K, 0% used [0x000000076b800000,0x000000076b800000,0x00000007a5e00000)
  from space 512K, 43% used [0x00000007abc80000,0x00000007abcb8000,0x00000007abd00000)
  to   space 7168K, 0% used [0x00000007aaf00000,0x00000007aaf00000,0x00000007ab600000)
 ParOldGen       total 173568K, used 15749K [0x00000006c2800000, 0x00000006cd180000, 0x000000076b800000)
  object space 173568K, 9% used [0x00000006c2800000,0x00000006c3761460,0x00000006cd180000)
 Metaspace       used 8369K, capacity 8774K, committed 8960K, reserved 1056768K
  class space    used 661K, capacity 690K, committed 768K, reserved 1048576K
}
Event: 3.631 GC heap before
{Heap before GC invocations=17 (full 0):
 PSYoungGen      total 956928K, used 956640K [0x000000076b800000, 0x00000007abd00000, 0x00000007c0000000)
  eden space 956416K, 100% used [0x000000076b800000,0x00000007a5e00000,0x00000007a5e00000)
  from space 512K, 43% used [0x00000007abc80000,0x00000007abcb8000,0x00000007abd00000)
  to   space 7168K, 0% used [0x00000007aaf00000,0x00000007aaf00000,0x00000007ab600000)
 ParOldGen       total 173568K, used 15749K [0x00000006c2800000, 0x00000006cd180000, 0x000000076b800000)
  object space 173568K, 9% used [0x00000006c2800000,0x00000006c3761460,0x00000006cd180000)
 Metaspace       used 8378K, capacity 8774K, committed 8960K, reserved 1056768K
  class space    used 661K, capacity 690K, committed 768K, reserved 1048576K
Event: 3.631 GC heap after
Heap after GC invocations=17 (full 0):
 PSYoungGen      total 919040K, used 224K [0x000000076b800000, 0x00000007abd00000, 0x00000007c0000000)
  eden space 911872K, 0% used [0x000000076b800000,0x000000076b800000,0x00000007a3280000)
  from space 7168K, 3% used [0x00000007aaf00000,0x00000007aaf38000,0x00000007ab600000)
  to   space 6656K, 0% used [0x00000007ab680000,0x00000007ab680000,0x00000007abd00000)
 ParOldGen       total 173568K, used 15797K [0x00000006c2800000, 0x00000006cd180000, 0x000000076b800000)
  object space 173568K, 9% used [0x00000006c2800000,0x00000006c376d460,0x00000006cd180000)
 Metaspace       used 8378K, capacity 8774K, committed 8960K, reserved 1056768K
  class space    used 661K, capacity 690K, committed 768K, reserved 1048576K
}

