# JRE version: Java(TM) SE Runtime Environment (8.0_65-b17) (build 1.8.0_65-b17)
# Java VM: Java HotSpot(TM) 64-Bit Server VM (25.65-b01 mixed mode windows-amd64 compressed oops)
Heap:
 PSYoungGen      total 560640K, used 330506K [0x000000076b800000, 0x0000000791080000, 0x00000007c0000000)
  eden space 560128K, 58% used [0x000000076b800000,0x000000077fa9a820,0x000000078db00000)
  from space 512K, 31% used [0x0000000791000000,0x0000000791028000,0x0000000791080000)
  to   space 5632K, 0% used [0x0000000790580000,0x0000000790580000,0x0000000790b00000)
 ParOldGen       total 173568K, used 11510K [0x00000006c2800000, 0x00000006cd180000, 0x000000076b800000)
  object space 173568K, 6% used [0x00000006c2800000,0x00000006c333dba8,0x00000006cd180000)
 Metaspace       used 8324K, capacity 8710K, committed 8960K, reserved 1056768K
  class space    used 660K, capacity 690K, committed 768K, reserved 1048576K
GC Heap History (10 events):
Event: 1.851 GC heap before
{Heap before GC invocations=10 (full 0):
 PSYoungGen      total 259584K, used 259576K [0x000000076b800000, 0x0000000783a80000, 0x00000007c0000000)
  eden space 257024K, 100% used [0x000000076b800000,0x000000077b300000,0x000000077b300000)
  from space 2560K, 99% used [0x000000077b300000,0x000000077b57e1f0,0x000000077b580000)
  to   space 6144K, 0% used [0x0000000783480000,0x0000000783480000,0x0000000783a80000)
 ParOldGen       total 173568K, used 10766K [0x00000006c2800000, 0x00000006cd180000, 0x000000076b800000)
  object space 173568K, 6% used [0x00000006c2800000,0x00000006c3283ba8,0x00000006cd180000)
 Metaspace       used 8287K, capacity 8710K, committed 8960K, reserved 1056768K
  class space    used 660K, capacity 690K, committed 768K, reserved 1048576K
Event: 1.853 GC heap after
Heap after GC invocations=10 (full 0):
 PSYoungGen      total 389632K, used 288K [0x000000076b800000, 0x0000000785600000, 0x00000007c0000000)
  eden space 383488K, 0% used [0x000000076b800000,0x000000076b800000,0x0000000782e80000)
  from space 6144K, 4% used [0x0000000783480000,0x00000007834c8000,0x0000000783a80000)
  to   space 6144K, 0% used [0x0000000782e80000,0x0000000782e80000,0x0000000783480000)
 ParOldGen       total 173568K, used 11262K [0x00000006c2800000, 0x00000006cd180000, 0x000000076b800000)
  object space 173568K, 6% used [0x00000006c2800000,0x00000006c32ffba8,0x00000006cd180000)
 Metaspace       used 8287K, capacity 8710K, committed 8960K, reserved 1056768K
  class space    used 660K, capacity 690K, committed 768K, reserved 1048576K
}
Event: 2.072 GC heap before
{Heap before GC invocations=11 (full 0):
 PSYoungGen      total 389632K, used 383776K [0x000000076b800000, 0x0000000785600000, 0x00000007c0000000)
  eden space 383488K, 100% used [0x000000076b800000,0x0000000782e80000,0x0000000782e80000)
  from space 6144K, 4% used [0x0000000783480000,0x00000007834c8000,0x0000000783a80000)
  to   space 6144K, 0% used [0x0000000782e80000,0x0000000782e80000,0x0000000783480000)
 ParOldGen       total 173568K, used 11262K [0x00000006c2800000, 0x00000006cd180000, 0x000000076b800000)
  object space 173568K, 6% used [0x00000006c2800000,0x00000006c32ffba8,0x00000006cd180000)
 Metaspace       used 8290K, capacity 8710K, committed 8960K, reserved 1056768K
  class space    used 660K, capacity 690K, committed 768K, reserved 1048576K
Event: 2.075 GC heap after
Heap after GC invocations=11 (full 0):
 PSYoungGen      total 389632K, used 64K [0x000000076b800000, 0x0000000791b80000, 0x00000007c0000000)
  eden space 383488K, 0% used [0x000000076b800000,0x000000076b800000,0x0000000782e80000)
  from space 6144K, 1% used [0x0000000782e80000,0x0000000782e90000,0x0000000783480000)
  to   space 6144K, 0% used [0x0000000791580000,0x0000000791580000,0x0000000791b80000)
 ParOldGen       total 173568K, used 11478K [0x00000006c2800000, 0x00000006cd180000, 0x000000076b800000)
  object space 173568K, 6% used [0x00000006c2800000,0x00000006c3335ba8,0x00000006cd180000)
 Metaspace       used 8290K, capacity 8710K, committed 8960K, reserved 1056768K
  class space    used 660K, capacity 690K, committed 768K, reserved 1048576K
}
Event: 2.362 GC heap before
{Heap before GC invocations=12 (full 0):
 PSYoungGen      total 389632K, used 383552K [0x000000076b800000, 0x0000000791b80000, 0x00000007c0000000)
  eden space 383488K, 100% used [0x000000076b800000,0x0000000782e80000,0x0000000782e80000)
  from space 6144K, 1% used [0x0000000782e80000,0x0000000782e90000,0x0000000783480000)
  to   space 6144K, 0% used [0x0000000791580000,0x0000000791580000,0x0000000791b80000)
 ParOldGen       total 173568K, used 11478K [0x00000006c2800000, 0x00000006cd180000, 0x000000076b800000)
  object space 173568K, 6% used [0x00000006c2800000,0x00000006c3335ba8,0x00000006cd180000)
 Metaspace       used 8293K, capacity 8710K, committed 8960K, reserved 1056768K
  class space    used 660K, capacity 690K, committed 768K, reserved 1048576K
Event: 2.363 GC heap after
Heap after GC invocations=12 (full 0):
 PSYoungGen      total 620032K, used 192K [0x000000076b800000, 0x0000000791b80000, 0x00000007c0000000)
  eden space 613888K, 0% used [0x000000076b800000,0x000000076b800000,0x0000000790f80000)
  from space 6144K, 3% used [0x0000000791580000,0x00000007915b0000,0x0000000791b80000)
  to   space 6144K, 0% used [0x0000000790f80000,0x0000000790f80000,0x0000000791580000)
 ParOldGen       total 173568K, used 11478K [0x00000006c2800000, 0x00000006cd180000, 0x000000076b800000)
  object space 173568K, 6% used [0x00000006c2800000,0x00000006c3335ba8,0x00000006cd180000)
 Metaspace       used 8293K, capacity 8710K, committed 8960K, reserved 1056768K
  class space    used 660K, capacity 690K, committed 768K, reserved 1048576K
}
Event: 2.870 GC heap before
{Heap before GC invocations=13 (full 0):
 PSYoungGen      total 620032K, used 614080K [0x000000076b800000, 0x0000000791b80000, 0x00000007c0000000)
  eden space 613888K, 100% used [0x000000076b800000,0x0000000790f80000,0x0000000790f80000)
  from space 6144K, 3% used [0x0000000791580000,0x00000007915b0000,0x0000000791b80000)
  to   space 6144K, 0% used [0x0000000790f80000,0x0000000790f80000,0x0000000791580000)
 ParOldGen       total 173568K, used 11478K [0x00000006c2800000, 0x00000006cd180000, 0x000000076b800000)
  object space 173568K, 6% used [0x00000006c2800000,0x00000006c3335ba8,0x00000006cd180000)
 Metaspace       used 8312K, capacity 8710K, committed 8960K, reserved 1056768K
  class space    used 660K, capacity 690K, committed 768K, reserved 1048576K
Event: 2.871 GC heap after
Heap after GC invocations=13 (full 0):
 PSYoungGen      total 586752K, used 160K [0x000000076b800000, 0x0000000791600000, 0x00000007c0000000)
  eden space 586240K, 0% used [0x000000076b800000,0x000000076b800000,0x000000078f480000)
  from space 512K, 31% used [0x0000000790f80000,0x0000000790fa8000,0x0000000791000000)
  to   space 6144K, 0% used [0x0000000791000000,0x0000000791000000,0x0000000791600000)
 ParOldGen       total 173568K, used 11478K [0x00000006c2800000, 0x00000006cd180000, 0x000000076b800000)
  object space 173568K, 6% used [0x00000006c2800000,0x00000006c3335ba8,0x00000006cd180000)
 Metaspace       used 8312K, capacity 8710K, committed 8960K, reserved 1056768K
  class space    used 660K, capacity 690K, committed 768K, reserved 1048576K
}
Event: 3.279 GC heap before
{Heap before GC invocations=14 (full 0):
 PSYoungGen      total 586752K, used 586400K [0x000000076b800000, 0x0000000791600000, 0x00000007c0000000)
  eden space 586240K, 100% used [0x000000076b800000,0x000000078f480000,0x000000078f480000)
  from space 512K, 31% used [0x0000000790f80000,0x0000000790fa8000,0x0000000791000000)
  to   space 6144K, 0% used [0x0000000791000000,0x0000000791000000,0x0000000791600000)
 ParOldGen       total 173568K, used 11478K [0x00000006c2800000, 0x00000006cd180000, 0x000000076b800000)
  object space 173568K, 6% used [0x00000006c2800000,0x00000006c3335ba8,0x00000006cd180000)
 Metaspace       used 8318K, capacity 8710K, committed 8960K, reserved 1056768K
  class space    used 660K, capacity 690K, committed 768K, reserved 1048576K
Event: 3.280 GC heap after
Heap after GC invocations=14 (full 0):
 PSYoungGen      total 560640K, used 160K [0x000000076b800000, 0x0000000791080000, 0x00000007c0000000)
  eden space 560128K, 0% used [0x000000076b800000,0x000000076b800000,0x000000078db00000)
  from space 512K, 31% used [0x0000000791000000,0x0000000791028000,0x0000000791080000)
  to   space 5632K, 0% used [0x0000000790580000,0x0000000790580000,0x0000000790b00000)
 ParOldGen       total 173568K, used 11510K [0x00000006c2800000, 0x00000006cd180000, 0x000000076b800000)
  object space 173568K, 6% used [0x00000006c2800000,0x00000006c333dba8,0x00000006cd180000)
 Metaspace       used 8318K, capacity 8710K, committed 8960K, reserved 1056768K
  class space    used 660K, capacity 690K, committed 768K, reserved 1048576K
}

