# JRE version: Java(TM) SE Runtime Environment (8.0_65-b17) (build 1.8.0_65-b17)
# Java VM: Java HotSpot(TM) 64-Bit Server VM (25.65-b01 mixed mode windows-amd64 compressed oops)
Heap:
 PSYoungGen      total 832512K, used 594701K [0x000000076b800000, 0x00000007bd580000, 0x00000007c0000000)
  eden space 807936K, 73% used [0x000000076b800000,0x000000078fc83528,0x000000079cd00000)
  from space 24576K, 1% used [0x000000079cd00000,0x000000079cd40000,0x000000079e500000)
  to   space 24064K, 0% used [0x00000007bbe00000,0x00000007bbe00000,0x00000007bd580000)
 ParOldGen       total 173568K, used 24728K [0x00000006c2800000, 0x00000006cd180000, 0x000000076b800000)
  object space 173568K, 14% used [0x00000006c2800000,0x00000006c4026070,0x00000006cd180000)
 Metaspace       used 8549K, capacity 8742K, committed 8960K, reserved 1056768K
  class space    used 686K, capacity 722K, committed 768K, reserved 1048576K
GC Heap History (10 events):
Event: 1.563 GC heap before
{Heap before GC invocations=7 (full 0):
 PSYoungGen      total 271360K, used 271350K [0x000000076b800000, 0x000000077ea00000, 0x00000007c0000000)
  eden space 252416K, 100% used [0x000000076b800000,0x000000077ae80000,0x000000077ae80000)
  from space 18944K, 99% used [0x000000077c880000,0x000000077dafd988,0x000000077db00000)
  to   space 26624K, 0% used [0x000000077ae80000,0x000000077ae80000,0x000000077c880000)
 ParOldGen       total 173568K, used 16488K [0x00000006c2800000, 0x00000006cd180000, 0x000000076b800000)
  object space 173568K, 9% used [0x00000006c2800000,0x00000006c381a000,0x00000006cd180000)
 Metaspace       used 8440K, capacity 8678K, committed 8960K, reserved 1056768K
  class space    used 686K, capacity 722K, committed 768K, reserved 1048576K
Event: 1.571 GC heap after
Heap after GC invocations=7 (full 0):
 PSYoungGen      total 279040K, used 6016K [0x000000076b800000, 0x000000078d700000, 0x00000007c0000000)
  eden space 252416K, 0% used [0x000000076b800000,0x000000076b800000,0x000000077ae80000)
  from space 26624K, 22% used [0x000000077ae80000,0x000000077b460000,0x000000077c880000)
  to   space 25600K, 0% used [0x000000078be00000,0x000000078be00000,0x000000078d700000)
 ParOldGen       total 173568K, used 18768K [0x00000006c2800000, 0x00000006cd180000, 0x000000076b800000)
  object space 173568K, 10% used [0x00000006c2800000,0x00000006c3a54070,0x00000006cd180000)
 Metaspace       used 8440K, capacity 8678K, committed 8960K, reserved 1056768K
  class space    used 686K, capacity 722K, committed 768K, reserved 1048576K
}
Event: 2.469 GC heap before
{Heap before GC invocations=8 (full 0):
 PSYoungGen      total 279040K, used 258432K [0x000000076b800000, 0x000000078d700000, 0x00000007c0000000)
  eden space 252416K, 100% used [0x000000076b800000,0x000000077ae80000,0x000000077ae80000)
  from space 26624K, 22% used [0x000000077ae80000,0x000000077b460000,0x000000077c880000)
  to   space 25600K, 0% used [0x000000078be00000,0x000000078be00000,0x000000078d700000)
 ParOldGen       total 173568K, used 18768K [0x00000006c2800000, 0x00000006cd180000, 0x000000076b800000)
  object space 173568K, 10% used [0x00000006c2800000,0x00000006c3a54070,0x00000006cd180000)
 Metaspace       used 8472K, capacity 8678K, committed 8960K, reserved 1056768K
  class space    used 686K, capacity 722K, committed 768K, reserved 1048576K
Event: 2.473 GC heap after
Heap after GC invocations=8 (full 0):
 PSYoungGen      total 528384K, used 5440K [0x000000076b800000, 0x000000078d500000, 0x00000007c0000000)
  eden space 504832K, 0% used [0x000000076b800000,0x000000076b800000,0x000000078a500000)
  from space 23552K, 23% used [0x000000078be00000,0x000000078c350000,0x000000078d500000)
  to   space 24576K, 0% used [0x000000078a500000,0x000000078a500000,0x000000078bd00000)
 ParOldGen       total 173568K, used 19352K [0x00000006c2800000, 0x00000006cd180000, 0x000000076b800000)
  object space 173568K, 11% used [0x00000006c2800000,0x00000006c3ae6070,0x00000006cd180000)
 Metaspace       used 8472K, capacity 8678K, committed 8960K, reserved 1056768K
  class space    used 686K, capacity 722K, committed 768K, reserved 1048576K
}
Event: 4.527 GC heap before
{Heap before GC invocations=9 (full 0):
 PSYoungGen      total 528384K, used 510272K [0x000000076b800000, 0x000000078d500000, 0x00000007c0000000)
  eden space 504832K, 100% used [0x000000076b800000,0x000000078a500000,0x000000078a500000)
  from space 23552K, 23% used [0x000000078be00000,0x000000078c350000,0x000000078d500000)
  to   space 24576K, 0% used [0x000000078a500000,0x000000078a500000,0x000000078bd00000)
 ParOldGen       total 173568K, used 19352K [0x00000006c2800000, 0x00000006cd180000, 0x000000076b800000)
  object space 173568K, 11% used [0x00000006c2800000,0x00000006c3ae6070,0x00000006cd180000)
 Metaspace       used 8497K, capacity 8678K, committed 8960K, reserved 1056768K
  class space    used 686K, capacity 722K, committed 768K, reserved 1048576K
Event: 4.530 GC heap after
Heap after GC invocations=9 (full 0):
 PSYoungGen      total 529408K, used 800K [0x000000076b800000, 0x000000079fd00000, 0x00000007c0000000)
  eden space 504832K, 0% used [0x000000076b800000,0x000000076b800000,0x000000078a500000)
  from space 24576K, 3% used [0x000000078a500000,0x000000078a5c8000,0x000000078bd00000)
  to   space 24576K, 0% used [0x000000079e500000,0x000000079e500000,0x000000079fd00000)
 ParOldGen       total 173568K, used 24104K [0x00000006c2800000, 0x00000006cd180000, 0x000000076b800000)
  object space 173568K, 13% used [0x00000006c2800000,0x00000006c3f8a070,0x00000006cd180000)
 Metaspace       used 8497K, capacity 8678K, committed 8960K, reserved 1056768K
  class space    used 686K, capacity 722K, committed 768K, reserved 1048576K
}
Event: 7.703 GC heap before
{Heap before GC invocations=10 (full 0):
 PSYoungGen      total 529408K, used 505632K [0x000000076b800000, 0x000000079fd00000, 0x00000007c0000000)
  eden space 504832K, 100% used [0x000000076b800000,0x000000078a500000,0x000000078a500000)
  from space 24576K, 3% used [0x000000078a500000,0x000000078a5c8000,0x000000078bd00000)
  to   space 24576K, 0% used [0x000000079e500000,0x000000079e500000,0x000000079fd00000)
 ParOldGen       total 173568K, used 24104K [0x00000006c2800000, 0x00000006cd180000, 0x000000076b800000)
  object space 173568K, 13% used [0x00000006c2800000,0x00000006c3f8a070,0x00000006cd180000)
 Metaspace       used 8523K, capacity 8742K, committed 8960K, reserved 1056768K
  class space    used 686K, capacity 722K, committed 768K, reserved 1048576K
Event: 7.705 GC heap after
Heap after GC invocations=10 (full 0):
 PSYoungGen      total 832512K, used 256K [0x000000076b800000, 0x000000079fd00000, 0x00000007c0000000)
  eden space 807936K, 0% used [0x000000076b800000,0x000000076b800000,0x000000079cd00000)
  from space 24576K, 1% used [0x000000079e500000,0x000000079e540000,0x000000079fd00000)
  to   space 24576K, 0% used [0x000000079cd00000,0x000000079cd00000,0x000000079e500000)
 ParOldGen       total 173568K, used 24712K [0x00000006c2800000, 0x00000006cd180000, 0x000000076b800000)
  object space 173568K, 14% used [0x00000006c2800000,0x00000006c4022070,0x00000006cd180000)
 Metaspace       used 8523K, capacity 8742K, committed 8960K, reserved 1056768K
  class space    used 686K, capacity 722K, committed 768K, reserved 1048576K
}
Event: 12.484 GC heap before
{Heap before GC invocations=11 (full 0):
 PSYoungGen      total 832512K, used 808192K [0x000000076b800000, 0x000000079fd00000, 0x00000007c0000000)
  eden space 807936K, 100% used [0x000000076b800000,0x000000079cd00000,0x000000079cd00000)
  from space 24576K, 1% used [0x000000079e500000,0x000000079e540000,0x000000079fd00000)
  to   space 24576K, 0% used [0x000000079cd00000,0x000000079cd00000,0x000000079e500000)
 ParOldGen       total 173568K, used 24712K [0x00000006c2800000, 0x00000006cd180000, 0x000000076b800000)
  object space 173568K, 14% used [0x00000006c2800000,0x00000006c4022070,0x00000006cd180000)
 Metaspace       used 8542K, capacity 8742K, committed 8960K, reserved 1056768K
  class space    used 686K, capacity 722K, committed 768K, reserved 1048576K
Event: 12.485 GC heap after
Heap after GC invocations=11 (full 0):
 PSYoungGen      total 832512K, used 256K [0x000000076b800000, 0x00000007bd580000, 0x00000007c0000000)
  eden space 807936K, 0% used [0x000000076b800000,0x000000076b800000,0x000000079cd00000)
  from space 24576K, 1% used [0x000000079cd00000,0x000000079cd40000,0x000000079e500000)
  to   space 24064K, 0% used [0x00000007bbe00000,0x00000007bbe00000,0x00000007bd580000)
 ParOldGen       total 173568K, used 24728K [0x00000006c2800000, 0x00000006cd180000, 0x000000076b800000)
  object space 173568K, 14% used [0x00000006c2800000,0x00000006c4026070,0x00000006cd180000)
 Metaspace       used 8542K, capacity 8742K, committed 8960K, reserved 1056768K
  class space    used 686K, capacity 722K, committed 768K, reserved 1048576K
}

