# JRE version: Java(TM) SE Runtime Environment (8.0_65-b17) (build 1.8.0_65-b17)
# Java VM: Java HotSpot(TM) 64-Bit Server VM (25.65-b01 mixed mode windows-amd64 compressed oops)
Heap:
 PSYoungGen      total 1100288K, used 442960K [0x000000076b800000, 0x00000007bbe80000, 0x00000007c0000000)
  eden space 1099776K, 40% used [0x000000076b800000,0x0000000786854020,0x00000007aea00000)
  from space 512K, 50% used [0x00000007bbe00000,0x00000007bbe40000,0x00000007bbe80000)
  to   space 19456K, 0% used [0x00000007b9880000,0x00000007b9880000,0x00000007bab80000)
 ParOldGen       total 173568K, used 24468K [0x00000006c2800000, 0x00000006cd180000, 0x000000076b800000)
  object space 173568K, 14% used [0x00000006c2800000,0x00000006c3fe5060,0x00000006cd180000)
 Metaspace       used 8535K, capacity 8806K, committed 8960K, reserved 1056768K
  class space    used 687K, capacity 722K, committed 768K, reserved 1048576K
GC Heap History (10 events):
Event: 7.290 GC heap before
{Heap before GC invocations=14 (full 0):
 PSYoungGen      total 1309696K, used 1284832K [0x000000076b800000, 0x00000007bfe80000, 0x00000007c0000000)
  eden space 1284608K, 100% used [0x000000076b800000,0x00000007b9e80000,0x00000007b9e80000)
  from space 25088K, 0% used [0x00000007b9e80000,0x00000007b9eb8000,0x00000007bb700000)
  to   space 24064K, 0% used [0x00000007be700000,0x00000007be700000,0x00000007bfe80000)
 ParOldGen       total 173568K, used 24380K [0x00000006c2800000, 0x00000006cd180000, 0x000000076b800000)
  object space 173568K, 14% used [0x00000006c2800000,0x00000006c3fcf060,0x00000006cd180000)
 Metaspace       used 8525K, capacity 8806K, committed 8960K, reserved 1056768K
  class space    used 687K, capacity 722K, committed 768K, reserved 1048576K
Event: 7.291 GC heap after
Heap after GC invocations=14 (full 0):
 PSYoungGen      total 1357824K, used 256K [0x000000076b800000, 0x00000007bfd00000, 0x00000007c0000000)
  eden space 1335296K, 0% used [0x000000076b800000,0x000000076b800000,0x00000007bd000000)
  from space 22528K, 1% used [0x00000007be700000,0x00000007be740000,0x00000007bfd00000)
  to   space 23040K, 0% used [0x00000007bd000000,0x00000007bd000000,0x00000007be680000)
 ParOldGen       total 173568K, used 24380K [0x00000006c2800000, 0x00000006cd180000, 0x000000076b800000)
  object space 173568K, 14% used [0x00000006c2800000,0x00000006c3fcf060,0x00000006cd180000)
 Metaspace       used 8525K, capacity 8806K, committed 8960K, reserved 1056768K
  class space    used 687K, capacity 722K, committed 768K, reserved 1048576K
}
Event: 8.925 GC heap before
{Heap before GC invocations=15 (full 0):
 PSYoungGen      total 1357824K, used 1335552K [0x000000076b800000, 0x00000007bfd00000, 0x00000007c0000000)
  eden space 1335296K, 100% used [0x000000076b800000,0x00000007bd000000,0x00000007bd000000)
  from space 22528K, 1% used [0x00000007be700000,0x00000007be740000,0x00000007bfd00000)
  to   space 23040K, 0% used [0x00000007bd000000,0x00000007bd000000,0x00000007be680000)
 ParOldGen       total 173568K, used 24380K [0x00000006c2800000, 0x00000006cd180000, 0x000000076b800000)
  object space 173568K, 14% used [0x00000006c2800000,0x00000006c3fcf060,0x00000006cd180000)
 Metaspace       used 8525K, capacity 8806K, committed 8960K, reserved 1056768K
  class space    used 687K, capacity 722K, committed 768K, reserved 1048576K
Event: 8.926 GC heap after
Heap after GC invocations=15 (full 0):
 PSYoungGen      total 1272320K, used 256K [0x000000076b800000, 0x00000007be780000, 0x00000007c0000000)
  eden space 1271808K, 0% used [0x000000076b800000,0x000000076b800000,0x00000007b9200000)
  from space 512K, 50% used [0x00000007bd000000,0x00000007bd040000,0x00000007bd080000)
  to   space 22528K, 0% used [0x00000007bd180000,0x00000007bd180000,0x00000007be780000)
 ParOldGen       total 173568K, used 24388K [0x00000006c2800000, 0x00000006cd180000, 0x000000076b800000)
  object space 173568K, 14% used [0x00000006c2800000,0x00000006c3fd1060,0x00000006cd180000)
 Metaspace       used 8525K, capacity 8806K, committed 8960K, reserved 1056768K
  class space    used 687K, capacity 722K, committed 768K, reserved 1048576K
}
Event: 10.232 GC heap before
{Heap before GC invocations=16 (full 0):
 PSYoungGen      total 1272320K, used 1272064K [0x000000076b800000, 0x00000007be780000, 0x00000007c0000000)
  eden space 1271808K, 100% used [0x000000076b800000,0x00000007b9200000,0x00000007b9200000)
  from space 512K, 50% used [0x00000007bd000000,0x00000007bd040000,0x00000007bd080000)
  to   space 22528K, 0% used [0x00000007bd180000,0x00000007bd180000,0x00000007be780000)
 ParOldGen       total 173568K, used 24388K [0x00000006c2800000, 0x00000006cd180000, 0x000000076b800000)
  object space 173568K, 14% used [0x00000006c2800000,0x00000006c3fd1060,0x00000006cd180000)
 Metaspace       used 8533K, capacity 8806K, committed 8960K, reserved 1056768K
  class space    used 687K, capacity 722K, committed 768K, reserved 1048576K
Event: 10.233 GC heap after
Heap after GC invocations=16 (full 0):
 PSYoungGen      total 1211904K, used 256K [0x000000076b800000, 0x00000007bd200000, 0x00000007c0000000)
  eden space 1211392K, 0% used [0x000000076b800000,0x000000076b800000,0x00000007b5700000)
  from space 512K, 50% used [0x00000007bd180000,0x00000007bd1c0000,0x00000007bd200000)
  to   space 21504K, 0% used [0x00000007ba800000,0x00000007ba800000,0x00000007bbd00000)
 ParOldGen       total 173568K, used 24412K [0x00000006c2800000, 0x00000006cd180000, 0x000000076b800000)
  object space 173568K, 14% used [0x00000006c2800000,0x00000006c3fd7060,0x00000006cd180000)
 Metaspace       used 8533K, capacity 8806K, committed 8960K, reserved 1056768K
  class space    used 687K, capacity 722K, committed 768K, reserved 1048576K
}
Event: 11.515 GC heap before
{Heap before GC invocations=17 (full 0):
 PSYoungGen      total 1211904K, used 1211648K [0x000000076b800000, 0x00000007bd200000, 0x00000007c0000000)
  eden space 1211392K, 100% used [0x000000076b800000,0x00000007b5700000,0x00000007b5700000)
  from space 512K, 50% used [0x00000007bd180000,0x00000007bd1c0000,0x00000007bd200000)
  to   space 21504K, 0% used [0x00000007ba800000,0x00000007ba800000,0x00000007bbd00000)
 ParOldGen       total 173568K, used 24412K [0x00000006c2800000, 0x00000006cd180000, 0x000000076b800000)
  object space 173568K, 14% used [0x00000006c2800000,0x00000006c3fd7060,0x00000006cd180000)
 Metaspace       used 8533K, capacity 8806K, committed 8960K, reserved 1056768K
  class space    used 687K, capacity 722K, committed 768K, reserved 1048576K
Event: 11.515 GC heap after
Heap after GC invocations=17 (full 0):
 PSYoungGen      total 1175552K, used 224K [0x000000076b800000, 0x00000007bd200000, 0x00000007c0000000)
  eden space 1154048K, 0% used [0x000000076b800000,0x000000076b800000,0x00000007b1f00000)
  from space 21504K, 1% used [0x00000007ba800000,0x00000007ba838000,0x00000007bbd00000)
  to   space 20480K, 0% used [0x00000007bbe00000,0x00000007bbe00000,0x00000007bd200000)
 ParOldGen       total 173568K, used 24436K [0x00000006c2800000, 0x00000006cd180000, 0x000000076b800000)
  object space 173568K, 14% used [0x00000006c2800000,0x00000006c3fdd060,0x00000006cd180000)
 Metaspace       used 8533K, capacity 8806K, committed 8960K, reserved 1056768K
  class space    used 687K, capacity 722K, committed 768K, reserved 1048576K
}
Event: 12.673 GC heap before
{Heap before GC invocations=18 (full 0):
 PSYoungGen      total 1175552K, used 1154272K [0x000000076b800000, 0x00000007bd200000, 0x00000007c0000000)
  eden space 1154048K, 100% used [0x000000076b800000,0x00000007b1f00000,0x00000007b1f00000)
  from space 21504K, 1% used [0x00000007ba800000,0x00000007ba838000,0x00000007bbd00000)
  to   space 20480K, 0% used [0x00000007bbe00000,0x00000007bbe00000,0x00000007bd200000)
 ParOldGen       total 173568K, used 24436K [0x00000006c2800000, 0x00000006cd180000, 0x000000076b800000)
  object space 173568K, 14% used [0x00000006c2800000,0x00000006c3fdd060,0x00000006cd180000)
 Metaspace       used 8535K, capacity 8806K, committed 8960K, reserved 1056768K
  class space    used 687K, capacity 722K, committed 768K, reserved 1048576K
Event: 12.675 GC heap after
Heap after GC invocations=18 (full 0):
 PSYoungGen      total 1100288K, used 256K [0x000000076b800000, 0x00000007bbe80000, 0x00000007c0000000)
  eden space 1099776K, 0% used [0x000000076b800000,0x000000076b800000,0x00000007aea00000)
  from space 512K, 50% used [0x00000007bbe00000,0x00000007bbe40000,0x00000007bbe80000)
  to   space 19456K, 0% used [0x00000007b9880000,0x00000007b9880000,0x00000007bab80000)
 ParOldGen       total 173568K, used 24468K [0x00000006c2800000, 0x00000006cd180000, 0x000000076b800000)
  object space 173568K, 14% used [0x00000006c2800000,0x00000006c3fe5060,0x00000006cd180000)
 Metaspace       used 8535K, capacity 8806K, committed 8960K, reserved 1056768K
  class space    used 687K, capacity 722K, committed 768K, reserved 1048576K
}

