# JRE version: Java(TM) SE Runtime Environment (8.0_65-b17) (build 1.8.0_65-b17)
# Java VM: Java HotSpot(TM) 64-Bit Server VM (25.65-b01 mixed mode windows-amd64 compressed oops)
Heap:
 PSYoungGen      total 521728K, used 62707K [0x000000076b800000, 0x000000079d500000, 0x00000007c0000000)
  eden space 521216K, 11% used [0x000000076b800000,0x000000076f50cd40,0x000000078b500000)
  from space 512K, 37% used [0x000000079d480000,0x000000079d4b0000,0x000000079d500000)
  to   space 3072K, 0% used [0x000000079cf00000,0x000000079cf00000,0x000000079d200000)
 ParOldGen       total 173568K, used 5743K [0x00000006c2800000, 0x00000006cd180000, 0x000000076b800000)
  object space 173568K, 3% used [0x00000006c2800000,0x00000006c2d9bc38,0x00000006cd180000)
 Metaspace       used 8302K, capacity 8710K, committed 8960K, reserved 1056768K
  class space    used 660K, capacity 690K, committed 768K, reserved 1048576K
GC Heap History (10 events):
Event: 3.736 GC heap before
{Heap before GC invocations=16 (full 0):
 PSYoungGen      total 658944K, used 655072K [0x000000076b800000, 0x000000079dd80000, 0x00000007c0000000)
  eden space 654848K, 100% used [0x000000076b800000,0x0000000793780000,0x0000000793780000)
  from space 4096K, 5% used [0x000000079d580000,0x000000079d5b8000,0x000000079d980000)
  to   space 3584K, 0% used [0x000000079da00000,0x000000079da00000,0x000000079dd80000)
 ParOldGen       total 173568K, used 5727K [0x00000006c2800000, 0x00000006cd180000, 0x000000076b800000)
  object space 173568K, 3% used [0x00000006c2800000,0x00000006c2d97c38,0x00000006cd180000)
 Metaspace       used 8300K, capacity 8710K, committed 8960K, reserved 1056768K
  class space    used 660K, capacity 690K, committed 768K, reserved 1048576K
Event: 3.737 GC heap after
Heap after GC invocations=16 (full 0):
 PSYoungGen      total 625664K, used 224K [0x000000076b800000, 0x000000079da80000, 0x00000007c0000000)
  eden space 625152K, 0% used [0x000000076b800000,0x000000076b800000,0x0000000791a80000)
  from space 512K, 43% used [0x000000079da00000,0x000000079da38000,0x000000079da80000)
  to   space 3584K, 0% used [0x000000079d380000,0x000000079d380000,0x000000079d700000)
 ParOldGen       total 173568K, used 5735K [0x00000006c2800000, 0x00000006cd180000, 0x000000076b800000)
  object space 173568K, 3% used [0x00000006c2800000,0x00000006c2d99c38,0x00000006cd180000)
 Metaspace       used 8300K, capacity 8710K, committed 8960K, reserved 1056768K
  class space    used 660K, capacity 690K, committed 768K, reserved 1048576K
}
Event: 4.008 GC heap before
{Heap before GC invocations=17 (full 0):
 PSYoungGen      total 625664K, used 625376K [0x000000076b800000, 0x000000079da80000, 0x00000007c0000000)
  eden space 625152K, 100% used [0x000000076b800000,0x0000000791a80000,0x0000000791a80000)
  from space 512K, 43% used [0x000000079da00000,0x000000079da38000,0x000000079da80000)
  to   space 3584K, 0% used [0x000000079d380000,0x000000079d380000,0x000000079d700000)
 ParOldGen       total 173568K, used 5735K [0x00000006c2800000, 0x00000006cd180000, 0x000000076b800000)
  object space 173568K, 3% used [0x00000006c2800000,0x00000006c2d99c38,0x00000006cd180000)
 Metaspace       used 8301K, capacity 8710K, committed 8960K, reserved 1056768K
  class space    used 660K, capacity 690K, committed 768K, reserved 1048576K
Event: 4.009 GC heap after
Heap after GC invocations=17 (full 0):
 PSYoungGen      total 600576K, used 128K [0x000000076b800000, 0x000000079da80000, 0x00000007c0000000)
  eden space 596992K, 0% used [0x000000076b800000,0x000000076b800000,0x000000078ff00000)
  from space 3584K, 3% used [0x000000079d380000,0x000000079d3a0000,0x000000079d700000)
  to   space 3584K, 0% used [0x000000079d700000,0x000000079d700000,0x000000079da80000)
 ParOldGen       total 173568K, used 5743K [0x00000006c2800000, 0x00000006cd180000, 0x000000076b800000)
  object space 173568K, 3% used [0x00000006c2800000,0x00000006c2d9bc38,0x00000006cd180000)
 Metaspace       used 8301K, capacity 8710K, committed 8960K, reserved 1056768K
  class space    used 660K, capacity 690K, committed 768K, reserved 1048576K
}
Event: 4.266 GC heap before
{Heap before GC invocations=18 (full 0):
 PSYoungGen      total 600576K, used 597120K [0x000000076b800000, 0x000000079da80000, 0x00000007c0000000)
  eden space 596992K, 100% used [0x000000076b800000,0x000000078ff00000,0x000000078ff00000)
  from space 3584K, 3% used [0x000000079d380000,0x000000079d3a0000,0x000000079d700000)
  to   space 3584K, 0% used [0x000000079d700000,0x000000079d700000,0x000000079da80000)
 ParOldGen       total 173568K, used 5743K [0x00000006c2800000, 0x00000006cd180000, 0x000000076b800000)
  object space 173568K, 3% used [0x00000006c2800000,0x00000006c2d9bc38,0x00000006cd180000)
 Metaspace       used 8301K, capacity 8710K, committed 8960K, reserved 1056768K
  class space    used 660K, capacity 690K, committed 768K, reserved 1048576K
Event: 4.266 GC heap after
Heap after GC invocations=18 (full 0):
 PSYoungGen      total 570880K, used 96K [0x000000076b800000, 0x000000079d780000, 0x00000007c0000000)
  eden space 570368K, 0% used [0x000000076b800000,0x000000076b800000,0x000000078e500000)
  from space 512K, 18% used [0x000000079d700000,0x000000079d718000,0x000000079d780000)
  to   space 3584K, 0% used [0x000000079d080000,0x000000079d080000,0x000000079d400000)
 ParOldGen       total 173568K, used 5743K [0x00000006c2800000, 0x00000006cd180000, 0x000000076b800000)
  object space 173568K, 3% used [0x00000006c2800000,0x00000006c2d9bc38,0x00000006cd180000)
 Metaspace       used 8301K, capacity 8710K, committed 8960K, reserved 1056768K
  class space    used 660K, capacity 690K, committed 768K, reserved 1048576K
}
Event: 4.584 GC heap before
{Heap before GC invocations=19 (full 0):
 PSYoungGen      total 570880K, used 570464K [0x000000076b800000, 0x000000079d780000, 0x00000007c0000000)
  eden space 570368K, 100% used [0x000000076b800000,0x000000078e500000,0x000000078e500000)
  from space 512K, 18% used [0x000000079d700000,0x000000079d718000,0x000000079d780000)
  to   space 3584K, 0% used [0x000000079d080000,0x000000079d080000,0x000000079d400000)
 ParOldGen       total 173568K, used 5743K [0x00000006c2800000, 0x00000006cd180000, 0x000000076b800000)
  object space 173568K, 3% used [0x00000006c2800000,0x00000006c2d9bc38,0x00000006cd180000)
 Metaspace       used 8302K, capacity 8710K, committed 8960K, reserved 1056768K
  class space    used 660K, capacity 690K, committed 768K, reserved 1048576K
Event: 4.585 GC heap after
Heap after GC invocations=19 (full 0):
 PSYoungGen      total 548864K, used 224K [0x000000076b800000, 0x000000079d780000, 0x00000007c0000000)
  eden space 545280K, 0% used [0x000000076b800000,0x000000076b800000,0x000000078cc80000)
  from space 3584K, 6% used [0x000000079d080000,0x000000079d0b8000,0x000000079d400000)
  to   space 3072K, 0% used [0x000000079d480000,0x000000079d480000,0x000000079d780000)
 ParOldGen       total 173568K, used 5743K [0x00000006c2800000, 0x00000006cd180000, 0x000000076b800000)
  object space 173568K, 3% used [0x00000006c2800000,0x00000006c2d9bc38,0x00000006cd180000)
 Metaspace       used 8302K, capacity 8710K, committed 8960K, reserved 1056768K
  class space    used 660K, capacity 690K, committed 768K, reserved 1048576K
}
Event: 4.823 GC heap before
{Heap before GC invocations=20 (full 0):
 PSYoungGen      total 548864K, used 545504K [0x000000076b800000, 0x000000079d780000, 0x00000007c0000000)
  eden space 545280K, 100% used [0x000000076b800000,0x000000078cc80000,0x000000078cc80000)
  from space 3584K, 6% used [0x000000079d080000,0x000000079d0b8000,0x000000079d400000)
  to   space 3072K, 0% used [0x000000079d480000,0x000000079d480000,0x000000079d780000)
 ParOldGen       total 173568K, used 5743K [0x00000006c2800000, 0x00000006cd180000, 0x000000076b800000)
  object space 173568K, 3% used [0x00000006c2800000,0x00000006c2d9bc38,0x00000006cd180000)
 Metaspace       used 8302K, capacity 8710K, committed 8960K, reserved 1056768K
  class space    used 660K, capacity 690K, committed 768K, reserved 1048576K
Event: 4.824 GC heap after
Heap after GC invocations=20 (full 0):
 PSYoungGen      total 521728K, used 192K [0x000000076b800000, 0x000000079d500000, 0x00000007c0000000)
  eden space 521216K, 0% used [0x000000076b800000,0x000000076b800000,0x000000078b500000)
  from space 512K, 37% used [0x000000079d480000,0x000000079d4b0000,0x000000079d500000)
  to   space 3072K, 0% used [0x000000079cf00000,0x000000079cf00000,0x000000079d200000)
 ParOldGen       total 173568K, used 5743K [0x00000006c2800000, 0x00000006cd180000, 0x000000076b800000)
  object space 173568K, 3% used [0x00000006c2800000,0x00000006c2d9bc38,0x00000006cd180000)
 Metaspace       used 8302K, capacity 8710K, committed 8960K, reserved 1056768K
  class space    used 660K, capacity 690K, committed 768K, reserved 1048576K
}

