# JRE version: Java(TM) SE Runtime Environment (8.0_65-b17) (build 1.8.0_65-b17)
# Java VM: Java HotSpot(TM) 64-Bit Server VM (25.65-b01 mixed mode windows-amd64 compressed oops)
Heap:
 PSYoungGen      total 42496K, used 24652K [0x000000076b800000, 0x00000007b9e80000, 0x00000007c0000000)
  eden space 41984K, 58% used [0x000000076b800000,0x000000076d00b1f8,0x000000076e100000)
  from space 512K, 6% used [0x00000007b9e00000,0x00000007b9e08000,0x00000007b9e80000)
  to   space 512K, 0% used [0x00000007b9d80000,0x00000007b9d80000,0x00000007b9e00000)
 ParOldGen       total 173568K, used 32908K [0x00000006c2800000, 0x00000006cd180000, 0x000000076b800000)
  object space 173568K, 18% used [0x00000006c2800000,0x00000006c4823060,0x00000006cd180000)
 Metaspace       used 8330K, capacity 8710K, committed 8960K, reserved 1056768K
  class space    used 656K, capacity 690K, committed 768K, reserved 1048576K
GC Heap History (10 events):
Event: 88.702 GC heap before
{Heap before GC invocations=1052 (full 0):
 PSYoungGen      total 45056K, used 44576K [0x000000076b800000, 0x00000007b9e80000, 0x00000007c0000000)
  eden space 44544K, 100% used [0x000000076b800000,0x000000076e380000,0x000000076e380000)
  from space 512K, 6% used [0x00000007b9d80000,0x00000007b9d88000,0x00000007b9e00000)
  to   space 512K, 0% used [0x00000007b9e00000,0x00000007b9e00000,0x00000007b9e80000)
 ParOldGen       total 173568K, used 32892K [0x00000006c2800000, 0x00000006cd180000, 0x000000076b800000)
  object space 173568K, 18% used [0x00000006c2800000,0x00000006c481f060,0x00000006cd180000)
 Metaspace       used 8329K, capacity 8710K, committed 8960K, reserved 1056768K
  class space    used 656K, capacity 690K, committed 768K, reserved 1048576K
Event: 88.703 GC heap after
Heap after GC invocations=1052 (full 0):
 PSYoungGen      total 44544K, used 32K [0x000000076b800000, 0x00000007b9e80000, 0x00000007c0000000)
  eden space 44032K, 0% used [0x000000076b800000,0x000000076b800000,0x000000076e300000)
  from space 512K, 6% used [0x00000007b9e00000,0x00000007b9e08000,0x00000007b9e80000)
  to   space 512K, 0% used [0x00000007b9d80000,0x00000007b9d80000,0x00000007b9e00000)
 ParOldGen       total 173568K, used 32892K [0x00000006c2800000, 0x00000006cd180000, 0x000000076b800000)
  object space 173568K, 18% used [0x00000006c2800000,0x00000006c481f060,0x00000006cd180000)
 Metaspace       used 8329K, capacity 8710K, committed 8960K, reserved 1056768K
  class space    used 656K, capacity 690K, committed 768K, reserved 1048576K
}
Event: 88.772 GC heap before
{Heap before GC invocations=1053 (full 0):
 PSYoungGen      total 44544K, used 44064K [0x000000076b800000, 0x00000007b9e80000, 0x00000007c0000000)
  eden space 44032K, 100% used [0x000000076b800000,0x000000076e300000,0x000000076e300000)
  from space 512K, 6% used [0x00000007b9e00000,0x00000007b9e08000,0x00000007b9e80000)
  to   space 512K, 0% used [0x00000007b9d80000,0x00000007b9d80000,0x00000007b9e00000)
 ParOldGen       total 173568K, used 32892K [0x00000006c2800000, 0x00000006cd180000, 0x000000076b800000)
  object space 173568K, 18% used [0x00000006c2800000,0x00000006c481f060,0x00000006cd180000)
 Metaspace       used 8329K, capacity 8710K, committed 8960K, reserved 1056768K
  class space    used 656K, capacity 690K, committed 768K, reserved 1048576K
Event: 88.772 GC heap after
Heap after GC invocations=1053 (full 0):
 PSYoungGen      total 44032K, used 96K [0x000000076b800000, 0x00000007b9e80000, 0x00000007c0000000)
  eden space 43520K, 0% used [0x000000076b800000,0x000000076b800000,0x000000076e280000)
  from space 512K, 18% used [0x00000007b9d80000,0x00000007b9d98000,0x00000007b9e00000)
  to   space 512K, 0% used [0x00000007b9e00000,0x00000007b9e00000,0x00000007b9e80000)
 ParOldGen       total 173568K, used 32892K [0x00000006c2800000, 0x00000006cd180000, 0x000000076b800000)
  object space 173568K, 18% used [0x00000006c2800000,0x00000006c481f060,0x00000006cd180000)
 Metaspace       used 8329K, capacity 8710K, committed 8960K, reserved 1056768K
  class space    used 656K, capacity 690K, committed 768K, reserved 1048576K
}
Event: 88.839 GC heap before
{Heap before GC invocations=1054 (full 0):
 PSYoungGen      total 44032K, used 43616K [0x000000076b800000, 0x00000007b9e80000, 0x00000007c0000000)
  eden space 43520K, 100% used [0x000000076b800000,0x000000076e280000,0x000000076e280000)
  from space 512K, 18% used [0x00000007b9d80000,0x00000007b9d98000,0x00000007b9e00000)
  to   space 512K, 0% used [0x00000007b9e00000,0x00000007b9e00000,0x00000007b9e80000)
 ParOldGen       total 173568K, used 32892K [0x00000006c2800000, 0x00000006cd180000, 0x000000076b800000)
  object space 173568K, 18% used [0x00000006c2800000,0x00000006c481f060,0x00000006cd180000)
 Metaspace       used 8329K, capacity 8710K, committed 8960K, reserved 1056768K
  class space    used 656K, capacity 690K, committed 768K, reserved 1048576K
Event: 88.840 GC heap after
Heap after GC invocations=1054 (full 0):
 PSYoungGen      total 43520K, used 64K [0x000000076b800000, 0x00000007b9e80000, 0x00000007c0000000)
  eden space 43008K, 0% used [0x000000076b800000,0x000000076b800000,0x000000076e200000)
  from space 512K, 12% used [0x00000007b9e00000,0x00000007b9e10000,0x00000007b9e80000)
  to   space 512K, 0% used [0x00000007b9d80000,0x00000007b9d80000,0x00000007b9e00000)
 ParOldGen       total 173568K, used 32908K [0x00000006c2800000, 0x00000006cd180000, 0x000000076b800000)
  object space 173568K, 18% used [0x00000006c2800000,0x00000006c4823060,0x00000006cd180000)
 Metaspace       used 8329K, capacity 8710K, committed 8960K, reserved 1056768K
  class space    used 656K, capacity 690K, committed 768K, reserved 1048576K
}
Event: 88.891 GC heap before
{Heap before GC invocations=1055 (full 0):
 PSYoungGen      total 43520K, used 43072K [0x000000076b800000, 0x00000007b9e80000, 0x00000007c0000000)
  eden space 43008K, 100% used [0x000000076b800000,0x000000076e200000,0x000000076e200000)
  from space 512K, 12% used [0x00000007b9e00000,0x00000007b9e10000,0x00000007b9e80000)
  to   space 512K, 0% used [0x00000007b9d80000,0x00000007b9d80000,0x00000007b9e00000)
 ParOldGen       total 173568K, used 32908K [0x00000006c2800000, 0x00000006cd180000, 0x000000076b800000)
  object space 173568K, 18% used [0x00000006c2800000,0x00000006c4823060,0x00000006cd180000)
 Metaspace       used 8329K, capacity 8710K, committed 8960K, reserved 1056768K
  class space    used 656K, capacity 690K, committed 768K, reserved 1048576K
Event: 88.891 GC heap after
Heap after GC invocations=1055 (full 0):
 PSYoungGen      total 43008K, used 32K [0x000000076b800000, 0x00000007b9e80000, 0x00000007c0000000)
  eden space 42496K, 0% used [0x000000076b800000,0x000000076b800000,0x000000076e180000)
  from space 512K, 6% used [0x00000007b9d80000,0x00000007b9d88000,0x00000007b9e00000)
  to   space 512K, 0% used [0x00000007b9e00000,0x00000007b9e00000,0x00000007b9e80000)
 ParOldGen       total 173568K, used 32908K [0x00000006c2800000, 0x00000006cd180000, 0x000000076b800000)
  object space 173568K, 18% used [0x00000006c2800000,0x00000006c4823060,0x00000006cd180000)
 Metaspace       used 8329K, capacity 8710K, committed 8960K, reserved 1056768K
  class space    used 656K, capacity 690K, committed 768K, reserved 1048576K
}
Event: 88.959 GC heap before
{Heap before GC invocations=1056 (full 0):
 PSYoungGen      total 43008K, used 42528K [0x000000076b800000, 0x00000007b9e80000, 0x00000007c0000000)
  eden space 42496K, 100% used [0x000000076b800000,0x000000076e180000,0x000000076e180000)
  from space 512K, 6% used [0x00000007b9d80000,0x00000007b9d88000,0x00000007b9e00000)
  to   space 512K, 0% used [0x00000007b9e00000,0x00000007b9e00000,0x00000007b9e80000)
 ParOldGen       total 173568K, used 32908K [0x00000006c2800000, 0x00000006cd180000, 0x000000076b800000)
  object space 173568K, 18% used [0x00000006c2800000,0x00000006c4823060,0x00000006cd180000)
 Metaspace       used 8329K, capacity 8710K, committed 8960K, reserved 1056768K
  class space    used 656K, capacity 690K, committed 768K, reserved 1048576K
Event: 88.959 GC heap after
Heap after GC invocations=1056 (full 0):
 PSYoungGen      total 42496K, used 32K [0x000000076b800000, 0x00000007b9e80000, 0x00000007c0000000)
  eden space 41984K, 0% used [0x000000076b800000,0x000000076b800000,0x000000076e100000)
  from space 512K, 6% used [0x00000007b9e00000,0x00000007b9e08000,0x00000007b9e80000)
  to   space 512K, 0% used [0x00000007b9d80000,0x00000007b9d80000,0x00000007b9e00000)
 ParOldGen       total 173568K, used 32908K [0x00000006c2800000, 0x00000006cd180000, 0x000000076b800000)
  object space 173568K, 18% used [0x00000006c2800000,0x00000006c4823060,0x00000006cd180000)
 Metaspace       used 8329K, capacity 8710K, committed 8960K, reserved 1056768K
  class space    used 656K, capacity 690K, committed 768K, reserved 1048576K
}

