# JRE version: Java(TM) SE Runtime Environment (8.0_65-b17) (build 1.8.0_65-b17)
# Java VM: Java HotSpot(TM) 64-Bit Server VM (25.65-b01 mixed mode windows-amd64 compressed oops)
Heap:
 PSYoungGen      total 1191424K, used 181927K [0x000000076b800000, 0x00000007bbb80000, 0x00000007c0000000)
  eden space 1190912K, 15% used [0x000000076b800000,0x0000000776969cc8,0x00000007b4300000)
  from space 512K, 50% used [0x00000007bbb00000,0x00000007bbb40000,0x00000007bbb80000)
  to   space 8704K, 0% used [0x00000007baa80000,0x00000007baa80000,0x00000007bb300000)
 ParOldGen       total 173568K, used 15679K [0x00000006c2800000, 0x00000006cd180000, 0x000000076b800000)
  object space 173568K, 9% used [0x00000006c2800000,0x00000006c374ff98,0x00000006cd180000)
 Metaspace       used 8333K, capacity 8710K, committed 8960K, reserved 1056768K
  class space    used 658K, capacity 690K, committed 768K, reserved 1048576K
GC Heap History (10 events):
Event: 2.110 GC heap before
{Heap before GC invocations=10 (full 0):
 PSYoungGen      total 522752K, used 513408K [0x000000076b800000, 0x000000079ec00000, 0x00000007c0000000)
  eden space 512512K, 100% used [0x000000076b800000,0x000000078ac80000,0x000000078ac80000)
  from space 10240K, 8% used [0x000000078ac80000,0x000000078ad60000,0x000000078b680000)
  to   space 9728K, 0% used [0x000000079e280000,0x000000079e280000,0x000000079ec00000)
 ParOldGen       total 173568K, used 14827K [0x00000006c2800000, 0x00000006cd180000, 0x000000076b800000)
  object space 173568K, 8% used [0x00000006c2800000,0x00000006c367af88,0x00000006cd180000)
 Metaspace       used 8265K, capacity 8646K, committed 8960K, reserved 1056768K
  class space    used 658K, capacity 690K, committed 768K, reserved 1048576K
Event: 2.112 GC heap after
Heap after GC invocations=10 (full 0):
 PSYoungGen      total 829952K, used 256K [0x000000076b800000, 0x000000079ec00000, 0x00000007c0000000)
  eden space 820224K, 0% used [0x000000076b800000,0x000000076b800000,0x000000079d900000)
  from space 9728K, 2% used [0x000000079e280000,0x000000079e2c0000,0x000000079ec00000)
  to   space 9728K, 0% used [0x000000079d900000,0x000000079d900000,0x000000079e280000)
 ParOldGen       total 173568K, used 15591K [0x00000006c2800000, 0x00000006cd180000, 0x000000076b800000)
  object space 173568K, 8% used [0x00000006c2800000,0x00000006c3739f98,0x00000006cd180000)
 Metaspace       used 8265K, capacity 8646K, committed 8960K, reserved 1056768K
  class space    used 658K, capacity 690K, committed 768K, reserved 1048576K
}
Event: 2.902 GC heap before
{Heap before GC invocations=11 (full 0):
 PSYoungGen      total 829952K, used 820480K [0x000000076b800000, 0x000000079ec00000, 0x00000007c0000000)
  eden space 820224K, 100% used [0x000000076b800000,0x000000079d900000,0x000000079d900000)
  from space 9728K, 2% used [0x000000079e280000,0x000000079e2c0000,0x000000079ec00000)
  to   space 9728K, 0% used [0x000000079d900000,0x000000079d900000,0x000000079e280000)
 ParOldGen       total 173568K, used 15591K [0x00000006c2800000, 0x00000006cd180000, 0x000000076b800000)
  object space 173568K, 8% used [0x00000006c2800000,0x00000006c3739f98,0x00000006cd180000)
 Metaspace       used 8281K, capacity 8646K, committed 8960K, reserved 1056768K
  class space    used 658K, capacity 690K, committed 768K, reserved 1048576K
Event: 2.903 GC heap after
Heap after GC invocations=11 (full 0):
 PSYoungGen      total 829952K, used 224K [0x000000076b800000, 0x00000007bcc00000, 0x00000007c0000000)
  eden space 820224K, 0% used [0x000000076b800000,0x000000076b800000,0x000000079d900000)
  from space 9728K, 2% used [0x000000079d900000,0x000000079d938000,0x000000079e280000)
  to   space 9216K, 0% used [0x00000007bc300000,0x00000007bc300000,0x00000007bcc00000)
 ParOldGen       total 173568K, used 15655K [0x00000006c2800000, 0x00000006cd180000, 0x000000076b800000)
  object space 173568K, 9% used [0x00000006c2800000,0x00000006c3749f98,0x00000006cd180000)
 Metaspace       used 8281K, capacity 8646K, committed 8960K, reserved 1056768K
  class space    used 658K, capacity 690K, committed 768K, reserved 1048576K
}
Event: 3.723 GC heap before
{Heap before GC invocations=12 (full 0):
 PSYoungGen      total 829952K, used 820448K [0x000000076b800000, 0x00000007bcc00000, 0x00000007c0000000)
  eden space 820224K, 100% used [0x000000076b800000,0x000000079d900000,0x000000079d900000)
  from space 9728K, 2% used [0x000000079d900000,0x000000079d938000,0x000000079e280000)
  to   space 9216K, 0% used [0x00000007bc300000,0x00000007bc300000,0x00000007bcc00000)
 ParOldGen       total 173568K, used 15655K [0x00000006c2800000, 0x00000006cd180000, 0x000000076b800000)
  object space 173568K, 9% used [0x00000006c2800000,0x00000006c3749f98,0x00000006cd180000)
 Metaspace       used 8304K, capacity 8710K, committed 8960K, reserved 1056768K
  class space    used 658K, capacity 690K, committed 768K, reserved 1048576K
Event: 3.723 GC heap after
Heap after GC invocations=12 (full 0):
 PSYoungGen      total 1321984K, used 192K [0x000000076b800000, 0x00000007bcc00000, 0x00000007c0000000)
  eden space 1312768K, 0% used [0x000000076b800000,0x000000076b800000,0x00000007bba00000)
  from space 9216K, 2% used [0x00000007bc300000,0x00000007bc330000,0x00000007bcc00000)
  to   space 9216K, 0% used [0x00000007bba00000,0x00000007bba00000,0x00000007bc300000)
 ParOldGen       total 173568K, used 15663K [0x00000006c2800000, 0x00000006cd180000, 0x000000076b800000)
  object space 173568K, 9% used [0x00000006c2800000,0x00000006c374bf98,0x00000006cd180000)
 Metaspace       used 8304K, capacity 8710K, committed 8960K, reserved 1056768K
  class space    used 658K, capacity 690K, committed 768K, reserved 1048576K
}
Event: 5.127 GC heap before
{Heap before GC invocations=13 (full 0):
 PSYoungGen      total 1321984K, used 1312960K [0x000000076b800000, 0x00000007bcc00000, 0x00000007c0000000)
  eden space 1312768K, 100% used [0x000000076b800000,0x00000007bba00000,0x00000007bba00000)
  from space 9216K, 2% used [0x00000007bc300000,0x00000007bc330000,0x00000007bcc00000)
  to   space 9216K, 0% used [0x00000007bba00000,0x00000007bba00000,0x00000007bc300000)
 ParOldGen       total 173568K, used 15663K [0x00000006c2800000, 0x00000006cd180000, 0x000000076b800000)
  object space 173568K, 9% used [0x00000006c2800000,0x00000006c374bf98,0x00000006cd180000)
 Metaspace       used 8312K, capacity 8710K, committed 8960K, reserved 1056768K
  class space    used 658K, capacity 690K, committed 768K, reserved 1048576K
Event: 5.128 GC heap after
Heap after GC invocations=13 (full 0):
 PSYoungGen      total 1250816K, used 192K [0x000000076b800000, 0x00000007bc380000, 0x00000007c0000000)
  eden space 1250304K, 0% used [0x000000076b800000,0x000000076b800000,0x00000007b7d00000)
  from space 512K, 37% used [0x00000007bba00000,0x00000007bba30000,0x00000007bba80000)
  to   space 8704K, 0% used [0x00000007bbb00000,0x00000007bbb00000,0x00000007bc380000)
 ParOldGen       total 173568K, used 15679K [0x00000006c2800000, 0x00000006cd180000, 0x000000076b800000)
  object space 173568K, 9% used [0x00000006c2800000,0x00000006c374ff98,0x00000006cd180000)
 Metaspace       used 8312K, capacity 8710K, committed 8960K, reserved 1056768K
  class space    used 658K, capacity 690K, committed 768K, reserved 1048576K
}
Event: 6.469 GC heap before
{Heap before GC invocations=14 (full 0):
 PSYoungGen      total 1250816K, used 1250496K [0x000000076b800000, 0x00000007bc380000, 0x00000007c0000000)
  eden space 1250304K, 100% used [0x000000076b800000,0x00000007b7d00000,0x00000007b7d00000)
  from space 512K, 37% used [0x00000007bba00000,0x00000007bba30000,0x00000007bba80000)
  to   space 8704K, 0% used [0x00000007bbb00000,0x00000007bbb00000,0x00000007bc380000)
 ParOldGen       total 173568K, used 15679K [0x00000006c2800000, 0x00000006cd180000, 0x000000076b800000)
  object space 173568K, 9% used [0x00000006c2800000,0x00000006c374ff98,0x00000006cd180000)
 Metaspace       used 8333K, capacity 8710K, committed 8960K, reserved 1056768K
  class space    used 658K, capacity 690K, committed 768K, reserved 1048576K
Event: 6.470 GC heap after
Heap after GC invocations=14 (full 0):
 PSYoungGen      total 1191424K, used 256K [0x000000076b800000, 0x00000007bbb80000, 0x00000007c0000000)
  eden space 1190912K, 0% used [0x000000076b800000,0x000000076b800000,0x00000007b4300000)
  from space 512K, 50% used [0x00000007bbb00000,0x00000007bbb40000,0x00000007bbb80000)
  to   space 8704K, 0% used [0x00000007baa80000,0x00000007baa80000,0x00000007bb300000)
 ParOldGen       total 173568K, used 15679K [0x00000006c2800000, 0x00000006cd180000, 0x000000076b800000)
  object space 173568K, 9% used [0x00000006c2800000,0x00000006c374ff98,0x00000006cd180000)
 Metaspace       used 8333K, capacity 8710K, committed 8960K, reserved 1056768K
  class space    used 658K, capacity 690K, committed 768K, reserved 1048576K
}

