# JRE version: Java(TM) SE Runtime Environment (8.0_65-b17) (build 1.8.0_65-b17)
# Java VM: Java HotSpot(TM) 64-Bit Server VM (25.65-b01 mixed mode windows-amd64 compressed oops)
Heap:
 PSYoungGen      total 50176K, used 17548K [0x000000076b800000, 0x000000077aa00000, 0x00000007c0000000)
  eden space 49664K, 35% used [0x000000076b800000,0x000000076c913340,0x000000076e880000)
  from space 512K, 12% used [0x000000077a900000,0x000000077a910000,0x000000077a980000)
  to   space 512K, 0% used [0x000000077a980000,0x000000077a980000,0x000000077aa00000)
 ParOldGen       total 173568K, used 1782K [0x00000006c2800000, 0x00000006cd180000, 0x000000076b800000)
  object space 173568K, 1% used [0x00000006c2800000,0x00000006c29bd9f0,0x00000006cd180000)
 Metaspace       used 8092K, capacity 8646K, committed 8960K, reserved 1056768K
  class space    used 646K, capacity 690K, committed 768K, reserved 1048576K
GC Heap History (10 events):
Event: 8.244 GC heap before
{Heap before GC invocations=91 (full 0):
 PSYoungGen      total 55296K, used 54912K [0x000000076b800000, 0x000000077aa00000, 0x00000007c0000000)
  eden space 54784K, 100% used [0x000000076b800000,0x000000076ed80000,0x000000076ed80000)
  from space 512K, 25% used [0x000000077a980000,0x000000077a9a0000,0x000000077aa00000)
  to   space 512K, 0% used [0x000000077a900000,0x000000077a900000,0x000000077a980000)
 ParOldGen       total 173568K, used 1758K [0x00000006c2800000, 0x00000006cd180000, 0x000000076b800000)
  object space 173568K, 1% used [0x00000006c2800000,0x00000006c29b79f0,0x00000006cd180000)
 Metaspace       used 8092K, capacity 8646K, committed 8960K, reserved 1056768K
  class space    used 646K, capacity 690K, committed 768K, reserved 1048576K
Event: 8.244 GC heap after
Heap after GC invocations=91 (full 0):
 PSYoungGen      total 54272K, used 160K [0x000000076b800000, 0x000000077aa00000, 0x00000007c0000000)
  eden space 53760K, 0% used [0x000000076b800000,0x000000076b800000,0x000000076ec80000)
  from space 512K, 31% used [0x000000077a900000,0x000000077a928000,0x000000077a980000)
  to   space 512K, 0% used [0x000000077a980000,0x000000077a980000,0x000000077aa00000)
 ParOldGen       total 173568K, used 1758K [0x00000006c2800000, 0x00000006cd180000, 0x000000076b800000)
  object space 173568K, 1% used [0x00000006c2800000,0x00000006c29b79f0,0x00000006cd180000)
 Metaspace       used 8092K, capacity 8646K, committed 8960K, reserved 1056768K
  class space    used 646K, capacity 690K, committed 768K, reserved 1048576K
}
Event: 8.302 GC heap before
{Heap before GC invocations=92 (full 0):
 PSYoungGen      total 54272K, used 53920K [0x000000076b800000, 0x000000077aa00000, 0x00000007c0000000)
  eden space 53760K, 100% used [0x000000076b800000,0x000000076ec80000,0x000000076ec80000)
  from space 512K, 31% used [0x000000077a900000,0x000000077a928000,0x000000077a980000)
  to   space 512K, 0% used [0x000000077a980000,0x000000077a980000,0x000000077aa00000)
 ParOldGen       total 173568K, used 1758K [0x00000006c2800000, 0x00000006cd180000, 0x000000076b800000)
  object space 173568K, 1% used [0x00000006c2800000,0x00000006c29b79f0,0x00000006cd180000)
 Metaspace       used 8092K, capacity 8646K, committed 8960K, reserved 1056768K
  class space    used 646K, capacity 690K, committed 768K, reserved 1048576K
Event: 8.303 GC heap after
Heap after GC invocations=92 (full 0):
 PSYoungGen      total 53248K, used 128K [0x000000076b800000, 0x000000077aa00000, 0x00000007c0000000)
  eden space 52736K, 0% used [0x000000076b800000,0x000000076b800000,0x000000076eb80000)
  from space 512K, 25% used [0x000000077a980000,0x000000077a9a0000,0x000000077aa00000)
  to   space 512K, 0% used [0x000000077a900000,0x000000077a900000,0x000000077a980000)
 ParOldGen       total 173568K, used 1758K [0x00000006c2800000, 0x00000006cd180000, 0x000000076b800000)
  object space 173568K, 1% used [0x00000006c2800000,0x00000006c29b79f0,0x00000006cd180000)
 Metaspace       used 8092K, capacity 8646K, committed 8960K, reserved 1056768K
  class space    used 646K, capacity 690K, committed 768K, reserved 1048576K
}
Event: 8.361 GC heap before
{Heap before GC invocations=93 (full 0):
 PSYoungGen      total 53248K, used 52864K [0x000000076b800000, 0x000000077aa00000, 0x00000007c0000000)
  eden space 52736K, 100% used [0x000000076b800000,0x000000076eb80000,0x000000076eb80000)
  from space 512K, 25% used [0x000000077a980000,0x000000077a9a0000,0x000000077aa00000)
  to   space 512K, 0% used [0x000000077a900000,0x000000077a900000,0x000000077a980000)
 ParOldGen       total 173568K, used 1758K [0x00000006c2800000, 0x00000006cd180000, 0x000000076b800000)
  object space 173568K, 1% used [0x00000006c2800000,0x00000006c29b79f0,0x00000006cd180000)
 Metaspace       used 8092K, capacity 8646K, committed 8960K, reserved 1056768K
  class space    used 646K, capacity 690K, committed 768K, reserved 1048576K
Event: 8.362 GC heap after
Heap after GC invocations=93 (full 0):
 PSYoungGen      total 52224K, used 160K [0x000000076b800000, 0x000000077aa00000, 0x00000007c0000000)
  eden space 51712K, 0% used [0x000000076b800000,0x000000076b800000,0x000000076ea80000)
  from space 512K, 31% used [0x000000077a900000,0x000000077a928000,0x000000077a980000)
  to   space 512K, 0% used [0x000000077a980000,0x000000077a980000,0x000000077aa00000)
 ParOldGen       total 173568K, used 1758K [0x00000006c2800000, 0x00000006cd180000, 0x000000076b800000)
  object space 173568K, 1% used [0x00000006c2800000,0x00000006c29b79f0,0x00000006cd180000)
 Metaspace       used 8092K, capacity 8646K, committed 8960K, reserved 1056768K
  class space    used 646K, capacity 690K, committed 768K, reserved 1048576K
}
Event: 8.417 GC heap before
{Heap before GC invocations=94 (full 0):
 PSYoungGen      total 52224K, used 51872K [0x000000076b800000, 0x000000077aa00000, 0x00000007c0000000)
  eden space 51712K, 100% used [0x000000076b800000,0x000000076ea80000,0x000000076ea80000)
  from space 512K, 31% used [0x000000077a900000,0x000000077a928000,0x000000077a980000)
  to   space 512K, 0% used [0x000000077a980000,0x000000077a980000,0x000000077aa00000)
 ParOldGen       total 173568K, used 1758K [0x00000006c2800000, 0x00000006cd180000, 0x000000076b800000)
  object space 173568K, 1% used [0x00000006c2800000,0x00000006c29b79f0,0x00000006cd180000)
 Metaspace       used 8092K, capacity 8646K, committed 8960K, reserved 1056768K
  class space    used 646K, capacity 690K, committed 768K, reserved 1048576K
Event: 8.418 GC heap after
Heap after GC invocations=94 (full 0):
 PSYoungGen      total 51200K, used 192K [0x000000076b800000, 0x000000077aa00000, 0x00000007c0000000)
  eden space 50688K, 0% used [0x000000076b800000,0x000000076b800000,0x000000076e980000)
  from space 512K, 37% used [0x000000077a980000,0x000000077a9b0000,0x000000077aa00000)
  to   space 512K, 0% used [0x000000077a900000,0x000000077a900000,0x000000077a980000)
 ParOldGen       total 173568K, used 1758K [0x00000006c2800000, 0x00000006cd180000, 0x000000076b800000)
  object space 173568K, 1% used [0x00000006c2800000,0x00000006c29b79f0,0x00000006cd180000)
 Metaspace       used 8092K, capacity 8646K, committed 8960K, reserved 1056768K
  class space    used 646K, capacity 690K, committed 768K, reserved 1048576K
}
Event: 8.469 GC heap before
{Heap before GC invocations=95 (full 0):
 PSYoungGen      total 51200K, used 50880K [0x000000076b800000, 0x000000077aa00000, 0x00000007c0000000)
  eden space 50688K, 100% used [0x000000076b800000,0x000000076e980000,0x000000076e980000)
  from space 512K, 37% used [0x000000077a980000,0x000000077a9b0000,0x000000077aa00000)
  to   space 512K, 0% used [0x000000077a900000,0x000000077a900000,0x000000077a980000)
 ParOldGen       total 173568K, used 1758K [0x00000006c2800000, 0x00000006cd180000, 0x000000076b800000)
  object space 173568K, 1% used [0x00000006c2800000,0x00000006c29b79f0,0x00000006cd180000)
 Metaspace       used 8092K, capacity 8646K, committed 8960K, reserved 1056768K
  class space    used 646K, capacity 690K, committed 768K, reserved 1048576K
Event: 8.469 GC heap after
Heap after GC invocations=95 (full 0):
 PSYoungGen      total 50176K, used 64K [0x000000076b800000, 0x000000077aa00000, 0x00000007c0000000)
  eden space 49664K, 0% used [0x000000076b800000,0x000000076b800000,0x000000076e880000)
  from space 512K, 12% used [0x000000077a900000,0x000000077a910000,0x000000077a980000)
  to   space 512K, 0% used [0x000000077a980000,0x000000077a980000,0x000000077aa00000)
 ParOldGen       total 173568K, used 1782K [0x00000006c2800000, 0x00000006cd180000, 0x000000076b800000)
  object space 173568K, 1% used [0x00000006c2800000,0x00000006c29bd9f0,0x00000006cd180000)
 Metaspace       used 8092K, capacity 8646K, committed 8960K, reserved 1056768K
  class space    used 646K, capacity 690K, committed 768K, reserved 1048576K
}

