# JRE version: Java(TM) SE Runtime Environment (8.0_65-b17) (build 1.8.0_65-b17)
# Java VM: Java HotSpot(TM) 64-Bit Server VM (25.65-b01 mixed mode windows-amd64 compressed oops)
Heap:
 PSYoungGen      total 664576K, used 382655K [0x000000076b800000, 0x00000007aca00000, 0x00000007c0000000)
  eden space 656384K, 58% used [0x000000076b800000,0x0000000782d77c80,0x0000000793900000)
  from space 8192K, 2% used [0x0000000793900000,0x0000000793938000,0x0000000794100000)
  to   space 8192K, 0% used [0x00000007ac200000,0x00000007ac200000,0x00000007aca00000)
 ParOldGen       total 173568K, used 17528K [0x00000006c2800000, 0x00000006cd180000, 0x000000076b800000)
  object space 173568K, 10% used [0x00000006c2800000,0x00000006c391e1c8,0x00000006cd180000)
 Metaspace       used 8391K, capacity 8806K, committed 8960K, reserved 1056768K
  class space    used 667K, capacity 722K, committed 768K, reserved 1048576K
GC Heap History (10 events):
Event: 1.060 GC heap before
{Heap before GC invocations=9 (full 0):
 PSYoungGen      total 260608K, used 260583K [0x000000076b800000, 0x000000077ba00000, 0x00000007c0000000)
  eden space 258560K, 100% used [0x000000076b800000,0x000000077b480000,0x000000077b480000)
  from space 2048K, 98% used [0x000000077b700000,0x000000077b8f9fa8,0x000000077b900000)
  to   space 2560K, 0% used [0x000000077b480000,0x000000077b480000,0x000000077b700000)
 ParOldGen       total 173568K, used 891K [0x00000006c2800000, 0x00000006cd180000, 0x000000076b800000)
  object space 173568K, 0% used [0x00000006c2800000,0x00000006c28defc8,0x00000006cd180000)
 Metaspace       used 8223K, capacity 8646K, committed 8960K, reserved 1056768K
  class space    used 659K, capacity 690K, committed 768K, reserved 1048576K
Event: 1.067 GC heap after
Heap after GC invocations=9 (full 0):
 PSYoungGen      total 261120K, used 2542K [0x000000076b800000, 0x0000000785600000, 0x00000007c0000000)
  eden space 258560K, 0% used [0x000000076b800000,0x000000076b800000,0x000000077b480000)
  from space 2560K, 99% used [0x000000077b480000,0x000000077b6fb858,0x000000077b700000)
  to   space 5120K, 0% used [0x0000000785100000,0x0000000785100000,0x0000000785600000)
 ParOldGen       total 173568K, used 6659K [0x00000006c2800000, 0x00000006cd180000, 0x000000076b800000)
  object space 173568K, 3% used [0x00000006c2800000,0x00000006c2e80fc8,0x00000006cd180000)
 Metaspace       used 8223K, capacity 8646K, committed 8960K, reserved 1056768K
  class space    used 659K, capacity 690K, committed 768K, reserved 1048576K
}
Event: 1.224 GC heap before
{Heap before GC invocations=10 (full 0):
 PSYoungGen      total 261120K, used 261102K [0x000000076b800000, 0x0000000785600000, 0x00000007c0000000)
  eden space 258560K, 100% used [0x000000076b800000,0x000000077b480000,0x000000077b480000)
  from space 2560K, 99% used [0x000000077b480000,0x000000077b6fb858,0x000000077b700000)
  to   space 5120K, 0% used [0x0000000785100000,0x0000000785100000,0x0000000785600000)
 ParOldGen       total 173568K, used 6659K [0x00000006c2800000, 0x00000006cd180000, 0x000000076b800000)
  object space 173568K, 3% used [0x00000006c2800000,0x00000006c2e80fc8,0x00000006cd180000)
 Metaspace       used 8249K, capacity 8646K, committed 8960K, reserved 1056768K
  class space    used 659K, capacity 690K, committed 768K, reserved 1048576K
Event: 1.232 GC heap after
Heap after GC invocations=10 (full 0):
 PSYoungGen      total 415232K, used 5096K [0x000000076b800000, 0x0000000785d00000, 0x00000007c0000000)
  eden space 410112K, 0% used [0x000000076b800000,0x000000076b800000,0x0000000784880000)
  from space 5120K, 99% used [0x0000000785100000,0x00000007855fa1f0,0x0000000785600000)
  to   space 8704K, 0% used [0x0000000784880000,0x0000000784880000,0x0000000785100000)
 ParOldGen       total 173568K, used 13249K [0x00000006c2800000, 0x00000006cd180000, 0x000000076b800000)
  object space 173568K, 7% used [0x00000006c2800000,0x00000006c34f0508,0x00000006cd180000)
 Metaspace       used 8249K, capacity 8646K, committed 8960K, reserved 1056768K
  class space    used 659K, capacity 690K, committed 768K, reserved 1048576K
}
Event: 1.511 GC heap before
{Heap before GC invocations=11 (full 0):
 PSYoungGen      total 415232K, used 415208K [0x000000076b800000, 0x0000000785d00000, 0x00000007c0000000)
  eden space 410112K, 100% used [0x000000076b800000,0x0000000784880000,0x0000000784880000)
  from space 5120K, 99% used [0x0000000785100000,0x00000007855fa1f0,0x0000000785600000)
  to   space 8704K, 0% used [0x0000000784880000,0x0000000784880000,0x0000000785100000)
 ParOldGen       total 173568K, used 13249K [0x00000006c2800000, 0x00000006cd180000, 0x000000076b800000)
  object space 173568K, 7% used [0x00000006c2800000,0x00000006c34f0508,0x00000006cd180000)
 Metaspace       used 8343K, capacity 8742K, committed 8960K, reserved 1056768K
  class space    used 667K, capacity 722K, committed 768K, reserved 1048576K
Event: 1.515 GC heap after
Heap after GC invocations=11 (full 0):
 PSYoungGen      total 418816K, used 256K [0x000000076b800000, 0x0000000794900000, 0x00000007c0000000)
  eden space 410112K, 0% used [0x000000076b800000,0x000000076b800000,0x0000000784880000)
  from space 8704K, 2% used [0x0000000784880000,0x00000007848c0000,0x0000000785100000)
  to   space 8192K, 0% used [0x0000000794100000,0x0000000794100000,0x0000000794900000)
 ParOldGen       total 173568K, used 17448K [0x00000006c2800000, 0x00000006cd180000, 0x000000076b800000)
  object space 173568K, 10% used [0x00000006c2800000,0x00000006c390a1c8,0x00000006cd180000)
 Metaspace       used 8343K, capacity 8742K, committed 8960K, reserved 1056768K
  class space    used 667K, capacity 722K, committed 768K, reserved 1048576K
}
Event: 1.852 GC heap before
{Heap before GC invocations=12 (full 0):
 PSYoungGen      total 418816K, used 410368K [0x000000076b800000, 0x0000000794900000, 0x00000007c0000000)
  eden space 410112K, 100% used [0x000000076b800000,0x0000000784880000,0x0000000784880000)
  from space 8704K, 2% used [0x0000000784880000,0x00000007848c0000,0x0000000785100000)
  to   space 8192K, 0% used [0x0000000794100000,0x0000000794100000,0x0000000794900000)
 ParOldGen       total 173568K, used 17448K [0x00000006c2800000, 0x00000006cd180000, 0x000000076b800000)
  object space 173568K, 10% used [0x00000006c2800000,0x00000006c390a1c8,0x00000006cd180000)
 Metaspace       used 8371K, capacity 8742K, committed 8960K, reserved 1056768K
  class space    used 667K, capacity 722K, committed 768K, reserved 1048576K
Event: 1.853 GC heap after
Heap after GC invocations=12 (full 0):
 PSYoungGen      total 664576K, used 224K [0x000000076b800000, 0x0000000794900000, 0x00000007c0000000)
  eden space 656384K, 0% used [0x000000076b800000,0x000000076b800000,0x0000000793900000)
  from space 8192K, 2% used [0x0000000794100000,0x0000000794138000,0x0000000794900000)
  to   space 8192K, 0% used [0x0000000793900000,0x0000000793900000,0x0000000794100000)
 ParOldGen       total 173568K, used 17504K [0x00000006c2800000, 0x00000006cd180000, 0x000000076b800000)
  object space 173568K, 10% used [0x00000006c2800000,0x00000006c39181c8,0x00000006cd180000)
 Metaspace       used 8371K, capacity 8742K, committed 8960K, reserved 1056768K
  class space    used 667K, capacity 722K, committed 768K, reserved 1048576K
}
Event: 2.426 GC heap before
{Heap before GC invocations=13 (full 0):
 PSYoungGen      total 664576K, used 656608K [0x000000076b800000, 0x0000000794900000, 0x00000007c0000000)
  eden space 656384K, 100% used [0x000000076b800000,0x0000000793900000,0x0000000793900000)
  from space 8192K, 2% used [0x0000000794100000,0x0000000794138000,0x0000000794900000)
  to   space 8192K, 0% used [0x0000000793900000,0x0000000793900000,0x0000000794100000)
 ParOldGen       total 173568K, used 17504K [0x00000006c2800000, 0x00000006cd180000, 0x000000076b800000)
  object space 173568K, 10% used [0x00000006c2800000,0x00000006c39181c8,0x00000006cd180000)
 Metaspace       used 8391K, capacity 8806K, committed 8960K, reserved 1056768K
  class space    used 667K, capacity 722K, committed 768K, reserved 1048576K
Event: 2.427 GC heap after
Heap after GC invocations=13 (full 0):
 PSYoungGen      total 664576K, used 224K [0x000000076b800000, 0x00000007aca00000, 0x00000007c0000000)
  eden space 656384K, 0% used [0x000000076b800000,0x000000076b800000,0x0000000793900000)
  from space 8192K, 2% used [0x0000000793900000,0x0000000793938000,0x0000000794100000)
  to   space 8192K, 0% used [0x00000007ac200000,0x00000007ac200000,0x00000007aca00000)
 ParOldGen       total 173568K, used 17528K [0x00000006c2800000, 0x00000006cd180000, 0x000000076b800000)
  object space 173568K, 10% used [0x00000006c2800000,0x00000006c391e1c8,0x00000006cd180000)
 Metaspace       used 8391K, capacity 8806K, committed 8960K, reserved 1056768K
  class space    used 667K, capacity 722K, committed 768K, reserved 1048576K
}

