# JRE version: Java(TM) SE Runtime Environment (8.0_65-b17) (build 1.8.0_65-b17)
# Java VM: Java HotSpot(TM) 64-Bit Server VM (25.65-b01 mixed mode windows-amd64 compressed oops)
Heap:
 PSYoungGen      total 875008K, used 87619K [0x000000076b800000, 0x00000007abe00000, 0x00000007c0000000)
  eden space 874496K, 9% used [0x000000076b800000,0x0000000770d58e30,0x00000007a0e00000)
  from space 512K, 43% used [0x00000007abd80000,0x00000007abdb8000,0x00000007abe00000)
  to   space 6144K, 0% used [0x00000007ab200000,0x00000007ab200000,0x00000007ab800000)
 ParOldGen       total 173568K, used 11916K [0x00000006c2800000, 0x00000006cd180000, 0x000000076b800000)
  object space 173568K, 6% used [0x00000006c2800000,0x00000006c33a3080,0x00000006cd180000)
 Metaspace       used 8360K, capacity 8774K, committed 8960K, reserved 1056768K
  class space    used 661K, capacity 690K, committed 768K, reserved 1048576K
GC Heap History (10 events):
Event: 2.295 GC heap before
{Heap before GC invocations=14 (full 0):
 PSYoungGen      total 668672K, used 661696K [0x000000076b800000, 0x00000007ad000000, 0x00000007c0000000)
  eden space 661504K, 100% used [0x000000076b800000,0x0000000793e00000,0x0000000793e00000)
  from space 7168K, 2% used [0x0000000793e00000,0x0000000793e30000,0x0000000794500000)
  to   space 7168K, 0% used [0x00000007ac900000,0x00000007ac900000,0x00000007ad000000)
 ParOldGen       total 173568K, used 11852K [0x00000006c2800000, 0x00000006cd180000, 0x000000076b800000)
  object space 173568K, 6% used [0x00000006c2800000,0x00000006c3393080,0x00000006cd180000)
 Metaspace       used 8340K, capacity 8710K, committed 8960K, reserved 1056768K
  class space    used 661K, capacity 690K, committed 768K, reserved 1048576K
Event: 2.295 GC heap after
Heap after GC invocations=14 (full 0):
 PSYoungGen      total 1065984K, used 192K [0x000000076b800000, 0x00000007ad000000, 0x00000007c0000000)
  eden space 1058816K, 0% used [0x000000076b800000,0x000000076b800000,0x00000007ac200000)
  from space 7168K, 2% used [0x00000007ac900000,0x00000007ac930000,0x00000007ad000000)
  to   space 7168K, 0% used [0x00000007ac200000,0x00000007ac200000,0x00000007ac900000)
 ParOldGen       total 173568K, used 11868K [0x00000006c2800000, 0x00000006cd180000, 0x000000076b800000)
  object space 173568K, 6% used [0x00000006c2800000,0x00000006c3397080,0x00000006cd180000)
 Metaspace       used 8340K, capacity 8710K, committed 8960K, reserved 1056768K
  class space    used 661K, capacity 690K, committed 768K, reserved 1048576K
}
Event: 2.797 GC heap before
{Heap before GC invocations=15 (full 0):
 PSYoungGen      total 1065984K, used 1059008K [0x000000076b800000, 0x00000007ad000000, 0x00000007c0000000)
  eden space 1058816K, 100% used [0x000000076b800000,0x00000007ac200000,0x00000007ac200000)
  from space 7168K, 2% used [0x00000007ac900000,0x00000007ac930000,0x00000007ad000000)
  to   space 7168K, 0% used [0x00000007ac200000,0x00000007ac200000,0x00000007ac900000)
 ParOldGen       total 173568K, used 11868K [0x00000006c2800000, 0x00000006cd180000, 0x000000076b800000)
  object space 173568K, 6% used [0x00000006c2800000,0x00000006c3397080,0x00000006cd180000)
 Metaspace       used 8347K, capacity 8774K, committed 8960K, reserved 1056768K
  class space    used 661K, capacity 690K, committed 768K, reserved 1048576K
Event: 2.797 GC heap after
Heap after GC invocations=15 (full 0):
 PSYoungGen      total 1009664K, used 224K [0x000000076b800000, 0x00000007ac980000, 0x00000007c0000000)
  eden space 1009152K, 0% used [0x000000076b800000,0x000000076b800000,0x00000007a9180000)
  from space 512K, 43% used [0x00000007ac200000,0x00000007ac238000,0x00000007ac280000)
  to   space 6656K, 0% used [0x00000007ac300000,0x00000007ac300000,0x00000007ac980000)
 ParOldGen       total 173568K, used 11868K [0x00000006c2800000, 0x00000006cd180000, 0x000000076b800000)
  object space 173568K, 6% used [0x00000006c2800000,0x00000006c3397080,0x00000006cd180000)
 Metaspace       used 8347K, capacity 8774K, committed 8960K, reserved 1056768K
  class space    used 661K, capacity 690K, committed 768K, reserved 1048576K
}
Event: 3.262 GC heap before
{Heap before GC invocations=16 (full 0):
 PSYoungGen      total 1009664K, used 1009376K [0x000000076b800000, 0x00000007ac980000, 0x00000007c0000000)
  eden space 1009152K, 100% used [0x000000076b800000,0x00000007a9180000,0x00000007a9180000)
  from space 512K, 43% used [0x00000007ac200000,0x00000007ac238000,0x00000007ac280000)
  to   space 6656K, 0% used [0x00000007ac300000,0x00000007ac300000,0x00000007ac980000)
 ParOldGen       total 173568K, used 11868K [0x00000006c2800000, 0x00000006cd180000, 0x000000076b800000)
  object space 173568K, 6% used [0x00000006c2800000,0x00000006c3397080,0x00000006cd180000)
 Metaspace       used 8351K, capacity 8774K, committed 8960K, reserved 1056768K
  class space    used 661K, capacity 690K, committed 768K, reserved 1048576K
Event: 3.263 GC heap after
Heap after GC invocations=16 (full 0):
 PSYoungGen      total 962560K, used 224K [0x000000076b800000, 0x00000007ac380000, 0x00000007c0000000)
  eden space 962048K, 0% used [0x000000076b800000,0x000000076b800000,0x00000007a6380000)
  from space 512K, 43% used [0x00000007ac300000,0x00000007ac338000,0x00000007ac380000)
  to   space 6656K, 0% used [0x00000007ab680000,0x00000007ab680000,0x00000007abd00000)
 ParOldGen       total 173568K, used 11868K [0x00000006c2800000, 0x00000006cd180000, 0x000000076b800000)
  object space 173568K, 6% used [0x00000006c2800000,0x00000006c3397080,0x00000006cd180000)
 Metaspace       used 8351K, capacity 8774K, committed 8960K, reserved 1056768K
  class space    used 661K, capacity 690K, committed 768K, reserved 1048576K
}
Event: 3.661 GC heap before
{Heap before GC invocations=17 (full 0):
 PSYoungGen      total 962560K, used 962272K [0x000000076b800000, 0x00000007ac380000, 0x00000007c0000000)
  eden space 962048K, 100% used [0x000000076b800000,0x00000007a6380000,0x00000007a6380000)
  from space 512K, 43% used [0x00000007ac300000,0x00000007ac338000,0x00000007ac380000)
  to   space 6656K, 0% used [0x00000007ab680000,0x00000007ab680000,0x00000007abd00000)
 ParOldGen       total 173568K, used 11868K [0x00000006c2800000, 0x00000006cd180000, 0x000000076b800000)
  object space 173568K, 6% used [0x00000006c2800000,0x00000006c3397080,0x00000006cd180000)
 Metaspace       used 8360K, capacity 8774K, committed 8960K, reserved 1056768K
  class space    used 661K, capacity 690K, committed 768K, reserved 1048576K
Event: 3.661 GC heap after
Heap after GC invocations=17 (full 0):
 PSYoungGen      total 923648K, used 192K [0x000000076b800000, 0x00000007ac380000, 0x00000007c0000000)
  eden space 916992K, 0% used [0x000000076b800000,0x000000076b800000,0x00000007a3780000)
  from space 6656K, 2% used [0x00000007ab680000,0x00000007ab6b0000,0x00000007abd00000)
  to   space 6144K, 0% used [0x00000007abd80000,0x00000007abd80000,0x00000007ac380000)
 ParOldGen       total 173568K, used 11908K [0x00000006c2800000, 0x00000006cd180000, 0x000000076b800000)
  object space 173568K, 6% used [0x00000006c2800000,0x00000006c33a1080,0x00000006cd180000)
 Metaspace       used 8360K, capacity 8774K, committed 8960K, reserved 1056768K
  class space    used 661K, capacity 690K, committed 768K, reserved 1048576K
}
Event: 4.076 GC heap before
{Heap before GC invocations=18 (full 0):
 PSYoungGen      total 923648K, used 917184K [0x000000076b800000, 0x00000007ac380000, 0x00000007c0000000)
  eden space 916992K, 100% used [0x000000076b800000,0x00000007a3780000,0x00000007a3780000)
  from space 6656K, 2% used [0x00000007ab680000,0x00000007ab6b0000,0x00000007abd00000)
  to   space 6144K, 0% used [0x00000007abd80000,0x00000007abd80000,0x00000007ac380000)
 ParOldGen       total 173568K, used 11908K [0x00000006c2800000, 0x00000006cd180000, 0x000000076b800000)
  object space 173568K, 6% used [0x00000006c2800000,0x00000006c33a1080,0x00000006cd180000)
 Metaspace       used 8360K, capacity 8774K, committed 8960K, reserved 1056768K
  class space    used 661K, capacity 690K, committed 768K, reserved 1048576K
Event: 4.077 GC heap after
Heap after GC invocations=18 (full 0):
 PSYoungGen      total 875008K, used 224K [0x000000076b800000, 0x00000007abe00000, 0x00000007c0000000)
  eden space 874496K, 0% used [0x000000076b800000,0x000000076b800000,0x00000007a0e00000)
  from space 512K, 43% used [0x00000007abd80000,0x00000007abdb8000,0x00000007abe00000)
  to   space 6144K, 0% used [0x00000007ab200000,0x00000007ab200000,0x00000007ab800000)
 ParOldGen       total 173568K, used 11916K [0x00000006c2800000, 0x00000006cd180000, 0x000000076b800000)
  object space 173568K, 6% used [0x00000006c2800000,0x00000006c33a3080,0x00000006cd180000)
 Metaspace       used 8360K, capacity 8774K, committed 8960K, reserved 1056768K
  class space    used 661K, capacity 690K, committed 768K, reserved 1048576K
}

